
27 Aug 2014 10:59:26|1|admin@foresee.com|DailyCatchEntry_New.php
27 Aug 2014 10:59:26|1|admin@foresee.com|DailyCatchEntry_New.php
27 Aug 2014 10:59:35|1|admin@foresee.com|DailyCatchEntry_New.php
27 Aug 2014 10:59:44|1|admin@foresee.com|DailyCatchEntry_New.php
27 Aug 2014 10:59:44|1|admin@foresee.com|DailyCatchEntry_New.php
27 Aug 2014 10:59:44|1|admin@foresee.com|DailyCatchEntry_New.php
27 Aug 2014 10:59:45|1|admin@foresee.com|DailyCatchEntry_New.php
27 Aug 2014 10:59:45|1|admin@foresee.com|CatchEntryDeclaredItem.php
27 Aug 2014 11:06:27|1|admin@foresee.com|DailyCatchEntry_New.php
27 Aug 2014 11:06:28|1|admin@foresee.com|DailyCatchEntry_New.php
27 Aug 2014 11:06:28|1|admin@foresee.com|DailyCatchEntry_New.php
27 Aug 2014 11:06:28|1|admin@foresee.com|DailyCatchEntry_New.php
27 Aug 2014 11:06:28|1|admin@foresee.com|CatchEntryDeclaredItem.php
27 Aug 2014 11:06:31|1|admin@foresee.com|DailyCatchEntry_New.php
27 Aug 2014 11:07:06|1|admin@foresee.com|DailyCatchEntry_New.php
27 Aug 2014 11:07:06|1|admin@foresee.com|DailyCatchEntry_New.php
27 Aug 2014 11:07:06|1|admin@foresee.com|DailyCatchEntry_New.php
27 Aug 2014 11:07:06|1|admin@foresee.com|DailyCatchEntry_New.php
27 Aug 2014 11:07:07|1|admin@foresee.com|CatchEntryDeclaredItem.php
27 Aug 2014 11:07:12|1|admin@foresee.com|DailyCatchEntry_New.php
27 Aug 2014 11:07:32|1|admin@foresee.com|DailyCatchEntry_New.php
27 Aug 2014 11:07:33|1|admin@foresee.com|DailyCatchEntry_New.php
27 Aug 2014 11:07:33|1|admin@foresee.com|DailyCatchEntry_New.php
27 Aug 2014 11:07:33|1|admin@foresee.com|DailyCatchEntry_New.php
27 Aug 2014 11:07:33|1|admin@foresee.com|CatchEntryDeclaredItem.php
27 Aug 2014 11:07:36|1|admin@foresee.com|DailyCatchEntry_New.php
27 Aug 2014 11:08:23|1|admin@foresee.com|DailyCatchEntry_New.php
27 Aug 2014 11:08:24|1|admin@foresee.com|DailyCatchEntry_New.php
27 Aug 2014 11:08:24|1|admin@foresee.com|DailyCatchEntry_New.php
27 Aug 2014 11:08:24|1|admin@foresee.com|DailyCatchEntry_New.php
27 Aug 2014 11:08:24|1|admin@foresee.com|CatchEntryDeclaredItem.php
27 Aug 2014 11:08:27|1|admin@foresee.com|DailyCatchEntry_New.php
27 Aug 2014 11:08:31|1|admin@foresee.com|DailyCatchEntry_New.php
27 Aug 2014 11:08:31|1|admin@foresee.com|DailyCatchEntry_New.php
27 Aug 2014 11:08:34|1|admin@foresee.com|DailyCatchEntry_New.php
27 Aug 2014 11:08:34|1|admin@foresee.com|DailyCatchEntry_New.php
27 Aug 2014 11:08:37|1|admin@foresee.com|DailyCatchEntry_New.php
27 Aug 2014 11:08:38|1|admin@foresee.com|DailyCatchEntry_New.php
27 Aug 2014 11:08:39|1|admin@foresee.com|DailyCatchEntry_New.php
27 Aug 2014 11:08:39|1|admin@foresee.com|DailyCatchEntry_New.php
27 Aug 2014 11:08:44|1|admin@foresee.com|DailyCatchEntry_New.php
27 Aug 2014 11:09:08|1|admin@foresee.com|DailyCatchEntry_New.php
27 Aug 2014 11:09:09|1|admin@foresee.com|DailyCatchEntry_New.php
27 Aug 2014 11:09:10|1|admin@foresee.com|DailyCatchEntry_New.php
27 Aug 2014 11:09:12|1|admin@foresee.com|DailyCatchEntry_New.php
27 Aug 2014 11:09:12|1|admin@foresee.com|DailyCatchEntry_New.php
27 Aug 2014 11:09:12|1|admin@foresee.com|DailyCatchEntry_New.php
27 Aug 2014 11:09:12|1|admin@foresee.com|DailyCatchEntry_New.php
27 Aug 2014 11:09:15|1|admin@foresee.com|DailyCatchEntry_New.php
27 Aug 2014 11:09:15|1|admin@foresee.com|DailyCatchEntry_New.php
27 Aug 2014 11:09:26|1|admin@foresee.com|DailyCatchEntry_New.php
27 Aug 2014 11:09:26|1|admin@foresee.com|DailyCatchEntry_New.php
27 Aug 2014 11:09:27|1|admin@foresee.com|PrintDailyCatchEntry_New.php
27 Aug 2014 11:09:28|1|admin@foresee.com|PrintCatchEntryQuality_New.php
27 Aug 2014 11:09:33|1|admin@foresee.com|DailyCatchEntry_New.php
27 Aug 2014 11:09:35|1|admin@foresee.com|DailyCatchEntry_New.php
27 Aug 2014 11:09:36|1|admin@foresee.com|DailyCatchEntry_New.php
27 Aug 2014 11:09:37|1|admin@foresee.com|DailyCatchEntry_New.php
27 Aug 2014 11:09:37|1|admin@foresee.com|DailyCatchEntry_New.php
27 Aug 2014 11:09:37|1|admin@foresee.com|DailyCatchEntry_New.php
27 Aug 2014 11:09:37|1|admin@foresee.com|CatchEntryDeclaredItem.php
27 Aug 2014 11:18:29|1|admin@foresee.com|DailyCatchEntry_New.php
27 Aug 2014 11:18:30|1|admin@foresee.com|DailyCatchEntry_New.php
27 Aug 2014 11:18:30|1|admin@foresee.com|DailyCatchEntry_New.php
27 Aug 2014 11:18:30|1|admin@foresee.com|DailyCatchEntry_New.php
27 Aug 2014 11:18:30|1|admin@foresee.com|CatchEntryDeclaredItem.php
27 Aug 2014 11:18:34|1|admin@foresee.com|DailyCatchEntry_New.php
27 Aug 2014 11:18:34|1|admin@foresee.com|DailyCatchEntry_New.php
27 Aug 2014 11:19:02|1|admin@foresee.com|DailyCatchEntry_New.php
27 Aug 2014 11:19:02|1|admin@foresee.com|DailyCatchEntry_New.php
27 Aug 2014 11:19:03|1|admin@foresee.com|DailyCatchEntry_New.php
27 Aug 2014 11:19:03|1|admin@foresee.com|DailyCatchEntry_New.php
27 Aug 2014 11:19:03|1|admin@foresee.com|CatchEntryDeclaredItem.php
27 Aug 2014 11:19:07|1|admin@foresee.com|DailyCatchEntry_New.php
27 Aug 2014 11:19:07|1|admin@foresee.com|DailyCatchEntry_New.php
27 Aug 2014 11:19:30|1|admin@foresee.com|DailyCatchEntry_New.php
27 Aug 2014 11:19:31|1|admin@foresee.com|DailyCatchEntry_New.php
27 Aug 2014 11:19:31|1|admin@foresee.com|DailyCatchEntry_New.php
27 Aug 2014 11:19:31|1|admin@foresee.com|DailyCatchEntry_New.php
27 Aug 2014 11:19:31|1|admin@foresee.com|CatchEntryDeclaredItem.php
27 Aug 2014 11:19:35|1|admin@foresee.com|DailyCatchEntry_New.php
27 Aug 2014 11:19:35|1|admin@foresee.com|DailyCatchEntry_New.php
27 Aug 2014 11:20:24|1|admin@foresee.com|DailyCatchEntry_New.php
27 Aug 2014 11:20:25|1|admin@foresee.com|DailyCatchEntry_New.php
27 Aug 2014 11:20:25|1|admin@foresee.com|DailyCatchEntry_New.php
27 Aug 2014 11:20:25|1|admin@foresee.com|DailyCatchEntry_New.php
27 Aug 2014 11:20:25|1|admin@foresee.com|CatchEntryDeclaredItem.php
27 Aug 2014 11:20:33|1|admin@foresee.com|DailyCatchEntry_New.php
27 Aug 2014 11:20:33|1|admin@foresee.com|DailyCatchEntry_New.php
27 Aug 2014 11:21:10|1|admin@foresee.com|DailyCatchEntry_New.php
27 Aug 2014 11:21:11|1|admin@foresee.com|DailyCatchEntry_New.php
27 Aug 2014 11:21:11|1|admin@foresee.com|DailyCatchEntry_New.php
27 Aug 2014 11:21:11|1|admin@foresee.com|DailyCatchEntry_New.php
27 Aug 2014 11:21:11|1|admin@foresee.com|CatchEntryDeclaredItem.php
27 Aug 2014 11:21:15|1|admin@foresee.com|DailyCatchEntry_New.php
27 Aug 2014 11:21:15|1|admin@foresee.com|DailyCatchEntry_New.php
27 Aug 2014 11:21:16|1|admin@foresee.com|DailyCatchEntry_New.php
27 Aug 2014 11:21:16|1|admin@foresee.com|DailyCatchEntry_New.php
27 Aug 2014 11:23:20|1|admin@foresee.com|DailyCatchEntry_New.php
27 Aug 2014 11:23:21|1|admin@foresee.com|DailyCatchEntry_New.php
27 Aug 2014 11:23:21|1|admin@foresee.com|DailyCatchEntry_New.php
27 Aug 2014 11:23:21|1|admin@foresee.com|DailyCatchEntry_New.php
27 Aug 2014 11:23:22|1|admin@foresee.com|CatchEntryDeclaredItem.php
27 Aug 2014 11:23:26|1|admin@foresee.com|DailyCatchEntry_New.php
27 Aug 2014 11:23:26|1|admin@foresee.com|DailyCatchEntry_New.php
27 Aug 2014 11:26:28|1|admin@foresee.com|DailyCatchEntry_New.php
27 Aug 2014 11:26:29|1|admin@foresee.com|DailyCatchEntry_New.php
27 Aug 2014 11:26:29|1|admin@foresee.com|DailyCatchEntry_New.php
27 Aug 2014 11:26:29|1|admin@foresee.com|DailyCatchEntry_New.php
27 Aug 2014 11:26:30|1|admin@foresee.com|CatchEntryDeclaredItem.php
27 Aug 2014 11:26:33|1|admin@foresee.com|DailyCatchEntry_New.php
27 Aug 2014 11:26:33|1|admin@foresee.com|DailyCatchEntry_New.php
27 Aug 2014 11:27:08|1|admin@foresee.com|DailyCatchEntry_New.php
27 Aug 2014 11:27:09|1|admin@foresee.com|DailyCatchEntry_New.php
27 Aug 2014 11:27:09|1|admin@foresee.com|DailyCatchEntry_New.php
27 Aug 2014 11:27:09|1|admin@foresee.com|DailyCatchEntry_New.php
27 Aug 2014 11:27:09|1|admin@foresee.com|CatchEntryDeclaredItem.php
27 Aug 2014 11:27:12|1|admin@foresee.com|DailyCatchEntry_New.php
27 Aug 2014 11:27:12|1|admin@foresee.com|DailyCatchEntry_New.php
27 Aug 2014 11:29:57|1|admin@foresee.com|DailyCatchEntry_New.php
27 Aug 2014 11:29:58|1|admin@foresee.com|DailyCatchEntry_New.php
27 Aug 2014 11:29:58|1|admin@foresee.com|DailyCatchEntry_New.php
27 Aug 2014 11:29:58|1|admin@foresee.com|DailyCatchEntry_New.php
27 Aug 2014 11:29:58|1|admin@foresee.com|CatchEntryDeclaredItem.php
27 Aug 2014 11:30:02|1|admin@foresee.com|DailyCatchEntry_New.php
27 Aug 2014 11:30:02|1|admin@foresee.com|DailyCatchEntry_New.php
27 Aug 2014 11:30:48|1|admin@foresee.com|DailyCatchEntry_New.php
27 Aug 2014 11:30:49|1|admin@foresee.com|DailyCatchEntry_New.php
27 Aug 2014 11:30:49|1|admin@foresee.com|DailyCatchEntry_New.php
27 Aug 2014 11:30:49|1|admin@foresee.com|DailyCatchEntry_New.php
27 Aug 2014 11:30:49|1|admin@foresee.com|CatchEntryDeclaredItem.php
27 Aug 2014 11:30:53|1|admin@foresee.com|DailyCatchEntry_New.php
27 Aug 2014 11:30:53|1|admin@foresee.com|DailyCatchEntry_New.php
27 Aug 2014 11:31:36|1|admin@foresee.com|DailyCatchEntry_New.php
27 Aug 2014 11:31:37|1|admin@foresee.com|DailyCatchEntry_New.php
27 Aug 2014 11:31:37|1|admin@foresee.com|DailyCatchEntry_New.php
27 Aug 2014 11:31:37|1|admin@foresee.com|DailyCatchEntry_New.php
27 Aug 2014 11:31:37|1|admin@foresee.com|CatchEntryDeclaredItem.php
27 Aug 2014 11:31:41|1|admin@foresee.com|DailyCatchEntry_New.php
27 Aug 2014 11:31:41|1|admin@foresee.com|DailyCatchEntry_New.php
27 Aug 2014 11:31:55|1|admin@foresee.com|DailyCatchEntry_New.php
27 Aug 2014 11:31:55|1|admin@foresee.com|DailyCatchEntry_New.php
27 Aug 2014 11:32:00|1|admin@foresee.com|DailyCatchEntry_New.php
27 Aug 2014 11:32:00|1|admin@foresee.com|DailyCatchEntry_New.php
27 Aug 2014 11:32:01|1|admin@foresee.com|DailyCatchEntry_New.php
27 Aug 2014 11:32:01|1|admin@foresee.com|DailyCatchEntry_New.php
27 Aug 2014 11:32:01|1|admin@foresee.com|CatchEntryDeclaredItem.php
27 Aug 2014 11:33:26|1|admin@foresee.com|DailyCatchEntry_New.php
27 Aug 2014 11:33:27|1|admin@foresee.com|DailyCatchEntry_New.php
27 Aug 2014 11:33:27|1|admin@foresee.com|DailyCatchEntry_New.php
27 Aug 2014 11:33:27|1|admin@foresee.com|DailyCatchEntry_New.php
27 Aug 2014 11:33:27|1|admin@foresee.com|CatchEntryDeclaredItem.php
27 Aug 2014 11:33:30|1|admin@foresee.com|DailyCatchEntry_New.php
27 Aug 2014 11:33:31|1|admin@foresee.com|DailyCatchEntry_New.php
27 Aug 2014 11:38:01|1|admin@foresee.com|DailyCatchEntry_New.php
27 Aug 2014 11:38:02|1|admin@foresee.com|DailyCatchEntry_New.php
27 Aug 2014 11:38:02|1|admin@foresee.com|DailyCatchEntry_New.php
27 Aug 2014 11:38:02|1|admin@foresee.com|DailyCatchEntry_New.php
27 Aug 2014 11:38:02|1|admin@foresee.com|CatchEntryDeclaredItem.php
27 Aug 2014 11:38:06|1|admin@foresee.com|DailyCatchEntry_New.php
27 Aug 2014 11:38:06|1|admin@foresee.com|DailyCatchEntry_New.php
27 Aug 2014 11:38:27|1|admin@foresee.com|DailyCatchEntry_New.php
27 Aug 2014 11:38:28|1|admin@foresee.com|DailyCatchEntry_New.php
27 Aug 2014 11:38:28|1|admin@foresee.com|DailyCatchEntry_New.php
27 Aug 2014 11:38:28|1|admin@foresee.com|DailyCatchEntry_New.php
27 Aug 2014 11:38:28|1|admin@foresee.com|CatchEntryDeclaredItem.php
27 Aug 2014 11:38:32|1|admin@foresee.com|DailyCatchEntry_New.php
27 Aug 2014 11:38:32|1|admin@foresee.com|DailyCatchEntry_New.php
27 Aug 2014 11:39:16|1|admin@foresee.com|DailyCatchEntry_New.php
27 Aug 2014 11:39:17|1|admin@foresee.com|DailyCatchEntry_New.php
27 Aug 2014 11:39:17|1|admin@foresee.com|DailyCatchEntry_New.php
27 Aug 2014 11:39:17|1|admin@foresee.com|DailyCatchEntry_New.php
27 Aug 2014 11:39:17|1|admin@foresee.com|CatchEntryDeclaredItem.php
27 Aug 2014 11:39:21|1|admin@foresee.com|DailyCatchEntry_New.php
27 Aug 2014 11:39:21|1|admin@foresee.com|DailyCatchEntry_New.php
27 Aug 2014 11:39:43|1|admin@foresee.com|DailyCatchEntry_New.php
27 Aug 2014 11:39:44|1|admin@foresee.com|DailyCatchEntry_New.php
27 Aug 2014 11:39:44|1|admin@foresee.com|DailyCatchEntry_New.php
27 Aug 2014 11:39:44|1|admin@foresee.com|DailyCatchEntry_New.php
27 Aug 2014 11:39:45|1|admin@foresee.com|CatchEntryDeclaredItem.php
27 Aug 2014 11:39:48|1|admin@foresee.com|DailyCatchEntry_New.php
27 Aug 2014 11:39:48|1|admin@foresee.com|DailyCatchEntry_New.php
27 Aug 2014 11:43:37|1|admin@foresee.com|DailyCatchEntry_New.php
27 Aug 2014 11:43:38|1|admin@foresee.com|DailyCatchEntry_New.php
27 Aug 2014 11:43:38|1|admin@foresee.com|DailyCatchEntry_New.php
27 Aug 2014 11:43:38|1|admin@foresee.com|DailyCatchEntry_New.php
27 Aug 2014 11:43:38|1|admin@foresee.com|CatchEntryDeclaredItem.php
27 Aug 2014 11:43:53|1|admin@foresee.com|DailyCatchEntry_New.php
27 Aug 2014 11:43:53|1|admin@foresee.com|DailyCatchEntry_New.php
27 Aug 2014 11:43:53|1|admin@foresee.com|DailyCatchEntry_New.php
27 Aug 2014 11:43:54|1|admin@foresee.com|DailyCatchEntry_New.php
27 Aug 2014 11:43:54|1|admin@foresee.com|CatchEntryDeclaredItem.php
27 Aug 2014 11:43:59|1|admin@foresee.com|DailyCatchEntry_New.php
27 Aug 2014 11:43:59|1|admin@foresee.com|DailyCatchEntry_New.php
27 Aug 2014 11:44:35|1|admin@foresee.com|DailyCatchEntry_New.php
27 Aug 2014 11:44:36|1|admin@foresee.com|DailyCatchEntry_New.php
27 Aug 2014 11:44:36|1|admin@foresee.com|DailyCatchEntry_New.php
27 Aug 2014 11:44:36|1|admin@foresee.com|DailyCatchEntry_New.php
27 Aug 2014 11:44:36|1|admin@foresee.com|CatchEntryDeclaredItem.php
27 Aug 2014 11:44:39|1|admin@foresee.com|DailyCatchEntry_New.php
27 Aug 2014 11:44:39|1|admin@foresee.com|DailyCatchEntry_New.php
27 Aug 2014 11:45:22|1|admin@foresee.com|DailyCatchEntry_New.php
27 Aug 2014 11:45:22|1|admin@foresee.com|DailyCatchEntry_New.php
27 Aug 2014 11:45:22|1|admin@foresee.com|DailyCatchEntry_New.php
27 Aug 2014 11:45:23|1|admin@foresee.com|DailyCatchEntry_New.php
27 Aug 2014 11:45:23|1|admin@foresee.com|CatchEntryDeclaredItem.php
27 Aug 2014 11:45:28|1|admin@foresee.com|DailyCatchEntry_New.php
27 Aug 2014 11:45:28|1|admin@foresee.com|DailyCatchEntry_New.php
27 Aug 2014 11:45:52|1|admin@foresee.com|DailyCatchEntry_New.php
27 Aug 2014 11:45:53|1|admin@foresee.com|DailyCatchEntry_New.php
27 Aug 2014 11:45:53|1|admin@foresee.com|DailyCatchEntry_New.php
27 Aug 2014 11:45:53|1|admin@foresee.com|DailyCatchEntry_New.php
27 Aug 2014 11:45:53|1|admin@foresee.com|CatchEntryDeclaredItem.php
27 Aug 2014 11:45:57|1|admin@foresee.com|DailyCatchEntry_New.php
27 Aug 2014 11:45:57|1|admin@foresee.com|DailyCatchEntry_New.php
27 Aug 2014 11:46:49|1|admin@foresee.com|DailyCatchEntry_New.php
27 Aug 2014 11:46:50|1|admin@foresee.com|DailyCatchEntry_New.php
27 Aug 2014 11:46:50|1|admin@foresee.com|DailyCatchEntry_New.php
27 Aug 2014 11:46:50|1|admin@foresee.com|DailyCatchEntry_New.php
27 Aug 2014 11:46:50|1|admin@foresee.com|CatchEntryDeclaredItem.php
27 Aug 2014 11:46:53|1|admin@foresee.com|DailyCatchEntry_New.php
27 Aug 2014 11:46:53|1|admin@foresee.com|DailyCatchEntry_New.php
27 Aug 2014 11:47:15|1|admin@foresee.com|DailyCatchEntry_New.php
27 Aug 2014 11:47:16|1|admin@foresee.com|DailyCatchEntry_New.php
27 Aug 2014 11:47:16|1|admin@foresee.com|DailyCatchEntry_New.php
27 Aug 2014 11:47:16|1|admin@foresee.com|DailyCatchEntry_New.php
27 Aug 2014 11:47:16|1|admin@foresee.com|CatchEntryDeclaredItem.php
27 Aug 2014 11:47:19|1|admin@foresee.com|DailyCatchEntry_New.php
27 Aug 2014 11:47:19|1|admin@foresee.com|DailyCatchEntry_New.php
27 Aug 2014 11:48:12|1|admin@foresee.com|WeightmentAfterGrading.php
27 Aug 2014 11:48:20|1|admin@foresee.com|WeighmentDataSheet.php
27 Aug 2014 11:48:21|1|admin@foresee.com|WeighmentDataSheet.php
27 Aug 2014 11:48:22|1|admin@foresee.com|WeighmentDataSheet.php
27 Aug 2014 12:05:18|1|admin@foresee.com|DailyCatchEntry_New.php
27 Aug 2014 12:05:18|1|admin@foresee.com|DailyCatchEntry_New.php
27 Aug 2014 12:05:19|1|admin@foresee.com|DailyCatchEntry_New.php
27 Aug 2014 12:05:19|1|admin@foresee.com|DailyCatchEntry_New.php
27 Aug 2014 12:05:19|1|admin@foresee.com|CatchEntryDeclaredItem.php
27 Aug 2014 12:05:49|1|admin@foresee.com|DailyCatchEntry_New.php
27 Aug 2014 12:05:50|1|admin@foresee.com|DailyCatchEntry_New.php
27 Aug 2014 12:05:50|1|admin@foresee.com|DailyCatchEntry_New.php
27 Aug 2014 12:05:50|1|admin@foresee.com|DailyCatchEntry_New.php
27 Aug 2014 12:05:50|1|admin@foresee.com|CatchEntryDeclaredItem.php
27 Aug 2014 12:05:53|1|admin@foresee.com|DailyCatchEntry_New.php
27 Aug 2014 12:05:53|1|admin@foresee.com|DailyCatchEntry_New.php
27 Aug 2014 12:09:59|1|admin@foresee.com|DailyCatchEntry_New.php
27 Aug 2014 12:09:59|1|admin@foresee.com|DailyCatchEntry_New.php
27 Aug 2014 12:09:59|1|admin@foresee.com|DailyCatchEntry_New.php
27 Aug 2014 12:09:59|1|admin@foresee.com|DailyCatchEntry_New.php
27 Aug 2014 12:10:00|1|admin@foresee.com|CatchEntryDeclaredItem.php
27 Aug 2014 12:10:04|1|admin@foresee.com|DailyCatchEntry_New.php
27 Aug 2014 12:10:04|1|admin@foresee.com|DailyCatchEntry_New.php
27 Aug 2014 12:11:27|1|admin@foresee.com|DailyCatchEntry_New.php
27 Aug 2014 12:11:27|1|admin@foresee.com|DailyCatchEntry_New.php
27 Aug 2014 12:11:27|1|admin@foresee.com|DailyCatchEntry_New.php
27 Aug 2014 12:11:27|1|admin@foresee.com|DailyCatchEntry_New.php
27 Aug 2014 12:11:28|1|admin@foresee.com|CatchEntryDeclaredItem.php
27 Aug 2014 12:11:31|1|admin@foresee.com|DailyCatchEntry_New.php
27 Aug 2014 12:11:31|1|admin@foresee.com|DailyCatchEntry_New.php
27 Aug 2014 12:12:19|1|admin@foresee.com|DailyCatchEntry_New.php
27 Aug 2014 12:12:19|1|admin@foresee.com|DailyCatchEntry_New.php
27 Aug 2014 12:12:19|1|admin@foresee.com|DailyCatchEntry_New.php
27 Aug 2014 12:12:20|1|admin@foresee.com|DailyCatchEntry_New.php
27 Aug 2014 12:12:20|1|admin@foresee.com|CatchEntryDeclaredItem.php
27 Aug 2014 12:12:23|1|admin@foresee.com|DailyCatchEntry_New.php
27 Aug 2014 12:12:24|1|admin@foresee.com|DailyCatchEntry_New.php
27 Aug 2014 12:13:08|1|admin@foresee.com|DailyCatchEntry_New.php
27 Aug 2014 12:13:09|1|admin@foresee.com|DailyCatchEntry_New.php
27 Aug 2014 12:13:09|1|admin@foresee.com|DailyCatchEntry_New.php
27 Aug 2014 12:13:09|1|admin@foresee.com|DailyCatchEntry_New.php
27 Aug 2014 12:13:09|1|admin@foresee.com|CatchEntryDeclaredItem.php
27 Aug 2014 12:13:14|1|admin@foresee.com|DailyCatchEntry_New.php
27 Aug 2014 12:13:14|1|admin@foresee.com|DailyCatchEntry_New.php
27 Aug 2014 12:13:22|1|admin@foresee.com|DailyCatchEntry_New.php
27 Aug 2014 12:13:22|1|admin@foresee.com|DailyCatchEntry_New.php
27 Aug 2014 12:13:27|1|admin@foresee.com|DailyCatchEntry_New.php
27 Aug 2014 12:13:30|1|admin@foresee.com|DailyCatchEntry_New.php
27 Aug 2014 12:13:31|1|admin@foresee.com|DailyCatchEntry_New.php
27 Aug 2014 12:14:14|1|admin@foresee.com|DailyCatchEntry_New.php
27 Aug 2014 12:14:14|1|admin@foresee.com|DailyCatchEntry_New.php
27 Aug 2014 12:14:19|1|admin@foresee.com|DailyCatchEntry_New.php
27 Aug 2014 12:14:20|1|admin@foresee.com|DailyCatchEntry_New.php
27 Aug 2014 12:14:20|1|admin@foresee.com|DailyCatchEntry_New.php
27 Aug 2014 12:14:20|1|admin@foresee.com|DailyCatchEntry_New.php
27 Aug 2014 12:14:20|1|admin@foresee.com|CatchEntryDeclaredItem.php
27 Aug 2014 12:14:23|1|admin@foresee.com|DailyCatchEntry_New.php
27 Aug 2014 12:14:24|1|admin@foresee.com|DailyCatchEntry_New.php
27 Aug 2014 12:15:19|1|admin@foresee.com|DailyCatchEntry_New.php
27 Aug 2014 12:15:19|1|admin@foresee.com|DailyCatchEntry_New.php
27 Aug 2014 12:15:28|1|admin@foresee.com|DailyCatchEntry_New.php
27 Aug 2014 12:15:28|1|admin@foresee.com|DailyCatchEntry_New.php
27 Aug 2014 12:19:09|1|admin@foresee.com|DailyCatchEntry_New.php
27 Aug 2014 12:19:10|1|admin@foresee.com|DailyCatchEntry_New.php
27 Aug 2014 12:19:10|1|admin@foresee.com|DailyCatchEntry_New.php
27 Aug 2014 12:19:10|1|admin@foresee.com|DailyCatchEntry_New.php
27 Aug 2014 12:19:10|1|admin@foresee.com|CatchEntryDeclaredItem.php
27 Aug 2014 12:19:14|1|admin@foresee.com|DailyCatchEntry_New.php
27 Aug 2014 12:19:14|1|admin@foresee.com|DailyCatchEntry_New.php
27 Aug 2014 12:19:44|1|admin@foresee.com|DailyCatchEntry_New.php
27 Aug 2014 12:19:44|1|admin@foresee.com|DailyCatchEntry_New.php
27 Aug 2014 12:19:44|1|admin@foresee.com|DailyCatchEntry_New.php
27 Aug 2014 12:19:45|1|admin@foresee.com|DailyCatchEntry_New.php
27 Aug 2014 12:19:45|1|admin@foresee.com|CatchEntryDeclaredItem.php
27 Aug 2014 12:19:48|1|admin@foresee.com|DailyCatchEntry_New.php
27 Aug 2014 12:19:48|1|admin@foresee.com|DailyCatchEntry_New.php
27 Aug 2014 12:20:38|1|admin@foresee.com|DailyCatchEntry_New.php
27 Aug 2014 12:20:38|1|admin@foresee.com|DailyCatchEntry_New.php
27 Aug 2014 12:20:39|1|admin@foresee.com|DailyCatchEntry_New.php
27 Aug 2014 12:20:39|1|admin@foresee.com|DailyCatchEntry_New.php
27 Aug 2014 12:20:39|1|admin@foresee.com|CatchEntryDeclaredItem.php
27 Aug 2014 12:20:42|1|admin@foresee.com|DailyCatchEntry_New.php
27 Aug 2014 12:20:42|1|admin@foresee.com|DailyCatchEntry_New.php
27 Aug 2014 12:20:54|1|admin@foresee.com|DailyCatchEntry_New.php
27 Aug 2014 12:20:55|1|admin@foresee.com|DailyCatchEntry_New.php
27 Aug 2014 12:20:55|1|admin@foresee.com|DailyCatchEntry_New.php
27 Aug 2014 12:20:55|1|admin@foresee.com|DailyCatchEntry_New.php
27 Aug 2014 12:20:55|1|admin@foresee.com|CatchEntryDeclaredItem.php
27 Aug 2014 12:20:58|1|admin@foresee.com|DailyCatchEntry_New.php
27 Aug 2014 12:20:58|1|admin@foresee.com|DailyCatchEntry_New.php
27 Aug 2014 12:21:56|1|admin@foresee.com|DailyCatchEntry_New.php
27 Aug 2014 12:21:57|1|admin@foresee.com|DailyCatchEntry_New.php
27 Aug 2014 12:21:57|1|admin@foresee.com|DailyCatchEntry_New.php
27 Aug 2014 12:21:57|1|admin@foresee.com|DailyCatchEntry_New.php
27 Aug 2014 12:21:57|1|admin@foresee.com|CatchEntryDeclaredItem.php
27 Aug 2014 12:22:00|1|admin@foresee.com|DailyCatchEntry_New.php
27 Aug 2014 12:22:00|1|admin@foresee.com|DailyCatchEntry_New.php
27 Aug 2014 12:23:27|1|admin@foresee.com|DailyCatchEntry_New.php
27 Aug 2014 12:23:27|1|admin@foresee.com|DailyCatchEntry_New.php
27 Aug 2014 12:23:27|1|admin@foresee.com|DailyCatchEntry_New.php
27 Aug 2014 12:23:27|1|admin@foresee.com|DailyCatchEntry_New.php
27 Aug 2014 12:23:28|1|admin@foresee.com|CatchEntryDeclaredItem.php
27 Aug 2014 12:23:31|1|admin@foresee.com|DailyCatchEntry_New.php
27 Aug 2014 12:23:31|1|admin@foresee.com|DailyCatchEntry_New.php
27 Aug 2014 12:24:18|1|admin@foresee.com|DailyCatchEntry_New.php
27 Aug 2014 12:24:19|1|admin@foresee.com|DailyCatchEntry_New.php
27 Aug 2014 12:24:19|1|admin@foresee.com|DailyCatchEntry_New.php
27 Aug 2014 12:24:19|1|admin@foresee.com|DailyCatchEntry_New.php
27 Aug 2014 12:24:19|1|admin@foresee.com|CatchEntryDeclaredItem.php
27 Aug 2014 12:24:23|1|admin@foresee.com|DailyCatchEntry_New.php
27 Aug 2014 12:24:23|1|admin@foresee.com|DailyCatchEntry_New.php
27 Aug 2014 12:25:12|1|admin@foresee.com|DailyCatchEntry_New.php
27 Aug 2014 12:25:13|1|admin@foresee.com|DailyCatchEntry_New.php
27 Aug 2014 12:25:13|1|admin@foresee.com|DailyCatchEntry_New.php
27 Aug 2014 12:25:13|1|admin@foresee.com|DailyCatchEntry_New.php
27 Aug 2014 12:25:13|1|admin@foresee.com|CatchEntryDeclaredItem.php
27 Aug 2014 12:25:16|1|admin@foresee.com|DailyCatchEntry_New.php
27 Aug 2014 12:25:16|1|admin@foresee.com|DailyCatchEntry_New.php
27 Aug 2014 12:25:37|1|admin@foresee.com|DailyCatchEntry_New.php
27 Aug 2014 12:25:37|1|admin@foresee.com|DailyCatchEntry_New.php
27 Aug 2014 12:25:46|1|admin@foresee.com|DailyCatchEntry_New.php
27 Aug 2014 12:25:47|1|admin@foresee.com|DailyCatchEntry_New.php
27 Aug 2014 12:25:48|1|admin@foresee.com|DailyCatchEntry_New.php
27 Aug 2014 12:25:48|1|admin@foresee.com|DailyCatchEntry_New.php
27 Aug 2014 12:25:55|1|admin@foresee.com|DailyCatchEntry_New.php
27 Aug 2014 12:30:47|1|admin@foresee.com|DailyCatchEntry_New.php
27 Aug 2014 12:30:48|1|admin@foresee.com|DailyCatchEntry_New.php
27 Aug 2014 12:30:48|1|admin@foresee.com|DailyCatchEntry_New.php
27 Aug 2014 12:30:48|1|admin@foresee.com|DailyCatchEntry_New.php
27 Aug 2014 12:30:48|1|admin@foresee.com|CatchEntryDeclaredItem.php
27 Aug 2014 12:30:52|1|admin@foresee.com|DailyCatchEntry_New.php
27 Aug 2014 12:30:58|1|admin@foresee.com|DailyCatchEntry_New.php
27 Aug 2014 12:31:01|1|admin@foresee.com|DailyCatchEntry_New.php
27 Aug 2014 12:31:05|1|admin@foresee.com|DailyCatchEntry_New.php
27 Aug 2014 12:31:05|1|admin@foresee.com|DailyCatchEntry_New.php
27 Aug 2014 12:31:08|1|admin@foresee.com|DailyCatchEntry_New.php
27 Aug 2014 12:31:08|1|admin@foresee.com|DailyCatchEntry_New.php
27 Aug 2014 12:31:13|1|admin@foresee.com|DailyCatchEntry_New.php
27 Aug 2014 12:31:13|1|admin@foresee.com|DailyCatchEntry_New.php
27 Aug 2014 12:31:15|1|admin@foresee.com|DailyCatchEntry_New.php
27 Aug 2014 12:31:15|1|admin@foresee.com|DailyCatchEntry_New.php
27 Aug 2014 12:31:20|1|admin@foresee.com|DailyCatchEntry_New.php
27 Aug 2014 12:32:20|1|admin@foresee.com|DailyCatchEntry_New.php
27 Aug 2014 12:32:21|1|admin@foresee.com|DailyCatchEntry_New.php
27 Aug 2014 12:32:21|1|admin@foresee.com|DailyCatchEntry_New.php
27 Aug 2014 12:32:21|1|admin@foresee.com|DailyCatchEntry_New.php
27 Aug 2014 12:32:21|1|admin@foresee.com|CatchEntryDeclaredItem.php
27 Aug 2014 12:32:26|1|admin@foresee.com|DailyCatchEntry_New.php
27 Aug 2014 12:32:26|1|admin@foresee.com|DailyCatchEntry_New.php
27 Aug 2014 12:32:28|1|admin@foresee.com|DailyCatchEntry_New.php
27 Aug 2014 12:32:28|1|admin@foresee.com|DailyCatchEntry_New.php
27 Aug 2014 12:32:33|1|admin@foresee.com|DailyCatchEntry_New.php
27 Aug 2014 12:32:54|1|admin@foresee.com|DailyCatchEntry_New.php
27 Aug 2014 12:34:04|1|admin@foresee.com|DailyCatchEntry_New.php
27 Aug 2014 12:34:04|1|admin@foresee.com|DailyCatchEntry_New.php
27 Aug 2014 12:34:05|1|admin@foresee.com|DailyCatchEntry_New.php
27 Aug 2014 12:34:05|1|admin@foresee.com|DailyCatchEntry_New.php
27 Aug 2014 12:34:05|1|admin@foresee.com|CatchEntryDeclaredItem.php
27 Aug 2014 12:34:09|1|admin@foresee.com|DailyCatchEntry_New.php
27 Aug 2014 12:34:09|1|admin@foresee.com|DailyCatchEntry_New.php
27 Aug 2014 12:34:11|1|admin@foresee.com|DailyCatchEntry_New.php
27 Aug 2014 12:34:11|1|admin@foresee.com|DailyCatchEntry_New.php
27 Aug 2014 12:34:14|1|admin@foresee.com|DailyCatchEntry_New.php
27 Aug 2014 12:36:55|1|admin@foresee.com|DailyCatchEntry_New.php
27 Aug 2014 12:36:55|1|admin@foresee.com|DailyCatchEntry_New.php
27 Aug 2014 12:36:55|1|admin@foresee.com|DailyCatchEntry_New.php
27 Aug 2014 12:36:56|1|admin@foresee.com|DailyCatchEntry_New.php
27 Aug 2014 12:36:56|1|admin@foresee.com|CatchEntryDeclaredItem.php
27 Aug 2014 12:36:59|1|admin@foresee.com|DailyCatchEntry_New.php
27 Aug 2014 12:36:59|1|admin@foresee.com|DailyCatchEntry_New.php
27 Aug 2014 12:37:00|1|admin@foresee.com|DailyCatchEntry_New.php
27 Aug 2014 12:37:00|1|admin@foresee.com|DailyCatchEntry_New.php
27 Aug 2014 12:37:03|1|admin@foresee.com|DailyCatchEntry_New.php
27 Aug 2014 12:38:05|1|admin@foresee.com|DailyCatchEntry_New.php
27 Aug 2014 12:38:06|1|admin@foresee.com|DailyCatchEntry_New.php
27 Aug 2014 12:38:06|1|admin@foresee.com|DailyCatchEntry_New.php
27 Aug 2014 12:38:06|1|admin@foresee.com|DailyCatchEntry_New.php
27 Aug 2014 12:38:07|1|admin@foresee.com|CatchEntryDeclaredItem.php
27 Aug 2014 12:38:11|1|admin@foresee.com|DailyCatchEntry_New.php
27 Aug 2014 12:38:11|1|admin@foresee.com|DailyCatchEntry_New.php
27 Aug 2014 12:38:13|1|admin@foresee.com|DailyCatchEntry_New.php
27 Aug 2014 12:38:13|1|admin@foresee.com|DailyCatchEntry_New.php
27 Aug 2014 12:38:15|1|admin@foresee.com|DailyCatchEntry_New.php
27 Aug 2014 12:41:02|1|admin@foresee.com|DailyCatchEntry_New.php
27 Aug 2014 12:41:03|1|admin@foresee.com|DailyCatchEntry_New.php
27 Aug 2014 12:41:03|1|admin@foresee.com|DailyCatchEntry_New.php
27 Aug 2014 12:41:03|1|admin@foresee.com|DailyCatchEntry_New.php
27 Aug 2014 12:41:04|1|admin@foresee.com|CatchEntryDeclaredItem.php
27 Aug 2014 12:41:07|1|admin@foresee.com|DailyCatchEntry_New.php
27 Aug 2014 12:41:07|1|admin@foresee.com|DailyCatchEntry_New.php
27 Aug 2014 12:41:08|1|admin@foresee.com|DailyCatchEntry_New.php
27 Aug 2014 12:41:08|1|admin@foresee.com|DailyCatchEntry_New.php
27 Aug 2014 12:41:11|1|admin@foresee.com|DailyCatchEntry_New.php
27 Aug 2014 12:42:52|1|admin@foresee.com|DailyCatchEntry_New.php
27 Aug 2014 12:42:53|1|admin@foresee.com|DailyCatchEntry_New.php
27 Aug 2014 12:42:53|1|admin@foresee.com|DailyCatchEntry_New.php
27 Aug 2014 12:42:53|1|admin@foresee.com|DailyCatchEntry_New.php
27 Aug 2014 12:42:53|1|admin@foresee.com|CatchEntryDeclaredItem.php
27 Aug 2014 12:42:56|1|admin@foresee.com|DailyCatchEntry_New.php
27 Aug 2014 12:42:57|1|admin@foresee.com|DailyCatchEntry_New.php
27 Aug 2014 12:42:58|1|admin@foresee.com|DailyCatchEntry_New.php
27 Aug 2014 12:42:59|1|admin@foresee.com|DailyCatchEntry_New.php
27 Aug 2014 12:43:01|1|admin@foresee.com|DailyCatchEntry_New.php
27 Aug 2014 12:43:53|1|admin@foresee.com|DailyCatchEntry_New.php
27 Aug 2014 12:43:53|1|admin@foresee.com|DailyCatchEntry_New.php
27 Aug 2014 12:43:54|1|admin@foresee.com|DailyCatchEntry_New.php
27 Aug 2014 12:43:54|1|admin@foresee.com|DailyCatchEntry_New.php
27 Aug 2014 12:43:54|1|admin@foresee.com|CatchEntryDeclaredItem.php
27 Aug 2014 12:44:46|1|admin@foresee.com|DailyCatchEntry_New.php
27 Aug 2014 12:44:46|1|admin@foresee.com|DailyCatchEntry_New.php
27 Aug 2014 12:44:47|1|admin@foresee.com|DailyCatchEntry_New.php
27 Aug 2014 12:44:47|1|admin@foresee.com|DailyCatchEntry_New.php
27 Aug 2014 12:44:51|1|admin@foresee.com|DailyCatchEntry_New.php
27 Aug 2014 12:45:15|1|admin@foresee.com|DailyCatchEntry_New.php
27 Aug 2014 12:45:16|1|admin@foresee.com|DailyCatchEntry_New.php
27 Aug 2014 12:45:16|1|admin@foresee.com|DailyCatchEntry_New.php
27 Aug 2014 12:45:16|1|admin@foresee.com|DailyCatchEntry_New.php
27 Aug 2014 12:45:17|1|admin@foresee.com|CatchEntryDeclaredItem.php
27 Aug 2014 12:45:20|1|admin@foresee.com|DailyCatchEntry_New.php
27 Aug 2014 12:45:20|1|admin@foresee.com|DailyCatchEntry_New.php
27 Aug 2014 12:45:22|1|admin@foresee.com|DailyCatchEntry_New.php
27 Aug 2014 12:45:22|1|admin@foresee.com|DailyCatchEntry_New.php
27 Aug 2014 12:45:24|1|admin@foresee.com|DailyCatchEntry_New.php
27 Aug 2014 12:47:24|1|admin@foresee.com|DailyCatchEntry_New.php
27 Aug 2014 12:47:24|1|admin@foresee.com|DailyCatchEntry_New.php
27 Aug 2014 12:47:25|1|admin@foresee.com|DailyCatchEntry_New.php
27 Aug 2014 12:47:25|1|admin@foresee.com|DailyCatchEntry_New.php
27 Aug 2014 12:47:25|1|admin@foresee.com|CatchEntryDeclaredItem.php
27 Aug 2014 12:47:28|1|admin@foresee.com|DailyCatchEntry_New.php
27 Aug 2014 12:47:28|1|admin@foresee.com|DailyCatchEntry_New.php
27 Aug 2014 12:47:29|1|admin@foresee.com|DailyCatchEntry_New.php
27 Aug 2014 12:47:29|1|admin@foresee.com|DailyCatchEntry_New.php
27 Aug 2014 12:47:32|1|admin@foresee.com|DailyCatchEntry_New.php
27 Aug 2014 12:48:13|1|admin@foresee.com|DailyCatchEntry_New.php
27 Aug 2014 12:48:14|1|admin@foresee.com|DailyCatchEntry_New.php
27 Aug 2014 12:48:14|1|admin@foresee.com|DailyCatchEntry_New.php
27 Aug 2014 12:48:14|1|admin@foresee.com|DailyCatchEntry_New.php
27 Aug 2014 12:48:14|1|admin@foresee.com|CatchEntryDeclaredItem.php
27 Aug 2014 12:48:18|1|admin@foresee.com|DailyCatchEntry_New.php
27 Aug 2014 12:48:19|1|admin@foresee.com|DailyCatchEntry_New.php
27 Aug 2014 12:48:20|1|admin@foresee.com|DailyCatchEntry_New.php
27 Aug 2014 12:48:20|1|admin@foresee.com|DailyCatchEntry_New.php
27 Aug 2014 12:48:22|1|admin@foresee.com|DailyCatchEntry_New.php
27 Aug 2014 12:49:02|1|admin@foresee.com|DailyCatchEntry_New.php
27 Aug 2014 12:49:03|1|admin@foresee.com|DailyCatchEntry_New.php
27 Aug 2014 12:49:03|1|admin@foresee.com|DailyCatchEntry_New.php
27 Aug 2014 12:49:03|1|admin@foresee.com|DailyCatchEntry_New.php
27 Aug 2014 12:49:03|1|admin@foresee.com|CatchEntryDeclaredItem.php
27 Aug 2014 12:49:08|1|admin@foresee.com|DailyCatchEntry_New.php
27 Aug 2014 12:49:08|1|admin@foresee.com|DailyCatchEntry_New.php
27 Aug 2014 12:49:10|1|admin@foresee.com|DailyCatchEntry_New.php
27 Aug 2014 12:49:10|1|admin@foresee.com|DailyCatchEntry_New.php
27 Aug 2014 12:49:12|1|admin@foresee.com|DailyCatchEntry_New.php
27 Aug 2014 12:49:47|1|admin@foresee.com|DailyCatchEntry_New.php
27 Aug 2014 12:49:47|1|admin@foresee.com|DailyCatchEntry_New.php
27 Aug 2014 12:49:47|1|admin@foresee.com|DailyCatchEntry_New.php
27 Aug 2014 12:49:48|1|admin@foresee.com|DailyCatchEntry_New.php
27 Aug 2014 12:49:48|1|admin@foresee.com|CatchEntryDeclaredItem.php
27 Aug 2014 12:49:54|1|admin@foresee.com|DailyCatchEntry_New.php
27 Aug 2014 12:49:54|1|admin@foresee.com|DailyCatchEntry_New.php
27 Aug 2014 12:49:55|1|admin@foresee.com|DailyCatchEntry_New.php
27 Aug 2014 12:49:55|1|admin@foresee.com|DailyCatchEntry_New.php
27 Aug 2014 12:49:58|1|admin@foresee.com|DailyCatchEntry_New.php
27 Aug 2014 12:51:25|1|admin@foresee.com|DailyCatchEntry_New.php
27 Aug 2014 12:51:25|1|admin@foresee.com|DailyCatchEntry_New.php
27 Aug 2014 12:51:25|1|admin@foresee.com|DailyCatchEntry_New.php
27 Aug 2014 12:51:25|1|admin@foresee.com|DailyCatchEntry_New.php
27 Aug 2014 12:51:26|1|admin@foresee.com|CatchEntryDeclaredItem.php
27 Aug 2014 12:51:28|1|admin@foresee.com|DailyCatchEntry_New.php
27 Aug 2014 12:51:29|1|admin@foresee.com|DailyCatchEntry_New.php
27 Aug 2014 12:51:30|1|admin@foresee.com|DailyCatchEntry_New.php
27 Aug 2014 12:51:30|1|admin@foresee.com|DailyCatchEntry_New.php
27 Aug 2014 12:51:32|1|admin@foresee.com|DailyCatchEntry_New.php
27 Aug 2014 12:51:55|1|admin@foresee.com|DailyCatchEntry_New.php
27 Aug 2014 12:51:55|1|admin@foresee.com|DailyCatchEntry_New.php
27 Aug 2014 12:51:55|1|admin@foresee.com|DailyCatchEntry_New.php
27 Aug 2014 12:51:55|1|admin@foresee.com|DailyCatchEntry_New.php
27 Aug 2014 12:51:56|1|admin@foresee.com|CatchEntryDeclaredItem.php
27 Aug 2014 12:51:59|1|admin@foresee.com|DailyCatchEntry_New.php
27 Aug 2014 12:51:59|1|admin@foresee.com|DailyCatchEntry_New.php
27 Aug 2014 12:52:01|1|admin@foresee.com|DailyCatchEntry_New.php
27 Aug 2014 12:52:01|1|admin@foresee.com|DailyCatchEntry_New.php
27 Aug 2014 12:52:03|1|admin@foresee.com|DailyCatchEntry_New.php
27 Aug 2014 12:54:07|1|admin@foresee.com|DailyCatchEntry_New.php
27 Aug 2014 12:54:08|1|admin@foresee.com|DailyCatchEntry_New.php
27 Aug 2014 12:54:08|1|admin@foresee.com|DailyCatchEntry_New.php
27 Aug 2014 12:54:08|1|admin@foresee.com|DailyCatchEntry_New.php
27 Aug 2014 12:54:08|1|admin@foresee.com|CatchEntryDeclaredItem.php
27 Aug 2014 12:54:12|1|admin@foresee.com|DailyCatchEntry_New.php
27 Aug 2014 12:54:12|1|admin@foresee.com|DailyCatchEntry_New.php
27 Aug 2014 12:54:13|1|admin@foresee.com|DailyCatchEntry_New.php
27 Aug 2014 12:54:13|1|admin@foresee.com|DailyCatchEntry_New.php
27 Aug 2014 12:54:24|1|admin@foresee.com|DailyCatchEntry_New.php
27 Aug 2014 12:57:26|1|admin@foresee.com|DailyCatchEntry_New.php
27 Aug 2014 12:57:27|1|admin@foresee.com|DailyCatchEntry_New.php
27 Aug 2014 12:57:27|1|admin@foresee.com|DailyCatchEntry_New.php
27 Aug 2014 12:57:27|1|admin@foresee.com|DailyCatchEntry_New.php
27 Aug 2014 12:57:27|1|admin@foresee.com|CatchEntryDeclaredItem.php
27 Aug 2014 12:57:52|1|admin@foresee.com|DailyCatchEntry_New.php
27 Aug 2014 12:57:53|1|admin@foresee.com|DailyCatchEntry_New.php
27 Aug 2014 12:57:53|1|admin@foresee.com|DailyCatchEntry_New.php
27 Aug 2014 12:57:53|1|admin@foresee.com|DailyCatchEntry_New.php
27 Aug 2014 12:57:54|1|admin@foresee.com|CatchEntryDeclaredItem.php
27 Aug 2014 12:57:58|1|admin@foresee.com|DailyCatchEntry_New.php
27 Aug 2014 12:57:58|1|admin@foresee.com|DailyCatchEntry_New.php
27 Aug 2014 12:57:59|1|admin@foresee.com|DailyCatchEntry_New.php
27 Aug 2014 12:57:59|1|admin@foresee.com|DailyCatchEntry_New.php
27 Aug 2014 12:58:02|1|admin@foresee.com|DailyCatchEntry_New.php
27 Aug 2014 13:05:25|1|admin@foresee.com|DailyCatchEntry_New.php
27 Aug 2014 13:05:27|1|admin@foresee.com|DailyCatchEntry_New.php
27 Aug 2014 13:05:28|1|admin@foresee.com|DailyCatchEntry_New.php
27 Aug 2014 13:05:28|1|admin@foresee.com|DailyCatchEntry_New.php
27 Aug 2014 13:05:28|1|admin@foresee.com|DailyCatchEntry_New.php
27 Aug 2014 13:05:28|1|admin@foresee.com|CatchEntryDeclaredItem.php
27 Aug 2014 13:06:45|1|admin@foresee.com|DailyCatchEntry_New.php
27 Aug 2014 13:06:46|1|admin@foresee.com|DailyCatchEntry_New.php
27 Aug 2014 13:06:47|1|admin@foresee.com|DailyCatchEntry_New.php
27 Aug 2014 13:06:47|1|admin@foresee.com|DailyCatchEntry_New.php
27 Aug 2014 13:06:54|1|admin@foresee.com|DailyCatchEntry_New.php
27 Aug 2014 13:14:16|1|admin@foresee.com|DailyCatchEntry_New.php
27 Aug 2014 13:14:16|1|admin@foresee.com|DailyCatchEntry_New.php
27 Aug 2014 13:14:16|1|admin@foresee.com|DailyCatchEntry_New.php
27 Aug 2014 13:14:17|1|admin@foresee.com|DailyCatchEntry_New.php
27 Aug 2014 13:14:17|1|admin@foresee.com|CatchEntryDeclaredItem.php
27 Aug 2014 13:17:37|1|admin@foresee.com|DailyCatchEntry_New.php
27 Aug 2014 13:17:38|1|admin@foresee.com|DailyCatchEntry_New.php
27 Aug 2014 13:17:38|1|admin@foresee.com|DailyCatchEntry_New.php
27 Aug 2014 13:17:38|1|admin@foresee.com|DailyCatchEntry_New.php
27 Aug 2014 13:17:38|1|admin@foresee.com|CatchEntryDeclaredItem.php
27 Aug 2014 13:18:16|1|admin@foresee.com|DailyCatchEntry_New.php
27 Aug 2014 13:18:16|1|admin@foresee.com|DailyCatchEntry_New.php
27 Aug 2014 13:18:18|1|admin@foresee.com|DailyCatchEntry_New.php
27 Aug 2014 13:18:18|1|admin@foresee.com|DailyCatchEntry_New.php
27 Aug 2014 13:18:22|1|admin@foresee.com|DailyCatchEntry_New.php
27 Aug 2014 14:08:03|1|admin@foresee.com|DailyCatchEntry_New.php
27 Aug 2014 14:08:03|1|admin@foresee.com|DailyCatchEntry_New.php
27 Aug 2014 14:08:03|1|admin@foresee.com|DailyCatchEntry_New.php
27 Aug 2014 14:08:06|1|admin@foresee.com|DailyCatchEntry_New.php
27 Aug 2014 14:08:08|1|admin@foresee.com|DailyCatchEntry_New.php
27 Aug 2014 14:08:13|1|admin@foresee.com|DailyCatchEntry_New.php
27 Aug 2014 14:08:14|1|admin@foresee.com|DailyCatchEntry_New.php
27 Aug 2014 14:08:15|1|admin@foresee.com|DailyCatchEntry_New.php
27 Aug 2014 14:08:18|1|admin@foresee.com|DailyCatchEntry_New.php
27 Aug 2014 14:08:18|1|admin@foresee.com|DailyCatchEntry_New.php
27 Aug 2014 14:08:19|1|admin@foresee.com|DailyCatchEntry_New.php
27 Aug 2014 14:08:19|1|admin@foresee.com|DailyCatchEntry_New.php
27 Aug 2014 14:08:20|1|admin@foresee.com|DailyCatchEntry_New.php
27 Aug 2014 14:08:20|1|admin@foresee.com|DailyCatchEntry_New.php
27 Aug 2014 14:08:29|1|admin@foresee.com|DailyCatchEntry_New.php
27 Aug 2014 14:08:29|1|admin@foresee.com|DailyCatchEntry_New.php
27 Aug 2014 14:08:31|1|admin@foresee.com|PrintDailyCatchEntry_New.php
27 Aug 2014 14:08:31|1|admin@foresee.com|PrintCatchEntryQuality_New.php
27 Aug 2014 14:08:39|1|admin@foresee.com|DailyCatchEntry_New.php
27 Aug 2014 14:08:40|1|admin@foresee.com|DailyCatchEntry_New.php
27 Aug 2014 14:08:40|1|admin@foresee.com|DailyCatchEntry_New.php
27 Aug 2014 14:08:40|1|admin@foresee.com|DailyCatchEntry_New.php
27 Aug 2014 14:08:40|1|admin@foresee.com|CatchEntryDeclaredItem.php
27 Aug 2014 14:09:03|1|admin@foresee.com|DailyCatchEntry_New.php
27 Aug 2014 14:09:04|1|admin@foresee.com|PrintDailyCatchEntry_New.php
27 Aug 2014 14:09:05|1|admin@foresee.com|PrintCatchEntryQuality_New.php
27 Aug 2014 14:09:10|1|admin@foresee.com|DailyCatchEntry_New.php
27 Aug 2014 14:09:11|1|admin@foresee.com|DailyCatchEntry_New.php
27 Aug 2014 14:09:43|1|admin@foresee.com|DailyCatchEntry_New.php
27 Aug 2014 14:09:44|1|admin@foresee.com|DailyCatchEntry_New.php
27 Aug 2014 14:09:44|1|admin@foresee.com|DailyCatchEntry_New.php
27 Aug 2014 14:09:44|1|admin@foresee.com|DailyCatchEntry_New.php
27 Aug 2014 14:09:44|1|admin@foresee.com|CatchEntryDeclaredItem.php
27 Aug 2014 14:11:40|1|admin@foresee.com|DailyCatchEntry_New.php
27 Aug 2014 14:11:40|1|admin@foresee.com|DailyCatchEntry_New.php
27 Aug 2014 14:11:41|1|admin@foresee.com|DailyCatchEntry_New.php
27 Aug 2014 14:11:41|1|admin@foresee.com|DailyCatchEntry_New.php
27 Aug 2014 14:11:49|1|admin@foresee.com|DailyCatchEntry_New.php
27 Aug 2014 14:12:05|1|admin@foresee.com|DailyCatchEntry_New.php
27 Aug 2014 14:12:06|1|admin@foresee.com|CatchEntryDeclaredItem.php
27 Aug 2014 14:12:14|1|admin@foresee.com|DailyCatchEntry_New.php
27 Aug 2014 14:12:17|1|admin@foresee.com|DailyCatchEntry_New.php
27 Aug 2014 14:12:18|1|admin@foresee.com|DailyCatchEntry_New.php
27 Aug 2014 14:12:18|1|admin@foresee.com|DailyCatchEntry_New.php
27 Aug 2014 14:12:18|1|admin@foresee.com|DailyCatchEntry_New.php
27 Aug 2014 14:12:18|1|admin@foresee.com|CatchEntryDeclaredItem.php
27 Aug 2014 14:12:26|1|admin@foresee.com|DailyCatchEntry_New.php
27 Aug 2014 14:12:29|1|admin@foresee.com|DailyCatchEntry_New.php
27 Aug 2014 14:12:29|1|admin@foresee.com|DailyCatchEntry_New.php
27 Aug 2014 14:12:29|1|admin@foresee.com|DailyCatchEntry_New.php
27 Aug 2014 14:12:30|1|admin@foresee.com|DailyCatchEntry_New.php
27 Aug 2014 14:12:30|1|admin@foresee.com|CatchEntryDeclaredItem.php
27 Aug 2014 14:12:36|1|admin@foresee.com|DailyCatchEntry_New.php
27 Aug 2014 14:12:42|1|admin@foresee.com|DailyCatchEntry_New.php
27 Aug 2014 14:12:44|1|admin@foresee.com|DailyCatchEntry_New.php
27 Aug 2014 14:12:47|1|admin@foresee.com|DailyCatchEntry_New.php
27 Aug 2014 14:12:48|1|admin@foresee.com|DailyCatchEntry_New.php
27 Aug 2014 14:12:48|1|admin@foresee.com|DailyCatchEntry_New.php
27 Aug 2014 14:12:48|1|admin@foresee.com|DailyCatchEntry_New.php
27 Aug 2014 14:12:48|1|admin@foresee.com|CatchEntryDeclaredItem.php
27 Aug 2014 14:15:16|1|admin@foresee.com|DailyCatchEntry_New.php
27 Aug 2014 14:15:16|1|admin@foresee.com|DailyCatchEntry_New.php
27 Aug 2014 14:15:17|1|admin@foresee.com|DailyCatchEntry_New.php
27 Aug 2014 14:15:17|1|admin@foresee.com|DailyCatchEntry_New.php
27 Aug 2014 14:15:17|1|admin@foresee.com|CatchEntryDeclaredItem.php
27 Aug 2014 14:15:39|1|admin@foresee.com|DailyCatchEntry_New.php
27 Aug 2014 14:15:40|1|admin@foresee.com|DailyCatchEntry_New.php
27 Aug 2014 14:15:40|1|admin@foresee.com|DailyCatchEntry_New.php
27 Aug 2014 14:15:40|1|admin@foresee.com|DailyCatchEntry_New.php
27 Aug 2014 14:15:40|1|admin@foresee.com|CatchEntryDeclaredItem.php
27 Aug 2014 14:15:44|1|admin@foresee.com|DailyCatchEntry_New.php
27 Aug 2014 14:15:44|1|admin@foresee.com|DailyCatchEntry_New.php
27 Aug 2014 14:15:46|1|admin@foresee.com|DailyCatchEntry_New.php
27 Aug 2014 14:15:46|1|admin@foresee.com|DailyCatchEntry_New.php
27 Aug 2014 14:15:56|1|admin@foresee.com|DailyCatchEntry_New.php
27 Aug 2014 14:16:10|1|admin@foresee.com|DailyCatchEntry_New.php
27 Aug 2014 14:16:10|1|admin@foresee.com|DailyCatchEntry_New.php
27 Aug 2014 14:16:11|1|admin@foresee.com|PrintDailyCatchEntry_New.php
27 Aug 2014 14:16:11|1|admin@foresee.com|PrintCatchEntryQuality_New.php
27 Aug 2014 14:16:15|1|admin@foresee.com|DailyCatchEntry_New.php
27 Aug 2014 14:16:16|1|admin@foresee.com|DailyCatchEntry_New.php
27 Aug 2014 14:16:16|1|admin@foresee.com|DailyCatchEntry_New.php
27 Aug 2014 14:16:16|1|admin@foresee.com|DailyCatchEntry_New.php
27 Aug 2014 14:16:16|1|admin@foresee.com|CatchEntryDeclaredItem.php
27 Aug 2014 14:16:37|1|admin@foresee.com|DailyCatchEntry_New.php
27 Aug 2014 14:16:38|1|admin@foresee.com|DailyCatchEntry_New.php
27 Aug 2014 14:16:41|1|admin@foresee.com|DailyCatchEntry_New.php
27 Aug 2014 14:16:42|1|admin@foresee.com|DailyCatchEntry_New.php
27 Aug 2014 14:16:42|1|admin@foresee.com|DailyCatchEntry_New.php
27 Aug 2014 14:16:42|1|admin@foresee.com|DailyCatchEntry_New.php
27 Aug 2014 14:16:42|1|admin@foresee.com|CatchEntryDeclaredItem.php
27 Aug 2014 14:16:56|1|admin@foresee.com|DailyCatchEntry_New.php
27 Aug 2014 14:16:56|1|admin@foresee.com|DailyCatchEntry_New.php
27 Aug 2014 14:16:57|1|admin@foresee.com|DailyCatchEntry_New.php
27 Aug 2014 14:16:57|1|admin@foresee.com|DailyCatchEntry_New.php
27 Aug 2014 14:17:03|1|admin@foresee.com|DailyCatchEntry_New.php
27 Aug 2014 14:17:03|1|admin@foresee.com|DailyCatchEntry_New.php
27 Aug 2014 14:17:03|1|admin@foresee.com|DailyCatchEntry_New.php
27 Aug 2014 14:17:04|1|admin@foresee.com|DailyCatchEntry_New.php
27 Aug 2014 14:17:04|1|admin@foresee.com|CatchEntryDeclaredItem.php
27 Aug 2014 14:22:32|1|admin@foresee.com|WeighmentDataSheet.php
27 Aug 2014 14:22:34|1|admin@foresee.com|WeighmentDataSheet.php
27 Aug 2014 14:22:35|1|admin@foresee.com|WeighmentDataSheet.php
27 Aug 2014 14:28:55|1|admin@foresee.com|DailyCatchEntry_New.php
27 Aug 2014 14:28:56|1|admin@foresee.com|DailyCatchEntry_New.php
27 Aug 2014 14:28:56|1|admin@foresee.com|DailyCatchEntry_New.php
27 Aug 2014 14:28:56|1|admin@foresee.com|DailyCatchEntry_New.php
27 Aug 2014 14:28:56|1|admin@foresee.com|CatchEntryDeclaredItem.php
27 Aug 2014 14:29:05|1|admin@foresee.com|DailyCatchEntry_New.php
27 Aug 2014 14:29:08|1|admin@foresee.com|DailyCatchEntry_New.php
27 Aug 2014 14:29:09|1|admin@foresee.com|DailyCatchEntry_New.php
27 Aug 2014 14:29:09|1|admin@foresee.com|DailyCatchEntry_New.php
27 Aug 2014 14:29:09|1|admin@foresee.com|DailyCatchEntry_New.php
27 Aug 2014 14:29:09|1|admin@foresee.com|CatchEntryDeclaredItem.php
27 Aug 2014 14:29:13|1|admin@foresee.com|DailyCatchEntry_New.php
27 Aug 2014 14:29:32|1|admin@foresee.com|DailyCatchEntry_New.php
27 Aug 2014 14:29:33|1|admin@foresee.com|DailyCatchEntry_New.php
27 Aug 2014 14:29:33|1|admin@foresee.com|DailyCatchEntry_New.php
27 Aug 2014 14:29:33|1|admin@foresee.com|DailyCatchEntry_New.php
27 Aug 2014 14:29:33|1|admin@foresee.com|CatchEntryDeclaredItem.php
27 Aug 2014 14:29:36|1|admin@foresee.com|DailyCatchEntry_New.php
27 Aug 2014 14:29:37|1|admin@foresee.com|DailyCatchEntry_New.php
27 Aug 2014 14:29:41|1|admin@foresee.com|DailyCatchEntry_New.php
27 Aug 2014 14:29:41|1|admin@foresee.com|DailyCatchEntry_New.php
27 Aug 2014 14:30:12|1|admin@foresee.com|DailyCatchEntry_New.php
27 Aug 2014 14:30:13|1|admin@foresee.com|DailyCatchEntry_New.php
27 Aug 2014 14:30:14|1|admin@foresee.com|DailyCatchEntry_New.php
27 Aug 2014 14:30:14|1|admin@foresee.com|DailyCatchEntry_New.php
27 Aug 2014 14:30:14|1|admin@foresee.com|CatchEntryDeclaredItem.php
27 Aug 2014 14:30:17|1|admin@foresee.com|DailyCatchEntry_New.php
27 Aug 2014 14:30:17|1|admin@foresee.com|DailyCatchEntry_New.php
27 Aug 2014 14:30:19|1|admin@foresee.com|DailyCatchEntry_New.php
27 Aug 2014 14:30:20|1|admin@foresee.com|DailyCatchEntry_New.php
27 Aug 2014 14:30:24|1|admin@foresee.com|DailyCatchEntry_New.php
27 Aug 2014 14:30:52|1|admin@foresee.com|DailyCatchEntry_New.php
27 Aug 2014 14:30:53|1|admin@foresee.com|DailyCatchEntry_New.php
27 Aug 2014 14:30:53|1|admin@foresee.com|DailyCatchEntry_New.php
27 Aug 2014 14:30:53|1|admin@foresee.com|DailyCatchEntry_New.php
27 Aug 2014 14:30:53|1|admin@foresee.com|CatchEntryDeclaredItem.php
27 Aug 2014 14:30:58|1|admin@foresee.com|DailyCatchEntry_New.php
27 Aug 2014 14:30:58|1|admin@foresee.com|DailyCatchEntry_New.php
27 Aug 2014 14:31:00|1|admin@foresee.com|DailyCatchEntry_New.php
27 Aug 2014 14:31:00|1|admin@foresee.com|DailyCatchEntry_New.php
27 Aug 2014 14:31:04|1|admin@foresee.com|DailyCatchEntry_New.php
27 Aug 2014 14:32:10|1|admin@foresee.com|DailyCatchEntry_New.php
27 Aug 2014 14:32:11|1|admin@foresee.com|DailyCatchEntry_New.php
27 Aug 2014 14:32:11|1|admin@foresee.com|DailyCatchEntry_New.php
27 Aug 2014 14:32:11|1|admin@foresee.com|DailyCatchEntry_New.php
27 Aug 2014 14:32:11|1|admin@foresee.com|CatchEntryDeclaredItem.php
27 Aug 2014 14:32:15|1|admin@foresee.com|DailyCatchEntry_New.php
27 Aug 2014 14:32:15|1|admin@foresee.com|DailyCatchEntry_New.php
27 Aug 2014 14:32:17|1|admin@foresee.com|DailyCatchEntry_New.php
27 Aug 2014 14:32:17|1|admin@foresee.com|DailyCatchEntry_New.php
27 Aug 2014 14:32:23|1|admin@foresee.com|DailyCatchEntry_New.php
27 Aug 2014 14:32:35|1|admin@foresee.com|DailyCatchEntry_New.php
27 Aug 2014 14:44:24|1|admin@foresee.com|DailyCatchEntry_New.php
27 Aug 2014 14:44:25|1|admin@foresee.com|DailyCatchEntry_New.php
27 Aug 2014 14:44:25|1|admin@foresee.com|DailyCatchEntry_New.php
27 Aug 2014 14:44:25|1|admin@foresee.com|DailyCatchEntry_New.php
27 Aug 2014 14:44:26|1|admin@foresee.com|CatchEntryDeclaredItem.php
27 Aug 2014 14:44:32|1|admin@foresee.com|DailyCatchEntry_New.php
27 Aug 2014 14:44:39|1|admin@foresee.com|DailyCatchEntry_New.php
27 Aug 2014 14:44:39|1|admin@foresee.com|DailyCatchEntry_New.php
27 Aug 2014 14:44:40|1|admin@foresee.com|DailyCatchEntry_New.php
27 Aug 2014 14:44:40|1|admin@foresee.com|DailyCatchEntry_New.php
27 Aug 2014 14:44:40|1|admin@foresee.com|CatchEntryDeclaredItem.php
27 Aug 2014 14:44:43|1|admin@foresee.com|DailyCatchEntry_New.php
27 Aug 2014 14:46:44|1|admin@foresee.com|DailyCatchEntry_New.php
27 Aug 2014 14:46:45|1|admin@foresee.com|DailyCatchEntry_New.php
27 Aug 2014 14:46:45|1|admin@foresee.com|DailyCatchEntry_New.php
27 Aug 2014 14:46:45|1|admin@foresee.com|DailyCatchEntry_New.php
27 Aug 2014 14:46:45|1|admin@foresee.com|CatchEntryDeclaredItem.php
27 Aug 2014 14:46:50|1|admin@foresee.com|DailyCatchEntry_New.php
27 Aug 2014 14:47:13|1|admin@foresee.com|DailyCatchEntry_New.php
27 Aug 2014 14:47:14|1|admin@foresee.com|DailyCatchEntry_New.php
27 Aug 2014 14:47:14|1|admin@foresee.com|DailyCatchEntry_New.php
27 Aug 2014 14:47:14|1|admin@foresee.com|DailyCatchEntry_New.php
27 Aug 2014 14:47:14|1|admin@foresee.com|CatchEntryDeclaredItem.php
27 Aug 2014 14:47:18|1|admin@foresee.com|DailyCatchEntry_New.php
27 Aug 2014 14:47:18|1|admin@foresee.com|DailyCatchEntry_New.php
27 Aug 2014 14:47:20|1|admin@foresee.com|DailyCatchEntry_New.php
27 Aug 2014 14:47:20|1|admin@foresee.com|DailyCatchEntry_New.php
27 Aug 2014 14:47:25|1|admin@foresee.com|DailyCatchEntry_New.php
27 Aug 2014 14:47:26|1|admin@foresee.com|DailyCatchEntry_New.php
27 Aug 2014 14:47:26|1|admin@foresee.com|DailyCatchEntry_New.php
27 Aug 2014 14:47:26|1|admin@foresee.com|DailyCatchEntry_New.php
27 Aug 2014 14:47:26|1|admin@foresee.com|CatchEntryDeclaredItem.php
27 Aug 2014 14:47:29|1|admin@foresee.com|DailyCatchEntry_New.php
27 Aug 2014 14:48:18|1|admin@foresee.com|DailyCatchEntry_New.php
27 Aug 2014 14:48:19|1|admin@foresee.com|DailyCatchEntry_New.php
27 Aug 2014 14:48:19|1|admin@foresee.com|DailyCatchEntry_New.php
27 Aug 2014 14:48:19|1|admin@foresee.com|DailyCatchEntry_New.php
27 Aug 2014 14:48:19|1|admin@foresee.com|CatchEntryDeclaredItem.php
27 Aug 2014 14:48:23|1|admin@foresee.com|DailyCatchEntry_New.php
27 Aug 2014 14:49:20|1|admin@foresee.com|DailyCatchEntry_New.php
27 Aug 2014 14:49:20|1|admin@foresee.com|DailyCatchEntry_New.php
27 Aug 2014 14:49:21|1|admin@foresee.com|DailyCatchEntry_New.php
27 Aug 2014 14:49:21|1|admin@foresee.com|DailyCatchEntry_New.php
27 Aug 2014 14:49:21|1|admin@foresee.com|CatchEntryDeclaredItem.php
27 Aug 2014 14:49:25|1|admin@foresee.com|DailyCatchEntry_New.php
27 Aug 2014 14:50:24|1|admin@foresee.com|DailyCatchEntry_New.php
27 Aug 2014 14:50:54|1|admin@foresee.com|DailyCatchEntry_New.php
27 Aug 2014 14:50:55|1|admin@foresee.com|DailyCatchEntry_New.php
27 Aug 2014 14:50:55|1|admin@foresee.com|DailyCatchEntry_New.php
27 Aug 2014 14:50:55|1|admin@foresee.com|DailyCatchEntry_New.php
27 Aug 2014 14:50:55|1|admin@foresee.com|CatchEntryDeclaredItem.php
27 Aug 2014 14:51:02|1|admin@foresee.com|DailyCatchEntry_New.php
27 Aug 2014 14:52:06|1|admin@foresee.com|DailyCatchEntry_New.php
27 Aug 2014 14:52:07|1|admin@foresee.com|DailyCatchEntry_New.php
27 Aug 2014 14:52:07|1|admin@foresee.com|DailyCatchEntry_New.php
27 Aug 2014 14:52:07|1|admin@foresee.com|DailyCatchEntry_New.php
27 Aug 2014 14:52:08|1|admin@foresee.com|CatchEntryDeclaredItem.php
27 Aug 2014 14:53:46|1|admin@foresee.com|DailyCatchEntry_New.php
27 Aug 2014 14:53:50|1|admin@foresee.com|DailyCatchEntry_New.php
27 Aug 2014 14:53:59|1|admin@foresee.com|DailyCatchEntry_New.php
27 Aug 2014 14:54:01|1|admin@foresee.com|DailyCatchEntry_New.php
27 Aug 2014 14:54:03|1|admin@foresee.com|DailyCatchEntry_New.php
27 Aug 2014 14:54:57|1|admin@foresee.com|DailyCatchEntry_New.php
27 Aug 2014 14:54:58|1|admin@foresee.com|DailyCatchEntry_New.php
27 Aug 2014 14:54:58|1|admin@foresee.com|DailyCatchEntry_New.php