
20 Nov 2014 15:54:20|1|admin@foresee.com|ManageChallan.php
20 Nov 2014 15:55:32|1|admin@foresee.com|Invoice.php
20 Nov 2014 15:55:32|1|admin@foresee.com|Invoice.php
20 Nov 2014 15:55:35|1|admin@foresee.com|Invoice.php
20 Nov 2014 15:55:40|1|admin@foresee.com|Invoice.php
20 Nov 2014 15:55:40|1|admin@foresee.com|Invoice.php
20 Nov 2014 15:55:42|1|admin@foresee.com|Invoice.php
20 Nov 2014 15:55:44|1|admin@foresee.com|Invoice.php
20 Nov 2014 15:55:45|1|admin@foresee.com|Invoice.php
20 Nov 2014 15:55:48|1|admin@foresee.com|Invoice.php
20 Nov 2014 15:55:48|1|admin@foresee.com|Invoice.php
20 Nov 2014 15:55:54|1|admin@foresee.com|Invoice.php
20 Nov 2014 15:55:58|1|admin@foresee.com|Invoice.php
20 Nov 2014 15:55:58|1|admin@foresee.com|Invoice.php
20 Nov 2014 15:56:01|1|admin@foresee.com|Invoice.php
20 Nov 2014 15:56:24|1|admin@foresee.com|Invoice.php
20 Nov 2014 15:56:24|1|admin@foresee.com|Invoice.php
20 Nov 2014 15:56:27|1|admin@foresee.com|Invoice.php
20 Nov 2014 15:56:27|1|admin@foresee.com|Invoice.php
20 Nov 2014 15:56:30|1|admin@foresee.com|Invoice.php
20 Nov 2014 15:56:30|1|admin@foresee.com|Invoice.php
20 Nov 2014 15:56:35|1|admin@foresee.com|Invoice.php
20 Nov 2014 15:56:37|1|admin@foresee.com|Invoice.php
20 Nov 2014 15:57:07|1|admin@foresee.com|ViewPO.php
20 Nov 2014 15:57:54|1|admin@foresee.com|ViewPO.php
20 Nov 2014 15:58:43|1|admin@foresee.com|ViewPO.php
20 Nov 2014 16:07:23|1|admin@foresee.com|ViewPO.php
20 Nov 2014 16:14:00|1|admin@foresee.com|ViewPO.php
20 Nov 2014 16:14:38|1|admin@foresee.com|ViewPO.php
20 Nov 2014 16:15:06|1|admin@foresee.com|ViewPO.php
20 Nov 2014 16:16:43|1|admin@foresee.com|ViewPO.php
20 Nov 2014 16:17:30|1|admin@foresee.com|PurchaseOrders.php
20 Nov 2014 16:17:33|1|admin@foresee.com|ViewPO.php
20 Nov 2014 16:17:52|1|admin@foresee.com|ViewPO.php
20 Nov 2014 16:18:39|1|admin@foresee.com|PurchaseOrders.php
20 Nov 2014 16:18:55|1|admin@foresee.com|Invoice.php
20 Nov 2014 16:18:56|1|admin@foresee.com|Invoice.php
20 Nov 2014 16:21:19|1|admin@foresee.com|Invoice.php
20 Nov 2014 16:21:19|1|admin@foresee.com|Invoice.php
20 Nov 2014 16:21:31|1|admin@foresee.com|ManageChallan.php
20 Nov 2014 16:21:41|1|admin@foresee.com|ManageChallan.php
20 Nov 2014 16:21:51|1|admin@foresee.com|ManageChallan.php
20 Nov 2014 16:21:51|1|admin@foresee.com|ManageChallan.php
20 Nov 2014 16:21:52|1|admin@foresee.com|ManageChallan.php
20 Nov 2014 16:21:53|1|admin@foresee.com|ManageChallan.php
20 Nov 2014 16:21:53|1|admin@foresee.com|ManageChallan.php
20 Nov 2014 16:21:54|1|admin@foresee.com|ManageChallan.php
20 Nov 2014 16:21:54|1|admin@foresee.com|ManageChallan.php
20 Nov 2014 16:21:54|1|admin@foresee.com|ManageChallan.php
20 Nov 2014 16:21:55|1|admin@foresee.com|ManageChallan.php
20 Nov 2014 16:21:55|1|admin@foresee.com|ManageChallan.php
20 Nov 2014 16:23:23|1|admin@foresee.com|ManageChallan.php
20 Nov 2014 16:23:49|1|admin@foresee.com|ManageChallan.php
20 Nov 2014 16:23:52|1|admin@foresee.com|ManageChallan.php
20 Nov 2014 16:24:15|1|admin@foresee.com|ManageChallan.php
20 Nov 2014 16:27:43|1|admin@foresee.com|Invoice.php
20 Nov 2014 16:27:44|1|admin@foresee.com|Invoice.php
20 Nov 2014 16:27:47|1|admin@foresee.com|Invoice.php
20 Nov 2014 16:27:57|1|admin@foresee.com|Invoice.php
20 Nov 2014 16:27:58|1|admin@foresee.com|Invoice.php
20 Nov 2014 16:28:01|1|admin@foresee.com|Invoice.php
20 Nov 2014 16:28:01|1|admin@foresee.com|Invoice.php
20 Nov 2014 16:28:07|1|admin@foresee.com|Invoice.php
20 Nov 2014 16:28:07|1|admin@foresee.com|Invoice.php
20 Nov 2014 16:28:12|1|admin@foresee.com|Invoice.php
20 Nov 2014 17:01:52|1|admin@foresee.com|Home.php
20 Nov 2014 17:02:22|1|admin@foresee.com|Invoice.php
20 Nov 2014 17:02:26|1|admin@foresee.com|Invoice.php
20 Nov 2014 17:02:40|1|admin@foresee.com|Invoice.php
20 Nov 2014 17:02:59|1|admin@foresee.com|Invoice.php
20 Nov 2014 17:03:02|1|admin@foresee.com|Invoice.php
20 Nov 2014 17:03:03|1|admin@foresee.com|Invoice.php
20 Nov 2014 17:03:12|1|admin@foresee.com|Invoice.php
20 Nov 2014 17:03:14|1|admin@foresee.com|Invoice.php
20 Nov 2014 17:03:15|1|admin@foresee.com|Invoice.php
20 Nov 2014 17:03:25|1|admin@foresee.com|Invoice.php
20 Nov 2014 17:03:26|1|admin@foresee.com|Invoice.php
20 Nov 2014 17:03:31|1|admin@foresee.com|Invoice.php
20 Nov 2014 17:13:24|1|admin@foresee.com|Container.php
20 Nov 2014 17:13:30|1|admin@foresee.com|Container.php
20 Nov 2014 17:13:31|1|admin@foresee.com|Container.php
20 Nov 2014 17:13:40|1|admin@foresee.com|Container.php
20 Nov 2014 17:14:47|1|admin@foresee.com|Container.php
20 Nov 2014 17:17:09|1|admin@foresee.com|Container.php
20 Nov 2014 17:17:12|1|admin@foresee.com|Container.php
20 Nov 2014 17:17:13|1|admin@foresee.com|Container.php
20 Nov 2014 17:17:16|1|admin@foresee.com|Container.php
20 Nov 2014 17:17:17|1|admin@foresee.com|Container.php
20 Nov 2014 17:17:17|1|admin@foresee.com|Container.php
20 Nov 2014 17:18:15|1|admin@foresee.com|Container.php
20 Nov 2014 17:18:15|1|admin@foresee.com|Container.php
20 Nov 2014 17:18:19|1|admin@foresee.com|Container.php
20 Nov 2014 17:18:19|1|admin@foresee.com|Container.php
20 Nov 2014 17:18:20|1|admin@foresee.com|Container.php
20 Nov 2014 17:18:20|1|admin@foresee.com|Container.php
20 Nov 2014 17:18:55|1|admin@foresee.com|Container.php
20 Nov 2014 17:18:57|1|admin@foresee.com|Container.php
20 Nov 2014 17:18:58|1|admin@foresee.com|Container.php
20 Nov 2014 17:19:17|1|admin@foresee.com|ManageChallan.php
20 Nov 2014 17:19:23|1|admin@foresee.com|ManageChallan.php
20 Nov 2014 17:19:30|1|admin@foresee.com|ManageChallan.php
20 Nov 2014 17:19:35|1|admin@foresee.com|ManageChallan.php
20 Nov 2014 17:19:36|1|admin@foresee.com|ManageChallan.php
20 Nov 2014 17:19:46|1|admin@foresee.com|ManageChallan.php
20 Nov 2014 17:19:48|1|admin@foresee.com|ManageChallan.php
20 Nov 2014 17:19:58|1|admin@foresee.com|ManageChallan.php
20 Nov 2014 17:20:01|1|admin@foresee.com|ManageChallan.php
20 Nov 2014 17:20:10|1|admin@foresee.com|ManageChallan.php
20 Nov 2014 17:20:12|1|admin@foresee.com|ManageChallan.php
20 Nov 2014 17:20:15|1|admin@foresee.com|Container.php
20 Nov 2014 17:20:16|1|admin@foresee.com|Container.php
20 Nov 2014 17:20:50|1|admin@foresee.com|Container.php
20 Nov 2014 17:20:51|1|admin@foresee.com|Container.php
20 Nov 2014 17:20:58|1|admin@foresee.com|Container.php
20 Nov 2014 17:20:58|1|admin@foresee.com|Container.php
20 Nov 2014 17:21:03|1|admin@foresee.com|Container.php
20 Nov 2014 17:21:06|1|admin@foresee.com|Container.php
20 Nov 2014 17:21:37|1|admin@foresee.com|Container.php
20 Nov 2014 17:21:37|1|admin@foresee.com|Container.php
20 Nov 2014 17:23:00|1|admin@foresee.com|Container.php
20 Nov 2014 17:23:01|1|admin@foresee.com|Container.php
20 Nov 2014 17:23:47|1|admin@foresee.com|Container.php
20 Nov 2014 17:23:48|1|admin@foresee.com|Container.php
20 Nov 2014 17:24:19|1|admin@foresee.com|Container.php
20 Nov 2014 17:24:19|1|admin@foresee.com|Container.php
20 Nov 2014 17:24:57|1|admin@foresee.com|Container.php
20 Nov 2014 17:24:58|1|admin@foresee.com|Container.php
20 Nov 2014 17:27:54|1|admin@foresee.com|Container.php
20 Nov 2014 17:27:54|1|admin@foresee.com|Container.php
20 Nov 2014 17:32:00|1|admin@foresee.com|Invoice.php
20 Nov 2014 17:32:01|1|admin@foresee.com|Invoice.php
20 Nov 2014 17:33:03|1|admin@foresee.com|Container.php
20 Nov 2014 17:33:03|1|admin@foresee.com|Container.php
20 Nov 2014 17:33:10|1|admin@foresee.com|Invoice.php
20 Nov 2014 17:33:11|1|admin@foresee.com|Invoice.php
20 Nov 2014 17:36:41|1|admin@foresee.com|ExporterMaster.php
20 Nov 2014 17:36:49|1|admin@foresee.com|ExporterMaster.php
20 Nov 2014 17:37:25|1|admin@foresee.com|ExporterMaster.php
20 Nov 2014 17:43:11|1|admin@foresee.com|ExporterMaster.php
20 Nov 2014 17:43:53|1|admin@foresee.com|ExporterMaster.php
20 Nov 2014 17:55:41|1|admin@foresee.com|ExporterMaster.php
20 Nov 2014 17:56:08|1|admin@foresee.com|ExporterMaster.php
20 Nov 2014 17:56:50|1|admin@foresee.com|ExporterMaster.php
20 Nov 2014 17:56:55|1|admin@foresee.com|ExporterMaster.php
20 Nov 2014 17:57:33|1|admin@foresee.com|LoadingPort.php
20 Nov 2014 17:58:24|1|admin@foresee.com|LoadingPort.php
20 Nov 2014 17:58:27|1|admin@foresee.com|LoadingPort.php
20 Nov 2014 17:58:30|1|admin@foresee.com|ExporterMaster.php
20 Nov 2014 18:05:26|1|admin@foresee.com|ExporterMaster.php
20 Nov 2014 18:08:37|1|admin@foresee.com|ExporterMaster.php
20 Nov 2014 18:21:10|1|admin@foresee.com|ExporterMaster.php
20 Nov 2014 18:27:14|1|admin@foresee.com|ExporterMaster.php
20 Nov 2014 18:29:54|1|admin@foresee.com|ExporterMaster.php
21 Nov 2014 09:27:07|1|admin@foresee.com|Home.php
21 Nov 2014 09:29:36|1|admin@foresee.com|ExporterMaster.php
21 Nov 2014 09:35:26|1|admin@foresee.com|Home.php
21 Nov 2014 09:35:50|1|admin@foresee.com|Home.php
21 Nov 2014 09:36:20|1|admin@foresee.com|ExporterMaster.php
21 Nov 2014 09:38:07|1|admin@foresee.com|ExporterMaster.php
21 Nov 2014 09:39:05|1|admin@foresee.com|ExporterMaster.php
21 Nov 2014 09:40:03|1|admin@foresee.com|ExporterMaster.php
21 Nov 2014 09:55:28|1|admin@foresee.com|ExporterMaster.php
21 Nov 2014 09:55:37|1|admin@foresee.com|DailyCatchEntry_New.php
21 Nov 2014 09:56:19|1|admin@foresee.com|ExporterMaster.php
21 Nov 2014 09:59:46|1|admin@foresee.com|ExporterMaster.php
21 Nov 2014 09:59:54|1|admin@foresee.com|ExporterMaster.php
21 Nov 2014 10:05:02|1|admin@foresee.com|ExporterMaster.php
21 Nov 2014 10:05:13|1|admin@foresee.com|ExporterMaster.php
21 Nov 2014 10:05:21|1|admin@foresee.com|ExporterMaster.php
21 Nov 2014 10:06:46|1|admin@foresee.com|ExporterMaster.php
21 Nov 2014 10:06:50|1|admin@foresee.com|ExporterMaster.php
21 Nov 2014 10:07:46|1|admin@foresee.com|ExporterMaster.php
21 Nov 2014 10:08:36|1|admin@foresee.com|ExporterMaster.php
21 Nov 2014 10:08:41|1|admin@foresee.com|ExporterMaster.php
21 Nov 2014 10:08:56|1|admin@foresee.com|ExporterMaster.php
21 Nov 2014 10:14:17|1|admin@foresee.com|ExporterMaster.php
21 Nov 2014 10:18:59|1|admin@foresee.com|ExporterMaster.php
21 Nov 2014 10:19:51|1|admin@foresee.com|ExporterMaster.php
21 Nov 2014 10:30:39|1|admin@foresee.com|ExporterMaster.php
21 Nov 2014 10:30:48|1|admin@foresee.com|ExporterMaster.php
21 Nov 2014 10:39:14|1|admin@foresee.com|ExporterMaster.php
21 Nov 2014 10:40:43|1|admin@foresee.com|ExporterMaster.php
21 Nov 2014 10:42:20|1|admin@foresee.com|ExporterMaster.php
21 Nov 2014 10:42:25|1|admin@foresee.com|ExporterMaster.php
21 Nov 2014 10:42:31|1|admin@foresee.com|ExporterMaster.php
21 Nov 2014 10:42:55|1|admin@foresee.com|ExporterMaster.php
21 Nov 2014 10:44:57|1|admin@foresee.com|ExporterMaster.php
21 Nov 2014 10:45:00|1|admin@foresee.com|ExporterMaster.php
21 Nov 2014 10:50:05|1|admin@foresee.com|ExporterMaster.php
21 Nov 2014 10:50:36|1|admin@foresee.com|OrderProcessing.php
21 Nov 2014 10:51:40|1|admin@foresee.com|Invoice.php
21 Nov 2014 10:57:18|1|admin@foresee.com|ExporterMaster.php
21 Nov 2014 10:57:27|1|admin@foresee.com|ExporterMaster.php
21 Nov 2014 10:57:35|1|admin@foresee.com|ExporterMaster.php
21 Nov 2014 10:59:58|1|admin@foresee.com|ExporterMaster.php
21 Nov 2014 11:01:45|1|admin@foresee.com|ExporterMaster.php
21 Nov 2014 11:02:33|1|admin@foresee.com|ExporterMaster.php
21 Nov 2014 11:03:58|1|admin@foresee.com|ExporterMaster.php
21 Nov 2014 11:13:50|1|admin@foresee.com|ExporterMaster.php
21 Nov 2014 11:14:48|1|admin@foresee.com|ExporterMaster.php
21 Nov 2014 11:16:27|1|admin@foresee.com|ExporterMaster.php
21 Nov 2014 11:16:34|1|admin@foresee.com|ProcessCode.php
21 Nov 2014 11:16:50|1|admin@foresee.com|AgentMaster.php
21 Nov 2014 11:20:25|1|admin@foresee.com|ExporterMaster.php
21 Nov 2014 11:47:40|1|admin@foresee.com|ExporterMaster.php
21 Nov 2014 11:51:33|1|admin@foresee.com|ExporterMaster.php
21 Nov 2014 11:52:41|1|admin@foresee.com|ExporterMaster.php
21 Nov 2014 11:55:47|1|admin@foresee.com|ExporterMaster.php
21 Nov 2014 12:01:50|1|admin@foresee.com|ExporterMaster.php
21 Nov 2014 12:03:19|1|admin@foresee.com|ExporterMaster.php
21 Nov 2014 12:03:56|1|admin@foresee.com|ExporterMaster.php
21 Nov 2014 12:03:58|1|admin@foresee.com|ExporterMaster.php
21 Nov 2014 12:04:23|1|admin@foresee.com|ExporterMaster.php
21 Nov 2014 12:04:43|1|admin@foresee.com|ExporterMaster.php
21 Nov 2014 12:14:16|1|admin@foresee.com|ExporterMaster.php
21 Nov 2014 12:14:21|1|admin@foresee.com|ExporterMaster.php
21 Nov 2014 12:14:45|1|admin@foresee.com|ExporterMaster.php
21 Nov 2014 12:15:18|1|admin@foresee.com|ExporterMaster.php
21 Nov 2014 12:15:46|1|admin@foresee.com|ExporterMaster.php
21 Nov 2014 12:20:36|1|admin@foresee.com|ExporterMaster.php
21 Nov 2014 12:21:23|1|admin@foresee.com|ExporterMaster.php
21 Nov 2014 12:21:27|1|admin@foresee.com|ExporterMaster.php
21 Nov 2014 12:24:08|1|admin@foresee.com|ExporterMaster.php
21 Nov 2014 12:24:12|1|admin@foresee.com|ExporterMaster.php
21 Nov 2014 12:24:17|1|admin@foresee.com|ExporterMaster.php
21 Nov 2014 12:30:21|1|admin@foresee.com|ExporterMaster.php
21 Nov 2014 12:30:23|1|admin@foresee.com|ExporterMaster.php
21 Nov 2014 12:30:25|1|admin@foresee.com|ExporterMaster.php
21 Nov 2014 12:30:27|1|admin@foresee.com|ExporterMaster.php
21 Nov 2014 12:30:59|1|admin@foresee.com|ExporterMaster.php
21 Nov 2014 12:31:01|1|admin@foresee.com|ExporterMaster.php
21 Nov 2014 12:32:20|1|admin@foresee.com|ExporterMaster.php
21 Nov 2014 12:33:15|1|admin@foresee.com|ExporterMaster.php
21 Nov 2014 12:33:31|1|admin@foresee.com|ExporterMaster.php
21 Nov 2014 12:35:58|1|admin@foresee.com|ExporterMaster.php
21 Nov 2014 12:36:12|1|admin@foresee.com|ExporterMaster.php
21 Nov 2014 12:36:39|1|admin@foresee.com|ExporterMaster.php
21 Nov 2014 12:39:26|1|admin@foresee.com|ExporterMaster.php
21 Nov 2014 13:14:16|1|admin@foresee.com|ExporterMaster.php
21 Nov 2014 13:15:01|1|admin@foresee.com|ExporterMaster.php
21 Nov 2014 13:15:05|1|admin@foresee.com|ExporterMaster.php
21 Nov 2014 13:15:39|1|admin@foresee.com|ExporterMaster.php
21 Nov 2014 13:16:27|1|admin@foresee.com|ExporterMaster.php
21 Nov 2014 13:17:17|1|admin@foresee.com|ExporterMaster.php
21 Nov 2014 13:18:57|1|admin@foresee.com|ExporterMaster.php
21 Nov 2014 14:05:35|1|admin@foresee.com|ExporterMaster.php
21 Nov 2014 14:06:24|1|admin@foresee.com|ExporterMaster.php
21 Nov 2014 14:10:10|1|admin@foresee.com|ExporterMaster.php
21 Nov 2014 14:12:32|1|admin@foresee.com|ExporterMaster.php
21 Nov 2014 14:12:48|1|admin@foresee.com|ExporterMaster.php
21 Nov 2014 14:13:08|1|admin@foresee.com|ExporterMaster.php
21 Nov 2014 14:16:55|1|admin@foresee.com|ExporterMaster.php
21 Nov 2014 14:16:59|1|admin@foresee.com|ExporterMaster.php
21 Nov 2014 14:17:52|1|admin@foresee.com|ExporterMaster.php
21 Nov 2014 14:18:11|1|admin@foresee.com|ExporterMaster.php
21 Nov 2014 14:29:46|1|admin@foresee.com|ExporterMaster.php
21 Nov 2014 14:33:04|1|admin@foresee.com|ExporterMaster.php
21 Nov 2014 14:41:04|1|admin@foresee.com|ExporterMaster.php
21 Nov 2014 14:41:07|1|admin@foresee.com|ExporterMaster.php
21 Nov 2014 14:41:25|1|admin@foresee.com|ExporterMaster.php
21 Nov 2014 14:42:06|1|admin@foresee.com|LoadingPort.php
21 Nov 2014 14:42:12|1|admin@foresee.com|PrintLoadingPort.php
21 Nov 2014 14:46:06|1|admin@foresee.com|ExporterMaster.php
21 Nov 2014 14:46:19|1|admin@foresee.com|ExporterMaster.php
21 Nov 2014 14:46:20|1|admin@foresee.com|ExporterMaster.php
21 Nov 2014 14:46:21|1|admin@foresee.com|ExporterMaster.php
21 Nov 2014 14:46:22|1|admin@foresee.com|ExporterMaster.php
21 Nov 2014 14:46:59|1|admin@foresee.com|ExporterMaster.php
21 Nov 2014 14:47:04|1|admin@foresee.com|ExporterMaster.php
21 Nov 2014 14:47:06|1|admin@foresee.com|ExporterMaster.php
21 Nov 2014 14:48:03|1|admin@foresee.com|ExporterMaster.php
21 Nov 2014 14:49:10|1|admin@foresee.com|ExporterMaster.php
21 Nov 2014 14:49:20|1|admin@foresee.com|ExporterMaster.php
21 Nov 2014 14:49:30|1|admin@foresee.com|ExporterMaster.php
21 Nov 2014 14:49:39|1|admin@foresee.com|ExporterMaster.php
21 Nov 2014 14:49:42|1|admin@foresee.com|ExporterMaster.php
21 Nov 2014 14:49:45|1|admin@foresee.com|ExporterMaster.php
21 Nov 2014 14:51:17|1|admin@foresee.com|ExporterMaster.php
21 Nov 2014 14:51:20|1|admin@foresee.com|ExporterMaster.php
21 Nov 2014 14:52:04|1|admin@foresee.com|ExporterMaster.php
21 Nov 2014 14:52:07|1|admin@foresee.com|ExporterMaster.php
21 Nov 2014 14:52:48|1|admin@foresee.com|ExporterMaster.php
21 Nov 2014 14:53:56|1|admin@foresee.com|ExporterMaster.php
21 Nov 2014 14:55:49|1|admin@foresee.com|ExporterMaster.php
21 Nov 2014 14:56:07|1|admin@foresee.com|ExporterMaster.php
21 Nov 2014 14:56:11|1|admin@foresee.com|ExporterMaster.php
21 Nov 2014 15:01:39|1|admin@foresee.com|ExporterMaster.php
21 Nov 2014 15:04:22|1|admin@foresee.com|ExporterMaster.php
21 Nov 2014 15:04:32|1|admin@foresee.com|ExporterMaster.php
21 Nov 2014 15:05:51|1|admin@foresee.com|ExporterMaster.php
21 Nov 2014 15:06:21|1|admin@foresee.com|ExporterMaster.php
21 Nov 2014 15:06:33|1|admin@foresee.com|ExporterMaster.php
21 Nov 2014 15:06:35|1|admin@foresee.com|ExporterMaster.php
21 Nov 2014 15:06:43|1|admin@foresee.com|ExporterMaster.php
21 Nov 2014 15:06:58|1|admin@foresee.com|ExporterMaster.php
21 Nov 2014 15:07:02|1|admin@foresee.com|ExporterMaster.php
21 Nov 2014 15:07:22|1|admin@foresee.com|ExporterMaster.php
21 Nov 2014 15:07:26|1|admin@foresee.com|ExporterMaster.php
21 Nov 2014 15:08:55|1|admin@foresee.com|ExporterMaster.php
21 Nov 2014 15:09:11|1|admin@foresee.com|ExporterMaster.php
21 Nov 2014 15:12:54|1|admin@foresee.com|ExporterMaster.php
21 Nov 2014 15:13:51|1|admin@foresee.com|ExporterMaster.php
21 Nov 2014 15:27:20|1|admin@foresee.com|ExporterMaster.php
21 Nov 2014 15:27:44|1|admin@foresee.com|ExporterMaster.php
21 Nov 2014 15:28:01|1|admin@foresee.com|ExporterMaster.php
21 Nov 2014 15:29:04|1|admin@foresee.com|ExporterMaster.php
21 Nov 2014 15:31:16|1|admin@foresee.com|ExporterMaster.php
21 Nov 2014 15:41:40|1|admin@foresee.com|LoadingPort.php
21 Nov 2014 15:41:52|1|admin@foresee.com|FishMaster.php
21 Nov 2014 15:41:54|1|admin@foresee.com|FishMaster.php
21 Nov 2014 15:42:15|1|admin@foresee.com|PondMaster.php
21 Nov 2014 15:42:17|1|admin@foresee.com|PondMaster.php
21 Nov 2014 15:47:16|1|admin@foresee.com|ExporterMaster.php
21 Nov 2014 15:47:51|1|admin@foresee.com|ExporterMaster.php
21 Nov 2014 16:47:40|1|admin@foresee.com|ExporterMaster.php
21 Nov 2014 16:48:32|1|admin@foresee.com|ExporterMaster.php
21 Nov 2014 16:49:58|1|admin@foresee.com|ExporterMaster.php
21 Nov 2014 16:50:10|1|admin@foresee.com|ExporterMaster.php
21 Nov 2014 16:50:55|1|admin@foresee.com|ExporterMaster.php
21 Nov 2014 16:51:35|1|admin@foresee.com|ExporterMaster.php
21 Nov 2014 16:52:12|1|admin@foresee.com|ExporterMaster.php
21 Nov 2014 16:52:32|1|admin@foresee.com|ExporterMaster.php
21 Nov 2014 16:52:35|1|admin@foresee.com|ExporterMaster.php
21 Nov 2014 16:53:09|1|admin@foresee.com|ExporterMaster.php
21 Nov 2014 16:53:27|1|admin@foresee.com|ExporterMaster.php
21 Nov 2014 16:54:11|1|admin@foresee.com|ExporterMaster.php
21 Nov 2014 16:54:33|1|admin@foresee.com|ExporterMaster.php
21 Nov 2014 16:54:50|1|admin@foresee.com|ExporterMaster.php
21 Nov 2014 16:55:23|1|admin@foresee.com|ExporterMaster.php
21 Nov 2014 16:55:33|1|admin@foresee.com|ExporterMaster.php
21 Nov 2014 16:55:36|1|admin@foresee.com|ExporterMaster.php
21 Nov 2014 16:55:46|1|admin@foresee.com|ExporterMaster.php
21 Nov 2014 16:56:29|1|admin@foresee.com|ExporterMaster.php
21 Nov 2014 16:57:00|1|admin@foresee.com|ExporterMaster.php
21 Nov 2014 16:57:09|1|admin@foresee.com|ExporterMaster.php
21 Nov 2014 17:00:53|1|admin@foresee.com|ExporterMaster.php
21 Nov 2014 17:01:13|1|admin@foresee.com|ExporterMaster.php
21 Nov 2014 17:01:17|1|admin@foresee.com|ExporterMaster.php
21 Nov 2014 17:01:48|1|admin@foresee.com|ExporterMaster.php
21 Nov 2014 17:01:52|1|admin@foresee.com|ExporterMaster.php
21 Nov 2014 17:03:03|1|admin@foresee.com|ExporterMaster.php
21 Nov 2014 17:03:07|1|admin@foresee.com|ExporterMaster.php
21 Nov 2014 17:03:45|1|admin@foresee.com|ExporterMaster.php
21 Nov 2014 17:07:45|1|admin@foresee.com|ExporterMaster.php
21 Nov 2014 17:07:49|1|admin@foresee.com|ExporterMaster.php
21 Nov 2014 17:09:16|1|admin@foresee.com|ExporterMaster.php
21 Nov 2014 17:09:18|1|admin@foresee.com|ExporterMaster.php
21 Nov 2014 17:11:26|1|admin@foresee.com|ExporterMaster.php
21 Nov 2014 17:11:27|1|admin@foresee.com|ExporterMaster.php
21 Nov 2014 17:11:51|1|admin@foresee.com|ExporterMaster.php
21 Nov 2014 17:12:59|1|admin@foresee.com|ExporterMaster.php
21 Nov 2014 17:13:41|1|admin@foresee.com|ExporterMaster.php
21 Nov 2014 17:14:02|1|admin@foresee.com|ExporterMaster.phP
21 Nov 2014 17:14:05|1|admin@foresee.com|ExporterMaster.php
21 Nov 2014 17:14:40|1|admin@foresee.com|ExporterMaster.php
21 Nov 2014 17:14:42|1|admin@foresee.com|ExporterMaster.php
21 Nov 2014 17:16:16|1|admin@foresee.com|ExporterMaster.php
21 Nov 2014 17:17:02|1|admin@foresee.com|ExporterMaster.php
21 Nov 2014 17:17:05|1|admin@foresee.com|ExporterMaster.php
21 Nov 2014 17:18:12|1|admin@foresee.com|ExporterMaster.php
21 Nov 2014 17:20:18|1|admin@foresee.com|ExporterMaster.php
21 Nov 2014 17:21:18|1|admin@foresee.com|ExporterMaster.php
21 Nov 2014 17:22:47|1|admin@foresee.com|ExporterMaster.php
21 Nov 2014 17:28:13|1|admin@foresee.com|ExporterMaster.php
21 Nov 2014 17:28:44|1|admin@foresee.com|ExporterMaster.php
21 Nov 2014 17:30:09|1|admin@foresee.com|ExporterMaster.php
21 Nov 2014 17:31:10|1|admin@foresee.com|ExporterMaster.php
21 Nov 2014 17:32:08|1|admin@foresee.com|ExporterMaster.php
21 Nov 2014 17:32:49|1|admin@foresee.com|ExporterMaster.php
21 Nov 2014 17:34:16|1|admin@foresee.com|ExporterMaster.php
21 Nov 2014 17:36:47|1|admin@foresee.com|ExporterMaster.php
21 Nov 2014 17:37:28|1|admin@foresee.com|ExporterMaster.php
21 Nov 2014 17:39:44|1|admin@foresee.com|ExporterMaster.php
21 Nov 2014 17:42:09|1|admin@foresee.com|ExporterMaster.php
21 Nov 2014 17:44:54|1|admin@foresee.com|ExporterMaster.php
21 Nov 2014 17:47:02|1|admin@foresee.com|ExporterMaster.php
21 Nov 2014 17:47:40|1|admin@foresee.com|ExporterMaster.php
21 Nov 2014 17:48:47|1|admin@foresee.com|ExporterMaster.php
21 Nov 2014 17:49:38|1|admin@foresee.com|ExporterMaster.php
21 Nov 2014 17:50:18|1|admin@foresee.com|ExporterMaster.php
21 Nov 2014 17:52:04|1|admin@foresee.com|ExporterMaster.php
21 Nov 2014 17:53:11|1|admin@foresee.com|ExporterMaster.php
21 Nov 2014 17:53:16|1|admin@foresee.com|ExporterMaster.php
21 Nov 2014 17:53:44|1|admin@foresee.com|ExporterMaster.php
21 Nov 2014 17:59:21|1|admin@foresee.com|ExporterMaster.php
21 Nov 2014 18:00:13|1|admin@foresee.com|ExporterMaster.php
21 Nov 2014 18:00:37|1|admin@foresee.com|ExporterMaster.php
21 Nov 2014 18:03:04|1|admin@foresee.com|ExporterMaster.php
21 Nov 2014 18:06:25|1|admin@foresee.com|ExporterMaster.php
21 Nov 2014 18:10:23|1|admin@foresee.com|ExporterMaster.php
22 Nov 2014 09:42:38|1|admin@foresee.com|Home.php
22 Nov 2014 09:42:47|1|admin@foresee.com|ExporterMaster.php
22 Nov 2014 09:44:01|1|admin@foresee.com|ExporterMaster.php
22 Nov 2014 09:51:01|1|admin@foresee.com|ExporterMaster.php
22 Nov 2014 09:52:09|1|admin@foresee.com|ExporterMaster.php
22 Nov 2014 09:54:00|1|admin@foresee.com|ExporterMaster.php
22 Nov 2014 09:54:41|1|admin@foresee.com|ExporterMaster.php
22 Nov 2014 09:57:26|1|admin@foresee.com|ExporterMaster.php
22 Nov 2014 09:58:00|1|admin@foresee.com|ExporterMaster.php
22 Nov 2014 09:58:16|1|admin@foresee.com|ExporterMaster.php
22 Nov 2014 09:59:37|1|admin@foresee.com|ExporterMaster.php
22 Nov 2014 09:59:54|1|admin@foresee.com|ExporterMaster.php
22 Nov 2014 09:59:59|1|admin@foresee.com|ExporterMaster.php
22 Nov 2014 10:08:42|1|admin@foresee.com|ExporterMaster.php
22 Nov 2014 10:08:56|1|admin@foresee.com|ExporterMaster.php
22 Nov 2014 10:18:06|1|admin@foresee.com|ExporterMaster.php
22 Nov 2014 10:19:27|1|admin@foresee.com|ExporterMaster.php
22 Nov 2014 10:20:31|1|admin@foresee.com|ExporterMaster.php
22 Nov 2014 10:21:19|1|admin@foresee.com|ExporterMaster.php
22 Nov 2014 10:22:10|1|admin@foresee.com|ExporterMaster.php
22 Nov 2014 10:25:38|1|admin@foresee.com|ExporterMaster.php
22 Nov 2014 10:32:41|1|admin@foresee.com|ExporterMaster.php
22 Nov 2014 10:33:16|1|admin@foresee.com|ExporterMaster.php
22 Nov 2014 10:33:56|1|admin@foresee.com|ExporterMaster.php
22 Nov 2014 10:38:48|1|admin@foresee.com|ExporterMaster.php
22 Nov 2014 10:40:26|1|admin@foresee.com|ExporterMaster.php
22 Nov 2014 10:40:40|1|admin@foresee.com|ExporterMaster.php
22 Nov 2014 10:51:07|1|admin@foresee.com|ExporterMaster.php
22 Nov 2014 11:08:51|1|admin@foresee.com|ExporterMaster.php
22 Nov 2014 11:18:28|1|admin@foresee.com|ExporterMaster.php
22 Nov 2014 11:19:48|1|admin@foresee.com|ExporterMaster.php
22 Nov 2014 11:20:37|1|admin@foresee.com|ExporterMaster.php
22 Nov 2014 11:20:44|1|admin@foresee.com|ExporterMaster.php
22 Nov 2014 11:21:25|1|admin@foresee.com|ExporterMaster.php
22 Nov 2014 11:22:16|1|admin@foresee.com|ExporterMaster.php
22 Nov 2014 11:22:30|1|admin@foresee.com|ExporterMaster.php
22 Nov 2014 11:22:37|1|admin@foresee.com|ExporterMaster.php
22 Nov 2014 11:23:14|1|admin@foresee.com|ExporterMaster.php
22 Nov 2014 11:23:23|1|admin@foresee.com|ExporterMaster.php
22 Nov 2014 11:23:30|1|admin@foresee.com|ExporterMaster.php
22 Nov 2014 11:24:29|1|admin@foresee.com|ExporterMaster.php
22 Nov 2014 11:27:00|1|admin@foresee.com|ExporterMaster.php
22 Nov 2014 11:27:04|1|admin@foresee.com|ExporterMaster.php
22 Nov 2014 11:27:06|1|admin@foresee.com|ExporterMaster.php
22 Nov 2014 11:27:10|1|admin@foresee.com|ExporterMaster.php
22 Nov 2014 11:27:18|1|admin@foresee.com|ExporterMaster.php
22 Nov 2014 11:27:19|1|admin@foresee.com|ExporterMaster.php
22 Nov 2014 11:27:23|1|admin@foresee.com|ExporterMaster.php
22 Nov 2014 11:27:34|1|admin@foresee.com|ExporterMaster.php
22 Nov 2014 11:27:56|1|admin@foresee.com|ExporterMaster.php
22 Nov 2014 11:27:59|1|admin@foresee.com|ExporterMaster.php
22 Nov 2014 11:28:11|1|admin@foresee.com|ExporterMaster.php
22 Nov 2014 11:28:13|1|admin@foresee.com|ExporterMaster.php
22 Nov 2014 11:28:17|1|admin@foresee.com|ExporterMaster.php
22 Nov 2014 11:28:24|1|admin@foresee.com|ExporterMaster.php
22 Nov 2014 11:28:26|1|admin@foresee.com|ExporterMaster.php
22 Nov 2014 11:28:53|1|admin@foresee.com|ExporterMaster.php
22 Nov 2014 11:28:54|1|admin@foresee.com|ExporterMaster.php
22 Nov 2014 12:07:34|1|admin@foresee.com|ExporterMaster.php
22 Nov 2014 12:13:04|1|admin@foresee.com|ExporterMaster.php
22 Nov 2014 12:13:06|1|admin@foresee.com|ExporterMaster.php
22 Nov 2014 12:13:12|1|admin@foresee.com|ExporterMaster.php
22 Nov 2014 12:13:16|1|admin@foresee.com|ExporterMaster.php
22 Nov 2014 12:16:05|1|admin@foresee.com|ExporterMaster.php
22 Nov 2014 12:16:07|1|admin@foresee.com|ExporterMaster.php
22 Nov 2014 12:19:11|1|admin@foresee.com|ExporterMaster.php
22 Nov 2014 12:19:21|1|admin@foresee.com|ExporterMaster.php
22 Nov 2014 12:20:00|1|admin@foresee.com|ExporterMaster.php
22 Nov 2014 12:20:02|1|admin@foresee.com|ExporterMaster.php
22 Nov 2014 12:20:17|1|admin@foresee.com|ExporterMaster.php
22 Nov 2014 12:20:18|1|admin@foresee.com|ExporterMaster.php
22 Nov 2014 12:22:10|1|admin@foresee.com|ExporterMaster.php
22 Nov 2014 12:22:15|1|admin@foresee.com|ExporterMaster.php
22 Nov 2014 12:22:17|1|admin@foresee.com|ExporterMaster.php
22 Nov 2014 12:22:22|1|admin@foresee.com|ExporterMaster.php
22 Nov 2014 12:22:23|1|admin@foresee.com|ExporterMaster.php
22 Nov 2014 12:35:33|1|admin@foresee.com|ExporterMaster.php
22 Nov 2014 12:35:40|1|admin@foresee.com|ExporterMaster.php
22 Nov 2014 12:35:41|1|admin@foresee.com|ExporterMaster.php
22 Nov 2014 12:36:50|1|admin@foresee.com|ExporterMaster.php
22 Nov 2014 12:37:47|1|admin@foresee.com|ExporterMaster.php
22 Nov 2014 12:37:50|1|admin@foresee.com|ExporterMaster.php
22 Nov 2014 12:38:03|1|admin@foresee.com|ExporterMaster.php
22 Nov 2014 12:39:18|1|admin@foresee.com|ExporterMaster.php
22 Nov 2014 12:39:24|1|admin@foresee.com|ExporterMaster.php
22 Nov 2014 12:40:03|1|admin@foresee.com|ExporterMaster.php
22 Nov 2014 12:40:25|1|admin@foresee.com|ExporterMaster.php
22 Nov 2014 12:40:27|1|admin@foresee.com|ExporterMaster.php
22 Nov 2014 12:40:38|1|admin@foresee.com|ExporterMaster.php
22 Nov 2014 12:41:10|1|admin@foresee.com|ExporterMaster.php
22 Nov 2014 12:41:35|1|admin@foresee.com|ExporterMaster.php
22 Nov 2014 12:41:37|1|admin@foresee.com|ExporterMaster.php
22 Nov 2014 12:41:42|1|admin@foresee.com|ExporterMaster.php
22 Nov 2014 12:41:44|1|admin@foresee.com|ExporterMaster.php
22 Nov 2014 12:41:54|1|admin@foresee.com|ExporterMaster.php
22 Nov 2014 12:42:37|1|admin@foresee.com|ExporterMaster.php
22 Nov 2014 12:42:38|1|admin@foresee.com|ExporterMaster.php
22 Nov 2014 12:42:43|1|admin@foresee.com|ExporterMaster.php
22 Nov 2014 12:42:44|1|admin@foresee.com|ExporterMaster.php
22 Nov 2014 12:44:37|1|admin@foresee.com|ExporterMaster.php
22 Nov 2014 12:44:39|1|admin@foresee.com|ExporterMaster.php
22 Nov 2014 12:45:06|1|admin@foresee.com|ExporterMaster.php
22 Nov 2014 12:45:07|1|admin@foresee.com|ExporterMaster.php
22 Nov 2014 12:45:13|1|admin@foresee.com|ExporterMaster.php
22 Nov 2014 12:45:15|1|admin@foresee.com|ExporterMaster.php
22 Nov 2014 12:45:44|1|admin@foresee.com|ExporterMaster.php
22 Nov 2014 12:48:33|1|admin@foresee.com|ExporterMaster.php
22 Nov 2014 12:48:36|1|admin@foresee.com|ExporterMaster.php
22 Nov 2014 12:50:04|1|admin@foresee.com|LoadingPort.php
22 Nov 2014 12:50:07|1|admin@foresee.com|PrintLoadingPort.php
22 Nov 2014 12:51:52|1|admin@foresee.com|ExporterMaster.php
22 Nov 2014 12:51:55|1|admin@foresee.com|PrintExporterMaster.php
22 Nov 2014 12:55:03|1|admin@foresee.com|ExporterMaster.php
22 Nov 2014 12:55:07|1|admin@foresee.com|PrintExporterMaster.php
22 Nov 2014 12:56:13|1|admin@foresee.com|PrintExporterMaster.php
22 Nov 2014 12:56:45|1|admin@foresee.com|ExporterMaster.php
22 Nov 2014 12:56:47|1|admin@foresee.com|PrintExporterMaster.php
22 Nov 2014 12:57:52|1|admin@foresee.com|ExporterMaster.php
22 Nov 2014 12:57:54|1|admin@foresee.com|PrintExporterMaster.php
22 Nov 2014 12:58:47|1|admin@foresee.com|ExporterMaster.php
22 Nov 2014 12:58:50|1|admin@foresee.com|PrintExporterMaster.php
22 Nov 2014 13:04:40|1|admin@foresee.com|PrintExporterMaster.php
22 Nov 2014 13:05:53|1|admin@foresee.com|PrintExporterMaster.php
22 Nov 2014 13:06:31|1|admin@foresee.com|ExporterMaster.php
22 Nov 2014 13:06:33|1|admin@foresee.com|PrintExporterMaster.php
22 Nov 2014 13:07:04|1|admin@foresee.com|ExporterMaster.php
22 Nov 2014 13:07:06|1|admin@foresee.com|PrintExporterMaster.php
22 Nov 2014 13:08:36|1|admin@foresee.com|ExporterMaster.php
22 Nov 2014 13:08:52|1|admin@foresee.com|ExporterMaster.php
22 Nov 2014 13:09:34|1|admin@foresee.com|ExporterMaster.php
22 Nov 2014 13:10:53|1|admin@foresee.com|ExporterMaster.php
22 Nov 2014 13:12:23|1|admin@foresee.com|ExporterMaster.php
22 Nov 2014 13:12:35|1|admin@foresee.com|ExporterMaster.php
22 Nov 2014 13:14:11|1|admin@foresee.com|ExporterMaster.php
22 Nov 2014 13:14:18|1|admin@foresee.com|PrintExporterMaster.php
22 Nov 2014 13:15:19|1|admin@foresee.com|ExporterMaster.php
22 Nov 2014 13:15:58|1|admin@foresee.com|PrintExporterMaster.php
22 Nov 2014 14:31:35|1|admin@foresee.com|ExporterMaster.php
22 Nov 2014 14:31:43|1|admin@foresee.com|ExporterMaster.php
22 Nov 2014 14:31:45|1|admin@foresee.com|ExporterMaster.php
22 Nov 2014 14:36:13|1|admin@foresee.com|FishMaster.php
22 Nov 2014 14:36:58|1|admin@foresee.com|ExporterMaster.php
22 Nov 2014 14:37:26|1|admin@foresee.com|Invoice.php
22 Nov 2014 14:37:50|1|admin@foresee.com|Container.php
22 Nov 2014 14:37:53|1|admin@foresee.com|Container.php
22 Nov 2014 14:37:53|1|admin@foresee.com|Container.php
22 Nov 2014 14:41:06|1|admin@foresee.com|Invoice.php
22 Nov 2014 14:41:09|1|admin@foresee.com|Invoice.php
22 Nov 2014 14:41:10|1|admin@foresee.com|Invoice.php
22 Nov 2014 14:44:27|1|admin@foresee.com|FrozenStockAllocation.php
22 Nov 2014 14:44:33|1|admin@foresee.com|FrozenStockAllocation.php
22 Nov 2014 14:48:31|1|admin@foresee.com|Container.php
22 Nov 2014 14:48:32|1|admin@foresee.com|Container.php
22 Nov 2014 15:01:05|1|admin@foresee.com|ManageChallan.php
22 Nov 2014 15:01:20|1|admin@foresee.com|ManageChallan.php
22 Nov 2014 15:01:28|1|admin@foresee.com|ManageChallan.php
22 Nov 2014 15:01:30|1|admin@foresee.com|ManageChallan.php
22 Nov 2014 15:02:24|1|admin@foresee.com|ManageChallan.php
22 Nov 2014 15:02:28|1|admin@foresee.com|ManageChallan.php
22 Nov 2014 15:02:32|1|admin@foresee.com|ManageChallan.php
22 Nov 2014 15:02:34|1|admin@foresee.com|ManageChallan.php
22 Nov 2014 15:02:50|1|admin@foresee.com|ManageChallan.php
22 Nov 2014 15:03:05|1|admin@foresee.com|ManageChallan.php
22 Nov 2014 15:05:17|1|admin@foresee.com|ManageChallan.php
22 Nov 2014 15:05:26|1|admin@foresee.com|ManageChallan.php
22 Nov 2014 15:05:31|1|admin@foresee.com|ManageChallan.php
22 Nov 2014 15:05:32|1|admin@foresee.com|ManageChallan.php
22 Nov 2014 15:05:33|1|admin@foresee.com|ManageChallan.php
22 Nov 2014 15:05:34|1|admin@foresee.com|ManageChallan.php
22 Nov 2014 15:05:50|1|admin@foresee.com|ManageChallan.php
22 Nov 2014 15:05:58|1|admin@foresee.com|ManageChallan.php
22 Nov 2014 15:06:03|1|admin@foresee.com|ManageChallan.php
22 Nov 2014 15:06:04|1|admin@foresee.com|ManageChallan.php
22 Nov 2014 15:06:11|1|admin@foresee.com|ManageChallan.php
22 Nov 2014 15:06:11|1|admin@foresee.com|ManageChallan.php
22 Nov 2014 15:06:11|1|admin@foresee.com|ManageChallan.php
22 Nov 2014 15:06:13|1|admin@foresee.com|ManageChallan.php
22 Nov 2014 15:06:16|1|admin@foresee.com|ManageChallan.php
22 Nov 2014 15:06:36|1|admin@foresee.com|ManageChallan.php
22 Nov 2014 15:18:14|1|admin@foresee.com|Container.php
22 Nov 2014 15:18:14|1|admin@foresee.com|Container.php
22 Nov 2014 15:18:27|1|admin@foresee.com|Container.php
22 Nov 2014 15:18:27|1|admin@foresee.com|Container.php
22 Nov 2014 15:18:31|1|admin@foresee.com|Container.php
22 Nov 2014 15:18:32|1|admin@foresee.com|Container.php
22 Nov 2014 15:18:35|1|admin@foresee.com|Container.php
22 Nov 2014 15:18:36|1|admin@foresee.com|Container.php
22 Nov 2014 15:18:40|1|admin@foresee.com|Container.php
22 Nov 2014 15:18:41|1|admin@foresee.com|Container.php
22 Nov 2014 15:18:44|1|admin@foresee.com|Container.php
22 Nov 2014 15:18:47|1|admin@foresee.com|Container.php
22 Nov 2014 15:18:53|1|admin@foresee.com|Container.php
22 Nov 2014 15:18:54|1|admin@foresee.com|Container.php
22 Nov 2014 15:18:54|1|admin@foresee.com|Container.php
22 Nov 2014 15:42:03|1|admin@foresee.com|Container.php
22 Nov 2014 15:42:04|1|admin@foresee.com|Container.php
22 Nov 2014 15:42:46|1|admin@foresee.com|Container.php
22 Nov 2014 15:42:47|1|admin@foresee.com|Container.php
22 Nov 2014 15:43:00|1|admin@foresee.com|Container.php
22 Nov 2014 15:43:01|1|admin@foresee.com|Container.php
22 Nov 2014 15:43:13|1|admin@foresee.com|Container.php
22 Nov 2014 15:43:14|1|admin@foresee.com|Container.php
22 Nov 2014 15:44:16|1|admin@foresee.com|Container.php
22 Nov 2014 15:44:17|1|admin@foresee.com|Container.php
22 Nov 2014 15:44:37|1|admin@foresee.com|Container.php
22 Nov 2014 15:44:38|1|admin@foresee.com|Container.php
22 Nov 2014 15:45:13|1|admin@foresee.com|Container.php
22 Nov 2014 15:45:13|1|admin@foresee.com|Container.php
22 Nov 2014 15:48:26|1|admin@foresee.com|Container.php
22 Nov 2014 15:48:26|1|admin@foresee.com|Container.php
22 Nov 2014 15:49:17|1|admin@foresee.com|Container.php
22 Nov 2014 15:49:17|1|admin@foresee.com|Container.php
22 Nov 2014 15:49:47|1|admin@foresee.com|Container.php
22 Nov 2014 15:49:47|1|admin@foresee.com|Container.php
22 Nov 2014 15:52:25|1|admin@foresee.com|Container.php
22 Nov 2014 15:52:26|1|admin@foresee.com|Container.php
22 Nov 2014 15:53:03|1|admin@foresee.com|Container.php
22 Nov 2014 15:53:04|1|admin@foresee.com|Container.php
22 Nov 2014 15:53:19|1|admin@foresee.com|Container.php
22 Nov 2014 15:53:20|1|admin@foresee.com|Container.php
22 Nov 2014 15:53:29|1|admin@foresee.com|Container.php
22 Nov 2014 15:53:29|1|admin@foresee.com|Container.php
22 Nov 2014 15:53:40|1|admin@foresee.com|Container.php
22 Nov 2014 15:53:41|1|admin@foresee.com|Container.php
22 Nov 2014 15:54:19|1|admin@foresee.com|Container.php
22 Nov 2014 15:54:20|1|admin@foresee.com|Container.php
22 Nov 2014 15:54:43|1|admin@foresee.com|Container.php
22 Nov 2014 15:54:44|1|admin@foresee.com|Container.php
22 Nov 2014 15:55:54|1|admin@foresee.com|Container.php
22 Nov 2014 15:55:54|1|admin@foresee.com|Container.php
22 Nov 2014 15:56:30|1|admin@foresee.com|Container.php
22 Nov 2014 15:56:30|1|admin@foresee.com|Container.php
22 Nov 2014 15:58:02|1|admin@foresee.com|Container.php
22 Nov 2014 15:58:02|1|admin@foresee.com|Container.php
22 Nov 2014 15:58:19|1|admin@foresee.com|Container.php
22 Nov 2014 15:58:19|1|admin@foresee.com|Container.php
24 Nov 2014 08:50:02|1|admin@foresee.com|Home.php
24 Nov 2014 08:57:18|1|admin@foresee.com|ManageRMLOTID.php
24 Nov 2014 08:57:22|1|admin@foresee.com|ManageRMLOTID.php
24 Nov 2014 08:57:26|1|admin@foresee.com|ManageRMLOTID.php
24 Nov 2014 08:57:36|1|admin@foresee.com|ManageRMLOTID.php
24 Nov 2014 08:57:39|1|admin@foresee.com|ManageRMLOTID.php
24 Nov 2014 08:57:43|1|admin@foresee.com|ManageRMLOTID.php
24 Nov 2014 08:57:47|1|admin@foresee.com|ManageRMLOTID.php
24 Nov 2014 08:57:50|1|admin@foresee.com|ManageRMLOTID.php
24 Nov 2014 09:09:29|1|admin@foresee.com|Container.php
24 Nov 2014 09:09:31|1|admin@foresee.com|Container.php
24 Nov 2014 09:09:31|1|admin@foresee.com|Container.php
24 Nov 2014 09:11:08|1|admin@foresee.com|Container.php
24 Nov 2014 09:11:09|1|admin@foresee.com|Container.php
24 Nov 2014 09:15:29|1|admin@foresee.com|Container.php
24 Nov 2014 09:15:29|1|admin@foresee.com|Container.php
24 Nov 2014 09:22:38|1|admin@foresee.com|Container.php
24 Nov 2014 09:22:38|1|admin@foresee.com|Container.php
24 Nov 2014 09:24:01|1|admin@foresee.com|Container.php
24 Nov 2014 09:24:02|1|admin@foresee.com|Container.php
24 Nov 2014 09:25:06|1|admin@foresee.com|Container.php
24 Nov 2014 09:25:12|1|admin@foresee.com|Container.php
24 Nov 2014 09:25:16|1|admin@foresee.com|Container.php
24 Nov 2014 09:26:16|1|admin@foresee.com|Container.php
24 Nov 2014 09:26:18|1|admin@foresee.com|Container.php
24 Nov 2014 09:26:18|1|admin@foresee.com|Container.php
24 Nov 2014 09:26:44|1|admin@foresee.com|Container.php
24 Nov 2014 09:26:46|1|admin@foresee.com|Container.php
24 Nov 2014 09:27:31|1|admin@foresee.com|Container.php
24 Nov 2014 09:27:32|1|admin@foresee.com|Container.php
24 Nov 2014 09:29:35|1|admin@foresee.com|Container.php
24 Nov 2014 09:29:36|1|admin@foresee.com|Container.php
24 Nov 2014 09:30:05|1|admin@foresee.com|Container.php
24 Nov 2014 09:30:06|1|admin@foresee.com|Container.php
24 Nov 2014 09:30:43|1|admin@foresee.com|Container.php
24 Nov 2014 09:30:44|1|admin@foresee.com|Container.php
24 Nov 2014 09:33:28|1|admin@foresee.com|Container.php
24 Nov 2014 09:33:28|1|admin@foresee.com|Container.php
24 Nov 2014 09:33:36|1|admin@foresee.com|Container.php
24 Nov 2014 09:33:36|1|admin@foresee.com|Container.php
24 Nov 2014 09:33:36|1|admin@foresee.com|Container.php
24 Nov 2014 09:33:38|1|admin@foresee.com|Container.php
24 Nov 2014 09:33:38|1|admin@foresee.com|Container.php
24 Nov 2014 09:33:39|1|admin@foresee.com|Container.php
24 Nov 2014 09:33:43|1|admin@foresee.com|Container.php
24 Nov 2014 09:33:43|1|admin@foresee.com|Container.php
24 Nov 2014 09:33:52|1|admin@foresee.com|Container.php
24 Nov 2014 09:33:53|1|admin@foresee.com|Container.php
24 Nov 2014 09:33:55|1|admin@foresee.com|Container.php
24 Nov 2014 09:33:56|1|admin@foresee.com|Container.php
24 Nov 2014 09:34:00|1|admin@foresee.com|Container.php
24 Nov 2014 09:34:14|1|admin@foresee.com|PrintContainer.php
24 Nov 2014 09:35:29|1|admin@foresee.com|Container.php
24 Nov 2014 09:38:06|1|admin@foresee.com|Invoice.php
24 Nov 2014 09:39:22|1|admin@foresee.com|Invoice.php
24 Nov 2014 09:39:23|1|admin@foresee.com|Invoice.php
24 Nov 2014 09:40:02|1|admin@foresee.com|Invoice.php
24 Nov 2014 09:40:19|1|admin@foresee.com|Container.php
24 Nov 2014 09:40:19|1|admin@foresee.com|Container.php
24 Nov 2014 09:44:01|1|admin@foresee.com|ExporterMaster.php
24 Nov 2014 09:48:01|1|admin@foresee.com|ExporterMaster.php
24 Nov 2014 09:49:14|1|admin@foresee.com|Container.php
24 Nov 2014 09:49:16|1|admin@foresee.com|PrintContainer.php
24 Nov 2014 09:49:34|1|admin@foresee.com|Container.php
24 Nov 2014 09:53:51|1|admin@foresee.com|ManageChallan.php
24 Nov 2014 09:55:24|1|admin@foresee.com|UnitTransfer.php
24 Nov 2014 09:55:47|1|admin@foresee.com|UnitMaster.php
24 Nov 2014 09:55:56|1|admin@foresee.com|PlantsandUnits.php
24 Nov 2014 09:56:18|1|admin@foresee.com|Invoice.php
24 Nov 2014 09:56:21|1|admin@foresee.com|Invoice.php
24 Nov 2014 09:56:23|1|admin@foresee.com|Invoice.php
24 Nov 2014 10:01:07|1|admin@foresee.com|Invoice.php
24 Nov 2014 10:01:08|1|admin@foresee.com|Invoice.php
24 Nov 2014 10:01:11|1|admin@foresee.com|Invoice.php
24 Nov 2014 10:01:13|1|admin@foresee.com|Invoice.php
24 Nov 2014 10:02:01|1|admin@foresee.com|Invoice.php
24 Nov 2014 10:02:02|1|admin@foresee.com|Invoice.php
24 Nov 2014 10:02:05|1|admin@foresee.com|Invoice.php
24 Nov 2014 10:02:07|1|admin@foresee.com|Invoice.php
24 Nov 2014 10:04:14|1|admin@foresee.com|Invoice.php
24 Nov 2014 10:04:14|1|admin@foresee.com|Invoice.php
24 Nov 2014 10:04:16|1|admin@foresee.com|Invoice.php
24 Nov 2014 10:04:19|1|admin@foresee.com|Invoice.php
24 Nov 2014 10:04:53|1|admin@foresee.com|Invoice.php
24 Nov 2014 10:04:53|1|admin@foresee.com|Invoice.php
24 Nov 2014 10:04:55|1|admin@foresee.com|Invoice.php
24 Nov 2014 10:05:41|1|admin@foresee.com|Invoice.php
24 Nov 2014 10:05:42|1|admin@foresee.com|Invoice.php
24 Nov 2014 10:05:44|1|admin@foresee.com|Invoice.php
24 Nov 2014 10:06:14|1|admin@foresee.com|Invoice.php
24 Nov 2014 10:06:14|1|admin@foresee.com|Invoice.php
24 Nov 2014 10:06:21|1|admin@foresee.com|Invoice.php
24 Nov 2014 10:07:37|1|admin@foresee.com|Invoice.php
24 Nov 2014 10:07:38|1|admin@foresee.com|Invoice.php
24 Nov 2014 10:07:39|1|admin@foresee.com|Invoice.php
24 Nov 2014 10:08:51|1|admin@foresee.com|Invoice.php
24 Nov 2014 10:08:52|1|admin@foresee.com|Invoice.php
24 Nov 2014 10:08:53|1|admin@foresee.com|Invoice.php
24 Nov 2014 10:10:20|1|admin@foresee.com|Invoice.php
24 Nov 2014 10:10:20|1|admin@foresee.com|Invoice.php
24 Nov 2014 10:10:22|1|admin@foresee.com|Invoice.php
24 Nov 2014 10:11:22|1|admin@foresee.com|Invoice.php
24 Nov 2014 10:11:22|1|admin@foresee.com|Invoice.php
24 Nov 2014 10:11:24|1|admin@foresee.com|Invoice.php
24 Nov 2014 10:13:15|1|admin@foresee.com|Invoice.php
24 Nov 2014 10:13:16|1|admin@foresee.com|Invoice.php
24 Nov 2014 10:13:18|1|admin@foresee.com|Invoice.php
24 Nov 2014 10:15:36|1|admin@foresee.com|Invoice.php
24 Nov 2014 10:15:36|1|admin@foresee.com|Invoice.php
24 Nov 2014 10:15:38|1|admin@foresee.com|Invoice.php
24 Nov 2014 10:16:05|1|admin@foresee.com|Invoice.php
24 Nov 2014 10:16:06|1|admin@foresee.com|Invoice.php
24 Nov 2014 10:16:07|1|admin@foresee.com|Invoice.php
24 Nov 2014 10:16:43|1|admin@foresee.com|Invoice.php
24 Nov 2014 10:16:44|1|admin@foresee.com|Invoice.php
24 Nov 2014 10:16:46|1|admin@foresee.com|Invoice.php
24 Nov 2014 10:17:37|1|admin@foresee.com|Invoice.php
24 Nov 2014 10:17:38|1|admin@foresee.com|Invoice.php
24 Nov 2014 10:17:41|1|admin@foresee.com|Invoice.php
24 Nov 2014 10:18:30|1|admin@foresee.com|Invoice.php
24 Nov 2014 10:18:31|1|admin@foresee.com|Invoice.php
24 Nov 2014 10:18:36|1|admin@foresee.com|Invoice.php
24 Nov 2014 10:22:45|1|admin@foresee.com|Invoice.php
24 Nov 2014 10:22:46|1|admin@foresee.com|Invoice.php
24 Nov 2014 10:22:50|1|admin@foresee.com|Invoice.php
24 Nov 2014 10:25:14|1|admin@foresee.com|Invoice.php
24 Nov 2014 10:25:14|1|admin@foresee.com|Invoice.php
24 Nov 2014 10:25:16|1|admin@foresee.com|Invoice.php
24 Nov 2014 10:25:18|1|admin@foresee.com|Invoice.php
24 Nov 2014 10:26:26|1|admin@foresee.com|ExporterMaster.php
24 Nov 2014 10:26:34|1|admin@foresee.com|PrintExporterMaster.php
24 Nov 2014 10:28:36|1|admin@foresee.com|Invoice.php
24 Nov 2014 10:28:37|1|admin@foresee.com|Invoice.php
24 Nov 2014 10:29:16|1|admin@foresee.com|Invoice.php
24 Nov 2014 10:29:17|1|admin@foresee.com|Invoice.php
24 Nov 2014 10:29:49|1|admin@foresee.com|Invoice.php
24 Nov 2014 10:29:50|1|admin@foresee.com|Invoice.php
24 Nov 2014 10:30:44|1|admin@foresee.com|Invoice.php
24 Nov 2014 10:30:44|1|admin@foresee.com|Invoice.php
24 Nov 2014 10:33:09|1|admin@foresee.com|Invoice.php
24 Nov 2014 10:33:10|1|admin@foresee.com|Invoice.php
24 Nov 2014 10:33:42|1|admin@foresee.com|Invoice.php
24 Nov 2014 10:33:42|1|admin@foresee.com|Invoice.php
24 Nov 2014 10:38:27|1|admin@foresee.com|Container.php
24 Nov 2014 10:38:28|1|admin@foresee.com|Container.php
24 Nov 2014 10:38:48|1|admin@foresee.com|Container.php
24 Nov 2014 10:38:50|1|admin@foresee.com|Container.php
24 Nov 2014 10:38:51|1|admin@foresee.com|Container.php
24 Nov 2014 10:38:54|1|admin@foresee.com|Container.php
24 Nov 2014 10:39:13|1|admin@foresee.com|Container.php
24 Nov 2014 10:39:14|1|admin@foresee.com|Container.php
24 Nov 2014 10:39:19|1|admin@foresee.com|Container.php
24 Nov 2014 10:39:42|1|admin@foresee.com|Container.php
24 Nov 2014 10:39:42|1|admin@foresee.com|Container.php
24 Nov 2014 10:39:54|1|admin@foresee.com|Container.php
24 Nov 2014 10:40:02|1|admin@foresee.com|Container.php
24 Nov 2014 10:40:02|1|admin@foresee.com|Container.php
24 Nov 2014 10:40:08|1|admin@foresee.com|Container.php
24 Nov 2014 10:40:16|1|admin@foresee.com|Container.php
24 Nov 2014 10:40:17|1|admin@foresee.com|Container.php
24 Nov 2014 13:03:34|1|admin@foresee.com|Container.php
24 Nov 2014 13:03:34|1|admin@foresee.com|Container.php
24 Nov 2014 13:03:56|1|admin@foresee.com|Container.php
24 Nov 2014 13:03:57|1|admin@foresee.com|Container.php
24 Nov 2014 13:04:25|1|admin@foresee.com|Container.php
24 Nov 2014 13:04:25|1|admin@foresee.com|Container.php
24 Nov 2014 13:05:58|1|admin@foresee.com|Container.php
24 Nov 2014 13:05:59|1|admin@foresee.com|Container.php
24 Nov 2014 13:10:35|1|admin@foresee.com|Container.php
24 Nov 2014 13:10:35|1|admin@foresee.com|Container.php
24 Nov 2014 13:10:46|1|admin@foresee.com|Container.php
24 Nov 2014 13:10:46|1|admin@foresee.com|Container.php
24 Nov 2014 13:11:19|1|admin@foresee.com|Container.php
24 Nov 2014 13:11:19|1|admin@foresee.com|Container.php
24 Nov 2014 13:12:17|1|admin@foresee.com|Container.php
24 Nov 2014 13:12:17|1|admin@foresee.com|Container.php
24 Nov 2014 13:13:01|1|admin@foresee.com|Container.php
24 Nov 2014 13:13:02|1|admin@foresee.com|Container.php
24 Nov 2014 13:13:05|1|admin@foresee.com|Container.php
24 Nov 2014 13:13:06|1|admin@foresee.com|Container.php
24 Nov 2014 13:13:11|1|admin@foresee.com|Container.php
24 Nov 2014 13:13:23|1|admin@foresee.com|Container.php
24 Nov 2014 13:13:23|1|admin@foresee.com|Container.php
24 Nov 2014 14:17:17|1|admin@foresee.com|Container.php
24 Nov 2014 14:17:18|1|admin@foresee.com|Container.php
24 Nov 2014 14:43:16|1|admin@foresee.com|Container.php
24 Nov 2014 14:43:17|1|admin@foresee.com|Container.php
24 Nov 2014 14:43:41|1|admin@foresee.com|Container.php
24 Nov 2014 14:43:41|1|admin@foresee.com|Container.php
24 Nov 2014 14:45:50|1|admin@foresee.com|Container.php
24 Nov 2014 14:45:51|1|admin@foresee.com|Container.php
24 Nov 2014 14:52:17|1|admin@foresee.com|Container.php
24 Nov 2014 14:52:18|1|admin@foresee.com|Container.php
24 Nov 2014 14:53:34|1|admin@foresee.com|Container.php
24 Nov 2014 14:53:34|1|admin@foresee.com|Container.php
24 Nov 2014 14:55:20|1|admin@foresee.com|Container.php
24 Nov 2014 14:55:20|1|admin@foresee.com|Container.php
24 Nov 2014 14:55:41|1|admin@foresee.com|Container.php
24 Nov 2014 14:55:42|1|admin@foresee.com|Container.php
24 Nov 2014 14:56:18|1|admin@foresee.com|Container.php
24 Nov 2014 14:56:18|1|admin@foresee.com|Container.php
24 Nov 2014 14:56:41|1|admin@foresee.com|Container.php
24 Nov 2014 14:56:42|1|admin@foresee.com|Container.php
24 Nov 2014 14:56:45|1|admin@foresee.com|Container.php
24 Nov 2014 14:56:49|1|admin@foresee.com|Container.php
24 Nov 2014 14:56:50|1|admin@foresee.com|Container.php
24 Nov 2014 14:56:54|1|admin@foresee.com|Container.php
24 Nov 2014 14:56:56|1|admin@foresee.com|Container.php
24 Nov 2014 14:56:56|1|admin@foresee.com|Container.php
24 Nov 2014 14:57:00|1|admin@foresee.com|Container.php
24 Nov 2014 14:57:21|1|admin@foresee.com|Container.php
24 Nov 2014 14:57:23|1|admin@foresee.com|Container.php
24 Nov 2014 14:57:23|1|admin@foresee.com|Container.php
24 Nov 2014 14:57:26|1|admin@foresee.com|Container.php
24 Nov 2014 14:57:44|1|admin@foresee.com|Container.php
24 Nov 2014 14:57:47|1|admin@foresee.com|Container.php
24 Nov 2014 14:57:47|1|admin@foresee.com|Container.php
24 Nov 2014 14:57:50|1|admin@foresee.com|Container.php
24 Nov 2014 14:58:03|1|admin@foresee.com|Container.php
24 Nov 2014 14:58:06|1|admin@foresee.com|Container.php
24 Nov 2014 14:58:06|1|admin@foresee.com|Container.php
24 Nov 2014 14:58:09|1|admin@foresee.com|Container.php
24 Nov 2014 14:58:42|1|admin@foresee.com|Container.php
24 Nov 2014 14:59:15|1|admin@foresee.com|Container.php
24 Nov 2014 15:01:18|1|admin@foresee.com|Container.php
24 Nov 2014 15:01:27|1|admin@foresee.com|Container.php
24 Nov 2014 15:01:28|1|admin@foresee.com|Container.php
24 Nov 2014 15:01:34|1|admin@foresee.com|Container.php
24 Nov 2014 15:01:36|1|admin@foresee.com|Container.php
24 Nov 2014 15:01:37|1|admin@foresee.com|Container.php
24 Nov 2014 15:01:41|1|admin@foresee.com|Container.php
24 Nov 2014 15:39:29|1|admin@foresee.com|Invoice.php
24 Nov 2014 15:39:30|1|admin@foresee.com|Invoice.php
24 Nov 2014 15:40:20|1|admin@foresee.com|Invoice.php
24 Nov 2014 15:40:21|1|admin@foresee.com|Invoice.php
24 Nov 2014 15:42:31|1|admin@foresee.com|Invoice.php
24 Nov 2014 15:42:32|1|admin@foresee.com|Invoice.php
24 Nov 2014 15:42:54|1|admin@foresee.com|Invoice.php
24 Nov 2014 15:43:07|1|admin@foresee.com|Invoice.php
24 Nov 2014 15:43:37|1|admin@foresee.com|Invoice.php
24 Nov 2014 15:43:39|1|admin@foresee.com|Invoice.php
24 Nov 2014 15:43:45|1|admin@foresee.com|Invoice.php
24 Nov 2014 15:43:47|1|admin@foresee.com|Invoice.php
24 Nov 2014 15:43:47|1|admin@foresee.com|Invoice.php
24 Nov 2014 15:43:55|1|admin@foresee.com|Invoice.php
24 Nov 2014 15:44:32|1|admin@foresee.com|Invoice.php
24 Nov 2014 15:44:32|1|admin@foresee.com|Invoice.php
24 Nov 2014 15:47:08|1|admin@foresee.com|Invoice.php
24 Nov 2014 15:47:13|1|admin@foresee.com|Invoice.php
24 Nov 2014 15:47:16|1|admin@foresee.com|Invoice.php
24 Nov 2014 15:47:19|1|admin@foresee.com|Invoice.php
24 Nov 2014 15:47:20|1|admin@foresee.com|Invoice.php
24 Nov 2014 15:58:37|1|admin@foresee.com|Invoice.php
24 Nov 2014 15:58:38|1|admin@foresee.com|Invoice.php
24 Nov 2014 16:01:28|1|admin@foresee.com|Invoice.php
24 Nov 2014 16:02:57|1|admin@foresee.com|Invoice.php
24 Nov 2014 16:02:59|1|admin@foresee.com|Invoice.php
24 Nov 2014 16:03:04|1|admin@foresee.com|Invoice.php
24 Nov 2014 16:03:05|1|admin@foresee.com|Invoice.php
24 Nov 2014 16:06:27|1|admin@foresee.com|Invoice.php
24 Nov 2014 16:06:28|1|admin@foresee.com|Invoice.php
24 Nov 2014 16:06:34|1|admin@foresee.com|Invoice.php
24 Nov 2014 16:06:36|1|admin@foresee.com|Invoice.php
24 Nov 2014 16:06:37|1|admin@foresee.com|Invoice.php
24 Nov 2014 16:08:04|1|admin@foresee.com|Invoice.php
24 Nov 2014 16:08:04|1|admin@foresee.com|Invoice.php
24 Nov 2014 16:08:43|1|admin@foresee.com|Invoice.php
24 Nov 2014 16:08:44|1|admin@foresee.com|Invoice.php
24 Nov 2014 16:14:09|1|admin@foresee.com|Invoice.php
24 Nov 2014 16:14:10|1|admin@foresee.com|Invoice.php
24 Nov 2014 16:19:17|1|admin@foresee.com|Invoice.php