
27 May 2015 17:08:42|1|admin@foresee.com|FrozenPackRating.php
27 May 2015 17:08:52|1|admin@foresee.com|FrozenPackRating.php
27 May 2015 17:08:59|1|admin@foresee.com|FrozenPackRating.php
27 May 2015 17:09:13|1|admin@foresee.com|FrozenPackRating.php
27 May 2015 17:10:55|1|admin@foresee.com|FrozenPackRating.php
27 May 2015 17:11:06|1|admin@foresee.com|FrozenPackRating.php
27 May 2015 17:11:16|1|admin@foresee.com|FrozenPackRating.php
27 May 2015 17:11:21|1|admin@foresee.com|FrozenPackRating.php
27 May 2015 17:11:37|1|admin@foresee.com|FrozenPackRating.php
27 May 2015 17:11:48|1|admin@foresee.com|FrozenPackRating.php
27 May 2015 17:12:01|1|admin@foresee.com|FrozenPackRating.php
27 May 2015 17:12:34|1|admin@foresee.com|FrozenPackRating.php
27 May 2015 17:12:43|1|admin@foresee.com|FrozenPackRating.php
27 May 2015 17:12:56|1|admin@foresee.com|FrozenPackRating.php
27 May 2015 17:14:20|1|admin@foresee.com|FrozenPackRating.php
27 May 2015 17:14:31|1|admin@foresee.com|FrozenPackRating.php
27 May 2015 17:14:39|1|admin@foresee.com|FrozenPackRating.php
27 May 2015 17:14:45|1|admin@foresee.com|FrozenPackRating.php
27 May 2015 17:34:05|1|admin@foresee.com|FrozenPackRating.php
27 May 2015 17:34:14|1|admin@foresee.com|FrozenPackRating.php
27 May 2015 17:34:27|1|admin@foresee.com|FrozenPackRating.php
27 May 2015 17:34:33|1|admin@foresee.com|FrozenPackRating.php
27 May 2015 17:35:28|1|admin@foresee.com|FrozenPackRating.php
27 May 2015 17:35:38|1|admin@foresee.com|FrozenPackRating.php
27 May 2015 17:35:43|1|admin@foresee.com|FrozenPackRating.php
27 May 2015 17:36:25|1|admin@foresee.com|FrozenPackRating.php
27 May 2015 17:36:35|1|admin@foresee.com|FrozenPackRating.php
27 May 2015 17:36:40|1|admin@foresee.com|FrozenPackRating.php
27 May 2015 17:37:58|1|admin@foresee.com|FrozenPackRating.php
27 May 2015 17:38:07|1|admin@foresee.com|FrozenPackRating.php
27 May 2015 17:38:12|1|admin@foresee.com|FrozenPackRating.php
27 May 2015 17:38:38|1|admin@foresee.com|FrozenPackRating.php
27 May 2015 17:38:51|1|admin@foresee.com|FrozenPackRating.php
27 May 2015 17:43:04|1|admin@foresee.com|FrozenPackRating.php
27 May 2015 17:43:15|1|admin@foresee.com|FrozenPackRating.php
27 May 2015 17:43:23|1|admin@foresee.com|FrozenPackRating.php
27 May 2015 17:43:30|1|admin@foresee.com|FrozenPackRating.php
27 May 2015 17:43:44|1|admin@foresee.com|FrozenPackRating.php
27 May 2015 17:45:31|1|admin@foresee.com|FrozenPackRating.php
27 May 2015 17:45:41|1|admin@foresee.com|FrozenPackRating.php
27 May 2015 17:45:49|1|admin@foresee.com|FrozenPackRating.php
28 May 2015 09:55:37|1|admin@foresee.com|Home.php
28 May 2015 09:56:00|1|admin@foresee.com|Home.php
28 May 2015 09:58:14|1|admin@foresee.com|FrozenPackingRate.php
28 May 2015 09:58:19|1|admin@foresee.com|FrozenPackRating.php
28 May 2015 09:58:23|1|admin@foresee.com|FrozenPackRating.php
28 May 2015 09:58:32|1|admin@foresee.com|FrozenPackRating.php
28 May 2015 18:15:32|1|admin@foresee.com|FrozenPackRating.php
28 May 2015 18:20:29|11|shobu@forstarfoods.com|Home.php
28 May 2015 18:20:35|11|shobu@forstarfoods.com|FishMaster.php
28 May 2015 18:20:45|11|shobu@forstarfoods.com|FishMaster.php
29 May 2015 09:32:58|1|admin@foresee.com|Home.php
30 May 2015 11:14:35|1|admin@foresee.com|Home.php
30 May 2015 11:22:30|1|admin@foresee.com|Home.php
30 May 2015 11:22:36|1|admin@foresee.com|EmployeeMaster.php
30 May 2015 14:28:46|1|admin@foresee.com|BillingCompanyMaster.php
30 May 2015 14:48:10|1|admin@foresee.com|PlantsandUnits.php
30 May 2015 14:57:08|1|admin@foresee.com|PlantsandUnits.php
30 May 2015 14:57:09|1|admin@foresee.com|PlantsandUnits.php
30 May 2015 14:57:10|1|admin@foresee.com|PlantsandUnits.php
30 May 2015 14:58:16|1|admin@foresee.com|SupplierMaster.php
30 May 2015 15:28:45|1|admin@foresee.com|FrozenPackRating.php
1 Jun 2015 09:31:16|1|admin@foresee.com|Home.php
1 Jun 2015 09:31:26|1|admin@foresee.com|ManageUsers.php
1 Jun 2015 09:32:33|1|admin@foresee.com|DisplayRecord.php
1 Jun 2015 09:33:38|1|admin@foresee.com|ManageRole.php
1 Jun 2015 09:33:44|1|admin@foresee.com|ManageMenus.php
1 Jun 2015 09:33:50|1|admin@foresee.com|ManageRole.php
1 Jun 2015 09:33:53|1|admin@foresee.com|ManageRole.php
1 Jun 2015 09:41:18|1|admin@foresee.com|ManageMenus.php
1 Jun 2015 09:41:20|1|admin@foresee.com|ManageMenus.php
1 Jun 2015 09:42:45|1|admin@foresee.com|ManageMenus.php
1 Jun 2015 09:42:47|1|admin@foresee.com|ManageMenus.php
1 Jun 2015 09:42:49|1|admin@foresee.com|ManageMenus.php
1 Jun 2015 09:43:00|1|admin@foresee.com|ManageMenus.php
1 Jun 2015 09:43:21|1|admin@foresee.com|ManageMenus.php
1 Jun 2015 09:44:11|1|admin@foresee.com|ManageMenus.php
1 Jun 2015 10:30:38|1|admin@foresee.com|Home.php
1 Jun 2015 12:06:05|1|admin@foresee.com|ManageUsers.php
1 Jun 2015 12:06:08|1|admin@foresee.com|DisplayRecord.php
1 Jun 2015 12:06:11|1|admin@foresee.com|ManageConfirm.php
1 Jun 2015 12:06:15|1|admin@foresee.com|lotidprocesstype.php
1 Jun 2015 12:06:17|1|admin@foresee.com|ManageUsers.php
1 Jun 2015 12:06:21|1|admin@foresee.com|ManageRole.php
1 Jun 2015 12:06:23|1|admin@foresee.com|ManageUsers.php
1 Jun 2015 12:06:25|1|admin@foresee.com|ManageUsers.php
1 Jun 2015 12:06:27|1|admin@foresee.com|DisplayRecord.php
1 Jun 2015 12:06:34|1|admin@foresee.com|ManageMenus.php
1 Jun 2015 12:06:37|1|admin@foresee.com|ManageMenus.php
1 Jun 2015 12:06:39|1|admin@foresee.com|ManageMenus.php
1 Jun 2015 12:07:55|1|admin@foresee.com|ManageMenus.php
1 Jun 2015 12:08:00|1|admin@foresee.com|ManageMenus.php
1 Jun 2015 12:08:02|1|admin@foresee.com|ManageMenus.php
1 Jun 2015 12:10:41|1|admin@foresee.com|ManageMenus.php
1 Jun 2015 12:13:24|1|admin@foresee.com|DailyFrozenPacking.php
1 Jun 2015 12:13:31|1|admin@foresee.com|ManageRMLOTID.php
1 Jun 2015 12:13:34|1|admin@foresee.com|RMProcurmentOrder.php
1 Jun 2015 12:19:07|1|admin@foresee.com|ManageMenus.php
1 Jun 2015 12:23:32|1|admin@foresee.com|ManageMenus.php
1 Jun 2015 12:24:12|1|admin@foresee.com|ManageMenus.php
1 Jun 2015 12:25:07|1|admin@foresee.com|ManageMenus.php
1 Jun 2015 12:25:31|1|admin@foresee.com|ManageMenus.php
1 Jun 2015 12:25:32|1|admin@foresee.com|ManageMenus.php
1 Jun 2015 12:26:27|1|admin@foresee.com|ManageMenus.php
1 Jun 2015 12:28:27|1|admin@foresee.com|ManageMenus.php
1 Jun 2015 12:28:49|1|admin@foresee.com|ManageMenus.php
1 Jun 2015 12:29:21|1|admin@foresee.com|ManageMenus.php
1 Jun 2015 12:29:43|1|admin@foresee.com|ManageMenus.php
1 Jun 2015 12:30:06|1|admin@foresee.com|ManageMenus.php
1 Jun 2015 12:30:46|1|admin@foresee.com|ManageMenus.php
1 Jun 2015 12:31:41|1|admin@foresee.com|ManageMenus.php
1 Jun 2015 12:32:40|1|admin@foresee.com|ManageMenus.php
1 Jun 2015 12:54:22|1|admin@foresee.com|ManageMenus.php
1 Jun 2015 12:56:46|1|admin@foresee.com|ManageMenus.php
1 Jun 2015 12:57:09|1|admin@foresee.com|ManageMenus.php
1 Jun 2015 12:58:15|1|admin@foresee.com|ManageMenus.php
1 Jun 2015 13:01:53|1|admin@foresee.com|ManageMenus.php
1 Jun 2015 13:02:12|1|admin@foresee.com|ManageMenus.php
1 Jun 2015 13:03:28|1|admin@foresee.com|ManageMenus.php
1 Jun 2015 13:04:52|1|admin@foresee.com|ManageMenus.php
1 Jun 2015 13:06:46|1|admin@foresee.com|ManageMenus.php
1 Jun 2015 13:07:55|1|admin@foresee.com|ManageMenus.php
1 Jun 2015 14:07:23|1|admin@foresee.com|ManageMenus.php
1 Jun 2015 14:13:13|1|admin@foresee.com|ManageMenus.php
1 Jun 2015 14:19:08|1|admin@foresee.com|ManageMenus.php
1 Jun 2015 14:20:44|1|admin@foresee.com|ManageMenus.php
1 Jun 2015 14:21:04|1|admin@foresee.com|ManageMenus.php
1 Jun 2015 14:21:25|1|admin@foresee.com|ManageMenus.php
1 Jun 2015 14:21:53|1|admin@foresee.com|ManageMenus.php
1 Jun 2015 14:22:16|1|admin@foresee.com|ManageMenus.php
1 Jun 2015 14:23:17|1|admin@foresee.com|ManageMenus.php
1 Jun 2015 14:23:48|1|admin@foresee.com|ManageMenus.php
1 Jun 2015 14:24:36|1|admin@foresee.com|ManageMenus.php
1 Jun 2015 14:25:10|1|admin@foresee.com|ManageMenus.php
1 Jun 2015 14:26:02|1|admin@foresee.com|ManageMenus.php
1 Jun 2015 14:36:21|1|admin@foresee.com|ManageMenus.php
1 Jun 2015 14:38:36|1|admin@foresee.com|ManageMenus.php
1 Jun 2015 14:43:37|1|admin@foresee.com|ManageMenus.php
1 Jun 2015 14:44:45|1|admin@foresee.com|ManageMenus.php
1 Jun 2015 14:45:16|1|admin@foresee.com|ManageMenus.php
1 Jun 2015 14:46:03|1|admin@foresee.com|ManageMenus.php
1 Jun 2015 14:46:26|1|admin@foresee.com|ManageMenus.php
1 Jun 2015 14:47:31|1|admin@foresee.com|ManageMenus.php
1 Jun 2015 14:47:54|1|admin@foresee.com|ManageMenus.php
1 Jun 2015 14:48:21|1|admin@foresee.com|ManageMenus.php
1 Jun 2015 14:48:55|1|admin@foresee.com|ManageMenus.php
1 Jun 2015 14:49:28|1|admin@foresee.com|ManageMenus.php
1 Jun 2015 14:49:56|1|admin@foresee.com|ManageMenus.php
1 Jun 2015 14:50:39|1|admin@foresee.com|ManageMenus.php
1 Jun 2015 14:51:37|1|admin@foresee.com|ManageMenus.php
1 Jun 2015 14:52:33|1|admin@foresee.com|ManageMenus.php
1 Jun 2015 14:52:47|1|admin@foresee.com|ManageMenus.php
1 Jun 2015 14:57:24|1|admin@foresee.com|SalesOrder.php
1 Jun 2015 15:04:23|1|admin@foresee.com|ManageMenus.php
1 Jun 2015 15:05:51|1|admin@foresee.com|FrozenPackingRate.php
1 Jun 2015 15:06:01|1|admin@foresee.com|FrozenPackRating.php
1 Jun 2015 15:06:08|1|admin@foresee.com|FrozenPackRating.php
1 Jun 2015 15:06:27|1|admin@foresee.com|FrozenPackRating.php
1 Jun 2015 15:09:56|1|admin@foresee.com|FrozenPackRating.php
1 Jun 2015 15:18:45|1|admin@foresee.com|ManageMenus.php
1 Jun 2015 15:19:32|1|admin@foresee.com|ManageMenus.php
1 Jun 2015 15:19:38|1|admin@foresee.com|ManageMenus.php
1 Jun 2015 16:04:53|1|admin@foresee.com|ManageMenus.php
1 Jun 2015 16:06:29|1|admin@foresee.com|ManageMenus.php
1 Jun 2015 16:06:36|1|admin@foresee.com|ManageMenus.php
1 Jun 2015 16:07:53|1|admin@foresee.com|ManageMenus.php
1 Jun 2015 16:08:09|1|admin@foresee.com|ManageMenus.php
1 Jun 2015 16:08:36|1|admin@foresee.com|ManageMenus.php
1 Jun 2015 16:08:53|1|admin@foresee.com|ManageMenus.php
1 Jun 2015 16:09:05|1|admin@foresee.com|ManageMenus.php
1 Jun 2015 16:10:31|1|admin@foresee.com|ManageMenus.php
1 Jun 2015 16:10:39|1|admin@foresee.com|ManageMenus.php
1 Jun 2015 16:11:24|1|admin@foresee.com|ManageMenus.php
1 Jun 2015 16:15:08|1|admin@foresee.com|ManageMenus.php
1 Jun 2015 16:15:16|1|admin@foresee.com|ManageMenus.php
1 Jun 2015 16:48:16|1|admin@foresee.com|ManageMenus.php
1 Jun 2015 16:48:26|1|admin@foresee.com|ManageMenus.php
1 Jun 2015 16:49:38|1|admin@foresee.com|ManageMenus.php
1 Jun 2015 16:49:47|1|admin@foresee.com|ManageMenus.php
1 Jun 2015 16:51:48|1|admin@foresee.com|ManageMenus.php
1 Jun 2015 16:51:56|1|admin@foresee.com|ManageMenus.php
1 Jun 2015 16:52:20|1|admin@foresee.com|ManageMenus.php
1 Jun 2015 16:53:39|1|admin@foresee.com|ManageMenus.php
1 Jun 2015 16:53:47|1|admin@foresee.com|ManageMenus.php
1 Jun 2015 16:53:51|1|admin@foresee.com|ManageMenus.php
1 Jun 2015 16:53:59|1|admin@foresee.com|ManageMenus.php
1 Jun 2015 16:55:00|1|admin@foresee.com|ManageMenus.php
1 Jun 2015 16:55:09|1|admin@foresee.com|ManageMenus.php
1 Jun 2015 16:55:10|1|admin@foresee.com|ManageMenus.php
1 Jun 2015 16:55:11|1|admin@foresee.com|ManageMenus.php
1 Jun 2015 16:55:11|1|admin@foresee.com|ManageMenus.php
1 Jun 2015 16:55:11|1|admin@foresee.com|ManageMenus.php
1 Jun 2015 16:55:12|1|admin@foresee.com|ManageMenus.php
1 Jun 2015 16:55:22|1|admin@foresee.com|ManageMenus.php
1 Jun 2015 16:59:30|1|admin@foresee.com|ManageMenus.php
1 Jun 2015 16:59:51|1|admin@foresee.com|ManageMenus.php
1 Jun 2015 17:00:41|1|admin@foresee.com|ManageMenus.php
1 Jun 2015 17:00:50|1|admin@foresee.com|ManageMenus.php
1 Jun 2015 17:03:23|1|admin@foresee.com|ManageMenus.php
1 Jun 2015 17:03:47|1|admin@foresee.com|ManageMenus.php
1 Jun 2015 17:05:58|1|admin@foresee.com|ManageMenus.php
1 Jun 2015 17:06:06|1|admin@foresee.com|ManageMenus.php
1 Jun 2015 17:07:19|1|admin@foresee.com|ManageMenus.php
1 Jun 2015 17:07:28|1|admin@foresee.com|ManageMenus.php
1 Jun 2015 17:08:18|1|admin@foresee.com|ManageMenus.php
1 Jun 2015 17:08:26|1|admin@foresee.com|ManageMenus.php
1 Jun 2015 17:08:57|1|admin@foresee.com|ManageMenus.php
1 Jun 2015 17:09:06|1|admin@foresee.com|ManageMenus.php
1 Jun 2015 17:09:24|1|admin@foresee.com|ManageMenus.php
1 Jun 2015 17:09:28|1|admin@foresee.com|ManageMenus.php
1 Jun 2015 17:09:29|1|admin@foresee.com|ManageMenus.php
1 Jun 2015 17:09:38|1|admin@foresee.com|ManageMenus.php
1 Jun 2015 17:09:58|1|admin@foresee.com|ManageMenus.php
1 Jun 2015 17:10:06|1|admin@foresee.com|ManageMenus.php
1 Jun 2015 17:10:29|1|admin@foresee.com|ManageMenus.php
1 Jun 2015 17:10:36|1|admin@foresee.com|ManageMenus.php
1 Jun 2015 17:10:48|1|admin@foresee.com|ManageMenus.php
1 Jun 2015 17:10:56|1|admin@foresee.com|ManageMenus.php
1 Jun 2015 17:11:48|1|admin@foresee.com|ManageMenus.php
1 Jun 2015 17:11:59|1|admin@foresee.com|ManageMenus.php
1 Jun 2015 17:12:38|1|admin@foresee.com|ManageMenus.php
1 Jun 2015 17:12:47|1|admin@foresee.com|ManageMenus.php
1 Jun 2015 17:13:08|1|admin@foresee.com|ManageMenus.php
1 Jun 2015 17:13:16|1|admin@foresee.com|ManageMenus.php
1 Jun 2015 17:13:52|1|admin@foresee.com|ManageMenus.php
1 Jun 2015 17:14:00|1|admin@foresee.com|ManageMenus.php
1 Jun 2015 17:15:38|1|admin@foresee.com|ManageMenus.php
1 Jun 2015 17:15:46|1|admin@foresee.com|ManageMenus.php
1 Jun 2015 17:16:34|1|admin@foresee.com|ManageMenus.php
1 Jun 2015 17:16:41|1|admin@foresee.com|ManageMenus.php
1 Jun 2015 17:17:46|1|admin@foresee.com|ManageMenus.php
1 Jun 2015 17:17:54|1|admin@foresee.com|ManageMenus.php
1 Jun 2015 17:18:12|1|admin@foresee.com|ManageMenus.php
1 Jun 2015 17:18:21|1|admin@foresee.com|ManageMenus.php
1 Jun 2015 17:19:50|1|admin@foresee.com|ManageMenus.php
1 Jun 2015 17:19:59|1|admin@foresee.com|ManageMenus.php
1 Jun 2015 17:21:34|1|admin@foresee.com|ManageMenus.php
1 Jun 2015 17:21:42|1|admin@foresee.com|ManageMenus.php
1 Jun 2015 17:22:23|1|admin@foresee.com|ManageMenus.php
1 Jun 2015 17:29:54|1|admin@foresee.com|ManageMenus.php
1 Jun 2015 17:30:02|1|admin@foresee.com|ManageMenus.php
1 Jun 2015 17:30:42|1|admin@foresee.com|ManageMenus.php
1 Jun 2015 17:30:50|1|admin@foresee.com|ManageMenus.php
1 Jun 2015 17:31:19|1|admin@foresee.com|RMProcurmentOrder.php
1 Jun 2015 17:31:57|1|admin@foresee.com|ManageMenus.php
1 Jun 2015 17:32:05|1|admin@foresee.com|ManageMenus.php
1 Jun 2015 17:37:32|1|admin@foresee.com|ManageMenus.php
1 Jun 2015 17:37:41|1|admin@foresee.com|ManageMenus.php
1 Jun 2015 17:38:43|1|admin@foresee.com|ManageMenus.php
1 Jun 2015 17:39:01|1|admin@foresee.com|ManageMenus.php
1 Jun 2015 17:40:08|1|admin@foresee.com|ManageMenus.php
1 Jun 2015 17:40:17|1|admin@foresee.com|ManageMenus.php
1 Jun 2015 17:41:39|1|admin@foresee.com|ManageMenus.php
1 Jun 2015 17:41:47|1|admin@foresee.com|ManageMenus.php
1 Jun 2015 17:46:49|1|admin@foresee.com|ManageMenus.php
1 Jun 2015 17:46:58|1|admin@foresee.com|ManageMenus.php
1 Jun 2015 17:47:46|1|admin@foresee.com|ManageMenus.php
1 Jun 2015 17:47:55|1|admin@foresee.com|ManageMenus.php
1 Jun 2015 17:47:57|1|admin@foresee.com|ManageMenus.php
1 Jun 2015 17:48:33|1|admin@foresee.com|ManageMenus.php
1 Jun 2015 17:48:43|1|admin@foresee.com|ManageMenus.php
1 Jun 2015 17:48:44|1|admin@foresee.com|ManageMenus.php
1 Jun 2015 17:49:39|1|admin@foresee.com|ManageMenus.php
1 Jun 2015 17:50:16|1|admin@foresee.com|ManageMenus.php
1 Jun 2015 17:50:24|1|admin@foresee.com|ManageMenus.php
1 Jun 2015 17:50:26|1|admin@foresee.com|ManageMenus.php
1 Jun 2015 17:50:38|1|admin@foresee.com|ManageMenus.php
1 Jun 2015 17:50:48|1|admin@foresee.com|ManageMenus.php
1 Jun 2015 17:50:50|1|admin@foresee.com|ManageMenus.php
1 Jun 2015 17:51:07|1|admin@foresee.com|ManageMenus.php
1 Jun 2015 17:51:35|1|admin@foresee.com|ManageMenus.php
1 Jun 2015 17:51:37|1|admin@foresee.com|ManageMenus.php
1 Jun 2015 17:52:57|1|admin@foresee.com|ManageMenus.php
1 Jun 2015 17:57:17|1|admin@foresee.com|ManageMenus.php
1 Jun 2015 17:57:29|1|admin@foresee.com|ManageMenus.php
1 Jun 2015 17:57:32|1|admin@foresee.com|ManageMenus.php
1 Jun 2015 18:02:28|1|admin@foresee.com|ManageMenus.php
1 Jun 2015 18:02:39|1|admin@foresee.com|ManageMenus.php
1 Jun 2015 18:02:41|1|admin@foresee.com|ManageMenus.php
1 Jun 2015 18:03:13|1|admin@foresee.com|ManageMenus.php
1 Jun 2015 18:03:24|1|admin@foresee.com|ManageMenus.php
1 Jun 2015 18:03:26|1|admin@foresee.com|ManageMenus.php
1 Jun 2015 18:04:27|1|admin@foresee.com|ManageMenus.php
1 Jun 2015 18:04:38|1|admin@foresee.com|ManageMenus.php
1 Jun 2015 18:04:40|1|admin@foresee.com|ManageMenus.php
1 Jun 2015 18:08:20|1|admin@foresee.com|ManageMenus.php
1 Jun 2015 18:08:31|1|admin@foresee.com|ManageMenus.php
1 Jun 2015 18:08:33|1|admin@foresee.com|ManageMenus.php
1 Jun 2015 18:09:12|1|admin@foresee.com|ManageMenus.php
1 Jun 2015 18:09:22|1|admin@foresee.com|ManageMenus.php
1 Jun 2015 18:09:24|1|admin@foresee.com|ManageMenus.php
1 Jun 2015 18:10:20|1|admin@foresee.com|ManageMenus.php
1 Jun 2015 18:10:32|1|admin@foresee.com|ManageMenus.php
1 Jun 2015 18:10:34|1|admin@foresee.com|ManageMenus.php
1 Jun 2015 18:11:21|1|admin@foresee.com|ManageMenus.php
1 Jun 2015 18:11:32|1|admin@foresee.com|ManageMenus.php
1 Jun 2015 18:11:34|1|admin@foresee.com|ManageMenus.php
1 Jun 2015 18:13:51|1|admin@foresee.com|ManageMenus.php
1 Jun 2015 18:14:01|1|admin@foresee.com|ManageMenus.php
1 Jun 2015 18:14:04|1|admin@foresee.com|ManageMenus.php
1 Jun 2015 18:17:06|1|admin@foresee.com|ManageMenus.php
1 Jun 2015 18:17:15|1|admin@foresee.com|ManageMenus.php
1 Jun 2015 18:17:18|1|admin@foresee.com|ManageMenus.php
1 Jun 2015 18:21:31|1|admin@foresee.com|ManageMenus.php
1 Jun 2015 18:21:42|1|admin@foresee.com|ManageMenus.php
1 Jun 2015 18:21:44|1|admin@foresee.com|ManageMenus.php
1 Jun 2015 18:22:07|1|admin@foresee.com|ManageMenus.php
1 Jun 2015 18:22:19|1|admin@foresee.com|ManageMenus.php
1 Jun 2015 18:22:20|1|admin@foresee.com|ManageMenus.php
1 Jun 2015 18:23:39|1|admin@foresee.com|ManageMenus.php
1 Jun 2015 18:23:43|1|admin@foresee.com|ManageMenus.php
1 Jun 2015 18:23:55|1|admin@foresee.com|ManageMenus.php
1 Jun 2015 18:23:57|1|admin@foresee.com|ManageMenus.php
2 Jun 2015 09:22:41|1|admin@foresee.com|Home.php
2 Jun 2015 09:27:46|1|admin@foresee.com|ManageMenus.php
2 Jun 2015 09:27:48|1|admin@foresee.com|ManageMenus.php
2 Jun 2015 09:27:51|1|admin@foresee.com|ManageMenus.php
2 Jun 2015 09:30:38|1|admin@foresee.com|ManageMenus.php
2 Jun 2015 09:30:41|1|admin@foresee.com|ManageMenus.php
2 Jun 2015 09:30:42|1|admin@foresee.com|ManageMenus.php
2 Jun 2015 09:38:24|1|admin@foresee.com|ManageMenus.php
2 Jun 2015 09:40:34|1|admin@foresee.com|ManageMenus.php
2 Jun 2015 09:40:36|1|admin@foresee.com|ManageMenus.php
2 Jun 2015 09:40:38|1|admin@foresee.com|ManageMenus.php
2 Jun 2015 09:41:55|1|admin@foresee.com|ManageMenus.php
2 Jun 2015 09:43:41|1|admin@foresee.com|ManageMenus.php
2 Jun 2015 09:43:46|1|admin@foresee.com|ManageMenus.php
2 Jun 2015 09:43:48|1|admin@foresee.com|ManageMenus.php
2 Jun 2015 09:45:35|1|admin@foresee.com|ManageMenus.php
2 Jun 2015 09:45:39|1|admin@foresee.com|ManageMenus.php
2 Jun 2015 09:45:41|1|admin@foresee.com|ManageMenus.php
2 Jun 2015 09:46:50|1|admin@foresee.com|ManageMenus.php
2 Jun 2015 09:46:55|1|admin@foresee.com|ManageMenus.php
2 Jun 2015 09:47:01|1|admin@foresee.com|ManageMenus.php
2 Jun 2015 09:48:21|1|admin@foresee.com|ManageMenus.php
2 Jun 2015 09:48:26|1|admin@foresee.com|ManageMenus.php
2 Jun 2015 09:48:28|1|admin@foresee.com|ManageMenus.php
2 Jun 2015 09:50:30|1|admin@foresee.com|ManageMenus.php
2 Jun 2015 09:50:33|1|admin@foresee.com|ManageMenus.php
2 Jun 2015 09:50:36|1|admin@foresee.com|ManageMenus.php
2 Jun 2015 09:51:19|1|admin@foresee.com|ManageMenus.php
2 Jun 2015 09:52:15|1|admin@foresee.com|ManageMenus.php
2 Jun 2015 09:52:20|1|admin@foresee.com|ManageMenus.php
2 Jun 2015 09:52:23|1|admin@foresee.com|ManageMenus.php
2 Jun 2015 09:56:08|1|admin@foresee.com|ManageMenus.php
2 Jun 2015 09:56:11|1|admin@foresee.com|ManageMenus.php
2 Jun 2015 09:56:13|1|admin@foresee.com|ManageMenus.php
2 Jun 2015 09:59:11|1|admin@foresee.com|ManageMenus.php
2 Jun 2015 09:59:25|1|admin@foresee.com|ManageMenus.php
2 Jun 2015 09:59:28|1|admin@foresee.com|ManageMenus.php
2 Jun 2015 10:00:02|1|admin@foresee.com|ManageMenus.php
2 Jun 2015 10:00:06|1|admin@foresee.com|ManageMenus.php
2 Jun 2015 10:00:08|1|admin@foresee.com|ManageMenus.php
2 Jun 2015 10:02:30|1|admin@foresee.com|ManageMenus.php
2 Jun 2015 10:09:11|1|admin@foresee.com|ManageMenus.php
2 Jun 2015 10:09:51|1|admin@foresee.com|ManageMenus.php
2 Jun 2015 10:09:57|1|admin@foresee.com|ManageMenus.php
2 Jun 2015 10:09:59|1|admin@foresee.com|ManageMenus.php
2 Jun 2015 10:12:29|1|admin@foresee.com|ManageMenus.php
2 Jun 2015 10:16:03|1|admin@foresee.com|ManageMenus.php
2 Jun 2015 10:18:09|1|admin@foresee.com|ManageMenus.php
2 Jun 2015 10:18:14|1|admin@foresee.com|ManageMenus.php
2 Jun 2015 10:18:17|1|admin@foresee.com|ManageMenus.php
2 Jun 2015 10:31:56|1|admin@foresee.com|ManageMenus.php
2 Jun 2015 10:32:00|1|admin@foresee.com|ManageMenus.php
2 Jun 2015 10:32:02|1|admin@foresee.com|ManageMenus.php
2 Jun 2015 10:32:54|1|admin@foresee.com|ManageMenus.php
2 Jun 2015 10:32:58|1|admin@foresee.com|ManageMenus.php
2 Jun 2015 10:33:00|1|admin@foresee.com|ManageMenus.php
2 Jun 2015 10:34:44|1|admin@foresee.com|ManageMenus.php
2 Jun 2015 10:34:49|1|admin@foresee.com|ManageMenus.php
2 Jun 2015 10:34:50|1|admin@foresee.com|ManageMenus.php
2 Jun 2015 10:38:02|1|admin@foresee.com|ManageMenus.php
2 Jun 2015 10:38:06|1|admin@foresee.com|ManageMenus.php
2 Jun 2015 10:38:11|1|admin@foresee.com|ManageMenus.php
2 Jun 2015 10:38:13|1|admin@foresee.com|ManageMenus.php
2 Jun 2015 10:43:31|1|admin@foresee.com|ManageMenus.php
2 Jun 2015 10:43:36|1|admin@foresee.com|ManageMenus.php
2 Jun 2015 10:43:37|1|admin@foresee.com|ManageMenus.php
2 Jun 2015 10:43:40|1|admin@foresee.com|ManageMenus.php
2 Jun 2015 10:44:11|1|admin@foresee.com|ManageMenus.php
2 Jun 2015 10:44:16|1|admin@foresee.com|ManageMenus.php
2 Jun 2015 10:44:18|1|admin@foresee.com|ManageMenus.php
2 Jun 2015 10:45:52|1|admin@foresee.com|ManageMenus.php
2 Jun 2015 10:45:57|1|admin@foresee.com|ManageMenus.php
2 Jun 2015 10:45:58|1|admin@foresee.com|ManageMenus.php
2 Jun 2015 10:46:29|1|admin@foresee.com|ManageMenus.php
2 Jun 2015 10:46:33|1|admin@foresee.com|ManageMenus.php
2 Jun 2015 10:46:35|1|admin@foresee.com|ManageMenus.php
2 Jun 2015 10:46:50|1|admin@foresee.com|ManageMenus.php
2 Jun 2015 10:47:18|1|admin@foresee.com|ManageMenus.php
2 Jun 2015 10:47:22|1|admin@foresee.com|ManageMenus.php
2 Jun 2015 10:47:24|1|admin@foresee.com|ManageMenus.php
2 Jun 2015 10:48:03|1|admin@foresee.com|ManageMenus.php
2 Jun 2015 10:48:08|1|admin@foresee.com|ManageMenus.php
2 Jun 2015 10:48:09|1|admin@foresee.com|ManageMenus.php
2 Jun 2015 10:48:28|1|admin@foresee.com|ManageMenus.php
2 Jun 2015 10:48:33|1|admin@foresee.com|ManageMenus.php
2 Jun 2015 10:48:34|1|admin@foresee.com|ManageMenus.php
2 Jun 2015 10:49:56|1|admin@foresee.com|ManageMenus.php
2 Jun 2015 10:50:01|1|admin@foresee.com|ManageMenus.php
2 Jun 2015 10:50:03|1|admin@foresee.com|ManageMenus.php
2 Jun 2015 10:51:01|1|admin@foresee.com|ManageMenus.php
2 Jun 2015 10:51:06|1|admin@foresee.com|ManageMenus.php
2 Jun 2015 10:51:07|1|admin@foresee.com|ManageMenus.php
2 Jun 2015 10:58:32|1|admin@foresee.com|ManageMenus.php
2 Jun 2015 10:58:37|1|admin@foresee.com|ManageMenus.php
2 Jun 2015 10:58:38|1|admin@foresee.com|ManageMenus.php
2 Jun 2015 10:58:51|1|admin@foresee.com|ManageMenus.php
2 Jun 2015 10:59:22|1|admin@foresee.com|ManageMenus.php
2 Jun 2015 10:59:48|1|admin@foresee.com|ManageMenus.php
2 Jun 2015 10:59:58|1|admin@foresee.com|ManageMenus.php
2 Jun 2015 11:00:03|1|admin@foresee.com|ManageMenus.php
2 Jun 2015 11:00:04|1|admin@foresee.com|ManageMenus.php
2 Jun 2015 11:00:47|1|admin@foresee.com|ManageMenus.php
2 Jun 2015 11:01:02|1|admin@foresee.com|ManageMenus.php
2 Jun 2015 11:01:48|1|admin@foresee.com|ManageMenus.php
2 Jun 2015 11:01:53|1|admin@foresee.com|ManageMenus.php
2 Jun 2015 11:01:56|1|admin@foresee.com|ManageMenus.php
2 Jun 2015 11:02:09|1|admin@foresee.com|ManageMenus.php
2 Jun 2015 11:04:09|1|admin@foresee.com|ManageMenus.php
2 Jun 2015 11:06:45|1|admin@foresee.com|ManageMenus.php
2 Jun 2015 11:07:39|1|admin@foresee.com|ManageMenus.php
2 Jun 2015 11:09:19|1|admin@foresee.com|ManageMenus.php
2 Jun 2015 11:10:03|1|admin@foresee.com|ManageMenus.php
2 Jun 2015 11:10:08|1|admin@foresee.com|ManageMenus.php
2 Jun 2015 11:10:10|1|admin@foresee.com|ManageMenus.php
2 Jun 2015 11:10:49|1|admin@foresee.com|ManageMenus.php
2 Jun 2015 11:11:19|1|admin@foresee.com|ManageMenus.php
2 Jun 2015 11:11:24|1|admin@foresee.com|ManageMenus.php
2 Jun 2015 11:11:26|1|admin@foresee.com|ManageMenus.php
2 Jun 2015 11:11:38|1|admin@foresee.com|ManageMenus.php
2 Jun 2015 11:11:43|1|admin@foresee.com|ManageMenus.php
2 Jun 2015 11:11:45|1|admin@foresee.com|ManageMenus.php
2 Jun 2015 11:12:18|1|admin@foresee.com|ManageMenus.php
2 Jun 2015 11:15:02|1|admin@foresee.com|ManageMenus.php
2 Jun 2015 11:15:08|1|admin@foresee.com|ManageMenus.php
2 Jun 2015 11:15:09|1|admin@foresee.com|ManageMenus.php
2 Jun 2015 11:16:45|1|admin@foresee.com|ManageMenus.php
2 Jun 2015 11:17:12|1|admin@foresee.com|ManageMenus.php
2 Jun 2015 11:17:18|1|admin@foresee.com|ManageMenus.php
2 Jun 2015 11:17:19|1|admin@foresee.com|ManageMenus.php
2 Jun 2015 11:20:04|1|admin@foresee.com|ManageMenus.php
2 Jun 2015 11:20:09|1|admin@foresee.com|ManageMenus.php
2 Jun 2015 11:20:11|1|admin@foresee.com|ManageMenus.php
2 Jun 2015 11:20:59|1|admin@foresee.com|ManageMenus.php
2 Jun 2015 11:21:21|1|admin@foresee.com|ManageMenus.php
2 Jun 2015 11:21:48|1|admin@foresee.com|ManageMenus.php
2 Jun 2015 11:21:53|1|admin@foresee.com|ManageMenus.php
2 Jun 2015 11:21:55|1|admin@foresee.com|ManageMenus.php
2 Jun 2015 11:25:13|1|admin@foresee.com|ManageMenus.php
2 Jun 2015 11:25:18|1|admin@foresee.com|ManageMenus.php
2 Jun 2015 11:25:20|1|admin@foresee.com|ManageMenus.php
2 Jun 2015 11:28:23|1|admin@foresee.com|ManageMenus.php
2 Jun 2015 11:28:29|1|admin@foresee.com|ManageMenus.php
2 Jun 2015 11:28:31|1|admin@foresee.com|ManageMenus.php
2 Jun 2015 11:31:08|1|admin@foresee.com|ManageMenus.php
2 Jun 2015 11:31:14|1|admin@foresee.com|ManageMenus.php
2 Jun 2015 11:31:15|1|admin@foresee.com|ManageMenus.php
2 Jun 2015 11:31:44|1|admin@foresee.com|ManageMenus.php
2 Jun 2015 11:31:49|1|admin@foresee.com|ManageMenus.php
2 Jun 2015 11:31:51|1|admin@foresee.com|ManageMenus.php
2 Jun 2015 11:31:59|1|admin@foresee.com|ManageMenus.php
2 Jun 2015 11:32:13|1|admin@foresee.com|ManageMenus.php
2 Jun 2015 11:32:18|1|admin@foresee.com|ManageMenus.php
2 Jun 2015 11:32:20|1|admin@foresee.com|ManageMenus.php
2 Jun 2015 11:33:15|1|admin@foresee.com|ManageMenus.php
2 Jun 2015 11:34:14|1|admin@foresee.com|ManageMenus.php
2 Jun 2015 11:35:11|1|admin@foresee.com|ManageMenus.php
2 Jun 2015 11:36:24|1|admin@foresee.com|ManageMenus.php
2 Jun 2015 11:37:25|1|admin@foresee.com|ManageMenus.php
2 Jun 2015 11:38:20|1|admin@foresee.com|ManageMenus.php
2 Jun 2015 11:38:49|1|admin@foresee.com|ManageMenus.php
2 Jun 2015 11:39:16|1|admin@foresee.com|ManageMenus.php
2 Jun 2015 11:40:34|1|admin@foresee.com|ManageMenus.php
2 Jun 2015 11:40:39|1|admin@foresee.com|ManageMenus.php
2 Jun 2015 11:40:41|1|admin@foresee.com|ManageMenus.php
2 Jun 2015 11:42:08|1|admin@foresee.com|ManageMenus.php
2 Jun 2015 11:42:14|1|admin@foresee.com|ManageMenus.php
2 Jun 2015 11:42:15|1|admin@foresee.com|ManageMenus.php
2 Jun 2015 11:43:17|1|admin@foresee.com|ManageMenus.php
2 Jun 2015 11:43:34|1|admin@foresee.com|ManageMenus.php
2 Jun 2015 11:44:28|1|admin@foresee.com|ManageMenus.php
2 Jun 2015 11:45:25|1|admin@foresee.com|ManageMenus.php
2 Jun 2015 11:47:49|1|admin@foresee.com|ManageMenus.php
2 Jun 2015 11:48:47|1|admin@foresee.com|ManageMenus.php
2 Jun 2015 11:49:34|1|admin@foresee.com|ManageMenus.php
2 Jun 2015 11:50:20|1|admin@foresee.com|ManageMenus.php
2 Jun 2015 11:50:22|1|admin@foresee.com|ManageMenus.php
2 Jun 2015 11:50:29|1|admin@foresee.com|ManageMenus.php
2 Jun 2015 11:50:48|1|admin@foresee.com|ManageMenus.php
2 Jun 2015 11:50:54|1|admin@foresee.com|ManageMenus.php
2 Jun 2015 11:51:13|1|admin@foresee.com|ManageMenus.php
2 Jun 2015 11:51:18|1|admin@foresee.com|ManageMenus.php
2 Jun 2015 11:51:37|1|admin@foresee.com|ManageMenus.php
2 Jun 2015 11:52:21|1|admin@foresee.com|ManageMenus.php
2 Jun 2015 11:52:27|1|admin@foresee.com|ManageMenus.php
2 Jun 2015 11:52:31|1|admin@foresee.com|ManageMenus.php
2 Jun 2015 11:52:47|1|admin@foresee.com|ManageMenus.php
2 Jun 2015 11:53:26|1|admin@foresee.com|ManageMenus.php
2 Jun 2015 11:53:27|1|admin@foresee.com|ManageMenus.php
2 Jun 2015 11:53:39|1|admin@foresee.com|ManageMenus.php
2 Jun 2015 11:53:52|1|admin@foresee.com|ManageMenus.php
2 Jun 2015 11:54:27|1|admin@foresee.com|ManageMenus.php
2 Jun 2015 11:54:33|1|admin@foresee.com|ManageMenus.php
2 Jun 2015 11:54:35|1|admin@foresee.com|ManageMenus.php
2 Jun 2015 11:54:45|1|admin@foresee.com|ManageMenus.php
2 Jun 2015 11:55:17|1|admin@foresee.com|ManageMenus.php
2 Jun 2015 11:55:19|1|admin@foresee.com|ManageMenus.php
2 Jun 2015 12:12:51|1|admin@foresee.com|ManageMenus.php
2 Jun 2015 12:12:53|1|admin@foresee.com|ManageMenus.php
2 Jun 2015 12:14:07|1|admin@foresee.com|ManageMenus.php
2 Jun 2015 12:22:01|1|admin@foresee.com|ManageMenus.php
2 Jun 2015 12:22:53|1|admin@foresee.com|ManageMenus.php
2 Jun 2015 12:22:59|1|admin@foresee.com|ManageMenus.php
2 Jun 2015 12:23:01|1|admin@foresee.com|ManageMenus.php
2 Jun 2015 12:23:22|1|admin@foresee.com|ManageMenus.php
2 Jun 2015 12:23:33|1|admin@foresee.com|ManageMenus.php
2 Jun 2015 12:23:39|1|admin@foresee.com|ManageMenus.php
2 Jun 2015 12:23:40|1|admin@foresee.com|ManageMenus.php
2 Jun 2015 12:24:32|1|admin@foresee.com|ManageMenus.php
2 Jun 2015 12:24:39|1|admin@foresee.com|ManageMenus.php
2 Jun 2015 12:24:40|1|admin@foresee.com|ManageMenus.php
2 Jun 2015 12:35:00|1|admin@foresee.com|ManageMenus.php
2 Jun 2015 12:35:36|1|admin@foresee.com|ManageMenus.php
2 Jun 2015 12:35:42|1|admin@foresee.com|ManageMenus.php
2 Jun 2015 12:35:44|1|admin@foresee.com|ManageMenus.php
2 Jun 2015 12:36:41|1|admin@foresee.com|ManageMenus.php
2 Jun 2015 12:38:58|1|admin@foresee.com|ManageMenus.php
2 Jun 2015 12:39:03|1|admin@foresee.com|ManageMenus.php
2 Jun 2015 12:40:03|1|admin@foresee.com|ManageMenus.php
2 Jun 2015 12:40:28|1|admin@foresee.com|ManageMenus.php
2 Jun 2015 12:42:09|1|admin@foresee.com|ManageMenus.php
2 Jun 2015 12:43:09|1|admin@foresee.com|Home.php
2 Jun 2015 12:43:26|1|admin@foresee.com|ManageMenus.php
2 Jun 2015 12:43:28|1|admin@foresee.com|ManageMenus.php
2 Jun 2015 12:47:46|1|admin@foresee.com|ManageMenus.php
2 Jun 2015 12:47:51|1|admin@foresee.com|ManageMenus.php
2 Jun 2015 12:54:13|1|admin@foresee.com|ManageMenus.php
2 Jun 2015 12:54:16|1|admin@foresee.com|ManageMenus.php
2 Jun 2015 12:54:57|1|admin@foresee.com|ManageMenus.php
2 Jun 2015 12:54:59|1|admin@foresee.com|ManageMenus.php
2 Jun 2015 12:55:02|1|admin@foresee.com|ManageMenus.php
2 Jun 2015 12:55:40|1|admin@foresee.com|ManageMenus.php
2 Jun 2015 12:55:43|1|admin@foresee.com|ManageMenus.php
2 Jun 2015 12:55:45|1|admin@foresee.com|ManageMenus.php
2 Jun 2015 12:55:48|1|admin@foresee.com|ManageMenus.php
2 Jun 2015 12:56:15|1|admin@foresee.com|ManageMenus.php
2 Jun 2015 12:56:18|1|admin@foresee.com|ManageMenus.php
2 Jun 2015 12:56:20|1|admin@foresee.com|ManageMenus.php
2 Jun 2015 12:57:48|1|admin@foresee.com|ManageMenus.php
2 Jun 2015 12:57:50|1|admin@foresee.com|ManageMenus.php
2 Jun 2015 12:58:14|1|admin@foresee.com|ManageMenus.php
2 Jun 2015 12:58:16|1|admin@foresee.com|ManageMenus.php
2 Jun 2015 12:58:20|1|admin@foresee.com|ManageMenus.php
2 Jun 2015 12:58:24|1|admin@foresee.com|ManageMenus.php
2 Jun 2015 12:58:34|1|admin@foresee.com|ManageMenus.php
2 Jun 2015 12:58:36|1|admin@foresee.com|ManageMenus.php
2 Jun 2015 12:58:37|1|admin@foresee.com|ManageMenus.php
2 Jun 2015 12:58:47|1|admin@foresee.com|ManageMenus.php
2 Jun 2015 12:58:50|1|admin@foresee.com|ManageMenus.php
2 Jun 2015 12:58:52|1|admin@foresee.com|ManageMenus.php
2 Jun 2015 12:58:55|1|admin@foresee.com|ManageMenus.php
2 Jun 2015 12:58:57|1|admin@foresee.com|ManageMenus.php
2 Jun 2015 12:58:58|1|admin@foresee.com|ManageMenus.php
2 Jun 2015 12:59:00|1|admin@foresee.com|ManageMenus.php
2 Jun 2015 12:59:07|1|admin@foresee.com|ManageMenus.php
2 Jun 2015 12:59:09|1|admin@foresee.com|ManageMenus.php
2 Jun 2015 12:59:32|1|admin@foresee.com|ManageMenus.php
2 Jun 2015 12:59:42|1|admin@foresee.com|ManageMenus.php
2 Jun 2015 13:00:02|1|admin@foresee.com|ManageMenus.php
2 Jun 2015 13:00:31|1|admin@foresee.com|ManageMenus.php
2 Jun 2015 13:00:32|1|admin@foresee.com|ManageMenus.php
2 Jun 2015 13:02:09|1|admin@foresee.com|ManageMenus.php
2 Jun 2015 13:03:20|1|admin@foresee.com|ManageMenus.php
2 Jun 2015 13:05:30|1|admin@foresee.com|ManageMenus.php
2 Jun 2015 13:05:32|1|admin@foresee.com|ManageMenus.php
2 Jun 2015 13:05:43|1|admin@foresee.com|ManageMenus.php
2 Jun 2015 13:05:45|1|admin@foresee.com|ManageMenus.php
2 Jun 2015 13:05:55|1|admin@foresee.com|ManageMenus.php
2 Jun 2015 13:09:27|1|admin@foresee.com|ManageMenus.php
2 Jun 2015 13:09:29|1|admin@foresee.com|ManageMenus.php
2 Jun 2015 13:18:07|1|admin@foresee.com|ManageMenus.php
2 Jun 2015 13:18:52|1|admin@foresee.com|ManageMenus.php
2 Jun 2015 13:18:56|1|admin@foresee.com|ManageMenus.php
2 Jun 2015 13:18:59|1|admin@foresee.com|ManageMenus.php
2 Jun 2015 13:19:01|1|admin@foresee.com|ManageMenus.php
2 Jun 2015 13:20:09|1|admin@foresee.com|ManageMenus.php
2 Jun 2015 14:32:11|1|admin@foresee.com|ManageMenus.php
2 Jun 2015 14:43:36|1|admin@foresee.com|ManageMenus.php
2 Jun 2015 14:43:39|1|admin@foresee.com|ManageMenus.php
2 Jun 2015 14:46:51|1|admin@foresee.com|ManageMenus.php
2 Jun 2015 14:46:59|1|admin@foresee.com|ManageMenus.php
2 Jun 2015 14:55:14|1|admin@foresee.com|ManageMenus.php
2 Jun 2015 14:55:18|1|admin@foresee.com|ManageMenus.php
2 Jun 2015 14:55:21|1|admin@foresee.com|ManageMenus.php
2 Jun 2015 14:55:53|1|admin@foresee.com|ManageMenus.php
2 Jun 2015 14:55:59|1|admin@foresee.com|ManageMenus.php
2 Jun 2015 14:56:01|1|admin@foresee.com|ManageMenus.php
2 Jun 2015 14:56:28|1|admin@foresee.com|ManageMenus.php
2 Jun 2015 14:56:32|1|admin@foresee.com|ManageMenus.php
2 Jun 2015 14:56:33|1|admin@foresee.com|ManageMenus.php
2 Jun 2015 14:57:42|1|admin@foresee.com|ManageMenus.php
2 Jun 2015 14:57:44|1|admin@foresee.com|ManageMenus.php
2 Jun 2015 14:59:42|1|admin@foresee.com|ManageMenus.php
2 Jun 2015 14:59:45|1|admin@foresee.com|ManageMenus.php
2 Jun 2015 15:01:58|1|admin@foresee.com|ManageMenus.php
2 Jun 2015 15:02:51|1|admin@foresee.com|ManageMenus.php
2 Jun 2015 15:03:37|1|admin@foresee.com|ManageMenus.php
2 Jun 2015 15:03:40|1|admin@foresee.com|ManageMenus.php
2 Jun 2015 15:03:42|1|admin@foresee.com|ManageMenus.php
2 Jun 2015 15:03:47|1|admin@foresee.com|ManageMenus.php
2 Jun 2015 15:03:50|1|admin@foresee.com|ManageMenus.php
2 Jun 2015 15:03:54|1|admin@foresee.com|ManageMenus.php
2 Jun 2015 15:04:29|1|admin@foresee.com|ManageMenus.php
2 Jun 2015 15:04:32|1|admin@foresee.com|ManageMenus.php
2 Jun 2015 15:04:54|1|admin@foresee.com|ManageMenus.php
2 Jun 2015 15:05:00|1|admin@foresee.com|ManageMenus.php
2 Jun 2015 15:05:03|1|admin@foresee.com|ManageMenus.php
2 Jun 2015 15:05:06|1|admin@foresee.com|ManageMenus.php
2 Jun 2015 15:05:26|1|admin@foresee.com|ManageMenus.php
2 Jun 2015 15:05:30|1|admin@foresee.com|ManageMenus.php
2 Jun 2015 15:05:32|1|admin@foresee.com|ManageMenus.php
2 Jun 2015 15:05:35|1|admin@foresee.com|ManageMenus.php
2 Jun 2015 15:07:16|1|admin@foresee.com|ManageMenus.php
2 Jun 2015 15:07:20|1|admin@foresee.com|ManageMenus.php
2 Jun 2015 15:07:23|1|admin@foresee.com|ManageMenus.php
2 Jun 2015 15:08:10|1|admin@foresee.com|ManageMenus.php
2 Jun 2015 15:08:16|1|admin@foresee.com|ManageMenus.php
2 Jun 2015 15:08:18|1|admin@foresee.com|ManageMenus.php
2 Jun 2015 15:08:21|1|admin@foresee.com|ManageMenus.php
2 Jun 2015 15:10:00|1|admin@foresee.com|ManageMenus.php
2 Jun 2015 15:10:03|1|admin@foresee.com|ManageMenus.php
2 Jun 2015 15:10:05|1|admin@foresee.com|ManageMenus.php
2 Jun 2015 15:51:09|1|admin@foresee.com|ManageMenus.php
2 Jun 2015 15:51:11|1|admin@foresee.com|ManageMenus.php
2 Jun 2015 15:58:41|1|admin@foresee.com|ManageMenus.php
2 Jun 2015 15:58:46|1|admin@foresee.com|ManageMenus.php
2 Jun 2015 15:59:02|1|admin@foresee.com|ManageMenus.php
2 Jun 2015 15:59:05|1|admin@foresee.com|ManageMenus.php
2 Jun 2015 16:00:04|1|admin@foresee.com|ManageMenus.php
2 Jun 2015 16:00:07|1|admin@foresee.com|ManageMenus.php
2 Jun 2015 16:00:10|1|admin@foresee.com|ManageMenus.php
2 Jun 2015 16:01:33|1|admin@foresee.com|ManageMenus.php
2 Jun 2015 16:01:37|1|admin@foresee.com|ManageMenus.php
2 Jun 2015 16:01:39|1|admin@foresee.com|ManageMenus.php
2 Jun 2015 16:01:41|1|admin@foresee.com|ManageMenus.php
2 Jun 2015 16:02:44|1|admin@foresee.com|ManageMenus.php
2 Jun 2015 16:02:48|1|admin@foresee.com|ManageMenus.php
2 Jun 2015 16:02:51|1|admin@foresee.com|ManageMenus.php
2 Jun 2015 16:02:53|1|admin@foresee.com|ManageMenus.php
2 Jun 2015 16:03:58|1|admin@foresee.com|ManageMenus.php
2 Jun 2015 16:04:02|1|admin@foresee.com|ManageMenus.php
2 Jun 2015 16:04:04|1|admin@foresee.com|ManageMenus.php
2 Jun 2015 16:04:06|1|admin@foresee.com|ManageMenus.php
2 Jun 2015 16:04:37|1|admin@foresee.com|ManageMenus.php
2 Jun 2015 16:04:41|1|admin@foresee.com|ManageMenus.php
2 Jun 2015 16:04:43|1|admin@foresee.com|ManageMenus.php
2 Jun 2015 16:04:45|1|admin@foresee.com|ManageMenus.php
2 Jun 2015 16:05:10|1|admin@foresee.com|ManageMenus.php
2 Jun 2015 16:05:13|1|admin@foresee.com|ManageMenus.php
2 Jun 2015 16:05:15|1|admin@foresee.com|ManageMenus.php
2 Jun 2015 16:05:18|1|admin@foresee.com|ManageMenus.php
2 Jun 2015 16:05:48|1|admin@foresee.com|ManageMenus.php
2 Jun 2015 16:05:54|1|admin@foresee.com|ManageMenus.php
2 Jun 2015 16:05:56|1|admin@foresee.com|ManageMenus.php
2 Jun 2015 16:05:58|1|admin@foresee.com|ManageMenus.php
2 Jun 2015 16:06:29|1|admin@foresee.com|ManageMenus.php
2 Jun 2015 16:06:33|1|admin@foresee.com|ManageMenus.php
2 Jun 2015 16:06:35|1|admin@foresee.com|ManageMenus.php
2 Jun 2015 16:06:38|1|admin@foresee.com|ManageMenus.php
2 Jun 2015 16:07:16|1|admin@foresee.com|ManageMenus.php
2 Jun 2015 16:07:21|1|admin@foresee.com|ManageMenus.php
2 Jun 2015 16:07:23|1|admin@foresee.com|ManageMenus.php
2 Jun 2015 16:07:26|1|admin@foresee.com|ManageMenus.php
2 Jun 2015 16:08:28|1|admin@foresee.com|ManageMenus.php
2 Jun 2015 16:08:30|1|admin@foresee.com|ManageMenus.php
2 Jun 2015 16:08:34|1|admin@foresee.com|ManageMenus.php
2 Jun 2015 16:09:04|1|admin@foresee.com|ManageMenus.php
2 Jun 2015 16:09:09|1|admin@foresee.com|ManageMenus.php
2 Jun 2015 16:09:11|1|admin@foresee.com|ManageMenus.php
2 Jun 2015 16:09:21|1|admin@foresee.com|ManageMenus.php
2 Jun 2015 16:09:23|1|admin@foresee.com|ManageMenus.php
2 Jun 2015 16:09:28|1|admin@foresee.com|ManageMenus.php
2 Jun 2015 16:09:30|1|admin@foresee.com|ManageMenus.php
2 Jun 2015 16:09:34|1|admin@foresee.com|ManageMenus.php
2 Jun 2015 16:09:46|1|admin@foresee.com|ManageMenus.php
2 Jun 2015 16:09:52|1|admin@foresee.com|ManageMenus.php
2 Jun 2015 16:09:54|1|admin@foresee.com|ManageMenus.php
2 Jun 2015 16:09:57|1|admin@foresee.com|ManageMenus.php
2 Jun 2015 16:09:59|1|admin@foresee.com|ManageMenus.php
2 Jun 2015 16:10:05|1|admin@foresee.com|ManageMenus.php
2 Jun 2015 16:10:07|1|admin@foresee.com|ManageMenus.php
2 Jun 2015 16:10:44|1|admin@foresee.com|ManageMenus.php
2 Jun 2015 16:10:47|1|admin@foresee.com|ManageMenus.php
2 Jun 2015 16:10:53|1|admin@foresee.com|ManageMenus.php
2 Jun 2015 16:13:30|1|admin@foresee.com|ManageMenus.php
2 Jun 2015 16:13:35|1|admin@foresee.com|ManageMenus.php
2 Jun 2015 16:13:37|1|admin@foresee.com|ManageMenus.php
2 Jun 2015 16:13:41|1|admin@foresee.com|ManageMenus.php
2 Jun 2015 16:14:50|1|admin@foresee.com|ManageMenus.php
2 Jun 2015 16:14:55|1|admin@foresee.com|ManageMenus.php
2 Jun 2015 16:14:57|1|admin@foresee.com|ManageMenus.php
2 Jun 2015 16:15:00|1|admin@foresee.com|ManageMenus.php
2 Jun 2015 16:15:03|1|admin@foresee.com|ManageMenus.php
2 Jun 2015 16:15:06|1|admin@foresee.com|ManageMenus.php
2 Jun 2015 16:15:10|1|admin@foresee.com|ManageMenus.php
2 Jun 2015 16:15:11|1|admin@foresee.com|ManageMenus.php
2 Jun 2015 16:15:13|1|admin@foresee.com|ManageMenus.php
2 Jun 2015 16:15:15|1|admin@foresee.com|ManageMenus.php
2 Jun 2015 16:15:17|1|admin@foresee.com|ManageMenus.php
2 Jun 2015 16:15:19|1|admin@foresee.com|ManageMenus.php
2 Jun 2015 16:15:20|1|admin@foresee.com|ManageMenus.php
2 Jun 2015 16:15:23|1|admin@foresee.com|ManageMenus.php
2 Jun 2015 16:15:29|1|admin@foresee.com|ManageMenus.php
2 Jun 2015 16:15:43|1|admin@foresee.com|ManageMenus.php
2 Jun 2015 16:19:44|1|admin@foresee.com|ManageMenus.php
2 Jun 2015 16:30:28|1|admin@foresee.com|ManageMenus.php
2 Jun 2015 16:32:16|1|admin@foresee.com|ManageMenus.php
2 Jun 2015 17:05:28|1|admin@foresee.com|ManageMenus.php
2 Jun 2015 17:06:26|1|admin@foresee.com|ManageMenus.php
2 Jun 2015 17:08:05|1|admin@foresee.com|ManageMenus.php
2 Jun 2015 17:10:20|1|admin@foresee.com|ManageMenus.php
2 Jun 2015 17:14:18|1|admin@foresee.com|ManageMenus.php
2 Jun 2015 17:15:32|1|admin@foresee.com|ManageMenus.php
2 Jun 2015 17:15:55|1|admin@foresee.com|ManageMenus.php
2 Jun 2015 17:18:26|1|admin@foresee.com|ManageMenus.php
2 Jun 2015 17:18:42|1|admin@foresee.com|ManageMenus.php
2 Jun 2015 17:19:53|1|admin@foresee.com|ManageMenus.php
2 Jun 2015 17:20:11|1|admin@foresee.com|ManageMenus.php
2 Jun 2015 17:20:54|1|admin@foresee.com|ManageMenus.php
2 Jun 2015 17:31:08|1|admin@foresee.com|ManageMenus.php
2 Jun 2015 17:31:31|1|admin@foresee.com|ManageMenus.php
2 Jun 2015 17:32:16|1|admin@foresee.com|ManageMenus.php
2 Jun 2015 17:32:48|1|admin@foresee.com|ManageMenus.php
2 Jun 2015 17:33:42|1|admin@foresee.com|ManageMenus.php
2 Jun 2015 17:35:10|1|admin@foresee.com|ManageMenus.php
2 Jun 2015 17:36:04|1|admin@foresee.com|ManageMenus.php
2 Jun 2015 17:36:22|1|admin@foresee.com|ManageMenus.php
2 Jun 2015 17:38:40|1|admin@foresee.com|ManageMenus.php
2 Jun 2015 17:39:43|1|admin@foresee.com|ManageMenus.php
2 Jun 2015 17:40:11|1|admin@foresee.com|ManageMenus.php
2 Jun 2015 17:42:13|1|admin@foresee.com|ManageMenus.php
2 Jun 2015 17:42:40|1|admin@foresee.com|ManageMenus.php
2 Jun 2015 17:43:58|1|admin@foresee.com|ManageMenus.php
2 Jun 2015 17:45:28|1|admin@foresee.com|ManageMenus.php
2 Jun 2015 17:46:23|1|admin@foresee.com|ManageMenus.php
2 Jun 2015 17:47:16|1|admin@foresee.com|ManageMenus.php
2 Jun 2015 17:47:43|1|admin@foresee.com|ManageMenus.php
2 Jun 2015 17:48:03|1|admin@foresee.com|ManageMenus.php
2 Jun 2015 18:02:31|1|admin@foresee.com|ManageMenus.php
2 Jun 2015 18:02:56|1|admin@foresee.com|ManageMenus.php
2 Jun 2015 18:03:47|1|admin@foresee.com|ManageMenus.php
2 Jun 2015 18:04:35|1|admin@foresee.com|ManageMenus.php
2 Jun 2015 18:05:07|1|admin@foresee.com|ManageMenus.php
2 Jun 2015 18:05:39|1|admin@foresee.com|ManageMenus.php
2 Jun 2015 18:06:09|1|admin@foresee.com|ManageMenus.php
2 Jun 2015 18:10:29|1|admin@foresee.com|ManageMenus.php
2 Jun 2015 18:11:37|1|admin@foresee.com|ManageMenus.php
2 Jun 2015 18:11:57|1|admin@foresee.com|ManageMenus.php
2 Jun 2015 18:12:46|1|admin@foresee.com|ManageMenus.php
2 Jun 2015 18:13:30|1|admin@foresee.com|ManageMenus.php
2 Jun 2015 18:18:56|1|admin@foresee.com|ManageMenus.php
2 Jun 2015 18:19:22|1|admin@foresee.com|ManageMenus.php
2 Jun 2015 18:20:37|1|admin@foresee.com|ManageMenus.php
2 Jun 2015 18:21:44|1|admin@foresee.com|ManageMenus.php
2 Jun 2015 18:22:05|1|admin@foresee.com|ManageMenus.php
2 Jun 2015 18:23:03|1|admin@foresee.com|ManageMenus.php
3 Jun 2015 09:37:51|1|admin@foresee.com|Home.php
3 Jun 2015 09:40:04|1|admin@foresee.com|ManageMenus.php
3 Jun 2015 09:44:42|1|admin@foresee.com|ManageMenus.php
3 Jun 2015 09:47:04|1|admin@foresee.com|ManageMenus.php
3 Jun 2015 09:47:46|1|admin@foresee.com|ManageMenus.php
3 Jun 2015 09:49:22|1|admin@foresee.com|ManageMenus.php
3 Jun 2015 09:50:03|1|admin@foresee.com|ManageMenus.php
3 Jun 2015 09:50:44|1|admin@foresee.com|ManageMenus.php
3 Jun 2015 09:52:08|1|admin@foresee.com|ManageMenus.php
3 Jun 2015 09:52:35|1|admin@foresee.com|ManageMenus.php
3 Jun 2015 09:53:51|1|admin@foresee.com|ManageMenus.php
3 Jun 2015 09:54:57|1|admin@foresee.com|ManageMenus.php
3 Jun 2015 09:55:16|1|admin@foresee.com|ManageMenus.php
3 Jun 2015 09:56:15|1|admin@foresee.com|ManageMenus.php
3 Jun 2015 09:57:05|1|admin@foresee.com|ManageMenus.php
3 Jun 2015 09:57:32|1|admin@foresee.com|ManageMenus.php
3 Jun 2015 09:57:54|1|admin@foresee.com|ManageMenus.php
3 Jun 2015 09:58:16|1|admin@foresee.com|ManageMenus.php
3 Jun 2015 09:58:50|1|admin@foresee.com|ManageMenus.php
3 Jun 2015 09:59:14|1|admin@foresee.com|ManageMenus.php
3 Jun 2015 09:59:53|1|admin@foresee.com|ManageMenus.php
3 Jun 2015 10:03:29|1|admin@foresee.com|ManageMenus.php
3 Jun 2015 10:04:10|1|admin@foresee.com|ManageMenus.php
3 Jun 2015 10:04:27|1|admin@foresee.com|ManageMenus.php
3 Jun 2015 10:05:10|1|admin@foresee.com|ManageMenus.php
3 Jun 2015 10:06:20|1|admin@foresee.com|ManageMenus.php
3 Jun 2015 10:11:24|1|admin@foresee.com|ManageMenus.php
3 Jun 2015 10:12:04|1|admin@foresee.com|ManageMenus.php
3 Jun 2015 10:13:20|1|admin@foresee.com|ManageMenus.php
3 Jun 2015 10:13:53|1|admin@foresee.com|ManageMenus.php
3 Jun 2015 10:18:36|1|admin@foresee.com|ManageMenus.php
3 Jun 2015 10:19:48|1|admin@foresee.com|ManageMenus.php
3 Jun 2015 10:19:50|1|admin@foresee.com|ManageMenus.php
3 Jun 2015 10:20:23|1|admin@foresee.com|ManageMenus.php
3 Jun 2015 10:22:09|1|admin@foresee.com|ManageMenus.php
3 Jun 2015 10:24:08|1|admin@foresee.com|ManageMenus.php
3 Jun 2015 10:24:43|1|admin@foresee.com|ManageMenus.php
3 Jun 2015 10:25:54|1|admin@foresee.com|ManageMenus.php
3 Jun 2015 10:26:11|1|admin@foresee.com|ManageMenus.php
3 Jun 2015 10:26:39|1|admin@foresee.com|ManageMenus.php
3 Jun 2015 10:27:36|1|admin@foresee.com|ManageMenus.php
3 Jun 2015 10:28:52|1|admin@foresee.com|ManageMenus.php
3 Jun 2015 10:29:15|1|admin@foresee.com|ManageMenus.php
3 Jun 2015 10:30:00|1|admin@foresee.com|ManageMenus.php
3 Jun 2015 10:31:12|1|admin@foresee.com|ManageMenus.php
3 Jun 2015 10:34:26|1|admin@foresee.com|ManageMenus.php
3 Jun 2015 10:34:56|1|admin@foresee.com|ManageMenus.php
3 Jun 2015 10:35:34|1|admin@foresee.com|ManageMenus.php
3 Jun 2015 10:38:29|1|admin@foresee.com|ManageMenus.php
3 Jun 2015 10:39:26|1|admin@foresee.com|ManageMenus.php
3 Jun 2015 10:40:03|1|admin@foresee.com|ManageMenus.php
3 Jun 2015 10:40:30|1|admin@foresee.com|ManageMenus.php
3 Jun 2015 10:42:07|1|admin@foresee.com|ManageMenus.php
3 Jun 2015 10:43:38|1|admin@foresee.com|ManageMenus.php
3 Jun 2015 10:44:18|1|admin@foresee.com|ManageMenus.php
3 Jun 2015 10:47:21|1|admin@foresee.com|ManageMenus.php
3 Jun 2015 10:48:17|1|admin@foresee.com|ManageMenus.php
3 Jun 2015 10:48:47|1|admin@foresee.com|ManageMenus.php
3 Jun 2015 10:49:50|1|admin@foresee.com|ManageMenus.php
3 Jun 2015 10:50:52|1|admin@foresee.com|ManageMenus.php
3 Jun 2015 10:51:23|1|admin@foresee.com|ManageMenus.php
3 Jun 2015 10:51:26|1|admin@foresee.com|ManageMenus.php
3 Jun 2015 10:51:38|1|admin@foresee.com|ManageMenus.php
3 Jun 2015 10:51:42|1|admin@foresee.com|ManageMenus.php
3 Jun 2015 10:51:44|1|admin@foresee.com|ManageMenus.php
3 Jun 2015 10:51:48|1|admin@foresee.com|ManageMenus.php
3 Jun 2015 10:52:11|1|admin@foresee.com|ManageMenus.php
3 Jun 2015 10:52:19|1|admin@foresee.com|ManageMenus.php
3 Jun 2015 10:52:56|1|admin@foresee.com|ManageMenus.php
3 Jun 2015 10:53:44|1|admin@foresee.com|ManageMenus.php
3 Jun 2015 10:54:50|1|admin@foresee.com|ManageMenus.php
3 Jun 2015 10:56:26|1|admin@foresee.com|ManageMenus.php
3 Jun 2015 10:56:31|1|admin@foresee.com|ManageMenus.php
3 Jun 2015 10:56:37|1|admin@foresee.com|ManageMenus.php
3 Jun 2015 11:01:36|1|admin@foresee.com|ManageMenus.php
3 Jun 2015 11:04:59|1|admin@foresee.com|ManageRole.php
3 Jun 2015 11:05:03|1|admin@foresee.com|ManageRole.php
3 Jun 2015 11:08:12|1|admin@foresee.com|ManageRole.php
3 Jun 2015 11:08:22|1|admin@foresee.com|ManageUsers.php
3 Jun 2015 11:08:25|1|admin@foresee.com|ManageUsers.php
3 Jun 2015 11:09:15|1|admin@foresee.com|ManageUsers.php
3 Jun 2015 11:09:17|1|admin@foresee.com|ManageUsers.php
3 Jun 2015 11:10:36|1|admin@foresee.com|ManageUsers.php
3 Jun 2015 11:10:56|1|admin@foresee.com|ManageUsers.php
3 Jun 2015 11:10:58|1|admin@foresee.com|ManageUsers.php
3 Jun 2015 11:11:35|41|ffdd@foresee.com|Home.php
3 Jun 2015 11:11:51|1|admin@foresee.com|ManageRole.php
3 Jun 2015 11:11:54|1|admin@foresee.com|ManageRole.php
3 Jun 2015 11:16:51|1|admin@foresee.com|ManageMenus.php
3 Jun 2015 11:24:36|1|admin@foresee.com|ManageMenus.php
3 Jun 2015 11:26:37|1|admin@foresee.com|ManageMenus.php
3 Jun 2015 11:26:45|1|admin@foresee.com|ManageMenus.php
3 Jun 2015 11:28:10|1|admin@foresee.com|ManageMenus.php
3 Jun 2015 11:28:26|1|admin@foresee.com|ManageMenus.php
3 Jun 2015 11:33:39|1|admin@foresee.com|ManageMenus.php
3 Jun 2015 11:33:46|1|admin@foresee.com|ManageMenus.php
3 Jun 2015 11:34:12|1|admin@foresee.com|ManageMenus.php
3 Jun 2015 11:34:36|1|admin@foresee.com|ManageMenus.php
3 Jun 2015 11:34:43|1|admin@foresee.com|ManageMenus.php
3 Jun 2015 11:42:18|1|admin@foresee.com|ManageMenus.php
3 Jun 2015 11:42:25|1|admin@foresee.com|ManageMenus.php
3 Jun 2015 11:43:16|1|admin@foresee.com|ManageMenus.php
3 Jun 2015 11:43:22|1|admin@foresee.com|ManageMenus.php
3 Jun 2015 12:06:58|1|admin@foresee.com|ManageMenus.php
3 Jun 2015 12:07:23|1|admin@foresee.com|ManageMenus.php
3 Jun 2015 12:07:45|1|admin@foresee.com|ManageMenus.php
3 Jun 2015 12:07:59|1|admin@foresee.com|ManageMenus.php
3 Jun 2015 12:08:18|1|admin@foresee.com|ManageMenus.php
3 Jun 2015 12:08:28|1|admin@foresee.com|ManageMenus.php
3 Jun 2015 12:09:24|1|admin@foresee.com|ManageMenus.php
3 Jun 2015 12:09:35|1|admin@foresee.com|ManageMenus.php
3 Jun 2015 12:10:10|1|admin@foresee.com|ManageMenus.php
3 Jun 2015 12:10:17|1|admin@foresee.com|ManageMenus.php
3 Jun 2015 12:10:56|1|admin@foresee.com|ManageMenus.php
3 Jun 2015 12:11:07|1|admin@foresee.com|ManageMenus.php
3 Jun 2015 12:11:25|1|admin@foresee.com|ManageMenus.php
3 Jun 2015 12:11:36|1|admin@foresee.com|ManageMenus.php
3 Jun 2015 12:13:48|1|admin@foresee.com|ManageMenus.php
3 Jun 2015 12:13:57|1|admin@foresee.com|ManageMenus.php
3 Jun 2015 12:28:28|1|admin@foresee.com|ManageMenus.php
3 Jun 2015 12:28:36|1|admin@foresee.com|ManageMenus.php
3 Jun 2015 12:29:00|1|admin@foresee.com|ManageMenus.php
3 Jun 2015 12:29:10|1|admin@foresee.com|ManageMenus.php
3 Jun 2015 12:29:12|1|admin@foresee.com|ManageMenus.php
3 Jun 2015 12:29:53|1|admin@foresee.com|ManageMenus.php
3 Jun 2015 12:30:01|1|admin@foresee.com|ManageMenus.php
3 Jun 2015 12:30:04|1|admin@foresee.com|ManageMenus.php
3 Jun 2015 12:30:04|1|admin@foresee.com|ManageMenus.php
3 Jun 2015 12:30:41|1|admin@foresee.com|ManageMenus.php
3 Jun 2015 12:30:50|1|admin@foresee.com|ManageMenus.php
3 Jun 2015 12:30:50|1|admin@foresee.com|ManageMenus.php
3 Jun 2015 12:30:59|1|admin@foresee.com|ManageRole.php
3 Jun 2015 12:31:18|1|admin@foresee.com|ManageMenus.php
3 Jun 2015 12:31:18|1|admin@foresee.com|ManageMenus.php
3 Jun 2015 12:33:08|1|admin@foresee.com|ManageMenus.php
3 Jun 2015 12:33:36|1|admin@foresee.com|ManageMenus.php
3 Jun 2015 12:33:44|1|admin@foresee.com|ManageMenus.php
3 Jun 2015 12:35:51|1|admin@foresee.com|ManageMenus.php
3 Jun 2015 12:36:25|1|admin@foresee.com|ManageMenus.php
3 Jun 2015 12:36:34|1|admin@foresee.com|ManageMenus.php
3 Jun 2015 12:38:15|1|admin@foresee.com|ManageMenus.php