
4 May 2015 15:39:45|1|admin@foresee.com|FrozenPackRating.php
4 May 2015 15:39:45|1|admin@foresee.com|FrozenPackRating.php
4 May 2015 15:39:46|1|admin@foresee.com|FrozenPackRating.php
4 May 2015 15:39:46|1|admin@foresee.com|FrozenPackRating.php
4 May 2015 15:39:46|1|admin@foresee.com|FrozenPackRating.php
4 May 2015 15:39:46|1|admin@foresee.com|FrozenPackRating.php
4 May 2015 15:39:46|1|admin@foresee.com|FrozenPackRating.php
4 May 2015 15:39:47|1|admin@foresee.com|FrozenPackRating.php
4 May 2015 15:40:32|1|admin@foresee.com|FrznPkgAccounts.php
4 May 2015 15:45:19|1|admin@foresee.com|FrznPkgAccounts.php
4 May 2015 15:45:30|1|admin@foresee.com|FrznPkgAccounts.php
4 May 2015 15:45:35|1|admin@foresee.com|FrznPkgAccounts.php
4 May 2015 15:48:49|1|admin@foresee.com|FrznPkgAccounts.php
4 May 2015 15:53:19|1|admin@foresee.com|FrznPkgAccounts.php
4 May 2015 16:11:02|1|admin@foresee.com|FrozenPackRating.php
4 May 2015 16:11:06|1|admin@foresee.com|FrozenPackRating.php
4 May 2015 16:11:12|1|admin@foresee.com|FrozenPackRating.php
4 May 2015 16:11:16|1|admin@foresee.com|FrozenPackRating.php
4 May 2015 16:15:08|1|admin@foresee.com|FrznPkgRateList.php
4 May 2015 16:15:25|1|admin@foresee.com|FrozenPackingRate.php
4 May 2015 16:16:42|1|admin@foresee.com|FrozenPackingRate.php
4 May 2015 16:16:44|1|admin@foresee.com|FrznPkgGradeException.php
4 May 2015 16:34:33|1|admin@foresee.com|FrznPkgGradeException.php
4 May 2015 17:05:27|1|admin@foresee.com|FrozenPackRating.php
4 May 2015 17:06:12|1|admin@foresee.com|FrozenPackRating.php
4 May 2015 17:06:52|1|admin@foresee.com|FrznPkgGradeException.php
4 May 2015 17:06:57|1|admin@foresee.com|FrznPkgGradeException.php
4 May 2015 17:17:40|1|admin@foresee.com|FrznPkgGradeException.php
4 May 2015 17:31:44|1|admin@foresee.com|FrozenPackRating.php
4 May 2015 17:31:46|1|admin@foresee.com|FrozenPackRating.php
4 May 2015 17:31:46|1|admin@foresee.com|FrozenPackRating.php
4 May 2015 17:38:23|1|admin@foresee.com|FrozenPackRating.php
4 May 2015 17:38:25|1|admin@foresee.com|FrozenPackRating.php
4 May 2015 17:38:25|1|admin@foresee.com|FrozenPackRating.php
4 May 2015 17:38:30|1|admin@foresee.com|FrozenPackRating.php
4 May 2015 17:38:30|1|admin@foresee.com|FrozenPackRating.php
4 May 2015 17:38:36|1|admin@foresee.com|FrozenPackRating.php
4 May 2015 17:38:36|1|admin@foresee.com|FrozenPackRating.php
4 May 2015 17:38:41|1|admin@foresee.com|FrozenPackRating.php
4 May 2015 17:38:42|1|admin@foresee.com|FrozenPackRating.php
4 May 2015 17:38:43|1|admin@foresee.com|FrozenPackRating.php
4 May 2015 17:38:44|1|admin@foresee.com|FrozenPackRating.php
4 May 2015 17:38:46|1|admin@foresee.com|FrozenPackRating.php
4 May 2015 17:38:46|1|admin@foresee.com|FrozenPackRating.php
4 May 2015 17:38:55|1|admin@foresee.com|FrozenPackRating.php
4 May 2015 17:38:55|1|admin@foresee.com|FrozenPackRating.php
4 May 2015 17:38:59|1|admin@foresee.com|FrozenPackRating.php
4 May 2015 17:38:59|1|admin@foresee.com|FrozenPackRating.php
4 May 2015 17:39:00|1|admin@foresee.com|FrozenPackRating.php
4 May 2015 17:39:00|1|admin@foresee.com|FrozenPackRating.php
4 May 2015 17:39:04|1|admin@foresee.com|FrozenPackRating.php
4 May 2015 17:39:04|1|admin@foresee.com|FrozenPackRating.php
4 May 2015 17:39:05|1|admin@foresee.com|FrozenPackRating.php
4 May 2015 17:39:05|1|admin@foresee.com|FrozenPackRating.php
4 May 2015 17:39:09|1|admin@foresee.com|FrozenPackRating.php
4 May 2015 17:39:09|1|admin@foresee.com|FrozenPackRating.php
4 May 2015 17:39:10|1|admin@foresee.com|FrozenPackRating.php
4 May 2015 17:39:11|1|admin@foresee.com|FrozenPackRating.php
4 May 2015 17:39:12|1|admin@foresee.com|FrozenPackRating.php
4 May 2015 17:39:12|1|admin@foresee.com|FrozenPackRating.php
4 May 2015 17:39:13|1|admin@foresee.com|FrozenPackRating.php
4 May 2015 17:39:13|1|admin@foresee.com|FrozenPackRating.php
4 May 2015 17:39:14|1|admin@foresee.com|FrozenPackRating.php
4 May 2015 17:39:15|1|admin@foresee.com|FrozenPackRating.php
4 May 2015 17:39:17|1|admin@foresee.com|FrozenPackRating.php
4 May 2015 17:39:17|1|admin@foresee.com|FrozenPackRating.php
4 May 2015 17:39:20|1|admin@foresee.com|FrozenPackRating.php
4 May 2015 17:39:20|1|admin@foresee.com|FrozenPackRating.php
4 May 2015 17:39:26|1|admin@foresee.com|FrozenPackRating.php
4 May 2015 17:39:26|1|admin@foresee.com|FrozenPackRating.php
4 May 2015 17:39:28|1|admin@foresee.com|FrozenPackRating.php
4 May 2015 17:39:28|1|admin@foresee.com|FrozenPackRating.php
4 May 2015 17:39:31|1|admin@foresee.com|FrozenPackRating.php
4 May 2015 17:39:32|1|admin@foresee.com|FrozenPackRating.php
4 May 2015 17:39:35|1|admin@foresee.com|FrozenPackRating.php
4 May 2015 17:39:35|1|admin@foresee.com|FrozenPackRating.php
4 May 2015 17:39:37|1|admin@foresee.com|FrozenPackRating.php
4 May 2015 17:39:37|1|admin@foresee.com|FrozenPackRating.php
4 May 2015 17:39:40|1|admin@foresee.com|FrozenPackRating.php
4 May 2015 17:39:40|1|admin@foresee.com|FrozenPackRating.php
4 May 2015 17:39:44|1|admin@foresee.com|FrozenPackRating.php
4 May 2015 17:39:44|1|admin@foresee.com|FrozenPackRating.php
4 May 2015 17:39:49|1|admin@foresee.com|FrozenPackRating.php
4 May 2015 17:39:49|1|admin@foresee.com|FrozenPackRating.php
4 May 2015 17:39:52|1|admin@foresee.com|FrozenPackRating.php
4 May 2015 17:39:52|1|admin@foresee.com|FrozenPackRating.php
4 May 2015 17:39:54|1|admin@foresee.com|FrozenPackRating.php
4 May 2015 17:39:54|1|admin@foresee.com|FrozenPackRating.php
4 May 2015 17:39:57|1|admin@foresee.com|FrozenPackRating.php
4 May 2015 17:39:57|1|admin@foresee.com|FrozenPackRating.php
4 May 2015 17:40:00|1|admin@foresee.com|FrozenPackRating.php
4 May 2015 17:40:00|1|admin@foresee.com|FrozenPackRating.php
4 May 2015 17:40:03|1|admin@foresee.com|FrozenPackRating.php
4 May 2015 17:40:04|1|admin@foresee.com|FrozenPackRating.php
4 May 2015 17:40:08|1|admin@foresee.com|FrozenPackRating.php
4 May 2015 17:40:08|1|admin@foresee.com|FrozenPackRating.php
4 May 2015 17:40:12|1|admin@foresee.com|FrozenPackRating.php
4 May 2015 17:40:12|1|admin@foresee.com|FrozenPackRating.php
4 May 2015 17:40:14|1|admin@foresee.com|FrozenPackRating.php
4 May 2015 17:40:14|1|admin@foresee.com|FrozenPackRating.php
4 May 2015 17:40:18|1|admin@foresee.com|FrozenPackRating.php
4 May 2015 17:40:18|1|admin@foresee.com|FrozenPackRating.php
4 May 2015 17:40:21|1|admin@foresee.com|FrozenPackRating.php
4 May 2015 17:40:21|1|admin@foresee.com|FrozenPackRating.php
4 May 2015 17:40:27|1|admin@foresee.com|FrozenPackRating.php
4 May 2015 17:40:27|1|admin@foresee.com|FrozenPackRating.php
4 May 2015 17:40:29|1|admin@foresee.com|FrozenPackRating.php
4 May 2015 17:40:29|1|admin@foresee.com|FrozenPackRating.php
4 May 2015 17:40:31|1|admin@foresee.com|FrozenPackRating.php
4 May 2015 17:40:31|1|admin@foresee.com|FrozenPackRating.php
4 May 2015 17:40:32|1|admin@foresee.com|FrozenPackRating.php
4 May 2015 17:40:32|1|admin@foresee.com|FrozenPackRating.php
4 May 2015 17:40:47|1|admin@foresee.com|FrozenPackRating.php
4 May 2015 17:40:49|1|admin@foresee.com|FrozenPackRating.php
4 May 2015 17:40:54|1|admin@foresee.com|FrozenPackRating.php
4 May 2015 17:40:56|1|admin@foresee.com|FrozenPackRating.php
4 May 2015 17:40:56|1|admin@foresee.com|FrozenPackRating.php
4 May 2015 17:41:00|1|admin@foresee.com|FrozenPackRating.php
4 May 2015 17:41:04|1|admin@foresee.com|FrozenPackRating.php
4 May 2015 17:41:06|1|admin@foresee.com|FrozenPackRating.php
4 May 2015 17:41:06|1|admin@foresee.com|FrozenPackRating.php
4 May 2015 17:46:30|1|admin@foresee.com|FrozenPackRating.php
4 May 2015 17:46:30|1|admin@foresee.com|FrozenPackRating.php
4 May 2015 17:46:30|1|admin@foresee.com|FrozenPackRating.php
4 May 2015 17:46:31|1|admin@foresee.com|FrozenPackRating.php
4 May 2015 17:46:31|1|admin@foresee.com|FrozenPackRating.php
4 May 2015 17:46:31|1|admin@foresee.com|FrozenPackRating.php
4 May 2015 17:46:31|1|admin@foresee.com|FrozenPackRating.php
4 May 2015 17:46:31|1|admin@foresee.com|FrozenPackRating.php
4 May 2015 17:46:31|1|admin@foresee.com|FrozenPackRating.php
4 May 2015 17:46:31|1|admin@foresee.com|FrozenPackRating.php
4 May 2015 17:46:32|1|admin@foresee.com|FrozenPackRating.php
4 May 2015 17:46:32|1|admin@foresee.com|FrozenPackRating.php
4 May 2015 17:46:32|1|admin@foresee.com|FrozenPackRating.php
4 May 2015 17:46:32|1|admin@foresee.com|FrozenPackRating.php
4 May 2015 17:46:32|1|admin@foresee.com|FrozenPackRating.php
4 May 2015 17:46:32|1|admin@foresee.com|FrozenPackRating.php
4 May 2015 17:46:32|1|admin@foresee.com|FrozenPackRating.php
4 May 2015 17:46:32|1|admin@foresee.com|FrozenPackRating.php
4 May 2015 17:46:33|1|admin@foresee.com|FrozenPackRating.php
4 May 2015 18:01:36|1|admin@foresee.com|FrozenPackRating.php
4 May 2015 18:01:36|1|admin@foresee.com|FrozenPackRating.php
4 May 2015 18:01:36|1|admin@foresee.com|FrozenPackRating.php
4 May 2015 18:01:36|1|admin@foresee.com|FrozenPackRating.php
4 May 2015 18:01:36|1|admin@foresee.com|FrozenPackRating.php
4 May 2015 18:01:37|1|admin@foresee.com|FrozenPackRating.php
4 May 2015 18:01:37|1|admin@foresee.com|FrozenPackRating.php
4 May 2015 18:01:37|1|admin@foresee.com|FrozenPackRating.php
4 May 2015 18:01:37|1|admin@foresee.com|FrozenPackRating.php
4 May 2015 18:01:37|1|admin@foresee.com|FrozenPackRating.php
4 May 2015 18:01:37|1|admin@foresee.com|FrozenPackRating.php
4 May 2015 18:01:37|1|admin@foresee.com|FrozenPackRating.php
4 May 2015 18:01:37|1|admin@foresee.com|FrozenPackRating.php
4 May 2015 18:01:38|1|admin@foresee.com|FrozenPackRating.php
4 May 2015 18:01:38|1|admin@foresee.com|FrozenPackRating.php
4 May 2015 18:01:38|1|admin@foresee.com|FrozenPackRating.php
4 May 2015 18:01:38|1|admin@foresee.com|FrozenPackRating.php
4 May 2015 18:01:38|1|admin@foresee.com|FrozenPackRating.php
4 May 2015 18:01:38|1|admin@foresee.com|FrozenPackRating.php
4 May 2015 18:01:56|1|admin@foresee.com|FrznPkgGradeException.php
4 May 2015 18:02:25|1|admin@foresee.com|FrozenPackingQuickEntryList.php
4 May 2015 18:02:30|1|admin@foresee.com|FrozenPackingQuickEntryList.php
4 May 2015 18:02:37|1|admin@foresee.com|FrozenPackingQuickEntryList.php
4 May 2015 18:02:39|1|admin@foresee.com|FrozenPackingQuickEntryList.php
4 May 2015 18:02:39|1|admin@foresee.com|FrozenPackingQuickEntryList.php
4 May 2015 18:03:10|1|admin@foresee.com|FrozenPackingQuickEntryList.php
4 May 2015 18:03:10|1|admin@foresee.com|FrozenPackingQuickEntryList.php
4 May 2015 18:03:10|1|admin@foresee.com|FrozenPackingQuickEntryList.php
4 May 2015 18:03:10|1|admin@foresee.com|FrozenPackingQuickEntryList.php
4 May 2015 18:03:10|1|admin@foresee.com|FrozenPackingQuickEntryList.php
4 May 2015 18:03:10|1|admin@foresee.com|FrozenPackingQuickEntryList.php
4 May 2015 18:03:11|1|admin@foresee.com|FrozenPackingQuickEntryList.php
4 May 2015 18:03:11|1|admin@foresee.com|FrozenPackingQuickEntryList.php
4 May 2015 18:03:11|1|admin@foresee.com|FrozenPackingQuickEntryList.php
4 May 2015 18:03:11|1|admin@foresee.com|FrozenPackingQuickEntryList.php
4 May 2015 18:03:11|1|admin@foresee.com|FrozenPackingQuickEntryList.php
4 May 2015 18:03:11|1|admin@foresee.com|FrozenPackingQuickEntryList.php
4 May 2015 18:03:11|1|admin@foresee.com|FrozenPackingQuickEntryList.php
4 May 2015 18:03:12|1|admin@foresee.com|FrozenPackingQuickEntryList.php
4 May 2015 18:03:12|1|admin@foresee.com|FrozenPackingQuickEntryList.php
4 May 2015 18:03:12|1|admin@foresee.com|FrozenPackingQuickEntryList.php
4 May 2015 18:03:12|1|admin@foresee.com|FrozenPackingQuickEntryList.php
4 May 2015 18:03:12|1|admin@foresee.com|FrozenPackingQuickEntryList.php
4 May 2015 18:03:12|1|admin@foresee.com|FrozenPackingQuickEntryList.php
4 May 2015 18:03:12|1|admin@foresee.com|FrozenPackingQuickEntryList.php
4 May 2015 18:03:13|1|admin@foresee.com|FrozenPackingQuickEntryList.php
4 May 2015 18:03:13|1|admin@foresee.com|FrozenPackingQuickEntryList.php
4 May 2015 18:03:13|1|admin@foresee.com|FrozenPackingQuickEntryList.php
4 May 2015 18:03:13|1|admin@foresee.com|FrozenPackingQuickEntryList.php
4 May 2015 18:03:13|1|admin@foresee.com|FrozenPackingQuickEntryList.php
4 May 2015 18:03:13|1|admin@foresee.com|FrozenPackingQuickEntryList.php
4 May 2015 18:03:13|1|admin@foresee.com|FrozenPackingQuickEntryList.php
4 May 2015 18:04:17|1|admin@foresee.com|FrozenPackRating.php
4 May 2015 18:04:17|1|admin@foresee.com|FrozenPackRating.php
4 May 2015 18:04:17|1|admin@foresee.com|FrozenPackRating.php
4 May 2015 18:04:17|1|admin@foresee.com|FrozenPackRating.php
4 May 2015 18:04:18|1|admin@foresee.com|FrozenPackRating.php
4 May 2015 18:04:18|1|admin@foresee.com|FrozenPackRating.php
4 May 2015 18:04:18|1|admin@foresee.com|FrozenPackRating.php
4 May 2015 18:04:18|1|admin@foresee.com|FrozenPackRating.php
4 May 2015 18:04:18|1|admin@foresee.com|FrozenPackRating.php
4 May 2015 18:04:18|1|admin@foresee.com|FrozenPackRating.php
4 May 2015 18:04:18|1|admin@foresee.com|FrozenPackRating.php
4 May 2015 18:04:19|1|admin@foresee.com|FrozenPackRating.php
4 May 2015 18:04:19|1|admin@foresee.com|FrozenPackRating.php
4 May 2015 18:04:19|1|admin@foresee.com|FrozenPackRating.php
4 May 2015 18:04:19|1|admin@foresee.com|FrozenPackRating.php
4 May 2015 18:04:19|1|admin@foresee.com|FrozenPackRating.php
4 May 2015 18:04:19|1|admin@foresee.com|FrozenPackRating.php
4 May 2015 18:04:19|1|admin@foresee.com|FrozenPackRating.php
4 May 2015 18:04:19|1|admin@foresee.com|FrozenPackRating.php
4 May 2015 18:21:44|1|admin@foresee.com|FrozenPackRating.php
4 May 2015 18:21:47|1|admin@foresee.com|FrozenPackRating.php
4 May 2015 18:21:47|1|admin@foresee.com|FrozenPackRating.php
4 May 2015 18:26:31|1|admin@foresee.com|FrozenPackRating.php
4 May 2015 18:26:31|1|admin@foresee.com|FrozenPackRating.php
4 May 2015 18:26:31|1|admin@foresee.com|FrozenPackRating.php
4 May 2015 18:26:31|1|admin@foresee.com|FrozenPackRating.php
4 May 2015 18:26:31|1|admin@foresee.com|FrozenPackRating.php
4 May 2015 18:26:32|1|admin@foresee.com|FrozenPackRating.php
4 May 2015 18:26:32|1|admin@foresee.com|FrozenPackRating.php
4 May 2015 18:26:32|1|admin@foresee.com|FrozenPackRating.php
4 May 2015 18:26:32|1|admin@foresee.com|FrozenPackRating.php
4 May 2015 18:26:32|1|admin@foresee.com|FrozenPackRating.php
4 May 2015 18:26:32|1|admin@foresee.com|FrozenPackRating.php
4 May 2015 18:26:32|1|admin@foresee.com|FrozenPackRating.php
4 May 2015 18:26:33|1|admin@foresee.com|FrozenPackRating.php
4 May 2015 18:26:33|1|admin@foresee.com|FrozenPackRating.php
4 May 2015 18:26:33|1|admin@foresee.com|FrozenPackRating.php
4 May 2015 18:26:33|1|admin@foresee.com|FrozenPackRating.php
4 May 2015 18:26:33|1|admin@foresee.com|FrozenPackRating.php
4 May 2015 18:26:33|1|admin@foresee.com|FrozenPackRating.php
4 May 2015 18:26:33|1|admin@foresee.com|FrozenPackRating.php
4 May 2015 18:26:42|1|admin@foresee.com|FrozenPackRating.php
4 May 2015 18:26:42|1|admin@foresee.com|FrozenPackRating.php
4 May 2015 18:26:42|1|admin@foresee.com|FrozenPackRating.php
4 May 2015 18:26:42|1|admin@foresee.com|FrozenPackRating.php
4 May 2015 18:26:43|1|admin@foresee.com|FrozenPackRating.php
4 May 2015 18:26:43|1|admin@foresee.com|FrozenPackRating.php
4 May 2015 18:26:43|1|admin@foresee.com|FrozenPackRating.php
4 May 2015 18:26:43|1|admin@foresee.com|FrozenPackRating.php
4 May 2015 18:26:43|1|admin@foresee.com|FrozenPackRating.php
4 May 2015 18:26:43|1|admin@foresee.com|FrozenPackRating.php
4 May 2015 18:26:44|1|admin@foresee.com|FrozenPackRating.php
4 May 2015 18:26:44|1|admin@foresee.com|FrozenPackRating.php
4 May 2015 18:26:44|1|admin@foresee.com|FrozenPackRating.php
4 May 2015 18:26:44|1|admin@foresee.com|FrozenPackRating.php
4 May 2015 18:26:44|1|admin@foresee.com|FrozenPackRating.php
4 May 2015 18:26:44|1|admin@foresee.com|FrozenPackRating.php
4 May 2015 18:26:44|1|admin@foresee.com|FrozenPackRating.php
4 May 2015 18:26:44|1|admin@foresee.com|FrozenPackRating.php
4 May 2015 18:26:45|1|admin@foresee.com|FrozenPackRating.php
5 May 2015 09:58:38|1|admin@foresee.com|Home.php
5 May 2015 09:59:55|1|admin@foresee.com|FrozenPackingQuickEntryList.php
5 May 2015 10:00:30|1|admin@foresee.com|FrozenPackingQuickEntryList.php
5 May 2015 10:00:31|1|admin@foresee.com|FrozenPackingQuickEntryList.php
5 May 2015 10:00:31|1|admin@foresee.com|FrozenPackingQuickEntryList.php
5 May 2015 10:00:44|1|admin@foresee.com|FrozenPackingQuickEntryList.php
5 May 2015 10:00:44|1|admin@foresee.com|FrozenPackingQuickEntryList.php
5 May 2015 10:00:44|1|admin@foresee.com|FrozenPackingQuickEntryList.php
5 May 2015 10:00:44|1|admin@foresee.com|FrozenPackingQuickEntryList.php
5 May 2015 10:00:44|1|admin@foresee.com|FrozenPackingQuickEntryList.php
5 May 2015 10:00:45|1|admin@foresee.com|FrozenPackingQuickEntryList.php
5 May 2015 10:00:45|1|admin@foresee.com|FrozenPackingQuickEntryList.php
5 May 2015 10:00:45|1|admin@foresee.com|FrozenPackingQuickEntryList.php
5 May 2015 10:00:45|1|admin@foresee.com|FrozenPackingQuickEntryList.php
5 May 2015 10:00:45|1|admin@foresee.com|FrozenPackingQuickEntryList.php
5 May 2015 10:00:45|1|admin@foresee.com|FrozenPackingQuickEntryList.php
5 May 2015 10:00:45|1|admin@foresee.com|FrozenPackingQuickEntryList.php
5 May 2015 10:00:45|1|admin@foresee.com|FrozenPackingQuickEntryList.php
5 May 2015 10:00:46|1|admin@foresee.com|FrozenPackingQuickEntryList.php
5 May 2015 10:00:46|1|admin@foresee.com|FrozenPackingQuickEntryList.php
5 May 2015 10:00:46|1|admin@foresee.com|FrozenPackingQuickEntryList.php
5 May 2015 10:00:46|1|admin@foresee.com|FrozenPackingQuickEntryList.php
5 May 2015 10:00:46|1|admin@foresee.com|FrozenPackingQuickEntryList.php
5 May 2015 10:00:46|1|admin@foresee.com|FrozenPackingQuickEntryList.php
5 May 2015 10:00:46|1|admin@foresee.com|FrozenPackingQuickEntryList.php
5 May 2015 10:00:47|1|admin@foresee.com|FrozenPackingQuickEntryList.php
5 May 2015 10:00:47|1|admin@foresee.com|FrozenPackingQuickEntryList.php
5 May 2015 10:00:47|1|admin@foresee.com|FrozenPackingQuickEntryList.php
5 May 2015 10:00:47|1|admin@foresee.com|FrozenPackingQuickEntryList.php
5 May 2015 10:00:47|1|admin@foresee.com|FrozenPackingQuickEntryList.php
5 May 2015 10:00:47|1|admin@foresee.com|FrozenPackingQuickEntryList.php
5 May 2015 10:00:47|1|admin@foresee.com|FrozenPackingQuickEntryList.php
5 May 2015 10:03:23|1|admin@foresee.com|FrozenPackingQuickEntryList.php
5 May 2015 10:03:23|1|admin@foresee.com|FrozenPackingQuickEntryList.php
5 May 2015 10:03:23|1|admin@foresee.com|FrozenPackingQuickEntryList.php
5 May 2015 10:04:40|1|admin@foresee.com|FrozenPackingQuickEntryList.php
5 May 2015 10:04:41|1|admin@foresee.com|FrozenPackingQuickEntryList.php
5 May 2015 10:04:41|1|admin@foresee.com|FrozenPackingQuickEntryList.php
5 May 2015 10:05:25|1|admin@foresee.com|FrozenPackingQuickEntryList.php
5 May 2015 10:05:25|1|admin@foresee.com|FrozenPackingQuickEntryList.php
5 May 2015 10:05:25|1|admin@foresee.com|FrozenPackingQuickEntryList.php
5 May 2015 10:05:25|1|admin@foresee.com|FrozenPackingQuickEntryList.php
5 May 2015 10:05:25|1|admin@foresee.com|FrozenPackingQuickEntryList.php
5 May 2015 10:05:25|1|admin@foresee.com|FrozenPackingQuickEntryList.php
5 May 2015 10:05:26|1|admin@foresee.com|FrozenPackingQuickEntryList.php
5 May 2015 10:05:26|1|admin@foresee.com|FrozenPackingQuickEntryList.php
5 May 2015 10:05:26|1|admin@foresee.com|FrozenPackingQuickEntryList.php
5 May 2015 10:05:26|1|admin@foresee.com|FrozenPackingQuickEntryList.php
5 May 2015 10:05:26|1|admin@foresee.com|FrozenPackingQuickEntryList.php
5 May 2015 10:05:26|1|admin@foresee.com|FrozenPackingQuickEntryList.php
5 May 2015 10:05:26|1|admin@foresee.com|FrozenPackingQuickEntryList.php
5 May 2015 10:05:26|1|admin@foresee.com|FrozenPackingQuickEntryList.php
5 May 2015 10:05:27|1|admin@foresee.com|FrozenPackingQuickEntryList.php
5 May 2015 10:05:27|1|admin@foresee.com|FrozenPackingQuickEntryList.php
5 May 2015 10:05:27|1|admin@foresee.com|FrozenPackingQuickEntryList.php
5 May 2015 10:05:27|1|admin@foresee.com|FrozenPackingQuickEntryList.php
5 May 2015 10:05:27|1|admin@foresee.com|FrozenPackingQuickEntryList.php
5 May 2015 10:05:27|1|admin@foresee.com|FrozenPackingQuickEntryList.php
5 May 2015 10:05:27|1|admin@foresee.com|FrozenPackingQuickEntryList.php
5 May 2015 10:05:28|1|admin@foresee.com|FrozenPackingQuickEntryList.php
5 May 2015 10:05:28|1|admin@foresee.com|FrozenPackingQuickEntryList.php
5 May 2015 10:05:28|1|admin@foresee.com|FrozenPackingQuickEntryList.php
5 May 2015 10:05:28|1|admin@foresee.com|FrozenPackingQuickEntryList.php
5 May 2015 10:05:28|1|admin@foresee.com|FrozenPackingQuickEntryList.php
5 May 2015 10:05:28|1|admin@foresee.com|FrozenPackingQuickEntryList.php
5 May 2015 10:09:58|1|admin@foresee.com|FrozenPackingQuickEntryList.php
5 May 2015 10:09:59|1|admin@foresee.com|FrozenPackingQuickEntryList.php
5 May 2015 10:09:59|1|admin@foresee.com|FrozenPackingQuickEntryList.php
5 May 2015 10:19:18|1|admin@foresee.com|FrozenPackingQuickEntryList.php
5 May 2015 10:19:19|1|admin@foresee.com|FrozenPackingQuickEntryList.php
5 May 2015 10:19:20|1|admin@foresee.com|FrozenPackingQuickEntryList.php
5 May 2015 10:19:45|1|admin@foresee.com|FrozenPackingQuickEntryList.php
5 May 2015 10:19:46|1|admin@foresee.com|FrozenPackingQuickEntryList.php
5 May 2015 10:19:46|1|admin@foresee.com|FrozenPackingQuickEntryList.php
5 May 2015 10:24:12|1|admin@foresee.com|FrozenPackingQuickEntryList.php
5 May 2015 10:24:52|1|admin@foresee.com|FrozenPackRating.php
5 May 2015 10:24:56|1|admin@foresee.com|FrozenPackRating.php
5 May 2015 10:24:57|1|admin@foresee.com|FrozenPackRating.php
5 May 2015 10:24:57|1|admin@foresee.com|FrozenPackRating.php
5 May 2015 10:25:57|1|admin@foresee.com|FrozenPackRating.php
5 May 2015 10:25:58|1|admin@foresee.com|FrozenPackRating.php
5 May 2015 10:25:58|1|admin@foresee.com|FrozenPackRating.php
5 May 2015 10:27:57|1|admin@foresee.com|FrozenPackRating.php
5 May 2015 10:27:57|1|admin@foresee.com|FrozenPackRating.php
5 May 2015 10:27:57|1|admin@foresee.com|FrozenPackRating.php
5 May 2015 10:27:57|1|admin@foresee.com|FrozenPackRating.php
5 May 2015 10:27:57|1|admin@foresee.com|FrozenPackRating.php
5 May 2015 10:27:57|1|admin@foresee.com|FrozenPackRating.php
5 May 2015 10:27:58|1|admin@foresee.com|FrozenPackRating.php
5 May 2015 10:27:58|1|admin@foresee.com|FrozenPackRating.php
5 May 2015 10:27:58|1|admin@foresee.com|FrozenPackRating.php
5 May 2015 10:27:58|1|admin@foresee.com|FrozenPackRating.php
5 May 2015 10:27:58|1|admin@foresee.com|FrozenPackRating.php
5 May 2015 10:27:58|1|admin@foresee.com|FrozenPackRating.php
5 May 2015 10:27:59|1|admin@foresee.com|FrozenPackRating.php
5 May 2015 10:27:59|1|admin@foresee.com|FrozenPackRating.php
5 May 2015 10:27:59|1|admin@foresee.com|FrozenPackRating.php
5 May 2015 10:27:59|1|admin@foresee.com|FrozenPackRating.php
5 May 2015 10:27:59|1|admin@foresee.com|FrozenPackRating.php
5 May 2015 10:27:59|1|admin@foresee.com|FrozenPackRating.php
5 May 2015 10:27:59|1|admin@foresee.com|FrozenPackRating.php
5 May 2015 10:29:23|1|admin@foresee.com|FrozenPackRating.php
5 May 2015 10:29:26|1|admin@foresee.com|FrozenPackRating.php
5 May 2015 10:29:29|1|admin@foresee.com|FrozenPackRating.php
5 May 2015 10:29:29|1|admin@foresee.com|FrozenPackRating.php
5 May 2015 10:29:30|1|admin@foresee.com|FrozenPackRating.php
5 May 2015 10:29:49|1|admin@foresee.com|FrozenPackRating.php
5 May 2015 10:29:49|1|admin@foresee.com|FrozenPackRating.php
5 May 2015 10:29:51|1|admin@foresee.com|FrozenPackRating.php
5 May 2015 10:29:51|1|admin@foresee.com|FrozenPackRating.php
5 May 2015 10:30:03|1|admin@foresee.com|FrozenPackRating.php
5 May 2015 10:30:06|1|admin@foresee.com|FrozenPackRating.php
5 May 2015 10:30:08|1|admin@foresee.com|FrozenPackRating.php
5 May 2015 10:30:09|1|admin@foresee.com|FrozenPackRating.php
5 May 2015 10:30:09|1|admin@foresee.com|FrozenPackRating.php
5 May 2015 10:30:54|1|admin@foresee.com|FrozenPackRating.php
5 May 2015 10:34:38|1|admin@foresee.com|FrznPkgRateList.php
5 May 2015 10:36:51|1|admin@foresee.com|FrznPkgRateList.php
5 May 2015 11:04:33|1|admin@foresee.com|PreProcessors.php
5 May 2015 11:04:39|1|admin@foresee.com|PreProcessors.php
5 May 2015 11:11:22|1|admin@foresee.com|DailyFrozenPacking.php
5 May 2015 11:11:25|1|admin@foresee.com|DailyFrozenPacking.php
5 May 2015 11:11:29|1|admin@foresee.com|DailyFrozenPacking.php
5 May 2015 11:11:34|1|admin@foresee.com|DailyFrozenPacking.php
5 May 2015 11:11:41|1|admin@foresee.com|DailyFrozenPacking.php
5 May 2015 11:47:45|1|admin@foresee.com|FrozenPackingRate.php
5 May 2015 11:47:53|1|admin@foresee.com|FrozenPackingRate.php
5 May 2015 11:48:01|1|admin@foresee.com|FrozenPackingRate.php
5 May 2015 11:48:04|1|admin@foresee.com|FrznPkgGradeException.php
5 May 2015 11:49:53|1|admin@foresee.com|FrznPkgGradeException.php
5 May 2015 11:49:59|1|admin@foresee.com|FrozenPackingQuickEntryList.php
5 May 2015 11:50:07|1|admin@foresee.com|FrozenPackingRate.php
5 May 2015 11:50:17|1|admin@foresee.com|FrozenPackRating.php
5 May 2015 11:50:36|1|admin@foresee.com|FrozenPackRating.php
5 May 2015 11:50:45|1|admin@foresee.com|FrozenPackRating.php
5 May 2015 11:51:01|1|admin@foresee.com|FrozenPackRating.php
5 May 2015 11:51:03|1|admin@foresee.com|FrozenPackRating.php
5 May 2015 11:51:06|1|admin@foresee.com|FrozenPackRating.php
5 May 2015 11:51:11|1|admin@foresee.com|FrozenPackRating.php
5 May 2015 11:51:11|1|admin@foresee.com|FrozenPackRating.php
5 May 2015 11:51:11|1|admin@foresee.com|FrozenPackRating.php
5 May 2015 12:15:00|1|admin@foresee.com|FrozenPackRating.php
5 May 2015 12:15:04|1|admin@foresee.com|FrozenPackRating.php
5 May 2015 12:15:38|1|admin@foresee.com|FrozenPackRating.php
5 May 2015 12:15:40|1|admin@foresee.com|FrozenPackRating.php
5 May 2015 12:15:44|1|admin@foresee.com|FrozenPackRating.php
5 May 2015 12:15:47|1|admin@foresee.com|FrozenPackRating.php
5 May 2015 12:16:44|1|admin@foresee.com|FrozenPackRating.php
5 May 2015 12:16:58|1|admin@foresee.com|FrozenPackingRate.php
5 May 2015 12:20:47|1|admin@foresee.com|FrozenPackRating.php
5 May 2015 13:06:16|1|admin@foresee.com|FrozenPackingRate.php
5 May 2015 13:06:24|1|admin@foresee.com|FrozenPackingRate.php
5 May 2015 13:06:26|1|admin@foresee.com|FrznPkgGradeException.php
5 May 2015 13:06:38|1|admin@foresee.com|FrznPkgGradeException.php
5 May 2015 14:17:22|1|admin@foresee.com|FrozenPackingRate.php
5 May 2015 14:18:10|1|admin@foresee.com|Invoice.php
5 May 2015 14:21:57|1|admin@foresee.com|FrozenPackingRate.php
5 May 2015 14:22:13|1|admin@foresee.com|FrznPkgRateList.php
5 May 2015 14:22:19|1|admin@foresee.com|FrozenPackRating.php
5 May 2015 14:29:37|1|admin@foresee.com|FrozenPackRating.php
5 May 2015 14:29:39|1|admin@foresee.com|FrozenPackRating.php
5 May 2015 14:29:39|1|admin@foresee.com|FrozenPackRating.php
5 May 2015 14:42:22|1|admin@foresee.com|FrozenPackRating.php
5 May 2015 14:42:24|1|admin@foresee.com|FrozenPackRating.php
5 May 2015 14:42:24|1|admin@foresee.com|FrozenPackRating.php
5 May 2015 14:42:31|1|admin@foresee.com|FrozenPackRating.php
5 May 2015 14:42:43|1|admin@foresee.com|FrozenPackRating.php
5 May 2015 14:42:48|1|admin@foresee.com|FrozenPackRating.php
5 May 2015 14:42:50|1|admin@foresee.com|FrozenPackRating.php
5 May 2015 14:42:54|1|admin@foresee.com|FrozenPackRating.php
5 May 2015 14:42:56|1|admin@foresee.com|FrozenPackRating.php
5 May 2015 14:42:57|1|admin@foresee.com|FrozenPackRating.php
5 May 2015 14:42:57|1|admin@foresee.com|FrozenPackRating.php
5 May 2015 14:42:57|1|admin@foresee.com|FrozenPackRating.php
5 May 2015 14:45:38|1|admin@foresee.com|FrozenPackRating.php
5 May 2015 14:45:42|1|admin@foresee.com|FrozenPackRating.php
5 May 2015 14:45:44|1|admin@foresee.com|FrozenPackRating.php
5 May 2015 14:45:46|1|admin@foresee.com|FrozenPackRating.php
5 May 2015 14:45:48|1|admin@foresee.com|FrozenPackRating.php
5 May 2015 14:45:49|1|admin@foresee.com|FrozenPackRating.php
5 May 2015 14:45:49|1|admin@foresee.com|FrozenPackRating.php
5 May 2015 14:45:49|1|admin@foresee.com|FrozenPackRating.php
5 May 2015 15:05:47|1|admin@foresee.com|FrozenPackRating.php
5 May 2015 15:05:52|1|admin@foresee.com|FrozenPackRating.php
5 May 2015 15:05:53|1|admin@foresee.com|FrozenPackRating.php
5 May 2015 15:05:56|1|admin@foresee.com|FrozenPackRating.php
5 May 2015 15:06:03|1|admin@foresee.com|FrozenPackRating.php
5 May 2015 15:06:05|1|admin@foresee.com|FrozenPackRating.php
5 May 2015 15:06:06|1|admin@foresee.com|FrozenPackRating.php
5 May 2015 15:06:07|1|admin@foresee.com|FrozenPackRating.php
5 May 2015 15:06:07|1|admin@foresee.com|FrozenPackRating.php
5 May 2015 15:11:57|1|admin@foresee.com|FrozenPackRating.php
5 May 2015 15:13:40|1|admin@foresee.com|FrozenPackRating.php
5 May 2015 15:13:42|1|admin@foresee.com|FrozenPackRating.php
5 May 2015 15:13:45|1|admin@foresee.com|FrozenPackRating.php
5 May 2015 15:13:47|1|admin@foresee.com|FrozenPackRating.php
5 May 2015 15:13:54|1|admin@foresee.com|FrozenPackRating.php
5 May 2015 15:13:54|1|admin@foresee.com|FrozenPackRating.php
5 May 2015 15:13:54|1|admin@foresee.com|FrozenPackRating.php
5 May 2015 15:15:21|1|admin@foresee.com|FrozenPackRating.php
5 May 2015 15:16:10|1|admin@foresee.com|FrozenPackRating.php
5 May 2015 15:16:16|1|admin@foresee.com|FrozenPackRating.php
5 May 2015 15:16:18|1|admin@foresee.com|FrozenPackRating.php
5 May 2015 15:16:21|1|admin@foresee.com|FrozenPackRating.php
5 May 2015 15:16:23|1|admin@foresee.com|FrozenPackRating.php
5 May 2015 15:16:24|1|admin@foresee.com|FrozenPackRating.php
5 May 2015 15:16:25|1|admin@foresee.com|FrozenPackRating.php
5 May 2015 15:16:25|1|admin@foresee.com|FrozenPackRating.php
5 May 2015 15:16:40|1|admin@foresee.com|FrozenPackRating.php
5 May 2015 15:16:40|1|admin@foresee.com|FrozenPackRating.php
5 May 2015 15:16:40|1|admin@foresee.com|FrozenPackRating.php
5 May 2015 15:26:10|1|admin@foresee.com|FrozenPackRating.php
5 May 2015 15:26:25|1|admin@foresee.com|FrozenPackRating.php
5 May 2015 15:26:31|1|admin@foresee.com|FrozenPackRating.php
5 May 2015 15:26:32|1|admin@foresee.com|FrozenPackRating.php
5 May 2015 15:26:35|1|admin@foresee.com|FrozenPackRating.php
5 May 2015 15:26:37|1|admin@foresee.com|FrozenPackRating.php
5 May 2015 15:26:39|1|admin@foresee.com|FrozenPackRating.php
5 May 2015 15:26:39|1|admin@foresee.com|FrozenPackRating.php
5 May 2015 15:26:39|1|admin@foresee.com|FrozenPackRating.php
5 May 2015 15:26:56|1|admin@foresee.com|FrozenPackRating.php
5 May 2015 15:27:02|1|admin@foresee.com|FrozenPackRating.php
5 May 2015 15:27:04|1|admin@foresee.com|FrozenPackRating.php
5 May 2015 15:27:06|1|admin@foresee.com|FrozenPackRating.php
5 May 2015 15:27:08|1|admin@foresee.com|FrozenPackRating.php
5 May 2015 15:27:08|1|admin@foresee.com|FrozenPackRating.php
5 May 2015 15:27:09|1|admin@foresee.com|FrozenPackRating.php
5 May 2015 15:27:09|1|admin@foresee.com|FrozenPackRating.php
5 May 2015 15:29:09|1|admin@foresee.com|FrozenPackRating.php
5 May 2015 15:29:45|1|admin@foresee.com|FrozenPackRating.php
5 May 2015 15:29:50|1|admin@foresee.com|FrozenPackRating.php
5 May 2015 15:29:51|1|admin@foresee.com|FrozenPackRating.php
5 May 2015 15:29:53|1|admin@foresee.com|FrozenPackRating.php
5 May 2015 15:29:56|1|admin@foresee.com|FrozenPackRating.php
5 May 2015 15:29:57|1|admin@foresee.com|FrozenPackRating.php
5 May 2015 15:29:58|1|admin@foresee.com|FrozenPackRating.php
5 May 2015 15:29:58|1|admin@foresee.com|FrozenPackRating.php
5 May 2015 15:29:58|1|admin@foresee.com|FrozenPackRating.php
5 May 2015 15:33:26|1|admin@foresee.com|FrozenPackRating.php
5 May 2015 15:33:43|1|admin@foresee.com|FrozenPackRating.php
5 May 2015 15:33:47|1|admin@foresee.com|FrozenPackRating.php
5 May 2015 15:33:52|1|admin@foresee.com|FrozenPackRating.php
5 May 2015 15:33:54|1|admin@foresee.com|FrozenPackRating.php
5 May 2015 15:33:56|1|admin@foresee.com|FrozenPackRating.php
5 May 2015 15:33:58|1|admin@foresee.com|FrozenPackRating.php
5 May 2015 15:34:00|1|admin@foresee.com|FrozenPackRating.php
5 May 2015 15:34:00|1|admin@foresee.com|FrozenPackRating.php
5 May 2015 15:34:00|1|admin@foresee.com|FrozenPackRating.php
5 May 2015 15:35:22|1|admin@foresee.com|FrozenPackRating.php
5 May 2015 15:35:26|1|admin@foresee.com|FrozenPackRating.php
5 May 2015 15:35:32|1|admin@foresee.com|FrozenPackRating.php
5 May 2015 15:35:34|1|admin@foresee.com|FrozenPackRating.php
5 May 2015 15:35:38|1|admin@foresee.com|FrozenPackRating.php
5 May 2015 15:35:40|1|admin@foresee.com|FrozenPackRating.php
5 May 2015 15:35:43|1|admin@foresee.com|FrozenPackRating.php
5 May 2015 15:35:44|1|admin@foresee.com|FrozenPackRating.php
5 May 2015 15:42:23|1|admin@foresee.com|FrozenPackRating.php
5 May 2015 15:42:31|1|admin@foresee.com|FrozenPackRating.php
5 May 2015 15:42:32|1|admin@foresee.com|FrozenPackRating.php
5 May 2015 15:42:35|1|admin@foresee.com|FrozenPackRating.php
5 May 2015 15:42:36|1|admin@foresee.com|FrozenPackRating.php
5 May 2015 15:42:37|1|admin@foresee.com|FrozenPackRating.php
5 May 2015 15:42:37|1|admin@foresee.com|FrozenPackRating.php
5 May 2015 15:44:31|1|admin@foresee.com|FrozenPackRating.php
5 May 2015 15:44:35|1|admin@foresee.com|FrozenPackRating.php
5 May 2015 15:44:36|1|admin@foresee.com|FrozenPackRating.php
5 May 2015 15:44:38|1|admin@foresee.com|FrozenPackRating.php
5 May 2015 15:44:41|1|admin@foresee.com|FrozenPackRating.php
5 May 2015 15:44:42|1|admin@foresee.com|FrozenPackRating.php
5 May 2015 15:44:43|1|admin@foresee.com|FrozenPackRating.php
5 May 2015 15:44:43|1|admin@foresee.com|FrozenPackRating.php
5 May 2015 15:47:18|1|admin@foresee.com|FrozenPackRating.php
5 May 2015 15:47:33|1|admin@foresee.com|FrozenPackRating.php
5 May 2015 15:47:35|1|admin@foresee.com|FrozenPackRating.php
5 May 2015 15:47:37|1|admin@foresee.com|FrozenPackRating.php
5 May 2015 15:47:40|1|admin@foresee.com|FrozenPackRating.php
5 May 2015 15:47:41|1|admin@foresee.com|FrozenPackRating.php
5 May 2015 15:47:41|1|admin@foresee.com|FrozenPackRating.php
5 May 2015 15:47:41|1|admin@foresee.com|FrozenPackRating.php
5 May 2015 16:00:24|1|admin@foresee.com|FrozenPackRating.php
5 May 2015 16:00:26|1|admin@foresee.com|FrozenPackRating.php
5 May 2015 16:02:57|1|admin@foresee.com|FrozenPackRating.php
5 May 2015 16:04:15|1|admin@foresee.com|FrznPkgRateList.php
5 May 2015 16:04:16|1|admin@foresee.com|FrznPkgRateList.php
5 May 2015 16:20:35|1|admin@foresee.com|FrozenPackRating.php
5 May 2015 16:23:14|1|admin@foresee.com|FrozenPackRating.php
5 May 2015 16:55:17|1|admin@foresee.com|FrozenPackRating.php
5 May 2015 16:56:04|1|admin@foresee.com|FrozenPackRating.php
5 May 2015 16:56:05|1|admin@foresee.com|FrozenPackRating.php
5 May 2015 16:56:08|1|admin@foresee.com|FrozenPackRating.php
5 May 2015 16:56:10|1|admin@foresee.com|FrozenPackRating.php
5 May 2015 16:56:11|1|admin@foresee.com|FrozenPackRating.php
5 May 2015 16:56:11|1|admin@foresee.com|FrozenPackRating.php
5 May 2015 16:56:11|1|admin@foresee.com|FrozenPackRating.php
5 May 2015 16:56:48|1|admin@foresee.com|FrozenPackRating.php
5 May 2015 16:56:50|1|admin@foresee.com|FrozenPackRating.php
5 May 2015 17:01:16|1|admin@foresee.com|FrozenPackRating.php
5 May 2015 17:02:04|1|admin@foresee.com|GradeMaster.php
5 May 2015 17:02:17|1|admin@foresee.com|ProcessCode.php
5 May 2015 17:02:21|1|admin@foresee.com|ProcessCode.php
5 May 2015 17:16:46|1|admin@foresee.com|FrozenPackingQuickEntryList.php
5 May 2015 17:16:52|1|admin@foresee.com|FrozenPackRating.php
5 May 2015 17:18:45|1|admin@foresee.com|FrozenPackRating.php
5 May 2015 17:19:08|1|admin@foresee.com|FrozenPackRating.php
5 May 2015 17:22:07|1|admin@foresee.com|FrozenPackRating.php
5 May 2015 17:27:14|1|admin@foresee.com|FrozenPackRating.php
5 May 2015 17:27:27|1|admin@foresee.com|FrozenPackRating.php
5 May 2015 17:27:42|1|admin@foresee.com|FrozenPackRating.php
5 May 2015 17:27:44|1|admin@foresee.com|FrozenPackRating.php
5 May 2015 17:27:46|1|admin@foresee.com|FrozenPackRating.php
5 May 2015 17:27:48|1|admin@foresee.com|FrozenPackRating.php
5 May 2015 17:27:50|1|admin@foresee.com|FrozenPackRating.php
5 May 2015 17:27:50|1|admin@foresee.com|FrozenPackRating.php
5 May 2015 17:27:50|1|admin@foresee.com|FrozenPackRating.php
5 May 2015 17:28:34|1|admin@foresee.com|FrozenPackRating.php
5 May 2015 17:28:35|1|admin@foresee.com|FrozenPackRating.php
5 May 2015 17:30:22|1|admin@foresee.com|FrozenPackRating.php
5 May 2015 17:31:09|1|admin@foresee.com|FrozenPackRating.php
5 May 2015 17:31:11|1|admin@foresee.com|FrozenPackRating.php
5 May 2015 17:31:14|1|admin@foresee.com|FrozenPackRating.php
5 May 2015 17:31:16|1|admin@foresee.com|FrozenPackRating.php
5 May 2015 17:31:17|1|admin@foresee.com|FrozenPackRating.php
5 May 2015 17:31:17|1|admin@foresee.com|FrozenPackRating.php
5 May 2015 17:31:17|1|admin@foresee.com|FrozenPackRating.php
5 May 2015 17:32:47|1|admin@foresee.com|FrozenPackRating.php
5 May 2015 17:32:52|1|admin@foresee.com|FrozenPackRating.php
5 May 2015 17:32:54|1|admin@foresee.com|FrozenPackRating.php
5 May 2015 17:32:54|1|admin@foresee.com|FrozenPackRating.php
5 May 2015 17:32:57|1|admin@foresee.com|FrozenPackRating.php
5 May 2015 17:33:00|1|admin@foresee.com|FrozenPackRating.php
5 May 2015 17:36:52|1|admin@foresee.com|FrozenPackRating.php
5 May 2015 17:36:54|1|admin@foresee.com|FrozenPackRating.php
5 May 2015 17:36:54|1|admin@foresee.com|FrozenPackRating.php
5 May 2015 17:39:45|1|admin@foresee.com|FrozenPackRating.php
5 May 2015 17:39:48|1|admin@foresee.com|FrozenPackRating.php
5 May 2015 17:40:24|1|admin@foresee.com|FrozenPackRating.php
5 May 2015 17:40:26|1|admin@foresee.com|FrozenPackRating.php
5 May 2015 17:40:28|1|admin@foresee.com|FrozenPackRating.php
5 May 2015 17:40:31|1|admin@foresee.com|FrozenPackRating.php
5 May 2015 17:40:33|1|admin@foresee.com|FrozenPackRating.php
5 May 2015 17:40:33|1|admin@foresee.com|FrozenPackRating.php
5 May 2015 17:40:33|1|admin@foresee.com|FrozenPackRating.php
5 May 2015 17:41:34|1|admin@foresee.com|FrozenPackRating.php
5 May 2015 17:41:36|1|admin@foresee.com|FrozenPackRating.php
5 May 2015 17:41:41|1|admin@foresee.com|FrozenPackRating.php
5 May 2015 17:41:43|1|admin@foresee.com|FrozenPackRating.php
5 May 2015 17:41:44|1|admin@foresee.com|FrozenPackRating.php
5 May 2015 17:47:54|1|admin@foresee.com|FrozenPackRating.php
5 May 2015 17:47:58|1|admin@foresee.com|FrozenPackRating.php
5 May 2015 17:48:22|1|admin@foresee.com|FrozenPackRating.php
5 May 2015 17:48:23|1|admin@foresee.com|FrozenPackRating.php
5 May 2015 17:48:25|1|admin@foresee.com|FrozenPackRating.php
5 May 2015 17:48:28|1|admin@foresee.com|FrozenPackRating.php
5 May 2015 17:48:36|1|admin@foresee.com|FrozenPackRating.php
5 May 2015 17:48:37|1|admin@foresee.com|FrozenPackRating.php
5 May 2015 17:48:37|1|admin@foresee.com|FrozenPackRating.php
5 May 2015 17:49:32|1|admin@foresee.com|FrozenPackRating.php
5 May 2015 17:49:35|1|admin@foresee.com|FrozenPackRating.php
5 May 2015 17:49:43|1|admin@foresee.com|FrozenPackRating.php
5 May 2015 17:49:45|1|admin@foresee.com|FrozenPackRating.php
5 May 2015 17:49:45|1|admin@foresee.com|FrozenPackRating.php
5 May 2015 17:51:15|1|admin@foresee.com|FrozenPackRating.php
5 May 2015 17:51:17|1|admin@foresee.com|FrozenPackRating.php
5 May 2015 17:51:17|1|admin@foresee.com|FrozenPackRating.php
5 May 2015 17:53:22|1|admin@foresee.com|FrozenPackRating.php
5 May 2015 17:53:24|1|admin@foresee.com|FrozenPackRating.php
5 May 2015 17:53:24|1|admin@foresee.com|FrozenPackRating.php
5 May 2015 17:53:35|1|admin@foresee.com|FrozenPackRating.php
5 May 2015 17:53:38|1|admin@foresee.com|FrozenPackRating.php
5 May 2015 17:53:38|1|admin@foresee.com|FrozenPackRating.php
5 May 2015 17:55:59|1|admin@foresee.com|FrozenPackRating.php
5 May 2015 17:56:02|1|admin@foresee.com|FrozenPackRating.php
5 May 2015 17:56:02|1|admin@foresee.com|FrozenPackRating.php
5 May 2015 17:56:26|1|admin@foresee.com|FrozenPackRating.php
5 May 2015 17:56:28|1|admin@foresee.com|FrozenPackRating.php
5 May 2015 17:56:28|1|admin@foresee.com|FrozenPackRating.php
5 May 2015 17:58:02|1|admin@foresee.com|FrozenPackingQuickEntryList.php
5 May 2015 17:58:04|1|admin@foresee.com|FrozenPackingQuickEntryList.php
5 May 2015 17:58:04|1|admin@foresee.com|FrozenPackingQuickEntryList.php
5 May 2015 17:58:16|1|admin@foresee.com|FrozenPackingQuickEntryList.php
5 May 2015 17:59:06|1|admin@foresee.com|FrozenPackingQuickEntryList.php
5 May 2015 17:59:06|1|admin@foresee.com|FrozenPackingQuickEntryList.php
5 May 2015 17:59:06|1|admin@foresee.com|FrozenPackingQuickEntryList.php
5 May 2015 18:16:00|1|admin@foresee.com|FrozenPackingQuickEntryList.php
5 May 2015 18:16:02|1|admin@foresee.com|FrozenPackingQuickEntryList.php
5 May 2015 18:16:02|1|admin@foresee.com|FrozenPackingQuickEntryList.php
5 May 2015 18:22:41|1|admin@foresee.com|FrozenPackingQuickEntryList.php
5 May 2015 18:22:45|1|admin@foresee.com|FrozenPackingQuickEntryList.php
5 May 2015 18:22:45|1|admin@foresee.com|FrozenPackingQuickEntryList.php
5 May 2015 18:22:46|1|admin@foresee.com|FrozenPackRating.php
5 May 2015 18:22:48|1|admin@foresee.com|FrozenPackRating.php
5 May 2015 18:22:48|1|admin@foresee.com|FrozenPackRating.php
5 May 2015 18:24:01|1|admin@foresee.com|FrozenPackRating.php
5 May 2015 18:24:03|1|admin@foresee.com|FrozenPackRating.php
5 May 2015 18:24:08|1|admin@foresee.com|FrozenPackRating.php
5 May 2015 18:24:10|1|admin@foresee.com|FrozenPackRating.php
5 May 2015 18:24:10|1|admin@foresee.com|FrozenPackRating.php
5 May 2015 18:25:08|1|admin@foresee.com|FrozenPackRating.php
5 May 2015 18:25:10|1|admin@foresee.com|FrozenPackRating.php
5 May 2015 18:25:10|1|admin@foresee.com|FrozenPackRating.php
5 May 2015 18:25:45|1|admin@foresee.com|FrozenPackRating.php
5 May 2015 18:25:45|1|admin@foresee.com|FrozenPackRating.php
5 May 2015 18:25:54|1|admin@foresee.com|FrozenPackRating.php
5 May 2015 18:25:54|1|admin@foresee.com|FrozenPackRating.php
5 May 2015 18:25:57|1|admin@foresee.com|FrozenPackRating.php
5 May 2015 18:25:57|1|admin@foresee.com|FrozenPackRating.php
5 May 2015 18:25:57|1|admin@foresee.com|FrozenPackRating.php
5 May 2015 18:25:57|1|admin@foresee.com|FrozenPackRating.php
5 May 2015 18:25:57|1|admin@foresee.com|FrozenPackRating.php
5 May 2015 18:25:57|1|admin@foresee.com|FrozenPackRating.php
5 May 2015 18:25:57|1|admin@foresee.com|FrozenPackRating.php
5 May 2015 18:25:58|1|admin@foresee.com|FrozenPackRating.php
5 May 2015 18:25:58|1|admin@foresee.com|FrozenPackRating.php
5 May 2015 18:25:58|1|admin@foresee.com|FrozenPackRating.php
5 May 2015 18:25:58|1|admin@foresee.com|FrozenPackRating.php
5 May 2015 18:25:58|1|admin@foresee.com|FrozenPackRating.php
5 May 2015 18:25:58|1|admin@foresee.com|FrozenPackRating.php
5 May 2015 18:25:58|1|admin@foresee.com|FrozenPackRating.php
5 May 2015 18:25:59|1|admin@foresee.com|FrozenPackRating.php
5 May 2015 18:25:59|1|admin@foresee.com|FrozenPackRating.php
5 May 2015 18:25:59|1|admin@foresee.com|FrozenPackRating.php
5 May 2015 18:25:59|1|admin@foresee.com|FrozenPackRating.php
5 May 2015 18:25:59|1|admin@foresee.com|FrozenPackRating.php
5 May 2015 18:25:59|1|admin@foresee.com|FrozenPackRating.php
5 May 2015 18:25:59|1|admin@foresee.com|FrozenPackRating.php
5 May 2015 18:26:09|1|admin@foresee.com|FrozenPackRating.php
5 May 2015 18:26:13|1|admin@foresee.com|FrozenPackRating.php
5 May 2015 18:26:16|1|admin@foresee.com|FrozenPackRating.php
5 May 2015 18:26:16|1|admin@foresee.com|FrozenPackRating.php
5 May 2015 18:26:43|1|admin@foresee.com|FrozenPackRating.php
5 May 2015 18:26:47|1|admin@foresee.com|FrozenPackRating.php
5 May 2015 18:27:08|1|admin@foresee.com|FrozenPackRating.php
5 May 2015 18:27:10|1|admin@foresee.com|FrozenPackRating.php
5 May 2015 18:27:13|1|admin@foresee.com|FrozenPackRating.php
5 May 2015 18:27:16|1|admin@foresee.com|FrozenPackRating.php
5 May 2015 18:27:18|1|admin@foresee.com|FrozenPackRating.php
5 May 2015 18:27:18|1|admin@foresee.com|FrozenPackRating.php
5 May 2015 18:27:18|1|admin@foresee.com|FrozenPackRating.php
5 May 2015 18:27:49|1|admin@foresee.com|FrozenPackRating.php
5 May 2015 18:27:51|1|admin@foresee.com|FrozenPackRating.php
5 May 2015 18:27:55|1|admin@foresee.com|FrozenPackRating.php
5 May 2015 18:27:58|1|admin@foresee.com|FrozenPackRating.php
5 May 2015 18:27:58|1|admin@foresee.com|FrozenPackRating.php
5 May 2015 18:28:16|1|admin@foresee.com|FrozenPackRating.php
5 May 2015 18:28:18|1|admin@foresee.com|FrozenPackRating.php
5 May 2015 18:28:23|1|admin@foresee.com|FrozenPackRating.php
5 May 2015 18:28:25|1|admin@foresee.com|FrozenPackRating.php
5 May 2015 18:28:25|1|admin@foresee.com|FrozenPackRating.php
5 May 2015 18:29:09|1|admin@foresee.com|FrozenPackRating.php
5 May 2015 18:29:15|1|admin@foresee.com|FrozenPackRating.php
5 May 2015 18:29:17|1|admin@foresee.com|FrozenPackRating.php
6 May 2015 09:29:23|1|admin@foresee.com|Home.php
6 May 2015 09:31:30|1|admin@foresee.com|FrozenPackRating.php
6 May 2015 09:31:34|1|admin@foresee.com|FrozenPackRating.php
6 May 2015 09:31:53|1|admin@foresee.com|FrozenPackRating.php
6 May 2015 09:31:55|1|admin@foresee.com|FrozenPackRating.php
6 May 2015 09:31:57|1|admin@foresee.com|FrozenPackRating.php
6 May 2015 09:31:59|1|admin@foresee.com|FrozenPackRating.php
6 May 2015 09:32:01|1|admin@foresee.com|FrozenPackRating.php
6 May 2015 09:32:01|1|admin@foresee.com|FrozenPackRating.php
6 May 2015 09:32:01|1|admin@foresee.com|FrozenPackRating.php
6 May 2015 09:34:37|1|admin@foresee.com|FrozenPackRating.php
6 May 2015 09:34:38|1|admin@foresee.com|FrozenPackRating.php
6 May 2015 09:34:41|1|admin@foresee.com|FrozenPackRating.php
6 May 2015 09:34:41|1|admin@foresee.com|FrozenPackRating.php
6 May 2015 09:34:41|1|admin@foresee.com|FrozenPackRating.php
6 May 2015 09:35:49|1|admin@foresee.com|FrozenPackRating.php
6 May 2015 09:35:52|1|admin@foresee.com|FrozenPackRating.php
6 May 2015 09:35:54|1|admin@foresee.com|FrozenPackRating.php
6 May 2015 09:35:55|1|admin@foresee.com|FrozenPackRating.php
6 May 2015 09:35:55|1|admin@foresee.com|FrozenPackRating.php
6 May 2015 09:36:09|1|admin@foresee.com|FrozenPackRating.php
6 May 2015 09:36:16|1|admin@foresee.com|FrozenPackRating.php
6 May 2015 09:36:18|1|admin@foresee.com|FrozenPackRating.php
6 May 2015 09:36:20|1|admin@foresee.com|FrozenPackRating.php
6 May 2015 09:36:38|1|admin@foresee.com|FrozenPackRating.php
6 May 2015 09:36:39|1|admin@foresee.com|FrozenPackRating.php
6 May 2015 09:36:42|1|admin@foresee.com|FrozenPackRating.php
6 May 2015 09:36:44|1|admin@foresee.com|FrozenPackRating.php
6 May 2015 09:36:46|1|admin@foresee.com|FrozenPackRating.php
6 May 2015 09:36:46|1|admin@foresee.com|FrozenPackRating.php
6 May 2015 09:36:47|1|admin@foresee.com|FrozenPackRating.php
6 May 2015 09:39:24|1|admin@foresee.com|FrozenPackRating.php
6 May 2015 09:39:26|1|admin@foresee.com|FrozenPackRating.php
6 May 2015 09:39:29|1|admin@foresee.com|FrozenPackRating.php
6 May 2015 09:39:30|1|admin@foresee.com|FrozenPackRating.php
6 May 2015 09:39:30|1|admin@foresee.com|FrozenPackRating.php
6 May 2015 09:40:00|1|admin@foresee.com|FrozenPackRating.php
6 May 2015 09:40:03|1|admin@foresee.com|FrozenPackRating.php
6 May 2015 09:40:05|1|admin@foresee.com|FrozenPackRating.php
6 May 2015 09:40:07|1|admin@foresee.com|FrozenPackRating.php
6 May 2015 09:40:40|1|admin@foresee.com|FrozenPackRating.php
6 May 2015 09:40:41|1|admin@foresee.com|FrozenPackRating.php
6 May 2015 09:40:44|1|admin@foresee.com|FrozenPackRating.php
6 May 2015 09:40:46|1|admin@foresee.com|FrozenPackRating.php
6 May 2015 09:41:18|1|admin@foresee.com|FrozenPackRating.php
6 May 2015 09:41:18|1|admin@foresee.com|FrozenPackRating.php
6 May 2015 09:41:19|1|admin@foresee.com|FrozenPackRating.php
6 May 2015 09:50:03|1|admin@foresee.com|FrozenPackRating.php
6 May 2015 09:50:05|1|admin@foresee.com|FrozenPackRating.php
6 May 2015 09:50:07|1|admin@foresee.com|FrozenPackRating.php
6 May 2015 09:50:08|1|admin@foresee.com|FrozenPackRating.php
6 May 2015 09:50:08|1|admin@foresee.com|FrozenPackRating.php
6 May 2015 09:50:39|1|admin@foresee.com|FrozenPackRating.php
6 May 2015 09:50:40|1|admin@foresee.com|FrozenPackRating.php
6 May 2015 09:50:43|1|admin@foresee.com|FrozenPackRating.php
6 May 2015 09:50:43|1|admin@foresee.com|FrozenPackRating.php
6 May 2015 09:50:43|1|admin@foresee.com|FrozenPackRating.php
6 May 2015 09:51:20|1|admin@foresee.com|FrozenPackRating.php
6 May 2015 09:51:23|1|admin@foresee.com|FrozenPackRating.php
6 May 2015 09:51:25|1|admin@foresee.com|FrozenPackRating.php
6 May 2015 09:51:27|1|admin@foresee.com|FrozenPackRating.php
6 May 2015 09:51:38|1|admin@foresee.com|FrozenPackRating.php
6 May 2015 09:51:40|1|admin@foresee.com|FrozenPackRating.php
6 May 2015 09:51:44|1|admin@foresee.com|FrozenPackRating.php
6 May 2015 09:51:46|1|admin@foresee.com|FrozenPackRating.php
6 May 2015 09:51:47|1|admin@foresee.com|FrozenPackRating.php
6 May 2015 09:51:47|1|admin@foresee.com|FrozenPackRating.php
6 May 2015 09:51:48|1|admin@foresee.com|FrozenPackRating.php
6 May 2015 09:52:33|1|admin@foresee.com|FrozenPackRating.php
6 May 2015 09:52:34|1|admin@foresee.com|FrozenPackRating.php
6 May 2015 09:52:37|1|admin@foresee.com|FrozenPackRating.php
6 May 2015 09:52:37|1|admin@foresee.com|FrozenPackRating.php
6 May 2015 09:52:37|1|admin@foresee.com|FrozenPackRating.php
6 May 2015 09:55:51|1|admin@foresee.com|FrozenPackRating.php
6 May 2015 09:55:51|1|admin@foresee.com|FrozenPackRating.php
6 May 2015 09:55:51|1|admin@foresee.com|FrozenPackRating.php
6 May 2015 09:55:56|1|admin@foresee.com|FrozenPackRating.php
6 May 2015 09:56:02|1|admin@foresee.com|FrozenPackRating.php
6 May 2015 09:56:05|1|admin@foresee.com|FrozenPackRating.php
6 May 2015 09:56:05|1|admin@foresee.com|FrozenPackRating.php
6 May 2015 09:56:05|1|admin@foresee.com|FrozenPackRating.php
6 May 2015 10:02:49|1|admin@foresee.com|FrozenPackRating.php
6 May 2015 10:02:50|1|admin@foresee.com|FrozenPackRating.php
6 May 2015 10:02:52|1|admin@foresee.com|FrozenPackRating.php
6 May 2015 10:02:53|1|admin@foresee.com|FrozenPackRating.php
6 May 2015 10:02:53|1|admin@foresee.com|FrozenPackRating.php
6 May 2015 10:02:58|1|admin@foresee.com|FrozenPackRating.php
6 May 2015 10:03:01|1|admin@foresee.com|FrozenPackRating.php
6 May 2015 10:03:02|1|admin@foresee.com|FrozenPackRating.php
6 May 2015 10:03:04|1|admin@foresee.com|FrozenPackRating.php
6 May 2015 10:03:21|1|admin@foresee.com|FrozenPackRating.php
6 May 2015 10:03:24|1|admin@foresee.com|FrozenPackRating.php
6 May 2015 10:03:26|1|admin@foresee.com|FrozenPackRating.php
6 May 2015 10:03:29|1|admin@foresee.com|FrozenPackRating.php
6 May 2015 10:03:32|1|admin@foresee.com|FrozenPackRating.php
6 May 2015 10:03:33|1|admin@foresee.com|FrozenPackRating.php
6 May 2015 10:03:33|1|admin@foresee.com|FrozenPackRating.php
6 May 2015 10:03:33|1|admin@foresee.com|FrozenPackRating.php
6 May 2015 10:05:17|1|admin@foresee.com|FrozenPackRating.php
6 May 2015 10:05:19|1|admin@foresee.com|FrozenPackRating.php
6 May 2015 10:05:24|1|admin@foresee.com|FrozenPackRating.php
6 May 2015 10:05:25|1|admin@foresee.com|FrozenPackRating.php
6 May 2015 10:05:25|1|admin@foresee.com|FrozenPackRating.php
6 May 2015 10:13:44|1|admin@foresee.com|FrozenPackRating.php
6 May 2015 10:14:12|1|admin@foresee.com|FrozenPackRating.php
6 May 2015 10:14:24|1|admin@foresee.com|FrozenPackRating.php
6 May 2015 10:14:26|1|admin@foresee.com|FrozenPackRating.php
6 May 2015 10:14:28|1|admin@foresee.com|FrozenPackRating.php
6 May 2015 10:14:30|1|admin@foresee.com|FrozenPackRating.php
6 May 2015 10:14:32|1|admin@foresee.com|FrozenPackRating.php
6 May 2015 10:14:32|1|admin@foresee.com|FrozenPackRating.php
6 May 2015 10:14:35|1|admin@foresee.com|FrozenPackRating.php
6 May 2015 10:14:35|1|admin@foresee.com|FrozenPackRating.php
6 May 2015 10:14:48|1|admin@foresee.com|FrozenPackRating.php
6 May 2015 10:14:57|1|admin@foresee.com|FrozenPackRating.php