
26 Feb 2015 11:16:14|1|admin@foresee.com|DailyCatchEntry_New.php
26 Feb 2015 11:16:15|1|admin@foresee.com|DailyCatchEntry_New.php
26 Feb 2015 11:16:15|1|admin@foresee.com|DailyCatchEntry_New.php
26 Feb 2015 11:16:15|1|admin@foresee.com|DailyCatchEntry_New.php
26 Feb 2015 11:16:15|1|admin@foresee.com|DailyCatchEntry_New.php
26 Feb 2015 11:16:15|1|admin@foresee.com|CatchEntryDeclaredItem.php
26 Feb 2015 11:16:15|1|admin@foresee.com|CatchEntryDeclaredItem.php
26 Feb 2015 11:16:48|1|admin@foresee.com|DailyCatchReport.php
26 Feb 2015 11:16:49|1|admin@foresee.com|DailyCatchReport.php
26 Feb 2015 11:16:49|1|admin@foresee.com|DailyCatchReport.php
26 Feb 2015 11:16:49|1|admin@foresee.com|DailyCatchReport.php
26 Feb 2015 11:17:03|1|admin@foresee.com|DailyCatchEntry_New.php
26 Feb 2015 11:17:11|1|admin@foresee.com|DailyCatchReport.php
26 Feb 2015 11:17:12|1|admin@foresee.com|DailyCatchReport.php
26 Feb 2015 11:17:12|1|admin@foresee.com|DailyCatchReport.php
26 Feb 2015 11:17:12|1|admin@foresee.com|DailyCatchReport.php
26 Feb 2015 11:17:34|1|admin@foresee.com|DailyCatchReport.php
26 Feb 2015 11:17:34|1|admin@foresee.com|DailyCatchReport.php
26 Feb 2015 11:17:35|1|admin@foresee.com|DailyCatchReport.php
26 Feb 2015 11:17:38|1|admin@foresee.com|DailyCatchReport.php
26 Feb 2015 11:17:38|1|admin@foresee.com|DailyCatchReport.php
26 Feb 2015 11:17:38|1|admin@foresee.com|DailyCatchReport.php
26 Feb 2015 11:18:28|1|admin@foresee.com|DailyCatchReport.php
26 Feb 2015 11:18:28|1|admin@foresee.com|DailyCatchReport.php
26 Feb 2015 11:18:31|1|admin@foresee.com|DailyCatchReport.php
26 Feb 2015 11:18:31|1|admin@foresee.com|DailyCatchReport.php
26 Feb 2015 11:18:32|1|admin@foresee.com|DailyCatchReport.php
26 Feb 2015 11:18:33|1|admin@foresee.com|DailyCatchReport.php
26 Feb 2015 11:18:35|1|admin@foresee.com|DailyCatchReport.php
26 Feb 2015 11:18:35|1|admin@foresee.com|DailyCatchReport.php
26 Feb 2015 11:18:44|1|admin@foresee.com|DailyCatchReport.php
26 Feb 2015 11:18:44|1|admin@foresee.com|DailyCatchReport.php
26 Feb 2015 11:18:57|1|admin@foresee.com|DailyCatchReport.php
26 Feb 2015 11:18:58|1|admin@foresee.com|DailyCatchReport.php
26 Feb 2015 11:20:52|1|admin@foresee.com|DailyCatchReport.php
26 Feb 2015 11:20:52|1|admin@foresee.com|DailyCatchReport.php
26 Feb 2015 11:21:06|1|admin@foresee.com|DailyCatchReport.php
26 Feb 2015 11:21:07|1|admin@foresee.com|DailyCatchReport.php
26 Feb 2015 11:26:50|1|admin@foresee.com|DailyCatchReport.php
26 Feb 2015 11:26:51|1|admin@foresee.com|DailyCatchReport.php
26 Feb 2015 11:28:11|1|admin@foresee.com|DailyCatchEntry_New.php
26 Feb 2015 11:28:11|1|admin@foresee.com|DailyCatchEntry_New.php
26 Feb 2015 11:28:12|1|admin@foresee.com|DailyCatchEntry_New.php
26 Feb 2015 11:28:12|1|admin@foresee.com|DailyCatchEntry_New.php
26 Feb 2015 11:28:12|1|admin@foresee.com|CatchEntryDeclaredItem.php
26 Feb 2015 11:28:12|1|admin@foresee.com|DailyCatchEntry_New.php
26 Feb 2015 11:28:12|1|admin@foresee.com|CatchEntryDeclaredItem.php
26 Feb 2015 11:28:17|1|admin@foresee.com|DailyCatchEntry_New.php
26 Feb 2015 11:28:25|1|admin@foresee.com|DailyCatchEntry_New.php
26 Feb 2015 11:28:25|1|admin@foresee.com|DailyCatchEntry_New.php
26 Feb 2015 11:28:25|1|admin@foresee.com|DailyCatchEntry_New.php
26 Feb 2015 11:28:26|1|admin@foresee.com|DailyCatchEntry_New.php
26 Feb 2015 11:28:26|1|admin@foresee.com|CatchEntryDeclaredItem.php
26 Feb 2015 11:28:26|1|admin@foresee.com|DailyCatchEntry_New.php
26 Feb 2015 11:28:26|1|admin@foresee.com|CatchEntryDeclaredItem.php
26 Feb 2015 11:28:31|1|admin@foresee.com|DailyCatchEntry_New.php
26 Feb 2015 11:28:34|1|admin@foresee.com|DailyCatchEntry_New.php
26 Feb 2015 11:28:35|1|admin@foresee.com|DailyCatchEntry_New.php
26 Feb 2015 11:28:35|1|admin@foresee.com|DailyCatchEntry_New.php
26 Feb 2015 11:28:35|1|admin@foresee.com|DailyCatchEntry_New.php
26 Feb 2015 11:28:36|1|admin@foresee.com|CatchEntryDeclaredItem.php
26 Feb 2015 11:28:36|1|admin@foresee.com|DailyCatchEntry_New.php
26 Feb 2015 11:28:36|1|admin@foresee.com|CatchEntryDeclaredItem.php
26 Feb 2015 11:28:40|1|admin@foresee.com|DailyCatchEntry_New.php
26 Feb 2015 11:28:44|1|admin@foresee.com|DailyCatchEntry_New.php
26 Feb 2015 11:28:44|1|admin@foresee.com|DailyCatchEntry_New.php
26 Feb 2015 11:28:44|1|admin@foresee.com|DailyCatchEntry_New.php
26 Feb 2015 11:28:45|1|admin@foresee.com|DailyCatchEntry_New.php
26 Feb 2015 11:28:45|1|admin@foresee.com|DailyCatchEntry_New.php
26 Feb 2015 11:28:45|1|admin@foresee.com|CatchEntryDeclaredItem.php
26 Feb 2015 11:28:45|1|admin@foresee.com|CatchEntryDeclaredItem.php
26 Feb 2015 11:29:14|1|admin@foresee.com|CatchEntryDeclaredItem.php
26 Feb 2015 11:29:21|1|admin@foresee.com|DailyCatchEntry_New.php
26 Feb 2015 11:29:30|1|admin@foresee.com|DailyCatchEntry_New.php
26 Feb 2015 11:29:30|1|admin@foresee.com|DailyCatchEntry_New.php
26 Feb 2015 11:29:31|1|admin@foresee.com|DailyCatchEntry_New.php
26 Feb 2015 11:29:31|1|admin@foresee.com|DailyCatchEntry_New.php
26 Feb 2015 11:29:31|1|admin@foresee.com|CatchEntryDeclaredItem.php
26 Feb 2015 11:29:31|1|admin@foresee.com|DailyCatchEntry_New.php
26 Feb 2015 11:29:31|1|admin@foresee.com|CatchEntryDeclaredItem.php
26 Feb 2015 11:29:52|1|admin@foresee.com|DailyCatchEntry_New.php
26 Feb 2015 11:29:55|1|admin@foresee.com|DailyCatchEntry_New.php
26 Feb 2015 11:29:56|1|admin@foresee.com|DailyCatchEntry_New.php
26 Feb 2015 11:29:56|1|admin@foresee.com|DailyCatchEntry_New.php
26 Feb 2015 11:29:56|1|admin@foresee.com|DailyCatchEntry_New.php
26 Feb 2015 11:29:57|1|admin@foresee.com|CatchEntryDeclaredItem.php
26 Feb 2015 11:29:57|1|admin@foresee.com|DailyCatchEntry_New.php
26 Feb 2015 11:29:58|1|admin@foresee.com|DailyCatchEntry_New.php
26 Feb 2015 11:29:59|1|admin@foresee.com|DailyCatchEntry_New.php
26 Feb 2015 11:30:02|1|admin@foresee.com|DailyCatchEntry_New.php
26 Feb 2015 11:30:03|1|admin@foresee.com|DailyCatchEntry_New.php
26 Feb 2015 11:30:04|1|admin@foresee.com|CatchEntryDeclaredItem.php
26 Feb 2015 11:30:19|1|admin@foresee.com|DailyCatchEntry_New.php
26 Feb 2015 11:30:30|1|admin@foresee.com|DailyCatchEntry_New.php
26 Feb 2015 11:30:32|1|admin@foresee.com|DailyCatchEntry_New.php
26 Feb 2015 11:30:34|1|admin@foresee.com|DailyCatchEntry_New.php
26 Feb 2015 11:30:34|1|admin@foresee.com|DailyCatchEntry_New.php
26 Feb 2015 11:30:34|1|admin@foresee.com|DailyCatchEntry_New.php
26 Feb 2015 11:30:35|1|admin@foresee.com|DailyCatchEntry_New.php
26 Feb 2015 11:30:35|1|admin@foresee.com|DailyCatchEntry_New.php
26 Feb 2015 11:30:35|1|admin@foresee.com|CatchEntryDeclaredItem.php
26 Feb 2015 11:30:36|1|admin@foresee.com|DailyCatchEntry_New.php
26 Feb 2015 11:30:38|1|admin@foresee.com|DailyCatchEntry_New.php
26 Feb 2015 11:30:38|1|admin@foresee.com|DailyCatchEntry_New.php
26 Feb 2015 11:30:39|1|admin@foresee.com|DailyCatchEntry_New.php
26 Feb 2015 11:30:39|1|admin@foresee.com|DailyCatchEntry_New.php
26 Feb 2015 11:30:39|1|admin@foresee.com|DailyCatchEntry_New.php
26 Feb 2015 11:30:40|1|admin@foresee.com|DailyCatchEntry_New.php
26 Feb 2015 11:30:40|1|admin@foresee.com|DailyCatchEntry_New.php
26 Feb 2015 11:30:40|1|admin@foresee.com|DailyCatchEntry_New.php
26 Feb 2015 11:30:40|1|admin@foresee.com|CatchEntryDeclaredItem.php
26 Feb 2015 11:30:45|1|admin@foresee.com|DailyCatchEntry_New.php
26 Feb 2015 11:30:45|1|admin@foresee.com|DailyCatchEntry_New.php
26 Feb 2015 11:30:45|1|admin@foresee.com|DailyCatchEntry_New.php
26 Feb 2015 11:30:45|1|admin@foresee.com|DailyCatchEntry_New.php
26 Feb 2015 11:30:47|1|admin@foresee.com|DailyCatchEntry_New.php
26 Feb 2015 11:30:47|1|admin@foresee.com|DailyCatchEntry_New.php
26 Feb 2015 11:30:59|1|admin@foresee.com|CatchEntryDeclaredItem.php
26 Feb 2015 11:31:39|1|admin@foresee.com|DailyCatchEntry_New.php
26 Feb 2015 11:31:45|1|admin@foresee.com|DailyCatchEntry_New.php
26 Feb 2015 11:31:49|1|admin@foresee.com|DailyCatchEntry_New.php
26 Feb 2015 11:31:52|1|admin@foresee.com|DailyCatchEntry_New.php
26 Feb 2015 11:31:53|1|admin@foresee.com|DailyCatchEntry_New.php
26 Feb 2015 11:31:53|1|admin@foresee.com|DailyCatchEntry_New.php
26 Feb 2015 11:31:53|1|admin@foresee.com|DailyCatchEntry_New.php
26 Feb 2015 11:31:54|1|admin@foresee.com|CatchEntryDeclaredItem.php
26 Feb 2015 11:31:56|1|admin@foresee.com|DailyCatchEntry_New.php
26 Feb 2015 11:31:56|1|admin@foresee.com|DailyCatchEntry_New.php
26 Feb 2015 11:31:56|1|admin@foresee.com|DailyCatchEntry_New.php
26 Feb 2015 11:31:56|1|admin@foresee.com|DailyCatchEntry_New.php
26 Feb 2015 11:31:56|1|admin@foresee.com|DailyCatchEntry_New.php
26 Feb 2015 11:31:57|1|admin@foresee.com|DailyCatchEntry_New.php
26 Feb 2015 11:31:57|1|admin@foresee.com|CatchEntryDeclaredItem.php
26 Feb 2015 11:32:01|1|admin@foresee.com|DailyCatchEntry_New.php
26 Feb 2015 11:32:01|1|admin@foresee.com|DailyCatchEntry_New.php
26 Feb 2015 11:32:01|1|admin@foresee.com|DailyCatchEntry_New.php
26 Feb 2015 11:32:01|1|admin@foresee.com|DailyCatchEntry_New.php
26 Feb 2015 11:32:02|1|admin@foresee.com|DailyCatchEntry_New.php
26 Feb 2015 11:32:02|1|admin@foresee.com|DailyCatchEntry_New.php
26 Feb 2015 11:32:12|1|admin@foresee.com|CatchEntryDeclaredItem.php
26 Feb 2015 11:33:05|1|admin@foresee.com|DailyCatchEntry_New.php
26 Feb 2015 11:33:06|1|admin@foresee.com|DailyCatchEntry_New.php
26 Feb 2015 11:33:06|1|admin@foresee.com|DailyCatchEntry_New.php
26 Feb 2015 11:33:07|1|admin@foresee.com|PrintDailyCatchEntry_New.php
26 Feb 2015 11:33:07|1|admin@foresee.com|PrintCatchEntryQuality_New.php
26 Feb 2015 11:33:30|1|admin@foresee.com|WeighmentDataSheet.php
26 Feb 2015 11:33:34|1|admin@foresee.com|WeighmentDataSheet.php
26 Feb 2015 11:33:36|1|admin@foresee.com|WeighmentDataSheet.php
26 Feb 2015 11:33:57|1|admin@foresee.com|DailyCatchReport.php
26 Feb 2015 11:33:58|1|admin@foresee.com|DailyCatchReport.php
26 Feb 2015 11:34:03|1|admin@foresee.com|DailyCatchReport.php
26 Feb 2015 11:34:03|1|admin@foresee.com|DailyCatchReport.php
26 Feb 2015 11:34:09|1|admin@foresee.com|DailyCatchReport.php
26 Feb 2015 11:34:09|1|admin@foresee.com|DailyCatchReport.php
26 Feb 2015 11:34:14|1|admin@foresee.com|DailyCatchEntry_New.php
26 Feb 2015 11:34:15|1|admin@foresee.com|DailyCatchEntry_New.php
26 Feb 2015 11:34:15|1|admin@foresee.com|DailyCatchEntry_New.php
26 Feb 2015 11:34:15|1|admin@foresee.com|DailyCatchEntry_New.php
26 Feb 2015 11:34:16|1|admin@foresee.com|DailyCatchEntry_New.php
26 Feb 2015 11:34:16|1|admin@foresee.com|CatchEntryDeclaredItem.php
26 Feb 2015 11:34:16|1|admin@foresee.com|CatchEntryDeclaredItem.php
26 Feb 2015 11:34:21|1|admin@foresee.com|DailyCatchEntry_New.php
26 Feb 2015 11:34:23|1|admin@foresee.com|DailyCatchEntry_New.php
26 Feb 2015 11:34:24|1|admin@foresee.com|DailyCatchEntry_New.php
26 Feb 2015 11:34:24|1|admin@foresee.com|DailyCatchEntry_New.php
26 Feb 2015 11:34:24|1|admin@foresee.com|DailyCatchEntry_New.php
26 Feb 2015 11:34:24|1|admin@foresee.com|DailyCatchEntry_New.php
26 Feb 2015 11:34:24|1|admin@foresee.com|CatchEntryDeclaredItem.php
26 Feb 2015 11:34:24|1|admin@foresee.com|CatchEntryDeclaredItem.php
26 Feb 2015 11:34:29|1|admin@foresee.com|DailyCatchEntry_New.php
26 Feb 2015 11:34:39|1|admin@foresee.com|DailyCatchEntry_New.php
26 Feb 2015 11:34:40|1|admin@foresee.com|DailyCatchEntry_New.php
26 Feb 2015 11:34:40|1|admin@foresee.com|DailyCatchEntry_New.php
26 Feb 2015 11:34:40|1|admin@foresee.com|DailyCatchEntry_New.php
26 Feb 2015 11:34:40|1|admin@foresee.com|CatchEntryDeclaredItem.php
26 Feb 2015 11:34:40|1|admin@foresee.com|DailyCatchEntry_New.php
26 Feb 2015 11:34:40|1|admin@foresee.com|CatchEntryDeclaredItem.php
26 Feb 2015 11:38:56|1|admin@foresee.com|DailyCatchEntry_New.php
26 Feb 2015 11:38:56|1|admin@foresee.com|DailyCatchEntry_New.php
26 Feb 2015 11:38:57|1|admin@foresee.com|DailyCatchEntry_New.php
26 Feb 2015 11:38:57|1|admin@foresee.com|DailyCatchEntry_New.php
26 Feb 2015 11:38:57|1|admin@foresee.com|DailyCatchEntry_New.php
26 Feb 2015 11:38:57|1|admin@foresee.com|CatchEntryDeclaredItem.php
26 Feb 2015 11:39:01|1|admin@foresee.com|CatchEntryDeclaredItem.php
26 Feb 2015 11:40:04|1|admin@foresee.com|DailyCatchEntry_New.php
26 Feb 2015 11:40:05|1|admin@foresee.com|DailyCatchEntry_New.php
26 Feb 2015 11:40:05|1|admin@foresee.com|DailyCatchEntry_New.php
26 Feb 2015 11:40:05|1|admin@foresee.com|DailyCatchEntry_New.php
26 Feb 2015 11:40:05|1|admin@foresee.com|CatchEntryDeclaredItem.php
26 Feb 2015 11:40:05|1|admin@foresee.com|DailyCatchEntry_New.php
26 Feb 2015 11:40:06|1|admin@foresee.com|CatchEntryDeclaredItem.php
26 Feb 2015 11:40:41|1|admin@foresee.com|DailyCatchEntry_New.php
26 Feb 2015 11:40:41|1|admin@foresee.com|DailyCatchEntry_New.php
26 Feb 2015 11:40:41|1|admin@foresee.com|DailyCatchEntry_New.php
26 Feb 2015 11:40:42|1|admin@foresee.com|CatchEntryDeclaredItem.php
26 Feb 2015 11:40:42|1|admin@foresee.com|DailyCatchEntry_New.php
26 Feb 2015 11:40:42|1|admin@foresee.com|DailyCatchEntry_New.php
26 Feb 2015 11:40:42|1|admin@foresee.com|CatchEntryDeclaredItem.php
26 Feb 2015 11:43:00|1|admin@foresee.com|DailyCatchEntry_New.php
26 Feb 2015 11:43:01|1|admin@foresee.com|DailyCatchEntry_New.php
26 Feb 2015 11:43:01|1|admin@foresee.com|DailyCatchEntry_New.php
26 Feb 2015 11:43:01|1|admin@foresee.com|DailyCatchEntry_New.php
26 Feb 2015 11:43:01|1|admin@foresee.com|CatchEntryDeclaredItem.php
26 Feb 2015 11:43:01|1|admin@foresee.com|DailyCatchEntry_New.php
26 Feb 2015 11:43:44|1|admin@foresee.com|DailyCatchEntry_New.php
26 Feb 2015 11:43:45|1|admin@foresee.com|DailyCatchEntry_New.php
26 Feb 2015 11:43:45|1|admin@foresee.com|DailyCatchEntry_New.php
26 Feb 2015 11:43:45|1|admin@foresee.com|DailyCatchEntry_New.php
26 Feb 2015 11:43:45|1|admin@foresee.com|DailyCatchEntry_New.php
26 Feb 2015 11:43:45|1|admin@foresee.com|CatchEntryDeclaredItem.php
26 Feb 2015 11:44:51|1|admin@foresee.com|DailyCatchEntry_New.php
26 Feb 2015 11:44:52|1|admin@foresee.com|DailyCatchEntry_New.php
26 Feb 2015 11:44:52|1|admin@foresee.com|DailyCatchEntry_New.php
26 Feb 2015 11:44:52|1|admin@foresee.com|CatchEntryDeclaredItem.php
26 Feb 2015 11:44:58|1|admin@foresee.com|DailyCatchEntry_New.php
26 Feb 2015 11:45:07|1|admin@foresee.com|DailyCatchEntry_New.php
26 Feb 2015 11:45:08|1|admin@foresee.com|DailyCatchEntry_New.php
26 Feb 2015 11:45:08|1|admin@foresee.com|DailyCatchEntry_New.php
26 Feb 2015 11:45:08|1|admin@foresee.com|CatchEntryDeclaredItem.php
26 Feb 2015 11:47:13|1|admin@foresee.com|DailyCatchEntry_New.php
26 Feb 2015 11:47:14|1|admin@foresee.com|DailyCatchEntry_New.php
26 Feb 2015 11:47:14|1|admin@foresee.com|DailyCatchEntry_New.php
26 Feb 2015 11:47:14|1|admin@foresee.com|CatchEntryDeclaredItem.php
26 Feb 2015 11:48:17|1|admin@foresee.com|DailyCatchEntry_New.php
26 Feb 2015 11:48:18|1|admin@foresee.com|DailyCatchEntry_New.php
26 Feb 2015 11:48:18|1|admin@foresee.com|DailyCatchEntry_New.php
26 Feb 2015 11:48:18|1|admin@foresee.com|CatchEntryDeclaredItem.php
26 Feb 2015 11:48:30|1|admin@foresee.com|DailyCatchEntry_New.php
26 Feb 2015 11:48:31|1|admin@foresee.com|DailyCatchEntry_New.php
26 Feb 2015 11:48:31|1|admin@foresee.com|DailyCatchEntry_New.php
26 Feb 2015 11:48:31|1|admin@foresee.com|CatchEntryDeclaredItem.php
26 Feb 2015 11:49:42|1|admin@foresee.com|DailyCatchEntry_New.php
26 Feb 2015 11:49:43|1|admin@foresee.com|DailyCatchEntry_New.php
26 Feb 2015 11:49:43|1|admin@foresee.com|CatchEntryDeclaredItem.php
26 Feb 2015 11:49:43|1|admin@foresee.com|DailyCatchEntry_New.php
26 Feb 2015 11:49:58|1|admin@foresee.com|DailyCatchEntry_New.php
26 Feb 2015 11:49:59|1|admin@foresee.com|DailyCatchEntry_New.php
26 Feb 2015 11:49:59|1|admin@foresee.com|CatchEntryDeclaredItem.php
26 Feb 2015 11:49:59|1|admin@foresee.com|DailyCatchEntry_New.php
26 Feb 2015 11:50:14|1|admin@foresee.com|DailyCatchEntry_New.php
26 Feb 2015 11:50:15|1|admin@foresee.com|DailyCatchEntry_New.php
26 Feb 2015 11:50:15|1|admin@foresee.com|DailyCatchEntry_New.php
26 Feb 2015 11:50:15|1|admin@foresee.com|CatchEntryDeclaredItem.php
26 Feb 2015 11:50:36|1|admin@foresee.com|DailyCatchEntry_New.php
26 Feb 2015 11:50:37|1|admin@foresee.com|DailyCatchEntry_New.php
26 Feb 2015 11:50:37|1|admin@foresee.com|DailyCatchEntry_New.php
26 Feb 2015 11:50:37|1|admin@foresee.com|CatchEntryDeclaredItem.php
26 Feb 2015 11:51:04|1|admin@foresee.com|DailyCatchEntry_New.php
26 Feb 2015 11:51:05|1|admin@foresee.com|DailyCatchEntry_New.php
26 Feb 2015 11:51:05|1|admin@foresee.com|CatchEntryDeclaredItem.php
26 Feb 2015 11:51:05|1|admin@foresee.com|DailyCatchEntry_New.php
26 Feb 2015 11:51:38|1|admin@foresee.com|DailyCatchEntry_New.php
26 Feb 2015 11:51:39|1|admin@foresee.com|DailyCatchEntry_New.php
26 Feb 2015 11:51:39|1|admin@foresee.com|CatchEntryDeclaredItem.php
26 Feb 2015 11:51:39|1|admin@foresee.com|DailyCatchEntry_New.php
26 Feb 2015 11:52:05|1|admin@foresee.com|DailyCatchEntry_New.php
26 Feb 2015 11:52:06|1|admin@foresee.com|DailyCatchEntry_New.php
26 Feb 2015 11:52:06|1|admin@foresee.com|DailyCatchEntry_New.php
26 Feb 2015 11:52:06|1|admin@foresee.com|CatchEntryDeclaredItem.php
26 Feb 2015 11:53:02|1|admin@foresee.com|DailyCatchEntry_New.php
26 Feb 2015 11:53:03|1|admin@foresee.com|DailyCatchEntry_New.php
26 Feb 2015 11:53:03|1|admin@foresee.com|DailyCatchEntry_New.php
26 Feb 2015 11:53:03|1|admin@foresee.com|CatchEntryDeclaredItem.php
26 Feb 2015 11:53:20|1|admin@foresee.com|DailyCatchEntry_New.php
26 Feb 2015 11:53:21|1|admin@foresee.com|DailyCatchEntry_New.php
26 Feb 2015 11:53:21|1|admin@foresee.com|DailyCatchEntry_New.php
26 Feb 2015 11:53:22|1|admin@foresee.com|CatchEntryDeclaredItem.php
26 Feb 2015 11:56:00|1|admin@foresee.com|DailyCatchEntry_New.php
26 Feb 2015 11:56:01|1|admin@foresee.com|DailyCatchEntry_New.php
26 Feb 2015 11:56:01|1|admin@foresee.com|CatchEntryDeclaredItem.php
26 Feb 2015 11:56:01|1|admin@foresee.com|DailyCatchEntry_New.php
26 Feb 2015 11:56:23|1|admin@foresee.com|DailyCatchEntry_New.php
26 Feb 2015 11:56:24|1|admin@foresee.com|DailyCatchEntry_New.php
26 Feb 2015 11:56:24|1|admin@foresee.com|DailyCatchEntry_New.php
26 Feb 2015 11:56:24|1|admin@foresee.com|CatchEntryDeclaredItem.php
26 Feb 2015 11:56:56|1|admin@foresee.com|DailyCatchEntry_New.php
26 Feb 2015 11:56:57|1|admin@foresee.com|DailyCatchEntry_New.php
26 Feb 2015 11:56:57|1|admin@foresee.com|DailyCatchEntry_New.php
26 Feb 2015 11:56:57|1|admin@foresee.com|CatchEntryDeclaredItem.php
26 Feb 2015 11:57:30|1|admin@foresee.com|DailyCatchEntry_New.php
26 Feb 2015 11:57:31|1|admin@foresee.com|DailyCatchEntry_New.php
26 Feb 2015 11:58:11|1|admin@foresee.com|DailyCatchEntry_New.php
26 Feb 2015 11:58:11|1|admin@foresee.com|DailyCatchEntry_New.php
26 Feb 2015 11:58:12|1|admin@foresee.com|CatchEntryDeclaredItem.php
26 Feb 2015 11:58:12|1|admin@foresee.com|DailyCatchEntry_New.php
26 Feb 2015 12:01:13|1|admin@foresee.com|DailyCatchEntry_New.php
26 Feb 2015 12:01:14|1|admin@foresee.com|DailyCatchEntry_New.php
26 Feb 2015 12:01:14|1|admin@foresee.com|DailyCatchEntry_New.php
26 Feb 2015 12:01:14|1|admin@foresee.com|CatchEntryDeclaredItem.php
26 Feb 2015 12:01:34|1|admin@foresee.com|DailyCatchEntry_New.php
26 Feb 2015 12:01:35|1|admin@foresee.com|DailyCatchEntry_New.php
26 Feb 2015 12:01:35|1|admin@foresee.com|DailyCatchEntry_New.php
26 Feb 2015 12:01:35|1|admin@foresee.com|CatchEntryDeclaredItem.php
26 Feb 2015 12:02:09|1|admin@foresee.com|DailyCatchEntry_New.php
26 Feb 2015 12:02:10|1|admin@foresee.com|DailyCatchEntry_New.php
26 Feb 2015 12:02:10|1|admin@foresee.com|DailyCatchEntry_New.php
26 Feb 2015 12:02:10|1|admin@foresee.com|CatchEntryDeclaredItem.php
26 Feb 2015 12:03:15|1|admin@foresee.com|DailyCatchEntry_New.php
26 Feb 2015 12:03:15|1|admin@foresee.com|DailyCatchEntry_New.php
26 Feb 2015 12:03:16|1|admin@foresee.com|DailyCatchEntry_New.php
26 Feb 2015 12:03:16|1|admin@foresee.com|CatchEntryDeclaredItem.php
26 Feb 2015 12:15:11|1|admin@foresee.com|DailyCatchEntry_New.php
26 Feb 2015 12:15:12|1|admin@foresee.com|DailyCatchEntry_New.php
26 Feb 2015 12:15:12|1|admin@foresee.com|DailyCatchEntry_New.php
26 Feb 2015 12:15:12|1|admin@foresee.com|CatchEntryDeclaredItem.php
26 Feb 2015 12:15:54|1|admin@foresee.com|DailyCatchEntry_New.php
26 Feb 2015 12:15:54|1|admin@foresee.com|CatchEntryDeclaredItem.php
26 Feb 2015 12:15:54|1|admin@foresee.com|DailyCatchEntry_New.php
26 Feb 2015 12:15:55|1|admin@foresee.com|DailyCatchEntry_New.php
26 Feb 2015 12:19:38|1|admin@foresee.com|DailyCatchEntry_New.php
26 Feb 2015 12:19:39|1|admin@foresee.com|DailyCatchEntry_New.php
26 Feb 2015 12:19:39|1|admin@foresee.com|DailyCatchEntry_New.php
26 Feb 2015 12:19:39|1|admin@foresee.com|CatchEntryDeclaredItem.php
26 Feb 2015 12:20:06|1|admin@foresee.com|DailyCatchEntry_New.php
26 Feb 2015 12:20:07|1|admin@foresee.com|DailyCatchEntry_New.php
26 Feb 2015 12:20:07|1|admin@foresee.com|DailyCatchEntry_New.php
26 Feb 2015 12:20:07|1|admin@foresee.com|CatchEntryDeclaredItem.php
26 Feb 2015 12:20:53|1|admin@foresee.com|DailyCatchEntry_New.php
26 Feb 2015 12:20:54|1|admin@foresee.com|DailyCatchEntry_New.php
26 Feb 2015 12:20:54|1|admin@foresee.com|DailyCatchEntry_New.php
26 Feb 2015 12:20:54|1|admin@foresee.com|CatchEntryDeclaredItem.php
26 Feb 2015 12:22:40|1|admin@foresee.com|DailyCatchEntry_New.php
26 Feb 2015 12:22:41|1|admin@foresee.com|DailyCatchEntry_New.php
26 Feb 2015 12:22:41|1|admin@foresee.com|CatchEntryDeclaredItem.php
26 Feb 2015 12:22:41|1|admin@foresee.com|DailyCatchEntry_New.php
26 Feb 2015 12:23:10|1|admin@foresee.com|DailyCatchEntry_New.php
26 Feb 2015 12:23:11|1|admin@foresee.com|DailyCatchEntry_New.php
26 Feb 2015 12:23:11|1|admin@foresee.com|DailyCatchEntry_New.php
26 Feb 2015 12:23:11|1|admin@foresee.com|CatchEntryDeclaredItem.php
26 Feb 2015 12:23:39|1|admin@foresee.com|DailyCatchEntry_New.php
26 Feb 2015 12:23:40|1|admin@foresee.com|DailyCatchEntry_New.php
26 Feb 2015 12:23:40|1|admin@foresee.com|CatchEntryDeclaredItem.php
26 Feb 2015 12:23:40|1|admin@foresee.com|DailyCatchEntry_New.php
26 Feb 2015 12:23:56|1|admin@foresee.com|DailyCatchEntry_New.php
26 Feb 2015 12:23:57|1|admin@foresee.com|DailyCatchEntry_New.php
26 Feb 2015 12:23:57|1|admin@foresee.com|DailyCatchEntry_New.php
26 Feb 2015 12:23:57|1|admin@foresee.com|CatchEntryDeclaredItem.php
26 Feb 2015 12:27:51|1|admin@foresee.com|DailyCatchEntry_New.php
26 Feb 2015 12:27:52|1|admin@foresee.com|CatchEntryDeclaredItem.php
26 Feb 2015 12:27:52|1|admin@foresee.com|DailyCatchEntry_New.php
26 Feb 2015 12:27:52|1|admin@foresee.com|DailyCatchEntry_New.php
26 Feb 2015 12:28:46|1|admin@foresee.com|DailyCatchEntry_New.php
26 Feb 2015 12:28:47|1|admin@foresee.com|DailyCatchEntry_New.php
26 Feb 2015 12:28:47|1|admin@foresee.com|DailyCatchEntry_New.php
26 Feb 2015 12:28:47|1|admin@foresee.com|CatchEntryDeclaredItem.php
26 Feb 2015 12:29:02|1|admin@foresee.com|DailyCatchEntry_New.php
26 Feb 2015 12:29:03|1|admin@foresee.com|DailyCatchEntry_New.php
26 Feb 2015 12:29:03|1|admin@foresee.com|CatchEntryDeclaredItem.php
26 Feb 2015 12:29:03|1|admin@foresee.com|DailyCatchEntry_New.php
26 Feb 2015 12:29:50|1|admin@foresee.com|DailyCatchEntry_New.php
26 Feb 2015 12:29:51|1|admin@foresee.com|DailyCatchEntry_New.php
26 Feb 2015 12:29:51|1|admin@foresee.com|DailyCatchEntry_New.php
26 Feb 2015 12:29:51|1|admin@foresee.com|CatchEntryDeclaredItem.php
26 Feb 2015 12:30:10|1|admin@foresee.com|DailyCatchEntry_New.php
26 Feb 2015 12:30:11|1|admin@foresee.com|DailyCatchEntry_New.php
26 Feb 2015 12:30:11|1|admin@foresee.com|DailyCatchEntry_New.php
26 Feb 2015 12:30:11|1|admin@foresee.com|CatchEntryDeclaredItem.php
26 Feb 2015 12:30:52|1|admin@foresee.com|DailyCatchEntry_New.php
26 Feb 2015 12:30:53|1|admin@foresee.com|DailyCatchEntry_New.php
26 Feb 2015 12:30:53|1|admin@foresee.com|DailyCatchEntry_New.php
26 Feb 2015 12:30:53|1|admin@foresee.com|CatchEntryDeclaredItem.php
26 Feb 2015 12:31:50|1|admin@foresee.com|DailyCatchEntry_New.php
26 Feb 2015 12:31:51|1|admin@foresee.com|DailyCatchEntry_New.php
26 Feb 2015 12:31:51|1|admin@foresee.com|DailyCatchEntry_New.php
26 Feb 2015 12:31:51|1|admin@foresee.com|CatchEntryDeclaredItem.php
26 Feb 2015 12:32:33|1|admin@foresee.com|DailyCatchEntry_New.php
26 Feb 2015 12:32:34|1|admin@foresee.com|DailyCatchEntry_New.php
26 Feb 2015 12:32:34|1|admin@foresee.com|DailyCatchEntry_New.php
26 Feb 2015 12:32:34|1|admin@foresee.com|CatchEntryDeclaredItem.php
26 Feb 2015 12:34:08|1|admin@foresee.com|DailyCatchEntry_New.php
26 Feb 2015 12:34:09|1|admin@foresee.com|DailyCatchEntry_New.php
26 Feb 2015 12:34:09|1|admin@foresee.com|DailyCatchEntry_New.php
26 Feb 2015 12:34:09|1|admin@foresee.com|DailyCatchEntry_New.php
26 Feb 2015 12:34:09|1|admin@foresee.com|CatchEntryDeclaredItem.php
26 Feb 2015 12:34:10|1|admin@foresee.com|DailyCatchEntry_New.php
26 Feb 2015 12:34:10|1|admin@foresee.com|DailyCatchEntry_New.php
26 Feb 2015 12:35:49|1|admin@foresee.com|DailyCatchEntry_New.php
26 Feb 2015 12:35:50|1|admin@foresee.com|DailyCatchEntry_New.php
26 Feb 2015 12:35:50|1|admin@foresee.com|DailyCatchEntry_New.php
26 Feb 2015 12:35:50|1|admin@foresee.com|DailyCatchEntry_New.php
26 Feb 2015 12:35:50|1|admin@foresee.com|CatchEntryDeclaredItem.php
26 Feb 2015 12:35:50|1|admin@foresee.com|DailyCatchEntry_New.php
26 Feb 2015 12:35:50|1|admin@foresee.com|DailyCatchEntry_New.php
26 Feb 2015 12:36:08|1|admin@foresee.com|DailyCatchEntry_New.php
26 Feb 2015 12:36:08|1|admin@foresee.com|DailyCatchEntry_New.php
26 Feb 2015 12:36:08|1|admin@foresee.com|DailyCatchEntry_New.php
26 Feb 2015 12:36:09|1|admin@foresee.com|DailyCatchEntry_New.php
26 Feb 2015 12:36:09|1|admin@foresee.com|CatchEntryDeclaredItem.php
26 Feb 2015 12:36:09|1|admin@foresee.com|DailyCatchEntry_New.php
26 Feb 2015 12:36:09|1|admin@foresee.com|DailyCatchEntry_New.php
26 Feb 2015 12:36:09|1|admin@foresee.com|CatchEntryDeclaredItem.php
26 Feb 2015 12:41:25|1|admin@foresee.com|DailyCatchEntry_New.php
26 Feb 2015 12:41:26|1|admin@foresee.com|DailyCatchEntry_New.php
26 Feb 2015 12:41:26|1|admin@foresee.com|DailyCatchEntry_New.php
26 Feb 2015 12:41:26|1|admin@foresee.com|DailyCatchEntry_New.php
26 Feb 2015 12:41:26|1|admin@foresee.com|CatchEntryDeclaredItem.php
26 Feb 2015 12:41:26|1|admin@foresee.com|DailyCatchEntry_New.php
26 Feb 2015 12:41:27|1|admin@foresee.com|DailyCatchEntry_New.php
26 Feb 2015 12:41:27|1|admin@foresee.com|CatchEntryDeclaredItem.php
26 Feb 2015 12:41:41|1|admin@foresee.com|CatchEntryDeclaredItem.php
26 Feb 2015 12:41:46|1|admin@foresee.com|CatchEntryDeclaredItem.php
26 Feb 2015 12:42:17|1|admin@foresee.com|DailyCatchReport.php
26 Feb 2015 12:42:18|1|admin@foresee.com|DailyCatchReport.php
26 Feb 2015 12:42:24|1|admin@foresee.com|DailyCatchReport.php
26 Feb 2015 12:42:25|1|admin@foresee.com|DailyCatchReport.php
26 Feb 2015 12:42:44|1|admin@foresee.com|DailyCatchReport.php
26 Feb 2015 12:42:44|1|admin@foresee.com|DailyCatchReport.php
26 Feb 2015 12:42:54|1|admin@foresee.com|DailyCatchEntry_New.php
26 Feb 2015 12:42:58|1|admin@foresee.com|DailyCatchEntry_New.php
26 Feb 2015 12:42:59|1|admin@foresee.com|DailyCatchEntry_New.php
26 Feb 2015 12:42:59|1|admin@foresee.com|DailyCatchEntry_New.php
26 Feb 2015 12:42:59|1|admin@foresee.com|DailyCatchEntry_New.php
26 Feb 2015 12:42:59|1|admin@foresee.com|DailyCatchEntry_New.php
26 Feb 2015 12:42:59|1|admin@foresee.com|CatchEntryDeclaredItem.php
26 Feb 2015 12:42:59|1|admin@foresee.com|DailyCatchEntry_New.php
26 Feb 2015 12:42:59|1|admin@foresee.com|CatchEntryDeclaredItem.php
26 Feb 2015 12:43:08|1|admin@foresee.com|DailyCatchEntry_New.php
26 Feb 2015 12:43:12|1|admin@foresee.com|DailyCatchEntry_New.php
26 Feb 2015 12:43:12|1|admin@foresee.com|DailyCatchEntry_New.php
26 Feb 2015 12:43:13|1|admin@foresee.com|DailyCatchEntry_New.php
26 Feb 2015 12:43:13|1|admin@foresee.com|DailyCatchEntry_New.php
26 Feb 2015 12:43:13|1|admin@foresee.com|DailyCatchEntry_New.php
26 Feb 2015 12:43:13|1|admin@foresee.com|CatchEntryDeclaredItem.php
26 Feb 2015 12:43:13|1|admin@foresee.com|DailyCatchEntry_New.php
26 Feb 2015 12:43:13|1|admin@foresee.com|CatchEntryDeclaredItem.php
26 Feb 2015 12:43:20|1|admin@foresee.com|DailyCatchEntry_New.php
26 Feb 2015 12:43:27|1|admin@foresee.com|DailyCatchEntry_New.php
26 Feb 2015 12:43:27|1|admin@foresee.com|DailyCatchEntry_New.php
26 Feb 2015 12:43:27|1|admin@foresee.com|DailyCatchEntry_New.php
26 Feb 2015 12:43:28|1|admin@foresee.com|DailyCatchEntry_New.php
26 Feb 2015 12:43:28|1|admin@foresee.com|CatchEntryDeclaredItem.php
26 Feb 2015 12:43:28|1|admin@foresee.com|DailyCatchEntry_New.php
26 Feb 2015 12:43:28|1|admin@foresee.com|DailyCatchEntry_New.php
26 Feb 2015 12:43:28|1|admin@foresee.com|CatchEntryDeclaredItem.php
26 Feb 2015 12:43:35|1|admin@foresee.com|DailyCatchEntry_New.php
26 Feb 2015 12:43:40|1|admin@foresee.com|DailyCatchEntry_New.php
26 Feb 2015 12:43:41|1|admin@foresee.com|DailyCatchEntry_New.php
26 Feb 2015 12:43:41|1|admin@foresee.com|DailyCatchEntry_New.php
26 Feb 2015 12:43:41|1|admin@foresee.com|DailyCatchEntry_New.php
26 Feb 2015 12:43:41|1|admin@foresee.com|DailyCatchEntry_New.php
26 Feb 2015 12:43:41|1|admin@foresee.com|CatchEntryDeclaredItem.php
26 Feb 2015 12:43:41|1|admin@foresee.com|DailyCatchEntry_New.php
26 Feb 2015 12:43:42|1|admin@foresee.com|DailyCatchEntry_New.php
26 Feb 2015 12:43:45|1|admin@foresee.com|DailyCatchEntry_New.php
26 Feb 2015 12:43:45|1|admin@foresee.com|DailyCatchEntry_New.php
26 Feb 2015 12:43:49|1|admin@foresee.com|DailyCatchEntry_New.php
26 Feb 2015 12:43:50|1|admin@foresee.com|DailyCatchEntry_New.php
26 Feb 2015 12:43:53|1|admin@foresee.com|DailyCatchEntry_New.php
26 Feb 2015 12:43:53|1|admin@foresee.com|DailyCatchEntry_New.php
26 Feb 2015 12:43:53|1|admin@foresee.com|DailyCatchEntry_New.php
26 Feb 2015 12:43:53|1|admin@foresee.com|DailyCatchEntry_New.php
26 Feb 2015 12:43:53|1|admin@foresee.com|DailyCatchEntry_New.php
26 Feb 2015 12:43:54|1|admin@foresee.com|DailyCatchEntry_New.php
26 Feb 2015 12:43:54|1|admin@foresee.com|CatchEntryDeclaredItem.php
26 Feb 2015 12:43:59|1|admin@foresee.com|DailyCatchEntry_New.php
26 Feb 2015 12:43:59|1|admin@foresee.com|DailyCatchEntry_New.php
26 Feb 2015 12:44:02|1|admin@foresee.com|DailyCatchEntry_New.php
26 Feb 2015 12:44:02|1|admin@foresee.com|DailyCatchEntry_New.php
26 Feb 2015 12:44:02|1|admin@foresee.com|DailyCatchEntry_New.php
26 Feb 2015 12:44:02|1|admin@foresee.com|DailyCatchEntry_New.php
26 Feb 2015 12:44:03|1|admin@foresee.com|DailyCatchEntry_New.php
26 Feb 2015 12:44:03|1|admin@foresee.com|DailyCatchEntry_New.php
26 Feb 2015 12:44:03|1|admin@foresee.com|CatchEntryDeclaredItem.php
26 Feb 2015 12:44:22|1|admin@foresee.com|DailyCatchEntry_New.php
26 Feb 2015 12:44:24|1|admin@foresee.com|DailyCatchEntry_New.php
26 Feb 2015 12:44:24|1|admin@foresee.com|DailyCatchEntry_New.php
26 Feb 2015 12:44:25|1|admin@foresee.com|DailyCatchEntry_New.php
26 Feb 2015 12:44:25|1|admin@foresee.com|DailyCatchEntry_New.php
26 Feb 2015 12:44:25|1|admin@foresee.com|DailyCatchEntry_New.php
26 Feb 2015 12:44:25|1|admin@foresee.com|CatchEntryDeclaredItem.php
26 Feb 2015 12:44:25|1|admin@foresee.com|DailyCatchEntry_New.php
26 Feb 2015 12:44:25|1|admin@foresee.com|DailyCatchEntry_New.php
26 Feb 2015 12:44:32|1|admin@foresee.com|DailyCatchEntry_New.php
26 Feb 2015 12:44:34|1|admin@foresee.com|DailyCatchEntry_New.php
26 Feb 2015 12:44:34|1|admin@foresee.com|CatchEntryDeclaredItem.php
26 Feb 2015 12:44:39|1|admin@foresee.com|DailyCatchEntry_New.php
26 Feb 2015 12:44:41|1|admin@foresee.com|DailyCatchEntry_New.php
26 Feb 2015 12:44:41|1|admin@foresee.com|CatchEntryDeclaredItem.php
26 Feb 2015 12:44:45|1|admin@foresee.com|DailyCatchEntry_New.php
26 Feb 2015 12:44:47|1|admin@foresee.com|DailyCatchEntry_New.php
26 Feb 2015 12:44:48|1|admin@foresee.com|CatchEntryDeclaredItem.php
26 Feb 2015 12:44:51|1|admin@foresee.com|DailyCatchEntry_New.php
26 Feb 2015 12:44:51|1|admin@foresee.com|CatchEntryDeclaredItem.php
26 Feb 2015 12:45:57|1|admin@foresee.com|SupplierMaster.php
26 Feb 2015 12:46:03|1|admin@foresee.com|SupplierMaster.php
26 Feb 2015 12:46:07|1|admin@foresee.com|SupplierMaster.php
26 Feb 2015 12:46:13|1|admin@foresee.com|SupplierMaster.php
26 Feb 2015 12:46:22|1|admin@foresee.com|SubSuppliers.php
26 Feb 2015 12:46:39|1|admin@foresee.com|DailyCatchEntry_New.php
26 Feb 2015 12:46:39|1|admin@foresee.com|DailyCatchEntry_New.php
26 Feb 2015 12:46:52|1|admin@foresee.com|DailyCatchEntry_New.php
26 Feb 2015 12:46:52|1|admin@foresee.com|DailyCatchEntry_New.php
26 Feb 2015 12:46:56|1|admin@foresee.com|DailyCatchEntry_New.php
26 Feb 2015 12:46:56|1|admin@foresee.com|DailyCatchEntry_New.php
26 Feb 2015 12:46:59|1|admin@foresee.com|DailyCatchEntry_New.php
26 Feb 2015 12:46:59|1|admin@foresee.com|DailyCatchEntry_New.php
26 Feb 2015 12:47:03|1|admin@foresee.com|DailyCatchEntry_New.php
26 Feb 2015 12:47:03|1|admin@foresee.com|DailyCatchEntry_New.php
26 Feb 2015 12:47:04|1|admin@foresee.com|DailyCatchEntry_New.php
26 Feb 2015 12:47:04|1|admin@foresee.com|DailyCatchEntry_New.php
26 Feb 2015 12:47:04|1|admin@foresee.com|DailyCatchEntry_New.php
26 Feb 2015 12:47:05|1|admin@foresee.com|DailyCatchEntry_New.php
26 Feb 2015 12:47:05|1|admin@foresee.com|CatchEntryDeclaredItem.php
26 Feb 2015 12:47:05|1|admin@foresee.com|DailyCatchEntry_New.php
26 Feb 2015 12:47:05|1|admin@foresee.com|DailyCatchEntry_New.php
26 Feb 2015 12:47:21|1|admin@foresee.com|CatchEntryDeclaredItem.php
26 Feb 2015 12:47:23|1|admin@foresee.com|DailyCatchEntry_New.php
26 Feb 2015 12:47:23|1|admin@foresee.com|DailyCatchEntry_New.php
26 Feb 2015 12:47:23|1|admin@foresee.com|DailyCatchEntry_New.php
26 Feb 2015 12:47:23|1|admin@foresee.com|DailyCatchEntry_New.php
26 Feb 2015 12:47:26|1|admin@foresee.com|DailyCatchEntry_New.php
26 Feb 2015 12:47:26|1|admin@foresee.com|DailyCatchEntry_New.php
26 Feb 2015 12:47:50|1|admin@foresee.com|DailyCatchEntry_New.php
26 Feb 2015 12:47:54|1|admin@foresee.com|DailyCatchEntry_New.php
26 Feb 2015 12:47:55|1|admin@foresee.com|DailyCatchEntry_New.php
26 Feb 2015 12:47:55|1|admin@foresee.com|DailyCatchEntry_New.php
26 Feb 2015 12:47:56|1|admin@foresee.com|PrintDailyCatchEntry_New.php
26 Feb 2015 12:47:56|1|admin@foresee.com|PrintCatchEntryQuality_New.php
26 Feb 2015 12:48:06|1|admin@foresee.com|DailyCatchEntry_New.php
26 Feb 2015 12:48:07|1|admin@foresee.com|DailyCatchEntry_New.php
26 Feb 2015 12:48:07|1|admin@foresee.com|DailyCatchEntry_New.php
26 Feb 2015 12:48:07|1|admin@foresee.com|DailyCatchEntry_New.php
26 Feb 2015 12:48:08|1|admin@foresee.com|CatchEntryDeclaredItem.php
26 Feb 2015 12:48:08|1|admin@foresee.com|DailyCatchEntry_New.php
26 Feb 2015 12:48:08|1|admin@foresee.com|DailyCatchEntry_New.php
26 Feb 2015 12:48:08|1|admin@foresee.com|CatchEntryDeclaredItem.php
26 Feb 2015 12:48:37|1|admin@foresee.com|DailyCatchEntry_New.php
26 Feb 2015 12:48:38|1|admin@foresee.com|DailyCatchEntry_New.php
26 Feb 2015 12:48:38|1|admin@foresee.com|DailyCatchEntry_New.php
26 Feb 2015 12:48:38|1|admin@foresee.com|DailyCatchEntry_New.php
26 Feb 2015 12:48:38|1|admin@foresee.com|DailyCatchEntry_New.php
26 Feb 2015 12:48:38|1|admin@foresee.com|CatchEntryDeclaredItem.php
26 Feb 2015 12:48:38|1|admin@foresee.com|DailyCatchEntry_New.php
26 Feb 2015 12:48:39|1|admin@foresee.com|CatchEntryDeclaredItem.php
26 Feb 2015 12:48:50|1|admin@foresee.com|DailyCatchEntry_New.php
26 Feb 2015 12:48:59|1|admin@foresee.com|DailyCatchEntry_New.php
26 Feb 2015 12:49:00|1|admin@foresee.com|DailyCatchEntry_New.php
26 Feb 2015 12:49:00|1|admin@foresee.com|DailyCatchEntry_New.php
26 Feb 2015 12:49:00|1|admin@foresee.com|DailyCatchEntry_New.php
26 Feb 2015 12:49:00|1|admin@foresee.com|CatchEntryDeclaredItem.php
26 Feb 2015 12:49:00|1|admin@foresee.com|DailyCatchEntry_New.php
26 Feb 2015 12:49:00|1|admin@foresee.com|DailyCatchEntry_New.php
26 Feb 2015 12:49:00|1|admin@foresee.com|CatchEntryDeclaredItem.php
26 Feb 2015 12:49:06|1|admin@foresee.com|DailyCatchEntry_New.php
26 Feb 2015 12:58:47|1|admin@foresee.com|DailyCatchEntry_New.php
26 Feb 2015 12:58:56|1|admin@foresee.com|DailyCatchEntry_New.php
26 Feb 2015 12:58:57|1|admin@foresee.com|DailyCatchEntry_New.php
26 Feb 2015 12:58:57|1|admin@foresee.com|DailyCatchEntry_New.php
26 Feb 2015 12:58:57|1|admin@foresee.com|DailyCatchEntry_New.php
26 Feb 2015 12:58:58|1|admin@foresee.com|DailyCatchEntry_New.php
26 Feb 2015 12:58:58|1|admin@foresee.com|CatchEntryDeclaredItem.php
26 Feb 2015 12:58:58|1|admin@foresee.com|DailyCatchEntry_New.php
26 Feb 2015 12:58:58|1|admin@foresee.com|CatchEntryDeclaredItem.php
26 Feb 2015 12:59:02|1|admin@foresee.com|DailyCatchEntry_New.php
26 Feb 2015 12:59:11|1|admin@foresee.com|DailyCatchEntry_New.php
26 Feb 2015 12:59:12|1|admin@foresee.com|DailyCatchEntry_New.php
26 Feb 2015 12:59:12|1|admin@foresee.com|DailyCatchEntry_New.php
26 Feb 2015 12:59:12|1|admin@foresee.com|DailyCatchEntry_New.php
26 Feb 2015 12:59:12|1|admin@foresee.com|DailyCatchEntry_New.php
26 Feb 2015 12:59:12|1|admin@foresee.com|CatchEntryDeclaredItem.php
26 Feb 2015 12:59:12|1|admin@foresee.com|DailyCatchEntry_New.php
26 Feb 2015 12:59:12|1|admin@foresee.com|CatchEntryDeclaredItem.php
26 Feb 2015 12:59:18|1|admin@foresee.com|DailyCatchEntry_New.php
26 Feb 2015 13:00:05|1|admin@foresee.com|DailyCatchEntry_New.php
26 Feb 2015 13:00:05|1|admin@foresee.com|DailyCatchEntry_New.php
26 Feb 2015 13:00:06|1|admin@foresee.com|DailyCatchEntry_New.php
26 Feb 2015 13:00:06|1|admin@foresee.com|DailyCatchEntry_New.php
26 Feb 2015 13:00:06|1|admin@foresee.com|DailyCatchEntry_New.php
26 Feb 2015 13:00:06|1|admin@foresee.com|CatchEntryDeclaredItem.php
26 Feb 2015 13:00:06|1|admin@foresee.com|DailyCatchEntry_New.php
26 Feb 2015 13:00:06|1|admin@foresee.com|CatchEntryDeclaredItem.php
26 Feb 2015 13:00:15|1|admin@foresee.com|DailyCatchEntry_New.php
26 Feb 2015 13:00:31|1|admin@foresee.com|DailyCatchEntry_New.php
26 Feb 2015 13:00:31|1|admin@foresee.com|DailyCatchEntry_New.php
26 Feb 2015 13:00:31|1|admin@foresee.com|DailyCatchEntry_New.php
26 Feb 2015 13:00:32|1|admin@foresee.com|DailyCatchEntry_New.php
26 Feb 2015 13:00:32|1|admin@foresee.com|DailyCatchEntry_New.php
26 Feb 2015 13:00:32|1|admin@foresee.com|CatchEntryDeclaredItem.php
26 Feb 2015 13:00:32|1|admin@foresee.com|DailyCatchEntry_New.php
26 Feb 2015 13:00:37|1|admin@foresee.com|DailyCatchEntry_New.php
26 Feb 2015 13:00:39|1|admin@foresee.com|DailyCatchEntry_New.php
26 Feb 2015 13:00:39|1|admin@foresee.com|CatchEntryDeclaredItem.php
26 Feb 2015 13:00:45|1|admin@foresee.com|DailyCatchEntry_New.php
26 Feb 2015 13:00:47|1|admin@foresee.com|DailyCatchEntry_New.php
26 Feb 2015 13:00:47|1|admin@foresee.com|CatchEntryDeclaredItem.php
26 Feb 2015 13:01:04|1|admin@foresee.com|DailyCatchReport.php
26 Feb 2015 13:01:05|1|admin@foresee.com|DailyCatchReport.php
26 Feb 2015 13:01:12|1|admin@foresee.com|DailyCatchReport.php
26 Feb 2015 13:01:13|1|admin@foresee.com|DailyCatchReport.php
26 Feb 2015 13:01:57|1|admin@foresee.com|DailyCatchEntry_New.php
26 Feb 2015 13:05:35|1|admin@foresee.com|DailyCatchReport.php
26 Feb 2015 13:05:36|1|admin@foresee.com|DailyCatchReport.php
26 Feb 2015 13:06:32|1|admin@foresee.com|DailyCatchReport.php
26 Feb 2015 13:06:33|1|admin@foresee.com|DailyCatchReport.php
26 Feb 2015 13:07:22|1|admin@foresee.com|DailyCatchReport.php
26 Feb 2015 13:07:23|1|admin@foresee.com|DailyCatchReport.php
26 Feb 2015 13:08:13|1|admin@foresee.com|DailyCatchReport.php
26 Feb 2015 13:08:14|1|admin@foresee.com|DailyCatchReport.php
26 Feb 2015 13:08:53|1|admin@foresee.com|DailyCatchReport.php
26 Feb 2015 13:08:54|1|admin@foresee.com|DailyCatchReport.php
26 Feb 2015 13:09:14|1|admin@foresee.com|DailyCatchReport.php
26 Feb 2015 13:09:14|1|admin@foresee.com|DailyCatchReport.php
26 Feb 2015 13:09:22|1|admin@foresee.com|DailyCatchReport.php
26 Feb 2015 13:09:22|1|admin@foresee.com|DailyCatchReport.php
26 Feb 2015 13:11:13|1|admin@foresee.com|PrintDailyCatchReportMemo.php
26 Feb 2015 13:11:25|1|admin@foresee.com|PrintDailyCatchReportMemo.php
26 Feb 2015 13:13:29|1|admin@foresee.com|PrintDailyCatchReportMemo.php
26 Feb 2015 13:16:41|1|admin@foresee.com|DailyCatchReport.php
26 Feb 2015 13:16:45|1|admin@foresee.com|DailyCatchReport.php
26 Feb 2015 13:16:45|1|admin@foresee.com|DailyCatchReport.php
26 Feb 2015 13:16:45|1|admin@foresee.com|DailyCatchReport.php
26 Feb 2015 13:17:03|1|admin@foresee.com|DailyCatchReport.php
26 Feb 2015 13:17:03|1|admin@foresee.com|DailyCatchReport.php
26 Feb 2015 13:17:04|1|admin@foresee.com|DailyCatchReport.php
26 Feb 2015 13:17:11|1|admin@foresee.com|DailyCatchReport.php
26 Feb 2015 13:17:11|1|admin@foresee.com|DailyCatchReport.php
26 Feb 2015 13:17:11|1|admin@foresee.com|DailyCatchReport.php
26 Feb 2015 13:17:14|1|admin@foresee.com|DailyCatchReport.php
26 Feb 2015 13:17:15|1|admin@foresee.com|DailyCatchReport.php
26 Feb 2015 13:17:15|1|admin@foresee.com|DailyCatchReport.php
26 Feb 2015 13:17:19|1|admin@foresee.com|DailyCatchReport.php
26 Feb 2015 13:17:23|1|admin@foresee.com|DailyCatchReport.php
26 Feb 2015 13:17:26|1|admin@foresee.com|DailyCatchReport.php
26 Feb 2015 13:17:27|1|admin@foresee.com|DailyCatchReport.php
26 Feb 2015 13:17:27|1|admin@foresee.com|DailyCatchReport.php
26 Feb 2015 13:17:35|1|admin@foresee.com|DailyCatchReport.php
26 Feb 2015 13:17:36|1|admin@foresee.com|DailyCatchReport.php
26 Feb 2015 13:17:36|1|admin@foresee.com|DailyCatchReport.php
26 Feb 2015 13:17:36|1|admin@foresee.com|DailyCatchReport.php
26 Feb 2015 13:17:42|1|admin@foresee.com|DailyCatchReport.php
26 Feb 2015 13:17:42|1|admin@foresee.com|DailyCatchReport.php
26 Feb 2015 13:17:43|1|admin@foresee.com|DailyCatchReport.php
26 Feb 2015 13:17:43|1|admin@foresee.com|DailyCatchReport.php
26 Feb 2015 13:17:51|1|admin@foresee.com|DailyCatchReport.php
26 Feb 2015 13:17:51|1|admin@foresee.com|DailyCatchReport.php
26 Feb 2015 13:17:52|1|admin@foresee.com|DailyCatchReport.php
26 Feb 2015 13:17:52|1|admin@foresee.com|DailyCatchReport.php
26 Feb 2015 13:18:03|1|admin@foresee.com|DailyCatchReport.php
26 Feb 2015 13:18:03|1|admin@foresee.com|DailyCatchReport.php
26 Feb 2015 13:18:03|1|admin@foresee.com|DailyCatchReport.php
26 Feb 2015 13:18:12|1|admin@foresee.com|DailyCatchReport.php
26 Feb 2015 13:18:13|1|admin@foresee.com|DailyCatchReport.php
26 Feb 2015 13:18:13|1|admin@foresee.com|DailyCatchReport.php
26 Feb 2015 13:18:22|1|admin@foresee.com|DailyCatchReport.php
26 Feb 2015 13:18:22|1|admin@foresee.com|DailyCatchReport.php
26 Feb 2015 13:18:23|1|admin@foresee.com|DailyCatchReport.php
26 Feb 2015 13:18:57|1|admin@foresee.com|DailyCatchEntry_New.php
26 Feb 2015 13:18:58|1|admin@foresee.com|DailyCatchEntry_New.php
26 Feb 2015 13:18:58|1|admin@foresee.com|DailyCatchEntry_New.php
26 Feb 2015 13:18:58|1|admin@foresee.com|DailyCatchEntry_New.php
26 Feb 2015 13:18:58|1|admin@foresee.com|DailyCatchEntry_New.php
26 Feb 2015 13:18:58|1|admin@foresee.com|CatchEntryDeclaredItem.php
26 Feb 2015 13:18:58|1|admin@foresee.com|DailyCatchEntry_New.php
26 Feb 2015 13:18:59|1|admin@foresee.com|CatchEntryDeclaredItem.php
26 Feb 2015 13:20:22|1|admin@foresee.com|DailyCatchReport.php
26 Feb 2015 13:20:23|1|admin@foresee.com|DailyCatchReport.php
26 Feb 2015 13:20:23|1|admin@foresee.com|DailyCatchReport.php
26 Feb 2015 13:20:29|1|admin@foresee.com|DailyCatchReport.php
26 Feb 2015 13:20:29|1|admin@foresee.com|DailyCatchReport.php
26 Feb 2015 13:20:29|1|admin@foresee.com|DailyCatchReport.php
26 Feb 2015 13:20:34|1|admin@foresee.com|DailyCatchReport.php
26 Feb 2015 13:20:35|1|admin@foresee.com|DailyCatchReport.php
26 Feb 2015 13:20:35|1|admin@foresee.com|DailyCatchReport.php
26 Feb 2015 13:20:38|1|admin@foresee.com|DailyCatchReport.php
26 Feb 2015 13:20:39|1|admin@foresee.com|DailyCatchReport.php
26 Feb 2015 13:20:39|1|admin@foresee.com|DailyCatchReport.php
26 Feb 2015 13:20:43|1|admin@foresee.com|DailyCatchReport.php
26 Feb 2015 13:20:43|1|admin@foresee.com|DailyCatchReport.php
26 Feb 2015 13:20:43|1|admin@foresee.com|DailyCatchReport.php
26 Feb 2015 13:21:05|1|admin@foresee.com|DailyCatchEntry_New.php
26 Feb 2015 13:21:15|1|admin@foresee.com|DailyCatchReport.php
26 Feb 2015 13:21:16|1|admin@foresee.com|DailyCatchReport.php
26 Feb 2015 13:21:16|1|admin@foresee.com|DailyCatchReport.php
26 Feb 2015 13:21:16|1|admin@foresee.com|DailyCatchReport.php
26 Feb 2015 13:21:30|1|admin@foresee.com|DailyCatchReport.php
26 Feb 2015 13:21:31|1|admin@foresee.com|DailyCatchReport.php
26 Feb 2015 13:21:32|1|admin@foresee.com|DailyCatchReport.php
26 Feb 2015 13:21:32|1|admin@foresee.com|DailyCatchReport.php
26 Feb 2015 13:21:38|1|admin@foresee.com|DailyCatchReport.php
26 Feb 2015 13:21:39|1|admin@foresee.com|DailyCatchReport.php
26 Feb 2015 13:21:39|1|admin@foresee.com|DailyCatchReport.php
26 Feb 2015 13:22:13|1|admin@foresee.com|DailyCatchReport.php
26 Feb 2015 13:22:14|1|admin@foresee.com|DailyCatchReport.php
26 Feb 2015 13:22:14|1|admin@foresee.com|DailyCatchReport.php
26 Feb 2015 13:23:25|1|admin@foresee.com|DailyCatchReport.php
26 Feb 2015 13:23:25|1|admin@foresee.com|DailyCatchReport.php
26 Feb 2015 13:23:25|1|admin@foresee.com|DailyCatchReport.php
26 Feb 2015 13:24:17|1|admin@foresee.com|DailyCatchReport.php
26 Feb 2015 13:24:17|1|admin@foresee.com|DailyCatchReport.php
26 Feb 2015 13:24:17|1|admin@foresee.com|DailyCatchReport.php
26 Feb 2015 13:25:24|1|admin@foresee.com|DailyCatchReport.php
26 Feb 2015 13:25:25|1|admin@foresee.com|DailyCatchReport.php
26 Feb 2015 13:25:25|1|admin@foresee.com|DailyCatchReport.php
26 Feb 2015 13:25:46|1|admin@foresee.com|DailyCatchReport.php
26 Feb 2015 13:25:46|1|admin@foresee.com|DailyCatchReport.php
26 Feb 2015 13:25:46|1|admin@foresee.com|DailyCatchReport.php
26 Feb 2015 13:26:02|1|admin@foresee.com|DailyCatchReport.php
26 Feb 2015 13:26:02|1|admin@foresee.com|DailyCatchReport.php
26 Feb 2015 13:26:02|1|admin@foresee.com|DailyCatchReport.php
26 Feb 2015 13:26:26|1|admin@foresee.com|DailyCatchReport.php
26 Feb 2015 13:26:26|1|admin@foresee.com|DailyCatchReport.php
26 Feb 2015 13:26:27|1|admin@foresee.com|DailyCatchReport.php
26 Feb 2015 13:26:27|1|admin@foresee.com|DailyCatchReport.php
26 Feb 2015 13:26:30|1|admin@foresee.com|DailyCatchReport.php
26 Feb 2015 13:26:31|1|admin@foresee.com|DailyCatchReport.php
26 Feb 2015 13:26:31|1|admin@foresee.com|DailyCatchReport.php
26 Feb 2015 13:26:45|1|admin@foresee.com|DailyCatchReport.php
26 Feb 2015 13:26:46|1|admin@foresee.com|DailyCatchReport.php
26 Feb 2015 13:26:47|1|admin@foresee.com|DailyCatchReport.php
26 Feb 2015 13:26:47|1|admin@foresee.com|DailyCatchReport.php
26 Feb 2015 13:26:59|1|admin@foresee.com|DailyCatchReport.php
26 Feb 2015 13:26:59|1|admin@foresee.com|DailyCatchReport.php
26 Feb 2015 13:26:59|1|admin@foresee.com|DailyCatchReport.php
26 Feb 2015 13:27:02|1|admin@foresee.com|DailyCatchReport.php
26 Feb 2015 13:27:03|1|admin@foresee.com|DailyCatchReport.php
26 Feb 2015 13:27:03|1|admin@foresee.com|DailyCatchReport.php
26 Feb 2015 13:27:13|1|admin@foresee.com|DailyCatchReport.php
26 Feb 2015 13:27:13|1|admin@foresee.com|DailyCatchReport.php
26 Feb 2015 13:27:13|1|admin@foresee.com|DailyCatchReport.php
26 Feb 2015 13:27:33|1|admin@foresee.com|DailyCatchReport.php
26 Feb 2015 13:27:34|1|admin@foresee.com|DailyCatchReport.php
26 Feb 2015 13:27:34|1|admin@foresee.com|DailyCatchReport.php
26 Feb 2015 13:27:40|1|admin@foresee.com|DailyCatchReport.php
26 Feb 2015 13:27:40|1|admin@foresee.com|DailyCatchReport.php
26 Feb 2015 13:27:43|1|admin@foresee.com|DailyCatchReport.php
26 Feb 2015 13:27:44|1|admin@foresee.com|DailyCatchReport.php
26 Feb 2015 13:27:51|1|admin@foresee.com|DailyCatchReport.php
26 Feb 2015 13:27:52|1|admin@foresee.com|DailyCatchReport.php
26 Feb 2015 13:27:55|1|admin@foresee.com|DailyCatchReport.php
26 Feb 2015 13:27:55|1|admin@foresee.com|DailyCatchReport.php
26 Feb 2015 13:27:58|1|admin@foresee.com|DailyCatchReport.php
26 Feb 2015 13:27:58|1|admin@foresee.com|DailyCatchReport.php
26 Feb 2015 13:28:00|1|admin@foresee.com|DailyCatchReport.php
26 Feb 2015 13:28:01|1|admin@foresee.com|DailyCatchReport.php
26 Feb 2015 13:28:03|1|admin@foresee.com|DailyCatchReport.php
26 Feb 2015 13:28:04|1|admin@foresee.com|DailyCatchReport.php
26 Feb 2015 13:28:05|1|admin@foresee.com|DailyCatchReport.php
26 Feb 2015 13:28:06|1|admin@foresee.com|DailyCatchReport.php
26 Feb 2015 13:28:21|1|admin@foresee.com|DailyCatchReport.php
26 Feb 2015 13:28:22|1|admin@foresee.com|DailyCatchReport.php
26 Feb 2015 13:28:26|1|admin@foresee.com|DailyCatchReport.php
26 Feb 2015 13:28:27|1|admin@foresee.com|DailyCatchReport.php
26 Feb 2015 14:33:46|1|admin@foresee.com|DailyCatchReport.php
26 Feb 2015 14:33:47|1|admin@foresee.com|DailyCatchReport.php
26 Feb 2015 14:33:59|1|admin@foresee.com|DailyCatchReport.php
26 Feb 2015 14:34:00|1|admin@foresee.com|DailyCatchReport.php
26 Feb 2015 14:35:20|1|admin@foresee.com|DailyCatchReport.php
26 Feb 2015 14:35:21|1|admin@foresee.com|DailyCatchReport.php
26 Feb 2015 14:35:42|1|admin@foresee.com|DailyCatchReport.php
26 Feb 2015 14:35:42|1|admin@foresee.com|DailyCatchReport.php
26 Feb 2015 14:35:47|1|admin@foresee.com|DailyCatchReport.php
26 Feb 2015 14:35:47|1|admin@foresee.com|DailyCatchReport.php
26 Feb 2015 14:39:10|1|admin@foresee.com|DailyCatchReport.php
26 Feb 2015 14:39:10|1|admin@foresee.com|DailyCatchReport.php
26 Feb 2015 14:39:15|1|admin@foresee.com|DailyCatchReport.php
26 Feb 2015 14:39:15|1|admin@foresee.com|DailyCatchReport.php
26 Feb 2015 14:39:20|1|admin@foresee.com|DailyCatchReport.php
26 Feb 2015 14:39:21|1|admin@foresee.com|DailyCatchReport.php
26 Feb 2015 14:41:01|1|admin@foresee.com|DailyCatchReport.php
26 Feb 2015 14:41:01|1|admin@foresee.com|DailyCatchReport.php
26 Feb 2015 14:53:06|1|admin@foresee.com|DailyCatchReport.php
26 Feb 2015 14:53:07|1|admin@foresee.com|DailyCatchReport.php
26 Feb 2015 14:53:51|1|admin@foresee.com|DailyCatchReport.php
26 Feb 2015 14:53:51|1|admin@foresee.com|DailyCatchReport.php
26 Feb 2015 14:53:53|1|admin@foresee.com|DailyCatchReport.php
26 Feb 2015 14:53:54|1|admin@foresee.com|DailyCatchReport.php
26 Feb 2015 15:02:29|1|admin@foresee.com|DailyCatchReport.php
26 Feb 2015 15:02:30|1|admin@foresee.com|DailyCatchReport.php
26 Feb 2015 15:02:42|1|admin@foresee.com|DailyCatchReport.php
26 Feb 2015 15:02:43|1|admin@foresee.com|DailyCatchReport.php
26 Feb 2015 15:02:48|1|admin@foresee.com|DailyCatchReport.php
26 Feb 2015 15:02:49|1|admin@foresee.com|DailyCatchReport.php
26 Feb 2015 15:03:37|1|admin@foresee.com|DailyCatchReport.php
26 Feb 2015 15:03:37|1|admin@foresee.com|DailyCatchReport.php
26 Feb 2015 15:03:51|1|admin@foresee.com|DailyCatchReport.php
26 Feb 2015 15:03:52|1|admin@foresee.com|DailyCatchReport.php
26 Feb 2015 15:04:04|1|admin@foresee.com|DailyCatchReport.php
26 Feb 2015 15:04:05|1|admin@foresee.com|DailyCatchReport.php
26 Feb 2015 15:04:23|1|admin@foresee.com|DailyCatchReport.php
26 Feb 2015 15:04:23|1|admin@foresee.com|DailyCatchReport.php
26 Feb 2015 15:04:26|1|admin@foresee.com|DailyCatchReport.php
26 Feb 2015 15:04:26|1|admin@foresee.com|DailyCatchReport.php
26 Feb 2015 15:04:30|1|admin@foresee.com|DailyCatchReport.php
26 Feb 2015 15:04:30|1|admin@foresee.com|DailyCatchReport.php
26 Feb 2015 15:04:51|1|admin@foresee.com|DailyCatchReport.php
26 Feb 2015 15:04:52|1|admin@foresee.com|DailyCatchReport.php
26 Feb 2015 15:05:13|1|admin@foresee.com|DailyCatchReport.php
26 Feb 2015 15:05:13|1|admin@foresee.com|DailyCatchReport.php
26 Feb 2015 15:05:30|1|admin@foresee.com|DailyCatchReport.php
26 Feb 2015 15:05:31|1|admin@foresee.com|DailyCatchReport.php
26 Feb 2015 15:06:49|1|admin@foresee.com|DailyCatchReport.php
26 Feb 2015 15:06:49|1|admin@foresee.com|DailyCatchReport.php
26 Feb 2015 15:07:57|1|admin@foresee.com|DailyCatchReport.php
26 Feb 2015 15:07:58|1|admin@foresee.com|DailyCatchReport.php