
28 Jul 2015 16:05:34|1|admin@foresee.com|IngredientSpex.php
28 Jul 2015 16:05:35|1|admin@foresee.com|SupplierIngredient.php
28 Jul 2015 16:05:35|1|admin@foresee.com|IngredientMainCategory.php
28 Jul 2015 16:05:37|1|admin@foresee.com|IngredientRateMaster.php
28 Jul 2015 16:05:42|1|admin@foresee.com|IngredientRateMaster.php
28 Jul 2015 16:05:49|1|admin@foresee.com|SupplierIngredient.php
28 Jul 2015 16:09:20|1|admin@foresee.com|IngredientSpex.php
28 Jul 2015 16:09:23|1|admin@foresee.com|IngredientMainCategory.php
28 Jul 2015 16:09:32|1|admin@foresee.com|SupplierIngredient.php
28 Jul 2015 16:09:49|1|admin@foresee.com|SupplierIngredient.php
28 Jul 2015 16:10:51|1|admin@foresee.com|IngredientSpex.php
28 Jul 2015 16:10:51|1|admin@foresee.com|IngredientSpex.php
28 Jul 2015 16:10:52|1|admin@foresee.com|IngredientMainCategory.php
28 Jul 2015 16:10:56|1|admin@foresee.com|IngredientRateMaster.php
28 Jul 2015 16:11:00|1|admin@foresee.com|IngredientRateMaster.php
28 Jul 2015 16:11:15|1|admin@foresee.com|IngredientSpex.php
28 Jul 2015 16:11:18|1|admin@foresee.com|IngredientMainCategory.php
28 Jul 2015 16:11:42|1|admin@foresee.com|IngredientSpex.php
28 Jul 2015 16:11:45|1|admin@foresee.com|IngredientMainCategory.php
28 Jul 2015 16:11:53|1|admin@foresee.com|SupplierIngredient.php
28 Jul 2015 16:12:07|1|admin@foresee.com|SupplierIngredient.php
28 Jul 2015 16:13:54|1|admin@foresee.com|IngredientSpex.php
28 Jul 2015 16:13:57|1|admin@foresee.com|IngredientMainCategory.php
28 Jul 2015 16:14:06|1|admin@foresee.com|SupplierIngredient.php
28 Jul 2015 16:14:21|1|admin@foresee.com|SupplierIngredient.php
28 Jul 2015 16:16:14|1|admin@foresee.com|IngredientSpex.php
28 Jul 2015 16:16:15|1|admin@foresee.com|IngredientMainCategory.php
28 Jul 2015 16:16:17|1|admin@foresee.com|IngredientRateMaster.php
28 Jul 2015 16:16:22|1|admin@foresee.com|IngredientRateMaster.php
28 Jul 2015 16:16:55|1|admin@foresee.com|IngredientSpex.php
28 Jul 2015 16:16:58|1|admin@foresee.com|IngredientMainCategory.php
28 Jul 2015 16:17:03|1|admin@foresee.com|SupplierIngredient.php
28 Jul 2015 16:17:20|1|admin@foresee.com|SupplierIngredient.php
28 Jul 2015 16:19:12|1|admin@foresee.com|IngredientSpex.php
28 Jul 2015 16:19:15|1|admin@foresee.com|IngredientMainCategory.php
28 Jul 2015 16:19:21|1|admin@foresee.com|SupplierIngredient.php
28 Jul 2015 16:19:36|1|admin@foresee.com|SupplierIngredient.php
28 Jul 2015 16:20:33|1|admin@foresee.com|IngredientSpex.php
28 Jul 2015 16:20:37|1|admin@foresee.com|IngredientMainCategory.php
28 Jul 2015 16:20:42|1|admin@foresee.com|SupplierIngredient.php
28 Jul 2015 16:20:57|1|admin@foresee.com|SupplierIngredient.php
28 Jul 2015 16:21:59|1|admin@foresee.com|IngredientSpex.php
28 Jul 2015 16:22:02|1|admin@foresee.com|IngredientMainCategory.php
28 Jul 2015 16:22:08|1|admin@foresee.com|SupplierIngredient.php
28 Jul 2015 16:22:23|1|admin@foresee.com|SupplierIngredient.php
28 Jul 2015 16:23:32|1|admin@foresee.com|IngredientSpex.php
28 Jul 2015 16:23:35|1|admin@foresee.com|IngredientMainCategory.php
28 Jul 2015 16:23:40|1|admin@foresee.com|SupplierIngredient.php
28 Jul 2015 16:23:52|1|admin@foresee.com|SupplierIngredient.php
28 Jul 2015 16:24:33|1|admin@foresee.com|IngredientSpex.php
28 Jul 2015 16:24:34|1|admin@foresee.com|IngredientMainCategory.php
28 Jul 2015 16:24:37|1|admin@foresee.com|IngredientRateMaster.php
28 Jul 2015 16:24:40|1|admin@foresee.com|IngredientRateMaster.php
28 Jul 2015 16:25:01|1|admin@foresee.com|IngredientSpex.php
28 Jul 2015 16:25:05|1|admin@foresee.com|IngredientMainCategory.php
28 Jul 2015 16:25:20|1|admin@foresee.com|IngredientSpex.php
28 Jul 2015 16:25:24|1|admin@foresee.com|IngredientMainCategory.php
28 Jul 2015 16:25:28|1|admin@foresee.com|SupplierIngredient.php
28 Jul 2015 16:25:42|1|admin@foresee.com|IngredientSpex.php
28 Jul 2015 16:25:42|1|admin@foresee.com|IngredientMainCategory.php
28 Jul 2015 16:25:44|1|admin@foresee.com|IngredientRateMaster.php
28 Jul 2015 16:25:45|1|admin@foresee.com|SupplierIngredient.php
28 Jul 2015 16:25:47|1|admin@foresee.com|IngredientRateMaster.php
28 Jul 2015 16:26:56|1|admin@foresee.com|IngredientSpex.php
28 Jul 2015 16:26:59|1|admin@foresee.com|IngredientMainCategory.php
28 Jul 2015 16:27:11|1|admin@foresee.com|SupplierIngredient.php
28 Jul 2015 16:27:24|1|admin@foresee.com|SupplierIngredient.php
28 Jul 2015 16:27:45|1|admin@foresee.com|IngredientSpex.php
28 Jul 2015 16:27:46|1|admin@foresee.com|IngredientMainCategory.php
28 Jul 2015 16:27:49|1|admin@foresee.com|IngredientRateMaster.php
28 Jul 2015 16:27:54|1|admin@foresee.com|IngredientRateMaster.php
28 Jul 2015 16:28:02|1|admin@foresee.com|IngredientSpex.php
28 Jul 2015 16:28:06|1|admin@foresee.com|IngredientMainCategory.php
28 Jul 2015 16:28:12|1|admin@foresee.com|SupplierIngredient.php
28 Jul 2015 16:28:27|1|admin@foresee.com|SupplierIngredient.php
28 Jul 2015 16:28:42|1|admin@foresee.com|IngredientSpex.php
28 Jul 2015 16:28:43|1|admin@foresee.com|IngredientMainCategory.php
28 Jul 2015 16:28:45|1|admin@foresee.com|IngredientRateMaster.php
28 Jul 2015 16:28:49|1|admin@foresee.com|IngredientRateMaster.php
28 Jul 2015 16:29:16|1|admin@foresee.com|IngredientSpex.php
28 Jul 2015 16:29:19|1|admin@foresee.com|IngredientMainCategory.php
28 Jul 2015 16:29:24|1|admin@foresee.com|SupplierIngredient.php
28 Jul 2015 16:29:38|1|admin@foresee.com|SupplierIngredient.php
28 Jul 2015 16:30:56|1|admin@foresee.com|IngredientSpex.php
28 Jul 2015 16:31:02|1|admin@foresee.com|IngredientMainCategory.php
28 Jul 2015 16:31:13|1|admin@foresee.com|SupplierIngredient.php
28 Jul 2015 16:31:21|1|admin@foresee.com|IngredientSpex.php
28 Jul 2015 16:31:22|1|admin@foresee.com|IngredientMainCategory.php
28 Jul 2015 16:31:23|1|admin@foresee.com|IngredientRateMaster.php
28 Jul 2015 16:31:27|1|admin@foresee.com|IngredientRateMaster.php
28 Jul 2015 16:31:30|1|admin@foresee.com|SupplierIngredient.php
28 Jul 2015 16:32:35|1|admin@foresee.com|IngredientSpex.php
28 Jul 2015 16:32:39|1|admin@foresee.com|IngredientMainCategory.php
28 Jul 2015 16:32:45|1|admin@foresee.com|SupplierIngredient.php
28 Jul 2015 16:33:01|1|admin@foresee.com|SupplierIngredient.php
28 Jul 2015 16:33:36|1|admin@foresee.com|IngredientSpex.php
28 Jul 2015 16:33:39|1|admin@foresee.com|IngredientSpex.php
28 Jul 2015 16:33:40|1|admin@foresee.com|IngredientMainCategory.php
28 Jul 2015 16:33:40|1|admin@foresee.com|IngredientMainCategory.php
28 Jul 2015 16:33:41|1|admin@foresee.com|IngredientRateMaster.php
28 Jul 2015 16:33:45|1|admin@foresee.com|IngredientRateMaster.php
28 Jul 2015 16:33:46|1|admin@foresee.com|SupplierIngredient.php
28 Jul 2015 16:34:08|1|admin@foresee.com|SupplierIngredient.php
28 Jul 2015 16:34:42|1|admin@foresee.com|IngredientSpex.php
28 Jul 2015 16:34:47|1|admin@foresee.com|IngredientMainCategory.php
28 Jul 2015 16:34:51|1|admin@foresee.com|SupplierIngredient.php
28 Jul 2015 16:35:06|1|admin@foresee.com|IngredientSpex.php
28 Jul 2015 16:35:07|1|admin@foresee.com|IngredientMainCategory.php
28 Jul 2015 16:35:10|1|admin@foresee.com|SupplierIngredient.php
28 Jul 2015 16:35:10|1|admin@foresee.com|IngredientRateMaster.php
28 Jul 2015 16:35:23|1|admin@foresee.com|IngredientRateMaster.php
28 Jul 2015 16:36:50|1|admin@foresee.com|IngredientSpex.php
28 Jul 2015 16:36:54|1|admin@foresee.com|IngredientMainCategory.php
28 Jul 2015 16:37:01|1|admin@foresee.com|SupplierIngredient.php
28 Jul 2015 16:37:12|1|admin@foresee.com|IngredientSpex.php
28 Jul 2015 16:37:13|1|admin@foresee.com|IngredientMainCategory.php
28 Jul 2015 16:37:17|1|admin@foresee.com|IngredientRateMaster.php
28 Jul 2015 16:37:23|1|admin@foresee.com|IngredientRateMaster.php
28 Jul 2015 16:37:37|1|admin@foresee.com|SupplierIngredient.php
28 Jul 2015 16:38:22|1|admin@foresee.com|IngredientSpex.php
28 Jul 2015 16:38:26|1|admin@foresee.com|IngredientMainCategory.php
28 Jul 2015 16:38:56|1|admin@foresee.com|SupplierIngredient.php
28 Jul 2015 16:39:23|1|admin@foresee.com|SupplierIngredient.php
28 Jul 2015 16:40:51|1|admin@foresee.com|IngredientSpex.php
28 Jul 2015 16:40:56|1|admin@foresee.com|IngredientMainCategory.php
28 Jul 2015 16:41:02|1|admin@foresee.com|SupplierIngredient.php
28 Jul 2015 16:41:18|1|admin@foresee.com|SupplierIngredient.php
28 Jul 2015 16:41:51|1|admin@foresee.com|IngredientSpex.php
28 Jul 2015 16:41:56|1|admin@foresee.com|IngredientMainCategory.php
28 Jul 2015 16:42:02|1|admin@foresee.com|SupplierIngredient.php
28 Jul 2015 16:42:21|1|admin@foresee.com|SupplierIngredient.php
28 Jul 2015 16:42:51|1|admin@foresee.com|IngredientSpex.php
28 Jul 2015 16:42:52|1|admin@foresee.com|IngredientMainCategory.php
28 Jul 2015 16:42:53|1|admin@foresee.com|IngredientRateMaster.php
28 Jul 2015 16:42:58|1|admin@foresee.com|IngredientRateMaster.php
28 Jul 2015 16:43:30|1|admin@foresee.com|IngredientSpex.php
28 Jul 2015 16:43:34|1|admin@foresee.com|IngredientMainCategory.php
28 Jul 2015 16:43:43|1|admin@foresee.com|SupplierIngredient.php
28 Jul 2015 16:44:02|1|admin@foresee.com|SupplierIngredient.php
28 Jul 2015 16:44:32|1|admin@foresee.com|IngredientSpex.php
28 Jul 2015 16:44:37|1|admin@foresee.com|IngredientMainCategory.php
28 Jul 2015 16:44:47|1|admin@foresee.com|SupplierIngredient.php
28 Jul 2015 16:45:06|1|admin@foresee.com|SupplierIngredient.php
28 Jul 2015 16:45:35|1|admin@foresee.com|IngredientSpex.php
28 Jul 2015 16:45:35|1|admin@foresee.com|IngredientMainCategory.php
28 Jul 2015 16:45:38|1|admin@foresee.com|IngredientRateMaster.php
28 Jul 2015 16:45:42|1|admin@foresee.com|IngredientRateMaster.php
28 Jul 2015 16:45:49|1|admin@foresee.com|IngredientSpex.php
28 Jul 2015 16:45:53|1|admin@foresee.com|IngredientMainCategory.php
28 Jul 2015 16:46:06|1|admin@foresee.com|SupplierIngredient.php
28 Jul 2015 16:46:25|1|admin@foresee.com|SupplierIngredient.php
28 Jul 2015 16:47:19|1|admin@foresee.com|IngredientSpex.php
28 Jul 2015 16:47:23|1|admin@foresee.com|IngredientMainCategory.php
28 Jul 2015 16:48:07|1|admin@foresee.com|IngredientSpex.php
28 Jul 2015 16:48:11|1|admin@foresee.com|IngredientMainCategory.php
28 Jul 2015 16:48:17|1|admin@foresee.com|SupplierIngredient.php
28 Jul 2015 16:48:41|1|admin@foresee.com|SupplierIngredient.php
28 Jul 2015 16:53:00|1|admin@foresee.com|IngredientSpex.php
28 Jul 2015 16:53:02|1|admin@foresee.com|IngredientSpex.php
28 Jul 2015 16:53:03|1|admin@foresee.com|IngredientMainCategory.php
28 Jul 2015 16:53:04|1|admin@foresee.com|IngredientMainCategory.php
28 Jul 2015 16:53:04|1|admin@foresee.com|IngredientRateMaster.php
28 Jul 2015 16:53:08|1|admin@foresee.com|IngredientRateMaster.php
28 Jul 2015 16:53:11|1|admin@foresee.com|SupplierIngredient.php
28 Jul 2015 16:53:29|1|admin@foresee.com|SupplierIngredient.php
28 Jul 2015 16:53:47|1|admin@foresee.com|IngredientSpex.php
28 Jul 2015 16:53:48|1|admin@foresee.com|IngredientMainCategory.php
28 Jul 2015 16:53:50|1|admin@foresee.com|IngredientRateMaster.php
28 Jul 2015 16:53:55|1|admin@foresee.com|IngredientRateMaster.php
28 Jul 2015 16:54:29|1|admin@foresee.com|IngredientSpex.php
28 Jul 2015 16:54:34|1|admin@foresee.com|IngredientMainCategory.php
28 Jul 2015 16:54:41|1|admin@foresee.com|SupplierIngredient.php
28 Jul 2015 16:54:59|1|admin@foresee.com|SupplierIngredient.php
28 Jul 2015 17:32:24|1|admin@foresee.com|IngredientSpex.php
28 Jul 2015 17:32:25|1|admin@foresee.com|IngredientMainCategory.php
28 Jul 2015 17:32:29|1|admin@foresee.com|IngredientRateMaster.php
28 Jul 2015 17:32:33|1|admin@foresee.com|IngredientRateMaster.php
28 Jul 2015 17:33:05|1|admin@foresee.com|IngredientSpex.php
28 Jul 2015 17:33:06|1|admin@foresee.com|IngredientMainCategory.php
28 Jul 2015 17:33:08|1|admin@foresee.com|IngredientRateMaster.php
28 Jul 2015 17:33:12|1|admin@foresee.com|IngredientRateMaster.php
28 Jul 2015 17:33:47|1|admin@foresee.com|IngredientSpex.php
28 Jul 2015 17:33:48|1|admin@foresee.com|IngredientMainCategory.php
28 Jul 2015 17:33:50|1|admin@foresee.com|IngredientRateMaster.php
28 Jul 2015 17:33:54|1|admin@foresee.com|IngredientRateMaster.php
28 Jul 2015 17:35:34|1|admin@foresee.com|IngredientSpex.php
28 Jul 2015 17:35:38|1|admin@foresee.com|IngredientMainCategory.php
28 Jul 2015 17:35:47|1|admin@foresee.com|SupplierIngredient.php
28 Jul 2015 17:36:06|1|admin@foresee.com|SupplierIngredient.php
28 Jul 2015 17:36:23|1|admin@foresee.com|SupplierIngredient.php
28 Jul 2015 17:38:15|1|admin@foresee.com|IngredientSpex.php
28 Jul 2015 17:38:19|1|admin@foresee.com|IngredientMainCategory.php
28 Jul 2015 17:38:29|1|admin@foresee.com|SupplierIngredient.php
28 Jul 2015 17:38:47|1|admin@foresee.com|SupplierIngredient.php
28 Jul 2015 17:39:08|1|admin@foresee.com|SupplierIngredient.php
28 Jul 2015 17:40:09|1|admin@foresee.com|IngredientSpex.php
28 Jul 2015 17:40:13|1|admin@foresee.com|IngredientMainCategory.php
28 Jul 2015 17:40:20|1|admin@foresee.com|SupplierIngredient.php
28 Jul 2015 17:40:37|1|admin@foresee.com|SupplierIngredient.php
28 Jul 2015 17:41:29|1|admin@foresee.com|SupplierIngredient.php
28 Jul 2015 17:41:35|1|admin@foresee.com|IngredientSpex.php
28 Jul 2015 17:41:39|1|admin@foresee.com|IngredientMainCategory.php
28 Jul 2015 17:41:44|1|admin@foresee.com|SupplierIngredient.php
28 Jul 2015 17:42:06|1|admin@foresee.com|SupplierIngredient.php
28 Jul 2015 17:45:41|1|admin@foresee.com|IngredientSpex.php
28 Jul 2015 17:45:46|1|admin@foresee.com|IngredientMainCategory.php
28 Jul 2015 17:45:55|1|admin@foresee.com|IngredientSpex.php
28 Jul 2015 17:46:01|1|admin@foresee.com|IngredientMainCategory.php
28 Jul 2015 17:46:12|1|admin@foresee.com|SupplierIngredient.php
28 Jul 2015 17:46:34|1|admin@foresee.com|SupplierIngredient.php
28 Jul 2015 17:48:46|1|admin@foresee.com|IngredientSpex.php
28 Jul 2015 17:48:47|1|admin@foresee.com|IngredientMainCategory.php
28 Jul 2015 17:48:51|1|admin@foresee.com|IngredientRateMaster.php
28 Jul 2015 17:48:55|1|admin@foresee.com|IngredientRateMaster.php
28 Jul 2015 17:49:00|1|admin@foresee.com|IngredientSpex.php
28 Jul 2015 17:49:04|1|admin@foresee.com|IngredientMainCategory.php
28 Jul 2015 17:49:12|1|admin@foresee.com|SupplierIngredient.php
28 Jul 2015 17:49:30|1|admin@foresee.com|SupplierIngredient.php
28 Jul 2015 17:50:31|1|admin@foresee.com|IngredientSpex.php
28 Jul 2015 17:50:36|1|admin@foresee.com|IngredientMainCategory.php
28 Jul 2015 17:50:49|1|admin@foresee.com|SupplierIngredient.php
28 Jul 2015 17:51:17|1|admin@foresee.com|SupplierIngredient.php
28 Jul 2015 17:56:38|1|admin@foresee.com|IngredientSpex.php
28 Jul 2015 17:56:43|1|admin@foresee.com|IngredientMainCategory.php
28 Jul 2015 17:56:50|1|admin@foresee.com|SupplierIngredient.php
28 Jul 2015 17:57:13|1|admin@foresee.com|IngredientSpex.php
28 Jul 2015 17:57:18|1|admin@foresee.com|IngredientMainCategory.php
28 Jul 2015 17:57:25|1|admin@foresee.com|SupplierIngredient.php
28 Jul 2015 17:58:06|1|admin@foresee.com|SupplierIngredient.php
28 Jul 2015 17:58:49|1|admin@foresee.com|SupplierIngredient.php
28 Jul 2015 17:58:52|1|admin@foresee.com|IngredientSpex.php
28 Jul 2015 17:58:56|1|admin@foresee.com|IngredientMainCategory.php
28 Jul 2015 17:59:07|1|admin@foresee.com|SupplierIngredient.php
28 Jul 2015 18:00:08|1|admin@foresee.com|IngredientSpex.php
28 Jul 2015 18:00:09|1|admin@foresee.com|IngredientMainCategory.php
28 Jul 2015 18:00:13|1|admin@foresee.com|IngredientRateMaster.php
28 Jul 2015 18:00:17|1|admin@foresee.com|IngredientRateMaster.php
28 Jul 2015 18:00:25|1|admin@foresee.com|SupplierIngredient.php
28 Jul 2015 18:00:37|1|admin@foresee.com|IngredientSpex.php
28 Jul 2015 18:00:38|1|admin@foresee.com|IngredientMainCategory.php
28 Jul 2015 18:00:39|1|admin@foresee.com|IngredientSpex.php
28 Jul 2015 18:00:40|1|admin@foresee.com|IngredientMainCategory.php
28 Jul 2015 18:00:41|1|admin@foresee.com|IngredientRateMaster.php
28 Jul 2015 18:00:45|1|admin@foresee.com|IngredientRateMaster.php
28 Jul 2015 18:02:26|1|admin@foresee.com|IngredientSpex.php
28 Jul 2015 18:02:31|1|admin@foresee.com|IngredientMainCategory.php
28 Jul 2015 18:02:36|1|admin@foresee.com|SupplierIngredient.php
28 Jul 2015 18:02:56|1|admin@foresee.com|SupplierIngredient.php
28 Jul 2015 18:03:19|1|admin@foresee.com|IngredientSpex.php
28 Jul 2015 18:03:20|1|admin@foresee.com|IngredientMainCategory.php
28 Jul 2015 18:03:21|1|admin@foresee.com|IngredientRateMaster.php
28 Jul 2015 18:03:25|1|admin@foresee.com|IngredientRateMaster.php
28 Jul 2015 18:03:53|1|admin@foresee.com|IngredientSpex.php
28 Jul 2015 18:03:54|1|admin@foresee.com|IngredientMainCategory.php
28 Jul 2015 18:03:55|1|admin@foresee.com|IngredientRateMaster.php
28 Jul 2015 18:03:59|1|admin@foresee.com|IngredientRateMaster.php
28 Jul 2015 18:04:40|1|admin@foresee.com|IngredientSpex.php
28 Jul 2015 18:04:44|1|admin@foresee.com|IngredientMainCategory.php
28 Jul 2015 18:05:06|1|admin@foresee.com|SupplierIngredient.php
28 Jul 2015 18:05:21|1|admin@foresee.com|SupplierIngredient.php
28 Jul 2015 18:09:22|1|admin@foresee.com|IngredientSpex.php
28 Jul 2015 18:09:26|1|admin@foresee.com|IngredientMainCategory.php
28 Jul 2015 18:09:31|1|admin@foresee.com|SupplierIngredient.php
28 Jul 2015 18:09:50|1|admin@foresee.com|SupplierIngredient.php
28 Jul 2015 18:09:59|1|admin@foresee.com|SupplierIngredient.php
28 Jul 2015 18:10:11|1|admin@foresee.com|IngredientSpex.php
28 Jul 2015 18:10:16|1|admin@foresee.com|IngredientMainCategory.php
28 Jul 2015 18:10:17|1|admin@foresee.com|IngredientSpex.php
28 Jul 2015 18:10:18|1|admin@foresee.com|IngredientMainCategory.php
28 Jul 2015 18:10:19|1|admin@foresee.com|IngredientRateMaster.php
28 Jul 2015 18:10:23|1|admin@foresee.com|SupplierIngredient.php
28 Jul 2015 18:10:25|1|admin@foresee.com|IngredientRateMaster.php
28 Jul 2015 18:10:33|1|admin@foresee.com|SupplierIngredient.php
28 Jul 2015 18:10:42|1|admin@foresee.com|SupplierIngredient.php
28 Jul 2015 18:11:38|1|admin@foresee.com|IngredientSpex.php
28 Jul 2015 18:11:43|1|admin@foresee.com|IngredientMainCategory.php
28 Jul 2015 18:11:47|1|admin@foresee.com|SupplierIngredient.php
28 Jul 2015 18:12:27|1|admin@foresee.com|IngredientSpex.php
28 Jul 2015 18:12:31|1|admin@foresee.com|IngredientMainCategory.php
28 Jul 2015 18:12:39|1|admin@foresee.com|SupplierIngredient.php
28 Jul 2015 18:13:11|1|admin@foresee.com|SupplierIngredient.php
28 Jul 2015 18:13:27|1|admin@foresee.com|IngredientSpex.php
28 Jul 2015 18:13:28|1|admin@foresee.com|IngredientMainCategory.php
28 Jul 2015 18:13:30|1|admin@foresee.com|IngredientRateMaster.php
28 Jul 2015 18:13:35|1|admin@foresee.com|IngredientRateMaster.php
28 Jul 2015 18:15:30|1|admin@foresee.com|IngredientSpex.php
28 Jul 2015 18:15:42|1|admin@foresee.com|IngredientMainCategory.php
28 Jul 2015 18:15:58|1|admin@foresee.com|SupplierIngredient.php
28 Jul 2015 18:16:19|1|admin@foresee.com|SupplierIngredient.php
28 Jul 2015 18:17:05|1|admin@foresee.com|IngredientSpex.php
28 Jul 2015 18:17:07|1|admin@foresee.com|IngredientMainCategory.php
28 Jul 2015 18:17:10|1|admin@foresee.com|IngredientRateMaster.php
28 Jul 2015 18:17:15|1|admin@foresee.com|IngredientRateMaster.php
28 Jul 2015 18:17:32|1|admin@foresee.com|IngredientSpex.php
28 Jul 2015 18:17:38|1|admin@foresee.com|IngredientMainCategory.php
28 Jul 2015 18:17:45|1|admin@foresee.com|SupplierIngredient.php
28 Jul 2015 18:18:00|1|admin@foresee.com|SupplierIngredient.php
28 Jul 2015 18:19:57|1|admin@foresee.com|IngredientSpex.php
28 Jul 2015 18:20:02|1|admin@foresee.com|IngredientMainCategory.php
28 Jul 2015 18:20:07|1|admin@foresee.com|IngredientSpex.php
28 Jul 2015 18:20:08|1|admin@foresee.com|IngredientMainCategory.php
28 Jul 2015 18:20:11|1|admin@foresee.com|SupplierIngredient.php
28 Jul 2015 18:20:12|1|admin@foresee.com|IngredientRateMaster.php
28 Jul 2015 18:20:18|1|admin@foresee.com|IngredientRateMaster.php
28 Jul 2015 18:20:36|1|admin@foresee.com|SupplierIngredient.php
28 Jul 2015 18:22:10|1|admin@foresee.com|IngredientSpex.php
28 Jul 2015 18:22:16|1|admin@foresee.com|IngredientMainCategory.php
28 Jul 2015 18:22:43|1|admin@foresee.com|SupplierIngredient.php
28 Jul 2015 18:23:08|1|admin@foresee.com|SupplierIngredient.php
28 Jul 2015 18:23:50|1|admin@foresee.com|IngredientSpex.php
28 Jul 2015 18:23:56|1|admin@foresee.com|IngredientMainCategory.php
28 Jul 2015 18:24:06|1|admin@foresee.com|SupplierIngredient.php
28 Jul 2015 18:24:46|1|admin@foresee.com|SupplierIngredient.php
28 Jul 2015 18:27:26|1|admin@foresee.com|IngredientSpex.php
28 Jul 2015 18:27:31|1|admin@foresee.com|IngredientMainCategory.php
28 Jul 2015 18:27:45|1|admin@foresee.com|SupplierIngredient.php
28 Jul 2015 18:28:05|1|admin@foresee.com|SupplierIngredient.php
28 Jul 2015 18:28:14|1|admin@foresee.com|IngredientSpex.php
28 Jul 2015 18:28:15|1|admin@foresee.com|IngredientMainCategory.php
28 Jul 2015 18:28:18|1|admin@foresee.com|IngredientRateMaster.php
28 Jul 2015 18:28:22|1|admin@foresee.com|IngredientRateMaster.php
28 Jul 2015 18:28:42|1|admin@foresee.com|IngredientSpex.php
28 Jul 2015 18:28:47|1|admin@foresee.com|IngredientMainCategory.php
28 Jul 2015 18:28:50|1|admin@foresee.com|IngredientSpex.php
28 Jul 2015 18:28:51|1|admin@foresee.com|IngredientMainCategory.php
28 Jul 2015 18:28:52|1|admin@foresee.com|SupplierIngredient.php
28 Jul 2015 18:29:02|1|admin@foresee.com|IngredientRateMaster.php
28 Jul 2015 18:29:10|1|admin@foresee.com|IngredientRateMaster.php
28 Jul 2015 18:29:17|1|admin@foresee.com|SupplierIngredient.php
28 Jul 2015 18:29:42|1|admin@foresee.com|IngredientSpex.php
28 Jul 2015 18:29:47|1|admin@foresee.com|IngredientMainCategory.php
28 Jul 2015 18:30:43|1|admin@foresee.com|SupplierIngredient.php
28 Jul 2015 18:31:46|1|admin@foresee.com|SupplierIngredient.php
28 Jul 2015 18:35:36|1|admin@foresee.com|IngredientSpex.php
28 Jul 2015 18:35:37|1|admin@foresee.com|IngredientMainCategory.php
28 Jul 2015 18:35:40|1|admin@foresee.com|IngredientRateMaster.php
29 Jul 2015 09:40:50|1|admin@foresee.com|Home.php
29 Jul 2015 09:42:33|1|admin@foresee.com|Home.php
29 Jul 2015 09:42:46|1|admin@foresee.com|IngredientSpex.php
29 Jul 2015 09:42:47|1|admin@foresee.com|IngredientMainCategory.php
29 Jul 2015 09:46:59|1|admin@foresee.com|SupplierIngredient.php
29 Jul 2015 09:47:09|1|admin@foresee.com|SupplierIngredient.php
29 Jul 2015 09:56:50|1|admin@foresee.com|SupplierIngredient.php
29 Jul 2015 09:56:59|1|admin@foresee.com|IngredientSpex.php
29 Jul 2015 09:56:59|1|admin@foresee.com|IngredientMainCategory.php
29 Jul 2015 09:57:02|1|admin@foresee.com|SupplierIngredient.php
29 Jul 2015 09:57:07|1|admin@foresee.com|SupplierIngredient.php
29 Jul 2015 10:06:13|1|admin@foresee.com|IngredientSpex.php
29 Jul 2015 10:06:14|1|admin@foresee.com|IngredientMainCategory.php
29 Jul 2015 10:06:16|1|admin@foresee.com|SupplierIngredient.php
29 Jul 2015 10:06:19|1|admin@foresee.com|SupplierIngredient.php
29 Jul 2015 10:06:45|1|admin@foresee.com|IngredientSpex.php
29 Jul 2015 10:06:45|1|admin@foresee.com|IngredientMainCategory.php
29 Jul 2015 10:06:46|1|admin@foresee.com|SupplierIngredient.php
29 Jul 2015 10:08:05|1|admin@foresee.com|Home.php
29 Jul 2015 10:08:15|1|admin@foresee.com|IngredientSpex.php
29 Jul 2015 10:08:17|1|admin@foresee.com|IngredientMainCategory.php
29 Jul 2015 10:08:35|1|admin@foresee.com|IngredientRateMaster.php
29 Jul 2015 10:10:52|1|admin@foresee.com|IngredientSpex.php
29 Jul 2015 10:10:52|1|admin@foresee.com|IngredientMainCategory.php
29 Jul 2015 10:10:54|1|admin@foresee.com|SupplierIngredient.php
29 Jul 2015 10:22:50|1|admin@foresee.com|IngredientSpex.php
29 Jul 2015 10:22:51|1|admin@foresee.com|IngredientMainCategory.php
29 Jul 2015 10:22:53|1|admin@foresee.com|SupplierIngredient.php
29 Jul 2015 10:23:21|1|admin@foresee.com|IngredientSpex.php
29 Jul 2015 10:23:21|1|admin@foresee.com|IngredientMainCategory.php
29 Jul 2015 10:23:23|1|admin@foresee.com|SupplierIngredient.php
29 Jul 2015 10:37:15|1|admin@foresee.com|IngredientSpex.php
29 Jul 2015 10:37:16|1|admin@foresee.com|IngredientMainCategory.php
29 Jul 2015 10:37:17|1|admin@foresee.com|SupplierIngredient.php
29 Jul 2015 10:38:21|1|admin@foresee.com|IngredientSpex.php
29 Jul 2015 10:38:22|1|admin@foresee.com|IngredientMainCategory.php
29 Jul 2015 10:38:23|1|admin@foresee.com|SupplierIngredient.php
29 Jul 2015 10:38:51|1|admin@foresee.com|IngredientSpex.php
29 Jul 2015 10:38:51|1|admin@foresee.com|IngredientMainCategory.php
29 Jul 2015 10:38:53|1|admin@foresee.com|SupplierIngredient.php
29 Jul 2015 10:39:08|1|admin@foresee.com|IngredientSpex.php
29 Jul 2015 10:39:08|1|admin@foresee.com|IngredientMainCategory.php
29 Jul 2015 10:39:10|1|admin@foresee.com|SupplierIngredient.php
29 Jul 2015 10:39:22|1|admin@foresee.com|IngredientSpex.php
29 Jul 2015 10:39:23|1|admin@foresee.com|IngredientMainCategory.php
29 Jul 2015 10:39:26|1|admin@foresee.com|SupplierIngredient.php
29 Jul 2015 10:39:44|1|admin@foresee.com|IngredientSpex.php
29 Jul 2015 10:39:44|1|admin@foresee.com|IngredientMainCategory.php
29 Jul 2015 10:39:48|1|admin@foresee.com|SupplierIngredient.php
29 Jul 2015 10:40:14|1|admin@foresee.com|IngredientSpex.php
29 Jul 2015 10:40:15|1|admin@foresee.com|IngredientMainCategory.php
29 Jul 2015 10:40:16|1|admin@foresee.com|SupplierIngredient.php
29 Jul 2015 10:44:03|1|admin@foresee.com|IngredientSpex.php
29 Jul 2015 10:44:04|1|admin@foresee.com|IngredientMainCategory.php
29 Jul 2015 10:44:05|1|admin@foresee.com|SupplierIngredient.php
29 Jul 2015 10:44:23|1|admin@foresee.com|IngredientSpex.php
29 Jul 2015 10:44:23|1|admin@foresee.com|IngredientMainCategory.php
29 Jul 2015 10:44:25|1|admin@foresee.com|SupplierIngredient.php
29 Jul 2015 10:44:51|1|admin@foresee.com|IngredientSpex.php
29 Jul 2015 10:44:52|1|admin@foresee.com|IngredientMainCategory.php
29 Jul 2015 10:44:53|1|admin@foresee.com|SupplierIngredient.php
29 Jul 2015 10:45:05|1|admin@foresee.com|IngredientSpex.php
29 Jul 2015 10:45:06|1|admin@foresee.com|IngredientMainCategory.php
29 Jul 2015 10:45:08|1|admin@foresee.com|SupplierIngredient.php
29 Jul 2015 10:50:25|1|admin@foresee.com|IngredientSpex.php
29 Jul 2015 10:50:26|1|admin@foresee.com|IngredientMainCategory.php
29 Jul 2015 10:50:27|1|admin@foresee.com|SupplierIngredient.php
29 Jul 2015 10:50:47|1|admin@foresee.com|IngredientSpex.php
29 Jul 2015 10:50:48|1|admin@foresee.com|IngredientMainCategory.php
29 Jul 2015 10:50:49|1|admin@foresee.com|SupplierIngredient.php
29 Jul 2015 10:51:06|1|admin@foresee.com|IngredientSpex.php
29 Jul 2015 10:51:07|1|admin@foresee.com|IngredientMainCategory.php
29 Jul 2015 10:51:09|1|admin@foresee.com|SupplierIngredient.php
29 Jul 2015 10:51:53|1|admin@foresee.com|IngredientSpex.php
29 Jul 2015 10:51:54|1|admin@foresee.com|IngredientMainCategory.php
29 Jul 2015 10:51:56|1|admin@foresee.com|SupplierIngredient.php
29 Jul 2015 10:58:25|1|admin@foresee.com|IngredientSpex.php
29 Jul 2015 10:58:26|1|admin@foresee.com|IngredientMainCategory.php
29 Jul 2015 10:58:27|1|admin@foresee.com|SupplierIngredient.php
29 Jul 2015 11:00:31|1|admin@foresee.com|IngredientSpex.php
29 Jul 2015 11:00:32|1|admin@foresee.com|IngredientMainCategory.php
29 Jul 2015 11:00:33|1|admin@foresee.com|SupplierIngredient.php
29 Jul 2015 11:00:51|1|admin@foresee.com|IngredientSpex.php
29 Jul 2015 11:00:52|1|admin@foresee.com|IngredientMainCategory.php
29 Jul 2015 11:00:54|1|admin@foresee.com|SupplierIngredient.php
29 Jul 2015 11:01:14|1|admin@foresee.com|IngredientSpex.php
29 Jul 2015 11:01:15|1|admin@foresee.com|IngredientMainCategory.php
29 Jul 2015 11:01:18|1|admin@foresee.com|SupplierIngredient.php
29 Jul 2015 11:15:00|1|admin@foresee.com|IngredientSpex.php
29 Jul 2015 11:15:01|1|admin@foresee.com|IngredientMainCategory.php
29 Jul 2015 11:15:03|1|admin@foresee.com|SupplierIngredient.php
29 Jul 2015 11:23:43|1|admin@foresee.com|IngredientSpex.php
29 Jul 2015 11:23:44|1|admin@foresee.com|IngredientMainCategory.php
29 Jul 2015 11:23:47|1|admin@foresee.com|SupplierIngredient.php
29 Jul 2015 11:27:03|1|admin@foresee.com|IngredientSpex.php
29 Jul 2015 11:27:04|1|admin@foresee.com|IngredientMainCategory.php
29 Jul 2015 11:27:19|1|admin@foresee.com|SupplierIngredient.php
29 Jul 2015 11:27:34|1|admin@foresee.com|IngredientSpex.php
29 Jul 2015 11:27:35|1|admin@foresee.com|IngredientMainCategory.php
29 Jul 2015 11:27:38|1|admin@foresee.com|SupplierIngredient.php
29 Jul 2015 11:27:55|1|admin@foresee.com|IngredientSpex.php
29 Jul 2015 11:27:56|1|admin@foresee.com|IngredientMainCategory.php
29 Jul 2015 11:27:59|1|admin@foresee.com|SupplierIngredient.php
29 Jul 2015 11:28:04|1|admin@foresee.com|SupplierIngredient.php
29 Jul 2015 11:28:10|1|admin@foresee.com|SupplierIngredient.php
29 Jul 2015 11:28:26|1|admin@foresee.com|SupplierIngredient.php
29 Jul 2015 11:28:55|1|admin@foresee.com|SupplierIngredient.php
29 Jul 2015 11:29:55|1|admin@foresee.com|IngredientSpex.php
29 Jul 2015 11:29:56|1|admin@foresee.com|IngredientMainCategory.php
29 Jul 2015 11:29:58|1|admin@foresee.com|SupplierIngredient.php
29 Jul 2015 11:30:04|1|admin@foresee.com|SupplierIngredient.php
29 Jul 2015 11:30:11|1|admin@foresee.com|SupplierIngredient.php
29 Jul 2015 11:30:26|1|admin@foresee.com|SupplierIngredient.php
29 Jul 2015 11:32:23|1|admin@foresee.com|IngredientSpex.php
29 Jul 2015 11:32:24|1|admin@foresee.com|IngredientMainCategory.php
29 Jul 2015 11:32:27|1|admin@foresee.com|SupplierIngredient.php
29 Jul 2015 11:33:33|1|admin@foresee.com|IngredientSpex.php
29 Jul 2015 11:33:34|1|admin@foresee.com|IngredientMainCategory.php
29 Jul 2015 11:33:38|1|admin@foresee.com|SupplierIngredient.php
29 Jul 2015 11:33:44|1|admin@foresee.com|SupplierIngredient.php
29 Jul 2015 11:33:51|1|admin@foresee.com|SupplierIngredient.php
29 Jul 2015 11:34:07|1|admin@foresee.com|SupplierIngredient.php
29 Jul 2015 11:34:23|1|admin@foresee.com|SupplierIngredient.php
29 Jul 2015 11:34:31|1|admin@foresee.com|SupplierIngredient.php
29 Jul 2015 11:34:41|1|admin@foresee.com|SupplierIngredient.php
29 Jul 2015 11:34:48|1|admin@foresee.com|SupplierIngredient.php
29 Jul 2015 11:34:56|1|admin@foresee.com|SupplierIngredient.php
29 Jul 2015 11:35:13|1|admin@foresee.com|SupplierIngredient.php
29 Jul 2015 11:36:21|1|admin@foresee.com|SupplierIngredient.php
29 Jul 2015 11:36:30|1|admin@foresee.com|SupplierIngredient.php
29 Jul 2015 11:36:58|1|admin@foresee.com|IngredientRateMaster.php
29 Jul 2015 11:36:58|1|admin@foresee.com|SupplierIngredient.php
29 Jul 2015 11:39:04|1|admin@foresee.com|IngredientRateMaster.php
29 Jul 2015 11:39:44|1|admin@foresee.com|SupplierIngredient.php
29 Jul 2015 11:39:54|1|admin@foresee.com|SupplierIngredient.php
29 Jul 2015 11:40:03|1|admin@foresee.com|SupplierIngredient.php
29 Jul 2015 11:40:27|1|admin@foresee.com|SupplierIngredient.php
29 Jul 2015 11:41:16|1|admin@foresee.com|SupplierIngredient.php
29 Jul 2015 11:41:24|1|admin@foresee.com|SupplierIngredient.php
29 Jul 2015 11:41:49|1|admin@foresee.com|SupplierIngredient.php
29 Jul 2015 11:42:06|1|admin@foresee.com|IngredientRateMaster.php
29 Jul 2015 11:42:47|1|admin@foresee.com|IngredientRateMaster.php
29 Jul 2015 11:44:58|1|admin@foresee.com|IngredientSpex.php
29 Jul 2015 11:44:59|1|admin@foresee.com|IngredientMainCategory.php
29 Jul 2015 11:45:01|1|admin@foresee.com|IngredientRateMaster.php
29 Jul 2015 11:45:02|1|admin@foresee.com|IngredientRateMaster.php
29 Jul 2015 11:45:10|1|admin@foresee.com|IngredientRateMaster.php
29 Jul 2015 11:45:25|1|admin@foresee.com|IngredientRateMaster.php
29 Jul 2015 11:58:14|1|admin@foresee.com|IngredientSpex.php
29 Jul 2015 11:58:15|1|admin@foresee.com|IngredientMainCategory.php
29 Jul 2015 11:58:36|1|admin@foresee.com|IngredientSpex.php
29 Jul 2015 11:58:38|1|admin@foresee.com|IngredientMainCategory.php
29 Jul 2015 11:58:47|1|admin@foresee.com|SupplierIngredient.php
29 Jul 2015 11:59:03|1|admin@foresee.com|SupplierIngredient.php
29 Jul 2015 11:59:22|1|admin@foresee.com|IngredientSpex.php
29 Jul 2015 11:59:25|1|admin@foresee.com|IngredientMainCategory.php
29 Jul 2015 11:59:28|1|admin@foresee.com|SupplierIngredient.php
29 Jul 2015 11:59:40|1|admin@foresee.com|SupplierIngredient.php
29 Jul 2015 11:59:59|1|admin@foresee.com|IngredientRateMaster.php
29 Jul 2015 12:00:01|1|admin@foresee.com|IngredientRateMaster.php
29 Jul 2015 12:00:09|1|admin@foresee.com|IngredientRateMaster.php
29 Jul 2015 12:00:19|1|admin@foresee.com|IngredientSpex.php
29 Jul 2015 12:00:22|1|admin@foresee.com|IngredientMainCategory.php
29 Jul 2015 12:00:25|1|admin@foresee.com|IngredientRateMaster.php
29 Jul 2015 12:00:27|1|admin@foresee.com|SupplierIngredient.php
29 Jul 2015 12:00:41|1|admin@foresee.com|SupplierIngredient.php
29 Jul 2015 12:01:37|1|admin@foresee.com|IngredientSpex.php
29 Jul 2015 12:01:39|1|admin@foresee.com|IngredientMainCategory.php
29 Jul 2015 12:01:43|1|admin@foresee.com|SupplierIngredient.php
29 Jul 2015 12:01:53|1|admin@foresee.com|SupplierIngredient.php
29 Jul 2015 12:02:23|1|admin@foresee.com|IngredientSpex.php
29 Jul 2015 12:02:25|1|admin@foresee.com|IngredientMainCategory.php
29 Jul 2015 12:02:37|1|admin@foresee.com|IngredientSpex.php
29 Jul 2015 12:02:40|1|admin@foresee.com|IngredientMainCategory.php
29 Jul 2015 12:02:44|1|admin@foresee.com|SupplierIngredient.php
29 Jul 2015 12:02:57|1|admin@foresee.com|SupplierIngredient.php
29 Jul 2015 12:04:28|1|admin@foresee.com|IngredientSpex.php
29 Jul 2015 12:04:29|1|admin@foresee.com|IngredientMainCategory.php
29 Jul 2015 12:04:31|1|admin@foresee.com|IngredientRateMaster.php
29 Jul 2015 12:04:33|1|admin@foresee.com|IngredientRateMaster.php
29 Jul 2015 12:04:41|1|admin@foresee.com|IngredientRateMaster.php
29 Jul 2015 12:04:59|1|admin@foresee.com|IngredientRateMaster.php
29 Jul 2015 12:14:50|1|admin@foresee.com|IngredientRateMaster.php
29 Jul 2015 12:15:05|1|admin@foresee.com|IngredientRateMaster.php
29 Jul 2015 12:15:23|1|admin@foresee.com|IngredientRateMaster.php
29 Jul 2015 12:17:17|1|admin@foresee.com|SupplierIngredient.php
29 Jul 2015 12:18:23|1|admin@foresee.com|IngredientSpex.php
29 Jul 2015 12:18:24|1|admin@foresee.com|IngredientMainCategory.php
29 Jul 2015 12:18:26|1|admin@foresee.com|IngredientRateMaster.php
29 Jul 2015 12:18:28|1|admin@foresee.com|IngredientRateMaster.php
29 Jul 2015 12:18:29|1|admin@foresee.com|IngredientSpex.php
29 Jul 2015 12:18:36|1|admin@foresee.com|IngredientMainCategory.php
29 Jul 2015 12:18:37|1|admin@foresee.com|IngredientRateMaster.php
29 Jul 2015 12:18:54|1|admin@foresee.com|IngredientRateMaster.php
29 Jul 2015 12:23:02|1|admin@foresee.com|SupplierIngredient.php
29 Jul 2015 12:23:14|1|admin@foresee.com|SupplierIngredient.php
29 Jul 2015 12:25:18|1|admin@foresee.com|IngredientSpex.php
29 Jul 2015 12:25:21|1|admin@foresee.com|IngredientMainCategory.php
29 Jul 2015 12:25:25|1|admin@foresee.com|SupplierIngredient.php
29 Jul 2015 12:25:36|1|admin@foresee.com|SupplierIngredient.php
29 Jul 2015 12:25:36|1|admin@foresee.com|IngredientSpex.php
29 Jul 2015 12:25:37|1|admin@foresee.com|IngredientMainCategory.php
29 Jul 2015 12:25:38|1|admin@foresee.com|IngredientRateMaster.php
29 Jul 2015 12:25:40|1|admin@foresee.com|IngredientRateMaster.php
29 Jul 2015 12:25:52|1|admin@foresee.com|IngredientRateMaster.php
29 Jul 2015 12:26:07|1|admin@foresee.com|IngredientRateMaster.php
29 Jul 2015 12:26:28|1|admin@foresee.com|IngredientSpex.php
29 Jul 2015 12:26:29|1|admin@foresee.com|IngredientMainCategory.php
29 Jul 2015 12:26:30|1|admin@foresee.com|IngredientMainCategory.php
29 Jul 2015 12:26:33|1|admin@foresee.com|IngredientRateMaster.php
29 Jul 2015 12:26:35|1|admin@foresee.com|IngredientRateMaster.php
29 Jul 2015 12:26:46|1|admin@foresee.com|IngredientRateMaster.php
29 Jul 2015 12:26:49|1|admin@foresee.com|IngredientSpex.php
29 Jul 2015 12:26:51|1|admin@foresee.com|IngredientMainCategory.php
29 Jul 2015 12:26:54|1|admin@foresee.com|SupplierIngredient.php
29 Jul 2015 12:26:58|1|admin@foresee.com|IngredientRateMaster.php
29 Jul 2015 12:27:10|1|admin@foresee.com|IngredientRateMaster.php
29 Jul 2015 12:27:12|1|admin@foresee.com|IngredientRateMaster.php
29 Jul 2015 12:27:13|1|admin@foresee.com|SupplierIngredient.php
29 Jul 2015 12:27:43|1|admin@foresee.com|IngredientRateMaster.php
29 Jul 2015 12:28:01|1|admin@foresee.com|IngredientRateMaster.php
29 Jul 2015 12:28:39|1|admin@foresee.com|IngredientRateMaster.php
29 Jul 2015 12:28:47|1|admin@foresee.com|IngredientRateMaster.php
29 Jul 2015 12:29:17|1|admin@foresee.com|IngredientRateMaster.php
29 Jul 2015 12:29:24|1|admin@foresee.com|IngredientSpex.php
29 Jul 2015 12:29:25|1|admin@foresee.com|IngredientMainCategory.php
29 Jul 2015 12:40:43|1|admin@foresee.com|IngredientRateMaster.php
29 Jul 2015 12:45:41|1|admin@foresee.com|IngredientRateMaster.php
29 Jul 2015 12:45:50|1|admin@foresee.com|IngredientRateMaster.php
29 Jul 2015 12:45:53|1|admin@foresee.com|IngredientRateMaster.php
29 Jul 2015 12:51:47|1|admin@foresee.com|SupplierStock.php
29 Jul 2015 13:00:00|1|admin@foresee.com|IngredientSpex.php
29 Jul 2015 13:00:01|1|admin@foresee.com|IngredientRateMaster.php
29 Jul 2015 13:00:13|1|admin@foresee.com|IngredientRateMaster.php
29 Jul 2015 13:00:23|1|admin@foresee.com|IngredientRateMaster.php
29 Jul 2015 13:10:28|1|admin@foresee.com|IngredientSpex.php
29 Jul 2015 13:10:29|1|admin@foresee.com|IngredientMainCategory.php
29 Jul 2015 13:15:20|1|admin@foresee.com|IngredientRateMaster.php
29 Jul 2015 13:15:31|1|admin@foresee.com|IngredientSpex.php
29 Jul 2015 13:15:31|1|admin@foresee.com|IngredientMainCategory.php
29 Jul 2015 13:15:42|1|admin@foresee.com|IngredientRateMaster.php
29 Jul 2015 13:15:46|1|admin@foresee.com|IngredientRateMaster.php
29 Jul 2015 13:15:55|1|admin@foresee.com|IngredientRateMaster.php
29 Jul 2015 13:15:56|1|admin@foresee.com|IngredientsMaster.php
29 Jul 2015 13:16:50|1|admin@foresee.com|IngredientRateMaster.php
29 Jul 2015 13:16:57|1|admin@foresee.com|IngredientRateMaster.php
29 Jul 2015 13:17:04|1|admin@foresee.com|IngredientRateMaster.php
29 Jul 2015 13:17:07|1|admin@foresee.com|IngredientRateMaster.php
29 Jul 2015 13:18:29|1|admin@foresee.com|IngredientRateMaster.php
29 Jul 2015 14:09:46|1|admin@foresee.com|IngredientSpex.php
29 Jul 2015 14:09:47|1|admin@foresee.com|IngredientMainCategory.php
29 Jul 2015 14:09:49|1|admin@foresee.com|IngredientRateMaster.php
29 Jul 2015 14:20:28|1|admin@foresee.com|IngredientRateMaster.php
29 Jul 2015 14:20:41|1|admin@foresee.com|IngredientRateMaster.php
29 Jul 2015 14:20:44|1|admin@foresee.com|IngredientRateMaster.php
29 Jul 2015 14:20:58|1|admin@foresee.com|IngredientRateMaster.php
29 Jul 2015 14:23:57|1|admin@foresee.com|IngredientSpex.php
29 Jul 2015 14:23:58|1|admin@foresee.com|IngredientMainCategory.php
29 Jul 2015 14:26:56|1|admin@foresee.com|IngredientMainCategory.php
29 Jul 2015 14:26:57|1|admin@foresee.com|IngredientRateMaster.php
29 Jul 2015 14:26:59|1|admin@foresee.com|IngredientRateMaster.php
29 Jul 2015 14:27:25|1|admin@foresee.com|IngredientRateMaster.php
29 Jul 2015 14:27:29|1|admin@foresee.com|IngredientRateMaster.php
29 Jul 2015 14:27:57|1|admin@foresee.com|IngredientRateMaster.php
29 Jul 2015 14:34:07|1|admin@foresee.com|IngredientSpex.php
29 Jul 2015 14:34:08|1|admin@foresee.com|IngredientMainCategory.php
29 Jul 2015 14:34:10|1|admin@foresee.com|IngredientRateMaster.php
29 Jul 2015 14:34:12|1|admin@foresee.com|IngredientRateMaster.php
29 Jul 2015 14:34:18|1|admin@foresee.com|IngredientRateMaster.php
29 Jul 2015 14:34:20|1|admin@foresee.com|IngredientRateMaster.php
29 Jul 2015 14:34:34|1|admin@foresee.com|IngredientRateMaster.php
29 Jul 2015 14:41:57|1|admin@foresee.com|IngredientSpex.php
29 Jul 2015 14:41:58|1|admin@foresee.com|IngredientMainCategory.php
29 Jul 2015 14:42:17|1|admin@foresee.com|IngredientRateMaster.php
29 Jul 2015 14:42:22|1|admin@foresee.com|IngredientRateMaster.php
29 Jul 2015 14:42:30|1|admin@foresee.com|IngredientRateMaster.php
29 Jul 2015 14:42:32|1|admin@foresee.com|IngredientRateMaster.php
29 Jul 2015 14:42:47|1|admin@foresee.com|IngredientRateMaster.php
29 Jul 2015 14:43:46|1|admin@foresee.com|IngredientRateMaster.php
29 Jul 2015 14:43:56|1|admin@foresee.com|IngredientRateMaster.php
29 Jul 2015 14:43:59|1|admin@foresee.com|IngredientRateMaster.php
29 Jul 2015 14:44:21|1|admin@foresee.com|IngredientRateMaster.php
29 Jul 2015 14:46:24|1|admin@foresee.com|IngredientSpex.php
29 Jul 2015 14:46:25|1|admin@foresee.com|IngredientMainCategory.php
29 Jul 2015 14:46:27|1|admin@foresee.com|IngredientRateMaster.php
29 Jul 2015 14:46:29|1|admin@foresee.com|IngredientRateMaster.php
29 Jul 2015 14:46:35|1|admin@foresee.com|IngredientRateMaster.php
29 Jul 2015 14:46:38|1|admin@foresee.com|IngredientRateMaster.php
29 Jul 2015 14:46:50|1|admin@foresee.com|IngredientSpex.php
29 Jul 2015 14:46:54|1|admin@foresee.com|IngredientMainCategory.php
29 Jul 2015 14:46:57|1|admin@foresee.com|SupplierIngredient.php
29 Jul 2015 14:47:09|1|admin@foresee.com|SupplierIngredient.php
29 Jul 2015 14:52:59|1|admin@foresee.com|IngredientSpex.php
29 Jul 2015 14:53:00|1|admin@foresee.com|IngredientMainCategory.php
29 Jul 2015 14:53:02|1|admin@foresee.com|IngredientMainCategory.php
29 Jul 2015 14:53:02|1|admin@foresee.com|IngredientRateMaster.php
29 Jul 2015 14:53:04|1|admin@foresee.com|IngredientRateMaster.php
29 Jul 2015 14:53:10|1|admin@foresee.com|IngredientRateMaster.php
29 Jul 2015 14:53:13|1|admin@foresee.com|IngredientRateMaster.php
29 Jul 2015 15:01:01|1|admin@foresee.com|IngredientSpex.php
29 Jul 2015 15:01:05|1|admin@foresee.com|IngredientMainCategory.php
29 Jul 2015 15:01:17|1|admin@foresee.com|SupplierIngredient.php
29 Jul 2015 15:01:30|1|admin@foresee.com|SupplierIngredient.php
29 Jul 2015 15:02:18|1|admin@foresee.com|IngredientSpex.php
29 Jul 2015 15:02:21|1|admin@foresee.com|IngredientMainCategory.php
29 Jul 2015 15:02:26|1|admin@foresee.com|SupplierIngredient.php
29 Jul 2015 15:02:43|1|admin@foresee.com|SupplierIngredient.php
29 Jul 2015 15:04:50|1|admin@foresee.com|IngredientSpex.php
29 Jul 2015 15:04:53|1|admin@foresee.com|IngredientMainCategory.php
29 Jul 2015 15:04:57|1|admin@foresee.com|SupplierIngredient.php
29 Jul 2015 15:05:15|1|admin@foresee.com|SupplierIngredient.php
29 Jul 2015 15:07:08|1|admin@foresee.com|IngredientSpex.php
29 Jul 2015 15:07:10|1|admin@foresee.com|IngredientMainCategory.php
29 Jul 2015 15:07:14|1|admin@foresee.com|SupplierIngredient.php
29 Jul 2015 15:08:32|1|admin@foresee.com|SupplierIngredient.php
29 Jul 2015 15:09:22|1|admin@foresee.com|IngredientSpex.php
29 Jul 2015 15:09:23|1|admin@foresee.com|IngredientMainCategory.php
29 Jul 2015 15:09:25|1|admin@foresee.com|IngredientMainCategory.php
29 Jul 2015 15:09:27|1|admin@foresee.com|IngredientRateMaster.php
29 Jul 2015 15:09:28|1|admin@foresee.com|IngredientRateMaster.php
29 Jul 2015 15:09:35|1|admin@foresee.com|IngredientRateMaster.php
29 Jul 2015 15:09:41|1|admin@foresee.com|IngredientRateMaster.php
29 Jul 2015 15:13:16|1|admin@foresee.com|IngredientSpex.php
29 Jul 2015 15:13:18|1|admin@foresee.com|IngredientMainCategory.php
29 Jul 2015 15:13:23|1|admin@foresee.com|SupplierIngredient.php
29 Jul 2015 15:13:39|1|admin@foresee.com|IngredientSpex.php
29 Jul 2015 15:13:40|1|admin@foresee.com|IngredientMainCategory.php
29 Jul 2015 15:13:41|1|admin@foresee.com|SupplierIngredient.php
29 Jul 2015 15:13:42|1|admin@foresee.com|IngredientRateMaster.php
29 Jul 2015 15:13:44|1|admin@foresee.com|IngredientRateMaster.php
29 Jul 2015 15:13:49|1|admin@foresee.com|IngredientRateMaster.php
29 Jul 2015 15:13:53|1|admin@foresee.com|IngredientRateMaster.php
29 Jul 2015 15:14:11|1|admin@foresee.com|IngredientSpex.php
29 Jul 2015 15:14:15|1|admin@foresee.com|IngredientMainCategory.php
29 Jul 2015 15:14:19|1|admin@foresee.com|SupplierIngredient.php
29 Jul 2015 15:14:34|1|admin@foresee.com|SupplierIngredient.php
29 Jul 2015 15:15:09|1|admin@foresee.com|SupplierIngredient.php
29 Jul 2015 15:15:18|1|admin@foresee.com|IngredientSpex.php
29 Jul 2015 15:15:19|1|admin@foresee.com|IngredientMainCategory.php
29 Jul 2015 15:15:26|1|admin@foresee.com|IngredientRateMaster.php
29 Jul 2015 15:15:29|1|admin@foresee.com|IngredientRateMaster.php
29 Jul 2015 15:15:45|1|admin@foresee.com|IngredientRateMaster.php
29 Jul 2015 15:15:48|1|admin@foresee.com|IngredientRateMaster.php
29 Jul 2015 15:16:03|1|admin@foresee.com|IngredientSpex.php
29 Jul 2015 15:16:07|1|admin@foresee.com|IngredientMainCategory.php
29 Jul 2015 15:16:12|1|admin@foresee.com|SupplierIngredient.php
29 Jul 2015 15:16:28|1|admin@foresee.com|SupplierIngredient.php
29 Jul 2015 15:17:44|1|admin@foresee.com|IngredientRateMaster.php
29 Jul 2015 15:18:56|1|admin@foresee.com|IngredientSpex.php
29 Jul 2015 15:18:58|1|admin@foresee.com|IngredientMainCategory.php
29 Jul 2015 15:19:03|1|admin@foresee.com|SupplierIngredient.php
29 Jul 2015 15:19:15|1|admin@foresee.com|SupplierIngredient.php
29 Jul 2015 15:19:36|1|admin@foresee.com|SupplierIngredient.php
29 Jul 2015 15:20:38|1|admin@foresee.com|IngredientSpex.php
29 Jul 2015 15:20:41|1|admin@foresee.com|IngredientMainCategory.php
29 Jul 2015 15:20:45|1|admin@foresee.com|SupplierIngredient.php
29 Jul 2015 15:24:37|1|admin@foresee.com|SupplierIngredient.php
29 Jul 2015 15:24:57|1|admin@foresee.com|SupplierIngredient.php
29 Jul 2015 15:26:11|1|admin@foresee.com|IngredientSpex.php
29 Jul 2015 15:26:15|1|admin@foresee.com|IngredientMainCategory.php
29 Jul 2015 15:26:18|1|admin@foresee.com|IngredientSpex.php
29 Jul 2015 15:26:19|1|admin@foresee.com|IngredientMainCategory.php
29 Jul 2015 15:26:25|1|admin@foresee.com|SupplierIngredient.php
29 Jul 2015 15:26:27|1|admin@foresee.com|IngredientRateMaster.php
29 Jul 2015 15:26:29|1|admin@foresee.com|IngredientRateMaster.php
29 Jul 2015 15:26:41|1|admin@foresee.com|IngredientRateMaster.php
29 Jul 2015 15:26:51|1|admin@foresee.com|SupplierIngredient.php
29 Jul 2015 15:27:03|1|admin@foresee.com|IngredientRateMaster.php
29 Jul 2015 15:27:10|1|admin@foresee.com|SupplierIngredient.php
29 Jul 2015 15:28:16|1|admin@foresee.com|IngredientRateMaster.php
29 Jul 2015 15:29:13|1|admin@foresee.com|IngredientSpex.php
29 Jul 2015 15:29:16|1|admin@foresee.com|IngredientMainCategory.php
29 Jul 2015 15:29:29|1|admin@foresee.com|IngredientSpex.php
29 Jul 2015 15:29:32|1|admin@foresee.com|IngredientMainCategory.php
29 Jul 2015 15:30:34|1|admin@foresee.com|SupplierIngredient.php
29 Jul 2015 15:30:50|1|admin@foresee.com|SupplierIngredient.php
29 Jul 2015 15:31:10|1|admin@foresee.com|SupplierIngredient.php
29 Jul 2015 15:32:04|1|admin@foresee.com|IngredientSpex.php
29 Jul 2015 15:32:08|1|admin@foresee.com|IngredientMainCategory.php
29 Jul 2015 15:32:13|1|admin@foresee.com|SupplierIngredient.php
29 Jul 2015 15:32:30|1|admin@foresee.com|SupplierIngredient.php
29 Jul 2015 15:32:54|1|admin@foresee.com|SupplierIngredient.php
29 Jul 2015 15:41:05|1|admin@foresee.com|IngredientSpex.php
29 Jul 2015 15:41:09|1|admin@foresee.com|IngredientMainCategory.php
29 Jul 2015 15:41:36|1|admin@foresee.com|SupplierIngredient.php
29 Jul 2015 15:42:10|1|admin@foresee.com|SupplierIngredient.php
29 Jul 2015 15:43:14|1|admin@foresee.com|SupplierIngredient.php
29 Jul 2015 15:45:49|1|admin@foresee.com|IngredientSpex.php
29 Jul 2015 15:45:52|1|admin@foresee.com|IngredientMainCategory.php
29 Jul 2015 15:46:00|1|admin@foresee.com|SupplierIngredient.php
29 Jul 2015 15:46:18|1|admin@foresee.com|SupplierIngredient.php
29 Jul 2015 15:46:40|1|admin@foresee.com|SupplierIngredient.php
29 Jul 2015 15:47:03|1|admin@foresee.com|IngredientSpex.php
29 Jul 2015 15:47:07|1|admin@foresee.com|IngredientMainCategory.php
29 Jul 2015 15:47:28|1|admin@foresee.com|SupplierIngredient.php
29 Jul 2015 15:47:50|1|admin@foresee.com|SupplierIngredient.php
29 Jul 2015 15:48:09|1|admin@foresee.com|SupplierIngredient.php
29 Jul 2015 15:48:58|1|admin@foresee.com|IngredientSpex.php
29 Jul 2015 15:48:58|1|admin@foresee.com|IngredientMainCategory.php
29 Jul 2015 15:49:03|1|admin@foresee.com|IngredientRateMaster.php
29 Jul 2015 15:49:44|1|admin@foresee.com|IngredientSpex.php
29 Jul 2015 15:49:48|1|admin@foresee.com|IngredientMainCategory.php
29 Jul 2015 15:50:57|1|admin@foresee.com|IngredientSpex.php
29 Jul 2015 15:50:58|1|admin@foresee.com|IngredientMainCategory.php
29 Jul 2015 15:51:00|1|admin@foresee.com|IngredientRateMaster.php
29 Jul 2015 15:51:02|1|admin@foresee.com|IngredientRateMaster.php
29 Jul 2015 15:51:08|1|admin@foresee.com|IngredientRateMaster.php
29 Jul 2015 15:51:11|1|admin@foresee.com|IngredientRateMaster.php
29 Jul 2015 15:51:26|1|admin@foresee.com|IngredientRateMaster.php
29 Jul 2015 15:51:33|1|admin@foresee.com|IngredientRateMaster.php
29 Jul 2015 15:51:36|1|admin@foresee.com|IngredientRateMaster.php
29 Jul 2015 15:51:41|1|admin@foresee.com|IngredientRateMaster.php
29 Jul 2015 15:51:44|1|admin@foresee.com|IngredientRateMaster.php
29 Jul 2015 15:51:58|1|admin@foresee.com|IngredientRateMaster.php
29 Jul 2015 15:52:04|1|admin@foresee.com|IngredientSpex.php
29 Jul 2015 15:52:09|1|admin@foresee.com|IngredientMainCategory.php
29 Jul 2015 15:52:17|1|admin@foresee.com|IngredientRateMaster.php
29 Jul 2015 15:52:18|1|admin@foresee.com|SupplierIngredient.php
29 Jul 2015 15:52:26|1|admin@foresee.com|IngredientRateMaster.php
29 Jul 2015 15:52:28|1|admin@foresee.com|IngredientRateMaster.php
29 Jul 2015 15:52:40|1|admin@foresee.com|IngredientRateMaster.php
29 Jul 2015 15:52:51|1|admin@foresee.com|IngredientSpex.php
29 Jul 2015 15:52:53|1|admin@foresee.com|IngredientRateMaster.php
29 Jul 2015 15:52:54|1|admin@foresee.com|IngredientMainCategory.php
29 Jul 2015 15:53:01|1|admin@foresee.com|SupplierIngredient.php
29 Jul 2015 15:57:04|1|admin@foresee.com|IngredientSpex.php
29 Jul 2015 15:57:05|1|admin@foresee.com|IngredientMainCategory.php
29 Jul 2015 15:57:06|1|admin@foresee.com|IngredientRateMaster.php
29 Jul 2015 15:58:14|1|admin@foresee.com|IngredientSpex.php
29 Jul 2015 15:58:18|1|admin@foresee.com|IngredientMainCategory.php
29 Jul 2015 15:58:42|1|admin@foresee.com|SupplierIngredient.php
29 Jul 2015 15:58:59|1|admin@foresee.com|SupplierIngredient.php
29 Jul 2015 15:59:24|1|admin@foresee.com|SupplierIngredient.php
29 Jul 2015 15:59:49|1|admin@foresee.com|SupplierIngredient.php
29 Jul 2015 16:00:13|1|admin@foresee.com|SupplierIngredient.php
29 Jul 2015 16:01:01|1|admin@foresee.com|SupplierIngredient.php
29 Jul 2015 16:01:18|1|admin@foresee.com|SupplierIngredient.php
29 Jul 2015 16:03:05|1|admin@foresee.com|IngredientSpex.php
29 Jul 2015 16:03:09|1|admin@foresee.com|IngredientMainCategory.php
29 Jul 2015 16:03:15|1|admin@foresee.com|SupplierIngredient.php
29 Jul 2015 16:03:49|1|admin@foresee.com|SupplierIngredient.php
29 Jul 2015 16:05:23|1|admin@foresee.com|IngredientSpex.php
29 Jul 2015 16:05:28|1|admin@foresee.com|IngredientMainCategory.php
29 Jul 2015 16:05:47|1|admin@foresee.com|SupplierIngredient.php
29 Jul 2015 16:08:54|1|admin@foresee.com|SupplierIngredient.php
29 Jul 2015 16:09:11|1|admin@foresee.com|SupplierIngredient.php
29 Jul 2015 16:09:35|1|admin@foresee.com|SupplierIngredient.php
29 Jul 2015 16:15:16|1|admin@foresee.com|SupplierIngredient.php
29 Jul 2015 16:16:00|1|admin@foresee.com|SupplierIngredient.php
29 Jul 2015 16:16:48|1|admin@foresee.com|SupplierIngredient.php
29 Jul 2015 16:17:11|1|admin@foresee.com|SupplierIngredient.php
29 Jul 2015 16:17:27|1|admin@foresee.com|IngredientSpex.php
29 Jul 2015 16:17:31|1|admin@foresee.com|IngredientMainCategory.php
29 Jul 2015 16:17:40|1|admin@foresee.com|SupplierIngredient.php
29 Jul 2015 16:17:59|1|admin@foresee.com|SupplierIngredient.php
29 Jul 2015 16:18:25|1|admin@foresee.com|IngredientSpex.php
29 Jul 2015 16:18:28|1|admin@foresee.com|IngredientMainCategory.php
29 Jul 2015 16:18:37|1|admin@foresee.com|SupplierIngredient.php
29 Jul 2015 16:18:55|1|admin@foresee.com|SupplierIngredient.php