
7 Apr 2015 14:28:31|1|admin@foresee.com|RMReceiptGatePass.php
7 Apr 2015 14:28:59|1|admin@foresee.com|RMReceiptGatePass.php
7 Apr 2015 14:29:05|1|admin@foresee.com|RMReceiptGatePass.php
7 Apr 2015 14:29:08|1|admin@foresee.com|RMReceiptGatePass.php
7 Apr 2015 14:29:09|1|admin@foresee.com|RMReceiptGatePass.php
7 Apr 2015 14:29:09|1|admin@foresee.com|RMReceiptGatePass.php
7 Apr 2015 14:29:09|1|admin@foresee.com|RMReceiptGatePass.php
7 Apr 2015 14:29:09|1|admin@foresee.com|RMReceiptGatePass.php
7 Apr 2015 14:29:09|1|admin@foresee.com|RMReceiptGatePass.php
7 Apr 2015 14:30:40|1|admin@foresee.com|RMReceiptGatePass.php
7 Apr 2015 14:30:41|1|admin@foresee.com|RMReceiptGatePass.php
7 Apr 2015 14:30:41|1|admin@foresee.com|RMReceiptGatePass.php
7 Apr 2015 14:30:41|1|admin@foresee.com|RMReceiptGatePass.php
7 Apr 2015 14:30:41|1|admin@foresee.com|RMReceiptGatePass.php
7 Apr 2015 14:30:41|1|admin@foresee.com|RMReceiptGatePass.php
7 Apr 2015 14:33:52|1|admin@foresee.com|RMReceiptGatePass.php
7 Apr 2015 14:33:53|1|admin@foresee.com|RMReceiptGatePass.php
7 Apr 2015 14:33:53|1|admin@foresee.com|RMReceiptGatePass.php
7 Apr 2015 14:33:53|1|admin@foresee.com|RMReceiptGatePass.php
7 Apr 2015 14:33:54|1|admin@foresee.com|RMReceiptGatePass.php
7 Apr 2015 14:33:54|1|admin@foresee.com|RMReceiptGatePass.php
7 Apr 2015 14:35:37|1|admin@foresee.com|RMReceiptGatePass.php
7 Apr 2015 14:35:38|1|admin@foresee.com|RMReceiptGatePass.php
7 Apr 2015 14:35:38|1|admin@foresee.com|RMReceiptGatePass.php
7 Apr 2015 14:35:38|1|admin@foresee.com|RMReceiptGatePass.php
7 Apr 2015 14:35:38|1|admin@foresee.com|RMReceiptGatePass.php
7 Apr 2015 14:35:38|1|admin@foresee.com|RMReceiptGatePass.php
7 Apr 2015 14:38:17|1|admin@foresee.com|RMReceiptGatePass.php
7 Apr 2015 14:38:18|1|admin@foresee.com|RMReceiptGatePass.php
7 Apr 2015 14:38:18|1|admin@foresee.com|RMReceiptGatePass.php
7 Apr 2015 14:38:18|1|admin@foresee.com|RMReceiptGatePass.php
7 Apr 2015 14:38:18|1|admin@foresee.com|RMReceiptGatePass.php
7 Apr 2015 14:38:18|1|admin@foresee.com|RMReceiptGatePass.php
7 Apr 2015 14:42:38|1|admin@foresee.com|RMReceiptGatePass.php
7 Apr 2015 14:42:39|1|admin@foresee.com|RMReceiptGatePass.php
7 Apr 2015 14:42:39|1|admin@foresee.com|RMReceiptGatePass.php
7 Apr 2015 14:42:39|1|admin@foresee.com|RMReceiptGatePass.php
7 Apr 2015 14:42:39|1|admin@foresee.com|RMReceiptGatePass.php
7 Apr 2015 14:42:39|1|admin@foresee.com|RMReceiptGatePass.php
7 Apr 2015 14:42:55|1|admin@foresee.com|RMReceiptGatePass.php
7 Apr 2015 14:42:55|1|admin@foresee.com|RMReceiptGatePass.php
7 Apr 2015 14:42:56|1|admin@foresee.com|RMReceiptGatePass.php
7 Apr 2015 14:42:56|1|admin@foresee.com|RMReceiptGatePass.php
7 Apr 2015 14:42:56|1|admin@foresee.com|RMReceiptGatePass.php
7 Apr 2015 14:42:56|1|admin@foresee.com|RMReceiptGatePass.php
7 Apr 2015 14:44:50|1|admin@foresee.com|RMReceiptGatePass.php
7 Apr 2015 14:44:50|1|admin@foresee.com|RMReceiptGatePass.php
7 Apr 2015 14:44:50|1|admin@foresee.com|RMReceiptGatePass.php
7 Apr 2015 14:44:51|1|admin@foresee.com|RMReceiptGatePass.php
7 Apr 2015 14:44:51|1|admin@foresee.com|RMReceiptGatePass.php
7 Apr 2015 14:44:51|1|admin@foresee.com|RMReceiptGatePass.php
7 Apr 2015 14:51:36|1|admin@foresee.com|RMReceiptGatePass.php
7 Apr 2015 14:51:37|1|admin@foresee.com|RMReceiptGatePass.php
7 Apr 2015 14:51:37|1|admin@foresee.com|RMReceiptGatePass.php
7 Apr 2015 14:51:37|1|admin@foresee.com|RMReceiptGatePass.php
7 Apr 2015 14:51:37|1|admin@foresee.com|RMReceiptGatePass.php
7 Apr 2015 14:51:37|1|admin@foresee.com|RMReceiptGatePass.php
7 Apr 2015 14:51:54|1|admin@foresee.com|RMReceiptGatePass.php
7 Apr 2015 14:52:03|1|admin@foresee.com|ManageRMLOTID.php
7 Apr 2015 14:57:27|1|admin@foresee.com|ManageRMLOTID.php
7 Apr 2015 15:00:03|1|admin@foresee.com|ManageRMLOTID.php
7 Apr 2015 15:00:48|1|admin@foresee.com|ManageRMLOTID.php
7 Apr 2015 15:00:48|1|admin@foresee.com|ManageRMLOTID.php
7 Apr 2015 15:00:49|1|admin@foresee.com|ManageRMLOTID.php
7 Apr 2015 15:00:51|1|admin@foresee.com|ManageRMLOTID.php
7 Apr 2015 15:00:53|1|admin@foresee.com|ManageRMLOTID.php
7 Apr 2015 15:01:21|1|admin@foresee.com|ManageRMLOTID.php
7 Apr 2015 15:01:25|1|admin@foresee.com|ManageRMLOTID.php
7 Apr 2015 15:01:26|1|admin@foresee.com|ManageRMLOTID.php
7 Apr 2015 15:01:32|1|admin@foresee.com|WeighmentDataSheet.php
7 Apr 2015 15:01:48|1|admin@foresee.com|ManageRMLOTID.php
7 Apr 2015 15:01:50|1|admin@foresee.com|ManageRMLOTID.php
7 Apr 2015 15:01:56|1|admin@foresee.com|ManageRMLOTID.php
7 Apr 2015 15:01:58|1|admin@foresee.com|ManageRMLOTID.php
7 Apr 2015 15:01:58|1|admin@foresee.com|ManageRMLOTID.php
7 Apr 2015 15:04:10|1|admin@foresee.com|ManageRMLOTID.php
7 Apr 2015 15:04:15|1|admin@foresee.com|ManageRMLOTID.php
7 Apr 2015 15:04:17|1|admin@foresee.com|ManageRMLOTID.php
7 Apr 2015 15:04:55|1|admin@foresee.com|ManageRMLOTID.php
7 Apr 2015 15:04:58|1|admin@foresee.com|ManageRMLOTID.php
7 Apr 2015 15:04:59|1|admin@foresee.com|ManageRMLOTID.php
7 Apr 2015 15:05:00|1|admin@foresee.com|ManageRMLOTID.php
7 Apr 2015 15:05:58|1|admin@foresee.com|ManageRMLOTID.php
7 Apr 2015 15:06:02|1|admin@foresee.com|ManageRMLOTID.php
7 Apr 2015 15:06:04|1|admin@foresee.com|ManageRMLOTID.php
7 Apr 2015 15:08:02|1|admin@foresee.com|ManageRMLOTID.php
7 Apr 2015 15:08:05|1|admin@foresee.com|ManageRMLOTID.php
7 Apr 2015 15:08:07|1|admin@foresee.com|ManageRMLOTID.php
7 Apr 2015 15:08:07|1|admin@foresee.com|ManageRMLOTID.php
7 Apr 2015 15:11:58|1|admin@foresee.com|ManageRMLOTID.php
7 Apr 2015 15:12:00|1|admin@foresee.com|ManageRMLOTID.php
7 Apr 2015 15:12:02|1|admin@foresee.com|ManageRMLOTID.php
7 Apr 2015 15:12:02|1|admin@foresee.com|ManageRMLOTID.php
7 Apr 2015 15:14:32|1|admin@foresee.com|ManageRMLOTID.php
7 Apr 2015 15:14:36|1|admin@foresee.com|ManageRMLOTID.php
7 Apr 2015 15:14:38|1|admin@foresee.com|ManageRMLOTID.php
7 Apr 2015 15:14:38|1|admin@foresee.com|ManageRMLOTID.php
7 Apr 2015 15:16:46|1|admin@foresee.com|ManageRMLOTID.php
7 Apr 2015 15:16:50|1|admin@foresee.com|ManageRMLOTID.php
7 Apr 2015 15:16:51|1|admin@foresee.com|ManageRMLOTID.php
7 Apr 2015 15:16:52|1|admin@foresee.com|ManageRMLOTID.php
7 Apr 2015 15:21:38|1|admin@foresee.com|ManageRMLOTID.php
7 Apr 2015 15:21:42|1|admin@foresee.com|ManageRMLOTID.php
7 Apr 2015 15:21:45|1|admin@foresee.com|ManageRMLOTID.php
7 Apr 2015 15:21:45|1|admin@foresee.com|ManageRMLOTID.php
7 Apr 2015 15:21:49|1|admin@foresee.com|ManageRMLOTID.php
7 Apr 2015 15:21:52|1|admin@foresee.com|ManageRMLOTID.php
7 Apr 2015 15:21:54|1|admin@foresee.com|ManageRMLOTID.php
7 Apr 2015 15:22:01|1|admin@foresee.com|ManageRMLOTID.php
7 Apr 2015 15:22:03|1|admin@foresee.com|ManageRMLOTID.php
7 Apr 2015 15:22:06|1|admin@foresee.com|ManageRMLOTID.php
7 Apr 2015 15:30:42|1|admin@foresee.com|ManageRMLOTID.php
7 Apr 2015 15:31:17|1|admin@foresee.com|ManageRMLOTID.php
7 Apr 2015 15:31:38|1|admin@foresee.com|ManageRMLOTID.php
7 Apr 2015 15:31:44|1|admin@foresee.com|ManageRMLOTID.php
7 Apr 2015 15:32:00|1|admin@foresee.com|ManageRMLOTID.php
7 Apr 2015 15:32:13|1|admin@foresee.com|ManageRMLOTID.php
7 Apr 2015 15:36:54|1|admin@foresee.com|ManageRMLOTID.php
7 Apr 2015 15:38:25|1|admin@foresee.com|ManageRMLOTID.php
7 Apr 2015 15:40:20|1|admin@foresee.com|ManageRMLOTID.php
7 Apr 2015 15:44:35|1|admin@foresee.com|ManageRMLOTID.php
7 Apr 2015 15:45:02|1|admin@foresee.com|ManageRMLOTID.php
7 Apr 2015 15:45:21|1|admin@foresee.com|ManageRMLOTID.php
7 Apr 2015 15:46:55|1|admin@foresee.com|ManageRMLOTID.php
7 Apr 2015 15:51:18|1|admin@foresee.com|ManageRMLOTID.php
7 Apr 2015 15:55:16|1|admin@foresee.com|ManageRMLOTID.php
7 Apr 2015 15:55:19|1|admin@foresee.com|ManageRMLOTID.php
7 Apr 2015 15:55:31|1|admin@foresee.com|ManageRMLOTID.php
7 Apr 2015 15:55:35|1|admin@foresee.com|ManageRMLOTID.php
7 Apr 2015 15:55:56|1|admin@foresee.com|ManageRMLOTID.php
7 Apr 2015 15:55:57|1|admin@foresee.com|ManageRMLOTID.php
7 Apr 2015 15:58:08|1|admin@foresee.com|ManageRMLOTID.php
7 Apr 2015 16:01:13|1|admin@foresee.com|ManageRMLOTID.php
7 Apr 2015 16:01:17|1|admin@foresee.com|ManageRMLOTID.php
7 Apr 2015 16:01:56|1|admin@foresee.com|ManageRMLOTID.php
7 Apr 2015 16:02:21|1|admin@foresee.com|ManageRMLOTID.php
7 Apr 2015 16:03:40|1|admin@foresee.com|ManageRMLOTID.php
7 Apr 2015 16:05:12|1|admin@foresee.com|ManageRMLOTID.php
7 Apr 2015 16:05:39|1|admin@foresee.com|ManageRMLOTID.php
7 Apr 2015 16:05:55|1|admin@foresee.com|ManageRMLOTID.php
7 Apr 2015 16:07:51|1|admin@foresee.com|ManageRMLOTID.php
7 Apr 2015 16:08:49|1|admin@foresee.com|ManageRMLOTID.php
7 Apr 2015 16:09:33|1|admin@foresee.com|ManageRMLOTID.php
7 Apr 2015 16:09:57|1|admin@foresee.com|ManageRMLOTID.php
7 Apr 2015 16:10:02|1|admin@foresee.com|ManageRMLOTID.php
7 Apr 2015 16:10:08|1|admin@foresee.com|ManageRMLOTID.php
7 Apr 2015 16:10:11|1|admin@foresee.com|ManageRMLOTID.php
7 Apr 2015 16:10:19|1|admin@foresee.com|ManageRMLOTID.php
7 Apr 2015 16:10:23|1|admin@foresee.com|ManageRMLOTID.php
7 Apr 2015 16:10:24|1|admin@foresee.com|ManageRMLOTID.php
7 Apr 2015 16:10:25|1|admin@foresee.com|ManageRMLOTID.php
7 Apr 2015 16:10:28|1|admin@foresee.com|ManageRMLOTID.php
7 Apr 2015 16:10:45|1|admin@foresee.com|ManageRMLOTID.php
7 Apr 2015 16:12:30|1|admin@foresee.com|WeighmentDataSheet.php
7 Apr 2015 16:12:36|1|admin@foresee.com|WeighmentDataSheet.php
7 Apr 2015 16:12:39|1|admin@foresee.com|WeighmentDataSheet.php
7 Apr 2015 16:12:43|1|admin@foresee.com|WeighmentDataSheet.php
7 Apr 2015 16:13:17|1|admin@foresee.com|WeighmentDataSheet.php
7 Apr 2015 16:13:49|1|admin@foresee.com|ManageRMLOTID.php
7 Apr 2015 16:13:52|1|admin@foresee.com|ManageRMLOTID.php
7 Apr 2015 16:13:54|1|admin@foresee.com|ManageRMLOTID.php
7 Apr 2015 16:13:58|1|admin@foresee.com|WeighmentDataSheet.php
7 Apr 2015 16:14:02|1|admin@foresee.com|WeighmentDataSheet.php
7 Apr 2015 16:14:04|1|admin@foresee.com|WeighmentDataSheet.php
7 Apr 2015 16:14:08|1|admin@foresee.com|WeighmentDataSheet.php
7 Apr 2015 16:14:26|1|admin@foresee.com|WeighmentDataSheet.php
7 Apr 2015 16:14:47|1|admin@foresee.com|PhtMonitoring.php
7 Apr 2015 16:14:54|1|admin@foresee.com|PhtMonitoring.php
7 Apr 2015 16:15:03|1|admin@foresee.com|PhtMonitoring.php
7 Apr 2015 16:15:15|1|admin@foresee.com|PHTCertificate.php
7 Apr 2015 16:15:35|1|admin@foresee.com|SupplierAccount.php
7 Apr 2015 16:15:55|1|admin@foresee.com|SupplierAccount.php
7 Apr 2015 16:15:57|1|admin@foresee.com|SupplierAccount.php
7 Apr 2015 16:16:00|1|admin@foresee.com|SupplierAccount.php
7 Apr 2015 16:16:03|1|admin@foresee.com|SupplierAccount.php
7 Apr 2015 16:16:10|1|admin@foresee.com|SupplierAccount.php
7 Apr 2015 16:16:13|1|admin@foresee.com|SupplierAccount.php
7 Apr 2015 16:16:16|1|admin@foresee.com|SupplierAccount.php
7 Apr 2015 16:16:30|1|admin@foresee.com|SupplierAccount.php
7 Apr 2015 16:17:52|1|admin@foresee.com|SettlementSummary.php
7 Apr 2015 16:18:01|1|admin@foresee.com|SettlementSummary.php
7 Apr 2015 16:18:10|1|admin@foresee.com|DailyCatchEntry_New.php
7 Apr 2015 16:18:13|1|admin@foresee.com|DailyCatchEntry_New.php
7 Apr 2015 16:18:14|1|admin@foresee.com|DailyCatchEntry_New.php
7 Apr 2015 16:18:14|1|admin@foresee.com|DailyCatchEntry_New.php
7 Apr 2015 16:18:14|1|admin@foresee.com|DailyCatchEntry_New.php
7 Apr 2015 16:18:14|1|admin@foresee.com|DailyCatchEntry_New.php
7 Apr 2015 16:18:14|1|admin@foresee.com|CatchEntryDeclaredItem.php
7 Apr 2015 16:18:15|1|admin@foresee.com|DailyCatchEntry_New.php
7 Apr 2015 16:18:57|1|admin@foresee.com|DailyCatchEntry_New.php
7 Apr 2015 16:18:59|1|admin@foresee.com|DailyCatchEntry_New.php
7 Apr 2015 16:18:59|1|admin@foresee.com|DailyCatchEntry_New.php
7 Apr 2015 16:19:01|1|admin@foresee.com|DailyCatchEntry_New.php
7 Apr 2015 16:19:01|1|admin@foresee.com|DailyCatchEntry_New.php
7 Apr 2015 16:19:01|1|admin@foresee.com|DailyCatchEntry_New.php
7 Apr 2015 16:19:02|1|admin@foresee.com|DailyCatchEntry_New.php
7 Apr 2015 16:19:02|1|admin@foresee.com|DailyCatchEntry_New.php
7 Apr 2015 16:19:02|1|admin@foresee.com|DailyCatchEntry_New.php
7 Apr 2015 16:19:02|1|admin@foresee.com|CatchEntryDeclaredItem.php
7 Apr 2015 16:19:50|1|admin@foresee.com|DailyCatchEntry_New.php
7 Apr 2015 16:20:08|1|admin@foresee.com|DailyPreProcess.php
7 Apr 2015 16:20:14|1|admin@foresee.com|DailyPreProcess.php
7 Apr 2015 16:20:34|1|admin@foresee.com|DailyPreProcess.php
7 Apr 2015 16:20:35|1|admin@foresee.com|DailyPreProcess.php
7 Apr 2015 16:20:42|1|admin@foresee.com|ProcessorsAccounts.php
7 Apr 2015 16:20:48|1|admin@foresee.com|ProcessorsPayments.php
7 Apr 2015 16:20:52|1|admin@foresee.com|ProcessorSettlementSummary.php
7 Apr 2015 16:21:11|1|admin@foresee.com|DailyFrozenPacking.php
7 Apr 2015 16:21:54|1|admin@foresee.com|FrozenPackingQuickEntryList.php
7 Apr 2015 16:22:25|1|admin@foresee.com|FrozenPackingQuickEntryList.php
7 Apr 2015 16:22:32|1|admin@foresee.com|DailyRMCB.php
7 Apr 2015 16:22:36|1|admin@foresee.com|DailyRMCB.php
7 Apr 2015 16:22:47|1|admin@foresee.com|FrznPkgAccounts.php
7 Apr 2015 16:22:51|1|admin@foresee.com|DailyIceUsage.php
7 Apr 2015 16:22:59|1|admin@foresee.com|FPStkReportGroupList.php
7 Apr 2015 16:23:03|1|admin@foresee.com|FrozenStockAllocation.php
7 Apr 2015 16:23:10|1|admin@foresee.com|DailyFrozenReGlazing.php
7 Apr 2015 16:23:14|1|admin@foresee.com|OrderProcessing.php
7 Apr 2015 16:23:14|1|admin@foresee.com|DailyCatchEntry_New.php
7 Apr 2015 16:23:31|1|admin@foresee.com|DailyFrozenReGlazing.php
7 Apr 2015 16:23:36|1|admin@foresee.com|OrderProcessing.php
7 Apr 2015 16:23:41|1|admin@foresee.com|Container.php
7 Apr 2015 16:23:43|1|admin@foresee.com|Container.php
7 Apr 2015 16:23:44|1|admin@foresee.com|Container.php
7 Apr 2015 16:23:51|1|admin@foresee.com|PurchaseOrders.php
7 Apr 2015 16:23:55|1|admin@foresee.com|PurchaseOrders.php
7 Apr 2015 16:23:56|1|admin@foresee.com|PurchaseOrders.php
7 Apr 2015 16:24:10|1|admin@foresee.com|PurchaseOrders.php
7 Apr 2015 16:24:25|1|admin@foresee.com|StockRequisition.php
7 Apr 2015 16:24:37|1|admin@foresee.com|StockRequisition.php
7 Apr 2015 16:24:44|1|admin@foresee.com|StockRequisition.php
7 Apr 2015 16:24:46|1|admin@foresee.com|StockRequisition.php
7 Apr 2015 16:24:57|1|admin@foresee.com|PurchaseOrderInventory.php
7 Apr 2015 16:25:17|1|admin@foresee.com|GoodsReceipt.php
7 Apr 2015 16:25:21|1|admin@foresee.com|StockAllocation.php
7 Apr 2015 16:25:33|1|admin@foresee.com|StockIssuance.php
7 Apr 2015 16:25:39|1|admin@foresee.com|StockReturn.php
7 Apr 2015 16:25:42|1|admin@foresee.com|StockTransfer.php
7 Apr 2015 16:28:01|1|admin@foresee.com|DailyCatchEntry_New.php
7 Apr 2015 16:28:07|1|admin@foresee.com|DailyCatchEntry_New.php
7 Apr 2015 16:28:11|1|admin@foresee.com|DailyCatchEntry_New.php
7 Apr 2015 16:28:14|1|admin@foresee.com|DailyCatchEntry_New.php
7 Apr 2015 16:28:21|1|admin@foresee.com|DailyCatchEntry_New.php
7 Apr 2015 16:28:26|1|admin@foresee.com|DailyCatchEntry_New.php
7 Apr 2015 16:28:28|1|admin@foresee.com|DailyCatchEntry_New.php
7 Apr 2015 16:28:28|1|admin@foresee.com|DailyCatchEntry_New.php
7 Apr 2015 16:28:29|1|admin@foresee.com|DailyCatchEntry_New.php
7 Apr 2015 16:28:29|1|admin@foresee.com|DailyCatchEntry_New.php
7 Apr 2015 16:28:29|1|admin@foresee.com|DailyCatchEntry_New.php
7 Apr 2015 16:28:29|1|admin@foresee.com|DailyCatchEntry_New.php
7 Apr 2015 16:28:29|1|admin@foresee.com|DailyCatchEntry_New.php
7 Apr 2015 16:28:30|1|admin@foresee.com|DailyCatchEntry_New.php
7 Apr 2015 16:28:30|1|admin@foresee.com|CatchEntryDeclaredItem.php
7 Apr 2015 16:28:48|1|admin@foresee.com|DailyCatchEntry_New.php
7 Apr 2015 16:33:14|1|admin@foresee.com|DailyCatchEntry_New.php
7 Apr 2015 16:38:15|1|admin@foresee.com|DailyCatchEntry_New.php
7 Apr 2015 16:43:15|1|admin@foresee.com|DailyCatchEntry_New.php
7 Apr 2015 16:48:15|1|admin@foresee.com|DailyCatchEntry_New.php
7 Apr 2015 16:53:15|1|admin@foresee.com|DailyCatchEntry_New.php
7 Apr 2015 16:58:16|1|admin@foresee.com|DailyCatchEntry_New.php
7 Apr 2015 17:03:16|1|admin@foresee.com|DailyCatchEntry_New.php
7 Apr 2015 17:08:16|1|admin@foresee.com|DailyCatchEntry_New.php
7 Apr 2015 17:10:03|1|admin@foresee.com|DailyCatchEntry_New.php
7 Apr 2015 17:10:04|1|admin@foresee.com|DailyCatchEntry_New.php
7 Apr 2015 17:10:04|1|admin@foresee.com|DailyCatchEntry_New.php
7 Apr 2015 17:10:04|1|admin@foresee.com|DailyCatchEntry_New.php
7 Apr 2015 17:10:04|1|admin@foresee.com|DailyCatchEntry_New.php
7 Apr 2015 17:10:05|1|admin@foresee.com|CatchEntryDeclaredItem.php
7 Apr 2015 17:10:05|1|admin@foresee.com|DailyCatchEntry_New.php
7 Apr 2015 17:15:04|1|admin@foresee.com|DailyCatchEntry_New.php
7 Apr 2015 17:16:01|1|admin@foresee.com|DailyCatchEntry_New.php
7 Apr 2015 17:16:02|1|admin@foresee.com|DailyCatchEntry_New.php
7 Apr 2015 17:16:02|1|admin@foresee.com|DailyCatchEntry_New.php
7 Apr 2015 17:16:02|1|admin@foresee.com|DailyCatchEntry_New.php
7 Apr 2015 17:16:02|1|admin@foresee.com|CatchEntryDeclaredItem.php
7 Apr 2015 17:16:02|1|admin@foresee.com|DailyCatchEntry_New.php
7 Apr 2015 17:16:03|1|admin@foresee.com|DailyCatchEntry_New.php
7 Apr 2015 17:17:25|1|admin@foresee.com|DailyCatchEntry_New.php
7 Apr 2015 17:17:26|1|admin@foresee.com|DailyCatchEntry_New.php
7 Apr 2015 17:17:26|1|admin@foresee.com|DailyCatchEntry_New.php
7 Apr 2015 17:17:26|1|admin@foresee.com|DailyCatchEntry_New.php
7 Apr 2015 17:17:26|1|admin@foresee.com|DailyCatchEntry_New.php
7 Apr 2015 17:17:26|1|admin@foresee.com|CatchEntryDeclaredItem.php
7 Apr 2015 17:17:26|1|admin@foresee.com|DailyCatchEntry_New.php
7 Apr 2015 17:17:39|1|admin@foresee.com|DailyCatchEntry_New.php
7 Apr 2015 17:17:40|1|admin@foresee.com|DailyCatchEntry_New.php
7 Apr 2015 17:17:40|1|admin@foresee.com|DailyCatchEntry_New.php
7 Apr 2015 17:17:40|1|admin@foresee.com|DailyCatchEntry_New.php
7 Apr 2015 17:17:41|1|admin@foresee.com|CatchEntryDeclaredItem.php
7 Apr 2015 17:17:41|1|admin@foresee.com|DailyCatchEntry_New.php
7 Apr 2015 17:17:41|1|admin@foresee.com|DailyCatchEntry_New.php
7 Apr 2015 17:18:22|1|admin@foresee.com|DailyCatchEntry_New.php
7 Apr 2015 17:18:23|1|admin@foresee.com|DailyCatchEntry_New.php
7 Apr 2015 17:18:23|1|admin@foresee.com|DailyCatchEntry_New.php
7 Apr 2015 17:18:24|1|admin@foresee.com|DailyCatchEntry_New.php
7 Apr 2015 17:18:24|1|admin@foresee.com|DailyCatchEntry_New.php
7 Apr 2015 17:18:24|1|admin@foresee.com|CatchEntryDeclaredItem.php
7 Apr 2015 17:18:24|1|admin@foresee.com|DailyCatchEntry_New.php
7 Apr 2015 17:23:23|1|admin@foresee.com|DailyCatchEntry_New.php
7 Apr 2015 17:50:32|1|admin@foresee.com|DailyCatchEntry_New.php
7 Apr 2015 17:50:33|1|admin@foresee.com|DailyCatchEntry_New.php
7 Apr 2015 17:50:34|1|admin@foresee.com|DailyCatchEntry_New.php
7 Apr 2015 17:50:34|1|admin@foresee.com|DailyCatchEntry_New.php
7 Apr 2015 17:50:34|1|admin@foresee.com|DailyCatchEntry_New.php
7 Apr 2015 17:50:34|1|admin@foresee.com|CatchEntryDeclaredItem.php
7 Apr 2015 17:50:34|1|admin@foresee.com|DailyCatchEntry_New.php
7 Apr 2015 17:51:54|1|admin@foresee.com|DailyCatchEntry_New.php
7 Apr 2015 17:51:55|1|admin@foresee.com|DailyCatchEntry_New.php
7 Apr 2015 17:51:55|1|admin@foresee.com|DailyCatchEntry_New.php
7 Apr 2015 17:51:55|1|admin@foresee.com|DailyCatchEntry_New.php
7 Apr 2015 17:51:55|1|admin@foresee.com|DailyCatchEntry_New.php
7 Apr 2015 17:51:55|1|admin@foresee.com|CatchEntryDeclaredItem.php
7 Apr 2015 17:51:56|1|admin@foresee.com|DailyCatchEntry_New.php
7 Apr 2015 17:52:18|1|admin@foresee.com|DailyCatchEntry_New.php
7 Apr 2015 17:52:18|1|admin@foresee.com|DailyCatchEntry_New.php
7 Apr 2015 17:52:21|1|admin@foresee.com|DailyCatchEntry_New.php
7 Apr 2015 17:52:21|1|admin@foresee.com|DailyCatchEntry_New.php
7 Apr 2015 17:52:31|1|admin@foresee.com|DailyCatchEntry_New.php
7 Apr 2015 17:52:31|1|admin@foresee.com|DailyCatchEntry_New.php
7 Apr 2015 17:52:33|1|admin@foresee.com|DailyCatchEntry_New.php
7 Apr 2015 17:52:33|1|admin@foresee.com|DailyCatchEntry_New.php
7 Apr 2015 17:52:36|1|admin@foresee.com|DailyCatchEntry_New.php
7 Apr 2015 17:52:36|1|admin@foresee.com|DailyCatchEntry_New.php
7 Apr 2015 17:52:38|1|admin@foresee.com|DailyCatchEntry_New.php
7 Apr 2015 17:52:38|1|admin@foresee.com|DailyCatchEntry_New.php
7 Apr 2015 17:52:40|1|admin@foresee.com|DailyCatchEntry_New.php
7 Apr 2015 17:52:40|1|admin@foresee.com|DailyCatchEntry_New.php
7 Apr 2015 17:53:03|1|admin@foresee.com|DailyCatchEntry_New.php
7 Apr 2015 17:53:03|1|admin@foresee.com|DailyCatchEntry_New.php
7 Apr 2015 17:53:06|1|admin@foresee.com|DailyCatchEntry_New.php
7 Apr 2015 17:53:06|1|admin@foresee.com|DailyCatchEntry_New.php
7 Apr 2015 17:53:08|1|admin@foresee.com|DailyCatchEntry_New.php
7 Apr 2015 17:53:08|1|admin@foresee.com|DailyCatchEntry_New.php
7 Apr 2015 17:53:10|1|admin@foresee.com|DailyCatchEntry_New.php
7 Apr 2015 17:53:10|1|admin@foresee.com|DailyCatchEntry_New.php
7 Apr 2015 17:53:21|1|admin@foresee.com|ManageChallan.php
7 Apr 2015 17:53:45|1|admin@foresee.com|ManageChallan.php
7 Apr 2015 17:56:55|1|admin@foresee.com|DailyCatchEntry_New.php
7 Apr 2015 17:56:56|1|admin@foresee.com|DailyCatchEntry_New.php
7 Apr 2015 17:56:57|1|admin@foresee.com|DailyCatchEntry_New.php
7 Apr 2015 17:56:57|1|admin@foresee.com|DailyCatchEntry_New.php
7 Apr 2015 17:56:57|1|admin@foresee.com|DailyCatchEntry_New.php
7 Apr 2015 17:56:57|1|admin@foresee.com|CatchEntryDeclaredItem.php
7 Apr 2015 17:56:58|1|admin@foresee.com|DailyCatchEntry_New.php
7 Apr 2015 17:56:58|1|admin@foresee.com|DailyCatchEntry_New.php
7 Apr 2015 17:57:02|1|admin@foresee.com|DailyCatchEntry_New.php
7 Apr 2015 17:57:03|1|admin@foresee.com|DailyCatchEntry_New.php
7 Apr 2015 17:57:03|1|admin@foresee.com|DailyCatchEntry_New.php
7 Apr 2015 17:57:23|1|admin@foresee.com|DailyCatchEntry_New.php
7 Apr 2015 17:57:24|1|admin@foresee.com|DailyCatchEntry_New.php
7 Apr 2015 17:57:24|1|admin@foresee.com|DailyCatchEntry_New.php
7 Apr 2015 17:57:24|1|admin@foresee.com|CatchEntryDeclaredItem.php
7 Apr 2015 17:57:24|1|admin@foresee.com|DailyCatchEntry_New.php
7 Apr 2015 17:57:24|1|admin@foresee.com|DailyCatchEntry_New.php
7 Apr 2015 17:57:25|1|admin@foresee.com|DailyCatchEntry_New.php
7 Apr 2015 17:58:01|1|admin@foresee.com|DailyCatchEntry_New.php
7 Apr 2015 17:58:02|1|admin@foresee.com|DailyCatchEntry_New.php
7 Apr 2015 17:58:02|1|admin@foresee.com|DailyCatchEntry_New.php
7 Apr 2015 17:58:02|1|admin@foresee.com|CatchEntryDeclaredItem.php
7 Apr 2015 17:58:02|1|admin@foresee.com|DailyCatchEntry_New.php
7 Apr 2015 17:58:02|1|admin@foresee.com|DailyCatchEntry_New.php
7 Apr 2015 17:58:02|1|admin@foresee.com|DailyCatchEntry_New.php
7 Apr 2015 17:58:05|1|admin@foresee.com|DailyCatchEntry_New.php
7 Apr 2015 17:58:07|1|admin@foresee.com|DailyCatchEntry_New.php
7 Apr 2015 17:58:07|1|admin@foresee.com|DailyCatchEntry_New.php
7 Apr 2015 17:58:07|1|admin@foresee.com|DailyCatchEntry_New.php
7 Apr 2015 17:58:07|1|admin@foresee.com|DailyCatchEntry_New.php
7 Apr 2015 17:58:07|1|admin@foresee.com|CatchEntryDeclaredItem.php
7 Apr 2015 17:58:07|1|admin@foresee.com|DailyCatchEntry_New.php
7 Apr 2015 17:58:10|1|admin@foresee.com|DailyCatchEntry_New.php
7 Apr 2015 17:58:11|1|admin@foresee.com|DailyCatchEntry_New.php
7 Apr 2015 17:58:11|1|admin@foresee.com|DailyCatchEntry_New.php
7 Apr 2015 17:58:47|1|admin@foresee.com|DailyCatchEntry_New.php
7 Apr 2015 17:58:49|1|admin@foresee.com|DailyCatchEntry_New.php
7 Apr 2015 17:58:50|1|admin@foresee.com|DailyCatchEntry_New.php
7 Apr 2015 17:58:50|1|admin@foresee.com|DailyCatchEntry_New.php
7 Apr 2015 17:58:50|1|admin@foresee.com|DailyCatchEntry_New.php
7 Apr 2015 17:58:51|1|admin@foresee.com|DailyCatchEntry_New.php
7 Apr 2015 17:58:51|1|admin@foresee.com|CatchEntryDeclaredItem.php
7 Apr 2015 17:58:51|1|admin@foresee.com|DailyCatchEntry_New.php
7 Apr 2015 17:59:41|1|admin@foresee.com|DailyCatchEntry_New.php
7 Apr 2015 17:59:42|1|admin@foresee.com|DailyCatchEntry_New.php
7 Apr 2015 17:59:42|1|admin@foresee.com|DailyCatchEntry_New.php
7 Apr 2015 17:59:42|1|admin@foresee.com|DailyCatchEntry_New.php
7 Apr 2015 17:59:42|1|admin@foresee.com|CatchEntryDeclaredItem.php
7 Apr 2015 17:59:42|1|admin@foresee.com|DailyCatchEntry_New.php
7 Apr 2015 17:59:43|1|admin@foresee.com|DailyCatchEntry_New.php
7 Apr 2015 17:59:45|1|admin@foresee.com|DailyCatchEntry_New.php
7 Apr 2015 17:59:45|1|admin@foresee.com|DailyCatchEntry_New.php
7 Apr 2015 17:59:45|1|admin@foresee.com|DailyCatchEntry_New.php
7 Apr 2015 17:59:45|1|admin@foresee.com|DailyCatchEntry_New.php
7 Apr 2015 17:59:46|1|admin@foresee.com|DailyCatchEntry_New.php
7 Apr 2015 17:59:50|1|admin@foresee.com|DailyCatchEntry_New.php
7 Apr 2015 17:59:50|1|admin@foresee.com|DailyCatchEntry_New.php
7 Apr 2015 17:59:50|1|admin@foresee.com|DailyCatchEntry_New.php
7 Apr 2015 17:59:50|1|admin@foresee.com|DailyCatchEntry_New.php
7 Apr 2015 17:59:50|1|admin@foresee.com|DailyCatchEntry_New.php
7 Apr 2015 17:59:52|1|admin@foresee.com|DailyCatchEntry_New.php
7 Apr 2015 17:59:52|1|admin@foresee.com|DailyCatchEntry_New.php
7 Apr 2015 17:59:55|1|admin@foresee.com|DailyCatchEntry_New.php
7 Apr 2015 17:59:55|1|admin@foresee.com|DailyCatchEntry_New.php
7 Apr 2015 17:59:55|1|admin@foresee.com|DailyCatchEntry_New.php
7 Apr 2015 17:59:55|1|admin@foresee.com|DailyCatchEntry_New.php
7 Apr 2015 17:59:56|1|admin@foresee.com|DailyCatchEntry_New.php
7 Apr 2015 17:59:58|1|admin@foresee.com|DailyCatchEntry_New.php
7 Apr 2015 17:59:58|1|admin@foresee.com|DailyCatchEntry_New.php
7 Apr 2015 18:00:00|1|admin@foresee.com|DailyCatchEntry_New.php
7 Apr 2015 18:00:00|1|admin@foresee.com|DailyCatchEntry_New.php
7 Apr 2015 18:00:02|1|admin@foresee.com|DailyCatchEntry_New.php
7 Apr 2015 18:00:02|1|admin@foresee.com|DailyCatchEntry_New.php
7 Apr 2015 18:00:03|1|admin@foresee.com|DailyCatchEntry_New.php
7 Apr 2015 18:00:03|1|admin@foresee.com|DailyCatchEntry_New.php
7 Apr 2015 18:00:03|1|admin@foresee.com|DailyCatchEntry_New.php
7 Apr 2015 18:00:04|1|admin@foresee.com|DailyCatchEntry_New.php
7 Apr 2015 18:00:04|1|admin@foresee.com|DailyCatchEntry_New.php
7 Apr 2015 18:00:08|1|admin@foresee.com|DailyCatchEntry_New.php
7 Apr 2015 18:00:08|1|admin@foresee.com|DailyCatchEntry_New.php
7 Apr 2015 18:00:08|1|admin@foresee.com|DailyCatchEntry_New.php
7 Apr 2015 18:00:08|1|admin@foresee.com|DailyCatchEntry_New.php
7 Apr 2015 18:00:08|1|admin@foresee.com|DailyCatchEntry_New.php
7 Apr 2015 18:04:45|1|admin@foresee.com|DailyCatchEntry_New.php
7 Apr 2015 18:09:46|1|admin@foresee.com|DailyCatchEntry_New.php
7 Apr 2015 18:14:46|1|admin@foresee.com|DailyCatchEntry_New.php
7 Apr 2015 18:15:04|1|admin@foresee.com|ManageUsers.php
7 Apr 2015 18:15:06|1|admin@foresee.com|ManageUsers.php
8 Apr 2015 10:03:51|1|admin@foresee.com|Home.php
8 Apr 2015 10:05:59|1|admin@foresee.com|ManageUsers.php
8 Apr 2015 10:06:02|1|admin@foresee.com|ManageUsers.php
8 Apr 2015 10:14:34|1|admin@foresee.com|ManageUsers.php
8 Apr 2015 10:18:20|1|admin@foresee.com|ManageUsers.php
8 Apr 2015 10:21:04|1|admin@foresee.com|ManageUsers.php
8 Apr 2015 10:21:32|1|admin@foresee.com|ManageUsers.php
8 Apr 2015 10:21:33|1|admin@foresee.com|ManageUsers.php
8 Apr 2015 10:21:52|1|admin@foresee.com|ManageUsers.php
8 Apr 2015 10:24:37|1|admin@foresee.com|ManageUsers.php
8 Apr 2015 10:27:41|1|admin@foresee.com|ManageUsers.php
8 Apr 2015 10:30:21|1|admin@foresee.com|ManageUsers.php
8 Apr 2015 10:30:36|1|admin@foresee.com|ManageUsers.php
8 Apr 2015 10:30:37|1|admin@foresee.com|ManageUsers.php
8 Apr 2015 10:30:40|1|admin@foresee.com|ManageUsers.php
8 Apr 2015 10:30:45|1|admin@foresee.com|ManageUsers.php
8 Apr 2015 10:30:47|1|admin@foresee.com|ManageUsers.php
8 Apr 2015 10:31:01|1|admin@foresee.com|ManageUsers.php
8 Apr 2015 10:31:02|1|admin@foresee.com|ManageUsers.php
8 Apr 2015 10:36:44|1|admin@foresee.com|ManageUsers.php
8 Apr 2015 10:37:21|1|admin@foresee.com|ManageUsers.php
8 Apr 2015 10:37:56|1|admin@foresee.com|ManageUsers.php
8 Apr 2015 10:38:07|1|admin@foresee.com|ManageUsers.php
8 Apr 2015 10:38:08|1|admin@foresee.com|ManageUsers.php
8 Apr 2015 10:38:18|1|admin@foresee.com|ManageUsers.php
8 Apr 2015 10:38:27|1|admin@foresee.com|ManageUsers.php
8 Apr 2015 10:38:41|1|admin@foresee.com|ManageUsers.php
8 Apr 2015 10:38:42|1|admin@foresee.com|ManageUsers.php
8 Apr 2015 11:02:33|1|admin@foresee.com|ManageUsers.php
8 Apr 2015 11:06:44|1|admin@foresee.com|ManageUsers.php
8 Apr 2015 11:09:58|1|admin@foresee.com|ManageChallan.php
8 Apr 2015 11:10:03|1|admin@foresee.com|ManageChallan.php
8 Apr 2015 11:10:30|1|admin@foresee.com|ManageChallan.php
8 Apr 2015 11:10:53|1|admin@foresee.com|ManageChallan.php
8 Apr 2015 11:15:04|1|admin@foresee.com|ManageChallan.php
8 Apr 2015 11:15:10|1|admin@foresee.com|ManageUsers.php
8 Apr 2015 11:15:18|1|admin@foresee.com|ManageUsers.php
8 Apr 2015 11:15:19|1|admin@foresee.com|ManageUsers.php
8 Apr 2015 11:15:21|1|admin@foresee.com|ManageUsers.php
8 Apr 2015 11:15:26|1|admin@foresee.com|ManageChallan.php
8 Apr 2015 11:16:26|1|admin@foresee.com|ManageChallan.php
8 Apr 2015 11:16:26|1|admin@foresee.com|ManageChallan.php
8 Apr 2015 11:16:27|1|admin@foresee.com|ManageChallan.php
8 Apr 2015 11:57:13|1|admin@foresee.com|ManageUsers.php
8 Apr 2015 11:57:38|1|admin@foresee.com|ManageUsers.php
8 Apr 2015 11:58:08|1|admin@foresee.com|ManageUsers.php
8 Apr 2015 11:58:27|1|admin@foresee.com|ManageUsers.php
8 Apr 2015 11:58:28|1|admin@foresee.com|ManageUsers.php
8 Apr 2015 11:59:26|1|admin@foresee.com|ManageUsers.php
8 Apr 2015 11:59:48|1|admin@foresee.com|ManageUsers.php
8 Apr 2015 12:00:27|1|admin@foresee.com|ManageUsers.php
8 Apr 2015 12:00:37|1|admin@foresee.com|ManageUsers.php
8 Apr 2015 12:01:56|1|admin@foresee.com|ManageUsers.php
8 Apr 2015 12:02:31|1|admin@foresee.com|ManageUsers.php
8 Apr 2015 12:03:33|1|admin@foresee.com|ManageUsers.php
8 Apr 2015 12:03:44|1|admin@foresee.com|ManageUsers.php
8 Apr 2015 12:04:01|1|admin@foresee.com|ManageUsers.php
8 Apr 2015 12:04:03|1|admin@foresee.com|ManageUsers.php
8 Apr 2015 12:04:06|1|admin@foresee.com|ManageUsers.php
8 Apr 2015 12:04:13|1|admin@foresee.com|ManageChallan.php
8 Apr 2015 12:06:56|1|admin@foresee.com|ManageChallan.php
8 Apr 2015 12:09:44|1|admin@foresee.com|ManageChallan.php
8 Apr 2015 12:11:07|1|admin@foresee.com|ManageChallan.php
8 Apr 2015 12:11:19|1|admin@foresee.com|ManageUsers.php
8 Apr 2015 12:11:21|1|admin@foresee.com|ManageUsers.php
8 Apr 2015 12:11:26|1|admin@foresee.com|ManageChallan.php
8 Apr 2015 12:11:37|1|admin@foresee.com|ManageUsers.php
8 Apr 2015 12:11:40|1|admin@foresee.com|ManageUsers.php
8 Apr 2015 12:11:42|1|admin@foresee.com|ManageUsers.php
8 Apr 2015 12:11:52|1|admin@foresee.com|ManageUsers.php
8 Apr 2015 12:11:54|1|admin@foresee.com|ManageUsers.php
8 Apr 2015 12:11:58|1|admin@foresee.com|ManageChallan.php
8 Apr 2015 12:12:05|1|admin@foresee.com|ManageUsers.php
8 Apr 2015 12:12:43|1|admin@foresee.com|ManageUsers.php
8 Apr 2015 12:12:53|1|admin@foresee.com|ManageUsers.php
8 Apr 2015 12:12:57|1|admin@foresee.com|ManageChallan.php
8 Apr 2015 12:13:02|1|admin@foresee.com|ManageUsers.php
8 Apr 2015 12:13:04|1|admin@foresee.com|ManageUsers.php
8 Apr 2015 12:13:41|1|admin@foresee.com|ManageUsers.php
8 Apr 2015 12:13:42|1|admin@foresee.com|ManageUsers.php
8 Apr 2015 12:13:44|1|admin@foresee.com|ManageUsers.php
8 Apr 2015 12:13:57|1|admin@foresee.com|ManageUsers.php
8 Apr 2015 12:14:53|1|admin@foresee.com|ManageUsers.php
8 Apr 2015 12:14:54|1|admin@foresee.com|ManageUsers.php
8 Apr 2015 12:15:03|1|admin@foresee.com|ManageUsers.php
8 Apr 2015 12:15:04|1|admin@foresee.com|ManageUsers.php
8 Apr 2015 12:15:06|1|admin@foresee.com|ManageUsers.php
8 Apr 2015 12:15:22|1|admin@foresee.com|ManageUsers.php
8 Apr 2015 12:15:24|1|admin@foresee.com|ManageUsers.php
8 Apr 2015 12:15:26|1|admin@foresee.com|ManageUsers.php
8 Apr 2015 12:15:35|1|admin@foresee.com|ManageUsers.php
8 Apr 2015 12:16:13|1|admin@foresee.com|ManageUsers.php
8 Apr 2015 12:16:14|1|admin@foresee.com|ManageUsers.php
8 Apr 2015 12:16:28|1|admin@foresee.com|ManageUsers.php
8 Apr 2015 12:16:39|1|admin@foresee.com|ManageChallan.php
8 Apr 2015 12:16:42|1|admin@foresee.com|ManageChallan.php
8 Apr 2015 12:16:45|1|admin@foresee.com|ManageChallan.php
8 Apr 2015 12:16:49|1|admin@foresee.com|ManageChallan.php
8 Apr 2015 12:16:51|1|admin@foresee.com|ManageChallan.php
8 Apr 2015 12:16:56|1|admin@foresee.com|ManageUsers.php
8 Apr 2015 12:17:09|1|admin@foresee.com|ManageUsers.php
8 Apr 2015 12:17:11|1|admin@foresee.com|ManageUsers.php
8 Apr 2015 12:17:13|1|admin@foresee.com|ManageUsers.php
8 Apr 2015 12:17:16|1|admin@foresee.com|ManageChallan.php
8 Apr 2015 12:17:25|1|admin@foresee.com|ManageUsers.php
8 Apr 2015 12:17:27|1|admin@foresee.com|ManageUsers.php
8 Apr 2015 12:17:29|1|admin@foresee.com|ManageUsers.php
8 Apr 2015 12:19:36|1|admin@foresee.com|ManageChallan.php
8 Apr 2015 12:19:47|1|admin@foresee.com|ManageChallan.php
8 Apr 2015 12:19:47|1|admin@foresee.com|ManageChallan.php
8 Apr 2015 12:19:47|1|admin@foresee.com|ManageChallan.php
8 Apr 2015 12:19:49|1|admin@foresee.com|ManageChallan.php
8 Apr 2015 12:20:03|1|admin@foresee.com|ManageChallan.php
8 Apr 2015 12:20:04|1|admin@foresee.com|ManageChallan.php
8 Apr 2015 12:20:09|1|admin@foresee.com|ManageChallan.php
8 Apr 2015 12:20:45|1|admin@foresee.com|ManageChallan.php
8 Apr 2015 12:20:51|1|admin@foresee.com|ManageChallan.php
8 Apr 2015 12:21:18|1|admin@foresee.com|ManageChallan.php
8 Apr 2015 12:21:21|1|admin@foresee.com|ManageChallan.php
8 Apr 2015 12:21:24|1|admin@foresee.com|ManageChallan.php
8 Apr 2015 12:21:28|1|admin@foresee.com|ManageChallan.php
8 Apr 2015 12:21:43|1|admin@foresee.com|ManageRMLOTID.php
8 Apr 2015 13:08:56|1|admin@foresee.com|DailyCatchEntry_New.php
8 Apr 2015 13:08:59|1|admin@foresee.com|DailyCatchEntry_New.php
8 Apr 2015 13:09:02|1|admin@foresee.com|DailyCatchEntry_New.php
8 Apr 2015 13:09:03|1|admin@foresee.com|DailyCatchEntry_New.php
8 Apr 2015 13:09:03|1|admin@foresee.com|DailyCatchEntry_New.php
8 Apr 2015 13:09:04|1|admin@foresee.com|DailyCatchEntry_New.php
8 Apr 2015 13:09:04|1|admin@foresee.com|CatchEntryDeclaredItem.php
8 Apr 2015 13:09:04|1|admin@foresee.com|DailyCatchEntry_New.php
8 Apr 2015 13:09:04|1|admin@foresee.com|DailyCatchEntry_New.php
8 Apr 2015 13:09:06|1|admin@foresee.com|DailyCatchEntry_New.php
8 Apr 2015 14:39:30|1|admin@foresee.com|DailyCatchEntry_New.php
8 Apr 2015 14:39:32|1|admin@foresee.com|DailyCatchEntry_New.php
8 Apr 2015 14:39:33|1|admin@foresee.com|DailyCatchEntry_New.php
8 Apr 2015 14:39:33|1|admin@foresee.com|DailyCatchEntry_New.php
8 Apr 2015 14:39:34|1|admin@foresee.com|DailyCatchEntry_New.php
8 Apr 2015 14:39:34|1|admin@foresee.com|DailyCatchEntry_New.php
8 Apr 2015 14:39:34|1|admin@foresee.com|CatchEntryDeclaredItem.php
8 Apr 2015 14:39:34|1|admin@foresee.com|DailyCatchEntry_New.php
8 Apr 2015 14:39:39|1|admin@foresee.com|DailyCatchEntry_New.php
8 Apr 2015 14:39:39|1|admin@foresee.com|DailyCatchEntry_New.php
8 Apr 2015 14:39:40|1|admin@foresee.com|DailyCatchEntry_New.php
8 Apr 2015 14:39:42|1|admin@foresee.com|DailyCatchEntry_New.php
8 Apr 2015 14:39:42|1|admin@foresee.com|CatchEntryDeclaredItem.php
8 Apr 2015 14:39:49|1|admin@foresee.com|DailyCatchEntry_New.php
8 Apr 2015 14:39:53|1|admin@foresee.com|DailyCatchEntry_New.php
8 Apr 2015 14:39:55|1|admin@foresee.com|DailyCatchEntry_New.php
8 Apr 2015 14:39:56|1|admin@foresee.com|DailyCatchEntry_New.php
8 Apr 2015 14:40:00|1|admin@foresee.com|DailyCatchEntry_New.php
8 Apr 2015 14:40:00|1|admin@foresee.com|DailyCatchEntry_New.php
8 Apr 2015 14:40:00|1|admin@foresee.com|DailyCatchEntry_New.php
8 Apr 2015 14:40:00|1|admin@foresee.com|DailyCatchEntry_New.php
8 Apr 2015 14:40:01|1|admin@foresee.com|DailyCatchEntry_New.php
8 Apr 2015 14:40:01|1|admin@foresee.com|DailyCatchEntry_New.php
8 Apr 2015 14:40:11|1|admin@foresee.com|DailyCatchEntry_New.php
8 Apr 2015 14:40:20|1|admin@foresee.com|DailyCatchEntry_New.php
8 Apr 2015 14:40:21|1|admin@foresee.com|DailyCatchEntry_New.php
8 Apr 2015 14:40:21|1|admin@foresee.com|DailyCatchEntry_New.php
8 Apr 2015 14:40:21|1|admin@foresee.com|DailyCatchEntry_New.php
8 Apr 2015 14:40:21|1|admin@foresee.com|CatchEntryDeclaredItem.php
8 Apr 2015 14:40:22|1|admin@foresee.com|DailyCatchEntry_New.php
8 Apr 2015 14:40:22|1|admin@foresee.com|DailyCatchEntry_New.php
8 Apr 2015 14:40:25|1|admin@foresee.com|DailyCatchEntry_New.php
8 Apr 2015 14:40:25|1|admin@foresee.com|DailyCatchEntry_New.php
8 Apr 2015 14:40:26|1|admin@foresee.com|DailyCatchEntry_New.php
8 Apr 2015 14:40:27|1|admin@foresee.com|DailyCatchEntry_New.php
8 Apr 2015 14:40:28|1|admin@foresee.com|CatchEntryDeclaredItem.php
8 Apr 2015 14:40:33|1|admin@foresee.com|DailyCatchEntry_New.php
8 Apr 2015 14:40:35|1|admin@foresee.com|DailyCatchEntry_New.php
8 Apr 2015 14:40:43|1|admin@foresee.com|DailyCatchEntry_New.php
8 Apr 2015 14:40:46|1|admin@foresee.com|DailyCatchEntry_New.php
8 Apr 2015 14:40:48|1|admin@foresee.com|DailyCatchEntry_New.php
8 Apr 2015 14:40:49|1|admin@foresee.com|DailyCatchEntry_New.php
8 Apr 2015 14:40:52|1|admin@foresee.com|DailyCatchEntry_New.php
8 Apr 2015 14:40:52|1|admin@foresee.com|DailyCatchEntry_New.php
8 Apr 2015 14:40:52|1|admin@foresee.com|DailyCatchEntry_New.php
8 Apr 2015 14:40:53|1|admin@foresee.com|DailyCatchEntry_New.php
8 Apr 2015 14:40:53|1|admin@foresee.com|DailyCatchEntry_New.php
8 Apr 2015 14:40:53|1|admin@foresee.com|DailyCatchEntry_New.php
8 Apr 2015 14:40:58|1|admin@foresee.com|DailyCatchEntry_New.php
8 Apr 2015 14:41:29|1|admin@foresee.com|DailyCatchEntry_New.php
8 Apr 2015 14:41:30|1|admin@foresee.com|DailyCatchEntry_New.php
8 Apr 2015 14:41:31|1|admin@foresee.com|DailyCatchEntry_New.php
8 Apr 2015 14:41:31|1|admin@foresee.com|DailyCatchEntry_New.php
8 Apr 2015 14:41:31|1|admin@foresee.com|DailyCatchEntry_New.php
8 Apr 2015 14:41:31|1|admin@foresee.com|CatchEntryDeclaredItem.php
8 Apr 2015 14:41:31|1|admin@foresee.com|DailyCatchEntry_New.php
8 Apr 2015 14:41:34|1|admin@foresee.com|DailyCatchEntry_New.php
8 Apr 2015 14:41:34|1|admin@foresee.com|DailyCatchEntry_New.php
8 Apr 2015 14:41:35|1|admin@foresee.com|DailyCatchEntry_New.php
8 Apr 2015 14:41:36|1|admin@foresee.com|DailyCatchEntry_New.php
8 Apr 2015 14:41:37|1|admin@foresee.com|CatchEntryDeclaredItem.php
8 Apr 2015 14:41:41|1|admin@foresee.com|DailyCatchEntry_New.php
8 Apr 2015 14:41:42|1|admin@foresee.com|DailyCatchEntry_New.php
8 Apr 2015 14:41:44|1|admin@foresee.com|DailyCatchEntry_New.php
8 Apr 2015 14:41:48|1|admin@foresee.com|DailyCatchEntry_New.php
8 Apr 2015 14:41:48|1|admin@foresee.com|DailyCatchEntry_New.php
8 Apr 2015 14:41:48|1|admin@foresee.com|DailyCatchEntry_New.php
8 Apr 2015 14:41:48|1|admin@foresee.com|DailyCatchEntry_New.php
8 Apr 2015 14:41:49|1|admin@foresee.com|DailyCatchEntry_New.php
8 Apr 2015 14:41:49|1|admin@foresee.com|DailyCatchEntry_New.php
8 Apr 2015 14:41:58|1|admin@foresee.com|DailyCatchEntry_New.php
8 Apr 2015 14:42:28|1|admin@foresee.com|DailyCatchEntry_New.php
8 Apr 2015 14:42:30|1|admin@foresee.com|DailyCatchEntry_New.php
8 Apr 2015 14:42:30|1|admin@foresee.com|DailyCatchEntry_New.php
8 Apr 2015 14:42:31|1|admin@foresee.com|PrintDailyCatchEntry_New.php
8 Apr 2015 14:42:31|1|admin@foresee.com|PrintCatchEntryQuality_New.php
8 Apr 2015 14:42:34|1|admin@foresee.com|DailyCatchEntry_New.php
8 Apr 2015 14:42:35|1|admin@foresee.com|DailyCatchEntry_New.php
8 Apr 2015 14:42:35|1|admin@foresee.com|DailyCatchEntry_New.php
8 Apr 2015 14:42:35|1|admin@foresee.com|DailyCatchEntry_New.php
8 Apr 2015 14:42:35|1|admin@foresee.com|CatchEntryDeclaredItem.php
8 Apr 2015 14:42:35|1|admin@foresee.com|DailyCatchEntry_New.php
8 Apr 2015 14:42:35|1|admin@foresee.com|DailyCatchEntry_New.php
8 Apr 2015 14:42:36|1|admin@foresee.com|CatchEntryDeclaredItem.php
8 Apr 2015 14:44:46|1|admin@foresee.com|DailyCatchEntry_New.php
8 Apr 2015 14:44:47|1|admin@foresee.com|DailyCatchEntry_New.php
8 Apr 2015 14:44:48|1|admin@foresee.com|DailyCatchEntry_New.php
8 Apr 2015 14:44:48|1|admin@foresee.com|DailyCatchEntry_New.php
8 Apr 2015 14:44:48|1|admin@foresee.com|DailyCatchEntry_New.php
8 Apr 2015 14:44:48|1|admin@foresee.com|CatchEntryDeclaredItem.php
8 Apr 2015 14:44:48|1|admin@foresee.com|DailyCatchEntry_New.php
8 Apr 2015 14:44:48|1|admin@foresee.com|CatchEntryDeclaredItem.php
8 Apr 2015 14:45:58|1|admin@foresee.com|DailyCatchEntry_New.php
8 Apr 2015 14:45:59|1|admin@foresee.com|DailyCatchEntry_New.php
8 Apr 2015 14:45:59|1|admin@foresee.com|DailyCatchEntry_New.php
8 Apr 2015 14:45:59|1|admin@foresee.com|DailyCatchEntry_New.php
8 Apr 2015 14:46:00|1|admin@foresee.com|CatchEntryDeclaredItem.php
8 Apr 2015 14:46:00|1|admin@foresee.com|DailyCatchEntry_New.php
8 Apr 2015 14:46:00|1|admin@foresee.com|DailyCatchEntry_New.php
8 Apr 2015 14:46:00|1|admin@foresee.com|CatchEntryDeclaredItem.php
8 Apr 2015 14:46:15|1|admin@foresee.com|DailyCatchEntry_New.php
8 Apr 2015 14:46:34|1|admin@foresee.com|DailyCatchEntry_New.php
8 Apr 2015 14:46:35|1|admin@foresee.com|DailyCatchEntry_New.php
8 Apr 2015 14:46:35|1|admin@foresee.com|DailyCatchEntry_New.php
8 Apr 2015 14:46:36|1|admin@foresee.com|DailyCatchEntry_New.php
8 Apr 2015 14:46:36|1|admin@foresee.com|DailyCatchEntry_New.php
8 Apr 2015 14:46:36|1|admin@foresee.com|CatchEntryDeclaredItem.php
8 Apr 2015 14:46:36|1|admin@foresee.com|DailyCatchEntry_New.php
8 Apr 2015 14:46:36|1|admin@foresee.com|CatchEntryDeclaredItem.php
8 Apr 2015 14:46:51|1|admin@foresee.com|DailyCatchEntry_New.php
8 Apr 2015 14:46:52|1|admin@foresee.com|DailyCatchEntry_New.php
8 Apr 2015 14:46:52|1|admin@foresee.com|DailyCatchEntry_New.php
8 Apr 2015 14:46:52|1|admin@foresee.com|DailyCatchEntry_New.php
8 Apr 2015 14:46:52|1|admin@foresee.com|DailyCatchEntry_New.php
8 Apr 2015 14:46:52|1|admin@foresee.com|CatchEntryDeclaredItem.php
8 Apr 2015 14:46:52|1|admin@foresee.com|DailyCatchEntry_New.php
8 Apr 2015 14:46:52|1|admin@foresee.com|CatchEntryDeclaredItem.php
8 Apr 2015 14:46:55|1|admin@foresee.com|DailyCatchEntry_New.php
8 Apr 2015 14:46:58|1|admin@foresee.com|DailyCatchEntry_New.php
8 Apr 2015 14:46:59|1|admin@foresee.com|DailyCatchEntry_New.php
8 Apr 2015 14:46:59|1|admin@foresee.com|DailyCatchEntry_New.php
8 Apr 2015 14:46:59|1|admin@foresee.com|DailyCatchEntry_New.php
8 Apr 2015 14:46:59|1|admin@foresee.com|DailyCatchEntry_New.php
8 Apr 2015 14:46:59|1|admin@foresee.com|CatchEntryDeclaredItem.php
8 Apr 2015 14:46:59|1|admin@foresee.com|DailyCatchEntry_New.php
8 Apr 2015 14:47:00|1|admin@foresee.com|CatchEntryDeclaredItem.php
8 Apr 2015 14:47:17|1|admin@foresee.com|DailyCatchEntry_New.php
8 Apr 2015 14:47:19|1|admin@foresee.com|DailyCatchEntry_New.php
8 Apr 2015 14:47:20|1|admin@foresee.com|DailyCatchEntry_New.php
8 Apr 2015 14:47:20|1|admin@foresee.com|DailyCatchEntry_New.php
8 Apr 2015 14:47:20|1|admin@foresee.com|DailyCatchEntry_New.php
8 Apr 2015 14:47:20|1|admin@foresee.com|DailyCatchEntry_New.php
8 Apr 2015 14:47:21|1|admin@foresee.com|CatchEntryDeclaredItem.php
8 Apr 2015 14:47:21|1|admin@foresee.com|DailyCatchEntry_New.php
8 Apr 2015 14:47:42|1|admin@foresee.com|DailyCatchEntry_New.php
8 Apr 2015 14:47:50|1|admin@foresee.com|DailyCatchEntry_New.php
8 Apr 2015 14:47:56|1|admin@foresee.com|DailyCatchEntry_New.php
8 Apr 2015 14:47:57|1|admin@foresee.com|DailyCatchEntry_New.php
8 Apr 2015 14:47:57|1|admin@foresee.com|DailyCatchEntry_New.php
8 Apr 2015 14:47:57|1|admin@foresee.com|DailyCatchEntry_New.php
8 Apr 2015 14:47:57|1|admin@foresee.com|CatchEntryDeclaredItem.php
8 Apr 2015 14:47:57|1|admin@foresee.com|DailyCatchEntry_New.php
8 Apr 2015 14:47:57|1|admin@foresee.com|DailyCatchEntry_New.php
8 Apr 2015 14:47:58|1|admin@foresee.com|CatchEntryDeclaredItem.php
8 Apr 2015 14:48:06|1|admin@foresee.com|DailyCatchEntry_New.php
8 Apr 2015 14:48:07|1|admin@foresee.com|DailyCatchEntry_New.php
8 Apr 2015 14:48:07|1|admin@foresee.com|DailyCatchEntry_New.php
8 Apr 2015 14:48:07|1|admin@foresee.com|DailyCatchEntry_New.php
8 Apr 2015 14:48:07|1|admin@foresee.com|DailyCatchEntry_New.php
8 Apr 2015 14:48:07|1|admin@foresee.com|CatchEntryDeclaredItem.php
8 Apr 2015 14:48:07|1|admin@foresee.com|DailyCatchEntry_New.php
8 Apr 2015 14:48:08|1|admin@foresee.com|CatchEntryDeclaredItem.php
8 Apr 2015 14:50:20|1|admin@foresee.com|DailyCatchEntry_New.php
8 Apr 2015 14:50:21|1|admin@foresee.com|DailyCatchEntry_New.php
8 Apr 2015 14:50:21|1|admin@foresee.com|DailyCatchEntry_New.php
8 Apr 2015 14:50:22|1|admin@foresee.com|DailyCatchEntry_New.php
8 Apr 2015 14:50:22|1|admin@foresee.com|DailyCatchEntry_New.php
8 Apr 2015 14:50:22|1|admin@foresee.com|CatchEntryDeclaredItem.php
8 Apr 2015 14:50:22|1|admin@foresee.com|DailyCatchEntry_New.php
8 Apr 2015 14:50:22|1|admin@foresee.com|CatchEntryDeclaredItem.php
8 Apr 2015 14:50:26|1|admin@foresee.com|DailyCatchEntry_New.php
8 Apr 2015 14:50:28|1|admin@foresee.com|DailyCatchEntry_New.php
8 Apr 2015 14:50:28|1|admin@foresee.com|DailyCatchEntry_New.php
8 Apr 2015 14:50:28|1|admin@foresee.com|DailyCatchEntry_New.php
8 Apr 2015 14:50:28|1|admin@foresee.com|DailyCatchEntry_New.php
8 Apr 2015 14:50:28|1|admin@foresee.com|CatchEntryDeclaredItem.php
8 Apr 2015 14:50:28|1|admin@foresee.com|DailyCatchEntry_New.php
8 Apr 2015 14:50:28|1|admin@foresee.com|CatchEntryDeclaredItem.php
8 Apr 2015 14:52:20|1|admin@foresee.com|DailyCatchEntry_New.php
8 Apr 2015 14:52:33|1|admin@foresee.com|DailyCatchEntry_New.php
8 Apr 2015 14:52:34|1|admin@foresee.com|DailyCatchEntry_New.php
8 Apr 2015 14:52:34|1|admin@foresee.com|DailyCatchEntry_New.php
8 Apr 2015 14:52:34|1|admin@foresee.com|DailyCatchEntry_New.php
8 Apr 2015 14:52:34|1|admin@foresee.com|CatchEntryDeclaredItem.php
8 Apr 2015 14:52:34|1|admin@foresee.com|DailyCatchEntry_New.php
8 Apr 2015 14:52:34|1|admin@foresee.com|DailyCatchEntry_New.php
8 Apr 2015 14:52:35|1|admin@foresee.com|CatchEntryDeclaredItem.php
8 Apr 2015 14:54:19|1|admin@foresee.com|DailyCatchEntry_New.php
8 Apr 2015 14:54:20|1|admin@foresee.com|DailyCatchEntry_New.php
8 Apr 2015 14:54:20|1|admin@foresee.com|DailyCatchEntry_New.php
8 Apr 2015 14:54:20|1|admin@foresee.com|DailyCatchEntry_New.php
8 Apr 2015 14:54:20|1|admin@foresee.com|DailyCatchEntry_New.php
8 Apr 2015 14:54:21|1|admin@foresee.com|CatchEntryDeclaredItem.php
8 Apr 2015 14:54:21|1|admin@foresee.com|DailyCatchEntry_New.php
8 Apr 2015 14:54:21|1|admin@foresee.com|CatchEntryDeclaredItem.php
8 Apr 2015 14:54:24|1|admin@foresee.com|DailyCatchEntry_New.php
8 Apr 2015 14:54:26|1|admin@foresee.com|DailyCatchEntry_New.php
8 Apr 2015 14:54:26|1|admin@foresee.com|DailyCatchEntry_New.php
8 Apr 2015 14:54:26|1|admin@foresee.com|DailyCatchEntry_New.php
8 Apr 2015 14:54:26|1|admin@foresee.com|DailyCatchEntry_New.php
8 Apr 2015 14:54:27|1|admin@foresee.com|CatchEntryDeclaredItem.php
8 Apr 2015 14:54:27|1|admin@foresee.com|DailyCatchEntry_New.php
8 Apr 2015 14:54:27|1|admin@foresee.com|CatchEntryDeclaredItem.php
8 Apr 2015 14:55:31|1|admin@foresee.com|DailyCatchEntry_New.php
8 Apr 2015 14:55:32|1|admin@foresee.com|DailyCatchEntry_New.php
8 Apr 2015 14:55:32|1|admin@foresee.com|DailyCatchEntry_New.php
8 Apr 2015 14:55:32|1|admin@foresee.com|DailyCatchEntry_New.php
8 Apr 2015 14:55:33|1|admin@foresee.com|DailyCatchEntry_New.php
8 Apr 2015 14:55:33|1|admin@foresee.com|CatchEntryDeclaredItem.php
8 Apr 2015 14:55:33|1|admin@foresee.com|DailyCatchEntry_New.php
8 Apr 2015 14:55:33|1|admin@foresee.com|CatchEntryDeclaredItem.php
8 Apr 2015 14:55:36|1|admin@foresee.com|DailyCatchEntry_New.php
8 Apr 2015 14:55:38|1|admin@foresee.com|DailyCatchEntry_New.php
8 Apr 2015 14:55:38|1|admin@foresee.com|DailyCatchEntry_New.php
8 Apr 2015 14:55:38|1|admin@foresee.com|CatchEntryDeclaredItem.php
8 Apr 2015 14:55:38|1|admin@foresee.com|DailyCatchEntry_New.php
8 Apr 2015 14:55:38|1|admin@foresee.com|DailyCatchEntry_New.php
8 Apr 2015 14:55:39|1|admin@foresee.com|DailyCatchEntry_New.php
8 Apr 2015 14:55:39|1|admin@foresee.com|CatchEntryDeclaredItem.php
8 Apr 2015 14:56:34|1|admin@foresee.com|DailyCatchEntry_New.php
8 Apr 2015 14:56:35|1|admin@foresee.com|DailyCatchEntry_New.php
8 Apr 2015 14:56:35|1|admin@foresee.com|DailyCatchEntry_New.php
8 Apr 2015 14:56:35|1|admin@foresee.com|DailyCatchEntry_New.php
8 Apr 2015 14:56:35|1|admin@foresee.com|CatchEntryDeclaredItem.php
8 Apr 2015 14:56:36|1|admin@foresee.com|DailyCatchEntry_New.php
8 Apr 2015 14:56:36|1|admin@foresee.com|DailyCatchEntry_New.php
8 Apr 2015 14:56:36|1|admin@foresee.com|CatchEntryDeclaredItem.php
8 Apr 2015 14:56:47|1|admin@foresee.com|DailyCatchEntry_New.php
8 Apr 2015 14:56:48|1|admin@foresee.com|DailyCatchEntry_New.php
8 Apr 2015 14:56:49|1|admin@foresee.com|DailyCatchEntry_New.php
8 Apr 2015 14:56:49|1|admin@foresee.com|CatchEntryDeclaredItem.php
8 Apr 2015 14:56:49|1|admin@foresee.com|DailyCatchEntry_New.php
8 Apr 2015 14:56:49|1|admin@foresee.com|DailyCatchEntry_New.php
8 Apr 2015 14:56:49|1|admin@foresee.com|DailyCatchEntry_New.php
8 Apr 2015 14:56:49|1|admin@foresee.com|CatchEntryDeclaredItem.php
8 Apr 2015 14:56:55|1|admin@foresee.com|DailyCatchEntry_New.php
8 Apr 2015 14:57:02|1|admin@foresee.com|DailyCatchEntry_New.php
8 Apr 2015 14:57:03|1|admin@foresee.com|DailyCatchEntry_New.php
8 Apr 2015 14:57:03|1|admin@foresee.com|DailyCatchEntry_New.php
8 Apr 2015 14:57:03|1|admin@foresee.com|DailyCatchEntry_New.php
8 Apr 2015 14:57:03|1|admin@foresee.com|CatchEntryDeclaredItem.php
8 Apr 2015 14:57:04|1|admin@foresee.com|DailyCatchEntry_New.php
8 Apr 2015 14:57:04|1|admin@foresee.com|DailyCatchEntry_New.php
8 Apr 2015 14:57:04|1|admin@foresee.com|CatchEntryDeclaredItem.php
8 Apr 2015 14:57:07|1|admin@foresee.com|DailyCatchEntry_New.php
8 Apr 2015 14:57:20|1|admin@foresee.com|DailyCatchEntry_New.php
8 Apr 2015 14:57:32|1|admin@foresee.com|CatchEntryDeclaredItem.php
8 Apr 2015 14:57:35|1|admin@foresee.com|DailyCatchEntry_New.php
8 Apr 2015 14:57:37|1|admin@foresee.com|DailyCatchEntry_New.php
8 Apr 2015 14:57:38|1|admin@foresee.com|DailyCatchEntry_New.php
8 Apr 2015 14:57:41|1|admin@foresee.com|DailyCatchEntry_New.php
8 Apr 2015 14:57:42|1|admin@foresee.com|DailyCatchEntry_New.php
8 Apr 2015 14:57:42|1|admin@foresee.com|DailyCatchEntry_New.php
8 Apr 2015 14:57:42|1|admin@foresee.com|DailyCatchEntry_New.php
8 Apr 2015 14:57:42|1|admin@foresee.com|DailyCatchEntry_New.php
8 Apr 2015 14:57:43|1|admin@foresee.com|CatchEntryDeclaredItem.php
8 Apr 2015 14:57:43|1|admin@foresee.com|DailyCatchEntry_New.php
8 Apr 2015 14:57:43|1|admin@foresee.com|CatchEntryDeclaredItem.php
8 Apr 2015 15:01:34|1|admin@foresee.com|DailyCatchEntry_New.php
8 Apr 2015 15:01:39|1|admin@foresee.com|DailyCatchEntry_New.php
8 Apr 2015 15:01:40|1|admin@foresee.com|DailyCatchEntry_New.php
8 Apr 2015 15:01:40|1|admin@foresee.com|DailyCatchEntry_New.php
8 Apr 2015 15:01:41|1|admin@foresee.com|DailyCatchEntry_New.php
8 Apr 2015 15:01:41|1|admin@foresee.com|CatchEntryDeclaredItem.php
8 Apr 2015 15:01:41|1|admin@foresee.com|DailyCatchEntry_New.php
8 Apr 2015 15:01:41|1|admin@foresee.com|DailyCatchEntry_New.php
8 Apr 2015 15:01:43|1|admin@foresee.com|DailyCatchEntry_New.php
8 Apr 2015 15:01:43|1|admin@foresee.com|DailyCatchEntry_New.php
8 Apr 2015 15:01:45|1|admin@foresee.com|DailyCatchEntry_New.php
8 Apr 2015 15:01:46|1|admin@foresee.com|DailyCatchEntry_New.php
8 Apr 2015 15:01:47|1|admin@foresee.com|CatchEntryDeclaredItem.php
8 Apr 2015 15:01:53|1|admin@foresee.com|DailyCatchEntry_New.php
8 Apr 2015 15:01:59|1|admin@foresee.com|DailyCatchEntry_New.php
8 Apr 2015 15:02:01|1|admin@foresee.com|DailyCatchEntry_New.php
8 Apr 2015 15:02:05|1|admin@foresee.com|DailyCatchEntry_New.php
8 Apr 2015 15:02:05|1|admin@foresee.com|DailyCatchEntry_New.php
8 Apr 2015 15:02:05|1|admin@foresee.com|DailyCatchEntry_New.php
8 Apr 2015 15:02:05|1|admin@foresee.com|DailyCatchEntry_New.php
8 Apr 2015 15:02:06|1|admin@foresee.com|DailyCatchEntry_New.php