
20 Oct 2018 15:33:53|20|shiji@forstarfoods.com|DailyCatchEntry_New.php
20 Oct 2018 15:33:54|20|shiji@forstarfoods.com|DailyCatchEntry_New.php
20 Oct 2018 15:33:55|20|shiji@forstarfoods.com|DailyCatchEntry_New.php
20 Oct 2018 15:33:57|20|shiji@forstarfoods.com|DailyCatchEntry_New.php
20 Oct 2018 15:33:58|20|shiji@forstarfoods.com|DailyCatchEntry_New.php
20 Oct 2018 15:33:59|20|shiji@forstarfoods.com|DailyCatchEntry_New.php
20 Oct 2018 15:34:19|20|shiji@forstarfoods.com|DailyCatchEntry_New.php
20 Oct 2018 15:34:21|20|shiji@forstarfoods.com|DailyCatchEntry_New.php
20 Oct 2018 15:34:23|20|shiji@forstarfoods.com|DailyCatchEntry_New.php
20 Oct 2018 15:34:24|20|shiji@forstarfoods.com|CatchEntryDeclaredItem.php
20 Oct 2018 15:34:25|20|shiji@forstarfoods.com|DailyCatchEntry_New.php
20 Oct 2018 15:34:26|20|shiji@forstarfoods.com|CatchEntryDeclaredItem.php
20 Oct 2018 15:34:30|20|shiji@forstarfoods.com|DailyCatchEntry_New.php
20 Oct 2018 15:34:31|20|shiji@forstarfoods.com|DailyCatchEntry_New.php
20 Oct 2018 15:34:36|20|shiji@forstarfoods.com|DailyCatchEntry_New.php
20 Oct 2018 15:34:38|20|shiji@forstarfoods.com|DailyCatchEntry_New.php
20 Oct 2018 15:34:41|20|shiji@forstarfoods.com|DailyCatchEntry_New.php
20 Oct 2018 15:34:46|20|shiji@forstarfoods.com|DailyCatchReport.php
20 Oct 2018 15:34:56|20|shiji@forstarfoods.com|DailyCatchReport.php
20 Oct 2018 15:34:58|20|shiji@forstarfoods.com|DailyCatchReport.php
20 Oct 2018 15:35:00|20|shiji@forstarfoods.com|DailyCatchReport.php
20 Oct 2018 15:35:02|20|shiji@forstarfoods.com|DailyCatchReport.php
20 Oct 2018 15:35:03|20|shiji@forstarfoods.com|DailyCatchReport.php
20 Oct 2018 15:35:05|20|shiji@forstarfoods.com|PrintDailyCatchReportMemo.php
20 Oct 2018 15:35:27|20|shiji@forstarfoods.com|PrintDailyCatchReportMemo.php
20 Oct 2018 15:36:10|20|shiji@forstarfoods.com|DailyCatchReport.php
20 Oct 2018 15:36:11|20|shiji@forstarfoods.com|DailyCatchReport.php
20 Oct 2018 15:36:13|20|shiji@forstarfoods.com|DailyCatchReport.php
20 Oct 2018 15:36:54|20|shiji@forstarfoods.com|DailyCatchReport.php
20 Oct 2018 15:36:55|20|shiji@forstarfoods.com|DailyCatchReport.php
20 Oct 2018 15:36:57|20|shiji@forstarfoods.com|DailyCatchReport.php
20 Oct 2018 15:36:58|20|shiji@forstarfoods.com|DailyCatchReport.php
20 Oct 2018 15:37:04|20|shiji@forstarfoods.com|DailyCatchEntry_New.php
20 Oct 2018 15:37:07|20|shiji@forstarfoods.com|DailyCatchEntry_New.php
20 Oct 2018 15:37:09|20|shiji@forstarfoods.com|DailyCatchEntry_New.php
20 Oct 2018 15:37:10|20|shiji@forstarfoods.com|DailyCatchEntry_New.php
20 Oct 2018 15:37:11|20|shiji@forstarfoods.com|DailyCatchEntry_New.php
20 Oct 2018 15:37:12|20|shiji@forstarfoods.com|CatchEntryDeclaredItem.php
20 Oct 2018 15:37:13|20|shiji@forstarfoods.com|DailyCatchEntry_New.php
20 Oct 2018 15:37:15|20|shiji@forstarfoods.com|DailyCatchEntry_New.php
20 Oct 2018 15:37:16|20|shiji@forstarfoods.com|DailyCatchEntry_New.php
20 Oct 2018 15:37:18|20|shiji@forstarfoods.com|DailyCatchEntry_New.php
20 Oct 2018 15:38:33|20|shiji@forstarfoods.com|DailyCatchEntry_New.php
20 Oct 2018 15:38:42|20|shiji@forstarfoods.com|DailyCatchEntry_New.php
20 Oct 2018 15:38:43|20|shiji@forstarfoods.com|CatchEntryDeclaredItem.php
20 Oct 2018 15:39:09|20|shiji@forstarfoods.com|DailyCatchEntry_New.php
20 Oct 2018 15:39:10|20|shiji@forstarfoods.com|DailyCatchEntry_New.php
20 Oct 2018 15:39:12|20|shiji@forstarfoods.com|DailyCatchEntry_New.php
20 Oct 2018 15:39:15|20|shiji@forstarfoods.com|DailyCatchEntry_New.php
20 Oct 2018 15:39:17|20|shiji@forstarfoods.com|DailyCatchEntry_New.php
20 Oct 2018 15:39:23|20|shiji@forstarfoods.com|DailyCatchEntry_New.php
20 Oct 2018 15:39:24|20|shiji@forstarfoods.com|DailyCatchEntry_New.php
20 Oct 2018 15:39:26|20|shiji@forstarfoods.com|DailyCatchEntry_New.php
20 Oct 2018 15:39:27|20|shiji@forstarfoods.com|DailyCatchEntry_New.php
20 Oct 2018 15:39:28|20|shiji@forstarfoods.com|DailyCatchEntry_New.php
20 Oct 2018 15:39:29|20|shiji@forstarfoods.com|DailyCatchEntry_New.php
20 Oct 2018 15:39:31|20|shiji@forstarfoods.com|DailyCatchEntry_New.php
20 Oct 2018 15:39:32|20|shiji@forstarfoods.com|DailyCatchEntry_New.php
20 Oct 2018 15:39:33|20|shiji@forstarfoods.com|DailyCatchEntry_New.php
20 Oct 2018 15:39:34|20|shiji@forstarfoods.com|DailyCatchEntry_New.php
20 Oct 2018 15:42:09|20|shiji@forstarfoods.com|DailyCatchEntry_New.php
20 Oct 2018 15:42:39|20|shiji@forstarfoods.com|DailyCatchEntry_New.php
20 Oct 2018 15:42:41|20|shiji@forstarfoods.com|DailyCatchEntry_New.php
20 Oct 2018 15:42:43|20|shiji@forstarfoods.com|CatchEntryDeclaredItem.php
20 Oct 2018 15:42:51|20|shiji@forstarfoods.com|DailyCatchEntry_New.php
20 Oct 2018 15:42:56|20|shiji@forstarfoods.com|DailyCatchEntry_New.php
20 Oct 2018 15:42:57|20|shiji@forstarfoods.com|DailyCatchEntry_New.php
20 Oct 2018 15:42:58|20|shiji@forstarfoods.com|DailyCatchEntry_New.php
20 Oct 2018 15:43:07|20|shiji@forstarfoods.com|DailyCatchEntry_New.php
20 Oct 2018 15:43:41|20|shiji@forstarfoods.com|DailyCatchEntry_New.php
20 Oct 2018 15:43:48|20|shiji@forstarfoods.com|DailyCatchEntry_New.php
20 Oct 2018 15:43:49|20|shiji@forstarfoods.com|CatchEntryDeclaredItem.php
20 Oct 2018 15:47:10|20|shiji@forstarfoods.com|DailyCatchEntry_New.php
20 Oct 2018 15:47:54|20|shiji@forstarfoods.com|DailyCatchEntry_New.php
20 Oct 2018 15:47:56|20|shiji@forstarfoods.com|DailyCatchEntry_New.php
20 Oct 2018 15:47:59|20|shiji@forstarfoods.com|DailyCatchEntry_New.php
20 Oct 2018 15:48:00|20|shiji@forstarfoods.com|DailyCatchEntry_New.php
20 Oct 2018 15:48:02|20|shiji@forstarfoods.com|DailyCatchEntry_New.php
20 Oct 2018 15:48:03|20|shiji@forstarfoods.com|DailyCatchEntry_New.php
20 Oct 2018 15:48:04|20|shiji@forstarfoods.com|DailyCatchEntry_New.php
20 Oct 2018 15:48:05|20|shiji@forstarfoods.com|DailyCatchEntry_New.php
20 Oct 2018 15:48:07|20|shiji@forstarfoods.com|DailyCatchEntry_New.php
20 Oct 2018 15:48:08|20|shiji@forstarfoods.com|DailyCatchEntry_New.php
20 Oct 2018 15:48:09|20|shiji@forstarfoods.com|DailyCatchEntry_New.php
20 Oct 2018 15:48:10|20|shiji@forstarfoods.com|DailyCatchEntry_New.php
20 Oct 2018 15:48:46|20|shiji@forstarfoods.com|DailyCatchEntry_New.php
20 Oct 2018 15:48:49|20|shiji@forstarfoods.com|DailyCatchEntry_New.php
20 Oct 2018 15:48:51|20|shiji@forstarfoods.com|CatchEntryDeclaredItem.php
20 Oct 2018 15:48:55|20|shiji@forstarfoods.com|DailyCatchEntry_New.php
20 Oct 2018 15:48:57|20|shiji@forstarfoods.com|DailyCatchEntry_New.php
20 Oct 2018 15:49:00|20|shiji@forstarfoods.com|DailyCatchEntry_New.php
20 Oct 2018 15:49:01|20|shiji@forstarfoods.com|DailyCatchEntry_New.php
20 Oct 2018 15:49:02|20|shiji@forstarfoods.com|DailyCatchEntry_New.php
20 Oct 2018 15:49:03|20|shiji@forstarfoods.com|DailyCatchEntry_New.php
20 Oct 2018 15:49:05|20|shiji@forstarfoods.com|DailyCatchEntry_New.php
20 Oct 2018 15:49:06|20|shiji@forstarfoods.com|DailyCatchEntry_New.php
20 Oct 2018 15:49:31|20|shiji@forstarfoods.com|DailyCatchEntry_New.php
20 Oct 2018 15:49:33|20|shiji@forstarfoods.com|DailyCatchEntry_New.php
20 Oct 2018 15:49:34|20|shiji@forstarfoods.com|CatchEntryDeclaredItem.php
20 Oct 2018 15:49:39|20|shiji@forstarfoods.com|DailyCatchEntry_New.php
20 Oct 2018 15:49:41|20|shiji@forstarfoods.com|DailyCatchEntry_New.php
20 Oct 2018 15:49:44|20|shiji@forstarfoods.com|DailyCatchEntry_New.php
20 Oct 2018 15:49:45|20|shiji@forstarfoods.com|DailyCatchEntry_New.php
20 Oct 2018 15:49:47|20|shiji@forstarfoods.com|DailyCatchEntry_New.php
20 Oct 2018 15:49:48|20|shiji@forstarfoods.com|DailyCatchEntry_New.php
20 Oct 2018 15:49:49|20|shiji@forstarfoods.com|DailyCatchEntry_New.php
20 Oct 2018 15:49:50|20|shiji@forstarfoods.com|DailyCatchEntry_New.php
20 Oct 2018 15:49:52|20|shiji@forstarfoods.com|DailyCatchEntry_New.php
20 Oct 2018 15:49:53|20|shiji@forstarfoods.com|DailyCatchEntry_New.php
20 Oct 2018 15:49:54|20|shiji@forstarfoods.com|DailyCatchEntry_New.php
20 Oct 2018 15:49:55|20|shiji@forstarfoods.com|DailyCatchEntry_New.php
20 Oct 2018 15:50:11|20|shiji@forstarfoods.com|DailyCatchEntry_New.php
20 Oct 2018 15:50:13|20|shiji@forstarfoods.com|DailyCatchEntry_New.php
20 Oct 2018 15:50:15|20|shiji@forstarfoods.com|CatchEntryDeclaredItem.php
20 Oct 2018 15:50:17|20|shiji@forstarfoods.com|DailyCatchReport.php
20 Oct 2018 15:50:40|20|shiji@forstarfoods.com|DailyCatchReport.php
20 Oct 2018 15:50:44|20|shiji@forstarfoods.com|DailyCatchReport.php
20 Oct 2018 15:50:46|20|shiji@forstarfoods.com|DailyCatchReport.php
20 Oct 2018 15:50:47|20|shiji@forstarfoods.com|DailyCatchReport.php
20 Oct 2018 15:50:48|20|shiji@forstarfoods.com|DailyCatchReport.php
20 Oct 2018 15:50:50|20|shiji@forstarfoods.com|PrintDailyCatchReportMemo.php
20 Oct 2018 15:51:33|20|shiji@forstarfoods.com|PrintDailyCatchReportMemo.php
20 Oct 2018 15:52:17|20|shiji@forstarfoods.com|DailyCatchReport.php
20 Oct 2018 15:52:19|20|shiji@forstarfoods.com|DailyCatchReport.php
20 Oct 2018 15:52:20|20|shiji@forstarfoods.com|DailyCatchReport.php
20 Oct 2018 15:52:23|20|shiji@forstarfoods.com|DailyCatchReport.php
20 Oct 2018 15:52:25|20|shiji@forstarfoods.com|DailyCatchReport.php
20 Oct 2018 15:52:26|20|shiji@forstarfoods.com|DailyCatchReport.php
20 Oct 2018 15:52:27|20|shiji@forstarfoods.com|DailyCatchReport.php
20 Oct 2018 15:52:29|20|shiji@forstarfoods.com|DailyCatchReport.php
20 Oct 2018 15:52:31|20|shiji@forstarfoods.com|DailyCatchReport.php
20 Oct 2018 15:52:32|20|shiji@forstarfoods.com|DailyCatchReport.php
20 Oct 2018 15:52:35|20|shiji@forstarfoods.com|PrintDailyCatchReportMemo.php
20 Oct 2018 15:52:45|20|shiji@forstarfoods.com|PrintDailyCatchReportMemo.php
20 Oct 2018 15:52:47|29|kavitha@forstarfoods.com|Home.php
20 Oct 2018 15:53:30|20|shiji@forstarfoods.com|DailyCatchReport.php
20 Oct 2018 15:53:31|20|shiji@forstarfoods.com|DailyCatchReport.php
20 Oct 2018 15:53:33|20|shiji@forstarfoods.com|DailyCatchReport.php
20 Oct 2018 15:53:54|29|kavitha@forstarfoods.com|DailyCatchReport.php
20 Oct 2018 15:54:03|29|kavitha@forstarfoods.com|DailyCatchReport.php
20 Oct 2018 15:54:08|29|kavitha@forstarfoods.com|DailyCatchReport.php
20 Oct 2018 15:54:12|29|kavitha@forstarfoods.com|DailyCatchReport.php
20 Oct 2018 15:54:14|29|kavitha@forstarfoods.com|DailyCatchReport.php
20 Oct 2018 15:54:15|29|kavitha@forstarfoods.com|DailyCatchReport.php
20 Oct 2018 15:54:18|29|kavitha@forstarfoods.com|DailyCatchReport.php
20 Oct 2018 15:54:19|29|kavitha@forstarfoods.com|DailyCatchReport.php
20 Oct 2018 15:54:21|29|kavitha@forstarfoods.com|DailyCatchReport.php
20 Oct 2018 15:54:57|29|kavitha@forstarfoods.com|DailyCatchReport.php
20 Oct 2018 15:54:58|29|kavitha@forstarfoods.com|DailyCatchReport.php
20 Oct 2018 15:54:59|29|kavitha@forstarfoods.com|DailyCatchReport.php
20 Oct 2018 15:55:07|29|kavitha@forstarfoods.com|DailyCatchReport.php
20 Oct 2018 15:55:08|29|kavitha@forstarfoods.com|DailyCatchReport.php
20 Oct 2018 15:55:10|29|kavitha@forstarfoods.com|DailyCatchReport.php
20 Oct 2018 15:55:11|29|kavitha@forstarfoods.com|DailyCatchReport.php
20 Oct 2018 15:55:15|29|kavitha@forstarfoods.com|DailyCatchReport.php
20 Oct 2018 15:55:17|29|kavitha@forstarfoods.com|DailyCatchReport.php
20 Oct 2018 15:55:18|29|kavitha@forstarfoods.com|DailyCatchReport.php
20 Oct 2018 15:55:32|29|kavitha@forstarfoods.com|DailyCatchReport.php
20 Oct 2018 15:55:33|29|kavitha@forstarfoods.com|DailyCatchReport.php
20 Oct 2018 15:55:35|29|kavitha@forstarfoods.com|DailyCatchReport.php
20 Oct 2018 15:55:37|29|kavitha@forstarfoods.com|DailyCatchReport.php
20 Oct 2018 15:55:39|29|kavitha@forstarfoods.com|DailyCatchReport.php
20 Oct 2018 15:55:40|29|kavitha@forstarfoods.com|DailyCatchReport.php
20 Oct 2018 15:55:56|29|kavitha@forstarfoods.com|DailyCatchReport.php
20 Oct 2018 15:55:58|29|kavitha@forstarfoods.com|DailyCatchReport.php
20 Oct 2018 15:55:59|29|kavitha@forstarfoods.com|DailyCatchReport.php
20 Oct 2018 15:56:08|29|kavitha@forstarfoods.com|DailyCatchReport.php
20 Oct 2018 15:56:21|29|kavitha@forstarfoods.com|DailyCatchReport.php
20 Oct 2018 15:56:22|29|kavitha@forstarfoods.com|DailyCatchReport.php
20 Oct 2018 15:56:24|29|kavitha@forstarfoods.com|DailyCatchReport.php
20 Oct 2018 15:56:51|29|kavitha@forstarfoods.com|DailyCatchReport.php
20 Oct 2018 15:56:52|29|kavitha@forstarfoods.com|DailyCatchReport.php
20 Oct 2018 15:56:54|29|kavitha@forstarfoods.com|DailyCatchReport.php
20 Oct 2018 15:56:55|29|kavitha@forstarfoods.com|DailyCatchReport.php
20 Oct 2018 15:56:58|29|kavitha@forstarfoods.com|DailyCatchReport.php
20 Oct 2018 15:56:59|29|kavitha@forstarfoods.com|DailyCatchReport.php
20 Oct 2018 15:57:01|29|kavitha@forstarfoods.com|DailyCatchReport.php
20 Oct 2018 15:57:02|29|kavitha@forstarfoods.com|DailyCatchReport.php
20 Oct 2018 15:59:10|29|kavitha@forstarfoods.com|DailyCatchReport.php
20 Oct 2018 15:59:12|29|kavitha@forstarfoods.com|DailyCatchReport.php
20 Oct 2018 15:59:13|29|kavitha@forstarfoods.com|DailyCatchReport.php
20 Oct 2018 15:59:23|29|kavitha@forstarfoods.com|SupplierAccount.php
20 Oct 2018 15:59:29|29|kavitha@forstarfoods.com|SupplierAccount.php
20 Oct 2018 15:59:33|29|kavitha@forstarfoods.com|SupplierAccount.php
20 Oct 2018 15:59:38|29|kavitha@forstarfoods.com|SupplierAccount.php
20 Oct 2018 15:59:42|29|kavitha@forstarfoods.com|SupplierAccount.php
20 Oct 2018 15:59:46|29|kavitha@forstarfoods.com|SupplierAccount.php
20 Oct 2018 15:59:50|29|kavitha@forstarfoods.com|SupplierAccount.php
20 Oct 2018 16:00:59|29|kavitha@forstarfoods.com|SupplierAccount.php
20 Oct 2018 16:01:44|29|kavitha@forstarfoods.com|SupplierAccount.php
20 Oct 2018 16:01:57|29|kavitha@forstarfoods.com|SupplierAccount.php
20 Oct 2018 16:02:02|29|kavitha@forstarfoods.com|SupplierAccount.php
20 Oct 2018 16:03:45|29|kavitha@forstarfoods.com|SupplierAccount.php
20 Oct 2018 16:19:29|29|kavitha@forstarfoods.com|PurchaseReport.php
20 Oct 2018 16:19:49|29|kavitha@forstarfoods.com|PurchaseReport.php
20 Oct 2018 16:19:55|29|kavitha@forstarfoods.com|PurchaseReport.php
20 Oct 2018 16:20:11|29|kavitha@forstarfoods.com|PrintPurchaseSettlementMemo.php
20 Oct 2018 16:20:33|29|kavitha@forstarfoods.com|PurchaseReport.php
20 Oct 2018 16:20:35|20|shiji@forstarfoods.com|SupplierAccount.php
20 Oct 2018 16:20:38|29|kavitha@forstarfoods.com|PurchaseReport.php
20 Oct 2018 16:20:48|29|kavitha@forstarfoods.com|PrintPurchaseSettlementMemo.php
20 Oct 2018 16:33:31|20|shiji@forstarfoods.com|SupplierAccount.php
20 Oct 2018 16:33:36|20|shiji@forstarfoods.com|SupplierAccount.php
20 Oct 2018 16:33:45|20|shiji@forstarfoods.com|SupplierAccount.php
20 Oct 2018 16:33:49|20|shiji@forstarfoods.com|SupplierAccount.php
20 Oct 2018 16:34:29|20|shiji@forstarfoods.com|SupplierAccount.php
20 Oct 2018 16:34:36|20|shiji@forstarfoods.com|SupplierAccount.php
20 Oct 2018 16:34:59|20|shiji@forstarfoods.com|SupplierAccount.php
20 Oct 2018 16:35:03|20|shiji@forstarfoods.com|SettlementSummary.php
20 Oct 2018 16:35:14|20|shiji@forstarfoods.com|SettlementSummary.php
20 Oct 2018 16:35:16|20|shiji@forstarfoods.com|SupplierPayments.php
20 Oct 2018 16:35:18|20|shiji@forstarfoods.com|SupplierPayments.php
20 Oct 2018 16:35:19|20|shiji@forstarfoods.com|SupplierPayments.php
20 Oct 2018 16:35:21|20|shiji@forstarfoods.com|SupplierAccount.php
20 Oct 2018 16:35:33|20|shiji@forstarfoods.com|SupplierAccount.php
20 Oct 2018 16:35:38|20|shiji@forstarfoods.com|SupplierAccount.php
20 Oct 2018 16:35:41|20|shiji@forstarfoods.com|SupplierAccount.php
20 Oct 2018 16:35:46|20|shiji@forstarfoods.com|SupplierAccount.php
20 Oct 2018 16:36:09|20|shiji@forstarfoods.com|SupplierAccount.php
20 Oct 2018 16:36:13|20|shiji@forstarfoods.com|SupplierAccount.php
20 Oct 2018 16:36:32|20|shiji@forstarfoods.com|SupplierAccount.php
20 Oct 2018 16:36:36|20|shiji@forstarfoods.com|SupplierAccount.php
20 Oct 2018 16:36:56|20|shiji@forstarfoods.com|SupplierAccount.php
20 Oct 2018 16:57:58|20|shiji@forstarfoods.com|SettlementSummary.php
20 Oct 2018 17:00:42|20|shiji@forstarfoods.com|SettlementSummary.php
20 Oct 2018 17:00:44|20|shiji@forstarfoods.com|SupplierPayments.php
20 Oct 2018 17:00:46|20|shiji@forstarfoods.com|SupplierPayments.php
20 Oct 2018 17:00:47|20|shiji@forstarfoods.com|SupplierPayments.php
20 Oct 2018 17:53:18|28|pratiksha@forstarfoods.com|Home.php
22 Oct 2018 09:51:44|20|shiji@forstarfoods.com|Home.php
22 Oct 2018 09:51:50|20|shiji@forstarfoods.com|SupplierAccount.php
22 Oct 2018 09:51:58|20|shiji@forstarfoods.com|SupplierAccount.php
22 Oct 2018 09:52:04|20|shiji@forstarfoods.com|SupplierAccount.php
22 Oct 2018 09:52:07|20|shiji@forstarfoods.com|SupplierAccount.php
22 Oct 2018 09:52:11|20|shiji@forstarfoods.com|SupplierAccount.php
22 Oct 2018 09:52:15|20|shiji@forstarfoods.com|SupplierAccount.php
22 Oct 2018 09:53:39|20|shiji@forstarfoods.com|SupplierAccount.php
22 Oct 2018 09:53:43|20|shiji@forstarfoods.com|SupplierAccount.php
22 Oct 2018 09:54:41|20|shiji@forstarfoods.com|SupplierAccount.php
22 Oct 2018 09:54:51|20|shiji@forstarfoods.com|SupplierAccount.php
22 Oct 2018 09:55:49|20|shiji@forstarfoods.com|SupplierAccount.php
22 Oct 2018 09:55:58|20|shiji@forstarfoods.com|SupplierAccount.php
22 Oct 2018 09:56:29|20|shiji@forstarfoods.com|SupplierAccount.php
22 Oct 2018 09:56:35|20|shiji@forstarfoods.com|SupplierAccount.php
22 Oct 2018 09:57:18|20|shiji@forstarfoods.com|SupplierAccount.php
22 Oct 2018 09:57:22|20|shiji@forstarfoods.com|SupplierAccount.php
22 Oct 2018 09:57:57|20|shiji@forstarfoods.com|SupplierAccount.php
22 Oct 2018 09:58:05|20|shiji@forstarfoods.com|SupplierAccount.php
22 Oct 2018 09:58:22|20|shiji@forstarfoods.com|SupplierAccount.php
22 Oct 2018 09:58:33|20|shiji@forstarfoods.com|SupplierAccount.php
22 Oct 2018 09:58:38|20|shiji@forstarfoods.com|SupplierAccount.php
22 Oct 2018 09:59:52|20|shiji@forstarfoods.com|SupplierAccount.php
22 Oct 2018 09:59:58|20|shiji@forstarfoods.com|SupplierAccount.php
22 Oct 2018 10:00:02|20|shiji@forstarfoods.com|SupplierAccount.php
22 Oct 2018 10:00:40|20|shiji@forstarfoods.com|SupplierAccount.php
22 Oct 2018 10:20:13|20|shiji@forstarfoods.com|SupplierAccount.php
22 Oct 2018 10:20:39|20|shiji@forstarfoods.com|SupplierAccount.php
22 Oct 2018 10:20:45|20|shiji@forstarfoods.com|SupplierAccount.php
22 Oct 2018 10:20:48|20|shiji@forstarfoods.com|SupplierAccount.php
22 Oct 2018 10:21:05|20|shiji@forstarfoods.com|SupplierAccount.php
22 Oct 2018 10:21:08|20|shiji@forstarfoods.com|SupplierAccount.php
22 Oct 2018 10:22:01|20|shiji@forstarfoods.com|SupplierAccount.php
22 Oct 2018 10:22:05|20|shiji@forstarfoods.com|SupplierAccount.php
22 Oct 2018 10:22:29|20|shiji@forstarfoods.com|SupplierAccount.php
22 Oct 2018 10:22:39|20|shiji@forstarfoods.com|SupplierAccount.php
22 Oct 2018 10:23:09|20|shiji@forstarfoods.com|SupplierAccount.php
22 Oct 2018 10:23:28|20|shiji@forstarfoods.com|SupplierAccount.php
22 Oct 2018 10:23:36|20|shiji@forstarfoods.com|SupplierAccount.php
22 Oct 2018 10:24:13|20|shiji@forstarfoods.com|SupplierAccount.php
22 Oct 2018 10:24:17|20|shiji@forstarfoods.com|SupplierAccount.php
22 Oct 2018 10:25:09|30|pritirm@forstarfoods.com|Home.php
22 Oct 2018 10:25:12|30|pritirm@forstarfoods.com|Home.php
22 Oct 2018 10:25:18|30|pritirm@forstarfoods.com|DailyCatchEntry_New.php
22 Oct 2018 10:25:40|20|shiji@forstarfoods.com|SupplierAccount.php
22 Oct 2018 10:25:46|30|pritirm@forstarfoods.com|DailyCatchEntry_New.php
22 Oct 2018 10:25:47|30|pritirm@forstarfoods.com|DailyCatchEntry_New.php
22 Oct 2018 10:25:49|30|pritirm@forstarfoods.com|DailyCatchEntry_New.php
22 Oct 2018 10:25:50|30|pritirm@forstarfoods.com|DailyCatchEntry_New.php
22 Oct 2018 10:25:51|30|pritirm@forstarfoods.com|CatchEntryDeclaredItem.php
22 Oct 2018 10:25:52|30|pritirm@forstarfoods.com|DailyCatchEntry_New.php
22 Oct 2018 10:25:56|30|pritirm@forstarfoods.com|DailyCatchEntry_New.php
22 Oct 2018 10:25:57|30|pritirm@forstarfoods.com|DailyCatchEntry_New.php
22 Oct 2018 10:25:58|20|shiji@forstarfoods.com|SupplierAccount.php
22 Oct 2018 10:25:59|30|pritirm@forstarfoods.com|DailyCatchEntry_New.php
22 Oct 2018 10:26:01|20|shiji@forstarfoods.com|SupplierAccount.php
22 Oct 2018 10:26:02|30|pritirm@forstarfoods.com|DailyCatchEntry_New.php
22 Oct 2018 10:26:05|30|pritirm@forstarfoods.com|DailyCatchEntry_New.php
22 Oct 2018 10:26:06|30|pritirm@forstarfoods.com|CatchEntryDeclaredItem.php
22 Oct 2018 10:26:28|20|shiji@forstarfoods.com|SupplierAccount.php
22 Oct 2018 10:26:38|20|shiji@forstarfoods.com|SupplierAccount.php
22 Oct 2018 10:26:42|20|shiji@forstarfoods.com|SupplierAccount.php
22 Oct 2018 10:27:29|30|pritirm@forstarfoods.com|DailyCatchEntry_New.php
22 Oct 2018 10:27:30|30|pritirm@forstarfoods.com|DailyCatchEntry_New.php
22 Oct 2018 10:27:31|30|pritirm@forstarfoods.com|DailyCatchEntry_New.php
22 Oct 2018 10:27:32|30|pritirm@forstarfoods.com|DailyCatchEntry_New.php
22 Oct 2018 10:27:34|30|pritirm@forstarfoods.com|DailyCatchEntry_New.php
22 Oct 2018 10:27:35|30|pritirm@forstarfoods.com|DailyCatchEntry_New.php
22 Oct 2018 10:27:37|30|pritirm@forstarfoods.com|DailyCatchEntry_New.php
22 Oct 2018 10:27:39|30|pritirm@forstarfoods.com|DailyCatchEntry_New.php
22 Oct 2018 10:27:40|30|pritirm@forstarfoods.com|DailyCatchEntry_New.php
22 Oct 2018 10:27:46|30|pritirm@forstarfoods.com|DailyCatchEntry_New.php
22 Oct 2018 10:27:47|30|pritirm@forstarfoods.com|DailyCatchEntry_New.php
22 Oct 2018 10:27:48|30|pritirm@forstarfoods.com|DailyCatchEntry_New.php
22 Oct 2018 10:27:57|30|pritirm@forstarfoods.com|DailyCatchEntry_New.php
22 Oct 2018 10:27:58|30|pritirm@forstarfoods.com|DailyCatchEntry_New.php
22 Oct 2018 10:27:59|30|pritirm@forstarfoods.com|DailyCatchEntry_New.php
22 Oct 2018 10:28:13|30|pritirm@forstarfoods.com|DailyCatchEntry_New.php
22 Oct 2018 10:28:32|30|pritirm@forstarfoods.com|DailyCatchEntry_New.php
22 Oct 2018 10:28:35|30|pritirm@forstarfoods.com|DailyCatchEntry_New.php
22 Oct 2018 10:28:38|30|pritirm@forstarfoods.com|DailyCatchEntry_New.php
22 Oct 2018 10:28:39|30|pritirm@forstarfoods.com|DailyCatchEntry_New.php
22 Oct 2018 10:28:41|30|pritirm@forstarfoods.com|DailyCatchEntry_New.php
22 Oct 2018 10:28:42|30|pritirm@forstarfoods.com|DailyCatchEntry_New.php
22 Oct 2018 10:28:43|30|pritirm@forstarfoods.com|DailyCatchEntry_New.php
22 Oct 2018 10:28:44|30|pritirm@forstarfoods.com|DailyCatchEntry_New.php
22 Oct 2018 10:28:45|30|pritirm@forstarfoods.com|DailyCatchEntry_New.php
22 Oct 2018 10:28:48|30|pritirm@forstarfoods.com|DailyCatchEntry_New.php
22 Oct 2018 10:28:49|30|pritirm@forstarfoods.com|CatchEntryDeclaredItem.php
22 Oct 2018 10:30:03|20|shiji@forstarfoods.com|SupplierAccount.php
22 Oct 2018 10:30:21|20|shiji@forstarfoods.com|SupplierAccount.php
22 Oct 2018 10:30:25|20|shiji@forstarfoods.com|SupplierAccount.php
22 Oct 2018 10:30:47|30|pritirm@forstarfoods.com|DailyCatchEntry_New.php
22 Oct 2018 10:31:16|30|pritirm@forstarfoods.com|DailyCatchEntry_New.php
22 Oct 2018 10:31:17|30|pritirm@forstarfoods.com|DailyCatchEntry_New.php
22 Oct 2018 10:31:18|30|pritirm@forstarfoods.com|DailyCatchEntry_New.php
22 Oct 2018 10:31:20|20|shiji@forstarfoods.com|SupplierAccount.php
22 Oct 2018 10:31:25|20|shiji@forstarfoods.com|SupplierAccount.php
22 Oct 2018 10:31:28|20|shiji@forstarfoods.com|SupplierAccount.php
22 Oct 2018 10:31:31|30|pritirm@forstarfoods.com|DailyCatchEntry_New.php
22 Oct 2018 10:31:38|30|pritirm@forstarfoods.com|DailyCatchEntry_New.php
22 Oct 2018 10:31:39|30|pritirm@forstarfoods.com|CatchEntryDeclaredItem.php
22 Oct 2018 10:31:48|30|pritirm@forstarfoods.com|DailyCatchEntry_New.php
22 Oct 2018 10:31:49|30|pritirm@forstarfoods.com|DailyCatchEntry_New.php
22 Oct 2018 10:31:50|30|pritirm@forstarfoods.com|DailyCatchEntry_New.php
22 Oct 2018 10:31:51|30|pritirm@forstarfoods.com|DailyCatchEntry_New.php
22 Oct 2018 10:31:53|30|pritirm@forstarfoods.com|DailyCatchEntry_New.php
22 Oct 2018 10:31:54|30|pritirm@forstarfoods.com|DailyCatchEntry_New.php
22 Oct 2018 10:31:59|30|pritirm@forstarfoods.com|DailyCatchEntry_New.php
22 Oct 2018 10:32:07|30|pritirm@forstarfoods.com|DailyCatchEntry_New.php
22 Oct 2018 10:32:08|30|pritirm@forstarfoods.com|DailyCatchEntry_New.php
22 Oct 2018 10:32:14|30|pritirm@forstarfoods.com|DailyCatchEntry_New.php
22 Oct 2018 10:32:16|30|pritirm@forstarfoods.com|DailyCatchEntry_New.php
22 Oct 2018 10:32:17|30|pritirm@forstarfoods.com|DailyCatchEntry_New.php
22 Oct 2018 10:32:18|30|pritirm@forstarfoods.com|DailyCatchEntry_New.php
22 Oct 2018 10:32:19|30|pritirm@forstarfoods.com|DailyCatchEntry_New.php
22 Oct 2018 10:32:20|30|pritirm@forstarfoods.com|DailyCatchEntry_New.php
22 Oct 2018 10:32:22|30|pritirm@forstarfoods.com|DailyCatchEntry_New.php
22 Oct 2018 10:32:23|30|pritirm@forstarfoods.com|DailyCatchEntry_New.php
22 Oct 2018 10:32:24|30|pritirm@forstarfoods.com|DailyCatchEntry_New.php
22 Oct 2018 10:32:25|30|pritirm@forstarfoods.com|DailyCatchEntry_New.php
22 Oct 2018 10:32:27|30|pritirm@forstarfoods.com|DailyCatchEntry_New.php
22 Oct 2018 10:32:30|30|pritirm@forstarfoods.com|DailyCatchEntry_New.php
22 Oct 2018 10:32:31|30|pritirm@forstarfoods.com|CatchEntryDeclaredItem.php
22 Oct 2018 10:32:42|20|shiji@forstarfoods.com|SupplierAccount.php
22 Oct 2018 10:32:54|20|shiji@forstarfoods.com|SupplierAccount.php
22 Oct 2018 10:33:00|30|pritirm@forstarfoods.com|DailyCatchEntry_New.php
22 Oct 2018 10:33:02|30|pritirm@forstarfoods.com|DailyCatchEntry_New.php
22 Oct 2018 10:33:03|30|pritirm@forstarfoods.com|DailyCatchEntry_New.php
22 Oct 2018 10:33:44|30|pritirm@forstarfoods.com|DailyCatchEntry_New.php
22 Oct 2018 10:33:47|20|shiji@forstarfoods.com|SupplierAccount.php
22 Oct 2018 10:33:47|30|pritirm@forstarfoods.com|DailyCatchEntry_New.php
22 Oct 2018 10:33:49|30|pritirm@forstarfoods.com|CatchEntryDeclaredItem.php
22 Oct 2018 10:34:09|30|pritirm@forstarfoods.com|DailyCatchEntry_New.php
22 Oct 2018 10:34:10|30|pritirm@forstarfoods.com|DailyCatchEntry_New.php
22 Oct 2018 10:34:11|30|pritirm@forstarfoods.com|DailyCatchEntry_New.php
22 Oct 2018 10:34:12|30|pritirm@forstarfoods.com|DailyCatchEntry_New.php
22 Oct 2018 10:34:14|30|pritirm@forstarfoods.com|DailyCatchEntry_New.php
22 Oct 2018 10:34:15|30|pritirm@forstarfoods.com|DailyCatchEntry_New.php
22 Oct 2018 10:34:19|30|pritirm@forstarfoods.com|DailyCatchEntry_New.php
22 Oct 2018 10:34:23|30|pritirm@forstarfoods.com|DailyCatchEntry_New.php
22 Oct 2018 10:34:24|30|pritirm@forstarfoods.com|DailyCatchEntry_New.php
22 Oct 2018 10:34:26|30|pritirm@forstarfoods.com|DailyCatchEntry_New.php
22 Oct 2018 10:34:27|30|pritirm@forstarfoods.com|DailyCatchEntry_New.php
22 Oct 2018 10:34:28|30|pritirm@forstarfoods.com|DailyCatchEntry_New.php
22 Oct 2018 10:34:30|30|pritirm@forstarfoods.com|DailyCatchEntry_New.php
22 Oct 2018 10:34:31|30|pritirm@forstarfoods.com|DailyCatchEntry_New.php
22 Oct 2018 10:34:32|30|pritirm@forstarfoods.com|DailyCatchEntry_New.php
22 Oct 2018 10:34:33|30|pritirm@forstarfoods.com|DailyCatchEntry_New.php
22 Oct 2018 10:34:35|30|pritirm@forstarfoods.com|DailyCatchEntry_New.php
22 Oct 2018 10:34:35|20|shiji@forstarfoods.com|SupplierAccount.php
22 Oct 2018 10:34:36|30|pritirm@forstarfoods.com|DailyCatchEntry_New.php
22 Oct 2018 10:34:37|30|pritirm@forstarfoods.com|DailyCatchEntry_New.php
22 Oct 2018 10:34:38|30|pritirm@forstarfoods.com|DailyCatchEntry_New.php
22 Oct 2018 10:34:41|30|pritirm@forstarfoods.com|DailyCatchEntry_New.php
22 Oct 2018 10:34:42|30|pritirm@forstarfoods.com|CatchEntryDeclaredItem.php
22 Oct 2018 10:34:46|20|shiji@forstarfoods.com|DailyCatchReport.php
22 Oct 2018 10:34:55|20|shiji@forstarfoods.com|DailyCatchReport.php
22 Oct 2018 10:35:01|20|shiji@forstarfoods.com|DailyCatchReport.php
22 Oct 2018 10:35:04|20|shiji@forstarfoods.com|DailyCatchReport.php
22 Oct 2018 10:35:05|20|shiji@forstarfoods.com|DailyCatchReport.php
22 Oct 2018 10:35:07|20|shiji@forstarfoods.com|DailyCatchReport.php
22 Oct 2018 10:35:17|20|shiji@forstarfoods.com|SupplierAccount.php
22 Oct 2018 10:35:26|20|shiji@forstarfoods.com|SupplierAccount.php
22 Oct 2018 10:35:29|20|shiji@forstarfoods.com|SupplierAccount.php
22 Oct 2018 10:35:32|20|shiji@forstarfoods.com|SupplierAccount.php
22 Oct 2018 10:35:37|20|shiji@forstarfoods.com|SupplierAccount.php
22 Oct 2018 10:35:49|30|pritirm@forstarfoods.com|DailyCatchEntry_New.php
22 Oct 2018 10:35:59|20|shiji@forstarfoods.com|SupplierAccount.php
22 Oct 2018 10:36:24|20|shiji@forstarfoods.com|SupplierAccount.php
22 Oct 2018 10:36:31|20|shiji@forstarfoods.com|SupplierAccount.php
22 Oct 2018 10:36:34|20|shiji@forstarfoods.com|SupplierAccount.php
22 Oct 2018 10:37:15|20|shiji@forstarfoods.com|SupplierAccount.php
22 Oct 2018 10:37:26|20|shiji@forstarfoods.com|SupplierAccount.php
22 Oct 2018 10:38:42|30|pritirm@forstarfoods.com|DailyCatchEntry_New.php
22 Oct 2018 10:38:43|30|pritirm@forstarfoods.com|DailyCatchEntry_New.php
22 Oct 2018 10:38:44|30|pritirm@forstarfoods.com|DailyCatchEntry_New.php
22 Oct 2018 10:38:49|30|pritirm@forstarfoods.com|DailyCatchEntry_New.php
22 Oct 2018 10:38:52|30|pritirm@forstarfoods.com|DailyCatchEntry_New.php
22 Oct 2018 10:38:53|30|pritirm@forstarfoods.com|CatchEntryDeclaredItem.php
22 Oct 2018 10:39:04|30|pritirm@forstarfoods.com|DailyCatchEntry_New.php
22 Oct 2018 10:39:05|30|pritirm@forstarfoods.com|DailyCatchEntry_New.php
22 Oct 2018 10:39:06|30|pritirm@forstarfoods.com|DailyCatchEntry_New.php
22 Oct 2018 10:39:08|30|pritirm@forstarfoods.com|DailyCatchEntry_New.php
22 Oct 2018 10:39:09|30|pritirm@forstarfoods.com|DailyCatchEntry_New.php
22 Oct 2018 10:39:10|30|pritirm@forstarfoods.com|DailyCatchEntry_New.php
22 Oct 2018 10:39:14|30|pritirm@forstarfoods.com|DailyCatchEntry_New.php
22 Oct 2018 10:39:17|20|shiji@forstarfoods.com|SupplierAccount.php
22 Oct 2018 10:39:27|20|shiji@forstarfoods.com|SupplierAccount.php
22 Oct 2018 10:39:30|20|shiji@forstarfoods.com|SupplierAccount.php
22 Oct 2018 10:39:36|30|pritirm@forstarfoods.com|DailyCatchEntry_New.php
22 Oct 2018 10:39:40|30|pritirm@forstarfoods.com|DailyCatchEntry_New.php
22 Oct 2018 10:39:43|30|pritirm@forstarfoods.com|DailyCatchEntry_New.php
22 Oct 2018 10:39:44|30|pritirm@forstarfoods.com|DailyCatchEntry_New.php
22 Oct 2018 10:39:45|30|pritirm@forstarfoods.com|DailyCatchEntry_New.php
22 Oct 2018 10:39:46|30|pritirm@forstarfoods.com|DailyCatchEntry_New.php
22 Oct 2018 10:39:48|30|pritirm@forstarfoods.com|DailyCatchEntry_New.php
22 Oct 2018 10:39:49|30|pritirm@forstarfoods.com|DailyCatchEntry_New.php
22 Oct 2018 10:39:50|30|pritirm@forstarfoods.com|DailyCatchEntry_New.php
22 Oct 2018 10:39:51|30|pritirm@forstarfoods.com|DailyCatchEntry_New.php
22 Oct 2018 10:39:53|30|pritirm@forstarfoods.com|DailyCatchEntry_New.php
22 Oct 2018 10:39:54|30|pritirm@forstarfoods.com|DailyCatchEntry_New.php
22 Oct 2018 10:39:56|30|pritirm@forstarfoods.com|DailyCatchEntry_New.php
22 Oct 2018 10:39:59|30|pritirm@forstarfoods.com|DailyCatchEntry_New.php
22 Oct 2018 10:40:00|30|pritirm@forstarfoods.com|CatchEntryDeclaredItem.php
22 Oct 2018 10:40:06|20|shiji@forstarfoods.com|SupplierAccount.php
22 Oct 2018 10:40:07|30|pritirm@forstarfoods.com|DailyCatchEntry_New.php
22 Oct 2018 10:40:08|30|pritirm@forstarfoods.com|DailyCatchEntry_New.php
22 Oct 2018 10:40:11|30|pritirm@forstarfoods.com|DailyCatchEntry_New.php
22 Oct 2018 10:40:13|30|pritirm@forstarfoods.com|DailyCatchEntry_New.php
22 Oct 2018 10:40:14|30|pritirm@forstarfoods.com|DailyCatchEntry_New.php
22 Oct 2018 10:40:15|30|pritirm@forstarfoods.com|DailyCatchEntry_New.php
22 Oct 2018 10:40:16|20|shiji@forstarfoods.com|SupplierAccount.php
22 Oct 2018 10:40:16|30|pritirm@forstarfoods.com|CatchEntryDeclaredItem.php
22 Oct 2018 10:40:18|30|pritirm@forstarfoods.com|DailyCatchEntry_New.php
22 Oct 2018 10:40:19|20|shiji@forstarfoods.com|SupplierAccount.php
22 Oct 2018 10:40:25|30|pritirm@forstarfoods.com|DailyCatchEntry_New.php
22 Oct 2018 10:40:26|30|pritirm@forstarfoods.com|DailyCatchEntry_New.php
22 Oct 2018 10:40:27|30|pritirm@forstarfoods.com|DailyCatchEntry_New.php
22 Oct 2018 10:40:29|30|pritirm@forstarfoods.com|DailyCatchEntry_New.php
22 Oct 2018 10:40:30|30|pritirm@forstarfoods.com|DailyCatchEntry_New.php
22 Oct 2018 10:40:31|30|pritirm@forstarfoods.com|DailyCatchEntry_New.php
22 Oct 2018 10:40:33|30|pritirm@forstarfoods.com|DailyCatchEntry_New.php
22 Oct 2018 10:40:34|30|pritirm@forstarfoods.com|DailyCatchEntry_New.php
22 Oct 2018 10:40:38|30|pritirm@forstarfoods.com|DailyCatchEntry_New.php
22 Oct 2018 10:40:40|20|shiji@forstarfoods.com|SupplierAccount.php
22 Oct 2018 10:40:47|20|shiji@forstarfoods.com|SettlementSummary.php
22 Oct 2018 10:41:21|30|pritirm@forstarfoods.com|DailyCatchEntry_New.php
22 Oct 2018 10:41:22|30|pritirm@forstarfoods.com|CatchEntryDeclaredItem.php
22 Oct 2018 10:41:29|30|pritirm@forstarfoods.com|DailyCatchEntry_New.php
22 Oct 2018 10:41:30|30|pritirm@forstarfoods.com|DailyCatchEntry_New.php
22 Oct 2018 10:41:31|30|pritirm@forstarfoods.com|DailyCatchEntry_New.php
22 Oct 2018 10:41:33|30|pritirm@forstarfoods.com|DailyCatchEntry_New.php
22 Oct 2018 10:41:34|30|pritirm@forstarfoods.com|DailyCatchEntry_New.php
22 Oct 2018 10:41:35|30|pritirm@forstarfoods.com|DailyCatchEntry_New.php
22 Oct 2018 10:41:39|30|pritirm@forstarfoods.com|DailyCatchEntry_New.php
22 Oct 2018 10:41:40|30|pritirm@forstarfoods.com|DailyCatchEntry_New.php
22 Oct 2018 10:41:41|30|pritirm@forstarfoods.com|DailyCatchEntry_New.php
22 Oct 2018 10:41:53|30|pritirm@forstarfoods.com|DailyCatchEntry_New.php
22 Oct 2018 10:41:56|30|pritirm@forstarfoods.com|DailyCatchEntry_New.php
22 Oct 2018 10:42:00|30|pritirm@forstarfoods.com|DailyCatchEntry_New.php
22 Oct 2018 10:42:01|30|pritirm@forstarfoods.com|DailyCatchEntry_New.php
22 Oct 2018 10:42:02|30|pritirm@forstarfoods.com|DailyCatchEntry_New.php
22 Oct 2018 10:42:03|30|pritirm@forstarfoods.com|DailyCatchEntry_New.php
22 Oct 2018 10:42:05|30|pritirm@forstarfoods.com|DailyCatchEntry_New.php
22 Oct 2018 10:42:06|30|pritirm@forstarfoods.com|DailyCatchEntry_New.php
22 Oct 2018 10:42:07|30|pritirm@forstarfoods.com|DailyCatchEntry_New.php
22 Oct 2018 10:42:10|30|pritirm@forstarfoods.com|DailyCatchEntry_New.php
22 Oct 2018 10:42:11|30|pritirm@forstarfoods.com|CatchEntryDeclaredItem.php
22 Oct 2018 10:42:21|30|pritirm@forstarfoods.com|DailyCatchEntry_New.php
22 Oct 2018 10:42:22|30|pritirm@forstarfoods.com|DailyCatchEntry_New.php
22 Oct 2018 10:42:23|30|pritirm@forstarfoods.com|DailyCatchEntry_New.php
22 Oct 2018 10:42:25|30|pritirm@forstarfoods.com|DailyCatchEntry_New.php
22 Oct 2018 10:42:31|30|pritirm@forstarfoods.com|DailyCatchEntry_New.php
22 Oct 2018 10:42:32|30|pritirm@forstarfoods.com|CatchEntryDeclaredItem.php
22 Oct 2018 10:42:51|30|pritirm@forstarfoods.com|DailyCatchEntry_New.php
22 Oct 2018 10:42:52|30|pritirm@forstarfoods.com|DailyCatchEntry_New.php
22 Oct 2018 10:42:53|30|pritirm@forstarfoods.com|DailyCatchEntry_New.php
22 Oct 2018 10:42:54|30|pritirm@forstarfoods.com|DailyCatchEntry_New.php
22 Oct 2018 10:42:56|30|pritirm@forstarfoods.com|DailyCatchEntry_New.php
22 Oct 2018 10:42:57|30|pritirm@forstarfoods.com|DailyCatchEntry_New.php
22 Oct 2018 10:43:04|30|pritirm@forstarfoods.com|DailyCatchEntry_New.php
22 Oct 2018 10:43:44|30|pritirm@forstarfoods.com|DailyCatchEntry_New.php
22 Oct 2018 10:43:50|30|pritirm@forstarfoods.com|DailyCatchEntry_New.php
22 Oct 2018 10:43:56|30|pritirm@forstarfoods.com|DailyCatchEntry_New.php
22 Oct 2018 10:43:58|30|pritirm@forstarfoods.com|DailyCatchEntry_New.php
22 Oct 2018 10:43:59|30|pritirm@forstarfoods.com|DailyCatchEntry_New.php
22 Oct 2018 10:44:00|30|pritirm@forstarfoods.com|DailyCatchEntry_New.php
22 Oct 2018 10:44:01|30|pritirm@forstarfoods.com|DailyCatchEntry_New.php
22 Oct 2018 10:44:03|30|pritirm@forstarfoods.com|DailyCatchEntry_New.php
22 Oct 2018 10:44:04|30|pritirm@forstarfoods.com|DailyCatchEntry_New.php
22 Oct 2018 10:44:05|30|pritirm@forstarfoods.com|DailyCatchEntry_New.php
22 Oct 2018 10:44:06|30|pritirm@forstarfoods.com|DailyCatchEntry_New.php
22 Oct 2018 10:44:08|30|pritirm@forstarfoods.com|DailyCatchEntry_New.php
22 Oct 2018 10:44:09|30|pritirm@forstarfoods.com|DailyCatchEntry_New.php
22 Oct 2018 10:44:11|30|pritirm@forstarfoods.com|DailyCatchEntry_New.php
22 Oct 2018 10:44:13|30|pritirm@forstarfoods.com|CatchEntryDeclaredItem.php
22 Oct 2018 10:44:28|30|pritirm@forstarfoods.com|DailyCatchEntry_New.php
22 Oct 2018 10:44:29|30|pritirm@forstarfoods.com|DailyCatchEntry_New.php
22 Oct 2018 10:44:35|30|pritirm@forstarfoods.com|DailyCatchEntry_New.php
22 Oct 2018 10:44:36|30|pritirm@forstarfoods.com|DailyCatchEntry_New.php
22 Oct 2018 10:44:37|30|pritirm@forstarfoods.com|DailyCatchEntry_New.php
22 Oct 2018 10:44:39|30|pritirm@forstarfoods.com|DailyCatchEntry_New.php
22 Oct 2018 10:44:40|30|pritirm@forstarfoods.com|DailyCatchEntry_New.php
22 Oct 2018 10:44:41|30|pritirm@forstarfoods.com|DailyCatchEntry_New.php
22 Oct 2018 10:44:47|30|pritirm@forstarfoods.com|DailyCatchEntry_New.php
22 Oct 2018 10:44:49|30|pritirm@forstarfoods.com|DailyCatchEntry_New.php
22 Oct 2018 10:44:51|30|pritirm@forstarfoods.com|DailyCatchEntry_New.php
22 Oct 2018 10:44:52|30|pritirm@forstarfoods.com|CatchEntryDeclaredItem.php
22 Oct 2018 10:44:53|30|pritirm@forstarfoods.com|DailyCatchEntry_New.php
22 Oct 2018 10:44:54|30|pritirm@forstarfoods.com|CatchEntryDeclaredItem.php
22 Oct 2018 10:45:14|30|pritirm@forstarfoods.com|DailyCatchEntry_New.php
22 Oct 2018 10:45:16|30|pritirm@forstarfoods.com|DailyCatchEntry_New.php
22 Oct 2018 10:45:17|30|pritirm@forstarfoods.com|DailyCatchEntry_New.php
22 Oct 2018 10:45:18|30|pritirm@forstarfoods.com|DailyCatchEntry_New.php
22 Oct 2018 10:45:19|30|pritirm@forstarfoods.com|DailyCatchEntry_New.php
22 Oct 2018 10:45:20|30|pritirm@forstarfoods.com|DailyCatchEntry_New.php
22 Oct 2018 10:45:24|30|pritirm@forstarfoods.com|DailyCatchEntry_New.php
22 Oct 2018 10:45:29|30|pritirm@forstarfoods.com|DailyCatchEntry_New.php
22 Oct 2018 10:45:32|30|pritirm@forstarfoods.com|DailyCatchEntry_New.php
22 Oct 2018 10:45:43|30|pritirm@forstarfoods.com|DailyCatchEntry_New.php
22 Oct 2018 10:45:46|30|pritirm@forstarfoods.com|DailyCatchEntry_New.php
22 Oct 2018 10:45:48|30|pritirm@forstarfoods.com|DailyCatchEntry_New.php
22 Oct 2018 10:46:06|30|pritirm@forstarfoods.com|DailyCatchEntry_New.php
22 Oct 2018 10:46:07|30|pritirm@forstarfoods.com|DailyCatchEntry_New.php
22 Oct 2018 10:46:09|30|pritirm@forstarfoods.com|DailyCatchEntry_New.php
22 Oct 2018 10:46:10|30|pritirm@forstarfoods.com|DailyCatchEntry_New.php
22 Oct 2018 10:46:11|30|pritirm@forstarfoods.com|CatchEntryDeclaredItem.php
22 Oct 2018 10:46:12|30|pritirm@forstarfoods.com|DailyCatchEntry_New.php
22 Oct 2018 10:46:14|30|pritirm@forstarfoods.com|DailyCatchEntry_New.php
22 Oct 2018 10:46:16|30|pritirm@forstarfoods.com|DailyCatchEntry_New.php
22 Oct 2018 10:46:17|30|pritirm@forstarfoods.com|DailyCatchEntry_New.php
22 Oct 2018 10:46:23|30|pritirm@forstarfoods.com|DailyCatchEntry_New.php
22 Oct 2018 10:46:27|30|pritirm@forstarfoods.com|DailyCatchEntry_New.php
22 Oct 2018 10:46:28|30|pritirm@forstarfoods.com|CatchEntryDeclaredItem.php
22 Oct 2018 10:46:35|30|pritirm@forstarfoods.com|DailyCatchEntry_New.php
22 Oct 2018 10:46:36|30|pritirm@forstarfoods.com|DailyCatchEntry_New.php
22 Oct 2018 10:46:37|30|pritirm@forstarfoods.com|DailyCatchEntry_New.php
22 Oct 2018 10:46:39|30|pritirm@forstarfoods.com|DailyCatchEntry_New.php
22 Oct 2018 10:46:40|30|pritirm@forstarfoods.com|DailyCatchEntry_New.php
22 Oct 2018 10:46:41|30|pritirm@forstarfoods.com|DailyCatchEntry_New.php
22 Oct 2018 10:46:44|30|pritirm@forstarfoods.com|DailyCatchEntry_New.php
22 Oct 2018 10:46:45|30|pritirm@forstarfoods.com|DailyCatchEntry_New.php
22 Oct 2018 10:46:47|30|pritirm@forstarfoods.com|DailyCatchEntry_New.php
22 Oct 2018 10:47:19|30|pritirm@forstarfoods.com|DailyCatchEntry_New.php
22 Oct 2018 10:47:21|30|pritirm@forstarfoods.com|DailyCatchEntry_New.php
22 Oct 2018 10:47:22|30|pritirm@forstarfoods.com|DailyCatchEntry_New.php
22 Oct 2018 10:47:23|30|pritirm@forstarfoods.com|DailyCatchEntry_New.php
22 Oct 2018 10:47:24|30|pritirm@forstarfoods.com|DailyCatchEntry_New.php
22 Oct 2018 10:47:26|30|pritirm@forstarfoods.com|DailyCatchEntry_New.php
22 Oct 2018 10:47:30|30|pritirm@forstarfoods.com|DailyCatchEntry_New.php
22 Oct 2018 10:47:43|30|pritirm@forstarfoods.com|DailyCatchEntry_New.php
22 Oct 2018 10:47:44|30|pritirm@forstarfoods.com|DailyCatchEntry_New.php
22 Oct 2018 10:48:08|30|pritirm@forstarfoods.com|DailyCatchReport.php
22 Oct 2018 10:48:17|30|pritirm@forstarfoods.com|DailyCatchReport.php
22 Oct 2018 10:48:19|30|pritirm@forstarfoods.com|DailyCatchReport.php
22 Oct 2018 10:48:21|30|pritirm@forstarfoods.com|DailyCatchReport.php
22 Oct 2018 10:48:23|30|pritirm@forstarfoods.com|DailyCatchReport.php
22 Oct 2018 10:48:24|30|pritirm@forstarfoods.com|DailyCatchReport.php
22 Oct 2018 10:48:29|30|pritirm@forstarfoods.com|DailyCatchEntry_New.php
22 Oct 2018 10:48:38|30|pritirm@forstarfoods.com|DailyCatchEntry_New.php
22 Oct 2018 10:48:39|30|pritirm@forstarfoods.com|DailyCatchEntry_New.php
22 Oct 2018 10:48:41|30|pritirm@forstarfoods.com|DailyCatchEntry_New.php
22 Oct 2018 10:48:42|30|pritirm@forstarfoods.com|DailyCatchEntry_New.php
22 Oct 2018 10:48:43|30|pritirm@forstarfoods.com|DailyCatchEntry_New.php
22 Oct 2018 10:48:46|30|pritirm@forstarfoods.com|DailyCatchEntry_New.php
22 Oct 2018 10:48:57|30|pritirm@forstarfoods.com|DailyCatchEntry_New.php
22 Oct 2018 10:49:00|30|pritirm@forstarfoods.com|DailyCatchEntry_New.php
22 Oct 2018 10:49:01|30|pritirm@forstarfoods.com|DailyCatchEntry_New.php
22 Oct 2018 10:49:02|30|pritirm@forstarfoods.com|CatchEntryDeclaredItem.php
22 Oct 2018 10:49:04|30|pritirm@forstarfoods.com|DailyCatchEntry_New.php
22 Oct 2018 10:49:05|30|pritirm@forstarfoods.com|CatchEntryDeclaredItem.php
22 Oct 2018 10:51:24|30|pritirm@forstarfoods.com|DailyCatchEntry_New.php
22 Oct 2018 10:51:25|30|pritirm@forstarfoods.com|DailyCatchEntry_New.php
22 Oct 2018 10:51:28|30|pritirm@forstarfoods.com|DailyCatchEntry_New.php
22 Oct 2018 10:51:30|30|pritirm@forstarfoods.com|DailyCatchEntry_New.php
22 Oct 2018 10:51:31|30|pritirm@forstarfoods.com|DailyCatchEntry_New.php
22 Oct 2018 10:51:32|30|pritirm@forstarfoods.com|DailyCatchEntry_New.php
22 Oct 2018 10:51:34|30|pritirm@forstarfoods.com|CatchEntryDeclaredItem.php
22 Oct 2018 10:51:35|30|pritirm@forstarfoods.com|DailyCatchEntry_New.php
22 Oct 2018 10:51:36|30|pritirm@forstarfoods.com|DailyCatchEntry_New.php
22 Oct 2018 10:51:37|30|pritirm@forstarfoods.com|DailyCatchEntry_New.php
22 Oct 2018 10:51:38|30|pritirm@forstarfoods.com|DailyCatchEntry_New.php
22 Oct 2018 10:51:40|30|pritirm@forstarfoods.com|DailyCatchEntry_New.php
22 Oct 2018 10:51:41|30|pritirm@forstarfoods.com|DailyCatchEntry_New.php
22 Oct 2018 10:51:43|30|pritirm@forstarfoods.com|DailyCatchEntry_New.php
22 Oct 2018 10:51:44|30|pritirm@forstarfoods.com|DailyCatchEntry_New.php
22 Oct 2018 10:51:45|30|pritirm@forstarfoods.com|DailyCatchEntry_New.php
22 Oct 2018 10:51:47|30|pritirm@forstarfoods.com|DailyCatchEntry_New.php
22 Oct 2018 10:51:55|30|pritirm@forstarfoods.com|DailyCatchEntry_New.php
22 Oct 2018 10:51:57|30|pritirm@forstarfoods.com|CatchEntryDeclaredItem.php
22 Oct 2018 10:52:04|30|pritirm@forstarfoods.com|DailyCatchEntry_New.php
22 Oct 2018 10:52:05|30|pritirm@forstarfoods.com|DailyCatchEntry_New.php
22 Oct 2018 10:52:06|30|pritirm@forstarfoods.com|DailyCatchEntry_New.php
22 Oct 2018 10:52:07|30|pritirm@forstarfoods.com|DailyCatchEntry_New.php
22 Oct 2018 10:52:09|30|pritirm@forstarfoods.com|DailyCatchEntry_New.php
22 Oct 2018 10:52:10|30|pritirm@forstarfoods.com|DailyCatchEntry_New.php
22 Oct 2018 10:52:12|30|pritirm@forstarfoods.com|DailyCatchEntry_New.php
22 Oct 2018 10:52:13|30|pritirm@forstarfoods.com|DailyCatchEntry_New.php
22 Oct 2018 10:52:15|30|pritirm@forstarfoods.com|DailyCatchEntry_New.php
22 Oct 2018 10:52:26|30|pritirm@forstarfoods.com|DailyCatchEntry_New.php
22 Oct 2018 10:52:29|20|shiji@forstarfoods.com|SettlementSummary.php
22 Oct 2018 10:52:29|30|pritirm@forstarfoods.com|DailyCatchEntry_New.php
22 Oct 2018 10:52:32|20|shiji@forstarfoods.com|SupplierPayments.php
22 Oct 2018 10:52:33|20|shiji@forstarfoods.com|SupplierPayments.php
22 Oct 2018 10:52:34|20|shiji@forstarfoods.com|SupplierPayments.php
22 Oct 2018 10:52:36|30|pritirm@forstarfoods.com|DailyCatchEntry_New.php
22 Oct 2018 10:52:37|20|shiji@forstarfoods.com|SupplierAccount.php
22 Oct 2018 10:52:38|30|pritirm@forstarfoods.com|DailyCatchEntry_New.php
22 Oct 2018 10:52:39|30|pritirm@forstarfoods.com|DailyCatchEntry_New.php
22 Oct 2018 10:52:40|30|pritirm@forstarfoods.com|DailyCatchEntry_New.php
22 Oct 2018 10:52:41|30|pritirm@forstarfoods.com|DailyCatchEntry_New.php
22 Oct 2018 10:52:42|20|shiji@forstarfoods.com|SupplierAccount.php
22 Oct 2018 10:52:43|30|pritirm@forstarfoods.com|DailyCatchEntry_New.php
22 Oct 2018 10:52:44|30|pritirm@forstarfoods.com|DailyCatchEntry_New.php
22 Oct 2018 10:52:45|30|pritirm@forstarfoods.com|DailyCatchEntry_New.php
22 Oct 2018 10:52:46|30|pritirm@forstarfoods.com|DailyCatchEntry_New.php
22 Oct 2018 10:52:47|20|shiji@forstarfoods.com|SupplierAccount.php
22 Oct 2018 10:52:47|30|pritirm@forstarfoods.com|DailyCatchEntry_New.php
22 Oct 2018 10:52:49|30|pritirm@forstarfoods.com|DailyCatchEntry_New.php
22 Oct 2018 10:52:51|30|pritirm@forstarfoods.com|DailyCatchEntry_New.php
22 Oct 2018 10:52:52|30|pritirm@forstarfoods.com|CatchEntryDeclaredItem.php
22 Oct 2018 10:52:57|30|pritirm@forstarfoods.com|DailyCatchEntry_New.php
22 Oct 2018 10:52:58|30|pritirm@forstarfoods.com|DailyCatchEntry_New.php
22 Oct 2018 10:52:59|30|pritirm@forstarfoods.com|DailyCatchEntry_New.php
22 Oct 2018 10:53:04|30|pritirm@forstarfoods.com|DailyCatchEntry_New.php
22 Oct 2018 10:53:09|30|pritirm@forstarfoods.com|DailyCatchEntry_New.php
22 Oct 2018 10:53:10|30|pritirm@forstarfoods.com|CatchEntryDeclaredItem.php
22 Oct 2018 10:53:17|30|pritirm@forstarfoods.com|DailyCatchEntry_New.php
22 Oct 2018 10:53:18|30|pritirm@forstarfoods.com|DailyCatchEntry_New.php
22 Oct 2018 10:53:20|30|pritirm@forstarfoods.com|DailyCatchEntry_New.php
22 Oct 2018 10:53:21|30|pritirm@forstarfoods.com|DailyCatchEntry_New.php
22 Oct 2018 10:53:22|30|pritirm@forstarfoods.com|DailyCatchEntry_New.php
22 Oct 2018 10:53:23|30|pritirm@forstarfoods.com|DailyCatchEntry_New.php
22 Oct 2018 10:53:27|30|pritirm@forstarfoods.com|DailyCatchEntry_New.php
22 Oct 2018 10:53:35|30|pritirm@forstarfoods.com|DailyCatchEntry_New.php
22 Oct 2018 10:53:38|30|pritirm@forstarfoods.com|DailyCatchEntry_New.php
22 Oct 2018 10:53:42|30|pritirm@forstarfoods.com|DailyCatchEntry_New.php
22 Oct 2018 10:53:43|30|pritirm@forstarfoods.com|DailyCatchEntry_New.php
22 Oct 2018 10:53:44|30|pritirm@forstarfoods.com|DailyCatchEntry_New.php
22 Oct 2018 10:53:46|30|pritirm@forstarfoods.com|DailyCatchEntry_New.php
22 Oct 2018 10:53:47|30|pritirm@forstarfoods.com|DailyCatchEntry_New.php
22 Oct 2018 10:53:48|30|pritirm@forstarfoods.com|DailyCatchEntry_New.php
22 Oct 2018 10:53:49|30|pritirm@forstarfoods.com|DailyCatchEntry_New.php
22 Oct 2018 10:53:52|30|pritirm@forstarfoods.com|DailyCatchEntry_New.php
22 Oct 2018 10:53:53|30|pritirm@forstarfoods.com|CatchEntryDeclaredItem.php
22 Oct 2018 10:53:59|30|pritirm@forstarfoods.com|DailyCatchEntry_New.php
22 Oct 2018 10:54:11|30|pritirm@forstarfoods.com|DailyCatchEntry_New.php
22 Oct 2018 10:54:12|30|pritirm@forstarfoods.com|DailyCatchEntry_New.php
22 Oct 2018 10:54:13|30|pritirm@forstarfoods.com|DailyCatchEntry_New.php
22 Oct 2018 10:54:21|30|pritirm@forstarfoods.com|DailyCatchEntry_New.php
22 Oct 2018 10:54:22|30|pritirm@forstarfoods.com|DailyCatchEntry_New.php
22 Oct 2018 10:54:23|30|pritirm@forstarfoods.com|DailyCatchEntry_New.php
22 Oct 2018 10:54:26|30|pritirm@forstarfoods.com|DailyCatchEntry_New.php
22 Oct 2018 10:54:29|30|pritirm@forstarfoods.com|DailyCatchEntry_New.php
22 Oct 2018 10:54:30|30|pritirm@forstarfoods.com|DailyCatchEntry_New.php
22 Oct 2018 10:54:31|30|pritirm@forstarfoods.com|CatchEntryDeclaredItem.php
22 Oct 2018 10:54:33|30|pritirm@forstarfoods.com|DailyCatchEntry_New.php
22 Oct 2018 10:54:34|30|pritirm@forstarfoods.com|CatchEntryDeclaredItem.php
22 Oct 2018 10:54:36|30|pritirm@forstarfoods.com|DailyCatchEntry_New.php
22 Oct 2018 10:54:39|30|pritirm@forstarfoods.com|DailyCatchEntry_New.php
22 Oct 2018 10:54:40|30|pritirm@forstarfoods.com|CatchEntryDeclaredItem.php
22 Oct 2018 10:54:44|30|pritirm@forstarfoods.com|DailyCatchEntry_New.php
22 Oct 2018 10:54:46|30|pritirm@forstarfoods.com|DailyCatchEntry_New.php
22 Oct 2018 10:54:57|30|pritirm@forstarfoods.com|DailyCatchEntry_New.php
22 Oct 2018 10:55:00|30|pritirm@forstarfoods.com|DailyCatchEntry_New.php
22 Oct 2018 10:55:03|30|pritirm@forstarfoods.com|DailyCatchEntry_New.php
22 Oct 2018 10:58:22|30|pritirm@forstarfoods.com|DailyCatchEntry_New.php
22 Oct 2018 10:58:25|30|pritirm@forstarfoods.com|DailyCatchEntry_New.php
22 Oct 2018 10:58:26|30|pritirm@forstarfoods.com|DailyCatchEntry_New.php
22 Oct 2018 10:58:27|30|pritirm@forstarfoods.com|CatchEntryDeclaredItem.php
22 Oct 2018 10:58:28|30|pritirm@forstarfoods.com|DailyCatchEntry_New.php
22 Oct 2018 10:58:30|30|pritirm@forstarfoods.com|CatchEntryDeclaredItem.php
22 Oct 2018 10:58:39|30|pritirm@forstarfoods.com|DailyCatchEntry_New.php
22 Oct 2018 10:58:40|30|pritirm@forstarfoods.com|DailyCatchEntry_New.php
22 Oct 2018 10:58:50|30|pritirm@forstarfoods.com|DailyCatchEntry_New.php
22 Oct 2018 10:58:51|30|pritirm@forstarfoods.com|DailyCatchEntry_New.php
22 Oct 2018 10:58:52|30|pritirm@forstarfoods.com|DailyCatchEntry_New.php
22 Oct 2018 10:58:58|30|pritirm@forstarfoods.com|DailyCatchEntry_New.php
22 Oct 2018 10:59:01|30|pritirm@forstarfoods.com|DailyCatchEntry_New.php
22 Oct 2018 10:59:02|30|pritirm@forstarfoods.com|DailyCatchEntry_New.php
22 Oct 2018 10:59:03|30|pritirm@forstarfoods.com|CatchEntryDeclaredItem.php
22 Oct 2018 10:59:05|30|pritirm@forstarfoods.com|DailyCatchEntry_New.php
22 Oct 2018 10:59:06|30|pritirm@forstarfoods.com|CatchEntryDeclaredItem.php
22 Oct 2018 10:59:11|30|pritirm@forstarfoods.com|DailyCatchEntry_New.php
22 Oct 2018 10:59:12|30|pritirm@forstarfoods.com|DailyCatchEntry_New.php
22 Oct 2018 11:01:48|30|pritirm@forstarfoods.com|DailyCatchEntry_New.php
22 Oct 2018 11:01:49|30|pritirm@forstarfoods.com|DailyCatchEntry_New.php
22 Oct 2018 11:01:50|30|pritirm@forstarfoods.com|DailyCatchEntry_New.php
22 Oct 2018 11:01:51|30|pritirm@forstarfoods.com|DailyCatchEntry_New.php
22 Oct 2018 11:01:53|30|pritirm@forstarfoods.com|DailyCatchEntry_New.php
22 Oct 2018 11:01:54|30|pritirm@forstarfoods.com|DailyCatchEntry_New.php
22 Oct 2018 11:01:55|30|pritirm@forstarfoods.com|DailyCatchEntry_New.php
22 Oct 2018 11:01:58|30|pritirm@forstarfoods.com|DailyCatchEntry_New.php
22 Oct 2018 11:08:41|30|pritirm@forstarfoods.com|DailyCatchEntry_New.php
22 Oct 2018 11:08:43|30|pritirm@forstarfoods.com|DailyCatchEntry_New.php
22 Oct 2018 11:08:44|30|pritirm@forstarfoods.com|DailyCatchEntry_New.php
22 Oct 2018 11:08:45|30|pritirm@forstarfoods.com|DailyCatchEntry_New.php
22 Oct 2018 11:08:46|30|pritirm@forstarfoods.com|CatchEntryDeclaredItem.php
22 Oct 2018 11:08:48|30|pritirm@forstarfoods.com|DailyCatchEntry_New.php
22 Oct 2018 11:08:50|30|pritirm@forstarfoods.com|DailyCatchEntry_New.php
22 Oct 2018 11:08:51|30|pritirm@forstarfoods.com|DailyCatchEntry_New.php
22 Oct 2018 11:08:52|30|pritirm@forstarfoods.com|DailyCatchEntry_New.php
22 Oct 2018 11:09:02|30|pritirm@forstarfoods.com|DailyCatchEntry_New.php
22 Oct 2018 11:09:06|30|pritirm@forstarfoods.com|DailyCatchEntry_New.php
22 Oct 2018 11:09:07|30|pritirm@forstarfoods.com|CatchEntryDeclaredItem.php
22 Oct 2018 11:09:14|30|pritirm@forstarfoods.com|DailyCatchEntry_New.php
22 Oct 2018 11:09:15|30|pritirm@forstarfoods.com|DailyCatchEntry_New.php
22 Oct 2018 11:09:17|30|pritirm@forstarfoods.com|DailyCatchEntry_New.php