
14 Jun 2018 16:42:42|31|rekha@foresee.com|DailyCatchEntry_New.php
14 Jun 2018 16:42:48|31|rekha@foresee.com|DailyCatchEntry_New.php
14 Jun 2018 16:42:49|31|rekha@foresee.com|DailyCatchEntry_New.php
14 Jun 2018 16:42:50|31|rekha@foresee.com|DailyCatchEntry_New.php
14 Jun 2018 16:42:52|31|rekha@foresee.com|DailyCatchEntry_New.php
14 Jun 2018 16:42:56|31|rekha@foresee.com|DailyCatchEntry_New.php
14 Jun 2018 16:42:57|31|rekha@foresee.com|DailyCatchEntry_New.php
14 Jun 2018 16:42:59|31|rekha@foresee.com|DailyCatchEntry_New.php
14 Jun 2018 16:43:00|31|rekha@foresee.com|DailyCatchEntry_New.php
14 Jun 2018 16:43:01|31|rekha@foresee.com|CatchEntryDeclaredItem.php
14 Jun 2018 16:43:02|31|rekha@foresee.com|DailyCatchEntry_New.php
14 Jun 2018 16:43:16|31|rekha@foresee.com|DailyCatchEntry_New.php
14 Jun 2018 16:43:17|31|rekha@foresee.com|DailyCatchEntry_New.php
14 Jun 2018 16:43:18|31|rekha@foresee.com|DailyCatchEntry_New.php
14 Jun 2018 16:43:20|31|rekha@foresee.com|DailyCatchEntry_New.php
14 Jun 2018 16:43:21|31|rekha@foresee.com|DailyCatchEntry_New.php
14 Jun 2018 16:43:29|31|rekha@foresee.com|DailyCatchEntry_New.php
14 Jun 2018 16:43:30|31|rekha@foresee.com|DailyCatchEntry_New.php
14 Jun 2018 16:43:31|31|rekha@foresee.com|DailyCatchEntry_New.php
14 Jun 2018 16:43:37|31|rekha@foresee.com|DailyCatchEntry_New.php
14 Jun 2018 16:43:47|31|rekha@foresee.com|DailyCatchEntry_New.php
14 Jun 2018 16:44:13|31|rekha@foresee.com|DailyCatchEntry_New.php
14 Jun 2018 16:44:45|31|rekha@foresee.com|DailyCatchEntry_New.php
14 Jun 2018 16:45:11|31|rekha@foresee.com|DailyCatchEntry_New.php
14 Jun 2018 16:45:13|31|rekha@foresee.com|DailyCatchEntry_New.php
14 Jun 2018 16:45:14|31|rekha@foresee.com|DailyCatchEntry_New.php
14 Jun 2018 16:45:17|31|rekha@foresee.com|DailyCatchEntry_New.php
14 Jun 2018 16:45:18|31|rekha@foresee.com|DailyCatchEntry_New.php
14 Jun 2018 16:45:19|31|rekha@foresee.com|DailyCatchEntry_New.php
14 Jun 2018 16:45:21|31|rekha@foresee.com|DailyCatchEntry_New.php
14 Jun 2018 16:45:41|31|rekha@foresee.com|DailyCatchEntry_New.php
14 Jun 2018 16:45:42|31|rekha@foresee.com|DailyCatchEntry_New.php
14 Jun 2018 16:45:44|31|rekha@foresee.com|DailyCatchEntry_New.php
14 Jun 2018 16:45:46|31|rekha@foresee.com|DailyCatchEntry_New.php
14 Jun 2018 16:45:56|31|rekha@foresee.com|DailyCatchEntry_New.php
14 Jun 2018 16:45:57|31|rekha@foresee.com|DailyCatchEntry_New.php
14 Jun 2018 16:45:59|31|rekha@foresee.com|DailyCatchEntry_New.php
14 Jun 2018 16:46:00|31|rekha@foresee.com|DailyCatchEntry_New.php
14 Jun 2018 16:46:01|31|rekha@foresee.com|CatchEntryDeclaredItem.php
14 Jun 2018 16:46:02|31|rekha@foresee.com|DailyCatchEntry_New.php
14 Jun 2018 16:46:10|31|rekha@foresee.com|DailyCatchEntry_New.php
14 Jun 2018 16:46:11|31|rekha@foresee.com|DailyCatchEntry_New.php
14 Jun 2018 16:46:13|31|rekha@foresee.com|DailyCatchEntry_New.php
14 Jun 2018 16:46:14|31|rekha@foresee.com|DailyCatchEntry_New.php
14 Jun 2018 16:46:15|31|rekha@foresee.com|DailyCatchEntry_New.php
14 Jun 2018 16:46:17|31|rekha@foresee.com|DailyCatchEntry_New.php
14 Jun 2018 16:46:18|31|rekha@foresee.com|DailyCatchEntry_New.php
14 Jun 2018 16:46:19|31|rekha@foresee.com|DailyCatchEntry_New.php
14 Jun 2018 16:46:23|31|rekha@foresee.com|DailyCatchEntry_New.php
14 Jun 2018 16:46:26|31|rekha@foresee.com|DailyCatchEntry_New.php
14 Jun 2018 16:46:27|31|rekha@foresee.com|CatchEntryDeclaredItem.php
14 Jun 2018 16:46:35|31|rekha@foresee.com|DailyCatchEntry_New.php
14 Jun 2018 16:46:37|31|rekha@foresee.com|DailyCatchEntry_New.php
14 Jun 2018 16:46:45|31|rekha@foresee.com|DailyCatchEntry_New.php
14 Jun 2018 16:47:37|31|rekha@foresee.com|DailyCatchEntry_New.php
14 Jun 2018 16:48:07|31|rekha@foresee.com|DailyCatchEntry_New.php
14 Jun 2018 17:00:31|31|rekha@foresee.com|Home.php
14 Jun 2018 17:07:52|31|rekha@foresee.com|DailyCatchEntry_New.php
14 Jun 2018 17:08:26|31|rekha@foresee.com|ManageMenus.php
14 Jun 2018 17:08:35|31|rekha@foresee.com|ManageMenus.php
14 Jun 2018 17:08:39|31|rekha@foresee.com|ManageMenus.php
14 Jun 2018 17:08:50|31|rekha@foresee.com|ManageMenus.php
14 Jun 2018 17:08:56|31|rekha@foresee.com|FishMaster.php
14 Jun 2018 17:09:07|31|rekha@foresee.com|FishMaster.php
14 Jun 2018 17:09:39|31|rekha@foresee.com|BillingCompanyMaster.php
14 Jun 2018 17:09:46|31|rekha@foresee.com|BillingCompanyMaster.php
14 Jun 2018 17:12:59|31|rekha@foresee.com|DailyCatchEntry_New.php
14 Jun 2018 17:14:30|31|rekha@foresee.com|FishMaster.php
14 Jun 2018 17:14:37|31|rekha@foresee.com|DailyCatchEntry_New.php
14 Jun 2018 17:14:59|31|rekha@foresee.com|DailyCatchEntry_New.php
14 Jun 2018 17:15:18|31|rekha@foresee.com|DailyCatchEntry_New.php
14 Jun 2018 17:15:23|31|rekha@foresee.com|DailyCatchEntry_New.php
14 Jun 2018 17:15:25|31|rekha@foresee.com|DailyCatchEntry_New.php
14 Jun 2018 17:15:26|31|rekha@foresee.com|DailyCatchEntry_New.php
14 Jun 2018 17:15:28|31|rekha@foresee.com|DailyCatchEntry_New.php
14 Jun 2018 17:15:29|31|rekha@foresee.com|CatchEntryDeclaredItem.php
14 Jun 2018 17:15:30|31|rekha@foresee.com|DailyCatchEntry_New.php
14 Jun 2018 17:15:34|31|rekha@foresee.com|DailyCatchEntry_New.php
14 Jun 2018 17:15:35|31|rekha@foresee.com|DailyCatchEntry_New.php
14 Jun 2018 17:15:37|31|rekha@foresee.com|DailyCatchEntry_New.php
14 Jun 2018 17:15:38|31|rekha@foresee.com|DailyCatchEntry_New.php
14 Jun 2018 17:15:41|31|rekha@foresee.com|DailyCatchEntry_New.php
14 Jun 2018 17:15:42|31|rekha@foresee.com|CatchEntryDeclaredItem.php
14 Jun 2018 17:15:46|31|rekha@foresee.com|DailyCatchEntry_New.php
14 Jun 2018 17:15:54|31|rekha@foresee.com|DailyCatchEntry_New.php
14 Jun 2018 17:15:57|31|rekha@foresee.com|DailyCatchEntry_New.php
14 Jun 2018 17:16:34|31|rekha@foresee.com|DailyCatchEntry_New.php
14 Jun 2018 17:20:26|31|rekha@foresee.com|DailyCatchEntry_New.php
14 Jun 2018 17:21:27|31|rekha@foresee.com|DailyCatchEntry_New.php
14 Jun 2018 17:21:28|31|rekha@foresee.com|DailyCatchEntry_New.php
14 Jun 2018 17:21:30|31|rekha@foresee.com|DailyCatchEntry_New.php
14 Jun 2018 17:21:31|31|rekha@foresee.com|DailyCatchEntry_New.php
14 Jun 2018 17:23:07|31|rekha@foresee.com|DailyCatchEntry_New.php
14 Jun 2018 17:23:10|31|rekha@foresee.com|DailyCatchEntry_New.php
14 Jun 2018 17:23:16|31|rekha@foresee.com|DailyCatchEntry_New.php
14 Jun 2018 17:23:17|31|rekha@foresee.com|DailyCatchEntry_New.php
14 Jun 2018 17:23:19|31|rekha@foresee.com|DailyCatchEntry_New.php
14 Jun 2018 17:23:20|31|rekha@foresee.com|DailyCatchEntry_New.php
14 Jun 2018 17:23:21|31|rekha@foresee.com|DailyCatchEntry_New.php
14 Jun 2018 17:23:22|31|rekha@foresee.com|DailyCatchEntry_New.php
14 Jun 2018 17:23:24|31|rekha@foresee.com|DailyCatchEntry_New.php
14 Jun 2018 17:23:25|31|rekha@foresee.com|DailyCatchEntry_New.php
14 Jun 2018 17:23:26|31|rekha@foresee.com|DailyCatchEntry_New.php
14 Jun 2018 17:23:27|31|rekha@foresee.com|DailyCatchEntry_New.php
14 Jun 2018 17:23:28|31|rekha@foresee.com|DailyCatchEntry_New.php
14 Jun 2018 17:23:30|31|rekha@foresee.com|DailyCatchEntry_New.php
14 Jun 2018 17:23:31|31|rekha@foresee.com|DailyCatchEntry_New.php
14 Jun 2018 17:23:34|31|rekha@foresee.com|DailyCatchEntry_New.php
14 Jun 2018 17:23:36|31|rekha@foresee.com|CatchEntryDeclaredItem.php
14 Jun 2018 17:25:09|31|rekha@foresee.com|Home.php
14 Jun 2018 17:25:17|31|rekha@foresee.com|DailyCatchEntry_New.php
14 Jun 2018 17:25:30|31|rekha@foresee.com|DailyCatchEntry_New.php
14 Jun 2018 17:25:55|31|rekha@foresee.com|ManageUsers.php
14 Jun 2018 17:30:32|31|rekha@foresee.com|DailyCatchEntry_New.php
14 Jun 2018 17:35:33|31|rekha@foresee.com|DailyCatchEntry_New.php
14 Jun 2018 17:38:16|31|rekha@foresee.com|DailyCatchEntry_New.php
14 Jun 2018 17:38:24|31|rekha@foresee.com|DailyCatchEntry_New.php
14 Jun 2018 17:38:26|31|rekha@foresee.com|DailyCatchEntry_New.php
14 Jun 2018 17:38:27|31|rekha@foresee.com|DailyCatchEntry_New.php
14 Jun 2018 17:38:28|31|rekha@foresee.com|DailyCatchEntry_New.php
14 Jun 2018 17:38:29|31|rekha@foresee.com|DailyCatchEntry_New.php
14 Jun 2018 17:38:31|31|rekha@foresee.com|DailyCatchEntry_New.php
14 Jun 2018 17:40:00|31|rekha@foresee.com|DailyCatchEntry_New.php
14 Jun 2018 17:40:08|31|rekha@foresee.com|DailyCatchEntry_New.php
14 Jun 2018 17:40:15|31|rekha@foresee.com|DailyCatchEntry_New.php
14 Jun 2018 17:40:16|31|rekha@foresee.com|DailyCatchEntry_New.php
14 Jun 2018 17:40:17|31|rekha@foresee.com|DailyCatchEntry_New.php
14 Jun 2018 17:40:20|31|rekha@foresee.com|DailyCatchEntry_New.php
14 Jun 2018 17:40:35|31|rekha@foresee.com|DailyCatchEntry_New.php
14 Jun 2018 17:40:36|31|rekha@foresee.com|DailyCatchEntry_New.php
14 Jun 2018 17:40:38|31|rekha@foresee.com|DailyCatchEntry_New.php
14 Jun 2018 17:40:40|31|rekha@foresee.com|DailyCatchEntry_New.php
14 Jun 2018 17:40:41|31|rekha@foresee.com|DailyCatchEntry_New.php
14 Jun 2018 17:40:42|31|rekha@foresee.com|CatchEntryDeclaredItem.php
14 Jun 2018 17:40:43|31|rekha@foresee.com|DailyCatchEntry_New.php
14 Jun 2018 17:45:36|31|rekha@foresee.com|DailyCatchEntry_New.php
14 Jun 2018 17:45:38|31|rekha@foresee.com|DailyCatchEntry_New.php
14 Jun 2018 17:47:52|31|rekha@foresee.com|DailyCatchEntry_New.php
14 Jun 2018 17:50:38|31|rekha@foresee.com|DailyCatchEntry_New.php
14 Jun 2018 18:10:31|31|rekha@foresee.com|Home.php
14 Jun 2018 18:10:33|31|rekha@foresee.com|Home.php
14 Jun 2018 18:10:43|31|rekha@foresee.com|DailyCatchEntry_New.php
14 Jun 2018 18:10:49|31|rekha@foresee.com|DailyCatchEntry_New.php
14 Jun 2018 18:10:50|31|rekha@foresee.com|DailyCatchEntry_New.php
14 Jun 2018 18:10:52|31|rekha@foresee.com|DailyCatchEntry_New.php
14 Jun 2018 18:10:53|31|rekha@foresee.com|DailyCatchEntry_New.php
14 Jun 2018 18:10:54|31|rekha@foresee.com|DailyCatchEntry_New.php
14 Jun 2018 18:10:56|31|rekha@foresee.com|DailyCatchEntry_New.php
14 Jun 2018 18:11:01|31|rekha@foresee.com|DailyCatchEntry_New.php
14 Jun 2018 18:11:52|31|rekha@foresee.com|DailyCatchEntry_New.php
14 Jun 2018 18:12:52|31|rekha@foresee.com|DailyCatchEntry_New.php
14 Jun 2018 18:13:04|31|rekha@foresee.com|DailyCatchEntry_New.php
14 Jun 2018 18:16:53|31|rekha@foresee.com|DailyCatchEntry_New.php
14 Jun 2018 18:17:47|31|rekha@foresee.com|DailyCatchEntry_New.php
14 Jun 2018 18:18:26|31|rekha@foresee.com|DailyCatchEntry_New.php
14 Jun 2018 18:18:28|31|rekha@foresee.com|DailyCatchEntry_New.php
14 Jun 2018 18:18:29|31|rekha@foresee.com|DailyCatchEntry_New.php
14 Jun 2018 18:18:31|31|rekha@foresee.com|DailyCatchEntry_New.php
14 Jun 2018 18:18:32|31|rekha@foresee.com|DailyCatchEntry_New.php
14 Jun 2018 18:18:33|31|rekha@foresee.com|DailyCatchEntry_New.php
14 Jun 2018 18:18:35|31|rekha@foresee.com|DailyCatchEntry_New.php
14 Jun 2018 18:21:55|31|rekha@foresee.com|DailyCatchEntry_New.php
14 Jun 2018 18:26:56|31|rekha@foresee.com|DailyCatchEntry_New.php
14 Jun 2018 18:31:58|31|rekha@foresee.com|DailyCatchEntry_New.php
15 Jun 2018 11:01:29|31|rekha@foresee.com|DailyCatchEntry_New.php
15 Jun 2018 11:01:30|31|rekha@foresee.com|DailyCatchEntry_New.php
15 Jun 2018 11:01:32|31|rekha@foresee.com|DailyCatchEntry_New.php
15 Jun 2018 11:01:33|31|rekha@foresee.com|DailyCatchEntry_New.php
15 Jun 2018 11:01:34|31|rekha@foresee.com|DailyCatchEntry_New.php
15 Jun 2018 11:01:35|31|rekha@foresee.com|DailyCatchEntry_New.php
15 Jun 2018 11:01:37|31|rekha@foresee.com|DailyCatchEntry_New.php
15 Jun 2018 11:03:12|31|rekha@foresee.com|SupplierAccount.php
15 Jun 2018 11:05:55|31|rekha@foresee.com|Home.php
15 Jun 2018 11:08:13|31|rekha@foresee.com|SupplierMaster.php
15 Jun 2018 11:09:10|31|rekha@foresee.com|ManageChallan.php
15 Jun 2018 11:30:08|31|rekha@foresee.com|ManageChallan.php
15 Jun 2018 11:37:20|31|rekha@foresee.com|DailyCatchEntry_New.php
15 Jun 2018 11:37:32|31|rekha@foresee.com|DailyCatchEntry_New.php
15 Jun 2018 11:37:34|31|rekha@foresee.com|DailyCatchEntry_New.php
15 Jun 2018 11:37:35|31|rekha@foresee.com|DailyCatchEntry_New.php
15 Jun 2018 11:37:36|31|rekha@foresee.com|DailyCatchEntry_New.php
15 Jun 2018 11:37:37|31|rekha@foresee.com|DailyCatchEntry_New.php
15 Jun 2018 11:37:39|31|rekha@foresee.com|DailyCatchEntry_New.php
15 Jun 2018 11:37:40|31|rekha@foresee.com|DailyCatchEntry_New.php
15 Jun 2018 12:14:27|31|rekha@foresee.com|DailyCatchReport.php
15 Jun 2018 12:14:36|31|rekha@foresee.com|DailyCatchReport.php
15 Jun 2018 12:14:42|31|rekha@foresee.com|DailyCatchReport.php
15 Jun 2018 12:14:49|31|rekha@foresee.com|DailyCatchReport.php
15 Jun 2018 12:16:05|31|rekha@foresee.com|DailyCatchEntry_New.php
15 Jun 2018 12:16:09|31|rekha@foresee.com|DailyCatchReport.php
15 Jun 2018 12:16:21|31|rekha@foresee.com|DailyCatchReport.php
15 Jun 2018 12:16:24|31|rekha@foresee.com|DailyCatchReport.php
15 Jun 2018 12:16:28|31|rekha@foresee.com|DailyCatchReport.php
15 Jun 2018 12:16:30|31|rekha@foresee.com|DailyCatchReport.php
15 Jun 2018 12:16:31|31|rekha@foresee.com|DailyCatchReport.php
15 Jun 2018 12:16:41|31|rekha@foresee.com|DailyCatchReport.php
15 Jun 2018 12:18:56|31|rekha@foresee.com|DailyCatchReport.php
15 Jun 2018 12:19:03|31|rekha@foresee.com|DailyCatchReport.php
15 Jun 2018 12:19:25|31|rekha@foresee.com|DailyCatchReport.php
15 Jun 2018 12:19:40|31|rekha@foresee.com|DailyCatchReport.php
15 Jun 2018 12:19:54|31|rekha@foresee.com|DailyCatchReport.php
15 Jun 2018 12:20:17|31|rekha@foresee.com|DailyCatchReport.php
15 Jun 2018 12:20:33|31|rekha@foresee.com|DailyCatchReport.php
15 Jun 2018 12:20:55|31|rekha@foresee.com|DailyCatchReport.php
15 Jun 2018 12:21:06|31|rekha@foresee.com|DailyCatchReport.php
15 Jun 2018 12:23:19|31|rekha@foresee.com|DailyCatchReport.php
15 Jun 2018 12:24:28|31|rekha@foresee.com|DailyCatchSummary.php
15 Jun 2018 12:26:01|31|rekha@foresee.com|Home.php
15 Jun 2018 12:28:32|31|rekha@foresee.com|DailyCatchEntry_New.php
15 Jun 2018 12:28:40|31|rekha@foresee.com|DailyCatchEntry_New.php
15 Jun 2018 12:28:46|31|rekha@foresee.com|DailyCatchEntry_New.php
15 Jun 2018 12:28:47|31|rekha@foresee.com|DailyCatchEntry_New.php
15 Jun 2018 12:28:49|31|rekha@foresee.com|DailyCatchEntry_New.php
15 Jun 2018 12:28:50|31|rekha@foresee.com|DailyCatchEntry_New.php
15 Jun 2018 12:28:51|31|rekha@foresee.com|DailyCatchEntry_New.php
15 Jun 2018 12:28:52|31|rekha@foresee.com|DailyCatchEntry_New.php
15 Jun 2018 12:28:54|31|rekha@foresee.com|DailyCatchEntry_New.php
15 Jun 2018 12:34:02|31|rekha@foresee.com|DailyCatchReport.php
15 Jun 2018 12:34:14|31|rekha@foresee.com|Home.php
15 Jun 2018 12:51:23|31|rekha@foresee.com|ManageChallan.php
15 Jun 2018 12:51:29|31|rekha@foresee.com|ManageChallan.php
15 Jun 2018 12:52:09|31|rekha@foresee.com|ManageChallan.php
15 Jun 2018 12:52:45|31|rekha@foresee.com|SupplierMaster.php
15 Jun 2018 13:08:08|31|rekha@foresee.com|DailyCatchReport.php
15 Jun 2018 13:08:21|31|rekha@foresee.com|DailyCatchReport.php
15 Jun 2018 13:09:02|31|rekha@foresee.com|Home.php
15 Jun 2018 13:09:04|31|rekha@foresee.com|Home.php
15 Jun 2018 13:09:12|31|rekha@foresee.com|DailyCatchEntry_New.php
15 Jun 2018 13:09:17|31|rekha@foresee.com|DailyCatchEntry_New.php
15 Jun 2018 13:09:18|31|rekha@foresee.com|DailyCatchEntry_New.php
15 Jun 2018 13:09:19|31|rekha@foresee.com|DailyCatchEntry_New.php
15 Jun 2018 13:09:21|31|rekha@foresee.com|DailyCatchEntry_New.php
15 Jun 2018 13:09:22|31|rekha@foresee.com|DailyCatchEntry_New.php
15 Jun 2018 13:09:23|31|rekha@foresee.com|DailyCatchEntry_New.php
15 Jun 2018 13:09:31|31|rekha@foresee.com|DailyCatchReport.php
15 Jun 2018 13:09:48|31|rekha@foresee.com|DailyCatchReport.php
15 Jun 2018 13:09:54|31|rekha@foresee.com|DailyCatchReport.php
15 Jun 2018 13:10:37|31|rekha@foresee.com|DailyCatchReport.php
15 Jun 2018 13:15:28|31|rekha@foresee.com|DailyCatchReport.php
15 Jun 2018 13:15:37|31|rekha@foresee.com|DailyCatchReport.php
15 Jun 2018 13:16:34|31|rekha@foresee.com|DailyCatchReport.php
15 Jun 2018 13:17:08|31|rekha@foresee.com|DailyCatchReport.php
15 Jun 2018 13:36:14|31|rekha@foresee.com|DailyCatchReport.php
15 Jun 2018 13:36:21|31|rekha@foresee.com|DailyCatchReport.php
15 Jun 2018 13:37:51|31|rekha@foresee.com|DailyCatchReport.php
15 Jun 2018 13:38:00|31|rekha@foresee.com|DailyCatchReport.php
15 Jun 2018 13:38:01|31|rekha@foresee.com|DailyCatchReport.php
15 Jun 2018 13:38:05|31|rekha@foresee.com|DailyCatchReport.php
15 Jun 2018 13:38:06|31|rekha@foresee.com|DailyCatchReport.php
15 Jun 2018 13:38:08|31|rekha@foresee.com|DailyCatchReport.php
15 Jun 2018 13:38:09|31|rekha@foresee.com|DailyCatchReport.php
15 Jun 2018 13:38:11|31|rekha@foresee.com|DailyCatchReport.php
15 Jun 2018 13:38:13|31|rekha@foresee.com|DailyCatchReport.php
15 Jun 2018 13:40:34|31|rekha@foresee.com|DailyCatchEntry_New.php
15 Jun 2018 13:40:46|31|rekha@foresee.com|DailyCatchEntry_New.php
15 Jun 2018 13:40:47|31|rekha@foresee.com|DailyCatchEntry_New.php
15 Jun 2018 13:40:49|31|rekha@foresee.com|DailyCatchEntry_New.php
15 Jun 2018 13:40:58|31|rekha@foresee.com|DailyCatchEntry_New.php
15 Jun 2018 13:40:59|31|rekha@foresee.com|DailyCatchEntry_New.php
15 Jun 2018 13:41:00|31|rekha@foresee.com|DailyCatchEntry_New.php
15 Jun 2018 13:41:07|31|rekha@foresee.com|DailyCatchReport.php
15 Jun 2018 13:41:15|31|rekha@foresee.com|DailyCatchReport.php
15 Jun 2018 13:41:17|31|rekha@foresee.com|DailyCatchReport.php
15 Jun 2018 13:41:19|31|rekha@foresee.com|DailyCatchReport.php
15 Jun 2018 13:41:21|31|rekha@foresee.com|DailyCatchReport.php
15 Jun 2018 13:41:23|31|rekha@foresee.com|DailyCatchReport.php
15 Jun 2018 13:41:25|31|rekha@foresee.com|DailyCatchReport.php
15 Jun 2018 13:41:28|31|rekha@foresee.com|DailyCatchReport.php
15 Jun 2018 13:41:30|31|rekha@foresee.com|DailyCatchReport.php
15 Jun 2018 13:41:51|31|rekha@foresee.com|DailyCatchReport.php
15 Jun 2018 13:54:36|31|rekha@foresee.com|DailyCatchEntry_New.php
15 Jun 2018 13:54:52|31|rekha@foresee.com|DailyCatchEntry_New.php
15 Jun 2018 13:54:53|31|rekha@foresee.com|DailyCatchEntry_New.php
15 Jun 2018 13:54:55|31|rekha@foresee.com|DailyCatchEntry_New.php
15 Jun 2018 13:54:56|31|rekha@foresee.com|DailyCatchEntry_New.php
15 Jun 2018 13:55:01|31|rekha@foresee.com|DailyCatchEntry_New.php
15 Jun 2018 13:55:03|31|rekha@foresee.com|DailyCatchEntry_New.php
15 Jun 2018 13:55:04|31|rekha@foresee.com|DailyCatchEntry_New.php
15 Jun 2018 13:55:05|31|rekha@foresee.com|DailyCatchEntry_New.php
15 Jun 2018 13:55:07|31|rekha@foresee.com|CatchEntryDeclaredItem.php
15 Jun 2018 13:55:08|31|rekha@foresee.com|DailyCatchEntry_New.php
15 Jun 2018 13:55:12|31|rekha@foresee.com|DailyCatchEntry_New.php
15 Jun 2018 13:55:13|31|rekha@foresee.com|DailyCatchEntry_New.php
15 Jun 2018 13:55:14|31|rekha@foresee.com|DailyCatchEntry_New.php
15 Jun 2018 13:55:16|31|rekha@foresee.com|DailyCatchEntry_New.php
15 Jun 2018 13:55:17|31|rekha@foresee.com|DailyCatchEntry_New.php
15 Jun 2018 13:55:19|31|rekha@foresee.com|DailyCatchEntry_New.php
15 Jun 2018 13:55:21|31|rekha@foresee.com|DailyCatchEntry_New.php
15 Jun 2018 13:55:22|31|rekha@foresee.com|DailyCatchEntry_New.php
15 Jun 2018 13:55:23|31|rekha@foresee.com|DailyCatchEntry_New.php
15 Jun 2018 13:55:24|31|rekha@foresee.com|DailyCatchEntry_New.php
15 Jun 2018 13:55:32|31|rekha@foresee.com|DailyCatchEntry_New.php
15 Jun 2018 13:55:33|31|rekha@foresee.com|DailyCatchEntry_New.php
15 Jun 2018 13:55:34|31|rekha@foresee.com|DailyCatchEntry_New.php
15 Jun 2018 13:55:36|31|rekha@foresee.com|DailyCatchEntry_New.php
15 Jun 2018 13:55:42|31|rekha@foresee.com|DailyCatchEntry_New.php
15 Jun 2018 13:55:45|31|rekha@foresee.com|DailyCatchEntry_New.php
15 Jun 2018 13:55:47|31|rekha@foresee.com|CatchEntryDeclaredItem.php
15 Jun 2018 13:55:56|31|rekha@foresee.com|DailyCatchEntry_New.php
15 Jun 2018 13:56:06|31|rekha@foresee.com|DailyCatchEntry_New.php
15 Jun 2018 13:56:22|31|rekha@foresee.com|DailyCatchEntry_New.php
15 Jun 2018 13:56:31|31|rekha@foresee.com|DailyCatchEntry_New.php
15 Jun 2018 13:56:41|31|rekha@foresee.com|DailyCatchEntry_New.php
15 Jun 2018 13:56:51|31|rekha@foresee.com|DailyCatchEntry_New.php
15 Jun 2018 13:57:01|31|rekha@foresee.com|DailyCatchEntry_New.php
15 Jun 2018 13:57:06|31|rekha@foresee.com|DailyCatchEntry_New.php
15 Jun 2018 13:57:43|31|rekha@foresee.com|DailyCatchEntry_New.php
15 Jun 2018 13:57:47|31|rekha@foresee.com|DailyCatchEntry_New.php
15 Jun 2018 13:57:52|31|rekha@foresee.com|DailyCatchEntry_New.php
15 Jun 2018 13:57:53|31|rekha@foresee.com|DailyCatchEntry_New.php
15 Jun 2018 13:57:54|31|rekha@foresee.com|DailyCatchEntry_New.php
15 Jun 2018 13:57:55|31|rekha@foresee.com|DailyCatchEntry_New.php
15 Jun 2018 13:59:58|31|rekha@foresee.com|DailyCatchEntry_New.php
15 Jun 2018 14:00:01|31|rekha@foresee.com|DailyCatchEntry_New.php
15 Jun 2018 14:00:03|31|rekha@foresee.com|CatchEntryDeclaredItem.php
15 Jun 2018 14:00:06|31|rekha@foresee.com|DailyCatchEntry_New.php
15 Jun 2018 14:00:15|31|rekha@foresee.com|DailyCatchEntry_New.php
15 Jun 2018 14:00:30|31|rekha@foresee.com|DailyCatchEntry_New.php
15 Jun 2018 14:00:33|31|rekha@foresee.com|DailyCatchEntry_New.php
15 Jun 2018 14:00:34|31|rekha@foresee.com|DailyCatchEntry_New.php
15 Jun 2018 14:00:36|31|rekha@foresee.com|CatchEntryDeclaredItem.php
15 Jun 2018 14:00:37|31|rekha@foresee.com|DailyCatchEntry_New.php
15 Jun 2018 14:00:38|31|rekha@foresee.com|CatchEntryDeclaredItem.php
15 Jun 2018 14:01:46|31|rekha@foresee.com|DailyCatchEntry_New.php
15 Jun 2018 14:01:49|31|rekha@foresee.com|DailyCatchEntry_New.php
15 Jun 2018 14:01:52|31|rekha@foresee.com|DailyCatchEntry_New.php
15 Jun 2018 14:01:56|31|rekha@foresee.com|DailyCatchEntry_New.php
15 Jun 2018 14:01:59|31|rekha@foresee.com|DailyCatchEntry_New.php
15 Jun 2018 14:02:00|31|rekha@foresee.com|DailyCatchEntry_New.php
15 Jun 2018 14:02:01|31|rekha@foresee.com|CatchEntryDeclaredItem.php
15 Jun 2018 14:02:02|31|rekha@foresee.com|DailyCatchEntry_New.php
15 Jun 2018 14:02:03|31|rekha@foresee.com|CatchEntryDeclaredItem.php
15 Jun 2018 14:02:10|31|rekha@foresee.com|DailyCatchReport.php
15 Jun 2018 14:02:22|31|rekha@foresee.com|DailyCatchReport.php
15 Jun 2018 14:02:29|31|rekha@foresee.com|DailyCatchReport.php
15 Jun 2018 14:02:42|31|rekha@foresee.com|DailyCatchReport.php
15 Jun 2018 14:02:44|31|rekha@foresee.com|DailyCatchReport.php
15 Jun 2018 14:02:45|31|rekha@foresee.com|DailyCatchReport.php
15 Jun 2018 14:03:49|31|rekha@foresee.com|PrintDailyCatchReportMemo.php
15 Jun 2018 14:04:22|31|rekha@foresee.com|DailyCatchReport.php
15 Jun 2018 14:04:35|31|rekha@foresee.com|DailyCatchEntry_New.php
15 Jun 2018 14:04:44|31|rekha@foresee.com|DailyCatchEntry_New.php
15 Jun 2018 14:04:46|31|rekha@foresee.com|DailyCatchEntry_New.php
15 Jun 2018 14:04:47|31|rekha@foresee.com|DailyCatchEntry_New.php
15 Jun 2018 14:04:49|31|rekha@foresee.com|CatchEntryDeclaredItem.php
15 Jun 2018 14:04:50|31|rekha@foresee.com|DailyCatchEntry_New.php
15 Jun 2018 14:04:51|31|rekha@foresee.com|CatchEntryDeclaredItem.php
15 Jun 2018 14:08:25|31|rekha@foresee.com|DailyCatchEntry_New.php
15 Jun 2018 14:08:27|31|rekha@foresee.com|DailyCatchEntry_New.php
15 Jun 2018 14:08:30|31|rekha@foresee.com|DailyCatchEntry_New.php
15 Jun 2018 14:08:34|31|rekha@foresee.com|DailyCatchEntry_New.php
15 Jun 2018 14:08:36|31|rekha@foresee.com|DailyCatchEntry_New.php
15 Jun 2018 14:08:38|31|rekha@foresee.com|DailyCatchEntry_New.php
15 Jun 2018 14:08:39|31|rekha@foresee.com|CatchEntryDeclaredItem.php
15 Jun 2018 14:08:40|31|rekha@foresee.com|DailyCatchEntry_New.php
15 Jun 2018 14:08:41|31|rekha@foresee.com|CatchEntryDeclaredItem.php
15 Jun 2018 14:08:53|31|rekha@foresee.com|DailyCatchEntry_New.php
15 Jun 2018 14:09:01|31|rekha@foresee.com|DailyCatchEntry_New.php
15 Jun 2018 14:09:02|31|rekha@foresee.com|DailyCatchEntry_New.php
15 Jun 2018 14:09:03|31|rekha@foresee.com|DailyCatchEntry_New.php
15 Jun 2018 14:09:04|31|rekha@foresee.com|DailyCatchEntry_New.php
15 Jun 2018 14:27:55|31|rekha@foresee.com|DailyCatchEntry_New.php
15 Jun 2018 14:27:59|31|rekha@foresee.com|DailyCatchEntry_New.php
15 Jun 2018 14:28:01|31|rekha@foresee.com|DailyCatchEntry_New.php
15 Jun 2018 14:28:03|31|rekha@foresee.com|DailyCatchEntry_New.php
15 Jun 2018 14:28:04|31|rekha@foresee.com|CatchEntryDeclaredItem.php
15 Jun 2018 14:28:05|31|rekha@foresee.com|DailyCatchEntry_New.php
15 Jun 2018 14:28:06|31|rekha@foresee.com|CatchEntryDeclaredItem.php
15 Jun 2018 14:33:02|31|rekha@foresee.com|DailyCatchEntry_New.php
15 Jun 2018 14:38:03|31|rekha@foresee.com|DailyCatchEntry_New.php
15 Jun 2018 14:45:24|31|rekha@foresee.com|Home.php
15 Jun 2018 14:45:31|31|rekha@foresee.com|DailyCatchEntry_New.php
15 Jun 2018 14:45:40|31|rekha@foresee.com|DailyCatchReport.php
15 Jun 2018 14:45:52|31|rekha@foresee.com|DailyCatchReport.php
15 Jun 2018 14:45:59|31|rekha@foresee.com|DailyCatchReport.php
15 Jun 2018 14:46:06|31|rekha@foresee.com|DailyCatchReport.php
15 Jun 2018 14:46:08|31|rekha@foresee.com|DailyCatchReport.php
15 Jun 2018 14:46:09|31|rekha@foresee.com|DailyCatchReport.php
15 Jun 2018 14:48:29|31|rekha@foresee.com|PrintDailyCatchReportMemo.php
15 Jun 2018 14:48:51|31|rekha@foresee.com|PrintDailyCatchReportMemo.php
15 Jun 2018 14:49:10|31|rekha@foresee.com|PrintDailyCatchReportMemo.php
15 Jun 2018 14:49:35|31|rekha@foresee.com|PrintDailyCatchReportMemo.php
15 Jun 2018 14:49:52|31|rekha@foresee.com|PrintDailyCatchReportMemo.php
15 Jun 2018 14:50:07|31|rekha@foresee.com|DailyCatchReport.php
15 Jun 2018 14:50:09|31|rekha@foresee.com|DailyCatchReport.php
15 Jun 2018 14:50:10|31|rekha@foresee.com|DailyCatchReport.php
15 Jun 2018 14:50:15|31|rekha@foresee.com|DailyCatchReport.php
15 Jun 2018 14:50:17|31|rekha@foresee.com|DailyCatchReport.php
15 Jun 2018 14:50:18|31|rekha@foresee.com|DailyCatchReport.php
15 Jun 2018 14:52:03|31|rekha@foresee.com|DailyCatchReport.php
15 Jun 2018 14:52:15|31|rekha@foresee.com|DailyCatchReport.php
15 Jun 2018 14:52:19|31|rekha@foresee.com|DailyCatchReport.php
15 Jun 2018 14:52:29|31|rekha@foresee.com|DailyCatchReport.php
15 Jun 2018 14:52:31|31|rekha@foresee.com|DailyCatchReport.php
15 Jun 2018 14:52:32|31|rekha@foresee.com|DailyCatchReport.php
15 Jun 2018 14:52:39|31|rekha@foresee.com|DailyCatchReport.php
15 Jun 2018 14:52:40|31|rekha@foresee.com|DailyCatchReport.php
15 Jun 2018 14:52:41|31|rekha@foresee.com|DailyCatchReport.php
15 Jun 2018 14:52:55|31|rekha@foresee.com|PrintDailyCatchReportMemo.php
15 Jun 2018 14:54:07|31|rekha@foresee.com|PrintDailyCatchReportMemo.php
15 Jun 2018 14:54:19|31|rekha@foresee.com|PrintDailyCatchReportMemo.php
15 Jun 2018 14:58:12|31|rekha@foresee.com|DailyCatchReport.php
15 Jun 2018 14:58:13|31|rekha@foresee.com|DailyCatchReport.php
15 Jun 2018 14:58:14|31|rekha@foresee.com|DailyCatchReport.php
15 Jun 2018 14:58:46|31|rekha@foresee.com|DailyCatchEntry_New.php
15 Jun 2018 14:58:54|31|rekha@foresee.com|DailyCatchEntry_New.php
15 Jun 2018 14:58:56|31|rekha@foresee.com|DailyCatchEntry_New.php
15 Jun 2018 14:58:57|31|rekha@foresee.com|DailyCatchEntry_New.php
15 Jun 2018 14:58:58|31|rekha@foresee.com|DailyCatchEntry_New.php
15 Jun 2018 14:59:26|31|rekha@foresee.com|PurchaseStatement.php
15 Jun 2018 14:59:33|31|rekha@foresee.com|DailyCatchEntry_New.php
15 Jun 2018 14:59:43|31|rekha@foresee.com|DailyCatchReport.php
15 Jun 2018 14:59:53|31|rekha@foresee.com|DailyCatchReport.php
15 Jun 2018 14:59:56|31|rekha@foresee.com|DailyCatchReport.php
15 Jun 2018 15:00:05|31|rekha@foresee.com|DailyCatchReport.php
15 Jun 2018 15:00:06|31|rekha@foresee.com|DailyCatchReport.php
15 Jun 2018 15:00:08|31|rekha@foresee.com|DailyCatchReport.php
15 Jun 2018 15:00:44|30|pritirm@forstarfoods.com|DailyCatchEntry_New.php
15 Jun 2018 15:00:52|30|pritirm@forstarfoods.com|DailyCatchEntry_New.php
15 Jun 2018 15:00:54|30|pritirm@forstarfoods.com|DailyCatchEntry_New.php
15 Jun 2018 15:00:55|30|pritirm@forstarfoods.com|DailyCatchEntry_New.php
15 Jun 2018 15:00:56|30|pritirm@forstarfoods.com|DailyCatchEntry_New.php
15 Jun 2018 15:00:58|30|pritirm@forstarfoods.com|CatchEntryDeclaredItem.php
15 Jun 2018 15:00:59|30|pritirm@forstarfoods.com|DailyCatchEntry_New.php
15 Jun 2018 15:01:05|30|pritirm@forstarfoods.com|DailyCatchEntry_New.php
15 Jun 2018 15:01:06|30|pritirm@forstarfoods.com|DailyCatchEntry_New.php
15 Jun 2018 15:01:07|30|pritirm@forstarfoods.com|DailyCatchEntry_New.php
15 Jun 2018 15:01:08|30|pritirm@forstarfoods.com|DailyCatchEntry_New.php
15 Jun 2018 15:01:09|30|pritirm@forstarfoods.com|DailyCatchEntry_New.php
15 Jun 2018 15:01:12|30|pritirm@forstarfoods.com|DailyCatchEntry_New.php
15 Jun 2018 15:01:13|30|pritirm@forstarfoods.com|DailyCatchEntry_New.php
15 Jun 2018 15:01:14|30|pritirm@forstarfoods.com|DailyCatchEntry_New.php
15 Jun 2018 15:01:19|30|pritirm@forstarfoods.com|DailyCatchEntry_New.php
15 Jun 2018 15:01:24|31|rekha@foresee.com|DailyCatchReport.php
15 Jun 2018 15:01:25|31|rekha@foresee.com|DailyCatchReport.php
15 Jun 2018 15:01:29|30|pritirm@forstarfoods.com|DailyCatchEntry_New.php
15 Jun 2018 15:01:30|30|pritirm@forstarfoods.com|CatchEntryDeclaredItem.php
15 Jun 2018 15:01:37|31|rekha@foresee.com|DailyCatchEntry_New.php
15 Jun 2018 15:01:43|30|pritirm@forstarfoods.com|DailyCatchEntry_New.php
15 Jun 2018 15:01:44|30|pritirm@forstarfoods.com|DailyCatchEntry_New.php
15 Jun 2018 15:01:45|30|pritirm@forstarfoods.com|DailyCatchEntry_New.php
15 Jun 2018 15:01:47|31|rekha@foresee.com|DailyCatchEntry_New.php
15 Jun 2018 15:01:48|31|rekha@foresee.com|DailyCatchEntry_New.php
15 Jun 2018 15:01:49|31|rekha@foresee.com|DailyCatchEntry_New.php
15 Jun 2018 15:01:52|31|rekha@foresee.com|DailyCatchEntry_New.php
15 Jun 2018 15:01:53|30|pritirm@forstarfoods.com|DailyCatchEntry_New.php
15 Jun 2018 15:01:55|30|pritirm@forstarfoods.com|DailyCatchEntry_New.php
15 Jun 2018 15:01:59|30|pritirm@forstarfoods.com|DailyCatchEntry_New.php
15 Jun 2018 15:02:00|30|pritirm@forstarfoods.com|DailyCatchEntry_New.php
15 Jun 2018 15:02:01|30|pritirm@forstarfoods.com|DailyCatchEntry_New.php
15 Jun 2018 15:02:02|30|pritirm@forstarfoods.com|DailyCatchEntry_New.php
15 Jun 2018 15:02:04|30|pritirm@forstarfoods.com|DailyCatchEntry_New.php
15 Jun 2018 15:02:05|30|pritirm@forstarfoods.com|DailyCatchEntry_New.php
15 Jun 2018 15:02:34|30|pritirm@forstarfoods.com|DailyCatchEntry_New.php
15 Jun 2018 15:02:36|30|pritirm@forstarfoods.com|DailyCatchEntry_New.php
15 Jun 2018 15:02:38|30|pritirm@forstarfoods.com|CatchEntryDeclaredItem.php
15 Jun 2018 15:05:54|30|pritirm@forstarfoods.com|DailyCatchEntry_New.php
15 Jun 2018 15:07:42|31|rekha@foresee.com|Home.php
15 Jun 2018 15:07:53|31|rekha@foresee.com|DailyCatchReport.php
15 Jun 2018 15:08:02|31|rekha@foresee.com|DailyCatchReport.php
15 Jun 2018 15:08:06|31|rekha@foresee.com|DailyCatchReport.php
15 Jun 2018 15:08:11|31|rekha@foresee.com|DailyCatchReport.php
15 Jun 2018 15:08:13|31|rekha@foresee.com|DailyCatchReport.php
15 Jun 2018 15:08:14|31|rekha@foresee.com|DailyCatchReport.php
15 Jun 2018 15:08:21|31|rekha@foresee.com|PrintDailyCatchReportMemo.php
15 Jun 2018 15:09:28|31|rekha@foresee.com|ManageChallan.php
15 Jun 2018 15:10:55|30|pritirm@forstarfoods.com|DailyCatchEntry_New.php
15 Jun 2018 15:11:37|31|rekha@foresee.com|DailyCatchReport.php
15 Jun 2018 15:11:47|31|rekha@foresee.com|DailyCatchReport.php
15 Jun 2018 15:11:51|31|rekha@foresee.com|DailyCatchReport.php
15 Jun 2018 15:11:55|31|rekha@foresee.com|DailyCatchReport.php
15 Jun 2018 15:11:57|31|rekha@foresee.com|DailyCatchReport.php
15 Jun 2018 15:11:58|31|rekha@foresee.com|DailyCatchReport.php
15 Jun 2018 15:13:47|31|rekha@foresee.com|DailyCatchReport.php
15 Jun 2018 15:13:56|31|rekha@foresee.com|DailyCatchReport.php
15 Jun 2018 15:13:59|31|rekha@foresee.com|DailyCatchReport.php
15 Jun 2018 15:14:06|31|rekha@foresee.com|DailyCatchReport.php
15 Jun 2018 15:14:07|31|rekha@foresee.com|DailyCatchReport.php
15 Jun 2018 15:14:09|31|rekha@foresee.com|DailyCatchReport.php
15 Jun 2018 15:14:19|31|rekha@foresee.com|PrintDailyCatchReportMemo.php
15 Jun 2018 15:14:30|31|rekha@foresee.com|PrintDailyCatchReport.php
15 Jun 2018 15:15:06|31|rekha@foresee.com|DailyCatchReport.php
15 Jun 2018 15:15:16|31|rekha@foresee.com|DailyCatchSummary.php
15 Jun 2018 15:15:22|31|rekha@foresee.com|DailyCatchSummary.php
15 Jun 2018 15:15:39|31|rekha@foresee.com|DailyCatchSummary.php
15 Jun 2018 15:15:44|31|rekha@foresee.com|DailyCatchSummary.php
15 Jun 2018 15:15:48|31|rekha@foresee.com|DailyCatchSummary.php
15 Jun 2018 15:15:51|31|rekha@foresee.com|DailyCatchSummary.php
15 Jun 2018 15:15:56|31|rekha@foresee.com|DailyCatchSummary.php
15 Jun 2018 15:15:57|30|pritirm@forstarfoods.com|DailyCatchEntry_New.php
15 Jun 2018 15:16:00|31|rekha@foresee.com|DailyCatchSummary.php
15 Jun 2018 15:16:03|31|rekha@foresee.com|DailyCatchSummary.php
15 Jun 2018 15:16:10|31|rekha@foresee.com|DailyCatchSummary.php
15 Jun 2018 15:16:19|31|rekha@foresee.com|DailyCatchSummary.php
15 Jun 2018 15:20:58|30|pritirm@forstarfoods.com|DailyCatchEntry_New.php
15 Jun 2018 15:22:04|31|rekha@foresee.com|DailyCatchEntry_New.php
15 Jun 2018 15:22:05|31|rekha@foresee.com|DailyCatchEntry_New.php
15 Jun 2018 15:22:06|31|rekha@foresee.com|DailyCatchEntry_New.php
15 Jun 2018 15:22:07|31|rekha@foresee.com|DailyCatchEntry_New.php
15 Jun 2018 15:22:09|31|rekha@foresee.com|DailyCatchEntry_New.php
15 Jun 2018 15:22:10|31|rekha@foresee.com|DailyCatchEntry_New.php
15 Jun 2018 15:22:11|31|rekha@foresee.com|DailyCatchEntry_New.php
15 Jun 2018 15:24:31|31|rekha@foresee.com|Home.php
15 Jun 2018 15:24:38|31|rekha@foresee.com|DailyCatchEntry_New.php
15 Jun 2018 15:25:01|31|rekha@foresee.com|DailyCatchEntry_New.php
15 Jun 2018 15:25:06|31|rekha@foresee.com|DailyCatchEntry_New.php
15 Jun 2018 15:25:08|31|rekha@foresee.com|DailyCatchEntry_New.php
15 Jun 2018 15:25:09|31|rekha@foresee.com|DailyCatchEntry_New.php
15 Jun 2018 15:25:10|31|rekha@foresee.com|DailyCatchEntry_New.php
15 Jun 2018 15:25:29|31|rekha@foresee.com|DailyCatchEntry_New.php
15 Jun 2018 15:25:38|31|rekha@foresee.com|Home.php
15 Jun 2018 15:25:59|30|pritirm@forstarfoods.com|DailyCatchEntry_New.php
15 Jun 2018 15:28:56|31|rekha@foresee.com|DailyPreProcess.php
15 Jun 2018 15:29:01|31|rekha@foresee.com|DailyPreProcess.php
15 Jun 2018 15:29:05|31|rekha@foresee.com|DailyPreProcess.php
15 Jun 2018 15:29:15|31|rekha@foresee.com|DailyPreProcess.php
15 Jun 2018 15:29:19|31|rekha@foresee.com|DailyPreProcess.php
15 Jun 2018 15:29:21|31|rekha@foresee.com|DailyPreProcess.php
15 Jun 2018 15:29:30|31|rekha@foresee.com|DailyPreProcess.php
15 Jun 2018 15:29:31|31|rekha@foresee.com|DailyPreProcess.php
15 Jun 2018 15:29:39|31|rekha@foresee.com|DailyPreProcess.php
15 Jun 2018 15:29:40|31|rekha@foresee.com|DailyPreProcess.php
15 Jun 2018 15:29:43|31|rekha@foresee.com|DailyPreProcess.php
15 Jun 2018 15:29:45|31|rekha@foresee.com|DailyPreProcess.php
15 Jun 2018 15:29:48|31|rekha@foresee.com|DailyPreProcess.php
15 Jun 2018 15:29:49|31|rekha@foresee.com|DailyPreProcess.php
15 Jun 2018 15:29:56|31|rekha@foresee.com|DailyPreProcess.php
15 Jun 2018 15:30:27|31|rekha@foresee.com|DailyPreProcess.php
15 Jun 2018 15:30:28|31|rekha@foresee.com|DailyPreProcess.php
15 Jun 2018 15:30:34|31|rekha@foresee.com|DailyPreProcess.php
15 Jun 2018 15:30:35|31|rekha@foresee.com|DailyPreProcess.php
15 Jun 2018 15:30:39|31|rekha@foresee.com|DailyPreProcess.php
15 Jun 2018 15:30:41|31|rekha@foresee.com|DailyPreProcess.php
15 Jun 2018 15:30:48|31|rekha@foresee.com|DailyPreProcess.php
15 Jun 2018 15:30:49|31|rekha@foresee.com|DailyPreProcess.php
15 Jun 2018 15:30:58|31|rekha@foresee.com|PreProcessingReport.php
15 Jun 2018 15:31:00|30|pritirm@forstarfoods.com|DailyCatchEntry_New.php
15 Jun 2018 15:31:10|31|rekha@foresee.com|PreProcessingReport.php
15 Jun 2018 15:36:02|30|pritirm@forstarfoods.com|DailyCatchEntry_New.php
15 Jun 2018 15:40:24|31|rekha@foresee.com|DailyPreProcess.php
15 Jun 2018 15:40:40|31|rekha@foresee.com|DailyPreProcess.php
15 Jun 2018 15:40:47|31|rekha@foresee.com|DailyPreProcess.php
15 Jun 2018 15:40:57|31|rekha@foresee.com|DailyPreProcess.php
15 Jun 2018 15:41:01|31|rekha@foresee.com|DailyPreProcess.php
15 Jun 2018 15:41:03|31|rekha@foresee.com|DailyPreProcess.php
15 Jun 2018 15:41:03|30|pritirm@forstarfoods.com|DailyCatchEntry_New.php
15 Jun 2018 15:41:05|31|rekha@foresee.com|DailyPreProcess.php
15 Jun 2018 15:41:06|31|rekha@foresee.com|DailyPreProcess.php
15 Jun 2018 15:41:11|31|rekha@foresee.com|DailyPreProcess.php
15 Jun 2018 15:41:13|31|rekha@foresee.com|DailyPreProcess.php
15 Jun 2018 15:41:24|31|rekha@foresee.com|DailyPreProcess.php
15 Jun 2018 15:41:25|31|rekha@foresee.com|DailyPreProcess.php
15 Jun 2018 15:41:28|31|rekha@foresee.com|DailyPreProcess.php
15 Jun 2018 15:41:30|31|rekha@foresee.com|DailyPreProcess.php
15 Jun 2018 15:41:33|31|rekha@foresee.com|DailyPreProcess.php
15 Jun 2018 15:41:34|31|rekha@foresee.com|DailyPreProcess.php
15 Jun 2018 15:41:38|31|rekha@foresee.com|DailyPreProcess.php
15 Jun 2018 15:41:39|31|rekha@foresee.com|DailyPreProcess.php
15 Jun 2018 15:41:43|31|rekha@foresee.com|DailyPreProcess.php
15 Jun 2018 15:41:48|31|rekha@foresee.com|DailyPreProcess.php
15 Jun 2018 15:42:01|31|rekha@foresee.com|DailyPreProcess.php
15 Jun 2018 15:42:02|31|rekha@foresee.com|DailyPreProcess.php
15 Jun 2018 15:42:09|31|rekha@foresee.com|DailyPreProcess.php
15 Jun 2018 15:42:13|31|rekha@foresee.com|DailyPreProcess.php
15 Jun 2018 15:42:18|31|rekha@foresee.com|DailyPreProcess.php
15 Jun 2018 15:42:19|31|rekha@foresee.com|DailyPreProcess.php
15 Jun 2018 15:42:39|31|rekha@foresee.com|DailyPreProcess.php
15 Jun 2018 15:42:40|31|rekha@foresee.com|DailyPreProcess.php
15 Jun 2018 15:42:44|31|rekha@foresee.com|DailyPreProcess.php
15 Jun 2018 15:42:46|31|rekha@foresee.com|DailyPreProcess.php
15 Jun 2018 15:42:48|31|rekha@foresee.com|DailyPreProcess.php
15 Jun 2018 15:42:50|31|rekha@foresee.com|DailyPreProcess.php
15 Jun 2018 15:42:52|31|rekha@foresee.com|DailyPreProcess.php
15 Jun 2018 15:42:54|31|rekha@foresee.com|DailyPreProcess.php
15 Jun 2018 15:43:59|31|rekha@foresee.com|DailyPreProcess.php
15 Jun 2018 15:44:00|31|rekha@foresee.com|DailyPreProcess.php
15 Jun 2018 15:46:04|30|pritirm@forstarfoods.com|DailyCatchEntry_New.php
15 Jun 2018 15:51:06|30|pritirm@forstarfoods.com|DailyCatchEntry_New.php
15 Jun 2018 15:56:07|30|pritirm@forstarfoods.com|DailyCatchEntry_New.php
15 Jun 2018 16:00:51|31|rekha@foresee.com|Home.php
15 Jun 2018 16:01:04|31|rekha@foresee.com|Home.php
15 Jun 2018 16:01:08|30|pritirm@forstarfoods.com|DailyCatchEntry_New.php
15 Jun 2018 16:06:10|30|pritirm@forstarfoods.com|DailyCatchEntry_New.php
15 Jun 2018 16:11:11|30|pritirm@forstarfoods.com|DailyCatchEntry_New.php
15 Jun 2018 16:11:53|31|rekha@foresee.com|Home.php
15 Jun 2018 16:11:54|31|rekha@foresee.com|Home.php
15 Jun 2018 16:12:06|31|rekha@foresee.com|PreProcessors.php
15 Jun 2018 16:12:57|31|rekha@foresee.com|PreProcessors.php
15 Jun 2018 16:13:36|31|rekha@foresee.com|PreProcessors.php
15 Jun 2018 16:16:12|30|pritirm@forstarfoods.com|DailyCatchEntry_New.php
15 Jun 2018 16:16:53|31|rekha@foresee.com|ProcessingActivities.php
15 Jun 2018 16:17:12|31|rekha@foresee.com|ProcessingActivities.php
15 Jun 2018 16:17:57|31|rekha@foresee.com|ProcessingActivities.php
15 Jun 2018 16:18:00|31|rekha@foresee.com|ProcessingActivities.php
15 Jun 2018 16:18:03|31|rekha@foresee.com|ProcessingActivities.php
15 Jun 2018 16:21:14|30|pritirm@forstarfoods.com|DailyCatchEntry_New.php
15 Jun 2018 16:21:16|31|rekha@foresee.com|PreProcessors.php
15 Jun 2018 16:21:22|31|rekha@foresee.com|PreProcessors.php
15 Jun 2018 16:23:26|31|rekha@foresee.com|PreProcessors.php
15 Jun 2018 16:23:31|31|rekha@foresee.com|PreProcessors.php
15 Jun 2018 16:23:38|31|rekha@foresee.com|PreProcessors.php
15 Jun 2018 16:23:41|31|rekha@foresee.com|PreProcessors.php
15 Jun 2018 16:25:27|31|rekha@foresee.com|PreProcessors.php
15 Jun 2018 16:26:15|30|pritirm@forstarfoods.com|DailyCatchEntry_New.php
15 Jun 2018 16:26:52|31|rekha@foresee.com|PreProcessors.php
15 Jun 2018 16:26:56|31|rekha@foresee.com|PreProcessors.php
15 Jun 2018 16:27:02|31|rekha@foresee.com|PreProcessors.php
15 Jun 2018 16:27:05|31|rekha@foresee.com|PreProcessors.php
15 Jun 2018 16:27:25|31|rekha@foresee.com|DailyPreProcess.php
15 Jun 2018 16:27:29|31|rekha@foresee.com|DailyPreProcess.php
15 Jun 2018 16:27:42|31|rekha@foresee.com|DailyPreProcess.php
15 Jun 2018 16:27:46|31|rekha@foresee.com|DailyPreProcess.php
15 Jun 2018 16:27:51|31|rekha@foresee.com|DailyPreProcess.php
15 Jun 2018 16:27:52|31|rekha@foresee.com|DailyPreProcess.php
15 Jun 2018 16:31:16|30|pritirm@forstarfoods.com|DailyCatchEntry_New.php
15 Jun 2018 16:33:26|31|rekha@foresee.com|DailyCatchEntry_New.php
15 Jun 2018 16:33:38|31|rekha@foresee.com|DailyCatchEntry_New.php
15 Jun 2018 16:33:55|31|rekha@foresee.com|DailyPreProcess.php
15 Jun 2018 16:34:02|31|rekha@foresee.com|ProcessorsAccounts.php
15 Jun 2018 16:34:12|31|rekha@foresee.com|DailyCatchEntry_New.php
15 Jun 2018 16:34:21|31|rekha@foresee.com|DailyCatchEntry_New.php
15 Jun 2018 16:34:24|31|rekha@foresee.com|DailyCatchEntry_New.php
15 Jun 2018 16:34:25|31|rekha@foresee.com|DailyCatchEntry_New.php
15 Jun 2018 16:34:27|31|rekha@foresee.com|CatchEntryDeclaredItem.php
15 Jun 2018 16:34:28|31|rekha@foresee.com|DailyCatchEntry_New.php
15 Jun 2018 16:34:29|31|rekha@foresee.com|CatchEntryDeclaredItem.php
15 Jun 2018 16:36:18|30|pritirm@forstarfoods.com|DailyCatchEntry_New.php
15 Jun 2018 16:39:24|31|rekha@foresee.com|DailyCatchEntry_New.php
15 Jun 2018 16:40:46|31|rekha@foresee.com|ProcessorsAccounts.php
15 Jun 2018 16:40:53|31|rekha@foresee.com|DailyPreProcess.php
15 Jun 2018 16:41:19|30|pritirm@forstarfoods.com|DailyCatchEntry_New.php
15 Jun 2018 16:41:24|31|rekha@foresee.com|ProcessorsAccounts.php
15 Jun 2018 16:43:07|31|rekha@foresee.com|DailyPreProcess.php
15 Jun 2018 16:43:12|31|rekha@foresee.com|DailyPreProcess.php
15 Jun 2018 16:43:30|31|rekha@foresee.com|DailyPreProcess.php
15 Jun 2018 16:43:40|31|rekha@foresee.com|DailyPreProcess.php
15 Jun 2018 16:43:42|31|rekha@foresee.com|DailyPreProcess.php
15 Jun 2018 16:44:12|31|rekha@foresee.com|DailyPreProcess.php
15 Jun 2018 16:44:14|31|rekha@foresee.com|DailyPreProcess.php
15 Jun 2018 16:45:05|31|rekha@foresee.com|PreProcessingReport.php
15 Jun 2018 16:46:20|30|pritirm@forstarfoods.com|DailyCatchEntry_New.php
15 Jun 2018 16:49:59|31|rekha@foresee.com|DailyCatchEntry_New.php
15 Jun 2018 16:50:05|31|rekha@foresee.com|DailyCatchEntry_New.php
15 Jun 2018 16:50:06|31|rekha@foresee.com|DailyCatchEntry_New.php
15 Jun 2018 16:50:07|31|rekha@foresee.com|DailyCatchEntry_New.php
15 Jun 2018 16:50:09|31|rekha@foresee.com|DailyCatchEntry_New.php
15 Jun 2018 16:50:35|31|rekha@foresee.com|DailyPreProcess.php
15 Jun 2018 16:50:42|31|rekha@foresee.com|DailyPreProcess.php
15 Jun 2018 16:50:48|31|rekha@foresee.com|DailyCatchEntry_New.php
15 Jun 2018 16:50:59|31|rekha@foresee.com|DailyCatchEntry_New.php
15 Jun 2018 16:51:00|31|rekha@foresee.com|DailyCatchEntry_New.php
15 Jun 2018 16:51:01|31|rekha@foresee.com|DailyCatchEntry_New.php
15 Jun 2018 16:51:02|31|rekha@foresee.com|DailyCatchEntry_New.php
15 Jun 2018 16:51:22|30|pritirm@forstarfoods.com|DailyCatchEntry_New.php
15 Jun 2018 16:52:23|31|rekha@foresee.com|PreProcessingReport.php
15 Jun 2018 16:52:37|31|rekha@foresee.com|DailyPreProcess.php
15 Jun 2018 16:52:42|31|rekha@foresee.com|DailyPreProcess.php
15 Jun 2018 16:52:58|31|rekha@foresee.com|DailyPreProcess.php
15 Jun 2018 16:53:00|31|rekha@foresee.com|DailyPreProcess.php
15 Jun 2018 16:53:03|31|rekha@foresee.com|DailyPreProcess.php
15 Jun 2018 16:53:08|31|rekha@foresee.com|DailyPreProcess.php
15 Jun 2018 16:53:10|31|rekha@foresee.com|DailyPreProcess.php
15 Jun 2018 16:53:28|31|rekha@foresee.com|DailyPreProcess.php
15 Jun 2018 16:53:30|31|rekha@foresee.com|DailyPreProcess.php
15 Jun 2018 16:54:57|20|shiji@forstarfoods.com|Home.php
15 Jun 2018 16:55:14|20|shiji@forstarfoods.com|DailyCatchEntry_New.php
15 Jun 2018 16:55:21|20|shiji@forstarfoods.com|DailyCatchEntry_New.php
15 Jun 2018 16:55:22|20|shiji@forstarfoods.com|DailyCatchEntry_New.php
15 Jun 2018 16:55:24|20|shiji@forstarfoods.com|DailyCatchEntry_New.php
15 Jun 2018 16:55:25|20|shiji@forstarfoods.com|DailyCatchEntry_New.php
15 Jun 2018 16:55:26|20|shiji@forstarfoods.com|CatchEntryDeclaredItem.php
15 Jun 2018 16:55:27|20|shiji@forstarfoods.com|DailyCatchEntry_New.php
15 Jun 2018 16:55:33|20|shiji@forstarfoods.com|DailyCatchEntry_New.php
15 Jun 2018 16:55:34|20|shiji@forstarfoods.com|DailyCatchEntry_New.php
15 Jun 2018 16:55:36|20|shiji@forstarfoods.com|DailyCatchEntry_New.php
15 Jun 2018 16:55:37|20|shiji@forstarfoods.com|DailyCatchEntry_New.php
15 Jun 2018 16:55:38|20|shiji@forstarfoods.com|DailyCatchEntry_New.php
15 Jun 2018 16:55:40|20|shiji@forstarfoods.com|DailyCatchEntry_New.php
15 Jun 2018 16:55:41|20|shiji@forstarfoods.com|DailyCatchEntry_New.php
15 Jun 2018 16:55:43|20|shiji@forstarfoods.com|DailyCatchEntry_New.php
15 Jun 2018 16:55:45|20|shiji@forstarfoods.com|DailyCatchEntry_New.php
15 Jun 2018 16:55:52|20|shiji@forstarfoods.com|DailyCatchEntry_New.php
15 Jun 2018 16:55:53|20|shiji@forstarfoods.com|CatchEntryDeclaredItem.php
15 Jun 2018 16:56:08|20|shiji@forstarfoods.com|DailyCatchEntry_New.php
15 Jun 2018 16:56:23|30|pritirm@forstarfoods.com|DailyCatchEntry_New.php
15 Jun 2018 16:56:26|20|shiji@forstarfoods.com|DailyCatchEntry_New.php
15 Jun 2018 16:56:59|20|shiji@forstarfoods.com|DailyCatchEntry_New.php
15 Jun 2018 16:57:05|20|shiji@forstarfoods.com|DailyCatchEntry_New.php
15 Jun 2018 16:57:06|20|shiji@forstarfoods.com|CatchEntryDeclaredItem.php
15 Jun 2018 16:57:11|31|rekha@foresee.com|DailyPreProcess.php
15 Jun 2018 16:57:13|31|rekha@foresee.com|DailyPreProcess.php
15 Jun 2018 16:57:20|20|shiji@forstarfoods.com|DailyCatchEntry_New.php
15 Jun 2018 16:57:22|20|shiji@forstarfoods.com|DailyCatchEntry_New.php
15 Jun 2018 16:57:23|20|shiji@forstarfoods.com|DailyCatchEntry_New.php
15 Jun 2018 16:57:24|20|shiji@forstarfoods.com|DailyCatchEntry_New.php
15 Jun 2018 16:57:25|20|shiji@forstarfoods.com|DailyCatchEntry_New.php
15 Jun 2018 16:57:26|20|shiji@forstarfoods.com|DailyCatchEntry_New.php
15 Jun 2018 16:57:27|31|rekha@foresee.com|DailyPreProcess.php
15 Jun 2018 16:57:33|20|shiji@forstarfoods.com|DailyCatchEntry_New.php
15 Jun 2018 16:57:36|31|rekha@foresee.com|DailyPreProcess.php
15 Jun 2018 16:57:44|31|rekha@foresee.com|DailyPreProcess.php
15 Jun 2018 16:57:45|20|shiji@forstarfoods.com|DailyCatchEntry_New.php
15 Jun 2018 16:57:49|20|shiji@forstarfoods.com|DailyCatchEntry_New.php
15 Jun 2018 16:57:49|31|rekha@foresee.com|DailyPreProcess.php
15 Jun 2018 16:57:53|20|shiji@forstarfoods.com|DailyCatchEntry_New.php
15 Jun 2018 16:57:55|20|shiji@forstarfoods.com|DailyCatchEntry_New.php
15 Jun 2018 16:57:56|20|shiji@forstarfoods.com|DailyCatchEntry_New.php
15 Jun 2018 16:57:57|20|shiji@forstarfoods.com|DailyCatchEntry_New.php
15 Jun 2018 16:57:58|20|shiji@forstarfoods.com|DailyCatchEntry_New.php
15 Jun 2018 16:58:00|20|shiji@forstarfoods.com|DailyCatchEntry_New.php
15 Jun 2018 16:58:01|31|rekha@foresee.com|DailyCatchSummary.php
15 Jun 2018 16:58:09|20|shiji@forstarfoods.com|DailyCatchEntry_New.php
15 Jun 2018 16:58:10|31|rekha@foresee.com|ManageUsers.php
15 Jun 2018 16:58:11|20|shiji@forstarfoods.com|DailyCatchEntry_New.php
15 Jun 2018 16:58:13|20|shiji@forstarfoods.com|CatchEntryDeclaredItem.php
15 Jun 2018 16:58:16|20|shiji@forstarfoods.com|DailyCatchEntry_New.php
15 Jun 2018 16:58:18|20|shiji@forstarfoods.com|DailyCatchEntry_New.php
15 Jun 2018 16:58:21|20|shiji@forstarfoods.com|DailyCatchEntry_New.php
15 Jun 2018 16:58:22|20|shiji@forstarfoods.com|DailyCatchEntry_New.php
15 Jun 2018 16:58:22|31|rekha@foresee.com|DailyCatchEntry_New.php
15 Jun 2018 16:58:23|20|shiji@forstarfoods.com|DailyCatchEntry_New.php
15 Jun 2018 16:58:24|20|shiji@forstarfoods.com|DailyCatchEntry_New.php
15 Jun 2018 16:58:25|20|shiji@forstarfoods.com|DailyCatchEntry_New.php
15 Jun 2018 16:58:27|20|shiji@forstarfoods.com|DailyCatchEntry_New.php
15 Jun 2018 16:58:28|20|shiji@forstarfoods.com|DailyCatchEntry_New.php
15 Jun 2018 16:58:31|20|shiji@forstarfoods.com|DailyCatchEntry_New.php
15 Jun 2018 16:58:32|20|shiji@forstarfoods.com|CatchEntryDeclaredItem.php
15 Jun 2018 16:58:37|20|shiji@forstarfoods.com|DailyCatchEntry_New.php
15 Jun 2018 16:58:38|31|rekha@foresee.com|DailyCatchEntry_New.php
15 Jun 2018 16:58:38|20|shiji@forstarfoods.com|DailyCatchEntry_New.php
15 Jun 2018 16:58:39|31|rekha@foresee.com|DailyCatchEntry_New.php
15 Jun 2018 16:58:40|31|rekha@foresee.com|DailyCatchEntry_New.php
15 Jun 2018 16:58:41|20|shiji@forstarfoods.com|DailyCatchEntry_New.php
15 Jun 2018 16:58:42|31|rekha@foresee.com|DailyCatchEntry_New.php
15 Jun 2018 16:58:42|20|shiji@forstarfoods.com|DailyCatchEntry_New.php
15 Jun 2018 16:58:44|20|shiji@forstarfoods.com|DailyCatchEntry_New.php
15 Jun 2018 16:58:45|20|shiji@forstarfoods.com|DailyCatchEntry_New.php
15 Jun 2018 16:58:46|20|shiji@forstarfoods.com|DailyCatchEntry_New.php
15 Jun 2018 16:58:47|20|shiji@forstarfoods.com|DailyCatchEntry_New.php
15 Jun 2018 16:58:49|20|shiji@forstarfoods.com|DailyCatchEntry_New.php
15 Jun 2018 16:58:50|20|shiji@forstarfoods.com|DailyCatchEntry_New.php
15 Jun 2018 16:58:51|20|shiji@forstarfoods.com|DailyCatchEntry_New.php
15 Jun 2018 16:58:52|20|shiji@forstarfoods.com|DailyCatchEntry_New.php
15 Jun 2018 16:58:54|20|shiji@forstarfoods.com|DailyCatchEntry_New.php
15 Jun 2018 16:58:56|20|shiji@forstarfoods.com|DailyCatchEntry_New.php
15 Jun 2018 16:58:57|20|shiji@forstarfoods.com|CatchEntryDeclaredItem.php
15 Jun 2018 16:59:15|20|shiji@forstarfoods.com|DailyCatchEntry_New.php
15 Jun 2018 16:59:17|20|shiji@forstarfoods.com|DailyCatchEntry_New.php
15 Jun 2018 16:59:18|20|shiji@forstarfoods.com|DailyCatchEntry_New.php
15 Jun 2018 16:59:23|20|shiji@forstarfoods.com|DailyCatchEntry_New.php
15 Jun 2018 16:59:36|20|shiji@forstarfoods.com|DailyCatchEntry_New.php
15 Jun 2018 16:59:37|20|shiji@forstarfoods.com|CatchEntryDeclaredItem.php
15 Jun 2018 16:59:50|20|shiji@forstarfoods.com|DailyCatchEntry_New.php
15 Jun 2018 16:59:51|20|shiji@forstarfoods.com|DailyCatchEntry_New.php
15 Jun 2018 16:59:52|20|shiji@forstarfoods.com|DailyCatchEntry_New.php
15 Jun 2018 16:59:53|20|shiji@forstarfoods.com|DailyCatchEntry_New.php
15 Jun 2018 16:59:55|20|shiji@forstarfoods.com|DailyCatchEntry_New.php
15 Jun 2018 16:59:56|20|shiji@forstarfoods.com|DailyCatchEntry_New.php
15 Jun 2018 17:00:00|20|shiji@forstarfoods.com|DailyCatchEntry_New.php
15 Jun 2018 17:00:02|20|shiji@forstarfoods.com|DailyCatchEntry_New.php
15 Jun 2018 17:00:04|20|shiji@forstarfoods.com|DailyCatchEntry_New.php
15 Jun 2018 17:00:08|20|shiji@forstarfoods.com|DailyCatchEntry_New.php
15 Jun 2018 17:00:09|20|shiji@forstarfoods.com|DailyCatchEntry_New.php
15 Jun 2018 17:00:11|20|shiji@forstarfoods.com|DailyCatchEntry_New.php
15 Jun 2018 17:00:12|20|shiji@forstarfoods.com|DailyCatchEntry_New.php
15 Jun 2018 17:00:13|20|shiji@forstarfoods.com|DailyCatchEntry_New.php
15 Jun 2018 17:00:14|20|shiji@forstarfoods.com|DailyCatchEntry_New.php
15 Jun 2018 17:00:16|20|shiji@forstarfoods.com|DailyCatchEntry_New.php
15 Jun 2018 17:00:18|20|shiji@forstarfoods.com|DailyCatchEntry_New.php
15 Jun 2018 17:00:19|20|shiji@forstarfoods.com|CatchEntryDeclaredItem.php
15 Jun 2018 17:00:23|20|shiji@forstarfoods.com|DailyCatchEntry_New.php
15 Jun 2018 17:00:24|20|shiji@forstarfoods.com|DailyCatchEntry_New.php
15 Jun 2018 17:00:27|20|shiji@forstarfoods.com|DailyCatchEntry_New.php
15 Jun 2018 17:00:30|20|shiji@forstarfoods.com|DailyCatchEntry_New.php
15 Jun 2018 17:00:31|20|shiji@forstarfoods.com|DailyCatchEntry_New.php
15 Jun 2018 17:00:33|20|shiji@forstarfoods.com|DailyCatchEntry_New.php
15 Jun 2018 17:00:34|20|shiji@forstarfoods.com|DailyCatchEntry_New.php
15 Jun 2018 17:00:35|20|shiji@forstarfoods.com|DailyCatchEntry_New.php
15 Jun 2018 17:00:36|20|shiji@forstarfoods.com|DailyCatchEntry_New.php