
18 May 2018 15:37:22|30|pritirm@forstarfoods.com|DailyCatchEntry_New.php
18 May 2018 15:37:22|20|shiji@forstarfoods.com|DailyCatchEntry_New.php
18 May 2018 15:37:23|30|pritirm@forstarfoods.com|DailyCatchEntry_New.php
18 May 2018 15:37:24|30|pritirm@forstarfoods.com|DailyCatchEntry_New.php
18 May 2018 15:37:25|30|pritirm@forstarfoods.com|DailyCatchEntry_New.php
18 May 2018 15:37:26|20|shiji@forstarfoods.com|DailyCatchEntry_New.php
18 May 2018 15:37:30|20|shiji@forstarfoods.com|DailyCatchEntry_New.php
18 May 2018 15:37:31|20|shiji@forstarfoods.com|DailyCatchEntry_New.php
18 May 2018 15:37:31|20|shiji@forstarfoods.com|CatchEntryDeclaredItem.php
18 May 2018 15:37:36|30|pritirm@forstarfoods.com|DailyCatchEntry_New.php
18 May 2018 15:37:42|30|pritirm@forstarfoods.com|DailyCatchEntry_New.php
18 May 2018 15:37:44|20|shiji@forstarfoods.com|DailyCatchEntry_New.php
18 May 2018 15:37:46|20|shiji@forstarfoods.com|DailyCatchEntry_New.php
18 May 2018 15:37:47|30|pritirm@forstarfoods.com|DailyCatchEntry_New.php
18 May 2018 15:37:48|20|shiji@forstarfoods.com|DailyCatchEntry_New.php
18 May 2018 15:37:50|20|shiji@forstarfoods.com|DailyCatchEntry_New.php
18 May 2018 15:37:53|20|shiji@forstarfoods.com|DailyCatchEntry_New.php
18 May 2018 15:37:53|30|pritirm@forstarfoods.com|DailyCatchEntry_New.php
18 May 2018 15:37:54|20|shiji@forstarfoods.com|DailyCatchEntry_New.php
18 May 2018 15:37:59|20|shiji@forstarfoods.com|DailyCatchEntry_New.php
18 May 2018 15:38:00|20|shiji@forstarfoods.com|DailyCatchEntry_New.php
18 May 2018 15:38:01|20|shiji@forstarfoods.com|DailyCatchEntry_New.php
18 May 2018 15:38:02|20|shiji@forstarfoods.com|DailyCatchEntry_New.php
18 May 2018 15:38:04|20|shiji@forstarfoods.com|DailyCatchEntry_New.php
18 May 2018 15:38:05|20|shiji@forstarfoods.com|DailyCatchEntry_New.php
18 May 2018 15:38:07|30|pritirm@forstarfoods.com|DailyCatchEntry_New.php
18 May 2018 15:38:08|30|pritirm@forstarfoods.com|DailyCatchEntry_New.php
18 May 2018 15:38:08|20|shiji@forstarfoods.com|DailyCatchEntry_New.php
18 May 2018 15:38:09|30|pritirm@forstarfoods.com|DailyCatchEntry_New.php
18 May 2018 15:38:11|20|shiji@forstarfoods.com|DailyCatchEntry_New.php
18 May 2018 15:38:12|20|shiji@forstarfoods.com|CatchEntryDeclaredItem.php
18 May 2018 15:38:22|20|shiji@forstarfoods.com|DailyCatchEntry_New.php
18 May 2018 15:38:23|20|shiji@forstarfoods.com|DailyCatchEntry_New.php
18 May 2018 15:38:24|20|shiji@forstarfoods.com|DailyCatchEntry_New.php
18 May 2018 15:38:27|20|shiji@forstarfoods.com|DailyCatchEntry_New.php
18 May 2018 15:38:29|20|shiji@forstarfoods.com|DailyCatchEntry_New.php
18 May 2018 15:38:30|20|shiji@forstarfoods.com|DailyCatchEntry_New.php
18 May 2018 15:38:31|20|shiji@forstarfoods.com|DailyCatchEntry_New.php
18 May 2018 15:38:32|20|shiji@forstarfoods.com|DailyCatchEntry_New.php
18 May 2018 15:38:33|20|shiji@forstarfoods.com|DailyCatchEntry_New.php
18 May 2018 15:38:37|20|shiji@forstarfoods.com|DailyCatchEntry_New.php
18 May 2018 15:38:53|20|shiji@forstarfoods.com|DailyCatchEntry_New.php
18 May 2018 15:38:55|20|shiji@forstarfoods.com|DailyCatchEntry_New.php
18 May 2018 15:38:57|20|shiji@forstarfoods.com|CatchEntryDeclaredItem.php
18 May 2018 15:39:12|20|shiji@forstarfoods.com|DailyCatchEntry_New.php
18 May 2018 15:39:14|20|shiji@forstarfoods.com|DailyCatchEntry_New.php
18 May 2018 15:39:19|20|shiji@forstarfoods.com|DailyCatchEntry_New.php
18 May 2018 15:39:20|20|shiji@forstarfoods.com|DailyCatchEntry_New.php
18 May 2018 15:39:21|20|shiji@forstarfoods.com|DailyCatchEntry_New.php
18 May 2018 15:39:23|20|shiji@forstarfoods.com|DailyCatchEntry_New.php
18 May 2018 15:39:24|20|shiji@forstarfoods.com|DailyCatchEntry_New.php
18 May 2018 15:39:25|20|shiji@forstarfoods.com|DailyCatchEntry_New.php
18 May 2018 15:39:29|20|shiji@forstarfoods.com|DailyCatchEntry_New.php
18 May 2018 15:39:33|20|shiji@forstarfoods.com|DailyCatchEntry_New.php
18 May 2018 15:39:34|20|shiji@forstarfoods.com|CatchEntryDeclaredItem.php
18 May 2018 15:39:41|20|shiji@forstarfoods.com|DailyCatchReport.php
18 May 2018 15:39:47|20|shiji@forstarfoods.com|DailyCatchReport.php
18 May 2018 15:39:50|20|shiji@forstarfoods.com|DailyCatchReport.php
18 May 2018 15:39:56|20|shiji@forstarfoods.com|DailyCatchReport.php
18 May 2018 15:39:58|20|shiji@forstarfoods.com|DailyCatchReport.php
18 May 2018 15:39:59|20|shiji@forstarfoods.com|DailyCatchReport.php
18 May 2018 15:43:57|20|shiji@forstarfoods.com|DailyCatchEntry_New.php
18 May 2018 15:44:02|20|shiji@forstarfoods.com|DailyCatchEntry_New.php
18 May 2018 15:44:04|20|shiji@forstarfoods.com|DailyCatchEntry_New.php
18 May 2018 15:44:05|20|shiji@forstarfoods.com|DailyCatchEntry_New.php
18 May 2018 15:44:07|20|shiji@forstarfoods.com|DailyCatchEntry_New.php
18 May 2018 15:44:08|20|shiji@forstarfoods.com|CatchEntryDeclaredItem.php
18 May 2018 15:44:09|20|shiji@forstarfoods.com|DailyCatchEntry_New.php
18 May 2018 15:44:11|20|shiji@forstarfoods.com|DailyCatchEntry_New.php
18 May 2018 15:44:12|20|shiji@forstarfoods.com|DailyCatchEntry_New.php
18 May 2018 15:44:13|20|shiji@forstarfoods.com|DailyCatchEntry_New.php
18 May 2018 15:44:15|20|shiji@forstarfoods.com|DailyCatchEntry_New.php
18 May 2018 15:44:16|20|shiji@forstarfoods.com|DailyCatchEntry_New.php
18 May 2018 15:44:18|20|shiji@forstarfoods.com|DailyCatchEntry_New.php
18 May 2018 15:44:19|20|shiji@forstarfoods.com|DailyCatchEntry_New.php
18 May 2018 15:44:20|20|shiji@forstarfoods.com|DailyCatchEntry_New.php
18 May 2018 15:44:43|20|shiji@forstarfoods.com|DailyCatchEntry_New.php
18 May 2018 15:46:01|20|shiji@forstarfoods.com|SupplierAccount.php
18 May 2018 15:46:18|30|pritirm@forstarfoods.com|DailyCatchEntry_New.php
18 May 2018 15:46:18|20|shiji@forstarfoods.com|SupplierAccount.php
18 May 2018 15:46:19|30|pritirm@forstarfoods.com|DailyCatchEntry_New.php
18 May 2018 15:46:26|20|shiji@forstarfoods.com|SupplierAccount.php
18 May 2018 15:46:28|30|pritirm@forstarfoods.com|DailyCatchReport.php
18 May 2018 15:46:35|30|pritirm@forstarfoods.com|DailyCatchReport.php
18 May 2018 15:46:38|30|pritirm@forstarfoods.com|DailyCatchReport.php
18 May 2018 15:46:40|30|pritirm@forstarfoods.com|DailyCatchReport.php
18 May 2018 15:46:41|20|shiji@forstarfoods.com|SupplierAccount.php
18 May 2018 15:46:41|30|pritirm@forstarfoods.com|DailyCatchReport.php
18 May 2018 15:46:43|30|pritirm@forstarfoods.com|DailyCatchReport.php
18 May 2018 15:46:52|30|pritirm@forstarfoods.com|DailyCatchReport.php
18 May 2018 15:46:53|30|pritirm@forstarfoods.com|DailyCatchReport.php
18 May 2018 15:46:55|20|shiji@forstarfoods.com|SupplierAccount.php
18 May 2018 15:46:55|30|pritirm@forstarfoods.com|DailyCatchReport.php
18 May 2018 15:46:56|30|pritirm@forstarfoods.com|DailyCatchReport.php
18 May 2018 15:47:28|20|shiji@forstarfoods.com|SupplierAccount.php
18 May 2018 15:47:31|20|shiji@forstarfoods.com|SupplierAccount.php
18 May 2018 15:47:39|30|pritirm@forstarfoods.com|DailyCatchReport.php
18 May 2018 15:47:45|30|pritirm@forstarfoods.com|DailyCatchReport.php
18 May 2018 15:47:47|30|pritirm@forstarfoods.com|DailyCatchReport.php
18 May 2018 15:47:48|20|shiji@forstarfoods.com|SupplierAccount.php
18 May 2018 15:47:48|30|pritirm@forstarfoods.com|DailyCatchReport.php
18 May 2018 15:47:52|30|pritirm@forstarfoods.com|DailyCatchReport.php
18 May 2018 15:47:53|30|pritirm@forstarfoods.com|DailyCatchReport.php
18 May 2018 15:47:55|30|pritirm@forstarfoods.com|DailyCatchReport.php
18 May 2018 15:47:56|30|pritirm@forstarfoods.com|DailyCatchReport.php
18 May 2018 15:48:00|30|pritirm@forstarfoods.com|DailyCatchReport.php
18 May 2018 15:48:02|30|pritirm@forstarfoods.com|DailyCatchReport.php
18 May 2018 15:48:03|30|pritirm@forstarfoods.com|DailyCatchReport.php
18 May 2018 15:48:08|20|shiji@forstarfoods.com|SupplierAccount.php
18 May 2018 15:48:13|20|shiji@forstarfoods.com|SupplierAccount.php
18 May 2018 15:50:45|20|shiji@forstarfoods.com|SupplierAccount.php
18 May 2018 15:50:53|20|shiji@forstarfoods.com|DailyCatchReport.php
18 May 2018 15:51:00|20|shiji@forstarfoods.com|DailyCatchReport.php
18 May 2018 15:51:04|20|shiji@forstarfoods.com|DailyCatchReport.php
18 May 2018 15:51:10|20|shiji@forstarfoods.com|DailyCatchReport.php
18 May 2018 15:51:12|20|shiji@forstarfoods.com|DailyCatchReport.php
18 May 2018 15:51:13|20|shiji@forstarfoods.com|DailyCatchReport.php
18 May 2018 15:51:16|20|shiji@forstarfoods.com|DailyCatchReport.php
18 May 2018 15:51:21|20|shiji@forstarfoods.com|DailyCatchReport.php
18 May 2018 15:51:22|20|shiji@forstarfoods.com|DailyCatchReport.php
18 May 2018 15:51:24|20|shiji@forstarfoods.com|DailyCatchReport.php
18 May 2018 15:51:29|20|shiji@forstarfoods.com|DailyCatchEntry_New.php
18 May 2018 15:51:32|20|shiji@forstarfoods.com|DailyCatchEntry_New.php
18 May 2018 15:51:34|20|shiji@forstarfoods.com|DailyCatchEntry_New.php
18 May 2018 15:51:35|20|shiji@forstarfoods.com|DailyCatchEntry_New.php
18 May 2018 15:51:36|20|shiji@forstarfoods.com|DailyCatchEntry_New.php
18 May 2018 15:51:37|20|shiji@forstarfoods.com|CatchEntryDeclaredItem.php
18 May 2018 15:51:39|20|shiji@forstarfoods.com|DailyCatchEntry_New.php
18 May 2018 15:51:43|20|shiji@forstarfoods.com|DailyCatchEntry_New.php
18 May 2018 15:51:45|20|shiji@forstarfoods.com|DailyCatchEntry_New.php
18 May 2018 15:51:46|20|shiji@forstarfoods.com|DailyCatchEntry_New.php
18 May 2018 15:51:47|20|shiji@forstarfoods.com|DailyCatchEntry_New.php
18 May 2018 15:51:48|20|shiji@forstarfoods.com|DailyCatchEntry_New.php
18 May 2018 15:51:52|20|shiji@forstarfoods.com|DailyCatchEntry_New.php
18 May 2018 15:51:53|20|shiji@forstarfoods.com|DailyCatchEntry_New.php
18 May 2018 15:51:54|20|shiji@forstarfoods.com|DailyCatchEntry_New.php
18 May 2018 15:51:58|20|shiji@forstarfoods.com|DailyCatchEntry_New.php
18 May 2018 15:52:09|20|shiji@forstarfoods.com|DailyCatchEntry_New.php
18 May 2018 15:52:10|20|shiji@forstarfoods.com|CatchEntryDeclaredItem.php
18 May 2018 15:52:18|20|shiji@forstarfoods.com|DailyCatchEntry_New.php
18 May 2018 15:53:52|20|shiji@forstarfoods.com|DailyCatchReport.php
18 May 2018 15:53:59|20|shiji@forstarfoods.com|DailyCatchReport.php
18 May 2018 15:54:18|20|shiji@forstarfoods.com|DailyCatchReport.php
18 May 2018 15:54:39|20|shiji@forstarfoods.com|DailyCatchReport.php
18 May 2018 15:54:40|20|shiji@forstarfoods.com|DailyCatchReport.php
18 May 2018 15:54:41|20|shiji@forstarfoods.com|DailyCatchReport.php
18 May 2018 15:54:43|20|shiji@forstarfoods.com|PrintDailyCatchReportMemo.php
18 May 2018 16:00:06|20|shiji@forstarfoods.com|DailyCatchEntry_New.php
18 May 2018 16:00:08|20|shiji@forstarfoods.com|DailyCatchEntry_New.php
18 May 2018 16:00:09|20|shiji@forstarfoods.com|DailyCatchEntry_New.php
18 May 2018 16:00:10|20|shiji@forstarfoods.com|DailyCatchEntry_New.php
18 May 2018 16:00:11|20|shiji@forstarfoods.com|CatchEntryDeclaredItem.php
18 May 2018 16:00:12|20|shiji@forstarfoods.com|DailyCatchEntry_New.php
18 May 2018 16:00:20|20|shiji@forstarfoods.com|DailyCatchReport.php
18 May 2018 16:00:22|20|shiji@forstarfoods.com|DailyCatchReport.php
18 May 2018 16:00:23|20|shiji@forstarfoods.com|DailyCatchReport.php
18 May 2018 16:00:25|20|shiji@forstarfoods.com|DailyCatchReport.php
18 May 2018 16:00:32|20|shiji@forstarfoods.com|DailyCatchReport.php
18 May 2018 16:00:34|20|shiji@forstarfoods.com|DailyCatchReport.php
18 May 2018 16:00:35|20|shiji@forstarfoods.com|DailyCatchReport.php
18 May 2018 16:00:38|20|shiji@forstarfoods.com|DailyCatchReport.php
18 May 2018 16:00:39|20|shiji@forstarfoods.com|DailyCatchReport.php
18 May 2018 16:00:41|20|shiji@forstarfoods.com|DailyCatchReport.php
18 May 2018 16:00:42|20|shiji@forstarfoods.com|DailyCatchReport.php
18 May 2018 16:00:49|20|shiji@forstarfoods.com|DailyCatchReport.php
18 May 2018 16:00:50|20|shiji@forstarfoods.com|DailyCatchReport.php
18 May 2018 16:00:51|20|shiji@forstarfoods.com|DailyCatchReport.php
18 May 2018 16:01:13|20|shiji@forstarfoods.com|DailyCatchReport.php
18 May 2018 16:01:15|20|shiji@forstarfoods.com|DailyCatchReport.php
18 May 2018 16:01:16|20|shiji@forstarfoods.com|DailyCatchReport.php
18 May 2018 16:01:18|20|shiji@forstarfoods.com|DailyCatchReport.php
18 May 2018 16:01:20|20|shiji@forstarfoods.com|DailyCatchReport.php
18 May 2018 16:01:22|20|shiji@forstarfoods.com|DailyCatchReport.php
18 May 2018 16:01:23|20|shiji@forstarfoods.com|DailyCatchReport.php
18 May 2018 16:01:42|20|shiji@forstarfoods.com|PurchaseReport.php
18 May 2018 16:01:52|20|shiji@forstarfoods.com|PurchaseReport.php
18 May 2018 16:01:59|20|shiji@forstarfoods.com|PurchaseReport.php
18 May 2018 16:02:03|20|shiji@forstarfoods.com|PrintPurchaseSettlementMemo.php
18 May 2018 16:04:15|20|shiji@forstarfoods.com|DailyCatchEntry_New.php
18 May 2018 16:04:23|20|shiji@forstarfoods.com|DailyCatchEntry_New.php
18 May 2018 16:04:24|20|shiji@forstarfoods.com|DailyCatchEntry_New.php
18 May 2018 16:04:25|20|shiji@forstarfoods.com|DailyCatchEntry_New.php
18 May 2018 16:04:30|20|shiji@forstarfoods.com|DailyCatchEntry_New.php
18 May 2018 16:04:31|20|shiji@forstarfoods.com|DailyCatchEntry_New.php
18 May 2018 16:04:36|20|shiji@forstarfoods.com|DailyCatchEntry_New.php
18 May 2018 16:04:38|30|pritirm@forstarfoods.com|Home.php
18 May 2018 16:04:45|30|pritirm@forstarfoods.com|DailyCatchEntry_New.php
18 May 2018 16:04:48|30|pritirm@forstarfoods.com|DailyCatchEntry_New.php
18 May 2018 16:04:50|30|pritirm@forstarfoods.com|DailyCatchEntry_New.php
18 May 2018 16:04:51|30|pritirm@forstarfoods.com|DailyCatchEntry_New.php
18 May 2018 16:04:53|30|pritirm@forstarfoods.com|DailyCatchEntry_New.php
18 May 2018 16:04:54|30|pritirm@forstarfoods.com|CatchEntryDeclaredItem.php
18 May 2018 16:04:55|30|pritirm@forstarfoods.com|DailyCatchEntry_New.php
18 May 2018 16:04:59|30|pritirm@forstarfoods.com|DailyCatchEntry_New.php
18 May 2018 16:05:00|30|pritirm@forstarfoods.com|DailyCatchEntry_New.php
18 May 2018 16:05:01|30|pritirm@forstarfoods.com|DailyCatchEntry_New.php
18 May 2018 16:05:02|30|pritirm@forstarfoods.com|DailyCatchEntry_New.php
18 May 2018 16:05:04|30|pritirm@forstarfoods.com|DailyCatchEntry_New.php
18 May 2018 16:05:05|30|pritirm@forstarfoods.com|DailyCatchEntry_New.php
18 May 2018 16:05:07|30|pritirm@forstarfoods.com|DailyCatchEntry_New.php
18 May 2018 16:05:08|20|shiji@forstarfoods.com|DailyCatchEntry_New.php
18 May 2018 16:05:08|30|pritirm@forstarfoods.com|DailyCatchEntry_New.php
18 May 2018 16:05:14|30|pritirm@forstarfoods.com|DailyCatchEntry_New.php
18 May 2018 16:05:18|30|pritirm@forstarfoods.com|DailyCatchEntry_New.php
18 May 2018 16:05:19|30|pritirm@forstarfoods.com|CatchEntryDeclaredItem.php
18 May 2018 16:05:27|30|pritirm@forstarfoods.com|DailyCatchEntry_New.php
18 May 2018 16:05:28|30|pritirm@forstarfoods.com|DailyCatchEntry_New.php
18 May 2018 16:05:30|30|pritirm@forstarfoods.com|DailyCatchEntry_New.php
18 May 2018 16:05:40|30|pritirm@forstarfoods.com|DailyCatchEntry_New.php
18 May 2018 16:05:42|30|pritirm@forstarfoods.com|DailyCatchEntry_New.php
18 May 2018 16:05:48|30|pritirm@forstarfoods.com|DailyCatchEntry_New.php
18 May 2018 16:05:49|30|pritirm@forstarfoods.com|DailyCatchEntry_New.php
18 May 2018 16:05:50|30|pritirm@forstarfoods.com|DailyCatchEntry_New.php
18 May 2018 16:05:51|30|pritirm@forstarfoods.com|DailyCatchEntry_New.php
18 May 2018 16:05:53|30|pritirm@forstarfoods.com|DailyCatchEntry_New.php
18 May 2018 16:05:54|30|pritirm@forstarfoods.com|DailyCatchEntry_New.php
18 May 2018 16:05:58|30|pritirm@forstarfoods.com|DailyCatchEntry_New.php
18 May 2018 16:06:01|30|pritirm@forstarfoods.com|DailyCatchEntry_New.php
18 May 2018 16:06:02|30|pritirm@forstarfoods.com|CatchEntryDeclaredItem.php
18 May 2018 16:06:13|30|pritirm@forstarfoods.com|DailyCatchEntry_New.php
18 May 2018 16:06:15|30|pritirm@forstarfoods.com|DailyCatchEntry_New.php
18 May 2018 16:06:20|30|pritirm@forstarfoods.com|DailyCatchEntry_New.php
18 May 2018 16:06:21|30|pritirm@forstarfoods.com|DailyCatchEntry_New.php
18 May 2018 16:06:22|30|pritirm@forstarfoods.com|DailyCatchEntry_New.php
18 May 2018 16:06:23|30|pritirm@forstarfoods.com|DailyCatchEntry_New.php
18 May 2018 16:06:24|30|pritirm@forstarfoods.com|DailyCatchEntry_New.php
18 May 2018 16:06:26|30|pritirm@forstarfoods.com|DailyCatchEntry_New.php
18 May 2018 16:06:39|30|pritirm@forstarfoods.com|DailyCatchEntry_New.php
18 May 2018 16:06:41|30|pritirm@forstarfoods.com|DailyCatchEntry_New.php
18 May 2018 16:06:43|30|pritirm@forstarfoods.com|CatchEntryDeclaredItem.php
18 May 2018 16:06:50|30|pritirm@forstarfoods.com|DailyCatchEntry_New.php
18 May 2018 16:06:52|30|pritirm@forstarfoods.com|DailyCatchEntry_New.php
18 May 2018 16:06:58|30|pritirm@forstarfoods.com|DailyCatchEntry_New.php
18 May 2018 16:07:00|30|pritirm@forstarfoods.com|DailyCatchEntry_New.php
18 May 2018 16:07:01|30|pritirm@forstarfoods.com|DailyCatchEntry_New.php
18 May 2018 16:07:02|30|pritirm@forstarfoods.com|DailyCatchEntry_New.php
18 May 2018 16:07:03|30|pritirm@forstarfoods.com|DailyCatchEntry_New.php
18 May 2018 16:07:05|30|pritirm@forstarfoods.com|DailyCatchEntry_New.php
18 May 2018 16:07:09|30|pritirm@forstarfoods.com|DailyCatchEntry_New.php
18 May 2018 16:07:11|30|pritirm@forstarfoods.com|DailyCatchEntry_New.php
18 May 2018 16:07:12|20|shiji@forstarfoods.com|DailyCatchEntry_New.php
18 May 2018 16:07:12|30|pritirm@forstarfoods.com|CatchEntryDeclaredItem.php
18 May 2018 16:07:13|20|shiji@forstarfoods.com|DailyCatchEntry_New.php
18 May 2018 16:07:25|30|pritirm@forstarfoods.com|DailyCatchEntry_New.php
18 May 2018 16:07:30|30|pritirm@forstarfoods.com|DailyCatchEntry_New.php
18 May 2018 16:07:31|30|pritirm@forstarfoods.com|DailyCatchEntry_New.php
18 May 2018 16:07:32|30|pritirm@forstarfoods.com|DailyCatchEntry_New.php
18 May 2018 16:07:35|30|pritirm@forstarfoods.com|DailyCatchEntry_New.php
18 May 2018 16:07:36|30|pritirm@forstarfoods.com|DailyCatchEntry_New.php
18 May 2018 16:07:37|30|pritirm@forstarfoods.com|DailyCatchEntry_New.php
18 May 2018 16:07:43|20|shiji@forstarfoods.com|DailyCatchEntry_New.php
18 May 2018 16:07:44|20|shiji@forstarfoods.com|DailyCatchEntry_New.php
18 May 2018 16:07:46|20|shiji@forstarfoods.com|DailyCatchEntry_New.php
18 May 2018 16:07:57|20|shiji@forstarfoods.com|DailyCatchEntry_New.php
18 May 2018 16:07:59|20|shiji@forstarfoods.com|DailyCatchEntry_New.php
18 May 2018 16:08:00|20|shiji@forstarfoods.com|DailyCatchEntry_New.php
18 May 2018 16:08:01|20|shiji@forstarfoods.com|DailyCatchEntry_New.php
18 May 2018 16:08:09|20|shiji@forstarfoods.com|DailyCatchEntry_New.php
18 May 2018 16:08:17|20|shiji@forstarfoods.com|DailyCatchEntry_New.php
18 May 2018 16:08:23|20|shiji@forstarfoods.com|DailyCatchEntry_New.php
18 May 2018 16:08:30|20|shiji@forstarfoods.com|DailyCatchEntry_New.php
18 May 2018 16:09:01|30|pritirm@forstarfoods.com|DailyCatchEntry_New.php
18 May 2018 16:09:04|30|pritirm@forstarfoods.com|DailyCatchEntry_New.php
18 May 2018 16:09:05|30|pritirm@forstarfoods.com|DailyCatchEntry_New.php
18 May 2018 16:09:06|30|pritirm@forstarfoods.com|CatchEntryDeclaredItem.php
18 May 2018 16:09:07|30|pritirm@forstarfoods.com|DailyCatchEntry_New.php
18 May 2018 16:09:09|30|pritirm@forstarfoods.com|CatchEntryDeclaredItem.php
18 May 2018 16:09:29|30|pritirm@forstarfoods.com|DailyCatchEntry_New.php
18 May 2018 16:10:05|30|pritirm@forstarfoods.com|DailyCatchEntry_New.php
18 May 2018 16:10:07|30|pritirm@forstarfoods.com|DailyCatchEntry_New.php
18 May 2018 16:10:08|30|pritirm@forstarfoods.com|DailyCatchEntry_New.php
18 May 2018 16:10:09|20|shiji@forstarfoods.com|DailyCatchEntry_New.php
18 May 2018 16:10:19|30|pritirm@forstarfoods.com|DailyCatchEntry_New.php
18 May 2018 16:10:21|30|pritirm@forstarfoods.com|DailyCatchEntry_New.php
18 May 2018 16:10:23|30|pritirm@forstarfoods.com|DailyCatchEntry_New.php
18 May 2018 16:10:24|30|pritirm@forstarfoods.com|DailyCatchEntry_New.php
18 May 2018 16:12:05|30|pritirm@forstarfoods.com|DailyCatchEntry_New.php
18 May 2018 16:12:07|30|pritirm@forstarfoods.com|DailyCatchEntry_New.php
18 May 2018 16:12:08|30|pritirm@forstarfoods.com|DailyCatchSummary.php
18 May 2018 16:12:13|30|pritirm@forstarfoods.com|DailyCatchSummary.php
18 May 2018 16:12:19|30|pritirm@forstarfoods.com|DailyCatchSummary.php
18 May 2018 16:12:22|30|pritirm@forstarfoods.com|DailyCatchSummary.php
18 May 2018 16:12:34|30|pritirm@forstarfoods.com|DailyCatchSummary.php
18 May 2018 16:12:37|30|pritirm@forstarfoods.com|DailyCatchSummary.php
18 May 2018 16:12:44|30|pritirm@forstarfoods.com|DailyCatchSummary.php
18 May 2018 16:13:09|30|pritirm@forstarfoods.com|DailyCatchSummary.php
18 May 2018 16:13:15|30|pritirm@forstarfoods.com|DailyCatchSummary.php
18 May 2018 16:15:11|20|shiji@forstarfoods.com|DailyCatchEntry_New.php
18 May 2018 16:20:12|20|shiji@forstarfoods.com|DailyCatchEntry_New.php
18 May 2018 16:20:16|20|shiji@forstarfoods.com|DailyCatchReport.php
18 May 2018 16:20:25|20|shiji@forstarfoods.com|DailyCatchReport.php
18 May 2018 16:20:29|20|shiji@forstarfoods.com|DailyCatchReport.php
18 May 2018 16:20:30|20|shiji@forstarfoods.com|DailyCatchReport.php
18 May 2018 16:20:32|20|shiji@forstarfoods.com|DailyCatchReport.php
18 May 2018 16:20:33|20|shiji@forstarfoods.com|PrintDailyCatchReportMemo.php
18 May 2018 16:21:03|20|shiji@forstarfoods.com|DailyCatchEntry_New.php
18 May 2018 16:22:21|31|rekha@foresee.com|Home.php
18 May 2018 16:23:03|31|rekha@foresee.com|DailyCatchEntry_New.php
18 May 2018 16:23:16|31|rekha@foresee.com|DailyCatchEntry_New.php
18 May 2018 16:23:17|31|rekha@foresee.com|DailyCatchEntry_New.php
18 May 2018 16:23:19|31|rekha@foresee.com|DailyCatchEntry_New.php
18 May 2018 16:23:20|31|rekha@foresee.com|DailyCatchEntry_New.php
18 May 2018 16:23:21|31|rekha@foresee.com|CatchEntryDeclaredItem.php
18 May 2018 16:23:22|31|rekha@foresee.com|DailyCatchEntry_New.php
18 May 2018 16:25:13|20|shiji@forstarfoods.com|DailyCatchEntry_New.php
18 May 2018 16:28:18|31|rekha@foresee.com|DailyCatchEntry_New.php
18 May 2018 16:30:15|20|shiji@forstarfoods.com|DailyCatchEntry_New.php
18 May 2018 16:33:19|31|rekha@foresee.com|DailyCatchEntry_New.php
18 May 2018 16:35:17|20|shiji@forstarfoods.com|DailyCatchEntry_New.php
18 May 2018 16:38:20|31|rekha@foresee.com|DailyCatchEntry_New.php
18 May 2018 16:40:19|20|shiji@forstarfoods.com|DailyCatchEntry_New.php
18 May 2018 16:40:58|20|shiji@forstarfoods.com|Home.php
18 May 2018 16:41:03|20|shiji@forstarfoods.com|DailyCatchReport.php
18 May 2018 16:43:22|31|rekha@foresee.com|DailyCatchEntry_New.php
18 May 2018 16:48:23|31|rekha@foresee.com|DailyCatchEntry_New.php
18 May 2018 16:53:24|31|rekha@foresee.com|DailyCatchEntry_New.php
18 May 2018 16:55:08|20|shiji@forstarfoods.com|SupplierAccount.php
18 May 2018 16:55:38|20|shiji@forstarfoods.com|DailyCatchReport.php
18 May 2018 16:55:59|20|shiji@forstarfoods.com|DailyCatchReport.php
18 May 2018 16:56:04|20|shiji@forstarfoods.com|DailyCatchReport.php
18 May 2018 16:56:06|20|shiji@forstarfoods.com|DailyCatchReport.php
18 May 2018 16:56:07|20|shiji@forstarfoods.com|DailyCatchReport.php
18 May 2018 16:56:12|20|shiji@forstarfoods.com|DailyCatchReport.php
18 May 2018 16:56:13|20|shiji@forstarfoods.com|DailyCatchReport.php
18 May 2018 16:56:15|20|shiji@forstarfoods.com|DailyCatchReport.php
18 May 2018 16:56:38|20|shiji@forstarfoods.com|PrintDailyCatchReportMemo.php
18 May 2018 16:57:01|20|shiji@forstarfoods.com|DailyCatchReport.php
18 May 2018 16:57:03|20|shiji@forstarfoods.com|DailyCatchReport.php
18 May 2018 16:57:04|20|shiji@forstarfoods.com|DailyCatchReport.php
18 May 2018 16:57:06|20|shiji@forstarfoods.com|DailyCatchReport.php
18 May 2018 16:57:08|20|shiji@forstarfoods.com|DailyCatchReport.php
18 May 2018 16:57:09|20|shiji@forstarfoods.com|DailyCatchReport.php
18 May 2018 16:57:14|20|shiji@forstarfoods.com|DailyCatchEntry_New.php
18 May 2018 16:57:18|20|shiji@forstarfoods.com|DailyCatchEntry_New.php
18 May 2018 16:57:20|20|shiji@forstarfoods.com|DailyCatchEntry_New.php
18 May 2018 16:57:21|20|shiji@forstarfoods.com|DailyCatchEntry_New.php
18 May 2018 16:57:23|20|shiji@forstarfoods.com|DailyCatchEntry_New.php
18 May 2018 16:57:24|20|shiji@forstarfoods.com|DailyCatchEntry_New.php
18 May 2018 16:57:25|20|shiji@forstarfoods.com|DailyCatchEntry_New.php
18 May 2018 16:57:32|20|shiji@forstarfoods.com|DailyCatchEntry_New.php
18 May 2018 16:57:35|20|shiji@forstarfoods.com|DailyCatchEntry_New.php
18 May 2018 16:57:36|20|shiji@forstarfoods.com|DailyCatchEntry_New.php
18 May 2018 16:57:38|20|shiji@forstarfoods.com|CatchEntryDeclaredItem.php
18 May 2018 16:57:39|20|shiji@forstarfoods.com|DailyCatchEntry_New.php
18 May 2018 16:57:40|20|shiji@forstarfoods.com|CatchEntryDeclaredItem.php
18 May 2018 16:57:42|20|shiji@forstarfoods.com|DailyCatchEntry_New.php
18 May 2018 16:57:44|20|shiji@forstarfoods.com|DailyCatchEntry_New.php
18 May 2018 16:57:46|20|shiji@forstarfoods.com|CatchEntryDeclaredItem.php
18 May 2018 16:57:59|20|shiji@forstarfoods.com|DailyCatchEntry_New.php
18 May 2018 16:58:02|20|shiji@forstarfoods.com|DailyCatchEntry_New.php
18 May 2018 16:58:25|31|rekha@foresee.com|DailyCatchEntry_New.php
18 May 2018 16:59:06|20|shiji@forstarfoods.com|DailyCatchEntry_New.php
18 May 2018 16:59:09|20|shiji@forstarfoods.com|DailyCatchEntry_New.php
18 May 2018 16:59:11|20|shiji@forstarfoods.com|DailyCatchEntry_New.php
18 May 2018 16:59:15|20|shiji@forstarfoods.com|DailyCatchReport.php
18 May 2018 16:59:24|20|shiji@forstarfoods.com|DailyCatchReport.php
18 May 2018 16:59:27|20|shiji@forstarfoods.com|DailyCatchReport.php
18 May 2018 16:59:29|20|shiji@forstarfoods.com|DailyCatchReport.php
18 May 2018 16:59:30|20|shiji@forstarfoods.com|DailyCatchReport.php
18 May 2018 16:59:34|20|shiji@forstarfoods.com|DailyCatchReport.php
18 May 2018 16:59:35|20|shiji@forstarfoods.com|DailyCatchReport.php
18 May 2018 16:59:36|20|shiji@forstarfoods.com|DailyCatchReport.php
18 May 2018 16:59:45|20|shiji@forstarfoods.com|DailyCatchReport.php
18 May 2018 16:59:46|20|shiji@forstarfoods.com|DailyCatchReport.php
18 May 2018 16:59:48|20|shiji@forstarfoods.com|DailyCatchReport.php
18 May 2018 16:59:49|20|shiji@forstarfoods.com|DailyCatchReport.php
18 May 2018 16:59:59|20|shiji@forstarfoods.com|DailyCatchReport.php
18 May 2018 17:00:00|20|shiji@forstarfoods.com|DailyCatchReport.php
18 May 2018 17:00:01|20|shiji@forstarfoods.com|DailyCatchReport.php
18 May 2018 17:00:07|20|shiji@forstarfoods.com|DailyCatchReport.php
18 May 2018 17:00:13|20|shiji@forstarfoods.com|DailyCatchReport.php
18 May 2018 17:00:15|20|shiji@forstarfoods.com|DailyCatchReport.php
18 May 2018 17:00:16|20|shiji@forstarfoods.com|DailyCatchReport.php
18 May 2018 17:00:30|20|shiji@forstarfoods.com|DailyCatchEntry_New.php
18 May 2018 17:00:34|20|shiji@forstarfoods.com|DailyCatchEntry_New.php
18 May 2018 17:00:35|20|shiji@forstarfoods.com|DailyCatchEntry_New.php
18 May 2018 17:00:36|20|shiji@forstarfoods.com|DailyCatchEntry_New.php
18 May 2018 17:00:38|20|shiji@forstarfoods.com|DailyCatchEntry_New.php
18 May 2018 17:00:39|20|shiji@forstarfoods.com|DailyCatchEntry_New.php
18 May 2018 17:00:41|20|shiji@forstarfoods.com|DailyCatchEntry_New.php
18 May 2018 17:00:46|20|shiji@forstarfoods.com|DailyCatchEntry_New.php
18 May 2018 17:00:49|20|shiji@forstarfoods.com|DailyCatchEntry_New.php
18 May 2018 17:00:50|20|shiji@forstarfoods.com|DailyCatchEntry_New.php
18 May 2018 17:00:51|20|shiji@forstarfoods.com|CatchEntryDeclaredItem.php
18 May 2018 17:00:52|20|shiji@forstarfoods.com|DailyCatchEntry_New.php
18 May 2018 17:00:54|20|shiji@forstarfoods.com|CatchEntryDeclaredItem.php
18 May 2018 17:00:55|20|shiji@forstarfoods.com|DailyCatchEntry_New.php
18 May 2018 17:00:57|20|shiji@forstarfoods.com|DailyCatchEntry_New.php
18 May 2018 17:00:59|20|shiji@forstarfoods.com|CatchEntryDeclaredItem.php
18 May 2018 17:01:12|20|shiji@forstarfoods.com|DailyCatchEntry_New.php
18 May 2018 17:01:15|20|shiji@forstarfoods.com|DailyCatchEntry_New.php
18 May 2018 17:01:19|20|shiji@forstarfoods.com|DailyCatchEntry_New.php
18 May 2018 17:01:22|20|shiji@forstarfoods.com|DailyCatchEntry_New.php
18 May 2018 17:01:25|20|shiji@forstarfoods.com|DailyCatchEntry_New.php
18 May 2018 17:01:28|20|shiji@forstarfoods.com|DailyCatchReport.php
18 May 2018 17:01:37|20|shiji@forstarfoods.com|DailyCatchReport.php
18 May 2018 17:01:39|20|shiji@forstarfoods.com|DailyCatchReport.php
18 May 2018 17:01:41|20|shiji@forstarfoods.com|DailyCatchReport.php
18 May 2018 17:01:42|20|shiji@forstarfoods.com|DailyCatchReport.php
18 May 2018 17:01:46|20|shiji@forstarfoods.com|DailyCatchReport.php
18 May 2018 17:01:47|20|shiji@forstarfoods.com|DailyCatchReport.php
18 May 2018 17:01:48|20|shiji@forstarfoods.com|DailyCatchReport.php
18 May 2018 17:01:59|20|shiji@forstarfoods.com|DailyCatchReport.php
18 May 2018 17:02:01|20|shiji@forstarfoods.com|DailyCatchReport.php
18 May 2018 17:02:02|20|shiji@forstarfoods.com|DailyCatchReport.php
18 May 2018 17:02:03|20|shiji@forstarfoods.com|DailyCatchReport.php
18 May 2018 17:02:09|20|shiji@forstarfoods.com|DailyCatchReport.php
18 May 2018 17:02:11|20|shiji@forstarfoods.com|DailyCatchReport.php
18 May 2018 17:02:12|20|shiji@forstarfoods.com|DailyCatchReport.php
18 May 2018 17:02:23|20|shiji@forstarfoods.com|DailyCatchReport.php
18 May 2018 17:02:24|20|shiji@forstarfoods.com|DailyCatchReport.php
18 May 2018 17:02:26|20|shiji@forstarfoods.com|DailyCatchReport.php
18 May 2018 17:02:27|20|shiji@forstarfoods.com|DailyCatchReport.php
18 May 2018 17:03:05|20|shiji@forstarfoods.com|DailyCatchReport.php
18 May 2018 17:03:06|20|shiji@forstarfoods.com|DailyCatchReport.php
18 May 2018 17:03:08|20|shiji@forstarfoods.com|DailyCatchReport.php
18 May 2018 17:03:26|20|shiji@forstarfoods.com|DailyCatchReport.php
18 May 2018 17:03:27|31|rekha@foresee.com|DailyCatchEntry_New.php
18 May 2018 17:03:28|20|shiji@forstarfoods.com|DailyCatchReport.php
18 May 2018 17:03:29|20|shiji@forstarfoods.com|DailyCatchReport.php
18 May 2018 17:03:31|20|shiji@forstarfoods.com|DailyCatchReport.php
18 May 2018 17:03:34|20|shiji@forstarfoods.com|DailyCatchReport.php
18 May 2018 17:03:39|20|shiji@forstarfoods.com|DailyCatchReport.php
18 May 2018 17:03:41|20|shiji@forstarfoods.com|DailyCatchReport.php
18 May 2018 17:03:42|20|shiji@forstarfoods.com|DailyCatchReport.php
18 May 2018 17:03:45|20|shiji@forstarfoods.com|DailyCatchReport.php
18 May 2018 17:03:47|20|shiji@forstarfoods.com|DailyCatchReport.php
18 May 2018 17:03:48|20|shiji@forstarfoods.com|DailyCatchReport.php
18 May 2018 17:03:56|20|shiji@forstarfoods.com|DailyCatchReport.php
18 May 2018 17:03:57|20|shiji@forstarfoods.com|DailyCatchReport.php
18 May 2018 17:03:59|20|shiji@forstarfoods.com|DailyCatchReport.php
18 May 2018 17:04:00|20|shiji@forstarfoods.com|DailyCatchReport.php
18 May 2018 17:04:02|20|shiji@forstarfoods.com|DailyCatchReport.php
18 May 2018 17:04:04|20|shiji@forstarfoods.com|DailyCatchReport.php
18 May 2018 17:04:05|20|shiji@forstarfoods.com|DailyCatchReport.php
18 May 2018 17:04:09|20|shiji@forstarfoods.com|DailyCatchReport.php
18 May 2018 17:04:10|20|shiji@forstarfoods.com|DailyCatchReport.php
18 May 2018 17:04:12|20|shiji@forstarfoods.com|DailyCatchReport.php
18 May 2018 17:04:16|20|shiji@forstarfoods.com|DailyCatchReport.php
18 May 2018 17:04:18|20|shiji@forstarfoods.com|DailyCatchReport.php
18 May 2018 17:04:19|20|shiji@forstarfoods.com|DailyCatchReport.php
18 May 2018 17:04:21|20|shiji@forstarfoods.com|DailyCatchReport.php
18 May 2018 17:04:25|20|shiji@forstarfoods.com|DailyCatchReport.php
18 May 2018 17:04:26|20|shiji@forstarfoods.com|DailyCatchReport.php
18 May 2018 17:04:27|20|shiji@forstarfoods.com|DailyCatchReport.php
18 May 2018 17:04:32|20|shiji@forstarfoods.com|DailyCatchReport.php
18 May 2018 17:04:33|20|shiji@forstarfoods.com|DailyCatchReport.php
18 May 2018 17:04:34|20|shiji@forstarfoods.com|DailyCatchReport.php
18 May 2018 17:04:39|20|shiji@forstarfoods.com|DailyCatchReport.php
18 May 2018 17:04:40|20|shiji@forstarfoods.com|DailyCatchReport.php
18 May 2018 17:04:42|20|shiji@forstarfoods.com|DailyCatchReport.php
18 May 2018 17:04:43|20|shiji@forstarfoods.com|DailyCatchReport.php
18 May 2018 17:04:45|20|shiji@forstarfoods.com|DailyCatchReport.php
18 May 2018 17:04:47|20|shiji@forstarfoods.com|DailyCatchReport.php
18 May 2018 17:04:48|20|shiji@forstarfoods.com|DailyCatchReport.php
18 May 2018 17:04:52|20|shiji@forstarfoods.com|DailyCatchReport.php
18 May 2018 17:04:53|20|shiji@forstarfoods.com|DailyCatchReport.php
18 May 2018 17:04:55|20|shiji@forstarfoods.com|DailyCatchReport.php
18 May 2018 17:05:01|20|shiji@forstarfoods.com|DailyCatchReport.php
18 May 2018 17:05:02|20|shiji@forstarfoods.com|DailyCatchReport.php
18 May 2018 17:05:04|20|shiji@forstarfoods.com|DailyCatchReport.php
18 May 2018 17:05:05|20|shiji@forstarfoods.com|DailyCatchReport.php
18 May 2018 17:05:07|20|shiji@forstarfoods.com|DailyCatchReport.php
18 May 2018 17:05:09|20|shiji@forstarfoods.com|DailyCatchReport.php
18 May 2018 17:05:10|20|shiji@forstarfoods.com|DailyCatchReport.php
18 May 2018 17:05:14|20|shiji@forstarfoods.com|DailyCatchReport.php
18 May 2018 17:05:16|20|shiji@forstarfoods.com|DailyCatchReport.php
18 May 2018 17:05:17|20|shiji@forstarfoods.com|DailyCatchReport.php
18 May 2018 17:05:38|20|shiji@forstarfoods.com|DailyCatchReport.php
18 May 2018 17:05:40|20|shiji@forstarfoods.com|DailyCatchReport.php
18 May 2018 17:05:41|20|shiji@forstarfoods.com|DailyCatchReport.php
18 May 2018 17:05:43|20|shiji@forstarfoods.com|DailyCatchReport.php
18 May 2018 17:05:53|20|shiji@forstarfoods.com|PrintDailyCatchReportMemo.php
18 May 2018 17:06:00|20|shiji@forstarfoods.com|DailyCatchEntry_New.php
18 May 2018 17:06:03|20|shiji@forstarfoods.com|DailyCatchEntry_New.php
18 May 2018 17:06:05|20|shiji@forstarfoods.com|DailyCatchEntry_New.php
18 May 2018 17:06:06|20|shiji@forstarfoods.com|DailyCatchEntry_New.php
18 May 2018 17:06:07|20|shiji@forstarfoods.com|DailyCatchEntry_New.php
18 May 2018 17:06:09|20|shiji@forstarfoods.com|CatchEntryDeclaredItem.php
18 May 2018 17:06:10|20|shiji@forstarfoods.com|DailyCatchEntry_New.php
18 May 2018 17:06:17|20|shiji@forstarfoods.com|DailyCatchEntry_New.php
18 May 2018 17:06:18|20|shiji@forstarfoods.com|DailyCatchEntry_New.php
18 May 2018 17:06:19|20|shiji@forstarfoods.com|DailyCatchEntry_New.php
18 May 2018 17:06:20|20|shiji@forstarfoods.com|DailyCatchEntry_New.php
18 May 2018 17:06:22|20|shiji@forstarfoods.com|DailyCatchEntry_New.php
18 May 2018 17:06:24|20|shiji@forstarfoods.com|DailyCatchEntry_New.php
18 May 2018 17:06:25|20|shiji@forstarfoods.com|DailyCatchEntry_New.php
18 May 2018 17:06:26|20|shiji@forstarfoods.com|DailyCatchEntry_New.php
18 May 2018 17:06:30|20|shiji@forstarfoods.com|DailyCatchEntry_New.php
18 May 2018 17:06:44|20|shiji@forstarfoods.com|DailyCatchEntry_New.php
18 May 2018 17:06:48|20|shiji@forstarfoods.com|DailyCatchEntry_New.php
18 May 2018 17:06:49|20|shiji@forstarfoods.com|CatchEntryDeclaredItem.php
18 May 2018 17:07:06|20|shiji@forstarfoods.com|DailyCatchEntry_New.php
18 May 2018 17:07:18|20|shiji@forstarfoods.com|DailyCatchEntry_New.php
18 May 2018 17:07:20|20|shiji@forstarfoods.com|DailyCatchEntry_New.php
18 May 2018 17:07:24|20|shiji@forstarfoods.com|DailyCatchEntry_New.php
18 May 2018 17:07:25|20|shiji@forstarfoods.com|DailyCatchEntry_New.php
18 May 2018 17:07:26|20|shiji@forstarfoods.com|DailyCatchEntry_New.php
18 May 2018 17:07:27|20|shiji@forstarfoods.com|DailyCatchEntry_New.php
18 May 2018 17:07:28|20|shiji@forstarfoods.com|DailyCatchEntry_New.php
18 May 2018 17:07:30|20|shiji@forstarfoods.com|DailyCatchEntry_New.php
18 May 2018 17:07:31|20|shiji@forstarfoods.com|DailyCatchEntry_New.php
18 May 2018 17:07:32|20|shiji@forstarfoods.com|DailyCatchEntry_New.php
18 May 2018 17:07:58|20|shiji@forstarfoods.com|DailyCatchEntry_New.php
18 May 2018 17:08:00|20|shiji@forstarfoods.com|DailyCatchEntry_New.php
18 May 2018 17:08:03|20|shiji@forstarfoods.com|CatchEntryDeclaredItem.php
18 May 2018 17:08:05|20|shiji@forstarfoods.com|DailyCatchReport.php
18 May 2018 17:08:28|31|rekha@foresee.com|DailyCatchEntry_New.php
18 May 2018 17:08:37|20|shiji@forstarfoods.com|DailyCatchReport.php
18 May 2018 17:08:45|20|shiji@forstarfoods.com|DailyCatchReport.php
18 May 2018 17:08:47|20|shiji@forstarfoods.com|DailyCatchReport.php
18 May 2018 17:08:49|20|shiji@forstarfoods.com|DailyCatchReport.php
18 May 2018 17:08:50|20|shiji@forstarfoods.com|DailyCatchReport.php
18 May 2018 17:08:52|20|shiji@forstarfoods.com|DailyCatchReport.php
18 May 2018 17:08:54|20|shiji@forstarfoods.com|DailyCatchReport.php
18 May 2018 17:08:55|20|shiji@forstarfoods.com|DailyCatchReport.php
18 May 2018 17:09:02|20|shiji@forstarfoods.com|SupplierAccount.php
18 May 2018 17:09:35|20|shiji@forstarfoods.com|SupplierAccount.php
18 May 2018 17:10:04|20|shiji@forstarfoods.com|SupplierAccount.php
18 May 2018 17:10:16|20|shiji@forstarfoods.com|DailyCatchReport.php
18 May 2018 17:10:24|20|shiji@forstarfoods.com|DailyCatchReport.php
18 May 2018 17:10:27|20|shiji@forstarfoods.com|DailyCatchReport.php
18 May 2018 17:10:29|20|shiji@forstarfoods.com|DailyCatchReport.php
18 May 2018 17:10:31|20|shiji@forstarfoods.com|DailyCatchReport.php
18 May 2018 17:10:32|20|shiji@forstarfoods.com|DailyCatchReport.php
18 May 2018 17:10:44|20|shiji@forstarfoods.com|SupplierAccount.php
18 May 2018 17:11:03|20|shiji@forstarfoods.com|SupplierAccount.php
18 May 2018 17:11:16|20|shiji@forstarfoods.com|SupplierAccount.php
18 May 2018 17:11:20|20|shiji@forstarfoods.com|SupplierAccount.php
18 May 2018 17:11:24|20|shiji@forstarfoods.com|SupplierAccount.php
18 May 2018 17:11:47|20|shiji@forstarfoods.com|SupplierAccount.php
18 May 2018 17:11:59|20|shiji@forstarfoods.com|SupplierAccount.php
18 May 2018 17:12:02|20|shiji@forstarfoods.com|SupplierAccount.php
18 May 2018 17:13:02|20|shiji@forstarfoods.com|SupplierAccount.php
18 May 2018 17:13:12|20|shiji@forstarfoods.com|SupplierAccount.php
18 May 2018 17:13:14|20|shiji@forstarfoods.com|SupplierAccount.php
18 May 2018 17:13:29|31|rekha@foresee.com|DailyCatchEntry_New.php
18 May 2018 17:13:38|20|shiji@forstarfoods.com|SupplierAccount.php
18 May 2018 17:13:46|20|shiji@forstarfoods.com|SupplierAccount.php
18 May 2018 17:13:49|20|shiji@forstarfoods.com|SupplierAccount.php
18 May 2018 17:15:56|20|shiji@forstarfoods.com|SupplierAccount.php
18 May 2018 17:16:22|20|shiji@forstarfoods.com|SupplierAccount.php
18 May 2018 17:16:27|20|shiji@forstarfoods.com|SupplierAccount.php
18 May 2018 17:16:30|20|shiji@forstarfoods.com|SupplierAccount.php
18 May 2018 17:16:42|20|shiji@forstarfoods.com|SupplierAccount.php
18 May 2018 17:18:11|20|shiji@forstarfoods.com|SupplierAccount.php
18 May 2018 17:18:19|20|shiji@forstarfoods.com|SupplierAccount.php
18 May 2018 17:18:22|20|shiji@forstarfoods.com|SupplierAccount.php
18 May 2018 17:18:31|31|rekha@foresee.com|DailyCatchEntry_New.php
18 May 2018 17:18:45|20|shiji@forstarfoods.com|SupplierAccount.php
18 May 2018 17:18:53|20|shiji@forstarfoods.com|SupplierAccount.php
18 May 2018 17:18:56|20|shiji@forstarfoods.com|SupplierAccount.php
18 May 2018 17:19:25|20|shiji@forstarfoods.com|SupplierAccount.php
18 May 2018 17:19:41|20|shiji@forstarfoods.com|SupplierAccount.php
18 May 2018 17:23:32|31|rekha@foresee.com|DailyCatchEntry_New.php
18 May 2018 17:25:36|20|shiji@forstarfoods.com|SupplierAccount.php
18 May 2018 17:25:50|20|shiji@forstarfoods.com|SupplierAccount.php
18 May 2018 17:26:05|20|shiji@forstarfoods.com|SupplierAccount.php
18 May 2018 17:26:08|20|shiji@forstarfoods.com|SupplierAccount.php
18 May 2018 17:26:25|31|rekha@foresee.com|Home.php
18 May 2018 17:26:47|20|shiji@forstarfoods.com|SupplierAccount.php
18 May 2018 17:27:00|20|shiji@forstarfoods.com|SupplierAccount.php
18 May 2018 17:27:05|20|shiji@forstarfoods.com|SupplierAccount.php
18 May 2018 17:27:23|20|shiji@forstarfoods.com|SupplierAccount.php
18 May 2018 17:27:29|20|shiji@forstarfoods.com|SupplierAccount.php
18 May 2018 17:27:32|20|shiji@forstarfoods.com|SupplierAccount.php
18 May 2018 17:27:43|20|shiji@forstarfoods.com|SupplierAccount.php
18 May 2018 17:27:47|20|shiji@forstarfoods.com|SupplierAccount.php
18 May 2018 17:28:33|31|rekha@foresee.com|DailyCatchEntry_New.php
18 May 2018 17:29:56|20|shiji@forstarfoods.com|SupplierAccount.php
18 May 2018 17:30:21|20|shiji@forstarfoods.com|SupplierAccount.php
18 May 2018 17:30:26|20|shiji@forstarfoods.com|SupplierAccount.php
18 May 2018 17:30:32|20|shiji@forstarfoods.com|SupplierAccount.php
18 May 2018 17:30:46|20|shiji@forstarfoods.com|PurchaseReport.php
18 May 2018 17:33:35|31|rekha@foresee.com|DailyCatchEntry_New.php
18 May 2018 17:38:36|31|rekha@foresee.com|DailyCatchEntry_New.php
18 May 2018 17:43:37|31|rekha@foresee.com|DailyCatchEntry_New.php
18 May 2018 17:48:39|31|rekha@foresee.com|DailyCatchEntry_New.php
18 May 2018 17:53:40|31|rekha@foresee.com|DailyCatchEntry_New.php
18 May 2018 17:58:41|31|rekha@foresee.com|DailyCatchEntry_New.php
18 May 2018 18:03:00|31|rekha@foresee.com|Home.php
18 May 2018 18:03:09|31|rekha@foresee.com|DailyCatchEntry_New.php
18 May 2018 18:03:42|31|rekha@foresee.com|DailyCatchEntry_New.php
18 May 2018 18:03:43|31|rekha@foresee.com|Home.php
18 May 2018 18:06:15|31|rekha@foresee.com|DailyCatchEntry_New.php
18 May 2018 18:06:17|31|rekha@foresee.com|DailyCatchEntry_New.php
18 May 2018 18:06:18|31|rekha@foresee.com|DailyCatchEntry_New.php
18 May 2018 18:06:23|31|rekha@foresee.com|DailyCatchEntry_New.php
18 May 2018 18:06:27|31|rekha@foresee.com|DailyCatchEntry_New.php
19 May 2018 09:49:44|20|shiji@forstarfoods.com|Home.php
19 May 2018 09:57:31|20|shiji@forstarfoods.com|PurchaseReport.php
19 May 2018 09:59:39|20|shiji@forstarfoods.com|PurchaseReport.php
19 May 2018 09:59:46|20|shiji@forstarfoods.com|PrintPurchaseSettlementMemo.php
19 May 2018 10:01:13|20|shiji@forstarfoods.com|PurchaseReport.php
19 May 2018 10:01:20|20|shiji@forstarfoods.com|PrintPurchaseSettlementMemo.php
19 May 2018 10:02:15|20|shiji@forstarfoods.com|PurchaseReport.php
19 May 2018 10:02:38|20|shiji@forstarfoods.com|PrintPurchaseSettlementMemo.php
19 May 2018 10:04:12|20|shiji@forstarfoods.com|PurchaseReport.php
19 May 2018 10:04:19|20|shiji@forstarfoods.com|PrintPurchaseSettlementMemo.php
19 May 2018 10:05:09|20|shiji@forstarfoods.com|PurchaseReport.php
19 May 2018 10:05:15|20|shiji@forstarfoods.com|PrintPurchaseSettlementMemo.php
19 May 2018 10:06:46|20|shiji@forstarfoods.com|PurchaseReport.php
19 May 2018 10:06:54|20|shiji@forstarfoods.com|PrintPurchaseSettlementMemo.php
19 May 2018 10:09:13|20|shiji@forstarfoods.com|PurchaseReport.php
19 May 2018 10:09:25|20|shiji@forstarfoods.com|PurchaseReport.php
19 May 2018 10:09:52|20|shiji@forstarfoods.com|PrintPurchaseSettlementMemo.php
19 May 2018 10:10:44|20|shiji@forstarfoods.com|PurchaseReport.php
19 May 2018 10:10:52|20|shiji@forstarfoods.com|PrintPurchaseSettlementMemo.php
19 May 2018 10:16:50|20|shiji@forstarfoods.com|PurchaseReport.php
19 May 2018 10:16:57|20|shiji@forstarfoods.com|PrintPurchaseSettlementMemo.php
19 May 2018 10:18:05|20|shiji@forstarfoods.com|DailyCatchEntry_New.php
19 May 2018 10:18:11|20|shiji@forstarfoods.com|DailyCatchEntry_New.php
19 May 2018 10:18:13|20|shiji@forstarfoods.com|DailyCatchEntry_New.php
19 May 2018 10:18:14|20|shiji@forstarfoods.com|DailyCatchEntry_New.php
19 May 2018 10:18:15|20|shiji@forstarfoods.com|DailyCatchEntry_New.php
19 May 2018 10:18:17|20|shiji@forstarfoods.com|CatchEntryDeclaredItem.php
19 May 2018 10:18:18|20|shiji@forstarfoods.com|DailyCatchEntry_New.php
19 May 2018 10:18:29|20|shiji@forstarfoods.com|DailyCatchEntry_New.php
19 May 2018 10:19:28|20|shiji@forstarfoods.com|DailyCatchEntry_New.php
19 May 2018 10:23:13|20|shiji@forstarfoods.com|DailyCatchEntry_New.php
19 May 2018 10:28:14|20|shiji@forstarfoods.com|DailyCatchEntry_New.php
19 May 2018 10:32:48|20|shiji@forstarfoods.com|DailyCatchEntry_New.php
19 May 2018 12:12:16|20|shiji@forstarfoods.com|Home.php
19 May 2018 12:12:21|20|shiji@forstarfoods.com|DailyCatchEntry_New.php
19 May 2018 12:12:24|20|shiji@forstarfoods.com|DailyCatchEntry_New.php
19 May 2018 12:12:25|20|shiji@forstarfoods.com|DailyCatchEntry_New.php
19 May 2018 12:12:27|20|shiji@forstarfoods.com|DailyCatchEntry_New.php
19 May 2018 12:12:28|20|shiji@forstarfoods.com|DailyCatchEntry_New.php
19 May 2018 12:12:29|20|shiji@forstarfoods.com|CatchEntryDeclaredItem.php
19 May 2018 12:12:30|20|shiji@forstarfoods.com|DailyCatchEntry_New.php
19 May 2018 12:12:32|20|shiji@forstarfoods.com|DailyCatchEntry_New.php
19 May 2018 12:12:34|20|shiji@forstarfoods.com|DailyCatchEntry_New.php
19 May 2018 12:12:35|20|shiji@forstarfoods.com|DailyCatchEntry_New.php
19 May 2018 12:12:36|20|shiji@forstarfoods.com|DailyCatchEntry_New.php
19 May 2018 12:12:37|20|shiji@forstarfoods.com|DailyCatchEntry_New.php
19 May 2018 12:12:39|20|shiji@forstarfoods.com|DailyCatchEntry_New.php
19 May 2018 12:12:41|20|shiji@forstarfoods.com|DailyCatchEntry_New.php
19 May 2018 12:12:42|20|shiji@forstarfoods.com|DailyCatchEntry_New.php
19 May 2018 12:12:43|20|shiji@forstarfoods.com|DailyCatchEntry_New.php
19 May 2018 12:12:49|20|shiji@forstarfoods.com|DailyCatchEntry_New.php
19 May 2018 12:12:50|20|shiji@forstarfoods.com|CatchEntryDeclaredItem.php
19 May 2018 12:13:04|20|shiji@forstarfoods.com|DailyCatchEntry_New.php
19 May 2018 12:13:05|20|shiji@forstarfoods.com|DailyCatchEntry_New.php
19 May 2018 12:13:07|20|shiji@forstarfoods.com|DailyCatchEntry_New.php
19 May 2018 12:13:08|20|shiji@forstarfoods.com|DailyCatchEntry_New.php
19 May 2018 12:13:10|20|shiji@forstarfoods.com|DailyCatchEntry_New.php
19 May 2018 12:13:16|20|shiji@forstarfoods.com|DailyCatchEntry_New.php
19 May 2018 12:13:17|20|shiji@forstarfoods.com|DailyCatchEntry_New.php
19 May 2018 12:13:18|20|shiji@forstarfoods.com|DailyCatchEntry_New.php
19 May 2018 12:13:19|20|shiji@forstarfoods.com|DailyCatchEntry_New.php
19 May 2018 12:13:21|20|shiji@forstarfoods.com|DailyCatchEntry_New.php
19 May 2018 12:13:22|20|shiji@forstarfoods.com|DailyCatchEntry_New.php
19 May 2018 12:13:23|20|shiji@forstarfoods.com|DailyCatchEntry_New.php
19 May 2018 12:13:24|20|shiji@forstarfoods.com|DailyCatchEntry_New.php
19 May 2018 12:13:25|20|shiji@forstarfoods.com|DailyCatchEntry_New.php
19 May 2018 12:13:27|20|shiji@forstarfoods.com|DailyCatchEntry_New.php
19 May 2018 12:13:28|20|shiji@forstarfoods.com|DailyCatchEntry_New.php
19 May 2018 12:13:29|20|shiji@forstarfoods.com|DailyCatchEntry_New.php
19 May 2018 12:13:30|20|shiji@forstarfoods.com|DailyCatchEntry_New.php
19 May 2018 12:13:32|20|shiji@forstarfoods.com|DailyCatchEntry_New.php
19 May 2018 12:13:33|20|shiji@forstarfoods.com|DailyCatchEntry_New.php
19 May 2018 12:13:34|20|shiji@forstarfoods.com|DailyCatchEntry_New.php
19 May 2018 12:13:35|20|shiji@forstarfoods.com|DailyCatchEntry_New.php
19 May 2018 12:13:37|20|shiji@forstarfoods.com|DailyCatchEntry_New.php
19 May 2018 12:13:38|20|shiji@forstarfoods.com|DailyCatchEntry_New.php
19 May 2018 12:13:39|20|shiji@forstarfoods.com|DailyCatchEntry_New.php
19 May 2018 12:13:40|20|shiji@forstarfoods.com|DailyCatchEntry_New.php
19 May 2018 12:13:42|20|shiji@forstarfoods.com|DailyCatchEntry_New.php
19 May 2018 12:13:43|20|shiji@forstarfoods.com|DailyCatchEntry_New.php
19 May 2018 12:13:44|20|shiji@forstarfoods.com|DailyCatchEntry_New.php
19 May 2018 12:13:45|20|shiji@forstarfoods.com|DailyCatchEntry_New.php
19 May 2018 12:13:47|20|shiji@forstarfoods.com|DailyCatchEntry_New.php
19 May 2018 12:13:48|20|shiji@forstarfoods.com|DailyCatchEntry_New.php
19 May 2018 12:13:49|20|shiji@forstarfoods.com|DailyCatchEntry_New.php
19 May 2018 12:13:50|20|shiji@forstarfoods.com|DailyCatchEntry_New.php
19 May 2018 12:13:51|20|shiji@forstarfoods.com|DailyCatchEntry_New.php
19 May 2018 12:13:53|20|shiji@forstarfoods.com|DailyCatchEntry_New.php
19 May 2018 12:13:54|20|shiji@forstarfoods.com|DailyCatchEntry_New.php
19 May 2018 12:17:01|20|shiji@forstarfoods.com|DailyCatchEntry_New.php
19 May 2018 12:17:04|20|shiji@forstarfoods.com|DailyCatchEntry_New.php
19 May 2018 12:17:05|20|shiji@forstarfoods.com|CatchEntryDeclaredItem.php
19 May 2018 12:17:10|20|shiji@forstarfoods.com|DailyCatchEntry_New.php
19 May 2018 12:17:12|20|shiji@forstarfoods.com|DailyCatchEntry_New.php
19 May 2018 12:17:15|20|shiji@forstarfoods.com|DailyCatchEntry_New.php
19 May 2018 12:17:16|20|shiji@forstarfoods.com|DailyCatchEntry_New.php
19 May 2018 12:17:18|20|shiji@forstarfoods.com|DailyCatchEntry_New.php
19 May 2018 12:17:19|20|shiji@forstarfoods.com|DailyCatchEntry_New.php
19 May 2018 12:17:20|20|shiji@forstarfoods.com|DailyCatchEntry_New.php
19 May 2018 12:17:21|20|shiji@forstarfoods.com|DailyCatchEntry_New.php
19 May 2018 12:17:23|20|shiji@forstarfoods.com|DailyCatchEntry_New.php
19 May 2018 12:17:24|20|shiji@forstarfoods.com|DailyCatchEntry_New.php
19 May 2018 12:17:25|20|shiji@forstarfoods.com|DailyCatchEntry_New.php
19 May 2018 12:17:26|20|shiji@forstarfoods.com|DailyCatchEntry_New.php
19 May 2018 12:17:27|20|shiji@forstarfoods.com|DailyCatchEntry_New.php
19 May 2018 12:17:29|20|shiji@forstarfoods.com|DailyCatchEntry_New.php
19 May 2018 12:17:30|20|shiji@forstarfoods.com|DailyCatchEntry_New.php
19 May 2018 12:17:31|20|shiji@forstarfoods.com|DailyCatchEntry_New.php
19 May 2018 12:17:32|20|shiji@forstarfoods.com|DailyCatchEntry_New.php
19 May 2018 12:17:34|20|shiji@forstarfoods.com|DailyCatchEntry_New.php
19 May 2018 12:17:35|20|shiji@forstarfoods.com|DailyCatchEntry_New.php
19 May 2018 12:17:36|20|shiji@forstarfoods.com|DailyCatchEntry_New.php
19 May 2018 12:17:37|20|shiji@forstarfoods.com|DailyCatchEntry_New.php
19 May 2018 12:17:39|20|shiji@forstarfoods.com|DailyCatchEntry_New.php
19 May 2018 12:17:40|20|shiji@forstarfoods.com|DailyCatchEntry_New.php
19 May 2018 12:17:41|20|shiji@forstarfoods.com|DailyCatchEntry_New.php
19 May 2018 12:17:42|20|shiji@forstarfoods.com|DailyCatchEntry_New.php
19 May 2018 12:17:44|20|shiji@forstarfoods.com|DailyCatchEntry_New.php
19 May 2018 12:17:45|20|shiji@forstarfoods.com|DailyCatchEntry_New.php
19 May 2018 12:18:51|20|shiji@forstarfoods.com|DailyCatchEntry_New.php
19 May 2018 12:19:09|20|shiji@forstarfoods.com|DailyCatchEntry_New.php
19 May 2018 12:19:12|20|shiji@forstarfoods.com|DailyCatchEntry_New.php
19 May 2018 12:19:14|20|shiji@forstarfoods.com|CatchEntryDeclaredItem.php
19 May 2018 12:19:25|20|shiji@forstarfoods.com|DailyCatchEntry_New.php
19 May 2018 12:19:26|20|shiji@forstarfoods.com|DailyCatchEntry_New.php
19 May 2018 12:19:27|20|shiji@forstarfoods.com|DailyCatchEntry_New.php
19 May 2018 12:19:31|20|shiji@forstarfoods.com|DailyCatchEntry_New.php
19 May 2018 12:19:36|20|shiji@forstarfoods.com|DailyCatchEntry_New.php
19 May 2018 12:19:37|20|shiji@forstarfoods.com|CatchEntryDeclaredItem.php
19 May 2018 12:19:49|20|shiji@forstarfoods.com|DailyCatchEntry_New.php
19 May 2018 12:19:51|20|shiji@forstarfoods.com|DailyCatchEntry_New.php
19 May 2018 12:19:54|20|shiji@forstarfoods.com|DailyCatchEntry_New.php
19 May 2018 12:19:57|20|shiji@forstarfoods.com|DailyCatchEntry_New.php
19 May 2018 12:19:58|20|shiji@forstarfoods.com|DailyCatchEntry_New.php
19 May 2018 12:19:59|20|shiji@forstarfoods.com|DailyCatchEntry_New.php
19 May 2018 12:20:00|20|shiji@forstarfoods.com|DailyCatchEntry_New.php
19 May 2018 12:20:02|20|shiji@forstarfoods.com|DailyCatchEntry_New.php
19 May 2018 12:20:03|20|shiji@forstarfoods.com|DailyCatchEntry_New.php
19 May 2018 12:20:04|20|shiji@forstarfoods.com|DailyCatchEntry_New.php
19 May 2018 12:20:05|20|shiji@forstarfoods.com|DailyCatchEntry_New.php
19 May 2018 12:20:06|20|shiji@forstarfoods.com|DailyCatchEntry_New.php
19 May 2018 12:20:08|20|shiji@forstarfoods.com|DailyCatchEntry_New.php
19 May 2018 12:20:09|20|shiji@forstarfoods.com|DailyCatchEntry_New.php
19 May 2018 12:20:10|20|shiji@forstarfoods.com|DailyCatchEntry_New.php