
30 Apr 2018 11:18:41|30|rekha@foresee.com|DailyCatchEntry_New.php
30 Apr 2018 11:18:47|30|rekha@foresee.com|DailyCatchEntry_New.php
30 Apr 2018 11:18:55|30|rekha@foresee.com|DailyCatchEntry_New.php
30 Apr 2018 11:18:56|30|rekha@foresee.com|DailyCatchEntry_New.php
30 Apr 2018 11:19:00|30|rekha@foresee.com|DailyCatchEntry_New.php
30 Apr 2018 11:19:01|30|rekha@foresee.com|CatchEntryDeclaredItem.php
30 Apr 2018 11:19:08|30|rekha@foresee.com|DailyCatchEntry_New.php
30 Apr 2018 11:19:09|30|rekha@foresee.com|DailyCatchEntry_New.php
30 Apr 2018 11:19:11|30|rekha@foresee.com|DailyCatchEntry_New.php
30 Apr 2018 11:19:12|30|rekha@foresee.com|DailyCatchEntry_New.php
30 Apr 2018 11:19:13|30|rekha@foresee.com|DailyCatchEntry_New.php
30 Apr 2018 11:19:14|30|rekha@foresee.com|DailyCatchEntry_New.php
30 Apr 2018 11:19:16|30|rekha@foresee.com|DailyCatchEntry_New.php
30 Apr 2018 11:19:17|30|rekha@foresee.com|DailyCatchEntry_New.php
30 Apr 2018 11:19:20|30|rekha@foresee.com|DailyCatchEntry_New.php
30 Apr 2018 11:19:22|30|rekha@foresee.com|DailyCatchEntry_New.php
30 Apr 2018 11:19:25|30|rekha@foresee.com|DailyCatchEntry_New.php
30 Apr 2018 11:19:30|30|rekha@foresee.com|DailyCatchEntry_New.php
30 Apr 2018 11:19:32|30|rekha@foresee.com|DailyCatchEntry_New.php
30 Apr 2018 11:19:33|30|rekha@foresee.com|DailyCatchEntry_New.php
30 Apr 2018 11:19:34|30|rekha@foresee.com|DailyCatchEntry_New.php
30 Apr 2018 11:19:35|30|rekha@foresee.com|DailyCatchEntry_New.php
30 Apr 2018 11:19:36|30|rekha@foresee.com|DailyCatchEntry_New.php
30 Apr 2018 11:19:38|30|rekha@foresee.com|DailyCatchEntry_New.php
30 Apr 2018 11:19:39|30|rekha@foresee.com|DailyCatchEntry_New.php
30 Apr 2018 11:19:40|30|rekha@foresee.com|DailyCatchEntry_New.php
30 Apr 2018 11:19:41|30|rekha@foresee.com|DailyCatchEntry_New.php
30 Apr 2018 11:19:50|30|rekha@foresee.com|DailyCatchEntry_New.php
30 Apr 2018 11:19:53|30|rekha@foresee.com|DailyCatchEntry_New.php
30 Apr 2018 11:19:56|30|rekha@foresee.com|CatchEntryDeclaredItem.php
30 Apr 2018 11:20:02|30|rekha@foresee.com|DailyCatchEntry_New.php
30 Apr 2018 11:20:10|30|rekha@foresee.com|DailyCatchEntry_New.php
30 Apr 2018 11:20:13|30|rekha@foresee.com|DailyCatchEntry_New.php
30 Apr 2018 11:20:14|30|rekha@foresee.com|DailyCatchEntry_New.php
30 Apr 2018 11:20:16|30|rekha@foresee.com|DailyCatchEntry_New.php
30 Apr 2018 11:20:17|30|rekha@foresee.com|CatchEntryDeclaredItem.php
30 Apr 2018 11:20:18|30|rekha@foresee.com|DailyCatchEntry_New.php
30 Apr 2018 11:20:19|30|rekha@foresee.com|CatchEntryDeclaredItem.php
30 Apr 2018 11:20:36|30|rekha@foresee.com|DailyCatchEntry_New.php
30 Apr 2018 11:20:39|30|rekha@foresee.com|DailyCatchEntry_New.php
30 Apr 2018 11:20:43|30|rekha@foresee.com|DailyCatchEntry_New.php
30 Apr 2018 11:20:48|30|rekha@foresee.com|DailyCatchEntry_New.php
30 Apr 2018 11:20:50|30|rekha@foresee.com|DailyCatchEntry_New.php
30 Apr 2018 11:20:52|30|rekha@foresee.com|DailyCatchEntry_New.php
30 Apr 2018 11:20:53|30|rekha@foresee.com|DailyCatchEntry_New.php
30 Apr 2018 11:20:54|30|rekha@foresee.com|CatchEntryDeclaredItem.php
30 Apr 2018 11:20:55|30|rekha@foresee.com|DailyCatchEntry_New.php
30 Apr 2018 11:20:57|30|rekha@foresee.com|CatchEntryDeclaredItem.php
30 Apr 2018 11:23:33|30|rekha@foresee.com|DailyCatchEntry_New.php
30 Apr 2018 11:24:14|30|rekha@foresee.com|DailyCatchEntry_New.php
30 Apr 2018 11:26:05|31|rekha@foresee.com|Home.php
30 Apr 2018 11:26:30|31|rekha@foresee.com|DailyCatchEntry_New.php
30 Apr 2018 11:26:41|31|rekha@foresee.com|DailyCatchEntry_New.php
30 Apr 2018 11:26:42|31|rekha@foresee.com|DailyCatchEntry_New.php
30 Apr 2018 11:26:44|31|rekha@foresee.com|DailyCatchEntry_New.php
30 Apr 2018 11:26:45|31|rekha@foresee.com|DailyCatchEntry_New.php
30 Apr 2018 11:26:46|31|rekha@foresee.com|CatchEntryDeclaredItem.php
30 Apr 2018 11:26:47|31|rekha@foresee.com|DailyCatchEntry_New.php
30 Apr 2018 11:26:51|31|rekha@foresee.com|DailyCatchEntry_New.php
30 Apr 2018 11:26:52|31|rekha@foresee.com|DailyCatchEntry_New.php
30 Apr 2018 11:26:55|31|rekha@foresee.com|DailyCatchEntry_New.php
30 Apr 2018 11:26:58|31|rekha@foresee.com|DailyCatchEntry_New.php
30 Apr 2018 11:26:59|31|rekha@foresee.com|CatchEntryDeclaredItem.php
30 Apr 2018 11:27:05|31|rekha@foresee.com|DailyCatchEntry_New.php
30 Apr 2018 11:27:07|31|rekha@foresee.com|DailyCatchEntry_New.php
30 Apr 2018 11:27:10|31|rekha@foresee.com|DailyCatchEntry_New.php
30 Apr 2018 11:27:12|31|rekha@foresee.com|DailyCatchEntry_New.php
30 Apr 2018 11:27:13|31|rekha@foresee.com|DailyCatchEntry_New.php
30 Apr 2018 11:27:14|31|rekha@foresee.com|DailyCatchEntry_New.php
30 Apr 2018 11:27:15|31|rekha@foresee.com|DailyCatchEntry_New.php
30 Apr 2018 11:27:21|31|rekha@foresee.com|DailyCatchEntry_New.php
30 Apr 2018 11:27:27|31|rekha@foresee.com|DailyCatchEntry_New.php
30 Apr 2018 11:27:31|31|rekha@foresee.com|DailyCatchEntry_New.php
30 Apr 2018 11:27:38|31|rekha@foresee.com|DailyCatchEntry_New.php
30 Apr 2018 11:27:39|31|rekha@foresee.com|DailyCatchEntry_New.php
30 Apr 2018 11:27:41|31|rekha@foresee.com|DailyCatchEntry_New.php
30 Apr 2018 11:27:42|31|rekha@foresee.com|DailyCatchEntry_New.php
30 Apr 2018 11:27:43|31|rekha@foresee.com|DailyCatchEntry_New.php
30 Apr 2018 11:27:44|31|rekha@foresee.com|DailyCatchEntry_New.php
30 Apr 2018 11:27:46|31|rekha@foresee.com|DailyCatchEntry_New.php
30 Apr 2018 11:27:47|31|rekha@foresee.com|DailyCatchEntry_New.php
30 Apr 2018 11:27:48|31|rekha@foresee.com|DailyCatchEntry_New.php
30 Apr 2018 11:27:49|31|rekha@foresee.com|DailyCatchEntry_New.php
30 Apr 2018 11:27:50|31|rekha@foresee.com|DailyCatchEntry_New.php
30 Apr 2018 11:27:52|31|rekha@foresee.com|DailyCatchEntry_New.php
30 Apr 2018 11:27:53|31|rekha@foresee.com|DailyCatchEntry_New.php
30 Apr 2018 11:28:16|31|rekha@foresee.com|DailyCatchEntry_New.php
30 Apr 2018 11:28:19|31|rekha@foresee.com|DailyCatchEntry_New.php
30 Apr 2018 11:28:23|31|rekha@foresee.com|CatchEntryDeclaredItem.php
30 Apr 2018 11:28:45|31|rekha@foresee.com|DailyCatchEntry_New.php
30 Apr 2018 11:29:37|31|rekha@foresee.com|DailyCatchEntry_New.php
30 Apr 2018 11:29:38|31|rekha@foresee.com|DailyCatchEntry_New.php
30 Apr 2018 11:29:40|31|rekha@foresee.com|DailyCatchEntry_New.php
30 Apr 2018 11:29:41|31|rekha@foresee.com|DailyCatchEntry_New.php
30 Apr 2018 11:31:56|31|rekha@foresee.com|DailyCatchEntry_New.php
30 Apr 2018 11:31:58|31|rekha@foresee.com|DailyCatchEntry_New.php
30 Apr 2018 11:31:59|31|rekha@foresee.com|DailyCatchEntry_New.php
30 Apr 2018 11:32:00|31|rekha@foresee.com|DailyCatchEntry_New.php
30 Apr 2018 11:32:20|31|rekha@foresee.com|DailyCatchEntry_New.php
30 Apr 2018 11:32:23|31|rekha@foresee.com|DailyCatchEntry_New.php
30 Apr 2018 11:32:29|31|rekha@foresee.com|DailyCatchEntry_New.php
30 Apr 2018 11:32:31|31|rekha@foresee.com|DailyCatchEntry_New.php
30 Apr 2018 11:32:32|31|rekha@foresee.com|DailyCatchEntry_New.php
30 Apr 2018 11:32:34|31|rekha@foresee.com|DailyCatchEntry_New.php
30 Apr 2018 11:32:35|31|rekha@foresee.com|CatchEntryDeclaredItem.php
30 Apr 2018 11:32:36|31|rekha@foresee.com|DailyCatchEntry_New.php
30 Apr 2018 11:33:06|31|rekha@foresee.com|DailyCatchEntry_New.php
30 Apr 2018 11:33:07|31|rekha@foresee.com|DailyCatchEntry_New.php
30 Apr 2018 11:33:11|31|rekha@foresee.com|DailyCatchEntry_New.php
30 Apr 2018 11:33:25|31|rekha@foresee.com|DailyCatchEntry_New.php
30 Apr 2018 11:33:27|31|rekha@foresee.com|CatchEntryDeclaredItem.php
30 Apr 2018 11:33:41|31|rekha@foresee.com|DailyCatchEntry_New.php
30 Apr 2018 11:34:51|31|rekha@foresee.com|DailyCatchEntry_New.php
30 Apr 2018 11:34:56|31|rekha@foresee.com|DailyCatchEntry_New.php
30 Apr 2018 11:34:58|31|rekha@foresee.com|DailyCatchEntry_New.php
30 Apr 2018 11:34:59|31|rekha@foresee.com|DailyCatchEntry_New.php
30 Apr 2018 11:35:01|31|rekha@foresee.com|DailyCatchEntry_New.php
30 Apr 2018 11:35:02|31|rekha@foresee.com|CatchEntryDeclaredItem.php
30 Apr 2018 11:35:03|31|rekha@foresee.com|DailyCatchEntry_New.php
30 Apr 2018 11:35:17|31|rekha@foresee.com|DailyCatchEntry_New.php
30 Apr 2018 11:35:19|31|rekha@foresee.com|DailyCatchEntry_New.php
30 Apr 2018 11:35:42|31|rekha@foresee.com|DailyCatchEntry_New.php
30 Apr 2018 11:35:50|31|rekha@foresee.com|DailyCatchEntry_New.php
30 Apr 2018 11:35:51|31|rekha@foresee.com|CatchEntryDeclaredItem.php
30 Apr 2018 11:36:22|31|rekha@foresee.com|DailyCatchEntry_New.php
30 Apr 2018 11:36:24|31|rekha@foresee.com|DailyCatchEntry_New.php
30 Apr 2018 11:36:25|31|rekha@foresee.com|DailyCatchEntry_New.php
30 Apr 2018 11:36:34|31|rekha@foresee.com|DailyCatchEntry_New.php
30 Apr 2018 11:36:35|24|shashikala@forstarfoods.com|Home.php
30 Apr 2018 11:36:37|31|rekha@foresee.com|DailyCatchEntry_New.php
30 Apr 2018 11:36:39|24|shashikala@forstarfoods.com|Home.php
30 Apr 2018 11:36:42|24|shashikala@forstarfoods.com|Home.php
30 Apr 2018 11:36:42|31|rekha@foresee.com|DailyCatchEntry_New.php
30 Apr 2018 11:36:43|31|rekha@foresee.com|DailyCatchEntry_New.php
30 Apr 2018 11:36:45|31|rekha@foresee.com|DailyCatchEntry_New.php
30 Apr 2018 11:36:46|31|rekha@foresee.com|DailyCatchEntry_New.php
30 Apr 2018 11:36:47|31|rekha@foresee.com|DailyCatchEntry_New.php
30 Apr 2018 11:36:48|31|rekha@foresee.com|DailyCatchEntry_New.php
30 Apr 2018 11:36:48|24|shashikala@forstarfoods.com|DailyPreProcess.php
30 Apr 2018 11:36:50|31|rekha@foresee.com|DailyCatchEntry_New.php
30 Apr 2018 11:36:51|31|rekha@foresee.com|DailyCatchEntry_New.php
30 Apr 2018 11:36:52|31|rekha@foresee.com|DailyCatchEntry_New.php
30 Apr 2018 11:36:53|31|rekha@foresee.com|DailyCatchEntry_New.php
30 Apr 2018 11:36:54|31|rekha@foresee.com|DailyCatchEntry_New.php
30 Apr 2018 11:36:56|31|rekha@foresee.com|DailyCatchEntry_New.php
30 Apr 2018 11:36:57|31|rekha@foresee.com|DailyCatchEntry_New.php
30 Apr 2018 11:36:58|31|rekha@foresee.com|DailyCatchEntry_New.php
30 Apr 2018 11:36:58|24|shashikala@forstarfoods.com|DailyPreProcess.php
30 Apr 2018 11:36:59|31|rekha@foresee.com|DailyCatchEntry_New.php
30 Apr 2018 11:37:01|31|rekha@foresee.com|DailyCatchEntry_New.php
30 Apr 2018 11:37:10|24|shashikala@forstarfoods.com|DailyPreProcess.php
30 Apr 2018 11:37:16|24|shashikala@forstarfoods.com|DailyPreProcess.php
30 Apr 2018 11:37:22|24|shashikala@forstarfoods.com|DailyPreProcess.php
30 Apr 2018 11:37:23|24|shashikala@forstarfoods.com|DailyPreProcess.php
30 Apr 2018 11:38:17|31|rekha@foresee.com|DailyCatchEntry_New.php
30 Apr 2018 11:38:43|31|rekha@foresee.com|DailyCatchEntry_New.php
30 Apr 2018 11:38:55|31|rekha@foresee.com|DailyCatchEntry_New.php
30 Apr 2018 11:38:58|31|rekha@foresee.com|CatchEntryDeclaredItem.php
30 Apr 2018 11:39:05|31|rekha@foresee.com|DailyCatchEntry_New.php
30 Apr 2018 11:39:08|31|rekha@foresee.com|DailyCatchEntry_New.php
30 Apr 2018 11:39:13|31|rekha@foresee.com|DailyCatchEntry_New.php
30 Apr 2018 11:39:14|31|rekha@foresee.com|DailyCatchEntry_New.php
30 Apr 2018 11:39:15|31|rekha@foresee.com|DailyCatchEntry_New.php
30 Apr 2018 11:39:16|31|rekha@foresee.com|DailyCatchEntry_New.php
30 Apr 2018 11:39:18|31|rekha@foresee.com|DailyCatchEntry_New.php
30 Apr 2018 11:39:19|31|rekha@foresee.com|DailyCatchEntry_New.php
30 Apr 2018 11:39:20|31|rekha@foresee.com|DailyCatchEntry_New.php
30 Apr 2018 11:39:21|31|rekha@foresee.com|DailyCatchEntry_New.php
30 Apr 2018 11:39:30|31|rekha@foresee.com|DailyCatchEntry_New.php
30 Apr 2018 11:39:33|31|rekha@foresee.com|DailyCatchEntry_New.php
30 Apr 2018 11:39:34|31|rekha@foresee.com|CatchEntryDeclaredItem.php
30 Apr 2018 11:39:41|31|rekha@foresee.com|DailyCatchReport.php
30 Apr 2018 11:39:50|31|rekha@foresee.com|DailyCatchReport.php
30 Apr 2018 11:39:56|31|rekha@foresee.com|DailyCatchReport.php
30 Apr 2018 11:39:58|31|rekha@foresee.com|DailyCatchReport.php
30 Apr 2018 11:39:59|31|rekha@foresee.com|DailyCatchReport.php
30 Apr 2018 11:40:01|31|rekha@foresee.com|PrintDailyCatchReportMemo.php
30 Apr 2018 11:42:19|31|rekha@foresee.com|DailyCatchEntry_New.php
30 Apr 2018 11:42:27|31|rekha@foresee.com|DailyCatchEntry_New.php
30 Apr 2018 11:42:35|31|rekha@foresee.com|DailyCatchEntry_New.php
30 Apr 2018 11:42:37|31|rekha@foresee.com|DailyCatchEntry_New.php
30 Apr 2018 11:42:38|31|rekha@foresee.com|DailyCatchEntry_New.php
30 Apr 2018 11:42:39|31|rekha@foresee.com|DailyCatchEntry_New.php
30 Apr 2018 11:42:40|31|rekha@foresee.com|DailyCatchEntry_New.php
30 Apr 2018 11:42:42|31|rekha@foresee.com|DailyCatchEntry_New.php
30 Apr 2018 11:42:43|31|rekha@foresee.com|DailyCatchEntry_New.php
30 Apr 2018 11:43:07|31|rekha@foresee.com|DailyCatchReport.php
30 Apr 2018 11:43:17|31|rekha@foresee.com|DailyCatchReport.php
30 Apr 2018 11:43:20|31|rekha@foresee.com|DailyCatchReport.php
30 Apr 2018 11:43:22|31|rekha@foresee.com|DailyCatchReport.php
30 Apr 2018 11:43:23|31|rekha@foresee.com|DailyCatchReport.php
30 Apr 2018 11:43:26|31|rekha@foresee.com|DailyCatchReport.php
30 Apr 2018 11:43:27|31|rekha@foresee.com|DailyCatchReport.php
30 Apr 2018 11:43:29|31|rekha@foresee.com|DailyCatchReport.php
30 Apr 2018 11:43:45|31|rekha@foresee.com|DailyCatchReport.php
30 Apr 2018 11:44:02|31|rekha@foresee.com|DailyCatchReport.php
30 Apr 2018 11:44:17|31|rekha@foresee.com|DailyCatchEntry_New.php
30 Apr 2018 11:44:25|31|rekha@foresee.com|DailyCatchEntry_New.php
30 Apr 2018 11:44:26|31|rekha@foresee.com|DailyCatchEntry_New.php
30 Apr 2018 11:44:28|31|rekha@foresee.com|DailyCatchEntry_New.php
30 Apr 2018 11:44:29|31|rekha@foresee.com|DailyCatchEntry_New.php
30 Apr 2018 11:44:42|31|rekha@foresee.com|DailyCatchEntry_New.php
30 Apr 2018 11:44:44|31|rekha@foresee.com|DailyCatchEntry_New.php
30 Apr 2018 11:44:45|31|rekha@foresee.com|DailyCatchEntry_New.php
30 Apr 2018 11:44:46|31|rekha@foresee.com|DailyCatchEntry_New.php
30 Apr 2018 11:44:47|31|rekha@foresee.com|DailyCatchEntry_New.php
30 Apr 2018 11:44:48|31|rekha@foresee.com|DailyCatchEntry_New.php
30 Apr 2018 11:44:50|31|rekha@foresee.com|DailyCatchEntry_New.php
30 Apr 2018 11:44:51|31|rekha@foresee.com|DailyCatchEntry_New.php
30 Apr 2018 11:44:52|31|rekha@foresee.com|DailyCatchEntry_New.php
30 Apr 2018 11:44:53|31|rekha@foresee.com|DailyCatchEntry_New.php
30 Apr 2018 11:45:03|31|rekha@foresee.com|DailyCatchEntry_New.php
30 Apr 2018 11:45:05|31|rekha@foresee.com|DailyCatchEntry_New.php
30 Apr 2018 11:45:06|31|rekha@foresee.com|DailyCatchEntry_New.php
30 Apr 2018 11:45:07|31|rekha@foresee.com|DailyCatchEntry_New.php
30 Apr 2018 11:45:08|31|rekha@foresee.com|CatchEntryDeclaredItem.php
30 Apr 2018 11:45:10|31|rekha@foresee.com|DailyCatchEntry_New.php
30 Apr 2018 11:46:42|31|rekha@foresee.com|DailyCatchEntry_New.php
30 Apr 2018 11:46:49|31|rekha@foresee.com|DailyCatchEntry_New.php
30 Apr 2018 11:46:50|31|rekha@foresee.com|DailyCatchEntry_New.php
30 Apr 2018 11:46:51|31|rekha@foresee.com|DailyCatchEntry_New.php
30 Apr 2018 11:46:52|31|rekha@foresee.com|DailyCatchEntry_New.php
30 Apr 2018 11:47:14|31|rekha@foresee.com|DailyCatchEntry_New.php
30 Apr 2018 11:47:15|31|rekha@foresee.com|DailyCatchEntry_New.php
30 Apr 2018 11:47:17|31|rekha@foresee.com|DailyCatchEntry_New.php
30 Apr 2018 11:47:18|31|rekha@foresee.com|DailyCatchEntry_New.php
30 Apr 2018 11:47:19|31|rekha@foresee.com|CatchEntryDeclaredItem.php
30 Apr 2018 11:47:20|31|rekha@foresee.com|DailyCatchEntry_New.php
30 Apr 2018 11:47:23|31|rekha@foresee.com|DailyCatchEntry_New.php
30 Apr 2018 11:47:25|31|rekha@foresee.com|DailyCatchEntry_New.php
30 Apr 2018 11:47:37|31|rekha@foresee.com|DailyCatchEntry_New.php
30 Apr 2018 11:47:45|31|rekha@foresee.com|DailyCatchEntry_New.php
30 Apr 2018 11:47:46|31|rekha@foresee.com|CatchEntryDeclaredItem.php
30 Apr 2018 11:48:00|31|rekha@foresee.com|DailyCatchEntry_New.php
30 Apr 2018 11:48:04|31|rekha@foresee.com|DailyCatchEntry_New.php
30 Apr 2018 11:48:05|31|rekha@foresee.com|DailyCatchEntry_New.php
30 Apr 2018 11:48:48|31|rekha@foresee.com|SupplierAccount.php
30 Apr 2018 11:48:56|31|rekha@foresee.com|SupplierAccount.php
30 Apr 2018 11:49:16|31|rekha@foresee.com|SupplierAccount.php
30 Apr 2018 11:49:28|31|rekha@foresee.com|DailyCatchReport.php
30 Apr 2018 11:49:36|31|rekha@foresee.com|DailyCatchReport.php
30 Apr 2018 11:49:42|31|rekha@foresee.com|DailyCatchReport.php
30 Apr 2018 11:49:44|31|rekha@foresee.com|DailyCatchReport.php
30 Apr 2018 11:49:45|31|rekha@foresee.com|DailyCatchReport.php
30 Apr 2018 11:51:15|31|rekha@foresee.com|DailyCatchReport.php
30 Apr 2018 11:51:16|31|rekha@foresee.com|DailyCatchReport.php
30 Apr 2018 11:51:18|31|rekha@foresee.com|DailyCatchReport.php
30 Apr 2018 11:53:01|31|rekha@foresee.com|DailyCatchEntry_New.php
30 Apr 2018 11:53:04|31|rekha@foresee.com|DailyCatchEntry_New.php
30 Apr 2018 11:53:06|31|rekha@foresee.com|DailyCatchEntry_New.php
30 Apr 2018 11:53:07|31|rekha@foresee.com|DailyCatchEntry_New.php
30 Apr 2018 11:53:08|31|rekha@foresee.com|CatchEntryDeclaredItem.php
30 Apr 2018 11:53:09|31|rekha@foresee.com|DailyCatchEntry_New.php
30 Apr 2018 11:53:11|31|rekha@foresee.com|DailyCatchEntry_New.php
30 Apr 2018 11:53:23|31|rekha@foresee.com|DailyCatchReport.php
30 Apr 2018 11:53:45|31|rekha@foresee.com|DailyCatchReport.php
30 Apr 2018 11:56:38|31|rekha@foresee.com|DailyCatchEntry_New.php
30 Apr 2018 11:56:43|31|rekha@foresee.com|DailyCatchEntry_New.php
30 Apr 2018 11:56:44|31|rekha@foresee.com|DailyCatchEntry_New.php
30 Apr 2018 11:56:45|31|rekha@foresee.com|DailyCatchEntry_New.php
30 Apr 2018 11:56:57|31|rekha@foresee.com|DailyCatchEntry_New.php
30 Apr 2018 11:56:58|31|rekha@foresee.com|DailyCatchEntry_New.php
30 Apr 2018 11:57:00|31|rekha@foresee.com|DailyCatchEntry_New.php
30 Apr 2018 11:57:07|31|rekha@foresee.com|DailyCatchEntry_New.php
30 Apr 2018 11:57:10|31|rekha@foresee.com|DailyCatchEntry_New.php
30 Apr 2018 11:57:11|31|rekha@foresee.com|DailyCatchEntry_New.php
30 Apr 2018 11:57:12|31|rekha@foresee.com|CatchEntryDeclaredItem.php
30 Apr 2018 11:57:13|31|rekha@foresee.com|DailyCatchEntry_New.php
30 Apr 2018 11:57:15|31|rekha@foresee.com|CatchEntryDeclaredItem.php
30 Apr 2018 12:01:06|31|rekha@foresee.com|DailyCatchReport.php
30 Apr 2018 12:01:49|31|rekha@foresee.com|DailyCatchReport.php
30 Apr 2018 12:02:16|31|rekha@foresee.com|DailyCatchReport.php
30 Apr 2018 12:02:18|31|rekha@foresee.com|DailyCatchReport.php
30 Apr 2018 12:02:19|31|rekha@foresee.com|DailyCatchReport.php
30 Apr 2018 12:03:56|31|rekha@foresee.com|PrintDailyCatchReportMemo.php
30 Apr 2018 12:11:18|31|rekha@foresee.com|PrintDailyCatchReportMemo.php
30 Apr 2018 12:14:47|31|rekha@foresee.com|Home.php
30 Apr 2018 12:14:54|31|rekha@foresee.com|DailyCatchReport.php
30 Apr 2018 12:20:06|31|rekha@foresee.com|PrintDailyCatchReportMemo.php
30 Apr 2018 12:20:14|31|rekha@foresee.com|PrintDailyCatchReport.php
30 Apr 2018 12:28:24|31|rekha@foresee.com|DailyCatchEntry_New.php
30 Apr 2018 12:28:40|31|rekha@foresee.com|DailyCatchReport.php
30 Apr 2018 12:28:56|31|rekha@foresee.com|DailyCatchReport.php
30 Apr 2018 12:29:17|31|rekha@foresee.com|DailyCatchReport.php
30 Apr 2018 12:29:18|31|rekha@foresee.com|DailyCatchReport.php
30 Apr 2018 12:29:39|31|rekha@foresee.com|DailyCatchReport.php
30 Apr 2018 12:29:40|31|rekha@foresee.com|DailyCatchReport.php
30 Apr 2018 12:29:50|31|rekha@foresee.com|DailyCatchReport.php
30 Apr 2018 12:29:52|31|rekha@foresee.com|DailyCatchReport.php
30 Apr 2018 12:30:00|31|rekha@foresee.com|SupplierMaster.php
30 Apr 2018 12:30:12|31|rekha@foresee.com|SupplierMaster.php
30 Apr 2018 12:35:11|31|rekha@foresee.com|DailyCatchEntry_New.php
30 Apr 2018 12:35:15|31|rekha@foresee.com|DailyCatchEntry_New.php
30 Apr 2018 12:35:17|31|rekha@foresee.com|DailyCatchEntry_New.php
30 Apr 2018 12:35:18|31|rekha@foresee.com|DailyCatchEntry_New.php
30 Apr 2018 12:35:19|31|rekha@foresee.com|DailyCatchEntry_New.php
30 Apr 2018 12:35:20|31|rekha@foresee.com|CatchEntryDeclaredItem.php
30 Apr 2018 12:35:21|31|rekha@foresee.com|DailyCatchEntry_New.php
30 Apr 2018 12:35:29|31|rekha@foresee.com|DailyCatchEntry_New.php
30 Apr 2018 12:35:46|31|rekha@foresee.com|DailyCatchEntry_New.php
30 Apr 2018 12:35:47|31|rekha@foresee.com|CatchEntryDeclaredItem.php
30 Apr 2018 12:36:15|31|rekha@foresee.com|DailyCatchReport.php
30 Apr 2018 12:36:25|31|rekha@foresee.com|DailyCatchReport.php
30 Apr 2018 12:36:26|31|rekha@foresee.com|DailyCatchReport.php
30 Apr 2018 12:36:45|31|rekha@foresee.com|DailyCatchReport.php
30 Apr 2018 12:36:47|31|rekha@foresee.com|DailyCatchReport.php
30 Apr 2018 12:37:00|31|rekha@foresee.com|DailyCatchReport.php
30 Apr 2018 12:37:01|31|rekha@foresee.com|DailyCatchReport.php
30 Apr 2018 12:37:17|31|rekha@foresee.com|DailyCatchReport.php
30 Apr 2018 12:37:19|31|rekha@foresee.com|DailyCatchReport.php
30 Apr 2018 12:37:25|31|rekha@foresee.com|DailyCatchReport.php
30 Apr 2018 12:37:26|31|rekha@foresee.com|DailyCatchReport.php
30 Apr 2018 12:38:11|31|rekha@foresee.com|DailyCatchReport.php
30 Apr 2018 12:38:14|30|pritirm@forstarfoods.com|Home.php
30 Apr 2018 12:38:16|31|rekha@foresee.com|DailyCatchReport.php
30 Apr 2018 12:38:18|31|rekha@foresee.com|DailyCatchReport.php
30 Apr 2018 12:38:19|31|rekha@foresee.com|DailyCatchReport.php
30 Apr 2018 12:38:19|30|pritirm@forstarfoods.com|DailyCatchReport.php
30 Apr 2018 12:38:29|31|rekha@foresee.com|DailyCatchReport.php
30 Apr 2018 12:38:30|31|rekha@foresee.com|DailyCatchReport.php
30 Apr 2018 12:38:32|31|rekha@foresee.com|DailyCatchReport.php
30 Apr 2018 12:38:33|30|pritirm@forstarfoods.com|DailyCatchEntry_New.php
30 Apr 2018 12:38:38|30|pritirm@forstarfoods.com|DailyCatchEntry_New.php
30 Apr 2018 12:38:39|30|pritirm@forstarfoods.com|DailyCatchEntry_New.php
30 Apr 2018 12:38:40|30|pritirm@forstarfoods.com|DailyCatchEntry_New.php
30 Apr 2018 12:38:49|30|pritirm@forstarfoods.com|DailyCatchEntry_New.php
30 Apr 2018 12:41:20|31|rekha@foresee.com|DailyCatchEntry_New.php
30 Apr 2018 12:41:27|31|rekha@foresee.com|DailyCatchEntry_New.php
30 Apr 2018 12:41:28|31|rekha@foresee.com|DailyCatchEntry_New.php
30 Apr 2018 12:41:30|31|rekha@foresee.com|DailyCatchEntry_New.php
30 Apr 2018 12:41:31|31|rekha@foresee.com|DailyCatchEntry_New.php
30 Apr 2018 12:41:32|31|rekha@foresee.com|DailyCatchEntry_New.php
30 Apr 2018 12:42:09|30|pritirm@forstarfoods.com|DailyCatchEntry_New.php
30 Apr 2018 12:42:10|30|pritirm@forstarfoods.com|DailyCatchEntry_New.php
30 Apr 2018 12:42:11|30|pritirm@forstarfoods.com|DailyCatchEntry_New.php
30 Apr 2018 12:42:13|30|pritirm@forstarfoods.com|DailyCatchEntry_New.php
30 Apr 2018 12:42:16|30|pritirm@forstarfoods.com|DailyCatchEntry_New.php
30 Apr 2018 12:43:11|24|shashikala@forstarfoods.com|Home.php
30 Apr 2018 12:43:16|24|shashikala@forstarfoods.com|Home.php
30 Apr 2018 12:43:21|24|shashikala@forstarfoods.com|Home.php
30 Apr 2018 12:43:37|24|shashikala@forstarfoods.com|DailyPreProcess.php
30 Apr 2018 12:43:53|24|shashikala@forstarfoods.com|DailyPreProcess.php
30 Apr 2018 12:44:01|24|shashikala@forstarfoods.com|DailyPreProcess.php
30 Apr 2018 12:44:06|24|shashikala@forstarfoods.com|DailyPreProcess.php
30 Apr 2018 12:44:17|24|shashikala@forstarfoods.com|DailyPreProcess.php
30 Apr 2018 12:44:19|24|shashikala@forstarfoods.com|DailyPreProcess.php
30 Apr 2018 12:48:26|31|rekha@foresee.com|DailyCatchEntry_New.php
30 Apr 2018 12:50:33|24|shashikala@forstarfoods.com|DailyPreProcess.php
30 Apr 2018 12:59:40|31|rekha@foresee.com|Home.php
30 Apr 2018 13:00:00|31|rekha@foresee.com|DailyCatchEntry_New.php
30 Apr 2018 13:00:12|31|rekha@foresee.com|DailyCatchEntry_New.php
30 Apr 2018 13:00:13|31|rekha@foresee.com|DailyCatchEntry_New.php
30 Apr 2018 13:00:15|31|rekha@foresee.com|DailyCatchEntry_New.php
30 Apr 2018 13:00:16|31|rekha@foresee.com|DailyCatchEntry_New.php
30 Apr 2018 13:00:26|24|shashikala@forstarfoods.com|DailyPreProcess.php
30 Apr 2018 13:00:30|24|shashikala@forstarfoods.com|DailyPreProcess.php
30 Apr 2018 13:00:38|24|shashikala@forstarfoods.com|DailyPreProcess.php
30 Apr 2018 13:00:40|24|shashikala@forstarfoods.com|DailyPreProcess.php
30 Apr 2018 13:02:39|24|shashikala@forstarfoods.com|DailyPreProcess.php
30 Apr 2018 13:02:47|24|shashikala@forstarfoods.com|DailyPreProcess.php
30 Apr 2018 13:02:53|24|shashikala@forstarfoods.com|DailyPreProcess.php
30 Apr 2018 13:02:55|24|shashikala@forstarfoods.com|DailyPreProcess.php
30 Apr 2018 13:04:22|24|shashikala@forstarfoods.com|DailyPreProcess.php
30 Apr 2018 13:04:30|24|shashikala@forstarfoods.com|DailyPreProcess.php
30 Apr 2018 13:13:10|24|shashikala@forstarfoods.com|DailyPreProcess.php
30 Apr 2018 13:13:21|24|shashikala@forstarfoods.com|DailyPreProcess.php
30 Apr 2018 13:13:57|29|kavitha@forstarfoods.com|Home.php
30 Apr 2018 13:14:21|29|kavitha@forstarfoods.com|DailyCatchSummary.php
30 Apr 2018 13:14:26|29|kavitha@forstarfoods.com|DailyCatchSummary.php
30 Apr 2018 13:14:36|29|kavitha@forstarfoods.com|DailyCatchSummary.php
30 Apr 2018 13:14:44|29|kavitha@forstarfoods.com|DailyCatchSummary.php
30 Apr 2018 13:14:48|29|kavitha@forstarfoods.com|DailyCatchSummary.php
30 Apr 2018 13:14:55|29|kavitha@forstarfoods.com|DailyCatchSummary.php
30 Apr 2018 13:15:01|29|kavitha@forstarfoods.com|DailyCatchSummary.php
30 Apr 2018 13:15:24|29|kavitha@forstarfoods.com|DailyCatchSummary.php
30 Apr 2018 13:16:37|29|kavitha@forstarfoods.com|DailyCatchSummary.php
30 Apr 2018 13:18:34|29|kavitha@forstarfoods.com|PrintDailyCatchSummary.php
30 Apr 2018 13:25:36|24|shashikala@forstarfoods.com|DailyPreProcess.php
30 Apr 2018 13:30:48|31|rekha@foresee.com|DailyCatchEntry_New.php
30 Apr 2018 13:30:54|31|rekha@foresee.com|DailyCatchEntry_New.php
30 Apr 2018 13:30:55|31|rekha@foresee.com|DailyCatchEntry_New.php
30 Apr 2018 13:30:56|31|rekha@foresee.com|DailyCatchEntry_New.php
30 Apr 2018 13:30:58|31|rekha@foresee.com|DailyCatchEntry_New.php
30 Apr 2018 13:30:59|31|rekha@foresee.com|CatchEntryDeclaredItem.php
30 Apr 2018 13:31:00|31|rekha@foresee.com|DailyCatchEntry_New.php
30 Apr 2018 13:33:28|31|rekha@foresee.com|DailyCatchEntry_New.php
30 Apr 2018 13:34:18|31|rekha@foresee.com|Home.php
30 Apr 2018 13:34:29|31|rekha@foresee.com|FishMaster.php
30 Apr 2018 13:36:43|31|rekha@foresee.com|DailyCatchEntry_New.php
30 Apr 2018 13:36:50|31|rekha@foresee.com|DailyCatchEntry_New.php
30 Apr 2018 13:36:51|31|rekha@foresee.com|DailyCatchEntry_New.php
30 Apr 2018 13:36:52|31|rekha@foresee.com|DailyCatchEntry_New.php
30 Apr 2018 13:36:54|31|rekha@foresee.com|DailyCatchEntry_New.php
30 Apr 2018 13:36:55|31|rekha@foresee.com|CatchEntryDeclaredItem.php
30 Apr 2018 13:36:56|31|rekha@foresee.com|DailyCatchEntry_New.php
30 Apr 2018 13:38:41|31|rekha@foresee.com|DailyCatchEntry_New.php
30 Apr 2018 13:38:47|31|rekha@foresee.com|DailyCatchReport.php
30 Apr 2018 13:38:54|31|rekha@foresee.com|DailyCatchReport.php
30 Apr 2018 13:38:56|31|rekha@foresee.com|DailyCatchReport.php
30 Apr 2018 13:39:15|31|rekha@foresee.com|DailyCatchReport.php
30 Apr 2018 13:39:16|31|rekha@foresee.com|DailyCatchReport.php
30 Apr 2018 13:39:49|31|rekha@foresee.com|DailyCatchReport.php
30 Apr 2018 13:39:50|31|rekha@foresee.com|DailyCatchReport.php
30 Apr 2018 13:40:27|31|rekha@foresee.com|DailyCatchReport.php
30 Apr 2018 13:40:30|31|rekha@foresee.com|DailyCatchReport.php
30 Apr 2018 13:40:31|31|rekha@foresee.com|DailyCatchReport.php
30 Apr 2018 13:40:33|31|rekha@foresee.com|DailyCatchReport.php
30 Apr 2018 13:40:35|31|rekha@foresee.com|PrintDailyCatchReportMemo.php
30 Apr 2018 13:40:58|31|rekha@foresee.com|PrintDailyCatchReportMemo.php
30 Apr 2018 13:45:49|20|shiji@forstarfoods.com|Home.php
30 Apr 2018 13:45:53|20|shiji@forstarfoods.com|DailyCatchReport.php
30 Apr 2018 13:46:00|20|shiji@forstarfoods.com|DailyCatchReport.php
30 Apr 2018 13:46:03|20|shiji@forstarfoods.com|DailyCatchReport.php
30 Apr 2018 13:46:05|20|shiji@forstarfoods.com|DailyCatchReport.php
30 Apr 2018 13:46:06|20|shiji@forstarfoods.com|DailyCatchReport.php
30 Apr 2018 13:46:09|20|shiji@forstarfoods.com|PrintDailyCatchReportMemo.php
30 Apr 2018 13:46:20|20|shiji@forstarfoods.com|PrintDailyCatchReportMemo.php
30 Apr 2018 13:48:28|20|shiji@forstarfoods.com|DailyCatchReport.php
30 Apr 2018 13:48:29|20|shiji@forstarfoods.com|DailyCatchReport.php
30 Apr 2018 13:48:31|20|shiji@forstarfoods.com|DailyCatchReport.php
30 Apr 2018 14:07:43|20|shiji@forstarfoods.com|SupplierAccount.php
30 Apr 2018 14:10:47|20|shiji@forstarfoods.com|SupplierAccount.php
30 Apr 2018 14:10:53|20|shiji@forstarfoods.com|SupplierAccount.php
30 Apr 2018 14:10:56|20|shiji@forstarfoods.com|SupplierAccount.php
30 Apr 2018 14:11:05|20|shiji@forstarfoods.com|SupplierAccount.php
30 Apr 2018 14:11:07|20|shiji@forstarfoods.com|SupplierAccount.php
30 Apr 2018 14:12:42|20|shiji@forstarfoods.com|SupplierAccount.php
30 Apr 2018 14:12:47|20|shiji@forstarfoods.com|SettlementSummary.php
30 Apr 2018 14:12:53|20|shiji@forstarfoods.com|SettlementSummary.php
30 Apr 2018 14:12:56|20|shiji@forstarfoods.com|SupplierPayments.php
30 Apr 2018 14:12:57|20|shiji@forstarfoods.com|SupplierPayments.php
30 Apr 2018 14:12:59|20|shiji@forstarfoods.com|SupplierPayments.php
30 Apr 2018 14:13:00|20|shiji@forstarfoods.com|PurchaseStatement.php
30 Apr 2018 14:13:09|20|shiji@forstarfoods.com|PurchaseStatement.php
30 Apr 2018 14:13:12|20|shiji@forstarfoods.com|PurchaseStatement.php
30 Apr 2018 14:13:14|20|shiji@forstarfoods.com|PrintPurchaseStatement.php
30 Apr 2018 14:14:54|20|shiji@forstarfoods.com|PurchaseStatement.php
30 Apr 2018 14:15:12|20|shiji@forstarfoods.com|DailyCatchEntry_New.php
30 Apr 2018 14:28:47|31|rekha@foresee.com|DailyCatchReport.php
30 Apr 2018 14:28:58|31|rekha@foresee.com|DailyCatchReport.php
30 Apr 2018 14:29:02|31|rekha@foresee.com|DailyCatchReport.php
30 Apr 2018 14:29:04|31|rekha@foresee.com|DailyCatchReport.php
30 Apr 2018 14:29:05|31|rekha@foresee.com|DailyCatchReport.php
30 Apr 2018 14:29:07|31|rekha@foresee.com|PrintDailyCatchReportMemo.php
30 Apr 2018 14:31:13|31|rekha@foresee.com|PrintDailyCatchReportMemo.php
30 Apr 2018 14:32:06|31|rekha@foresee.com|PrintDailyCatchReportMemo.php
30 Apr 2018 14:32:12|31|rekha@foresee.com|PrintDailyCatchReportMemo.php
30 Apr 2018 14:32:41|31|rekha@foresee.com|PrintDailyCatchReportMemo.php
30 Apr 2018 14:32:50|31|rekha@foresee.com|PrintDailyCatchReportMemo.php
30 Apr 2018 14:36:45|31|rekha@foresee.com|DailyCatchReport.php
30 Apr 2018 14:37:03|31|rekha@foresee.com|DailyCatchReport.php
30 Apr 2018 14:37:06|31|rekha@foresee.com|DailyCatchReport.php
30 Apr 2018 14:37:08|31|rekha@foresee.com|DailyCatchReport.php
30 Apr 2018 14:37:09|31|rekha@foresee.com|DailyCatchReport.php
30 Apr 2018 14:37:11|31|rekha@foresee.com|PrintDailyCatchReportMemo.php
30 Apr 2018 14:38:22|31|rekha@foresee.com|DailyCatchReport.php
30 Apr 2018 14:38:24|31|rekha@foresee.com|DailyCatchReport.php
30 Apr 2018 14:38:25|31|rekha@foresee.com|DailyCatchReport.php
30 Apr 2018 14:38:27|31|rekha@foresee.com|PrintDailyCatchReportMemo.php
30 Apr 2018 14:59:53|31|rekha@foresee.com|PrintDailyCatchReportMemo.php
30 Apr 2018 15:07:35|20|shiji@forstarfoods.com|Home.php
30 Apr 2018 15:07:39|20|shiji@forstarfoods.com|DailyCatchReport.php
30 Apr 2018 15:07:47|20|shiji@forstarfoods.com|DailyCatchReport.php
30 Apr 2018 15:07:57|20|shiji@forstarfoods.com|DailyCatchReport.php
30 Apr 2018 15:07:58|20|shiji@forstarfoods.com|DailyCatchReport.php
30 Apr 2018 15:07:59|20|shiji@forstarfoods.com|DailyCatchReport.php
30 Apr 2018 15:08:01|20|shiji@forstarfoods.com|PrintDailyCatchReportMemo.php
30 Apr 2018 15:13:46|31|rekha@foresee.com|DailyCatchEntry_New.php
30 Apr 2018 15:13:51|31|rekha@foresee.com|DailyCatchEntry_New.php
30 Apr 2018 15:13:53|31|rekha@foresee.com|DailyCatchEntry_New.php
30 Apr 2018 15:13:54|31|rekha@foresee.com|DailyCatchEntry_New.php
30 Apr 2018 15:13:55|31|rekha@foresee.com|DailyCatchEntry_New.php
30 Apr 2018 15:13:56|31|rekha@foresee.com|CatchEntryDeclaredItem.php
30 Apr 2018 15:13:58|31|rekha@foresee.com|DailyCatchEntry_New.php
30 Apr 2018 15:14:03|31|rekha@foresee.com|DailyCatchEntry_New.php
30 Apr 2018 15:14:04|31|rekha@foresee.com|DailyCatchEntry_New.php
30 Apr 2018 15:14:11|31|rekha@foresee.com|DailyCatchEntry_New.php
30 Apr 2018 15:14:12|31|rekha@foresee.com|DailyCatchEntry_New.php
30 Apr 2018 15:14:14|31|rekha@foresee.com|DailyCatchEntry_New.php
30 Apr 2018 15:14:15|31|rekha@foresee.com|DailyCatchEntry_New.php
30 Apr 2018 15:14:16|31|rekha@foresee.com|DailyCatchEntry_New.php
30 Apr 2018 15:14:20|31|rekha@foresee.com|DailyCatchEntry_New.php
30 Apr 2018 15:14:24|31|rekha@foresee.com|DailyCatchEntry_New.php
30 Apr 2018 15:14:26|31|rekha@foresee.com|DailyCatchEntry_New.php
30 Apr 2018 15:14:27|31|rekha@foresee.com|DailyCatchEntry_New.php
30 Apr 2018 15:14:28|31|rekha@foresee.com|DailyCatchEntry_New.php
30 Apr 2018 15:14:29|31|rekha@foresee.com|CatchEntryDeclaredItem.php
30 Apr 2018 15:14:31|31|rekha@foresee.com|DailyCatchEntry_New.php
30 Apr 2018 15:14:35|31|rekha@foresee.com|DailyCatchEntry_New.php
30 Apr 2018 15:14:36|31|rekha@foresee.com|DailyCatchEntry_New.php
30 Apr 2018 15:14:37|31|rekha@foresee.com|DailyCatchEntry_New.php
30 Apr 2018 15:14:39|31|rekha@foresee.com|DailyCatchEntry_New.php
30 Apr 2018 15:14:40|31|rekha@foresee.com|DailyCatchEntry_New.php
30 Apr 2018 15:14:47|31|rekha@foresee.com|DailyCatchEntry_New.php
30 Apr 2018 15:14:48|31|rekha@foresee.com|DailyCatchEntry_New.php
30 Apr 2018 15:14:53|31|rekha@foresee.com|DailyCatchEntry_New.php
30 Apr 2018 15:14:54|31|rekha@foresee.com|DailyCatchEntry_New.php
30 Apr 2018 15:14:55|31|rekha@foresee.com|DailyCatchEntry_New.php
30 Apr 2018 15:14:57|31|rekha@foresee.com|DailyCatchEntry_New.php
30 Apr 2018 15:14:58|31|rekha@foresee.com|DailyCatchEntry_New.php
30 Apr 2018 15:17:27|31|rekha@foresee.com|DailyCatchEntry_New.php
30 Apr 2018 15:17:29|31|rekha@foresee.com|DailyCatchEntry_New.php
30 Apr 2018 15:17:40|31|rekha@foresee.com|DailyCatchEntry_New.php
30 Apr 2018 15:17:42|31|rekha@foresee.com|DailyCatchEntry_New.php
30 Apr 2018 15:17:43|31|rekha@foresee.com|DailyCatchEntry_New.php
30 Apr 2018 15:17:44|31|rekha@foresee.com|DailyCatchEntry_New.php
30 Apr 2018 15:17:45|31|rekha@foresee.com|DailyCatchEntry_New.php
30 Apr 2018 15:17:51|31|rekha@foresee.com|DailyCatchEntry_New.php
30 Apr 2018 15:17:52|31|rekha@foresee.com|DailyCatchEntry_New.php
30 Apr 2018 15:17:56|31|rekha@foresee.com|DailyCatchEntry_New.php
30 Apr 2018 15:17:57|31|rekha@foresee.com|DailyCatchEntry_New.php
30 Apr 2018 15:18:02|31|rekha@foresee.com|DailyCatchEntry_New.php
30 Apr 2018 15:18:03|31|rekha@foresee.com|DailyCatchEntry_New.php
30 Apr 2018 15:18:04|31|rekha@foresee.com|DailyCatchEntry_New.php
30 Apr 2018 15:18:05|31|rekha@foresee.com|DailyCatchEntry_New.php
30 Apr 2018 15:18:07|31|rekha@foresee.com|DailyCatchEntry_New.php
30 Apr 2018 15:18:14|31|rekha@foresee.com|DailyCatchEntry_New.php
30 Apr 2018 15:18:15|31|rekha@foresee.com|DailyCatchEntry_New.php
30 Apr 2018 15:18:16|31|rekha@foresee.com|DailyCatchEntry_New.php
30 Apr 2018 15:18:17|31|rekha@foresee.com|DailyCatchEntry_New.php
30 Apr 2018 15:18:18|31|rekha@foresee.com|DailyCatchEntry_New.php
30 Apr 2018 15:18:36|31|rekha@foresee.com|DailyCatchEntry_New.php
30 Apr 2018 15:18:38|31|rekha@foresee.com|DailyCatchEntry_New.php
30 Apr 2018 15:18:43|31|rekha@foresee.com|DailyCatchEntry_New.php
30 Apr 2018 15:18:44|31|rekha@foresee.com|DailyCatchEntry_New.php
30 Apr 2018 15:18:45|31|rekha@foresee.com|DailyCatchEntry_New.php
30 Apr 2018 15:18:46|31|rekha@foresee.com|DailyCatchEntry_New.php
30 Apr 2018 15:18:48|31|rekha@foresee.com|DailyCatchEntry_New.php
30 Apr 2018 15:18:51|31|rekha@foresee.com|DailyCatchEntry_New.php
30 Apr 2018 15:18:55|31|rekha@foresee.com|DailyCatchEntry_New.php
30 Apr 2018 15:18:56|31|rekha@foresee.com|DailyCatchEntry_New.php
30 Apr 2018 15:18:58|31|rekha@foresee.com|DailyCatchEntry_New.php
30 Apr 2018 15:18:59|31|rekha@foresee.com|DailyCatchEntry_New.php
30 Apr 2018 15:19:00|31|rekha@foresee.com|CatchEntryDeclaredItem.php
30 Apr 2018 15:19:01|31|rekha@foresee.com|DailyCatchEntry_New.php
30 Apr 2018 15:20:37|31|rekha@foresee.com|DailyCatchEntry_New.php
30 Apr 2018 15:20:38|31|rekha@foresee.com|DailyCatchEntry_New.php
30 Apr 2018 15:20:39|31|rekha@foresee.com|DailyCatchEntry_New.php
30 Apr 2018 15:20:41|31|rekha@foresee.com|DailyCatchEntry_New.php
30 Apr 2018 15:20:42|31|rekha@foresee.com|DailyCatchEntry_New.php
30 Apr 2018 15:20:43|31|rekha@foresee.com|DailyCatchEntry_New.php
30 Apr 2018 15:20:44|31|rekha@foresee.com|DailyCatchEntry_New.php
30 Apr 2018 15:20:46|31|rekha@foresee.com|DailyCatchEntry_New.php
30 Apr 2018 15:20:47|31|rekha@foresee.com|DailyCatchEntry_New.php
30 Apr 2018 15:20:48|31|rekha@foresee.com|DailyCatchEntry_New.php
30 Apr 2018 15:20:49|31|rekha@foresee.com|DailyCatchEntry_New.php
30 Apr 2018 15:20:51|31|rekha@foresee.com|DailyCatchEntry_New.php
30 Apr 2018 15:20:53|31|rekha@foresee.com|DailyCatchEntry_New.php
30 Apr 2018 15:20:54|31|rekha@foresee.com|DailyCatchEntry_New.php
30 Apr 2018 15:20:56|31|rekha@foresee.com|DailyCatchEntry_New.php
30 Apr 2018 15:20:57|31|rekha@foresee.com|CatchEntryDeclaredItem.php
30 Apr 2018 15:20:58|31|rekha@foresee.com|DailyCatchEntry_New.php
30 Apr 2018 15:25:53|31|rekha@foresee.com|DailyCatchEntry_New.php
30 Apr 2018 15:30:45|31|rekha@foresee.com|DailyCatchEntry_New.php
30 Apr 2018 15:30:50|31|rekha@foresee.com|DailyCatchEntry_New.php
30 Apr 2018 15:30:51|31|rekha@foresee.com|DailyCatchEntry_New.php
30 Apr 2018 15:30:53|31|rekha@foresee.com|DailyCatchEntry_New.php
30 Apr 2018 15:30:54|31|rekha@foresee.com|DailyCatchEntry_New.php
30 Apr 2018 15:30:55|31|rekha@foresee.com|CatchEntryDeclaredItem.php
30 Apr 2018 15:30:56|31|rekha@foresee.com|DailyCatchEntry_New.php
30 Apr 2018 15:31:03|31|rekha@foresee.com|DailyCatchEntry_New.php
30 Apr 2018 15:31:05|31|rekha@foresee.com|DailyCatchEntry_New.php
30 Apr 2018 15:31:06|31|rekha@foresee.com|DailyCatchEntry_New.php
30 Apr 2018 15:31:07|31|rekha@foresee.com|DailyCatchEntry_New.php
30 Apr 2018 15:31:08|31|rekha@foresee.com|DailyCatchEntry_New.php
30 Apr 2018 15:31:14|31|rekha@foresee.com|DailyCatchEntry_New.php
30 Apr 2018 15:31:15|31|rekha@foresee.com|DailyCatchEntry_New.php
30 Apr 2018 15:31:20|31|rekha@foresee.com|DailyCatchEntry_New.php
30 Apr 2018 15:31:21|31|rekha@foresee.com|DailyCatchEntry_New.php
30 Apr 2018 15:31:23|31|rekha@foresee.com|DailyCatchEntry_New.php
30 Apr 2018 15:31:24|31|rekha@foresee.com|DailyCatchEntry_New.php
30 Apr 2018 15:31:25|31|rekha@foresee.com|DailyCatchEntry_New.php
30 Apr 2018 15:31:33|31|rekha@foresee.com|DailyCatchEntry_New.php
30 Apr 2018 15:31:38|31|rekha@foresee.com|DailyCatchEntry_New.php
30 Apr 2018 15:31:40|31|rekha@foresee.com|DailyCatchEntry_New.php
30 Apr 2018 15:31:41|31|rekha@foresee.com|DailyCatchEntry_New.php
30 Apr 2018 15:31:42|31|rekha@foresee.com|DailyCatchEntry_New.php
30 Apr 2018 15:31:43|31|rekha@foresee.com|CatchEntryDeclaredItem.php
30 Apr 2018 15:31:44|31|rekha@foresee.com|DailyCatchEntry_New.php
30 Apr 2018 15:33:44|31|rekha@foresee.com|DailyCatchEntry_New.php
30 Apr 2018 15:33:51|31|rekha@foresee.com|DailyCatchEntry_New.php
30 Apr 2018 15:33:53|31|rekha@foresee.com|DailyCatchEntry_New.php
30 Apr 2018 15:33:54|31|rekha@foresee.com|DailyCatchEntry_New.php
30 Apr 2018 15:33:55|31|rekha@foresee.com|DailyCatchEntry_New.php
30 Apr 2018 15:33:57|31|rekha@foresee.com|CatchEntryDeclaredItem.php
30 Apr 2018 15:33:58|31|rekha@foresee.com|DailyCatchEntry_New.php
30 Apr 2018 15:34:52|31|rekha@foresee.com|DailyCatchEntry_New.php
30 Apr 2018 15:34:55|31|rekha@foresee.com|DailyCatchEntry_New.php
30 Apr 2018 15:34:57|31|rekha@foresee.com|DailyCatchEntry_New.php
30 Apr 2018 15:34:58|31|rekha@foresee.com|DailyCatchEntry_New.php
30 Apr 2018 15:35:00|31|rekha@foresee.com|DailyCatchEntry_New.php
30 Apr 2018 15:35:01|31|rekha@foresee.com|CatchEntryDeclaredItem.php
30 Apr 2018 15:35:02|31|rekha@foresee.com|DailyCatchEntry_New.php
30 Apr 2018 15:35:48|31|rekha@foresee.com|DailyCatchEntry_New.php
30 Apr 2018 15:35:50|31|rekha@foresee.com|DailyCatchEntry_New.php
30 Apr 2018 15:35:51|31|rekha@foresee.com|DailyCatchEntry_New.php
30 Apr 2018 15:35:53|31|rekha@foresee.com|DailyCatchEntry_New.php
30 Apr 2018 15:35:54|31|rekha@foresee.com|CatchEntryDeclaredItem.php
30 Apr 2018 15:35:55|31|rekha@foresee.com|DailyCatchEntry_New.php
30 Apr 2018 15:37:09|31|rekha@foresee.com|Home.php
30 Apr 2018 15:37:21|31|rekha@foresee.com|DailyCatchEntry_New.php
30 Apr 2018 15:37:25|31|rekha@foresee.com|DailyCatchEntry_New.php
30 Apr 2018 15:37:27|31|rekha@foresee.com|DailyCatchEntry_New.php
30 Apr 2018 15:37:28|31|rekha@foresee.com|DailyCatchEntry_New.php
30 Apr 2018 15:37:30|31|rekha@foresee.com|DailyCatchEntry_New.php
30 Apr 2018 15:37:31|31|rekha@foresee.com|CatchEntryDeclaredItem.php
30 Apr 2018 15:37:32|31|rekha@foresee.com|DailyCatchEntry_New.php
30 Apr 2018 15:38:38|31|rekha@foresee.com|DailyCatchEntry_New.php
30 Apr 2018 15:38:40|31|rekha@foresee.com|DailyCatchEntry_New.php
30 Apr 2018 15:38:41|31|rekha@foresee.com|DailyCatchEntry_New.php
30 Apr 2018 15:38:42|31|rekha@foresee.com|DailyCatchEntry_New.php
30 Apr 2018 15:38:43|31|rekha@foresee.com|CatchEntryDeclaredItem.php
30 Apr 2018 15:38:45|31|rekha@foresee.com|DailyCatchEntry_New.php
30 Apr 2018 15:40:50|31|rekha@foresee.com|DailyCatchEntry_New.php
30 Apr 2018 15:43:41|31|rekha@foresee.com|DailyCatchEntry_New.php
30 Apr 2018 15:45:52|31|rekha@foresee.com|DailyCatchEntry_New.php
30 Apr 2018 15:48:23|31|rekha@foresee.com|DailyCatchEntry_New.php
30 Apr 2018 15:48:27|31|rekha@foresee.com|DailyCatchEntry_New.php
30 Apr 2018 15:48:29|31|rekha@foresee.com|DailyCatchEntry_New.php
30 Apr 2018 15:48:30|31|rekha@foresee.com|DailyCatchEntry_New.php
30 Apr 2018 15:48:31|31|rekha@foresee.com|DailyCatchEntry_New.php
30 Apr 2018 15:48:32|31|rekha@foresee.com|CatchEntryDeclaredItem.php
30 Apr 2018 15:48:34|31|rekha@foresee.com|DailyCatchEntry_New.php
30 Apr 2018 15:48:37|31|rekha@foresee.com|DailyCatchEntry_New.php
30 Apr 2018 15:48:39|31|rekha@foresee.com|DailyCatchEntry_New.php
30 Apr 2018 15:48:40|31|rekha@foresee.com|DailyCatchEntry_New.php
30 Apr 2018 15:48:41|31|rekha@foresee.com|DailyCatchEntry_New.php
30 Apr 2018 15:48:42|31|rekha@foresee.com|DailyCatchEntry_New.php
30 Apr 2018 15:48:49|31|rekha@foresee.com|DailyCatchEntry_New.php
30 Apr 2018 15:48:50|31|rekha@foresee.com|DailyCatchEntry_New.php
30 Apr 2018 15:48:52|31|rekha@foresee.com|DailyCatchEntry_New.php
30 Apr 2018 15:48:53|31|rekha@foresee.com|DailyCatchEntry_New.php
30 Apr 2018 15:48:54|31|rekha@foresee.com|DailyCatchEntry_New.php
30 Apr 2018 15:49:05|31|rekha@foresee.com|DailyCatchEntry_New.php
30 Apr 2018 15:49:06|31|rekha@foresee.com|DailyCatchEntry_New.php
30 Apr 2018 15:49:10|31|rekha@foresee.com|DailyCatchEntry_New.php
30 Apr 2018 15:49:11|31|rekha@foresee.com|DailyCatchEntry_New.php
30 Apr 2018 15:49:12|31|rekha@foresee.com|DailyCatchEntry_New.php
30 Apr 2018 15:49:13|31|rekha@foresee.com|DailyCatchEntry_New.php
30 Apr 2018 15:49:15|31|rekha@foresee.com|DailyCatchEntry_New.php
30 Apr 2018 15:49:42|31|rekha@foresee.com|DailyCatchEntry_New.php
30 Apr 2018 15:49:46|31|rekha@foresee.com|DailyCatchEntry_New.php
30 Apr 2018 15:49:48|31|rekha@foresee.com|DailyCatchEntry_New.php
30 Apr 2018 15:49:49|31|rekha@foresee.com|DailyCatchEntry_New.php
30 Apr 2018 15:49:50|31|rekha@foresee.com|DailyCatchEntry_New.php
30 Apr 2018 15:49:51|31|rekha@foresee.com|CatchEntryDeclaredItem.php
30 Apr 2018 15:49:53|31|rekha@foresee.com|DailyCatchEntry_New.php
30 Apr 2018 15:50:15|31|rekha@foresee.com|DailyCatchEntry_New.php
30 Apr 2018 15:50:16|31|rekha@foresee.com|DailyCatchEntry_New.php
30 Apr 2018 15:50:17|31|rekha@foresee.com|DailyCatchEntry_New.php
30 Apr 2018 15:50:19|31|rekha@foresee.com|DailyCatchEntry_New.php
30 Apr 2018 15:50:20|31|rekha@foresee.com|DailyCatchEntry_New.php
30 Apr 2018 15:50:47|31|rekha@foresee.com|DailyCatchEntry_New.php
30 Apr 2018 15:50:48|31|rekha@foresee.com|DailyCatchEntry_New.php
30 Apr 2018 15:50:54|31|rekha@foresee.com|DailyCatchEntry_New.php
30 Apr 2018 15:54:48|31|rekha@foresee.com|DailyCatchEntry_New.php
30 Apr 2018 15:55:56|31|rekha@foresee.com|DailyCatchEntry_New.php
30 Apr 2018 15:56:46|31|rekha@foresee.com|DailyCatchEntry_New.php
30 Apr 2018 15:56:48|31|rekha@foresee.com|DailyCatchEntry_New.php
30 Apr 2018 15:56:49|31|rekha@foresee.com|DailyCatchEntry_New.php
30 Apr 2018 15:56:50|31|rekha@foresee.com|DailyCatchEntry_New.php
30 Apr 2018 15:56:52|31|rekha@foresee.com|CatchEntryDeclaredItem.php
30 Apr 2018 15:56:53|31|rekha@foresee.com|DailyCatchEntry_New.php
30 Apr 2018 15:57:00|31|rekha@foresee.com|DailyCatchEntry_New.php
30 Apr 2018 15:57:01|31|rekha@foresee.com|DailyCatchEntry_New.php
30 Apr 2018 15:57:03|31|rekha@foresee.com|DailyCatchEntry_New.php
30 Apr 2018 15:57:04|31|rekha@foresee.com|DailyCatchEntry_New.php
30 Apr 2018 15:57:05|31|rekha@foresee.com|DailyCatchEntry_New.php
30 Apr 2018 15:57:14|31|rekha@foresee.com|DailyCatchEntry_New.php
30 Apr 2018 15:57:18|31|rekha@foresee.com|DailyCatchEntry_New.php
30 Apr 2018 15:57:20|31|rekha@foresee.com|DailyCatchEntry_New.php
30 Apr 2018 15:57:22|31|rekha@foresee.com|DailyCatchEntry_New.php
30 Apr 2018 15:57:23|31|rekha@foresee.com|DailyCatchEntry_New.php
30 Apr 2018 15:57:24|31|rekha@foresee.com|CatchEntryDeclaredItem.php
30 Apr 2018 15:57:25|31|rekha@foresee.com|DailyCatchEntry_New.php
30 Apr 2018 15:57:27|31|rekha@foresee.com|DailyCatchEntry_New.php
30 Apr 2018 15:58:49|31|rekha@foresee.com|DailyCatchEntry_New.php
30 Apr 2018 15:58:50|31|rekha@foresee.com|DailyCatchEntry_New.php
30 Apr 2018 15:58:56|31|rekha@foresee.com|DailyCatchEntry_New.php
30 Apr 2018 15:58:57|31|rekha@foresee.com|DailyCatchEntry_New.php
30 Apr 2018 15:58:58|31|rekha@foresee.com|DailyCatchEntry_New.php
30 Apr 2018 15:58:59|31|rekha@foresee.com|DailyCatchEntry_New.php
30 Apr 2018 15:59:00|31|rekha@foresee.com|DailyCatchEntry_New.php
30 Apr 2018 16:00:58|31|rekha@foresee.com|DailyCatchEntry_New.php
30 Apr 2018 16:02:22|31|rekha@foresee.com|DailyCatchEntry_New.php
30 Apr 2018 16:02:54|31|rekha@foresee.com|DailyCatchEntry_New.php
30 Apr 2018 16:02:59|31|rekha@foresee.com|DailyCatchEntry_New.php
30 Apr 2018 16:03:01|31|rekha@foresee.com|DailyCatchEntry_New.php
30 Apr 2018 16:03:02|31|rekha@foresee.com|DailyCatchEntry_New.php
30 Apr 2018 16:03:04|31|rekha@foresee.com|DailyCatchEntry_New.php
30 Apr 2018 16:03:05|31|rekha@foresee.com|CatchEntryDeclaredItem.php
30 Apr 2018 16:03:06|31|rekha@foresee.com|DailyCatchEntry_New.php
30 Apr 2018 16:03:14|31|rekha@foresee.com|DailyCatchEntry_New.php
30 Apr 2018 16:03:16|31|rekha@foresee.com|DailyCatchEntry_New.php
30 Apr 2018 16:03:17|31|rekha@foresee.com|DailyCatchEntry_New.php
30 Apr 2018 16:03:18|31|rekha@foresee.com|DailyCatchEntry_New.php
30 Apr 2018 16:03:19|31|rekha@foresee.com|DailyCatchEntry_New.php
30 Apr 2018 16:03:27|31|rekha@foresee.com|DailyCatchEntry_New.php
30 Apr 2018 16:03:28|31|rekha@foresee.com|DailyCatchEntry_New.php
30 Apr 2018 16:03:29|31|rekha@foresee.com|DailyCatchEntry_New.php
30 Apr 2018 16:03:31|31|rekha@foresee.com|DailyCatchEntry_New.php
30 Apr 2018 16:03:32|31|rekha@foresee.com|DailyCatchEntry_New.php
30 Apr 2018 16:06:00|31|rekha@foresee.com|DailyCatchEntry_New.php
30 Apr 2018 16:08:01|31|rekha@foresee.com|DailyCatchEntry_New.php
30 Apr 2018 16:10:02|31|rekha@foresee.com|DailyCatchEntry_New.php
30 Apr 2018 16:10:04|31|rekha@foresee.com|DailyCatchEntry_New.php
30 Apr 2018 16:10:05|31|rekha@foresee.com|DailyCatchEntry_New.php
30 Apr 2018 16:10:06|31|rekha@foresee.com|DailyCatchEntry_New.php
30 Apr 2018 16:10:07|31|rekha@foresee.com|DailyCatchEntry_New.php
30 Apr 2018 16:10:13|31|rekha@foresee.com|DailyCatchEntry_New.php
30 Apr 2018 16:10:14|31|rekha@foresee.com|DailyCatchEntry_New.php
30 Apr 2018 16:10:15|31|rekha@foresee.com|DailyCatchEntry_New.php
30 Apr 2018 16:10:16|31|rekha@foresee.com|DailyCatchEntry_New.php
30 Apr 2018 16:10:18|31|rekha@foresee.com|DailyCatchEntry_New.php
30 Apr 2018 16:10:21|31|rekha@foresee.com|DailyCatchEntry_New.php
30 Apr 2018 16:10:23|31|rekha@foresee.com|DailyCatchEntry_New.php
30 Apr 2018 16:10:24|31|rekha@foresee.com|DailyCatchEntry_New.php
30 Apr 2018 16:10:25|31|rekha@foresee.com|DailyCatchEntry_New.php
30 Apr 2018 16:10:26|31|rekha@foresee.com|DailyCatchEntry_New.php
30 Apr 2018 16:11:02|31|rekha@foresee.com|DailyCatchEntry_New.php
30 Apr 2018 16:13:03|31|rekha@foresee.com|DailyCatchEntry_New.php
30 Apr 2018 16:15:27|31|rekha@foresee.com|DailyCatchEntry_New.php
30 Apr 2018 16:15:31|31|rekha@foresee.com|DailyCatchEntry_New.php
30 Apr 2018 16:15:32|31|rekha@foresee.com|DailyCatchEntry_New.php
30 Apr 2018 16:15:34|31|rekha@foresee.com|DailyCatchEntry_New.php
30 Apr 2018 16:15:35|31|rekha@foresee.com|DailyCatchEntry_New.php
30 Apr 2018 16:15:36|31|rekha@foresee.com|CatchEntryDeclaredItem.php
30 Apr 2018 16:15:37|31|rekha@foresee.com|DailyCatchEntry_New.php
30 Apr 2018 16:15:40|31|rekha@foresee.com|DailyCatchEntry_New.php
30 Apr 2018 16:15:42|31|rekha@foresee.com|DailyCatchEntry_New.php
30 Apr 2018 16:15:43|31|rekha@foresee.com|DailyCatchEntry_New.php
30 Apr 2018 16:15:44|31|rekha@foresee.com|DailyCatchEntry_New.php
30 Apr 2018 16:15:45|31|rekha@foresee.com|DailyCatchEntry_New.php
30 Apr 2018 16:15:47|31|rekha@foresee.com|DailyCatchEntry_New.php
30 Apr 2018 16:15:49|31|rekha@foresee.com|DailyCatchEntry_New.php
30 Apr 2018 16:15:50|31|rekha@foresee.com|DailyCatchEntry_New.php
30 Apr 2018 16:15:52|31|rekha@foresee.com|DailyCatchEntry_New.php
30 Apr 2018 16:15:55|31|rekha@foresee.com|DailyCatchEntry_New.php
30 Apr 2018 16:15:56|31|rekha@foresee.com|DailyCatchEntry_New.php
30 Apr 2018 16:16:02|31|rekha@foresee.com|DailyCatchEntry_New.php
30 Apr 2018 16:16:04|31|rekha@foresee.com|DailyCatchEntry_New.php
30 Apr 2018 16:16:06|31|rekha@foresee.com|DailyCatchEntry_New.php
30 Apr 2018 16:16:08|31|rekha@foresee.com|DailyCatchEntry_New.php
30 Apr 2018 16:16:09|31|rekha@foresee.com|DailyCatchEntry_New.php
30 Apr 2018 16:16:10|31|rekha@foresee.com|DailyCatchEntry_New.php
30 Apr 2018 16:16:11|31|rekha@foresee.com|CatchEntryDeclaredItem.php
30 Apr 2018 16:16:13|31|rekha@foresee.com|DailyCatchEntry_New.php
30 Apr 2018 16:16:15|31|rekha@foresee.com|DailyCatchEntry_New.php
30 Apr 2018 16:16:17|31|rekha@foresee.com|DailyCatchEntry_New.php
30 Apr 2018 16:16:18|31|rekha@foresee.com|DailyCatchEntry_New.php
30 Apr 2018 16:16:35|31|rekha@foresee.com|DailyCatchEntry_New.php
30 Apr 2018 16:16:38|31|rekha@foresee.com|DailyCatchEntry_New.php
30 Apr 2018 16:16:40|31|rekha@foresee.com|DailyCatchEntry_New.php
30 Apr 2018 16:16:41|31|rekha@foresee.com|DailyCatchEntry_New.php
30 Apr 2018 16:16:42|31|rekha@foresee.com|DailyCatchEntry_New.php
30 Apr 2018 16:16:43|31|rekha@foresee.com|CatchEntryDeclaredItem.php
30 Apr 2018 16:16:45|31|rekha@foresee.com|DailyCatchEntry_New.php
30 Apr 2018 16:16:49|31|rekha@foresee.com|DailyCatchEntry_New.php
30 Apr 2018 16:16:50|31|rekha@foresee.com|DailyCatchEntry_New.php
30 Apr 2018 16:16:51|31|rekha@foresee.com|DailyCatchEntry_New.php
30 Apr 2018 16:16:53|31|rekha@foresee.com|DailyCatchEntry_New.php
30 Apr 2018 16:16:54|31|rekha@foresee.com|DailyCatchEntry_New.php
30 Apr 2018 16:17:02|31|rekha@foresee.com|DailyCatchEntry_New.php
30 Apr 2018 16:17:06|31|rekha@foresee.com|DailyCatchEntry_New.php
30 Apr 2018 16:17:10|31|rekha@foresee.com|DailyCatchEntry_New.php
30 Apr 2018 16:17:12|31|rekha@foresee.com|DailyCatchEntry_New.php
30 Apr 2018 16:17:13|31|rekha@foresee.com|DailyCatchEntry_New.php
30 Apr 2018 16:17:14|31|rekha@foresee.com|DailyCatchEntry_New.php
30 Apr 2018 16:17:15|31|rekha@foresee.com|CatchEntryDeclaredItem.php
30 Apr 2018 16:17:17|31|rekha@foresee.com|DailyCatchEntry_New.php
30 Apr 2018 16:17:21|31|rekha@foresee.com|DailyCatchEntry_New.php
30 Apr 2018 16:17:28|31|rekha@foresee.com|DailyCatchEntry_New.php
30 Apr 2018 16:17:30|31|rekha@foresee.com|DailyCatchEntry_New.php