
1 Sep 2018 14:35:02|30|pritirm@forstarfoods.com|DailyCatchEntry_New.php
1 Sep 2018 14:35:55|30|pritirm@forstarfoods.com|DailyCatchEntry_New.php
1 Sep 2018 14:36:19|30|pritirm@forstarfoods.com|DailyCatchEntry_New.php
1 Sep 2018 14:36:21|30|pritirm@forstarfoods.com|CatchEntryDeclaredItem.php
1 Sep 2018 14:37:09|30|pritirm@forstarfoods.com|DailyCatchEntry_New.php
1 Sep 2018 14:37:12|30|pritirm@forstarfoods.com|DailyCatchEntry_New.php
1 Sep 2018 14:37:14|30|pritirm@forstarfoods.com|DailyCatchEntry_New.php
1 Sep 2018 14:37:17|30|pritirm@forstarfoods.com|DailyCatchEntry_New.php
1 Sep 2018 14:37:18|30|pritirm@forstarfoods.com|DailyCatchEntry_New.php
1 Sep 2018 14:37:20|30|pritirm@forstarfoods.com|DailyCatchEntry_New.php
1 Sep 2018 14:37:21|30|pritirm@forstarfoods.com|DailyCatchEntry_New.php
1 Sep 2018 14:37:22|30|pritirm@forstarfoods.com|DailyCatchEntry_New.php
1 Sep 2018 14:37:23|30|pritirm@forstarfoods.com|DailyCatchEntry_New.php
1 Sep 2018 14:37:25|30|pritirm@forstarfoods.com|DailyCatchEntry_New.php
1 Sep 2018 14:37:26|30|pritirm@forstarfoods.com|DailyCatchEntry_New.php
1 Sep 2018 14:37:27|30|pritirm@forstarfoods.com|DailyCatchEntry_New.php
1 Sep 2018 14:37:28|30|pritirm@forstarfoods.com|DailyCatchEntry_New.php
1 Sep 2018 14:37:30|30|pritirm@forstarfoods.com|DailyCatchEntry_New.php
1 Sep 2018 14:37:31|30|pritirm@forstarfoods.com|DailyCatchEntry_New.php
1 Sep 2018 14:37:32|30|pritirm@forstarfoods.com|DailyCatchEntry_New.php
1 Sep 2018 14:37:33|30|pritirm@forstarfoods.com|DailyCatchEntry_New.php
1 Sep 2018 14:38:19|30|pritirm@forstarfoods.com|DailyCatchEntry_New.php
1 Sep 2018 14:38:22|30|pritirm@forstarfoods.com|DailyCatchEntry_New.php
1 Sep 2018 14:38:24|30|pritirm@forstarfoods.com|CatchEntryDeclaredItem.php
1 Sep 2018 14:38:31|30|pritirm@forstarfoods.com|DailyCatchEntry_New.php
1 Sep 2018 14:38:33|30|pritirm@forstarfoods.com|DailyCatchEntry_New.php
1 Sep 2018 14:38:37|30|pritirm@forstarfoods.com|DailyCatchEntry_New.php
1 Sep 2018 14:38:38|30|pritirm@forstarfoods.com|DailyCatchEntry_New.php
1 Sep 2018 14:38:39|30|pritirm@forstarfoods.com|DailyCatchEntry_New.php
1 Sep 2018 14:38:40|30|pritirm@forstarfoods.com|DailyCatchEntry_New.php
1 Sep 2018 14:38:42|30|pritirm@forstarfoods.com|DailyCatchEntry_New.php
1 Sep 2018 14:38:43|30|pritirm@forstarfoods.com|DailyCatchEntry_New.php
1 Sep 2018 14:38:44|30|pritirm@forstarfoods.com|DailyCatchEntry_New.php
1 Sep 2018 14:38:45|30|pritirm@forstarfoods.com|DailyCatchEntry_New.php
1 Sep 2018 14:38:47|30|pritirm@forstarfoods.com|DailyCatchEntry_New.php
1 Sep 2018 14:38:48|30|pritirm@forstarfoods.com|DailyCatchEntry_New.php
1 Sep 2018 14:38:49|30|pritirm@forstarfoods.com|DailyCatchEntry_New.php
1 Sep 2018 14:38:50|30|pritirm@forstarfoods.com|DailyCatchEntry_New.php
1 Sep 2018 14:38:51|30|pritirm@forstarfoods.com|DailyCatchEntry_New.php
1 Sep 2018 14:38:53|30|pritirm@forstarfoods.com|DailyCatchEntry_New.php
1 Sep 2018 14:38:54|30|pritirm@forstarfoods.com|DailyCatchEntry_New.php
1 Sep 2018 14:38:55|30|pritirm@forstarfoods.com|DailyCatchEntry_New.php
1 Sep 2018 14:39:13|30|pritirm@forstarfoods.com|DailyCatchEntry_New.php
1 Sep 2018 14:39:15|30|pritirm@forstarfoods.com|DailyCatchEntry_New.php
1 Sep 2018 14:39:17|30|pritirm@forstarfoods.com|CatchEntryDeclaredItem.php
1 Sep 2018 14:39:20|30|pritirm@forstarfoods.com|DailyCatchEntry_New.php
1 Sep 2018 14:39:23|30|pritirm@forstarfoods.com|DailyCatchEntry_New.php
1 Sep 2018 14:39:26|30|pritirm@forstarfoods.com|DailyCatchEntry_New.php
1 Sep 2018 14:39:27|30|pritirm@forstarfoods.com|DailyCatchEntry_New.php
1 Sep 2018 14:39:28|30|pritirm@forstarfoods.com|DailyCatchEntry_New.php
1 Sep 2018 14:39:30|30|pritirm@forstarfoods.com|DailyCatchEntry_New.php
1 Sep 2018 14:39:31|30|pritirm@forstarfoods.com|DailyCatchEntry_New.php
1 Sep 2018 14:39:32|30|pritirm@forstarfoods.com|DailyCatchEntry_New.php
1 Sep 2018 14:39:33|30|pritirm@forstarfoods.com|DailyCatchEntry_New.php
1 Sep 2018 14:39:34|30|pritirm@forstarfoods.com|DailyCatchEntry_New.php
1 Sep 2018 14:39:36|30|pritirm@forstarfoods.com|DailyCatchEntry_New.php
1 Sep 2018 14:39:37|30|pritirm@forstarfoods.com|DailyCatchEntry_New.php
1 Sep 2018 14:39:38|30|pritirm@forstarfoods.com|DailyCatchEntry_New.php
1 Sep 2018 14:39:39|30|pritirm@forstarfoods.com|DailyCatchEntry_New.php
1 Sep 2018 14:39:41|30|pritirm@forstarfoods.com|DailyCatchEntry_New.php
1 Sep 2018 14:39:42|30|pritirm@forstarfoods.com|DailyCatchEntry_New.php
1 Sep 2018 14:39:43|30|pritirm@forstarfoods.com|DailyCatchEntry_New.php
1 Sep 2018 14:39:44|30|pritirm@forstarfoods.com|DailyCatchEntry_New.php
1 Sep 2018 14:39:46|30|pritirm@forstarfoods.com|DailyCatchEntry_New.php
1 Sep 2018 14:39:47|30|pritirm@forstarfoods.com|DailyCatchEntry_New.php
1 Sep 2018 14:39:48|30|pritirm@forstarfoods.com|DailyCatchEntry_New.php
1 Sep 2018 14:39:49|30|pritirm@forstarfoods.com|DailyCatchEntry_New.php
1 Sep 2018 14:39:50|30|pritirm@forstarfoods.com|DailyCatchEntry_New.php
1 Sep 2018 14:39:52|30|pritirm@forstarfoods.com|DailyCatchEntry_New.php
1 Sep 2018 14:39:53|30|pritirm@forstarfoods.com|DailyCatchEntry_New.php
1 Sep 2018 14:39:54|30|pritirm@forstarfoods.com|DailyCatchEntry_New.php
1 Sep 2018 14:40:16|30|pritirm@forstarfoods.com|DailyCatchEntry_New.php
1 Sep 2018 14:40:18|30|pritirm@forstarfoods.com|DailyCatchEntry_New.php
1 Sep 2018 14:40:20|30|pritirm@forstarfoods.com|CatchEntryDeclaredItem.php
1 Sep 2018 14:40:23|30|pritirm@forstarfoods.com|DailyCatchEntry_New.php
1 Sep 2018 14:40:25|30|pritirm@forstarfoods.com|DailyCatchEntry_New.php
1 Sep 2018 14:40:28|30|pritirm@forstarfoods.com|DailyCatchEntry_New.php
1 Sep 2018 14:40:29|30|pritirm@forstarfoods.com|DailyCatchEntry_New.php
1 Sep 2018 14:40:30|30|pritirm@forstarfoods.com|DailyCatchEntry_New.php
1 Sep 2018 14:40:32|30|pritirm@forstarfoods.com|DailyCatchEntry_New.php
1 Sep 2018 14:40:33|30|pritirm@forstarfoods.com|DailyCatchEntry_New.php
1 Sep 2018 14:40:34|30|pritirm@forstarfoods.com|DailyCatchEntry_New.php
1 Sep 2018 14:40:35|30|pritirm@forstarfoods.com|DailyCatchEntry_New.php
1 Sep 2018 14:40:37|30|pritirm@forstarfoods.com|DailyCatchEntry_New.php
1 Sep 2018 14:40:39|30|pritirm@forstarfoods.com|DailyCatchEntry_New.php
1 Sep 2018 14:40:41|30|pritirm@forstarfoods.com|DailyCatchEntry_New.php
1 Sep 2018 14:40:43|30|pritirm@forstarfoods.com|CatchEntryDeclaredItem.php
1 Sep 2018 14:40:56|30|pritirm@forstarfoods.com|DailyCatchEntry_New.php
1 Sep 2018 14:41:15|20|shiji@forstarfoods.com|DailyCatchReport.php
1 Sep 2018 14:45:58|30|pritirm@forstarfoods.com|DailyCatchEntry_New.php
1 Sep 2018 14:50:30|20|shiji@forstarfoods.com|SupplierMaster.php
1 Sep 2018 14:50:35|20|shiji@forstarfoods.com|SupplierMaster.php
1 Sep 2018 14:50:59|30|pritirm@forstarfoods.com|DailyCatchEntry_New.php
1 Sep 2018 14:52:19|30|pritirm@forstarfoods.com|DailyCatchEntry_New.php
1 Sep 2018 14:52:20|30|pritirm@forstarfoods.com|DailyCatchEntry_New.php
1 Sep 2018 14:52:21|30|pritirm@forstarfoods.com|DailyCatchEntry_New.php
1 Sep 2018 14:52:23|30|pritirm@forstarfoods.com|DailyCatchEntry_New.php
1 Sep 2018 14:52:27|30|pritirm@forstarfoods.com|DailyCatchEntry_New.php
1 Sep 2018 14:52:29|30|pritirm@forstarfoods.com|CatchEntryDeclaredItem.php
1 Sep 2018 14:52:41|20|shiji@forstarfoods.com|SupplierMaster.php
1 Sep 2018 14:52:42|30|pritirm@forstarfoods.com|DailyCatchEntry_New.php
1 Sep 2018 14:52:45|20|shiji@forstarfoods.com|SupplierMaster.php
1 Sep 2018 14:52:49|30|pritirm@forstarfoods.com|DailyCatchEntry_New.php
1 Sep 2018 14:52:51|30|pritirm@forstarfoods.com|DailyCatchEntry_New.php
1 Sep 2018 14:52:53|30|pritirm@forstarfoods.com|DailyCatchEntry_New.php
1 Sep 2018 14:52:54|30|pritirm@forstarfoods.com|DailyCatchEntry_New.php
1 Sep 2018 14:52:55|30|pritirm@forstarfoods.com|DailyCatchEntry_New.php
1 Sep 2018 14:52:57|20|shiji@forstarfoods.com|SupplierMaster.php
1 Sep 2018 14:52:57|30|pritirm@forstarfoods.com|DailyCatchEntry_New.php
1 Sep 2018 14:52:58|30|pritirm@forstarfoods.com|DailyCatchEntry_New.php
1 Sep 2018 14:52:59|30|pritirm@forstarfoods.com|DailyCatchEntry_New.php
1 Sep 2018 14:53:00|30|pritirm@forstarfoods.com|DailyCatchEntry_New.php
1 Sep 2018 14:53:02|30|pritirm@forstarfoods.com|DailyCatchEntry_New.php
1 Sep 2018 14:53:03|30|pritirm@forstarfoods.com|DailyCatchEntry_New.php
1 Sep 2018 14:53:04|30|pritirm@forstarfoods.com|DailyCatchEntry_New.php
1 Sep 2018 14:53:05|30|pritirm@forstarfoods.com|DailyCatchEntry_New.php
1 Sep 2018 14:53:06|30|pritirm@forstarfoods.com|DailyCatchEntry_New.php
1 Sep 2018 14:53:10|20|shiji@forstarfoods.com|SupplierMaster.php
1 Sep 2018 14:53:18|20|shiji@forstarfoods.com|SupplierMaster.php
1 Sep 2018 14:54:05|20|shiji@forstarfoods.com|SupplierMaster.php
1 Sep 2018 14:54:09|20|shiji@forstarfoods.com|SupplierMaster.php
1 Sep 2018 14:54:26|30|pritirm@forstarfoods.com|DailyCatchEntry_New.php
1 Sep 2018 14:54:29|30|pritirm@forstarfoods.com|DailyCatchEntry_New.php
1 Sep 2018 14:54:31|30|pritirm@forstarfoods.com|CatchEntryDeclaredItem.php
1 Sep 2018 14:55:31|30|pritirm@forstarfoods.com|DailyCatchEntry_New.php
1 Sep 2018 14:55:33|30|pritirm@forstarfoods.com|DailyCatchEntry_New.php
1 Sep 2018 14:55:34|30|pritirm@forstarfoods.com|DailyCatchEntry_New.php
1 Sep 2018 14:55:35|30|pritirm@forstarfoods.com|DailyCatchEntry_New.php
1 Sep 2018 14:55:57|30|pritirm@forstarfoods.com|DailyCatchEntry_New.php
1 Sep 2018 14:56:00|30|pritirm@forstarfoods.com|DailyCatchEntry_New.php
1 Sep 2018 14:56:21|30|pritirm@forstarfoods.com|DailyCatchEntry_New.php
1 Sep 2018 14:56:22|30|pritirm@forstarfoods.com|CatchEntryDeclaredItem.php
1 Sep 2018 14:57:00|29|kavitha@forstarfoods.com|Home.php
1 Sep 2018 14:57:06|29|kavitha@forstarfoods.com|DailyCatchEntry_New.php
1 Sep 2018 14:57:10|29|kavitha@forstarfoods.com|DailyCatchEntry_New.php
1 Sep 2018 14:57:12|29|kavitha@forstarfoods.com|DailyCatchEntry_New.php
1 Sep 2018 14:57:13|29|kavitha@forstarfoods.com|DailyCatchEntry_New.php
1 Sep 2018 14:57:14|29|kavitha@forstarfoods.com|DailyCatchEntry_New.php
1 Sep 2018 14:57:15|29|kavitha@forstarfoods.com|CatchEntryDeclaredItem.php
1 Sep 2018 14:57:17|29|kavitha@forstarfoods.com|DailyCatchEntry_New.php
1 Sep 2018 14:57:19|30|pritirm@forstarfoods.com|DailyCatchEntry_New.php
1 Sep 2018 14:57:20|29|kavitha@forstarfoods.com|DailyCatchEntry_New.php
1 Sep 2018 14:57:21|30|pritirm@forstarfoods.com|DailyCatchEntry_New.php
1 Sep 2018 14:57:21|29|kavitha@forstarfoods.com|DailyCatchEntry_New.php
1 Sep 2018 14:57:23|29|kavitha@forstarfoods.com|DailyCatchEntry_New.php
1 Sep 2018 14:57:24|29|kavitha@forstarfoods.com|DailyCatchEntry_New.php
1 Sep 2018 14:57:25|29|kavitha@forstarfoods.com|DailyCatchEntry_New.php
1 Sep 2018 14:57:28|29|kavitha@forstarfoods.com|DailyCatchEntry_New.php
1 Sep 2018 14:57:29|29|kavitha@forstarfoods.com|DailyCatchEntry_New.php
1 Sep 2018 14:57:30|29|kavitha@forstarfoods.com|DailyCatchEntry_New.php
1 Sep 2018 14:57:33|29|kavitha@forstarfoods.com|DailyCatchEntry_New.php
1 Sep 2018 14:57:58|29|kavitha@forstarfoods.com|DailyCatchEntry_New.php
1 Sep 2018 14:57:59|29|kavitha@forstarfoods.com|CatchEntryDeclaredItem.php
1 Sep 2018 14:58:10|29|kavitha@forstarfoods.com|DailyCatchEntry_New.php
1 Sep 2018 14:58:14|29|kavitha@forstarfoods.com|DailyCatchEntry_New.php
1 Sep 2018 14:58:16|29|kavitha@forstarfoods.com|DailyCatchEntry_New.php
1 Sep 2018 14:58:23|30|pritirm@forstarfoods.com|DailyCatchEntry_New.php
1 Sep 2018 14:58:26|30|pritirm@forstarfoods.com|DailyCatchEntry_New.php
1 Sep 2018 14:58:27|30|pritirm@forstarfoods.com|DailyCatchEntry_New.php
1 Sep 2018 14:58:28|29|kavitha@forstarfoods.com|DailyCatchEntry_New.php
1 Sep 2018 14:58:28|30|pritirm@forstarfoods.com|DailyCatchEntry_New.php
1 Sep 2018 14:58:30|30|pritirm@forstarfoods.com|DailyCatchEntry_New.php
1 Sep 2018 14:58:31|29|kavitha@forstarfoods.com|DailyCatchEntry_New.php
1 Sep 2018 14:58:31|30|pritirm@forstarfoods.com|DailyCatchEntry_New.php
1 Sep 2018 14:58:32|30|pritirm@forstarfoods.com|DailyCatchEntry_New.php
1 Sep 2018 14:58:33|30|pritirm@forstarfoods.com|DailyCatchEntry_New.php
1 Sep 2018 14:58:35|30|pritirm@forstarfoods.com|DailyCatchEntry_New.php
1 Sep 2018 14:58:36|30|pritirm@forstarfoods.com|DailyCatchEntry_New.php
1 Sep 2018 14:58:36|29|kavitha@forstarfoods.com|DailyCatchEntry_New.php
1 Sep 2018 14:58:37|30|pritirm@forstarfoods.com|DailyCatchEntry_New.php
1 Sep 2018 14:58:38|29|kavitha@forstarfoods.com|DailyCatchEntry_New.php
1 Sep 2018 14:58:38|30|pritirm@forstarfoods.com|DailyCatchEntry_New.php
1 Sep 2018 14:58:39|29|kavitha@forstarfoods.com|DailyCatchEntry_New.php
1 Sep 2018 14:58:40|30|pritirm@forstarfoods.com|DailyCatchEntry_New.php
1 Sep 2018 14:58:40|29|kavitha@forstarfoods.com|DailyCatchEntry_New.php
1 Sep 2018 14:58:41|29|kavitha@forstarfoods.com|DailyCatchEntry_New.php
1 Sep 2018 14:58:42|29|kavitha@forstarfoods.com|DailyCatchEntry_New.php
1 Sep 2018 14:58:44|29|kavitha@forstarfoods.com|DailyCatchEntry_New.php
1 Sep 2018 14:58:45|29|kavitha@forstarfoods.com|DailyCatchEntry_New.php
1 Sep 2018 14:58:46|29|kavitha@forstarfoods.com|DailyCatchEntry_New.php
1 Sep 2018 14:58:47|29|kavitha@forstarfoods.com|DailyCatchEntry_New.php
1 Sep 2018 14:58:49|29|kavitha@forstarfoods.com|DailyCatchEntry_New.php
1 Sep 2018 14:58:50|29|kavitha@forstarfoods.com|DailyCatchEntry_New.php
1 Sep 2018 14:58:59|30|pritirm@forstarfoods.com|DailyCatchEntry_New.php
1 Sep 2018 14:59:02|30|pritirm@forstarfoods.com|DailyCatchEntry_New.php
1 Sep 2018 14:59:03|30|pritirm@forstarfoods.com|CatchEntryDeclaredItem.php
1 Sep 2018 14:59:08|30|pritirm@forstarfoods.com|DailyCatchEntry_New.php
1 Sep 2018 14:59:09|30|pritirm@forstarfoods.com|DailyCatchEntry_New.php
1 Sep 2018 14:59:11|30|pritirm@forstarfoods.com|DailyCatchEntry_New.php
1 Sep 2018 14:59:12|30|pritirm@forstarfoods.com|DailyCatchEntry_New.php
1 Sep 2018 14:59:14|29|kavitha@forstarfoods.com|DailyCatchEntry_New.php
1 Sep 2018 14:59:15|30|pritirm@forstarfoods.com|DailyCatchEntry_New.php
1 Sep 2018 14:59:16|30|pritirm@forstarfoods.com|CatchEntryDeclaredItem.php
1 Sep 2018 14:59:16|29|kavitha@forstarfoods.com|DailyCatchEntry_New.php
1 Sep 2018 14:59:18|29|kavitha@forstarfoods.com|CatchEntryDeclaredItem.php
1 Sep 2018 14:59:19|29|kavitha@forstarfoods.com|DailyCatchEntry_New.php
1 Sep 2018 14:59:22|29|kavitha@forstarfoods.com|DailyCatchEntry_New.php
1 Sep 2018 14:59:24|29|kavitha@forstarfoods.com|DailyCatchEntry_New.php
1 Sep 2018 14:59:25|29|kavitha@forstarfoods.com|DailyCatchEntry_New.php
1 Sep 2018 14:59:26|29|kavitha@forstarfoods.com|DailyCatchEntry_New.php
1 Sep 2018 14:59:27|29|kavitha@forstarfoods.com|DailyCatchEntry_New.php
1 Sep 2018 14:59:27|30|pritirm@forstarfoods.com|DailyCatchEntry_New.php
1 Sep 2018 14:59:29|29|kavitha@forstarfoods.com|DailyCatchEntry_New.php
1 Sep 2018 14:59:30|29|kavitha@forstarfoods.com|DailyCatchEntry_New.php
1 Sep 2018 14:59:31|30|pritirm@forstarfoods.com|DailyCatchEntry_New.php
1 Sep 2018 14:59:31|29|kavitha@forstarfoods.com|DailyCatchEntry_New.php
1 Sep 2018 14:59:32|29|kavitha@forstarfoods.com|DailyCatchEntry_New.php
1 Sep 2018 14:59:34|29|kavitha@forstarfoods.com|DailyCatchEntry_New.php
1 Sep 2018 14:59:34|30|pritirm@forstarfoods.com|DailyCatchEntry_New.php
1 Sep 2018 14:59:35|29|kavitha@forstarfoods.com|DailyCatchEntry_New.php
1 Sep 2018 14:59:36|29|kavitha@forstarfoods.com|DailyCatchEntry_New.php
1 Sep 2018 14:59:37|29|kavitha@forstarfoods.com|DailyCatchEntry_New.php
1 Sep 2018 14:59:39|30|pritirm@forstarfoods.com|DailyCatchEntry_New.php
1 Sep 2018 14:59:40|30|pritirm@forstarfoods.com|DailyCatchEntry_New.php
1 Sep 2018 14:59:41|30|pritirm@forstarfoods.com|DailyCatchEntry_New.php
1 Sep 2018 14:59:43|30|pritirm@forstarfoods.com|DailyCatchEntry_New.php
1 Sep 2018 14:59:44|30|pritirm@forstarfoods.com|DailyCatchEntry_New.php
1 Sep 2018 14:59:45|30|pritirm@forstarfoods.com|DailyCatchEntry_New.php
1 Sep 2018 14:59:46|30|pritirm@forstarfoods.com|DailyCatchEntry_New.php
1 Sep 2018 14:59:47|29|kavitha@forstarfoods.com|DailyCatchEntry_New.php
1 Sep 2018 14:59:47|30|pritirm@forstarfoods.com|DailyCatchEntry_New.php
1 Sep 2018 14:59:49|29|kavitha@forstarfoods.com|DailyCatchEntry_New.php
1 Sep 2018 14:59:50|29|kavitha@forstarfoods.com|CatchEntryDeclaredItem.php
1 Sep 2018 14:59:52|29|kavitha@forstarfoods.com|DailyCatchEntry_New.php
1 Sep 2018 14:59:56|29|kavitha@forstarfoods.com|DailyCatchEntry_New.php
1 Sep 2018 14:59:58|29|kavitha@forstarfoods.com|DailyCatchEntry_New.php
1 Sep 2018 14:59:59|29|kavitha@forstarfoods.com|DailyCatchEntry_New.php
1 Sep 2018 15:00:01|29|kavitha@forstarfoods.com|DailyCatchEntry_New.php
1 Sep 2018 15:00:02|29|kavitha@forstarfoods.com|DailyCatchEntry_New.php
1 Sep 2018 15:00:03|29|kavitha@forstarfoods.com|DailyCatchEntry_New.php
1 Sep 2018 15:00:04|29|kavitha@forstarfoods.com|DailyCatchEntry_New.php
1 Sep 2018 15:00:06|29|kavitha@forstarfoods.com|DailyCatchEntry_New.php
1 Sep 2018 15:00:07|29|kavitha@forstarfoods.com|DailyCatchEntry_New.php
1 Sep 2018 15:00:08|29|kavitha@forstarfoods.com|DailyCatchEntry_New.php
1 Sep 2018 15:00:09|29|kavitha@forstarfoods.com|DailyCatchEntry_New.php
1 Sep 2018 15:00:10|30|pritirm@forstarfoods.com|DailyCatchEntry_New.php
1 Sep 2018 15:00:10|29|kavitha@forstarfoods.com|DailyCatchEntry_New.php
1 Sep 2018 15:00:12|29|kavitha@forstarfoods.com|DailyCatchEntry_New.php
1 Sep 2018 15:00:13|30|pritirm@forstarfoods.com|DailyCatchEntry_New.php
1 Sep 2018 15:00:14|30|pritirm@forstarfoods.com|CatchEntryDeclaredItem.php
1 Sep 2018 15:00:16|29|kavitha@forstarfoods.com|DailyCatchEntry_New.php
1 Sep 2018 15:00:17|30|pritirm@forstarfoods.com|DailyCatchEntry_New.php
1 Sep 2018 15:00:18|30|pritirm@forstarfoods.com|DailyCatchEntry_New.php
1 Sep 2018 15:00:19|29|kavitha@forstarfoods.com|DailyCatchEntry_New.php
1 Sep 2018 15:00:20|29|kavitha@forstarfoods.com|CatchEntryDeclaredItem.php
1 Sep 2018 15:00:22|29|kavitha@forstarfoods.com|DailyCatchEntry_New.php
1 Sep 2018 15:00:26|29|kavitha@forstarfoods.com|DailyCatchEntry_New.php
1 Sep 2018 15:00:26|30|pritirm@forstarfoods.com|DailyCatchEntry_New.php
1 Sep 2018 15:00:27|30|pritirm@forstarfoods.com|DailyCatchEntry_New.php
1 Sep 2018 15:00:28|29|kavitha@forstarfoods.com|DailyCatchEntry_New.php
1 Sep 2018 15:00:29|30|pritirm@forstarfoods.com|DailyCatchEntry_New.php
1 Sep 2018 15:00:29|29|kavitha@forstarfoods.com|DailyCatchEntry_New.php
1 Sep 2018 15:00:30|30|pritirm@forstarfoods.com|DailyCatchEntry_New.php
1 Sep 2018 15:00:31|29|kavitha@forstarfoods.com|DailyCatchEntry_New.php
1 Sep 2018 15:00:31|30|pritirm@forstarfoods.com|CatchEntryDeclaredItem.php
1 Sep 2018 15:00:32|29|kavitha@forstarfoods.com|DailyCatchEntry_New.php
1 Sep 2018 15:00:32|30|pritirm@forstarfoods.com|DailyCatchEntry_New.php
1 Sep 2018 15:00:33|29|kavitha@forstarfoods.com|DailyCatchEntry_New.php
1 Sep 2018 15:00:34|30|pritirm@forstarfoods.com|DailyCatchEntry_New.php
1 Sep 2018 15:00:34|29|kavitha@forstarfoods.com|DailyCatchEntry_New.php
1 Sep 2018 15:00:35|29|kavitha@forstarfoods.com|DailyCatchEntry_New.php
1 Sep 2018 15:00:35|30|pritirm@forstarfoods.com|DailyCatchEntry_New.php
1 Sep 2018 15:00:37|29|kavitha@forstarfoods.com|DailyCatchEntry_New.php
1 Sep 2018 15:00:37|30|pritirm@forstarfoods.com|DailyCatchEntry_New.php
1 Sep 2018 15:00:38|29|kavitha@forstarfoods.com|DailyCatchEntry_New.php
1 Sep 2018 15:00:38|30|pritirm@forstarfoods.com|DailyCatchEntry_New.php
1 Sep 2018 15:00:39|30|pritirm@forstarfoods.com|DailyCatchEntry_New.php
1 Sep 2018 15:00:39|29|kavitha@forstarfoods.com|DailyCatchEntry_New.php
1 Sep 2018 15:00:40|29|kavitha@forstarfoods.com|DailyCatchEntry_New.php
1 Sep 2018 15:00:41|30|pritirm@forstarfoods.com|DailyCatchEntry_New.php
1 Sep 2018 15:00:42|29|kavitha@forstarfoods.com|DailyCatchEntry_New.php
1 Sep 2018 15:00:43|30|pritirm@forstarfoods.com|DailyCatchEntry_New.php
1 Sep 2018 15:00:44|30|pritirm@forstarfoods.com|DailyCatchEntry_New.php
1 Sep 2018 15:00:44|29|kavitha@forstarfoods.com|DailyCatchEntry_New.php
1 Sep 2018 15:00:45|30|pritirm@forstarfoods.com|DailyCatchEntry_New.php
1 Sep 2018 15:00:46|30|pritirm@forstarfoods.com|DailyCatchEntry_New.php
1 Sep 2018 15:00:46|29|kavitha@forstarfoods.com|DailyCatchEntry_New.php
1 Sep 2018 15:00:48|29|kavitha@forstarfoods.com|CatchEntryDeclaredItem.php
1 Sep 2018 15:00:48|30|pritirm@forstarfoods.com|DailyCatchEntry_New.php
1 Sep 2018 15:00:49|30|pritirm@forstarfoods.com|DailyCatchEntry_New.php
1 Sep 2018 15:00:49|29|kavitha@forstarfoods.com|DailyCatchEntry_New.php
1 Sep 2018 15:00:50|30|pritirm@forstarfoods.com|DailyCatchEntry_New.php
1 Sep 2018 15:00:52|30|pritirm@forstarfoods.com|DailyCatchEntry_New.php
1 Sep 2018 15:00:52|29|kavitha@forstarfoods.com|DailyCatchEntry_New.php
1 Sep 2018 15:00:53|30|pritirm@forstarfoods.com|DailyCatchEntry_New.php
1 Sep 2018 15:00:54|30|pritirm@forstarfoods.com|DailyCatchEntry_New.php
1 Sep 2018 15:00:55|29|kavitha@forstarfoods.com|DailyCatchEntry_New.php
1 Sep 2018 15:00:55|30|pritirm@forstarfoods.com|DailyCatchEntry_New.php
1 Sep 2018 15:00:56|29|kavitha@forstarfoods.com|DailyCatchEntry_New.php
1 Sep 2018 15:00:57|30|pritirm@forstarfoods.com|DailyCatchEntry_New.php
1 Sep 2018 15:00:57|29|kavitha@forstarfoods.com|DailyCatchEntry_New.php
1 Sep 2018 15:00:58|30|pritirm@forstarfoods.com|DailyCatchEntry_New.php
1 Sep 2018 15:00:58|29|kavitha@forstarfoods.com|DailyCatchEntry_New.php
1 Sep 2018 15:01:00|29|kavitha@forstarfoods.com|DailyCatchEntry_New.php
1 Sep 2018 15:01:01|29|kavitha@forstarfoods.com|DailyCatchEntry_New.php
1 Sep 2018 15:01:02|29|kavitha@forstarfoods.com|DailyCatchEntry_New.php
1 Sep 2018 15:01:03|29|kavitha@forstarfoods.com|DailyCatchEntry_New.php
1 Sep 2018 15:01:04|29|kavitha@forstarfoods.com|DailyCatchEntry_New.php
1 Sep 2018 15:01:06|29|kavitha@forstarfoods.com|DailyCatchEntry_New.php
1 Sep 2018 15:01:07|29|kavitha@forstarfoods.com|DailyCatchEntry_New.php
1 Sep 2018 15:01:08|29|kavitha@forstarfoods.com|DailyCatchEntry_New.php
1 Sep 2018 15:01:09|30|pritirm@forstarfoods.com|DailyCatchEntry_New.php
1 Sep 2018 15:01:09|29|kavitha@forstarfoods.com|DailyCatchEntry_New.php
1 Sep 2018 15:01:10|30|pritirm@forstarfoods.com|CatchEntryDeclaredItem.php
1 Sep 2018 15:01:12|29|kavitha@forstarfoods.com|DailyCatchEntry_New.php
1 Sep 2018 15:01:13|29|kavitha@forstarfoods.com|CatchEntryDeclaredItem.php
1 Sep 2018 15:01:28|30|pritirm@forstarfoods.com|DailyCatchEntry_New.php
1 Sep 2018 15:01:37|30|pritirm@forstarfoods.com|DailyCatchEntry_New.php
1 Sep 2018 15:01:40|30|pritirm@forstarfoods.com|DailyCatchEntry_New.php
1 Sep 2018 15:01:44|30|pritirm@forstarfoods.com|DailyCatchEntry_New.php
1 Sep 2018 15:01:45|30|pritirm@forstarfoods.com|DailyCatchEntry_New.php
1 Sep 2018 15:01:46|30|pritirm@forstarfoods.com|DailyCatchEntry_New.php
1 Sep 2018 15:01:47|30|pritirm@forstarfoods.com|DailyCatchEntry_New.php
1 Sep 2018 15:01:49|30|pritirm@forstarfoods.com|DailyCatchEntry_New.php
1 Sep 2018 15:01:50|30|pritirm@forstarfoods.com|DailyCatchEntry_New.php
1 Sep 2018 15:01:51|30|pritirm@forstarfoods.com|DailyCatchEntry_New.php
1 Sep 2018 15:01:54|30|pritirm@forstarfoods.com|DailyCatchEntry_New.php
1 Sep 2018 15:01:55|30|pritirm@forstarfoods.com|CatchEntryDeclaredItem.php
1 Sep 2018 15:02:12|29|kavitha@forstarfoods.com|DailyCatchEntry_New.php
1 Sep 2018 15:05:27|30|pritirm@forstarfoods.com|DailyCatchEntry_New.php
1 Sep 2018 15:07:13|29|kavitha@forstarfoods.com|DailyCatchEntry_New.php
1 Sep 2018 15:10:25|29|kavitha@forstarfoods.com|DailyCatchEntry_New.php
1 Sep 2018 15:10:26|29|kavitha@forstarfoods.com|DailyCatchEntry_New.php
1 Sep 2018 15:10:27|29|kavitha@forstarfoods.com|DailyCatchEntry_New.php
1 Sep 2018 15:10:29|30|pritirm@forstarfoods.com|DailyCatchEntry_New.php
1 Sep 2018 15:10:29|29|kavitha@forstarfoods.com|DailyCatchEntry_New.php
1 Sep 2018 15:10:42|29|kavitha@forstarfoods.com|DailyCatchEntry_New.php
1 Sep 2018 15:10:43|29|kavitha@forstarfoods.com|CatchEntryDeclaredItem.php
1 Sep 2018 15:10:56|29|kavitha@forstarfoods.com|DailyCatchEntry_New.php
1 Sep 2018 15:11:06|29|kavitha@forstarfoods.com|DailyCatchEntry_New.php
1 Sep 2018 15:11:09|29|kavitha@forstarfoods.com|DailyCatchEntry_New.php
1 Sep 2018 15:11:11|29|kavitha@forstarfoods.com|DailyCatchEntry_New.php
1 Sep 2018 15:11:12|29|kavitha@forstarfoods.com|DailyCatchEntry_New.php
1 Sep 2018 15:11:13|29|kavitha@forstarfoods.com|DailyCatchEntry_New.php
1 Sep 2018 15:11:14|29|kavitha@forstarfoods.com|DailyCatchEntry_New.php
1 Sep 2018 15:11:16|29|kavitha@forstarfoods.com|DailyCatchEntry_New.php
1 Sep 2018 15:11:17|29|kavitha@forstarfoods.com|DailyCatchEntry_New.php
1 Sep 2018 15:11:18|29|kavitha@forstarfoods.com|DailyCatchEntry_New.php
1 Sep 2018 15:11:19|29|kavitha@forstarfoods.com|DailyCatchEntry_New.php
1 Sep 2018 15:11:21|29|kavitha@forstarfoods.com|DailyCatchEntry_New.php
1 Sep 2018 15:11:22|29|kavitha@forstarfoods.com|DailyCatchEntry_New.php
1 Sep 2018 15:11:23|29|kavitha@forstarfoods.com|DailyCatchEntry_New.php
1 Sep 2018 15:11:24|29|kavitha@forstarfoods.com|DailyCatchEntry_New.php
1 Sep 2018 15:11:41|29|kavitha@forstarfoods.com|DailyCatchEntry_New.php
1 Sep 2018 15:11:44|29|kavitha@forstarfoods.com|DailyCatchEntry_New.php
1 Sep 2018 15:11:45|29|kavitha@forstarfoods.com|CatchEntryDeclaredItem.php
1 Sep 2018 15:11:49|29|kavitha@forstarfoods.com|DailyCatchEntry_New.php
1 Sep 2018 15:11:52|29|kavitha@forstarfoods.com|DailyCatchEntry_New.php
1 Sep 2018 15:11:55|29|kavitha@forstarfoods.com|DailyCatchEntry_New.php
1 Sep 2018 15:11:57|29|kavitha@forstarfoods.com|DailyCatchEntry_New.php
1 Sep 2018 15:11:58|29|kavitha@forstarfoods.com|DailyCatchEntry_New.php
1 Sep 2018 15:11:59|29|kavitha@forstarfoods.com|DailyCatchEntry_New.php
1 Sep 2018 15:12:00|29|kavitha@forstarfoods.com|DailyCatchEntry_New.php
1 Sep 2018 15:12:02|29|kavitha@forstarfoods.com|DailyCatchEntry_New.php
1 Sep 2018 15:12:03|29|kavitha@forstarfoods.com|DailyCatchEntry_New.php
1 Sep 2018 15:12:04|29|kavitha@forstarfoods.com|DailyCatchEntry_New.php
1 Sep 2018 15:12:05|29|kavitha@forstarfoods.com|DailyCatchEntry_New.php
1 Sep 2018 15:12:07|29|kavitha@forstarfoods.com|DailyCatchEntry_New.php
1 Sep 2018 15:12:08|29|kavitha@forstarfoods.com|DailyCatchEntry_New.php
1 Sep 2018 15:12:09|29|kavitha@forstarfoods.com|DailyCatchEntry_New.php
1 Sep 2018 15:12:14|29|kavitha@forstarfoods.com|DailyCatchEntry_New.php
1 Sep 2018 15:12:21|29|kavitha@forstarfoods.com|DailyCatchEntry_New.php
1 Sep 2018 15:12:25|29|kavitha@forstarfoods.com|DailyCatchEntry_New.php
1 Sep 2018 15:12:26|29|kavitha@forstarfoods.com|CatchEntryDeclaredItem.php
1 Sep 2018 15:12:28|29|kavitha@forstarfoods.com|DailyCatchEntry_New.php
1 Sep 2018 15:12:31|29|kavitha@forstarfoods.com|DailyCatchEntry_New.php
1 Sep 2018 15:12:33|29|kavitha@forstarfoods.com|DailyCatchEntry_New.php
1 Sep 2018 15:12:35|29|kavitha@forstarfoods.com|DailyCatchEntry_New.php
1 Sep 2018 15:12:36|29|kavitha@forstarfoods.com|DailyCatchEntry_New.php
1 Sep 2018 15:12:37|29|kavitha@forstarfoods.com|DailyCatchEntry_New.php
1 Sep 2018 15:12:38|29|kavitha@forstarfoods.com|DailyCatchEntry_New.php
1 Sep 2018 15:12:40|29|kavitha@forstarfoods.com|DailyCatchEntry_New.php
1 Sep 2018 15:12:41|29|kavitha@forstarfoods.com|DailyCatchEntry_New.php
1 Sep 2018 15:12:42|29|kavitha@forstarfoods.com|DailyCatchEntry_New.php
1 Sep 2018 15:12:43|29|kavitha@forstarfoods.com|DailyCatchEntry_New.php
1 Sep 2018 15:12:45|29|kavitha@forstarfoods.com|DailyCatchEntry_New.php
1 Sep 2018 15:12:46|29|kavitha@forstarfoods.com|DailyCatchEntry_New.php
1 Sep 2018 15:12:47|29|kavitha@forstarfoods.com|DailyCatchEntry_New.php
1 Sep 2018 15:12:52|29|kavitha@forstarfoods.com|DailyCatchEntry_New.php
1 Sep 2018 15:12:55|29|kavitha@forstarfoods.com|DailyCatchEntry_New.php
1 Sep 2018 15:12:56|29|kavitha@forstarfoods.com|CatchEntryDeclaredItem.php
1 Sep 2018 15:13:00|29|kavitha@forstarfoods.com|DailyCatchEntry_New.php
1 Sep 2018 15:13:03|29|kavitha@forstarfoods.com|DailyCatchEntry_New.php
1 Sep 2018 15:13:08|29|kavitha@forstarfoods.com|DailyCatchEntry_New.php
1 Sep 2018 15:13:10|29|kavitha@forstarfoods.com|DailyCatchEntry_New.php
1 Sep 2018 15:13:11|29|kavitha@forstarfoods.com|DailyCatchEntry_New.php
1 Sep 2018 15:13:12|29|kavitha@forstarfoods.com|DailyCatchEntry_New.php
1 Sep 2018 15:13:13|29|kavitha@forstarfoods.com|DailyCatchEntry_New.php
1 Sep 2018 15:13:15|29|kavitha@forstarfoods.com|DailyCatchEntry_New.php
1 Sep 2018 15:13:16|29|kavitha@forstarfoods.com|DailyCatchEntry_New.php
1 Sep 2018 15:13:17|29|kavitha@forstarfoods.com|DailyCatchEntry_New.php
1 Sep 2018 15:13:18|29|kavitha@forstarfoods.com|DailyCatchEntry_New.php
1 Sep 2018 15:13:19|29|kavitha@forstarfoods.com|DailyCatchEntry_New.php
1 Sep 2018 15:13:21|29|kavitha@forstarfoods.com|DailyCatchEntry_New.php
1 Sep 2018 15:13:22|29|kavitha@forstarfoods.com|DailyCatchEntry_New.php
1 Sep 2018 15:13:51|29|kavitha@forstarfoods.com|DailyCatchEntry_New.php
1 Sep 2018 15:13:53|29|kavitha@forstarfoods.com|DailyCatchEntry_New.php
1 Sep 2018 15:13:55|29|kavitha@forstarfoods.com|CatchEntryDeclaredItem.php
1 Sep 2018 15:13:57|29|kavitha@forstarfoods.com|DailyCatchEntry_New.php
1 Sep 2018 15:14:00|29|kavitha@forstarfoods.com|DailyCatchEntry_New.php
1 Sep 2018 15:14:24|29|kavitha@forstarfoods.com|DailyCatchEntry_New.php
1 Sep 2018 15:14:26|29|kavitha@forstarfoods.com|DailyCatchEntry_New.php
1 Sep 2018 15:14:27|29|kavitha@forstarfoods.com|DailyCatchEntry_New.php
1 Sep 2018 15:14:28|29|kavitha@forstarfoods.com|DailyCatchEntry_New.php
1 Sep 2018 15:14:29|29|kavitha@forstarfoods.com|DailyCatchEntry_New.php
1 Sep 2018 15:14:31|29|kavitha@forstarfoods.com|DailyCatchEntry_New.php
1 Sep 2018 15:14:32|29|kavitha@forstarfoods.com|DailyCatchEntry_New.php
1 Sep 2018 15:14:33|29|kavitha@forstarfoods.com|DailyCatchEntry_New.php
1 Sep 2018 15:14:34|29|kavitha@forstarfoods.com|DailyCatchEntry_New.php
1 Sep 2018 15:14:36|29|kavitha@forstarfoods.com|DailyCatchEntry_New.php
1 Sep 2018 15:14:37|29|kavitha@forstarfoods.com|DailyCatchEntry_New.php
1 Sep 2018 15:14:38|29|kavitha@forstarfoods.com|DailyCatchEntry_New.php
1 Sep 2018 15:14:54|29|kavitha@forstarfoods.com|DailyCatchEntry_New.php
1 Sep 2018 15:14:56|29|kavitha@forstarfoods.com|DailyCatchEntry_New.php
1 Sep 2018 15:14:58|29|kavitha@forstarfoods.com|CatchEntryDeclaredItem.php
1 Sep 2018 15:15:06|29|kavitha@forstarfoods.com|DailyCatchEntry_New.php
1 Sep 2018 15:15:08|29|kavitha@forstarfoods.com|DailyCatchEntry_New.php
1 Sep 2018 15:15:09|29|kavitha@forstarfoods.com|DailyCatchEntry_New.php
1 Sep 2018 15:15:10|29|kavitha@forstarfoods.com|DailyCatchEntry_New.php
1 Sep 2018 15:15:17|29|kavitha@forstarfoods.com|DailyCatchEntry_New.php
1 Sep 2018 15:15:18|29|kavitha@forstarfoods.com|CatchEntryDeclaredItem.php
1 Sep 2018 15:15:30|29|kavitha@forstarfoods.com|DailyCatchEntry_New.php
1 Sep 2018 15:15:31|30|pritirm@forstarfoods.com|DailyCatchEntry_New.php
1 Sep 2018 15:15:42|29|kavitha@forstarfoods.com|DailyCatchEntry_New.php
1 Sep 2018 15:15:45|29|kavitha@forstarfoods.com|DailyCatchEntry_New.php
1 Sep 2018 15:15:51|29|kavitha@forstarfoods.com|DailyCatchEntry_New.php
1 Sep 2018 15:15:52|29|kavitha@forstarfoods.com|DailyCatchEntry_New.php
1 Sep 2018 15:15:53|29|kavitha@forstarfoods.com|DailyCatchEntry_New.php
1 Sep 2018 15:15:54|29|kavitha@forstarfoods.com|DailyCatchEntry_New.php
1 Sep 2018 15:15:55|29|kavitha@forstarfoods.com|DailyCatchEntry_New.php
1 Sep 2018 15:15:57|29|kavitha@forstarfoods.com|DailyCatchEntry_New.php
1 Sep 2018 15:15:58|29|kavitha@forstarfoods.com|DailyCatchEntry_New.php
1 Sep 2018 15:15:59|29|kavitha@forstarfoods.com|DailyCatchEntry_New.php
1 Sep 2018 15:16:00|29|kavitha@forstarfoods.com|DailyCatchEntry_New.php
1 Sep 2018 15:16:02|29|kavitha@forstarfoods.com|DailyCatchEntry_New.php
1 Sep 2018 15:16:03|29|kavitha@forstarfoods.com|DailyCatchEntry_New.php
1 Sep 2018 15:16:04|29|kavitha@forstarfoods.com|DailyCatchEntry_New.php
1 Sep 2018 15:16:05|29|kavitha@forstarfoods.com|DailyCatchEntry_New.php
1 Sep 2018 15:16:07|29|kavitha@forstarfoods.com|DailyCatchEntry_New.php
1 Sep 2018 15:16:08|29|kavitha@forstarfoods.com|DailyCatchEntry_New.php
1 Sep 2018 15:16:09|29|kavitha@forstarfoods.com|DailyCatchEntry_New.php
1 Sep 2018 15:16:48|29|kavitha@forstarfoods.com|DailyCatchEntry_New.php
1 Sep 2018 15:16:51|29|kavitha@forstarfoods.com|DailyCatchEntry_New.php
1 Sep 2018 15:16:52|29|kavitha@forstarfoods.com|CatchEntryDeclaredItem.php
1 Sep 2018 15:16:58|29|kavitha@forstarfoods.com|DailyCatchEntry_New.php
1 Sep 2018 15:17:01|29|kavitha@forstarfoods.com|DailyCatchEntry_New.php
1 Sep 2018 15:17:04|29|kavitha@forstarfoods.com|DailyCatchEntry_New.php
1 Sep 2018 15:17:06|29|kavitha@forstarfoods.com|DailyCatchEntry_New.php
1 Sep 2018 15:17:07|29|kavitha@forstarfoods.com|DailyCatchEntry_New.php
1 Sep 2018 15:17:08|29|kavitha@forstarfoods.com|DailyCatchEntry_New.php
1 Sep 2018 15:17:09|29|kavitha@forstarfoods.com|DailyCatchEntry_New.php
1 Sep 2018 15:17:11|29|kavitha@forstarfoods.com|DailyCatchEntry_New.php
1 Sep 2018 15:17:12|29|kavitha@forstarfoods.com|DailyCatchEntry_New.php
1 Sep 2018 15:17:13|29|kavitha@forstarfoods.com|DailyCatchEntry_New.php
1 Sep 2018 15:17:14|29|kavitha@forstarfoods.com|DailyCatchEntry_New.php
1 Sep 2018 15:17:16|29|kavitha@forstarfoods.com|DailyCatchEntry_New.php
1 Sep 2018 15:17:17|29|kavitha@forstarfoods.com|DailyCatchEntry_New.php
1 Sep 2018 15:17:18|29|kavitha@forstarfoods.com|DailyCatchEntry_New.php
1 Sep 2018 15:17:19|29|kavitha@forstarfoods.com|DailyCatchEntry_New.php
1 Sep 2018 15:17:20|29|kavitha@forstarfoods.com|DailyCatchEntry_New.php
1 Sep 2018 15:17:22|29|kavitha@forstarfoods.com|DailyCatchEntry_New.php
1 Sep 2018 15:17:23|29|kavitha@forstarfoods.com|DailyCatchEntry_New.php
1 Sep 2018 15:17:24|29|kavitha@forstarfoods.com|DailyCatchEntry_New.php
1 Sep 2018 15:17:37|29|kavitha@forstarfoods.com|DailyCatchEntry_New.php
1 Sep 2018 15:17:40|29|kavitha@forstarfoods.com|DailyCatchEntry_New.php
1 Sep 2018 15:17:41|29|kavitha@forstarfoods.com|CatchEntryDeclaredItem.php
1 Sep 2018 15:17:52|29|kavitha@forstarfoods.com|DailyCatchReport.php
1 Sep 2018 15:18:15|29|kavitha@forstarfoods.com|DailyCatchReport.php
1 Sep 2018 15:18:17|29|kavitha@forstarfoods.com|DailyCatchReport.php
1 Sep 2018 15:18:24|29|kavitha@forstarfoods.com|DailyCatchReport.php
1 Sep 2018 15:18:26|29|kavitha@forstarfoods.com|DailyCatchReport.php
1 Sep 2018 15:18:27|29|kavitha@forstarfoods.com|DailyCatchReport.php
1 Sep 2018 15:18:42|29|kavitha@forstarfoods.com|DailyCatchReport.php
1 Sep 2018 15:19:04|29|kavitha@forstarfoods.com|DailyCatchReport.php
1 Sep 2018 15:19:05|29|kavitha@forstarfoods.com|DailyCatchReport.php
1 Sep 2018 15:19:10|29|kavitha@forstarfoods.com|DailyCatchReport.php
1 Sep 2018 15:19:32|29|kavitha@forstarfoods.com|DailyCatchReport.php
1 Sep 2018 15:19:34|29|kavitha@forstarfoods.com|DailyCatchReport.php
1 Sep 2018 15:20:10|29|kavitha@forstarfoods.com|DailyCatchReport.php
1 Sep 2018 15:20:32|29|kavitha@forstarfoods.com|DailyCatchReport.php
1 Sep 2018 15:20:33|30|pritirm@forstarfoods.com|DailyCatchEntry_New.php
1 Sep 2018 15:20:34|29|kavitha@forstarfoods.com|DailyCatchReport.php
1 Sep 2018 15:20:45|29|kavitha@forstarfoods.com|DailyCatchReport.php
1 Sep 2018 15:21:08|29|kavitha@forstarfoods.com|DailyCatchReport.php
1 Sep 2018 15:21:09|29|kavitha@forstarfoods.com|DailyCatchReport.php
1 Sep 2018 15:23:53|29|kavitha@forstarfoods.com|DailyCatchReport.php
1 Sep 2018 15:23:56|29|kavitha@forstarfoods.com|DailyCatchReport.php
1 Sep 2018 15:24:19|29|kavitha@forstarfoods.com|DailyCatchReport.php
1 Sep 2018 15:24:20|29|kavitha@forstarfoods.com|DailyCatchReport.php
1 Sep 2018 15:24:24|29|kavitha@forstarfoods.com|DailyCatchReport.php
1 Sep 2018 15:24:26|29|kavitha@forstarfoods.com|DailyCatchReport.php
1 Sep 2018 15:24:27|29|kavitha@forstarfoods.com|DailyCatchReport.php
1 Sep 2018 15:24:33|29|kavitha@forstarfoods.com|DailyCatchReport.php
1 Sep 2018 15:24:56|29|kavitha@forstarfoods.com|DailyCatchReport.php
1 Sep 2018 15:24:57|29|kavitha@forstarfoods.com|DailyCatchReport.php
1 Sep 2018 15:25:34|30|pritirm@forstarfoods.com|DailyCatchEntry_New.php
1 Sep 2018 15:26:54|29|kavitha@forstarfoods.com|DailyCatchReport.php
1 Sep 2018 15:27:17|29|kavitha@forstarfoods.com|DailyCatchReport.php
1 Sep 2018 15:27:18|29|kavitha@forstarfoods.com|DailyCatchReport.php
1 Sep 2018 15:27:28|29|kavitha@forstarfoods.com|DailyCatchReport.php
1 Sep 2018 15:27:30|29|kavitha@forstarfoods.com|DailyCatchReport.php
1 Sep 2018 15:27:52|29|kavitha@forstarfoods.com|DailyCatchReport.php
1 Sep 2018 15:27:53|29|kavitha@forstarfoods.com|DailyCatchReport.php
1 Sep 2018 15:28:16|29|kavitha@forstarfoods.com|DailyCatchReport.php
1 Sep 2018 15:28:38|29|kavitha@forstarfoods.com|DailyCatchReport.php
1 Sep 2018 15:28:40|29|kavitha@forstarfoods.com|DailyCatchReport.php
1 Sep 2018 15:28:48|29|kavitha@forstarfoods.com|DailyCatchReport.php
1 Sep 2018 15:29:10|29|kavitha@forstarfoods.com|DailyCatchReport.php
1 Sep 2018 15:29:12|29|kavitha@forstarfoods.com|DailyCatchReport.php
1 Sep 2018 15:29:15|29|kavitha@forstarfoods.com|DailyCatchReport.php
1 Sep 2018 15:29:37|29|kavitha@forstarfoods.com|DailyCatchReport.php
1 Sep 2018 15:29:39|29|kavitha@forstarfoods.com|DailyCatchReport.php
1 Sep 2018 15:30:35|30|pritirm@forstarfoods.com|DailyCatchEntry_New.php
1 Sep 2018 15:33:41|29|kavitha@forstarfoods.com|SupplierAccount.php
1 Sep 2018 15:34:04|29|kavitha@forstarfoods.com|SupplierAccount.php
1 Sep 2018 15:35:36|30|pritirm@forstarfoods.com|DailyCatchEntry_New.php
1 Sep 2018 15:36:32|29|kavitha@forstarfoods.com|SupplierAccount.php
1 Sep 2018 15:36:54|29|kavitha@forstarfoods.com|SupplierAccount.php
1 Sep 2018 15:37:17|29|kavitha@forstarfoods.com|SupplierAccount.php
1 Sep 2018 15:37:39|29|kavitha@forstarfoods.com|SupplierAccount.php
1 Sep 2018 15:38:02|29|kavitha@forstarfoods.com|SupplierAccount.php
1 Sep 2018 15:39:39|29|kavitha@forstarfoods.com|SupplierAccount.php
1 Sep 2018 15:40:01|29|kavitha@forstarfoods.com|SupplierAccount.php
1 Sep 2018 15:40:24|29|kavitha@forstarfoods.com|SupplierAccount.php
1 Sep 2018 15:40:24|30|pritirm@forstarfoods.com|DailyCatchEntry_New.php
1 Sep 2018 15:40:25|30|pritirm@forstarfoods.com|DailyCatchEntry_New.php
1 Sep 2018 15:40:26|30|pritirm@forstarfoods.com|DailyCatchEntry_New.php
1 Sep 2018 15:40:46|30|pritirm@forstarfoods.com|DailyCatchEntry_New.php
1 Sep 2018 15:40:48|30|pritirm@forstarfoods.com|DailyCatchEntry_New.php
1 Sep 2018 15:40:55|30|pritirm@forstarfoods.com|DailyCatchEntry_New.php
1 Sep 2018 15:40:56|30|pritirm@forstarfoods.com|CatchEntryDeclaredItem.php
1 Sep 2018 15:41:06|30|pritirm@forstarfoods.com|DailyCatchEntry_New.php
1 Sep 2018 15:41:13|30|pritirm@forstarfoods.com|DailyCatchEntry_New.php
1 Sep 2018 15:41:16|30|pritirm@forstarfoods.com|DailyCatchEntry_New.php
1 Sep 2018 15:41:19|30|pritirm@forstarfoods.com|DailyCatchEntry_New.php
1 Sep 2018 15:41:21|30|pritirm@forstarfoods.com|DailyCatchEntry_New.php
1 Sep 2018 15:41:22|30|pritirm@forstarfoods.com|DailyCatchEntry_New.php
1 Sep 2018 15:41:23|30|pritirm@forstarfoods.com|DailyCatchEntry_New.php
1 Sep 2018 15:41:24|30|pritirm@forstarfoods.com|DailyCatchEntry_New.php
1 Sep 2018 15:41:26|30|pritirm@forstarfoods.com|DailyCatchEntry_New.php
1 Sep 2018 15:41:28|30|pritirm@forstarfoods.com|DailyCatchEntry_New.php
1 Sep 2018 15:41:30|30|pritirm@forstarfoods.com|DailyCatchEntry_New.php
1 Sep 2018 15:41:32|30|pritirm@forstarfoods.com|CatchEntryDeclaredItem.php
1 Sep 2018 15:41:37|29|kavitha@forstarfoods.com|SupplierAccount.php
1 Sep 2018 15:41:59|29|kavitha@forstarfoods.com|SupplierAccount.php
1 Sep 2018 15:41:59|30|pritirm@forstarfoods.com|DailyCatchEntry_New.php
1 Sep 2018 15:42:00|30|pritirm@forstarfoods.com|DailyCatchEntry_New.php
1 Sep 2018 15:42:02|30|pritirm@forstarfoods.com|DailyCatchEntry_New.php
1 Sep 2018 15:42:08|30|pritirm@forstarfoods.com|DailyCatchEntry_New.php
1 Sep 2018 15:42:11|30|pritirm@forstarfoods.com|DailyCatchEntry_New.php
1 Sep 2018 15:42:13|30|pritirm@forstarfoods.com|CatchEntryDeclaredItem.php
1 Sep 2018 15:42:22|30|pritirm@forstarfoods.com|DailyCatchEntry_New.php
1 Sep 2018 15:42:22|29|kavitha@forstarfoods.com|SupplierAccount.php
1 Sep 2018 15:42:23|30|pritirm@forstarfoods.com|DailyCatchEntry_New.php
1 Sep 2018 15:42:24|30|pritirm@forstarfoods.com|DailyCatchEntry_New.php
1 Sep 2018 15:42:25|30|pritirm@forstarfoods.com|DailyCatchEntry_New.php
1 Sep 2018 15:42:27|30|pritirm@forstarfoods.com|DailyCatchEntry_New.php
1 Sep 2018 15:42:28|30|pritirm@forstarfoods.com|DailyCatchEntry_New.php
1 Sep 2018 15:42:55|29|kavitha@forstarfoods.com|SupplierAccount.php
1 Sep 2018 15:43:18|29|kavitha@forstarfoods.com|PurchaseReport.php
1 Sep 2018 15:43:40|29|kavitha@forstarfoods.com|PurchaseReport.php
1 Sep 2018 15:44:05|29|kavitha@forstarfoods.com|PurchaseReport.php
1 Sep 2018 15:44:05|30|pritirm@forstarfoods.com|DailyCatchEntry_New.php
1 Sep 2018 15:44:07|30|pritirm@forstarfoods.com|DailyCatchEntry_New.php
1 Sep 2018 15:44:09|29|kavitha@forstarfoods.com|PrintPurchaseSettlementMemo.php
1 Sep 2018 15:44:10|30|pritirm@forstarfoods.com|DailyCatchEntry_New.php
1 Sep 2018 15:44:16|30|pritirm@forstarfoods.com|DailyCatchEntry_New.php
1 Sep 2018 15:44:18|30|pritirm@forstarfoods.com|DailyCatchEntry_New.php
1 Sep 2018 15:44:30|30|pritirm@forstarfoods.com|DailyCatchEntry_New.php
1 Sep 2018 15:44:31|29|kavitha@forstarfoods.com|PurchaseReport.php
1 Sep 2018 15:44:32|30|pritirm@forstarfoods.com|DailyCatchEntry_New.php
1 Sep 2018 15:44:33|30|pritirm@forstarfoods.com|DailyCatchEntry_New.php
1 Sep 2018 15:44:34|30|pritirm@forstarfoods.com|DailyCatchEntry_New.php
1 Sep 2018 15:44:35|30|pritirm@forstarfoods.com|DailyCatchEntry_New.php
1 Sep 2018 15:44:38|30|pritirm@forstarfoods.com|DailyCatchEntry_New.php
1 Sep 2018 15:44:39|30|pritirm@forstarfoods.com|CatchEntryDeclaredItem.php
1 Sep 2018 15:44:48|29|kavitha@forstarfoods.com|PrintPurchaseSettlementMemo.php
1 Sep 2018 15:44:54|30|pritirm@forstarfoods.com|DailyCatchEntry_New.php
1 Sep 2018 15:44:55|30|pritirm@forstarfoods.com|DailyCatchEntry_New.php
1 Sep 2018 15:44:56|30|pritirm@forstarfoods.com|DailyCatchEntry_New.php
1 Sep 2018 15:44:59|20|shiji@forstarfoods.com|DailyCatchReport.php
1 Sep 2018 15:44:59|30|pritirm@forstarfoods.com|DailyCatchEntry_New.php
1 Sep 2018 15:45:04|30|pritirm@forstarfoods.com|DailyCatchEntry_New.php
1 Sep 2018 15:45:05|30|pritirm@forstarfoods.com|CatchEntryDeclaredItem.php
1 Sep 2018 15:45:06|29|kavitha@forstarfoods.com|PurchaseReport.php
1 Sep 2018 15:45:11|29|kavitha@forstarfoods.com|PurchaseReport.php
1 Sep 2018 15:45:13|20|shiji@forstarfoods.com|DailyCatchReport.php
1 Sep 2018 15:45:13|30|pritirm@forstarfoods.com|DailyCatchEntry_New.php
1 Sep 2018 15:45:14|30|pritirm@forstarfoods.com|DailyCatchEntry_New.php
1 Sep 2018 15:45:15|30|pritirm@forstarfoods.com|DailyCatchEntry_New.php
1 Sep 2018 15:45:17|30|pritirm@forstarfoods.com|DailyCatchEntry_New.php
1 Sep 2018 15:45:18|30|pritirm@forstarfoods.com|DailyCatchEntry_New.php
1 Sep 2018 15:45:19|30|pritirm@forstarfoods.com|DailyCatchEntry_New.php
1 Sep 2018 15:45:19|29|kavitha@forstarfoods.com|PrintPurchaseSettlementMemo.php
1 Sep 2018 15:45:27|20|shiji@forstarfoods.com|DailyCatchReport.php
1 Sep 2018 15:45:29|20|shiji@forstarfoods.com|DailyCatchReport.php
1 Sep 2018 15:45:30|30|pritirm@forstarfoods.com|DailyCatchEntry_New.php
1 Sep 2018 15:45:31|20|shiji@forstarfoods.com|DailyCatchReport.php
1 Sep 2018 15:45:32|20|shiji@forstarfoods.com|DailyCatchReport.php
1 Sep 2018 15:45:37|30|pritirm@forstarfoods.com|DailyCatchEntry_New.php
1 Sep 2018 15:45:39|30|pritirm@forstarfoods.com|DailyCatchEntry_New.php
1 Sep 2018 15:45:42|30|pritirm@forstarfoods.com|DailyCatchEntry_New.php
1 Sep 2018 15:45:43|30|pritirm@forstarfoods.com|DailyCatchEntry_New.php
1 Sep 2018 15:45:44|30|pritirm@forstarfoods.com|DailyCatchEntry_New.php
1 Sep 2018 15:45:46|30|pritirm@forstarfoods.com|DailyCatchEntry_New.php
1 Sep 2018 15:45:47|30|pritirm@forstarfoods.com|DailyCatchEntry_New.php
1 Sep 2018 15:45:48|20|shiji@forstarfoods.com|PrintDailyCatchReportMemo.php
1 Sep 2018 15:45:48|30|pritirm@forstarfoods.com|DailyCatchEntry_New.php
1 Sep 2018 15:45:49|30|pritirm@forstarfoods.com|DailyCatchEntry_New.php
1 Sep 2018 15:45:54|30|pritirm@forstarfoods.com|DailyCatchEntry_New.php
1 Sep 2018 15:45:57|30|pritirm@forstarfoods.com|DailyCatchEntry_New.php
1 Sep 2018 15:46:02|30|pritirm@forstarfoods.com|CatchEntryDeclaredItem.php
1 Sep 2018 15:46:17|30|pritirm@forstarfoods.com|DailyCatchEntry_New.php
1 Sep 2018 15:46:18|30|pritirm@forstarfoods.com|DailyCatchEntry_New.php
1 Sep 2018 15:46:19|30|pritirm@forstarfoods.com|DailyCatchEntry_New.php
1 Sep 2018 15:46:24|30|pritirm@forstarfoods.com|DailyCatchEntry_New.php
1 Sep 2018 15:46:27|30|pritirm@forstarfoods.com|DailyCatchEntry_New.php
1 Sep 2018 15:46:28|30|pritirm@forstarfoods.com|CatchEntryDeclaredItem.php
1 Sep 2018 15:46:37|30|pritirm@forstarfoods.com|DailyCatchEntry_New.php
1 Sep 2018 15:46:39|30|pritirm@forstarfoods.com|DailyCatchEntry_New.php
1 Sep 2018 15:46:40|30|pritirm@forstarfoods.com|DailyCatchEntry_New.php
1 Sep 2018 15:46:41|30|pritirm@forstarfoods.com|DailyCatchEntry_New.php
1 Sep 2018 15:46:42|30|pritirm@forstarfoods.com|DailyCatchEntry_New.php
1 Sep 2018 15:46:43|30|pritirm@forstarfoods.com|DailyCatchEntry_New.php
1 Sep 2018 15:46:50|30|pritirm@forstarfoods.com|DailyCatchEntry_New.php
1 Sep 2018 15:46:52|30|pritirm@forstarfoods.com|DailyCatchEntry_New.php
1 Sep 2018 15:46:54|30|pritirm@forstarfoods.com|DailyCatchEntry_New.php
1 Sep 2018 15:46:56|30|pritirm@forstarfoods.com|DailyCatchEntry_New.php
1 Sep 2018 15:46:57|30|pritirm@forstarfoods.com|DailyCatchEntry_New.php
1 Sep 2018 15:46:59|30|pritirm@forstarfoods.com|DailyCatchEntry_New.php
1 Sep 2018 15:47:00|30|pritirm@forstarfoods.com|DailyCatchEntry_New.php
1 Sep 2018 15:47:01|30|pritirm@forstarfoods.com|DailyCatchEntry_New.php
1 Sep 2018 15:47:02|30|pritirm@forstarfoods.com|DailyCatchEntry_New.php
1 Sep 2018 15:47:04|30|pritirm@forstarfoods.com|DailyCatchEntry_New.php
1 Sep 2018 15:47:07|30|pritirm@forstarfoods.com|DailyCatchEntry_New.php
1 Sep 2018 15:47:09|30|pritirm@forstarfoods.com|CatchEntryDeclaredItem.php
1 Sep 2018 15:47:10|20|shiji@forstarfoods.com|PrintDailyCatchReportMemo.php
1 Sep 2018 15:47:18|30|pritirm@forstarfoods.com|DailyCatchEntry_New.php
1 Sep 2018 15:47:20|30|pritirm@forstarfoods.com|DailyCatchEntry_New.php
1 Sep 2018 15:47:21|30|pritirm@forstarfoods.com|DailyCatchEntry_New.php
1 Sep 2018 15:47:29|30|pritirm@forstarfoods.com|DailyCatchEntry_New.php
1 Sep 2018 15:47:36|30|pritirm@forstarfoods.com|DailyCatchEntry_New.php
1 Sep 2018 15:47:37|30|pritirm@forstarfoods.com|CatchEntryDeclaredItem.php
1 Sep 2018 15:47:45|30|pritirm@forstarfoods.com|DailyCatchEntry_New.php
1 Sep 2018 15:47:46|30|pritirm@forstarfoods.com|DailyCatchEntry_New.php
1 Sep 2018 15:47:47|30|pritirm@forstarfoods.com|DailyCatchEntry_New.php
1 Sep 2018 15:47:48|30|pritirm@forstarfoods.com|DailyCatchEntry_New.php
1 Sep 2018 15:47:50|30|pritirm@forstarfoods.com|DailyCatchEntry_New.php
1 Sep 2018 15:47:51|30|pritirm@forstarfoods.com|DailyCatchEntry_New.php
1 Sep 2018 15:47:52|30|pritirm@forstarfoods.com|DailyCatchEntry_New.php
1 Sep 2018 15:47:54|20|shiji@forstarfoods.com|DailyCatchReport.php
1 Sep 2018 15:47:54|30|pritirm@forstarfoods.com|DailyCatchEntry_New.php
1 Sep 2018 15:47:56|20|shiji@forstarfoods.com|DailyCatchReport.php
1 Sep 2018 15:47:57|30|pritirm@forstarfoods.com|DailyCatchEntry_New.php
1 Sep 2018 15:47:57|20|shiji@forstarfoods.com|DailyCatchReport.php
1 Sep 2018 15:47:58|30|pritirm@forstarfoods.com|DailyCatchEntry_New.php
1 Sep 2018 15:47:59|30|pritirm@forstarfoods.com|DailyCatchEntry_New.php
1 Sep 2018 15:48:01|30|pritirm@forstarfoods.com|DailyCatchEntry_New.php
1 Sep 2018 15:48:02|30|pritirm@forstarfoods.com|DailyCatchEntry_New.php
1 Sep 2018 15:48:03|30|pritirm@forstarfoods.com|DailyCatchEntry_New.php
1 Sep 2018 15:48:05|30|pritirm@forstarfoods.com|DailyCatchEntry_New.php
1 Sep 2018 15:48:07|20|shiji@forstarfoods.com|DailyCatchReport.php
1 Sep 2018 15:48:08|20|shiji@forstarfoods.com|DailyCatchReport.php
1 Sep 2018 15:48:09|30|pritirm@forstarfoods.com|DailyCatchEntry_New.php
1 Sep 2018 15:48:10|20|shiji@forstarfoods.com|DailyCatchReport.php
1 Sep 2018 15:48:11|20|shiji@forstarfoods.com|DailyCatchReport.php
1 Sep 2018 15:48:12|30|pritirm@forstarfoods.com|DailyCatchEntry_New.php
1 Sep 2018 15:48:14|20|shiji@forstarfoods.com|DailyCatchReport.php
1 Sep 2018 15:48:15|30|pritirm@forstarfoods.com|CatchEntryDeclaredItem.php
1 Sep 2018 15:48:16|20|shiji@forstarfoods.com|DailyCatchReport.php
1 Sep 2018 15:48:17|20|shiji@forstarfoods.com|DailyCatchReport.php
1 Sep 2018 15:48:18|20|shiji@forstarfoods.com|PrintDailyCatchReportMemo.php
1 Sep 2018 15:48:26|30|pritirm@forstarfoods.com|DailyCatchEntry_New.php
1 Sep 2018 15:48:27|30|pritirm@forstarfoods.com|DailyCatchEntry_New.php
1 Sep 2018 15:48:28|30|pritirm@forstarfoods.com|DailyCatchEntry_New.php
1 Sep 2018 15:48:45|30|pritirm@forstarfoods.com|DailyCatchEntry_New.php
1 Sep 2018 15:48:48|30|pritirm@forstarfoods.com|DailyCatchEntry_New.php
1 Sep 2018 15:48:50|30|pritirm@forstarfoods.com|CatchEntryDeclaredItem.php
1 Sep 2018 15:48:52|20|shiji@forstarfoods.com|PrintDailyCatchReportMemo.php
1 Sep 2018 15:48:58|30|pritirm@forstarfoods.com|DailyCatchEntry_New.php
1 Sep 2018 15:48:59|30|pritirm@forstarfoods.com|DailyCatchEntry_New.php
1 Sep 2018 15:49:01|30|pritirm@forstarfoods.com|DailyCatchEntry_New.php
1 Sep 2018 15:49:02|30|pritirm@forstarfoods.com|DailyCatchEntry_New.php
1 Sep 2018 15:49:03|30|pritirm@forstarfoods.com|DailyCatchEntry_New.php
1 Sep 2018 15:49:04|30|pritirm@forstarfoods.com|DailyCatchEntry_New.php
1 Sep 2018 15:49:08|30|pritirm@forstarfoods.com|DailyCatchEntry_New.php
1 Sep 2018 15:49:09|30|pritirm@forstarfoods.com|DailyCatchEntry_New.php
1 Sep 2018 15:49:12|30|pritirm@forstarfoods.com|DailyCatchEntry_New.php
1 Sep 2018 15:49:15|30|pritirm@forstarfoods.com|DailyCatchEntry_New.php
1 Sep 2018 15:49:16|30|pritirm@forstarfoods.com|DailyCatchEntry_New.php
1 Sep 2018 15:49:17|30|pritirm@forstarfoods.com|DailyCatchEntry_New.php
1 Sep 2018 15:49:18|30|pritirm@forstarfoods.com|DailyCatchEntry_New.php
1 Sep 2018 15:49:19|30|pritirm@forstarfoods.com|DailyCatchEntry_New.php
1 Sep 2018 15:49:21|30|pritirm@forstarfoods.com|DailyCatchEntry_New.php
1 Sep 2018 15:49:22|30|pritirm@forstarfoods.com|DailyCatchEntry_New.php
1 Sep 2018 15:49:24|30|pritirm@forstarfoods.com|DailyCatchEntry_New.php
1 Sep 2018 15:49:26|30|pritirm@forstarfoods.com|CatchEntryDeclaredItem.php
1 Sep 2018 15:49:31|30|pritirm@forstarfoods.com|DailyCatchEntry_New.php
1 Sep 2018 15:49:32|30|pritirm@forstarfoods.com|DailyCatchEntry_New.php
1 Sep 2018 15:49:33|30|pritirm@forstarfoods.com|DailyCatchEntry_New.php
1 Sep 2018 15:49:38|30|pritirm@forstarfoods.com|DailyCatchEntry_New.php
1 Sep 2018 15:49:40|20|shiji@forstarfoods.com|DailyCatchReport.php
1 Sep 2018 15:49:41|20|shiji@forstarfoods.com|DailyCatchReport.php
1 Sep 2018 15:49:43|20|shiji@forstarfoods.com|DailyCatchReport.php
1 Sep 2018 15:49:48|30|pritirm@forstarfoods.com|DailyCatchEntry_New.php
1 Sep 2018 15:49:49|30|pritirm@forstarfoods.com|CatchEntryDeclaredItem.php
1 Sep 2018 15:49:51|20|shiji@forstarfoods.com|DailyCatchReport.php
1 Sep 2018 15:49:53|20|shiji@forstarfoods.com|DailyCatchReport.php
1 Sep 2018 15:49:54|20|shiji@forstarfoods.com|DailyCatchReport.php
1 Sep 2018 15:49:56|20|shiji@forstarfoods.com|DailyCatchReport.php
1 Sep 2018 15:49:56|30|pritirm@forstarfoods.com|DailyCatchEntry_New.php
1 Sep 2018 15:49:57|30|pritirm@forstarfoods.com|DailyCatchEntry_New.php
1 Sep 2018 15:49:59|30|pritirm@forstarfoods.com|DailyCatchEntry_New.php
1 Sep 2018 15:50:00|30|pritirm@forstarfoods.com|DailyCatchEntry_New.php
1 Sep 2018 15:50:00|20|shiji@forstarfoods.com|DailyCatchReport.php