
15 Sep 2018 17:30:34|28|pratiksha@forstarfoods.com|ManageGatePass.php
15 Sep 2018 17:30:43|20|shiji@forstarfoods.com|SettlementSummary.php
15 Sep 2018 17:30:46|20|shiji@forstarfoods.com|SupplierPayments.php
15 Sep 2018 17:30:47|20|shiji@forstarfoods.com|SupplierPayments.php
15 Sep 2018 17:30:48|20|shiji@forstarfoods.com|SupplierPayments.php
15 Sep 2018 17:31:36|28|pratiksha@forstarfoods.com|ManageGatePass.php
15 Sep 2018 17:32:37|28|pratiksha@forstarfoods.com|ManageGatePass.php
15 Sep 2018 17:33:38|28|pratiksha@forstarfoods.com|ManageGatePass.php
15 Sep 2018 17:34:16|24|shashikala@forstarfoods.com|Home.php
15 Sep 2018 17:34:40|28|pratiksha@forstarfoods.com|ManageGatePass.php
15 Sep 2018 17:35:42|28|pratiksha@forstarfoods.com|ManageGatePass.php
15 Sep 2018 17:36:48|28|pratiksha@forstarfoods.com|ManageGatePass.php
15 Sep 2018 17:37:54|28|pratiksha@forstarfoods.com|ManageGatePass.php
15 Sep 2018 17:39:02|28|pratiksha@forstarfoods.com|ManageGatePass.php
15 Sep 2018 17:40:12|28|pratiksha@forstarfoods.com|ManageGatePass.php
15 Sep 2018 17:41:22|28|pratiksha@forstarfoods.com|ManageGatePass.php
15 Sep 2018 17:41:30|28|pratiksha@forstarfoods.com|ManageGatePass.php
15 Sep 2018 17:41:36|28|pratiksha@forstarfoods.com|ManageGatePass.php
15 Sep 2018 17:41:38|28|pratiksha@forstarfoods.com|ManageGatePass.php
15 Sep 2018 17:41:54|28|pratiksha@forstarfoods.com|ManageGatePass.php
15 Sep 2018 17:41:56|28|pratiksha@forstarfoods.com|ManageGatePass.php
15 Sep 2018 17:41:59|28|pratiksha@forstarfoods.com|ManageGatePass.php
15 Sep 2018 17:42:03|28|pratiksha@forstarfoods.com|ManageGatePass.php
15 Sep 2018 17:42:05|28|pratiksha@forstarfoods.com|ManageGatePass.php
15 Sep 2018 17:42:08|28|pratiksha@forstarfoods.com|PrintGatePass.php
15 Sep 2018 17:43:06|28|pratiksha@forstarfoods.com|ManageGatePass.php
15 Sep 2018 17:44:07|28|pratiksha@forstarfoods.com|ManageGatePass.php
15 Sep 2018 17:45:09|28|pratiksha@forstarfoods.com|ManageGatePass.php
15 Sep 2018 17:46:10|28|pratiksha@forstarfoods.com|ManageGatePass.php
15 Sep 2018 17:47:12|28|pratiksha@forstarfoods.com|ManageGatePass.php
15 Sep 2018 17:48:13|28|pratiksha@forstarfoods.com|ManageGatePass.php
15 Sep 2018 17:49:14|28|pratiksha@forstarfoods.com|ManageGatePass.php
15 Sep 2018 17:50:15|28|pratiksha@forstarfoods.com|ManageGatePass.php
15 Sep 2018 17:51:17|28|pratiksha@forstarfoods.com|ManageGatePass.php
15 Sep 2018 17:52:19|28|pratiksha@forstarfoods.com|ManageGatePass.php
15 Sep 2018 17:53:28|28|pratiksha@forstarfoods.com|ManageGatePass.php
15 Sep 2018 17:54:38|28|pratiksha@forstarfoods.com|ManageGatePass.php
15 Sep 2018 17:55:46|28|pratiksha@forstarfoods.com|ManageGatePass.php
15 Sep 2018 17:56:54|28|pratiksha@forstarfoods.com|ManageGatePass.php
17 Sep 2018 09:40:48|20|shiji@forstarfoods.com|Home.php
17 Sep 2018 09:40:58|20|shiji@forstarfoods.com|Home.php
17 Sep 2018 09:44:40|20|shiji@forstarfoods.com|DailyCatchEntry_New.php
17 Sep 2018 09:44:44|20|shiji@forstarfoods.com|DailyCatchEntry_New.php
17 Sep 2018 09:44:47|20|shiji@forstarfoods.com|DailyCatchEntry_New.php
17 Sep 2018 09:44:48|20|shiji@forstarfoods.com|DailyCatchEntry_New.php
17 Sep 2018 09:44:50|20|shiji@forstarfoods.com|DailyCatchEntry_New.php
17 Sep 2018 09:44:51|20|shiji@forstarfoods.com|CatchEntryDeclaredItem.php
17 Sep 2018 09:44:52|20|shiji@forstarfoods.com|DailyCatchEntry_New.php
17 Sep 2018 09:44:56|20|shiji@forstarfoods.com|DailyCatchEntry_New.php
17 Sep 2018 09:44:57|20|shiji@forstarfoods.com|DailyCatchEntry_New.php
17 Sep 2018 09:44:59|20|shiji@forstarfoods.com|DailyCatchEntry_New.php
17 Sep 2018 09:45:00|20|shiji@forstarfoods.com|DailyCatchEntry_New.php
17 Sep 2018 09:45:01|20|shiji@forstarfoods.com|DailyCatchEntry_New.php
17 Sep 2018 09:45:04|20|shiji@forstarfoods.com|DailyCatchEntry_New.php
17 Sep 2018 09:45:05|20|shiji@forstarfoods.com|DailyCatchEntry_New.php
17 Sep 2018 09:45:07|20|shiji@forstarfoods.com|DailyCatchEntry_New.php
17 Sep 2018 09:45:12|20|shiji@forstarfoods.com|DailyCatchEntry_New.php
17 Sep 2018 09:45:38|20|shiji@forstarfoods.com|DailyCatchEntry_New.php
17 Sep 2018 09:45:39|20|shiji@forstarfoods.com|CatchEntryDeclaredItem.php
17 Sep 2018 09:45:45|20|shiji@forstarfoods.com|DailyCatchEntry_New.php
17 Sep 2018 09:45:53|20|shiji@forstarfoods.com|DailyCatchEntry_New.php
17 Sep 2018 09:45:54|20|shiji@forstarfoods.com|CatchEntryDeclaredItem.php
17 Sep 2018 09:46:27|20|shiji@forstarfoods.com|DailyCatchEntry_New.php
17 Sep 2018 09:46:30|20|shiji@forstarfoods.com|DailyCatchEntry_New.php
17 Sep 2018 09:46:31|20|shiji@forstarfoods.com|DailyCatchEntry_New.php
17 Sep 2018 09:46:35|20|shiji@forstarfoods.com|DailyCatchEntry_New.php
17 Sep 2018 09:46:37|20|shiji@forstarfoods.com|DailyCatchEntry_New.php
17 Sep 2018 09:46:43|20|shiji@forstarfoods.com|DailyCatchEntry_New.php
17 Sep 2018 09:46:45|20|shiji@forstarfoods.com|DailyCatchEntry_New.php
17 Sep 2018 09:46:46|20|shiji@forstarfoods.com|DailyCatchEntry_New.php
17 Sep 2018 09:46:47|20|shiji@forstarfoods.com|DailyCatchEntry_New.php
17 Sep 2018 09:46:49|20|shiji@forstarfoods.com|DailyCatchEntry_New.php
17 Sep 2018 09:46:50|20|shiji@forstarfoods.com|DailyCatchEntry_New.php
17 Sep 2018 09:46:51|20|shiji@forstarfoods.com|DailyCatchEntry_New.php
17 Sep 2018 09:46:52|20|shiji@forstarfoods.com|DailyCatchEntry_New.php
17 Sep 2018 09:46:54|20|shiji@forstarfoods.com|DailyCatchEntry_New.php
17 Sep 2018 09:46:55|20|shiji@forstarfoods.com|DailyCatchEntry_New.php
17 Sep 2018 09:48:02|20|shiji@forstarfoods.com|DailyCatchEntry_New.php
17 Sep 2018 09:48:03|20|shiji@forstarfoods.com|DailyCatchEntry_New.php
17 Sep 2018 09:48:25|20|shiji@forstarfoods.com|DailyCatchEntry_New.php
17 Sep 2018 09:49:29|20|shiji@forstarfoods.com|DailyCatchEntry_New.php
17 Sep 2018 09:49:30|20|shiji@forstarfoods.com|CatchEntryDeclaredItem.php
17 Sep 2018 09:49:39|20|shiji@forstarfoods.com|DailyCatchEntry_New.php
17 Sep 2018 09:49:42|20|shiji@forstarfoods.com|DailyCatchEntry_New.php
17 Sep 2018 09:49:47|20|shiji@forstarfoods.com|DailyCatchEntry_New.php
17 Sep 2018 09:50:31|20|shiji@forstarfoods.com|DailyCatchEntry_New.php
17 Sep 2018 09:50:32|20|shiji@forstarfoods.com|DailyCatchEntry_New.php
17 Sep 2018 09:50:33|20|shiji@forstarfoods.com|DailyCatchEntry_New.php
17 Sep 2018 09:50:35|20|shiji@forstarfoods.com|DailyCatchEntry_New.php
17 Sep 2018 09:50:36|20|shiji@forstarfoods.com|DailyCatchEntry_New.php
17 Sep 2018 09:50:37|20|shiji@forstarfoods.com|DailyCatchEntry_New.php
17 Sep 2018 09:50:38|20|shiji@forstarfoods.com|DailyCatchEntry_New.php
17 Sep 2018 09:50:40|20|shiji@forstarfoods.com|DailyCatchEntry_New.php
17 Sep 2018 09:50:41|20|shiji@forstarfoods.com|DailyCatchEntry_New.php
17 Sep 2018 09:50:42|20|shiji@forstarfoods.com|DailyCatchEntry_New.php
17 Sep 2018 09:50:43|20|shiji@forstarfoods.com|DailyCatchEntry_New.php
17 Sep 2018 09:50:44|20|shiji@forstarfoods.com|DailyCatchEntry_New.php
17 Sep 2018 09:50:46|20|shiji@forstarfoods.com|DailyCatchEntry_New.php
17 Sep 2018 09:50:47|20|shiji@forstarfoods.com|DailyCatchEntry_New.php
17 Sep 2018 09:50:48|20|shiji@forstarfoods.com|DailyCatchEntry_New.php
17 Sep 2018 09:50:49|20|shiji@forstarfoods.com|DailyCatchEntry_New.php
17 Sep 2018 09:50:51|20|shiji@forstarfoods.com|DailyCatchEntry_New.php
17 Sep 2018 09:50:52|20|shiji@forstarfoods.com|DailyCatchEntry_New.php
17 Sep 2018 09:50:53|20|shiji@forstarfoods.com|DailyCatchEntry_New.php
17 Sep 2018 09:50:54|20|shiji@forstarfoods.com|DailyCatchEntry_New.php
17 Sep 2018 09:50:56|20|shiji@forstarfoods.com|DailyCatchEntry_New.php
17 Sep 2018 09:50:58|20|shiji@forstarfoods.com|DailyCatchEntry_New.php
17 Sep 2018 09:51:00|20|shiji@forstarfoods.com|CatchEntryDeclaredItem.php
17 Sep 2018 09:51:03|20|shiji@forstarfoods.com|DailyCatchEntry_New.php
17 Sep 2018 09:51:06|20|shiji@forstarfoods.com|DailyCatchEntry_New.php
17 Sep 2018 09:51:08|20|shiji@forstarfoods.com|DailyCatchEntry_New.php
17 Sep 2018 09:51:09|20|shiji@forstarfoods.com|DailyCatchEntry_New.php
17 Sep 2018 09:51:11|20|shiji@forstarfoods.com|DailyCatchEntry_New.php
17 Sep 2018 09:51:12|20|shiji@forstarfoods.com|DailyCatchEntry_New.php
17 Sep 2018 09:51:13|20|shiji@forstarfoods.com|DailyCatchEntry_New.php
17 Sep 2018 09:51:14|20|shiji@forstarfoods.com|DailyCatchEntry_New.php
17 Sep 2018 09:51:16|20|shiji@forstarfoods.com|DailyCatchEntry_New.php
17 Sep 2018 09:51:17|20|shiji@forstarfoods.com|DailyCatchEntry_New.php
17 Sep 2018 09:51:18|20|shiji@forstarfoods.com|DailyCatchEntry_New.php
17 Sep 2018 09:51:19|20|shiji@forstarfoods.com|DailyCatchEntry_New.php
17 Sep 2018 09:51:21|20|shiji@forstarfoods.com|DailyCatchEntry_New.php
17 Sep 2018 09:51:22|20|shiji@forstarfoods.com|DailyCatchEntry_New.php
17 Sep 2018 09:51:23|20|shiji@forstarfoods.com|DailyCatchEntry_New.php
17 Sep 2018 09:51:24|20|shiji@forstarfoods.com|DailyCatchEntry_New.php
17 Sep 2018 09:51:26|20|shiji@forstarfoods.com|DailyCatchEntry_New.php
17 Sep 2018 09:51:27|20|shiji@forstarfoods.com|DailyCatchEntry_New.php
17 Sep 2018 09:54:30|20|shiji@forstarfoods.com|DailyCatchEntry_New.php
17 Sep 2018 09:54:32|20|shiji@forstarfoods.com|DailyCatchEntry_New.php
17 Sep 2018 09:54:34|20|shiji@forstarfoods.com|CatchEntryDeclaredItem.php
17 Sep 2018 09:54:41|20|shiji@forstarfoods.com|DailyCatchEntry_New.php
17 Sep 2018 09:54:43|20|shiji@forstarfoods.com|DailyCatchEntry_New.php
17 Sep 2018 09:54:46|20|shiji@forstarfoods.com|DailyCatchEntry_New.php
17 Sep 2018 09:54:47|20|shiji@forstarfoods.com|DailyCatchEntry_New.php
17 Sep 2018 09:54:48|20|shiji@forstarfoods.com|DailyCatchEntry_New.php
17 Sep 2018 09:54:50|20|shiji@forstarfoods.com|DailyCatchEntry_New.php
17 Sep 2018 09:54:51|20|shiji@forstarfoods.com|DailyCatchEntry_New.php
17 Sep 2018 09:54:52|20|shiji@forstarfoods.com|DailyCatchEntry_New.php
17 Sep 2018 09:54:53|20|shiji@forstarfoods.com|DailyCatchEntry_New.php
17 Sep 2018 09:54:55|20|shiji@forstarfoods.com|DailyCatchEntry_New.php
17 Sep 2018 09:54:56|20|shiji@forstarfoods.com|DailyCatchEntry_New.php
17 Sep 2018 09:54:57|20|shiji@forstarfoods.com|DailyCatchEntry_New.php
17 Sep 2018 09:54:58|20|shiji@forstarfoods.com|DailyCatchEntry_New.php
17 Sep 2018 09:55:00|20|shiji@forstarfoods.com|DailyCatchEntry_New.php
17 Sep 2018 09:55:01|20|shiji@forstarfoods.com|DailyCatchEntry_New.php
17 Sep 2018 09:55:04|20|shiji@forstarfoods.com|DailyCatchEntry_New.php
17 Sep 2018 09:55:05|20|shiji@forstarfoods.com|DailyCatchEntry_New.php
17 Sep 2018 09:55:22|20|shiji@forstarfoods.com|DailyCatchEntry_New.php
17 Sep 2018 09:55:24|20|shiji@forstarfoods.com|DailyCatchEntry_New.php
17 Sep 2018 09:55:26|20|shiji@forstarfoods.com|CatchEntryDeclaredItem.php
17 Sep 2018 09:55:29|20|shiji@forstarfoods.com|DailyCatchEntry_New.php
17 Sep 2018 09:55:33|20|shiji@forstarfoods.com|DailyCatchEntry_New.php
17 Sep 2018 09:55:36|20|shiji@forstarfoods.com|DailyCatchEntry_New.php
17 Sep 2018 09:55:37|20|shiji@forstarfoods.com|DailyCatchEntry_New.php
17 Sep 2018 09:55:39|20|shiji@forstarfoods.com|DailyCatchEntry_New.php
17 Sep 2018 09:55:40|20|shiji@forstarfoods.com|DailyCatchEntry_New.php
17 Sep 2018 09:55:41|20|shiji@forstarfoods.com|DailyCatchEntry_New.php
17 Sep 2018 09:55:42|20|shiji@forstarfoods.com|DailyCatchEntry_New.php
17 Sep 2018 09:55:44|20|shiji@forstarfoods.com|DailyCatchEntry_New.php
17 Sep 2018 09:55:45|20|shiji@forstarfoods.com|DailyCatchEntry_New.php
17 Sep 2018 09:55:46|20|shiji@forstarfoods.com|DailyCatchEntry_New.php
17 Sep 2018 09:55:47|20|shiji@forstarfoods.com|DailyCatchEntry_New.php
17 Sep 2018 09:55:49|20|shiji@forstarfoods.com|DailyCatchEntry_New.php
17 Sep 2018 09:55:50|20|shiji@forstarfoods.com|DailyCatchEntry_New.php
17 Sep 2018 09:56:27|20|shiji@forstarfoods.com|DailyCatchEntry_New.php
17 Sep 2018 09:56:29|20|shiji@forstarfoods.com|DailyCatchEntry_New.php
17 Sep 2018 09:56:31|20|shiji@forstarfoods.com|CatchEntryDeclaredItem.php
17 Sep 2018 09:56:43|20|shiji@forstarfoods.com|DailyCatchEntry_New.php
17 Sep 2018 09:56:45|20|shiji@forstarfoods.com|DailyCatchEntry_New.php
17 Sep 2018 09:57:02|20|shiji@forstarfoods.com|DailyCatchEntry_New.php
17 Sep 2018 09:57:04|20|shiji@forstarfoods.com|DailyCatchEntry_New.php
17 Sep 2018 09:57:05|20|shiji@forstarfoods.com|DailyCatchEntry_New.php
17 Sep 2018 09:57:06|20|shiji@forstarfoods.com|DailyCatchEntry_New.php
17 Sep 2018 09:57:07|20|shiji@forstarfoods.com|DailyCatchEntry_New.php
17 Sep 2018 09:57:09|20|shiji@forstarfoods.com|DailyCatchEntry_New.php
17 Sep 2018 09:57:10|20|shiji@forstarfoods.com|DailyCatchEntry_New.php
17 Sep 2018 09:57:11|20|shiji@forstarfoods.com|DailyCatchEntry_New.php
17 Sep 2018 09:57:12|20|shiji@forstarfoods.com|DailyCatchEntry_New.php
17 Sep 2018 09:57:14|20|shiji@forstarfoods.com|DailyCatchEntry_New.php
17 Sep 2018 09:57:15|20|shiji@forstarfoods.com|DailyCatchEntry_New.php
17 Sep 2018 09:57:16|20|shiji@forstarfoods.com|DailyCatchEntry_New.php
17 Sep 2018 09:57:17|20|shiji@forstarfoods.com|DailyCatchEntry_New.php
17 Sep 2018 09:57:18|20|shiji@forstarfoods.com|DailyCatchEntry_New.php
17 Sep 2018 09:57:20|20|shiji@forstarfoods.com|DailyCatchEntry_New.php
17 Sep 2018 09:57:21|20|shiji@forstarfoods.com|DailyCatchEntry_New.php
17 Sep 2018 09:57:22|20|shiji@forstarfoods.com|DailyCatchEntry_New.php
17 Sep 2018 09:57:25|20|shiji@forstarfoods.com|DailyCatchEntry_New.php
17 Sep 2018 09:57:26|20|shiji@forstarfoods.com|CatchEntryDeclaredItem.php
17 Sep 2018 09:57:30|20|shiji@forstarfoods.com|DailyCatchEntry_New.php
17 Sep 2018 09:57:32|20|shiji@forstarfoods.com|DailyCatchEntry_New.php
17 Sep 2018 09:57:33|20|shiji@forstarfoods.com|DailyCatchEntry_New.php
17 Sep 2018 09:57:34|20|shiji@forstarfoods.com|DailyCatchEntry_New.php
17 Sep 2018 09:57:40|20|shiji@forstarfoods.com|DailyCatchEntry_New.php
17 Sep 2018 09:57:41|20|shiji@forstarfoods.com|CatchEntryDeclaredItem.php
17 Sep 2018 09:57:57|20|shiji@forstarfoods.com|DailyCatchEntry_New.php
17 Sep 2018 09:57:59|20|shiji@forstarfoods.com|DailyCatchEntry_New.php
17 Sep 2018 09:58:02|20|shiji@forstarfoods.com|DailyCatchEntry_New.php
17 Sep 2018 09:58:04|20|shiji@forstarfoods.com|DailyCatchEntry_New.php
17 Sep 2018 09:58:06|20|shiji@forstarfoods.com|DailyCatchEntry_New.php
17 Sep 2018 09:58:07|20|shiji@forstarfoods.com|DailyCatchEntry_New.php
17 Sep 2018 09:58:08|20|shiji@forstarfoods.com|DailyCatchEntry_New.php
17 Sep 2018 09:58:09|20|shiji@forstarfoods.com|DailyCatchEntry_New.php
17 Sep 2018 09:58:11|20|shiji@forstarfoods.com|DailyCatchEntry_New.php
17 Sep 2018 09:58:12|20|shiji@forstarfoods.com|DailyCatchEntry_New.php
17 Sep 2018 09:58:13|20|shiji@forstarfoods.com|DailyCatchEntry_New.php
17 Sep 2018 09:58:14|20|shiji@forstarfoods.com|DailyCatchEntry_New.php
17 Sep 2018 09:58:15|20|shiji@forstarfoods.com|DailyCatchEntry_New.php
17 Sep 2018 09:58:17|20|shiji@forstarfoods.com|DailyCatchEntry_New.php
17 Sep 2018 09:58:18|20|shiji@forstarfoods.com|DailyCatchEntry_New.php
17 Sep 2018 09:58:19|20|shiji@forstarfoods.com|DailyCatchEntry_New.php
17 Sep 2018 09:58:20|20|shiji@forstarfoods.com|DailyCatchEntry_New.php
17 Sep 2018 09:58:22|20|shiji@forstarfoods.com|DailyCatchEntry_New.php
17 Sep 2018 09:58:23|20|shiji@forstarfoods.com|DailyCatchEntry_New.php
17 Sep 2018 09:58:39|20|shiji@forstarfoods.com|DailyCatchEntry_New.php
17 Sep 2018 09:58:42|20|shiji@forstarfoods.com|DailyCatchEntry_New.php
17 Sep 2018 09:58:43|20|shiji@forstarfoods.com|CatchEntryDeclaredItem.php
17 Sep 2018 09:58:46|20|shiji@forstarfoods.com|DailyCatchEntry_New.php
17 Sep 2018 09:58:48|20|shiji@forstarfoods.com|DailyCatchEntry_New.php
17 Sep 2018 09:58:51|20|shiji@forstarfoods.com|DailyCatchEntry_New.php
17 Sep 2018 09:58:52|20|shiji@forstarfoods.com|DailyCatchEntry_New.php
17 Sep 2018 09:58:53|20|shiji@forstarfoods.com|DailyCatchEntry_New.php
17 Sep 2018 09:58:55|20|shiji@forstarfoods.com|DailyCatchEntry_New.php
17 Sep 2018 09:58:56|20|shiji@forstarfoods.com|DailyCatchEntry_New.php
17 Sep 2018 09:58:57|20|shiji@forstarfoods.com|DailyCatchEntry_New.php
17 Sep 2018 09:58:58|20|shiji@forstarfoods.com|DailyCatchEntry_New.php
17 Sep 2018 09:59:00|20|shiji@forstarfoods.com|DailyCatchEntry_New.php
17 Sep 2018 09:59:01|20|shiji@forstarfoods.com|DailyCatchEntry_New.php
17 Sep 2018 09:59:02|20|shiji@forstarfoods.com|DailyCatchEntry_New.php
17 Sep 2018 09:59:03|20|shiji@forstarfoods.com|DailyCatchEntry_New.php
17 Sep 2018 09:59:05|20|shiji@forstarfoods.com|DailyCatchEntry_New.php
17 Sep 2018 09:59:06|20|shiji@forstarfoods.com|DailyCatchEntry_New.php
17 Sep 2018 09:59:07|20|shiji@forstarfoods.com|DailyCatchEntry_New.php
17 Sep 2018 09:59:08|20|shiji@forstarfoods.com|DailyCatchEntry_New.php
17 Sep 2018 09:59:10|20|shiji@forstarfoods.com|DailyCatchEntry_New.php
17 Sep 2018 09:59:11|20|shiji@forstarfoods.com|DailyCatchEntry_New.php
17 Sep 2018 09:59:12|20|shiji@forstarfoods.com|DailyCatchEntry_New.php
17 Sep 2018 09:59:13|20|shiji@forstarfoods.com|DailyCatchEntry_New.php
17 Sep 2018 09:59:14|20|shiji@forstarfoods.com|DailyCatchEntry_New.php
17 Sep 2018 09:59:16|20|shiji@forstarfoods.com|DailyCatchEntry_New.php
17 Sep 2018 09:59:17|20|shiji@forstarfoods.com|DailyCatchEntry_New.php
17 Sep 2018 09:59:18|20|shiji@forstarfoods.com|DailyCatchEntry_New.php
17 Sep 2018 09:59:19|20|shiji@forstarfoods.com|DailyCatchEntry_New.php
17 Sep 2018 09:59:21|20|shiji@forstarfoods.com|DailyCatchEntry_New.php
17 Sep 2018 09:59:22|20|shiji@forstarfoods.com|DailyCatchEntry_New.php
17 Sep 2018 09:59:23|20|shiji@forstarfoods.com|DailyCatchEntry_New.php
17 Sep 2018 09:59:24|20|shiji@forstarfoods.com|DailyCatchEntry_New.php
17 Sep 2018 09:59:26|20|shiji@forstarfoods.com|DailyCatchEntry_New.php
17 Sep 2018 09:59:27|20|shiji@forstarfoods.com|DailyCatchEntry_New.php
17 Sep 2018 09:59:28|20|shiji@forstarfoods.com|DailyCatchEntry_New.php
17 Sep 2018 09:59:29|20|shiji@forstarfoods.com|DailyCatchEntry_New.php
17 Sep 2018 09:59:31|20|shiji@forstarfoods.com|DailyCatchEntry_New.php
17 Sep 2018 09:59:33|20|shiji@forstarfoods.com|DailyCatchEntry_New.php
17 Sep 2018 09:59:35|20|shiji@forstarfoods.com|CatchEntryDeclaredItem.php
17 Sep 2018 09:59:38|20|shiji@forstarfoods.com|DailyCatchEntry_New.php
17 Sep 2018 09:59:40|20|shiji@forstarfoods.com|DailyCatchEntry_New.php
17 Sep 2018 09:59:44|20|shiji@forstarfoods.com|DailyCatchEntry_New.php
17 Sep 2018 09:59:46|20|shiji@forstarfoods.com|DailyCatchEntry_New.php
17 Sep 2018 09:59:47|20|shiji@forstarfoods.com|DailyCatchEntry_New.php
17 Sep 2018 09:59:48|20|shiji@forstarfoods.com|DailyCatchEntry_New.php
17 Sep 2018 09:59:49|20|shiji@forstarfoods.com|DailyCatchEntry_New.php
17 Sep 2018 09:59:51|20|shiji@forstarfoods.com|DailyCatchEntry_New.php
17 Sep 2018 09:59:52|20|shiji@forstarfoods.com|DailyCatchEntry_New.php
17 Sep 2018 09:59:53|20|shiji@forstarfoods.com|DailyCatchEntry_New.php
17 Sep 2018 09:59:54|20|shiji@forstarfoods.com|DailyCatchEntry_New.php
17 Sep 2018 09:59:56|20|shiji@forstarfoods.com|DailyCatchEntry_New.php
17 Sep 2018 09:59:57|20|shiji@forstarfoods.com|DailyCatchEntry_New.php
17 Sep 2018 09:59:58|20|shiji@forstarfoods.com|DailyCatchEntry_New.php
17 Sep 2018 09:59:59|20|shiji@forstarfoods.com|DailyCatchEntry_New.php
17 Sep 2018 10:00:00|20|shiji@forstarfoods.com|DailyCatchEntry_New.php
17 Sep 2018 10:00:02|20|shiji@forstarfoods.com|DailyCatchEntry_New.php
17 Sep 2018 10:00:03|20|shiji@forstarfoods.com|DailyCatchEntry_New.php
17 Sep 2018 10:00:04|20|shiji@forstarfoods.com|DailyCatchEntry_New.php
17 Sep 2018 10:00:17|20|shiji@forstarfoods.com|DailyCatchEntry_New.php
17 Sep 2018 10:00:21|20|shiji@forstarfoods.com|DailyCatchEntry_New.php
17 Sep 2018 10:00:23|20|shiji@forstarfoods.com|CatchEntryDeclaredItem.php
17 Sep 2018 10:00:25|20|shiji@forstarfoods.com|DailyCatchEntry_New.php
17 Sep 2018 10:00:26|20|shiji@forstarfoods.com|DailyCatchEntry_New.php
17 Sep 2018 10:00:28|20|shiji@forstarfoods.com|DailyCatchEntry_New.php
17 Sep 2018 10:05:06|20|shiji@forstarfoods.com|DailyCatchEntry_New.php
17 Sep 2018 10:06:40|30|pritirm@forstarfoods.com|Home.php
17 Sep 2018 10:06:48|30|pritirm@forstarfoods.com|SupplierAccount.php
17 Sep 2018 10:07:00|30|pritirm@forstarfoods.com|SupplierAccount.php
17 Sep 2018 10:07:10|30|pritirm@forstarfoods.com|SupplierAccount.php
17 Sep 2018 10:07:51|30|pritirm@forstarfoods.com|SupplierAccount.php
17 Sep 2018 10:08:19|30|pritirm@forstarfoods.com|SupplierAccount.php
17 Sep 2018 10:08:23|30|pritirm@forstarfoods.com|SupplierAccount.php
17 Sep 2018 10:10:07|20|shiji@forstarfoods.com|DailyCatchEntry_New.php
17 Sep 2018 10:15:08|20|shiji@forstarfoods.com|DailyCatchEntry_New.php
17 Sep 2018 10:20:09|20|shiji@forstarfoods.com|DailyCatchEntry_New.php
17 Sep 2018 10:22:38|30|pritirm@forstarfoods.com|SupplierAccount.php
17 Sep 2018 10:22:45|30|pritirm@forstarfoods.com|SupplierAccount.php
17 Sep 2018 10:22:57|30|pritirm@forstarfoods.com|SupplierAccount.php
17 Sep 2018 10:24:07|30|pritirm@forstarfoods.com|SupplierAccount.php
17 Sep 2018 10:25:11|20|shiji@forstarfoods.com|DailyCatchEntry_New.php
17 Sep 2018 10:30:12|20|shiji@forstarfoods.com|DailyCatchEntry_New.php
17 Sep 2018 10:35:13|20|shiji@forstarfoods.com|DailyCatchEntry_New.php
17 Sep 2018 10:40:15|20|shiji@forstarfoods.com|DailyCatchEntry_New.php
17 Sep 2018 10:45:16|20|shiji@forstarfoods.com|DailyCatchEntry_New.php
17 Sep 2018 10:50:17|20|shiji@forstarfoods.com|DailyCatchEntry_New.php
17 Sep 2018 10:52:11|31|rekha@foresee.com|Home.php
17 Sep 2018 10:53:18|31|rekha@foresee.com|Home.php
17 Sep 2018 10:55:18|20|shiji@forstarfoods.com|DailyCatchEntry_New.php
17 Sep 2018 10:57:41|30|pritirm@forstarfoods.com|SupplierAccount.php
17 Sep 2018 10:58:03|30|pritirm@forstarfoods.com|SupplierAccount.php
17 Sep 2018 10:58:42|30|pritirm@forstarfoods.com|SupplierAccount.php
17 Sep 2018 10:58:54|30|pritirm@forstarfoods.com|SupplierAccount.php
17 Sep 2018 11:00:20|20|shiji@forstarfoods.com|DailyCatchEntry_New.php
17 Sep 2018 11:00:39|31|rekha@foresee.com|SalesOrder.php
17 Sep 2018 11:00:44|30|pritirm@forstarfoods.com|SupplierAccount.php
17 Sep 2018 11:00:55|30|pritirm@forstarfoods.com|SupplierAccount.php
17 Sep 2018 11:01:05|30|pritirm@forstarfoods.com|SupplierAccount.php
17 Sep 2018 11:01:18|31|rekha@foresee.com|SalesOrder.php
17 Sep 2018 11:01:20|31|rekha@foresee.com|SalesOrder.php
17 Sep 2018 11:01:22|31|rekha@foresee.com|SalesOrder.php
17 Sep 2018 11:01:23|31|rekha@foresee.com|SalesOrder.php
17 Sep 2018 11:01:24|31|rekha@foresee.com|SalesOrder.php
17 Sep 2018 11:02:57|31|rekha@foresee.com|Home.php
17 Sep 2018 11:03:22|31|rekha@foresee.com|SalesOrder.php
17 Sep 2018 11:03:31|31|rekha@foresee.com|SalesOrder.php
17 Sep 2018 11:03:39|31|rekha@foresee.com|SalesOrder.php
17 Sep 2018 11:03:40|31|rekha@foresee.com|SalesOrder.php
17 Sep 2018 11:03:42|31|rekha@foresee.com|SalesOrder.php
17 Sep 2018 11:03:43|31|rekha@foresee.com|SalesOrder.php
17 Sep 2018 11:03:46|31|rekha@foresee.com|SalesOrder.php
17 Sep 2018 11:04:14|31|rekha@foresee.com|DistributorAccount.php
17 Sep 2018 11:05:21|20|shiji@forstarfoods.com|DailyCatchEntry_New.php
17 Sep 2018 11:06:31|31|rekha@foresee.com|DistributorMaster.php
17 Sep 2018 11:06:56|31|rekha@foresee.com|DistributorMaster.php
17 Sep 2018 11:07:03|31|rekha@foresee.com|DistributorMaster.php
17 Sep 2018 11:07:25|31|rekha@foresee.com|DistributorMaster.php
17 Sep 2018 11:07:28|31|rekha@foresee.com|DistributorMaster.php
17 Sep 2018 11:07:34|31|rekha@foresee.com|DistributorMaster.php
17 Sep 2018 11:07:58|31|rekha@foresee.com|SalesOrder.php
17 Sep 2018 11:08:24|31|rekha@foresee.com|SalesOrder.php
17 Sep 2018 11:08:29|31|rekha@foresee.com|SalesOrder.php
17 Sep 2018 11:08:30|31|rekha@foresee.com|SalesOrder.php
17 Sep 2018 11:08:31|31|rekha@foresee.com|SalesOrder.php
17 Sep 2018 11:08:32|31|rekha@foresee.com|SalesOrder.php
17 Sep 2018 11:08:43|31|rekha@foresee.com|SalesOrder.php
17 Sep 2018 11:08:44|31|rekha@foresee.com|SalesOrder.php
17 Sep 2018 11:08:47|31|rekha@foresee.com|SalesOrder.php
17 Sep 2018 11:08:51|31|rekha@foresee.com|SalesOrder.php
17 Sep 2018 11:09:03|31|rekha@foresee.com|SalesOrder.php
17 Sep 2018 11:09:11|31|rekha@foresee.com|SalesOrder.php
17 Sep 2018 11:09:13|31|rekha@foresee.com|SalesOrder.php
17 Sep 2018 11:09:20|31|rekha@foresee.com|SalesOrder.php
17 Sep 2018 11:09:21|31|rekha@foresee.com|SalesOrder.php
17 Sep 2018 11:09:22|31|rekha@foresee.com|SalesOrder.php
17 Sep 2018 11:09:23|31|rekha@foresee.com|SalesOrder.php
17 Sep 2018 11:09:25|31|rekha@foresee.com|SalesOrder.php
17 Sep 2018 11:09:26|31|rekha@foresee.com|SalesOrder.php
17 Sep 2018 11:09:27|31|rekha@foresee.com|SalesOrder.php
17 Sep 2018 11:09:45|31|rekha@foresee.com|SalesOrder.php
17 Sep 2018 11:09:47|31|rekha@foresee.com|SalesOrder.php
17 Sep 2018 11:10:22|20|shiji@forstarfoods.com|DailyCatchEntry_New.php
17 Sep 2018 11:10:43|31|rekha@foresee.com|SalesOrder.php
17 Sep 2018 11:11:32|31|rekha@foresee.com|ManageGatePass.php
17 Sep 2018 11:12:18|31|rekha@foresee.com|StateVatMaster.php
17 Sep 2018 11:12:25|31|rekha@foresee.com|StateVatMaster.php
17 Sep 2018 11:15:24|20|shiji@forstarfoods.com|DailyCatchEntry_New.php
17 Sep 2018 11:18:05|31|rekha@foresee.com|DistributorMaster.php
17 Sep 2018 11:18:08|31|rekha@foresee.com|DistributorMaster.php
17 Sep 2018 11:18:36|31|rekha@foresee.com|SalesOrder.php
17 Sep 2018 11:18:43|31|rekha@foresee.com|SalesOrder.php
17 Sep 2018 11:18:45|31|rekha@foresee.com|SalesOrder.php
17 Sep 2018 11:18:46|31|rekha@foresee.com|SalesOrder.php
17 Sep 2018 11:18:47|31|rekha@foresee.com|SalesOrder.php
17 Sep 2018 11:18:49|31|rekha@foresee.com|SalesOrder.php
17 Sep 2018 11:18:51|31|rekha@foresee.com|SalesOrder.php
17 Sep 2018 11:18:53|31|rekha@foresee.com|SalesOrder.php
17 Sep 2018 11:18:54|31|rekha@foresee.com|SalesOrder.php
17 Sep 2018 11:18:55|31|rekha@foresee.com|SalesOrder.php
17 Sep 2018 11:18:56|31|rekha@foresee.com|SalesOrder.php
17 Sep 2018 11:18:58|31|rekha@foresee.com|SalesOrder.php
17 Sep 2018 11:18:59|31|rekha@foresee.com|SalesOrder.php
17 Sep 2018 11:19:00|31|rekha@foresee.com|SalesOrder.php
17 Sep 2018 11:19:03|31|rekha@foresee.com|SalesOrder.php
17 Sep 2018 11:19:12|31|rekha@foresee.com|SalesOrder.php
17 Sep 2018 11:19:14|31|rekha@foresee.com|SalesOrder.php
17 Sep 2018 11:19:18|31|rekha@foresee.com|SalesOrder.php
17 Sep 2018 11:19:20|31|rekha@foresee.com|SalesOrder.php
17 Sep 2018 11:19:32|31|rekha@foresee.com|SalesOrder.php
17 Sep 2018 11:19:34|31|rekha@foresee.com|SalesOrder.php
17 Sep 2018 11:20:25|20|shiji@forstarfoods.com|DailyCatchEntry_New.php
17 Sep 2018 11:25:26|20|shiji@forstarfoods.com|DailyCatchEntry_New.php
17 Sep 2018 11:26:44|31|rekha@foresee.com|SalesOrder.php
17 Sep 2018 11:26:46|31|rekha@foresee.com|SalesOrder.php
17 Sep 2018 11:26:52|31|rekha@foresee.com|SalesOrder.php
17 Sep 2018 11:26:57|31|rekha@foresee.com|SalesOrder.php
17 Sep 2018 11:26:59|31|rekha@foresee.com|SalesOrder.php
17 Sep 2018 11:27:00|31|rekha@foresee.com|SalesOrder.php
17 Sep 2018 11:27:01|31|rekha@foresee.com|SalesOrder.php
17 Sep 2018 11:27:02|31|rekha@foresee.com|SalesOrder.php
17 Sep 2018 11:27:12|31|rekha@foresee.com|SalesOrder.php
17 Sep 2018 11:27:19|31|rekha@foresee.com|SalesOrder.php
17 Sep 2018 11:27:23|31|rekha@foresee.com|SalesOrder.php
17 Sep 2018 11:27:27|31|rekha@foresee.com|SalesOrder.php
17 Sep 2018 11:27:28|31|rekha@foresee.com|SalesOrder.php
17 Sep 2018 11:27:35|31|rekha@foresee.com|SalesOrder.php
17 Sep 2018 11:27:36|31|rekha@foresee.com|SalesOrder.php
17 Sep 2018 11:27:37|31|rekha@foresee.com|SalesOrder.php
17 Sep 2018 11:27:39|31|rekha@foresee.com|SalesOrder.php
17 Sep 2018 11:27:40|31|rekha@foresee.com|SalesOrder.php
17 Sep 2018 11:27:41|31|rekha@foresee.com|SalesOrder.php
17 Sep 2018 11:27:42|31|rekha@foresee.com|SalesOrder.php
17 Sep 2018 11:27:58|31|rekha@foresee.com|SalesOrder.php
17 Sep 2018 11:27:59|31|rekha@foresee.com|SalesOrder.php
17 Sep 2018 11:28:00|31|rekha@foresee.com|SalesOrder.php
17 Sep 2018 11:28:01|31|rekha@foresee.com|SalesOrder.php
17 Sep 2018 11:28:03|31|rekha@foresee.com|SalesOrder.php
17 Sep 2018 11:28:04|31|rekha@foresee.com|SalesOrder.php
17 Sep 2018 11:28:08|31|rekha@foresee.com|SalesOrder.php
17 Sep 2018 11:28:09|31|rekha@foresee.com|SalesOrder.php
17 Sep 2018 11:28:10|31|rekha@foresee.com|SalesOrder.php
17 Sep 2018 11:28:12|31|rekha@foresee.com|SalesOrder.php
17 Sep 2018 11:28:13|31|rekha@foresee.com|SalesOrder.php
17 Sep 2018 11:28:14|31|rekha@foresee.com|SalesOrder.php
17 Sep 2018 11:28:15|31|rekha@foresee.com|SalesOrder.php
17 Sep 2018 11:30:27|20|shiji@forstarfoods.com|DailyCatchEntry_New.php
17 Sep 2018 11:30:41|31|rekha@foresee.com|SalesOrder.php
17 Sep 2018 11:30:42|31|rekha@foresee.com|SalesOrder.php
17 Sep 2018 11:30:48|31|rekha@foresee.com|SalesOrder.php
17 Sep 2018 11:30:53|31|rekha@foresee.com|SalesOrder.php
17 Sep 2018 11:30:55|31|rekha@foresee.com|SalesOrder.php
17 Sep 2018 11:30:56|31|rekha@foresee.com|SalesOrder.php
17 Sep 2018 11:30:57|31|rekha@foresee.com|SalesOrder.php
17 Sep 2018 11:30:58|31|rekha@foresee.com|SalesOrder.php
17 Sep 2018 11:31:00|31|rekha@foresee.com|SalesOrder.php
17 Sep 2018 11:31:12|31|rekha@foresee.com|SalesOrder.php
17 Sep 2018 11:31:13|31|rekha@foresee.com|SalesOrder.php
17 Sep 2018 11:31:17|31|rekha@foresee.com|SalesOrder.php
17 Sep 2018 11:31:22|31|rekha@foresee.com|SalesOrder.php
17 Sep 2018 11:31:23|31|rekha@foresee.com|SalesOrder.php
17 Sep 2018 11:31:25|31|rekha@foresee.com|SalesOrder.php
17 Sep 2018 11:31:32|31|rekha@foresee.com|SalesOrder.php
17 Sep 2018 11:31:33|31|rekha@foresee.com|SalesOrder.php
17 Sep 2018 11:31:35|31|rekha@foresee.com|SalesOrder.php
17 Sep 2018 11:31:36|31|rekha@foresee.com|SalesOrder.php
17 Sep 2018 11:31:37|31|rekha@foresee.com|SalesOrder.php
17 Sep 2018 11:31:38|31|rekha@foresee.com|SalesOrder.php
17 Sep 2018 11:31:40|31|rekha@foresee.com|SalesOrder.php
17 Sep 2018 11:35:09|31|rekha@foresee.com|SalesOrder.php
17 Sep 2018 11:35:11|31|rekha@foresee.com|SalesOrder.php
17 Sep 2018 11:35:21|31|rekha@foresee.com|SalesOrder.php
17 Sep 2018 11:35:23|31|rekha@foresee.com|SalesOrder.php
17 Sep 2018 11:35:26|31|rekha@foresee.com|SalesOrder.php
17 Sep 2018 11:35:29|20|shiji@forstarfoods.com|DailyCatchEntry_New.php
17 Sep 2018 11:35:31|31|rekha@foresee.com|SalesOrder.php
17 Sep 2018 11:35:33|31|rekha@foresee.com|SalesOrder.php
17 Sep 2018 11:35:35|31|rekha@foresee.com|SalesOrder.php
17 Sep 2018 11:35:36|31|rekha@foresee.com|SalesOrder.php
17 Sep 2018 11:35:38|31|rekha@foresee.com|SalesOrder.php
17 Sep 2018 11:35:42|31|rekha@foresee.com|SalesOrder.php
17 Sep 2018 11:35:43|31|rekha@foresee.com|SalesOrder.php
17 Sep 2018 11:35:44|31|rekha@foresee.com|SalesOrder.php
17 Sep 2018 11:35:45|31|rekha@foresee.com|SalesOrder.php
17 Sep 2018 11:35:47|31|rekha@foresee.com|SalesOrder.php
17 Sep 2018 11:35:48|31|rekha@foresee.com|SalesOrder.php
17 Sep 2018 11:35:49|31|rekha@foresee.com|SalesOrder.php
17 Sep 2018 11:35:52|31|rekha@foresee.com|SalesOrder.php
17 Sep 2018 11:35:55|31|rekha@foresee.com|SalesOrder.php
17 Sep 2018 11:37:06|31|rekha@foresee.com|SalesOrder.php
17 Sep 2018 11:37:13|31|rekha@foresee.com|SalesOrder.php
17 Sep 2018 11:37:14|31|rekha@foresee.com|SalesOrder.php
17 Sep 2018 11:37:16|31|rekha@foresee.com|SalesOrder.php
17 Sep 2018 11:37:17|31|rekha@foresee.com|SalesOrder.php
17 Sep 2018 11:37:19|31|rekha@foresee.com|SalesOrder.php
17 Sep 2018 11:37:21|31|rekha@foresee.com|SalesOrder.php
17 Sep 2018 11:37:22|31|rekha@foresee.com|SalesOrder.php
17 Sep 2018 11:37:26|31|rekha@foresee.com|SalesOrder.php
17 Sep 2018 11:37:28|31|rekha@foresee.com|SalesOrder.php
17 Sep 2018 11:37:32|31|rekha@foresee.com|SalesOrder.php
17 Sep 2018 11:37:33|31|rekha@foresee.com|SalesOrder.php
17 Sep 2018 11:37:38|31|rekha@foresee.com|SalesOrder.php
17 Sep 2018 11:37:39|31|rekha@foresee.com|SalesOrder.php
17 Sep 2018 11:37:40|31|rekha@foresee.com|SalesOrder.php
17 Sep 2018 11:37:41|31|rekha@foresee.com|SalesOrder.php
17 Sep 2018 11:37:42|31|rekha@foresee.com|SalesOrder.php
17 Sep 2018 11:37:44|31|rekha@foresee.com|SalesOrder.php
17 Sep 2018 11:37:45|31|rekha@foresee.com|SalesOrder.php
17 Sep 2018 11:37:52|31|rekha@foresee.com|SalesOrder.php
17 Sep 2018 11:37:54|31|rekha@foresee.com|SalesOrder.php
17 Sep 2018 11:40:30|20|shiji@forstarfoods.com|DailyCatchEntry_New.php
17 Sep 2018 11:42:09|31|rekha@foresee.com|DistributorMaster.php
17 Sep 2018 11:42:32|31|rekha@foresee.com|DistributorMaster.php
17 Sep 2018 11:42:38|31|rekha@foresee.com|DistributorMaster.php
17 Sep 2018 11:42:43|31|rekha@foresee.com|DistributorMaster.php
17 Sep 2018 11:43:00|31|rekha@foresee.com|DistributorMaster.php
17 Sep 2018 11:43:03|31|rekha@foresee.com|DistributorMaster.php
17 Sep 2018 11:43:13|31|rekha@foresee.com|SalesOrder.php
17 Sep 2018 11:43:14|31|rekha@foresee.com|SalesOrder.php
17 Sep 2018 11:43:17|31|rekha@foresee.com|SalesOrder.php
17 Sep 2018 11:43:22|31|rekha@foresee.com|SalesOrder.php
17 Sep 2018 11:43:24|31|rekha@foresee.com|SalesOrder.php
17 Sep 2018 11:43:25|31|rekha@foresee.com|SalesOrder.php
17 Sep 2018 11:43:26|31|rekha@foresee.com|SalesOrder.php
17 Sep 2018 11:43:27|31|rekha@foresee.com|SalesOrder.php
17 Sep 2018 11:43:29|31|rekha@foresee.com|SalesOrder.php
17 Sep 2018 11:43:33|31|rekha@foresee.com|SalesOrder.php
17 Sep 2018 11:43:36|31|rekha@foresee.com|SalesOrder.php
17 Sep 2018 11:43:39|31|rekha@foresee.com|SalesOrder.php
17 Sep 2018 11:43:41|31|rekha@foresee.com|SalesOrder.php
17 Sep 2018 11:43:45|31|rekha@foresee.com|SalesOrder.php
17 Sep 2018 11:43:47|31|rekha@foresee.com|SalesOrder.php
17 Sep 2018 11:43:48|31|rekha@foresee.com|SalesOrder.php
17 Sep 2018 11:43:49|31|rekha@foresee.com|SalesOrder.php
17 Sep 2018 11:43:50|31|rekha@foresee.com|SalesOrder.php
17 Sep 2018 11:43:52|31|rekha@foresee.com|SalesOrder.php
17 Sep 2018 11:43:53|31|rekha@foresee.com|SalesOrder.php
17 Sep 2018 11:43:56|31|rekha@foresee.com|SalesOrder.php
17 Sep 2018 11:43:58|31|rekha@foresee.com|SalesOrder.php
17 Sep 2018 11:45:05|31|rekha@foresee.com|SalesOrder.php
17 Sep 2018 11:45:07|31|rekha@foresee.com|SalesOrder.php
17 Sep 2018 11:45:20|31|rekha@foresee.com|SalesOrder.php
17 Sep 2018 11:45:21|31|rekha@foresee.com|SalesOrder.php
17 Sep 2018 11:45:23|31|rekha@foresee.com|SalesOrder.php
17 Sep 2018 11:45:24|31|rekha@foresee.com|SalesOrder.php
17 Sep 2018 11:45:26|31|rekha@foresee.com|SalesOrder.php
17 Sep 2018 11:45:27|31|rekha@foresee.com|SalesOrder.php
17 Sep 2018 11:45:28|31|rekha@foresee.com|SalesOrder.php
17 Sep 2018 11:45:29|31|rekha@foresee.com|SalesOrder.php
17 Sep 2018 11:45:31|31|rekha@foresee.com|SalesOrder.php
17 Sep 2018 11:45:31|20|shiji@forstarfoods.com|DailyCatchEntry_New.php
17 Sep 2018 11:45:32|31|rekha@foresee.com|SalesOrder.php
17 Sep 2018 11:45:35|31|rekha@foresee.com|SalesOrder.php
17 Sep 2018 11:45:38|29|kavitha@forstarfoods.com|Home.php
17 Sep 2018 11:45:42|31|rekha@foresee.com|SalesOrder.php
17 Sep 2018 11:45:43|31|rekha@foresee.com|SalesOrder.php
17 Sep 2018 11:45:45|29|kavitha@forstarfoods.com|DailyCatchSummary.php
17 Sep 2018 11:45:48|29|kavitha@forstarfoods.com|DailyCatchSummary.php
17 Sep 2018 11:45:48|31|rekha@foresee.com|SalesOrder.php
17 Sep 2018 11:45:49|31|rekha@foresee.com|SalesOrder.php
17 Sep 2018 11:45:51|31|rekha@foresee.com|SalesOrder.php
17 Sep 2018 11:45:52|31|rekha@foresee.com|SalesOrder.php
17 Sep 2018 11:45:53|31|rekha@foresee.com|SalesOrder.php
17 Sep 2018 11:45:54|31|rekha@foresee.com|SalesOrder.php
17 Sep 2018 11:45:55|31|rekha@foresee.com|SalesOrder.php
17 Sep 2018 11:46:03|31|rekha@foresee.com|SalesOrder.php
17 Sep 2018 11:46:05|31|rekha@foresee.com|SalesOrder.php
17 Sep 2018 11:46:16|29|kavitha@forstarfoods.com|DailyCatchSummary.php
17 Sep 2018 11:46:24|29|kavitha@forstarfoods.com|DailyCatchSummary.php
17 Sep 2018 11:46:34|29|kavitha@forstarfoods.com|DailyCatchSummary.php
17 Sep 2018 11:47:30|29|kavitha@forstarfoods.com|DailyCatchSummary.php
17 Sep 2018 11:47:43|31|rekha@foresee.com|SalesOrder.php
17 Sep 2018 11:47:43|29|kavitha@forstarfoods.com|DailyCatchSummary.php
17 Sep 2018 11:47:44|31|rekha@foresee.com|SalesOrder.php
17 Sep 2018 11:47:46|31|rekha@foresee.com|SalesOrder.php
17 Sep 2018 11:47:47|31|rekha@foresee.com|SalesOrder.php
17 Sep 2018 11:47:48|29|kavitha@forstarfoods.com|DailyCatchSummary.php
17 Sep 2018 11:47:49|31|rekha@foresee.com|SalesOrder.php
17 Sep 2018 11:47:50|31|rekha@foresee.com|SalesOrder.php
17 Sep 2018 11:47:51|31|rekha@foresee.com|SalesOrder.php
17 Sep 2018 11:47:53|31|rekha@foresee.com|SalesOrder.php
17 Sep 2018 11:47:54|31|rekha@foresee.com|SalesOrder.php
17 Sep 2018 11:48:06|31|rekha@foresee.com|SalesOrder.php
17 Sep 2018 11:48:10|31|rekha@foresee.com|SalesOrder.php
17 Sep 2018 11:48:13|31|rekha@foresee.com|SalesOrder.php
17 Sep 2018 11:48:14|31|rekha@foresee.com|SalesOrder.php
17 Sep 2018 11:48:19|31|rekha@foresee.com|SalesOrder.php
17 Sep 2018 11:48:20|31|rekha@foresee.com|SalesOrder.php
17 Sep 2018 11:48:22|31|rekha@foresee.com|SalesOrder.php
17 Sep 2018 11:48:23|31|rekha@foresee.com|SalesOrder.php
17 Sep 2018 11:48:24|31|rekha@foresee.com|SalesOrder.php
17 Sep 2018 11:48:25|31|rekha@foresee.com|SalesOrder.php
17 Sep 2018 11:48:27|31|rekha@foresee.com|SalesOrder.php
17 Sep 2018 11:48:31|31|rekha@foresee.com|SalesOrder.php
17 Sep 2018 11:48:33|31|rekha@foresee.com|SalesOrder.php
17 Sep 2018 11:49:07|29|kavitha@forstarfoods.com|DailyCatchSummary.php
17 Sep 2018 11:49:33|29|kavitha@forstarfoods.com|DailyCatchSummary.php
17 Sep 2018 11:49:39|29|kavitha@forstarfoods.com|DailyCatchSummary.php
17 Sep 2018 11:50:02|29|kavitha@forstarfoods.com|DailyCatchSummary.php
17 Sep 2018 11:50:13|29|kavitha@forstarfoods.com|DailyCatchSummary.php
17 Sep 2018 11:50:22|29|kavitha@forstarfoods.com|DailyCatchSummary.php
17 Sep 2018 11:50:32|20|shiji@forstarfoods.com|DailyCatchEntry_New.php
17 Sep 2018 11:52:10|29|kavitha@forstarfoods.com|DailyCatchSummary.php
17 Sep 2018 11:52:20|29|kavitha@forstarfoods.com|DailyCatchSummary.php
17 Sep 2018 11:52:30|29|kavitha@forstarfoods.com|DailyCatchSummary.php
17 Sep 2018 11:52:37|29|kavitha@forstarfoods.com|DailyCatchSummary.php
17 Sep 2018 11:53:24|29|kavitha@forstarfoods.com|DailyCatchSummary.php
17 Sep 2018 11:53:35|29|kavitha@forstarfoods.com|DailyCatchSummary.php
17 Sep 2018 11:54:14|31|rekha@foresee.com|SalesOrder.php
17 Sep 2018 11:54:20|31|rekha@foresee.com|SalesOrder.php
17 Sep 2018 11:54:22|31|rekha@foresee.com|SalesOrder.php
17 Sep 2018 11:54:23|31|rekha@foresee.com|SalesOrder.php
17 Sep 2018 11:54:25|31|rekha@foresee.com|SalesOrder.php
17 Sep 2018 11:54:26|31|rekha@foresee.com|SalesOrder.php
17 Sep 2018 11:54:34|31|rekha@foresee.com|SalesOrder.php
17 Sep 2018 11:54:36|31|rekha@foresee.com|SalesOrder.php
17 Sep 2018 11:54:41|31|rekha@foresee.com|SalesOrder.php
17 Sep 2018 11:54:52|29|kavitha@forstarfoods.com|DailyCatchSummary.php
17 Sep 2018 11:54:55|31|rekha@foresee.com|SalesOrder.php
17 Sep 2018 11:54:56|31|rekha@foresee.com|SalesOrder.php
17 Sep 2018 11:54:57|29|kavitha@forstarfoods.com|DailyCatchSummary.php
17 Sep 2018 11:55:00|31|rekha@foresee.com|SalesOrder.php
17 Sep 2018 11:55:04|31|rekha@foresee.com|SalesOrder.php
17 Sep 2018 11:55:07|31|rekha@foresee.com|SalesOrder.php
17 Sep 2018 11:55:08|29|kavitha@forstarfoods.com|DailyCatchSummary.php
17 Sep 2018 11:55:09|31|rekha@foresee.com|SalesOrder.php
17 Sep 2018 11:55:13|31|rekha@foresee.com|SalesOrder.php
17 Sep 2018 11:55:15|31|rekha@foresee.com|SalesOrder.php
17 Sep 2018 11:55:16|31|rekha@foresee.com|SalesOrder.php
17 Sep 2018 11:55:17|31|rekha@foresee.com|SalesOrder.php
17 Sep 2018 11:55:18|31|rekha@foresee.com|SalesOrder.php
17 Sep 2018 11:55:19|31|rekha@foresee.com|SalesOrder.php
17 Sep 2018 11:55:21|31|rekha@foresee.com|SalesOrder.php
17 Sep 2018 11:55:29|31|rekha@foresee.com|SalesOrder.php
17 Sep 2018 11:55:31|31|rekha@foresee.com|SalesOrder.php
17 Sep 2018 11:55:34|20|shiji@forstarfoods.com|DailyCatchEntry_New.php
17 Sep 2018 11:55:35|29|kavitha@forstarfoods.com|DailyCatchSummary.php
17 Sep 2018 11:55:45|29|kavitha@forstarfoods.com|DailyCatchSummary.php
17 Sep 2018 11:56:21|29|kavitha@forstarfoods.com|DailyCatchSummary.php
17 Sep 2018 11:56:54|29|kavitha@forstarfoods.com|DailyCatchSummary.php
17 Sep 2018 11:56:58|29|kavitha@forstarfoods.com|DailyCatchSummary.php
17 Sep 2018 11:57:16|29|kavitha@forstarfoods.com|DailyCatchSummary.php
17 Sep 2018 11:57:33|29|kavitha@forstarfoods.com|DailyCatchSummary.php
17 Sep 2018 11:57:42|31|rekha@foresee.com|SalesOrder.php
17 Sep 2018 11:57:45|31|rekha@foresee.com|SalesOrder.php
17 Sep 2018 11:57:53|29|kavitha@forstarfoods.com|DailyCatchSummary.php
17 Sep 2018 11:57:57|31|rekha@foresee.com|SalesOrder.php
17 Sep 2018 11:57:58|31|rekha@foresee.com|SalesOrder.php
17 Sep 2018 11:58:00|29|kavitha@forstarfoods.com|DailyCatchSummary.php
17 Sep 2018 11:58:03|31|rekha@foresee.com|SalesOrder.php
17 Sep 2018 11:58:10|31|rekha@foresee.com|SalesOrder.php
17 Sep 2018 11:58:12|31|rekha@foresee.com|SalesOrder.php
17 Sep 2018 11:58:15|31|rekha@foresee.com|SalesOrder.php
17 Sep 2018 11:58:17|31|rekha@foresee.com|SalesOrder.php
17 Sep 2018 11:58:22|31|rekha@foresee.com|SalesOrder.php
17 Sep 2018 11:58:24|29|kavitha@forstarfoods.com|DailyCatchSummary.php
17 Sep 2018 11:58:28|31|rekha@foresee.com|SalesOrder.php
17 Sep 2018 11:58:29|31|rekha@foresee.com|SalesOrder.php
17 Sep 2018 11:58:31|31|rekha@foresee.com|SalesOrder.php
17 Sep 2018 11:58:32|31|rekha@foresee.com|SalesOrder.php
17 Sep 2018 11:58:33|31|rekha@foresee.com|SalesOrder.php
17 Sep 2018 11:58:37|31|rekha@foresee.com|SalesOrder.php
17 Sep 2018 11:58:39|31|rekha@foresee.com|SalesOrder.php
17 Sep 2018 11:58:40|31|rekha@foresee.com|SalesOrder.php
17 Sep 2018 11:58:41|31|rekha@foresee.com|SalesOrder.php
17 Sep 2018 11:58:42|31|rekha@foresee.com|SalesOrder.php
17 Sep 2018 11:58:43|31|rekha@foresee.com|SalesOrder.php
17 Sep 2018 11:58:45|31|rekha@foresee.com|SalesOrder.php
17 Sep 2018 11:58:46|31|rekha@foresee.com|SalesOrder.php
17 Sep 2018 11:58:50|31|rekha@foresee.com|SalesOrder.php
17 Sep 2018 11:58:53|31|rekha@foresee.com|SalesOrder.php
17 Sep 2018 11:58:54|31|rekha@foresee.com|SalesOrder.php
17 Sep 2018 11:58:59|31|rekha@foresee.com|SalesOrder.php
17 Sep 2018 11:59:00|29|kavitha@forstarfoods.com|DailyCatchSummary.php
17 Sep 2018 11:59:01|31|rekha@foresee.com|SalesOrder.php
17 Sep 2018 11:59:25|29|kavitha@forstarfoods.com|DailyCatchSummary.php
17 Sep 2018 12:00:35|20|shiji@forstarfoods.com|DailyCatchEntry_New.php
17 Sep 2018 12:00:44|31|rekha@foresee.com|DistributorMaster.php
17 Sep 2018 12:00:50|20|shiji@forstarfoods.com|DailyCatchEntry_New.php
17 Sep 2018 12:00:54|20|shiji@forstarfoods.com|DailyCatchEntry_New.php
17 Sep 2018 12:00:55|20|shiji@forstarfoods.com|CatchEntryDeclaredItem.php
17 Sep 2018 12:01:24|31|rekha@foresee.com|DistributorMaster.php
17 Sep 2018 12:01:27|31|rekha@foresee.com|DistributorMaster.php
17 Sep 2018 12:01:55|31|rekha@foresee.com|SalesOrder.php
17 Sep 2018 12:01:57|31|rekha@foresee.com|SalesOrder.php
17 Sep 2018 12:01:58|31|rekha@foresee.com|SalesOrder.php
17 Sep 2018 12:02:03|31|rekha@foresee.com|SalesOrder.php
17 Sep 2018 12:02:08|31|rekha@foresee.com|SalesOrder.php
17 Sep 2018 12:02:10|31|rekha@foresee.com|SalesOrder.php
17 Sep 2018 12:02:11|31|rekha@foresee.com|SalesOrder.php
17 Sep 2018 12:02:12|31|rekha@foresee.com|SalesOrder.php
17 Sep 2018 12:02:24|31|rekha@foresee.com|SalesOrder.php
17 Sep 2018 12:02:26|31|rekha@foresee.com|SalesOrder.php
17 Sep 2018 12:02:27|31|rekha@foresee.com|SalesOrder.php
17 Sep 2018 12:02:28|31|rekha@foresee.com|SalesOrder.php
17 Sep 2018 12:02:29|31|rekha@foresee.com|SalesOrder.php
17 Sep 2018 12:02:31|31|rekha@foresee.com|SalesOrder.php
17 Sep 2018 12:02:32|31|rekha@foresee.com|SalesOrder.php
17 Sep 2018 12:02:38|20|shiji@forstarfoods.com|DailyCatchEntry_New.php
17 Sep 2018 12:02:39|31|rekha@foresee.com|SalesOrder.php
17 Sep 2018 12:02:41|31|rekha@foresee.com|SalesOrder.php
17 Sep 2018 12:02:47|20|shiji@forstarfoods.com|DailyCatchEntry_New.php
17 Sep 2018 12:02:50|20|shiji@forstarfoods.com|DailyCatchEntry_New.php
17 Sep 2018 12:02:54|20|shiji@forstarfoods.com|DailyCatchEntry_New.php
17 Sep 2018 12:02:55|20|shiji@forstarfoods.com|DailyCatchEntry_New.php
17 Sep 2018 12:02:56|20|shiji@forstarfoods.com|DailyCatchEntry_New.php
17 Sep 2018 12:02:57|20|shiji@forstarfoods.com|DailyCatchEntry_New.php
17 Sep 2018 12:02:59|20|shiji@forstarfoods.com|DailyCatchEntry_New.php
17 Sep 2018 12:03:00|20|shiji@forstarfoods.com|DailyCatchEntry_New.php
17 Sep 2018 12:03:01|20|shiji@forstarfoods.com|DailyCatchEntry_New.php
17 Sep 2018 12:03:02|20|shiji@forstarfoods.com|DailyCatchEntry_New.php
17 Sep 2018 12:03:04|20|shiji@forstarfoods.com|DailyCatchEntry_New.php
17 Sep 2018 12:03:05|20|shiji@forstarfoods.com|DailyCatchEntry_New.php
17 Sep 2018 12:03:06|20|shiji@forstarfoods.com|DailyCatchEntry_New.php
17 Sep 2018 12:03:07|20|shiji@forstarfoods.com|DailyCatchEntry_New.php
17 Sep 2018 12:03:09|20|shiji@forstarfoods.com|DailyCatchEntry_New.php
17 Sep 2018 12:03:10|20|shiji@forstarfoods.com|DailyCatchEntry_New.php
17 Sep 2018 12:03:11|20|shiji@forstarfoods.com|DailyCatchEntry_New.php
17 Sep 2018 12:03:12|20|shiji@forstarfoods.com|DailyCatchEntry_New.php
17 Sep 2018 12:03:16|31|rekha@foresee.com|DistributorMaster.php
17 Sep 2018 12:04:42|31|rekha@foresee.com|TaxMaster.php
17 Sep 2018 12:04:52|20|shiji@forstarfoods.com|DailyCatchEntry_New.php
17 Sep 2018 12:04:54|20|shiji@forstarfoods.com|DailyCatchEntry_New.php
17 Sep 2018 12:04:55|20|shiji@forstarfoods.com|CatchEntryDeclaredItem.php
17 Sep 2018 12:04:58|20|shiji@forstarfoods.com|DailyCatchEntry_New.php
17 Sep 2018 12:05:00|20|shiji@forstarfoods.com|DailyCatchEntry_New.php
17 Sep 2018 12:05:03|20|shiji@forstarfoods.com|DailyCatchEntry_New.php
17 Sep 2018 12:05:05|20|shiji@forstarfoods.com|DailyCatchEntry_New.php
17 Sep 2018 12:05:06|20|shiji@forstarfoods.com|DailyCatchEntry_New.php
17 Sep 2018 12:05:07|20|shiji@forstarfoods.com|DailyCatchEntry_New.php
17 Sep 2018 12:05:08|20|shiji@forstarfoods.com|DailyCatchEntry_New.php
17 Sep 2018 12:05:10|20|shiji@forstarfoods.com|DailyCatchEntry_New.php
17 Sep 2018 12:05:11|20|shiji@forstarfoods.com|DailyCatchEntry_New.php
17 Sep 2018 12:05:12|20|shiji@forstarfoods.com|DailyCatchEntry_New.php
17 Sep 2018 12:05:26|20|shiji@forstarfoods.com|DailyCatchEntry_New.php
17 Sep 2018 12:05:32|20|shiji@forstarfoods.com|DailyCatchEntry_New.php
17 Sep 2018 12:05:34|20|shiji@forstarfoods.com|CatchEntryDeclaredItem.php
17 Sep 2018 12:05:36|20|shiji@forstarfoods.com|DailyCatchEntry_New.php
17 Sep 2018 12:05:40|20|shiji@forstarfoods.com|DailyCatchEntry_New.php
17 Sep 2018 12:05:43|20|shiji@forstarfoods.com|DailyCatchEntry_New.php
17 Sep 2018 12:05:58|20|shiji@forstarfoods.com|DailyCatchEntry_New.php
17 Sep 2018 12:05:59|20|shiji@forstarfoods.com|DailyCatchEntry_New.php
17 Sep 2018 12:06:00|20|shiji@forstarfoods.com|DailyCatchEntry_New.php
17 Sep 2018 12:06:01|20|shiji@forstarfoods.com|DailyCatchEntry_New.php
17 Sep 2018 12:06:03|20|shiji@forstarfoods.com|DailyCatchEntry_New.php
17 Sep 2018 12:06:04|20|shiji@forstarfoods.com|DailyCatchEntry_New.php
17 Sep 2018 12:06:05|20|shiji@forstarfoods.com|DailyCatchEntry_New.php
17 Sep 2018 12:06:06|20|shiji@forstarfoods.com|DailyCatchEntry_New.php
17 Sep 2018 12:06:08|20|shiji@forstarfoods.com|DailyCatchEntry_New.php
17 Sep 2018 12:06:09|20|shiji@forstarfoods.com|DailyCatchEntry_New.php
17 Sep 2018 12:06:10|20|shiji@forstarfoods.com|DailyCatchEntry_New.php
17 Sep 2018 12:06:11|20|shiji@forstarfoods.com|DailyCatchEntry_New.php
17 Sep 2018 12:07:00|20|shiji@forstarfoods.com|DailyCatchEntry_New.php
17 Sep 2018 12:07:03|20|shiji@forstarfoods.com|DailyCatchEntry_New.php
17 Sep 2018 12:07:04|20|shiji@forstarfoods.com|CatchEntryDeclaredItem.php
17 Sep 2018 12:07:14|20|shiji@forstarfoods.com|DailyCatchEntry_New.php
17 Sep 2018 12:07:17|20|shiji@forstarfoods.com|DailyCatchEntry_New.php
17 Sep 2018 12:07:19|20|shiji@forstarfoods.com|DailyCatchEntry_New.php
17 Sep 2018 12:07:21|20|shiji@forstarfoods.com|DailyCatchEntry_New.php
17 Sep 2018 12:07:22|20|shiji@forstarfoods.com|DailyCatchEntry_New.php
17 Sep 2018 12:07:23|20|shiji@forstarfoods.com|DailyCatchEntry_New.php
17 Sep 2018 12:07:24|20|shiji@forstarfoods.com|DailyCatchEntry_New.php
17 Sep 2018 12:07:26|20|shiji@forstarfoods.com|DailyCatchEntry_New.php
17 Sep 2018 12:07:27|20|shiji@forstarfoods.com|DailyCatchEntry_New.php
17 Sep 2018 12:07:28|20|shiji@forstarfoods.com|DailyCatchEntry_New.php
17 Sep 2018 12:07:34|20|shiji@forstarfoods.com|DailyCatchEntry_New.php
17 Sep 2018 12:07:40|20|shiji@forstarfoods.com|DailyCatchEntry_New.php
17 Sep 2018 12:07:41|20|shiji@forstarfoods.com|CatchEntryDeclaredItem.php
17 Sep 2018 12:07:45|20|shiji@forstarfoods.com|DailyCatchEntry_New.php
17 Sep 2018 12:07:47|20|shiji@forstarfoods.com|DailyCatchEntry_New.php
17 Sep 2018 12:07:48|20|shiji@forstarfoods.com|DailyCatchEntry_New.php
17 Sep 2018 12:07:49|20|shiji@forstarfoods.com|DailyCatchEntry_New.php
17 Sep 2018 12:07:53|20|shiji@forstarfoods.com|DailyCatchEntry_New.php
17 Sep 2018 12:07:54|20|shiji@forstarfoods.com|CatchEntryDeclaredItem.php
17 Sep 2018 12:08:06|31|rekha@foresee.com|StateVatMaster.php
17 Sep 2018 12:08:08|20|shiji@forstarfoods.com|DailyCatchEntry_New.php
17 Sep 2018 12:08:11|20|shiji@forstarfoods.com|DailyCatchEntry_New.php
17 Sep 2018 12:08:13|20|shiji@forstarfoods.com|DailyCatchEntry_New.php
17 Sep 2018 12:08:14|31|rekha@foresee.com|SalesOrder.php
17 Sep 2018 12:08:16|20|shiji@forstarfoods.com|DailyCatchEntry_New.php
17 Sep 2018 12:08:17|20|shiji@forstarfoods.com|DailyCatchEntry_New.php
17 Sep 2018 12:08:18|20|shiji@forstarfoods.com|DailyCatchEntry_New.php
17 Sep 2018 12:08:19|31|rekha@foresee.com|SalesOrder.php
17 Sep 2018 12:08:20|20|shiji@forstarfoods.com|DailyCatchEntry_New.php
17 Sep 2018 12:08:20|31|rekha@foresee.com|SalesOrder.php
17 Sep 2018 12:08:21|20|shiji@forstarfoods.com|DailyCatchEntry_New.php
17 Sep 2018 12:08:22|31|rekha@foresee.com|SalesOrder.php
17 Sep 2018 12:08:22|20|shiji@forstarfoods.com|DailyCatchEntry_New.php
17 Sep 2018 12:08:23|31|rekha@foresee.com|SalesOrder.php
17 Sep 2018 12:08:23|20|shiji@forstarfoods.com|DailyCatchEntry_New.php
17 Sep 2018 12:08:24|31|rekha@foresee.com|SalesOrder.php
17 Sep 2018 12:08:24|20|shiji@forstarfoods.com|DailyCatchEntry_New.php
17 Sep 2018 12:08:26|20|shiji@forstarfoods.com|DailyCatchEntry_New.php
17 Sep 2018 12:08:27|20|shiji@forstarfoods.com|DailyCatchEntry_New.php
17 Sep 2018 12:08:28|20|shiji@forstarfoods.com|DailyCatchEntry_New.php
17 Sep 2018 12:08:29|20|shiji@forstarfoods.com|DailyCatchEntry_New.php
17 Sep 2018 12:08:30|31|rekha@foresee.com|SalesOrder.php
17 Sep 2018 12:08:31|20|shiji@forstarfoods.com|DailyCatchEntry_New.php
17 Sep 2018 12:08:32|20|shiji@forstarfoods.com|DailyCatchEntry_New.php
17 Sep 2018 12:08:33|20|shiji@forstarfoods.com|DailyCatchEntry_New.php
17 Sep 2018 12:08:34|20|shiji@forstarfoods.com|DailyCatchEntry_New.php
17 Sep 2018 12:08:35|20|shiji@forstarfoods.com|DailyCatchEntry_New.php
17 Sep 2018 12:08:37|20|shiji@forstarfoods.com|DailyCatchEntry_New.php
17 Sep 2018 12:08:38|20|shiji@forstarfoods.com|DailyCatchEntry_New.php
17 Sep 2018 12:08:39|20|shiji@forstarfoods.com|DailyCatchEntry_New.php
17 Sep 2018 12:08:39|31|rekha@foresee.com|SalesOrder.php
17 Sep 2018 12:08:40|20|shiji@forstarfoods.com|DailyCatchEntry_New.php
17 Sep 2018 12:08:42|20|shiji@forstarfoods.com|DailyCatchEntry_New.php
17 Sep 2018 12:08:43|20|shiji@forstarfoods.com|DailyCatchEntry_New.php
17 Sep 2018 12:08:43|31|rekha@foresee.com|SalesOrder.php
17 Sep 2018 12:08:44|20|shiji@forstarfoods.com|DailyCatchEntry_New.php
17 Sep 2018 12:08:44|31|rekha@foresee.com|SalesOrder.php
17 Sep 2018 12:08:45|20|shiji@forstarfoods.com|DailyCatchEntry_New.php
17 Sep 2018 12:08:47|31|rekha@foresee.com|SalesOrder.php
17 Sep 2018 12:08:51|31|rekha@foresee.com|SalesOrder.php