
13 Aug 2018 10:45:34|30|pritirm@forstarfoods.com|DailyCatchEntry_New.php
13 Aug 2018 10:45:35|30|pritirm@forstarfoods.com|DailyCatchEntry_New.php
13 Aug 2018 10:45:36|30|pritirm@forstarfoods.com|DailyCatchEntry_New.php
13 Aug 2018 10:45:37|30|pritirm@forstarfoods.com|DailyCatchEntry_New.php
13 Aug 2018 10:45:39|30|pritirm@forstarfoods.com|DailyCatchEntry_New.php
13 Aug 2018 10:45:40|30|pritirm@forstarfoods.com|DailyCatchEntry_New.php
13 Aug 2018 10:45:40|20|shiji@forstarfoods.com|DailyCatchEntry_New.php
13 Aug 2018 10:45:44|30|pritirm@forstarfoods.com|DailyCatchEntry_New.php
13 Aug 2018 10:45:45|30|pritirm@forstarfoods.com|CatchEntryDeclaredItem.php
13 Aug 2018 10:45:51|30|pritirm@forstarfoods.com|DailyCatchEntry_New.php
13 Aug 2018 10:45:52|30|pritirm@forstarfoods.com|DailyCatchEntry_New.php
13 Aug 2018 10:45:54|30|pritirm@forstarfoods.com|DailyCatchEntry_New.php
13 Aug 2018 10:45:55|20|shiji@forstarfoods.com|DailyCatchEntry_New.php
13 Aug 2018 10:45:55|30|pritirm@forstarfoods.com|DailyCatchEntry_New.php
13 Aug 2018 10:45:55|31|rekha@foresee.com|Home.php
13 Aug 2018 10:46:03|20|shiji@forstarfoods.com|DailyCatchEntry_New.php
13 Aug 2018 10:46:08|30|pritirm@forstarfoods.com|DailyCatchEntry_New.php
13 Aug 2018 10:46:09|30|pritirm@forstarfoods.com|CatchEntryDeclaredItem.php
13 Aug 2018 10:46:10|20|shiji@forstarfoods.com|DailyCatchEntry_New.php
13 Aug 2018 10:46:11|20|shiji@forstarfoods.com|CatchEntryDeclaredItem.php
13 Aug 2018 10:46:16|20|shiji@forstarfoods.com|DailyCatchEntry_New.php
13 Aug 2018 10:46:16|30|pritirm@forstarfoods.com|DailyCatchEntry_New.php
13 Aug 2018 10:46:17|20|shiji@forstarfoods.com|DailyCatchEntry_New.php
13 Aug 2018 10:46:18|30|pritirm@forstarfoods.com|DailyCatchEntry_New.php
13 Aug 2018 10:46:19|20|shiji@forstarfoods.com|DailyCatchEntry_New.php
13 Aug 2018 10:46:19|30|pritirm@forstarfoods.com|DailyCatchEntry_New.php
13 Aug 2018 10:46:20|30|pritirm@forstarfoods.com|DailyCatchEntry_New.php
13 Aug 2018 10:46:21|30|pritirm@forstarfoods.com|DailyCatchEntry_New.php
13 Aug 2018 10:46:22|30|pritirm@forstarfoods.com|DailyCatchEntry_New.php
13 Aug 2018 10:46:26|30|pritirm@forstarfoods.com|DailyCatchEntry_New.php
13 Aug 2018 10:46:27|30|pritirm@forstarfoods.com|DailyCatchEntry_New.php
13 Aug 2018 10:46:29|30|pritirm@forstarfoods.com|DailyCatchEntry_New.php
13 Aug 2018 10:46:38|30|pritirm@forstarfoods.com|DailyCatchEntry_New.php
13 Aug 2018 10:46:40|30|pritirm@forstarfoods.com|DailyCatchEntry_New.php
13 Aug 2018 10:46:41|30|pritirm@forstarfoods.com|DailyCatchEntry_New.php
13 Aug 2018 10:46:43|30|pritirm@forstarfoods.com|DailyCatchEntry_New.php
13 Aug 2018 10:46:44|20|shiji@forstarfoods.com|DailyCatchEntry_New.php
13 Aug 2018 10:46:44|30|pritirm@forstarfoods.com|DailyCatchEntry_New.php
13 Aug 2018 10:46:45|30|pritirm@forstarfoods.com|DailyCatchEntry_New.php
13 Aug 2018 10:46:46|30|pritirm@forstarfoods.com|DailyCatchEntry_New.php
13 Aug 2018 10:46:47|30|pritirm@forstarfoods.com|DailyCatchEntry_New.php
13 Aug 2018 10:46:48|20|shiji@forstarfoods.com|DailyCatchEntry_New.php
13 Aug 2018 10:46:49|30|pritirm@forstarfoods.com|DailyCatchEntry_New.php
13 Aug 2018 10:46:49|20|shiji@forstarfoods.com|CatchEntryDeclaredItem.php
13 Aug 2018 10:46:51|30|pritirm@forstarfoods.com|DailyCatchEntry_New.php
13 Aug 2018 10:46:52|30|pritirm@forstarfoods.com|CatchEntryDeclaredItem.php
13 Aug 2018 10:46:58|30|pritirm@forstarfoods.com|DailyCatchEntry_New.php
13 Aug 2018 10:46:59|30|pritirm@forstarfoods.com|DailyCatchEntry_New.php
13 Aug 2018 10:47:01|30|pritirm@forstarfoods.com|DailyCatchEntry_New.php
13 Aug 2018 10:47:03|30|pritirm@forstarfoods.com|DailyCatchEntry_New.php
13 Aug 2018 10:47:04|30|pritirm@forstarfoods.com|DailyCatchEntry_New.php
13 Aug 2018 10:47:05|30|pritirm@forstarfoods.com|DailyCatchEntry_New.php
13 Aug 2018 10:47:06|30|pritirm@forstarfoods.com|DailyCatchEntry_New.php
13 Aug 2018 10:47:07|31|rekha@foresee.com|ManageGatePass.php
13 Aug 2018 10:47:07|30|pritirm@forstarfoods.com|DailyCatchEntry_New.php
13 Aug 2018 10:47:09|30|pritirm@forstarfoods.com|DailyCatchEntry_New.php
13 Aug 2018 10:47:09|20|shiji@forstarfoods.com|DailyCatchEntry_New.php
13 Aug 2018 10:47:10|30|pritirm@forstarfoods.com|DailyCatchEntry_New.php
13 Aug 2018 10:47:13|30|pritirm@forstarfoods.com|DailyCatchEntry_New.php
13 Aug 2018 10:47:14|20|shiji@forstarfoods.com|DailyCatchEntry_New.php
13 Aug 2018 10:47:14|30|pritirm@forstarfoods.com|CatchEntryDeclaredItem.php
13 Aug 2018 10:47:16|20|shiji@forstarfoods.com|DailyCatchEntry_New.php
13 Aug 2018 10:47:18|30|pritirm@forstarfoods.com|DailyCatchEntry_New.php
13 Aug 2018 10:47:18|31|rekha@foresee.com|ManageGatePass.php
13 Aug 2018 10:47:19|30|pritirm@forstarfoods.com|DailyCatchEntry_New.php
13 Aug 2018 10:47:19|20|shiji@forstarfoods.com|DailyCatchEntry_New.php
13 Aug 2018 10:47:21|20|shiji@forstarfoods.com|DailyCatchEntry_New.php
13 Aug 2018 10:47:21|30|pritirm@forstarfoods.com|DailyCatchEntry_New.php
13 Aug 2018 10:47:22|20|shiji@forstarfoods.com|DailyCatchEntry_New.php
13 Aug 2018 10:47:22|30|pritirm@forstarfoods.com|DailyCatchEntry_New.php
13 Aug 2018 10:47:23|20|shiji@forstarfoods.com|DailyCatchEntry_New.php
13 Aug 2018 10:47:24|31|rekha@foresee.com|ManageGatePass.php
13 Aug 2018 10:47:24|30|pritirm@forstarfoods.com|DailyCatchEntry_New.php
13 Aug 2018 10:47:24|20|shiji@forstarfoods.com|DailyCatchEntry_New.php
13 Aug 2018 10:47:25|30|pritirm@forstarfoods.com|DailyCatchEntry_New.php
13 Aug 2018 10:47:26|20|shiji@forstarfoods.com|DailyCatchEntry_New.php
13 Aug 2018 10:47:26|30|pritirm@forstarfoods.com|DailyCatchEntry_New.php
13 Aug 2018 10:47:27|20|shiji@forstarfoods.com|DailyCatchEntry_New.php
13 Aug 2018 10:47:27|30|pritirm@forstarfoods.com|DailyCatchEntry_New.php
13 Aug 2018 10:47:28|20|shiji@forstarfoods.com|DailyCatchEntry_New.php
13 Aug 2018 10:47:28|30|pritirm@forstarfoods.com|DailyCatchEntry_New.php
13 Aug 2018 10:47:29|20|shiji@forstarfoods.com|DailyCatchEntry_New.php
13 Aug 2018 10:47:30|20|shiji@forstarfoods.com|DailyCatchEntry_New.php
13 Aug 2018 10:47:31|30|pritirm@forstarfoods.com|DailyCatchEntry_New.php
13 Aug 2018 10:47:32|20|shiji@forstarfoods.com|DailyCatchEntry_New.php
13 Aug 2018 10:47:32|30|pritirm@forstarfoods.com|CatchEntryDeclaredItem.php
13 Aug 2018 10:47:33|20|shiji@forstarfoods.com|DailyCatchEntry_New.php
13 Aug 2018 10:47:36|31|rekha@foresee.com|IngredientSpex.php
13 Aug 2018 10:47:37|30|pritirm@forstarfoods.com|DailyCatchEntry_New.php
13 Aug 2018 10:47:39|30|pritirm@forstarfoods.com|DailyCatchEntry_New.php
13 Aug 2018 10:47:39|31|rekha@foresee.com|IngredientMainCategory.php
13 Aug 2018 10:47:41|30|pritirm@forstarfoods.com|DailyCatchEntry_New.php
13 Aug 2018 10:47:42|30|pritirm@forstarfoods.com|DailyCatchEntry_New.php
13 Aug 2018 10:47:44|30|pritirm@forstarfoods.com|DailyCatchEntry_New.php
13 Aug 2018 10:47:44|31|rekha@foresee.com|IngredientCategory.php
13 Aug 2018 10:47:45|30|pritirm@forstarfoods.com|DailyCatchEntry_New.php
13 Aug 2018 10:47:46|31|rekha@foresee.com|IngredientsMaster.php
13 Aug 2018 10:47:46|30|pritirm@forstarfoods.com|DailyCatchEntry_New.php
13 Aug 2018 10:47:47|30|pritirm@forstarfoods.com|DailyCatchEntry_New.php
13 Aug 2018 10:47:49|30|pritirm@forstarfoods.com|DailyCatchEntry_New.php
13 Aug 2018 10:47:51|20|shiji@forstarfoods.com|DailyCatchEntry_New.php
13 Aug 2018 10:47:51|30|pritirm@forstarfoods.com|DailyCatchEntry_New.php
13 Aug 2018 10:47:52|30|pritirm@forstarfoods.com|CatchEntryDeclaredItem.php
13 Aug 2018 10:47:53|31|rekha@foresee.com|IngredientsMaster.php
13 Aug 2018 10:47:53|20|shiji@forstarfoods.com|DailyCatchEntry_New.php
13 Aug 2018 10:47:55|20|shiji@forstarfoods.com|CatchEntryDeclaredItem.php
13 Aug 2018 10:47:59|31|rekha@foresee.com|IngredientsMaster.php
13 Aug 2018 10:48:03|30|pritirm@forstarfoods.com|DailyCatchEntry_New.php
13 Aug 2018 10:48:04|30|pritirm@forstarfoods.com|DailyCatchEntry_New.php
13 Aug 2018 10:48:05|20|shiji@forstarfoods.com|DailyCatchEntry_New.php
13 Aug 2018 10:48:05|30|pritirm@forstarfoods.com|DailyCatchEntry_New.php
13 Aug 2018 10:48:06|20|shiji@forstarfoods.com|DailyCatchEntry_New.php
13 Aug 2018 10:48:07|20|shiji@forstarfoods.com|DailyCatchEntry_New.php
13 Aug 2018 10:48:10|20|shiji@forstarfoods.com|DailyCatchEntry_New.php
13 Aug 2018 10:48:13|20|shiji@forstarfoods.com|DailyCatchEntry_New.php
13 Aug 2018 10:48:15|20|shiji@forstarfoods.com|CatchEntryDeclaredItem.php
13 Aug 2018 10:48:18|30|pritirm@forstarfoods.com|DailyCatchEntry_New.php
13 Aug 2018 10:48:23|30|pritirm@forstarfoods.com|DailyCatchEntry_New.php
13 Aug 2018 10:48:25|30|pritirm@forstarfoods.com|CatchEntryDeclaredItem.php
13 Aug 2018 10:48:29|20|shiji@forstarfoods.com|DailyCatchEntry_New.php
13 Aug 2018 10:48:32|20|shiji@forstarfoods.com|DailyCatchEntry_New.php
13 Aug 2018 10:48:34|20|shiji@forstarfoods.com|DailyCatchEntry_New.php
13 Aug 2018 10:48:36|20|shiji@forstarfoods.com|DailyCatchEntry_New.php
13 Aug 2018 10:48:37|30|pritirm@forstarfoods.com|DailyCatchEntry_New.php
13 Aug 2018 10:48:38|20|shiji@forstarfoods.com|DailyCatchEntry_New.php
13 Aug 2018 10:48:38|30|pritirm@forstarfoods.com|DailyCatchEntry_New.php
13 Aug 2018 10:48:39|20|shiji@forstarfoods.com|DailyCatchEntry_New.php
13 Aug 2018 10:48:39|30|pritirm@forstarfoods.com|DailyCatchEntry_New.php
13 Aug 2018 10:48:40|20|shiji@forstarfoods.com|DailyCatchEntry_New.php
13 Aug 2018 10:48:40|30|pritirm@forstarfoods.com|DailyCatchEntry_New.php
13 Aug 2018 10:48:41|20|shiji@forstarfoods.com|DailyCatchEntry_New.php
13 Aug 2018 10:48:42|30|pritirm@forstarfoods.com|DailyCatchEntry_New.php
13 Aug 2018 10:48:43|20|shiji@forstarfoods.com|DailyCatchEntry_New.php
13 Aug 2018 10:48:43|30|pritirm@forstarfoods.com|DailyCatchEntry_New.php
13 Aug 2018 10:48:44|20|shiji@forstarfoods.com|DailyCatchEntry_New.php
13 Aug 2018 10:48:45|20|shiji@forstarfoods.com|DailyCatchEntry_New.php
13 Aug 2018 10:48:46|20|shiji@forstarfoods.com|DailyCatchEntry_New.php
13 Aug 2018 10:48:46|30|pritirm@forstarfoods.com|DailyCatchEntry_New.php
13 Aug 2018 10:48:48|20|shiji@forstarfoods.com|DailyCatchEntry_New.php
13 Aug 2018 10:48:49|20|shiji@forstarfoods.com|DailyCatchEntry_New.php
13 Aug 2018 10:48:50|20|shiji@forstarfoods.com|DailyCatchEntry_New.php
13 Aug 2018 10:48:51|30|pritirm@forstarfoods.com|DailyCatchEntry_New.php
13 Aug 2018 10:48:51|20|shiji@forstarfoods.com|DailyCatchEntry_New.php
13 Aug 2018 10:48:53|20|shiji@forstarfoods.com|DailyCatchEntry_New.php
13 Aug 2018 10:48:53|30|pritirm@forstarfoods.com|DailyCatchEntry_New.php
13 Aug 2018 10:48:54|20|shiji@forstarfoods.com|DailyCatchEntry_New.php
13 Aug 2018 10:48:55|20|shiji@forstarfoods.com|DailyCatchEntry_New.php
13 Aug 2018 10:48:57|20|shiji@forstarfoods.com|DailyCatchEntry_New.php
13 Aug 2018 10:48:59|20|shiji@forstarfoods.com|DailyCatchEntry_New.php
13 Aug 2018 10:49:01|20|shiji@forstarfoods.com|CatchEntryDeclaredItem.php
13 Aug 2018 10:49:10|20|shiji@forstarfoods.com|DailyCatchEntry_New.php
13 Aug 2018 10:49:13|20|shiji@forstarfoods.com|DailyCatchEntry_New.php
13 Aug 2018 10:49:16|20|shiji@forstarfoods.com|DailyCatchEntry_New.php
13 Aug 2018 10:49:17|20|shiji@forstarfoods.com|DailyCatchEntry_New.php
13 Aug 2018 10:49:19|20|shiji@forstarfoods.com|DailyCatchEntry_New.php
13 Aug 2018 10:49:20|20|shiji@forstarfoods.com|DailyCatchEntry_New.php
13 Aug 2018 10:49:21|20|shiji@forstarfoods.com|DailyCatchEntry_New.php
13 Aug 2018 10:49:22|20|shiji@forstarfoods.com|DailyCatchEntry_New.php
13 Aug 2018 10:49:24|20|shiji@forstarfoods.com|DailyCatchEntry_New.php
13 Aug 2018 10:49:25|20|shiji@forstarfoods.com|DailyCatchEntry_New.php
13 Aug 2018 10:49:25|30|pritirm@forstarfoods.com|DailyCatchEntry_New.php
13 Aug 2018 10:49:26|20|shiji@forstarfoods.com|DailyCatchEntry_New.php
13 Aug 2018 10:49:26|30|pritirm@forstarfoods.com|DailyCatchEntry_New.php
13 Aug 2018 10:49:27|20|shiji@forstarfoods.com|DailyCatchEntry_New.php
13 Aug 2018 10:49:27|30|pritirm@forstarfoods.com|DailyCatchEntry_New.php
13 Aug 2018 10:49:28|20|shiji@forstarfoods.com|DailyCatchEntry_New.php
13 Aug 2018 10:49:29|30|pritirm@forstarfoods.com|DailyCatchEntry_New.php
13 Aug 2018 10:49:30|20|shiji@forstarfoods.com|DailyCatchEntry_New.php
13 Aug 2018 10:49:30|30|pritirm@forstarfoods.com|DailyCatchEntry_New.php
13 Aug 2018 10:49:31|30|pritirm@forstarfoods.com|DailyCatchEntry_New.php
13 Aug 2018 10:49:32|30|pritirm@forstarfoods.com|DailyCatchEntry_New.php
13 Aug 2018 10:49:35|30|pritirm@forstarfoods.com|DailyCatchEntry_New.php
13 Aug 2018 10:49:40|20|shiji@forstarfoods.com|DailyCatchEntry_New.php
13 Aug 2018 10:49:42|30|pritirm@forstarfoods.com|CatchEntryDeclaredItem.php
13 Aug 2018 10:49:42|20|shiji@forstarfoods.com|DailyCatchEntry_New.php
13 Aug 2018 10:49:44|20|shiji@forstarfoods.com|CatchEntryDeclaredItem.php
13 Aug 2018 10:49:44|31|rekha@foresee.com|IngredientSpex.php
13 Aug 2018 10:49:46|31|rekha@foresee.com|IngredientMainCategory.php
13 Aug 2018 10:49:49|20|shiji@forstarfoods.com|DailyCatchEntry_New.php
13 Aug 2018 10:49:51|20|shiji@forstarfoods.com|DailyCatchEntry_New.php
13 Aug 2018 10:49:54|20|shiji@forstarfoods.com|DailyCatchEntry_New.php
13 Aug 2018 10:49:55|20|shiji@forstarfoods.com|DailyCatchEntry_New.php
13 Aug 2018 10:49:57|20|shiji@forstarfoods.com|DailyCatchEntry_New.php
13 Aug 2018 10:49:57|31|rekha@foresee.com|IngredientSpex.php
13 Aug 2018 10:49:58|20|shiji@forstarfoods.com|DailyCatchEntry_New.php
13 Aug 2018 10:49:59|20|shiji@forstarfoods.com|DailyCatchEntry_New.php
13 Aug 2018 10:50:00|31|rekha@foresee.com|IngredientMainCategory.php
13 Aug 2018 10:50:00|20|shiji@forstarfoods.com|DailyCatchEntry_New.php
13 Aug 2018 10:50:02|20|shiji@forstarfoods.com|DailyCatchEntry_New.php
13 Aug 2018 10:50:03|20|shiji@forstarfoods.com|DailyCatchEntry_New.php
13 Aug 2018 10:50:04|20|shiji@forstarfoods.com|DailyCatchEntry_New.php
13 Aug 2018 10:50:05|20|shiji@forstarfoods.com|DailyCatchEntry_New.php
13 Aug 2018 10:50:06|20|shiji@forstarfoods.com|DailyCatchEntry_New.php
13 Aug 2018 10:50:08|20|shiji@forstarfoods.com|DailyCatchEntry_New.php
13 Aug 2018 10:50:09|20|shiji@forstarfoods.com|DailyCatchEntry_New.php
13 Aug 2018 10:50:10|20|shiji@forstarfoods.com|DailyCatchEntry_New.php
13 Aug 2018 10:50:11|20|shiji@forstarfoods.com|DailyCatchEntry_New.php
13 Aug 2018 10:50:13|20|shiji@forstarfoods.com|DailyCatchEntry_New.php
13 Aug 2018 10:50:15|20|shiji@forstarfoods.com|DailyCatchEntry_New.php
13 Aug 2018 10:50:22|20|shiji@forstarfoods.com|DailyCatchEntry_New.php
13 Aug 2018 10:50:23|20|shiji@forstarfoods.com|CatchEntryDeclaredItem.php
13 Aug 2018 10:50:39|20|shiji@forstarfoods.com|DailyCatchEntry_New.php
13 Aug 2018 10:50:41|20|shiji@forstarfoods.com|DailyCatchEntry_New.php
13 Aug 2018 10:50:42|20|shiji@forstarfoods.com|DailyCatchEntry_New.php
13 Aug 2018 10:50:43|20|shiji@forstarfoods.com|DailyCatchEntry_New.php
13 Aug 2018 10:50:44|20|shiji@forstarfoods.com|DailyCatchEntry_New.php
13 Aug 2018 10:51:06|20|shiji@forstarfoods.com|DailyCatchEntry_New.php
13 Aug 2018 10:51:07|20|shiji@forstarfoods.com|CatchEntryDeclaredItem.php
13 Aug 2018 10:51:12|20|shiji@forstarfoods.com|DailyCatchEntry_New.php
13 Aug 2018 10:51:13|20|shiji@forstarfoods.com|CatchEntryDeclaredItem.php
13 Aug 2018 10:51:16|20|shiji@forstarfoods.com|DailyCatchEntry_New.php
13 Aug 2018 10:51:18|20|shiji@forstarfoods.com|CatchEntryDeclaredItem.php
13 Aug 2018 10:51:57|20|shiji@forstarfoods.com|DailyCatchEntry_New.php
13 Aug 2018 10:52:02|20|shiji@forstarfoods.com|DailyCatchEntry_New.php
13 Aug 2018 10:52:02|30|pritirm@forstarfoods.com|DailyCatchEntry_New.php
13 Aug 2018 10:52:04|20|shiji@forstarfoods.com|DailyCatchEntry_New.php
13 Aug 2018 10:52:07|20|shiji@forstarfoods.com|DailyCatchEntry_New.php
13 Aug 2018 10:52:08|20|shiji@forstarfoods.com|DailyCatchEntry_New.php
13 Aug 2018 10:52:09|20|shiji@forstarfoods.com|DailyCatchEntry_New.php
13 Aug 2018 10:52:10|20|shiji@forstarfoods.com|DailyCatchEntry_New.php
13 Aug 2018 10:52:12|20|shiji@forstarfoods.com|DailyCatchEntry_New.php
13 Aug 2018 10:52:13|20|shiji@forstarfoods.com|DailyCatchEntry_New.php
13 Aug 2018 10:52:14|20|shiji@forstarfoods.com|DailyCatchEntry_New.php
13 Aug 2018 10:52:15|20|shiji@forstarfoods.com|DailyCatchEntry_New.php
13 Aug 2018 10:52:16|20|shiji@forstarfoods.com|DailyCatchEntry_New.php
13 Aug 2018 10:52:18|20|shiji@forstarfoods.com|DailyCatchEntry_New.php
13 Aug 2018 10:52:19|20|shiji@forstarfoods.com|DailyCatchEntry_New.php
13 Aug 2018 10:52:20|20|shiji@forstarfoods.com|DailyCatchEntry_New.php
13 Aug 2018 10:53:42|31|rekha@foresee.com|RecipeSpex.php
13 Aug 2018 10:53:45|31|rekha@foresee.com|RecipeMainCategory.php
13 Aug 2018 10:53:49|31|rekha@foresee.com|RecipeMaster.php
13 Aug 2018 10:54:08|31|rekha@foresee.com|IngredientSpex.php
13 Aug 2018 10:54:09|31|rekha@foresee.com|IngredientMainCategory.php
13 Aug 2018 10:54:25|31|rekha@foresee.com|IngredientsMaster.php
13 Aug 2018 10:54:32|31|rekha@foresee.com|RecipeSpex.php
13 Aug 2018 10:54:34|31|rekha@foresee.com|RecipeMainCategory.php
13 Aug 2018 10:54:37|31|rekha@foresee.com|ProductionSpex.php
13 Aug 2018 10:54:38|31|rekha@foresee.com|ProductionMatrix.php
13 Aug 2018 10:54:41|31|rekha@foresee.com|ProductionPlanning.php
13 Aug 2018 10:54:45|31|rekha@foresee.com|ProductionPlanning.php
13 Aug 2018 10:54:48|31|rekha@foresee.com|ProductionPlanning.php
13 Aug 2018 10:54:53|31|rekha@foresee.com|PurchaseIntent.php
13 Aug 2018 10:55:00|20|shiji@forstarfoods.com|DailyCatchEntry_New.php
13 Aug 2018 10:55:11|20|shiji@forstarfoods.com|DailyCatchEntry_New.php
13 Aug 2018 10:55:13|20|shiji@forstarfoods.com|DailyCatchEntry_New.php
13 Aug 2018 10:55:15|20|shiji@forstarfoods.com|CatchEntryDeclaredItem.php
13 Aug 2018 10:55:44|20|shiji@forstarfoods.com|DailyCatchEntry_New.php
13 Aug 2018 10:57:03|30|pritirm@forstarfoods.com|DailyCatchEntry_New.php
13 Aug 2018 10:57:32|20|shiji@forstarfoods.com|DailyCatchEntry_New.php
13 Aug 2018 10:57:33|20|shiji@forstarfoods.com|DailyCatchEntry_New.php
13 Aug 2018 10:57:35|20|shiji@forstarfoods.com|DailyCatchEntry_New.php
13 Aug 2018 10:57:46|20|shiji@forstarfoods.com|SupplierMaster.php
13 Aug 2018 10:58:02|20|shiji@forstarfoods.com|SupplierMaster.php
13 Aug 2018 10:58:21|20|shiji@forstarfoods.com|SupplierMaster.php
13 Aug 2018 10:58:37|20|shiji@forstarfoods.com|SupplierMaster.php
13 Aug 2018 10:59:23|20|shiji@forstarfoods.com|SupplierMaster.php
13 Aug 2018 11:00:13|20|shiji@forstarfoods.com|SupplierMaster.php
13 Aug 2018 11:00:16|20|shiji@forstarfoods.com|SupplierMaster.php
13 Aug 2018 11:00:33|20|shiji@forstarfoods.com|SupplierMaster.php
13 Aug 2018 11:00:36|20|shiji@forstarfoods.com|SupplierMaster.php
13 Aug 2018 11:00:40|31|rekha@foresee.com|PurchaseReport.php
13 Aug 2018 11:00:52|20|shiji@forstarfoods.com|SupplierMaster.php
13 Aug 2018 11:00:59|31|rekha@foresee.com|DailyCatchEntry_New.php
13 Aug 2018 11:01:11|31|rekha@foresee.com|DailyCatchEntry_New.php
13 Aug 2018 11:01:16|31|rekha@foresee.com|FishMaster.php
13 Aug 2018 11:01:20|31|rekha@foresee.com|Home.php
13 Aug 2018 11:01:36|31|rekha@foresee.com|IngredientSpex.php
13 Aug 2018 11:01:38|31|rekha@foresee.com|IngredientMainCategory.php
13 Aug 2018 11:01:41|31|rekha@foresee.com|IngredientSpex.php
13 Aug 2018 11:01:42|31|rekha@foresee.com|IngredientMainCategory.php
13 Aug 2018 11:01:48|20|shiji@forstarfoods.com|SupplierMaster.php
13 Aug 2018 11:01:51|20|shiji@forstarfoods.com|SupplierMaster.php
13 Aug 2018 11:02:00|31|rekha@foresee.com|IngredientPhysicalStock.php
13 Aug 2018 11:02:02|20|shiji@forstarfoods.com|SupplierMaster.php
13 Aug 2018 11:02:03|31|rekha@foresee.com|IngredientMainCategory.php
13 Aug 2018 11:02:05|30|pritirm@forstarfoods.com|DailyCatchEntry_New.php
13 Aug 2018 11:02:05|31|rekha@foresee.com|IngredientCategory.php
13 Aug 2018 11:02:08|31|rekha@foresee.com|IngredientCriticalParameters.php
13 Aug 2018 11:02:10|31|rekha@foresee.com|IngredientsMaster.php
13 Aug 2018 11:02:13|31|rekha@foresee.com|IngredientRateMaster.php
13 Aug 2018 11:02:16|31|rekha@foresee.com|IngredientsMaster.php
13 Aug 2018 11:02:21|20|shiji@forstarfoods.com|SupplierMaster.php
13 Aug 2018 11:02:37|31|rekha@foresee.com|IngredientsMaster.php
13 Aug 2018 11:02:43|31|rekha@foresee.com|IngredientsMaster.php
13 Aug 2018 11:04:11|31|rekha@foresee.com|IngredientsMaster.php
13 Aug 2018 11:04:16|31|rekha@foresee.com|IngredientsMaster.php
13 Aug 2018 11:04:54|20|shiji@forstarfoods.com|SupplierMaster.php
13 Aug 2018 11:04:58|20|shiji@forstarfoods.com|SupplierMaster.php
13 Aug 2018 11:05:18|20|shiji@forstarfoods.com|SupplierMaster.php
13 Aug 2018 11:05:22|20|shiji@forstarfoods.com|SupplierMaster.php
13 Aug 2018 11:05:56|20|shiji@forstarfoods.com|DailyCatchEntry_New.php
13 Aug 2018 11:05:59|20|shiji@forstarfoods.com|DailyCatchEntry_New.php
13 Aug 2018 11:06:01|20|shiji@forstarfoods.com|DailyCatchEntry_New.php
13 Aug 2018 11:06:02|20|shiji@forstarfoods.com|DailyCatchEntry_New.php
13 Aug 2018 11:06:03|20|shiji@forstarfoods.com|DailyCatchEntry_New.php
13 Aug 2018 11:06:04|20|shiji@forstarfoods.com|CatchEntryDeclaredItem.php
13 Aug 2018 11:06:06|20|shiji@forstarfoods.com|DailyCatchEntry_New.php
13 Aug 2018 11:06:07|20|shiji@forstarfoods.com|DailyCatchEntry_New.php
13 Aug 2018 11:06:09|20|shiji@forstarfoods.com|DailyCatchEntry_New.php
13 Aug 2018 11:06:10|20|shiji@forstarfoods.com|DailyCatchEntry_New.php
13 Aug 2018 11:06:11|20|shiji@forstarfoods.com|DailyCatchEntry_New.php
13 Aug 2018 11:06:12|20|shiji@forstarfoods.com|DailyCatchEntry_New.php
13 Aug 2018 11:06:14|20|shiji@forstarfoods.com|DailyCatchEntry_New.php
13 Aug 2018 11:06:15|20|shiji@forstarfoods.com|DailyCatchEntry_New.php
13 Aug 2018 11:06:16|20|shiji@forstarfoods.com|DailyCatchEntry_New.php
13 Aug 2018 11:06:20|20|shiji@forstarfoods.com|DailyCatchEntry_New.php
13 Aug 2018 11:06:31|20|shiji@forstarfoods.com|DailyCatchEntry_New.php
13 Aug 2018 11:06:32|20|shiji@forstarfoods.com|CatchEntryDeclaredItem.php
13 Aug 2018 11:06:49|20|shiji@forstarfoods.com|DailyCatchEntry_New.php
13 Aug 2018 11:06:51|20|shiji@forstarfoods.com|DailyCatchEntry_New.php
13 Aug 2018 11:06:52|20|shiji@forstarfoods.com|DailyCatchEntry_New.php
13 Aug 2018 11:07:06|30|pritirm@forstarfoods.com|DailyCatchEntry_New.php
13 Aug 2018 11:09:59|20|shiji@forstarfoods.com|DailyCatchEntry_New.php
13 Aug 2018 11:10:02|20|shiji@forstarfoods.com|DailyCatchEntry_New.php
13 Aug 2018 11:10:53|20|shiji@forstarfoods.com|DailyCatchEntry_New.php
13 Aug 2018 11:10:55|20|shiji@forstarfoods.com|DailyCatchEntry_New.php
13 Aug 2018 11:10:56|20|shiji@forstarfoods.com|DailyCatchEntry_New.php
13 Aug 2018 11:10:57|20|shiji@forstarfoods.com|DailyCatchEntry_New.php
13 Aug 2018 11:10:58|20|shiji@forstarfoods.com|DailyCatchEntry_New.php
13 Aug 2018 11:10:59|20|shiji@forstarfoods.com|DailyCatchEntry_New.php
13 Aug 2018 11:11:01|20|shiji@forstarfoods.com|DailyCatchEntry_New.php
13 Aug 2018 11:11:02|20|shiji@forstarfoods.com|DailyCatchEntry_New.php
13 Aug 2018 11:11:03|20|shiji@forstarfoods.com|DailyCatchEntry_New.php
13 Aug 2018 11:11:04|20|shiji@forstarfoods.com|DailyCatchEntry_New.php
13 Aug 2018 11:11:06|20|shiji@forstarfoods.com|DailyCatchEntry_New.php
13 Aug 2018 11:11:07|20|shiji@forstarfoods.com|DailyCatchEntry_New.php
13 Aug 2018 11:11:08|20|shiji@forstarfoods.com|DailyCatchEntry_New.php
13 Aug 2018 11:11:09|20|shiji@forstarfoods.com|DailyCatchEntry_New.php
13 Aug 2018 11:11:11|20|shiji@forstarfoods.com|DailyCatchEntry_New.php
13 Aug 2018 11:11:26|20|shiji@forstarfoods.com|DailyCatchEntry_New.php
13 Aug 2018 11:11:28|20|shiji@forstarfoods.com|DailyCatchEntry_New.php
13 Aug 2018 11:12:07|30|pritirm@forstarfoods.com|DailyCatchEntry_New.php
13 Aug 2018 11:12:58|20|shiji@forstarfoods.com|DailyCatchEntry_New.php
13 Aug 2018 11:13:02|20|shiji@forstarfoods.com|DailyCatchEntry_New.php
13 Aug 2018 11:13:04|20|shiji@forstarfoods.com|CatchEntryDeclaredItem.php
13 Aug 2018 11:13:07|20|shiji@forstarfoods.com|DailyCatchEntry_New.php
13 Aug 2018 11:13:08|20|shiji@forstarfoods.com|DailyCatchEntry_New.php
13 Aug 2018 11:13:10|20|shiji@forstarfoods.com|DailyCatchEntry_New.php
13 Aug 2018 11:13:11|20|shiji@forstarfoods.com|DailyCatchEntry_New.php
13 Aug 2018 11:13:15|20|shiji@forstarfoods.com|DailyCatchEntry_New.php
13 Aug 2018 11:13:17|20|shiji@forstarfoods.com|CatchEntryDeclaredItem.php
13 Aug 2018 11:13:35|20|shiji@forstarfoods.com|DailyCatchEntry_New.php
13 Aug 2018 11:13:38|20|shiji@forstarfoods.com|DailyCatchEntry_New.php
13 Aug 2018 11:13:40|20|shiji@forstarfoods.com|DailyCatchEntry_New.php
13 Aug 2018 11:13:43|20|shiji@forstarfoods.com|DailyCatchEntry_New.php
13 Aug 2018 11:13:44|20|shiji@forstarfoods.com|DailyCatchEntry_New.php
13 Aug 2018 11:13:45|20|shiji@forstarfoods.com|DailyCatchEntry_New.php
13 Aug 2018 11:13:46|20|shiji@forstarfoods.com|DailyCatchEntry_New.php
13 Aug 2018 11:13:47|20|shiji@forstarfoods.com|DailyCatchEntry_New.php
13 Aug 2018 11:13:49|20|shiji@forstarfoods.com|DailyCatchEntry_New.php
13 Aug 2018 11:13:50|20|shiji@forstarfoods.com|DailyCatchEntry_New.php
13 Aug 2018 11:13:51|20|shiji@forstarfoods.com|DailyCatchEntry_New.php
13 Aug 2018 11:13:52|20|shiji@forstarfoods.com|DailyCatchEntry_New.php
13 Aug 2018 11:13:54|20|shiji@forstarfoods.com|DailyCatchEntry_New.php
13 Aug 2018 11:13:55|20|shiji@forstarfoods.com|DailyCatchEntry_New.php
13 Aug 2018 11:13:56|20|shiji@forstarfoods.com|DailyCatchEntry_New.php
13 Aug 2018 11:14:18|20|shiji@forstarfoods.com|DailyCatchEntry_New.php
13 Aug 2018 11:14:21|20|shiji@forstarfoods.com|DailyCatchEntry_New.php
13 Aug 2018 11:14:22|20|shiji@forstarfoods.com|CatchEntryDeclaredItem.php
13 Aug 2018 11:16:13|20|shiji@forstarfoods.com|DailyCatchEntry_New.php
13 Aug 2018 11:17:09|30|pritirm@forstarfoods.com|DailyCatchEntry_New.php
13 Aug 2018 11:19:30|20|shiji@forstarfoods.com|DailyCatchEntry_New.php
13 Aug 2018 11:19:31|20|shiji@forstarfoods.com|DailyCatchEntry_New.php
13 Aug 2018 11:19:33|20|shiji@forstarfoods.com|DailyCatchEntry_New.php
13 Aug 2018 11:19:46|20|shiji@forstarfoods.com|DailyCatchEntry_New.php
13 Aug 2018 11:19:48|31|rekha@foresee.com|IngredientSpex.php
13 Aug 2018 11:19:50|31|rekha@foresee.com|IngredientMainCategory.php
13 Aug 2018 11:19:51|20|shiji@forstarfoods.com|DailyCatchEntry_New.php
13 Aug 2018 11:19:52|20|shiji@forstarfoods.com|CatchEntryDeclaredItem.php
13 Aug 2018 11:19:55|31|rekha@foresee.com|IngredientsMaster.php
13 Aug 2018 11:20:05|20|shiji@forstarfoods.com|DailyCatchEntry_New.php
13 Aug 2018 11:20:06|20|shiji@forstarfoods.com|DailyCatchEntry_New.php
13 Aug 2018 11:20:07|20|shiji@forstarfoods.com|DailyCatchEntry_New.php
13 Aug 2018 11:20:12|20|shiji@forstarfoods.com|DailyCatchEntry_New.php
13 Aug 2018 11:20:15|20|shiji@forstarfoods.com|DailyCatchEntry_New.php
13 Aug 2018 11:20:19|20|shiji@forstarfoods.com|DailyCatchEntry_New.php
13 Aug 2018 11:20:20|20|shiji@forstarfoods.com|DailyCatchEntry_New.php
13 Aug 2018 11:20:21|20|shiji@forstarfoods.com|DailyCatchEntry_New.php
13 Aug 2018 11:20:22|20|shiji@forstarfoods.com|DailyCatchEntry_New.php
13 Aug 2018 11:20:24|20|shiji@forstarfoods.com|DailyCatchEntry_New.php
13 Aug 2018 11:20:25|20|shiji@forstarfoods.com|DailyCatchEntry_New.php
13 Aug 2018 11:20:26|20|shiji@forstarfoods.com|DailyCatchEntry_New.php
13 Aug 2018 11:20:27|20|shiji@forstarfoods.com|DailyCatchEntry_New.php
13 Aug 2018 11:20:29|20|shiji@forstarfoods.com|DailyCatchEntry_New.php
13 Aug 2018 11:20:30|20|shiji@forstarfoods.com|DailyCatchEntry_New.php
13 Aug 2018 11:20:31|20|shiji@forstarfoods.com|DailyCatchEntry_New.php
13 Aug 2018 11:20:32|20|shiji@forstarfoods.com|DailyCatchEntry_New.php
13 Aug 2018 11:20:34|20|shiji@forstarfoods.com|DailyCatchEntry_New.php
13 Aug 2018 11:20:35|20|shiji@forstarfoods.com|DailyCatchEntry_New.php
13 Aug 2018 11:21:14|20|shiji@forstarfoods.com|DailyCatchEntry_New.php
13 Aug 2018 11:22:10|30|pritirm@forstarfoods.com|DailyCatchEntry_New.php
13 Aug 2018 11:26:15|20|shiji@forstarfoods.com|DailyCatchEntry_New.php
13 Aug 2018 11:27:11|30|pritirm@forstarfoods.com|DailyCatchEntry_New.php
13 Aug 2018 11:28:21|31|rekha@foresee.com|RecipeSpex.php
13 Aug 2018 11:28:23|31|rekha@foresee.com|RecipeMainCategory.php
13 Aug 2018 11:30:09|31|rekha@foresee.com|IngredientSpex.php
13 Aug 2018 11:30:10|31|rekha@foresee.com|IngredientMainCategory.php
13 Aug 2018 11:30:13|31|rekha@foresee.com|IngredientCategory.php
13 Aug 2018 11:30:15|31|rekha@foresee.com|IngredientCriticalParameters.php
13 Aug 2018 11:30:17|31|rekha@foresee.com|IngredientsMaster.php
13 Aug 2018 11:30:19|31|rekha@foresee.com|IngredientRateMaster.php
13 Aug 2018 11:30:21|31|rekha@foresee.com|SupplierIngredient.php
13 Aug 2018 11:30:22|31|rekha@foresee.com|IngredientPhysicalStock.php
13 Aug 2018 11:30:37|31|rekha@foresee.com|ManageUsers.php
13 Aug 2018 11:30:42|31|rekha@foresee.com|ManageUsers.php
13 Aug 2018 11:30:55|31|rekha@foresee.com|ManageUsers.php
13 Aug 2018 11:31:17|20|shiji@forstarfoods.com|DailyCatchEntry_New.php
13 Aug 2018 11:32:06|31|rekha@foresee.com|ManageRole.php
13 Aug 2018 11:32:11|31|rekha@foresee.com|ManageRole.php
13 Aug 2018 11:32:13|30|pritirm@forstarfoods.com|DailyCatchEntry_New.php
13 Aug 2018 11:33:44|20|shiji@forstarfoods.com|DailyCatchEntry_New.php
13 Aug 2018 11:33:47|20|shiji@forstarfoods.com|DailyCatchEntry_New.php
13 Aug 2018 11:33:48|20|shiji@forstarfoods.com|CatchEntryDeclaredItem.php
13 Aug 2018 11:34:04|20|shiji@forstarfoods.com|DailyCatchEntry_New.php
13 Aug 2018 11:34:06|20|shiji@forstarfoods.com|DailyCatchEntry_New.php
13 Aug 2018 11:34:12|20|shiji@forstarfoods.com|DailyCatchEntry_New.php
13 Aug 2018 11:34:13|20|shiji@forstarfoods.com|DailyCatchEntry_New.php
13 Aug 2018 11:34:14|20|shiji@forstarfoods.com|DailyCatchEntry_New.php
13 Aug 2018 11:34:15|20|shiji@forstarfoods.com|DailyCatchEntry_New.php
13 Aug 2018 11:34:38|20|shiji@forstarfoods.com|DailyCatchEntry_New.php
13 Aug 2018 11:34:39|20|shiji@forstarfoods.com|DailyCatchEntry_New.php
13 Aug 2018 11:35:00|20|shiji@forstarfoods.com|DailyCatchEntry_New.php
13 Aug 2018 11:35:07|20|shiji@forstarfoods.com|DailyCatchEntry_New.php
13 Aug 2018 11:35:08|20|shiji@forstarfoods.com|CatchEntryDeclaredItem.php
13 Aug 2018 11:35:11|20|shiji@forstarfoods.com|DailyCatchEntry_New.php
13 Aug 2018 11:35:12|20|shiji@forstarfoods.com|DailyCatchEntry_New.php
13 Aug 2018 11:35:14|20|shiji@forstarfoods.com|DailyCatchEntry_New.php
13 Aug 2018 11:35:15|20|shiji@forstarfoods.com|DailyCatchEntry_New.php
13 Aug 2018 11:35:18|20|shiji@forstarfoods.com|DailyCatchEntry_New.php
13 Aug 2018 11:35:19|20|shiji@forstarfoods.com|CatchEntryDeclaredItem.php
13 Aug 2018 11:35:32|20|shiji@forstarfoods.com|DailyCatchEntry_New.php
13 Aug 2018 11:35:35|20|shiji@forstarfoods.com|DailyCatchEntry_New.php
13 Aug 2018 11:35:38|20|shiji@forstarfoods.com|DailyCatchEntry_New.php
13 Aug 2018 11:35:55|20|shiji@forstarfoods.com|DailyCatchEntry_New.php
13 Aug 2018 11:35:57|20|shiji@forstarfoods.com|DailyCatchEntry_New.php
13 Aug 2018 11:35:58|20|shiji@forstarfoods.com|DailyCatchEntry_New.php
13 Aug 2018 11:35:59|20|shiji@forstarfoods.com|DailyCatchEntry_New.php
13 Aug 2018 11:36:00|20|shiji@forstarfoods.com|DailyCatchEntry_New.php
13 Aug 2018 11:36:01|20|shiji@forstarfoods.com|DailyCatchEntry_New.php
13 Aug 2018 11:36:03|20|shiji@forstarfoods.com|DailyCatchEntry_New.php
13 Aug 2018 11:36:04|20|shiji@forstarfoods.com|DailyCatchEntry_New.php
13 Aug 2018 11:36:05|20|shiji@forstarfoods.com|DailyCatchEntry_New.php
13 Aug 2018 11:36:06|20|shiji@forstarfoods.com|DailyCatchEntry_New.php
13 Aug 2018 11:36:08|20|shiji@forstarfoods.com|DailyCatchEntry_New.php
13 Aug 2018 11:36:09|20|shiji@forstarfoods.com|DailyCatchEntry_New.php
13 Aug 2018 11:36:10|20|shiji@forstarfoods.com|DailyCatchEntry_New.php
13 Aug 2018 11:36:11|20|shiji@forstarfoods.com|DailyCatchEntry_New.php
13 Aug 2018 11:36:13|20|shiji@forstarfoods.com|DailyCatchEntry_New.php
13 Aug 2018 11:36:14|20|shiji@forstarfoods.com|DailyCatchEntry_New.php
13 Aug 2018 11:36:15|20|shiji@forstarfoods.com|DailyCatchEntry_New.php
13 Aug 2018 11:36:16|20|shiji@forstarfoods.com|DailyCatchEntry_New.php
13 Aug 2018 11:36:18|20|shiji@forstarfoods.com|DailyCatchEntry_New.php
13 Aug 2018 11:37:14|30|pritirm@forstarfoods.com|DailyCatchEntry_New.php
13 Aug 2018 11:41:19|20|shiji@forstarfoods.com|DailyCatchEntry_New.php
13 Aug 2018 11:41:42|20|shiji@forstarfoods.com|DailyCatchEntry_New.php
13 Aug 2018 11:41:44|20|shiji@forstarfoods.com|DailyCatchEntry_New.php
13 Aug 2018 11:41:46|20|shiji@forstarfoods.com|CatchEntryDeclaredItem.php
13 Aug 2018 11:41:57|20|shiji@forstarfoods.com|DailyCatchEntry_New.php
13 Aug 2018 11:41:59|20|shiji@forstarfoods.com|DailyCatchEntry_New.php
13 Aug 2018 11:42:03|20|shiji@forstarfoods.com|DailyCatchEntry_New.php
13 Aug 2018 11:42:04|20|shiji@forstarfoods.com|DailyCatchEntry_New.php
13 Aug 2018 11:42:05|20|shiji@forstarfoods.com|DailyCatchEntry_New.php
13 Aug 2018 11:42:06|20|shiji@forstarfoods.com|DailyCatchEntry_New.php
13 Aug 2018 11:42:08|20|shiji@forstarfoods.com|DailyCatchEntry_New.php
13 Aug 2018 11:42:09|20|shiji@forstarfoods.com|DailyCatchEntry_New.php
13 Aug 2018 11:42:11|20|shiji@forstarfoods.com|DailyCatchEntry_New.php
13 Aug 2018 11:42:13|20|shiji@forstarfoods.com|DailyCatchEntry_New.php
13 Aug 2018 11:42:15|30|pritirm@forstarfoods.com|DailyCatchEntry_New.php
13 Aug 2018 11:42:23|20|shiji@forstarfoods.com|CatchEntryDeclaredItem.php
13 Aug 2018 11:42:28|20|shiji@forstarfoods.com|DailyCatchEntry_New.php
13 Aug 2018 11:42:29|20|shiji@forstarfoods.com|DailyCatchEntry_New.php
13 Aug 2018 11:42:30|20|shiji@forstarfoods.com|DailyCatchEntry_New.php
13 Aug 2018 11:42:31|20|shiji@forstarfoods.com|DailyCatchEntry_New.php
13 Aug 2018 11:42:37|20|shiji@forstarfoods.com|DailyCatchEntry_New.php
13 Aug 2018 11:42:39|20|shiji@forstarfoods.com|CatchEntryDeclaredItem.php
13 Aug 2018 11:42:56|20|shiji@forstarfoods.com|DailyCatchEntry_New.php
13 Aug 2018 11:42:58|20|shiji@forstarfoods.com|DailyCatchEntry_New.php
13 Aug 2018 11:43:01|20|shiji@forstarfoods.com|DailyCatchEntry_New.php
13 Aug 2018 11:43:06|20|shiji@forstarfoods.com|DailyCatchEntry_New.php
13 Aug 2018 11:43:07|20|shiji@forstarfoods.com|DailyCatchEntry_New.php
13 Aug 2018 11:43:09|20|shiji@forstarfoods.com|DailyCatchEntry_New.php
13 Aug 2018 11:43:10|20|shiji@forstarfoods.com|DailyCatchEntry_New.php
13 Aug 2018 11:43:11|20|shiji@forstarfoods.com|DailyCatchEntry_New.php
13 Aug 2018 11:43:12|20|shiji@forstarfoods.com|DailyCatchEntry_New.php
13 Aug 2018 11:43:13|20|shiji@forstarfoods.com|DailyCatchEntry_New.php
13 Aug 2018 11:43:15|20|shiji@forstarfoods.com|DailyCatchEntry_New.php
13 Aug 2018 11:43:16|20|shiji@forstarfoods.com|DailyCatchEntry_New.php
13 Aug 2018 11:43:17|20|shiji@forstarfoods.com|DailyCatchEntry_New.php
13 Aug 2018 11:43:18|20|shiji@forstarfoods.com|DailyCatchEntry_New.php
13 Aug 2018 11:43:20|20|shiji@forstarfoods.com|DailyCatchEntry_New.php
13 Aug 2018 11:43:21|20|shiji@forstarfoods.com|DailyCatchEntry_New.php
13 Aug 2018 11:43:22|20|shiji@forstarfoods.com|DailyCatchEntry_New.php
13 Aug 2018 11:43:23|20|shiji@forstarfoods.com|DailyCatchEntry_New.php
13 Aug 2018 11:43:25|20|shiji@forstarfoods.com|DailyCatchEntry_New.php
13 Aug 2018 11:43:26|20|shiji@forstarfoods.com|DailyCatchEntry_New.php
13 Aug 2018 11:43:27|20|shiji@forstarfoods.com|DailyCatchEntry_New.php
13 Aug 2018 11:44:40|20|shiji@forstarfoods.com|DailyCatchEntry_New.php
13 Aug 2018 11:44:43|20|shiji@forstarfoods.com|DailyCatchEntry_New.php
13 Aug 2018 11:44:44|20|shiji@forstarfoods.com|CatchEntryDeclaredItem.php
13 Aug 2018 11:44:48|20|shiji@forstarfoods.com|DailyCatchEntry_New.php
13 Aug 2018 11:44:50|20|shiji@forstarfoods.com|DailyCatchEntry_New.php
13 Aug 2018 11:44:51|20|shiji@forstarfoods.com|DailyCatchEntry_New.php
13 Aug 2018 11:44:54|20|shiji@forstarfoods.com|DailyCatchEntry_New.php
13 Aug 2018 11:45:01|20|shiji@forstarfoods.com|DailyCatchEntry_New.php
13 Aug 2018 11:45:02|20|shiji@forstarfoods.com|CatchEntryDeclaredItem.php
13 Aug 2018 11:45:18|20|shiji@forstarfoods.com|DailyCatchEntry_New.php
13 Aug 2018 11:45:27|20|shiji@forstarfoods.com|DailyCatchEntry_New.php
13 Aug 2018 11:45:30|20|shiji@forstarfoods.com|DailyCatchEntry_New.php
13 Aug 2018 11:45:33|20|shiji@forstarfoods.com|DailyCatchEntry_New.php
13 Aug 2018 11:45:34|20|shiji@forstarfoods.com|DailyCatchEntry_New.php
13 Aug 2018 11:45:35|20|shiji@forstarfoods.com|DailyCatchEntry_New.php
13 Aug 2018 11:45:36|20|shiji@forstarfoods.com|DailyCatchEntry_New.php
13 Aug 2018 11:45:38|20|shiji@forstarfoods.com|DailyCatchEntry_New.php
13 Aug 2018 11:45:39|20|shiji@forstarfoods.com|DailyCatchEntry_New.php
13 Aug 2018 11:45:40|20|shiji@forstarfoods.com|DailyCatchEntry_New.php
13 Aug 2018 11:45:41|20|shiji@forstarfoods.com|DailyCatchEntry_New.php
13 Aug 2018 11:45:43|20|shiji@forstarfoods.com|DailyCatchEntry_New.php
13 Aug 2018 11:45:44|20|shiji@forstarfoods.com|DailyCatchEntry_New.php
13 Aug 2018 11:45:45|20|shiji@forstarfoods.com|DailyCatchEntry_New.php
13 Aug 2018 11:45:46|20|shiji@forstarfoods.com|DailyCatchEntry_New.php
13 Aug 2018 11:46:11|20|shiji@forstarfoods.com|DailyCatchEntry_New.php
13 Aug 2018 11:46:13|20|shiji@forstarfoods.com|DailyCatchEntry_New.php
13 Aug 2018 11:46:14|20|shiji@forstarfoods.com|CatchEntryDeclaredItem.php
13 Aug 2018 11:46:17|20|shiji@forstarfoods.com|DailyCatchEntry_New.php
13 Aug 2018 11:46:18|20|shiji@forstarfoods.com|DailyCatchEntry_New.php
13 Aug 2018 11:46:19|20|shiji@forstarfoods.com|DailyCatchEntry_New.php
13 Aug 2018 11:46:20|20|shiji@forstarfoods.com|DailyCatchEntry_New.php
13 Aug 2018 11:46:22|20|shiji@forstarfoods.com|DailyCatchEntry_New.php
13 Aug 2018 11:46:23|20|shiji@forstarfoods.com|DailyCatchEntry_New.php
13 Aug 2018 11:46:24|20|shiji@forstarfoods.com|DailyCatchEntry_New.php
13 Aug 2018 11:46:27|20|shiji@forstarfoods.com|DailyCatchEntry_New.php
13 Aug 2018 11:46:32|20|shiji@forstarfoods.com|DailyCatchEntry_New.php
13 Aug 2018 11:46:33|20|shiji@forstarfoods.com|CatchEntryDeclaredItem.php
13 Aug 2018 11:46:48|20|shiji@forstarfoods.com|DailyCatchEntry_New.php
13 Aug 2018 11:46:51|20|shiji@forstarfoods.com|DailyCatchEntry_New.php
13 Aug 2018 11:46:53|20|shiji@forstarfoods.com|DailyCatchEntry_New.php
13 Aug 2018 11:46:55|20|shiji@forstarfoods.com|DailyCatchEntry_New.php
13 Aug 2018 11:46:57|20|shiji@forstarfoods.com|DailyCatchEntry_New.php
13 Aug 2018 11:46:58|20|shiji@forstarfoods.com|DailyCatchEntry_New.php
13 Aug 2018 11:46:59|20|shiji@forstarfoods.com|DailyCatchEntry_New.php
13 Aug 2018 11:47:00|20|shiji@forstarfoods.com|DailyCatchEntry_New.php
13 Aug 2018 11:47:01|20|shiji@forstarfoods.com|DailyCatchEntry_New.php
13 Aug 2018 11:47:03|20|shiji@forstarfoods.com|DailyCatchEntry_New.php
13 Aug 2018 11:47:04|20|shiji@forstarfoods.com|DailyCatchEntry_New.php
13 Aug 2018 11:47:05|20|shiji@forstarfoods.com|DailyCatchEntry_New.php
13 Aug 2018 11:47:06|20|shiji@forstarfoods.com|DailyCatchEntry_New.php
13 Aug 2018 11:47:08|20|shiji@forstarfoods.com|DailyCatchEntry_New.php
13 Aug 2018 11:47:09|20|shiji@forstarfoods.com|DailyCatchEntry_New.php
13 Aug 2018 11:47:10|20|shiji@forstarfoods.com|DailyCatchEntry_New.php
13 Aug 2018 11:47:11|20|shiji@forstarfoods.com|DailyCatchEntry_New.php
13 Aug 2018 11:47:13|20|shiji@forstarfoods.com|DailyCatchEntry_New.php
13 Aug 2018 11:47:14|20|shiji@forstarfoods.com|DailyCatchEntry_New.php
13 Aug 2018 11:47:16|30|pritirm@forstarfoods.com|DailyCatchEntry_New.php
13 Aug 2018 11:47:28|20|shiji@forstarfoods.com|DailyCatchEntry_New.php
13 Aug 2018 11:47:30|20|shiji@forstarfoods.com|DailyCatchEntry_New.php
13 Aug 2018 11:47:32|20|shiji@forstarfoods.com|CatchEntryDeclaredItem.php
13 Aug 2018 11:47:38|20|shiji@forstarfoods.com|DailyCatchEntry_New.php
13 Aug 2018 11:47:40|20|shiji@forstarfoods.com|DailyCatchEntry_New.php
13 Aug 2018 11:47:43|20|shiji@forstarfoods.com|DailyCatchEntry_New.php
13 Aug 2018 11:47:44|20|shiji@forstarfoods.com|DailyCatchEntry_New.php
13 Aug 2018 11:47:46|20|shiji@forstarfoods.com|DailyCatchEntry_New.php
13 Aug 2018 11:47:47|20|shiji@forstarfoods.com|DailyCatchEntry_New.php
13 Aug 2018 11:47:48|20|shiji@forstarfoods.com|DailyCatchEntry_New.php
13 Aug 2018 11:47:49|20|shiji@forstarfoods.com|DailyCatchEntry_New.php
13 Aug 2018 11:47:50|20|shiji@forstarfoods.com|DailyCatchEntry_New.php
13 Aug 2018 11:47:52|20|shiji@forstarfoods.com|DailyCatchEntry_New.php
13 Aug 2018 11:47:53|20|shiji@forstarfoods.com|DailyCatchEntry_New.php
13 Aug 2018 11:47:54|20|shiji@forstarfoods.com|DailyCatchEntry_New.php
13 Aug 2018 11:47:55|20|shiji@forstarfoods.com|DailyCatchEntry_New.php
13 Aug 2018 11:47:57|20|shiji@forstarfoods.com|DailyCatchEntry_New.php
13 Aug 2018 11:48:10|20|shiji@forstarfoods.com|DailyCatchEntry_New.php
13 Aug 2018 11:48:13|20|shiji@forstarfoods.com|DailyCatchEntry_New.php
13 Aug 2018 11:48:14|20|shiji@forstarfoods.com|CatchEntryDeclaredItem.php
13 Aug 2018 11:48:18|20|shiji@forstarfoods.com|DailyCatchEntry_New.php
13 Aug 2018 11:48:21|20|shiji@forstarfoods.com|DailyCatchEntry_New.php
13 Aug 2018 11:48:23|20|shiji@forstarfoods.com|DailyCatchEntry_New.php
13 Aug 2018 11:48:24|20|shiji@forstarfoods.com|DailyCatchEntry_New.php
13 Aug 2018 11:48:25|20|shiji@forstarfoods.com|DailyCatchEntry_New.php
13 Aug 2018 11:48:27|20|shiji@forstarfoods.com|DailyCatchEntry_New.php
13 Aug 2018 11:48:28|20|shiji@forstarfoods.com|DailyCatchEntry_New.php
13 Aug 2018 11:48:29|20|shiji@forstarfoods.com|DailyCatchEntry_New.php
13 Aug 2018 11:48:30|20|shiji@forstarfoods.com|DailyCatchEntry_New.php
13 Aug 2018 11:48:32|20|shiji@forstarfoods.com|DailyCatchEntry_New.php
13 Aug 2018 11:48:33|20|shiji@forstarfoods.com|DailyCatchEntry_New.php
13 Aug 2018 11:48:34|20|shiji@forstarfoods.com|DailyCatchEntry_New.php
13 Aug 2018 11:48:35|20|shiji@forstarfoods.com|DailyCatchEntry_New.php
13 Aug 2018 11:48:37|20|shiji@forstarfoods.com|DailyCatchEntry_New.php
13 Aug 2018 11:48:38|20|shiji@forstarfoods.com|DailyCatchEntry_New.php
13 Aug 2018 11:48:39|20|shiji@forstarfoods.com|DailyCatchEntry_New.php
13 Aug 2018 11:48:40|20|shiji@forstarfoods.com|DailyCatchEntry_New.php
13 Aug 2018 11:48:42|20|shiji@forstarfoods.com|DailyCatchEntry_New.php
13 Aug 2018 11:48:43|20|shiji@forstarfoods.com|DailyCatchEntry_New.php
13 Aug 2018 11:48:45|20|shiji@forstarfoods.com|DailyCatchEntry_New.php
13 Aug 2018 11:48:47|20|shiji@forstarfoods.com|CatchEntryDeclaredItem.php
13 Aug 2018 11:49:02|20|shiji@forstarfoods.com|DailyCatchEntry_New.php
13 Aug 2018 11:49:03|20|shiji@forstarfoods.com|DailyCatchEntry_New.php
13 Aug 2018 11:49:04|20|shiji@forstarfoods.com|DailyCatchEntry_New.php
13 Aug 2018 11:49:05|20|shiji@forstarfoods.com|DailyCatchEntry_New.php
13 Aug 2018 11:49:09|20|shiji@forstarfoods.com|DailyCatchEntry_New.php
13 Aug 2018 11:49:10|20|shiji@forstarfoods.com|CatchEntryDeclaredItem.php
13 Aug 2018 11:49:25|20|shiji@forstarfoods.com|DailyCatchEntry_New.php
13 Aug 2018 11:49:27|20|shiji@forstarfoods.com|DailyCatchEntry_New.php
13 Aug 2018 11:49:30|20|shiji@forstarfoods.com|DailyCatchEntry_New.php
13 Aug 2018 11:49:33|20|shiji@forstarfoods.com|DailyCatchEntry_New.php
13 Aug 2018 11:49:35|20|shiji@forstarfoods.com|DailyCatchEntry_New.php
13 Aug 2018 11:49:36|20|shiji@forstarfoods.com|DailyCatchEntry_New.php
13 Aug 2018 11:49:37|20|shiji@forstarfoods.com|DailyCatchEntry_New.php
13 Aug 2018 11:49:51|31|rekha@foresee.com|IngredientReceipt.php
13 Aug 2018 11:49:55|31|rekha@foresee.com|IngredientReceipt.php
13 Aug 2018 11:49:59|20|shiji@forstarfoods.com|DailyCatchEntry_New.php
13 Aug 2018 11:50:01|31|rekha@foresee.com|IngredientReceipt.php
13 Aug 2018 11:50:01|20|shiji@forstarfoods.com|DailyCatchEntry_New.php
13 Aug 2018 11:50:04|20|shiji@forstarfoods.com|DailyCatchEntry_New.php
13 Aug 2018 11:50:05|20|shiji@forstarfoods.com|DailyCatchEntry_New.php
13 Aug 2018 11:50:06|20|shiji@forstarfoods.com|DailyCatchEntry_New.php
13 Aug 2018 11:50:07|20|shiji@forstarfoods.com|DailyCatchEntry_New.php
13 Aug 2018 11:50:08|31|rekha@foresee.com|IngredientSpex.php
13 Aug 2018 11:50:09|20|shiji@forstarfoods.com|DailyCatchEntry_New.php
13 Aug 2018 11:50:10|20|shiji@forstarfoods.com|DailyCatchEntry_New.php
13 Aug 2018 11:50:10|31|rekha@foresee.com|IngredientMainCategory.php
13 Aug 2018 11:50:11|20|shiji@forstarfoods.com|DailyCatchEntry_New.php
13 Aug 2018 11:50:12|20|shiji@forstarfoods.com|DailyCatchEntry_New.php
13 Aug 2018 11:50:13|20|shiji@forstarfoods.com|DailyCatchEntry_New.php
13 Aug 2018 11:50:15|20|shiji@forstarfoods.com|DailyCatchEntry_New.php
13 Aug 2018 11:50:16|20|shiji@forstarfoods.com|DailyCatchEntry_New.php
13 Aug 2018 11:50:17|20|shiji@forstarfoods.com|DailyCatchEntry_New.php
13 Aug 2018 11:50:17|31|rekha@foresee.com|RecipeSpex.php
13 Aug 2018 11:50:18|20|shiji@forstarfoods.com|DailyCatchEntry_New.php
13 Aug 2018 11:50:19|31|rekha@foresee.com|RecipeMainCategory.php
13 Aug 2018 11:50:20|20|shiji@forstarfoods.com|DailyCatchEntry_New.php
13 Aug 2018 11:50:21|20|shiji@forstarfoods.com|DailyCatchEntry_New.php
13 Aug 2018 11:50:22|20|shiji@forstarfoods.com|DailyCatchEntry_New.php
13 Aug 2018 11:50:23|20|shiji@forstarfoods.com|DailyCatchEntry_New.php
13 Aug 2018 11:50:25|20|shiji@forstarfoods.com|DailyCatchEntry_New.php
13 Aug 2018 11:50:26|20|shiji@forstarfoods.com|DailyCatchEntry_New.php
13 Aug 2018 11:50:27|20|shiji@forstarfoods.com|DailyCatchEntry_New.php
13 Aug 2018 11:51:25|20|shiji@forstarfoods.com|DailyCatchEntry_New.php
13 Aug 2018 11:52:18|30|pritirm@forstarfoods.com|DailyCatchEntry_New.php
13 Aug 2018 11:53:17|31|rekha@foresee.com|RecipeSpex.php
13 Aug 2018 11:53:19|31|rekha@foresee.com|RecipeMainCategory.php
13 Aug 2018 11:54:57|20|shiji@forstarfoods.com|DailyCatchEntry_New.php
13 Aug 2018 11:55:00|20|shiji@forstarfoods.com|DailyCatchEntry_New.php
13 Aug 2018 11:55:01|20|shiji@forstarfoods.com|CatchEntryDeclaredItem.php
13 Aug 2018 11:55:04|20|shiji@forstarfoods.com|DailyCatchEntry_New.php
13 Aug 2018 11:55:06|20|shiji@forstarfoods.com|DailyCatchEntry_New.php
13 Aug 2018 11:55:09|20|shiji@forstarfoods.com|DailyCatchEntry_New.php
13 Aug 2018 11:55:10|20|shiji@forstarfoods.com|DailyCatchEntry_New.php
13 Aug 2018 11:55:11|20|shiji@forstarfoods.com|DailyCatchEntry_New.php
13 Aug 2018 11:55:13|20|shiji@forstarfoods.com|DailyCatchEntry_New.php
13 Aug 2018 11:55:14|20|shiji@forstarfoods.com|DailyCatchEntry_New.php
13 Aug 2018 11:55:15|20|shiji@forstarfoods.com|DailyCatchEntry_New.php
13 Aug 2018 11:55:16|20|shiji@forstarfoods.com|DailyCatchEntry_New.php
13 Aug 2018 11:55:18|20|shiji@forstarfoods.com|DailyCatchEntry_New.php
13 Aug 2018 11:55:19|20|shiji@forstarfoods.com|DailyCatchEntry_New.php
13 Aug 2018 11:55:20|20|shiji@forstarfoods.com|DailyCatchEntry_New.php
13 Aug 2018 11:55:21|20|shiji@forstarfoods.com|DailyCatchEntry_New.php
13 Aug 2018 11:55:22|20|shiji@forstarfoods.com|DailyCatchEntry_New.php
13 Aug 2018 11:55:24|20|shiji@forstarfoods.com|DailyCatchEntry_New.php
13 Aug 2018 11:55:25|20|shiji@forstarfoods.com|DailyCatchEntry_New.php
13 Aug 2018 11:55:26|20|shiji@forstarfoods.com|DailyCatchEntry_New.php
13 Aug 2018 11:55:27|20|shiji@forstarfoods.com|DailyCatchEntry_New.php
13 Aug 2018 11:56:16|20|shiji@forstarfoods.com|DailyCatchEntry_New.php
13 Aug 2018 11:56:18|20|shiji@forstarfoods.com|DailyCatchEntry_New.php
13 Aug 2018 11:56:20|20|shiji@forstarfoods.com|CatchEntryDeclaredItem.php
13 Aug 2018 11:56:24|20|shiji@forstarfoods.com|DailyCatchEntry_New.php
13 Aug 2018 11:56:27|20|shiji@forstarfoods.com|DailyCatchEntry_New.php
13 Aug 2018 11:56:40|20|shiji@forstarfoods.com|DailyCatchEntry_New.php
13 Aug 2018 11:56:43|20|shiji@forstarfoods.com|DailyCatchEntry_New.php
13 Aug 2018 11:56:44|20|shiji@forstarfoods.com|DailyCatchEntry_New.php
13 Aug 2018 11:56:46|20|shiji@forstarfoods.com|DailyCatchEntry_New.php
13 Aug 2018 11:56:47|20|shiji@forstarfoods.com|DailyCatchEntry_New.php
13 Aug 2018 11:56:48|20|shiji@forstarfoods.com|DailyCatchEntry_New.php
13 Aug 2018 11:56:49|20|shiji@forstarfoods.com|DailyCatchEntry_New.php
13 Aug 2018 11:56:51|20|shiji@forstarfoods.com|DailyCatchEntry_New.php
13 Aug 2018 11:56:52|20|shiji@forstarfoods.com|DailyCatchEntry_New.php
13 Aug 2018 11:56:53|20|shiji@forstarfoods.com|DailyCatchEntry_New.php
13 Aug 2018 11:56:54|20|shiji@forstarfoods.com|DailyCatchEntry_New.php
13 Aug 2018 11:56:56|20|shiji@forstarfoods.com|DailyCatchEntry_New.php
13 Aug 2018 11:56:57|20|shiji@forstarfoods.com|DailyCatchEntry_New.php
13 Aug 2018 11:56:58|20|shiji@forstarfoods.com|DailyCatchEntry_New.php
13 Aug 2018 11:56:59|20|shiji@forstarfoods.com|DailyCatchEntry_New.php
13 Aug 2018 11:57:00|20|shiji@forstarfoods.com|DailyCatchEntry_New.php
13 Aug 2018 11:57:02|20|shiji@forstarfoods.com|DailyCatchEntry_New.php
13 Aug 2018 11:57:03|20|shiji@forstarfoods.com|DailyCatchEntry_New.php
13 Aug 2018 11:57:04|20|shiji@forstarfoods.com|DailyCatchEntry_New.php
13 Aug 2018 11:57:05|20|shiji@forstarfoods.com|DailyCatchEntry_New.php
13 Aug 2018 11:57:07|20|shiji@forstarfoods.com|DailyCatchEntry_New.php
13 Aug 2018 11:57:19|30|pritirm@forstarfoods.com|DailyCatchEntry_New.php
13 Aug 2018 11:58:32|20|shiji@forstarfoods.com|DailyCatchEntry_New.php
13 Aug 2018 11:58:42|20|shiji@forstarfoods.com|DailyCatchEntry_New.php
13 Aug 2018 11:58:45|20|shiji@forstarfoods.com|DailyCatchEntry_New.php
13 Aug 2018 11:58:46|20|shiji@forstarfoods.com|CatchEntryDeclaredItem.php
13 Aug 2018 11:58:54|20|shiji@forstarfoods.com|DailyCatchEntry_New.php
13 Aug 2018 11:58:55|20|shiji@forstarfoods.com|DailyCatchEntry_New.php
13 Aug 2018 11:58:56|20|shiji@forstarfoods.com|DailyCatchEntry_New.php
13 Aug 2018 11:58:58|20|shiji@forstarfoods.com|DailyCatchEntry_New.php
13 Aug 2018 11:59:04|20|shiji@forstarfoods.com|DailyCatchEntry_New.php
13 Aug 2018 11:59:05|20|shiji@forstarfoods.com|CatchEntryDeclaredItem.php
13 Aug 2018 11:59:14|20|shiji@forstarfoods.com|DailyCatchEntry_New.php
13 Aug 2018 11:59:16|20|shiji@forstarfoods.com|DailyCatchEntry_New.php
13 Aug 2018 11:59:17|20|shiji@forstarfoods.com|DailyCatchEntry_New.php
13 Aug 2018 11:59:18|20|shiji@forstarfoods.com|DailyCatchEntry_New.php
13 Aug 2018 11:59:19|20|shiji@forstarfoods.com|DailyCatchEntry_New.php
13 Aug 2018 11:59:20|20|shiji@forstarfoods.com|DailyCatchEntry_New.php
13 Aug 2018 11:59:22|20|shiji@forstarfoods.com|DailyCatchEntry_New.php
13 Aug 2018 11:59:23|20|shiji@forstarfoods.com|DailyCatchEntry_New.php
13 Aug 2018 11:59:27|20|shiji@forstarfoods.com|DailyCatchEntry_New.php
13 Aug 2018 11:59:36|20|shiji@forstarfoods.com|DailyCatchEntry_New.php
13 Aug 2018 11:59:39|20|shiji@forstarfoods.com|DailyCatchEntry_New.php
13 Aug 2018 11:59:42|20|shiji@forstarfoods.com|DailyCatchEntry_New.php
13 Aug 2018 11:59:44|20|shiji@forstarfoods.com|DailyCatchEntry_New.php
13 Aug 2018 11:59:45|20|shiji@forstarfoods.com|DailyCatchEntry_New.php
13 Aug 2018 11:59:46|20|shiji@forstarfoods.com|DailyCatchEntry_New.php
13 Aug 2018 11:59:47|20|shiji@forstarfoods.com|DailyCatchEntry_New.php
13 Aug 2018 11:59:49|20|shiji@forstarfoods.com|DailyCatchEntry_New.php
13 Aug 2018 11:59:50|20|shiji@forstarfoods.com|DailyCatchEntry_New.php
13 Aug 2018 11:59:51|20|shiji@forstarfoods.com|DailyCatchEntry_New.php
13 Aug 2018 11:59:52|20|shiji@forstarfoods.com|DailyCatchEntry_New.php
13 Aug 2018 11:59:53|20|shiji@forstarfoods.com|DailyCatchEntry_New.php
13 Aug 2018 11:59:55|20|shiji@forstarfoods.com|DailyCatchEntry_New.php
13 Aug 2018 11:59:56|20|shiji@forstarfoods.com|DailyCatchEntry_New.php
13 Aug 2018 11:59:57|20|shiji@forstarfoods.com|DailyCatchEntry_New.php
13 Aug 2018 11:59:58|20|shiji@forstarfoods.com|DailyCatchEntry_New.php
13 Aug 2018 12:00:00|20|shiji@forstarfoods.com|DailyCatchEntry_New.php
13 Aug 2018 12:00:01|20|shiji@forstarfoods.com|DailyCatchEntry_New.php
13 Aug 2018 12:00:02|20|shiji@forstarfoods.com|DailyCatchEntry_New.php