
26 Nov 2018 15:26:12|29|kavitha@forstarfoods.com|DailyCatchEntry_New.php
26 Nov 2018 15:26:22|28|pratiksha@forstarfoods.com|ManageGatePass.php
26 Nov 2018 15:26:35|20|shiji@forstarfoods.com|SupplierAccount.php
26 Nov 2018 15:27:03|29|kavitha@forstarfoods.com|DailyCatchEntry_New.php
26 Nov 2018 15:27:06|29|kavitha@forstarfoods.com|DailyCatchEntry_New.php
26 Nov 2018 15:27:07|29|kavitha@forstarfoods.com|CatchEntryDeclaredItem.php
26 Nov 2018 15:27:21|30|pritirm@forstarfoods.com|DailyCatchEntry_New.php
26 Nov 2018 15:27:24|28|pratiksha@forstarfoods.com|ManageGatePass.php
26 Nov 2018 15:27:51|29|kavitha@forstarfoods.com|DailyCatchEntry_New.php
26 Nov 2018 15:27:53|29|kavitha@forstarfoods.com|DailyCatchEntry_New.php
26 Nov 2018 15:27:54|29|kavitha@forstarfoods.com|DailyCatchEntry_New.php
26 Nov 2018 15:27:57|29|kavitha@forstarfoods.com|DailyCatchEntry_New.php
26 Nov 2018 15:28:02|29|kavitha@forstarfoods.com|DailyCatchEntry_New.php
26 Nov 2018 15:28:03|29|kavitha@forstarfoods.com|CatchEntryDeclaredItem.php
26 Nov 2018 15:28:05|20|shiji@forstarfoods.com|SupplierAccount.php
26 Nov 2018 15:28:08|29|kavitha@forstarfoods.com|DailyCatchEntry_New.php
26 Nov 2018 15:28:10|20|shiji@forstarfoods.com|SupplierAccount.php
26 Nov 2018 15:28:15|29|kavitha@forstarfoods.com|DailyCatchEntry_New.php
26 Nov 2018 15:28:17|29|kavitha@forstarfoods.com|DailyCatchEntry_New.php
26 Nov 2018 15:28:20|29|kavitha@forstarfoods.com|DailyCatchEntry_New.php
26 Nov 2018 15:28:27|28|pratiksha@forstarfoods.com|ManageGatePass.php
26 Nov 2018 15:29:09|20|shiji@forstarfoods.com|SupplierAccount.php
26 Nov 2018 15:29:17|20|shiji@forstarfoods.com|SupplierAccount.php
26 Nov 2018 15:29:29|28|pratiksha@forstarfoods.com|ManageGatePass.php
26 Nov 2018 15:30:00|20|shiji@forstarfoods.com|SupplierAccount.php
26 Nov 2018 15:30:08|20|shiji@forstarfoods.com|SupplierAccount.php
26 Nov 2018 15:30:32|28|pratiksha@forstarfoods.com|ManageGatePass.php
26 Nov 2018 15:31:06|29|kavitha@forstarfoods.com|DailyCatchEntry_New.php
26 Nov 2018 15:31:08|29|kavitha@forstarfoods.com|DailyCatchEntry_New.php
26 Nov 2018 15:31:09|29|kavitha@forstarfoods.com|DailyCatchEntry_New.php
26 Nov 2018 15:31:10|29|kavitha@forstarfoods.com|DailyCatchEntry_New.php
26 Nov 2018 15:31:11|29|kavitha@forstarfoods.com|DailyCatchEntry_New.php
26 Nov 2018 15:31:13|29|kavitha@forstarfoods.com|DailyCatchEntry_New.php
26 Nov 2018 15:31:29|29|kavitha@forstarfoods.com|DailyCatchEntry_New.php
26 Nov 2018 15:31:32|29|kavitha@forstarfoods.com|DailyCatchEntry_New.php
26 Nov 2018 15:31:33|29|kavitha@forstarfoods.com|CatchEntryDeclaredItem.php
26 Nov 2018 15:31:35|28|pratiksha@forstarfoods.com|ManageGatePass.php
26 Nov 2018 15:31:37|29|kavitha@forstarfoods.com|DailyCatchEntry_New.php
26 Nov 2018 15:31:40|29|kavitha@forstarfoods.com|DailyCatchEntry_New.php
26 Nov 2018 15:31:43|29|kavitha@forstarfoods.com|DailyCatchEntry_New.php
26 Nov 2018 15:31:44|29|kavitha@forstarfoods.com|DailyCatchEntry_New.php
26 Nov 2018 15:31:45|29|kavitha@forstarfoods.com|DailyCatchEntry_New.php
26 Nov 2018 15:31:46|29|kavitha@forstarfoods.com|DailyCatchEntry_New.php
26 Nov 2018 15:31:48|29|kavitha@forstarfoods.com|DailyCatchEntry_New.php
26 Nov 2018 15:31:49|29|kavitha@forstarfoods.com|DailyCatchEntry_New.php
26 Nov 2018 15:32:22|30|pritirm@forstarfoods.com|DailyCatchEntry_New.php
26 Nov 2018 15:32:28|29|kavitha@forstarfoods.com|DailyCatchEntry_New.php
26 Nov 2018 15:32:30|29|kavitha@forstarfoods.com|DailyCatchEntry_New.php
26 Nov 2018 15:32:32|29|kavitha@forstarfoods.com|CatchEntryDeclaredItem.php
26 Nov 2018 15:32:37|29|kavitha@forstarfoods.com|DailyCatchEntry_New.php
26 Nov 2018 15:32:37|28|pratiksha@forstarfoods.com|ManageGatePass.php
26 Nov 2018 15:32:40|29|kavitha@forstarfoods.com|DailyCatchEntry_New.php
26 Nov 2018 15:32:44|29|kavitha@forstarfoods.com|DailyCatchEntry_New.php
26 Nov 2018 15:32:45|29|kavitha@forstarfoods.com|DailyCatchEntry_New.php
26 Nov 2018 15:32:46|29|kavitha@forstarfoods.com|DailyCatchEntry_New.php
26 Nov 2018 15:32:48|29|kavitha@forstarfoods.com|DailyCatchEntry_New.php
26 Nov 2018 15:32:49|29|kavitha@forstarfoods.com|DailyCatchEntry_New.php
26 Nov 2018 15:32:50|29|kavitha@forstarfoods.com|DailyCatchEntry_New.php
26 Nov 2018 15:33:00|29|kavitha@forstarfoods.com|DailyCatchEntry_New.php
26 Nov 2018 15:33:02|29|kavitha@forstarfoods.com|DailyCatchEntry_New.php
26 Nov 2018 15:33:03|29|kavitha@forstarfoods.com|CatchEntryDeclaredItem.php
26 Nov 2018 15:33:10|29|kavitha@forstarfoods.com|DailyCatchEntry_New.php
26 Nov 2018 15:33:11|29|kavitha@forstarfoods.com|DailyCatchEntry_New.php
26 Nov 2018 15:33:15|29|kavitha@forstarfoods.com|DailyCatchEntry_New.php
26 Nov 2018 15:33:22|29|kavitha@forstarfoods.com|DailyCatchEntry_New.php
26 Nov 2018 15:33:23|29|kavitha@forstarfoods.com|DailyCatchEntry_New.php
26 Nov 2018 15:33:24|29|kavitha@forstarfoods.com|DailyCatchEntry_New.php
26 Nov 2018 15:33:25|29|kavitha@forstarfoods.com|DailyCatchEntry_New.php
26 Nov 2018 15:33:27|29|kavitha@forstarfoods.com|DailyCatchEntry_New.php
26 Nov 2018 15:33:28|29|kavitha@forstarfoods.com|DailyCatchEntry_New.php
26 Nov 2018 15:33:31|20|shiji@forstarfoods.com|SupplierAccount.php
26 Nov 2018 15:33:38|29|kavitha@forstarfoods.com|DailyCatchEntry_New.php
26 Nov 2018 15:33:39|20|shiji@forstarfoods.com|SupplierAccount.php
26 Nov 2018 15:33:40|28|pratiksha@forstarfoods.com|ManageGatePass.php
26 Nov 2018 15:33:41|29|kavitha@forstarfoods.com|DailyCatchEntry_New.php
26 Nov 2018 15:33:42|29|kavitha@forstarfoods.com|CatchEntryDeclaredItem.php
26 Nov 2018 15:33:52|29|kavitha@forstarfoods.com|DailyCatchEntry_New.php
26 Nov 2018 15:33:55|29|kavitha@forstarfoods.com|DailyCatchEntry_New.php
26 Nov 2018 15:34:00|29|kavitha@forstarfoods.com|DailyCatchEntry_New.php
26 Nov 2018 15:34:01|29|kavitha@forstarfoods.com|DailyCatchEntry_New.php
26 Nov 2018 15:34:02|29|kavitha@forstarfoods.com|DailyCatchEntry_New.php
26 Nov 2018 15:34:04|29|kavitha@forstarfoods.com|DailyCatchEntry_New.php
26 Nov 2018 15:34:05|29|kavitha@forstarfoods.com|DailyCatchEntry_New.php
26 Nov 2018 15:34:06|29|kavitha@forstarfoods.com|DailyCatchEntry_New.php
26 Nov 2018 15:34:30|29|kavitha@forstarfoods.com|DailyCatchEntry_New.php
26 Nov 2018 15:34:32|29|kavitha@forstarfoods.com|DailyCatchEntry_New.php
26 Nov 2018 15:34:34|29|kavitha@forstarfoods.com|CatchEntryDeclaredItem.php
26 Nov 2018 15:34:44|28|pratiksha@forstarfoods.com|ManageGatePass.php
26 Nov 2018 15:35:47|28|pratiksha@forstarfoods.com|ManageGatePass.php
26 Nov 2018 15:35:58|29|kavitha@forstarfoods.com|DailyCatchEntry_New.php
26 Nov 2018 15:36:02|29|kavitha@forstarfoods.com|DailyCatchEntry_New.php
26 Nov 2018 15:36:07|29|kavitha@forstarfoods.com|DailyCatchEntry_New.php
26 Nov 2018 15:36:09|29|kavitha@forstarfoods.com|DailyCatchEntry_New.php
26 Nov 2018 15:36:10|29|kavitha@forstarfoods.com|DailyCatchEntry_New.php
26 Nov 2018 15:36:11|29|kavitha@forstarfoods.com|DailyCatchEntry_New.php
26 Nov 2018 15:36:12|29|kavitha@forstarfoods.com|DailyCatchEntry_New.php
26 Nov 2018 15:36:14|29|kavitha@forstarfoods.com|DailyCatchEntry_New.php
26 Nov 2018 15:36:21|29|kavitha@forstarfoods.com|DailyCatchEntry_New.php
26 Nov 2018 15:36:24|29|kavitha@forstarfoods.com|DailyCatchEntry_New.php
26 Nov 2018 15:36:25|29|kavitha@forstarfoods.com|CatchEntryDeclaredItem.php
26 Nov 2018 15:36:50|28|pratiksha@forstarfoods.com|ManageGatePass.php
26 Nov 2018 15:37:24|30|pritirm@forstarfoods.com|DailyCatchEntry_New.php
26 Nov 2018 15:37:52|28|pratiksha@forstarfoods.com|ManageGatePass.php
26 Nov 2018 15:38:11|29|kavitha@forstarfoods.com|DailyCatchEntry_New.php
26 Nov 2018 15:38:54|20|shiji@forstarfoods.com|SupplierAccount.php
26 Nov 2018 15:38:54|28|pratiksha@forstarfoods.com|ManageGatePass.php
26 Nov 2018 15:39:05|20|shiji@forstarfoods.com|SupplierAccount.php
26 Nov 2018 15:39:10|20|shiji@forstarfoods.com|SupplierAccount.php
26 Nov 2018 15:39:35|20|shiji@forstarfoods.com|SupplierAccount.php
26 Nov 2018 15:39:39|20|shiji@forstarfoods.com|SupplierAccount.php
26 Nov 2018 15:39:49|20|shiji@forstarfoods.com|SupplierAccount.php
26 Nov 2018 15:39:58|20|shiji@forstarfoods.com|SupplierAccount.php
26 Nov 2018 15:39:58|28|pratiksha@forstarfoods.com|ManageGatePass.php
26 Nov 2018 15:40:30|20|shiji@forstarfoods.com|SupplierAccount.php
26 Nov 2018 15:40:40|20|shiji@forstarfoods.com|SupplierAccount.php
26 Nov 2018 15:40:50|20|shiji@forstarfoods.com|SupplierAccount.php
26 Nov 2018 15:40:54|20|shiji@forstarfoods.com|SupplierAccount.php
26 Nov 2018 15:41:01|28|pratiksha@forstarfoods.com|ManageGatePass.php
26 Nov 2018 15:41:09|20|shiji@forstarfoods.com|SupplierAccount.php
26 Nov 2018 15:41:14|20|shiji@forstarfoods.com|SupplierAccount.php
26 Nov 2018 15:41:26|20|shiji@forstarfoods.com|SupplierAccount.php
26 Nov 2018 15:41:31|20|shiji@forstarfoods.com|SupplierAccount.php
26 Nov 2018 15:41:54|20|shiji@forstarfoods.com|SupplierAccount.php
26 Nov 2018 15:42:03|28|pratiksha@forstarfoods.com|ManageGatePass.php
26 Nov 2018 15:42:07|20|shiji@forstarfoods.com|SupplierAccount.php
26 Nov 2018 15:42:11|20|shiji@forstarfoods.com|SupplierAccount.php
26 Nov 2018 15:42:25|30|pritirm@forstarfoods.com|DailyCatchEntry_New.php
26 Nov 2018 15:42:35|20|shiji@forstarfoods.com|SupplierAccount.php
26 Nov 2018 15:42:46|20|shiji@forstarfoods.com|SupplierAccount.php
26 Nov 2018 15:43:06|28|pratiksha@forstarfoods.com|ManageGatePass.php
26 Nov 2018 15:43:06|20|shiji@forstarfoods.com|SupplierAccount.php
26 Nov 2018 15:43:10|20|shiji@forstarfoods.com|SupplierAccount.php
26 Nov 2018 15:43:12|29|kavitha@forstarfoods.com|DailyCatchEntry_New.php
26 Nov 2018 15:43:22|20|shiji@forstarfoods.com|SupplierAccount.php
26 Nov 2018 15:43:25|20|shiji@forstarfoods.com|SupplierAccount.php
26 Nov 2018 15:43:53|20|shiji@forstarfoods.com|SupplierAccount.php
26 Nov 2018 15:44:08|28|pratiksha@forstarfoods.com|ManageGatePass.php
26 Nov 2018 15:44:20|20|shiji@forstarfoods.com|SupplierAccount.php
26 Nov 2018 15:44:26|20|shiji@forstarfoods.com|SupplierAccount.php
26 Nov 2018 15:44:41|20|shiji@forstarfoods.com|SupplierAccount.php
26 Nov 2018 15:45:04|20|shiji@forstarfoods.com|SupplierAccount.php
26 Nov 2018 15:45:13|28|pratiksha@forstarfoods.com|ManageGatePass.php
26 Nov 2018 15:45:41|20|shiji@forstarfoods.com|SupplierAccount.php
26 Nov 2018 15:45:52|20|shiji@forstarfoods.com|SupplierAccount.php
26 Nov 2018 15:46:01|20|shiji@forstarfoods.com|SupplierAccount.php
26 Nov 2018 15:46:16|28|pratiksha@forstarfoods.com|ManageGatePass.php
26 Nov 2018 15:46:23|20|shiji@forstarfoods.com|SupplierAccount.php
26 Nov 2018 15:46:27|20|shiji@forstarfoods.com|SupplierAccount.php
26 Nov 2018 15:46:46|20|shiji@forstarfoods.com|SupplierAccount.php
26 Nov 2018 15:46:49|20|shiji@forstarfoods.com|SupplierAccount.php
26 Nov 2018 15:47:02|20|shiji@forstarfoods.com|SupplierAccount.php
26 Nov 2018 15:47:06|20|shiji@forstarfoods.com|SupplierAccount.php
26 Nov 2018 15:47:20|28|pratiksha@forstarfoods.com|ManageGatePass.php
26 Nov 2018 15:47:26|30|pritirm@forstarfoods.com|DailyCatchEntry_New.php
26 Nov 2018 15:47:46|20|shiji@forstarfoods.com|SupplierAccount.php
26 Nov 2018 15:47:53|20|shiji@forstarfoods.com|SupplierAccount.php
26 Nov 2018 15:47:58|20|shiji@forstarfoods.com|SupplierAccount.php
26 Nov 2018 15:48:11|20|shiji@forstarfoods.com|SupplierAccount.php
26 Nov 2018 15:48:14|29|kavitha@forstarfoods.com|DailyCatchEntry_New.php
26 Nov 2018 15:48:14|20|shiji@forstarfoods.com|SupplierAccount.php
26 Nov 2018 15:48:22|28|pratiksha@forstarfoods.com|ManageGatePass.php
26 Nov 2018 15:48:28|20|shiji@forstarfoods.com|SupplierAccount.php
26 Nov 2018 15:48:32|20|shiji@forstarfoods.com|SupplierAccount.php
26 Nov 2018 15:48:47|20|shiji@forstarfoods.com|SupplierAccount.php
26 Nov 2018 15:48:53|20|shiji@forstarfoods.com|SupplierAccount.php
26 Nov 2018 15:49:16|20|shiji@forstarfoods.com|SupplierAccount.php
26 Nov 2018 15:49:26|28|pratiksha@forstarfoods.com|ManageGatePass.php
26 Nov 2018 15:50:07|20|shiji@forstarfoods.com|SupplierAccount.php
26 Nov 2018 15:50:10|20|shiji@forstarfoods.com|SupplierAccount.php
26 Nov 2018 15:50:22|20|shiji@forstarfoods.com|SupplierAccount.php
26 Nov 2018 15:50:26|20|shiji@forstarfoods.com|SupplierAccount.php
26 Nov 2018 15:50:28|28|pratiksha@forstarfoods.com|ManageGatePass.php
26 Nov 2018 15:50:36|20|shiji@forstarfoods.com|SupplierAccount.php
26 Nov 2018 15:50:39|29|kavitha@forstarfoods.com|DailyCatchEntry_New.php
26 Nov 2018 15:50:40|20|shiji@forstarfoods.com|SupplierAccount.php
26 Nov 2018 15:50:41|29|kavitha@forstarfoods.com|DailyCatchEntry_New.php
26 Nov 2018 15:50:42|29|kavitha@forstarfoods.com|DailyCatchEntry_New.php
26 Nov 2018 15:50:43|29|kavitha@forstarfoods.com|DailyCatchEntry_New.php
26 Nov 2018 15:50:49|29|kavitha@forstarfoods.com|DailyCatchEntry_New.php
26 Nov 2018 15:50:50|29|kavitha@forstarfoods.com|CatchEntryDeclaredItem.php
26 Nov 2018 15:50:58|20|shiji@forstarfoods.com|SupplierAccount.php
26 Nov 2018 15:51:04|29|kavitha@forstarfoods.com|DailyCatchEntry_New.php
26 Nov 2018 15:51:07|29|kavitha@forstarfoods.com|DailyCatchEntry_New.php
26 Nov 2018 15:51:10|29|kavitha@forstarfoods.com|DailyCatchEntry_New.php
26 Nov 2018 15:51:20|29|kavitha@forstarfoods.com|DailyCatchEntry_New.php
26 Nov 2018 15:51:21|29|kavitha@forstarfoods.com|DailyCatchEntry_New.php
26 Nov 2018 15:51:22|29|kavitha@forstarfoods.com|DailyCatchEntry_New.php
26 Nov 2018 15:51:24|29|kavitha@forstarfoods.com|DailyCatchEntry_New.php
26 Nov 2018 15:51:25|29|kavitha@forstarfoods.com|DailyCatchEntry_New.php
26 Nov 2018 15:51:26|29|kavitha@forstarfoods.com|DailyCatchEntry_New.php
26 Nov 2018 15:51:27|29|kavitha@forstarfoods.com|DailyCatchEntry_New.php
26 Nov 2018 15:51:28|29|kavitha@forstarfoods.com|DailyCatchEntry_New.php
26 Nov 2018 15:51:30|29|kavitha@forstarfoods.com|DailyCatchEntry_New.php
26 Nov 2018 15:51:31|29|kavitha@forstarfoods.com|DailyCatchEntry_New.php
26 Nov 2018 15:51:31|28|pratiksha@forstarfoods.com|ManageGatePass.php
26 Nov 2018 15:51:32|29|kavitha@forstarfoods.com|DailyCatchEntry_New.php
26 Nov 2018 15:51:33|29|kavitha@forstarfoods.com|DailyCatchEntry_New.php
26 Nov 2018 15:51:35|29|kavitha@forstarfoods.com|DailyCatchEntry_New.php
26 Nov 2018 15:51:36|29|kavitha@forstarfoods.com|DailyCatchEntry_New.php
26 Nov 2018 15:51:37|29|kavitha@forstarfoods.com|DailyCatchEntry_New.php
26 Nov 2018 15:51:38|29|kavitha@forstarfoods.com|DailyCatchEntry_New.php
26 Nov 2018 15:51:40|29|kavitha@forstarfoods.com|DailyCatchEntry_New.php
26 Nov 2018 15:51:41|29|kavitha@forstarfoods.com|DailyCatchEntry_New.php
26 Nov 2018 15:51:42|29|kavitha@forstarfoods.com|DailyCatchEntry_New.php
26 Nov 2018 15:51:43|29|kavitha@forstarfoods.com|DailyCatchEntry_New.php
26 Nov 2018 15:51:45|29|kavitha@forstarfoods.com|DailyCatchEntry_New.php
26 Nov 2018 15:51:46|29|kavitha@forstarfoods.com|DailyCatchEntry_New.php
26 Nov 2018 15:51:47|29|kavitha@forstarfoods.com|DailyCatchEntry_New.php
26 Nov 2018 15:51:48|29|kavitha@forstarfoods.com|DailyCatchEntry_New.php
26 Nov 2018 15:51:49|29|kavitha@forstarfoods.com|DailyCatchEntry_New.php
26 Nov 2018 15:51:51|29|kavitha@forstarfoods.com|DailyCatchEntry_New.php
26 Nov 2018 15:51:52|29|kavitha@forstarfoods.com|DailyCatchEntry_New.php
26 Nov 2018 15:51:53|29|kavitha@forstarfoods.com|DailyCatchEntry_New.php
26 Nov 2018 15:51:54|29|kavitha@forstarfoods.com|DailyCatchEntry_New.php
26 Nov 2018 15:51:57|29|kavitha@forstarfoods.com|DailyCatchEntry_New.php
26 Nov 2018 15:51:58|29|kavitha@forstarfoods.com|CatchEntryDeclaredItem.php
26 Nov 2018 15:52:02|29|kavitha@forstarfoods.com|DailyCatchEntry_New.php
26 Nov 2018 15:52:04|29|kavitha@forstarfoods.com|DailyCatchEntry_New.php
26 Nov 2018 15:52:07|29|kavitha@forstarfoods.com|DailyCatchEntry_New.php
26 Nov 2018 15:52:08|29|kavitha@forstarfoods.com|DailyCatchEntry_New.php
26 Nov 2018 15:52:09|29|kavitha@forstarfoods.com|DailyCatchEntry_New.php
26 Nov 2018 15:52:10|29|kavitha@forstarfoods.com|DailyCatchEntry_New.php
26 Nov 2018 15:52:12|29|kavitha@forstarfoods.com|DailyCatchEntry_New.php
26 Nov 2018 15:52:13|29|kavitha@forstarfoods.com|DailyCatchEntry_New.php
26 Nov 2018 15:52:14|29|kavitha@forstarfoods.com|DailyCatchEntry_New.php
26 Nov 2018 15:52:15|29|kavitha@forstarfoods.com|DailyCatchEntry_New.php
26 Nov 2018 15:52:17|29|kavitha@forstarfoods.com|DailyCatchEntry_New.php
26 Nov 2018 15:52:18|29|kavitha@forstarfoods.com|DailyCatchEntry_New.php
26 Nov 2018 15:52:19|29|kavitha@forstarfoods.com|DailyCatchEntry_New.php
26 Nov 2018 15:52:20|29|kavitha@forstarfoods.com|DailyCatchEntry_New.php
26 Nov 2018 15:52:22|29|kavitha@forstarfoods.com|DailyCatchEntry_New.php
26 Nov 2018 15:52:23|29|kavitha@forstarfoods.com|DailyCatchEntry_New.php
26 Nov 2018 15:52:24|29|kavitha@forstarfoods.com|DailyCatchEntry_New.php
26 Nov 2018 15:52:26|29|kavitha@forstarfoods.com|DailyCatchEntry_New.php
26 Nov 2018 15:52:27|30|pritirm@forstarfoods.com|DailyCatchEntry_New.php
26 Nov 2018 15:52:28|29|kavitha@forstarfoods.com|CatchEntryDeclaredItem.php
26 Nov 2018 15:52:32|29|kavitha@forstarfoods.com|DailyCatchEntry_New.php
26 Nov 2018 15:52:35|29|kavitha@forstarfoods.com|DailyCatchEntry_New.php
26 Nov 2018 15:52:35|28|pratiksha@forstarfoods.com|ManageGatePass.php
26 Nov 2018 15:52:37|29|kavitha@forstarfoods.com|DailyCatchEntry_New.php
26 Nov 2018 15:52:38|29|kavitha@forstarfoods.com|DailyCatchEntry_New.php
26 Nov 2018 15:52:39|29|kavitha@forstarfoods.com|DailyCatchEntry_New.php
26 Nov 2018 15:52:40|29|kavitha@forstarfoods.com|DailyCatchEntry_New.php
26 Nov 2018 15:52:42|29|kavitha@forstarfoods.com|DailyCatchEntry_New.php
26 Nov 2018 15:52:43|29|kavitha@forstarfoods.com|DailyCatchEntry_New.php
26 Nov 2018 15:52:44|29|kavitha@forstarfoods.com|DailyCatchEntry_New.php
26 Nov 2018 15:52:45|29|kavitha@forstarfoods.com|DailyCatchEntry_New.php
26 Nov 2018 15:52:46|29|kavitha@forstarfoods.com|DailyCatchEntry_New.php
26 Nov 2018 15:52:48|29|kavitha@forstarfoods.com|DailyCatchEntry_New.php
26 Nov 2018 15:52:49|29|kavitha@forstarfoods.com|DailyCatchEntry_New.php
26 Nov 2018 15:52:50|29|kavitha@forstarfoods.com|DailyCatchEntry_New.php
26 Nov 2018 15:52:51|29|kavitha@forstarfoods.com|DailyCatchEntry_New.php
26 Nov 2018 15:52:53|29|kavitha@forstarfoods.com|DailyCatchEntry_New.php
26 Nov 2018 15:52:54|29|kavitha@forstarfoods.com|DailyCatchEntry_New.php
26 Nov 2018 15:52:55|29|kavitha@forstarfoods.com|DailyCatchEntry_New.php
26 Nov 2018 15:52:58|29|kavitha@forstarfoods.com|DailyCatchEntry_New.php
26 Nov 2018 15:53:00|29|kavitha@forstarfoods.com|DailyCatchEntry_New.php
26 Nov 2018 15:53:01|29|kavitha@forstarfoods.com|CatchEntryDeclaredItem.php
26 Nov 2018 15:53:10|29|kavitha@forstarfoods.com|DailyCatchEntry_New.php
26 Nov 2018 15:53:15|29|kavitha@forstarfoods.com|DailyCatchEntry_New.php
26 Nov 2018 15:53:18|29|kavitha@forstarfoods.com|DailyCatchEntry_New.php
26 Nov 2018 15:53:38|28|pratiksha@forstarfoods.com|ManageGatePass.php
26 Nov 2018 15:53:40|29|kavitha@forstarfoods.com|DailyCatchEntry_New.php
26 Nov 2018 15:53:41|29|kavitha@forstarfoods.com|DailyCatchEntry_New.php
26 Nov 2018 15:53:42|29|kavitha@forstarfoods.com|DailyCatchEntry_New.php
26 Nov 2018 15:53:44|29|kavitha@forstarfoods.com|DailyCatchEntry_New.php
26 Nov 2018 15:53:45|29|kavitha@forstarfoods.com|DailyCatchEntry_New.php
26 Nov 2018 15:53:46|29|kavitha@forstarfoods.com|DailyCatchEntry_New.php
26 Nov 2018 15:53:47|29|kavitha@forstarfoods.com|DailyCatchEntry_New.php
26 Nov 2018 15:53:49|29|kavitha@forstarfoods.com|DailyCatchEntry_New.php
26 Nov 2018 15:53:50|29|kavitha@forstarfoods.com|DailyCatchEntry_New.php
26 Nov 2018 15:53:51|29|kavitha@forstarfoods.com|DailyCatchEntry_New.php
26 Nov 2018 15:53:52|29|kavitha@forstarfoods.com|DailyCatchEntry_New.php
26 Nov 2018 15:53:53|29|kavitha@forstarfoods.com|DailyCatchEntry_New.php
26 Nov 2018 15:53:55|29|kavitha@forstarfoods.com|DailyCatchEntry_New.php
26 Nov 2018 15:53:56|29|kavitha@forstarfoods.com|DailyCatchEntry_New.php
26 Nov 2018 15:53:57|29|kavitha@forstarfoods.com|DailyCatchEntry_New.php
26 Nov 2018 15:53:58|29|kavitha@forstarfoods.com|DailyCatchEntry_New.php
26 Nov 2018 15:54:00|29|kavitha@forstarfoods.com|DailyCatchEntry_New.php
26 Nov 2018 15:54:03|29|kavitha@forstarfoods.com|DailyCatchEntry_New.php
26 Nov 2018 15:54:04|29|kavitha@forstarfoods.com|CatchEntryDeclaredItem.php
26 Nov 2018 15:54:10|29|kavitha@forstarfoods.com|DailyCatchEntry_New.php
26 Nov 2018 15:54:13|29|kavitha@forstarfoods.com|DailyCatchEntry_New.php
26 Nov 2018 15:54:20|29|kavitha@forstarfoods.com|DailyCatchEntry_New.php
26 Nov 2018 15:54:21|29|kavitha@forstarfoods.com|DailyCatchEntry_New.php
26 Nov 2018 15:54:22|29|kavitha@forstarfoods.com|DailyCatchEntry_New.php
26 Nov 2018 15:54:24|29|kavitha@forstarfoods.com|DailyCatchEntry_New.php
26 Nov 2018 15:54:25|29|kavitha@forstarfoods.com|DailyCatchEntry_New.php
26 Nov 2018 15:54:26|29|kavitha@forstarfoods.com|DailyCatchEntry_New.php
26 Nov 2018 15:54:27|29|kavitha@forstarfoods.com|DailyCatchEntry_New.php
26 Nov 2018 15:54:29|29|kavitha@forstarfoods.com|DailyCatchEntry_New.php
26 Nov 2018 15:54:30|29|kavitha@forstarfoods.com|DailyCatchEntry_New.php
26 Nov 2018 15:54:31|29|kavitha@forstarfoods.com|DailyCatchEntry_New.php
26 Nov 2018 15:54:32|29|kavitha@forstarfoods.com|DailyCatchEntry_New.php
26 Nov 2018 15:54:34|29|kavitha@forstarfoods.com|DailyCatchEntry_New.php
26 Nov 2018 15:54:35|29|kavitha@forstarfoods.com|DailyCatchEntry_New.php
26 Nov 2018 15:54:36|29|kavitha@forstarfoods.com|DailyCatchEntry_New.php
26 Nov 2018 15:54:37|29|kavitha@forstarfoods.com|DailyCatchEntry_New.php
26 Nov 2018 15:54:38|29|kavitha@forstarfoods.com|DailyCatchEntry_New.php
26 Nov 2018 15:54:40|29|kavitha@forstarfoods.com|DailyCatchEntry_New.php
26 Nov 2018 15:54:42|28|pratiksha@forstarfoods.com|ManageGatePass.php
26 Nov 2018 15:54:42|29|kavitha@forstarfoods.com|DailyCatchEntry_New.php
26 Nov 2018 15:54:43|29|kavitha@forstarfoods.com|CatchEntryDeclaredItem.php
26 Nov 2018 15:54:46|29|kavitha@forstarfoods.com|DailyCatchEntry_New.php
26 Nov 2018 15:54:49|29|kavitha@forstarfoods.com|DailyCatchEntry_New.php
26 Nov 2018 15:54:51|29|kavitha@forstarfoods.com|DailyCatchEntry_New.php
26 Nov 2018 15:54:52|29|kavitha@forstarfoods.com|DailyCatchEntry_New.php
26 Nov 2018 15:54:53|29|kavitha@forstarfoods.com|DailyCatchEntry_New.php
26 Nov 2018 15:54:55|29|kavitha@forstarfoods.com|DailyCatchEntry_New.php
26 Nov 2018 15:54:56|29|kavitha@forstarfoods.com|DailyCatchEntry_New.php
26 Nov 2018 15:54:57|29|kavitha@forstarfoods.com|DailyCatchEntry_New.php
26 Nov 2018 15:54:58|29|kavitha@forstarfoods.com|DailyCatchEntry_New.php
26 Nov 2018 15:55:00|29|kavitha@forstarfoods.com|DailyCatchEntry_New.php
26 Nov 2018 15:55:01|29|kavitha@forstarfoods.com|DailyCatchEntry_New.php
26 Nov 2018 15:55:02|29|kavitha@forstarfoods.com|DailyCatchEntry_New.php
26 Nov 2018 15:55:03|29|kavitha@forstarfoods.com|DailyCatchEntry_New.php
26 Nov 2018 15:55:05|29|kavitha@forstarfoods.com|DailyCatchEntry_New.php
26 Nov 2018 15:55:06|29|kavitha@forstarfoods.com|DailyCatchEntry_New.php
26 Nov 2018 15:55:07|29|kavitha@forstarfoods.com|DailyCatchEntry_New.php
26 Nov 2018 15:55:08|29|kavitha@forstarfoods.com|DailyCatchEntry_New.php
26 Nov 2018 15:55:10|29|kavitha@forstarfoods.com|DailyCatchEntry_New.php
26 Nov 2018 15:55:11|29|kavitha@forstarfoods.com|DailyCatchEntry_New.php
26 Nov 2018 15:55:44|28|pratiksha@forstarfoods.com|ManageGatePass.php
26 Nov 2018 15:56:49|28|pratiksha@forstarfoods.com|ManageGatePass.php
26 Nov 2018 15:57:29|30|pritirm@forstarfoods.com|DailyCatchEntry_New.php
26 Nov 2018 15:57:34|24|shashikala@forstarfoods.com|Home.php
26 Nov 2018 15:57:44|24|shashikala@forstarfoods.com|DailyPreProcess.php
26 Nov 2018 15:57:52|28|pratiksha@forstarfoods.com|ManageGatePass.php
26 Nov 2018 15:57:53|24|shashikala@forstarfoods.com|DailyPreProcess.php
26 Nov 2018 15:58:07|29|kavitha@forstarfoods.com|DailyCatchEntry_New.php
26 Nov 2018 15:58:08|29|kavitha@forstarfoods.com|CatchEntryDeclaredItem.php
26 Nov 2018 15:58:16|29|kavitha@forstarfoods.com|DailyCatchEntry_New.php
26 Nov 2018 15:58:26|24|shashikala@forstarfoods.com|DailyPreProcess.php
26 Nov 2018 15:58:33|24|shashikala@forstarfoods.com|DailyPreProcess.php
26 Nov 2018 15:58:34|24|shashikala@forstarfoods.com|DailyPreProcess.php
26 Nov 2018 15:58:55|28|pratiksha@forstarfoods.com|ManageGatePass.php
26 Nov 2018 15:59:33|29|kavitha@forstarfoods.com|DailyCatchEntry_New.php
26 Nov 2018 15:59:34|29|kavitha@forstarfoods.com|DailyCatchEntry_New.php
26 Nov 2018 15:59:35|29|kavitha@forstarfoods.com|DailyCatchEntry_New.php
26 Nov 2018 15:59:37|29|kavitha@forstarfoods.com|DailyCatchEntry_New.php
26 Nov 2018 15:59:43|29|kavitha@forstarfoods.com|DailyCatchEntry_New.php
26 Nov 2018 15:59:44|29|kavitha@forstarfoods.com|CatchEntryDeclaredItem.php
26 Nov 2018 15:59:58|29|kavitha@forstarfoods.com|DailyCatchEntry_New.php
26 Nov 2018 15:59:59|28|pratiksha@forstarfoods.com|ManageGatePass.php
26 Nov 2018 16:00:00|29|kavitha@forstarfoods.com|DailyCatchEntry_New.php
26 Nov 2018 16:00:17|29|kavitha@forstarfoods.com|DailyCatchEntry_New.php
26 Nov 2018 16:00:19|29|kavitha@forstarfoods.com|CatchEntryDeclaredItem.php
26 Nov 2018 16:00:24|29|kavitha@forstarfoods.com|DailyCatchEntry_New.php
26 Nov 2018 16:00:29|29|kavitha@forstarfoods.com|DailyCatchEntry_New.php
26 Nov 2018 16:00:30|29|kavitha@forstarfoods.com|DailyCatchEntry_New.php
26 Nov 2018 16:00:35|29|kavitha@forstarfoods.com|DailyCatchEntry_New.php
26 Nov 2018 16:00:38|29|kavitha@forstarfoods.com|DailyCatchEntry_New.php
26 Nov 2018 16:00:40|29|kavitha@forstarfoods.com|DailyCatchEntry_New.php
26 Nov 2018 16:00:41|29|kavitha@forstarfoods.com|DailyCatchEntry_New.php
26 Nov 2018 16:00:43|29|kavitha@forstarfoods.com|DailyCatchEntry_New.php
26 Nov 2018 16:00:44|29|kavitha@forstarfoods.com|DailyCatchEntry_New.php
26 Nov 2018 16:00:45|29|kavitha@forstarfoods.com|DailyCatchEntry_New.php
26 Nov 2018 16:00:46|29|kavitha@forstarfoods.com|DailyCatchEntry_New.php
26 Nov 2018 16:00:47|29|kavitha@forstarfoods.com|DailyCatchEntry_New.php
26 Nov 2018 16:00:49|29|kavitha@forstarfoods.com|DailyCatchEntry_New.php
26 Nov 2018 16:00:50|29|kavitha@forstarfoods.com|DailyCatchEntry_New.php
26 Nov 2018 16:00:51|29|kavitha@forstarfoods.com|DailyCatchEntry_New.php
26 Nov 2018 16:00:52|29|kavitha@forstarfoods.com|DailyCatchEntry_New.php
26 Nov 2018 16:00:54|29|kavitha@forstarfoods.com|DailyCatchEntry_New.php
26 Nov 2018 16:00:55|29|kavitha@forstarfoods.com|DailyCatchEntry_New.php
26 Nov 2018 16:00:56|24|shashikala@forstarfoods.com|DailyPreProcess.php
26 Nov 2018 16:00:56|29|kavitha@forstarfoods.com|DailyCatchEntry_New.php
26 Nov 2018 16:00:57|29|kavitha@forstarfoods.com|DailyCatchEntry_New.php
26 Nov 2018 16:00:59|29|kavitha@forstarfoods.com|DailyCatchEntry_New.php
26 Nov 2018 16:01:01|28|pratiksha@forstarfoods.com|ManageGatePass.php
26 Nov 2018 16:01:11|29|kavitha@forstarfoods.com|DailyCatchEntry_New.php
26 Nov 2018 16:01:13|29|kavitha@forstarfoods.com|DailyCatchEntry_New.php
26 Nov 2018 16:01:14|29|kavitha@forstarfoods.com|CatchEntryDeclaredItem.php
26 Nov 2018 16:01:18|29|kavitha@forstarfoods.com|DailyCatchEntry_New.php
26 Nov 2018 16:01:20|29|kavitha@forstarfoods.com|DailyCatchEntry_New.php
26 Nov 2018 16:01:22|29|kavitha@forstarfoods.com|DailyCatchEntry_New.php
26 Nov 2018 16:01:24|29|kavitha@forstarfoods.com|DailyCatchEntry_New.php
26 Nov 2018 16:01:25|29|kavitha@forstarfoods.com|DailyCatchEntry_New.php
26 Nov 2018 16:01:26|29|kavitha@forstarfoods.com|DailyCatchEntry_New.php
26 Nov 2018 16:01:27|29|kavitha@forstarfoods.com|DailyCatchEntry_New.php
26 Nov 2018 16:01:28|29|kavitha@forstarfoods.com|DailyCatchEntry_New.php
26 Nov 2018 16:01:30|29|kavitha@forstarfoods.com|DailyCatchEntry_New.php
26 Nov 2018 16:01:31|29|kavitha@forstarfoods.com|DailyCatchEntry_New.php
26 Nov 2018 16:01:32|29|kavitha@forstarfoods.com|DailyCatchEntry_New.php
26 Nov 2018 16:01:33|29|kavitha@forstarfoods.com|DailyCatchEntry_New.php
26 Nov 2018 16:01:35|29|kavitha@forstarfoods.com|DailyCatchEntry_New.php
26 Nov 2018 16:01:36|29|kavitha@forstarfoods.com|DailyCatchEntry_New.php
26 Nov 2018 16:01:37|29|kavitha@forstarfoods.com|DailyCatchEntry_New.php
26 Nov 2018 16:01:38|29|kavitha@forstarfoods.com|DailyCatchEntry_New.php
26 Nov 2018 16:01:39|29|kavitha@forstarfoods.com|DailyCatchEntry_New.php
26 Nov 2018 16:01:41|29|kavitha@forstarfoods.com|DailyCatchEntry_New.php
26 Nov 2018 16:02:04|28|pratiksha@forstarfoods.com|ManageGatePass.php
26 Nov 2018 16:02:30|30|pritirm@forstarfoods.com|DailyCatchEntry_New.php
26 Nov 2018 16:02:53|29|kavitha@forstarfoods.com|DailyCatchEntry_New.php
26 Nov 2018 16:02:55|29|kavitha@forstarfoods.com|DailyCatchEntry_New.php
26 Nov 2018 16:02:56|29|kavitha@forstarfoods.com|CatchEntryDeclaredItem.php
26 Nov 2018 16:03:00|29|kavitha@forstarfoods.com|DailyCatchEntry_New.php
26 Nov 2018 16:03:02|29|kavitha@forstarfoods.com|DailyCatchEntry_New.php
26 Nov 2018 16:03:04|29|kavitha@forstarfoods.com|DailyCatchEntry_New.php
26 Nov 2018 16:03:06|29|kavitha@forstarfoods.com|DailyCatchEntry_New.php
26 Nov 2018 16:03:07|29|kavitha@forstarfoods.com|DailyCatchEntry_New.php
26 Nov 2018 16:03:07|28|pratiksha@forstarfoods.com|ManageGatePass.php
26 Nov 2018 16:03:08|29|kavitha@forstarfoods.com|DailyCatchEntry_New.php
26 Nov 2018 16:03:09|29|kavitha@forstarfoods.com|DailyCatchEntry_New.php
26 Nov 2018 16:03:11|29|kavitha@forstarfoods.com|DailyCatchEntry_New.php
26 Nov 2018 16:03:12|29|kavitha@forstarfoods.com|DailyCatchEntry_New.php
26 Nov 2018 16:03:13|29|kavitha@forstarfoods.com|DailyCatchEntry_New.php
26 Nov 2018 16:03:14|29|kavitha@forstarfoods.com|DailyCatchEntry_New.php
26 Nov 2018 16:03:15|29|kavitha@forstarfoods.com|DailyCatchEntry_New.php
26 Nov 2018 16:03:17|29|kavitha@forstarfoods.com|DailyCatchEntry_New.php
26 Nov 2018 16:03:18|29|kavitha@forstarfoods.com|DailyCatchEntry_New.php
26 Nov 2018 16:03:19|29|kavitha@forstarfoods.com|DailyCatchEntry_New.php
26 Nov 2018 16:03:20|29|kavitha@forstarfoods.com|DailyCatchEntry_New.php
26 Nov 2018 16:03:22|29|kavitha@forstarfoods.com|DailyCatchEntry_New.php
26 Nov 2018 16:03:23|29|kavitha@forstarfoods.com|DailyCatchEntry_New.php
26 Nov 2018 16:03:24|29|kavitha@forstarfoods.com|DailyCatchEntry_New.php
26 Nov 2018 16:03:25|20|shiji@forstarfoods.com|SettlementSummary.php
26 Nov 2018 16:03:30|29|kavitha@forstarfoods.com|DailyCatchEntry_New.php
26 Nov 2018 16:03:32|29|kavitha@forstarfoods.com|DailyCatchEntry_New.php
26 Nov 2018 16:03:33|29|kavitha@forstarfoods.com|CatchEntryDeclaredItem.php
26 Nov 2018 16:03:33|20|shiji@forstarfoods.com|SettlementSummary.php
26 Nov 2018 16:03:36|20|shiji@forstarfoods.com|SupplierPayments.php
26 Nov 2018 16:03:37|20|shiji@forstarfoods.com|SupplierPayments.php
26 Nov 2018 16:03:39|20|shiji@forstarfoods.com|SupplierPayments.php
26 Nov 2018 16:04:10|28|pratiksha@forstarfoods.com|ManageGatePass.php
26 Nov 2018 16:04:33|29|kavitha@forstarfoods.com|DailyCatchReport.php
26 Nov 2018 16:04:43|29|kavitha@forstarfoods.com|DailyCatchReport.php
26 Nov 2018 16:04:46|29|kavitha@forstarfoods.com|DailyCatchReport.php
26 Nov 2018 16:04:52|24|shashikala@forstarfoods.com|DailyPreProcess.php
26 Nov 2018 16:04:52|29|kavitha@forstarfoods.com|DailyCatchReport.php
26 Nov 2018 16:04:53|29|kavitha@forstarfoods.com|DailyCatchReport.php
26 Nov 2018 16:04:55|24|shashikala@forstarfoods.com|DailyPreProcess.php
26 Nov 2018 16:04:55|29|kavitha@forstarfoods.com|DailyCatchReport.php
26 Nov 2018 16:05:08|24|shashikala@forstarfoods.com|DailyPreProcess.php
26 Nov 2018 16:05:13|28|pratiksha@forstarfoods.com|ManageGatePass.php
26 Nov 2018 16:05:38|29|kavitha@forstarfoods.com|DailyCatchReport.php
26 Nov 2018 16:05:40|29|kavitha@forstarfoods.com|DailyCatchReport.php
26 Nov 2018 16:05:41|29|kavitha@forstarfoods.com|DailyCatchReport.php
26 Nov 2018 16:05:47|29|kavitha@forstarfoods.com|DailyCatchReport.php
26 Nov 2018 16:05:48|29|kavitha@forstarfoods.com|DailyCatchReport.php
26 Nov 2018 16:05:50|29|kavitha@forstarfoods.com|DailyCatchReport.php
26 Nov 2018 16:05:51|29|kavitha@forstarfoods.com|DailyCatchReport.php
26 Nov 2018 16:05:54|29|kavitha@forstarfoods.com|DailyCatchReport.php
26 Nov 2018 16:05:56|29|kavitha@forstarfoods.com|DailyCatchReport.php
26 Nov 2018 16:05:57|29|kavitha@forstarfoods.com|DailyCatchReport.php
26 Nov 2018 16:06:00|29|kavitha@forstarfoods.com|DailyCatchReport.php
26 Nov 2018 16:06:02|29|kavitha@forstarfoods.com|DailyCatchReport.php
26 Nov 2018 16:06:03|29|kavitha@forstarfoods.com|DailyCatchReport.php
26 Nov 2018 16:06:16|28|pratiksha@forstarfoods.com|ManageGatePass.php
26 Nov 2018 16:06:22|29|kavitha@forstarfoods.com|DailyCatchReport.php
26 Nov 2018 16:06:23|29|kavitha@forstarfoods.com|DailyCatchReport.php
26 Nov 2018 16:06:25|29|kavitha@forstarfoods.com|DailyCatchReport.php
26 Nov 2018 16:06:35|29|kavitha@forstarfoods.com|DailyCatchReport.php
26 Nov 2018 16:06:37|29|kavitha@forstarfoods.com|DailyCatchReport.php
26 Nov 2018 16:06:38|29|kavitha@forstarfoods.com|DailyCatchReport.php
26 Nov 2018 16:06:39|29|kavitha@forstarfoods.com|DailyCatchReport.php
26 Nov 2018 16:06:42|29|kavitha@forstarfoods.com|DailyCatchReport.php
26 Nov 2018 16:06:44|29|kavitha@forstarfoods.com|DailyCatchReport.php
26 Nov 2018 16:06:45|29|kavitha@forstarfoods.com|DailyCatchReport.php
26 Nov 2018 16:07:00|29|kavitha@forstarfoods.com|DailyCatchReport.php
26 Nov 2018 16:07:02|29|kavitha@forstarfoods.com|DailyCatchReport.php
26 Nov 2018 16:07:03|29|kavitha@forstarfoods.com|DailyCatchReport.php
26 Nov 2018 16:07:10|29|kavitha@forstarfoods.com|DailyCatchReport.php
26 Nov 2018 16:07:11|29|kavitha@forstarfoods.com|DailyCatchReport.php
26 Nov 2018 16:07:13|29|kavitha@forstarfoods.com|DailyCatchReport.php
26 Nov 2018 16:07:14|29|kavitha@forstarfoods.com|DailyCatchReport.php
26 Nov 2018 16:07:17|29|kavitha@forstarfoods.com|DailyCatchReport.php
26 Nov 2018 16:07:18|29|kavitha@forstarfoods.com|DailyCatchReport.php
26 Nov 2018 16:07:19|28|pratiksha@forstarfoods.com|ManageGatePass.php
26 Nov 2018 16:07:19|29|kavitha@forstarfoods.com|DailyCatchReport.php
26 Nov 2018 16:07:31|30|pritirm@forstarfoods.com|DailyCatchEntry_New.php
26 Nov 2018 16:07:49|29|kavitha@forstarfoods.com|DailyCatchReport.php
26 Nov 2018 16:07:51|29|kavitha@forstarfoods.com|DailyCatchReport.php
26 Nov 2018 16:07:52|29|kavitha@forstarfoods.com|DailyCatchReport.php
26 Nov 2018 16:08:20|29|kavitha@forstarfoods.com|DailyCatchReport.php
26 Nov 2018 16:08:21|28|pratiksha@forstarfoods.com|ManageGatePass.php
26 Nov 2018 16:08:22|29|kavitha@forstarfoods.com|DailyCatchReport.php
26 Nov 2018 16:08:23|29|kavitha@forstarfoods.com|DailyCatchReport.php
26 Nov 2018 16:08:24|29|kavitha@forstarfoods.com|DailyCatchReport.php
26 Nov 2018 16:08:48|29|kavitha@forstarfoods.com|DailyCatchReport.php
26 Nov 2018 16:08:50|29|kavitha@forstarfoods.com|DailyCatchReport.php
26 Nov 2018 16:08:51|29|kavitha@forstarfoods.com|DailyCatchReport.php
26 Nov 2018 16:09:21|29|kavitha@forstarfoods.com|DailyCatchReport.php
26 Nov 2018 16:09:23|29|kavitha@forstarfoods.com|DailyCatchReport.php
26 Nov 2018 16:09:24|29|kavitha@forstarfoods.com|DailyCatchReport.php
26 Nov 2018 16:09:25|28|pratiksha@forstarfoods.com|ManageGatePass.php
26 Nov 2018 16:09:28|29|kavitha@forstarfoods.com|DailyCatchReport.php
26 Nov 2018 16:09:30|29|kavitha@forstarfoods.com|DailyCatchReport.php
26 Nov 2018 16:09:31|29|kavitha@forstarfoods.com|DailyCatchReport.php
26 Nov 2018 16:10:28|28|pratiksha@forstarfoods.com|ManageGatePass.php
26 Nov 2018 16:10:40|24|shashikala@forstarfoods.com|DailyPreProcess.php
26 Nov 2018 16:10:42|24|shashikala@forstarfoods.com|DailyPreProcess.php
26 Nov 2018 16:10:50|24|shashikala@forstarfoods.com|DailyPreProcess.php
26 Nov 2018 16:11:31|28|pratiksha@forstarfoods.com|ManageGatePass.php
26 Nov 2018 16:12:33|30|pritirm@forstarfoods.com|DailyCatchEntry_New.php
26 Nov 2018 16:12:33|28|pratiksha@forstarfoods.com|ManageGatePass.php
26 Nov 2018 16:13:29|24|shashikala@forstarfoods.com|DailyPreProcess.php
26 Nov 2018 16:13:32|24|shashikala@forstarfoods.com|DailyPreProcess.php
26 Nov 2018 16:13:37|28|pratiksha@forstarfoods.com|ManageGatePass.php
26 Nov 2018 16:13:38|24|shashikala@forstarfoods.com|DailyPreProcess.php
26 Nov 2018 16:13:39|24|shashikala@forstarfoods.com|DailyPreProcess.php
26 Nov 2018 16:13:49|24|shashikala@forstarfoods.com|DailyPreProcess.php
26 Nov 2018 16:14:43|28|pratiksha@forstarfoods.com|ManageGatePass.php
26 Nov 2018 16:15:45|28|pratiksha@forstarfoods.com|ManageGatePass.php
26 Nov 2018 16:16:31|29|kavitha@forstarfoods.com|DailyCatchReport.php
26 Nov 2018 16:16:33|29|kavitha@forstarfoods.com|DailyCatchReport.php
26 Nov 2018 16:16:34|29|kavitha@forstarfoods.com|DailyCatchReport.php
26 Nov 2018 16:16:49|28|pratiksha@forstarfoods.com|ManageGatePass.php
26 Nov 2018 16:17:15|29|kavitha@forstarfoods.com|DailyCatchReport.php
26 Nov 2018 16:17:17|29|kavitha@forstarfoods.com|DailyCatchReport.php
26 Nov 2018 16:17:18|29|kavitha@forstarfoods.com|DailyCatchReport.php
26 Nov 2018 16:17:34|30|pritirm@forstarfoods.com|DailyCatchEntry_New.php
26 Nov 2018 16:17:46|29|kavitha@forstarfoods.com|DailyCatchReport.php
26 Nov 2018 16:17:47|29|kavitha@forstarfoods.com|DailyCatchReport.php
26 Nov 2018 16:17:49|29|kavitha@forstarfoods.com|DailyCatchReport.php
26 Nov 2018 16:17:50|29|kavitha@forstarfoods.com|DailyCatchReport.php
26 Nov 2018 16:17:51|28|pratiksha@forstarfoods.com|ManageGatePass.php
26 Nov 2018 16:17:53|29|kavitha@forstarfoods.com|DailyCatchReport.php
26 Nov 2018 16:17:55|29|kavitha@forstarfoods.com|DailyCatchReport.php
26 Nov 2018 16:17:56|29|kavitha@forstarfoods.com|DailyCatchReport.php
26 Nov 2018 16:18:17|29|kavitha@forstarfoods.com|DailyCatchReport.php
26 Nov 2018 16:18:18|29|kavitha@forstarfoods.com|DailyCatchReport.php
26 Nov 2018 16:18:19|29|kavitha@forstarfoods.com|DailyCatchReport.php
26 Nov 2018 16:18:22|29|kavitha@forstarfoods.com|DailyCatchReport.php
26 Nov 2018 16:18:24|29|kavitha@forstarfoods.com|DailyCatchReport.php
26 Nov 2018 16:18:25|29|kavitha@forstarfoods.com|DailyCatchReport.php
26 Nov 2018 16:18:55|28|pratiksha@forstarfoods.com|ManageGatePass.php
26 Nov 2018 16:19:20|29|kavitha@forstarfoods.com|DailyCatchReport.php
26 Nov 2018 16:19:22|29|kavitha@forstarfoods.com|DailyCatchReport.php
26 Nov 2018 16:19:23|29|kavitha@forstarfoods.com|DailyCatchReport.php
26 Nov 2018 16:19:52|29|kavitha@forstarfoods.com|DailyCatchReport.php
26 Nov 2018 16:19:53|29|kavitha@forstarfoods.com|DailyCatchReport.php
26 Nov 2018 16:19:54|20|shiji@forstarfoods.com|DailyCatchSummary.php
26 Nov 2018 16:19:55|29|kavitha@forstarfoods.com|DailyCatchReport.php
26 Nov 2018 16:19:56|20|shiji@forstarfoods.com|DailyCatchSummary.php
26 Nov 2018 16:19:59|28|pratiksha@forstarfoods.com|ManageGatePass.php
26 Nov 2018 16:19:59|24|shashikala@forstarfoods.com|DailyPreProcess.php
26 Nov 2018 16:20:01|24|shashikala@forstarfoods.com|DailyPreProcess.php
26 Nov 2018 16:20:12|29|kavitha@forstarfoods.com|DailyCatchReport.php
26 Nov 2018 16:20:16|29|kavitha@forstarfoods.com|DailyCatchReport.php
26 Nov 2018 16:20:17|29|kavitha@forstarfoods.com|DailyCatchReport.php
26 Nov 2018 16:20:19|29|kavitha@forstarfoods.com|DailyCatchReport.php
26 Nov 2018 16:20:22|29|kavitha@forstarfoods.com|DailyCatchReport.php
26 Nov 2018 16:20:23|29|kavitha@forstarfoods.com|DailyCatchReport.php
26 Nov 2018 16:20:24|29|kavitha@forstarfoods.com|DailyCatchReport.php
26 Nov 2018 16:21:01|29|kavitha@forstarfoods.com|DailyCatchReport.php
26 Nov 2018 16:21:02|28|pratiksha@forstarfoods.com|ManageGatePass.php
26 Nov 2018 16:21:02|29|kavitha@forstarfoods.com|DailyCatchReport.php
26 Nov 2018 16:21:04|29|kavitha@forstarfoods.com|DailyCatchReport.php
26 Nov 2018 16:21:11|20|shiji@forstarfoods.com|DailyCatchSummary.php
26 Nov 2018 16:21:11|29|kavitha@forstarfoods.com|DailyCatchReport.php
26 Nov 2018 16:21:13|29|kavitha@forstarfoods.com|DailyCatchReport.php
26 Nov 2018 16:21:14|29|kavitha@forstarfoods.com|DailyCatchReport.php
26 Nov 2018 16:21:14|20|shiji@forstarfoods.com|DailyCatchSummary.php
26 Nov 2018 16:21:15|29|kavitha@forstarfoods.com|DailyCatchReport.php
26 Nov 2018 16:21:19|29|kavitha@forstarfoods.com|DailyCatchReport.php
26 Nov 2018 16:21:21|29|kavitha@forstarfoods.com|DailyCatchReport.php
26 Nov 2018 16:21:22|29|kavitha@forstarfoods.com|DailyCatchReport.php
26 Nov 2018 16:21:23|20|shiji@forstarfoods.com|DailyCatchSummary.php
26 Nov 2018 16:21:28|20|shiji@forstarfoods.com|DailyCatchSummary.php
26 Nov 2018 16:21:46|29|kavitha@forstarfoods.com|DailyCatchReport.php
26 Nov 2018 16:21:47|29|kavitha@forstarfoods.com|DailyCatchReport.php
26 Nov 2018 16:21:48|29|kavitha@forstarfoods.com|DailyCatchReport.php
26 Nov 2018 16:21:59|29|kavitha@forstarfoods.com|DailyCatchReport.php
26 Nov 2018 16:22:00|29|kavitha@forstarfoods.com|DailyCatchReport.php
26 Nov 2018 16:22:02|29|kavitha@forstarfoods.com|DailyCatchReport.php
26 Nov 2018 16:22:03|29|kavitha@forstarfoods.com|DailyCatchReport.php
26 Nov 2018 16:22:06|29|kavitha@forstarfoods.com|DailyCatchReport.php
26 Nov 2018 16:22:07|28|pratiksha@forstarfoods.com|ManageGatePass.php
26 Nov 2018 16:22:08|29|kavitha@forstarfoods.com|DailyCatchReport.php
26 Nov 2018 16:22:09|29|kavitha@forstarfoods.com|DailyCatchReport.php
26 Nov 2018 16:22:12|24|shashikala@forstarfoods.com|DailyPreProcess.php
26 Nov 2018 16:22:13|29|kavitha@forstarfoods.com|DailyCatchReport.php
26 Nov 2018 16:22:14|29|kavitha@forstarfoods.com|DailyCatchReport.php
26 Nov 2018 16:22:15|29|kavitha@forstarfoods.com|DailyCatchReport.php
26 Nov 2018 16:22:35|30|pritirm@forstarfoods.com|DailyCatchEntry_New.php
26 Nov 2018 16:22:39|20|shiji@forstarfoods.com|DailyCatchSummary.php
26 Nov 2018 16:22:39|29|kavitha@forstarfoods.com|DailyCatchReport.php
26 Nov 2018 16:22:41|29|kavitha@forstarfoods.com|DailyCatchReport.php
26 Nov 2018 16:22:42|29|kavitha@forstarfoods.com|DailyCatchReport.php
26 Nov 2018 16:22:57|20|shiji@forstarfoods.com|DailyCatchSummary.php
26 Nov 2018 16:23:10|28|pratiksha@forstarfoods.com|ManageGatePass.php
26 Nov 2018 16:23:20|20|shiji@forstarfoods.com|DailyCatchSummary.php
26 Nov 2018 16:24:03|20|shiji@forstarfoods.com|PrintDailyCatchSummary.php
26 Nov 2018 16:24:14|28|pratiksha@forstarfoods.com|ManageGatePass.php
26 Nov 2018 16:25:17|28|pratiksha@forstarfoods.com|ManageGatePass.php
26 Nov 2018 16:25:46|24|shashikala@forstarfoods.com|DailyPreProcess.php
26 Nov 2018 16:25:49|24|shashikala@forstarfoods.com|DailyPreProcess.php
26 Nov 2018 16:26:20|28|pratiksha@forstarfoods.com|ManageGatePass.php
26 Nov 2018 16:26:21|24|shashikala@forstarfoods.com|DailyPreProcess.php
26 Nov 2018 16:26:22|24|shashikala@forstarfoods.com|DailyPreProcess.php
26 Nov 2018 16:27:23|28|pratiksha@forstarfoods.com|ManageGatePass.php
26 Nov 2018 16:27:37|30|pritirm@forstarfoods.com|DailyCatchEntry_New.php
26 Nov 2018 16:28:00|20|shiji@forstarfoods.com|DailyCatchSummary.php
26 Nov 2018 16:28:03|20|shiji@forstarfoods.com|DailyCatchSummary.php
26 Nov 2018 16:28:12|20|shiji@forstarfoods.com|PrintDailyCatchSummary.php
26 Nov 2018 16:28:27|28|pratiksha@forstarfoods.com|ManageGatePass.php
26 Nov 2018 16:29:30|28|pratiksha@forstarfoods.com|ManageGatePass.php
26 Nov 2018 16:30:33|28|pratiksha@forstarfoods.com|ManageGatePass.php
26 Nov 2018 16:31:35|28|pratiksha@forstarfoods.com|ManageGatePass.php
26 Nov 2018 16:32:29|20|shiji@forstarfoods.com|DailyCatchSummary.php
26 Nov 2018 16:32:38|28|pratiksha@forstarfoods.com|ManageGatePass.php
26 Nov 2018 16:32:38|30|pritirm@forstarfoods.com|DailyCatchEntry_New.php
26 Nov 2018 16:33:41|28|pratiksha@forstarfoods.com|ManageGatePass.php
26 Nov 2018 16:33:49|30|pritirm@forstarfoods.com|DailyCatchEntry_New.php
26 Nov 2018 16:33:51|24|shashikala@forstarfoods.com|DailyPreProcess.php
26 Nov 2018 16:33:56|29|kavitha@forstarfoods.com|DailyCatchReport.php
26 Nov 2018 16:33:56|20|shiji@forstarfoods.com|DailyCatchSummary.php
26 Nov 2018 16:33:57|29|kavitha@forstarfoods.com|DailyCatchReport.php
26 Nov 2018 16:33:58|24|shashikala@forstarfoods.com|DailyPreProcess.php
26 Nov 2018 16:33:59|29|kavitha@forstarfoods.com|DailyCatchReport.php
26 Nov 2018 16:34:00|29|kavitha@forstarfoods.com|DailyCatchReport.php
26 Nov 2018 16:34:02|24|shashikala@forstarfoods.com|DailyPreProcess.php
26 Nov 2018 16:34:05|29|kavitha@forstarfoods.com|DailyCatchReport.php
26 Nov 2018 16:34:06|30|pritirm@forstarfoods.com|DailyCatchEntry_New.php
26 Nov 2018 16:34:07|24|shashikala@forstarfoods.com|DailyPreProcess.php
26 Nov 2018 16:34:07|29|kavitha@forstarfoods.com|DailyCatchReport.php
26 Nov 2018 16:34:07|30|pritirm@forstarfoods.com|DailyCatchEntry_New.php
26 Nov 2018 16:34:08|29|kavitha@forstarfoods.com|DailyCatchReport.php
26 Nov 2018 16:34:08|24|shashikala@forstarfoods.com|DailyPreProcess.php
26 Nov 2018 16:34:09|30|pritirm@forstarfoods.com|DailyCatchEntry_New.php
26 Nov 2018 16:34:17|30|pritirm@forstarfoods.com|DailyCatchEntry_New.php
26 Nov 2018 16:34:18|30|pritirm@forstarfoods.com|DailyCatchEntry_New.php
26 Nov 2018 16:34:21|29|kavitha@forstarfoods.com|DailyCatchReport.php
26 Nov 2018 16:34:23|29|kavitha@forstarfoods.com|DailyCatchReport.php
26 Nov 2018 16:34:24|29|kavitha@forstarfoods.com|DailyCatchReport.php
26 Nov 2018 16:34:26|29|kavitha@forstarfoods.com|DailyCatchReport.php
26 Nov 2018 16:34:28|30|pritirm@forstarfoods.com|DailyCatchEntry_New.php
26 Nov 2018 16:34:29|29|kavitha@forstarfoods.com|DailyCatchReport.php
26 Nov 2018 16:34:31|29|kavitha@forstarfoods.com|DailyCatchReport.php
26 Nov 2018 16:34:32|29|kavitha@forstarfoods.com|DailyCatchReport.php
26 Nov 2018 16:34:40|30|pritirm@forstarfoods.com|SupplierAccount.php
26 Nov 2018 16:34:43|28|pratiksha@forstarfoods.com|ManageGatePass.php
26 Nov 2018 16:34:46|29|kavitha@forstarfoods.com|DailyCatchReport.php
26 Nov 2018 16:34:46|30|pritirm@forstarfoods.com|SupplierAccount.php
26 Nov 2018 16:34:48|29|kavitha@forstarfoods.com|DailyCatchReport.php
26 Nov 2018 16:34:49|29|kavitha@forstarfoods.com|DailyCatchReport.php
26 Nov 2018 16:34:58|30|pritirm@forstarfoods.com|SupplierAccount.php
26 Nov 2018 16:35:01|30|pritirm@forstarfoods.com|SupplierAccount.php
26 Nov 2018 16:35:05|30|pritirm@forstarfoods.com|SupplierAccount.php
26 Nov 2018 16:35:21|29|kavitha@forstarfoods.com|DailyCatchReport.php
26 Nov 2018 16:35:22|29|kavitha@forstarfoods.com|DailyCatchReport.php
26 Nov 2018 16:35:24|29|kavitha@forstarfoods.com|DailyCatchReport.php
26 Nov 2018 16:35:25|29|kavitha@forstarfoods.com|DailyCatchReport.php
26 Nov 2018 16:35:29|29|kavitha@forstarfoods.com|DailyCatchReport.php
26 Nov 2018 16:35:30|29|kavitha@forstarfoods.com|DailyCatchReport.php
26 Nov 2018 16:35:32|29|kavitha@forstarfoods.com|DailyCatchReport.php
26 Nov 2018 16:35:46|28|pratiksha@forstarfoods.com|ManageGatePass.php
26 Nov 2018 16:35:49|29|kavitha@forstarfoods.com|DailyCatchReport.php
26 Nov 2018 16:35:50|29|kavitha@forstarfoods.com|DailyCatchReport.php
26 Nov 2018 16:35:52|29|kavitha@forstarfoods.com|DailyCatchReport.php
26 Nov 2018 16:35:53|29|kavitha@forstarfoods.com|DailyCatchReport.php
26 Nov 2018 16:35:56|29|kavitha@forstarfoods.com|DailyCatchReport.php
26 Nov 2018 16:35:57|29|kavitha@forstarfoods.com|DailyCatchReport.php
26 Nov 2018 16:35:59|29|kavitha@forstarfoods.com|DailyCatchReport.php
26 Nov 2018 16:36:24|24|shashikala@forstarfoods.com|DailyPreProcess.php
26 Nov 2018 16:36:27|29|kavitha@forstarfoods.com|DailyCatchReport.php
26 Nov 2018 16:36:28|29|kavitha@forstarfoods.com|DailyCatchReport.php
26 Nov 2018 16:36:30|29|kavitha@forstarfoods.com|DailyCatchReport.php
26 Nov 2018 16:36:31|29|kavitha@forstarfoods.com|DailyCatchReport.php
26 Nov 2018 16:36:34|29|kavitha@forstarfoods.com|DailyCatchReport.php
26 Nov 2018 16:36:36|29|kavitha@forstarfoods.com|DailyCatchReport.php
26 Nov 2018 16:36:38|29|kavitha@forstarfoods.com|DailyCatchReport.php
26 Nov 2018 16:36:39|29|kavitha@forstarfoods.com|DailyCatchReport.php
26 Nov 2018 16:36:42|29|kavitha@forstarfoods.com|DailyCatchReport.php
26 Nov 2018 16:36:43|29|kavitha@forstarfoods.com|DailyCatchReport.php
26 Nov 2018 16:36:44|29|kavitha@forstarfoods.com|DailyCatchReport.php
26 Nov 2018 16:36:48|28|pratiksha@forstarfoods.com|ManageGatePass.php
26 Nov 2018 16:37:51|28|pratiksha@forstarfoods.com|ManageGatePass.php
26 Nov 2018 16:38:55|28|pratiksha@forstarfoods.com|ManageGatePass.php
26 Nov 2018 16:39:58|28|pratiksha@forstarfoods.com|ManageGatePass.php
26 Nov 2018 16:41:02|28|pratiksha@forstarfoods.com|ManageGatePass.php
26 Nov 2018 16:42:01|30|pritirm@forstarfoods.com|SupplierAccount.php
26 Nov 2018 16:42:04|28|pratiksha@forstarfoods.com|ManageGatePass.php
26 Nov 2018 16:42:07|30|pritirm@forstarfoods.com|SupplierAccount.php
26 Nov 2018 16:43:07|28|pratiksha@forstarfoods.com|ManageGatePass.php
26 Nov 2018 16:44:11|28|pratiksha@forstarfoods.com|ManageGatePass.php
26 Nov 2018 16:45:15|28|pratiksha@forstarfoods.com|ManageGatePass.php
26 Nov 2018 16:46:29|28|pratiksha@forstarfoods.com|ManageGatePass.php
26 Nov 2018 16:47:41|28|pratiksha@forstarfoods.com|ManageGatePass.php
26 Nov 2018 16:48:52|28|pratiksha@forstarfoods.com|ManageGatePass.php
26 Nov 2018 16:50:08|28|pratiksha@forstarfoods.com|ManageGatePass.php
26 Nov 2018 16:51:17|28|pratiksha@forstarfoods.com|ManageGatePass.php
26 Nov 2018 16:52:26|28|pratiksha@forstarfoods.com|ManageGatePass.php
26 Nov 2018 16:53:34|28|pratiksha@forstarfoods.com|ManageGatePass.php
26 Nov 2018 16:54:44|28|pratiksha@forstarfoods.com|ManageGatePass.php
26 Nov 2018 16:55:55|28|pratiksha@forstarfoods.com|ManageGatePass.php
26 Nov 2018 16:57:05|28|pratiksha@forstarfoods.com|ManageGatePass.php
26 Nov 2018 16:57:20|20|shiji@forstarfoods.com|DailyCatchSummary.php
26 Nov 2018 16:57:28|20|shiji@forstarfoods.com|DailyCatchSummary.php
26 Nov 2018 16:57:31|20|shiji@forstarfoods.com|DailyCatchSummary.php
26 Nov 2018 16:57:38|20|shiji@forstarfoods.com|DailyCatchSummary.php
26 Nov 2018 16:58:11|28|pratiksha@forstarfoods.com|ManageGatePass.php
26 Nov 2018 16:58:24|20|shiji@forstarfoods.com|PrintDailyCatchSummary.php
26 Nov 2018 16:59:21|28|pratiksha@forstarfoods.com|ManageGatePass.php
26 Nov 2018 17:00:25|28|pratiksha@forstarfoods.com|ManageGatePass.php
26 Nov 2018 17:01:29|28|pratiksha@forstarfoods.com|ManageGatePass.php
26 Nov 2018 17:02:33|28|pratiksha@forstarfoods.com|ManageGatePass.php
26 Nov 2018 17:03:38|28|pratiksha@forstarfoods.com|ManageGatePass.php
26 Nov 2018 17:03:56|28|pratiksha@forstarfoods.com|ManageGatePass.php
26 Nov 2018 17:04:00|28|pratiksha@forstarfoods.com|ManageGatePass.php
26 Nov 2018 17:04:02|28|pratiksha@forstarfoods.com|ManageGatePass.php
26 Nov 2018 17:04:37|28|pratiksha@forstarfoods.com|ManageGatePass.php
26 Nov 2018 17:04:40|28|pratiksha@forstarfoods.com|ManageGatePass.php
26 Nov 2018 17:04:42|28|pratiksha@forstarfoods.com|ManageGatePass.php
26 Nov 2018 17:04:46|28|pratiksha@forstarfoods.com|ManageGatePass.php
26 Nov 2018 17:04:49|28|pratiksha@forstarfoods.com|ManageGatePass.php
26 Nov 2018 17:04:52|28|pratiksha@forstarfoods.com|PrintGatePass.php
26 Nov 2018 17:05:50|28|pratiksha@forstarfoods.com|ManageGatePass.php
26 Nov 2018 17:06:54|28|pratiksha@forstarfoods.com|ManageGatePass.php
26 Nov 2018 17:07:57|28|pratiksha@forstarfoods.com|ManageGatePass.php
26 Nov 2018 17:09:00|28|pratiksha@forstarfoods.com|ManageGatePass.php
26 Nov 2018 17:10:03|28|pratiksha@forstarfoods.com|ManageGatePass.php
26 Nov 2018 17:11:06|28|pratiksha@forstarfoods.com|ManageGatePass.php
26 Nov 2018 17:11:08|31|rekha@foresee.com|Home.php
26 Nov 2018 17:11:32|31|rekha@foresee.com|demo_page.php
26 Nov 2018 17:12:08|28|pratiksha@forstarfoods.com|ManageGatePass.php
26 Nov 2018 17:13:12|28|pratiksha@forstarfoods.com|ManageGatePass.php
26 Nov 2018 17:14:18|28|pratiksha@forstarfoods.com|ManageGatePass.php
26 Nov 2018 17:15:22|28|pratiksha@forstarfoods.com|ManageGatePass.php