
23 Oct 2018 13:34:47|29|kavitha@forstarfoods.com|DailyCatchEntry_New.php
23 Oct 2018 13:34:48|29|kavitha@forstarfoods.com|DailyCatchEntry_New.php
23 Oct 2018 13:34:50|29|kavitha@forstarfoods.com|DailyCatchEntry_New.php
23 Oct 2018 13:34:51|29|kavitha@forstarfoods.com|DailyCatchEntry_New.php
23 Oct 2018 13:34:52|29|kavitha@forstarfoods.com|DailyCatchEntry_New.php
23 Oct 2018 13:34:55|29|kavitha@forstarfoods.com|DailyCatchEntry_New.php
23 Oct 2018 13:34:56|29|kavitha@forstarfoods.com|DailyCatchEntry_New.php
23 Oct 2018 13:34:57|29|kavitha@forstarfoods.com|DailyCatchEntry_New.php
23 Oct 2018 13:34:59|29|kavitha@forstarfoods.com|DailyCatchEntry_New.php
23 Oct 2018 13:35:00|29|kavitha@forstarfoods.com|DailyCatchEntry_New.php
23 Oct 2018 13:35:01|29|kavitha@forstarfoods.com|DailyCatchEntry_New.php
23 Oct 2018 13:35:02|29|kavitha@forstarfoods.com|DailyCatchEntry_New.php
23 Oct 2018 13:35:03|29|kavitha@forstarfoods.com|DailyCatchEntry_New.php
23 Oct 2018 13:35:05|29|kavitha@forstarfoods.com|DailyCatchEntry_New.php
23 Oct 2018 13:35:06|29|kavitha@forstarfoods.com|DailyCatchEntry_New.php
23 Oct 2018 13:35:07|29|kavitha@forstarfoods.com|DailyCatchEntry_New.php
23 Oct 2018 13:35:08|29|kavitha@forstarfoods.com|DailyCatchEntry_New.php
23 Oct 2018 13:35:10|29|kavitha@forstarfoods.com|DailyCatchEntry_New.php
23 Oct 2018 13:35:11|29|kavitha@forstarfoods.com|DailyCatchEntry_New.php
23 Oct 2018 13:35:12|29|kavitha@forstarfoods.com|DailyCatchEntry_New.php
23 Oct 2018 13:35:13|29|kavitha@forstarfoods.com|DailyCatchEntry_New.php
23 Oct 2018 13:35:14|29|kavitha@forstarfoods.com|DailyCatchEntry_New.php
23 Oct 2018 13:35:16|29|kavitha@forstarfoods.com|DailyCatchEntry_New.php
23 Oct 2018 13:35:17|29|kavitha@forstarfoods.com|DailyCatchEntry_New.php
23 Oct 2018 13:35:18|29|kavitha@forstarfoods.com|DailyCatchEntry_New.php
23 Oct 2018 13:35:19|29|kavitha@forstarfoods.com|DailyCatchEntry_New.php
23 Oct 2018 13:35:21|29|kavitha@forstarfoods.com|DailyCatchEntry_New.php
23 Oct 2018 13:36:57|29|kavitha@forstarfoods.com|DailyCatchEntry_New.php
23 Oct 2018 13:37:00|29|kavitha@forstarfoods.com|DailyCatchEntry_New.php
23 Oct 2018 13:37:01|29|kavitha@forstarfoods.com|CatchEntryDeclaredItem.php
23 Oct 2018 13:37:05|29|kavitha@forstarfoods.com|DailyCatchEntry_New.php
23 Oct 2018 13:37:08|29|kavitha@forstarfoods.com|DailyCatchEntry_New.php
23 Oct 2018 13:37:11|29|kavitha@forstarfoods.com|DailyCatchEntry_New.php
23 Oct 2018 13:37:12|29|kavitha@forstarfoods.com|DailyCatchEntry_New.php
23 Oct 2018 13:37:13|29|kavitha@forstarfoods.com|DailyCatchEntry_New.php
23 Oct 2018 13:37:15|29|kavitha@forstarfoods.com|DailyCatchEntry_New.php
23 Oct 2018 13:37:16|29|kavitha@forstarfoods.com|DailyCatchEntry_New.php
23 Oct 2018 13:37:17|29|kavitha@forstarfoods.com|DailyCatchEntry_New.php
23 Oct 2018 13:37:18|29|kavitha@forstarfoods.com|DailyCatchEntry_New.php
23 Oct 2018 13:37:20|29|kavitha@forstarfoods.com|DailyCatchEntry_New.php
23 Oct 2018 13:37:21|29|kavitha@forstarfoods.com|DailyCatchEntry_New.php
23 Oct 2018 13:37:22|29|kavitha@forstarfoods.com|DailyCatchEntry_New.php
23 Oct 2018 13:37:23|29|kavitha@forstarfoods.com|DailyCatchEntry_New.php
23 Oct 2018 13:37:25|29|kavitha@forstarfoods.com|DailyCatchEntry_New.php
23 Oct 2018 13:37:26|29|kavitha@forstarfoods.com|DailyCatchEntry_New.php
23 Oct 2018 13:37:27|29|kavitha@forstarfoods.com|DailyCatchEntry_New.php
23 Oct 2018 13:37:28|29|kavitha@forstarfoods.com|DailyCatchEntry_New.php
23 Oct 2018 13:37:29|29|kavitha@forstarfoods.com|DailyCatchEntry_New.php
23 Oct 2018 13:37:31|29|kavitha@forstarfoods.com|DailyCatchEntry_New.php
23 Oct 2018 13:37:33|29|kavitha@forstarfoods.com|DailyCatchEntry_New.php
23 Oct 2018 13:37:34|29|kavitha@forstarfoods.com|CatchEntryDeclaredItem.php
23 Oct 2018 13:37:38|29|kavitha@forstarfoods.com|DailyCatchEntry_New.php
23 Oct 2018 13:37:41|29|kavitha@forstarfoods.com|DailyCatchEntry_New.php
23 Oct 2018 13:37:44|29|kavitha@forstarfoods.com|DailyCatchEntry_New.php
23 Oct 2018 13:37:45|29|kavitha@forstarfoods.com|DailyCatchEntry_New.php
23 Oct 2018 13:37:46|29|kavitha@forstarfoods.com|DailyCatchEntry_New.php
23 Oct 2018 13:37:47|29|kavitha@forstarfoods.com|DailyCatchEntry_New.php
23 Oct 2018 13:37:49|29|kavitha@forstarfoods.com|DailyCatchEntry_New.php
23 Oct 2018 13:37:50|29|kavitha@forstarfoods.com|DailyCatchEntry_New.php
23 Oct 2018 13:37:51|29|kavitha@forstarfoods.com|DailyCatchEntry_New.php
23 Oct 2018 13:37:52|29|kavitha@forstarfoods.com|DailyCatchEntry_New.php
23 Oct 2018 13:37:53|29|kavitha@forstarfoods.com|DailyCatchEntry_New.php
23 Oct 2018 13:37:55|29|kavitha@forstarfoods.com|DailyCatchEntry_New.php
23 Oct 2018 13:37:56|29|kavitha@forstarfoods.com|DailyCatchEntry_New.php
23 Oct 2018 13:37:57|29|kavitha@forstarfoods.com|DailyCatchEntry_New.php
23 Oct 2018 13:37:58|29|kavitha@forstarfoods.com|DailyCatchEntry_New.php
23 Oct 2018 13:38:00|29|kavitha@forstarfoods.com|DailyCatchEntry_New.php
23 Oct 2018 13:38:01|29|kavitha@forstarfoods.com|DailyCatchEntry_New.php
23 Oct 2018 13:38:02|29|kavitha@forstarfoods.com|DailyCatchEntry_New.php
23 Oct 2018 13:38:49|29|kavitha@forstarfoods.com|DailyCatchEntry_New.php
23 Oct 2018 13:38:52|29|kavitha@forstarfoods.com|DailyCatchEntry_New.php
23 Oct 2018 13:38:53|29|kavitha@forstarfoods.com|CatchEntryDeclaredItem.php
23 Oct 2018 13:38:56|29|kavitha@forstarfoods.com|DailyCatchEntry_New.php
23 Oct 2018 13:38:59|29|kavitha@forstarfoods.com|DailyCatchEntry_New.php
23 Oct 2018 13:39:02|29|kavitha@forstarfoods.com|DailyCatchEntry_New.php
23 Oct 2018 13:39:03|29|kavitha@forstarfoods.com|DailyCatchEntry_New.php
23 Oct 2018 13:39:04|29|kavitha@forstarfoods.com|DailyCatchEntry_New.php
23 Oct 2018 13:39:06|29|kavitha@forstarfoods.com|DailyCatchEntry_New.php
23 Oct 2018 13:39:07|29|kavitha@forstarfoods.com|DailyCatchEntry_New.php
23 Oct 2018 13:39:08|29|kavitha@forstarfoods.com|DailyCatchEntry_New.php
23 Oct 2018 13:39:09|29|kavitha@forstarfoods.com|DailyCatchEntry_New.php
23 Oct 2018 13:39:11|29|kavitha@forstarfoods.com|DailyCatchEntry_New.php
23 Oct 2018 13:39:12|29|kavitha@forstarfoods.com|DailyCatchEntry_New.php
23 Oct 2018 13:39:13|29|kavitha@forstarfoods.com|DailyCatchEntry_New.php
23 Oct 2018 13:39:14|29|kavitha@forstarfoods.com|DailyCatchEntry_New.php
23 Oct 2018 13:39:15|29|kavitha@forstarfoods.com|DailyCatchEntry_New.php
23 Oct 2018 13:39:20|29|kavitha@forstarfoods.com|DailyCatchEntry_New.php
23 Oct 2018 13:39:22|29|kavitha@forstarfoods.com|DailyCatchEntry_New.php
23 Oct 2018 13:39:23|29|kavitha@forstarfoods.com|CatchEntryDeclaredItem.php
23 Oct 2018 13:39:27|29|kavitha@forstarfoods.com|DailyCatchEntry_New.php
23 Oct 2018 13:39:30|29|kavitha@forstarfoods.com|DailyCatchEntry_New.php
23 Oct 2018 13:39:33|29|kavitha@forstarfoods.com|DailyCatchEntry_New.php
23 Oct 2018 13:39:34|29|kavitha@forstarfoods.com|DailyCatchEntry_New.php
23 Oct 2018 13:39:35|29|kavitha@forstarfoods.com|DailyCatchEntry_New.php
23 Oct 2018 13:39:37|29|kavitha@forstarfoods.com|DailyCatchEntry_New.php
23 Oct 2018 13:39:38|29|kavitha@forstarfoods.com|DailyCatchEntry_New.php
23 Oct 2018 13:39:39|29|kavitha@forstarfoods.com|DailyCatchEntry_New.php
23 Oct 2018 13:39:40|29|kavitha@forstarfoods.com|DailyCatchEntry_New.php
23 Oct 2018 13:39:42|29|kavitha@forstarfoods.com|DailyCatchEntry_New.php
23 Oct 2018 13:39:43|29|kavitha@forstarfoods.com|DailyCatchEntry_New.php
23 Oct 2018 13:39:44|29|kavitha@forstarfoods.com|DailyCatchEntry_New.php
23 Oct 2018 13:39:45|29|kavitha@forstarfoods.com|DailyCatchEntry_New.php
23 Oct 2018 13:39:46|29|kavitha@forstarfoods.com|DailyCatchEntry_New.php
23 Oct 2018 13:39:48|29|kavitha@forstarfoods.com|DailyCatchEntry_New.php
23 Oct 2018 13:39:49|29|kavitha@forstarfoods.com|DailyCatchEntry_New.php
23 Oct 2018 13:39:54|29|kavitha@forstarfoods.com|DailyCatchEntry_New.php
23 Oct 2018 13:39:56|29|kavitha@forstarfoods.com|DailyCatchEntry_New.php
23 Oct 2018 13:39:58|29|kavitha@forstarfoods.com|DailyCatchEntry_New.php
23 Oct 2018 13:39:59|29|kavitha@forstarfoods.com|CatchEntryDeclaredItem.php
23 Oct 2018 13:40:02|29|kavitha@forstarfoods.com|DailyCatchEntry_New.php
23 Oct 2018 13:40:04|29|kavitha@forstarfoods.com|DailyCatchEntry_New.php
23 Oct 2018 13:40:08|29|kavitha@forstarfoods.com|DailyCatchEntry_New.php
23 Oct 2018 13:40:09|29|kavitha@forstarfoods.com|DailyCatchEntry_New.php
23 Oct 2018 13:40:10|29|kavitha@forstarfoods.com|DailyCatchEntry_New.php
23 Oct 2018 13:40:11|29|kavitha@forstarfoods.com|DailyCatchEntry_New.php
23 Oct 2018 13:40:13|29|kavitha@forstarfoods.com|DailyCatchEntry_New.php
23 Oct 2018 13:40:14|29|kavitha@forstarfoods.com|DailyCatchEntry_New.php
23 Oct 2018 13:40:15|29|kavitha@forstarfoods.com|DailyCatchEntry_New.php
23 Oct 2018 13:40:16|29|kavitha@forstarfoods.com|DailyCatchEntry_New.php
23 Oct 2018 13:40:18|29|kavitha@forstarfoods.com|DailyCatchEntry_New.php
23 Oct 2018 13:40:19|29|kavitha@forstarfoods.com|DailyCatchEntry_New.php
23 Oct 2018 13:40:20|29|kavitha@forstarfoods.com|DailyCatchEntry_New.php
23 Oct 2018 13:40:21|29|kavitha@forstarfoods.com|DailyCatchEntry_New.php
23 Oct 2018 13:40:22|29|kavitha@forstarfoods.com|DailyCatchEntry_New.php
23 Oct 2018 13:40:24|29|kavitha@forstarfoods.com|DailyCatchEntry_New.php
23 Oct 2018 13:40:25|29|kavitha@forstarfoods.com|DailyCatchEntry_New.php
23 Oct 2018 13:40:26|29|kavitha@forstarfoods.com|DailyCatchEntry_New.php
23 Oct 2018 13:40:27|29|kavitha@forstarfoods.com|DailyCatchEntry_New.php
23 Oct 2018 13:40:30|29|kavitha@forstarfoods.com|DailyCatchEntry_New.php
23 Oct 2018 13:40:31|29|kavitha@forstarfoods.com|CatchEntryDeclaredItem.php
23 Oct 2018 13:40:39|29|kavitha@forstarfoods.com|DailyCatchEntry_New.php
23 Oct 2018 13:40:42|29|kavitha@forstarfoods.com|DailyCatchEntry_New.php
23 Oct 2018 13:40:44|29|kavitha@forstarfoods.com|DailyCatchEntry_New.php
23 Oct 2018 13:40:46|29|kavitha@forstarfoods.com|DailyCatchEntry_New.php
23 Oct 2018 13:40:47|29|kavitha@forstarfoods.com|DailyCatchEntry_New.php
23 Oct 2018 13:40:48|29|kavitha@forstarfoods.com|DailyCatchEntry_New.php
23 Oct 2018 13:40:49|29|kavitha@forstarfoods.com|DailyCatchEntry_New.php
23 Oct 2018 13:40:51|29|kavitha@forstarfoods.com|DailyCatchEntry_New.php
23 Oct 2018 13:40:52|29|kavitha@forstarfoods.com|DailyCatchEntry_New.php
23 Oct 2018 13:40:53|29|kavitha@forstarfoods.com|DailyCatchEntry_New.php
23 Oct 2018 13:40:54|29|kavitha@forstarfoods.com|DailyCatchEntry_New.php
23 Oct 2018 13:40:55|29|kavitha@forstarfoods.com|DailyCatchEntry_New.php
23 Oct 2018 13:40:57|29|kavitha@forstarfoods.com|DailyCatchEntry_New.php
23 Oct 2018 13:40:58|29|kavitha@forstarfoods.com|DailyCatchEntry_New.php
23 Oct 2018 13:40:59|29|kavitha@forstarfoods.com|DailyCatchEntry_New.php
23 Oct 2018 13:41:00|29|kavitha@forstarfoods.com|DailyCatchEntry_New.php
23 Oct 2018 13:41:02|29|kavitha@forstarfoods.com|DailyCatchEntry_New.php
23 Oct 2018 13:41:03|29|kavitha@forstarfoods.com|DailyCatchEntry_New.php
23 Oct 2018 13:41:04|29|kavitha@forstarfoods.com|DailyCatchEntry_New.php
23 Oct 2018 13:41:23|29|kavitha@forstarfoods.com|DailyCatchEntry_New.php
23 Oct 2018 13:41:25|29|kavitha@forstarfoods.com|CatchEntryDeclaredItem.php
23 Oct 2018 13:41:50|29|kavitha@forstarfoods.com|DailyCatchEntry_New.php
23 Oct 2018 13:41:51|29|kavitha@forstarfoods.com|DailyCatchEntry_New.php
23 Oct 2018 13:41:53|29|kavitha@forstarfoods.com|DailyCatchEntry_New.php
23 Oct 2018 13:41:54|29|kavitha@forstarfoods.com|DailyCatchEntry_New.php
23 Oct 2018 13:41:59|29|kavitha@forstarfoods.com|DailyCatchEntry_New.php
23 Oct 2018 13:42:00|29|kavitha@forstarfoods.com|CatchEntryDeclaredItem.php
23 Oct 2018 13:42:13|29|kavitha@forstarfoods.com|DailyCatchEntry_New.php
23 Oct 2018 13:42:16|29|kavitha@forstarfoods.com|DailyCatchEntry_New.php
23 Oct 2018 13:42:19|29|kavitha@forstarfoods.com|DailyCatchEntry_New.php
23 Oct 2018 13:42:22|29|kavitha@forstarfoods.com|DailyCatchEntry_New.php
23 Oct 2018 13:42:23|29|kavitha@forstarfoods.com|DailyCatchEntry_New.php
23 Oct 2018 13:42:24|29|kavitha@forstarfoods.com|DailyCatchEntry_New.php
23 Oct 2018 13:42:25|29|kavitha@forstarfoods.com|DailyCatchEntry_New.php
23 Oct 2018 13:42:27|29|kavitha@forstarfoods.com|DailyCatchEntry_New.php
23 Oct 2018 13:42:28|29|kavitha@forstarfoods.com|DailyCatchEntry_New.php
23 Oct 2018 13:42:29|29|kavitha@forstarfoods.com|DailyCatchEntry_New.php
23 Oct 2018 13:42:30|29|kavitha@forstarfoods.com|DailyCatchEntry_New.php
23 Oct 2018 13:42:32|29|kavitha@forstarfoods.com|DailyCatchEntry_New.php
23 Oct 2018 13:42:33|29|kavitha@forstarfoods.com|DailyCatchEntry_New.php
23 Oct 2018 13:42:34|29|kavitha@forstarfoods.com|DailyCatchEntry_New.php
23 Oct 2018 13:42:35|29|kavitha@forstarfoods.com|DailyCatchEntry_New.php
23 Oct 2018 13:42:43|29|kavitha@forstarfoods.com|DailyCatchEntry_New.php
23 Oct 2018 13:42:45|29|kavitha@forstarfoods.com|DailyCatchEntry_New.php
23 Oct 2018 13:42:46|29|kavitha@forstarfoods.com|CatchEntryDeclaredItem.php
23 Oct 2018 13:42:52|29|kavitha@forstarfoods.com|DailyCatchEntry_New.php
23 Oct 2018 13:42:55|29|kavitha@forstarfoods.com|DailyCatchEntry_New.php
23 Oct 2018 13:42:58|29|kavitha@forstarfoods.com|DailyCatchEntry_New.php
23 Oct 2018 13:43:00|29|kavitha@forstarfoods.com|DailyCatchEntry_New.php
23 Oct 2018 13:43:01|29|kavitha@forstarfoods.com|DailyCatchEntry_New.php
23 Oct 2018 13:43:02|29|kavitha@forstarfoods.com|DailyCatchEntry_New.php
23 Oct 2018 13:43:03|29|kavitha@forstarfoods.com|DailyCatchEntry_New.php
23 Oct 2018 13:43:05|29|kavitha@forstarfoods.com|DailyCatchEntry_New.php
23 Oct 2018 13:43:06|29|kavitha@forstarfoods.com|DailyCatchEntry_New.php
23 Oct 2018 13:43:07|29|kavitha@forstarfoods.com|DailyCatchEntry_New.php
23 Oct 2018 13:43:08|29|kavitha@forstarfoods.com|DailyCatchEntry_New.php
23 Oct 2018 13:43:09|29|kavitha@forstarfoods.com|DailyCatchEntry_New.php
23 Oct 2018 13:43:11|29|kavitha@forstarfoods.com|DailyCatchEntry_New.php
23 Oct 2018 13:43:12|29|kavitha@forstarfoods.com|DailyCatchEntry_New.php
23 Oct 2018 13:43:13|29|kavitha@forstarfoods.com|DailyCatchEntry_New.php
23 Oct 2018 13:43:14|29|kavitha@forstarfoods.com|DailyCatchEntry_New.php
23 Oct 2018 13:43:16|29|kavitha@forstarfoods.com|DailyCatchEntry_New.php
23 Oct 2018 13:43:18|29|kavitha@forstarfoods.com|DailyCatchEntry_New.php
23 Oct 2018 13:43:19|29|kavitha@forstarfoods.com|CatchEntryDeclaredItem.php
23 Oct 2018 13:43:23|29|kavitha@forstarfoods.com|DailyCatchEntry_New.php
23 Oct 2018 13:43:26|29|kavitha@forstarfoods.com|DailyCatchEntry_New.php
23 Oct 2018 13:43:29|29|kavitha@forstarfoods.com|DailyCatchEntry_New.php
23 Oct 2018 13:43:30|29|kavitha@forstarfoods.com|DailyCatchEntry_New.php
23 Oct 2018 13:43:31|29|kavitha@forstarfoods.com|DailyCatchEntry_New.php
23 Oct 2018 13:43:32|29|kavitha@forstarfoods.com|DailyCatchEntry_New.php
23 Oct 2018 13:43:34|29|kavitha@forstarfoods.com|DailyCatchEntry_New.php
23 Oct 2018 13:43:35|29|kavitha@forstarfoods.com|DailyCatchEntry_New.php
23 Oct 2018 13:43:36|29|kavitha@forstarfoods.com|DailyCatchEntry_New.php
23 Oct 2018 13:43:37|29|kavitha@forstarfoods.com|DailyCatchEntry_New.php
23 Oct 2018 13:43:38|29|kavitha@forstarfoods.com|DailyCatchEntry_New.php
23 Oct 2018 13:43:40|29|kavitha@forstarfoods.com|DailyCatchEntry_New.php
23 Oct 2018 13:43:41|29|kavitha@forstarfoods.com|DailyCatchEntry_New.php
23 Oct 2018 13:43:42|29|kavitha@forstarfoods.com|DailyCatchEntry_New.php
23 Oct 2018 13:43:43|29|kavitha@forstarfoods.com|DailyCatchEntry_New.php
23 Oct 2018 13:43:45|29|kavitha@forstarfoods.com|DailyCatchEntry_New.php
23 Oct 2018 13:43:46|29|kavitha@forstarfoods.com|DailyCatchEntry_New.php
23 Oct 2018 13:43:47|29|kavitha@forstarfoods.com|DailyCatchEntry_New.php
23 Oct 2018 13:44:41|29|kavitha@forstarfoods.com|DailyCatchEntry_New.php
23 Oct 2018 13:44:43|29|kavitha@forstarfoods.com|DailyCatchEntry_New.php
23 Oct 2018 13:44:45|29|kavitha@forstarfoods.com|CatchEntryDeclaredItem.php
23 Oct 2018 13:44:55|29|kavitha@forstarfoods.com|DailyCatchEntry_New.php
23 Oct 2018 13:44:57|29|kavitha@forstarfoods.com|DailyCatchEntry_New.php
23 Oct 2018 13:44:59|29|kavitha@forstarfoods.com|DailyCatchEntry_New.php
23 Oct 2018 13:45:00|29|kavitha@forstarfoods.com|DailyCatchEntry_New.php
23 Oct 2018 13:45:01|29|kavitha@forstarfoods.com|DailyCatchEntry_New.php
23 Oct 2018 13:45:03|29|kavitha@forstarfoods.com|DailyCatchEntry_New.php
23 Oct 2018 13:45:04|29|kavitha@forstarfoods.com|DailyCatchEntry_New.php
23 Oct 2018 13:45:05|29|kavitha@forstarfoods.com|DailyCatchEntry_New.php
23 Oct 2018 13:45:06|29|kavitha@forstarfoods.com|DailyCatchEntry_New.php
23 Oct 2018 13:45:08|29|kavitha@forstarfoods.com|DailyCatchEntry_New.php
23 Oct 2018 13:45:09|29|kavitha@forstarfoods.com|DailyCatchEntry_New.php
23 Oct 2018 13:45:10|29|kavitha@forstarfoods.com|DailyCatchEntry_New.php
23 Oct 2018 13:45:11|29|kavitha@forstarfoods.com|DailyCatchEntry_New.php
23 Oct 2018 13:45:13|29|kavitha@forstarfoods.com|DailyCatchEntry_New.php
23 Oct 2018 13:45:14|29|kavitha@forstarfoods.com|DailyCatchEntry_New.php
23 Oct 2018 13:45:15|29|kavitha@forstarfoods.com|DailyCatchEntry_New.php
23 Oct 2018 13:45:16|29|kavitha@forstarfoods.com|DailyCatchEntry_New.php
23 Oct 2018 13:45:17|29|kavitha@forstarfoods.com|DailyCatchEntry_New.php
23 Oct 2018 13:45:19|29|kavitha@forstarfoods.com|DailyCatchEntry_New.php
23 Oct 2018 13:45:20|29|kavitha@forstarfoods.com|DailyCatchEntry_New.php
23 Oct 2018 13:45:21|29|kavitha@forstarfoods.com|DailyCatchEntry_New.php
23 Oct 2018 13:45:22|29|kavitha@forstarfoods.com|DailyCatchEntry_New.php
23 Oct 2018 13:45:24|29|kavitha@forstarfoods.com|DailyCatchEntry_New.php
23 Oct 2018 13:45:25|29|kavitha@forstarfoods.com|DailyCatchEntry_New.php
23 Oct 2018 13:45:26|29|kavitha@forstarfoods.com|DailyCatchEntry_New.php
23 Oct 2018 13:45:27|29|kavitha@forstarfoods.com|DailyCatchEntry_New.php
23 Oct 2018 13:45:28|29|kavitha@forstarfoods.com|DailyCatchEntry_New.php
23 Oct 2018 13:45:30|29|kavitha@forstarfoods.com|DailyCatchEntry_New.php
23 Oct 2018 13:45:31|29|kavitha@forstarfoods.com|DailyCatchEntry_New.php
23 Oct 2018 13:45:32|29|kavitha@forstarfoods.com|DailyCatchEntry_New.php
23 Oct 2018 13:45:33|29|kavitha@forstarfoods.com|DailyCatchEntry_New.php
23 Oct 2018 13:45:35|29|kavitha@forstarfoods.com|DailyCatchEntry_New.php
23 Oct 2018 13:45:36|29|kavitha@forstarfoods.com|DailyCatchEntry_New.php
23 Oct 2018 13:45:37|29|kavitha@forstarfoods.com|DailyCatchEntry_New.php
23 Oct 2018 13:45:38|29|kavitha@forstarfoods.com|DailyCatchEntry_New.php
23 Oct 2018 13:45:40|29|kavitha@forstarfoods.com|DailyCatchEntry_New.php
23 Oct 2018 13:45:41|29|kavitha@forstarfoods.com|DailyCatchEntry_New.php
23 Oct 2018 13:45:42|29|kavitha@forstarfoods.com|DailyCatchEntry_New.php
23 Oct 2018 13:45:43|29|kavitha@forstarfoods.com|DailyCatchEntry_New.php
23 Oct 2018 13:45:44|29|kavitha@forstarfoods.com|DailyCatchEntry_New.php
23 Oct 2018 13:45:47|29|kavitha@forstarfoods.com|DailyCatchEntry_New.php
23 Oct 2018 13:45:48|29|kavitha@forstarfoods.com|CatchEntryDeclaredItem.php
23 Oct 2018 13:46:03|29|kavitha@forstarfoods.com|DailyCatchEntry_New.php
23 Oct 2018 13:46:16|29|kavitha@forstarfoods.com|DailyCatchEntry_New.php
23 Oct 2018 13:46:18|29|kavitha@forstarfoods.com|DailyCatchEntry_New.php
23 Oct 2018 13:46:19|29|kavitha@forstarfoods.com|DailyCatchEntry_New.php
23 Oct 2018 13:46:22|29|kavitha@forstarfoods.com|DailyCatchEntry_New.php
23 Oct 2018 13:46:23|29|kavitha@forstarfoods.com|DailyCatchEntry_New.php
23 Oct 2018 13:46:24|29|kavitha@forstarfoods.com|DailyCatchEntry_New.php
23 Oct 2018 13:46:33|29|kavitha@forstarfoods.com|DailyCatchEntry_New.php
23 Oct 2018 13:46:34|29|kavitha@forstarfoods.com|DailyCatchEntry_New.php
23 Oct 2018 13:46:38|29|kavitha@forstarfoods.com|DailyCatchEntry_New.php
23 Oct 2018 13:46:46|29|kavitha@forstarfoods.com|DailyCatchEntry_New.php
23 Oct 2018 13:46:48|29|kavitha@forstarfoods.com|DailyCatchEntry_New.php
23 Oct 2018 13:46:50|29|kavitha@forstarfoods.com|DailyCatchEntry_New.php
23 Oct 2018 13:46:51|29|kavitha@forstarfoods.com|CatchEntryDeclaredItem.php
23 Oct 2018 13:46:52|29|kavitha@forstarfoods.com|DailyCatchEntry_New.php
23 Oct 2018 13:46:53|29|kavitha@forstarfoods.com|CatchEntryDeclaredItem.php
23 Oct 2018 13:46:55|29|kavitha@forstarfoods.com|DailyCatchEntry_New.php
23 Oct 2018 13:46:58|29|kavitha@forstarfoods.com|DailyCatchEntry_New.php
23 Oct 2018 13:47:03|29|kavitha@forstarfoods.com|DailyCatchEntry_New.php
23 Oct 2018 13:47:06|29|kavitha@forstarfoods.com|DailyCatchEntry_New.php
23 Oct 2018 13:47:20|20|shiji@forstarfoods.com|DailyCatchEntry_New.php
23 Oct 2018 13:47:20|29|kavitha@forstarfoods.com|DailyCatchEntry_New.php
23 Oct 2018 13:47:25|29|kavitha@forstarfoods.com|DailyCatchEntry_New.php
23 Oct 2018 13:47:28|29|kavitha@forstarfoods.com|DailyCatchEntry_New.php
23 Oct 2018 13:47:29|29|kavitha@forstarfoods.com|DailyCatchEntry_New.php
23 Oct 2018 13:47:30|29|kavitha@forstarfoods.com|CatchEntryDeclaredItem.php
23 Oct 2018 13:47:32|29|kavitha@forstarfoods.com|DailyCatchEntry_New.php
23 Oct 2018 13:47:33|29|kavitha@forstarfoods.com|CatchEntryDeclaredItem.php
23 Oct 2018 13:47:34|29|kavitha@forstarfoods.com|DailyCatchEntry_New.php
23 Oct 2018 13:47:38|29|kavitha@forstarfoods.com|DailyCatchEntry_New.php
23 Oct 2018 13:47:47|29|kavitha@forstarfoods.com|DailyCatchEntry_New.php
23 Oct 2018 13:47:50|29|kavitha@forstarfoods.com|DailyCatchEntry_New.php
23 Oct 2018 13:47:53|29|kavitha@forstarfoods.com|DailyCatchEntry_New.php
23 Oct 2018 13:47:59|29|kavitha@forstarfoods.com|DailyCatchEntry_New.php
23 Oct 2018 13:48:02|29|kavitha@forstarfoods.com|DailyCatchEntry_New.php
23 Oct 2018 13:48:03|29|kavitha@forstarfoods.com|DailyCatchEntry_New.php
23 Oct 2018 13:48:04|29|kavitha@forstarfoods.com|CatchEntryDeclaredItem.php
23 Oct 2018 13:48:06|29|kavitha@forstarfoods.com|DailyCatchEntry_New.php
23 Oct 2018 13:48:07|29|kavitha@forstarfoods.com|CatchEntryDeclaredItem.php
23 Oct 2018 13:48:08|29|kavitha@forstarfoods.com|DailyCatchEntry_New.php
23 Oct 2018 13:48:13|29|kavitha@forstarfoods.com|DailyCatchEntry_New.php
23 Oct 2018 13:48:36|29|kavitha@forstarfoods.com|DailyCatchEntry_New.php
23 Oct 2018 13:48:38|29|kavitha@forstarfoods.com|DailyCatchEntry_New.php
23 Oct 2018 13:48:44|29|kavitha@forstarfoods.com|DailyCatchEntry_New.php
23 Oct 2018 14:06:13|28|pratiksha@forstarfoods.com|Home.php
23 Oct 2018 14:06:18|28|pratiksha@forstarfoods.com|ManageGatePass.php
23 Oct 2018 14:06:21|28|pratiksha@forstarfoods.com|ManageGatePass.php
23 Oct 2018 14:06:37|28|pratiksha@forstarfoods.com|ManageGatePass.php
23 Oct 2018 14:06:39|28|pratiksha@forstarfoods.com|ManageGatePass.php
23 Oct 2018 14:07:02|28|pratiksha@forstarfoods.com|ManageGatePass.php
23 Oct 2018 14:07:24|28|pratiksha@forstarfoods.com|ManageGatePass.php
23 Oct 2018 14:07:27|28|pratiksha@forstarfoods.com|ManageGatePass.php
23 Oct 2018 14:07:31|28|pratiksha@forstarfoods.com|ManageGatePass.php
23 Oct 2018 14:07:33|28|pratiksha@forstarfoods.com|ManageGatePass.php
23 Oct 2018 14:07:39|28|pratiksha@forstarfoods.com|PrintGatePass.php
23 Oct 2018 14:07:48|28|pratiksha@forstarfoods.com|ManageGatePass.php
23 Oct 2018 14:07:57|28|pratiksha@forstarfoods.com|ManageGatePass.php
23 Oct 2018 14:08:00|28|pratiksha@forstarfoods.com|ManageGatePass.php
23 Oct 2018 14:08:47|28|pratiksha@forstarfoods.com|ManageGatePass.php
23 Oct 2018 14:08:52|28|pratiksha@forstarfoods.com|ManageGatePass.php
23 Oct 2018 14:08:55|28|pratiksha@forstarfoods.com|ManageGatePass.php
23 Oct 2018 14:09:07|28|pratiksha@forstarfoods.com|ManageGatePass.php
23 Oct 2018 14:09:10|28|pratiksha@forstarfoods.com|ManageGatePass.php
23 Oct 2018 14:09:13|28|pratiksha@forstarfoods.com|PrintGatePass.php
23 Oct 2018 14:10:11|28|pratiksha@forstarfoods.com|ManageGatePass.php
23 Oct 2018 14:11:12|28|pratiksha@forstarfoods.com|ManageGatePass.php
23 Oct 2018 14:12:13|28|pratiksha@forstarfoods.com|ManageGatePass.php
23 Oct 2018 14:13:14|28|pratiksha@forstarfoods.com|ManageGatePass.php
23 Oct 2018 14:14:15|28|pratiksha@forstarfoods.com|ManageGatePass.php
23 Oct 2018 14:15:16|28|pratiksha@forstarfoods.com|ManageGatePass.php
23 Oct 2018 14:16:17|28|pratiksha@forstarfoods.com|ManageGatePass.php
23 Oct 2018 14:17:18|28|pratiksha@forstarfoods.com|ManageGatePass.php
23 Oct 2018 14:18:19|28|pratiksha@forstarfoods.com|ManageGatePass.php
23 Oct 2018 14:19:20|28|pratiksha@forstarfoods.com|ManageGatePass.php
23 Oct 2018 14:20:21|28|pratiksha@forstarfoods.com|ManageGatePass.php
23 Oct 2018 14:21:22|28|pratiksha@forstarfoods.com|ManageGatePass.php
23 Oct 2018 14:22:23|28|pratiksha@forstarfoods.com|ManageGatePass.php
23 Oct 2018 14:23:24|28|pratiksha@forstarfoods.com|ManageGatePass.php
23 Oct 2018 14:24:25|28|pratiksha@forstarfoods.com|ManageGatePass.php
23 Oct 2018 14:25:26|28|pratiksha@forstarfoods.com|ManageGatePass.php
23 Oct 2018 14:26:27|28|pratiksha@forstarfoods.com|ManageGatePass.php
23 Oct 2018 14:27:28|28|pratiksha@forstarfoods.com|ManageGatePass.php
23 Oct 2018 14:28:29|28|pratiksha@forstarfoods.com|ManageGatePass.php
23 Oct 2018 14:29:30|28|pratiksha@forstarfoods.com|ManageGatePass.php
23 Oct 2018 14:30:31|28|pratiksha@forstarfoods.com|ManageGatePass.php
23 Oct 2018 14:31:32|28|pratiksha@forstarfoods.com|ManageGatePass.php
23 Oct 2018 14:32:32|28|pratiksha@forstarfoods.com|ManageGatePass.php
23 Oct 2018 14:33:33|28|pratiksha@forstarfoods.com|ManageGatePass.php
23 Oct 2018 14:34:34|28|pratiksha@forstarfoods.com|ManageGatePass.php
23 Oct 2018 14:35:35|28|pratiksha@forstarfoods.com|ManageGatePass.php
23 Oct 2018 14:36:36|28|pratiksha@forstarfoods.com|ManageGatePass.php
23 Oct 2018 14:37:38|28|pratiksha@forstarfoods.com|ManageGatePass.php
23 Oct 2018 14:38:42|28|pratiksha@forstarfoods.com|ManageGatePass.php
23 Oct 2018 14:39:47|28|pratiksha@forstarfoods.com|ManageGatePass.php
23 Oct 2018 14:40:51|28|pratiksha@forstarfoods.com|ManageGatePass.php
23 Oct 2018 14:41:18|20|shiji@forstarfoods.com|DailyCatchReport.php
23 Oct 2018 14:41:25|20|shiji@forstarfoods.com|DailyCatchReport.php
23 Oct 2018 14:41:28|20|shiji@forstarfoods.com|DailyCatchReport.php
23 Oct 2018 14:41:30|20|shiji@forstarfoods.com|DailyCatchReport.php
23 Oct 2018 14:41:31|20|shiji@forstarfoods.com|DailyCatchReport.php
23 Oct 2018 14:41:34|20|shiji@forstarfoods.com|PrintDailyCatchReportMemo.php
23 Oct 2018 14:41:54|28|pratiksha@forstarfoods.com|ManageGatePass.php
23 Oct 2018 14:42:10|20|shiji@forstarfoods.com|PrintDailyCatchReportMemo.php
23 Oct 2018 14:42:38|20|shiji@forstarfoods.com|DailyCatchReport.php
23 Oct 2018 14:42:40|20|shiji@forstarfoods.com|DailyCatchReport.php
23 Oct 2018 14:42:41|20|shiji@forstarfoods.com|DailyCatchReport.php
23 Oct 2018 14:42:49|20|shiji@forstarfoods.com|DailyCatchReport.php
23 Oct 2018 14:42:50|20|shiji@forstarfoods.com|DailyCatchReport.php
23 Oct 2018 14:42:52|20|shiji@forstarfoods.com|DailyCatchReport.php
23 Oct 2018 14:42:53|20|shiji@forstarfoods.com|DailyCatchReport.php
23 Oct 2018 14:42:56|20|shiji@forstarfoods.com|DailyCatchReport.php
23 Oct 2018 14:42:58|20|shiji@forstarfoods.com|DailyCatchReport.php
23 Oct 2018 14:42:58|28|pratiksha@forstarfoods.com|ManageGatePass.php
23 Oct 2018 14:42:59|20|shiji@forstarfoods.com|DailyCatchReport.php
23 Oct 2018 14:43:00|20|shiji@forstarfoods.com|DailyCatchReport.php
23 Oct 2018 14:43:02|20|shiji@forstarfoods.com|PrintDailyCatchReportMemo.php
23 Oct 2018 14:43:15|20|shiji@forstarfoods.com|PrintDailyCatchReportMemo.php
23 Oct 2018 14:43:42|20|shiji@forstarfoods.com|DailyCatchReport.php
23 Oct 2018 14:43:43|20|shiji@forstarfoods.com|DailyCatchReport.php
23 Oct 2018 14:43:44|20|shiji@forstarfoods.com|DailyCatchReport.php
23 Oct 2018 14:43:49|20|shiji@forstarfoods.com|DailyCatchReport.php
23 Oct 2018 14:43:51|20|shiji@forstarfoods.com|DailyCatchReport.php
23 Oct 2018 14:43:52|20|shiji@forstarfoods.com|DailyCatchReport.php
23 Oct 2018 14:43:54|20|shiji@forstarfoods.com|DailyCatchReport.php
23 Oct 2018 14:43:56|20|shiji@forstarfoods.com|PrintDailyCatchReportMemo.php
23 Oct 2018 14:44:01|28|pratiksha@forstarfoods.com|ManageGatePass.php
23 Oct 2018 14:44:34|20|shiji@forstarfoods.com|PrintDailyCatchReportMemo.php
23 Oct 2018 14:45:00|20|shiji@forstarfoods.com|DailyCatchReport.php
23 Oct 2018 14:45:02|20|shiji@forstarfoods.com|DailyCatchReport.php
23 Oct 2018 14:45:03|20|shiji@forstarfoods.com|DailyCatchReport.php
23 Oct 2018 14:45:04|28|pratiksha@forstarfoods.com|ManageGatePass.php
23 Oct 2018 14:45:12|20|shiji@forstarfoods.com|DailyCatchReport.php
23 Oct 2018 14:45:13|20|shiji@forstarfoods.com|DailyCatchReport.php
23 Oct 2018 14:45:15|20|shiji@forstarfoods.com|DailyCatchReport.php
23 Oct 2018 14:45:16|20|shiji@forstarfoods.com|DailyCatchReport.php
23 Oct 2018 14:45:18|20|shiji@forstarfoods.com|PrintDailyCatchReportMemo.php
23 Oct 2018 14:45:33|20|shiji@forstarfoods.com|PrintDailyCatchReportMemo.php
23 Oct 2018 14:46:02|20|shiji@forstarfoods.com|DailyCatchReport.php
23 Oct 2018 14:46:04|20|shiji@forstarfoods.com|DailyCatchReport.php
23 Oct 2018 14:46:05|20|shiji@forstarfoods.com|DailyCatchReport.php
23 Oct 2018 14:46:07|28|pratiksha@forstarfoods.com|ManageGatePass.php
23 Oct 2018 14:46:09|20|shiji@forstarfoods.com|DailyCatchReport.php
23 Oct 2018 14:46:10|20|shiji@forstarfoods.com|DailyCatchReport.php
23 Oct 2018 14:46:12|20|shiji@forstarfoods.com|DailyCatchReport.php
23 Oct 2018 14:46:13|20|shiji@forstarfoods.com|DailyCatchReport.php
23 Oct 2018 14:46:15|20|shiji@forstarfoods.com|PrintDailyCatchReportMemo.php
23 Oct 2018 14:46:39|20|shiji@forstarfoods.com|PrintDailyCatchReportMemo.php
23 Oct 2018 14:47:04|20|shiji@forstarfoods.com|DailyCatchReport.php
23 Oct 2018 14:47:06|20|shiji@forstarfoods.com|DailyCatchReport.php
23 Oct 2018 14:47:07|20|shiji@forstarfoods.com|DailyCatchReport.php
23 Oct 2018 14:47:09|28|pratiksha@forstarfoods.com|ManageGatePass.php
23 Oct 2018 14:47:12|20|shiji@forstarfoods.com|DailyCatchReport.php
23 Oct 2018 14:47:13|20|shiji@forstarfoods.com|DailyCatchReport.php
23 Oct 2018 14:47:15|20|shiji@forstarfoods.com|DailyCatchReport.php
23 Oct 2018 14:47:16|20|shiji@forstarfoods.com|DailyCatchReport.php
23 Oct 2018 14:47:18|20|shiji@forstarfoods.com|PrintDailyCatchReportMemo.php
23 Oct 2018 14:47:25|20|shiji@forstarfoods.com|PrintDailyCatchReportMemo.php
23 Oct 2018 14:47:27|28|pratiksha@forstarfoods.com|ManageGatePass.php
23 Oct 2018 14:47:31|28|pratiksha@forstarfoods.com|ManageGatePass.php
23 Oct 2018 14:47:35|28|pratiksha@forstarfoods.com|ManageGatePass.php
23 Oct 2018 14:47:54|20|shiji@forstarfoods.com|DailyCatchReport.php
23 Oct 2018 14:47:56|20|shiji@forstarfoods.com|DailyCatchReport.php
23 Oct 2018 14:47:57|20|shiji@forstarfoods.com|DailyCatchReport.php
23 Oct 2018 14:48:07|20|shiji@forstarfoods.com|DailyCatchReport.php
23 Oct 2018 14:48:08|20|shiji@forstarfoods.com|DailyCatchReport.php
23 Oct 2018 14:48:10|20|shiji@forstarfoods.com|DailyCatchReport.php
23 Oct 2018 14:48:11|20|shiji@forstarfoods.com|DailyCatchReport.php
23 Oct 2018 14:48:13|20|shiji@forstarfoods.com|PrintDailyCatchReportMemo.php
23 Oct 2018 14:48:14|29|kavitha@forstarfoods.com|DailyCatchReport.php
23 Oct 2018 14:48:23|29|kavitha@forstarfoods.com|DailyCatchReport.php
23 Oct 2018 14:48:26|29|kavitha@forstarfoods.com|DailyCatchReport.php
23 Oct 2018 14:48:33|20|shiji@forstarfoods.com|PrintDailyCatchReportMemo.php
23 Oct 2018 14:48:42|20|shiji@forstarfoods.com|PrintDailyCatchReportMemo.php
23 Oct 2018 14:48:50|28|pratiksha@forstarfoods.com|ManageGatePass.php
23 Oct 2018 14:48:53|28|pratiksha@forstarfoods.com|ManageGatePass.php
23 Oct 2018 14:48:55|29|kavitha@forstarfoods.com|Home.php
23 Oct 2018 14:48:55|28|pratiksha@forstarfoods.com|ManageGatePass.php
23 Oct 2018 14:49:00|28|pratiksha@forstarfoods.com|ManageGatePass.php
23 Oct 2018 14:49:07|28|pratiksha@forstarfoods.com|ManageGatePass.php
23 Oct 2018 14:49:07|29|kavitha@forstarfoods.com|SupplierAccount.php
23 Oct 2018 14:49:11|28|pratiksha@forstarfoods.com|PrintGatePass.php
23 Oct 2018 14:49:19|28|pratiksha@forstarfoods.com|ManageGatePass.php
23 Oct 2018 14:49:20|29|kavitha@forstarfoods.com|SupplierAccount.php
23 Oct 2018 14:49:28|20|shiji@forstarfoods.com|PrintDailyCatchReportMemo.php
23 Oct 2018 14:49:33|29|kavitha@forstarfoods.com|SupplierAccount.php
23 Oct 2018 14:49:37|29|kavitha@forstarfoods.com|SupplierAccount.php
23 Oct 2018 14:49:42|29|kavitha@forstarfoods.com|SupplierAccount.php
23 Oct 2018 14:49:53|28|pratiksha@forstarfoods.com|ManageGatePass.php
23 Oct 2018 14:49:55|28|pratiksha@forstarfoods.com|ManageGatePass.php
23 Oct 2018 14:49:59|20|shiji@forstarfoods.com|PrintDailyCatchReportMemo.php
23 Oct 2018 14:50:00|29|kavitha@forstarfoods.com|DailyCatchReport.php
23 Oct 2018 14:50:09|29|kavitha@forstarfoods.com|DailyCatchReport.php
23 Oct 2018 14:50:11|29|kavitha@forstarfoods.com|DailyCatchReport.php
23 Oct 2018 14:50:21|29|kavitha@forstarfoods.com|DailyCatchReport.php
23 Oct 2018 14:50:23|29|kavitha@forstarfoods.com|DailyCatchReport.php
23 Oct 2018 14:50:24|29|kavitha@forstarfoods.com|DailyCatchReport.php
23 Oct 2018 14:50:27|29|kavitha@forstarfoods.com|DailyCatchReport.php
23 Oct 2018 14:50:36|29|kavitha@forstarfoods.com|DailyCatchReport.php
23 Oct 2018 14:50:37|29|kavitha@forstarfoods.com|DailyCatchReport.php
23 Oct 2018 14:50:38|29|kavitha@forstarfoods.com|DailyCatchReport.php
23 Oct 2018 14:50:55|29|kavitha@forstarfoods.com|DailyCatchReport.php
23 Oct 2018 14:50:56|29|kavitha@forstarfoods.com|DailyCatchReport.php
23 Oct 2018 14:50:58|29|kavitha@forstarfoods.com|DailyCatchReport.php
23 Oct 2018 14:51:03|28|pratiksha@forstarfoods.com|ManageGatePass.php
23 Oct 2018 14:51:06|28|pratiksha@forstarfoods.com|ManageGatePass.php
23 Oct 2018 14:51:08|29|kavitha@forstarfoods.com|DailyCatchReport.php
23 Oct 2018 14:51:09|28|pratiksha@forstarfoods.com|ManageGatePass.php
23 Oct 2018 14:51:10|29|kavitha@forstarfoods.com|DailyCatchReport.php
23 Oct 2018 14:51:11|29|kavitha@forstarfoods.com|DailyCatchReport.php
23 Oct 2018 14:51:13|28|pratiksha@forstarfoods.com|ManageGatePass.php
23 Oct 2018 14:51:13|29|kavitha@forstarfoods.com|DailyCatchReport.php
23 Oct 2018 14:51:15|28|pratiksha@forstarfoods.com|ManageGatePass.php
23 Oct 2018 14:51:15|29|kavitha@forstarfoods.com|DailyCatchReport.php
23 Oct 2018 14:51:16|29|kavitha@forstarfoods.com|DailyCatchReport.php
23 Oct 2018 14:51:18|29|kavitha@forstarfoods.com|DailyCatchReport.php
23 Oct 2018 14:51:18|28|pratiksha@forstarfoods.com|PrintGatePass.php
23 Oct 2018 14:52:16|28|pratiksha@forstarfoods.com|ManageGatePass.php
23 Oct 2018 14:52:34|29|kavitha@forstarfoods.com|DailyCatchReport.php
23 Oct 2018 14:52:35|29|kavitha@forstarfoods.com|DailyCatchReport.php
23 Oct 2018 14:52:36|28|pratiksha@forstarfoods.com|ManageGatePass.php
23 Oct 2018 14:52:37|29|kavitha@forstarfoods.com|DailyCatchReport.php
23 Oct 2018 14:52:39|28|pratiksha@forstarfoods.com|ManageGatePass.php
23 Oct 2018 14:52:41|28|pratiksha@forstarfoods.com|ManageGatePass.php
23 Oct 2018 14:52:47|29|kavitha@forstarfoods.com|DailyCatchReport.php
23 Oct 2018 14:52:49|29|kavitha@forstarfoods.com|DailyCatchReport.php
23 Oct 2018 14:52:50|29|kavitha@forstarfoods.com|DailyCatchReport.php
23 Oct 2018 14:52:52|29|kavitha@forstarfoods.com|DailyCatchReport.php
23 Oct 2018 14:53:05|28|pratiksha@forstarfoods.com|ManageGatePass.php
23 Oct 2018 14:53:07|28|pratiksha@forstarfoods.com|ManageGatePass.php
23 Oct 2018 14:53:10|28|pratiksha@forstarfoods.com|ManageGatePass.php
23 Oct 2018 14:53:11|29|kavitha@forstarfoods.com|DailyCatchReport.php
23 Oct 2018 14:53:12|29|kavitha@forstarfoods.com|DailyCatchReport.php
23 Oct 2018 14:53:13|29|kavitha@forstarfoods.com|DailyCatchReport.php
23 Oct 2018 14:53:14|28|pratiksha@forstarfoods.com|ManageGatePass.php
23 Oct 2018 14:53:16|28|pratiksha@forstarfoods.com|ManageGatePass.php
23 Oct 2018 14:53:17|29|kavitha@forstarfoods.com|DailyCatchReport.php
23 Oct 2018 14:53:19|29|kavitha@forstarfoods.com|DailyCatchReport.php
23 Oct 2018 14:53:20|29|kavitha@forstarfoods.com|DailyCatchReport.php
23 Oct 2018 14:53:25|28|pratiksha@forstarfoods.com|PrintGatePass.php
23 Oct 2018 14:54:19|28|pratiksha@forstarfoods.com|ManageGatePass.php
23 Oct 2018 14:55:17|29|kavitha@forstarfoods.com|DailyCatchEntry_New.php
23 Oct 2018 14:55:23|28|pratiksha@forstarfoods.com|ManageGatePass.php
23 Oct 2018 14:55:26|29|kavitha@forstarfoods.com|DailyCatchEntry_New.php
23 Oct 2018 14:55:27|29|kavitha@forstarfoods.com|DailyCatchEntry_New.php
23 Oct 2018 14:55:28|29|kavitha@forstarfoods.com|DailyCatchEntry_New.php
23 Oct 2018 14:55:29|29|kavitha@forstarfoods.com|DailyCatchEntry_New.php
23 Oct 2018 14:55:31|29|kavitha@forstarfoods.com|DailyCatchEntry_New.php
23 Oct 2018 14:55:32|29|kavitha@forstarfoods.com|DailyCatchEntry_New.php
23 Oct 2018 14:55:35|29|kavitha@forstarfoods.com|DailyCatchEntry_New.php
23 Oct 2018 14:55:36|29|kavitha@forstarfoods.com|DailyCatchEntry_New.php
23 Oct 2018 14:55:38|29|kavitha@forstarfoods.com|DailyCatchEntry_New.php
23 Oct 2018 14:56:26|28|pratiksha@forstarfoods.com|ManageGatePass.php
23 Oct 2018 14:56:50|29|kavitha@forstarfoods.com|DailyCatchReport.php
23 Oct 2018 14:56:59|29|kavitha@forstarfoods.com|DailyCatchReport.php
23 Oct 2018 14:57:02|29|kavitha@forstarfoods.com|DailyCatchReport.php
23 Oct 2018 14:57:04|29|kavitha@forstarfoods.com|DailyCatchReport.php
23 Oct 2018 14:57:06|29|kavitha@forstarfoods.com|DailyCatchReport.php
23 Oct 2018 14:57:07|29|kavitha@forstarfoods.com|DailyCatchReport.php
23 Oct 2018 14:57:16|29|kavitha@forstarfoods.com|PrintDailyCatchReportMemo.php
23 Oct 2018 14:57:31|28|pratiksha@forstarfoods.com|ManageGatePass.php
23 Oct 2018 14:58:25|29|kavitha@forstarfoods.com|SupplierAccount.php
23 Oct 2018 14:58:33|29|kavitha@forstarfoods.com|SupplierAccount.php
23 Oct 2018 14:58:35|28|pratiksha@forstarfoods.com|ManageGatePass.php
23 Oct 2018 14:59:10|29|kavitha@forstarfoods.com|DailyCatchReport.php
23 Oct 2018 14:59:19|29|kavitha@forstarfoods.com|DailyCatchReport.php
23 Oct 2018 14:59:21|29|kavitha@forstarfoods.com|DailyCatchReport.php
23 Oct 2018 14:59:32|29|kavitha@forstarfoods.com|DailyCatchReport.php
23 Oct 2018 14:59:34|29|kavitha@forstarfoods.com|DailyCatchReport.php
23 Oct 2018 14:59:35|29|kavitha@forstarfoods.com|DailyCatchReport.php
23 Oct 2018 14:59:37|28|pratiksha@forstarfoods.com|ManageGatePass.php
23 Oct 2018 14:59:43|20|shiji@forstarfoods.com|DailyCatchReport.php
23 Oct 2018 14:59:45|20|shiji@forstarfoods.com|DailyCatchReport.php
23 Oct 2018 14:59:46|20|shiji@forstarfoods.com|DailyCatchReport.php
23 Oct 2018 14:59:50|29|kavitha@forstarfoods.com|DailyCatchReport.php
23 Oct 2018 14:59:51|29|kavitha@forstarfoods.com|DailyCatchReport.php
23 Oct 2018 14:59:52|29|kavitha@forstarfoods.com|DailyCatchReport.php
23 Oct 2018 14:59:57|20|shiji@forstarfoods.com|DailyCatchReport.php
23 Oct 2018 15:00:05|20|shiji@forstarfoods.com|DailyCatchReport.php
23 Oct 2018 15:00:10|20|shiji@forstarfoods.com|DailyCatchReport.php
23 Oct 2018 15:00:13|20|shiji@forstarfoods.com|DailyCatchReport.php
23 Oct 2018 15:00:14|20|shiji@forstarfoods.com|DailyCatchReport.php
23 Oct 2018 15:00:15|20|shiji@forstarfoods.com|DailyCatchReport.php
23 Oct 2018 15:00:17|20|shiji@forstarfoods.com|PrintDailyCatchReportMemo.php
23 Oct 2018 15:00:35|29|kavitha@forstarfoods.com|DailyCatchReport.php
23 Oct 2018 15:00:36|29|kavitha@forstarfoods.com|DailyCatchReport.php
23 Oct 2018 15:00:38|29|kavitha@forstarfoods.com|DailyCatchReport.php
23 Oct 2018 15:00:39|28|pratiksha@forstarfoods.com|ManageGatePass.php
23 Oct 2018 15:00:55|20|shiji@forstarfoods.com|DailyCatchEntry_New.php
23 Oct 2018 15:01:00|20|shiji@forstarfoods.com|DailyCatchEntry_New.php
23 Oct 2018 15:01:00|29|kavitha@forstarfoods.com|DailyCatchReport.php
23 Oct 2018 15:01:01|20|shiji@forstarfoods.com|DailyCatchEntry_New.php
23 Oct 2018 15:01:01|29|kavitha@forstarfoods.com|DailyCatchReport.php
23 Oct 2018 15:01:02|20|shiji@forstarfoods.com|DailyCatchEntry_New.php
23 Oct 2018 15:01:03|29|kavitha@forstarfoods.com|DailyCatchReport.php
23 Oct 2018 15:01:03|20|shiji@forstarfoods.com|DailyCatchEntry_New.php
23 Oct 2018 15:01:04|29|kavitha@forstarfoods.com|DailyCatchReport.php
23 Oct 2018 15:01:05|20|shiji@forstarfoods.com|DailyCatchEntry_New.php
23 Oct 2018 15:01:06|20|shiji@forstarfoods.com|DailyCatchEntry_New.php
23 Oct 2018 15:01:07|29|kavitha@forstarfoods.com|DailyCatchReport.php
23 Oct 2018 15:01:07|20|shiji@forstarfoods.com|DailyCatchEntry_New.php
23 Oct 2018 15:01:08|20|shiji@forstarfoods.com|DailyCatchEntry_New.php
23 Oct 2018 15:01:09|20|shiji@forstarfoods.com|DailyCatchEntry_New.php
23 Oct 2018 15:01:10|29|kavitha@forstarfoods.com|DailyCatchReport.php
23 Oct 2018 15:01:11|29|kavitha@forstarfoods.com|DailyCatchReport.php
23 Oct 2018 15:01:13|29|kavitha@forstarfoods.com|DailyCatchReport.php
23 Oct 2018 15:01:15|29|kavitha@forstarfoods.com|DailyCatchReport.php
23 Oct 2018 15:01:17|29|kavitha@forstarfoods.com|DailyCatchReport.php
23 Oct 2018 15:01:18|29|kavitha@forstarfoods.com|DailyCatchReport.php
23 Oct 2018 15:01:34|20|shiji@forstarfoods.com|DailyCatchReport.php
23 Oct 2018 15:01:44|28|pratiksha@forstarfoods.com|ManageGatePass.php
23 Oct 2018 15:01:45|20|shiji@forstarfoods.com|DailyCatchReport.php
23 Oct 2018 15:01:49|20|shiji@forstarfoods.com|DailyCatchReport.php
23 Oct 2018 15:02:34|20|shiji@forstarfoods.com|DailyCatchReport.php
23 Oct 2018 15:02:36|20|shiji@forstarfoods.com|DailyCatchReport.php
23 Oct 2018 15:02:37|20|shiji@forstarfoods.com|DailyCatchReport.php
23 Oct 2018 15:02:40|20|shiji@forstarfoods.com|PrintDailyCatchReportMemo.php
23 Oct 2018 15:02:46|28|pratiksha@forstarfoods.com|ManageGatePass.php
23 Oct 2018 15:02:55|29|kavitha@forstarfoods.com|DailyCatchReport.php
23 Oct 2018 15:02:56|29|kavitha@forstarfoods.com|DailyCatchReport.php
23 Oct 2018 15:02:58|29|kavitha@forstarfoods.com|DailyCatchReport.php
23 Oct 2018 15:03:50|28|pratiksha@forstarfoods.com|ManageGatePass.php
23 Oct 2018 15:04:29|20|shiji@forstarfoods.com|PrintDailyCatchReportMemo.php
23 Oct 2018 15:04:52|28|pratiksha@forstarfoods.com|ManageGatePass.php
23 Oct 2018 15:05:39|29|kavitha@forstarfoods.com|DailyCatchReport.php
23 Oct 2018 15:05:41|29|kavitha@forstarfoods.com|DailyCatchReport.php
23 Oct 2018 15:05:43|29|kavitha@forstarfoods.com|DailyCatchReport.php
23 Oct 2018 15:05:44|29|kavitha@forstarfoods.com|DailyCatchReport.php
23 Oct 2018 15:05:47|29|kavitha@forstarfoods.com|DailyCatchReport.php
23 Oct 2018 15:05:48|29|kavitha@forstarfoods.com|DailyCatchReport.php
23 Oct 2018 15:05:49|29|kavitha@forstarfoods.com|DailyCatchReport.php
23 Oct 2018 15:05:55|28|pratiksha@forstarfoods.com|ManageGatePass.php
23 Oct 2018 15:06:00|29|kavitha@forstarfoods.com|DailyCatchReport.php
23 Oct 2018 15:06:02|29|kavitha@forstarfoods.com|DailyCatchReport.php
23 Oct 2018 15:06:03|29|kavitha@forstarfoods.com|DailyCatchReport.php
23 Oct 2018 15:06:16|29|kavitha@forstarfoods.com|DailyCatchReport.php
23 Oct 2018 15:06:17|29|kavitha@forstarfoods.com|DailyCatchReport.php
23 Oct 2018 15:06:19|29|kavitha@forstarfoods.com|DailyCatchReport.php
23 Oct 2018 15:06:44|29|kavitha@forstarfoods.com|DailyCatchReport.php
23 Oct 2018 15:06:45|29|kavitha@forstarfoods.com|DailyCatchReport.php
23 Oct 2018 15:06:47|29|kavitha@forstarfoods.com|DailyCatchReport.php
23 Oct 2018 15:06:48|29|kavitha@forstarfoods.com|DailyCatchReport.php
23 Oct 2018 15:06:51|29|kavitha@forstarfoods.com|DailyCatchReport.php
23 Oct 2018 15:06:52|29|kavitha@forstarfoods.com|DailyCatchReport.php
23 Oct 2018 15:06:54|29|kavitha@forstarfoods.com|DailyCatchReport.php
23 Oct 2018 15:07:02|28|pratiksha@forstarfoods.com|ManageGatePass.php
23 Oct 2018 15:07:03|29|kavitha@forstarfoods.com|DailyCatchReport.php
23 Oct 2018 15:07:05|29|kavitha@forstarfoods.com|DailyCatchReport.php
23 Oct 2018 15:07:06|29|kavitha@forstarfoods.com|DailyCatchReport.php
23 Oct 2018 15:07:27|29|kavitha@forstarfoods.com|DailyCatchReport.php
23 Oct 2018 15:07:29|29|kavitha@forstarfoods.com|DailyCatchReport.php
23 Oct 2018 15:07:30|29|kavitha@forstarfoods.com|DailyCatchReport.php
23 Oct 2018 15:07:37|29|kavitha@forstarfoods.com|DailyCatchReport.php
23 Oct 2018 15:07:39|29|kavitha@forstarfoods.com|DailyCatchReport.php
23 Oct 2018 15:07:40|29|kavitha@forstarfoods.com|DailyCatchReport.php
23 Oct 2018 15:07:42|29|kavitha@forstarfoods.com|DailyCatchReport.php
23 Oct 2018 15:07:51|29|kavitha@forstarfoods.com|DailyCatchReport.php
23 Oct 2018 15:07:52|29|kavitha@forstarfoods.com|DailyCatchReport.php
23 Oct 2018 15:07:54|29|kavitha@forstarfoods.com|DailyCatchReport.php
23 Oct 2018 15:07:56|29|kavitha@forstarfoods.com|DailyCatchReport.php
23 Oct 2018 15:07:58|29|kavitha@forstarfoods.com|DailyCatchReport.php
23 Oct 2018 15:07:59|29|kavitha@forstarfoods.com|DailyCatchReport.php
23 Oct 2018 15:08:05|28|pratiksha@forstarfoods.com|ManageGatePass.php
23 Oct 2018 15:08:17|29|kavitha@forstarfoods.com|DailyCatchReport.php
23 Oct 2018 15:08:19|29|kavitha@forstarfoods.com|DailyCatchReport.php
23 Oct 2018 15:08:20|29|kavitha@forstarfoods.com|DailyCatchReport.php
23 Oct 2018 15:08:47|29|kavitha@forstarfoods.com|DailyCatchReport.php
23 Oct 2018 15:08:48|29|kavitha@forstarfoods.com|DailyCatchReport.php
23 Oct 2018 15:08:50|29|kavitha@forstarfoods.com|DailyCatchReport.php
23 Oct 2018 15:08:51|29|kavitha@forstarfoods.com|DailyCatchReport.php
23 Oct 2018 15:08:55|29|kavitha@forstarfoods.com|DailyCatchReport.php
23 Oct 2018 15:08:56|29|kavitha@forstarfoods.com|DailyCatchReport.php
23 Oct 2018 15:08:57|29|kavitha@forstarfoods.com|DailyCatchReport.php
23 Oct 2018 15:09:00|29|kavitha@forstarfoods.com|DailyCatchReport.php
23 Oct 2018 15:09:02|29|kavitha@forstarfoods.com|DailyCatchReport.php
23 Oct 2018 15:09:03|29|kavitha@forstarfoods.com|DailyCatchReport.php
23 Oct 2018 15:09:06|29|kavitha@forstarfoods.com|DailyCatchReport.php
23 Oct 2018 15:09:08|29|kavitha@forstarfoods.com|DailyCatchReport.php
23 Oct 2018 15:09:09|29|kavitha@forstarfoods.com|DailyCatchReport.php
23 Oct 2018 15:09:10|28|pratiksha@forstarfoods.com|ManageGatePass.php
23 Oct 2018 15:09:24|29|kavitha@forstarfoods.com|DailyCatchReport.php
23 Oct 2018 15:09:25|29|kavitha@forstarfoods.com|DailyCatchReport.php
23 Oct 2018 15:09:26|29|kavitha@forstarfoods.com|DailyCatchReport.php
23 Oct 2018 15:09:44|29|kavitha@forstarfoods.com|DailyCatchReport.php
23 Oct 2018 15:09:46|29|kavitha@forstarfoods.com|DailyCatchReport.php
23 Oct 2018 15:09:47|29|kavitha@forstarfoods.com|DailyCatchReport.php
23 Oct 2018 15:10:04|29|kavitha@forstarfoods.com|DailyCatchReport.php
23 Oct 2018 15:10:05|29|kavitha@forstarfoods.com|DailyCatchReport.php
23 Oct 2018 15:10:07|29|kavitha@forstarfoods.com|DailyCatchReport.php
23 Oct 2018 15:10:08|29|kavitha@forstarfoods.com|DailyCatchReport.php
23 Oct 2018 15:10:12|29|kavitha@forstarfoods.com|DailyCatchReport.php
23 Oct 2018 15:10:13|28|pratiksha@forstarfoods.com|ManageGatePass.php
23 Oct 2018 15:10:14|29|kavitha@forstarfoods.com|DailyCatchReport.php
23 Oct 2018 15:10:15|29|kavitha@forstarfoods.com|DailyCatchReport.php
23 Oct 2018 15:10:28|29|kavitha@forstarfoods.com|DailyCatchReport.php
23 Oct 2018 15:10:29|29|kavitha@forstarfoods.com|DailyCatchReport.php
23 Oct 2018 15:10:31|29|kavitha@forstarfoods.com|DailyCatchReport.php
23 Oct 2018 15:10:38|29|kavitha@forstarfoods.com|DailyCatchReport.php
23 Oct 2018 15:10:39|29|kavitha@forstarfoods.com|DailyCatchReport.php
23 Oct 2018 15:10:41|29|kavitha@forstarfoods.com|DailyCatchReport.php
23 Oct 2018 15:10:42|29|kavitha@forstarfoods.com|DailyCatchReport.php
23 Oct 2018 15:11:09|29|kavitha@forstarfoods.com|DailyCatchReport.php
23 Oct 2018 15:11:11|29|kavitha@forstarfoods.com|DailyCatchReport.php
23 Oct 2018 15:11:12|29|kavitha@forstarfoods.com|DailyCatchReport.php
23 Oct 2018 15:11:19|28|pratiksha@forstarfoods.com|ManageGatePass.php
23 Oct 2018 15:11:19|29|kavitha@forstarfoods.com|DailyCatchReport.php
23 Oct 2018 15:11:21|29|kavitha@forstarfoods.com|DailyCatchReport.php
23 Oct 2018 15:11:22|29|kavitha@forstarfoods.com|DailyCatchReport.php
23 Oct 2018 15:11:23|20|shiji@forstarfoods.com|DailyCatchReport.php
23 Oct 2018 15:11:24|20|shiji@forstarfoods.com|DailyCatchReport.php
23 Oct 2018 15:11:25|29|kavitha@forstarfoods.com|DailyCatchReport.php
23 Oct 2018 15:11:26|20|shiji@forstarfoods.com|DailyCatchReport.php
23 Oct 2018 15:11:26|29|kavitha@forstarfoods.com|DailyCatchReport.php
23 Oct 2018 15:11:28|29|kavitha@forstarfoods.com|DailyCatchReport.php
23 Oct 2018 15:11:31|20|shiji@forstarfoods.com|DailyCatchEntry_New.php
23 Oct 2018 15:11:36|29|kavitha@forstarfoods.com|DailyCatchReport.php
23 Oct 2018 15:11:36|20|shiji@forstarfoods.com|DailyCatchEntry_New.php
23 Oct 2018 15:11:37|29|kavitha@forstarfoods.com|DailyCatchReport.php
23 Oct 2018 15:11:38|20|shiji@forstarfoods.com|DailyCatchEntry_New.php
23 Oct 2018 15:11:39|29|kavitha@forstarfoods.com|DailyCatchReport.php
23 Oct 2018 15:11:39|20|shiji@forstarfoods.com|DailyCatchEntry_New.php
23 Oct 2018 15:11:40|20|shiji@forstarfoods.com|DailyCatchEntry_New.php
23 Oct 2018 15:11:41|20|shiji@forstarfoods.com|DailyCatchEntry_New.php
23 Oct 2018 15:11:43|20|shiji@forstarfoods.com|DailyCatchEntry_New.php
23 Oct 2018 15:11:44|20|shiji@forstarfoods.com|DailyCatchEntry_New.php
23 Oct 2018 15:11:45|20|shiji@forstarfoods.com|DailyCatchEntry_New.php
23 Oct 2018 15:11:46|20|shiji@forstarfoods.com|DailyCatchEntry_New.php
23 Oct 2018 15:11:50|20|shiji@forstarfoods.com|DailyCatchEntry_New.php
23 Oct 2018 15:11:53|20|shiji@forstarfoods.com|DailyCatchEntry_New.php
23 Oct 2018 15:11:54|20|shiji@forstarfoods.com|DailyCatchEntry_New.php
23 Oct 2018 15:11:55|20|shiji@forstarfoods.com|CatchEntryDeclaredItem.php
23 Oct 2018 15:11:56|20|shiji@forstarfoods.com|DailyCatchEntry_New.php
23 Oct 2018 15:11:57|20|shiji@forstarfoods.com|CatchEntryDeclaredItem.php
23 Oct 2018 15:12:01|20|shiji@forstarfoods.com|DailyCatchEntry_New.php
23 Oct 2018 15:12:05|20|shiji@forstarfoods.com|DailyCatchEntry_New.php
23 Oct 2018 15:12:07|20|shiji@forstarfoods.com|DailyCatchEntry_New.php
23 Oct 2018 15:12:10|20|shiji@forstarfoods.com|DailyCatchEntry_New.php
23 Oct 2018 15:12:13|20|shiji@forstarfoods.com|DailyCatchEntry_New.php
23 Oct 2018 15:12:14|20|shiji@forstarfoods.com|DailyCatchEntry_New.php
23 Oct 2018 15:12:15|20|shiji@forstarfoods.com|CatchEntryDeclaredItem.php
23 Oct 2018 15:12:17|20|shiji@forstarfoods.com|DailyCatchEntry_New.php
23 Oct 2018 15:12:18|20|shiji@forstarfoods.com|CatchEntryDeclaredItem.php
23 Oct 2018 15:12:19|20|shiji@forstarfoods.com|DailyCatchEntry_New.php
23 Oct 2018 15:12:21|28|pratiksha@forstarfoods.com|ManageGatePass.php
23 Oct 2018 15:12:21|20|shiji@forstarfoods.com|DailyCatchEntry_New.php
23 Oct 2018 15:12:24|20|shiji@forstarfoods.com|DailyCatchEntry_New.php
23 Oct 2018 15:12:27|20|shiji@forstarfoods.com|DailyCatchEntry_New.php
23 Oct 2018 15:12:30|20|shiji@forstarfoods.com|DailyCatchEntry_New.php
23 Oct 2018 15:12:31|20|shiji@forstarfoods.com|DailyCatchEntry_New.php
23 Oct 2018 15:12:32|20|shiji@forstarfoods.com|CatchEntryDeclaredItem.php
23 Oct 2018 15:12:33|20|shiji@forstarfoods.com|DailyCatchEntry_New.php
23 Oct 2018 15:12:34|20|shiji@forstarfoods.com|CatchEntryDeclaredItem.php
23 Oct 2018 15:12:36|20|shiji@forstarfoods.com|DailyCatchEntry_New.php
23 Oct 2018 15:12:39|20|shiji@forstarfoods.com|DailyCatchEntry_New.php
23 Oct 2018 15:12:41|20|shiji@forstarfoods.com|DailyCatchEntry_New.php
23 Oct 2018 15:12:45|20|shiji@forstarfoods.com|DailyCatchEntry_New.php
23 Oct 2018 15:12:48|20|shiji@forstarfoods.com|DailyCatchEntry_New.php
23 Oct 2018 15:12:49|20|shiji@forstarfoods.com|DailyCatchEntry_New.php
23 Oct 2018 15:12:50|20|shiji@forstarfoods.com|CatchEntryDeclaredItem.php
23 Oct 2018 15:12:51|20|shiji@forstarfoods.com|DailyCatchEntry_New.php
23 Oct 2018 15:12:52|20|shiji@forstarfoods.com|CatchEntryDeclaredItem.php