
13 Aug 2018 17:37:48|30|pritirm@forstarfoods.com|DailyCatchEntry_New.php
13 Aug 2018 17:37:49|30|pritirm@forstarfoods.com|DailyCatchEntry_New.php
13 Aug 2018 17:37:51|30|pritirm@forstarfoods.com|DailyCatchEntry_New.php
13 Aug 2018 17:37:52|30|pritirm@forstarfoods.com|DailyCatchEntry_New.php
13 Aug 2018 17:37:53|30|pritirm@forstarfoods.com|DailyCatchEntry_New.php
13 Aug 2018 17:37:54|30|pritirm@forstarfoods.com|DailyCatchEntry_New.php
13 Aug 2018 17:37:56|30|pritirm@forstarfoods.com|DailyCatchEntry_New.php
13 Aug 2018 17:37:57|30|pritirm@forstarfoods.com|DailyCatchEntry_New.php
13 Aug 2018 17:37:58|30|pritirm@forstarfoods.com|DailyCatchEntry_New.php
13 Aug 2018 17:37:59|30|pritirm@forstarfoods.com|DailyCatchEntry_New.php
13 Aug 2018 17:38:01|30|pritirm@forstarfoods.com|DailyCatchEntry_New.php
13 Aug 2018 17:38:02|30|pritirm@forstarfoods.com|DailyCatchEntry_New.php
13 Aug 2018 17:38:03|30|pritirm@forstarfoods.com|DailyCatchEntry_New.php
13 Aug 2018 17:38:04|30|pritirm@forstarfoods.com|DailyCatchEntry_New.php
13 Aug 2018 17:38:05|30|pritirm@forstarfoods.com|DailyCatchEntry_New.php
13 Aug 2018 17:38:07|30|pritirm@forstarfoods.com|DailyCatchEntry_New.php
13 Aug 2018 17:38:08|30|pritirm@forstarfoods.com|DailyCatchEntry_New.php
13 Aug 2018 17:38:09|30|pritirm@forstarfoods.com|DailyCatchEntry_New.php
13 Aug 2018 17:38:10|30|pritirm@forstarfoods.com|DailyCatchEntry_New.php
13 Aug 2018 17:38:12|30|pritirm@forstarfoods.com|DailyCatchEntry_New.php
13 Aug 2018 17:38:13|30|pritirm@forstarfoods.com|DailyCatchEntry_New.php
13 Aug 2018 17:38:14|30|pritirm@forstarfoods.com|DailyCatchEntry_New.php
13 Aug 2018 17:38:17|30|pritirm@forstarfoods.com|DailyCatchEntry_New.php
13 Aug 2018 17:38:18|30|pritirm@forstarfoods.com|CatchEntryDeclaredItem.php
13 Aug 2018 17:38:22|30|pritirm@forstarfoods.com|DailyCatchEntry_New.php
13 Aug 2018 17:38:24|30|pritirm@forstarfoods.com|DailyCatchEntry_New.php
13 Aug 2018 17:38:26|30|pritirm@forstarfoods.com|DailyCatchEntry_New.php
13 Aug 2018 17:38:27|30|pritirm@forstarfoods.com|DailyCatchEntry_New.php
13 Aug 2018 17:38:28|30|pritirm@forstarfoods.com|DailyCatchEntry_New.php
13 Aug 2018 17:38:29|30|pritirm@forstarfoods.com|DailyCatchEntry_New.php
13 Aug 2018 17:38:31|30|pritirm@forstarfoods.com|DailyCatchEntry_New.php
13 Aug 2018 17:38:32|30|pritirm@forstarfoods.com|DailyCatchEntry_New.php
13 Aug 2018 17:38:33|30|pritirm@forstarfoods.com|DailyCatchEntry_New.php
13 Aug 2018 17:38:34|30|pritirm@forstarfoods.com|DailyCatchEntry_New.php
13 Aug 2018 17:38:36|30|pritirm@forstarfoods.com|DailyCatchEntry_New.php
13 Aug 2018 17:38:37|30|pritirm@forstarfoods.com|DailyCatchEntry_New.php
13 Aug 2018 17:38:38|30|pritirm@forstarfoods.com|DailyCatchEntry_New.php
13 Aug 2018 17:38:39|30|pritirm@forstarfoods.com|DailyCatchEntry_New.php
13 Aug 2018 17:38:40|30|pritirm@forstarfoods.com|DailyCatchEntry_New.php
13 Aug 2018 17:38:42|30|pritirm@forstarfoods.com|DailyCatchEntry_New.php
13 Aug 2018 17:38:43|30|pritirm@forstarfoods.com|DailyCatchEntry_New.php
13 Aug 2018 17:38:44|30|pritirm@forstarfoods.com|DailyCatchEntry_New.php
13 Aug 2018 17:38:45|30|pritirm@forstarfoods.com|DailyCatchEntry_New.php
13 Aug 2018 17:38:48|30|pritirm@forstarfoods.com|DailyCatchEntry_New.php
13 Aug 2018 17:38:49|30|pritirm@forstarfoods.com|CatchEntryDeclaredItem.php
13 Aug 2018 17:38:58|30|pritirm@forstarfoods.com|DailyCatchEntry_New.php
13 Aug 2018 17:39:00|30|pritirm@forstarfoods.com|DailyCatchEntry_New.php
13 Aug 2018 17:39:03|30|pritirm@forstarfoods.com|DailyCatchEntry_New.php
13 Aug 2018 17:39:04|30|pritirm@forstarfoods.com|DailyCatchEntry_New.php
13 Aug 2018 17:39:05|30|pritirm@forstarfoods.com|DailyCatchEntry_New.php
13 Aug 2018 17:39:06|30|pritirm@forstarfoods.com|DailyCatchEntry_New.php
13 Aug 2018 17:39:07|30|pritirm@forstarfoods.com|DailyCatchEntry_New.php
13 Aug 2018 17:39:09|30|pritirm@forstarfoods.com|DailyCatchEntry_New.php
13 Aug 2018 17:39:10|30|pritirm@forstarfoods.com|DailyCatchEntry_New.php
13 Aug 2018 17:39:11|30|pritirm@forstarfoods.com|DailyCatchEntry_New.php
13 Aug 2018 17:39:12|30|pritirm@forstarfoods.com|DailyCatchEntry_New.php
13 Aug 2018 17:39:14|30|pritirm@forstarfoods.com|DailyCatchEntry_New.php
13 Aug 2018 17:39:15|30|pritirm@forstarfoods.com|DailyCatchEntry_New.php
13 Aug 2018 17:39:16|30|pritirm@forstarfoods.com|DailyCatchEntry_New.php
13 Aug 2018 17:39:17|30|pritirm@forstarfoods.com|DailyCatchEntry_New.php
13 Aug 2018 17:39:18|30|pritirm@forstarfoods.com|DailyCatchEntry_New.php
13 Aug 2018 17:39:20|30|pritirm@forstarfoods.com|DailyCatchEntry_New.php
13 Aug 2018 17:39:24|30|pritirm@forstarfoods.com|DailyCatchEntry_New.php
13 Aug 2018 17:39:25|30|pritirm@forstarfoods.com|CatchEntryDeclaredItem.php
13 Aug 2018 17:39:30|30|pritirm@forstarfoods.com|DailyCatchEntry_New.php
13 Aug 2018 17:39:32|30|pritirm@forstarfoods.com|DailyCatchEntry_New.php
13 Aug 2018 17:39:35|30|pritirm@forstarfoods.com|DailyCatchEntry_New.php
13 Aug 2018 17:39:36|30|pritirm@forstarfoods.com|DailyCatchEntry_New.php
13 Aug 2018 17:39:37|30|pritirm@forstarfoods.com|DailyCatchEntry_New.php
13 Aug 2018 17:39:38|30|pritirm@forstarfoods.com|DailyCatchEntry_New.php
13 Aug 2018 17:39:39|30|pritirm@forstarfoods.com|DailyCatchEntry_New.php
13 Aug 2018 17:39:41|30|pritirm@forstarfoods.com|DailyCatchEntry_New.php
13 Aug 2018 17:39:42|30|pritirm@forstarfoods.com|DailyCatchEntry_New.php
13 Aug 2018 17:39:43|30|pritirm@forstarfoods.com|DailyCatchEntry_New.php
13 Aug 2018 17:39:44|30|pritirm@forstarfoods.com|DailyCatchEntry_New.php
13 Aug 2018 17:39:46|30|pritirm@forstarfoods.com|DailyCatchEntry_New.php
13 Aug 2018 17:39:59|30|pritirm@forstarfoods.com|DailyCatchEntry_New.php
13 Aug 2018 17:40:00|30|pritirm@forstarfoods.com|DailyCatchEntry_New.php
13 Aug 2018 17:40:35|30|pritirm@forstarfoods.com|DailyCatchEntry_New.php
13 Aug 2018 17:40:36|30|pritirm@forstarfoods.com|DailyCatchEntry_New.php
13 Aug 2018 17:40:37|30|pritirm@forstarfoods.com|DailyCatchEntry_New.php
13 Aug 2018 17:40:39|30|pritirm@forstarfoods.com|DailyCatchEntry_New.php
13 Aug 2018 17:40:40|30|pritirm@forstarfoods.com|DailyCatchEntry_New.php
13 Aug 2018 17:40:41|30|pritirm@forstarfoods.com|DailyCatchEntry_New.php
13 Aug 2018 17:40:42|30|pritirm@forstarfoods.com|DailyCatchEntry_New.php
13 Aug 2018 17:40:44|30|pritirm@forstarfoods.com|DailyCatchEntry_New.php
13 Aug 2018 17:40:45|30|pritirm@forstarfoods.com|DailyCatchEntry_New.php
13 Aug 2018 17:40:46|30|pritirm@forstarfoods.com|DailyCatchEntry_New.php
13 Aug 2018 17:40:47|30|pritirm@forstarfoods.com|DailyCatchEntry_New.php
13 Aug 2018 17:40:48|30|pritirm@forstarfoods.com|DailyCatchEntry_New.php
13 Aug 2018 17:40:50|30|pritirm@forstarfoods.com|DailyCatchEntry_New.php
13 Aug 2018 17:40:52|30|pritirm@forstarfoods.com|DailyCatchEntry_New.php
13 Aug 2018 17:40:53|30|pritirm@forstarfoods.com|CatchEntryDeclaredItem.php
13 Aug 2018 17:40:59|30|pritirm@forstarfoods.com|DailyCatchEntry_New.php
13 Aug 2018 17:41:00|30|pritirm@forstarfoods.com|DailyCatchEntry_New.php
13 Aug 2018 17:41:02|30|pritirm@forstarfoods.com|DailyCatchEntry_New.php
13 Aug 2018 17:41:03|30|pritirm@forstarfoods.com|DailyCatchEntry_New.php
13 Aug 2018 17:41:04|30|pritirm@forstarfoods.com|DailyCatchEntry_New.php
13 Aug 2018 17:41:06|30|pritirm@forstarfoods.com|DailyCatchEntry_New.php
13 Aug 2018 17:41:07|30|pritirm@forstarfoods.com|DailyCatchEntry_New.php
13 Aug 2018 17:41:08|30|pritirm@forstarfoods.com|DailyCatchEntry_New.php
13 Aug 2018 17:41:09|30|pritirm@forstarfoods.com|DailyCatchEntry_New.php
13 Aug 2018 17:41:10|30|pritirm@forstarfoods.com|DailyCatchEntry_New.php
13 Aug 2018 17:41:12|30|pritirm@forstarfoods.com|DailyCatchEntry_New.php
13 Aug 2018 17:41:13|30|pritirm@forstarfoods.com|DailyCatchEntry_New.php
13 Aug 2018 17:41:14|30|pritirm@forstarfoods.com|DailyCatchEntry_New.php
13 Aug 2018 17:41:15|30|pritirm@forstarfoods.com|DailyCatchEntry_New.php
13 Aug 2018 17:41:17|30|pritirm@forstarfoods.com|DailyCatchEntry_New.php
13 Aug 2018 17:41:18|30|pritirm@forstarfoods.com|DailyCatchEntry_New.php
13 Aug 2018 17:41:19|30|pritirm@forstarfoods.com|DailyCatchEntry_New.php
13 Aug 2018 17:41:20|30|pritirm@forstarfoods.com|DailyCatchEntry_New.php
13 Aug 2018 17:41:22|30|pritirm@forstarfoods.com|DailyCatchEntry_New.php
13 Aug 2018 17:41:24|30|pritirm@forstarfoods.com|DailyCatchEntry_New.php
13 Aug 2018 17:41:25|30|pritirm@forstarfoods.com|DailyCatchEntry_New.php
13 Aug 2018 17:41:26|30|pritirm@forstarfoods.com|CatchEntryDeclaredItem.php
13 Aug 2018 17:41:29|30|pritirm@forstarfoods.com|DailyCatchEntry_New.php
13 Aug 2018 17:41:31|30|pritirm@forstarfoods.com|DailyCatchEntry_New.php
13 Aug 2018 17:41:37|30|pritirm@forstarfoods.com|DailyCatchEntry_New.php
13 Aug 2018 17:41:38|30|pritirm@forstarfoods.com|DailyCatchEntry_New.php
13 Aug 2018 17:41:40|30|pritirm@forstarfoods.com|DailyCatchEntry_New.php
13 Aug 2018 17:41:41|30|pritirm@forstarfoods.com|DailyCatchEntry_New.php
13 Aug 2018 17:41:42|30|pritirm@forstarfoods.com|DailyCatchEntry_New.php
13 Aug 2018 17:41:43|30|pritirm@forstarfoods.com|DailyCatchEntry_New.php
13 Aug 2018 17:41:44|30|pritirm@forstarfoods.com|DailyCatchEntry_New.php
13 Aug 2018 17:41:46|30|pritirm@forstarfoods.com|DailyCatchEntry_New.php
13 Aug 2018 17:41:47|30|pritirm@forstarfoods.com|DailyCatchEntry_New.php
13 Aug 2018 17:41:48|30|pritirm@forstarfoods.com|DailyCatchEntry_New.php
13 Aug 2018 17:41:49|30|pritirm@forstarfoods.com|DailyCatchEntry_New.php
13 Aug 2018 17:41:51|30|pritirm@forstarfoods.com|DailyCatchEntry_New.php
13 Aug 2018 17:41:52|30|pritirm@forstarfoods.com|DailyCatchEntry_New.php
13 Aug 2018 17:41:53|30|pritirm@forstarfoods.com|DailyCatchEntry_New.php
13 Aug 2018 17:41:54|30|pritirm@forstarfoods.com|DailyCatchEntry_New.php
13 Aug 2018 17:41:56|30|pritirm@forstarfoods.com|DailyCatchEntry_New.php
13 Aug 2018 17:41:57|30|pritirm@forstarfoods.com|DailyCatchEntry_New.php
13 Aug 2018 17:41:59|30|pritirm@forstarfoods.com|DailyCatchEntry_New.php
13 Aug 2018 17:42:00|30|pritirm@forstarfoods.com|CatchEntryDeclaredItem.php
13 Aug 2018 17:42:04|29|kavitha@forstarfoods.com|Home.php
13 Aug 2018 17:42:09|29|kavitha@forstarfoods.com|DailyCatchEntry_New.php
13 Aug 2018 17:42:14|29|kavitha@forstarfoods.com|DailyCatchEntry_New.php
13 Aug 2018 17:42:15|29|kavitha@forstarfoods.com|DailyCatchEntry_New.php
13 Aug 2018 17:42:17|29|kavitha@forstarfoods.com|DailyCatchEntry_New.php
13 Aug 2018 17:42:18|29|kavitha@forstarfoods.com|DailyCatchEntry_New.php
13 Aug 2018 17:42:19|29|kavitha@forstarfoods.com|CatchEntryDeclaredItem.php
13 Aug 2018 17:42:20|29|kavitha@forstarfoods.com|DailyCatchEntry_New.php
13 Aug 2018 17:42:23|29|kavitha@forstarfoods.com|DailyCatchEntry_New.php
13 Aug 2018 17:42:24|29|kavitha@forstarfoods.com|DailyCatchEntry_New.php
13 Aug 2018 17:42:25|29|kavitha@forstarfoods.com|DailyCatchEntry_New.php
13 Aug 2018 17:42:26|29|kavitha@forstarfoods.com|DailyCatchEntry_New.php
13 Aug 2018 17:42:28|29|kavitha@forstarfoods.com|DailyCatchEntry_New.php
13 Aug 2018 17:42:30|29|kavitha@forstarfoods.com|DailyCatchEntry_New.php
13 Aug 2018 17:42:31|29|kavitha@forstarfoods.com|DailyCatchEntry_New.php
13 Aug 2018 17:42:32|29|kavitha@forstarfoods.com|DailyCatchEntry_New.php
13 Aug 2018 17:42:34|29|kavitha@forstarfoods.com|DailyCatchEntry_New.php
13 Aug 2018 17:42:39|29|kavitha@forstarfoods.com|DailyCatchEntry_New.php
13 Aug 2018 17:42:41|29|kavitha@forstarfoods.com|CatchEntryDeclaredItem.php
13 Aug 2018 17:42:51|29|kavitha@forstarfoods.com|DailyCatchEntry_New.php
13 Aug 2018 17:42:53|29|kavitha@forstarfoods.com|DailyCatchEntry_New.php
13 Aug 2018 17:42:54|29|kavitha@forstarfoods.com|DailyCatchEntry_New.php
13 Aug 2018 17:43:05|29|kavitha@forstarfoods.com|DailyCatchEntry_New.php
13 Aug 2018 17:43:08|29|kavitha@forstarfoods.com|DailyCatchEntry_New.php
13 Aug 2018 17:43:14|29|kavitha@forstarfoods.com|DailyCatchEntry_New.php
13 Aug 2018 17:43:15|29|kavitha@forstarfoods.com|DailyCatchEntry_New.php
13 Aug 2018 17:43:16|29|kavitha@forstarfoods.com|DailyCatchEntry_New.php
13 Aug 2018 17:43:17|29|kavitha@forstarfoods.com|DailyCatchEntry_New.php
13 Aug 2018 17:43:19|29|kavitha@forstarfoods.com|DailyCatchEntry_New.php
13 Aug 2018 17:43:20|29|kavitha@forstarfoods.com|DailyCatchEntry_New.php
13 Aug 2018 17:43:21|29|kavitha@forstarfoods.com|DailyCatchEntry_New.php
13 Aug 2018 17:43:22|29|kavitha@forstarfoods.com|DailyCatchEntry_New.php
13 Aug 2018 17:43:24|29|kavitha@forstarfoods.com|DailyCatchEntry_New.php
13 Aug 2018 17:43:25|29|kavitha@forstarfoods.com|DailyCatchEntry_New.php
13 Aug 2018 17:43:26|29|kavitha@forstarfoods.com|DailyCatchEntry_New.php
13 Aug 2018 17:43:27|29|kavitha@forstarfoods.com|DailyCatchEntry_New.php
13 Aug 2018 17:43:33|29|kavitha@forstarfoods.com|DailyCatchEntry_New.php
13 Aug 2018 17:43:35|29|kavitha@forstarfoods.com|DailyCatchEntry_New.php
13 Aug 2018 17:43:37|29|kavitha@forstarfoods.com|CatchEntryDeclaredItem.php
13 Aug 2018 17:43:39|29|kavitha@forstarfoods.com|DailyCatchEntry_New.php
13 Aug 2018 17:43:42|29|kavitha@forstarfoods.com|DailyCatchEntry_New.php
13 Aug 2018 17:43:44|29|kavitha@forstarfoods.com|DailyCatchEntry_New.php
13 Aug 2018 17:43:46|29|kavitha@forstarfoods.com|DailyCatchEntry_New.php
13 Aug 2018 17:43:47|29|kavitha@forstarfoods.com|DailyCatchEntry_New.php
13 Aug 2018 17:43:48|29|kavitha@forstarfoods.com|DailyCatchEntry_New.php
13 Aug 2018 17:43:49|29|kavitha@forstarfoods.com|DailyCatchEntry_New.php
13 Aug 2018 17:43:50|29|kavitha@forstarfoods.com|DailyCatchEntry_New.php
13 Aug 2018 17:43:52|29|kavitha@forstarfoods.com|DailyCatchEntry_New.php
13 Aug 2018 17:43:53|29|kavitha@forstarfoods.com|DailyCatchEntry_New.php
13 Aug 2018 17:43:54|29|kavitha@forstarfoods.com|DailyCatchEntry_New.php
13 Aug 2018 17:43:55|29|kavitha@forstarfoods.com|DailyCatchEntry_New.php
13 Aug 2018 17:43:57|29|kavitha@forstarfoods.com|DailyCatchEntry_New.php
13 Aug 2018 17:43:58|29|kavitha@forstarfoods.com|DailyCatchEntry_New.php
13 Aug 2018 17:44:00|29|kavitha@forstarfoods.com|DailyCatchEntry_New.php
13 Aug 2018 17:44:03|29|kavitha@forstarfoods.com|DailyCatchEntry_New.php
13 Aug 2018 17:44:04|29|kavitha@forstarfoods.com|CatchEntryDeclaredItem.php
13 Aug 2018 17:44:06|29|kavitha@forstarfoods.com|DailyCatchEntry_New.php
13 Aug 2018 17:44:10|29|kavitha@forstarfoods.com|DailyCatchEntry_New.php
13 Aug 2018 17:44:13|29|kavitha@forstarfoods.com|DailyCatchEntry_New.php
13 Aug 2018 17:44:16|29|kavitha@forstarfoods.com|DailyCatchEntry_New.php
13 Aug 2018 17:44:17|29|kavitha@forstarfoods.com|DailyCatchEntry_New.php
13 Aug 2018 17:44:18|29|kavitha@forstarfoods.com|DailyCatchEntry_New.php
13 Aug 2018 17:44:19|29|kavitha@forstarfoods.com|DailyCatchEntry_New.php
13 Aug 2018 17:44:21|29|kavitha@forstarfoods.com|DailyCatchEntry_New.php
13 Aug 2018 17:44:22|29|kavitha@forstarfoods.com|DailyCatchEntry_New.php
13 Aug 2018 17:44:23|29|kavitha@forstarfoods.com|DailyCatchEntry_New.php
13 Aug 2018 17:44:24|29|kavitha@forstarfoods.com|DailyCatchEntry_New.php
13 Aug 2018 17:44:26|29|kavitha@forstarfoods.com|DailyCatchEntry_New.php
13 Aug 2018 17:44:27|29|kavitha@forstarfoods.com|DailyCatchEntry_New.php
13 Aug 2018 17:44:28|29|kavitha@forstarfoods.com|DailyCatchEntry_New.php
13 Aug 2018 17:44:29|29|kavitha@forstarfoods.com|DailyCatchEntry_New.php
13 Aug 2018 17:44:31|29|kavitha@forstarfoods.com|DailyCatchEntry_New.php
13 Aug 2018 17:44:33|29|kavitha@forstarfoods.com|DailyCatchEntry_New.php
13 Aug 2018 17:44:34|29|kavitha@forstarfoods.com|CatchEntryDeclaredItem.php
13 Aug 2018 17:44:36|29|kavitha@forstarfoods.com|DailyCatchEntry_New.php
13 Aug 2018 17:44:39|29|kavitha@forstarfoods.com|DailyCatchEntry_New.php
13 Aug 2018 17:44:41|29|kavitha@forstarfoods.com|DailyCatchEntry_New.php
13 Aug 2018 17:44:42|29|kavitha@forstarfoods.com|DailyCatchEntry_New.php
13 Aug 2018 17:44:44|29|kavitha@forstarfoods.com|DailyCatchEntry_New.php
13 Aug 2018 17:44:45|29|kavitha@forstarfoods.com|DailyCatchEntry_New.php
13 Aug 2018 17:44:46|29|kavitha@forstarfoods.com|DailyCatchEntry_New.php
13 Aug 2018 17:44:47|29|kavitha@forstarfoods.com|DailyCatchEntry_New.php
13 Aug 2018 17:44:48|29|kavitha@forstarfoods.com|DailyCatchEntry_New.php
13 Aug 2018 17:44:50|29|kavitha@forstarfoods.com|DailyCatchEntry_New.php
13 Aug 2018 17:44:51|29|kavitha@forstarfoods.com|DailyCatchEntry_New.php
13 Aug 2018 17:44:52|29|kavitha@forstarfoods.com|DailyCatchEntry_New.php
13 Aug 2018 17:44:53|29|kavitha@forstarfoods.com|DailyCatchEntry_New.php
13 Aug 2018 17:44:55|29|kavitha@forstarfoods.com|DailyCatchEntry_New.php
13 Aug 2018 17:44:56|29|kavitha@forstarfoods.com|DailyCatchEntry_New.php
13 Aug 2018 17:44:58|29|kavitha@forstarfoods.com|DailyCatchEntry_New.php
13 Aug 2018 17:44:59|29|kavitha@forstarfoods.com|CatchEntryDeclaredItem.php
13 Aug 2018 17:45:02|29|kavitha@forstarfoods.com|DailyCatchEntry_New.php
13 Aug 2018 17:45:05|29|kavitha@forstarfoods.com|DailyCatchEntry_New.php
13 Aug 2018 17:45:08|29|kavitha@forstarfoods.com|DailyCatchEntry_New.php
13 Aug 2018 17:45:09|29|kavitha@forstarfoods.com|DailyCatchEntry_New.php
13 Aug 2018 17:45:10|29|kavitha@forstarfoods.com|DailyCatchEntry_New.php
13 Aug 2018 17:45:11|29|kavitha@forstarfoods.com|DailyCatchEntry_New.php
13 Aug 2018 17:45:13|29|kavitha@forstarfoods.com|DailyCatchEntry_New.php
13 Aug 2018 17:45:14|29|kavitha@forstarfoods.com|DailyCatchEntry_New.php
13 Aug 2018 17:45:15|29|kavitha@forstarfoods.com|DailyCatchEntry_New.php
13 Aug 2018 17:45:16|29|kavitha@forstarfoods.com|DailyCatchEntry_New.php
13 Aug 2018 17:45:17|29|kavitha@forstarfoods.com|DailyCatchEntry_New.php
13 Aug 2018 17:45:19|29|kavitha@forstarfoods.com|DailyCatchEntry_New.php
13 Aug 2018 17:45:20|29|kavitha@forstarfoods.com|DailyCatchEntry_New.php
13 Aug 2018 17:45:21|29|kavitha@forstarfoods.com|DailyCatchEntry_New.php
13 Aug 2018 17:45:23|29|kavitha@forstarfoods.com|DailyCatchEntry_New.php
13 Aug 2018 17:45:26|29|kavitha@forstarfoods.com|DailyCatchEntry_New.php
13 Aug 2018 17:45:27|29|kavitha@forstarfoods.com|CatchEntryDeclaredItem.php
13 Aug 2018 17:45:46|29|kavitha@forstarfoods.com|DailyCatchEntry_New.php
13 Aug 2018 17:45:47|29|kavitha@forstarfoods.com|DailyCatchEntry_New.php
13 Aug 2018 17:45:48|29|kavitha@forstarfoods.com|DailyCatchEntry_New.php
13 Aug 2018 17:45:50|29|kavitha@forstarfoods.com|DailyCatchEntry_New.php
13 Aug 2018 17:45:57|29|kavitha@forstarfoods.com|DailyCatchEntry_New.php
13 Aug 2018 17:45:58|29|kavitha@forstarfoods.com|CatchEntryDeclaredItem.php
13 Aug 2018 17:46:16|29|kavitha@forstarfoods.com|DailyCatchEntry_New.php
13 Aug 2018 17:46:26|29|kavitha@forstarfoods.com|DailyCatchEntry_New.php
13 Aug 2018 17:46:26|30|pritirm@forstarfoods.com|DailyCatchEntry_New.php
13 Aug 2018 17:46:29|29|kavitha@forstarfoods.com|DailyCatchEntry_New.php
13 Aug 2018 17:46:32|29|kavitha@forstarfoods.com|DailyCatchEntry_New.php
13 Aug 2018 17:46:34|29|kavitha@forstarfoods.com|DailyCatchEntry_New.php
13 Aug 2018 17:46:35|29|kavitha@forstarfoods.com|DailyCatchEntry_New.php
13 Aug 2018 17:46:36|29|kavitha@forstarfoods.com|DailyCatchEntry_New.php
13 Aug 2018 17:46:37|29|kavitha@forstarfoods.com|DailyCatchEntry_New.php
13 Aug 2018 17:46:39|29|kavitha@forstarfoods.com|DailyCatchEntry_New.php
13 Aug 2018 17:46:40|29|kavitha@forstarfoods.com|DailyCatchEntry_New.php
13 Aug 2018 17:46:41|29|kavitha@forstarfoods.com|DailyCatchEntry_New.php
13 Aug 2018 17:46:42|29|kavitha@forstarfoods.com|DailyCatchEntry_New.php
13 Aug 2018 17:46:44|29|kavitha@forstarfoods.com|DailyCatchEntry_New.php
13 Aug 2018 17:46:45|29|kavitha@forstarfoods.com|DailyCatchEntry_New.php
13 Aug 2018 17:46:46|29|kavitha@forstarfoods.com|DailyCatchEntry_New.php
13 Aug 2018 17:46:50|29|kavitha@forstarfoods.com|DailyCatchEntry_New.php
13 Aug 2018 17:46:52|29|kavitha@forstarfoods.com|DailyCatchEntry_New.php
13 Aug 2018 17:46:54|29|kavitha@forstarfoods.com|CatchEntryDeclaredItem.php
13 Aug 2018 17:46:57|29|kavitha@forstarfoods.com|DailyCatchEntry_New.php
13 Aug 2018 17:47:00|29|kavitha@forstarfoods.com|DailyCatchEntry_New.php
13 Aug 2018 17:47:03|29|kavitha@forstarfoods.com|DailyCatchEntry_New.php
13 Aug 2018 17:47:04|29|kavitha@forstarfoods.com|DailyCatchEntry_New.php
13 Aug 2018 17:47:06|29|kavitha@forstarfoods.com|DailyCatchEntry_New.php
13 Aug 2018 17:47:07|29|kavitha@forstarfoods.com|DailyCatchEntry_New.php
13 Aug 2018 17:47:08|29|kavitha@forstarfoods.com|DailyCatchEntry_New.php
13 Aug 2018 17:47:09|29|kavitha@forstarfoods.com|DailyCatchEntry_New.php
13 Aug 2018 17:47:11|29|kavitha@forstarfoods.com|DailyCatchEntry_New.php
13 Aug 2018 17:47:12|29|kavitha@forstarfoods.com|DailyCatchEntry_New.php
13 Aug 2018 17:47:13|29|kavitha@forstarfoods.com|DailyCatchEntry_New.php
13 Aug 2018 17:47:14|29|kavitha@forstarfoods.com|DailyCatchEntry_New.php
13 Aug 2018 17:47:15|29|kavitha@forstarfoods.com|DailyCatchEntry_New.php
13 Aug 2018 17:47:17|29|kavitha@forstarfoods.com|DailyCatchEntry_New.php
13 Aug 2018 17:47:18|29|kavitha@forstarfoods.com|DailyCatchEntry_New.php
13 Aug 2018 17:47:27|29|kavitha@forstarfoods.com|DailyCatchEntry_New.php
13 Aug 2018 17:47:30|29|kavitha@forstarfoods.com|DailyCatchEntry_New.php
13 Aug 2018 17:47:32|29|kavitha@forstarfoods.com|CatchEntryDeclaredItem.php
13 Aug 2018 17:47:35|29|kavitha@forstarfoods.com|DailyCatchEntry_New.php
13 Aug 2018 17:47:38|29|kavitha@forstarfoods.com|DailyCatchEntry_New.php
13 Aug 2018 17:47:40|29|kavitha@forstarfoods.com|DailyCatchEntry_New.php
13 Aug 2018 17:47:42|29|kavitha@forstarfoods.com|DailyCatchEntry_New.php
13 Aug 2018 17:47:43|29|kavitha@forstarfoods.com|DailyCatchEntry_New.php
13 Aug 2018 17:47:44|29|kavitha@forstarfoods.com|DailyCatchEntry_New.php
13 Aug 2018 17:47:45|29|kavitha@forstarfoods.com|DailyCatchEntry_New.php
13 Aug 2018 17:47:46|29|kavitha@forstarfoods.com|DailyCatchEntry_New.php
13 Aug 2018 17:47:48|29|kavitha@forstarfoods.com|DailyCatchEntry_New.php
13 Aug 2018 17:47:49|29|kavitha@forstarfoods.com|DailyCatchEntry_New.php
13 Aug 2018 17:47:50|29|kavitha@forstarfoods.com|DailyCatchEntry_New.php
13 Aug 2018 17:47:51|29|kavitha@forstarfoods.com|DailyCatchEntry_New.php
13 Aug 2018 17:47:53|29|kavitha@forstarfoods.com|DailyCatchEntry_New.php
13 Aug 2018 17:47:54|29|kavitha@forstarfoods.com|DailyCatchEntry_New.php
13 Aug 2018 17:47:55|29|kavitha@forstarfoods.com|DailyCatchEntry_New.php
13 Aug 2018 17:47:58|29|kavitha@forstarfoods.com|DailyCatchEntry_New.php
13 Aug 2018 17:47:59|29|kavitha@forstarfoods.com|CatchEntryDeclaredItem.php
13 Aug 2018 17:48:01|29|kavitha@forstarfoods.com|DailyCatchEntry_New.php
13 Aug 2018 17:48:06|29|kavitha@forstarfoods.com|DailyCatchEntry_New.php
13 Aug 2018 17:48:08|29|kavitha@forstarfoods.com|DailyCatchEntry_New.php
13 Aug 2018 17:48:09|29|kavitha@forstarfoods.com|DailyCatchEntry_New.php
13 Aug 2018 17:48:11|29|kavitha@forstarfoods.com|DailyCatchEntry_New.php
13 Aug 2018 17:48:12|29|kavitha@forstarfoods.com|DailyCatchEntry_New.php
13 Aug 2018 17:48:13|29|kavitha@forstarfoods.com|DailyCatchEntry_New.php
13 Aug 2018 17:48:14|29|kavitha@forstarfoods.com|DailyCatchEntry_New.php
13 Aug 2018 17:48:16|29|kavitha@forstarfoods.com|DailyCatchEntry_New.php
13 Aug 2018 17:48:17|29|kavitha@forstarfoods.com|DailyCatchEntry_New.php
13 Aug 2018 17:48:18|29|kavitha@forstarfoods.com|DailyCatchEntry_New.php
13 Aug 2018 17:48:19|29|kavitha@forstarfoods.com|DailyCatchEntry_New.php
13 Aug 2018 17:48:21|29|kavitha@forstarfoods.com|DailyCatchEntry_New.php
13 Aug 2018 17:48:22|29|kavitha@forstarfoods.com|DailyCatchEntry_New.php
13 Aug 2018 17:48:23|29|kavitha@forstarfoods.com|DailyCatchEntry_New.php
13 Aug 2018 17:48:25|29|kavitha@forstarfoods.com|DailyCatchEntry_New.php
13 Aug 2018 17:48:27|29|kavitha@forstarfoods.com|CatchEntryDeclaredItem.php
13 Aug 2018 17:48:31|29|kavitha@forstarfoods.com|DailyCatchEntry_New.php
13 Aug 2018 17:48:33|29|kavitha@forstarfoods.com|DailyCatchEntry_New.php
13 Aug 2018 17:48:37|29|kavitha@forstarfoods.com|DailyCatchEntry_New.php
13 Aug 2018 17:48:39|29|kavitha@forstarfoods.com|DailyCatchEntry_New.php
13 Aug 2018 17:48:40|29|kavitha@forstarfoods.com|DailyCatchEntry_New.php
13 Aug 2018 17:48:41|29|kavitha@forstarfoods.com|DailyCatchEntry_New.php
13 Aug 2018 17:48:42|29|kavitha@forstarfoods.com|DailyCatchEntry_New.php
13 Aug 2018 17:48:44|29|kavitha@forstarfoods.com|DailyCatchEntry_New.php
13 Aug 2018 17:48:45|29|kavitha@forstarfoods.com|DailyCatchEntry_New.php
13 Aug 2018 17:48:46|29|kavitha@forstarfoods.com|DailyCatchEntry_New.php
13 Aug 2018 17:48:47|29|kavitha@forstarfoods.com|DailyCatchEntry_New.php
13 Aug 2018 17:48:49|29|kavitha@forstarfoods.com|DailyCatchEntry_New.php
13 Aug 2018 17:48:50|29|kavitha@forstarfoods.com|DailyCatchEntry_New.php
13 Aug 2018 17:48:51|29|kavitha@forstarfoods.com|DailyCatchEntry_New.php
13 Aug 2018 17:48:52|29|kavitha@forstarfoods.com|DailyCatchEntry_New.php
13 Aug 2018 17:48:55|29|kavitha@forstarfoods.com|DailyCatchEntry_New.php
13 Aug 2018 17:48:56|29|kavitha@forstarfoods.com|CatchEntryDeclaredItem.php
13 Aug 2018 17:48:58|29|kavitha@forstarfoods.com|DailyCatchEntry_New.php
13 Aug 2018 17:49:01|29|kavitha@forstarfoods.com|DailyCatchEntry_New.php
13 Aug 2018 17:49:03|29|kavitha@forstarfoods.com|DailyCatchEntry_New.php
13 Aug 2018 17:49:04|29|kavitha@forstarfoods.com|DailyCatchEntry_New.php
13 Aug 2018 17:49:06|29|kavitha@forstarfoods.com|DailyCatchEntry_New.php
13 Aug 2018 17:49:07|29|kavitha@forstarfoods.com|DailyCatchEntry_New.php
13 Aug 2018 17:49:08|29|kavitha@forstarfoods.com|DailyCatchEntry_New.php
13 Aug 2018 17:49:09|29|kavitha@forstarfoods.com|DailyCatchEntry_New.php
13 Aug 2018 17:49:11|29|kavitha@forstarfoods.com|DailyCatchEntry_New.php
13 Aug 2018 17:49:12|29|kavitha@forstarfoods.com|DailyCatchEntry_New.php
13 Aug 2018 17:49:13|29|kavitha@forstarfoods.com|DailyCatchEntry_New.php
13 Aug 2018 17:49:14|29|kavitha@forstarfoods.com|DailyCatchEntry_New.php
13 Aug 2018 17:49:16|29|kavitha@forstarfoods.com|DailyCatchEntry_New.php
13 Aug 2018 17:49:17|29|kavitha@forstarfoods.com|DailyCatchEntry_New.php
13 Aug 2018 17:49:18|29|kavitha@forstarfoods.com|DailyCatchEntry_New.php
13 Aug 2018 17:49:21|29|kavitha@forstarfoods.com|DailyCatchEntry_New.php
13 Aug 2018 17:49:22|29|kavitha@forstarfoods.com|CatchEntryDeclaredItem.php
13 Aug 2018 17:50:03|29|kavitha@forstarfoods.com|DailyCatchEntry_New.php
13 Aug 2018 17:50:04|29|kavitha@forstarfoods.com|DailyCatchEntry_New.php
13 Aug 2018 17:50:05|29|kavitha@forstarfoods.com|DailyCatchEntry_New.php
13 Aug 2018 17:50:07|29|kavitha@forstarfoods.com|DailyCatchEntry_New.php
13 Aug 2018 17:50:17|29|kavitha@forstarfoods.com|DailyCatchEntry_New.php
13 Aug 2018 17:50:18|29|kavitha@forstarfoods.com|CatchEntryDeclaredItem.php
13 Aug 2018 17:50:27|29|kavitha@forstarfoods.com|DailyCatchEntry_New.php
13 Aug 2018 17:50:36|29|kavitha@forstarfoods.com|DailyCatchEntry_New.php
13 Aug 2018 17:50:39|29|kavitha@forstarfoods.com|DailyCatchEntry_New.php
13 Aug 2018 17:50:42|29|kavitha@forstarfoods.com|DailyCatchEntry_New.php
13 Aug 2018 17:50:43|29|kavitha@forstarfoods.com|DailyCatchEntry_New.php
13 Aug 2018 17:50:44|29|kavitha@forstarfoods.com|DailyCatchEntry_New.php
13 Aug 2018 17:50:46|29|kavitha@forstarfoods.com|DailyCatchEntry_New.php
13 Aug 2018 17:50:47|29|kavitha@forstarfoods.com|DailyCatchEntry_New.php
13 Aug 2018 17:50:48|29|kavitha@forstarfoods.com|DailyCatchEntry_New.php
13 Aug 2018 17:50:49|29|kavitha@forstarfoods.com|DailyCatchEntry_New.php
13 Aug 2018 17:50:51|29|kavitha@forstarfoods.com|DailyCatchEntry_New.php
13 Aug 2018 17:50:52|29|kavitha@forstarfoods.com|DailyCatchEntry_New.php
13 Aug 2018 17:50:53|29|kavitha@forstarfoods.com|DailyCatchEntry_New.php
13 Aug 2018 17:50:54|29|kavitha@forstarfoods.com|DailyCatchEntry_New.php
13 Aug 2018 17:50:55|29|kavitha@forstarfoods.com|DailyCatchEntry_New.php
13 Aug 2018 17:50:57|29|kavitha@forstarfoods.com|DailyCatchEntry_New.php
13 Aug 2018 17:50:59|29|kavitha@forstarfoods.com|DailyCatchEntry_New.php
13 Aug 2018 17:51:00|29|kavitha@forstarfoods.com|CatchEntryDeclaredItem.php
13 Aug 2018 17:51:02|29|kavitha@forstarfoods.com|DailyCatchEntry_New.php
13 Aug 2018 17:51:05|29|kavitha@forstarfoods.com|DailyCatchEntry_New.php
13 Aug 2018 17:51:06|29|kavitha@forstarfoods.com|DailyCatchEntry_New.php
13 Aug 2018 17:51:08|29|kavitha@forstarfoods.com|DailyCatchEntry_New.php
13 Aug 2018 17:51:09|29|kavitha@forstarfoods.com|DailyCatchEntry_New.php
13 Aug 2018 17:51:10|29|kavitha@forstarfoods.com|DailyCatchEntry_New.php
13 Aug 2018 17:51:11|29|kavitha@forstarfoods.com|DailyCatchEntry_New.php
13 Aug 2018 17:51:13|29|kavitha@forstarfoods.com|DailyCatchEntry_New.php
13 Aug 2018 17:51:14|29|kavitha@forstarfoods.com|DailyCatchEntry_New.php
13 Aug 2018 17:51:15|29|kavitha@forstarfoods.com|DailyCatchEntry_New.php
13 Aug 2018 17:51:16|29|kavitha@forstarfoods.com|DailyCatchEntry_New.php
13 Aug 2018 17:51:18|29|kavitha@forstarfoods.com|DailyCatchEntry_New.php
13 Aug 2018 17:51:19|29|kavitha@forstarfoods.com|DailyCatchEntry_New.php
13 Aug 2018 17:51:20|29|kavitha@forstarfoods.com|DailyCatchEntry_New.php
13 Aug 2018 17:51:21|29|kavitha@forstarfoods.com|DailyCatchEntry_New.php
13 Aug 2018 17:51:24|29|kavitha@forstarfoods.com|DailyCatchEntry_New.php
13 Aug 2018 17:51:25|29|kavitha@forstarfoods.com|CatchEntryDeclaredItem.php
13 Aug 2018 17:51:27|29|kavitha@forstarfoods.com|DailyCatchEntry_New.php
13 Aug 2018 17:51:28|30|pritirm@forstarfoods.com|DailyCatchEntry_New.php
13 Aug 2018 17:51:30|29|kavitha@forstarfoods.com|DailyCatchEntry_New.php
13 Aug 2018 17:51:33|29|kavitha@forstarfoods.com|DailyCatchEntry_New.php
13 Aug 2018 17:51:34|29|kavitha@forstarfoods.com|DailyCatchEntry_New.php
13 Aug 2018 17:51:35|29|kavitha@forstarfoods.com|DailyCatchEntry_New.php
13 Aug 2018 17:51:36|29|kavitha@forstarfoods.com|DailyCatchEntry_New.php
13 Aug 2018 17:51:37|29|kavitha@forstarfoods.com|DailyCatchEntry_New.php
13 Aug 2018 17:51:39|29|kavitha@forstarfoods.com|DailyCatchEntry_New.php
13 Aug 2018 17:51:40|29|kavitha@forstarfoods.com|DailyCatchEntry_New.php
13 Aug 2018 17:51:41|29|kavitha@forstarfoods.com|DailyCatchEntry_New.php
13 Aug 2018 17:51:42|29|kavitha@forstarfoods.com|DailyCatchEntry_New.php
13 Aug 2018 17:51:44|29|kavitha@forstarfoods.com|DailyCatchEntry_New.php
13 Aug 2018 17:51:45|29|kavitha@forstarfoods.com|DailyCatchEntry_New.php
13 Aug 2018 17:51:46|29|kavitha@forstarfoods.com|DailyCatchEntry_New.php
13 Aug 2018 17:51:47|29|kavitha@forstarfoods.com|DailyCatchEntry_New.php
13 Aug 2018 17:51:50|29|kavitha@forstarfoods.com|DailyCatchEntry_New.php
13 Aug 2018 17:51:51|29|kavitha@forstarfoods.com|CatchEntryDeclaredItem.php
13 Aug 2018 17:51:54|29|kavitha@forstarfoods.com|DailyCatchEntry_New.php
13 Aug 2018 17:52:00|29|kavitha@forstarfoods.com|DailyCatchEntry_New.php
13 Aug 2018 17:52:01|29|kavitha@forstarfoods.com|DailyCatchEntry_New.php
13 Aug 2018 17:52:03|29|kavitha@forstarfoods.com|DailyCatchEntry_New.php
13 Aug 2018 17:52:04|29|kavitha@forstarfoods.com|DailyCatchEntry_New.php
13 Aug 2018 17:52:05|29|kavitha@forstarfoods.com|DailyCatchEntry_New.php
13 Aug 2018 17:52:06|29|kavitha@forstarfoods.com|DailyCatchEntry_New.php
13 Aug 2018 17:52:08|29|kavitha@forstarfoods.com|DailyCatchEntry_New.php
13 Aug 2018 17:52:09|29|kavitha@forstarfoods.com|DailyCatchEntry_New.php
13 Aug 2018 17:52:10|29|kavitha@forstarfoods.com|DailyCatchEntry_New.php
13 Aug 2018 17:52:11|29|kavitha@forstarfoods.com|DailyCatchEntry_New.php
13 Aug 2018 17:52:13|29|kavitha@forstarfoods.com|DailyCatchEntry_New.php
13 Aug 2018 17:52:14|29|kavitha@forstarfoods.com|DailyCatchEntry_New.php
13 Aug 2018 17:52:15|29|kavitha@forstarfoods.com|DailyCatchEntry_New.php
13 Aug 2018 17:52:16|29|kavitha@forstarfoods.com|DailyCatchEntry_New.php
13 Aug 2018 17:52:18|29|kavitha@forstarfoods.com|DailyCatchEntry_New.php
13 Aug 2018 17:52:20|29|kavitha@forstarfoods.com|DailyCatchEntry_New.php
13 Aug 2018 17:52:21|29|kavitha@forstarfoods.com|CatchEntryDeclaredItem.php
13 Aug 2018 17:52:24|29|kavitha@forstarfoods.com|DailyCatchEntry_New.php
13 Aug 2018 17:52:26|29|kavitha@forstarfoods.com|DailyCatchEntry_New.php
13 Aug 2018 17:52:29|29|kavitha@forstarfoods.com|DailyCatchEntry_New.php
13 Aug 2018 17:52:30|29|kavitha@forstarfoods.com|DailyCatchEntry_New.php
13 Aug 2018 17:52:31|29|kavitha@forstarfoods.com|DailyCatchEntry_New.php
13 Aug 2018 17:52:32|29|kavitha@forstarfoods.com|DailyCatchEntry_New.php
13 Aug 2018 17:52:33|29|kavitha@forstarfoods.com|DailyCatchEntry_New.php
13 Aug 2018 17:52:35|29|kavitha@forstarfoods.com|DailyCatchEntry_New.php
13 Aug 2018 17:52:36|29|kavitha@forstarfoods.com|DailyCatchEntry_New.php
13 Aug 2018 17:52:37|29|kavitha@forstarfoods.com|DailyCatchEntry_New.php
13 Aug 2018 17:52:38|29|kavitha@forstarfoods.com|DailyCatchEntry_New.php
13 Aug 2018 17:52:40|29|kavitha@forstarfoods.com|DailyCatchEntry_New.php
13 Aug 2018 17:52:41|29|kavitha@forstarfoods.com|DailyCatchEntry_New.php
13 Aug 2018 17:52:42|29|kavitha@forstarfoods.com|DailyCatchEntry_New.php
13 Aug 2018 17:52:43|29|kavitha@forstarfoods.com|DailyCatchEntry_New.php
13 Aug 2018 17:52:46|29|kavitha@forstarfoods.com|DailyCatchEntry_New.php
13 Aug 2018 17:52:48|29|kavitha@forstarfoods.com|CatchEntryDeclaredItem.php
13 Aug 2018 17:52:49|29|kavitha@forstarfoods.com|DailyCatchEntry_New.php
13 Aug 2018 17:52:53|29|kavitha@forstarfoods.com|DailyCatchEntry_New.php
13 Aug 2018 17:52:55|29|kavitha@forstarfoods.com|DailyCatchEntry_New.php
13 Aug 2018 17:52:56|29|kavitha@forstarfoods.com|DailyCatchEntry_New.php
13 Aug 2018 17:52:58|29|kavitha@forstarfoods.com|DailyCatchEntry_New.php
13 Aug 2018 17:52:59|29|kavitha@forstarfoods.com|DailyCatchEntry_New.php
13 Aug 2018 17:53:00|29|kavitha@forstarfoods.com|DailyCatchEntry_New.php
13 Aug 2018 17:53:01|29|kavitha@forstarfoods.com|DailyCatchEntry_New.php
13 Aug 2018 17:53:03|29|kavitha@forstarfoods.com|DailyCatchEntry_New.php
13 Aug 2018 17:53:04|29|kavitha@forstarfoods.com|DailyCatchEntry_New.php
13 Aug 2018 17:53:05|29|kavitha@forstarfoods.com|DailyCatchEntry_New.php
13 Aug 2018 17:53:06|29|kavitha@forstarfoods.com|DailyCatchEntry_New.php
13 Aug 2018 17:53:08|29|kavitha@forstarfoods.com|DailyCatchEntry_New.php
13 Aug 2018 17:53:09|29|kavitha@forstarfoods.com|DailyCatchEntry_New.php
13 Aug 2018 17:53:10|29|kavitha@forstarfoods.com|DailyCatchEntry_New.php
13 Aug 2018 17:53:18|29|kavitha@forstarfoods.com|DailyCatchEntry_New.php
13 Aug 2018 17:53:19|29|kavitha@forstarfoods.com|CatchEntryDeclaredItem.php
13 Aug 2018 17:59:51|31|rekha@foresee.com|ManageUsers.php
13 Aug 2018 18:00:19|31|rekha@foresee.com|ManageUsers.php
13 Aug 2018 18:00:55|31|rekha@foresee.com|ProductionSpex.php
13 Aug 2018 18:00:57|31|rekha@foresee.com|ProductionMatrix.php
13 Aug 2018 18:01:02|31|rekha@foresee.com|ProductionPlanning.php
13 Aug 2018 18:02:32|31|rekha@foresee.com|ProductionSpex.php
13 Aug 2018 18:02:33|31|rekha@foresee.com|ProductionMatrix.php
13 Aug 2018 18:03:15|31|rekha@foresee.com|Home.php
13 Aug 2018 18:03:43|31|rekha@foresee.com|Home.php
13 Aug 2018 18:16:16|31|rekha@foresee.com|ProductionSpex.php
13 Aug 2018 18:16:18|31|rekha@foresee.com|ProductionMatrix.php
13 Aug 2018 18:16:25|31|rekha@foresee.com|IngredientSpex.php
13 Aug 2018 18:16:26|31|rekha@foresee.com|IngredientMainCategory.php
13 Aug 2018 18:16:44|31|rekha@foresee.com|ProductSpex.php
13 Aug 2018 18:16:45|31|rekha@foresee.com|ProductCategory.php
13 Aug 2018 18:16:48|31|rekha@foresee.com|IngredientSpex.php
13 Aug 2018 18:16:50|31|rekha@foresee.com|IngredientMainCategory.php
13 Aug 2018 18:16:54|31|rekha@foresee.com|IngredientCategory.php
13 Aug 2018 18:16:57|31|rekha@foresee.com|IngredientCriticalParameters.php
13 Aug 2018 18:17:00|31|rekha@foresee.com|IngredientsMaster.php
13 Aug 2018 18:17:05|31|rekha@foresee.com|IngredientRateMaster.php
13 Aug 2018 18:17:13|31|rekha@foresee.com|IngredientRateMaster.php
13 Aug 2018 18:17:17|31|rekha@foresee.com|IngredientRateMaster.php
13 Aug 2018 18:17:21|31|rekha@foresee.com|IngredientRateMaster.php
13 Aug 2018 18:17:27|31|rekha@foresee.com|IngredientRateMaster.php
13 Aug 2018 18:17:32|31|rekha@foresee.com|IngredientPhysicalStock.php
13 Aug 2018 18:17:36|31|rekha@foresee.com|ProductSpex.php
13 Aug 2018 18:17:38|31|rekha@foresee.com|ProductCategory.php
13 Aug 2018 18:18:27|31|rekha@foresee.com|Home.php
13 Aug 2018 18:18:40|31|rekha@foresee.com|FishMaster.php
13 Aug 2018 18:19:01|31|rekha@foresee.com|Home.php
13 Aug 2018 18:19:05|31|rekha@foresee.com|Home.php
13 Aug 2018 18:19:14|31|rekha@foresee.com|ManageRole.php
13 Aug 2018 18:19:28|31|rekha@foresee.com|Home.php
13 Aug 2018 18:19:39|31|rekha@foresee.com|PhysicalStockEntry.php
13 Aug 2018 18:30:28|31|rekha@foresee.com|PhysicalStockEntry.php
13 Aug 2018 18:30:35|31|rekha@foresee.com|ManageRole.php
13 Aug 2018 18:30:43|31|rekha@foresee.com|ManageUsers.php
14 Aug 2018 10:13:38|30|pritirm@forstarfoods.com|Home.php
14 Aug 2018 10:31:29|30|pritirm@forstarfoods.com|DailyCatchEntry_New.php
14 Aug 2018 10:31:33|30|pritirm@forstarfoods.com|DailyCatchEntry_New.php
14 Aug 2018 10:31:35|30|pritirm@forstarfoods.com|DailyCatchEntry_New.php
14 Aug 2018 10:31:36|30|pritirm@forstarfoods.com|DailyCatchEntry_New.php
14 Aug 2018 10:31:37|30|pritirm@forstarfoods.com|DailyCatchEntry_New.php
14 Aug 2018 10:31:38|30|pritirm@forstarfoods.com|CatchEntryDeclaredItem.php
14 Aug 2018 10:31:40|30|pritirm@forstarfoods.com|DailyCatchEntry_New.php
14 Aug 2018 10:32:16|30|pritirm@forstarfoods.com|DailyCatchEntry_New.php
14 Aug 2018 10:32:18|30|pritirm@forstarfoods.com|DailyCatchEntry_New.php
14 Aug 2018 10:32:19|30|pritirm@forstarfoods.com|DailyCatchEntry_New.php
14 Aug 2018 10:32:39|30|pritirm@forstarfoods.com|DailyCatchEntry_New.php
14 Aug 2018 10:32:43|30|pritirm@forstarfoods.com|DailyCatchEntry_New.php
14 Aug 2018 10:32:44|30|pritirm@forstarfoods.com|CatchEntryDeclaredItem.php
14 Aug 2018 10:33:07|30|pritirm@forstarfoods.com|DailyCatchEntry_New.php
14 Aug 2018 10:33:18|30|pritirm@forstarfoods.com|DailyCatchEntry_New.php
14 Aug 2018 10:33:21|30|pritirm@forstarfoods.com|DailyCatchEntry_New.php
14 Aug 2018 10:33:28|30|pritirm@forstarfoods.com|DailyCatchEntry_New.php
14 Aug 2018 10:33:29|30|pritirm@forstarfoods.com|DailyCatchEntry_New.php
14 Aug 2018 10:33:30|30|pritirm@forstarfoods.com|DailyCatchEntry_New.php
14 Aug 2018 10:33:32|30|pritirm@forstarfoods.com|DailyCatchEntry_New.php
14 Aug 2018 10:33:33|30|pritirm@forstarfoods.com|DailyCatchEntry_New.php
14 Aug 2018 10:33:34|30|pritirm@forstarfoods.com|DailyCatchEntry_New.php
14 Aug 2018 10:33:35|30|pritirm@forstarfoods.com|DailyCatchEntry_New.php
14 Aug 2018 10:33:37|30|pritirm@forstarfoods.com|DailyCatchEntry_New.php
14 Aug 2018 10:33:38|30|pritirm@forstarfoods.com|DailyCatchEntry_New.php
14 Aug 2018 10:33:39|30|pritirm@forstarfoods.com|DailyCatchEntry_New.php
14 Aug 2018 10:33:40|30|pritirm@forstarfoods.com|DailyCatchEntry_New.php
14 Aug 2018 10:33:42|30|pritirm@forstarfoods.com|DailyCatchEntry_New.php
14 Aug 2018 10:35:00|30|pritirm@forstarfoods.com|DailyCatchEntry_New.php
14 Aug 2018 10:35:02|30|pritirm@forstarfoods.com|DailyCatchEntry_New.php
14 Aug 2018 10:35:04|30|pritirm@forstarfoods.com|CatchEntryDeclaredItem.php
14 Aug 2018 10:35:09|30|pritirm@forstarfoods.com|DailyCatchEntry_New.php
14 Aug 2018 10:35:13|30|pritirm@forstarfoods.com|DailyCatchEntry_New.php
14 Aug 2018 10:35:23|30|pritirm@forstarfoods.com|DailyCatchEntry_New.php
14 Aug 2018 10:35:25|30|pritirm@forstarfoods.com|DailyCatchEntry_New.php
14 Aug 2018 10:35:26|30|pritirm@forstarfoods.com|DailyCatchEntry_New.php
14 Aug 2018 10:35:27|30|pritirm@forstarfoods.com|DailyCatchEntry_New.php
14 Aug 2018 10:35:28|30|pritirm@forstarfoods.com|DailyCatchEntry_New.php
14 Aug 2018 10:35:30|30|pritirm@forstarfoods.com|DailyCatchEntry_New.php
14 Aug 2018 10:35:31|30|pritirm@forstarfoods.com|DailyCatchEntry_New.php
14 Aug 2018 10:35:32|30|pritirm@forstarfoods.com|DailyCatchEntry_New.php
14 Aug 2018 10:35:49|30|pritirm@forstarfoods.com|DailyCatchEntry_New.php
14 Aug 2018 10:35:52|30|pritirm@forstarfoods.com|DailyCatchEntry_New.php
14 Aug 2018 10:35:53|30|pritirm@forstarfoods.com|CatchEntryDeclaredItem.php
14 Aug 2018 10:36:07|30|pritirm@forstarfoods.com|DailyCatchEntry_New.php
14 Aug 2018 10:36:09|30|pritirm@forstarfoods.com|DailyCatchEntry_New.php
14 Aug 2018 10:36:10|30|pritirm@forstarfoods.com|DailyCatchEntry_New.php
14 Aug 2018 10:36:11|30|pritirm@forstarfoods.com|DailyCatchEntry_New.php
14 Aug 2018 10:36:17|30|pritirm@forstarfoods.com|DailyCatchEntry_New.php
14 Aug 2018 10:36:18|30|pritirm@forstarfoods.com|CatchEntryDeclaredItem.php
14 Aug 2018 10:36:35|30|pritirm@forstarfoods.com|DailyCatchEntry_New.php
14 Aug 2018 10:36:40|30|pritirm@forstarfoods.com|DailyCatchEntry_New.php
14 Aug 2018 10:36:42|30|pritirm@forstarfoods.com|DailyCatchEntry_New.php
14 Aug 2018 10:36:43|30|pritirm@forstarfoods.com|DailyCatchEntry_New.php
14 Aug 2018 10:36:52|30|pritirm@forstarfoods.com|DailyCatchEntry_New.php
14 Aug 2018 10:36:54|30|pritirm@forstarfoods.com|DailyCatchEntry_New.php
14 Aug 2018 10:37:00|30|pritirm@forstarfoods.com|DailyCatchEntry_New.php
14 Aug 2018 10:37:01|30|pritirm@forstarfoods.com|DailyCatchEntry_New.php
14 Aug 2018 10:37:02|30|pritirm@forstarfoods.com|DailyCatchEntry_New.php
14 Aug 2018 10:37:04|30|pritirm@forstarfoods.com|DailyCatchEntry_New.php
14 Aug 2018 10:37:05|30|pritirm@forstarfoods.com|DailyCatchEntry_New.php
14 Aug 2018 10:37:06|30|pritirm@forstarfoods.com|DailyCatchEntry_New.php
14 Aug 2018 10:37:07|30|pritirm@forstarfoods.com|DailyCatchEntry_New.php
14 Aug 2018 10:37:08|30|pritirm@forstarfoods.com|DailyCatchEntry_New.php
14 Aug 2018 10:37:10|30|pritirm@forstarfoods.com|DailyCatchEntry_New.php
14 Aug 2018 10:37:11|30|pritirm@forstarfoods.com|DailyCatchEntry_New.php
14 Aug 2018 10:37:12|30|pritirm@forstarfoods.com|DailyCatchEntry_New.php
14 Aug 2018 10:37:13|30|pritirm@forstarfoods.com|DailyCatchEntry_New.php
14 Aug 2018 10:37:15|30|pritirm@forstarfoods.com|DailyCatchEntry_New.php
14 Aug 2018 10:37:16|30|pritirm@forstarfoods.com|DailyCatchEntry_New.php
14 Aug 2018 10:37:17|30|pritirm@forstarfoods.com|DailyCatchEntry_New.php
14 Aug 2018 10:37:18|30|pritirm@forstarfoods.com|DailyCatchEntry_New.php
14 Aug 2018 10:37:19|30|pritirm@forstarfoods.com|DailyCatchEntry_New.php
14 Aug 2018 10:37:21|30|pritirm@forstarfoods.com|DailyCatchEntry_New.php
14 Aug 2018 10:40:03|30|pritirm@forstarfoods.com|DailyCatchEntry_New.php
14 Aug 2018 10:40:13|30|pritirm@forstarfoods.com|DailyCatchEntry_New.php
14 Aug 2018 10:40:14|30|pritirm@forstarfoods.com|CatchEntryDeclaredItem.php
14 Aug 2018 10:40:18|29|kavitha@forstarfoods.com|Home.php
14 Aug 2018 10:40:21|30|pritirm@forstarfoods.com|DailyCatchEntry_New.php
14 Aug 2018 10:40:23|30|pritirm@forstarfoods.com|DailyCatchEntry_New.php
14 Aug 2018 10:40:24|29|kavitha@forstarfoods.com|DailyCatchEntry_New.php
14 Aug 2018 10:40:26|30|pritirm@forstarfoods.com|DailyCatchEntry_New.php
14 Aug 2018 10:40:28|30|pritirm@forstarfoods.com|DailyCatchEntry_New.php
14 Aug 2018 10:40:29|30|pritirm@forstarfoods.com|DailyCatchEntry_New.php
14 Aug 2018 10:40:30|30|pritirm@forstarfoods.com|DailyCatchEntry_New.php
14 Aug 2018 10:40:31|30|pritirm@forstarfoods.com|DailyCatchEntry_New.php
14 Aug 2018 10:40:33|30|pritirm@forstarfoods.com|DailyCatchEntry_New.php
14 Aug 2018 10:40:34|30|pritirm@forstarfoods.com|DailyCatchEntry_New.php
14 Aug 2018 10:40:35|30|pritirm@forstarfoods.com|DailyCatchEntry_New.php
14 Aug 2018 10:40:36|30|pritirm@forstarfoods.com|DailyCatchEntry_New.php
14 Aug 2018 10:40:38|30|pritirm@forstarfoods.com|DailyCatchEntry_New.php
14 Aug 2018 10:40:47|30|pritirm@forstarfoods.com|DailyCatchEntry_New.php
14 Aug 2018 10:40:47|29|kavitha@forstarfoods.com|DailyCatchEntry_New.php
14 Aug 2018 10:40:48|30|pritirm@forstarfoods.com|DailyCatchEntry_New.php
14 Aug 2018 10:40:49|29|kavitha@forstarfoods.com|DailyCatchEntry_New.php
14 Aug 2018 10:40:49|30|pritirm@forstarfoods.com|DailyCatchEntry_New.php
14 Aug 2018 10:40:50|29|kavitha@forstarfoods.com|DailyCatchEntry_New.php
14 Aug 2018 10:40:51|30|pritirm@forstarfoods.com|DailyCatchEntry_New.php
14 Aug 2018 10:40:51|29|kavitha@forstarfoods.com|DailyCatchEntry_New.php
14 Aug 2018 10:40:52|30|pritirm@forstarfoods.com|DailyCatchEntry_New.php
14 Aug 2018 10:40:52|29|kavitha@forstarfoods.com|CatchEntryDeclaredItem.php
14 Aug 2018 10:40:53|30|pritirm@forstarfoods.com|DailyCatchEntry_New.php
14 Aug 2018 10:40:54|29|kavitha@forstarfoods.com|DailyCatchEntry_New.php
14 Aug 2018 10:40:54|30|pritirm@forstarfoods.com|DailyCatchEntry_New.php
14 Aug 2018 10:40:55|30|pritirm@forstarfoods.com|DailyCatchEntry_New.php
14 Aug 2018 10:40:57|30|pritirm@forstarfoods.com|DailyCatchEntry_New.php
14 Aug 2018 10:40:57|29|kavitha@forstarfoods.com|DailyCatchEntry_New.php
14 Aug 2018 10:40:58|29|kavitha@forstarfoods.com|DailyCatchEntry_New.php
14 Aug 2018 10:40:59|29|kavitha@forstarfoods.com|DailyCatchEntry_New.php
14 Aug 2018 10:40:59|30|pritirm@forstarfoods.com|DailyCatchEntry_New.php
14 Aug 2018 10:41:00|29|kavitha@forstarfoods.com|DailyCatchEntry_New.php
14 Aug 2018 10:41:01|30|pritirm@forstarfoods.com|CatchEntryDeclaredItem.php
14 Aug 2018 10:41:02|29|kavitha@forstarfoods.com|DailyCatchEntry_New.php
14 Aug 2018 10:41:03|29|kavitha@forstarfoods.com|DailyCatchEntry_New.php
14 Aug 2018 10:41:05|29|kavitha@forstarfoods.com|DailyCatchEntry_New.php
14 Aug 2018 10:41:06|29|kavitha@forstarfoods.com|DailyCatchEntry_New.php
14 Aug 2018 10:41:08|29|kavitha@forstarfoods.com|DailyCatchEntry_New.php
14 Aug 2018 10:41:19|29|kavitha@forstarfoods.com|DailyCatchEntry_New.php
14 Aug 2018 10:41:20|29|kavitha@forstarfoods.com|CatchEntryDeclaredItem.php
14 Aug 2018 10:41:33|29|kavitha@forstarfoods.com|DailyCatchEntry_New.php
14 Aug 2018 10:41:35|29|kavitha@forstarfoods.com|DailyCatchEntry_New.php
14 Aug 2018 10:41:36|30|pritirm@forstarfoods.com|DailyCatchEntry_New.php
14 Aug 2018 10:41:36|29|kavitha@forstarfoods.com|DailyCatchEntry_New.php
14 Aug 2018 10:41:47|29|kavitha@forstarfoods.com|DailyCatchEntry_New.php
14 Aug 2018 10:41:51|29|kavitha@forstarfoods.com|DailyCatchEntry_New.php
14 Aug 2018 10:41:56|29|kavitha@forstarfoods.com|DailyCatchEntry_New.php
14 Aug 2018 10:41:58|29|kavitha@forstarfoods.com|DailyCatchEntry_New.php
14 Aug 2018 10:41:59|29|kavitha@forstarfoods.com|DailyCatchEntry_New.php
14 Aug 2018 10:42:00|29|kavitha@forstarfoods.com|DailyCatchEntry_New.php
14 Aug 2018 10:42:01|29|kavitha@forstarfoods.com|DailyCatchEntry_New.php
14 Aug 2018 10:42:03|29|kavitha@forstarfoods.com|DailyCatchEntry_New.php
14 Aug 2018 10:42:04|29|kavitha@forstarfoods.com|DailyCatchEntry_New.php
14 Aug 2018 10:42:05|29|kavitha@forstarfoods.com|DailyCatchEntry_New.php
14 Aug 2018 10:42:06|29|kavitha@forstarfoods.com|DailyCatchEntry_New.php
14 Aug 2018 10:42:07|29|kavitha@forstarfoods.com|DailyCatchEntry_New.php
14 Aug 2018 10:42:09|29|kavitha@forstarfoods.com|DailyCatchEntry_New.php
14 Aug 2018 10:42:10|29|kavitha@forstarfoods.com|DailyCatchEntry_New.php
14 Aug 2018 10:42:32|29|kavitha@forstarfoods.com|DailyCatchEntry_New.php
14 Aug 2018 10:42:35|29|kavitha@forstarfoods.com|DailyCatchEntry_New.php
14 Aug 2018 10:42:36|29|kavitha@forstarfoods.com|CatchEntryDeclaredItem.php
14 Aug 2018 10:42:38|29|kavitha@forstarfoods.com|DailyCatchEntry_New.php
14 Aug 2018 10:42:41|29|kavitha@forstarfoods.com|DailyCatchEntry_New.php
14 Aug 2018 10:42:43|29|kavitha@forstarfoods.com|DailyCatchEntry_New.php
14 Aug 2018 10:42:44|30|pritirm@forstarfoods.com|DailyCatchEntry_New.php
14 Aug 2018 10:42:44|29|kavitha@forstarfoods.com|DailyCatchEntry_New.php
14 Aug 2018 10:42:45|30|pritirm@forstarfoods.com|DailyCatchEntry_New.php
14 Aug 2018 10:42:45|29|kavitha@forstarfoods.com|DailyCatchEntry_New.php
14 Aug 2018 10:42:46|30|pritirm@forstarfoods.com|DailyCatchEntry_New.php
14 Aug 2018 10:42:47|29|kavitha@forstarfoods.com|DailyCatchEntry_New.php
14 Aug 2018 10:42:48|29|kavitha@forstarfoods.com|DailyCatchEntry_New.php
14 Aug 2018 10:42:49|29|kavitha@forstarfoods.com|DailyCatchEntry_New.php
14 Aug 2018 10:42:50|29|kavitha@forstarfoods.com|DailyCatchEntry_New.php
14 Aug 2018 10:42:51|29|kavitha@forstarfoods.com|DailyCatchEntry_New.php
14 Aug 2018 10:42:53|29|kavitha@forstarfoods.com|DailyCatchEntry_New.php
14 Aug 2018 10:42:54|29|kavitha@forstarfoods.com|DailyCatchEntry_New.php
14 Aug 2018 10:42:55|30|pritirm@forstarfoods.com|DailyCatchEntry_New.php
14 Aug 2018 10:42:55|29|kavitha@forstarfoods.com|DailyCatchEntry_New.php
14 Aug 2018 10:42:56|29|kavitha@forstarfoods.com|DailyCatchEntry_New.php
14 Aug 2018 10:43:00|30|pritirm@forstarfoods.com|DailyCatchEntry_New.php
14 Aug 2018 10:43:02|30|pritirm@forstarfoods.com|DailyCatchEntry_New.php
14 Aug 2018 10:43:03|30|pritirm@forstarfoods.com|DailyCatchEntry_New.php
14 Aug 2018 10:43:04|30|pritirm@forstarfoods.com|DailyCatchEntry_New.php
14 Aug 2018 10:43:07|29|kavitha@forstarfoods.com|DailyCatchEntry_New.php
14 Aug 2018 10:43:10|29|kavitha@forstarfoods.com|DailyCatchEntry_New.php
14 Aug 2018 10:43:11|29|kavitha@forstarfoods.com|CatchEntryDeclaredItem.php
14 Aug 2018 10:43:14|29|kavitha@forstarfoods.com|DailyCatchEntry_New.php
14 Aug 2018 10:43:16|29|kavitha@forstarfoods.com|DailyCatchEntry_New.php
14 Aug 2018 10:43:20|29|kavitha@forstarfoods.com|DailyCatchEntry_New.php
14 Aug 2018 10:43:21|29|kavitha@forstarfoods.com|DailyCatchEntry_New.php
14 Aug 2018 10:43:22|29|kavitha@forstarfoods.com|DailyCatchEntry_New.php
14 Aug 2018 10:43:22|30|pritirm@forstarfoods.com|DailyCatchEntry_New.php
14 Aug 2018 10:43:23|29|kavitha@forstarfoods.com|DailyCatchEntry_New.php
14 Aug 2018 10:43:25|29|kavitha@forstarfoods.com|DailyCatchEntry_New.php
14 Aug 2018 10:43:25|30|pritirm@forstarfoods.com|DailyCatchEntry_New.php
14 Aug 2018 10:43:26|29|kavitha@forstarfoods.com|DailyCatchEntry_New.php
14 Aug 2018 10:43:26|30|pritirm@forstarfoods.com|DailyCatchEntry_New.php
14 Aug 2018 10:43:27|29|kavitha@forstarfoods.com|DailyCatchEntry_New.php
14 Aug 2018 10:43:27|30|pritirm@forstarfoods.com|CatchEntryDeclaredItem.php
14 Aug 2018 10:43:28|29|kavitha@forstarfoods.com|DailyCatchEntry_New.php
14 Aug 2018 10:43:29|30|pritirm@forstarfoods.com|DailyCatchEntry_New.php
14 Aug 2018 10:43:30|29|kavitha@forstarfoods.com|DailyCatchEntry_New.php
14 Aug 2018 10:43:30|30|pritirm@forstarfoods.com|CatchEntryDeclaredItem.php
14 Aug 2018 10:43:31|29|kavitha@forstarfoods.com|DailyCatchEntry_New.php
14 Aug 2018 10:43:31|30|pritirm@forstarfoods.com|DailyCatchEntry_New.php
14 Aug 2018 10:43:32|29|kavitha@forstarfoods.com|DailyCatchEntry_New.php
14 Aug 2018 10:43:32|30|pritirm@forstarfoods.com|DailyCatchEntry_New.php
14 Aug 2018 10:43:33|29|kavitha@forstarfoods.com|DailyCatchEntry_New.php
14 Aug 2018 10:43:34|29|kavitha@forstarfoods.com|DailyCatchEntry_New.php
14 Aug 2018 10:43:37|29|kavitha@forstarfoods.com|DailyCatchEntry_New.php
14 Aug 2018 10:43:37|30|pritirm@forstarfoods.com|DailyCatchEntry_New.php
14 Aug 2018 10:43:38|29|kavitha@forstarfoods.com|CatchEntryDeclaredItem.php
14 Aug 2018 10:43:40|30|pritirm@forstarfoods.com|DailyCatchEntry_New.php
14 Aug 2018 10:43:40|29|kavitha@forstarfoods.com|DailyCatchEntry_New.php
14 Aug 2018 10:43:42|30|pritirm@forstarfoods.com|DailyCatchEntry_New.php
14 Aug 2018 10:43:44|29|kavitha@forstarfoods.com|DailyCatchEntry_New.php
14 Aug 2018 10:43:48|29|kavitha@forstarfoods.com|DailyCatchEntry_New.php
14 Aug 2018 10:43:49|29|kavitha@forstarfoods.com|DailyCatchEntry_New.php
14 Aug 2018 10:43:51|29|kavitha@forstarfoods.com|DailyCatchEntry_New.php
14 Aug 2018 10:43:52|29|kavitha@forstarfoods.com|DailyCatchEntry_New.php
14 Aug 2018 10:43:53|29|kavitha@forstarfoods.com|DailyCatchEntry_New.php
14 Aug 2018 10:43:54|29|kavitha@forstarfoods.com|DailyCatchEntry_New.php
14 Aug 2018 10:43:55|29|kavitha@forstarfoods.com|DailyCatchEntry_New.php