
7 Aug 2018 12:32:13|31|rekha@foresee.com|IngredientRateMaster.php
7 Aug 2018 12:32:14|31|rekha@foresee.com|IngredientsMaster.php
7 Aug 2018 12:32:17|31|rekha@foresee.com|IngredientSpex.php
7 Aug 2018 12:32:19|31|rekha@foresee.com|IngredientMainCategory.php
7 Aug 2018 12:32:38|31|rekha@foresee.com|IngredientsMaster.php
7 Aug 2018 12:32:42|31|rekha@foresee.com|IngredientRateMaster.php
7 Aug 2018 12:36:09|31|rekha@foresee.com|SupplierIngredient.php
7 Aug 2018 12:36:11|31|rekha@foresee.com|IngredientRateMaster.php
7 Aug 2018 12:36:14|31|rekha@foresee.com|IngredientMainCategory.php
7 Aug 2018 12:36:17|31|rekha@foresee.com|IngredientCategory.php
7 Aug 2018 12:36:19|31|rekha@foresee.com|IngredientCriticalParameters.php
7 Aug 2018 12:36:26|31|rekha@foresee.com|IngredientsMaster.php
7 Aug 2018 12:36:37|31|rekha@foresee.com|IngredientsMaster.php
7 Aug 2018 12:37:04|31|rekha@foresee.com|IngredientSpex.php
7 Aug 2018 12:37:06|31|rekha@foresee.com|IngredientMainCategory.php
7 Aug 2018 12:37:09|31|rekha@foresee.com|ProductionSpex.php
7 Aug 2018 12:37:11|31|rekha@foresee.com|ProductionPlanning.php
7 Aug 2018 12:37:14|31|rekha@foresee.com|ProductionPlanning.php
7 Aug 2018 12:37:16|31|rekha@foresee.com|ProductionPlanning.php
7 Aug 2018 12:37:19|31|rekha@foresee.com|ProductionPlanning.php
7 Aug 2018 12:37:33|31|rekha@foresee.com|ProductBatchReport.php
7 Aug 2018 12:37:46|31|rekha@foresee.com|ManageGatePass.php
7 Aug 2018 12:37:53|31|rekha@foresee.com|Home.php
7 Aug 2018 12:38:03|31|rekha@foresee.com|ProductionSpex.php
7 Aug 2018 12:38:05|31|rekha@foresee.com|ProductionMatrix.php
7 Aug 2018 12:38:31|31|rekha@foresee.com|ProductionWorkingHours.php
7 Aug 2018 12:39:47|31|rekha@foresee.com|ProductionPlanning.php
7 Aug 2018 12:39:52|31|rekha@foresee.com|ProductionPlanning.php
7 Aug 2018 12:40:37|31|rekha@foresee.com|ProductionPlanning.php
7 Aug 2018 12:40:42|31|rekha@foresee.com|IngredientSpex.php
7 Aug 2018 12:40:43|31|rekha@foresee.com|IngredientMainCategory.php
7 Aug 2018 12:40:45|31|rekha@foresee.com|IngredientCategory.php
7 Aug 2018 12:40:58|31|rekha@foresee.com|IngredientRateMaster.php
7 Aug 2018 12:41:03|31|rekha@foresee.com|IngredientPhysicalStock.php
7 Aug 2018 12:41:06|31|rekha@foresee.com|IngredientSpex.php
7 Aug 2018 12:41:08|31|rekha@foresee.com|IngredientMainCategory.php
7 Aug 2018 12:46:52|20|shiji@forstarfoods.com|SettlementSummary.php
7 Aug 2018 12:47:07|20|shiji@forstarfoods.com|SettlementSummary.php
7 Aug 2018 12:47:13|20|shiji@forstarfoods.com|SettlementSummary.php
7 Aug 2018 12:47:20|20|shiji@forstarfoods.com|SettlementSummary.php
7 Aug 2018 12:47:23|20|shiji@forstarfoods.com|SupplierPayments.php
7 Aug 2018 12:47:24|20|shiji@forstarfoods.com|SupplierPayments.php
7 Aug 2018 12:47:26|20|shiji@forstarfoods.com|SupplierPayments.php
7 Aug 2018 12:47:27|20|shiji@forstarfoods.com|SettlementSummary.php
7 Aug 2018 12:47:36|20|shiji@forstarfoods.com|SettlementSummary.php
7 Aug 2018 12:47:43|20|shiji@forstarfoods.com|SettlementSummary.php
7 Aug 2018 12:47:50|20|shiji@forstarfoods.com|SettlementSummary.php
7 Aug 2018 12:47:57|20|shiji@forstarfoods.com|SettlementSummary.php
7 Aug 2018 12:47:59|20|shiji@forstarfoods.com|SupplierPayments.php
7 Aug 2018 12:48:01|20|shiji@forstarfoods.com|SupplierPayments.php
7 Aug 2018 12:48:02|20|shiji@forstarfoods.com|SupplierPayments.php
7 Aug 2018 12:48:04|20|shiji@forstarfoods.com|SupplierAccount.php
7 Aug 2018 12:48:08|20|shiji@forstarfoods.com|SettlementSummary.php
7 Aug 2018 12:48:17|20|shiji@forstarfoods.com|SettlementSummary.php
7 Aug 2018 12:48:29|20|shiji@forstarfoods.com|SettlementSummary.php
7 Aug 2018 12:48:35|20|shiji@forstarfoods.com|SettlementSummary.php
7 Aug 2018 12:48:50|20|shiji@forstarfoods.com|SettlementSummary.php
7 Aug 2018 12:48:58|20|shiji@forstarfoods.com|SettlementSummary.php
7 Aug 2018 12:49:05|20|shiji@forstarfoods.com|SettlementSummary.php
7 Aug 2018 12:49:13|20|shiji@forstarfoods.com|SettlementSummary.php
7 Aug 2018 12:49:21|20|shiji@forstarfoods.com|SettlementSummary.php
7 Aug 2018 12:49:28|20|shiji@forstarfoods.com|SettlementSummary.php
7 Aug 2018 12:49:36|20|shiji@forstarfoods.com|SettlementSummary.php
7 Aug 2018 12:49:39|20|shiji@forstarfoods.com|SupplierPayments.php
7 Aug 2018 12:49:40|20|shiji@forstarfoods.com|SupplierPayments.php
7 Aug 2018 12:49:42|20|shiji@forstarfoods.com|SupplierPayments.php
7 Aug 2018 12:57:37|20|shiji@forstarfoods.com|DailyCatchEntry_New.php
7 Aug 2018 12:57:43|20|shiji@forstarfoods.com|DailyCatchEntry_New.php
7 Aug 2018 12:57:44|20|shiji@forstarfoods.com|DailyCatchEntry_New.php
7 Aug 2018 12:57:45|20|shiji@forstarfoods.com|DailyCatchEntry_New.php
7 Aug 2018 12:57:46|20|shiji@forstarfoods.com|DailyCatchEntry_New.php
7 Aug 2018 12:57:48|20|shiji@forstarfoods.com|DailyCatchEntry_New.php
7 Aug 2018 12:57:49|20|shiji@forstarfoods.com|DailyCatchEntry_New.php
7 Aug 2018 12:57:50|20|shiji@forstarfoods.com|DailyCatchEntry_New.php
7 Aug 2018 12:57:52|20|shiji@forstarfoods.com|DailyCatchEntry_New.php
7 Aug 2018 12:57:53|20|shiji@forstarfoods.com|DailyCatchEntry_New.php
7 Aug 2018 13:04:59|31|rekha@foresee.com|RecipeSpex.php
7 Aug 2018 13:05:00|31|rekha@foresee.com|RecipeMainCategory.php
7 Aug 2018 13:05:05|31|rekha@foresee.com|RecipeMaster.php
7 Aug 2018 13:05:07|31|rekha@foresee.com|ProductionSpex.php
7 Aug 2018 13:05:08|31|rekha@foresee.com|ErrorPageIFrame.php
7 Aug 2018 13:05:09|31|rekha@foresee.com|ProductionPlanning.php
7 Aug 2018 13:05:15|31|rekha@foresee.com|RecipeSpex.php
7 Aug 2018 13:05:17|31|rekha@foresee.com|RecipeMainCategory.php
7 Aug 2018 13:06:59|20|shiji@forstarfoods.com|DailyCatchSummary.php
7 Aug 2018 13:07:03|20|shiji@forstarfoods.com|DailyCatchSummary.php
7 Aug 2018 13:07:19|20|shiji@forstarfoods.com|DailyCatchSummary.php
7 Aug 2018 13:07:58|20|shiji@forstarfoods.com|DailyCatchSummary.php
7 Aug 2018 13:08:06|20|shiji@forstarfoods.com|DailyCatchSummary.php
7 Aug 2018 13:08:10|20|shiji@forstarfoods.com|DailyCatchSummary.php
7 Aug 2018 13:11:04|20|shiji@forstarfoods.com|DailyCatchSummary.php
7 Aug 2018 13:11:43|20|shiji@forstarfoods.com|DailyCatchSummary.php
7 Aug 2018 13:11:46|20|shiji@forstarfoods.com|DailyCatchSummary.php
7 Aug 2018 13:18:14|20|shiji@forstarfoods.com|DailyCatchSummary.php
7 Aug 2018 13:18:17|20|shiji@forstarfoods.com|DailyCatchSummary.php
7 Aug 2018 13:18:20|31|rekha@foresee.com|RecipeSpex.php
7 Aug 2018 13:18:22|31|rekha@foresee.com|RecipeMainCategory.php
7 Aug 2018 13:18:23|31|rekha@foresee.com|RecipeSpex.php
7 Aug 2018 13:18:25|31|rekha@foresee.com|RecipeMainCategory.php
7 Aug 2018 13:18:27|31|rekha@foresee.com|RecipeMaster.php
7 Aug 2018 13:18:28|31|rekha@foresee.com|ErrorPageIFrame.php
7 Aug 2018 13:20:05|31|rekha@foresee.com|RecipeSpex.php
7 Aug 2018 13:20:07|31|rekha@foresee.com|RecipeMainCategory.php
7 Aug 2018 13:20:10|31|rekha@foresee.com|RecipeMaster.php
7 Aug 2018 13:20:29|31|rekha@foresee.com|RecipeMaster.php
7 Aug 2018 13:20:48|31|rekha@foresee.com|RecipeMaster.php
7 Aug 2018 13:20:58|31|rekha@foresee.com|RecipeMaster.php
7 Aug 2018 13:21:43|31|rekha@foresee.com|ProductionSpex.php
7 Aug 2018 13:21:44|31|rekha@foresee.com|ProductionMatrix.php
7 Aug 2018 13:21:47|31|rekha@foresee.com|ProductionPlanning.php
7 Aug 2018 13:21:51|31|rekha@foresee.com|ProductionPlanning.php
7 Aug 2018 13:21:53|31|rekha@foresee.com|IngredientSpex.php
7 Aug 2018 13:21:55|31|rekha@foresee.com|IngredientMainCategory.php
7 Aug 2018 13:22:17|31|rekha@foresee.com|RecipeSpex.php
7 Aug 2018 13:22:19|31|rekha@foresee.com|RecipeMainCategory.php
7 Aug 2018 13:29:18|31|rekha@foresee.com|ProductionSpex.php
7 Aug 2018 13:29:19|31|rekha@foresee.com|ProductionPlanning.php
7 Aug 2018 13:30:35|31|rekha@foresee.com|Home.php
7 Aug 2018 13:30:43|31|rekha@foresee.com|IngredientSpex.php
7 Aug 2018 13:30:44|31|rekha@foresee.com|IngredientMainCategory.php
7 Aug 2018 13:30:48|31|rekha@foresee.com|IngredientCategory.php
7 Aug 2018 13:30:51|31|rekha@foresee.com|IngredientCriticalParameters.php
7 Aug 2018 13:31:00|31|rekha@foresee.com|IngredientsMaster.php
7 Aug 2018 13:31:16|31|rekha@foresee.com|IngredientRateMaster.php
7 Aug 2018 13:31:21|31|rekha@foresee.com|SupplierIngredient.php
7 Aug 2018 13:31:24|31|rekha@foresee.com|IngredientRateMaster.php
7 Aug 2018 13:31:27|31|rekha@foresee.com|RecipeSpex.php
7 Aug 2018 13:31:28|31|rekha@foresee.com|RecipeMainCategory.php
7 Aug 2018 13:34:05|20|shiji@forstarfoods.com|DailyCatchSummary.php
7 Aug 2018 13:34:07|20|shiji@forstarfoods.com|DailyCatchSummary.php
7 Aug 2018 13:42:32|31|rekha@foresee.com|ProductionSpex.php
7 Aug 2018 13:42:34|31|rekha@foresee.com|ProductionMatrix.php
7 Aug 2018 13:42:39|31|rekha@foresee.com|ProductionWorkingHours.php
7 Aug 2018 13:42:40|31|rekha@foresee.com|ProductionFuelPrice.php
7 Aug 2018 13:44:46|31|rekha@foresee.com|Home.php
7 Aug 2018 13:44:53|31|rekha@foresee.com|Home.php
7 Aug 2018 13:45:16|31|rekha@foresee.com|IngredientSpex.php
7 Aug 2018 13:45:21|31|rekha@foresee.com|IngredientMainCategory.php
7 Aug 2018 13:45:27|31|rekha@foresee.com|IngredientSpex.php
7 Aug 2018 13:45:29|31|rekha@foresee.com|IngredientMainCategory.php
7 Aug 2018 13:45:33|31|rekha@foresee.com|IngredientCategory.php
7 Aug 2018 13:45:38|31|rekha@foresee.com|IngredientCriticalParameters.php
7 Aug 2018 13:45:41|31|rekha@foresee.com|IngredientsMaster.php
7 Aug 2018 13:45:44|31|rekha@foresee.com|IngredientRateMaster.php
7 Aug 2018 13:45:46|31|rekha@foresee.com|SupplierIngredient.php
7 Aug 2018 13:45:48|31|rekha@foresee.com|IngredientPhysicalStock.php
7 Aug 2018 13:46:09|31|rekha@foresee.com|ProductionPlanning.php
7 Aug 2018 13:46:13|31|rekha@foresee.com|ProductionPlanning.php
7 Aug 2018 13:46:17|31|rekha@foresee.com|IngredientSpex.php
7 Aug 2018 13:46:18|31|rekha@foresee.com|IngredientMainCategory.php
7 Aug 2018 13:46:23|31|rekha@foresee.com|ProductionSpex.php
7 Aug 2018 13:46:24|31|rekha@foresee.com|ProductionMatrix.php
7 Aug 2018 13:46:27|31|rekha@foresee.com|ProductionPlanning.php
7 Aug 2018 13:46:30|31|rekha@foresee.com|ProductionPlanning.php
7 Aug 2018 13:46:42|31|rekha@foresee.com|DailyCatchReport.php
7 Aug 2018 14:33:14|31|rekha@foresee.com|Home.php
7 Aug 2018 14:33:27|31|rekha@foresee.com|IngredientSpex.php
7 Aug 2018 14:33:30|31|rekha@foresee.com|IngredientMainCategory.php
7 Aug 2018 14:37:21|31|rekha@foresee.com|DailyCatchReport.php
7 Aug 2018 14:37:30|31|rekha@foresee.com|Home.php
7 Aug 2018 14:37:37|31|rekha@foresee.com|IngredientSpex.php
7 Aug 2018 14:37:39|31|rekha@foresee.com|IngredientMainCategory.php
7 Aug 2018 14:37:43|31|rekha@foresee.com|IngredientCategory.php
7 Aug 2018 14:37:55|31|rekha@foresee.com|IngredientCriticalParameters.php
7 Aug 2018 14:38:05|31|rekha@foresee.com|RecipeSpex.php
7 Aug 2018 14:39:48|31|rekha@foresee.com|RecipeSpex.php
7 Aug 2018 14:40:14|31|rekha@foresee.com|ProductionSpex.php
7 Aug 2018 14:40:16|31|rekha@foresee.com|ProductionPlanning.php
7 Aug 2018 14:40:19|31|rekha@foresee.com|ProductionPlanning.php
7 Aug 2018 14:40:22|31|rekha@foresee.com|RecipeSpex.php
7 Aug 2018 14:41:01|31|rekha@foresee.com|RecipeSpex.php
7 Aug 2018 14:41:20|31|rekha@foresee.com|RecipeSpex.php
7 Aug 2018 14:41:22|31|rekha@foresee.com|RecipeSpex.php
7 Aug 2018 14:41:26|31|rekha@foresee.com|RecipeSpex.php
7 Aug 2018 14:41:29|31|rekha@foresee.com|RecipeSpex.php
7 Aug 2018 14:44:18|31|rekha@foresee.com|RecipeSpex.php
7 Aug 2018 14:44:20|31|rekha@foresee.com|RecipeMainCategory.php
7 Aug 2018 14:44:30|31|rekha@foresee.com|RecipeMaster.php
7 Aug 2018 14:44:36|31|rekha@foresee.com|RecipeMainCategory.php
7 Aug 2018 14:44:37|31|rekha@foresee.com|RecipeMaster.php
7 Aug 2018 14:49:43|31|rekha@foresee.com|RecipeSpex.php
7 Aug 2018 14:49:44|31|rekha@foresee.com|RecipeMainCategory.php
7 Aug 2018 14:49:49|31|rekha@foresee.com|RecipeSpex.php
7 Aug 2018 14:49:51|31|rekha@foresee.com|RecipeMaster.php
7 Aug 2018 14:49:52|31|rekha@foresee.com|RecipeMainCategory.php
7 Aug 2018 14:49:55|31|rekha@foresee.com|RecipeMaster.php
7 Aug 2018 14:50:03|31|rekha@foresee.com|RecipeSpex.php
7 Aug 2018 14:50:04|31|rekha@foresee.com|RecipeMainCategory.php
7 Aug 2018 14:50:09|31|rekha@foresee.com|ProductionSpex.php
7 Aug 2018 14:50:11|31|rekha@foresee.com|ProductionMatrix.php
7 Aug 2018 14:50:13|31|rekha@foresee.com|RecipeSpex.php
7 Aug 2018 14:50:15|31|rekha@foresee.com|RecipeMainCategory.php
7 Aug 2018 14:50:17|31|rekha@foresee.com|RecipeSpex.php
7 Aug 2018 14:50:19|31|rekha@foresee.com|RecipeMainCategory.php
7 Aug 2018 14:55:08|31|rekha@foresee.com|RecipeSpex.php
7 Aug 2018 14:55:10|31|rekha@foresee.com|RecipeMainCategory.php
7 Aug 2018 14:55:14|31|rekha@foresee.com|RecipeSpex.php
7 Aug 2018 14:55:16|31|rekha@foresee.com|RecipeMainCategory.php
7 Aug 2018 14:55:19|31|rekha@foresee.com|RecipeMaster.php
7 Aug 2018 14:55:54|31|rekha@foresee.com|RecipeMaster.php
7 Aug 2018 14:56:19|31|rekha@foresee.com|RecipeMainCategory.php
7 Aug 2018 14:56:28|31|rekha@foresee.com|RecipeMaster.php
7 Aug 2018 14:57:41|31|rekha@foresee.com|Home.php
7 Aug 2018 14:57:52|31|rekha@foresee.com|IngredientSpex.php
7 Aug 2018 14:57:57|31|rekha@foresee.com|IngredientMainCategory.php
7 Aug 2018 14:58:00|31|rekha@foresee.com|IngredientCategory.php
7 Aug 2018 14:58:03|31|rekha@foresee.com|IngredientCriticalParameters.php
7 Aug 2018 14:58:05|31|rekha@foresee.com|IngredientsMaster.php
7 Aug 2018 14:58:19|31|rekha@foresee.com|IngredientsMaster.php
7 Aug 2018 14:58:24|31|rekha@foresee.com|IngredientsMaster.php
7 Aug 2018 14:58:44|31|rekha@foresee.com|IngredientsMaster.php
7 Aug 2018 14:59:49|31|rekha@foresee.com|IngredientRateMaster.php
7 Aug 2018 15:00:05|31|rekha@foresee.com|SupplierIngredient.php
7 Aug 2018 15:00:15|31|rekha@foresee.com|IngredientPhysicalStock.php
7 Aug 2018 15:00:21|31|rekha@foresee.com|RecipeSpex.php
7 Aug 2018 15:00:22|31|rekha@foresee.com|RecipeMainCategory.php
7 Aug 2018 15:00:26|31|rekha@foresee.com|ProductionSpex.php
7 Aug 2018 15:00:28|31|rekha@foresee.com|ProductionMatrix.php
7 Aug 2018 15:00:31|31|rekha@foresee.com|ProductionPlanning.php
7 Aug 2018 15:00:35|31|rekha@foresee.com|ProductionPlanning.php
7 Aug 2018 15:01:38|31|rekha@foresee.com|IngredientSpex.php
7 Aug 2018 15:01:40|31|rekha@foresee.com|IngredientMainCategory.php
7 Aug 2018 15:01:56|31|rekha@foresee.com|ProductionSpex.php
7 Aug 2018 15:01:57|31|rekha@foresee.com|ProductionPlanning.php
7 Aug 2018 15:02:00|31|rekha@foresee.com|ProductionSpex.php
7 Aug 2018 15:02:01|31|rekha@foresee.com|ProductionMatrix.php
7 Aug 2018 15:02:06|31|rekha@foresee.com|ProductionPlanning.php
7 Aug 2018 15:02:11|31|rekha@foresee.com|ProductionPlanning.php
7 Aug 2018 15:03:21|31|rekha@foresee.com|ProductionPlanning.php
7 Aug 2018 15:03:24|31|rekha@foresee.com|ProductionPlanning.php
7 Aug 2018 15:04:03|31|rekha@foresee.com|ProductionPlanning.php
7 Aug 2018 15:04:11|31|rekha@foresee.com|PurchaseIntent.php
7 Aug 2018 15:04:19|20|shiji@forstarfoods.com|DailyCatchEntry_New.php
7 Aug 2018 15:04:23|20|shiji@forstarfoods.com|DailyCatchEntry_New.php
7 Aug 2018 15:04:25|20|shiji@forstarfoods.com|DailyCatchEntry_New.php
7 Aug 2018 15:04:26|20|shiji@forstarfoods.com|DailyCatchEntry_New.php
7 Aug 2018 15:04:27|20|shiji@forstarfoods.com|DailyCatchEntry_New.php
7 Aug 2018 15:04:28|20|shiji@forstarfoods.com|CatchEntryDeclaredItem.php
7 Aug 2018 15:04:30|20|shiji@forstarfoods.com|DailyCatchEntry_New.php
7 Aug 2018 15:04:31|20|shiji@forstarfoods.com|DailyCatchEntry_New.php
7 Aug 2018 15:04:32|20|shiji@forstarfoods.com|DailyCatchEntry_New.php
7 Aug 2018 15:04:34|20|shiji@forstarfoods.com|DailyCatchEntry_New.php
7 Aug 2018 15:04:36|20|shiji@forstarfoods.com|DailyCatchEntry_New.php
7 Aug 2018 15:04:45|20|shiji@forstarfoods.com|DailyCatchEntry_New.php
7 Aug 2018 15:04:49|20|shiji@forstarfoods.com|DailyCatchEntry_New.php
7 Aug 2018 15:04:50|20|shiji@forstarfoods.com|CatchEntryDeclaredItem.php
7 Aug 2018 15:06:48|20|shiji@forstarfoods.com|DailyCatchEntry_New.php
7 Aug 2018 15:06:51|20|shiji@forstarfoods.com|DailyCatchEntry_New.php
7 Aug 2018 15:06:52|20|shiji@forstarfoods.com|DailyCatchEntry_New.php
7 Aug 2018 15:06:55|20|shiji@forstarfoods.com|DailyCatchEntry_New.php
7 Aug 2018 15:06:58|20|shiji@forstarfoods.com|DailyCatchEntry_New.php
7 Aug 2018 15:07:02|20|shiji@forstarfoods.com|DailyCatchEntry_New.php
7 Aug 2018 15:07:03|20|shiji@forstarfoods.com|DailyCatchEntry_New.php
7 Aug 2018 15:07:05|20|shiji@forstarfoods.com|DailyCatchEntry_New.php
7 Aug 2018 15:07:06|20|shiji@forstarfoods.com|DailyCatchEntry_New.php
7 Aug 2018 15:07:07|20|shiji@forstarfoods.com|DailyCatchEntry_New.php
7 Aug 2018 15:07:08|20|shiji@forstarfoods.com|DailyCatchEntry_New.php
7 Aug 2018 15:07:09|20|shiji@forstarfoods.com|DailyCatchEntry_New.php
7 Aug 2018 15:07:11|20|shiji@forstarfoods.com|DailyCatchEntry_New.php
7 Aug 2018 15:07:12|20|shiji@forstarfoods.com|DailyCatchEntry_New.php
7 Aug 2018 15:07:13|20|shiji@forstarfoods.com|DailyCatchEntry_New.php
7 Aug 2018 15:07:14|20|shiji@forstarfoods.com|DailyCatchEntry_New.php
7 Aug 2018 15:07:16|20|shiji@forstarfoods.com|DailyCatchEntry_New.php
7 Aug 2018 15:07:31|20|shiji@forstarfoods.com|DailyCatchEntry_New.php
7 Aug 2018 15:07:34|20|shiji@forstarfoods.com|DailyCatchEntry_New.php
7 Aug 2018 15:07:35|20|shiji@forstarfoods.com|CatchEntryDeclaredItem.php
7 Aug 2018 15:07:38|20|shiji@forstarfoods.com|DailyCatchSummary.php
7 Aug 2018 15:07:41|20|shiji@forstarfoods.com|DailyCatchSummary.php
7 Aug 2018 15:07:49|20|shiji@forstarfoods.com|DailyCatchSummary.php
7 Aug 2018 15:07:52|20|shiji@forstarfoods.com|DailyCatchSummary.php
7 Aug 2018 15:07:58|20|shiji@forstarfoods.com|DailyCatchSummary.php
7 Aug 2018 15:08:03|20|shiji@forstarfoods.com|DailyCatchSummary.php
7 Aug 2018 15:08:16|31|rekha@foresee.com|ProductBatchReport.php
7 Aug 2018 15:08:17|20|shiji@forstarfoods.com|DailyCatchSummary.php
7 Aug 2018 15:08:28|31|rekha@foresee.com|ProductSpex.php
7 Aug 2018 15:08:30|31|rekha@foresee.com|ProductCategory.php
7 Aug 2018 15:08:49|31|rekha@foresee.com|SemiFinishProductMaster.php
7 Aug 2018 15:08:59|31|rekha@foresee.com|ProductPriceRateList.php
7 Aug 2018 15:09:01|31|rekha@foresee.com|ProductMatrix.php
7 Aug 2018 15:09:03|31|rekha@foresee.com|ErrorPage.php
7 Aug 2018 15:09:06|31|rekha@foresee.com|ProductCategory.php
7 Aug 2018 15:09:13|31|rekha@foresee.com|ProductState.php
7 Aug 2018 15:09:50|31|rekha@foresee.com|ProductGroup.php
7 Aug 2018 15:09:58|31|rekha@foresee.com|ProductGroup.php
7 Aug 2018 15:10:05|31|rekha@foresee.com|SemiFinishProductMaster.php
7 Aug 2018 15:10:08|31|rekha@foresee.com|ProductPriceRateList.php
7 Aug 2018 15:10:13|31|rekha@foresee.com|ProductPricing.php
7 Aug 2018 15:10:15|31|rekha@foresee.com|ManageProduct.php
7 Aug 2018 15:10:16|31|rekha@foresee.com|ManageProduct.php
7 Aug 2018 15:10:44|31|rekha@foresee.com|ProductMatrix.php
7 Aug 2018 15:10:46|31|rekha@foresee.com|ErrorPage.php
7 Aug 2018 15:10:52|31|rekha@foresee.com|ProductMRPMaster.php
7 Aug 2018 15:10:54|31|rekha@foresee.com|ProductMRPMaster.php
7 Aug 2018 15:10:55|29|kavitha@forstarfoods.com|Home.php
7 Aug 2018 15:11:04|31|rekha@foresee.com|ProductMRPMaster.php
7 Aug 2018 15:11:06|31|rekha@foresee.com|ProductMRPMaster.php
7 Aug 2018 15:11:11|29|kavitha@forstarfoods.com|DailyCatchEntry_New.php
7 Aug 2018 15:11:11|31|rekha@foresee.com|ManageProduct.php
7 Aug 2018 15:11:12|31|rekha@foresee.com|ManageProduct.php
7 Aug 2018 15:11:14|29|kavitha@forstarfoods.com|DailyCatchEntry_New.php
7 Aug 2018 15:11:16|29|kavitha@forstarfoods.com|DailyCatchEntry_New.php
7 Aug 2018 15:11:17|29|kavitha@forstarfoods.com|DailyCatchEntry_New.php
7 Aug 2018 15:11:18|29|kavitha@forstarfoods.com|DailyCatchEntry_New.php
7 Aug 2018 15:11:18|31|rekha@foresee.com|ProductMRPMaster.php
7 Aug 2018 15:11:20|29|kavitha@forstarfoods.com|CatchEntryDeclaredItem.php
7 Aug 2018 15:11:20|31|rekha@foresee.com|ProductMRPMaster.php
7 Aug 2018 15:11:21|29|kavitha@forstarfoods.com|DailyCatchEntry_New.php
7 Aug 2018 15:11:24|31|rekha@foresee.com|RecipeMaster.php
7 Aug 2018 15:11:25|29|kavitha@forstarfoods.com|DailyCatchEntry_New.php
7 Aug 2018 15:11:26|29|kavitha@forstarfoods.com|DailyCatchEntry_New.php
7 Aug 2018 15:11:27|29|kavitha@forstarfoods.com|DailyCatchEntry_New.php
7 Aug 2018 15:11:29|29|kavitha@forstarfoods.com|DailyCatchEntry_New.php
7 Aug 2018 15:11:30|31|rekha@foresee.com|ProductSpex.php
7 Aug 2018 15:11:30|29|kavitha@forstarfoods.com|DailyCatchEntry_New.php
7 Aug 2018 15:11:31|31|rekha@foresee.com|ProductCategory.php
7 Aug 2018 15:11:32|29|kavitha@forstarfoods.com|DailyCatchEntry_New.php
7 Aug 2018 15:11:34|29|kavitha@forstarfoods.com|DailyCatchEntry_New.php
7 Aug 2018 15:11:35|29|kavitha@forstarfoods.com|DailyCatchEntry_New.php
7 Aug 2018 15:11:37|29|kavitha@forstarfoods.com|DailyCatchEntry_New.php
7 Aug 2018 15:11:38|31|rekha@foresee.com|IngredientSpex.php
7 Aug 2018 15:11:40|31|rekha@foresee.com|IngredientMainCategory.php
7 Aug 2018 15:11:43|31|rekha@foresee.com|ProductionSpex.php
7 Aug 2018 15:11:44|31|rekha@foresee.com|ProductionMatrix.php
7 Aug 2018 15:11:49|31|rekha@foresee.com|ProductionPlanning.php
7 Aug 2018 15:11:50|29|kavitha@forstarfoods.com|DailyCatchEntry_New.php
7 Aug 2018 15:11:51|29|kavitha@forstarfoods.com|CatchEntryDeclaredItem.php
7 Aug 2018 15:11:53|31|rekha@foresee.com|ProductionPlanning.php
7 Aug 2018 15:11:55|31|rekha@foresee.com|RecipeSpex.php
7 Aug 2018 15:11:57|31|rekha@foresee.com|RecipeMainCategory.php
7 Aug 2018 15:11:59|31|rekha@foresee.com|RecipeMaster.php
7 Aug 2018 15:12:03|31|rekha@foresee.com|IngredientSpex.php
7 Aug 2018 15:12:05|31|rekha@foresee.com|IngredientMainCategory.php
7 Aug 2018 15:12:06|29|kavitha@forstarfoods.com|DailyCatchEntry_New.php
7 Aug 2018 15:12:07|29|kavitha@forstarfoods.com|DailyCatchEntry_New.php
7 Aug 2018 15:12:09|29|kavitha@forstarfoods.com|DailyCatchEntry_New.php
7 Aug 2018 15:12:09|31|rekha@foresee.com|IngredientPhysicalStock.php
7 Aug 2018 15:12:23|29|kavitha@forstarfoods.com|DailyCatchEntry_New.php
7 Aug 2018 15:12:23|31|rekha@foresee.com|TransporterSpex.php
7 Aug 2018 15:12:25|31|rekha@foresee.com|TransporterMaster.php
7 Aug 2018 15:12:26|29|kavitha@forstarfoods.com|DailyCatchEntry_New.php
7 Aug 2018 15:12:32|29|kavitha@forstarfoods.com|DailyCatchEntry_New.php
7 Aug 2018 15:12:33|29|kavitha@forstarfoods.com|DailyCatchEntry_New.php
7 Aug 2018 15:12:34|29|kavitha@forstarfoods.com|DailyCatchEntry_New.php
7 Aug 2018 15:12:36|29|kavitha@forstarfoods.com|DailyCatchEntry_New.php
7 Aug 2018 15:12:37|29|kavitha@forstarfoods.com|DailyCatchEntry_New.php
7 Aug 2018 15:12:38|29|kavitha@forstarfoods.com|DailyCatchEntry_New.php
7 Aug 2018 15:12:39|29|kavitha@forstarfoods.com|DailyCatchEntry_New.php
7 Aug 2018 15:12:41|29|kavitha@forstarfoods.com|DailyCatchEntry_New.php
7 Aug 2018 15:12:42|29|kavitha@forstarfoods.com|DailyCatchEntry_New.php
7 Aug 2018 15:12:43|29|kavitha@forstarfoods.com|DailyCatchEntry_New.php
7 Aug 2018 15:12:44|29|kavitha@forstarfoods.com|DailyCatchEntry_New.php
7 Aug 2018 15:12:46|29|kavitha@forstarfoods.com|DailyCatchEntry_New.php
7 Aug 2018 15:12:48|31|rekha@foresee.com|ProductStatus.php
7 Aug 2018 15:12:52|29|kavitha@forstarfoods.com|DailyCatchEntry_New.php
7 Aug 2018 15:12:55|29|kavitha@forstarfoods.com|DailyCatchEntry_New.php
7 Aug 2018 15:12:56|29|kavitha@forstarfoods.com|CatchEntryDeclaredItem.php
7 Aug 2018 15:13:02|29|kavitha@forstarfoods.com|DailyCatchEntry_New.php
7 Aug 2018 15:13:06|29|kavitha@forstarfoods.com|DailyCatchEntry_New.php
7 Aug 2018 15:13:08|29|kavitha@forstarfoods.com|DailyCatchEntry_New.php
7 Aug 2018 15:13:08|31|rekha@foresee.com|ProductSpex.php
7 Aug 2018 15:13:09|29|kavitha@forstarfoods.com|DailyCatchEntry_New.php
7 Aug 2018 15:13:10|31|rekha@foresee.com|ProductCategory.php
7 Aug 2018 15:13:10|29|kavitha@forstarfoods.com|DailyCatchEntry_New.php
7 Aug 2018 15:13:11|29|kavitha@forstarfoods.com|DailyCatchEntry_New.php
7 Aug 2018 15:13:13|29|kavitha@forstarfoods.com|DailyCatchEntry_New.php
7 Aug 2018 15:13:14|29|kavitha@forstarfoods.com|DailyCatchEntry_New.php
7 Aug 2018 15:13:15|29|kavitha@forstarfoods.com|DailyCatchEntry_New.php
7 Aug 2018 15:13:16|31|rekha@foresee.com|RecipeMaster.php
7 Aug 2018 15:13:16|29|kavitha@forstarfoods.com|DailyCatchEntry_New.php
7 Aug 2018 15:13:18|29|kavitha@forstarfoods.com|DailyCatchEntry_New.php
7 Aug 2018 15:13:19|29|kavitha@forstarfoods.com|DailyCatchEntry_New.php
7 Aug 2018 15:13:20|29|kavitha@forstarfoods.com|DailyCatchEntry_New.php
7 Aug 2018 15:13:21|29|kavitha@forstarfoods.com|DailyCatchEntry_New.php
7 Aug 2018 15:13:26|29|kavitha@forstarfoods.com|DailyCatchEntry_New.php
7 Aug 2018 15:13:28|29|kavitha@forstarfoods.com|DailyCatchEntry_New.php
7 Aug 2018 15:13:30|29|kavitha@forstarfoods.com|CatchEntryDeclaredItem.php
7 Aug 2018 15:13:32|31|rekha@foresee.com|ProductSpex.php
7 Aug 2018 15:13:33|29|kavitha@forstarfoods.com|DailyCatchEntry_New.php
7 Aug 2018 15:13:34|31|rekha@foresee.com|ProductCategory.php
7 Aug 2018 15:13:36|29|kavitha@forstarfoods.com|DailyCatchEntry_New.php
7 Aug 2018 15:13:38|29|kavitha@forstarfoods.com|DailyCatchEntry_New.php
7 Aug 2018 15:13:40|31|rekha@foresee.com|IngredientSpex.php
7 Aug 2018 15:13:40|29|kavitha@forstarfoods.com|DailyCatchEntry_New.php
7 Aug 2018 15:13:41|29|kavitha@forstarfoods.com|DailyCatchEntry_New.php
7 Aug 2018 15:13:41|31|rekha@foresee.com|IngredientMainCategory.php
7 Aug 2018 15:13:42|29|kavitha@forstarfoods.com|DailyCatchEntry_New.php
7 Aug 2018 15:13:43|29|kavitha@forstarfoods.com|DailyCatchEntry_New.php
7 Aug 2018 15:13:45|29|kavitha@forstarfoods.com|DailyCatchEntry_New.php
7 Aug 2018 15:13:46|29|kavitha@forstarfoods.com|DailyCatchEntry_New.php
7 Aug 2018 15:13:47|31|rekha@foresee.com|RecipeSpex.php
7 Aug 2018 15:13:47|29|kavitha@forstarfoods.com|DailyCatchEntry_New.php
7 Aug 2018 15:13:48|31|rekha@foresee.com|RecipeMainCategory.php
7 Aug 2018 15:13:48|29|kavitha@forstarfoods.com|DailyCatchEntry_New.php
7 Aug 2018 15:13:50|29|kavitha@forstarfoods.com|DailyCatchEntry_New.php
7 Aug 2018 15:13:51|29|kavitha@forstarfoods.com|DailyCatchEntry_New.php
7 Aug 2018 15:13:52|29|kavitha@forstarfoods.com|DailyCatchEntry_New.php
7 Aug 2018 15:13:56|29|kavitha@forstarfoods.com|DailyCatchEntry_New.php
7 Aug 2018 15:13:57|31|rekha@foresee.com|RecipeMaster.php
7 Aug 2018 15:13:58|29|kavitha@forstarfoods.com|DailyCatchEntry_New.php
7 Aug 2018 15:13:59|29|kavitha@forstarfoods.com|CatchEntryDeclaredItem.php
7 Aug 2018 15:14:01|29|kavitha@forstarfoods.com|DailyCatchEntry_New.php
7 Aug 2018 15:14:04|29|kavitha@forstarfoods.com|DailyCatchEntry_New.php
7 Aug 2018 15:14:08|29|kavitha@forstarfoods.com|DailyCatchEntry_New.php
7 Aug 2018 15:14:09|31|rekha@foresee.com|RecipeMaster.php
7 Aug 2018 15:14:09|29|kavitha@forstarfoods.com|DailyCatchEntry_New.php
7 Aug 2018 15:14:10|29|kavitha@forstarfoods.com|DailyCatchEntry_New.php
7 Aug 2018 15:14:11|29|kavitha@forstarfoods.com|DailyCatchEntry_New.php
7 Aug 2018 15:14:12|31|rekha@foresee.com|RecipeMaster.php
7 Aug 2018 15:14:13|29|kavitha@forstarfoods.com|DailyCatchEntry_New.php
7 Aug 2018 15:14:14|29|kavitha@forstarfoods.com|DailyCatchEntry_New.php
7 Aug 2018 15:14:15|29|kavitha@forstarfoods.com|DailyCatchEntry_New.php
7 Aug 2018 15:14:16|29|kavitha@forstarfoods.com|DailyCatchEntry_New.php
7 Aug 2018 15:14:17|29|kavitha@forstarfoods.com|DailyCatchEntry_New.php
7 Aug 2018 15:14:19|29|kavitha@forstarfoods.com|DailyCatchEntry_New.php
7 Aug 2018 15:14:20|29|kavitha@forstarfoods.com|DailyCatchEntry_New.php
7 Aug 2018 15:14:21|29|kavitha@forstarfoods.com|DailyCatchEntry_New.php
7 Aug 2018 15:14:25|29|kavitha@forstarfoods.com|DailyCatchEntry_New.php
7 Aug 2018 15:14:27|29|kavitha@forstarfoods.com|DailyCatchEntry_New.php
7 Aug 2018 15:14:28|29|kavitha@forstarfoods.com|CatchEntryDeclaredItem.php
7 Aug 2018 15:14:30|29|kavitha@forstarfoods.com|DailyCatchEntry_New.php
7 Aug 2018 15:14:33|29|kavitha@forstarfoods.com|DailyCatchEntry_New.php
7 Aug 2018 15:14:35|29|kavitha@forstarfoods.com|DailyCatchEntry_New.php
7 Aug 2018 15:14:36|29|kavitha@forstarfoods.com|DailyCatchEntry_New.php
7 Aug 2018 15:14:38|29|kavitha@forstarfoods.com|DailyCatchEntry_New.php
7 Aug 2018 15:14:39|29|kavitha@forstarfoods.com|DailyCatchEntry_New.php
7 Aug 2018 15:14:40|29|kavitha@forstarfoods.com|DailyCatchEntry_New.php
7 Aug 2018 15:14:41|29|kavitha@forstarfoods.com|DailyCatchEntry_New.php
7 Aug 2018 15:14:43|29|kavitha@forstarfoods.com|DailyCatchEntry_New.php
7 Aug 2018 15:14:44|29|kavitha@forstarfoods.com|DailyCatchEntry_New.php
7 Aug 2018 15:14:45|29|kavitha@forstarfoods.com|DailyCatchEntry_New.php
7 Aug 2018 15:14:46|29|kavitha@forstarfoods.com|DailyCatchEntry_New.php
7 Aug 2018 15:14:48|29|kavitha@forstarfoods.com|DailyCatchEntry_New.php
7 Aug 2018 15:14:49|29|kavitha@forstarfoods.com|DailyCatchEntry_New.php
7 Aug 2018 15:14:50|29|kavitha@forstarfoods.com|DailyCatchEntry_New.php
7 Aug 2018 15:14:51|31|rekha@foresee.com|IngredientSpex.php
7 Aug 2018 15:14:53|29|kavitha@forstarfoods.com|DailyCatchEntry_New.php
7 Aug 2018 15:14:53|31|rekha@foresee.com|IngredientMainCategory.php
7 Aug 2018 15:14:54|29|kavitha@forstarfoods.com|CatchEntryDeclaredItem.php
7 Aug 2018 15:14:56|31|rekha@foresee.com|RecipeSpex.php
7 Aug 2018 15:14:57|31|rekha@foresee.com|RecipeMainCategory.php
7 Aug 2018 15:15:01|29|kavitha@forstarfoods.com|DailyCatchReport.php
7 Aug 2018 15:15:01|31|rekha@foresee.com|RecipeMaster.php
7 Aug 2018 15:15:11|29|kavitha@forstarfoods.com|DailyCatchReport.php
7 Aug 2018 15:15:13|29|kavitha@forstarfoods.com|DailyCatchReport.php
7 Aug 2018 15:15:21|29|kavitha@forstarfoods.com|DailyCatchReport.php
7 Aug 2018 15:15:23|29|kavitha@forstarfoods.com|DailyCatchReport.php
7 Aug 2018 15:15:24|29|kavitha@forstarfoods.com|DailyCatchReport.php
7 Aug 2018 15:15:48|29|kavitha@forstarfoods.com|DailyCatchReport.php
7 Aug 2018 15:15:50|29|kavitha@forstarfoods.com|DailyCatchReport.php
7 Aug 2018 15:15:51|29|kavitha@forstarfoods.com|DailyCatchReport.php
7 Aug 2018 15:15:56|29|kavitha@forstarfoods.com|SupplierAccount.php
7 Aug 2018 15:16:03|29|kavitha@forstarfoods.com|SupplierAccount.php
7 Aug 2018 15:16:08|29|kavitha@forstarfoods.com|SupplierAccount.php
7 Aug 2018 15:16:12|29|kavitha@forstarfoods.com|SupplierAccount.php
7 Aug 2018 15:16:15|29|kavitha@forstarfoods.com|SupplierAccount.php
7 Aug 2018 15:16:18|29|kavitha@forstarfoods.com|SupplierAccount.php
7 Aug 2018 15:16:22|29|kavitha@forstarfoods.com|SupplierAccount.php
7 Aug 2018 15:17:22|29|kavitha@forstarfoods.com|SupplierAccount.php
7 Aug 2018 15:17:42|20|shiji@forstarfoods.com|DailyCatchEntry_New.php
7 Aug 2018 15:17:57|20|shiji@forstarfoods.com|DailyCatchReport.php
7 Aug 2018 15:18:05|20|shiji@forstarfoods.com|DailyCatchReport.php
7 Aug 2018 15:18:16|20|shiji@forstarfoods.com|DailyCatchEntry_New.php
7 Aug 2018 15:18:20|20|shiji@forstarfoods.com|DailyCatchEntry_New.php
7 Aug 2018 15:18:21|20|shiji@forstarfoods.com|DailyCatchEntry_New.php
7 Aug 2018 15:18:23|20|shiji@forstarfoods.com|DailyCatchEntry_New.php
7 Aug 2018 15:18:24|20|shiji@forstarfoods.com|DailyCatchEntry_New.php
7 Aug 2018 15:18:25|20|shiji@forstarfoods.com|CatchEntryDeclaredItem.php
7 Aug 2018 15:18:26|20|shiji@forstarfoods.com|DailyCatchEntry_New.php
7 Aug 2018 15:18:29|20|shiji@forstarfoods.com|DailyCatchEntry_New.php
7 Aug 2018 15:18:30|20|shiji@forstarfoods.com|DailyCatchEntry_New.php
7 Aug 2018 15:18:31|20|shiji@forstarfoods.com|DailyCatchEntry_New.php
7 Aug 2018 15:18:32|20|shiji@forstarfoods.com|DailyCatchEntry_New.php
7 Aug 2018 15:18:34|20|shiji@forstarfoods.com|DailyCatchEntry_New.php
7 Aug 2018 15:18:35|20|shiji@forstarfoods.com|DailyCatchEntry_New.php
7 Aug 2018 15:18:36|20|shiji@forstarfoods.com|DailyCatchEntry_New.php
7 Aug 2018 15:18:37|20|shiji@forstarfoods.com|DailyCatchEntry_New.php
7 Aug 2018 15:18:40|20|shiji@forstarfoods.com|DailyCatchEntry_New.php
7 Aug 2018 15:18:49|20|shiji@forstarfoods.com|DailyCatchEntry_New.php
7 Aug 2018 15:18:50|20|shiji@forstarfoods.com|CatchEntryDeclaredItem.php
7 Aug 2018 15:18:59|20|shiji@forstarfoods.com|DailyCatchEntry_New.php
7 Aug 2018 15:19:28|20|shiji@forstarfoods.com|DailyCatchEntry_New.php
7 Aug 2018 15:19:29|20|shiji@forstarfoods.com|DailyCatchEntry_New.php
7 Aug 2018 15:19:30|20|shiji@forstarfoods.com|DailyCatchEntry_New.php
7 Aug 2018 15:19:33|20|shiji@forstarfoods.com|DailyCatchEntry_New.php
7 Aug 2018 15:19:36|20|shiji@forstarfoods.com|DailyCatchEntry_New.php
7 Aug 2018 15:19:40|31|rekha@foresee.com|ProductionPlanning.php
7 Aug 2018 15:19:42|20|shiji@forstarfoods.com|DailyCatchEntry_New.php
7 Aug 2018 15:19:43|20|shiji@forstarfoods.com|DailyCatchEntry_New.php
7 Aug 2018 15:19:45|31|rekha@foresee.com|ProductionPlanning.php
7 Aug 2018 15:19:45|20|shiji@forstarfoods.com|DailyCatchEntry_New.php
7 Aug 2018 15:19:46|20|shiji@forstarfoods.com|DailyCatchEntry_New.php
7 Aug 2018 15:19:47|20|shiji@forstarfoods.com|DailyCatchEntry_New.php
7 Aug 2018 15:19:48|20|shiji@forstarfoods.com|DailyCatchEntry_New.php
7 Aug 2018 15:19:50|20|shiji@forstarfoods.com|DailyCatchEntry_New.php
7 Aug 2018 15:19:51|20|shiji@forstarfoods.com|DailyCatchEntry_New.php
7 Aug 2018 15:19:52|20|shiji@forstarfoods.com|DailyCatchEntry_New.php
7 Aug 2018 15:19:53|31|rekha@foresee.com|ProductSpex.php
7 Aug 2018 15:19:53|20|shiji@forstarfoods.com|DailyCatchEntry_New.php
7 Aug 2018 15:19:55|31|rekha@foresee.com|ProductCategory.php
7 Aug 2018 15:20:03|31|rekha@foresee.com|ProductState.php
7 Aug 2018 15:20:09|31|rekha@foresee.com|ProductGroup.php
7 Aug 2018 15:20:31|31|rekha@foresee.com|ProductCategory.php
7 Aug 2018 15:20:40|31|rekha@foresee.com|ProductState.php
7 Aug 2018 15:20:43|31|rekha@foresee.com|ProductGroup.php
7 Aug 2018 15:20:45|31|rekha@foresee.com|ProductMaster.php
7 Aug 2018 15:20:48|31|rekha@foresee.com|SemiFinishProductMaster.php
7 Aug 2018 15:20:50|31|rekha@foresee.com|ProductPriceRateList.php
7 Aug 2018 15:20:52|31|rekha@foresee.com|ProductPricing.php
7 Aug 2018 15:20:57|31|rekha@foresee.com|ManageProduct.php
7 Aug 2018 15:20:58|31|rekha@foresee.com|ManageProduct.php
7 Aug 2018 15:21:11|31|rekha@foresee.com|ProductMRPMaster.php
7 Aug 2018 15:21:13|31|rekha@foresee.com|ProductMRPMaster.php
7 Aug 2018 15:21:20|31|rekha@foresee.com|ProductMRPMaster.php
7 Aug 2018 15:21:22|31|rekha@foresee.com|ProductMRPMaster.php
7 Aug 2018 15:21:29|31|rekha@foresee.com|ProductMatrix.php
7 Aug 2018 15:21:30|31|rekha@foresee.com|ErrorPage.php
7 Aug 2018 15:21:41|20|shiji@forstarfoods.com|DailyCatchEntry_New.php
7 Aug 2018 15:21:58|20|shiji@forstarfoods.com|DailyCatchEntry_New.php
7 Aug 2018 15:21:59|20|shiji@forstarfoods.com|CatchEntryDeclaredItem.php
7 Aug 2018 15:22:07|20|shiji@forstarfoods.com|DailyCatchEntry_New.php
7 Aug 2018 15:22:10|20|shiji@forstarfoods.com|DailyCatchEntry_New.php
7 Aug 2018 15:22:13|20|shiji@forstarfoods.com|DailyCatchEntry_New.php
7 Aug 2018 15:22:14|20|shiji@forstarfoods.com|DailyCatchEntry_New.php
7 Aug 2018 15:22:14|31|rekha@foresee.com|ProductMRPMaster.php
7 Aug 2018 15:22:15|20|shiji@forstarfoods.com|DailyCatchEntry_New.php
7 Aug 2018 15:22:16|31|rekha@foresee.com|ProductMatrix.php
7 Aug 2018 15:22:17|20|shiji@forstarfoods.com|DailyCatchEntry_New.php
7 Aug 2018 15:22:17|31|rekha@foresee.com|ProductMRPMaster.php
7 Aug 2018 15:22:18|20|shiji@forstarfoods.com|DailyCatchEntry_New.php
7 Aug 2018 15:22:18|31|rekha@foresee.com|ErrorPage.php
7 Aug 2018 15:22:19|20|shiji@forstarfoods.com|DailyCatchEntry_New.php
7 Aug 2018 15:22:20|20|shiji@forstarfoods.com|DailyCatchEntry_New.php
7 Aug 2018 15:22:21|20|shiji@forstarfoods.com|DailyCatchEntry_New.php
7 Aug 2018 15:22:23|20|shiji@forstarfoods.com|DailyCatchEntry_New.php
7 Aug 2018 15:22:24|20|shiji@forstarfoods.com|DailyCatchEntry_New.php
7 Aug 2018 15:22:25|20|shiji@forstarfoods.com|DailyCatchEntry_New.php
7 Aug 2018 15:22:27|20|shiji@forstarfoods.com|DailyCatchEntry_New.php
7 Aug 2018 15:22:29|20|shiji@forstarfoods.com|CatchEntryDeclaredItem.php
7 Aug 2018 15:22:52|20|shiji@forstarfoods.com|DailyCatchEntry_New.php
7 Aug 2018 15:22:53|20|shiji@forstarfoods.com|DailyCatchEntry_New.php
7 Aug 2018 15:22:54|20|shiji@forstarfoods.com|DailyCatchEntry_New.php
7 Aug 2018 15:23:02|20|shiji@forstarfoods.com|DailyCatchEntry_New.php
7 Aug 2018 15:23:09|20|shiji@forstarfoods.com|DailyCatchEntry_New.php
7 Aug 2018 15:23:10|20|shiji@forstarfoods.com|CatchEntryDeclaredItem.php
7 Aug 2018 15:23:22|20|shiji@forstarfoods.com|DailyCatchEntry_New.php
7 Aug 2018 15:23:48|20|shiji@forstarfoods.com|DailyCatchEntry_New.php
7 Aug 2018 15:23:53|20|shiji@forstarfoods.com|DailyCatchEntry_New.php
7 Aug 2018 15:23:56|20|shiji@forstarfoods.com|DailyCatchEntry_New.php
7 Aug 2018 15:23:59|20|shiji@forstarfoods.com|DailyCatchEntry_New.php
7 Aug 2018 15:24:00|20|shiji@forstarfoods.com|DailyCatchEntry_New.php
7 Aug 2018 15:24:01|20|shiji@forstarfoods.com|DailyCatchEntry_New.php
7 Aug 2018 15:24:02|20|shiji@forstarfoods.com|DailyCatchEntry_New.php
7 Aug 2018 15:24:04|20|shiji@forstarfoods.com|DailyCatchEntry_New.php
7 Aug 2018 15:24:05|20|shiji@forstarfoods.com|DailyCatchEntry_New.php
7 Aug 2018 15:24:06|20|shiji@forstarfoods.com|DailyCatchEntry_New.php
7 Aug 2018 15:24:07|20|shiji@forstarfoods.com|DailyCatchEntry_New.php
7 Aug 2018 15:24:09|20|shiji@forstarfoods.com|DailyCatchEntry_New.php
7 Aug 2018 15:24:10|20|shiji@forstarfoods.com|DailyCatchEntry_New.php
7 Aug 2018 15:25:05|20|shiji@forstarfoods.com|DailyCatchEntry_New.php
7 Aug 2018 15:25:08|20|shiji@forstarfoods.com|DailyCatchEntry_New.php
7 Aug 2018 15:25:09|20|shiji@forstarfoods.com|CatchEntryDeclaredItem.php
7 Aug 2018 15:25:20|20|shiji@forstarfoods.com|DailyCatchEntry_New.php
7 Aug 2018 15:25:23|20|shiji@forstarfoods.com|DailyCatchEntry_New.php
7 Aug 2018 15:25:31|20|shiji@forstarfoods.com|DailyCatchEntry_New.php
7 Aug 2018 15:25:32|20|shiji@forstarfoods.com|DailyCatchEntry_New.php
7 Aug 2018 15:25:33|20|shiji@forstarfoods.com|DailyCatchEntry_New.php
7 Aug 2018 15:25:34|20|shiji@forstarfoods.com|DailyCatchEntry_New.php
7 Aug 2018 15:25:36|20|shiji@forstarfoods.com|DailyCatchEntry_New.php
7 Aug 2018 15:25:37|20|shiji@forstarfoods.com|DailyCatchEntry_New.php
7 Aug 2018 15:26:02|20|shiji@forstarfoods.com|DailyCatchEntry_New.php
7 Aug 2018 15:26:05|20|shiji@forstarfoods.com|DailyCatchEntry_New.php
7 Aug 2018 15:26:06|20|shiji@forstarfoods.com|CatchEntryDeclaredItem.php
7 Aug 2018 15:26:11|20|shiji@forstarfoods.com|DailyCatchEntry_New.php
7 Aug 2018 15:26:14|20|shiji@forstarfoods.com|DailyCatchEntry_New.php
7 Aug 2018 15:26:16|20|shiji@forstarfoods.com|DailyCatchEntry_New.php
7 Aug 2018 15:26:17|20|shiji@forstarfoods.com|DailyCatchEntry_New.php
7 Aug 2018 15:26:19|20|shiji@forstarfoods.com|DailyCatchEntry_New.php
7 Aug 2018 15:26:20|20|shiji@forstarfoods.com|DailyCatchEntry_New.php
7 Aug 2018 15:26:21|20|shiji@forstarfoods.com|DailyCatchEntry_New.php
7 Aug 2018 15:26:22|20|shiji@forstarfoods.com|DailyCatchEntry_New.php
7 Aug 2018 15:27:56|20|shiji@forstarfoods.com|DailyCatchEntry_New.php
7 Aug 2018 15:27:59|20|shiji@forstarfoods.com|DailyCatchEntry_New.php
7 Aug 2018 15:28:00|20|shiji@forstarfoods.com|CatchEntryDeclaredItem.php
7 Aug 2018 15:28:12|20|shiji@forstarfoods.com|DailyCatchEntry_New.php
7 Aug 2018 15:28:15|20|shiji@forstarfoods.com|DailyCatchEntry_New.php
7 Aug 2018 15:28:17|20|shiji@forstarfoods.com|DailyCatchEntry_New.php
7 Aug 2018 15:28:19|20|shiji@forstarfoods.com|DailyCatchEntry_New.php
7 Aug 2018 15:28:20|20|shiji@forstarfoods.com|DailyCatchEntry_New.php
7 Aug 2018 15:28:21|20|shiji@forstarfoods.com|DailyCatchEntry_New.php
7 Aug 2018 15:28:22|20|shiji@forstarfoods.com|DailyCatchEntry_New.php
7 Aug 2018 15:28:23|20|shiji@forstarfoods.com|DailyCatchEntry_New.php
7 Aug 2018 15:28:25|20|shiji@forstarfoods.com|DailyCatchEntry_New.php
7 Aug 2018 15:31:09|20|shiji@forstarfoods.com|DailyCatchEntry_New.php
7 Aug 2018 15:31:12|20|shiji@forstarfoods.com|DailyCatchEntry_New.php
7 Aug 2018 15:31:13|20|shiji@forstarfoods.com|DailyCatchEntry_New.php
7 Aug 2018 15:31:23|20|shiji@forstarfoods.com|DailyCatchEntry_New.php
7 Aug 2018 15:31:25|20|shiji@forstarfoods.com|DailyCatchEntry_New.php
7 Aug 2018 15:31:26|20|shiji@forstarfoods.com|DailyCatchEntry_New.php
7 Aug 2018 15:31:28|20|shiji@forstarfoods.com|DailyCatchEntry_New.php
7 Aug 2018 15:31:29|20|shiji@forstarfoods.com|CatchEntryDeclaredItem.php
7 Aug 2018 15:31:30|20|shiji@forstarfoods.com|DailyCatchEntry_New.php
7 Aug 2018 15:33:12|20|shiji@forstarfoods.com|DailyCatchEntry_New.php
7 Aug 2018 15:33:13|20|shiji@forstarfoods.com|DailyCatchEntry_New.php
7 Aug 2018 15:33:14|20|shiji@forstarfoods.com|DailyCatchEntry_New.php
7 Aug 2018 15:33:22|20|shiji@forstarfoods.com|DailyCatchEntry_New.php
7 Aug 2018 15:33:38|20|shiji@forstarfoods.com|DailyCatchEntry_New.php
7 Aug 2018 15:33:42|20|shiji@forstarfoods.com|DailyCatchEntry_New.php
7 Aug 2018 15:33:43|20|shiji@forstarfoods.com|CatchEntryDeclaredItem.php
7 Aug 2018 15:33:59|20|shiji@forstarfoods.com|DailyCatchEntry_New.php
7 Aug 2018 15:34:03|20|shiji@forstarfoods.com|DailyCatchEntry_New.php
7 Aug 2018 15:34:05|20|shiji@forstarfoods.com|DailyCatchEntry_New.php
7 Aug 2018 15:34:10|20|shiji@forstarfoods.com|DailyCatchEntry_New.php
7 Aug 2018 15:34:13|20|shiji@forstarfoods.com|DailyCatchEntry_New.php
7 Aug 2018 15:34:19|20|shiji@forstarfoods.com|DailyCatchEntry_New.php
7 Aug 2018 15:34:20|20|shiji@forstarfoods.com|DailyCatchEntry_New.php
7 Aug 2018 15:34:21|20|shiji@forstarfoods.com|DailyCatchEntry_New.php
7 Aug 2018 15:34:22|20|shiji@forstarfoods.com|DailyCatchEntry_New.php
7 Aug 2018 15:34:23|20|shiji@forstarfoods.com|DailyCatchEntry_New.php
7 Aug 2018 15:34:25|20|shiji@forstarfoods.com|DailyCatchEntry_New.php
7 Aug 2018 15:34:26|20|shiji@forstarfoods.com|DailyCatchEntry_New.php
7 Aug 2018 15:34:27|20|shiji@forstarfoods.com|DailyCatchEntry_New.php
7 Aug 2018 15:34:28|20|shiji@forstarfoods.com|DailyCatchEntry_New.php
7 Aug 2018 15:34:30|20|shiji@forstarfoods.com|DailyCatchEntry_New.php
7 Aug 2018 15:34:31|20|shiji@forstarfoods.com|DailyCatchEntry_New.php
7 Aug 2018 15:34:33|20|shiji@forstarfoods.com|DailyCatchEntry_New.php
7 Aug 2018 15:34:48|20|shiji@forstarfoods.com|DailyCatchEntry_New.php
7 Aug 2018 15:34:51|20|shiji@forstarfoods.com|DailyCatchReport.php
7 Aug 2018 15:34:58|20|shiji@forstarfoods.com|DailyCatchReport.php
7 Aug 2018 15:35:01|20|shiji@forstarfoods.com|DailyCatchReport.php
7 Aug 2018 15:35:04|20|shiji@forstarfoods.com|DailyCatchReport.php
7 Aug 2018 15:35:06|20|shiji@forstarfoods.com|DailyCatchReport.php
7 Aug 2018 15:35:07|20|shiji@forstarfoods.com|DailyCatchReport.php
7 Aug 2018 15:35:19|20|shiji@forstarfoods.com|DailyCatchEntry_New.php
7 Aug 2018 15:35:24|20|shiji@forstarfoods.com|DailyCatchEntry_New.php
7 Aug 2018 15:35:25|20|shiji@forstarfoods.com|DailyCatchEntry_New.php
7 Aug 2018 15:35:26|20|shiji@forstarfoods.com|DailyCatchEntry_New.php
7 Aug 2018 15:35:27|20|shiji@forstarfoods.com|DailyCatchEntry_New.php
7 Aug 2018 15:35:29|20|shiji@forstarfoods.com|DailyCatchEntry_New.php
7 Aug 2018 15:35:30|20|shiji@forstarfoods.com|DailyCatchEntry_New.php
7 Aug 2018 15:35:31|20|shiji@forstarfoods.com|DailyCatchEntry_New.php
7 Aug 2018 15:35:32|20|shiji@forstarfoods.com|DailyCatchEntry_New.php
7 Aug 2018 15:35:34|20|shiji@forstarfoods.com|DailyCatchEntry_New.php
7 Aug 2018 15:35:40|20|shiji@forstarfoods.com|DailyCatchEntry_New.php
7 Aug 2018 15:35:42|20|shiji@forstarfoods.com|DailyCatchEntry_New.php
7 Aug 2018 15:35:44|20|shiji@forstarfoods.com|DailyCatchEntry_New.php
7 Aug 2018 15:35:45|20|shiji@forstarfoods.com|CatchEntryDeclaredItem.php
7 Aug 2018 15:35:46|20|shiji@forstarfoods.com|DailyCatchEntry_New.php
7 Aug 2018 15:35:47|20|shiji@forstarfoods.com|CatchEntryDeclaredItem.php
7 Aug 2018 15:35:56|20|shiji@forstarfoods.com|DailyCatchEntry_New.php
7 Aug 2018 15:35:59|20|shiji@forstarfoods.com|DailyCatchEntry_New.php
7 Aug 2018 15:36:02|20|shiji@forstarfoods.com|DailyCatchEntry_New.php
7 Aug 2018 15:36:15|20|shiji@forstarfoods.com|DailyCatchEntry_New.php
7 Aug 2018 15:36:17|20|shiji@forstarfoods.com|DailyCatchEntry_New.php
7 Aug 2018 15:36:19|20|shiji@forstarfoods.com|DailyCatchEntry_New.php
7 Aug 2018 15:36:20|20|shiji@forstarfoods.com|CatchEntryDeclaredItem.php
7 Aug 2018 15:36:21|20|shiji@forstarfoods.com|DailyCatchEntry_New.php
7 Aug 2018 15:36:22|20|shiji@forstarfoods.com|CatchEntryDeclaredItem.php
7 Aug 2018 15:36:24|20|shiji@forstarfoods.com|DailyCatchEntry_New.php
7 Aug 2018 15:36:26|20|shiji@forstarfoods.com|DailyCatchEntry_New.php
7 Aug 2018 15:36:28|20|shiji@forstarfoods.com|CatchEntryDeclaredItem.php
7 Aug 2018 15:37:06|31|rekha@foresee.com|ProductSpex.php
7 Aug 2018 15:37:09|31|rekha@foresee.com|ProductCategory.php
7 Aug 2018 15:37:12|31|rekha@foresee.com|ProductMatrix.php
7 Aug 2018 15:37:13|31|rekha@foresee.com|ErrorPage.php
7 Aug 2018 15:39:09|20|shiji@forstarfoods.com|DailyCatchEntry_New.php
7 Aug 2018 15:39:12|20|shiji@forstarfoods.com|DailyCatchEntry_New.php
7 Aug 2018 15:39:54|20|shiji@forstarfoods.com|DailyCatchEntry_New.php
7 Aug 2018 15:39:56|20|shiji@forstarfoods.com|DailyCatchEntry_New.php
7 Aug 2018 15:39:59|20|shiji@forstarfoods.com|CatchEntryDeclaredItem.php
7 Aug 2018 15:40:23|20|shiji@forstarfoods.com|DailyCatchEntry_New.php
7 Aug 2018 15:40:26|20|shiji@forstarfoods.com|DailyCatchEntry_New.php
7 Aug 2018 15:40:36|31|rekha@foresee.com|ProductCategory.php
7 Aug 2018 15:40:37|31|rekha@foresee.com|ProductState.php
7 Aug 2018 15:40:38|31|rekha@foresee.com|ProductGroup.php
7 Aug 2018 15:40:40|31|rekha@foresee.com|ProductMaster.php
7 Aug 2018 15:40:41|31|rekha@foresee.com|SemiFinishProductMaster.php
7 Aug 2018 15:40:42|31|rekha@foresee.com|ProductPriceRateList.php
7 Aug 2018 15:40:43|31|rekha@foresee.com|ProductPricing.php
7 Aug 2018 15:40:45|31|rekha@foresee.com|ManageProduct.php
7 Aug 2018 15:40:46|31|rekha@foresee.com|ProductMRPMaster.php
7 Aug 2018 15:40:47|31|rekha@foresee.com|ProductMatrix.php
7 Aug 2018 15:40:48|31|rekha@foresee.com|ProductCategory.php
7 Aug 2018 15:40:50|31|rekha@foresee.com|ManageProduct.php
7 Aug 2018 15:40:51|31|rekha@foresee.com|ProductMRPMaster.php
7 Aug 2018 15:40:52|31|rekha@foresee.com|ErrorPage.php
7 Aug 2018 15:41:17|20|shiji@forstarfoods.com|DailyCatchEntry_New.php
7 Aug 2018 15:41:30|31|rekha@foresee.com|ProductGroup.php
7 Aug 2018 15:41:31|31|rekha@foresee.com|ProductState.php
7 Aug 2018 15:41:32|31|rekha@foresee.com|ProductCategory.php
7 Aug 2018 15:41:51|20|shiji@forstarfoods.com|DailyCatchEntry_New.php
7 Aug 2018 15:41:54|20|shiji@forstarfoods.com|DailyCatchEntry_New.php
7 Aug 2018 15:41:56|20|shiji@forstarfoods.com|CatchEntryDeclaredItem.php
7 Aug 2018 15:42:03|20|shiji@forstarfoods.com|DailyCatchEntry_New.php
7 Aug 2018 15:42:06|20|shiji@forstarfoods.com|DailyCatchEntry_New.php
7 Aug 2018 15:42:35|20|shiji@forstarfoods.com|DailyCatchEntry_New.php
7 Aug 2018 15:42:38|20|shiji@forstarfoods.com|DailyCatchEntry_New.php
7 Aug 2018 15:42:39|20|shiji@forstarfoods.com|CatchEntryDeclaredItem.php
7 Aug 2018 15:42:44|20|shiji@forstarfoods.com|DailyCatchEntry_New.php
7 Aug 2018 15:42:47|20|shiji@forstarfoods.com|DailyCatchEntry_New.php
7 Aug 2018 15:43:08|20|shiji@forstarfoods.com|DailyCatchEntry_New.php
7 Aug 2018 15:43:10|20|shiji@forstarfoods.com|DailyCatchEntry_New.php
7 Aug 2018 15:43:11|20|shiji@forstarfoods.com|CatchEntryDeclaredItem.php
7 Aug 2018 15:43:15|20|shiji@forstarfoods.com|DailyCatchEntry_New.php
7 Aug 2018 15:43:18|20|shiji@forstarfoods.com|DailyCatchEntry_New.php
7 Aug 2018 15:44:22|20|shiji@forstarfoods.com|DailyCatchEntry_New.php
7 Aug 2018 15:45:17|31|rekha@foresee.com|ProductState.php
7 Aug 2018 15:45:20|31|rekha@foresee.com|ProductGroup.php
7 Aug 2018 15:45:23|31|rekha@foresee.com|Home.php
7 Aug 2018 15:45:51|31|rekha@foresee.com|IngredientCategory.php
7 Aug 2018 15:46:04|31|rekha@foresee.com|IngredientPhysicalStock.php
7 Aug 2018 15:46:08|31|rekha@foresee.com|IngredientPhysicalStock.php
7 Aug 2018 15:46:13|31|rekha@foresee.com|IngredientPhysicalStock.php
7 Aug 2018 15:46:19|20|shiji@forstarfoods.com|DailyCatchEntry_New.php
7 Aug 2018 15:46:31|20|shiji@forstarfoods.com|DailyCatchEntry_New.php
7 Aug 2018 15:46:35|31|rekha@foresee.com|IngredientSpex.php
7 Aug 2018 15:46:37|31|rekha@foresee.com|IngredientMainCategory.php
7 Aug 2018 15:46:44|31|rekha@foresee.com|IngredientCategory.php
7 Aug 2018 15:46:50|31|rekha@foresee.com|IngredientCategory.php
7 Aug 2018 15:46:58|31|rekha@foresee.com|IngredientCriticalParameters.php
7 Aug 2018 15:47:13|20|shiji@forstarfoods.com|DailyCatchEntry_New.php
7 Aug 2018 15:47:15|20|shiji@forstarfoods.com|DailyCatchEntry_New.php
7 Aug 2018 15:47:17|20|shiji@forstarfoods.com|CatchEntryDeclaredItem.php
7 Aug 2018 15:47:20|20|shiji@forstarfoods.com|DailyCatchEntry_New.php
7 Aug 2018 15:47:23|20|shiji@forstarfoods.com|DailyCatchEntry_New.php
7 Aug 2018 15:47:43|31|rekha@foresee.com|IngredientCategory.php
7 Aug 2018 15:47:50|31|rekha@foresee.com|IngredientsMaster.php
7 Aug 2018 15:47:54|31|rekha@foresee.com|IngredientRateMaster.php
7 Aug 2018 15:47:57|31|rekha@foresee.com|SupplierIngredient.php
7 Aug 2018 15:48:00|31|rekha@foresee.com|ProductSpex.php
7 Aug 2018 15:48:02|31|rekha@foresee.com|ProductCategory.php
7 Aug 2018 15:49:21|31|rekha@foresee.com|Home.php
7 Aug 2018 15:49:34|31|rekha@foresee.com|IngredientSpex.php
7 Aug 2018 15:49:35|31|rekha@foresee.com|IngredientMainCategory.php
7 Aug 2018 15:49:42|31|rekha@foresee.com|IngredientCriticalParameters.php
7 Aug 2018 15:49:45|31|rekha@foresee.com|IngredientsMaster.php
7 Aug 2018 15:49:48|31|rekha@foresee.com|IngredientRateMaster.php
7 Aug 2018 15:49:52|31|rekha@foresee.com|SupplierIngredient.php
7 Aug 2018 15:49:54|31|rekha@foresee.com|IngredientPhysicalStock.php
7 Aug 2018 15:49:57|31|rekha@foresee.com|IngredientMainCategory.php
7 Aug 2018 15:50:00|31|rekha@foresee.com|IngredientCategory.php
7 Aug 2018 15:50:06|31|rekha@foresee.com|IngredientCriticalParameters.php
7 Aug 2018 15:50:10|31|rekha@foresee.com|IngredientsMaster.php
7 Aug 2018 15:50:16|31|rekha@foresee.com|IngredientsMaster.php
7 Aug 2018 15:50:21|31|rekha@foresee.com|IngredientsMaster.php
7 Aug 2018 15:50:33|31|rekha@foresee.com|IngredientsMaster.php
7 Aug 2018 15:50:45|31|rekha@foresee.com|ProductSpex.php
7 Aug 2018 15:50:46|31|rekha@foresee.com|ProductCategory.php
7 Aug 2018 15:50:50|31|rekha@foresee.com|IngredientSpex.php
7 Aug 2018 15:50:51|31|rekha@foresee.com|IngredientMainCategory.php
7 Aug 2018 15:51:20|20|shiji@forstarfoods.com|DailyCatchEntry_New.php
7 Aug 2018 15:52:30|31|rekha@foresee.com|IngredientSpex.php
7 Aug 2018 15:52:31|31|rekha@foresee.com|IngredientMainCategory.php
7 Aug 2018 15:52:37|31|rekha@foresee.com|ProductSpex.php
7 Aug 2018 15:52:38|31|rekha@foresee.com|ProductCategory.php
7 Aug 2018 15:53:35|31|rekha@foresee.com|ProductSpex.php
7 Aug 2018 15:53:36|31|rekha@foresee.com|ProductCategory.php
7 Aug 2018 15:55:01|31|rekha@foresee.com|ProductSpex.php
7 Aug 2018 15:55:02|31|rekha@foresee.com|ProductCategory.php
7 Aug 2018 15:55:08|31|rekha@foresee.com|ProductState.php
7 Aug 2018 15:55:15|31|rekha@foresee.com|ProductState.php
7 Aug 2018 15:55:21|31|rekha@foresee.com|ProductState.php
7 Aug 2018 15:55:25|20|shiji@forstarfoods.com|DailyCatchEntry_New.php
7 Aug 2018 15:55:26|31|rekha@foresee.com|ProductState.php
7 Aug 2018 15:55:27|20|shiji@forstarfoods.com|DailyCatchEntry_New.php
7 Aug 2018 15:55:30|20|shiji@forstarfoods.com|DailyCatchEntry_New.php
7 Aug 2018 15:55:31|31|rekha@foresee.com|ProductState.php
7 Aug 2018 15:55:37|20|shiji@forstarfoods.com|DailyCatchEntry_New.php
7 Aug 2018 15:55:40|20|shiji@forstarfoods.com|DailyCatchEntry_New.php
7 Aug 2018 15:55:40|31|rekha@foresee.com|ProductState.php
7 Aug 2018 15:55:41|20|shiji@forstarfoods.com|DailyCatchEntry_New.php