
31 Jul 2018 12:19:21|30|pritirm@forstarfoods.com|DailyCatchEntry_New.php
31 Jul 2018 12:19:22|30|pritirm@forstarfoods.com|DailyCatchEntry_New.php
31 Jul 2018 12:19:23|30|pritirm@forstarfoods.com|DailyCatchEntry_New.php
31 Jul 2018 12:19:25|30|pritirm@forstarfoods.com|DailyCatchEntry_New.php
31 Jul 2018 12:19:26|30|pritirm@forstarfoods.com|DailyCatchEntry_New.php
31 Jul 2018 12:19:27|30|pritirm@forstarfoods.com|DailyCatchEntry_New.php
31 Jul 2018 12:19:28|30|pritirm@forstarfoods.com|DailyCatchEntry_New.php
31 Jul 2018 12:19:31|30|pritirm@forstarfoods.com|DailyCatchEntry_New.php
31 Jul 2018 12:19:34|30|pritirm@forstarfoods.com|DailyCatchEntry_New.php
31 Jul 2018 12:19:35|30|pritirm@forstarfoods.com|CatchEntryDeclaredItem.php
31 Jul 2018 12:21:36|30|pritirm@forstarfoods.com|DailyCatchEntry_New.php
31 Jul 2018 12:21:47|30|pritirm@forstarfoods.com|DailyCatchEntry_New.php
31 Jul 2018 12:21:49|30|pritirm@forstarfoods.com|DailyCatchEntry_New.php
31 Jul 2018 12:21:50|30|pritirm@forstarfoods.com|DailyCatchEntry_New.php
31 Jul 2018 12:21:52|30|pritirm@forstarfoods.com|DailyCatchEntry_New.php
31 Jul 2018 12:21:53|30|pritirm@forstarfoods.com|CatchEntryDeclaredItem.php
31 Jul 2018 12:21:54|30|pritirm@forstarfoods.com|DailyCatchEntry_New.php
31 Jul 2018 12:21:56|30|pritirm@forstarfoods.com|DailyCatchEntry_New.php
31 Jul 2018 12:21:58|30|pritirm@forstarfoods.com|DailyCatchEntry_New.php
31 Jul 2018 12:21:59|30|pritirm@forstarfoods.com|DailyCatchEntry_New.php
31 Jul 2018 12:22:07|30|pritirm@forstarfoods.com|DailyCatchEntry_New.php
31 Jul 2018 12:22:13|30|pritirm@forstarfoods.com|DailyCatchEntry_New.php
31 Jul 2018 12:22:14|30|pritirm@forstarfoods.com|CatchEntryDeclaredItem.php
31 Jul 2018 12:22:22|30|pritirm@forstarfoods.com|DailyCatchEntry_New.php
31 Jul 2018 12:22:24|30|pritirm@forstarfoods.com|DailyCatchEntry_New.php
31 Jul 2018 12:22:25|30|pritirm@forstarfoods.com|DailyCatchEntry_New.php
31 Jul 2018 12:22:26|30|pritirm@forstarfoods.com|DailyCatchEntry_New.php
31 Jul 2018 12:22:27|30|pritirm@forstarfoods.com|DailyCatchEntry_New.php
31 Jul 2018 12:22:29|30|pritirm@forstarfoods.com|DailyCatchEntry_New.php
31 Jul 2018 12:22:31|30|pritirm@forstarfoods.com|DailyCatchEntry_New.php
31 Jul 2018 12:22:32|30|pritirm@forstarfoods.com|DailyCatchEntry_New.php
31 Jul 2018 12:22:34|30|pritirm@forstarfoods.com|DailyCatchEntry_New.php
31 Jul 2018 12:22:39|20|shiji@forstarfoods.com|DailyPreProcess.php
31 Jul 2018 12:22:42|30|pritirm@forstarfoods.com|DailyCatchEntry_New.php
31 Jul 2018 12:22:44|30|pritirm@forstarfoods.com|DailyCatchEntry_New.php
31 Jul 2018 12:22:48|20|shiji@forstarfoods.com|DailyPreProcess.php
31 Jul 2018 12:22:49|30|pritirm@forstarfoods.com|DailyCatchEntry_New.php
31 Jul 2018 12:22:50|30|pritirm@forstarfoods.com|DailyCatchEntry_New.php
31 Jul 2018 12:22:51|30|pritirm@forstarfoods.com|DailyCatchEntry_New.php
31 Jul 2018 12:22:52|20|shiji@forstarfoods.com|DailyPreProcess.php
31 Jul 2018 12:22:52|30|pritirm@forstarfoods.com|DailyCatchEntry_New.php
31 Jul 2018 12:22:54|30|pritirm@forstarfoods.com|DailyCatchEntry_New.php
31 Jul 2018 12:22:55|30|pritirm@forstarfoods.com|DailyCatchEntry_New.php
31 Jul 2018 12:22:58|30|pritirm@forstarfoods.com|DailyCatchEntry_New.php
31 Jul 2018 12:23:00|30|pritirm@forstarfoods.com|DailyCatchEntry_New.php
31 Jul 2018 12:23:01|30|pritirm@forstarfoods.com|CatchEntryDeclaredItem.php
31 Jul 2018 12:23:02|20|shiji@forstarfoods.com|DailyPreProcess.php
31 Jul 2018 12:23:04|20|shiji@forstarfoods.com|DailyPreProcess.php
31 Jul 2018 12:23:13|30|pritirm@forstarfoods.com|DailyCatchEntry_New.php
31 Jul 2018 12:23:14|30|pritirm@forstarfoods.com|DailyCatchEntry_New.php
31 Jul 2018 12:23:17|30|pritirm@forstarfoods.com|DailyCatchEntry_New.php
31 Jul 2018 12:23:18|30|pritirm@forstarfoods.com|DailyCatchEntry_New.php
31 Jul 2018 12:23:19|30|pritirm@forstarfoods.com|DailyCatchEntry_New.php
31 Jul 2018 12:23:20|30|pritirm@forstarfoods.com|DailyCatchEntry_New.php
31 Jul 2018 12:23:21|30|pritirm@forstarfoods.com|DailyCatchEntry_New.php
31 Jul 2018 12:23:23|30|pritirm@forstarfoods.com|DailyCatchEntry_New.php
31 Jul 2018 12:23:24|30|pritirm@forstarfoods.com|DailyCatchEntry_New.php
31 Jul 2018 12:23:26|30|pritirm@forstarfoods.com|DailyCatchEntry_New.php
31 Jul 2018 12:23:28|30|pritirm@forstarfoods.com|CatchEntryDeclaredItem.php
31 Jul 2018 12:23:41|30|pritirm@forstarfoods.com|DailyCatchEntry_New.php
31 Jul 2018 12:23:43|30|pritirm@forstarfoods.com|DailyCatchEntry_New.php
31 Jul 2018 12:23:44|20|shiji@forstarfoods.com|DailyPreProcess.php
31 Jul 2018 12:23:44|30|pritirm@forstarfoods.com|DailyCatchEntry_New.php
31 Jul 2018 12:23:52|30|pritirm@forstarfoods.com|DailyCatchEntry_New.php
31 Jul 2018 12:23:57|30|pritirm@forstarfoods.com|DailyCatchEntry_New.php
31 Jul 2018 12:23:59|30|pritirm@forstarfoods.com|CatchEntryDeclaredItem.php
31 Jul 2018 12:24:14|30|pritirm@forstarfoods.com|DailyCatchEntry_New.php
31 Jul 2018 12:24:16|30|pritirm@forstarfoods.com|DailyCatchEntry_New.php
31 Jul 2018 12:24:18|30|pritirm@forstarfoods.com|DailyCatchEntry_New.php
31 Jul 2018 12:24:22|30|pritirm@forstarfoods.com|DailyCatchEntry_New.php
31 Jul 2018 12:24:23|30|pritirm@forstarfoods.com|DailyCatchEntry_New.php
31 Jul 2018 12:24:24|30|pritirm@forstarfoods.com|DailyCatchEntry_New.php
31 Jul 2018 12:24:25|30|pritirm@forstarfoods.com|DailyCatchEntry_New.php
31 Jul 2018 12:24:27|30|pritirm@forstarfoods.com|DailyCatchEntry_New.php
31 Jul 2018 12:24:28|30|pritirm@forstarfoods.com|DailyCatchEntry_New.php
31 Jul 2018 12:24:29|30|pritirm@forstarfoods.com|DailyCatchEntry_New.php
31 Jul 2018 12:24:30|30|pritirm@forstarfoods.com|DailyCatchEntry_New.php
31 Jul 2018 12:24:32|30|pritirm@forstarfoods.com|DailyCatchEntry_New.php
31 Jul 2018 12:24:33|30|pritirm@forstarfoods.com|DailyCatchEntry_New.php
31 Jul 2018 12:26:41|30|pritirm@forstarfoods.com|DailyCatchEntry_New.php
31 Jul 2018 12:26:44|30|pritirm@forstarfoods.com|DailyCatchEntry_New.php
31 Jul 2018 12:26:46|30|pritirm@forstarfoods.com|CatchEntryDeclaredItem.php
31 Jul 2018 12:26:49|30|pritirm@forstarfoods.com|DailyCatchEntry_New.php
31 Jul 2018 12:29:07|20|shiji@forstarfoods.com|DailyPreProcess.php
31 Jul 2018 12:29:09|20|shiji@forstarfoods.com|DailyPreProcess.php
31 Jul 2018 12:30:05|20|shiji@forstarfoods.com|DailyPreProcess.php
31 Jul 2018 12:30:10|20|shiji@forstarfoods.com|DailyPreProcess.php
31 Jul 2018 12:30:11|20|shiji@forstarfoods.com|DailyPreProcess.php
31 Jul 2018 12:31:51|30|pritirm@forstarfoods.com|DailyCatchEntry_New.php
31 Jul 2018 12:35:59|20|shiji@forstarfoods.com|DailyPreProcess.php
31 Jul 2018 12:36:01|20|shiji@forstarfoods.com|DailyPreProcess.php
31 Jul 2018 12:36:28|20|shiji@forstarfoods.com|DailyPreProcess.php
31 Jul 2018 12:36:30|20|shiji@forstarfoods.com|DailyPreProcess.php
31 Jul 2018 12:36:52|30|pritirm@forstarfoods.com|DailyCatchEntry_New.php
31 Jul 2018 12:37:04|20|shiji@forstarfoods.com|DailyPreProcess.php
31 Jul 2018 12:37:05|20|shiji@forstarfoods.com|DailyPreProcess.php
31 Jul 2018 12:37:11|20|shiji@forstarfoods.com|DailyPreProcess.php
31 Jul 2018 12:37:13|20|shiji@forstarfoods.com|DailyPreProcess.php
31 Jul 2018 12:38:05|20|shiji@forstarfoods.com|DailyPreProcess.php
31 Jul 2018 12:38:07|20|shiji@forstarfoods.com|DailyPreProcess.php
31 Jul 2018 12:38:59|20|shiji@forstarfoods.com|DailyPreProcess.php
31 Jul 2018 12:39:01|20|shiji@forstarfoods.com|DailyPreProcess.php
31 Jul 2018 12:39:09|20|shiji@forstarfoods.com|DailyPreProcess.php
31 Jul 2018 12:39:11|20|shiji@forstarfoods.com|DailyPreProcess.php
31 Jul 2018 12:40:32|20|shiji@forstarfoods.com|DailyPreProcess.php
31 Jul 2018 12:40:34|20|shiji@forstarfoods.com|DailyPreProcess.php
31 Jul 2018 12:40:42|20|shiji@forstarfoods.com|DailyPreProcess.php
31 Jul 2018 12:40:44|20|shiji@forstarfoods.com|DailyPreProcess.php
31 Jul 2018 12:41:21|20|shiji@forstarfoods.com|DailyPreProcess.php
31 Jul 2018 12:41:22|20|shiji@forstarfoods.com|DailyPreProcess.php
31 Jul 2018 12:41:29|20|shiji@forstarfoods.com|DailyPreProcess.php
31 Jul 2018 12:41:31|20|shiji@forstarfoods.com|DailyPreProcess.php
31 Jul 2018 12:41:39|20|shiji@forstarfoods.com|DailyPreProcess.php
31 Jul 2018 12:41:40|20|shiji@forstarfoods.com|DailyPreProcess.php
31 Jul 2018 12:41:53|30|pritirm@forstarfoods.com|DailyCatchEntry_New.php
31 Jul 2018 12:44:13|20|shiji@forstarfoods.com|DailyPreProcess.php
31 Jul 2018 12:44:15|20|shiji@forstarfoods.com|DailyPreProcess.php
31 Jul 2018 12:44:22|20|shiji@forstarfoods.com|DailyPreProcess.php
31 Jul 2018 12:44:23|20|shiji@forstarfoods.com|DailyPreProcess.php
31 Jul 2018 12:44:31|20|shiji@forstarfoods.com|DailyPreProcess.php
31 Jul 2018 12:44:32|20|shiji@forstarfoods.com|DailyPreProcess.php
31 Jul 2018 12:46:01|20|shiji@forstarfoods.com|DailyPreProcess.php
31 Jul 2018 12:46:02|20|shiji@forstarfoods.com|DailyPreProcess.php
31 Jul 2018 12:46:10|20|shiji@forstarfoods.com|DailyPreProcess.php
31 Jul 2018 12:46:12|20|shiji@forstarfoods.com|DailyPreProcess.php
31 Jul 2018 12:46:55|30|pritirm@forstarfoods.com|DailyCatchEntry_New.php
31 Jul 2018 12:48:31|20|shiji@forstarfoods.com|DailyPreProcess.php
31 Jul 2018 12:48:33|20|shiji@forstarfoods.com|DailyPreProcess.php
31 Jul 2018 12:48:42|20|shiji@forstarfoods.com|DailyPreProcess.php
31 Jul 2018 12:48:44|20|shiji@forstarfoods.com|DailyPreProcess.php
31 Jul 2018 12:48:55|20|shiji@forstarfoods.com|DailyPreProcess.php
31 Jul 2018 12:48:56|20|shiji@forstarfoods.com|DailyPreProcess.php
31 Jul 2018 12:51:56|30|pritirm@forstarfoods.com|DailyCatchEntry_New.php
31 Jul 2018 12:52:28|20|shiji@forstarfoods.com|DailyPreProcess.php
31 Jul 2018 12:52:29|20|shiji@forstarfoods.com|DailyPreProcess.php
31 Jul 2018 12:52:32|20|shiji@forstarfoods.com|DailyPreProcess.php
31 Jul 2018 12:52:33|20|shiji@forstarfoods.com|DailyPreProcess.php
31 Jul 2018 12:52:39|20|shiji@forstarfoods.com|DailyPreProcess.php
31 Jul 2018 12:52:41|20|shiji@forstarfoods.com|DailyPreProcess.php
31 Jul 2018 12:56:08|20|shiji@forstarfoods.com|DailyPreProcess.php
31 Jul 2018 12:56:09|20|shiji@forstarfoods.com|DailyPreProcess.php
31 Jul 2018 12:56:24|20|shiji@forstarfoods.com|DailyPreProcess.php
31 Jul 2018 12:56:26|20|shiji@forstarfoods.com|DailyPreProcess.php
31 Jul 2018 12:56:33|20|shiji@forstarfoods.com|DailyPreProcess.php
31 Jul 2018 12:56:35|20|shiji@forstarfoods.com|DailyPreProcess.php
31 Jul 2018 12:56:42|20|shiji@forstarfoods.com|DailyPreProcess.php
31 Jul 2018 12:56:43|20|shiji@forstarfoods.com|DailyPreProcess.php
31 Jul 2018 12:56:57|30|pritirm@forstarfoods.com|DailyCatchEntry_New.php
31 Jul 2018 12:58:04|20|shiji@forstarfoods.com|DailyPreProcess.php
31 Jul 2018 12:58:05|20|shiji@forstarfoods.com|DailyPreProcess.php
31 Jul 2018 12:58:09|20|shiji@forstarfoods.com|DailyPreProcess.php
31 Jul 2018 12:58:10|20|shiji@forstarfoods.com|DailyPreProcess.php
31 Jul 2018 12:58:14|20|shiji@forstarfoods.com|DailyPreProcess.php
31 Jul 2018 12:58:15|20|shiji@forstarfoods.com|DailyPreProcess.php
31 Jul 2018 12:58:52|20|shiji@forstarfoods.com|DailyCatchEntry_New.php
31 Jul 2018 13:01:59|30|pritirm@forstarfoods.com|DailyCatchEntry_New.php
31 Jul 2018 13:07:00|30|pritirm@forstarfoods.com|DailyCatchEntry_New.php
31 Jul 2018 13:10:28|29|kavitha@forstarfoods.com|Home.php
31 Jul 2018 13:10:34|29|kavitha@forstarfoods.com|DailyCatchEntry_New.php
31 Jul 2018 13:10:46|29|kavitha@forstarfoods.com|DailyCatchEntry_New.php
31 Jul 2018 13:10:48|29|kavitha@forstarfoods.com|DailyCatchEntry_New.php
31 Jul 2018 13:10:49|29|kavitha@forstarfoods.com|DailyCatchEntry_New.php
31 Jul 2018 13:10:50|29|kavitha@forstarfoods.com|DailyCatchEntry_New.php
31 Jul 2018 13:10:52|29|kavitha@forstarfoods.com|CatchEntryDeclaredItem.php
31 Jul 2018 13:10:53|29|kavitha@forstarfoods.com|DailyCatchEntry_New.php
31 Jul 2018 13:10:59|29|kavitha@forstarfoods.com|DailyCatchEntry_New.php
31 Jul 2018 13:11:00|29|kavitha@forstarfoods.com|DailyCatchEntry_New.php
31 Jul 2018 13:11:01|29|kavitha@forstarfoods.com|DailyCatchEntry_New.php
31 Jul 2018 13:11:03|29|kavitha@forstarfoods.com|DailyCatchEntry_New.php
31 Jul 2018 13:11:04|29|kavitha@forstarfoods.com|DailyCatchEntry_New.php
31 Jul 2018 13:11:06|29|kavitha@forstarfoods.com|DailyCatchEntry_New.php
31 Jul 2018 13:11:07|29|kavitha@forstarfoods.com|DailyCatchEntry_New.php
31 Jul 2018 13:11:08|29|kavitha@forstarfoods.com|DailyCatchEntry_New.php
31 Jul 2018 13:11:18|29|kavitha@forstarfoods.com|DailyCatchEntry_New.php
31 Jul 2018 13:12:01|30|pritirm@forstarfoods.com|DailyCatchEntry_New.php
31 Jul 2018 13:12:06|29|kavitha@forstarfoods.com|DailyCatchEntry_New.php
31 Jul 2018 13:12:07|29|kavitha@forstarfoods.com|CatchEntryDeclaredItem.php
31 Jul 2018 13:12:21|29|kavitha@forstarfoods.com|DailyCatchEntry_New.php
31 Jul 2018 13:12:23|29|kavitha@forstarfoods.com|DailyCatchEntry_New.php
31 Jul 2018 13:12:24|29|kavitha@forstarfoods.com|DailyCatchEntry_New.php
31 Jul 2018 13:12:48|29|kavitha@forstarfoods.com|DailyCatchEntry_New.php
31 Jul 2018 13:12:51|29|kavitha@forstarfoods.com|DailyCatchEntry_New.php
31 Jul 2018 13:13:01|29|kavitha@forstarfoods.com|DailyCatchEntry_New.php
31 Jul 2018 13:13:02|29|kavitha@forstarfoods.com|DailyCatchEntry_New.php
31 Jul 2018 13:13:03|29|kavitha@forstarfoods.com|DailyCatchEntry_New.php
31 Jul 2018 13:13:04|29|kavitha@forstarfoods.com|DailyCatchEntry_New.php
31 Jul 2018 13:13:06|29|kavitha@forstarfoods.com|DailyCatchEntry_New.php
31 Jul 2018 13:13:07|29|kavitha@forstarfoods.com|DailyCatchEntry_New.php
31 Jul 2018 13:13:08|29|kavitha@forstarfoods.com|DailyCatchEntry_New.php
31 Jul 2018 13:13:09|29|kavitha@forstarfoods.com|DailyCatchEntry_New.php
31 Jul 2018 13:13:11|29|kavitha@forstarfoods.com|DailyCatchEntry_New.php
31 Jul 2018 13:13:12|29|kavitha@forstarfoods.com|DailyCatchEntry_New.php
31 Jul 2018 13:13:13|29|kavitha@forstarfoods.com|DailyCatchEntry_New.php
31 Jul 2018 13:13:14|29|kavitha@forstarfoods.com|DailyCatchEntry_New.php
31 Jul 2018 13:13:16|29|kavitha@forstarfoods.com|DailyCatchEntry_New.php
31 Jul 2018 13:13:17|29|kavitha@forstarfoods.com|DailyCatchEntry_New.php
31 Jul 2018 13:13:18|29|kavitha@forstarfoods.com|DailyCatchEntry_New.php
31 Jul 2018 13:13:19|29|kavitha@forstarfoods.com|DailyCatchEntry_New.php
31 Jul 2018 13:13:21|29|kavitha@forstarfoods.com|DailyCatchEntry_New.php
31 Jul 2018 13:13:22|29|kavitha@forstarfoods.com|DailyCatchEntry_New.php
31 Jul 2018 13:13:23|29|kavitha@forstarfoods.com|DailyCatchEntry_New.php
31 Jul 2018 13:13:24|29|kavitha@forstarfoods.com|DailyCatchEntry_New.php
31 Jul 2018 13:13:25|29|kavitha@forstarfoods.com|DailyCatchEntry_New.php
31 Jul 2018 13:13:27|29|kavitha@forstarfoods.com|DailyCatchEntry_New.php
31 Jul 2018 13:13:28|29|kavitha@forstarfoods.com|DailyCatchEntry_New.php
31 Jul 2018 13:13:29|29|kavitha@forstarfoods.com|DailyCatchEntry_New.php
31 Jul 2018 13:13:30|29|kavitha@forstarfoods.com|DailyCatchEntry_New.php
31 Jul 2018 13:13:32|29|kavitha@forstarfoods.com|DailyCatchEntry_New.php
31 Jul 2018 13:13:33|29|kavitha@forstarfoods.com|DailyCatchEntry_New.php
31 Jul 2018 13:13:34|29|kavitha@forstarfoods.com|DailyCatchEntry_New.php
31 Jul 2018 13:13:35|29|kavitha@forstarfoods.com|DailyCatchEntry_New.php
31 Jul 2018 13:13:37|29|kavitha@forstarfoods.com|DailyCatchEntry_New.php
31 Jul 2018 13:13:38|29|kavitha@forstarfoods.com|DailyCatchEntry_New.php
31 Jul 2018 13:13:39|29|kavitha@forstarfoods.com|DailyCatchEntry_New.php
31 Jul 2018 13:13:40|29|kavitha@forstarfoods.com|DailyCatchEntry_New.php
31 Jul 2018 13:13:42|29|kavitha@forstarfoods.com|DailyCatchEntry_New.php
31 Jul 2018 13:13:43|29|kavitha@forstarfoods.com|DailyCatchEntry_New.php
31 Jul 2018 13:13:44|29|kavitha@forstarfoods.com|DailyCatchEntry_New.php
31 Jul 2018 13:13:45|29|kavitha@forstarfoods.com|DailyCatchEntry_New.php
31 Jul 2018 13:13:48|29|kavitha@forstarfoods.com|DailyCatchEntry_New.php
31 Jul 2018 13:13:49|29|kavitha@forstarfoods.com|CatchEntryDeclaredItem.php
31 Jul 2018 13:13:52|29|kavitha@forstarfoods.com|DailyCatchEntry_New.php
31 Jul 2018 13:13:56|29|kavitha@forstarfoods.com|DailyCatchEntry_New.php
31 Jul 2018 13:13:59|29|kavitha@forstarfoods.com|DailyCatchEntry_New.php
31 Jul 2018 13:14:00|29|kavitha@forstarfoods.com|DailyCatchEntry_New.php
31 Jul 2018 13:14:02|29|kavitha@forstarfoods.com|DailyCatchEntry_New.php
31 Jul 2018 13:14:03|29|kavitha@forstarfoods.com|DailyCatchEntry_New.php
31 Jul 2018 13:14:04|29|kavitha@forstarfoods.com|DailyCatchEntry_New.php
31 Jul 2018 13:14:05|29|kavitha@forstarfoods.com|DailyCatchEntry_New.php
31 Jul 2018 13:14:06|29|kavitha@forstarfoods.com|DailyCatchEntry_New.php
31 Jul 2018 13:14:08|29|kavitha@forstarfoods.com|DailyCatchEntry_New.php
31 Jul 2018 13:14:09|29|kavitha@forstarfoods.com|DailyCatchEntry_New.php
31 Jul 2018 13:14:10|29|kavitha@forstarfoods.com|DailyCatchEntry_New.php
31 Jul 2018 13:14:11|29|kavitha@forstarfoods.com|DailyCatchEntry_New.php
31 Jul 2018 13:14:13|29|kavitha@forstarfoods.com|DailyCatchEntry_New.php
31 Jul 2018 13:14:20|29|kavitha@forstarfoods.com|DailyCatchEntry_New.php
31 Jul 2018 13:14:22|29|kavitha@forstarfoods.com|DailyCatchEntry_New.php
31 Jul 2018 13:14:24|29|kavitha@forstarfoods.com|CatchEntryDeclaredItem.php
31 Jul 2018 13:14:28|29|kavitha@forstarfoods.com|DailyCatchEntry_New.php
31 Jul 2018 13:14:31|29|kavitha@forstarfoods.com|DailyCatchEntry_New.php
31 Jul 2018 13:14:35|29|kavitha@forstarfoods.com|DailyCatchEntry_New.php
31 Jul 2018 13:14:36|29|kavitha@forstarfoods.com|DailyCatchEntry_New.php
31 Jul 2018 13:14:37|29|kavitha@forstarfoods.com|DailyCatchEntry_New.php
31 Jul 2018 13:14:39|29|kavitha@forstarfoods.com|DailyCatchEntry_New.php
31 Jul 2018 13:14:40|29|kavitha@forstarfoods.com|DailyCatchEntry_New.php
31 Jul 2018 13:14:41|29|kavitha@forstarfoods.com|DailyCatchEntry_New.php
31 Jul 2018 13:14:42|29|kavitha@forstarfoods.com|DailyCatchEntry_New.php
31 Jul 2018 13:14:43|29|kavitha@forstarfoods.com|DailyCatchEntry_New.php
31 Jul 2018 13:14:45|29|kavitha@forstarfoods.com|DailyCatchEntry_New.php
31 Jul 2018 13:14:46|29|kavitha@forstarfoods.com|DailyCatchEntry_New.php
31 Jul 2018 13:14:47|29|kavitha@forstarfoods.com|DailyCatchEntry_New.php
31 Jul 2018 13:14:48|29|kavitha@forstarfoods.com|DailyCatchEntry_New.php
31 Jul 2018 13:15:14|29|kavitha@forstarfoods.com|DailyCatchEntry_New.php
31 Jul 2018 13:15:17|29|kavitha@forstarfoods.com|DailyCatchEntry_New.php
31 Jul 2018 13:15:18|29|kavitha@forstarfoods.com|CatchEntryDeclaredItem.php
31 Jul 2018 13:15:21|29|kavitha@forstarfoods.com|DailyCatchEntry_New.php
31 Jul 2018 13:15:24|29|kavitha@forstarfoods.com|DailyCatchEntry_New.php
31 Jul 2018 13:15:26|29|kavitha@forstarfoods.com|DailyCatchEntry_New.php
31 Jul 2018 13:15:27|29|kavitha@forstarfoods.com|DailyCatchEntry_New.php
31 Jul 2018 13:15:29|29|kavitha@forstarfoods.com|DailyCatchEntry_New.php
31 Jul 2018 13:15:30|29|kavitha@forstarfoods.com|DailyCatchEntry_New.php
31 Jul 2018 13:15:31|29|kavitha@forstarfoods.com|DailyCatchEntry_New.php
31 Jul 2018 13:15:32|29|kavitha@forstarfoods.com|DailyCatchEntry_New.php
31 Jul 2018 13:15:34|29|kavitha@forstarfoods.com|DailyCatchEntry_New.php
31 Jul 2018 13:15:35|29|kavitha@forstarfoods.com|DailyCatchEntry_New.php
31 Jul 2018 13:15:36|29|kavitha@forstarfoods.com|DailyCatchEntry_New.php
31 Jul 2018 13:15:37|29|kavitha@forstarfoods.com|DailyCatchEntry_New.php
31 Jul 2018 13:15:38|29|kavitha@forstarfoods.com|DailyCatchEntry_New.php
31 Jul 2018 13:15:40|29|kavitha@forstarfoods.com|DailyCatchEntry_New.php
31 Jul 2018 13:15:48|29|kavitha@forstarfoods.com|DailyCatchEntry_New.php
31 Jul 2018 13:15:50|29|kavitha@forstarfoods.com|DailyCatchEntry_New.php
31 Jul 2018 13:15:53|29|kavitha@forstarfoods.com|DailyCatchEntry_New.php
31 Jul 2018 13:15:54|29|kavitha@forstarfoods.com|CatchEntryDeclaredItem.php
31 Jul 2018 13:16:13|29|kavitha@forstarfoods.com|DailyCatchEntry_New.php
31 Jul 2018 13:16:14|29|kavitha@forstarfoods.com|DailyCatchEntry_New.php
31 Jul 2018 13:16:16|29|kavitha@forstarfoods.com|DailyCatchEntry_New.php
31 Jul 2018 13:16:17|29|kavitha@forstarfoods.com|DailyCatchEntry_New.php
31 Jul 2018 13:16:27|29|kavitha@forstarfoods.com|DailyCatchEntry_New.php
31 Jul 2018 13:16:28|29|kavitha@forstarfoods.com|CatchEntryDeclaredItem.php
31 Jul 2018 13:16:58|29|kavitha@forstarfoods.com|DailyCatchEntry_New.php
31 Jul 2018 13:17:00|29|kavitha@forstarfoods.com|DailyCatchEntry_New.php
31 Jul 2018 13:17:02|30|pritirm@forstarfoods.com|DailyCatchEntry_New.php
31 Jul 2018 13:17:03|29|kavitha@forstarfoods.com|DailyCatchEntry_New.php
31 Jul 2018 13:17:05|29|kavitha@forstarfoods.com|DailyCatchEntry_New.php
31 Jul 2018 13:17:06|29|kavitha@forstarfoods.com|DailyCatchEntry_New.php
31 Jul 2018 13:17:08|29|kavitha@forstarfoods.com|DailyCatchEntry_New.php
31 Jul 2018 13:17:09|29|kavitha@forstarfoods.com|DailyCatchEntry_New.php
31 Jul 2018 13:17:10|29|kavitha@forstarfoods.com|DailyCatchEntry_New.php
31 Jul 2018 13:17:11|29|kavitha@forstarfoods.com|DailyCatchEntry_New.php
31 Jul 2018 13:17:12|29|kavitha@forstarfoods.com|DailyCatchEntry_New.php
31 Jul 2018 13:17:14|29|kavitha@forstarfoods.com|DailyCatchEntry_New.php
31 Jul 2018 13:17:15|29|kavitha@forstarfoods.com|DailyCatchEntry_New.php
31 Jul 2018 13:17:16|29|kavitha@forstarfoods.com|DailyCatchEntry_New.php
31 Jul 2018 13:17:17|29|kavitha@forstarfoods.com|DailyCatchEntry_New.php
31 Jul 2018 13:17:19|29|kavitha@forstarfoods.com|DailyCatchEntry_New.php
31 Jul 2018 13:17:47|29|kavitha@forstarfoods.com|DailyCatchEntry_New.php
31 Jul 2018 13:17:50|29|kavitha@forstarfoods.com|DailyCatchEntry_New.php
31 Jul 2018 13:17:51|29|kavitha@forstarfoods.com|CatchEntryDeclaredItem.php
31 Jul 2018 13:18:00|29|kavitha@forstarfoods.com|DailyCatchEntry_New.php
31 Jul 2018 13:18:03|29|kavitha@forstarfoods.com|DailyCatchEntry_New.php
31 Jul 2018 13:18:05|29|kavitha@forstarfoods.com|DailyCatchEntry_New.php
31 Jul 2018 13:18:07|29|kavitha@forstarfoods.com|DailyCatchEntry_New.php
31 Jul 2018 13:18:08|29|kavitha@forstarfoods.com|DailyCatchEntry_New.php
31 Jul 2018 13:18:09|29|kavitha@forstarfoods.com|DailyCatchEntry_New.php
31 Jul 2018 13:18:10|29|kavitha@forstarfoods.com|DailyCatchEntry_New.php
31 Jul 2018 13:18:12|29|kavitha@forstarfoods.com|DailyCatchEntry_New.php
31 Jul 2018 13:18:13|29|kavitha@forstarfoods.com|DailyCatchEntry_New.php
31 Jul 2018 13:18:14|29|kavitha@forstarfoods.com|DailyCatchEntry_New.php
31 Jul 2018 13:18:15|29|kavitha@forstarfoods.com|DailyCatchEntry_New.php
31 Jul 2018 13:18:17|29|kavitha@forstarfoods.com|DailyCatchEntry_New.php
31 Jul 2018 13:18:18|29|kavitha@forstarfoods.com|DailyCatchEntry_New.php
31 Jul 2018 13:18:19|29|kavitha@forstarfoods.com|DailyCatchEntry_New.php
31 Jul 2018 13:18:20|29|kavitha@forstarfoods.com|DailyCatchEntry_New.php
31 Jul 2018 13:18:21|29|kavitha@forstarfoods.com|DailyCatchEntry_New.php
31 Jul 2018 13:18:23|29|kavitha@forstarfoods.com|DailyCatchEntry_New.php
31 Jul 2018 13:18:24|29|kavitha@forstarfoods.com|DailyCatchEntry_New.php
31 Jul 2018 13:18:25|29|kavitha@forstarfoods.com|DailyCatchEntry_New.php
31 Jul 2018 13:18:26|29|kavitha@forstarfoods.com|DailyCatchEntry_New.php
31 Jul 2018 13:18:28|29|kavitha@forstarfoods.com|DailyCatchEntry_New.php
31 Jul 2018 13:18:29|29|kavitha@forstarfoods.com|DailyCatchEntry_New.php
31 Jul 2018 13:18:30|29|kavitha@forstarfoods.com|DailyCatchEntry_New.php
31 Jul 2018 13:18:31|29|kavitha@forstarfoods.com|DailyCatchEntry_New.php
31 Jul 2018 13:18:33|29|kavitha@forstarfoods.com|DailyCatchEntry_New.php
31 Jul 2018 13:18:34|29|kavitha@forstarfoods.com|DailyCatchEntry_New.php
31 Jul 2018 13:18:35|29|kavitha@forstarfoods.com|DailyCatchEntry_New.php
31 Jul 2018 13:18:36|29|kavitha@forstarfoods.com|DailyCatchEntry_New.php
31 Jul 2018 13:18:38|29|kavitha@forstarfoods.com|DailyCatchEntry_New.php
31 Jul 2018 13:18:39|29|kavitha@forstarfoods.com|DailyCatchEntry_New.php
31 Jul 2018 13:18:40|29|kavitha@forstarfoods.com|DailyCatchEntry_New.php
31 Jul 2018 13:18:41|29|kavitha@forstarfoods.com|DailyCatchEntry_New.php
31 Jul 2018 13:18:42|29|kavitha@forstarfoods.com|DailyCatchEntry_New.php
31 Jul 2018 13:18:44|29|kavitha@forstarfoods.com|DailyCatchEntry_New.php
31 Jul 2018 13:18:45|29|kavitha@forstarfoods.com|DailyCatchEntry_New.php
31 Jul 2018 13:18:46|29|kavitha@forstarfoods.com|DailyCatchEntry_New.php
31 Jul 2018 13:18:47|29|kavitha@forstarfoods.com|DailyCatchEntry_New.php
31 Jul 2018 13:18:49|29|kavitha@forstarfoods.com|DailyCatchEntry_New.php
31 Jul 2018 13:18:50|29|kavitha@forstarfoods.com|DailyCatchEntry_New.php
31 Jul 2018 13:18:51|29|kavitha@forstarfoods.com|DailyCatchEntry_New.php
31 Jul 2018 13:18:52|29|kavitha@forstarfoods.com|DailyCatchEntry_New.php
31 Jul 2018 13:18:54|29|kavitha@forstarfoods.com|DailyCatchEntry_New.php
31 Jul 2018 13:18:55|29|kavitha@forstarfoods.com|DailyCatchEntry_New.php
31 Jul 2018 13:18:58|29|kavitha@forstarfoods.com|DailyCatchEntry_New.php
31 Jul 2018 13:19:00|29|kavitha@forstarfoods.com|CatchEntryDeclaredItem.php
31 Jul 2018 13:19:04|29|kavitha@forstarfoods.com|DailyCatchEntry_New.php
31 Jul 2018 13:19:07|29|kavitha@forstarfoods.com|DailyCatchEntry_New.php
31 Jul 2018 13:19:09|29|kavitha@forstarfoods.com|DailyCatchEntry_New.php
31 Jul 2018 13:19:10|29|kavitha@forstarfoods.com|DailyCatchEntry_New.php
31 Jul 2018 13:19:12|29|kavitha@forstarfoods.com|DailyCatchEntry_New.php
31 Jul 2018 13:19:13|29|kavitha@forstarfoods.com|DailyCatchEntry_New.php
31 Jul 2018 13:19:14|29|kavitha@forstarfoods.com|DailyCatchEntry_New.php
31 Jul 2018 13:19:15|29|kavitha@forstarfoods.com|DailyCatchEntry_New.php
31 Jul 2018 13:19:17|29|kavitha@forstarfoods.com|DailyCatchEntry_New.php
31 Jul 2018 13:19:18|29|kavitha@forstarfoods.com|DailyCatchEntry_New.php
31 Jul 2018 13:19:19|29|kavitha@forstarfoods.com|DailyCatchEntry_New.php
31 Jul 2018 13:19:20|29|kavitha@forstarfoods.com|DailyCatchEntry_New.php
31 Jul 2018 13:19:21|29|kavitha@forstarfoods.com|DailyCatchEntry_New.php
31 Jul 2018 13:19:23|29|kavitha@forstarfoods.com|DailyCatchEntry_New.php
31 Jul 2018 13:19:25|29|kavitha@forstarfoods.com|DailyCatchEntry_New.php
31 Jul 2018 13:19:28|29|kavitha@forstarfoods.com|DailyCatchEntry_New.php
31 Jul 2018 13:19:29|29|kavitha@forstarfoods.com|CatchEntryDeclaredItem.php
31 Jul 2018 13:19:35|29|kavitha@forstarfoods.com|DailyCatchEntry_New.php
31 Jul 2018 13:19:39|29|kavitha@forstarfoods.com|DailyCatchEntry_New.php
31 Jul 2018 13:19:42|29|kavitha@forstarfoods.com|DailyCatchEntry_New.php
31 Jul 2018 13:19:43|29|kavitha@forstarfoods.com|DailyCatchEntry_New.php
31 Jul 2018 13:19:44|29|kavitha@forstarfoods.com|DailyCatchEntry_New.php
31 Jul 2018 13:19:45|29|kavitha@forstarfoods.com|DailyCatchEntry_New.php
31 Jul 2018 13:19:47|29|kavitha@forstarfoods.com|DailyCatchEntry_New.php
31 Jul 2018 13:19:48|29|kavitha@forstarfoods.com|DailyCatchEntry_New.php
31 Jul 2018 13:19:49|29|kavitha@forstarfoods.com|DailyCatchEntry_New.php
31 Jul 2018 13:19:50|29|kavitha@forstarfoods.com|DailyCatchEntry_New.php
31 Jul 2018 13:19:52|29|kavitha@forstarfoods.com|DailyCatchEntry_New.php
31 Jul 2018 13:19:53|29|kavitha@forstarfoods.com|DailyCatchEntry_New.php
31 Jul 2018 13:19:54|29|kavitha@forstarfoods.com|DailyCatchEntry_New.php
31 Jul 2018 13:19:55|29|kavitha@forstarfoods.com|DailyCatchEntry_New.php
31 Jul 2018 13:19:56|29|kavitha@forstarfoods.com|DailyCatchEntry_New.php
31 Jul 2018 13:20:00|29|kavitha@forstarfoods.com|DailyCatchEntry_New.php
31 Jul 2018 13:20:01|29|kavitha@forstarfoods.com|CatchEntryDeclaredItem.php
31 Jul 2018 13:20:04|29|kavitha@forstarfoods.com|DailyCatchEntry_New.php
31 Jul 2018 13:20:07|29|kavitha@forstarfoods.com|DailyCatchEntry_New.php
31 Jul 2018 13:20:09|29|kavitha@forstarfoods.com|DailyCatchEntry_New.php
31 Jul 2018 13:20:10|29|kavitha@forstarfoods.com|DailyCatchEntry_New.php
31 Jul 2018 13:20:11|29|kavitha@forstarfoods.com|DailyCatchEntry_New.php
31 Jul 2018 13:20:13|29|kavitha@forstarfoods.com|DailyCatchEntry_New.php
31 Jul 2018 13:20:14|29|kavitha@forstarfoods.com|DailyCatchEntry_New.php
31 Jul 2018 13:20:15|29|kavitha@forstarfoods.com|DailyCatchEntry_New.php
31 Jul 2018 13:20:16|29|kavitha@forstarfoods.com|DailyCatchEntry_New.php
31 Jul 2018 13:20:18|29|kavitha@forstarfoods.com|DailyCatchEntry_New.php
31 Jul 2018 13:20:19|29|kavitha@forstarfoods.com|DailyCatchEntry_New.php
31 Jul 2018 13:20:20|29|kavitha@forstarfoods.com|DailyCatchEntry_New.php
31 Jul 2018 13:20:21|29|kavitha@forstarfoods.com|DailyCatchEntry_New.php
31 Jul 2018 13:20:23|29|kavitha@forstarfoods.com|DailyCatchEntry_New.php
31 Jul 2018 13:20:36|29|kavitha@forstarfoods.com|DailyCatchEntry_New.php
31 Jul 2018 13:20:38|29|kavitha@forstarfoods.com|DailyCatchEntry_New.php
31 Jul 2018 13:20:39|29|kavitha@forstarfoods.com|CatchEntryDeclaredItem.php
31 Jul 2018 13:20:49|29|kavitha@forstarfoods.com|DailyCatchEntry_New.php
31 Jul 2018 13:22:04|30|pritirm@forstarfoods.com|DailyCatchEntry_New.php
31 Jul 2018 13:25:51|29|kavitha@forstarfoods.com|DailyCatchEntry_New.php
31 Jul 2018 13:27:05|30|pritirm@forstarfoods.com|DailyCatchEntry_New.php
31 Jul 2018 13:29:48|29|kavitha@forstarfoods.com|DailyCatchEntry_New.php
31 Jul 2018 13:29:50|29|kavitha@forstarfoods.com|DailyCatchEntry_New.php
31 Jul 2018 13:29:51|29|kavitha@forstarfoods.com|DailyCatchEntry_New.php
31 Jul 2018 13:29:53|29|kavitha@forstarfoods.com|DailyCatchEntry_New.php
31 Jul 2018 13:30:15|29|kavitha@forstarfoods.com|DailyCatchEntry_New.php
31 Jul 2018 13:30:16|29|kavitha@forstarfoods.com|CatchEntryDeclaredItem.php
31 Jul 2018 13:30:35|29|kavitha@forstarfoods.com|DailyCatchEntry_New.php
31 Jul 2018 13:30:37|29|kavitha@forstarfoods.com|DailyCatchEntry_New.php
31 Jul 2018 13:30:40|29|kavitha@forstarfoods.com|DailyCatchEntry_New.php
31 Jul 2018 13:30:42|29|kavitha@forstarfoods.com|DailyCatchEntry_New.php
31 Jul 2018 13:30:43|29|kavitha@forstarfoods.com|DailyCatchEntry_New.php
31 Jul 2018 13:30:44|29|kavitha@forstarfoods.com|DailyCatchEntry_New.php
31 Jul 2018 13:30:45|29|kavitha@forstarfoods.com|DailyCatchEntry_New.php
31 Jul 2018 13:30:47|29|kavitha@forstarfoods.com|DailyCatchEntry_New.php
31 Jul 2018 13:30:48|29|kavitha@forstarfoods.com|DailyCatchEntry_New.php
31 Jul 2018 13:30:52|29|kavitha@forstarfoods.com|DailyCatchEntry_New.php
31 Jul 2018 13:30:59|29|kavitha@forstarfoods.com|DailyCatchEntry_New.php
31 Jul 2018 13:31:01|29|kavitha@forstarfoods.com|DailyCatchEntry_New.php
31 Jul 2018 13:31:02|29|kavitha@forstarfoods.com|CatchEntryDeclaredItem.php
31 Jul 2018 13:32:06|30|pritirm@forstarfoods.com|DailyCatchEntry_New.php
31 Jul 2018 13:32:10|20|shiji@forstarfoods.com|DailyCatchSummary.php
31 Jul 2018 13:32:14|20|shiji@forstarfoods.com|DailyCatchSummary.php
31 Jul 2018 13:32:49|20|shiji@forstarfoods.com|DailyCatchSummary.php
31 Jul 2018 13:32:53|20|shiji@forstarfoods.com|DailyCatchSummary.php
31 Jul 2018 13:33:02|20|shiji@forstarfoods.com|DailyCatchSummary.php
31 Jul 2018 13:33:08|20|shiji@forstarfoods.com|DailyCatchSummary.php
31 Jul 2018 13:33:23|20|shiji@forstarfoods.com|PrintDailyCatchSummary.php
31 Jul 2018 13:34:39|29|kavitha@forstarfoods.com|DailyCatchReport.php
31 Jul 2018 13:34:50|29|kavitha@forstarfoods.com|DailyCatchReport.php
31 Jul 2018 13:34:52|29|kavitha@forstarfoods.com|DailyCatchReport.php
31 Jul 2018 13:34:58|29|kavitha@forstarfoods.com|DailyCatchReport.php
31 Jul 2018 13:35:00|29|kavitha@forstarfoods.com|DailyCatchReport.php
31 Jul 2018 13:35:01|29|kavitha@forstarfoods.com|DailyCatchReport.php
31 Jul 2018 13:35:42|29|kavitha@forstarfoods.com|DailyCatchReport.php
31 Jul 2018 13:35:44|29|kavitha@forstarfoods.com|DailyCatchReport.php
31 Jul 2018 13:35:45|29|kavitha@forstarfoods.com|DailyCatchReport.php
31 Jul 2018 13:36:19|29|kavitha@forstarfoods.com|DailyCatchReport.php
31 Jul 2018 13:36:20|29|kavitha@forstarfoods.com|DailyCatchReport.php
31 Jul 2018 13:36:22|29|kavitha@forstarfoods.com|DailyCatchReport.php
31 Jul 2018 13:36:59|29|kavitha@forstarfoods.com|DailyCatchEntry_New.php
31 Jul 2018 13:37:07|30|pritirm@forstarfoods.com|DailyCatchEntry_New.php
31 Jul 2018 13:37:08|29|kavitha@forstarfoods.com|DailyCatchEntry_New.php
31 Jul 2018 13:37:09|29|kavitha@forstarfoods.com|DailyCatchEntry_New.php
31 Jul 2018 13:37:10|29|kavitha@forstarfoods.com|DailyCatchEntry_New.php
31 Jul 2018 13:37:11|29|kavitha@forstarfoods.com|DailyCatchEntry_New.php
31 Jul 2018 13:37:12|29|kavitha@forstarfoods.com|DailyCatchEntry_New.php
31 Jul 2018 13:37:14|29|kavitha@forstarfoods.com|DailyCatchEntry_New.php
31 Jul 2018 13:37:16|29|kavitha@forstarfoods.com|DailyCatchEntry_New.php
31 Jul 2018 13:37:18|29|kavitha@forstarfoods.com|DailyCatchEntry_New.php
31 Jul 2018 13:37:31|29|kavitha@forstarfoods.com|DailyCatchEntry_New.php
31 Jul 2018 13:38:22|29|kavitha@forstarfoods.com|DailyCatchEntry_New.php
31 Jul 2018 13:38:26|29|kavitha@forstarfoods.com|DailyCatchEntry_New.php
31 Jul 2018 13:38:28|29|kavitha@forstarfoods.com|DailyCatchEntry_New.php
31 Jul 2018 13:42:09|30|pritirm@forstarfoods.com|DailyCatchEntry_New.php
31 Jul 2018 13:43:45|29|kavitha@forstarfoods.com|DailyCatchEntry_New.php
31 Jul 2018 13:43:47|29|kavitha@forstarfoods.com|DailyCatchEntry_New.php
31 Jul 2018 13:43:53|29|kavitha@forstarfoods.com|DailyCatchEntry_New.php
31 Jul 2018 13:43:55|29|kavitha@forstarfoods.com|DailyCatchEntry_New.php
31 Jul 2018 13:43:56|29|kavitha@forstarfoods.com|DailyCatchEntry_New.php
31 Jul 2018 13:43:58|29|kavitha@forstarfoods.com|CatchEntryDeclaredItem.php
31 Jul 2018 13:43:59|29|kavitha@forstarfoods.com|DailyCatchEntry_New.php
31 Jul 2018 13:44:00|29|kavitha@forstarfoods.com|CatchEntryDeclaredItem.php
31 Jul 2018 13:44:18|29|kavitha@forstarfoods.com|DailyCatchEntry_New.php
31 Jul 2018 13:44:20|29|kavitha@forstarfoods.com|DailyCatchEntry_New.php
31 Jul 2018 13:45:19|29|kavitha@forstarfoods.com|DailyCatchEntry_New.php
31 Jul 2018 13:47:10|30|pritirm@forstarfoods.com|DailyCatchEntry_New.php
31 Jul 2018 13:52:11|30|pritirm@forstarfoods.com|DailyCatchEntry_New.php
31 Jul 2018 13:57:13|30|pritirm@forstarfoods.com|DailyCatchEntry_New.php
31 Jul 2018 14:02:14|30|pritirm@forstarfoods.com|DailyCatchEntry_New.php
31 Jul 2018 14:05:55|20|shiji@forstarfoods.com|DailyCatchReport.php
31 Jul 2018 14:06:22|20|shiji@forstarfoods.com|DailyCatchReport.php
31 Jul 2018 14:06:25|20|shiji@forstarfoods.com|DailyCatchReport.php
31 Jul 2018 14:06:27|20|shiji@forstarfoods.com|DailyCatchReport.php
31 Jul 2018 14:06:28|20|shiji@forstarfoods.com|DailyCatchReport.php
31 Jul 2018 14:06:30|20|shiji@forstarfoods.com|PrintDailyCatchReportMemo.php
31 Jul 2018 14:07:15|30|pritirm@forstarfoods.com|DailyCatchEntry_New.php
31 Jul 2018 14:12:17|30|pritirm@forstarfoods.com|DailyCatchEntry_New.php
31 Jul 2018 14:14:50|20|shiji@forstarfoods.com|PrintDailyCatchReportMemo.php
31 Jul 2018 14:15:36|29|kavitha@forstarfoods.com|DailyCatchReport.php
31 Jul 2018 14:15:45|29|kavitha@forstarfoods.com|DailyCatchReport.php
31 Jul 2018 14:15:48|29|kavitha@forstarfoods.com|DailyCatchReport.php
31 Jul 2018 14:15:54|29|kavitha@forstarfoods.com|DailyCatchReport.php
31 Jul 2018 14:15:55|29|kavitha@forstarfoods.com|DailyCatchReport.php
31 Jul 2018 14:15:56|29|kavitha@forstarfoods.com|DailyCatchReport.php
31 Jul 2018 14:15:59|29|kavitha@forstarfoods.com|DailyCatchReport.php
31 Jul 2018 14:16:01|29|kavitha@forstarfoods.com|DailyCatchReport.php
31 Jul 2018 14:16:02|29|kavitha@forstarfoods.com|DailyCatchReport.php
31 Jul 2018 14:17:10|20|shiji@forstarfoods.com|DailyCatchReport.php
31 Jul 2018 14:17:11|20|shiji@forstarfoods.com|DailyCatchReport.php
31 Jul 2018 14:17:12|20|shiji@forstarfoods.com|DailyCatchReport.php
31 Jul 2018 14:17:18|30|pritirm@forstarfoods.com|DailyCatchEntry_New.php
31 Jul 2018 14:17:40|20|shiji@forstarfoods.com|DailyCatchReport.php
31 Jul 2018 14:17:42|20|shiji@forstarfoods.com|DailyCatchReport.php
31 Jul 2018 14:17:43|20|shiji@forstarfoods.com|DailyCatchReport.php
31 Jul 2018 14:17:45|20|shiji@forstarfoods.com|DailyCatchReport.php
31 Jul 2018 14:17:47|20|shiji@forstarfoods.com|DailyCatchReport.php
31 Jul 2018 14:17:49|20|shiji@forstarfoods.com|DailyCatchReport.php
31 Jul 2018 14:17:50|20|shiji@forstarfoods.com|DailyCatchReport.php
31 Jul 2018 14:17:51|20|shiji@forstarfoods.com|PrintDailyCatchReportMemo.php
31 Jul 2018 14:18:56|20|shiji@forstarfoods.com|PrintDailyCatchReportMemo.php
31 Jul 2018 14:19:35|20|shiji@forstarfoods.com|DailyCatchReport.php
31 Jul 2018 14:19:37|20|shiji@forstarfoods.com|DailyCatchReport.php
31 Jul 2018 14:19:38|20|shiji@forstarfoods.com|DailyCatchReport.php
31 Jul 2018 14:20:23|20|shiji@forstarfoods.com|DailyCatchReport.php
31 Jul 2018 14:20:24|20|shiji@forstarfoods.com|DailyCatchReport.php
31 Jul 2018 14:20:26|20|shiji@forstarfoods.com|DailyCatchReport.php
31 Jul 2018 14:20:27|20|shiji@forstarfoods.com|DailyCatchReport.php
31 Jul 2018 14:20:30|20|shiji@forstarfoods.com|PrintDailyCatchReportMemo.php
31 Jul 2018 14:20:48|20|shiji@forstarfoods.com|PrintDailyCatchReportMemo.php
31 Jul 2018 14:21:23|20|shiji@forstarfoods.com|DailyCatchReport.php
31 Jul 2018 14:21:24|20|shiji@forstarfoods.com|DailyCatchReport.php
31 Jul 2018 14:21:26|20|shiji@forstarfoods.com|DailyCatchReport.php
31 Jul 2018 14:21:31|20|shiji@forstarfoods.com|DailyCatchReport.php
31 Jul 2018 14:21:33|20|shiji@forstarfoods.com|DailyCatchReport.php
31 Jul 2018 14:21:35|20|shiji@forstarfoods.com|DailyCatchReport.php
31 Jul 2018 14:21:36|20|shiji@forstarfoods.com|DailyCatchReport.php
31 Jul 2018 14:21:39|20|shiji@forstarfoods.com|DailyCatchReport.php
31 Jul 2018 14:21:41|20|shiji@forstarfoods.com|DailyCatchReport.php
31 Jul 2018 14:21:42|20|shiji@forstarfoods.com|DailyCatchReport.php
31 Jul 2018 14:21:44|20|shiji@forstarfoods.com|DailyCatchReport.php
31 Jul 2018 14:21:47|20|shiji@forstarfoods.com|PrintDailyCatchReportMemo.php
31 Jul 2018 14:22:00|20|shiji@forstarfoods.com|PrintDailyCatchReportMemo.php
31 Jul 2018 14:22:19|30|pritirm@forstarfoods.com|DailyCatchEntry_New.php
31 Jul 2018 14:22:46|20|shiji@forstarfoods.com|DailyCatchReport.php
31 Jul 2018 14:22:47|20|shiji@forstarfoods.com|DailyCatchReport.php
31 Jul 2018 14:22:49|20|shiji@forstarfoods.com|DailyCatchReport.php
31 Jul 2018 14:22:53|20|shiji@forstarfoods.com|DailyCatchReport.php
31 Jul 2018 14:22:55|20|shiji@forstarfoods.com|DailyCatchReport.php
31 Jul 2018 14:22:56|20|shiji@forstarfoods.com|DailyCatchReport.php
31 Jul 2018 14:22:57|20|shiji@forstarfoods.com|DailyCatchReport.php
31 Jul 2018 14:22:59|20|shiji@forstarfoods.com|DailyCatchReport.php
31 Jul 2018 14:23:01|20|shiji@forstarfoods.com|DailyCatchReport.php
31 Jul 2018 14:23:02|20|shiji@forstarfoods.com|DailyCatchReport.php
31 Jul 2018 14:23:04|20|shiji@forstarfoods.com|PrintDailyCatchReportMemo.php
31 Jul 2018 14:23:36|20|shiji@forstarfoods.com|PrintDailyCatchReportMemo.php
31 Jul 2018 14:25:42|20|shiji@forstarfoods.com|DailyCatchReport.php
31 Jul 2018 14:25:43|20|shiji@forstarfoods.com|DailyCatchReport.php
31 Jul 2018 14:25:44|20|shiji@forstarfoods.com|DailyCatchReport.php
31 Jul 2018 14:27:21|30|pritirm@forstarfoods.com|DailyCatchEntry_New.php
31 Jul 2018 14:29:50|20|shiji@forstarfoods.com|DailyCatchReport.php
31 Jul 2018 14:29:52|20|shiji@forstarfoods.com|DailyCatchReport.php
31 Jul 2018 14:29:53|20|shiji@forstarfoods.com|DailyCatchReport.php
31 Jul 2018 14:29:55|20|shiji@forstarfoods.com|DailyCatchReport.php
31 Jul 2018 14:29:59|20|shiji@forstarfoods.com|DailyCatchReport.php
31 Jul 2018 14:30:01|20|shiji@forstarfoods.com|DailyCatchReport.php
31 Jul 2018 14:30:02|20|shiji@forstarfoods.com|DailyCatchReport.php
31 Jul 2018 14:30:07|20|shiji@forstarfoods.com|PrintDailyCatchReportMemo.php
31 Jul 2018 14:31:21|20|shiji@forstarfoods.com|PrintDailyCatchReportMemo.php
31 Jul 2018 14:32:22|30|pritirm@forstarfoods.com|DailyCatchEntry_New.php
31 Jul 2018 14:33:32|20|shiji@forstarfoods.com|PrintDailyCatchReportMemo.php
31 Jul 2018 14:34:49|20|shiji@forstarfoods.com|DailyCatchReport.php
31 Jul 2018 14:34:51|20|shiji@forstarfoods.com|DailyCatchReport.php
31 Jul 2018 14:34:52|20|shiji@forstarfoods.com|DailyCatchReport.php
31 Jul 2018 14:35:01|20|shiji@forstarfoods.com|DailyCatchReport.php
31 Jul 2018 14:35:02|20|shiji@forstarfoods.com|DailyCatchReport.php
31 Jul 2018 14:35:04|20|shiji@forstarfoods.com|DailyCatchReport.php
31 Jul 2018 14:35:05|20|shiji@forstarfoods.com|DailyCatchReport.php
31 Jul 2018 14:35:07|20|shiji@forstarfoods.com|DailyCatchReport.php
31 Jul 2018 14:35:08|20|shiji@forstarfoods.com|DailyCatchReport.php
31 Jul 2018 14:35:10|20|shiji@forstarfoods.com|DailyCatchReport.php
31 Jul 2018 14:35:11|20|shiji@forstarfoods.com|PrintDailyCatchReportMemo.php
31 Jul 2018 14:35:27|20|shiji@forstarfoods.com|PrintDailyCatchReportMemo.php
31 Jul 2018 14:37:24|30|pritirm@forstarfoods.com|DailyCatchEntry_New.php
31 Jul 2018 14:42:25|30|pritirm@forstarfoods.com|DailyCatchEntry_New.php
31 Jul 2018 14:42:25|20|shiji@forstarfoods.com|DailyCatchReport.php
31 Jul 2018 14:42:27|20|shiji@forstarfoods.com|DailyCatchReport.php
31 Jul 2018 14:42:28|20|shiji@forstarfoods.com|DailyCatchReport.php
31 Jul 2018 14:47:26|30|pritirm@forstarfoods.com|DailyCatchEntry_New.php
31 Jul 2018 14:50:26|29|kavitha@forstarfoods.com|DailyCatchReport.php
31 Jul 2018 14:50:27|29|kavitha@forstarfoods.com|DailyCatchReport.php
31 Jul 2018 14:50:29|29|kavitha@forstarfoods.com|DailyCatchReport.php
31 Jul 2018 14:50:39|29|kavitha@forstarfoods.com|DailyCatchReport.php
31 Jul 2018 14:50:40|29|kavitha@forstarfoods.com|DailyCatchReport.php
31 Jul 2018 14:50:42|29|kavitha@forstarfoods.com|DailyCatchReport.php
31 Jul 2018 14:50:43|29|kavitha@forstarfoods.com|DailyCatchReport.php
31 Jul 2018 14:50:46|29|kavitha@forstarfoods.com|DailyCatchReport.php
31 Jul 2018 14:50:48|29|kavitha@forstarfoods.com|DailyCatchReport.php
31 Jul 2018 14:50:49|29|kavitha@forstarfoods.com|DailyCatchReport.php
31 Jul 2018 14:50:53|29|kavitha@forstarfoods.com|DailyCatchReport.php
31 Jul 2018 14:50:54|29|kavitha@forstarfoods.com|DailyCatchReport.php
31 Jul 2018 14:50:56|29|kavitha@forstarfoods.com|DailyCatchReport.php
31 Jul 2018 14:51:53|29|kavitha@forstarfoods.com|DailyCatchReport.php
31 Jul 2018 14:51:55|29|kavitha@forstarfoods.com|DailyCatchReport.php
31 Jul 2018 14:51:56|29|kavitha@forstarfoods.com|DailyCatchReport.php
31 Jul 2018 14:52:28|30|pritirm@forstarfoods.com|DailyCatchEntry_New.php
31 Jul 2018 14:56:17|29|kavitha@forstarfoods.com|DailyCatchReport.php
31 Jul 2018 14:56:18|29|kavitha@forstarfoods.com|DailyCatchReport.php
31 Jul 2018 14:56:20|29|kavitha@forstarfoods.com|DailyCatchReport.php
31 Jul 2018 14:56:21|29|kavitha@forstarfoods.com|DailyCatchReport.php
31 Jul 2018 14:57:29|30|pritirm@forstarfoods.com|DailyCatchEntry_New.php
31 Jul 2018 15:00:06|29|kavitha@forstarfoods.com|Home.php
31 Jul 2018 15:00:13|29|kavitha@forstarfoods.com|DailyCatchReport.php
31 Jul 2018 15:00:26|29|kavitha@forstarfoods.com|DailyCatchReport.php
31 Jul 2018 15:00:41|29|kavitha@forstarfoods.com|DailyCatchReport.php
31 Jul 2018 15:00:42|29|kavitha@forstarfoods.com|DailyCatchEntry_New.php
31 Jul 2018 15:02:30|30|pritirm@forstarfoods.com|DailyCatchEntry_New.php
31 Jul 2018 15:06:03|29|kavitha@forstarfoods.com|DailyCatchEntry_New.php
31 Jul 2018 15:06:05|29|kavitha@forstarfoods.com|DailyCatchEntry_New.php
31 Jul 2018 15:06:06|29|kavitha@forstarfoods.com|DailyCatchEntry_New.php
31 Jul 2018 15:06:07|29|kavitha@forstarfoods.com|DailyCatchEntry_New.php
31 Jul 2018 15:06:08|29|kavitha@forstarfoods.com|CatchEntryDeclaredItem.php
31 Jul 2018 15:06:10|29|kavitha@forstarfoods.com|DailyCatchEntry_New.php
31 Jul 2018 15:06:13|29|kavitha@forstarfoods.com|DailyCatchEntry_New.php
31 Jul 2018 15:06:14|29|kavitha@forstarfoods.com|DailyCatchEntry_New.php
31 Jul 2018 15:06:15|29|kavitha@forstarfoods.com|DailyCatchEntry_New.php
31 Jul 2018 15:06:16|29|kavitha@forstarfoods.com|DailyCatchEntry_New.php
31 Jul 2018 15:06:18|29|kavitha@forstarfoods.com|DailyCatchEntry_New.php
31 Jul 2018 15:06:20|29|kavitha@forstarfoods.com|DailyCatchEntry_New.php
31 Jul 2018 15:06:21|29|kavitha@forstarfoods.com|DailyCatchEntry_New.php
31 Jul 2018 15:06:22|29|kavitha@forstarfoods.com|DailyCatchEntry_New.php
31 Jul 2018 15:06:24|29|kavitha@forstarfoods.com|DailyCatchEntry_New.php
31 Jul 2018 15:06:30|29|kavitha@forstarfoods.com|DailyCatchEntry_New.php
31 Jul 2018 15:06:31|29|kavitha@forstarfoods.com|CatchEntryDeclaredItem.php
31 Jul 2018 15:06:42|29|kavitha@forstarfoods.com|DailyCatchEntry_New.php
31 Jul 2018 15:06:45|29|kavitha@forstarfoods.com|DailyCatchEntry_New.php
31 Jul 2018 15:06:46|29|kavitha@forstarfoods.com|DailyCatchEntry_New.php
31 Jul 2018 15:06:51|29|kavitha@forstarfoods.com|DailyCatchEntry_New.php
31 Jul 2018 15:06:53|29|kavitha@forstarfoods.com|DailyCatchEntry_New.php
31 Jul 2018 15:06:58|29|kavitha@forstarfoods.com|DailyCatchEntry_New.php
31 Jul 2018 15:06:59|29|kavitha@forstarfoods.com|DailyCatchEntry_New.php
31 Jul 2018 15:07:01|29|kavitha@forstarfoods.com|DailyCatchEntry_New.php
31 Jul 2018 15:07:02|29|kavitha@forstarfoods.com|DailyCatchEntry_New.php
31 Jul 2018 15:07:03|29|kavitha@forstarfoods.com|DailyCatchEntry_New.php
31 Jul 2018 15:07:04|29|kavitha@forstarfoods.com|DailyCatchEntry_New.php
31 Jul 2018 15:07:09|29|kavitha@forstarfoods.com|DailyCatchEntry_New.php
31 Jul 2018 15:07:12|29|kavitha@forstarfoods.com|DailyCatchEntry_New.php
31 Jul 2018 15:07:13|29|kavitha@forstarfoods.com|CatchEntryDeclaredItem.php
31 Jul 2018 15:07:32|30|pritirm@forstarfoods.com|DailyCatchEntry_New.php
31 Jul 2018 15:11:05|29|kavitha@forstarfoods.com|DailyCatchEntry_New.php
31 Jul 2018 15:12:33|30|pritirm@forstarfoods.com|DailyCatchEntry_New.php
31 Jul 2018 15:16:07|29|kavitha@forstarfoods.com|DailyCatchEntry_New.php
31 Jul 2018 15:17:34|30|pritirm@forstarfoods.com|DailyCatchEntry_New.php
31 Jul 2018 15:21:09|29|kavitha@forstarfoods.com|DailyCatchEntry_New.php
31 Jul 2018 15:22:36|30|pritirm@forstarfoods.com|DailyCatchEntry_New.php
31 Jul 2018 15:26:10|29|kavitha@forstarfoods.com|DailyCatchEntry_New.php
31 Jul 2018 15:27:37|30|pritirm@forstarfoods.com|DailyCatchEntry_New.php
31 Jul 2018 15:31:12|29|kavitha@forstarfoods.com|DailyCatchEntry_New.php
31 Jul 2018 15:32:39|30|pritirm@forstarfoods.com|DailyCatchEntry_New.php
31 Jul 2018 15:36:14|29|kavitha@forstarfoods.com|DailyCatchEntry_New.php
31 Jul 2018 15:37:40|30|pritirm@forstarfoods.com|DailyCatchEntry_New.php
31 Jul 2018 15:41:15|29|kavitha@forstarfoods.com|DailyCatchEntry_New.php
31 Jul 2018 15:42:42|30|pritirm@forstarfoods.com|DailyCatchEntry_New.php
31 Jul 2018 15:46:17|29|kavitha@forstarfoods.com|DailyCatchEntry_New.php
31 Jul 2018 15:47:43|30|pritirm@forstarfoods.com|DailyCatchEntry_New.php
31 Jul 2018 15:51:19|29|kavitha@forstarfoods.com|DailyCatchEntry_New.php
31 Jul 2018 15:52:45|30|pritirm@forstarfoods.com|DailyCatchEntry_New.php
31 Jul 2018 15:56:21|29|kavitha@forstarfoods.com|DailyCatchEntry_New.php
31 Jul 2018 15:56:31|31|rekha@foresee.com|Home.php
31 Jul 2018 15:57:30|31|rekha@foresee.com|ManageGatePass.php
31 Jul 2018 15:57:39|31|rekha@foresee.com|ManageGatePass.php
31 Jul 2018 15:57:45|31|rekha@foresee.com|ManageGatePass.php
31 Jul 2018 15:57:46|30|pritirm@forstarfoods.com|DailyCatchEntry_New.php
31 Jul 2018 15:57:54|31|rekha@foresee.com|ManageUsers.php
31 Jul 2018 16:01:23|29|kavitha@forstarfoods.com|DailyCatchEntry_New.php
31 Jul 2018 16:02:47|30|pritirm@forstarfoods.com|DailyCatchEntry_New.php
31 Jul 2018 16:06:25|29|kavitha@forstarfoods.com|DailyCatchEntry_New.php
31 Jul 2018 16:07:49|30|pritirm@forstarfoods.com|DailyCatchEntry_New.php
31 Jul 2018 16:08:45|20|shiji@forstarfoods.com|SupplierAccount.php
31 Jul 2018 16:09:08|20|shiji@forstarfoods.com|SupplierAccount.php
31 Jul 2018 16:09:13|20|shiji@forstarfoods.com|SupplierAccount.php
31 Jul 2018 16:09:16|20|shiji@forstarfoods.com|SupplierAccount.php
31 Jul 2018 16:09:20|20|shiji@forstarfoods.com|SupplierAccount.php
31 Jul 2018 16:09:32|20|shiji@forstarfoods.com|SupplierAccount.php
31 Jul 2018 16:09:38|20|shiji@forstarfoods.com|SupplierAccount.php
31 Jul 2018 16:10:14|20|shiji@forstarfoods.com|SupplierAccount.php
31 Jul 2018 16:10:17|20|shiji@forstarfoods.com|SupplierAccount.php
31 Jul 2018 16:10:42|20|shiji@forstarfoods.com|SupplierAccount.php
31 Jul 2018 16:11:11|20|shiji@forstarfoods.com|SettlementSummary.php
31 Jul 2018 16:11:19|20|shiji@forstarfoods.com|SettlementSummary.php
31 Jul 2018 16:11:21|20|shiji@forstarfoods.com|SupplierPayments.php
31 Jul 2018 16:11:23|20|shiji@forstarfoods.com|SupplierPayments.php
31 Jul 2018 16:11:24|20|shiji@forstarfoods.com|SupplierPayments.php
31 Jul 2018 16:11:27|29|kavitha@forstarfoods.com|DailyCatchEntry_New.php
31 Jul 2018 16:11:29|20|shiji@forstarfoods.com|SupplierAccount.php
31 Jul 2018 16:11:47|20|shiji@forstarfoods.com|SupplierAccount.php
31 Jul 2018 16:11:50|20|shiji@forstarfoods.com|SupplierAccount.php
31 Jul 2018 16:11:55|20|shiji@forstarfoods.com|SupplierAccount.php
31 Jul 2018 16:12:50|30|pritirm@forstarfoods.com|DailyCatchEntry_New.php
31 Jul 2018 16:13:22|20|shiji@forstarfoods.com|SupplierAccount.php
31 Jul 2018 16:15:15|20|shiji@forstarfoods.com|SupplierAccount.php
31 Jul 2018 16:15:28|20|shiji@forstarfoods.com|SupplierAccount.php
31 Jul 2018 16:15:59|20|shiji@forstarfoods.com|SupplierAccount.php
31 Jul 2018 16:16:06|20|shiji@forstarfoods.com|SupplierAccount.php
31 Jul 2018 16:16:09|20|shiji@forstarfoods.com|SupplierAccount.php
31 Jul 2018 16:16:20|20|shiji@forstarfoods.com|SupplierAccount.php
31 Jul 2018 16:16:25|20|shiji@forstarfoods.com|SupplierAccount.php
31 Jul 2018 16:16:28|29|kavitha@forstarfoods.com|DailyCatchEntry_New.php
31 Jul 2018 16:16:29|20|shiji@forstarfoods.com|SupplierAccount.php
31 Jul 2018 16:17:09|20|shiji@forstarfoods.com|SupplierAccount.php
31 Jul 2018 16:17:52|30|pritirm@forstarfoods.com|DailyCatchEntry_New.php
31 Jul 2018 16:21:30|29|kavitha@forstarfoods.com|DailyCatchEntry_New.php
31 Jul 2018 16:22:53|30|pritirm@forstarfoods.com|DailyCatchEntry_New.php
31 Jul 2018 16:24:03|31|rekha@foresee.com|Home.php
31 Jul 2018 16:26:32|29|kavitha@forstarfoods.com|DailyCatchEntry_New.php
31 Jul 2018 16:27:06|31|rekha@foresee.com|Home.php
31 Jul 2018 16:27:55|30|pritirm@forstarfoods.com|DailyCatchEntry_New.php
31 Jul 2018 16:31:34|29|kavitha@forstarfoods.com|DailyCatchEntry_New.php
31 Jul 2018 16:32:56|30|pritirm@forstarfoods.com|DailyCatchEntry_New.php
31 Jul 2018 16:36:35|29|kavitha@forstarfoods.com|DailyCatchEntry_New.php
31 Jul 2018 16:37:57|30|pritirm@forstarfoods.com|DailyCatchEntry_New.php
31 Jul 2018 16:41:37|29|kavitha@forstarfoods.com|DailyCatchEntry_New.php
31 Jul 2018 16:42:38|10|moni@forstarfoods.com|Home.php
31 Jul 2018 16:42:44|10|moni@forstarfoods.com|ManageChallan.php
31 Jul 2018 16:42:50|10|moni@forstarfoods.com|ManageChallan.php
31 Jul 2018 16:42:59|30|pritirm@forstarfoods.com|DailyCatchEntry_New.php
31 Jul 2018 16:44:51|10|moni@forstarfoods.com|BillingCompanyMaster.php
31 Jul 2018 16:45:17|10|moni@forstarfoods.com|PlantsandUnits.php
31 Jul 2018 16:45:41|10|moni@forstarfoods.com|PlantsandUnits.php
31 Jul 2018 16:46:09|10|moni@forstarfoods.com|PlantsandUnits.php
31 Jul 2018 16:46:39|29|kavitha@forstarfoods.com|DailyCatchEntry_New.php
31 Jul 2018 16:48:00|30|pritirm@forstarfoods.com|DailyCatchEntry_New.php
31 Jul 2018 16:48:50|10|moni@forstarfoods.com|PlantsandUnits.php
31 Jul 2018 16:49:03|10|moni@forstarfoods.com|PlantsandUnits.php
31 Jul 2018 16:49:07|10|moni@forstarfoods.com|PlantsandUnits.php
31 Jul 2018 16:51:41|29|kavitha@forstarfoods.com|DailyCatchEntry_New.php
31 Jul 2018 16:51:54|20|shiji@forstarfoods.com|SettlementSummary.php
31 Jul 2018 16:51:59|20|shiji@forstarfoods.com|SettlementSummary.php
31 Jul 2018 16:52:02|20|shiji@forstarfoods.com|SupplierPayments.php
31 Jul 2018 16:52:03|20|shiji@forstarfoods.com|SupplierPayments.php
31 Jul 2018 16:52:04|20|shiji@forstarfoods.com|SupplierPayments.php