
27 Dec 2018 13:30:31|20|shiji@forstarfoods.com|DailyCatchEntry_New.php
27 Dec 2018 13:30:32|20|shiji@forstarfoods.com|DailyCatchEntry_New.php
27 Dec 2018 13:30:33|20|shiji@forstarfoods.com|DailyCatchEntry_New.php
27 Dec 2018 13:30:35|20|shiji@forstarfoods.com|DailyCatchEntry_New.php
27 Dec 2018 13:30:37|20|shiji@forstarfoods.com|DailyCatchEntry_New.php
27 Dec 2018 13:30:40|20|shiji@forstarfoods.com|CatchEntryDeclaredItem.php
27 Dec 2018 13:31:45|20|shiji@forstarfoods.com|DailyCatchEntry_New.php
27 Dec 2018 13:31:46|20|shiji@forstarfoods.com|DailyCatchEntry_New.php
27 Dec 2018 13:31:48|20|shiji@forstarfoods.com|DailyCatchEntry_New.php
27 Dec 2018 13:31:50|20|shiji@forstarfoods.com|DailyCatchEntry_New.php
27 Dec 2018 13:31:55|20|shiji@forstarfoods.com|DailyCatchEntry_New.php
27 Dec 2018 13:31:56|20|shiji@forstarfoods.com|CatchEntryDeclaredItem.php
27 Dec 2018 13:32:01|20|shiji@forstarfoods.com|DailyCatchEntry_New.php
27 Dec 2018 13:32:59|20|shiji@forstarfoods.com|DailyCatchEntry_New.php
27 Dec 2018 13:33:07|20|shiji@forstarfoods.com|DailyCatchEntry_New.php
27 Dec 2018 13:33:13|20|shiji@forstarfoods.com|DailyCatchEntry_New.php
27 Dec 2018 13:33:34|20|shiji@forstarfoods.com|DailyCatchEntry_New.php
27 Dec 2018 13:33:35|20|shiji@forstarfoods.com|DailyCatchEntry_New.php
27 Dec 2018 13:33:36|20|shiji@forstarfoods.com|DailyCatchEntry_New.php
27 Dec 2018 13:33:37|20|shiji@forstarfoods.com|DailyCatchEntry_New.php
27 Dec 2018 13:33:39|20|shiji@forstarfoods.com|DailyCatchEntry_New.php
27 Dec 2018 13:33:40|20|shiji@forstarfoods.com|DailyCatchEntry_New.php
27 Dec 2018 13:33:41|20|shiji@forstarfoods.com|DailyCatchEntry_New.php
27 Dec 2018 13:33:42|20|shiji@forstarfoods.com|DailyCatchEntry_New.php
27 Dec 2018 13:33:44|20|shiji@forstarfoods.com|DailyCatchEntry_New.php
27 Dec 2018 13:33:45|20|shiji@forstarfoods.com|DailyCatchEntry_New.php
27 Dec 2018 13:33:45|30|pritirm@forstarfoods.com|DailyCatchEntry_New.php
27 Dec 2018 13:33:46|20|shiji@forstarfoods.com|DailyCatchEntry_New.php
27 Dec 2018 13:33:47|20|shiji@forstarfoods.com|DailyCatchEntry_New.php
27 Dec 2018 13:33:48|20|shiji@forstarfoods.com|DailyCatchEntry_New.php
27 Dec 2018 13:33:50|20|shiji@forstarfoods.com|DailyCatchEntry_New.php
27 Dec 2018 13:33:51|20|shiji@forstarfoods.com|DailyCatchEntry_New.php
27 Dec 2018 13:33:52|20|shiji@forstarfoods.com|DailyCatchEntry_New.php
27 Dec 2018 13:34:11|20|shiji@forstarfoods.com|DailyCatchEntry_New.php
27 Dec 2018 13:34:13|20|shiji@forstarfoods.com|DailyCatchEntry_New.php
27 Dec 2018 13:34:15|20|shiji@forstarfoods.com|CatchEntryDeclaredItem.php
27 Dec 2018 13:34:17|20|shiji@forstarfoods.com|DailyCatchEntry_New.php
27 Dec 2018 13:34:20|20|shiji@forstarfoods.com|DailyCatchEntry_New.php
27 Dec 2018 13:34:22|20|shiji@forstarfoods.com|DailyCatchEntry_New.php
27 Dec 2018 13:34:24|20|shiji@forstarfoods.com|DailyCatchEntry_New.php
27 Dec 2018 13:34:25|20|shiji@forstarfoods.com|DailyCatchEntry_New.php
27 Dec 2018 13:34:26|20|shiji@forstarfoods.com|DailyCatchEntry_New.php
27 Dec 2018 13:34:27|20|shiji@forstarfoods.com|DailyCatchEntry_New.php
27 Dec 2018 13:34:29|20|shiji@forstarfoods.com|DailyCatchEntry_New.php
27 Dec 2018 13:34:30|20|shiji@forstarfoods.com|DailyCatchEntry_New.php
27 Dec 2018 13:34:31|20|shiji@forstarfoods.com|DailyCatchEntry_New.php
27 Dec 2018 13:34:41|20|shiji@forstarfoods.com|DailyCatchEntry_New.php
27 Dec 2018 13:34:47|20|shiji@forstarfoods.com|DailyCatchEntry_New.php
27 Dec 2018 13:34:48|20|shiji@forstarfoods.com|CatchEntryDeclaredItem.php
27 Dec 2018 13:34:51|20|shiji@forstarfoods.com|DailyCatchEntry_New.php
27 Dec 2018 13:34:52|20|shiji@forstarfoods.com|DailyCatchEntry_New.php
27 Dec 2018 13:34:53|20|shiji@forstarfoods.com|DailyCatchEntry_New.php
27 Dec 2018 13:34:54|20|shiji@forstarfoods.com|DailyCatchEntry_New.php
27 Dec 2018 13:34:59|20|shiji@forstarfoods.com|DailyCatchEntry_New.php
27 Dec 2018 13:35:00|20|shiji@forstarfoods.com|CatchEntryDeclaredItem.php
27 Dec 2018 13:35:21|20|shiji@forstarfoods.com|DailyCatchEntry_New.php
27 Dec 2018 13:35:23|20|shiji@forstarfoods.com|DailyCatchEntry_New.php
27 Dec 2018 13:35:26|20|shiji@forstarfoods.com|DailyCatchEntry_New.php
27 Dec 2018 13:35:29|20|shiji@forstarfoods.com|DailyCatchEntry_New.php
27 Dec 2018 13:35:30|20|shiji@forstarfoods.com|DailyCatchEntry_New.php
27 Dec 2018 13:35:31|20|shiji@forstarfoods.com|DailyCatchEntry_New.php
27 Dec 2018 13:35:32|20|shiji@forstarfoods.com|DailyCatchEntry_New.php
27 Dec 2018 13:35:34|20|shiji@forstarfoods.com|DailyCatchEntry_New.php
27 Dec 2018 13:35:35|20|shiji@forstarfoods.com|DailyCatchEntry_New.php
27 Dec 2018 13:35:36|20|shiji@forstarfoods.com|DailyCatchEntry_New.php
27 Dec 2018 13:35:37|20|shiji@forstarfoods.com|DailyCatchEntry_New.php
27 Dec 2018 13:35:39|20|shiji@forstarfoods.com|DailyCatchEntry_New.php
27 Dec 2018 13:35:40|20|shiji@forstarfoods.com|DailyCatchEntry_New.php
27 Dec 2018 13:35:41|20|shiji@forstarfoods.com|DailyCatchEntry_New.php
27 Dec 2018 13:35:42|20|shiji@forstarfoods.com|DailyCatchEntry_New.php
27 Dec 2018 13:35:44|20|shiji@forstarfoods.com|DailyCatchEntry_New.php
27 Dec 2018 13:35:45|20|shiji@forstarfoods.com|DailyCatchEntry_New.php
27 Dec 2018 13:35:46|20|shiji@forstarfoods.com|DailyCatchEntry_New.php
27 Dec 2018 13:35:47|20|shiji@forstarfoods.com|DailyCatchEntry_New.php
27 Dec 2018 13:36:27|20|shiji@forstarfoods.com|DailyCatchEntry_New.php
27 Dec 2018 13:36:30|20|shiji@forstarfoods.com|DailyCatchEntry_New.php
27 Dec 2018 13:36:32|20|shiji@forstarfoods.com|CatchEntryDeclaredItem.php
27 Dec 2018 13:36:36|20|shiji@forstarfoods.com|DailyCatchEntry_New.php
27 Dec 2018 13:36:39|20|shiji@forstarfoods.com|DailyCatchEntry_New.php
27 Dec 2018 13:36:42|20|shiji@forstarfoods.com|DailyCatchEntry_New.php
27 Dec 2018 13:36:43|20|shiji@forstarfoods.com|DailyCatchEntry_New.php
27 Dec 2018 13:36:44|20|shiji@forstarfoods.com|DailyCatchEntry_New.php
27 Dec 2018 13:36:46|20|shiji@forstarfoods.com|DailyCatchEntry_New.php
27 Dec 2018 13:36:47|20|shiji@forstarfoods.com|DailyCatchEntry_New.php
27 Dec 2018 13:36:48|20|shiji@forstarfoods.com|DailyCatchEntry_New.php
27 Dec 2018 13:36:49|20|shiji@forstarfoods.com|DailyCatchEntry_New.php
27 Dec 2018 13:36:51|20|shiji@forstarfoods.com|DailyCatchEntry_New.php
27 Dec 2018 13:36:52|20|shiji@forstarfoods.com|DailyCatchEntry_New.php
27 Dec 2018 13:36:53|20|shiji@forstarfoods.com|DailyCatchEntry_New.php
27 Dec 2018 13:36:54|20|shiji@forstarfoods.com|DailyCatchEntry_New.php
27 Dec 2018 13:36:56|20|shiji@forstarfoods.com|DailyCatchEntry_New.php
27 Dec 2018 13:36:57|20|shiji@forstarfoods.com|DailyCatchEntry_New.php
27 Dec 2018 13:36:58|20|shiji@forstarfoods.com|DailyCatchEntry_New.php
27 Dec 2018 13:36:59|20|shiji@forstarfoods.com|DailyCatchEntry_New.php
27 Dec 2018 13:37:01|20|shiji@forstarfoods.com|DailyCatchEntry_New.php
27 Dec 2018 13:37:03|20|shiji@forstarfoods.com|DailyCatchEntry_New.php
27 Dec 2018 13:37:11|20|shiji@forstarfoods.com|DailyCatchEntry_New.php
27 Dec 2018 13:37:13|20|shiji@forstarfoods.com|DailyCatchEntry_New.php
27 Dec 2018 13:37:14|20|shiji@forstarfoods.com|CatchEntryDeclaredItem.php
27 Dec 2018 13:37:24|20|shiji@forstarfoods.com|DailyCatchEntry_New.php
27 Dec 2018 13:37:27|20|shiji@forstarfoods.com|DailyCatchEntry_New.php
27 Dec 2018 13:37:32|20|shiji@forstarfoods.com|DailyCatchEntry_New.php
27 Dec 2018 13:37:33|20|shiji@forstarfoods.com|DailyCatchEntry_New.php
27 Dec 2018 13:37:35|20|shiji@forstarfoods.com|DailyCatchEntry_New.php
27 Dec 2018 13:37:36|20|shiji@forstarfoods.com|DailyCatchEntry_New.php
27 Dec 2018 13:37:37|20|shiji@forstarfoods.com|DailyCatchEntry_New.php
27 Dec 2018 13:37:38|20|shiji@forstarfoods.com|DailyCatchEntry_New.php
27 Dec 2018 13:37:40|20|shiji@forstarfoods.com|DailyCatchEntry_New.php
27 Dec 2018 13:37:41|20|shiji@forstarfoods.com|DailyCatchEntry_New.php
27 Dec 2018 13:37:42|20|shiji@forstarfoods.com|DailyCatchEntry_New.php
27 Dec 2018 13:37:44|20|shiji@forstarfoods.com|DailyCatchEntry_New.php
27 Dec 2018 13:37:45|20|shiji@forstarfoods.com|CatchEntryDeclaredItem.php
27 Dec 2018 13:38:46|30|pritirm@forstarfoods.com|DailyCatchEntry_New.php
27 Dec 2018 13:42:04|20|shiji@forstarfoods.com|DailyCatchEntry_New.php
27 Dec 2018 13:43:48|30|pritirm@forstarfoods.com|DailyCatchEntry_New.php
27 Dec 2018 13:47:05|20|shiji@forstarfoods.com|DailyCatchEntry_New.php
27 Dec 2018 13:48:49|30|pritirm@forstarfoods.com|DailyCatchEntry_New.php
27 Dec 2018 13:52:06|20|shiji@forstarfoods.com|DailyCatchEntry_New.php
27 Dec 2018 13:53:50|30|pritirm@forstarfoods.com|DailyCatchEntry_New.php
27 Dec 2018 13:57:08|20|shiji@forstarfoods.com|DailyCatchEntry_New.php
27 Dec 2018 13:58:52|30|pritirm@forstarfoods.com|DailyCatchEntry_New.php
27 Dec 2018 14:02:09|20|shiji@forstarfoods.com|DailyCatchEntry_New.php
27 Dec 2018 14:03:54|30|pritirm@forstarfoods.com|DailyCatchEntry_New.php
27 Dec 2018 14:07:10|20|shiji@forstarfoods.com|DailyCatchEntry_New.php
27 Dec 2018 14:08:56|30|pritirm@forstarfoods.com|DailyCatchEntry_New.php
27 Dec 2018 14:11:08|20|shiji@forstarfoods.com|DailyCatchReport.php
27 Dec 2018 14:11:20|20|shiji@forstarfoods.com|DailyCatchReport.php
27 Dec 2018 14:11:24|20|shiji@forstarfoods.com|DailyCatchReport.php
27 Dec 2018 14:11:26|20|shiji@forstarfoods.com|DailyCatchReport.php
27 Dec 2018 14:11:28|20|shiji@forstarfoods.com|DailyCatchReport.php
27 Dec 2018 14:11:29|20|shiji@forstarfoods.com|DailyCatchReport.php
27 Dec 2018 14:11:32|20|shiji@forstarfoods.com|PrintDailyCatchReportMemo.php
27 Dec 2018 14:11:49|20|shiji@forstarfoods.com|PrintDailyCatchReportMemo.php
27 Dec 2018 14:12:41|20|shiji@forstarfoods.com|DailyCatchReport.php
27 Dec 2018 14:12:42|20|shiji@forstarfoods.com|DailyCatchReport.php
27 Dec 2018 14:12:44|20|shiji@forstarfoods.com|DailyCatchReport.php
27 Dec 2018 14:12:48|20|shiji@forstarfoods.com|DailyCatchReport.php
27 Dec 2018 14:12:56|20|shiji@forstarfoods.com|DailyCatchReport.php
27 Dec 2018 14:12:58|20|shiji@forstarfoods.com|DailyCatchReport.php
27 Dec 2018 14:12:59|20|shiji@forstarfoods.com|DailyCatchReport.php
27 Dec 2018 14:13:01|20|shiji@forstarfoods.com|PrintDailyCatchReportMemo.php
27 Dec 2018 14:13:15|20|shiji@forstarfoods.com|PrintDailyCatchReportMemo.php
27 Dec 2018 14:13:53|20|shiji@forstarfoods.com|DailyCatchReport.php
27 Dec 2018 14:13:55|20|shiji@forstarfoods.com|DailyCatchReport.php
27 Dec 2018 14:13:56|20|shiji@forstarfoods.com|DailyCatchReport.php
27 Dec 2018 14:13:57|30|pritirm@forstarfoods.com|DailyCatchEntry_New.php
27 Dec 2018 14:14:00|20|shiji@forstarfoods.com|DailyCatchReport.php
27 Dec 2018 14:14:01|20|shiji@forstarfoods.com|DailyCatchReport.php
27 Dec 2018 14:14:03|20|shiji@forstarfoods.com|DailyCatchReport.php
27 Dec 2018 14:14:04|20|shiji@forstarfoods.com|DailyCatchReport.php
27 Dec 2018 14:14:22|20|shiji@forstarfoods.com|DailyCatchReport.php
27 Dec 2018 14:14:23|20|shiji@forstarfoods.com|DailyCatchReport.php
27 Dec 2018 14:14:25|20|shiji@forstarfoods.com|DailyCatchReport.php
27 Dec 2018 14:14:29|20|shiji@forstarfoods.com|PrintDailyCatchReportMemo.php
27 Dec 2018 14:14:47|20|shiji@forstarfoods.com|PrintDailyCatchReportMemo.php
27 Dec 2018 14:15:18|20|shiji@forstarfoods.com|DailyCatchReport.php
27 Dec 2018 14:15:20|20|shiji@forstarfoods.com|DailyCatchReport.php
27 Dec 2018 14:15:21|20|shiji@forstarfoods.com|DailyCatchReport.php
27 Dec 2018 14:15:27|20|shiji@forstarfoods.com|DailyCatchReport.php
27 Dec 2018 14:15:29|20|shiji@forstarfoods.com|DailyCatchReport.php
27 Dec 2018 14:15:30|20|shiji@forstarfoods.com|DailyCatchReport.php
27 Dec 2018 14:15:31|20|shiji@forstarfoods.com|DailyCatchReport.php
27 Dec 2018 14:15:33|20|shiji@forstarfoods.com|PrintDailyCatchReportMemo.php
27 Dec 2018 14:15:43|20|shiji@forstarfoods.com|PrintDailyCatchReportMemo.php
27 Dec 2018 14:16:11|20|shiji@forstarfoods.com|DailyCatchReport.php
27 Dec 2018 14:16:13|20|shiji@forstarfoods.com|DailyCatchReport.php
27 Dec 2018 14:16:14|20|shiji@forstarfoods.com|DailyCatchReport.php
27 Dec 2018 14:16:19|20|shiji@forstarfoods.com|DailyCatchReport.php
27 Dec 2018 14:16:20|20|shiji@forstarfoods.com|DailyCatchReport.php
27 Dec 2018 14:16:22|20|shiji@forstarfoods.com|DailyCatchReport.php
27 Dec 2018 14:16:23|20|shiji@forstarfoods.com|DailyCatchReport.php
27 Dec 2018 14:16:25|20|shiji@forstarfoods.com|PrintDailyCatchReportMemo.php
27 Dec 2018 14:17:32|20|shiji@forstarfoods.com|PrintDailyCatchReportMemo.php
27 Dec 2018 14:18:59|30|pritirm@forstarfoods.com|DailyCatchEntry_New.php
27 Dec 2018 14:24:02|30|pritirm@forstarfoods.com|DailyCatchEntry_New.php
27 Dec 2018 14:29:03|30|pritirm@forstarfoods.com|DailyCatchEntry_New.php
27 Dec 2018 14:33:53|20|shiji@forstarfoods.com|DailyCatchReport.php
27 Dec 2018 14:33:55|20|shiji@forstarfoods.com|DailyCatchReport.php
27 Dec 2018 14:33:56|20|shiji@forstarfoods.com|DailyCatchReport.php
27 Dec 2018 14:34:05|30|pritirm@forstarfoods.com|DailyCatchEntry_New.php
27 Dec 2018 14:37:38|20|shiji@forstarfoods.com|DailyCatchSummary.php
27 Dec 2018 14:37:41|20|shiji@forstarfoods.com|DailyCatchSummary.php
27 Dec 2018 14:37:49|20|shiji@forstarfoods.com|DailyCatchSummary.php
27 Dec 2018 14:37:53|20|shiji@forstarfoods.com|DailyCatchSummary.php
27 Dec 2018 14:38:00|20|shiji@forstarfoods.com|DailyCatchSummary.php
27 Dec 2018 14:38:07|20|shiji@forstarfoods.com|DailyCatchSummary.php
27 Dec 2018 14:39:06|30|pritirm@forstarfoods.com|DailyCatchEntry_New.php
27 Dec 2018 14:40:52|20|shiji@forstarfoods.com|SupplierAccount.php
27 Dec 2018 14:41:14|20|shiji@forstarfoods.com|SupplierAccount.php
27 Dec 2018 14:41:19|20|shiji@forstarfoods.com|SupplierAccount.php
27 Dec 2018 14:41:24|20|shiji@forstarfoods.com|SupplierAccount.php
27 Dec 2018 14:41:28|20|shiji@forstarfoods.com|SupplierAccount.php
27 Dec 2018 14:43:08|20|shiji@forstarfoods.com|SupplierAccount.php
27 Dec 2018 14:43:19|20|shiji@forstarfoods.com|SupplierAccount.php
27 Dec 2018 14:43:32|20|shiji@forstarfoods.com|SupplierAccount.php
27 Dec 2018 14:43:38|20|shiji@forstarfoods.com|SupplierAccount.php
27 Dec 2018 14:43:52|20|shiji@forstarfoods.com|SupplierAccount.php
27 Dec 2018 14:44:01|20|shiji@forstarfoods.com|SupplierAccount.php
27 Dec 2018 14:44:04|20|shiji@forstarfoods.com|SupplierAccount.php
27 Dec 2018 14:44:07|30|pritirm@forstarfoods.com|DailyCatchEntry_New.php
27 Dec 2018 14:44:14|20|shiji@forstarfoods.com|SupplierAccount.php
27 Dec 2018 14:44:24|20|shiji@forstarfoods.com|SupplierAccount.php
27 Dec 2018 14:44:31|20|shiji@forstarfoods.com|SupplierAccount.php
27 Dec 2018 14:44:57|20|shiji@forstarfoods.com|SupplierAccount.php
27 Dec 2018 14:45:01|20|shiji@forstarfoods.com|SupplierAccount.php
27 Dec 2018 14:45:10|20|shiji@forstarfoods.com|SupplierAccount.php
27 Dec 2018 14:45:19|20|shiji@forstarfoods.com|SupplierAccount.php
27 Dec 2018 14:45:26|20|shiji@forstarfoods.com|SupplierAccount.php
27 Dec 2018 14:45:38|20|shiji@forstarfoods.com|SupplierAccount.php
27 Dec 2018 14:46:17|20|shiji@forstarfoods.com|SupplierAccount.php
27 Dec 2018 14:46:51|20|shiji@forstarfoods.com|SupplierAccount.php
27 Dec 2018 14:46:57|20|shiji@forstarfoods.com|SupplierAccount.php
27 Dec 2018 14:47:14|20|shiji@forstarfoods.com|SupplierAccount.php
27 Dec 2018 14:47:40|20|shiji@forstarfoods.com|SupplierAccount.php
27 Dec 2018 14:47:46|20|shiji@forstarfoods.com|SupplierAccount.php
27 Dec 2018 14:47:58|20|shiji@forstarfoods.com|SupplierAccount.php
27 Dec 2018 14:48:04|20|shiji@forstarfoods.com|SupplierAccount.php
27 Dec 2018 14:48:15|20|shiji@forstarfoods.com|SupplierAccount.php
27 Dec 2018 14:48:48|20|shiji@forstarfoods.com|SupplierAccount.php
27 Dec 2018 14:48:58|20|shiji@forstarfoods.com|SupplierAccount.php
27 Dec 2018 14:49:02|20|shiji@forstarfoods.com|SupplierAccount.php
27 Dec 2018 14:49:09|30|pritirm@forstarfoods.com|DailyCatchEntry_New.php
27 Dec 2018 14:49:29|20|shiji@forstarfoods.com|SupplierAccount.php
27 Dec 2018 14:54:10|30|pritirm@forstarfoods.com|DailyCatchEntry_New.php
27 Dec 2018 14:59:11|30|pritirm@forstarfoods.com|DailyCatchEntry_New.php
27 Dec 2018 15:01:42|20|shiji@forstarfoods.com|SupplierAccount.php
27 Dec 2018 15:01:48|20|shiji@forstarfoods.com|SupplierAccount.php
27 Dec 2018 15:03:39|20|shiji@forstarfoods.com|SupplierAccount.php
27 Dec 2018 15:03:44|20|shiji@forstarfoods.com|SupplierAccount.php
27 Dec 2018 15:04:13|30|pritirm@forstarfoods.com|DailyCatchEntry_New.php
27 Dec 2018 15:04:15|20|shiji@forstarfoods.com|SupplierAccount.php
27 Dec 2018 15:04:27|20|shiji@forstarfoods.com|SupplierAccount.php
27 Dec 2018 15:05:11|20|shiji@forstarfoods.com|SupplierAccount.php
27 Dec 2018 15:07:35|20|shiji@forstarfoods.com|SupplierAccount.php
27 Dec 2018 15:07:52|20|shiji@forstarfoods.com|SupplierAccount.php
27 Dec 2018 15:08:01|20|shiji@forstarfoods.com|SupplierAccount.php
27 Dec 2018 15:08:14|20|shiji@forstarfoods.com|SupplierAccount.php
27 Dec 2018 15:08:20|20|shiji@forstarfoods.com|SupplierAccount.php
27 Dec 2018 15:08:30|20|shiji@forstarfoods.com|SupplierAccount.php
27 Dec 2018 15:08:38|20|shiji@forstarfoods.com|SupplierAccount.php
27 Dec 2018 15:08:56|20|shiji@forstarfoods.com|SupplierAccount.php
27 Dec 2018 15:09:12|20|shiji@forstarfoods.com|SupplierAccount.php
27 Dec 2018 15:09:14|30|pritirm@forstarfoods.com|DailyCatchEntry_New.php
27 Dec 2018 15:14:16|30|pritirm@forstarfoods.com|DailyCatchEntry_New.php
27 Dec 2018 15:15:32|20|shiji@forstarfoods.com|SupplierAccount.php
27 Dec 2018 15:16:10|20|shiji@forstarfoods.com|SupplierAccount.php
27 Dec 2018 15:16:19|20|shiji@forstarfoods.com|SupplierAccount.php
27 Dec 2018 15:16:30|20|shiji@forstarfoods.com|SupplierAccount.php
27 Dec 2018 15:16:35|20|shiji@forstarfoods.com|SupplierAccount.php
27 Dec 2018 15:16:53|20|shiji@forstarfoods.com|SupplierAccount.php
27 Dec 2018 15:17:01|20|shiji@forstarfoods.com|SettlementSummary.php
27 Dec 2018 15:17:09|20|shiji@forstarfoods.com|SettlementSummary.php
27 Dec 2018 15:17:12|20|shiji@forstarfoods.com|SupplierPayments.php
27 Dec 2018 15:17:13|20|shiji@forstarfoods.com|SupplierPayments.php
27 Dec 2018 15:17:15|20|shiji@forstarfoods.com|SupplierPayments.php
27 Dec 2018 15:17:17|20|shiji@forstarfoods.com|SupplierAccount.php
27 Dec 2018 15:17:28|20|shiji@forstarfoods.com|SupplierAccount.php
27 Dec 2018 15:17:32|20|shiji@forstarfoods.com|SupplierAccount.php
27 Dec 2018 15:17:38|20|shiji@forstarfoods.com|SupplierAccount.php
27 Dec 2018 15:17:43|20|shiji@forstarfoods.com|SupplierAccount.php
27 Dec 2018 15:17:49|20|shiji@forstarfoods.com|SupplierAccount.php
27 Dec 2018 15:18:02|20|shiji@forstarfoods.com|SupplierAccount.php
27 Dec 2018 15:18:09|20|shiji@forstarfoods.com|SupplierAccount.php
27 Dec 2018 15:18:42|20|shiji@forstarfoods.com|SupplierAccount.php
27 Dec 2018 15:18:46|20|shiji@forstarfoods.com|SupplierAccount.php
27 Dec 2018 15:18:59|20|shiji@forstarfoods.com|SupplierAccount.php
27 Dec 2018 15:19:04|20|shiji@forstarfoods.com|SupplierAccount.php
27 Dec 2018 15:19:17|30|pritirm@forstarfoods.com|DailyCatchEntry_New.php
27 Dec 2018 15:19:36|20|shiji@forstarfoods.com|DailyCatchReport.php
27 Dec 2018 15:19:43|20|shiji@forstarfoods.com|DailyCatchReport.php
27 Dec 2018 15:19:46|20|shiji@forstarfoods.com|DailyCatchReport.php
27 Dec 2018 15:19:48|20|shiji@forstarfoods.com|DailyCatchReport.php
27 Dec 2018 15:19:50|20|shiji@forstarfoods.com|DailyCatchReport.php
27 Dec 2018 15:19:51|20|shiji@forstarfoods.com|DailyCatchReport.php
27 Dec 2018 15:19:55|20|shiji@forstarfoods.com|DailyCatchReport.php
27 Dec 2018 15:19:57|20|shiji@forstarfoods.com|DailyCatchReport.php
27 Dec 2018 15:19:58|20|shiji@forstarfoods.com|DailyCatchReport.php
27 Dec 2018 15:20:00|20|shiji@forstarfoods.com|SupplierAccount.php
27 Dec 2018 15:20:07|20|shiji@forstarfoods.com|SupplierAccount.php
27 Dec 2018 15:20:12|20|shiji@forstarfoods.com|SupplierAccount.php
27 Dec 2018 15:20:18|20|shiji@forstarfoods.com|SupplierAccount.php
27 Dec 2018 15:20:23|20|shiji@forstarfoods.com|SupplierAccount.php
27 Dec 2018 15:20:40|20|shiji@forstarfoods.com|SupplierAccount.php
27 Dec 2018 15:20:46|20|shiji@forstarfoods.com|SupplierAccount.php
27 Dec 2018 15:20:49|20|shiji@forstarfoods.com|SupplierAccount.php
27 Dec 2018 15:21:05|20|shiji@forstarfoods.com|SupplierAccount.php
27 Dec 2018 15:21:21|20|shiji@forstarfoods.com|SupplierAccount.php
27 Dec 2018 15:21:32|20|shiji@forstarfoods.com|SupplierAccount.php
27 Dec 2018 15:21:46|20|shiji@forstarfoods.com|SupplierAccount.php
27 Dec 2018 15:21:51|20|shiji@forstarfoods.com|SupplierAccount.php
27 Dec 2018 15:21:54|20|shiji@forstarfoods.com|SupplierAccount.php
27 Dec 2018 15:22:20|20|shiji@forstarfoods.com|SupplierAccount.php
27 Dec 2018 15:24:19|30|pritirm@forstarfoods.com|DailyCatchEntry_New.php
27 Dec 2018 15:25:08|20|shiji@forstarfoods.com|SupplierAccount.php
27 Dec 2018 15:25:14|20|shiji@forstarfoods.com|SupplierAccount.php
27 Dec 2018 15:26:05|20|shiji@forstarfoods.com|SupplierAccount.php
27 Dec 2018 15:29:20|30|pritirm@forstarfoods.com|DailyCatchEntry_New.php
27 Dec 2018 15:34:21|30|pritirm@forstarfoods.com|DailyCatchEntry_New.php
27 Dec 2018 15:39:23|30|pritirm@forstarfoods.com|DailyCatchEntry_New.php
27 Dec 2018 15:44:24|30|pritirm@forstarfoods.com|DailyCatchEntry_New.php
27 Dec 2018 15:49:26|30|pritirm@forstarfoods.com|DailyCatchEntry_New.php
27 Dec 2018 15:54:27|30|pritirm@forstarfoods.com|DailyCatchEntry_New.php
27 Dec 2018 15:59:28|30|pritirm@forstarfoods.com|DailyCatchEntry_New.php
27 Dec 2018 16:04:30|30|pritirm@forstarfoods.com|DailyCatchEntry_New.php
27 Dec 2018 16:31:26|20|shiji@forstarfoods.com|DailyCatchSummary.php
27 Dec 2018 16:31:29|20|shiji@forstarfoods.com|DailyCatchSummary.php
27 Dec 2018 16:31:40|20|shiji@forstarfoods.com|DailyCatchSummary.php
27 Dec 2018 16:31:45|20|shiji@forstarfoods.com|DailyCatchSummary.php
27 Dec 2018 16:36:27|20|shiji@forstarfoods.com|DailyCatchSummary.php
27 Dec 2018 16:36:31|20|shiji@forstarfoods.com|DailyCatchSummary.php
27 Dec 2018 17:39:22|28|pratiksha@forstarfoods.com|Home.php
27 Dec 2018 17:39:26|28|pratiksha@forstarfoods.com|ManageGatePass.php
27 Dec 2018 17:39:29|28|pratiksha@forstarfoods.com|ManageGatePass.php
27 Dec 2018 17:39:33|28|pratiksha@forstarfoods.com|ManageGatePass.php
27 Dec 2018 17:39:35|28|pratiksha@forstarfoods.com|ManageGatePass.php
27 Dec 2018 17:40:25|28|pratiksha@forstarfoods.com|ManageGatePass.php
27 Dec 2018 17:40:28|28|pratiksha@forstarfoods.com|ManageGatePass.php
27 Dec 2018 17:40:33|28|pratiksha@forstarfoods.com|ManageGatePass.php
27 Dec 2018 17:40:37|28|pratiksha@forstarfoods.com|ManageGatePass.php
27 Dec 2018 17:40:39|28|pratiksha@forstarfoods.com|ManageGatePass.php
27 Dec 2018 17:40:43|28|pratiksha@forstarfoods.com|PrintGatePass.php
27 Dec 2018 17:41:40|28|pratiksha@forstarfoods.com|ManageGatePass.php
27 Dec 2018 17:42:41|28|pratiksha@forstarfoods.com|ManageGatePass.php
27 Dec 2018 17:43:42|28|pratiksha@forstarfoods.com|ManageGatePass.php
27 Dec 2018 17:44:43|28|pratiksha@forstarfoods.com|ManageGatePass.php
27 Dec 2018 17:45:44|28|pratiksha@forstarfoods.com|ManageGatePass.php
27 Dec 2018 17:46:45|28|pratiksha@forstarfoods.com|ManageGatePass.php
27 Dec 2018 17:47:47|28|pratiksha@forstarfoods.com|ManageGatePass.php
27 Dec 2018 17:48:48|28|pratiksha@forstarfoods.com|ManageGatePass.php
27 Dec 2018 17:49:11|28|pratiksha@forstarfoods.com|ManageGatePass.php
27 Dec 2018 17:49:16|28|pratiksha@forstarfoods.com|ManageGatePass.php
27 Dec 2018 17:49:19|28|pratiksha@forstarfoods.com|ManageGatePass.php
27 Dec 2018 17:50:11|28|pratiksha@forstarfoods.com|ManageGatePass.php
27 Dec 2018 17:50:25|28|pratiksha@forstarfoods.com|ManageGatePass.php
27 Dec 2018 17:50:28|28|pratiksha@forstarfoods.com|ManageGatePass.php
27 Dec 2018 17:50:57|28|pratiksha@forstarfoods.com|ManageGatePass.php
27 Dec 2018 17:51:07|28|pratiksha@forstarfoods.com|ManageGatePass.php
27 Dec 2018 17:51:10|28|pratiksha@forstarfoods.com|PrintGatePass.php
27 Dec 2018 17:52:08|28|pratiksha@forstarfoods.com|ManageGatePass.php
27 Dec 2018 17:53:10|28|pratiksha@forstarfoods.com|ManageGatePass.php
27 Dec 2018 17:54:11|28|pratiksha@forstarfoods.com|ManageGatePass.php
27 Dec 2018 17:55:12|28|pratiksha@forstarfoods.com|ManageGatePass.php
27 Dec 2018 17:56:13|28|pratiksha@forstarfoods.com|ManageGatePass.php
27 Dec 2018 17:57:14|28|pratiksha@forstarfoods.com|ManageGatePass.php
27 Dec 2018 17:58:15|28|pratiksha@forstarfoods.com|ManageGatePass.php
27 Dec 2018 17:59:16|28|pratiksha@forstarfoods.com|ManageGatePass.php
27 Dec 2018 17:59:40|28|pratiksha@forstarfoods.com|ManageGatePass.php
27 Dec 2018 17:59:44|28|pratiksha@forstarfoods.com|ManageGatePass.php
27 Dec 2018 17:59:46|28|pratiksha@forstarfoods.com|ManageGatePass.php
28 Dec 2018 09:55:24|30|pritirm@forstarfoods.com|Home.php
28 Dec 2018 11:36:36|24|shashikala@forstarfoods.com|Home.php
28 Dec 2018 11:37:16|24|shashikala@forstarfoods.com|DailyPreProcess.php
28 Dec 2018 11:37:35|24|shashikala@forstarfoods.com|DailyPreProcess.php
28 Dec 2018 11:37:43|24|shashikala@forstarfoods.com|DailyPreProcess.php
28 Dec 2018 11:37:51|24|shashikala@forstarfoods.com|DailyPreProcess.php
28 Dec 2018 11:38:07|24|shashikala@forstarfoods.com|DailyPreProcess.php
28 Dec 2018 11:38:09|24|shashikala@forstarfoods.com|DailyPreProcess.php
28 Dec 2018 11:38:49|24|shashikala@forstarfoods.com|DailyPreProcess.php
28 Dec 2018 11:38:56|24|shashikala@forstarfoods.com|DailyPreProcess.php
28 Dec 2018 11:39:00|24|shashikala@forstarfoods.com|DailyPreProcess.php
28 Dec 2018 11:39:02|20|shiji@forstarfoods.com|Home.php
28 Dec 2018 11:39:04|24|shashikala@forstarfoods.com|DailyPreProcess.php
28 Dec 2018 11:39:06|24|shashikala@forstarfoods.com|DailyPreProcess.php
28 Dec 2018 11:39:16|20|shiji@forstarfoods.com|DailyCatchSummary.php
28 Dec 2018 11:39:19|20|shiji@forstarfoods.com|DailyCatchSummary.php
28 Dec 2018 11:39:32|20|shiji@forstarfoods.com|DailyCatchSummary.php
28 Dec 2018 11:39:36|20|shiji@forstarfoods.com|DailyCatchSummary.php
28 Dec 2018 11:39:45|20|shiji@forstarfoods.com|DailyCatchSummary.php
28 Dec 2018 11:39:52|20|shiji@forstarfoods.com|DailyCatchSummary.php
28 Dec 2018 11:39:57|20|shiji@forstarfoods.com|DailyCatchSummary.php
28 Dec 2018 11:40:58|20|shiji@forstarfoods.com|DailyCatchEntry_New.php
28 Dec 2018 11:41:01|20|shiji@forstarfoods.com|DailyCatchEntry_New.php
28 Dec 2018 11:41:03|20|shiji@forstarfoods.com|DailyCatchEntry_New.php
28 Dec 2018 11:41:04|20|shiji@forstarfoods.com|DailyCatchEntry_New.php
28 Dec 2018 11:41:05|20|shiji@forstarfoods.com|DailyCatchEntry_New.php
28 Dec 2018 11:41:07|20|shiji@forstarfoods.com|CatchEntryDeclaredItem.php
28 Dec 2018 11:41:08|20|shiji@forstarfoods.com|DailyCatchEntry_New.php
28 Dec 2018 11:41:10|20|shiji@forstarfoods.com|DailyCatchEntry_New.php
28 Dec 2018 11:41:12|20|shiji@forstarfoods.com|DailyCatchEntry_New.php
28 Dec 2018 11:41:13|20|shiji@forstarfoods.com|DailyCatchEntry_New.php
28 Dec 2018 11:41:14|20|shiji@forstarfoods.com|DailyCatchEntry_New.php
28 Dec 2018 11:41:15|20|shiji@forstarfoods.com|DailyCatchEntry_New.php
28 Dec 2018 11:41:17|20|shiji@forstarfoods.com|DailyCatchEntry_New.php
28 Dec 2018 11:41:18|20|shiji@forstarfoods.com|DailyCatchEntry_New.php
28 Dec 2018 11:41:19|20|shiji@forstarfoods.com|DailyCatchEntry_New.php
28 Dec 2018 11:41:24|20|shiji@forstarfoods.com|DailyCatchEntry_New.php
28 Dec 2018 11:41:28|20|shiji@forstarfoods.com|DailyCatchEntry_New.php
28 Dec 2018 11:41:29|20|shiji@forstarfoods.com|CatchEntryDeclaredItem.php
28 Dec 2018 11:41:46|20|shiji@forstarfoods.com|DailyCatchEntry_New.php
28 Dec 2018 11:41:47|20|shiji@forstarfoods.com|DailyCatchEntry_New.php
28 Dec 2018 11:41:50|20|shiji@forstarfoods.com|DailyCatchEntry_New.php
28 Dec 2018 11:41:56|20|shiji@forstarfoods.com|DailyCatchEntry_New.php
28 Dec 2018 11:41:57|20|shiji@forstarfoods.com|DailyCatchEntry_New.php
28 Dec 2018 11:41:59|20|shiji@forstarfoods.com|DailyCatchEntry_New.php
28 Dec 2018 11:42:00|20|shiji@forstarfoods.com|DailyCatchEntry_New.php
28 Dec 2018 11:42:01|20|shiji@forstarfoods.com|DailyCatchEntry_New.php
28 Dec 2018 11:42:02|20|shiji@forstarfoods.com|DailyCatchEntry_New.php
28 Dec 2018 11:42:03|20|shiji@forstarfoods.com|DailyCatchEntry_New.php
28 Dec 2018 11:42:05|20|shiji@forstarfoods.com|DailyCatchEntry_New.php
28 Dec 2018 11:42:06|20|shiji@forstarfoods.com|DailyCatchEntry_New.php
28 Dec 2018 11:42:07|20|shiji@forstarfoods.com|DailyCatchEntry_New.php
28 Dec 2018 11:42:08|20|shiji@forstarfoods.com|DailyCatchEntry_New.php
28 Dec 2018 11:42:10|20|shiji@forstarfoods.com|DailyCatchEntry_New.php
28 Dec 2018 11:42:11|20|shiji@forstarfoods.com|DailyCatchEntry_New.php
28 Dec 2018 11:42:12|20|shiji@forstarfoods.com|DailyCatchEntry_New.php
28 Dec 2018 11:42:13|20|shiji@forstarfoods.com|DailyCatchEntry_New.php
28 Dec 2018 11:42:15|20|shiji@forstarfoods.com|DailyCatchEntry_New.php
28 Dec 2018 11:42:16|20|shiji@forstarfoods.com|DailyCatchEntry_New.php
28 Dec 2018 11:42:17|20|shiji@forstarfoods.com|DailyCatchEntry_New.php
28 Dec 2018 11:42:18|20|shiji@forstarfoods.com|DailyCatchEntry_New.php
28 Dec 2018 11:42:20|20|shiji@forstarfoods.com|DailyCatchEntry_New.php
28 Dec 2018 11:42:21|20|shiji@forstarfoods.com|DailyCatchEntry_New.php
28 Dec 2018 11:42:22|20|shiji@forstarfoods.com|DailyCatchEntry_New.php
28 Dec 2018 11:42:23|20|shiji@forstarfoods.com|DailyCatchEntry_New.php
28 Dec 2018 11:42:24|20|shiji@forstarfoods.com|DailyCatchEntry_New.php
28 Dec 2018 11:42:26|20|shiji@forstarfoods.com|DailyCatchEntry_New.php
28 Dec 2018 11:42:27|20|shiji@forstarfoods.com|DailyCatchEntry_New.php
28 Dec 2018 11:42:28|20|shiji@forstarfoods.com|DailyCatchEntry_New.php
28 Dec 2018 11:42:29|20|shiji@forstarfoods.com|DailyCatchEntry_New.php
28 Dec 2018 11:42:31|20|shiji@forstarfoods.com|DailyCatchEntry_New.php
28 Dec 2018 11:42:32|20|shiji@forstarfoods.com|DailyCatchEntry_New.php
28 Dec 2018 11:42:33|20|shiji@forstarfoods.com|DailyCatchEntry_New.php
28 Dec 2018 11:42:34|20|shiji@forstarfoods.com|DailyCatchEntry_New.php
28 Dec 2018 11:42:36|20|shiji@forstarfoods.com|DailyCatchEntry_New.php
28 Dec 2018 11:42:37|20|shiji@forstarfoods.com|DailyCatchEntry_New.php
28 Dec 2018 11:42:38|20|shiji@forstarfoods.com|DailyCatchEntry_New.php
28 Dec 2018 11:42:39|20|shiji@forstarfoods.com|DailyCatchEntry_New.php
28 Dec 2018 11:42:41|20|shiji@forstarfoods.com|DailyCatchEntry_New.php
28 Dec 2018 11:42:42|20|shiji@forstarfoods.com|DailyCatchEntry_New.php
28 Dec 2018 11:42:43|20|shiji@forstarfoods.com|DailyCatchEntry_New.php
28 Dec 2018 11:42:44|20|shiji@forstarfoods.com|DailyCatchEntry_New.php
28 Dec 2018 11:42:45|20|shiji@forstarfoods.com|DailyCatchEntry_New.php
28 Dec 2018 11:42:47|20|shiji@forstarfoods.com|DailyCatchEntry_New.php
28 Dec 2018 11:42:48|24|shashikala@forstarfoods.com|DailyPreProcess.php
28 Dec 2018 11:42:58|24|shashikala@forstarfoods.com|DailyPreProcess.php
28 Dec 2018 11:43:02|24|shashikala@forstarfoods.com|DailyPreProcess.php
28 Dec 2018 11:43:08|24|shashikala@forstarfoods.com|DailyPreProcess.php
28 Dec 2018 11:43:09|24|shashikala@forstarfoods.com|DailyPreProcess.php
28 Dec 2018 11:44:43|24|shashikala@forstarfoods.com|DailyPreProcess.php
28 Dec 2018 11:44:50|24|shashikala@forstarfoods.com|DailyPreProcess.php
28 Dec 2018 11:45:10|24|shashikala@forstarfoods.com|DailyPreProcess.php
28 Dec 2018 11:45:11|24|shashikala@forstarfoods.com|DailyPreProcess.php
28 Dec 2018 11:46:03|20|shiji@forstarfoods.com|DailyCatchEntry_New.php
28 Dec 2018 11:46:27|24|shashikala@forstarfoods.com|DailyPreProcess.php
28 Dec 2018 11:46:40|20|shiji@forstarfoods.com|DailyCatchEntry_New.php
28 Dec 2018 11:46:43|20|shiji@forstarfoods.com|DailyCatchEntry_New.php
28 Dec 2018 11:46:47|20|shiji@forstarfoods.com|CatchEntryDeclaredItem.php
28 Dec 2018 11:47:00|20|shiji@forstarfoods.com|DailyCatchReport.php
28 Dec 2018 11:47:03|20|shiji@forstarfoods.com|DailyCatchEntry_New.php
28 Dec 2018 11:47:06|20|shiji@forstarfoods.com|DailyCatchEntry_New.php
28 Dec 2018 11:47:08|20|shiji@forstarfoods.com|DailyCatchEntry_New.php
28 Dec 2018 11:47:09|20|shiji@forstarfoods.com|DailyCatchEntry_New.php
28 Dec 2018 11:47:10|20|shiji@forstarfoods.com|DailyCatchEntry_New.php
28 Dec 2018 11:47:11|20|shiji@forstarfoods.com|CatchEntryDeclaredItem.php
28 Dec 2018 11:47:13|20|shiji@forstarfoods.com|DailyCatchEntry_New.php
28 Dec 2018 11:47:15|20|shiji@forstarfoods.com|DailyCatchEntry_New.php
28 Dec 2018 11:47:16|20|shiji@forstarfoods.com|DailyCatchEntry_New.php
28 Dec 2018 11:47:17|20|shiji@forstarfoods.com|DailyCatchEntry_New.php
28 Dec 2018 11:47:18|20|shiji@forstarfoods.com|DailyCatchEntry_New.php
28 Dec 2018 11:47:20|20|shiji@forstarfoods.com|DailyCatchEntry_New.php
28 Dec 2018 11:47:22|20|shiji@forstarfoods.com|DailyCatchEntry_New.php
28 Dec 2018 11:47:23|20|shiji@forstarfoods.com|DailyCatchEntry_New.php
28 Dec 2018 11:47:24|20|shiji@forstarfoods.com|DailyCatchEntry_New.php
28 Dec 2018 11:47:26|20|shiji@forstarfoods.com|DailyCatchEntry_New.php
28 Dec 2018 11:47:30|20|shiji@forstarfoods.com|DailyCatchEntry_New.php
28 Dec 2018 11:47:31|20|shiji@forstarfoods.com|CatchEntryDeclaredItem.php
28 Dec 2018 11:47:58|20|shiji@forstarfoods.com|DailyCatchEntry_New.php
28 Dec 2018 11:47:59|20|shiji@forstarfoods.com|DailyCatchEntry_New.php
28 Dec 2018 11:48:01|20|shiji@forstarfoods.com|DailyCatchEntry_New.php
28 Dec 2018 11:48:04|20|shiji@forstarfoods.com|DailyCatchEntry_New.php
28 Dec 2018 11:48:07|20|shiji@forstarfoods.com|DailyCatchEntry_New.php
28 Dec 2018 11:48:11|20|shiji@forstarfoods.com|DailyCatchEntry_New.php
28 Dec 2018 11:48:12|20|shiji@forstarfoods.com|DailyCatchEntry_New.php
28 Dec 2018 11:48:14|20|shiji@forstarfoods.com|DailyCatchEntry_New.php
28 Dec 2018 11:48:15|20|shiji@forstarfoods.com|DailyCatchEntry_New.php
28 Dec 2018 11:48:16|20|shiji@forstarfoods.com|DailyCatchEntry_New.php
28 Dec 2018 11:48:17|20|shiji@forstarfoods.com|DailyCatchEntry_New.php
28 Dec 2018 11:48:18|20|shiji@forstarfoods.com|DailyCatchEntry_New.php
28 Dec 2018 11:48:20|20|shiji@forstarfoods.com|DailyCatchEntry_New.php
28 Dec 2018 11:48:21|20|shiji@forstarfoods.com|DailyCatchEntry_New.php
28 Dec 2018 11:48:22|20|shiji@forstarfoods.com|DailyCatchEntry_New.php
28 Dec 2018 11:48:23|20|shiji@forstarfoods.com|DailyCatchEntry_New.php
28 Dec 2018 11:48:25|20|shiji@forstarfoods.com|DailyCatchEntry_New.php
28 Dec 2018 11:48:26|20|shiji@forstarfoods.com|DailyCatchEntry_New.php
28 Dec 2018 11:48:27|20|shiji@forstarfoods.com|DailyCatchEntry_New.php
28 Dec 2018 11:48:28|20|shiji@forstarfoods.com|DailyCatchEntry_New.php
28 Dec 2018 11:48:30|20|shiji@forstarfoods.com|DailyCatchEntry_New.php
28 Dec 2018 11:52:08|20|shiji@forstarfoods.com|DailyCatchEntry_New.php
28 Dec 2018 11:57:09|20|shiji@forstarfoods.com|DailyCatchEntry_New.php
28 Dec 2018 11:58:06|20|shiji@forstarfoods.com|DailyCatchEntry_New.php
28 Dec 2018 11:58:08|20|shiji@forstarfoods.com|DailyCatchEntry_New.php
28 Dec 2018 11:58:09|20|shiji@forstarfoods.com|CatchEntryDeclaredItem.php
28 Dec 2018 11:58:21|20|shiji@forstarfoods.com|DailyCatchEntry_New.php
28 Dec 2018 11:58:24|20|shiji@forstarfoods.com|DailyCatchEntry_New.php
28 Dec 2018 11:58:29|20|shiji@forstarfoods.com|DailyCatchEntry_New.php
28 Dec 2018 11:58:30|20|shiji@forstarfoods.com|DailyCatchEntry_New.php
28 Dec 2018 11:58:31|20|shiji@forstarfoods.com|DailyCatchEntry_New.php
28 Dec 2018 11:58:32|20|shiji@forstarfoods.com|DailyCatchEntry_New.php
28 Dec 2018 11:58:33|20|shiji@forstarfoods.com|DailyCatchEntry_New.php
28 Dec 2018 11:58:35|20|shiji@forstarfoods.com|DailyCatchEntry_New.php
28 Dec 2018 11:58:36|20|shiji@forstarfoods.com|DailyCatchEntry_New.php
28 Dec 2018 11:58:37|20|shiji@forstarfoods.com|DailyCatchEntry_New.php
28 Dec 2018 11:58:38|20|shiji@forstarfoods.com|DailyCatchEntry_New.php
28 Dec 2018 11:58:40|20|shiji@forstarfoods.com|DailyCatchEntry_New.php
28 Dec 2018 11:58:41|20|shiji@forstarfoods.com|DailyCatchEntry_New.php
28 Dec 2018 11:58:42|20|shiji@forstarfoods.com|DailyCatchEntry_New.php
28 Dec 2018 11:58:43|20|shiji@forstarfoods.com|DailyCatchEntry_New.php
28 Dec 2018 11:58:45|20|shiji@forstarfoods.com|DailyCatchEntry_New.php
28 Dec 2018 11:58:46|20|shiji@forstarfoods.com|DailyCatchEntry_New.php
28 Dec 2018 11:58:47|20|shiji@forstarfoods.com|DailyCatchEntry_New.php
28 Dec 2018 11:58:50|24|shashikala@forstarfoods.com|DailyPreProcess.php
28 Dec 2018 11:58:55|20|shiji@forstarfoods.com|DailyCatchEntry_New.php
28 Dec 2018 11:58:58|20|shiji@forstarfoods.com|DailyCatchEntry_New.php
28 Dec 2018 11:58:58|24|shashikala@forstarfoods.com|DailyPreProcess.php
28 Dec 2018 11:58:59|20|shiji@forstarfoods.com|CatchEntryDeclaredItem.php
28 Dec 2018 11:59:03|24|shashikala@forstarfoods.com|DailyPreProcess.php
28 Dec 2018 11:59:04|20|shiji@forstarfoods.com|DailyCatchEntry_New.php
28 Dec 2018 11:59:06|24|shashikala@forstarfoods.com|DailyPreProcess.php
28 Dec 2018 11:59:07|20|shiji@forstarfoods.com|DailyCatchEntry_New.php
28 Dec 2018 11:59:09|20|shiji@forstarfoods.com|DailyCatchEntry_New.php
28 Dec 2018 11:59:11|20|shiji@forstarfoods.com|DailyCatchEntry_New.php
28 Dec 2018 11:59:12|20|shiji@forstarfoods.com|DailyCatchEntry_New.php
28 Dec 2018 11:59:13|20|shiji@forstarfoods.com|DailyCatchEntry_New.php
28 Dec 2018 11:59:14|20|shiji@forstarfoods.com|DailyCatchEntry_New.php
28 Dec 2018 11:59:16|20|shiji@forstarfoods.com|DailyCatchEntry_New.php
28 Dec 2018 11:59:16|24|shashikala@forstarfoods.com|DailyPreProcess.php
28 Dec 2018 11:59:17|20|shiji@forstarfoods.com|DailyCatchEntry_New.php
28 Dec 2018 11:59:17|24|shashikala@forstarfoods.com|DailyPreProcess.php
28 Dec 2018 11:59:18|20|shiji@forstarfoods.com|DailyCatchEntry_New.php
28 Dec 2018 11:59:40|20|shiji@forstarfoods.com|DailyCatchEntry_New.php
28 Dec 2018 11:59:44|20|shiji@forstarfoods.com|DailyCatchEntry_New.php
28 Dec 2018 11:59:45|20|shiji@forstarfoods.com|CatchEntryDeclaredItem.php
28 Dec 2018 12:00:03|24|shashikala@forstarfoods.com|DailyPreProcess.php
28 Dec 2018 12:00:18|24|shashikala@forstarfoods.com|DailyPreProcess.php
28 Dec 2018 12:00:24|24|shashikala@forstarfoods.com|DailyPreProcess.php
28 Dec 2018 12:00:32|24|shashikala@forstarfoods.com|DailyPreProcess.php
28 Dec 2018 12:00:33|24|shashikala@forstarfoods.com|DailyPreProcess.php
28 Dec 2018 12:01:00|24|shashikala@forstarfoods.com|DailyPreProcess.php
28 Dec 2018 12:01:06|24|shashikala@forstarfoods.com|DailyPreProcess.php
28 Dec 2018 12:01:10|24|shashikala@forstarfoods.com|DailyPreProcess.php
28 Dec 2018 12:01:16|24|shashikala@forstarfoods.com|DailyPreProcess.php
28 Dec 2018 12:01:18|24|shashikala@forstarfoods.com|DailyPreProcess.php
28 Dec 2018 12:01:51|24|shashikala@forstarfoods.com|DailyPreProcess.php
28 Dec 2018 12:01:58|24|shashikala@forstarfoods.com|DailyPreProcess.php
28 Dec 2018 12:02:01|24|shashikala@forstarfoods.com|DailyPreProcess.php
28 Dec 2018 12:02:08|24|shashikala@forstarfoods.com|DailyPreProcess.php
28 Dec 2018 12:02:09|24|shashikala@forstarfoods.com|DailyPreProcess.php
28 Dec 2018 12:02:10|20|shiji@forstarfoods.com|DailyCatchEntry_New.php
28 Dec 2018 12:03:51|24|shashikala@forstarfoods.com|DailyPreProcess.php
28 Dec 2018 12:04:45|24|shashikala@forstarfoods.com|DailyPreProcess.php
28 Dec 2018 12:04:53|20|shiji@forstarfoods.com|DailyCatchReport.php
28 Dec 2018 12:04:55|24|shashikala@forstarfoods.com|DailyPreProcess.php
28 Dec 2018 12:04:57|24|shashikala@forstarfoods.com|DailyPreProcess.php
28 Dec 2018 12:05:00|20|shiji@forstarfoods.com|DailyCatchReport.php
28 Dec 2018 12:05:03|20|shiji@forstarfoods.com|DailyCatchReport.php
28 Dec 2018 12:05:05|20|shiji@forstarfoods.com|DailyCatchReport.php
28 Dec 2018 12:05:07|20|shiji@forstarfoods.com|DailyCatchReport.php
28 Dec 2018 12:05:08|20|shiji@forstarfoods.com|DailyCatchReport.php
28 Dec 2018 12:05:46|20|shiji@forstarfoods.com|PrintDailyCatchReportMemo.php
28 Dec 2018 12:05:57|20|shiji@forstarfoods.com|PrintDailyCatchReportMemo.php
28 Dec 2018 12:07:01|24|shashikala@forstarfoods.com|DailyPreProcess.php
28 Dec 2018 12:07:09|24|shashikala@forstarfoods.com|DailyPreProcess.php
28 Dec 2018 12:07:18|24|shashikala@forstarfoods.com|DailyPreProcess.php
28 Dec 2018 12:07:20|24|shashikala@forstarfoods.com|DailyPreProcess.php
28 Dec 2018 12:24:39|20|shiji@forstarfoods.com|DailyCatchSummary.php
28 Dec 2018 12:24:42|20|shiji@forstarfoods.com|DailyCatchSummary.php
28 Dec 2018 12:25:06|20|shiji@forstarfoods.com|DailyCatchSummary.php
28 Dec 2018 12:28:18|20|shiji@forstarfoods.com|DailyCatchSummary.php
28 Dec 2018 12:28:27|20|shiji@forstarfoods.com|DailyCatchSummary.php
28 Dec 2018 12:31:22|20|shiji@forstarfoods.com|DailyCatchSummary.php
28 Dec 2018 12:31:33|20|shiji@forstarfoods.com|DailyCatchSummary.php
28 Dec 2018 12:31:45|20|shiji@forstarfoods.com|DailyCatchSummary.php
28 Dec 2018 12:35:39|20|shiji@forstarfoods.com|DailyCatchSummary.php
28 Dec 2018 12:38:12|24|shashikala@forstarfoods.com|DailyPreProcess.php
28 Dec 2018 12:38:19|24|shashikala@forstarfoods.com|DailyPreProcess.php
28 Dec 2018 12:38:25|24|shashikala@forstarfoods.com|DailyPreProcess.php
28 Dec 2018 12:38:27|24|shashikala@forstarfoods.com|DailyPreProcess.php
28 Dec 2018 12:38:47|24|shashikala@forstarfoods.com|DailyPreProcess.php
28 Dec 2018 12:40:57|24|shashikala@forstarfoods.com|DailyRMCB.php
28 Dec 2018 12:41:39|20|shiji@forstarfoods.com|DailyCatchSummary.php
28 Dec 2018 12:41:44|20|shiji@forstarfoods.com|DailyCatchSummary.php
28 Dec 2018 12:45:03|20|shiji@forstarfoods.com|DailyCatchSummary.php
28 Dec 2018 12:45:08|20|shiji@forstarfoods.com|DailyCatchSummary.php
28 Dec 2018 12:46:58|20|shiji@forstarfoods.com|DailyCatchSummary.php
28 Dec 2018 12:47:02|20|shiji@forstarfoods.com|DailyCatchSummary.php
28 Dec 2018 13:00:14|20|shiji@forstarfoods.com|DailyCatchSummary.php
28 Dec 2018 13:00:20|20|shiji@forstarfoods.com|DailyCatchSummary.php
28 Dec 2018 13:00:29|20|shiji@forstarfoods.com|DailyCatchSummary.php
28 Dec 2018 13:01:31|20|shiji@forstarfoods.com|DailyCatchSummary.php
28 Dec 2018 13:01:35|20|shiji@forstarfoods.com|DailyCatchSummary.php
28 Dec 2018 13:04:31|20|shiji@forstarfoods.com|DailyCatchSummary.php
28 Dec 2018 13:06:25|20|shiji@forstarfoods.com|DailyCatchSummary.php
28 Dec 2018 13:06:28|20|shiji@forstarfoods.com|DailyCatchSummary.php
28 Dec 2018 13:06:36|20|shiji@forstarfoods.com|DailyCatchSummary.php
28 Dec 2018 13:06:39|20|shiji@forstarfoods.com|DailyCatchSummary.php
28 Dec 2018 13:12:32|20|shiji@forstarfoods.com|DailyCatchSummary.php
28 Dec 2018 13:18:24|20|shiji@forstarfoods.com|DailyCatchSummary.php
28 Dec 2018 13:18:28|20|shiji@forstarfoods.com|DailyCatchSummary.php
28 Dec 2018 13:20:34|20|shiji@forstarfoods.com|DailyCatchSummary.php
28 Dec 2018 13:21:07|20|shiji@forstarfoods.com|DailyCatchSummary.php
28 Dec 2018 13:21:10|20|shiji@forstarfoods.com|DailyCatchSummary.php
28 Dec 2018 13:23:03|20|shiji@forstarfoods.com|DailyCatchSummary.php
28 Dec 2018 13:23:09|20|shiji@forstarfoods.com|DailyCatchSummary.php
28 Dec 2018 13:24:28|20|shiji@forstarfoods.com|DailyCatchSummary.php
28 Dec 2018 13:24:38|20|shiji@forstarfoods.com|DailyCatchSummary.php
28 Dec 2018 13:25:28|20|shiji@forstarfoods.com|DailyCatchSummary.php
28 Dec 2018 13:58:06|24|shashikala@forstarfoods.com|DailyRMCB.php
28 Dec 2018 13:58:17|24|shashikala@forstarfoods.com|DailyRMCB.php
28 Dec 2018 13:58:22|24|shashikala@forstarfoods.com|DailyRMCB.php
28 Dec 2018 13:58:26|24|shashikala@forstarfoods.com|DailyRMCB.php
28 Dec 2018 13:59:38|24|shashikala@forstarfoods.com|DailyRMCB.php
28 Dec 2018 13:59:42|24|shashikala@forstarfoods.com|DailyRMCB.php
28 Dec 2018 13:59:46|24|shashikala@forstarfoods.com|DailyRMCB.php
28 Dec 2018 13:59:56|24|shashikala@forstarfoods.com|DailyRMCB.php
28 Dec 2018 14:02:15|24|shashikala@forstarfoods.com|DailyRMCB.php
28 Dec 2018 14:02:32|24|shashikala@forstarfoods.com|DailyRMCB.php
28 Dec 2018 14:02:37|24|shashikala@forstarfoods.com|Home.php
28 Dec 2018 14:02:45|24|shashikala@forstarfoods.com|DailyRMCB.php
28 Dec 2018 14:09:41|28|pratiksha@forstarfoods.com|Home.php
28 Dec 2018 14:09:45|28|pratiksha@forstarfoods.com|ManageGatePass.php
28 Dec 2018 14:09:48|28|pratiksha@forstarfoods.com|ManageGatePass.php
28 Dec 2018 14:09:52|28|pratiksha@forstarfoods.com|ManageGatePass.php
28 Dec 2018 14:09:55|28|pratiksha@forstarfoods.com|ManageGatePass.php
28 Dec 2018 14:10:50|28|pratiksha@forstarfoods.com|ManageGatePass.php
28 Dec 2018 14:10:53|28|pratiksha@forstarfoods.com|ManageGatePass.php
28 Dec 2018 14:10:57|28|pratiksha@forstarfoods.com|ManageGatePass.php
28 Dec 2018 14:11:02|28|pratiksha@forstarfoods.com|ManageGatePass.php
28 Dec 2018 14:11:04|28|pratiksha@forstarfoods.com|ManageGatePass.php
28 Dec 2018 14:11:08|28|pratiksha@forstarfoods.com|PrintGatePass.php
28 Dec 2018 14:11:27|20|shiji@forstarfoods.com|DailyCatchSummary.php
28 Dec 2018 14:11:39|20|shiji@forstarfoods.com|DailyCatchSummary.php
28 Dec 2018 14:12:19|20|shiji@forstarfoods.com|DailyCatchSummary.php
28 Dec 2018 14:12:23|20|shiji@forstarfoods.com|DailyCatchSummary.php
28 Dec 2018 14:13:39|20|shiji@forstarfoods.com|DailyCatchEntry_New.php
28 Dec 2018 14:13:42|20|shiji@forstarfoods.com|DailyCatchEntry_New.php
28 Dec 2018 14:13:44|20|shiji@forstarfoods.com|DailyCatchEntry_New.php
28 Dec 2018 14:13:45|20|shiji@forstarfoods.com|DailyCatchEntry_New.php
28 Dec 2018 14:13:46|20|shiji@forstarfoods.com|DailyCatchEntry_New.php
28 Dec 2018 14:13:47|20|shiji@forstarfoods.com|CatchEntryDeclaredItem.php
28 Dec 2018 14:13:48|20|shiji@forstarfoods.com|DailyCatchEntry_New.php
28 Dec 2018 14:13:50|20|shiji@forstarfoods.com|DailyCatchReport.php
28 Dec 2018 14:15:04|20|shiji@forstarfoods.com|DailyCatchSummary.php
28 Dec 2018 14:18:20|20|shiji@forstarfoods.com|DailyCatchSummary.php
28 Dec 2018 14:18:49|20|shiji@forstarfoods.com|DailyCatchSummary.php
28 Dec 2018 14:18:53|20|shiji@forstarfoods.com|DailyCatchSummary.php
28 Dec 2018 14:19:16|20|shiji@forstarfoods.com|DailyCatchSummary.php
28 Dec 2018 14:19:29|20|shiji@forstarfoods.com|DailyCatchSummary.php
28 Dec 2018 14:19:56|20|shiji@forstarfoods.com|DailyCatchSummary.php
28 Dec 2018 14:22:00|20|shiji@forstarfoods.com|DailyCatchSummary.php
28 Dec 2018 14:22:04|20|shiji@forstarfoods.com|DailyCatchSummary.php
28 Dec 2018 14:22:17|20|shiji@forstarfoods.com|DailyCatchSummary.php
28 Dec 2018 14:22:59|20|shiji@forstarfoods.com|DailyCatchSummary.php
28 Dec 2018 14:23:03|20|shiji@forstarfoods.com|DailyCatchSummary.php
28 Dec 2018 14:23:28|20|shiji@forstarfoods.com|DailyCatchSummary.php
28 Dec 2018 14:23:38|20|shiji@forstarfoods.com|DailyCatchSummary.php
28 Dec 2018 14:24:54|20|shiji@forstarfoods.com|DailyCatchSummary.php
28 Dec 2018 14:24:58|20|shiji@forstarfoods.com|DailyCatchSummary.php
28 Dec 2018 14:25:45|20|shiji@forstarfoods.com|DailyCatchSummary.php
28 Dec 2018 14:25:49|20|shiji@forstarfoods.com|DailyCatchSummary.php
28 Dec 2018 14:25:58|20|shiji@forstarfoods.com|DailyCatchSummary.php
28 Dec 2018 14:26:02|20|shiji@forstarfoods.com|DailyCatchSummary.php
28 Dec 2018 14:26:19|20|shiji@forstarfoods.com|DailyCatchSummary.php
28 Dec 2018 14:26:29|24|shashikala@forstarfoods.com|DailyRMCB.php
28 Dec 2018 14:26:33|24|shashikala@forstarfoods.com|DailyRMCB.php
28 Dec 2018 14:26:38|24|shashikala@forstarfoods.com|DailyRMCB.php
28 Dec 2018 14:26:41|24|shashikala@forstarfoods.com|DailyRMCB.php
28 Dec 2018 14:27:20|20|shiji@forstarfoods.com|DailyCatchSummary.php
28 Dec 2018 14:28:00|20|shiji@forstarfoods.com|DailyCatchSummary.php
28 Dec 2018 14:28:05|20|shiji@forstarfoods.com|DailyCatchSummary.php
28 Dec 2018 14:28:09|20|shiji@forstarfoods.com|DailyCatchSummary.php
28 Dec 2018 14:28:19|20|shiji@forstarfoods.com|DailyCatchSummary.php
28 Dec 2018 14:28:39|20|shiji@forstarfoods.com|DailyCatchSummary.php
28 Dec 2018 14:28:45|20|shiji@forstarfoods.com|DailyCatchSummary.php
28 Dec 2018 14:28:55|20|shiji@forstarfoods.com|DailyCatchSummary.php
28 Dec 2018 14:29:19|20|shiji@forstarfoods.com|DailyCatchSummary.php
28 Dec 2018 14:29:23|20|shiji@forstarfoods.com|DailyCatchSummary.php
28 Dec 2018 14:29:36|20|shiji@forstarfoods.com|DailyCatchSummary.php
28 Dec 2018 14:29:45|24|shashikala@forstarfoods.com|DailyRMCB.php
28 Dec 2018 14:29:48|20|shiji@forstarfoods.com|DailyCatchSummary.php
28 Dec 2018 14:29:49|24|shashikala@forstarfoods.com|DailyRMCB.php
28 Dec 2018 14:29:58|24|shashikala@forstarfoods.com|DailyRMCB.php
28 Dec 2018 14:30:01|20|shiji@forstarfoods.com|DailyCatchSummary.php
28 Dec 2018 14:30:12|20|shiji@forstarfoods.com|DailyCatchSummary.php
28 Dec 2018 14:30:17|24|shashikala@forstarfoods.com|DailyRMCB.php
28 Dec 2018 14:30:20|20|shiji@forstarfoods.com|DailyCatchSummary.php
28 Dec 2018 14:31:08|20|shiji@forstarfoods.com|DailyCatchSummary.php
28 Dec 2018 14:31:22|20|shiji@forstarfoods.com|DailyCatchSummary.php
28 Dec 2018 14:31:30|20|shiji@forstarfoods.com|DailyCatchSummary.php
28 Dec 2018 14:31:34|20|shiji@forstarfoods.com|DailyCatchSummary.php
28 Dec 2018 14:32:00|20|shiji@forstarfoods.com|DailyCatchSummary.php
28 Dec 2018 14:32:20|20|shiji@forstarfoods.com|DailyCatchSummary.php
28 Dec 2018 14:32:27|20|shiji@forstarfoods.com|DailyCatchSummary.php
28 Dec 2018 14:32:41|20|shiji@forstarfoods.com|DailyCatchSummary.php
28 Dec 2018 14:32:48|20|shiji@forstarfoods.com|DailyCatchSummary.php
28 Dec 2018 14:33:15|20|shiji@forstarfoods.com|DailyCatchSummary.php
28 Dec 2018 14:34:28|20|shiji@forstarfoods.com|DailyCatchSummary.php
28 Dec 2018 14:34:31|20|shiji@forstarfoods.com|DailyCatchSummary.php
28 Dec 2018 14:35:14|20|shiji@forstarfoods.com|DailyCatchSummary.php
28 Dec 2018 14:35:23|20|shiji@forstarfoods.com|DailyCatchSummary.php
28 Dec 2018 14:35:26|20|shiji@forstarfoods.com|DailyCatchSummary.php
28 Dec 2018 14:35:38|20|shiji@forstarfoods.com|DailyCatchSummary.php
28 Dec 2018 14:35:47|24|shashikala@forstarfoods.com|DailyRMCB.php
28 Dec 2018 14:35:50|24|shashikala@forstarfoods.com|DailyRMCB.php
28 Dec 2018 14:35:55|24|shashikala@forstarfoods.com|Home.php
28 Dec 2018 14:38:09|20|shiji@forstarfoods.com|DailyCatchSummary.php
28 Dec 2018 14:38:16|20|shiji@forstarfoods.com|DailyCatchSummary.php
28 Dec 2018 14:38:26|20|shiji@forstarfoods.com|DailyCatchSummary.php
28 Dec 2018 14:38:48|20|shiji@forstarfoods.com|DailyCatchSummary.php
28 Dec 2018 14:39:03|20|shiji@forstarfoods.com|DailyCatchSummary.php
28 Dec 2018 14:41:01|20|shiji@forstarfoods.com|DailyCatchSummary.php
28 Dec 2018 14:41:08|20|shiji@forstarfoods.com|DailyCatchSummary.php
28 Dec 2018 14:41:22|20|shiji@forstarfoods.com|DailyCatchSummary.php
28 Dec 2018 14:41:35|20|shiji@forstarfoods.com|DailyCatchSummary.php
28 Dec 2018 14:41:42|20|shiji@forstarfoods.com|DailyCatchSummary.php
28 Dec 2018 14:41:45|20|shiji@forstarfoods.com|DailyCatchSummary.php
28 Dec 2018 14:43:53|20|shiji@forstarfoods.com|DailyCatchSummary.php
28 Dec 2018 14:47:45|20|shiji@forstarfoods.com|DailyCatchSummary.php
28 Dec 2018 14:47:49|20|shiji@forstarfoods.com|DailyCatchSummary.php
28 Dec 2018 14:49:05|20|shiji@forstarfoods.com|DailyCatchSummary.php
28 Dec 2018 14:49:09|20|shiji@forstarfoods.com|DailyCatchSummary.php
28 Dec 2018 14:49:13|20|shiji@forstarfoods.com|DailyCatchSummary.php
28 Dec 2018 14:50:01|20|shiji@forstarfoods.com|DailyCatchSummary.php
28 Dec 2018 14:50:57|20|shiji@forstarfoods.com|DailyCatchSummary.php
28 Dec 2018 14:53:13|20|shiji@forstarfoods.com|DailyCatchSummary.php
28 Dec 2018 14:53:16|20|shiji@forstarfoods.com|DailyCatchSummary.php
28 Dec 2018 14:54:47|20|shiji@forstarfoods.com|DailyCatchSummary.php
28 Dec 2018 14:54:54|20|shiji@forstarfoods.com|DailyCatchSummary.php
28 Dec 2018 14:55:38|20|shiji@forstarfoods.com|DailyCatchSummary.php
28 Dec 2018 14:55:42|20|shiji@forstarfoods.com|DailyCatchSummary.php
28 Dec 2018 14:58:53|20|shiji@forstarfoods.com|DailyCatchSummary.php
28 Dec 2018 14:58:57|20|shiji@forstarfoods.com|DailyCatchSummary.php
28 Dec 2018 15:16:01|20|shiji@forstarfoods.com|DailyCatchSummary.php
28 Dec 2018 15:16:07|20|shiji@forstarfoods.com|DailyCatchSummary.php