
20 Oct 2018 10:31:43|20|shiji@forstarfoods.com|PrintPurchaseStatement.php
20 Oct 2018 10:38:24|20|shiji@forstarfoods.com|SupplierAccount.php
20 Oct 2018 10:38:31|20|shiji@forstarfoods.com|SupplierAccount.php
20 Oct 2018 10:38:44|20|shiji@forstarfoods.com|SupplierAccount.php
20 Oct 2018 10:45:19|20|shiji@forstarfoods.com|SupplierAccount.php
20 Oct 2018 10:45:23|20|shiji@forstarfoods.com|SettlementSummary.php
20 Oct 2018 10:45:39|20|shiji@forstarfoods.com|PurchaseStatement.php
20 Oct 2018 10:45:44|20|shiji@forstarfoods.com|PurchaseStatement.php
20 Oct 2018 10:45:54|20|shiji@forstarfoods.com|PurchaseStatement.php
20 Oct 2018 10:45:57|20|shiji@forstarfoods.com|PurchaseStatement.php
20 Oct 2018 10:46:00|20|shiji@forstarfoods.com|PrintPurchaseStatement.php
20 Oct 2018 10:48:54|20|shiji@forstarfoods.com|SupplierAccount.php
20 Oct 2018 10:49:02|20|shiji@forstarfoods.com|SupplierAccount.php
20 Oct 2018 10:49:06|20|shiji@forstarfoods.com|SupplierAccount.php
20 Oct 2018 10:49:14|20|shiji@forstarfoods.com|SupplierAccount.php
20 Oct 2018 10:51:02|20|shiji@forstarfoods.com|SupplierAccount.php
20 Oct 2018 10:51:07|20|shiji@forstarfoods.com|SupplierAccount.php
20 Oct 2018 10:51:19|20|shiji@forstarfoods.com|SupplierAccount.php
20 Oct 2018 10:52:46|20|shiji@forstarfoods.com|SettlementSummary.php
20 Oct 2018 10:52:56|20|shiji@forstarfoods.com|SettlementSummary.php
20 Oct 2018 10:52:59|20|shiji@forstarfoods.com|SupplierPayments.php
20 Oct 2018 10:53:00|20|shiji@forstarfoods.com|SupplierPayments.php
20 Oct 2018 10:53:01|20|shiji@forstarfoods.com|SupplierPayments.php
20 Oct 2018 10:53:03|20|shiji@forstarfoods.com|PurchaseStatement.php
20 Oct 2018 10:53:10|20|shiji@forstarfoods.com|PurchaseStatement.php
20 Oct 2018 10:53:14|20|shiji@forstarfoods.com|PurchaseStatement.php
20 Oct 2018 10:53:17|20|shiji@forstarfoods.com|PurchaseStatement.php
20 Oct 2018 10:53:20|20|shiji@forstarfoods.com|PrintPurchaseStatement.php
20 Oct 2018 10:54:49|20|shiji@forstarfoods.com|SupplierAccount.php
20 Oct 2018 10:54:57|20|shiji@forstarfoods.com|SupplierAccount.php
20 Oct 2018 10:55:08|20|shiji@forstarfoods.com|SupplierAccount.php
20 Oct 2018 10:56:23|20|shiji@forstarfoods.com|SupplierAccount.php
20 Oct 2018 10:56:29|20|shiji@forstarfoods.com|SettlementSummary.php
20 Oct 2018 10:56:39|20|shiji@forstarfoods.com|PurchaseStatement.php
20 Oct 2018 10:56:45|20|shiji@forstarfoods.com|PurchaseStatement.php
20 Oct 2018 10:56:49|20|shiji@forstarfoods.com|PurchaseStatement.php
20 Oct 2018 10:56:52|20|shiji@forstarfoods.com|PurchaseStatement.php
20 Oct 2018 10:56:54|20|shiji@forstarfoods.com|PrintPurchaseStatement.php
20 Oct 2018 10:59:06|20|shiji@forstarfoods.com|SupplierAccount.php
20 Oct 2018 10:59:45|20|shiji@forstarfoods.com|SupplierAccount.php
20 Oct 2018 10:59:50|20|shiji@forstarfoods.com|SupplierAccount.php
20 Oct 2018 11:00:41|20|shiji@forstarfoods.com|SupplierAccount.php
20 Oct 2018 11:00:45|20|shiji@forstarfoods.com|SupplierAccount.php
20 Oct 2018 11:01:41|20|shiji@forstarfoods.com|SupplierAccount.php
20 Oct 2018 11:02:09|20|shiji@forstarfoods.com|SupplierAccount.php
20 Oct 2018 11:02:43|29|kavitha@forstarfoods.com|Home.php
20 Oct 2018 11:02:59|29|kavitha@forstarfoods.com|DailyCatchSummary.php
20 Oct 2018 11:03:02|29|kavitha@forstarfoods.com|DailyCatchSummary.php
20 Oct 2018 11:03:11|20|shiji@forstarfoods.com|SupplierAccount.php
20 Oct 2018 11:03:15|20|shiji@forstarfoods.com|SupplierAccount.php
20 Oct 2018 11:03:20|29|kavitha@forstarfoods.com|DailyCatchSummary.php
20 Oct 2018 11:03:52|29|kavitha@forstarfoods.com|DailyCatchSummary.php
20 Oct 2018 11:03:56|29|kavitha@forstarfoods.com|DailyCatchSummary.php
20 Oct 2018 11:04:03|29|kavitha@forstarfoods.com|DailyCatchSummary.php
20 Oct 2018 11:04:09|29|kavitha@forstarfoods.com|DailyCatchSummary.php
20 Oct 2018 11:04:13|29|kavitha@forstarfoods.com|DailyCatchSummary.php
20 Oct 2018 11:04:31|29|kavitha@forstarfoods.com|DailyCatchSummary.php
20 Oct 2018 11:04:59|29|kavitha@forstarfoods.com|DailyCatchSummary.php
20 Oct 2018 11:05:11|29|kavitha@forstarfoods.com|DailyCatchSummary.php
20 Oct 2018 11:05:16|29|kavitha@forstarfoods.com|DailyCatchSummary.php
20 Oct 2018 11:05:24|29|kavitha@forstarfoods.com|DailyCatchSummary.php
20 Oct 2018 11:05:39|29|kavitha@forstarfoods.com|DailyCatchSummary.php
20 Oct 2018 11:06:11|20|shiji@forstarfoods.com|SupplierAccount.php
20 Oct 2018 11:07:25|20|shiji@forstarfoods.com|SupplierAccount.php
20 Oct 2018 11:07:50|29|kavitha@forstarfoods.com|DailyCatchSummary.php
20 Oct 2018 11:08:31|29|kavitha@forstarfoods.com|DailyCatchSummary.php
20 Oct 2018 11:08:36|20|shiji@forstarfoods.com|SupplierAccount.php
20 Oct 2018 11:08:41|20|shiji@forstarfoods.com|SupplierAccount.php
20 Oct 2018 11:08:54|29|kavitha@forstarfoods.com|DailyCatchSummary.php
20 Oct 2018 11:09:04|20|shiji@forstarfoods.com|SupplierAccount.php
20 Oct 2018 11:09:09|20|shiji@forstarfoods.com|SupplierAccount.php
20 Oct 2018 11:09:17|20|shiji@forstarfoods.com|SettlementSummary.php
20 Oct 2018 11:09:26|20|shiji@forstarfoods.com|PurchaseStatement.php
20 Oct 2018 11:09:33|20|shiji@forstarfoods.com|PurchaseStatement.php
20 Oct 2018 11:09:38|20|shiji@forstarfoods.com|PurchaseStatement.php
20 Oct 2018 11:09:42|20|shiji@forstarfoods.com|PurchaseStatement.php
20 Oct 2018 11:09:46|20|shiji@forstarfoods.com|PurchaseStatement.php
20 Oct 2018 11:09:48|20|shiji@forstarfoods.com|PrintPurchaseStatement.php
20 Oct 2018 11:12:09|20|shiji@forstarfoods.com|PurchaseStatement.php
20 Oct 2018 11:12:12|20|shiji@forstarfoods.com|PrintPurchaseStatement.php
20 Oct 2018 11:12:20|20|shiji@forstarfoods.com|PurchaseStatement.php
20 Oct 2018 11:12:23|20|shiji@forstarfoods.com|PrintPurchaseStatement.php
20 Oct 2018 11:12:52|29|kavitha@forstarfoods.com|DailyCatchSummary.php
20 Oct 2018 11:12:59|29|kavitha@forstarfoods.com|DailyCatchSummary.php
20 Oct 2018 11:13:14|20|shiji@forstarfoods.com|SupplierAccount.php
20 Oct 2018 11:13:29|20|shiji@forstarfoods.com|SupplierAccount.php
20 Oct 2018 11:13:36|20|shiji@forstarfoods.com|DailyCatchSummary.php
20 Oct 2018 11:13:40|20|shiji@forstarfoods.com|DailyCatchSummary.php
20 Oct 2018 11:13:51|20|shiji@forstarfoods.com|DailyCatchSummary.php
20 Oct 2018 11:13:55|20|shiji@forstarfoods.com|DailyCatchSummary.php
20 Oct 2018 11:14:03|20|shiji@forstarfoods.com|DailyCatchSummary.php
20 Oct 2018 11:14:18|20|shiji@forstarfoods.com|DailyCatchSummary.php
20 Oct 2018 11:14:26|20|shiji@forstarfoods.com|DailyCatchSummary.php
20 Oct 2018 11:15:38|20|shiji@forstarfoods.com|DailyCatchSummary.php
20 Oct 2018 11:15:48|20|shiji@forstarfoods.com|DailyCatchSummary.php
20 Oct 2018 11:16:23|20|shiji@forstarfoods.com|DailyCatchSummary.php
20 Oct 2018 11:16:26|20|shiji@forstarfoods.com|DailyCatchSummary.php
20 Oct 2018 11:16:55|20|shiji@forstarfoods.com|DailyCatchSummary.php
20 Oct 2018 11:16:58|20|shiji@forstarfoods.com|DailyCatchSummary.php
20 Oct 2018 11:18:36|20|shiji@forstarfoods.com|SupplierAccount.php
20 Oct 2018 11:18:44|20|shiji@forstarfoods.com|SupplierAccount.php
20 Oct 2018 11:18:53|20|shiji@forstarfoods.com|SupplierAccount.php
20 Oct 2018 11:19:25|20|shiji@forstarfoods.com|SupplierAccount.php
20 Oct 2018 11:20:04|20|shiji@forstarfoods.com|SupplierAccount.php
20 Oct 2018 11:20:09|20|shiji@forstarfoods.com|SettlementSummary.php
20 Oct 2018 11:20:17|20|shiji@forstarfoods.com|PurchaseStatement.php
20 Oct 2018 11:20:22|20|shiji@forstarfoods.com|PurchaseStatement.php
20 Oct 2018 11:20:28|20|shiji@forstarfoods.com|PurchaseStatement.php
20 Oct 2018 11:20:31|20|shiji@forstarfoods.com|PurchaseStatement.php
20 Oct 2018 11:20:34|20|shiji@forstarfoods.com|PrintPurchaseStatement.php
20 Oct 2018 11:21:38|20|shiji@forstarfoods.com|SupplierAccount.php
20 Oct 2018 11:21:43|20|shiji@forstarfoods.com|SupplierAccount.php
20 Oct 2018 11:21:48|20|shiji@forstarfoods.com|SupplierAccount.php
20 Oct 2018 11:21:51|20|shiji@forstarfoods.com|SupplierAccount.php
20 Oct 2018 11:22:37|20|shiji@forstarfoods.com|SupplierAccount.php
20 Oct 2018 11:23:45|20|shiji@forstarfoods.com|SettlementSummary.php
20 Oct 2018 11:23:51|20|shiji@forstarfoods.com|PurchaseStatement.php
20 Oct 2018 11:23:57|20|shiji@forstarfoods.com|PurchaseStatement.php
20 Oct 2018 11:24:01|20|shiji@forstarfoods.com|PurchaseStatement.php
20 Oct 2018 11:24:04|20|shiji@forstarfoods.com|PurchaseStatement.php
20 Oct 2018 11:24:06|20|shiji@forstarfoods.com|PrintPurchaseStatement.php
20 Oct 2018 11:26:19|20|shiji@forstarfoods.com|SupplierAccount.php
20 Oct 2018 11:26:25|20|shiji@forstarfoods.com|SupplierAccount.php
20 Oct 2018 11:26:29|20|shiji@forstarfoods.com|SupplierAccount.php
20 Oct 2018 11:27:03|20|shiji@forstarfoods.com|SupplierAccount.php
20 Oct 2018 11:27:07|20|shiji@forstarfoods.com|SettlementSummary.php
20 Oct 2018 11:27:23|20|shiji@forstarfoods.com|PurchaseStatement.php
20 Oct 2018 11:27:40|20|shiji@forstarfoods.com|PurchaseStatement.php
20 Oct 2018 11:27:45|20|shiji@forstarfoods.com|PurchaseStatement.php
20 Oct 2018 11:27:48|20|shiji@forstarfoods.com|PurchaseStatement.php
20 Oct 2018 11:27:50|20|shiji@forstarfoods.com|PrintPurchaseStatement.php
20 Oct 2018 11:27:58|30|pritirm@forstarfoods.com|Home.php
20 Oct 2018 11:28:08|30|pritirm@forstarfoods.com|DailyCatchEntry_New.php
20 Oct 2018 11:28:31|30|pritirm@forstarfoods.com|DailyCatchEntry_New.php
20 Oct 2018 11:28:33|30|pritirm@forstarfoods.com|DailyCatchEntry_New.php
20 Oct 2018 11:28:34|30|pritirm@forstarfoods.com|DailyCatchEntry_New.php
20 Oct 2018 11:28:35|30|pritirm@forstarfoods.com|DailyCatchEntry_New.php
20 Oct 2018 11:28:36|30|pritirm@forstarfoods.com|CatchEntryDeclaredItem.php
20 Oct 2018 11:28:38|30|pritirm@forstarfoods.com|DailyCatchEntry_New.php
20 Oct 2018 11:28:41|30|pritirm@forstarfoods.com|DailyCatchEntry_New.php
20 Oct 2018 11:28:42|30|pritirm@forstarfoods.com|DailyCatchEntry_New.php
20 Oct 2018 11:28:43|30|pritirm@forstarfoods.com|DailyCatchEntry_New.php
20 Oct 2018 11:28:44|30|pritirm@forstarfoods.com|DailyCatchEntry_New.php
20 Oct 2018 11:30:06|20|shiji@forstarfoods.com|SupplierAccount.php
20 Oct 2018 11:30:11|20|shiji@forstarfoods.com|SupplierAccount.php
20 Oct 2018 11:30:16|20|shiji@forstarfoods.com|SupplierAccount.php
20 Oct 2018 11:30:45|20|shiji@forstarfoods.com|SupplierAccount.php
20 Oct 2018 11:30:49|20|shiji@forstarfoods.com|SettlementSummary.php
20 Oct 2018 11:30:54|20|shiji@forstarfoods.com|PurchaseStatement.php
20 Oct 2018 11:31:02|20|shiji@forstarfoods.com|PurchaseStatement.php
20 Oct 2018 11:31:05|20|shiji@forstarfoods.com|PurchaseStatement.php
20 Oct 2018 11:31:12|20|shiji@forstarfoods.com|PurchaseStatement.php
20 Oct 2018 11:31:15|20|shiji@forstarfoods.com|PurchaseStatement.php
20 Oct 2018 11:31:18|20|shiji@forstarfoods.com|PrintPurchaseStatement.php
20 Oct 2018 11:32:51|20|shiji@forstarfoods.com|SupplierAccount.php
20 Oct 2018 11:32:58|20|shiji@forstarfoods.com|SupplierAccount.php
20 Oct 2018 11:33:03|20|shiji@forstarfoods.com|SupplierAccount.php
20 Oct 2018 11:33:06|20|shiji@forstarfoods.com|SupplierAccount.php
20 Oct 2018 11:33:33|30|pritirm@forstarfoods.com|DailyCatchEntry_New.php
20 Oct 2018 11:36:51|20|shiji@forstarfoods.com|SupplierAccount.php
20 Oct 2018 11:37:00|20|shiji@forstarfoods.com|SettlementSummary.php
20 Oct 2018 11:37:35|20|shiji@forstarfoods.com|PurchaseStatement.php
20 Oct 2018 11:37:42|20|shiji@forstarfoods.com|PurchaseStatement.php
20 Oct 2018 11:37:51|20|shiji@forstarfoods.com|PurchaseStatement.php
20 Oct 2018 11:37:54|20|shiji@forstarfoods.com|PurchaseStatement.php
20 Oct 2018 11:37:56|20|shiji@forstarfoods.com|PrintPurchaseStatement.php
20 Oct 2018 11:38:34|30|pritirm@forstarfoods.com|DailyCatchEntry_New.php
20 Oct 2018 11:39:40|20|shiji@forstarfoods.com|SupplierAccount.php
20 Oct 2018 11:39:52|20|shiji@forstarfoods.com|SupplierAccount.php
20 Oct 2018 11:39:56|20|shiji@forstarfoods.com|SupplierAccount.php
20 Oct 2018 11:40:01|20|shiji@forstarfoods.com|SupplierAccount.php
20 Oct 2018 11:43:35|30|pritirm@forstarfoods.com|DailyCatchEntry_New.php
20 Oct 2018 11:44:05|20|shiji@forstarfoods.com|SupplierAccount.php
20 Oct 2018 11:44:13|20|shiji@forstarfoods.com|SettlementSummary.php
20 Oct 2018 11:44:23|20|shiji@forstarfoods.com|PurchaseStatement.php
20 Oct 2018 11:44:28|20|shiji@forstarfoods.com|PurchaseStatement.php
20 Oct 2018 11:44:32|20|shiji@forstarfoods.com|PurchaseStatement.php
20 Oct 2018 11:44:38|20|shiji@forstarfoods.com|PurchaseStatement.php
20 Oct 2018 11:44:41|20|shiji@forstarfoods.com|PrintPurchaseStatement.php
20 Oct 2018 11:48:37|30|pritirm@forstarfoods.com|DailyCatchEntry_New.php
20 Oct 2018 11:51:05|20|shiji@forstarfoods.com|SupplierAccount.php
20 Oct 2018 11:51:18|20|shiji@forstarfoods.com|SupplierAccount.php
20 Oct 2018 11:51:25|20|shiji@forstarfoods.com|SupplierAccount.php
20 Oct 2018 11:53:38|30|pritirm@forstarfoods.com|DailyCatchEntry_New.php
20 Oct 2018 11:53:44|20|shiji@forstarfoods.com|SupplierAccount.php
20 Oct 2018 11:53:50|20|shiji@forstarfoods.com|SettlementSummary.php
20 Oct 2018 11:53:58|20|shiji@forstarfoods.com|PurchaseStatement.php
20 Oct 2018 11:54:03|20|shiji@forstarfoods.com|PurchaseStatement.php
20 Oct 2018 11:54:07|20|shiji@forstarfoods.com|PurchaseStatement.php
20 Oct 2018 11:54:10|20|shiji@forstarfoods.com|PurchaseStatement.php
20 Oct 2018 11:54:12|20|shiji@forstarfoods.com|PrintPurchaseStatement.php
20 Oct 2018 11:57:55|20|shiji@forstarfoods.com|DailyCatchReport.php
20 Oct 2018 11:58:00|20|shiji@forstarfoods.com|DailyCatchSummary.php
20 Oct 2018 11:58:05|20|shiji@forstarfoods.com|DailyCatchSummary.php
20 Oct 2018 11:58:23|20|shiji@forstarfoods.com|DailyCatchSummary.php
20 Oct 2018 11:58:27|20|shiji@forstarfoods.com|DailyCatchSummary.php
20 Oct 2018 11:58:34|20|shiji@forstarfoods.com|DailyCatchSummary.php
20 Oct 2018 11:58:39|20|shiji@forstarfoods.com|DailyCatchSummary.php
20 Oct 2018 11:58:39|30|pritirm@forstarfoods.com|DailyCatchEntry_New.php
20 Oct 2018 12:03:23|20|shiji@forstarfoods.com|DailyCatchSummary.php
20 Oct 2018 12:03:33|20|shiji@forstarfoods.com|DailyCatchSummary.php
20 Oct 2018 12:03:41|30|pritirm@forstarfoods.com|DailyCatchEntry_New.php
20 Oct 2018 12:06:49|20|shiji@forstarfoods.com|DailyCatchSummary.php
20 Oct 2018 12:06:58|20|shiji@forstarfoods.com|DailyCatchSummary.php
20 Oct 2018 12:08:42|30|pritirm@forstarfoods.com|DailyCatchEntry_New.php
20 Oct 2018 12:08:42|20|shiji@forstarfoods.com|SupplierAccount.php
20 Oct 2018 12:08:52|20|shiji@forstarfoods.com|SupplierAccount.php
20 Oct 2018 12:08:58|20|shiji@forstarfoods.com|SupplierAccount.php
20 Oct 2018 12:09:02|20|shiji@forstarfoods.com|SupplierAccount.php
20 Oct 2018 12:09:42|20|shiji@forstarfoods.com|SupplierAccount.php
20 Oct 2018 12:09:48|20|shiji@forstarfoods.com|SupplierAccount.php
20 Oct 2018 12:11:05|20|shiji@forstarfoods.com|SupplierAccount.php
20 Oct 2018 12:12:08|20|shiji@forstarfoods.com|SupplierAccount.php
20 Oct 2018 12:13:43|30|pritirm@forstarfoods.com|DailyCatchEntry_New.php
20 Oct 2018 12:14:35|20|shiji@forstarfoods.com|SupplierAccount.php
20 Oct 2018 12:15:15|20|shiji@forstarfoods.com|DailyCatchSummary.php
20 Oct 2018 12:15:25|20|shiji@forstarfoods.com|DailyCatchSummary.php
20 Oct 2018 12:15:42|20|shiji@forstarfoods.com|DailyCatchSummary.php
20 Oct 2018 12:15:49|20|shiji@forstarfoods.com|DailyCatchSummary.php
20 Oct 2018 12:15:55|20|shiji@forstarfoods.com|DailyCatchSummary.php
20 Oct 2018 12:16:13|20|shiji@forstarfoods.com|DailyCatchSummary.php
20 Oct 2018 12:16:27|20|shiji@forstarfoods.com|DailyCatchSummary.php
20 Oct 2018 12:16:40|20|shiji@forstarfoods.com|DailyCatchSummary.php
20 Oct 2018 12:16:44|20|shiji@forstarfoods.com|DailyCatchSummary.php
20 Oct 2018 12:16:48|20|shiji@forstarfoods.com|DailyCatchSummary.php
20 Oct 2018 12:17:04|20|shiji@forstarfoods.com|DailyCatchSummary.php
20 Oct 2018 12:17:08|20|shiji@forstarfoods.com|DailyCatchSummary.php
20 Oct 2018 12:17:13|20|shiji@forstarfoods.com|DailyCatchSummary.php
20 Oct 2018 12:17:23|20|shiji@forstarfoods.com|DailyCatchSummary.php
20 Oct 2018 12:17:26|20|shiji@forstarfoods.com|DailyCatchSummary.php
20 Oct 2018 12:17:31|20|shiji@forstarfoods.com|DailyCatchSummary.php
20 Oct 2018 12:17:35|20|shiji@forstarfoods.com|DailyCatchSummary.php
20 Oct 2018 12:17:44|20|shiji@forstarfoods.com|SupplierAccount.php
20 Oct 2018 12:17:52|20|shiji@forstarfoods.com|SupplierAccount.php
20 Oct 2018 12:18:22|20|shiji@forstarfoods.com|Home.php
20 Oct 2018 12:18:27|20|shiji@forstarfoods.com|DailyCatchSummary.php
20 Oct 2018 12:18:30|20|shiji@forstarfoods.com|DailyCatchSummary.php
20 Oct 2018 12:18:45|30|pritirm@forstarfoods.com|DailyCatchEntry_New.php
20 Oct 2018 12:21:52|20|shiji@forstarfoods.com|DailyCatchSummary.php
20 Oct 2018 12:21:54|20|shiji@forstarfoods.com|DailyCatchSummary.php
20 Oct 2018 12:23:47|30|pritirm@forstarfoods.com|DailyCatchEntry_New.php
20 Oct 2018 12:26:34|20|shiji@forstarfoods.com|SupplierAccount.php
20 Oct 2018 12:26:40|20|shiji@forstarfoods.com|SupplierAccount.php
20 Oct 2018 12:26:48|20|shiji@forstarfoods.com|SupplierAccount.php
20 Oct 2018 12:27:19|20|shiji@forstarfoods.com|SupplierAccount.php
20 Oct 2018 12:28:19|20|shiji@forstarfoods.com|SettlementSummary.php
20 Oct 2018 12:28:25|20|shiji@forstarfoods.com|SettlementSummary.php
20 Oct 2018 12:28:27|20|shiji@forstarfoods.com|SupplierPayments.php
20 Oct 2018 12:28:29|20|shiji@forstarfoods.com|SupplierPayments.php
20 Oct 2018 12:28:30|20|shiji@forstarfoods.com|SupplierPayments.php
20 Oct 2018 12:28:32|20|shiji@forstarfoods.com|PurchaseStatement.php
20 Oct 2018 12:28:38|20|shiji@forstarfoods.com|PurchaseStatement.php
20 Oct 2018 12:28:46|20|shiji@forstarfoods.com|PurchaseStatement.php
20 Oct 2018 12:28:49|30|pritirm@forstarfoods.com|DailyCatchEntry_New.php
20 Oct 2018 12:28:49|20|shiji@forstarfoods.com|PurchaseStatement.php
20 Oct 2018 12:28:52|20|shiji@forstarfoods.com|PrintPurchaseStatement.php
20 Oct 2018 12:33:51|30|pritirm@forstarfoods.com|DailyCatchEntry_New.php
20 Oct 2018 12:36:42|20|shiji@forstarfoods.com|DailyCatchReport.php
20 Oct 2018 12:36:57|20|shiji@forstarfoods.com|DailyCatchReport.php
20 Oct 2018 12:37:00|20|shiji@forstarfoods.com|DailyCatchReport.php
20 Oct 2018 12:37:01|20|shiji@forstarfoods.com|DailyCatchReport.php
20 Oct 2018 12:37:03|20|shiji@forstarfoods.com|DailyCatchReport.php
20 Oct 2018 12:37:06|20|shiji@forstarfoods.com|PrintDailyCatchReportMemo.php
20 Oct 2018 12:37:09|20|shiji@forstarfoods.com|PrintDailyCatchReportMemo.php
20 Oct 2018 12:38:17|20|shiji@forstarfoods.com|DailyCatchEntry_New.php
20 Oct 2018 12:38:21|20|shiji@forstarfoods.com|DailyCatchEntry_New.php
20 Oct 2018 12:38:22|20|shiji@forstarfoods.com|DailyCatchEntry_New.php
20 Oct 2018 12:38:24|20|shiji@forstarfoods.com|DailyCatchEntry_New.php
20 Oct 2018 12:38:25|20|shiji@forstarfoods.com|DailyCatchEntry_New.php
20 Oct 2018 12:38:26|20|shiji@forstarfoods.com|DailyCatchEntry_New.php
20 Oct 2018 12:38:27|20|shiji@forstarfoods.com|DailyCatchEntry_New.php
20 Oct 2018 12:38:29|20|shiji@forstarfoods.com|DailyCatchEntry_New.php
20 Oct 2018 12:38:30|20|shiji@forstarfoods.com|DailyCatchEntry_New.php
20 Oct 2018 12:38:31|20|shiji@forstarfoods.com|DailyCatchEntry_New.php
20 Oct 2018 12:38:32|20|shiji@forstarfoods.com|DailyCatchEntry_New.php
20 Oct 2018 12:38:34|20|shiji@forstarfoods.com|DailyCatchEntry_New.php
20 Oct 2018 12:38:45|20|shiji@forstarfoods.com|DailyCatchEntry_New.php
20 Oct 2018 12:38:48|20|shiji@forstarfoods.com|DailyCatchEntry_New.php
20 Oct 2018 12:38:49|20|shiji@forstarfoods.com|DailyCatchEntry_New.php
20 Oct 2018 12:38:50|20|shiji@forstarfoods.com|CatchEntryDeclaredItem.php
20 Oct 2018 12:38:51|20|shiji@forstarfoods.com|DailyCatchEntry_New.php
20 Oct 2018 12:38:52|30|pritirm@forstarfoods.com|DailyCatchEntry_New.php
20 Oct 2018 12:38:53|20|shiji@forstarfoods.com|CatchEntryDeclaredItem.php
20 Oct 2018 12:38:59|20|shiji@forstarfoods.com|DailyCatchEntry_New.php
20 Oct 2018 12:39:02|20|shiji@forstarfoods.com|DailyCatchEntry_New.php
20 Oct 2018 12:39:04|20|shiji@forstarfoods.com|DailyCatchEntry_New.php
20 Oct 2018 12:39:08|20|shiji@forstarfoods.com|DailyCatchEntry_New.php
20 Oct 2018 12:39:11|20|shiji@forstarfoods.com|DailyCatchEntry_New.php
20 Oct 2018 12:39:12|20|shiji@forstarfoods.com|DailyCatchEntry_New.php
20 Oct 2018 12:39:14|20|shiji@forstarfoods.com|CatchEntryDeclaredItem.php
20 Oct 2018 12:39:15|20|shiji@forstarfoods.com|DailyCatchEntry_New.php
20 Oct 2018 12:39:16|20|shiji@forstarfoods.com|CatchEntryDeclaredItem.php
20 Oct 2018 12:39:27|20|shiji@forstarfoods.com|DailyCatchEntry_New.php
20 Oct 2018 12:39:29|20|shiji@forstarfoods.com|DailyCatchEntry_New.php
20 Oct 2018 12:39:32|20|shiji@forstarfoods.com|DailyCatchEntry_New.php
20 Oct 2018 12:39:36|20|shiji@forstarfoods.com|DailyCatchReport.php
20 Oct 2018 12:39:45|20|shiji@forstarfoods.com|DailyCatchReport.php
20 Oct 2018 12:40:07|20|shiji@forstarfoods.com|DailyCatchReport.php
20 Oct 2018 12:40:08|20|shiji@forstarfoods.com|DailyCatchReport.php
20 Oct 2018 12:40:10|20|shiji@forstarfoods.com|DailyCatchReport.php
20 Oct 2018 12:40:13|20|shiji@forstarfoods.com|PrintDailyCatchReportMemo.php
20 Oct 2018 12:40:32|20|shiji@forstarfoods.com|PrintDailyCatchReportMemo.php
20 Oct 2018 12:41:00|20|shiji@forstarfoods.com|DailyCatchReport.php
20 Oct 2018 12:41:02|20|shiji@forstarfoods.com|DailyCatchReport.php
20 Oct 2018 12:41:03|20|shiji@forstarfoods.com|DailyCatchReport.php
20 Oct 2018 12:41:07|30|pritirm@forstarfoods.com|DailyCatchEntry_New.php
20 Oct 2018 12:41:12|30|pritirm@forstarfoods.com|DailyCatchEntry_New.php
20 Oct 2018 12:41:14|30|pritirm@forstarfoods.com|DailyCatchEntry_New.php
20 Oct 2018 12:41:15|30|pritirm@forstarfoods.com|DailyCatchEntry_New.php
20 Oct 2018 12:41:16|30|pritirm@forstarfoods.com|DailyCatchEntry_New.php
20 Oct 2018 12:41:17|30|pritirm@forstarfoods.com|CatchEntryDeclaredItem.php
20 Oct 2018 12:41:19|30|pritirm@forstarfoods.com|DailyCatchEntry_New.php
20 Oct 2018 12:41:20|30|pritirm@forstarfoods.com|DailyCatchEntry_New.php
20 Oct 2018 12:41:21|30|pritirm@forstarfoods.com|DailyCatchEntry_New.php
20 Oct 2018 12:41:22|30|pritirm@forstarfoods.com|DailyCatchEntry_New.php
20 Oct 2018 12:41:24|30|pritirm@forstarfoods.com|DailyCatchEntry_New.php
20 Oct 2018 12:41:25|30|pritirm@forstarfoods.com|DailyCatchEntry_New.php
20 Oct 2018 12:41:26|30|pritirm@forstarfoods.com|DailyCatchEntry_New.php
20 Oct 2018 12:41:27|30|pritirm@forstarfoods.com|DailyCatchEntry_New.php
20 Oct 2018 12:41:29|30|pritirm@forstarfoods.com|DailyCatchEntry_New.php
20 Oct 2018 12:41:31|30|pritirm@forstarfoods.com|DailyCatchEntry_New.php
20 Oct 2018 12:41:35|30|pritirm@forstarfoods.com|DailyCatchEntry_New.php
20 Oct 2018 12:41:35|20|shiji@forstarfoods.com|DailyCatchReport.php
20 Oct 2018 12:41:36|30|pritirm@forstarfoods.com|CatchEntryDeclaredItem.php
20 Oct 2018 12:41:37|20|shiji@forstarfoods.com|DailyCatchReport.php
20 Oct 2018 12:41:39|20|shiji@forstarfoods.com|DailyCatchReport.php
20 Oct 2018 12:41:40|20|shiji@forstarfoods.com|DailyCatchReport.php
20 Oct 2018 12:41:42|20|shiji@forstarfoods.com|DailyCatchReport.php
20 Oct 2018 12:41:44|20|shiji@forstarfoods.com|DailyCatchReport.php
20 Oct 2018 12:41:45|20|shiji@forstarfoods.com|DailyCatchReport.php
20 Oct 2018 12:41:47|30|pritirm@forstarfoods.com|DailyCatchEntry_New.php
20 Oct 2018 12:41:49|30|pritirm@forstarfoods.com|DailyCatchEntry_New.php
20 Oct 2018 12:41:50|20|shiji@forstarfoods.com|PrintDailyCatchReportMemo.php
20 Oct 2018 12:41:50|30|pritirm@forstarfoods.com|DailyCatchEntry_New.php
20 Oct 2018 12:42:00|30|pritirm@forstarfoods.com|DailyCatchEntry_New.php
20 Oct 2018 12:42:03|30|pritirm@forstarfoods.com|DailyCatchEntry_New.php
20 Oct 2018 12:42:06|30|pritirm@forstarfoods.com|DailyCatchEntry_New.php
20 Oct 2018 12:42:07|30|pritirm@forstarfoods.com|DailyCatchEntry_New.php
20 Oct 2018 12:42:09|30|pritirm@forstarfoods.com|DailyCatchEntry_New.php
20 Oct 2018 12:42:10|30|pritirm@forstarfoods.com|DailyCatchEntry_New.php
20 Oct 2018 12:42:11|30|pritirm@forstarfoods.com|DailyCatchEntry_New.php
20 Oct 2018 12:42:12|30|pritirm@forstarfoods.com|DailyCatchEntry_New.php
20 Oct 2018 12:42:13|30|pritirm@forstarfoods.com|DailyCatchEntry_New.php
20 Oct 2018 12:42:15|30|pritirm@forstarfoods.com|DailyCatchEntry_New.php
20 Oct 2018 12:42:16|30|pritirm@forstarfoods.com|DailyCatchEntry_New.php
20 Oct 2018 12:42:17|30|pritirm@forstarfoods.com|DailyCatchEntry_New.php
20 Oct 2018 12:42:18|30|pritirm@forstarfoods.com|DailyCatchEntry_New.php
20 Oct 2018 12:42:20|30|pritirm@forstarfoods.com|DailyCatchEntry_New.php
20 Oct 2018 12:42:21|30|pritirm@forstarfoods.com|DailyCatchEntry_New.php
20 Oct 2018 12:42:22|30|pritirm@forstarfoods.com|DailyCatchEntry_New.php
20 Oct 2018 12:42:23|30|pritirm@forstarfoods.com|DailyCatchEntry_New.php
20 Oct 2018 12:42:25|30|pritirm@forstarfoods.com|DailyCatchEntry_New.php
20 Oct 2018 12:42:31|30|pritirm@forstarfoods.com|DailyCatchEntry_New.php
20 Oct 2018 12:42:34|30|pritirm@forstarfoods.com|DailyCatchEntry_New.php
20 Oct 2018 12:42:35|30|pritirm@forstarfoods.com|CatchEntryDeclaredItem.php
20 Oct 2018 12:42:59|30|pritirm@forstarfoods.com|DailyCatchEntry_New.php
20 Oct 2018 12:43:00|30|pritirm@forstarfoods.com|DailyCatchEntry_New.php
20 Oct 2018 12:43:01|30|pritirm@forstarfoods.com|DailyCatchEntry_New.php
20 Oct 2018 12:43:03|30|pritirm@forstarfoods.com|DailyCatchEntry_New.php
20 Oct 2018 12:43:03|20|shiji@forstarfoods.com|PrintDailyCatchReportMemo.php
20 Oct 2018 12:43:06|30|pritirm@forstarfoods.com|DailyCatchEntry_New.php
20 Oct 2018 12:43:07|30|pritirm@forstarfoods.com|CatchEntryDeclaredItem.php
20 Oct 2018 12:43:19|30|pritirm@forstarfoods.com|DailyCatchEntry_New.php
20 Oct 2018 12:43:24|30|pritirm@forstarfoods.com|DailyCatchEntry_New.php
20 Oct 2018 12:43:26|30|pritirm@forstarfoods.com|DailyCatchEntry_New.php
20 Oct 2018 12:43:28|30|pritirm@forstarfoods.com|DailyCatchEntry_New.php
20 Oct 2018 12:43:30|30|pritirm@forstarfoods.com|DailyCatchEntry_New.php
20 Oct 2018 12:43:31|30|pritirm@forstarfoods.com|DailyCatchEntry_New.php
20 Oct 2018 12:43:32|30|pritirm@forstarfoods.com|DailyCatchEntry_New.php
20 Oct 2018 12:43:33|30|pritirm@forstarfoods.com|DailyCatchEntry_New.php
20 Oct 2018 12:43:35|30|pritirm@forstarfoods.com|DailyCatchEntry_New.php
20 Oct 2018 12:43:36|30|pritirm@forstarfoods.com|DailyCatchEntry_New.php
20 Oct 2018 12:43:37|30|pritirm@forstarfoods.com|DailyCatchEntry_New.php
20 Oct 2018 12:43:38|30|pritirm@forstarfoods.com|DailyCatchEntry_New.php
20 Oct 2018 12:43:39|30|pritirm@forstarfoods.com|DailyCatchEntry_New.php
20 Oct 2018 12:43:41|30|pritirm@forstarfoods.com|DailyCatchEntry_New.php
20 Oct 2018 12:43:42|30|pritirm@forstarfoods.com|DailyCatchEntry_New.php
20 Oct 2018 12:43:43|30|pritirm@forstarfoods.com|DailyCatchEntry_New.php
20 Oct 2018 12:43:44|30|pritirm@forstarfoods.com|DailyCatchEntry_New.php
20 Oct 2018 12:43:52|20|shiji@forstarfoods.com|DailyCatchReport.php
20 Oct 2018 12:43:54|20|shiji@forstarfoods.com|DailyCatchReport.php
20 Oct 2018 12:43:55|20|shiji@forstarfoods.com|DailyCatchReport.php
20 Oct 2018 12:44:03|30|pritirm@forstarfoods.com|DailyCatchEntry_New.php
20 Oct 2018 12:44:05|30|pritirm@forstarfoods.com|DailyCatchEntry_New.php
20 Oct 2018 12:44:07|20|shiji@forstarfoods.com|DailyCatchReport.php
20 Oct 2018 12:44:07|30|pritirm@forstarfoods.com|CatchEntryDeclaredItem.php
20 Oct 2018 12:44:08|20|shiji@forstarfoods.com|DailyCatchReport.php
20 Oct 2018 12:44:10|20|shiji@forstarfoods.com|DailyCatchReport.php
20 Oct 2018 12:44:11|30|pritirm@forstarfoods.com|DailyCatchEntry_New.php
20 Oct 2018 12:44:14|30|pritirm@forstarfoods.com|DailyCatchEntry_New.php
20 Oct 2018 12:44:18|30|pritirm@forstarfoods.com|DailyCatchEntry_New.php
20 Oct 2018 12:44:19|30|pritirm@forstarfoods.com|DailyCatchEntry_New.php
20 Oct 2018 12:44:20|30|pritirm@forstarfoods.com|DailyCatchEntry_New.php
20 Oct 2018 12:44:22|30|pritirm@forstarfoods.com|DailyCatchEntry_New.php
20 Oct 2018 12:44:23|30|pritirm@forstarfoods.com|DailyCatchEntry_New.php
20 Oct 2018 12:44:24|30|pritirm@forstarfoods.com|DailyCatchEntry_New.php
20 Oct 2018 12:44:25|30|pritirm@forstarfoods.com|DailyCatchEntry_New.php
20 Oct 2018 12:44:27|30|pritirm@forstarfoods.com|DailyCatchEntry_New.php
20 Oct 2018 12:44:28|30|pritirm@forstarfoods.com|DailyCatchEntry_New.php
20 Oct 2018 12:44:30|30|pritirm@forstarfoods.com|DailyCatchEntry_New.php
20 Oct 2018 12:44:31|30|pritirm@forstarfoods.com|CatchEntryDeclaredItem.php
20 Oct 2018 12:44:36|30|pritirm@forstarfoods.com|DailyCatchEntry_New.php
20 Oct 2018 12:44:38|30|pritirm@forstarfoods.com|DailyCatchEntry_New.php
20 Oct 2018 12:44:39|30|pritirm@forstarfoods.com|DailyCatchEntry_New.php
20 Oct 2018 12:44:53|30|pritirm@forstarfoods.com|DailyCatchEntry_New.php
20 Oct 2018 12:44:55|20|shiji@forstarfoods.com|DailyCatchEntry_New.php
20 Oct 2018 12:44:56|30|pritirm@forstarfoods.com|DailyCatchEntry_New.php
20 Oct 2018 12:44:57|30|pritirm@forstarfoods.com|CatchEntryDeclaredItem.php
20 Oct 2018 12:44:59|20|shiji@forstarfoods.com|DailyCatchEntry_New.php
20 Oct 2018 12:45:00|20|shiji@forstarfoods.com|DailyCatchEntry_New.php
20 Oct 2018 12:45:02|20|shiji@forstarfoods.com|DailyCatchEntry_New.php
20 Oct 2018 12:45:03|20|shiji@forstarfoods.com|DailyCatchEntry_New.php
20 Oct 2018 12:45:04|20|shiji@forstarfoods.com|CatchEntryDeclaredItem.php
20 Oct 2018 12:45:05|20|shiji@forstarfoods.com|DailyCatchEntry_New.php
20 Oct 2018 12:45:07|20|shiji@forstarfoods.com|DailyCatchEntry_New.php
20 Oct 2018 12:45:08|20|shiji@forstarfoods.com|DailyCatchEntry_New.php
20 Oct 2018 12:45:09|20|shiji@forstarfoods.com|DailyCatchEntry_New.php
20 Oct 2018 12:45:09|30|pritirm@forstarfoods.com|DailyCatchEntry_New.php
20 Oct 2018 12:45:10|20|shiji@forstarfoods.com|DailyCatchEntry_New.php
20 Oct 2018 12:45:12|20|shiji@forstarfoods.com|DailyCatchEntry_New.php
20 Oct 2018 12:45:16|30|pritirm@forstarfoods.com|DailyCatchEntry_New.php
20 Oct 2018 12:45:18|30|pritirm@forstarfoods.com|DailyCatchEntry_New.php
20 Oct 2018 12:45:24|30|pritirm@forstarfoods.com|DailyCatchEntry_New.php
20 Oct 2018 12:45:25|30|pritirm@forstarfoods.com|DailyCatchEntry_New.php
20 Oct 2018 12:45:26|30|pritirm@forstarfoods.com|DailyCatchEntry_New.php
20 Oct 2018 12:45:28|30|pritirm@forstarfoods.com|DailyCatchEntry_New.php
20 Oct 2018 12:45:29|30|pritirm@forstarfoods.com|DailyCatchEntry_New.php
20 Oct 2018 12:45:30|30|pritirm@forstarfoods.com|DailyCatchEntry_New.php
20 Oct 2018 12:45:31|30|pritirm@forstarfoods.com|DailyCatchEntry_New.php
20 Oct 2018 12:45:32|30|pritirm@forstarfoods.com|DailyCatchEntry_New.php
20 Oct 2018 12:45:34|30|pritirm@forstarfoods.com|DailyCatchEntry_New.php
20 Oct 2018 12:45:35|30|pritirm@forstarfoods.com|DailyCatchEntry_New.php
20 Oct 2018 12:45:36|30|pritirm@forstarfoods.com|DailyCatchEntry_New.php
20 Oct 2018 12:45:37|30|pritirm@forstarfoods.com|DailyCatchEntry_New.php
20 Oct 2018 12:45:38|20|shiji@forstarfoods.com|DailyCatchEntry_New.php
20 Oct 2018 12:45:39|20|shiji@forstarfoods.com|DailyCatchEntry_New.php
20 Oct 2018 12:45:40|20|shiji@forstarfoods.com|DailyCatchEntry_New.php
20 Oct 2018 12:45:45|20|shiji@forstarfoods.com|DailyCatchEntry_New.php
20 Oct 2018 12:45:49|20|shiji@forstarfoods.com|DailyCatchEntry_New.php
20 Oct 2018 12:45:50|30|pritirm@forstarfoods.com|DailyCatchEntry_New.php
20 Oct 2018 12:45:50|20|shiji@forstarfoods.com|CatchEntryDeclaredItem.php
20 Oct 2018 12:45:52|30|pritirm@forstarfoods.com|DailyCatchEntry_New.php
20 Oct 2018 12:45:54|30|pritirm@forstarfoods.com|CatchEntryDeclaredItem.php
20 Oct 2018 12:45:59|30|pritirm@forstarfoods.com|DailyCatchEntry_New.php
20 Oct 2018 12:46:02|30|pritirm@forstarfoods.com|DailyCatchEntry_New.php
20 Oct 2018 12:46:03|30|pritirm@forstarfoods.com|DailyCatchEntry_New.php
20 Oct 2018 12:46:04|30|pritirm@forstarfoods.com|DailyCatchEntry_New.php
20 Oct 2018 12:46:06|30|pritirm@forstarfoods.com|DailyCatchEntry_New.php
20 Oct 2018 12:46:07|30|pritirm@forstarfoods.com|DailyCatchEntry_New.php
20 Oct 2018 12:46:08|30|pritirm@forstarfoods.com|DailyCatchEntry_New.php
20 Oct 2018 12:46:09|30|pritirm@forstarfoods.com|DailyCatchEntry_New.php
20 Oct 2018 12:46:11|30|pritirm@forstarfoods.com|DailyCatchEntry_New.php
20 Oct 2018 12:46:12|30|pritirm@forstarfoods.com|DailyCatchEntry_New.php
20 Oct 2018 12:46:13|30|pritirm@forstarfoods.com|DailyCatchEntry_New.php
20 Oct 2018 12:46:14|30|pritirm@forstarfoods.com|DailyCatchEntry_New.php
20 Oct 2018 12:46:16|30|pritirm@forstarfoods.com|DailyCatchEntry_New.php
20 Oct 2018 12:46:17|30|pritirm@forstarfoods.com|DailyCatchEntry_New.php
20 Oct 2018 12:46:18|30|pritirm@forstarfoods.com|DailyCatchEntry_New.php
20 Oct 2018 12:46:19|30|pritirm@forstarfoods.com|DailyCatchEntry_New.php
20 Oct 2018 12:46:20|30|pritirm@forstarfoods.com|DailyCatchEntry_New.php
20 Oct 2018 12:46:22|30|pritirm@forstarfoods.com|DailyCatchEntry_New.php
20 Oct 2018 12:46:23|20|shiji@forstarfoods.com|DailyCatchEntry_New.php
20 Oct 2018 12:46:23|30|pritirm@forstarfoods.com|DailyCatchEntry_New.php
20 Oct 2018 12:46:26|20|shiji@forstarfoods.com|DailyCatchEntry_New.php
20 Oct 2018 12:46:29|20|shiji@forstarfoods.com|DailyCatchEntry_New.php
20 Oct 2018 12:46:35|20|shiji@forstarfoods.com|DailyCatchEntry_New.php
20 Oct 2018 12:46:36|20|shiji@forstarfoods.com|DailyCatchEntry_New.php
20 Oct 2018 12:46:37|20|shiji@forstarfoods.com|DailyCatchEntry_New.php
20 Oct 2018 12:46:39|20|shiji@forstarfoods.com|DailyCatchEntry_New.php
20 Oct 2018 12:46:40|20|shiji@forstarfoods.com|DailyCatchEntry_New.php
20 Oct 2018 12:46:41|20|shiji@forstarfoods.com|DailyCatchEntry_New.php
20 Oct 2018 12:46:42|20|shiji@forstarfoods.com|DailyCatchEntry_New.php
20 Oct 2018 12:46:44|20|shiji@forstarfoods.com|DailyCatchEntry_New.php
20 Oct 2018 12:46:45|20|shiji@forstarfoods.com|DailyCatchEntry_New.php
20 Oct 2018 12:46:46|20|shiji@forstarfoods.com|DailyCatchEntry_New.php
20 Oct 2018 12:46:47|20|shiji@forstarfoods.com|DailyCatchEntry_New.php
20 Oct 2018 12:46:48|20|shiji@forstarfoods.com|DailyCatchEntry_New.php
20 Oct 2018 12:46:54|20|shiji@forstarfoods.com|DailyCatchEntry_New.php
20 Oct 2018 12:47:04|30|pritirm@forstarfoods.com|DailyCatchEntry_New.php
20 Oct 2018 12:47:07|30|pritirm@forstarfoods.com|DailyCatchEntry_New.php
20 Oct 2018 12:47:08|30|pritirm@forstarfoods.com|CatchEntryDeclaredItem.php
20 Oct 2018 12:47:09|20|shiji@forstarfoods.com|DailyCatchEntry_New.php
20 Oct 2018 12:47:10|20|shiji@forstarfoods.com|CatchEntryDeclaredItem.php
20 Oct 2018 12:47:17|20|shiji@forstarfoods.com|DailyCatchEntry_New.php
20 Oct 2018 12:47:18|30|pritirm@forstarfoods.com|DailyCatchEntry_New.php
20 Oct 2018 12:47:19|30|pritirm@forstarfoods.com|DailyCatchEntry_New.php
20 Oct 2018 12:47:20|20|shiji@forstarfoods.com|DailyCatchEntry_New.php
20 Oct 2018 12:47:23|30|pritirm@forstarfoods.com|DailyCatchEntry_New.php
20 Oct 2018 12:47:24|20|shiji@forstarfoods.com|DailyCatchEntry_New.php
20 Oct 2018 12:47:24|30|pritirm@forstarfoods.com|DailyCatchEntry_New.php
20 Oct 2018 12:47:25|20|shiji@forstarfoods.com|DailyCatchEntry_New.php
20 Oct 2018 12:47:26|30|pritirm@forstarfoods.com|DailyCatchEntry_New.php
20 Oct 2018 12:47:26|20|shiji@forstarfoods.com|DailyCatchEntry_New.php
20 Oct 2018 12:47:27|30|pritirm@forstarfoods.com|DailyCatchEntry_New.php
20 Oct 2018 12:47:27|20|shiji@forstarfoods.com|DailyCatchEntry_New.php
20 Oct 2018 12:47:28|30|pritirm@forstarfoods.com|CatchEntryDeclaredItem.php
20 Oct 2018 12:47:28|20|shiji@forstarfoods.com|DailyCatchEntry_New.php
20 Oct 2018 12:47:29|30|pritirm@forstarfoods.com|DailyCatchEntry_New.php
20 Oct 2018 12:47:30|20|shiji@forstarfoods.com|DailyCatchEntry_New.php
20 Oct 2018 12:47:31|20|shiji@forstarfoods.com|DailyCatchEntry_New.php
20 Oct 2018 12:47:32|20|shiji@forstarfoods.com|DailyCatchEntry_New.php
20 Oct 2018 12:47:32|30|pritirm@forstarfoods.com|DailyCatchEntry_New.php
20 Oct 2018 12:47:33|20|shiji@forstarfoods.com|DailyCatchEntry_New.php
20 Oct 2018 12:47:33|30|pritirm@forstarfoods.com|DailyCatchEntry_New.php
20 Oct 2018 12:47:35|20|shiji@forstarfoods.com|DailyCatchEntry_New.php
20 Oct 2018 12:47:35|30|pritirm@forstarfoods.com|DailyCatchEntry_New.php
20 Oct 2018 12:47:36|20|shiji@forstarfoods.com|DailyCatchEntry_New.php
20 Oct 2018 12:47:36|30|pritirm@forstarfoods.com|DailyCatchEntry_New.php
20 Oct 2018 12:47:37|20|shiji@forstarfoods.com|DailyCatchEntry_New.php
20 Oct 2018 12:47:38|20|shiji@forstarfoods.com|DailyCatchEntry_New.php
20 Oct 2018 12:47:40|20|shiji@forstarfoods.com|DailyCatchEntry_New.php
20 Oct 2018 12:47:41|20|shiji@forstarfoods.com|DailyCatchEntry_New.php
20 Oct 2018 12:47:42|20|shiji@forstarfoods.com|DailyCatchEntry_New.php
20 Oct 2018 12:47:42|30|pritirm@forstarfoods.com|DailyCatchEntry_New.php
20 Oct 2018 12:47:43|20|shiji@forstarfoods.com|DailyCatchEntry_New.php
20 Oct 2018 12:47:44|30|pritirm@forstarfoods.com|CatchEntryDeclaredItem.php
20 Oct 2018 12:47:46|20|shiji@forstarfoods.com|DailyCatchEntry_New.php
20 Oct 2018 12:47:48|20|shiji@forstarfoods.com|CatchEntryDeclaredItem.php
20 Oct 2018 12:47:52|20|shiji@forstarfoods.com|DailyCatchEntry_New.php
20 Oct 2018 12:47:56|20|shiji@forstarfoods.com|DailyCatchEntry_New.php
20 Oct 2018 12:48:00|20|shiji@forstarfoods.com|DailyCatchEntry_New.php
20 Oct 2018 12:48:01|20|shiji@forstarfoods.com|DailyCatchEntry_New.php
20 Oct 2018 12:48:02|20|shiji@forstarfoods.com|DailyCatchEntry_New.php
20 Oct 2018 12:48:04|20|shiji@forstarfoods.com|DailyCatchEntry_New.php
20 Oct 2018 12:48:05|20|shiji@forstarfoods.com|DailyCatchEntry_New.php
20 Oct 2018 12:48:06|20|shiji@forstarfoods.com|DailyCatchEntry_New.php
20 Oct 2018 12:48:07|20|shiji@forstarfoods.com|DailyCatchEntry_New.php
20 Oct 2018 12:48:08|30|pritirm@forstarfoods.com|DailyCatchEntry_New.php
20 Oct 2018 12:48:09|20|shiji@forstarfoods.com|DailyCatchEntry_New.php
20 Oct 2018 12:48:09|30|pritirm@forstarfoods.com|DailyCatchEntry_New.php
20 Oct 2018 12:48:10|20|shiji@forstarfoods.com|DailyCatchEntry_New.php
20 Oct 2018 12:48:11|30|pritirm@forstarfoods.com|DailyCatchEntry_New.php
20 Oct 2018 12:48:11|20|shiji@forstarfoods.com|DailyCatchEntry_New.php
20 Oct 2018 12:48:12|20|shiji@forstarfoods.com|DailyCatchEntry_New.php
20 Oct 2018 12:48:14|20|shiji@forstarfoods.com|DailyCatchEntry_New.php
20 Oct 2018 12:48:15|20|shiji@forstarfoods.com|DailyCatchEntry_New.php
20 Oct 2018 12:48:16|20|shiji@forstarfoods.com|DailyCatchEntry_New.php
20 Oct 2018 12:48:17|20|shiji@forstarfoods.com|DailyCatchEntry_New.php
20 Oct 2018 12:48:17|30|pritirm@forstarfoods.com|DailyCatchEntry_New.php
20 Oct 2018 12:48:19|20|shiji@forstarfoods.com|DailyCatchEntry_New.php
20 Oct 2018 12:48:19|30|pritirm@forstarfoods.com|DailyCatchEntry_New.php
20 Oct 2018 12:48:21|20|shiji@forstarfoods.com|DailyCatchEntry_New.php
20 Oct 2018 12:48:22|30|pritirm@forstarfoods.com|DailyCatchEntry_New.php
20 Oct 2018 12:48:23|20|shiji@forstarfoods.com|DailyCatchEntry_New.php
20 Oct 2018 12:48:24|30|pritirm@forstarfoods.com|DailyCatchEntry_New.php
20 Oct 2018 12:48:25|20|shiji@forstarfoods.com|CatchEntryDeclaredItem.php
20 Oct 2018 12:48:25|30|pritirm@forstarfoods.com|DailyCatchEntry_New.php
20 Oct 2018 12:48:26|30|pritirm@forstarfoods.com|DailyCatchEntry_New.php
20 Oct 2018 12:48:27|30|pritirm@forstarfoods.com|DailyCatchEntry_New.php
20 Oct 2018 12:48:28|30|pritirm@forstarfoods.com|DailyCatchEntry_New.php
20 Oct 2018 12:48:29|20|shiji@forstarfoods.com|DailyCatchEntry_New.php
20 Oct 2018 12:48:30|30|pritirm@forstarfoods.com|DailyCatchEntry_New.php
20 Oct 2018 12:48:31|30|pritirm@forstarfoods.com|DailyCatchEntry_New.php
20 Oct 2018 12:48:31|20|shiji@forstarfoods.com|DailyCatchEntry_New.php
20 Oct 2018 12:48:32|30|pritirm@forstarfoods.com|DailyCatchEntry_New.php
20 Oct 2018 12:48:33|30|pritirm@forstarfoods.com|DailyCatchEntry_New.php
20 Oct 2018 12:48:35|20|shiji@forstarfoods.com|DailyCatchEntry_New.php
20 Oct 2018 12:48:35|30|pritirm@forstarfoods.com|DailyCatchEntry_New.php
20 Oct 2018 12:48:36|20|shiji@forstarfoods.com|DailyCatchEntry_New.php
20 Oct 2018 12:48:36|30|pritirm@forstarfoods.com|DailyCatchEntry_New.php
20 Oct 2018 12:48:37|20|shiji@forstarfoods.com|DailyCatchEntry_New.php
20 Oct 2018 12:48:37|30|pritirm@forstarfoods.com|DailyCatchEntry_New.php
20 Oct 2018 12:48:38|20|shiji@forstarfoods.com|DailyCatchEntry_New.php
20 Oct 2018 12:48:38|30|pritirm@forstarfoods.com|DailyCatchEntry_New.php
20 Oct 2018 12:48:40|20|shiji@forstarfoods.com|DailyCatchEntry_New.php
20 Oct 2018 12:48:40|30|pritirm@forstarfoods.com|DailyCatchEntry_New.php
20 Oct 2018 12:48:41|20|shiji@forstarfoods.com|DailyCatchEntry_New.php
20 Oct 2018 12:48:41|30|pritirm@forstarfoods.com|DailyCatchEntry_New.php
20 Oct 2018 12:48:42|20|shiji@forstarfoods.com|DailyCatchEntry_New.php
20 Oct 2018 12:48:43|20|shiji@forstarfoods.com|DailyCatchEntry_New.php
20 Oct 2018 12:48:44|20|shiji@forstarfoods.com|DailyCatchEntry_New.php
20 Oct 2018 12:48:46|20|shiji@forstarfoods.com|DailyCatchEntry_New.php
20 Oct 2018 12:48:47|20|shiji@forstarfoods.com|DailyCatchEntry_New.php
20 Oct 2018 12:48:48|20|shiji@forstarfoods.com|DailyCatchEntry_New.php
20 Oct 2018 12:48:49|30|pritirm@forstarfoods.com|DailyCatchEntry_New.php
20 Oct 2018 12:48:49|20|shiji@forstarfoods.com|DailyCatchEntry_New.php
20 Oct 2018 12:48:51|20|shiji@forstarfoods.com|DailyCatchEntry_New.php
20 Oct 2018 12:48:51|30|pritirm@forstarfoods.com|DailyCatchEntry_New.php
20 Oct 2018 12:48:53|30|pritirm@forstarfoods.com|CatchEntryDeclaredItem.php
20 Oct 2018 12:48:57|30|pritirm@forstarfoods.com|DailyCatchEntry_New.php
20 Oct 2018 12:48:59|30|pritirm@forstarfoods.com|DailyCatchEntry_New.php
20 Oct 2018 12:48:59|20|shiji@forstarfoods.com|DailyCatchEntry_New.php
20 Oct 2018 12:49:02|20|shiji@forstarfoods.com|DailyCatchEntry_New.php
20 Oct 2018 12:49:03|30|pritirm@forstarfoods.com|DailyCatchEntry_New.php
20 Oct 2018 12:49:03|20|shiji@forstarfoods.com|CatchEntryDeclaredItem.php
20 Oct 2018 12:49:04|30|pritirm@forstarfoods.com|DailyCatchEntry_New.php
20 Oct 2018 12:49:05|30|pritirm@forstarfoods.com|DailyCatchEntry_New.php
20 Oct 2018 12:49:07|30|pritirm@forstarfoods.com|DailyCatchEntry_New.php
20 Oct 2018 12:49:08|20|shiji@forstarfoods.com|DailyCatchEntry_New.php
20 Oct 2018 12:49:08|30|pritirm@forstarfoods.com|DailyCatchEntry_New.php
20 Oct 2018 12:49:09|30|pritirm@forstarfoods.com|DailyCatchEntry_New.php
20 Oct 2018 12:49:10|20|shiji@forstarfoods.com|DailyCatchEntry_New.php
20 Oct 2018 12:49:10|30|pritirm@forstarfoods.com|DailyCatchEntry_New.php
20 Oct 2018 12:49:12|30|pritirm@forstarfoods.com|DailyCatchEntry_New.php
20 Oct 2018 12:49:13|30|pritirm@forstarfoods.com|DailyCatchEntry_New.php
20 Oct 2018 12:49:13|20|shiji@forstarfoods.com|DailyCatchEntry_New.php
20 Oct 2018 12:49:14|30|pritirm@forstarfoods.com|DailyCatchEntry_New.php
20 Oct 2018 12:49:14|20|shiji@forstarfoods.com|DailyCatchEntry_New.php
20 Oct 2018 12:49:15|30|pritirm@forstarfoods.com|DailyCatchEntry_New.php
20 Oct 2018 12:49:15|20|shiji@forstarfoods.com|DailyCatchEntry_New.php
20 Oct 2018 12:49:17|30|pritirm@forstarfoods.com|DailyCatchEntry_New.php
20 Oct 2018 12:49:17|20|shiji@forstarfoods.com|DailyCatchEntry_New.php
20 Oct 2018 12:49:18|30|pritirm@forstarfoods.com|DailyCatchEntry_New.php
20 Oct 2018 12:49:18|20|shiji@forstarfoods.com|DailyCatchEntry_New.php
20 Oct 2018 12:49:19|30|pritirm@forstarfoods.com|DailyCatchEntry_New.php
20 Oct 2018 12:49:19|20|shiji@forstarfoods.com|DailyCatchEntry_New.php
20 Oct 2018 12:49:20|30|pritirm@forstarfoods.com|DailyCatchEntry_New.php
20 Oct 2018 12:49:20|20|shiji@forstarfoods.com|DailyCatchEntry_New.php
20 Oct 2018 12:49:21|30|pritirm@forstarfoods.com|DailyCatchEntry_New.php
20 Oct 2018 12:49:22|20|shiji@forstarfoods.com|DailyCatchEntry_New.php
20 Oct 2018 12:49:23|20|shiji@forstarfoods.com|DailyCatchEntry_New.php
20 Oct 2018 12:49:24|20|shiji@forstarfoods.com|DailyCatchEntry_New.php
20 Oct 2018 12:49:25|20|shiji@forstarfoods.com|DailyCatchEntry_New.php
20 Oct 2018 12:49:26|20|shiji@forstarfoods.com|DailyCatchEntry_New.php
20 Oct 2018 12:49:28|20|shiji@forstarfoods.com|DailyCatchEntry_New.php
20 Oct 2018 12:49:29|20|shiji@forstarfoods.com|DailyCatchEntry_New.php
20 Oct 2018 12:49:30|20|shiji@forstarfoods.com|DailyCatchEntry_New.php
20 Oct 2018 12:49:31|20|shiji@forstarfoods.com|DailyCatchEntry_New.php
20 Oct 2018 12:49:35|30|pritirm@forstarfoods.com|DailyCatchEntry_New.php
20 Oct 2018 12:49:38|30|pritirm@forstarfoods.com|DailyCatchEntry_New.php
20 Oct 2018 12:49:40|30|pritirm@forstarfoods.com|CatchEntryDeclaredItem.php
20 Oct 2018 12:49:44|20|shiji@forstarfoods.com|DailyCatchEntry_New.php
20 Oct 2018 12:49:45|30|pritirm@forstarfoods.com|DailyCatchEntry_New.php
20 Oct 2018 12:49:47|20|shiji@forstarfoods.com|DailyCatchEntry_New.php
20 Oct 2018 12:49:47|30|pritirm@forstarfoods.com|DailyCatchEntry_New.php
20 Oct 2018 12:49:49|20|shiji@forstarfoods.com|CatchEntryDeclaredItem.php
20 Oct 2018 12:49:51|30|pritirm@forstarfoods.com|DailyCatchEntry_New.php
20 Oct 2018 12:49:52|30|pritirm@forstarfoods.com|DailyCatchEntry_New.php
20 Oct 2018 12:49:52|20|shiji@forstarfoods.com|DailyCatchEntry_New.php
20 Oct 2018 12:49:53|30|pritirm@forstarfoods.com|DailyCatchEntry_New.php
20 Oct 2018 12:49:54|30|pritirm@forstarfoods.com|DailyCatchEntry_New.php
20 Oct 2018 12:49:55|20|shiji@forstarfoods.com|DailyCatchEntry_New.php
20 Oct 2018 12:49:55|30|pritirm@forstarfoods.com|DailyCatchEntry_New.php
20 Oct 2018 12:49:57|30|pritirm@forstarfoods.com|DailyCatchEntry_New.php
20 Oct 2018 12:49:58|30|pritirm@forstarfoods.com|DailyCatchEntry_New.php
20 Oct 2018 12:49:59|30|pritirm@forstarfoods.com|DailyCatchEntry_New.php
20 Oct 2018 12:50:00|20|shiji@forstarfoods.com|DailyCatchEntry_New.php
20 Oct 2018 12:50:00|30|pritirm@forstarfoods.com|DailyCatchEntry_New.php
20 Oct 2018 12:50:01|20|shiji@forstarfoods.com|DailyCatchEntry_New.php
20 Oct 2018 12:50:02|30|pritirm@forstarfoods.com|DailyCatchEntry_New.php
20 Oct 2018 12:50:02|20|shiji@forstarfoods.com|DailyCatchEntry_New.php
20 Oct 2018 12:50:03|30|pritirm@forstarfoods.com|DailyCatchEntry_New.php
20 Oct 2018 12:50:03|20|shiji@forstarfoods.com|DailyCatchEntry_New.php
20 Oct 2018 12:50:04|30|pritirm@forstarfoods.com|DailyCatchEntry_New.php
20 Oct 2018 12:50:05|20|shiji@forstarfoods.com|DailyCatchEntry_New.php
20 Oct 2018 12:50:05|30|pritirm@forstarfoods.com|DailyCatchEntry_New.php
20 Oct 2018 12:50:06|20|shiji@forstarfoods.com|DailyCatchEntry_New.php
20 Oct 2018 12:50:07|30|pritirm@forstarfoods.com|DailyCatchEntry_New.php
20 Oct 2018 12:50:07|20|shiji@forstarfoods.com|DailyCatchEntry_New.php
20 Oct 2018 12:50:08|30|pritirm@forstarfoods.com|DailyCatchEntry_New.php
20 Oct 2018 12:50:09|30|pritirm@forstarfoods.com|DailyCatchEntry_New.php
20 Oct 2018 12:50:10|20|shiji@forstarfoods.com|DailyCatchEntry_New.php
20 Oct 2018 12:50:10|30|pritirm@forstarfoods.com|DailyCatchEntry_New.php
20 Oct 2018 12:50:11|20|shiji@forstarfoods.com|DailyCatchEntry_New.php
20 Oct 2018 12:50:11|30|pritirm@forstarfoods.com|DailyCatchEntry_New.php
20 Oct 2018 12:50:13|30|pritirm@forstarfoods.com|DailyCatchEntry_New.php
20 Oct 2018 12:50:14|30|pritirm@forstarfoods.com|DailyCatchEntry_New.php
20 Oct 2018 12:50:15|30|pritirm@forstarfoods.com|DailyCatchEntry_New.php
20 Oct 2018 12:50:16|30|pritirm@forstarfoods.com|DailyCatchEntry_New.php
20 Oct 2018 12:50:18|30|pritirm@forstarfoods.com|DailyCatchEntry_New.php
20 Oct 2018 12:50:19|30|pritirm@forstarfoods.com|DailyCatchEntry_New.php
20 Oct 2018 12:50:20|30|pritirm@forstarfoods.com|DailyCatchEntry_New.php
20 Oct 2018 12:50:21|30|pritirm@forstarfoods.com|DailyCatchEntry_New.php
20 Oct 2018 12:50:23|30|pritirm@forstarfoods.com|DailyCatchEntry_New.php
20 Oct 2018 12:50:24|30|pritirm@forstarfoods.com|DailyCatchEntry_New.php
20 Oct 2018 12:50:30|20|shiji@forstarfoods.com|DailyCatchEntry_New.php
20 Oct 2018 12:50:32|20|shiji@forstarfoods.com|DailyCatchEntry_New.php
20 Oct 2018 12:50:34|20|shiji@forstarfoods.com|CatchEntryDeclaredItem.php
20 Oct 2018 12:50:43|20|shiji@forstarfoods.com|DailyCatchEntry_New.php
20 Oct 2018 12:50:45|20|shiji@forstarfoods.com|DailyCatchEntry_New.php
20 Oct 2018 12:50:50|30|pritirm@forstarfoods.com|DailyCatchEntry_New.php
20 Oct 2018 12:50:52|30|pritirm@forstarfoods.com|DailyCatchEntry_New.php
20 Oct 2018 12:50:54|30|pritirm@forstarfoods.com|CatchEntryDeclaredItem.php
20 Oct 2018 12:50:54|20|shiji@forstarfoods.com|DailyCatchEntry_New.php
20 Oct 2018 12:50:56|20|shiji@forstarfoods.com|DailyCatchEntry_New.php
20 Oct 2018 12:50:57|20|shiji@forstarfoods.com|DailyCatchEntry_New.php
20 Oct 2018 12:50:58|30|pritirm@forstarfoods.com|DailyCatchEntry_New.php
20 Oct 2018 12:50:58|20|shiji@forstarfoods.com|DailyCatchEntry_New.php
20 Oct 2018 12:50:59|20|shiji@forstarfoods.com|DailyCatchEntry_New.php
20 Oct 2018 12:51:01|20|shiji@forstarfoods.com|DailyCatchEntry_New.php
20 Oct 2018 12:51:01|30|pritirm@forstarfoods.com|DailyCatchEntry_New.php
20 Oct 2018 12:51:02|20|shiji@forstarfoods.com|DailyCatchEntry_New.php
20 Oct 2018 12:51:03|20|shiji@forstarfoods.com|DailyCatchEntry_New.php
20 Oct 2018 12:51:04|20|shiji@forstarfoods.com|DailyCatchEntry_New.php
20 Oct 2018 12:51:04|30|pritirm@forstarfoods.com|DailyCatchEntry_New.php
20 Oct 2018 12:51:05|20|shiji@forstarfoods.com|DailyCatchEntry_New.php
20 Oct 2018 12:51:05|30|pritirm@forstarfoods.com|DailyCatchEntry_New.php
20 Oct 2018 12:51:07|20|shiji@forstarfoods.com|DailyCatchEntry_New.php
20 Oct 2018 12:51:07|30|pritirm@forstarfoods.com|DailyCatchEntry_New.php
20 Oct 2018 12:51:08|20|shiji@forstarfoods.com|DailyCatchEntry_New.php
20 Oct 2018 12:51:08|30|pritirm@forstarfoods.com|DailyCatchEntry_New.php
20 Oct 2018 12:51:09|20|shiji@forstarfoods.com|DailyCatchEntry_New.php
20 Oct 2018 12:51:09|30|pritirm@forstarfoods.com|DailyCatchEntry_New.php
20 Oct 2018 12:51:10|20|shiji@forstarfoods.com|DailyCatchEntry_New.php
20 Oct 2018 12:51:10|30|pritirm@forstarfoods.com|DailyCatchEntry_New.php
20 Oct 2018 12:51:12|20|shiji@forstarfoods.com|DailyCatchEntry_New.php
20 Oct 2018 12:51:12|30|pritirm@forstarfoods.com|DailyCatchEntry_New.php
20 Oct 2018 12:51:13|20|shiji@forstarfoods.com|DailyCatchEntry_New.php
20 Oct 2018 12:51:13|30|pritirm@forstarfoods.com|DailyCatchEntry_New.php
20 Oct 2018 12:51:14|20|shiji@forstarfoods.com|DailyCatchEntry_New.php
20 Oct 2018 12:51:16|20|shiji@forstarfoods.com|DailyCatchEntry_New.php
20 Oct 2018 12:51:18|20|shiji@forstarfoods.com|CatchEntryDeclaredItem.php
20 Oct 2018 12:51:18|30|pritirm@forstarfoods.com|DailyCatchEntry_New.php
20 Oct 2018 12:51:30|30|pritirm@forstarfoods.com|DailyCatchEntry_New.php
20 Oct 2018 12:51:31|30|pritirm@forstarfoods.com|CatchEntryDeclaredItem.php
20 Oct 2018 12:51:47|20|shiji@forstarfoods.com|SupplierAccount.php
20 Oct 2018 12:51:53|20|shiji@forstarfoods.com|SupplierAccount.php
20 Oct 2018 12:51:53|30|pritirm@forstarfoods.com|DailyCatchEntry_New.php
20 Oct 2018 12:51:55|30|pritirm@forstarfoods.com|DailyCatchEntry_New.php
20 Oct 2018 12:51:56|30|pritirm@forstarfoods.com|DailyCatchEntry_New.php
20 Oct 2018 12:51:58|20|shiji@forstarfoods.com|SupplierAccount.php
20 Oct 2018 12:51:58|30|pritirm@forstarfoods.com|DailyCatchEntry_New.php
20 Oct 2018 12:52:01|30|pritirm@forstarfoods.com|DailyCatchEntry_New.php
20 Oct 2018 12:52:02|20|shiji@forstarfoods.com|SupplierAccount.php
20 Oct 2018 12:52:08|30|pritirm@forstarfoods.com|DailyCatchEntry_New.php
20 Oct 2018 12:52:09|30|pritirm@forstarfoods.com|CatchEntryDeclaredItem.php
20 Oct 2018 12:52:23|30|pritirm@forstarfoods.com|DailyCatchEntry_New.php
20 Oct 2018 12:52:24|30|pritirm@forstarfoods.com|DailyCatchEntry_New.php
20 Oct 2018 12:52:31|30|pritirm@forstarfoods.com|DailyCatchEntry_New.php
20 Oct 2018 12:52:33|30|pritirm@forstarfoods.com|DailyCatchEntry_New.php
20 Oct 2018 12:52:35|30|pritirm@forstarfoods.com|DailyCatchEntry_New.php