
1 Nov 2018 15:46:16|29|kavitha@forstarfoods.com|DailyCatchEntry_New.php
1 Nov 2018 15:46:16|20|shiji@forstarfoods.com|DailyCatchEntry_New.php
1 Nov 2018 15:46:17|29|kavitha@forstarfoods.com|DailyCatchEntry_New.php
1 Nov 2018 15:46:17|20|shiji@forstarfoods.com|DailyCatchEntry_New.php
1 Nov 2018 15:46:18|29|kavitha@forstarfoods.com|DailyCatchEntry_New.php
1 Nov 2018 15:46:18|20|shiji@forstarfoods.com|DailyCatchEntry_New.php
1 Nov 2018 15:46:19|29|kavitha@forstarfoods.com|DailyCatchEntry_New.php
1 Nov 2018 15:46:19|20|shiji@forstarfoods.com|DailyCatchEntry_New.php
1 Nov 2018 15:46:20|28|pratiksha@forstarfoods.com|ManageGatePass.php
1 Nov 2018 15:46:21|29|kavitha@forstarfoods.com|DailyCatchEntry_New.php
1 Nov 2018 15:46:21|20|shiji@forstarfoods.com|DailyCatchEntry_New.php
1 Nov 2018 15:46:22|29|kavitha@forstarfoods.com|DailyCatchEntry_New.php
1 Nov 2018 15:46:22|20|shiji@forstarfoods.com|DailyCatchEntry_New.php
1 Nov 2018 15:46:23|29|kavitha@forstarfoods.com|DailyCatchEntry_New.php
1 Nov 2018 15:46:23|20|shiji@forstarfoods.com|DailyCatchEntry_New.php
1 Nov 2018 15:46:24|29|kavitha@forstarfoods.com|DailyCatchEntry_New.php
1 Nov 2018 15:46:24|20|shiji@forstarfoods.com|DailyCatchEntry_New.php
1 Nov 2018 15:46:26|29|kavitha@forstarfoods.com|DailyCatchEntry_New.php
1 Nov 2018 15:46:26|20|shiji@forstarfoods.com|DailyCatchEntry_New.php
1 Nov 2018 15:46:27|29|kavitha@forstarfoods.com|DailyCatchEntry_New.php
1 Nov 2018 15:46:27|20|shiji@forstarfoods.com|DailyCatchEntry_New.php
1 Nov 2018 15:46:28|20|shiji@forstarfoods.com|DailyCatchEntry_New.php
1 Nov 2018 15:46:28|29|kavitha@forstarfoods.com|DailyCatchEntry_New.php
1 Nov 2018 15:46:29|20|shiji@forstarfoods.com|DailyCatchEntry_New.php
1 Nov 2018 15:46:31|20|shiji@forstarfoods.com|DailyCatchEntry_New.php
1 Nov 2018 15:46:31|29|kavitha@forstarfoods.com|DailyCatchEntry_New.php
1 Nov 2018 15:46:32|20|shiji@forstarfoods.com|DailyCatchEntry_New.php
1 Nov 2018 15:46:32|29|kavitha@forstarfoods.com|CatchEntryDeclaredItem.php
1 Nov 2018 15:46:34|20|shiji@forstarfoods.com|DailyCatchEntry_New.php
1 Nov 2018 15:46:36|20|shiji@forstarfoods.com|CatchEntryDeclaredItem.php
1 Nov 2018 15:46:45|29|kavitha@forstarfoods.com|DailyCatchEntry_New.php
1 Nov 2018 15:46:46|29|kavitha@forstarfoods.com|DailyCatchEntry_New.php
1 Nov 2018 15:46:47|29|kavitha@forstarfoods.com|DailyCatchEntry_New.php
1 Nov 2018 15:46:48|20|shiji@forstarfoods.com|DailyCatchEntry_New.php
1 Nov 2018 15:46:50|29|kavitha@forstarfoods.com|DailyCatchEntry_New.php
1 Nov 2018 15:46:51|20|shiji@forstarfoods.com|DailyCatchEntry_New.php
1 Nov 2018 15:46:55|20|shiji@forstarfoods.com|DailyCatchEntry_New.php
1 Nov 2018 15:46:56|29|kavitha@forstarfoods.com|DailyCatchEntry_New.php
1 Nov 2018 15:46:56|20|shiji@forstarfoods.com|DailyCatchEntry_New.php
1 Nov 2018 15:46:57|29|kavitha@forstarfoods.com|CatchEntryDeclaredItem.php
1 Nov 2018 15:46:58|20|shiji@forstarfoods.com|DailyCatchEntry_New.php
1 Nov 2018 15:46:59|20|shiji@forstarfoods.com|DailyCatchEntry_New.php
1 Nov 2018 15:47:00|20|shiji@forstarfoods.com|DailyCatchEntry_New.php
1 Nov 2018 15:47:02|20|shiji@forstarfoods.com|DailyCatchEntry_New.php
1 Nov 2018 15:47:03|20|shiji@forstarfoods.com|DailyCatchEntry_New.php
1 Nov 2018 15:47:04|20|shiji@forstarfoods.com|DailyCatchEntry_New.php
1 Nov 2018 15:47:05|20|shiji@forstarfoods.com|DailyCatchEntry_New.php
1 Nov 2018 15:47:06|20|shiji@forstarfoods.com|DailyCatchEntry_New.php
1 Nov 2018 15:47:08|20|shiji@forstarfoods.com|DailyCatchEntry_New.php
1 Nov 2018 15:47:09|20|shiji@forstarfoods.com|DailyCatchEntry_New.php
1 Nov 2018 15:47:10|29|kavitha@forstarfoods.com|DailyCatchEntry_New.php
1 Nov 2018 15:47:10|20|shiji@forstarfoods.com|DailyCatchEntry_New.php
1 Nov 2018 15:47:11|20|shiji@forstarfoods.com|DailyCatchEntry_New.php
1 Nov 2018 15:47:13|20|shiji@forstarfoods.com|DailyCatchEntry_New.php
1 Nov 2018 15:47:13|29|kavitha@forstarfoods.com|DailyCatchEntry_New.php
1 Nov 2018 15:47:14|20|shiji@forstarfoods.com|DailyCatchEntry_New.php
1 Nov 2018 15:47:15|20|shiji@forstarfoods.com|DailyCatchEntry_New.php
1 Nov 2018 15:47:16|29|kavitha@forstarfoods.com|DailyCatchEntry_New.php
1 Nov 2018 15:47:23|28|pratiksha@forstarfoods.com|ManageGatePass.php
1 Nov 2018 15:47:24|29|kavitha@forstarfoods.com|DailyCatchEntry_New.php
1 Nov 2018 15:48:27|28|pratiksha@forstarfoods.com|ManageGatePass.php
1 Nov 2018 15:49:02|20|shiji@forstarfoods.com|DailyCatchEntry_New.php
1 Nov 2018 15:49:04|20|shiji@forstarfoods.com|DailyCatchEntry_New.php
1 Nov 2018 15:49:05|20|shiji@forstarfoods.com|CatchEntryDeclaredItem.php
1 Nov 2018 15:49:16|29|kavitha@forstarfoods.com|DailyCatchEntry_New.php
1 Nov 2018 15:49:17|29|kavitha@forstarfoods.com|DailyCatchEntry_New.php
1 Nov 2018 15:49:18|29|kavitha@forstarfoods.com|DailyCatchEntry_New.php
1 Nov 2018 15:49:19|29|kavitha@forstarfoods.com|DailyCatchEntry_New.php
1 Nov 2018 15:49:20|29|kavitha@forstarfoods.com|DailyCatchEntry_New.php
1 Nov 2018 15:49:21|20|shiji@forstarfoods.com|DailyCatchEntry_New.php
1 Nov 2018 15:49:22|29|kavitha@forstarfoods.com|DailyCatchEntry_New.php
1 Nov 2018 15:49:23|29|kavitha@forstarfoods.com|DailyCatchEntry_New.php
1 Nov 2018 15:49:23|20|shiji@forstarfoods.com|DailyCatchEntry_New.php
1 Nov 2018 15:49:24|29|kavitha@forstarfoods.com|DailyCatchEntry_New.php
1 Nov 2018 15:49:25|29|kavitha@forstarfoods.com|DailyCatchEntry_New.php
1 Nov 2018 15:49:27|20|shiji@forstarfoods.com|DailyCatchEntry_New.php
1 Nov 2018 15:49:27|29|kavitha@forstarfoods.com|DailyCatchEntry_New.php
1 Nov 2018 15:49:28|20|shiji@forstarfoods.com|DailyCatchEntry_New.php
1 Nov 2018 15:49:28|29|kavitha@forstarfoods.com|DailyCatchEntry_New.php
1 Nov 2018 15:49:29|20|shiji@forstarfoods.com|DailyCatchEntry_New.php
1 Nov 2018 15:49:29|29|kavitha@forstarfoods.com|DailyCatchEntry_New.php
1 Nov 2018 15:49:30|20|shiji@forstarfoods.com|DailyCatchEntry_New.php
1 Nov 2018 15:49:31|28|pratiksha@forstarfoods.com|ManageGatePass.php
1 Nov 2018 15:49:31|20|shiji@forstarfoods.com|DailyCatchEntry_New.php
1 Nov 2018 15:49:33|20|shiji@forstarfoods.com|DailyCatchEntry_New.php
1 Nov 2018 15:49:34|20|shiji@forstarfoods.com|DailyCatchEntry_New.php
1 Nov 2018 15:49:35|20|shiji@forstarfoods.com|DailyCatchEntry_New.php
1 Nov 2018 15:49:35|29|kavitha@forstarfoods.com|DailyCatchEntry_New.php
1 Nov 2018 15:49:36|20|shiji@forstarfoods.com|DailyCatchEntry_New.php
1 Nov 2018 15:49:38|29|kavitha@forstarfoods.com|DailyCatchEntry_New.php
1 Nov 2018 15:49:38|20|shiji@forstarfoods.com|DailyCatchEntry_New.php
1 Nov 2018 15:49:39|29|kavitha@forstarfoods.com|CatchEntryDeclaredItem.php
1 Nov 2018 15:49:39|20|shiji@forstarfoods.com|DailyCatchEntry_New.php
1 Nov 2018 15:49:40|20|shiji@forstarfoods.com|DailyCatchEntry_New.php
1 Nov 2018 15:49:41|20|shiji@forstarfoods.com|DailyCatchEntry_New.php
1 Nov 2018 15:49:42|29|kavitha@forstarfoods.com|DailyCatchEntry_New.php
1 Nov 2018 15:49:42|20|shiji@forstarfoods.com|DailyCatchEntry_New.php
1 Nov 2018 15:49:44|20|shiji@forstarfoods.com|DailyCatchEntry_New.php
1 Nov 2018 15:49:45|20|shiji@forstarfoods.com|DailyCatchEntry_New.php
1 Nov 2018 15:49:45|29|kavitha@forstarfoods.com|DailyCatchEntry_New.php
1 Nov 2018 15:49:46|20|shiji@forstarfoods.com|DailyCatchEntry_New.php
1 Nov 2018 15:49:50|20|shiji@forstarfoods.com|DailyCatchEntry_New.php
1 Nov 2018 15:49:51|20|shiji@forstarfoods.com|CatchEntryDeclaredItem.php
1 Nov 2018 15:49:52|29|kavitha@forstarfoods.com|DailyCatchEntry_New.php
1 Nov 2018 15:49:53|29|kavitha@forstarfoods.com|DailyCatchEntry_New.php
1 Nov 2018 15:49:54|29|kavitha@forstarfoods.com|DailyCatchEntry_New.php
1 Nov 2018 15:49:55|29|kavitha@forstarfoods.com|DailyCatchEntry_New.php
1 Nov 2018 15:49:57|29|kavitha@forstarfoods.com|DailyCatchEntry_New.php
1 Nov 2018 15:49:58|29|kavitha@forstarfoods.com|DailyCatchEntry_New.php
1 Nov 2018 15:49:59|29|kavitha@forstarfoods.com|DailyCatchEntry_New.php
1 Nov 2018 15:50:00|29|kavitha@forstarfoods.com|DailyCatchEntry_New.php
1 Nov 2018 15:50:02|29|kavitha@forstarfoods.com|DailyCatchEntry_New.php
1 Nov 2018 15:50:03|29|kavitha@forstarfoods.com|DailyCatchEntry_New.php
1 Nov 2018 15:50:04|29|kavitha@forstarfoods.com|DailyCatchEntry_New.php
1 Nov 2018 15:50:05|29|kavitha@forstarfoods.com|DailyCatchEntry_New.php
1 Nov 2018 15:50:11|20|shiji@forstarfoods.com|DailyCatchEntry_New.php
1 Nov 2018 15:50:13|29|kavitha@forstarfoods.com|DailyCatchEntry_New.php
1 Nov 2018 15:50:13|20|shiji@forstarfoods.com|DailyCatchEntry_New.php
1 Nov 2018 15:50:15|29|kavitha@forstarfoods.com|DailyCatchEntry_New.php
1 Nov 2018 15:50:17|29|kavitha@forstarfoods.com|CatchEntryDeclaredItem.php
1 Nov 2018 15:50:17|20|shiji@forstarfoods.com|DailyCatchEntry_New.php
1 Nov 2018 15:50:18|20|shiji@forstarfoods.com|DailyCatchEntry_New.php
1 Nov 2018 15:50:20|20|shiji@forstarfoods.com|DailyCatchEntry_New.php
1 Nov 2018 15:50:21|29|kavitha@forstarfoods.com|DailyCatchEntry_New.php
1 Nov 2018 15:50:21|20|shiji@forstarfoods.com|DailyCatchEntry_New.php
1 Nov 2018 15:50:22|20|shiji@forstarfoods.com|DailyCatchEntry_New.php
1 Nov 2018 15:50:23|20|shiji@forstarfoods.com|DailyCatchEntry_New.php
1 Nov 2018 15:50:25|20|shiji@forstarfoods.com|DailyCatchEntry_New.php
1 Nov 2018 15:50:25|29|kavitha@forstarfoods.com|DailyCatchEntry_New.php
1 Nov 2018 15:50:26|20|shiji@forstarfoods.com|DailyCatchEntry_New.php
1 Nov 2018 15:50:27|20|shiji@forstarfoods.com|DailyCatchEntry_New.php
1 Nov 2018 15:50:28|20|shiji@forstarfoods.com|DailyCatchEntry_New.php
1 Nov 2018 15:50:29|29|kavitha@forstarfoods.com|DailyCatchEntry_New.php
1 Nov 2018 15:50:30|20|shiji@forstarfoods.com|DailyCatchEntry_New.php
1 Nov 2018 15:50:30|29|kavitha@forstarfoods.com|DailyCatchEntry_New.php
1 Nov 2018 15:50:31|20|shiji@forstarfoods.com|DailyCatchEntry_New.php
1 Nov 2018 15:50:32|29|kavitha@forstarfoods.com|DailyCatchEntry_New.php
1 Nov 2018 15:50:32|20|shiji@forstarfoods.com|DailyCatchEntry_New.php
1 Nov 2018 15:50:33|29|kavitha@forstarfoods.com|DailyCatchEntry_New.php
1 Nov 2018 15:50:33|20|shiji@forstarfoods.com|DailyCatchEntry_New.php
1 Nov 2018 15:50:34|29|kavitha@forstarfoods.com|DailyCatchEntry_New.php
1 Nov 2018 15:50:35|20|shiji@forstarfoods.com|DailyCatchEntry_New.php
1 Nov 2018 15:50:35|28|pratiksha@forstarfoods.com|ManageGatePass.php
1 Nov 2018 15:50:35|29|kavitha@forstarfoods.com|DailyCatchEntry_New.php
1 Nov 2018 15:50:37|29|kavitha@forstarfoods.com|DailyCatchEntry_New.php
1 Nov 2018 15:50:38|29|kavitha@forstarfoods.com|DailyCatchEntry_New.php
1 Nov 2018 15:50:39|29|kavitha@forstarfoods.com|DailyCatchEntry_New.php
1 Nov 2018 15:50:40|29|kavitha@forstarfoods.com|DailyCatchEntry_New.php
1 Nov 2018 15:50:42|29|kavitha@forstarfoods.com|DailyCatchEntry_New.php
1 Nov 2018 15:50:43|29|kavitha@forstarfoods.com|DailyCatchEntry_New.php
1 Nov 2018 15:50:44|29|kavitha@forstarfoods.com|DailyCatchEntry_New.php
1 Nov 2018 15:50:45|29|kavitha@forstarfoods.com|DailyCatchEntry_New.php
1 Nov 2018 15:50:47|29|kavitha@forstarfoods.com|DailyCatchEntry_New.php
1 Nov 2018 15:50:50|29|kavitha@forstarfoods.com|DailyCatchEntry_New.php
1 Nov 2018 15:50:51|29|kavitha@forstarfoods.com|CatchEntryDeclaredItem.php
1 Nov 2018 15:50:51|20|shiji@forstarfoods.com|DailyCatchEntry_New.php
1 Nov 2018 15:50:53|20|shiji@forstarfoods.com|CatchEntryDeclaredItem.php
1 Nov 2018 15:50:55|29|kavitha@forstarfoods.com|DailyCatchEntry_New.php
1 Nov 2018 15:50:58|29|kavitha@forstarfoods.com|DailyCatchEntry_New.php
1 Nov 2018 15:51:05|20|shiji@forstarfoods.com|DailyCatchEntry_New.php
1 Nov 2018 15:51:07|20|shiji@forstarfoods.com|DailyCatchEntry_New.php
1 Nov 2018 15:51:07|29|kavitha@forstarfoods.com|DailyCatchEntry_New.php
1 Nov 2018 15:51:08|20|shiji@forstarfoods.com|DailyCatchEntry_New.php
1 Nov 2018 15:51:08|29|kavitha@forstarfoods.com|DailyCatchEntry_New.php
1 Nov 2018 15:51:09|29|kavitha@forstarfoods.com|DailyCatchEntry_New.php
1 Nov 2018 15:51:11|29|kavitha@forstarfoods.com|DailyCatchEntry_New.php
1 Nov 2018 15:51:12|29|kavitha@forstarfoods.com|DailyCatchEntry_New.php
1 Nov 2018 15:51:13|20|shiji@forstarfoods.com|DailyCatchEntry_New.php
1 Nov 2018 15:51:13|29|kavitha@forstarfoods.com|DailyCatchEntry_New.php
1 Nov 2018 15:51:14|29|kavitha@forstarfoods.com|DailyCatchEntry_New.php
1 Nov 2018 15:51:16|29|kavitha@forstarfoods.com|DailyCatchEntry_New.php
1 Nov 2018 15:51:17|29|kavitha@forstarfoods.com|DailyCatchEntry_New.php
1 Nov 2018 15:51:18|20|shiji@forstarfoods.com|DailyCatchEntry_New.php
1 Nov 2018 15:51:18|29|kavitha@forstarfoods.com|DailyCatchEntry_New.php
1 Nov 2018 15:51:19|20|shiji@forstarfoods.com|CatchEntryDeclaredItem.php
1 Nov 2018 15:51:19|29|kavitha@forstarfoods.com|DailyCatchEntry_New.php
1 Nov 2018 15:51:20|29|kavitha@forstarfoods.com|DailyCatchEntry_New.php
1 Nov 2018 15:51:22|29|kavitha@forstarfoods.com|DailyCatchEntry_New.php
1 Nov 2018 15:51:23|29|kavitha@forstarfoods.com|DailyCatchEntry_New.php
1 Nov 2018 15:51:24|29|kavitha@forstarfoods.com|DailyCatchEntry_New.php
1 Nov 2018 15:51:25|29|kavitha@forstarfoods.com|DailyCatchEntry_New.php
1 Nov 2018 15:51:37|28|pratiksha@forstarfoods.com|ManageGatePass.php
1 Nov 2018 15:51:47|29|kavitha@forstarfoods.com|DailyCatchEntry_New.php
1 Nov 2018 15:51:49|20|shiji@forstarfoods.com|DailyCatchEntry_New.php
1 Nov 2018 15:51:50|29|kavitha@forstarfoods.com|DailyCatchEntry_New.php
1 Nov 2018 15:51:51|29|kavitha@forstarfoods.com|CatchEntryDeclaredItem.php
1 Nov 2018 15:51:59|20|shiji@forstarfoods.com|DailyCatchEntry_New.php
1 Nov 2018 15:51:59|29|kavitha@forstarfoods.com|DailyCatchEntry_New.php
1 Nov 2018 15:52:03|29|kavitha@forstarfoods.com|DailyCatchEntry_New.php
1 Nov 2018 15:52:04|20|shiji@forstarfoods.com|DailyCatchEntry_New.php
1 Nov 2018 15:52:05|29|kavitha@forstarfoods.com|DailyCatchEntry_New.php
1 Nov 2018 15:52:06|29|kavitha@forstarfoods.com|DailyCatchEntry_New.php
1 Nov 2018 15:52:08|29|kavitha@forstarfoods.com|DailyCatchEntry_New.php
1 Nov 2018 15:52:09|29|kavitha@forstarfoods.com|DailyCatchEntry_New.php
1 Nov 2018 15:52:10|29|kavitha@forstarfoods.com|DailyCatchEntry_New.php
1 Nov 2018 15:52:10|20|shiji@forstarfoods.com|DailyCatchEntry_New.php
1 Nov 2018 15:52:11|29|kavitha@forstarfoods.com|DailyCatchEntry_New.php
1 Nov 2018 15:52:12|20|shiji@forstarfoods.com|DailyCatchEntry_New.php
1 Nov 2018 15:52:13|29|kavitha@forstarfoods.com|DailyCatchEntry_New.php
1 Nov 2018 15:52:13|20|shiji@forstarfoods.com|DailyCatchEntry_New.php
1 Nov 2018 15:52:14|29|kavitha@forstarfoods.com|DailyCatchEntry_New.php
1 Nov 2018 15:52:14|20|shiji@forstarfoods.com|DailyCatchEntry_New.php
1 Nov 2018 15:52:15|29|kavitha@forstarfoods.com|DailyCatchEntry_New.php
1 Nov 2018 15:52:15|20|shiji@forstarfoods.com|DailyCatchEntry_New.php
1 Nov 2018 15:52:16|29|kavitha@forstarfoods.com|DailyCatchEntry_New.php
1 Nov 2018 15:52:16|20|shiji@forstarfoods.com|DailyCatchEntry_New.php
1 Nov 2018 15:52:17|29|kavitha@forstarfoods.com|DailyCatchEntry_New.php
1 Nov 2018 15:52:18|20|shiji@forstarfoods.com|DailyCatchEntry_New.php
1 Nov 2018 15:52:19|29|kavitha@forstarfoods.com|DailyCatchEntry_New.php
1 Nov 2018 15:52:19|20|shiji@forstarfoods.com|DailyCatchEntry_New.php
1 Nov 2018 15:52:20|29|kavitha@forstarfoods.com|DailyCatchEntry_New.php
1 Nov 2018 15:52:20|20|shiji@forstarfoods.com|DailyCatchEntry_New.php
1 Nov 2018 15:52:21|29|kavitha@forstarfoods.com|DailyCatchEntry_New.php
1 Nov 2018 15:52:21|20|shiji@forstarfoods.com|DailyCatchEntry_New.php
1 Nov 2018 15:52:22|29|kavitha@forstarfoods.com|DailyCatchEntry_New.php
1 Nov 2018 15:52:22|20|shiji@forstarfoods.com|DailyCatchEntry_New.php
1 Nov 2018 15:52:24|29|kavitha@forstarfoods.com|DailyCatchEntry_New.php
1 Nov 2018 15:52:24|20|shiji@forstarfoods.com|DailyCatchEntry_New.php
1 Nov 2018 15:52:25|29|kavitha@forstarfoods.com|DailyCatchEntry_New.php
1 Nov 2018 15:52:28|29|kavitha@forstarfoods.com|DailyCatchEntry_New.php
1 Nov 2018 15:52:29|29|kavitha@forstarfoods.com|DailyCatchEntry_New.php
1 Nov 2018 15:52:30|29|kavitha@forstarfoods.com|CatchEntryDeclaredItem.php
1 Nov 2018 15:52:31|20|shiji@forstarfoods.com|DailyCatchEntry_New.php
1 Nov 2018 15:52:38|29|kavitha@forstarfoods.com|DailyCatchEntry_New.php
1 Nov 2018 15:52:40|20|shiji@forstarfoods.com|DailyCatchEntry_New.php
1 Nov 2018 15:52:40|28|pratiksha@forstarfoods.com|ManageGatePass.php
1 Nov 2018 15:52:41|20|shiji@forstarfoods.com|CatchEntryDeclaredItem.php
1 Nov 2018 15:52:41|29|kavitha@forstarfoods.com|DailyCatchEntry_New.php
1 Nov 2018 15:52:45|29|kavitha@forstarfoods.com|DailyCatchEntry_New.php
1 Nov 2018 15:52:46|29|kavitha@forstarfoods.com|DailyCatchEntry_New.php
1 Nov 2018 15:52:47|29|kavitha@forstarfoods.com|DailyCatchEntry_New.php
1 Nov 2018 15:52:48|29|kavitha@forstarfoods.com|DailyCatchEntry_New.php
1 Nov 2018 15:52:50|29|kavitha@forstarfoods.com|DailyCatchEntry_New.php
1 Nov 2018 15:52:51|29|kavitha@forstarfoods.com|DailyCatchEntry_New.php
1 Nov 2018 15:52:52|29|kavitha@forstarfoods.com|DailyCatchEntry_New.php
1 Nov 2018 15:52:53|29|kavitha@forstarfoods.com|DailyCatchEntry_New.php
1 Nov 2018 15:52:55|29|kavitha@forstarfoods.com|DailyCatchEntry_New.php
1 Nov 2018 15:52:56|29|kavitha@forstarfoods.com|DailyCatchEntry_New.php
1 Nov 2018 15:52:57|29|kavitha@forstarfoods.com|DailyCatchEntry_New.php
1 Nov 2018 15:52:58|29|kavitha@forstarfoods.com|DailyCatchEntry_New.php
1 Nov 2018 15:53:00|29|kavitha@forstarfoods.com|DailyCatchEntry_New.php
1 Nov 2018 15:53:01|29|kavitha@forstarfoods.com|DailyCatchEntry_New.php
1 Nov 2018 15:53:01|20|shiji@forstarfoods.com|DailyCatchEntry_New.php
1 Nov 2018 15:53:04|20|shiji@forstarfoods.com|DailyCatchEntry_New.php
1 Nov 2018 15:53:05|29|kavitha@forstarfoods.com|DailyCatchEntry_New.php
1 Nov 2018 15:53:07|29|kavitha@forstarfoods.com|DailyCatchEntry_New.php
1 Nov 2018 15:53:08|29|kavitha@forstarfoods.com|CatchEntryDeclaredItem.php
1 Nov 2018 15:53:11|29|kavitha@forstarfoods.com|DailyCatchEntry_New.php
1 Nov 2018 15:53:12|20|shiji@forstarfoods.com|DailyCatchEntry_New.php
1 Nov 2018 15:53:14|20|shiji@forstarfoods.com|DailyCatchEntry_New.php
1 Nov 2018 15:53:15|20|shiji@forstarfoods.com|DailyCatchEntry_New.php
1 Nov 2018 15:53:16|20|shiji@forstarfoods.com|DailyCatchEntry_New.php
1 Nov 2018 15:53:17|29|kavitha@forstarfoods.com|DailyCatchEntry_New.php
1 Nov 2018 15:53:17|20|shiji@forstarfoods.com|DailyCatchEntry_New.php
1 Nov 2018 15:53:18|20|shiji@forstarfoods.com|DailyCatchEntry_New.php
1 Nov 2018 15:53:20|20|shiji@forstarfoods.com|DailyCatchEntry_New.php
1 Nov 2018 15:53:21|20|shiji@forstarfoods.com|DailyCatchEntry_New.php
1 Nov 2018 15:53:22|20|shiji@forstarfoods.com|DailyCatchEntry_New.php
1 Nov 2018 15:53:23|20|shiji@forstarfoods.com|DailyCatchEntry_New.php
1 Nov 2018 15:53:25|20|shiji@forstarfoods.com|DailyCatchEntry_New.php
1 Nov 2018 15:53:26|20|shiji@forstarfoods.com|DailyCatchEntry_New.php
1 Nov 2018 15:53:26|29|kavitha@forstarfoods.com|DailyCatchEntry_New.php
1 Nov 2018 15:53:27|20|shiji@forstarfoods.com|DailyCatchEntry_New.php
1 Nov 2018 15:53:27|29|kavitha@forstarfoods.com|DailyCatchEntry_New.php
1 Nov 2018 15:53:29|29|kavitha@forstarfoods.com|DailyCatchEntry_New.php
1 Nov 2018 15:53:30|29|kavitha@forstarfoods.com|DailyCatchEntry_New.php
1 Nov 2018 15:53:30|20|shiji@forstarfoods.com|DailyCatchEntry_New.php
1 Nov 2018 15:53:31|29|kavitha@forstarfoods.com|DailyCatchEntry_New.php
1 Nov 2018 15:53:32|20|shiji@forstarfoods.com|CatchEntryDeclaredItem.php
1 Nov 2018 15:53:32|29|kavitha@forstarfoods.com|DailyCatchEntry_New.php
1 Nov 2018 15:53:34|29|kavitha@forstarfoods.com|DailyCatchEntry_New.php
1 Nov 2018 15:53:35|29|kavitha@forstarfoods.com|DailyCatchEntry_New.php
1 Nov 2018 15:53:36|29|kavitha@forstarfoods.com|DailyCatchEntry_New.php
1 Nov 2018 15:53:37|29|kavitha@forstarfoods.com|DailyCatchEntry_New.php
1 Nov 2018 15:53:39|29|kavitha@forstarfoods.com|DailyCatchEntry_New.php
1 Nov 2018 15:53:40|29|kavitha@forstarfoods.com|DailyCatchEntry_New.php
1 Nov 2018 15:53:41|29|kavitha@forstarfoods.com|DailyCatchEntry_New.php
1 Nov 2018 15:53:42|20|shiji@forstarfoods.com|DailyCatchEntry_New.php
1 Nov 2018 15:53:42|29|kavitha@forstarfoods.com|DailyCatchEntry_New.php
1 Nov 2018 15:53:43|29|kavitha@forstarfoods.com|DailyCatchEntry_New.php
1 Nov 2018 15:53:44|20|shiji@forstarfoods.com|DailyCatchEntry_New.php
1 Nov 2018 15:53:45|29|kavitha@forstarfoods.com|DailyCatchEntry_New.php
1 Nov 2018 15:53:46|29|kavitha@forstarfoods.com|DailyCatchEntry_New.php
1 Nov 2018 15:53:46|28|pratiksha@forstarfoods.com|ManageGatePass.php
1 Nov 2018 15:53:47|20|shiji@forstarfoods.com|DailyCatchEntry_New.php
1 Nov 2018 15:53:48|20|shiji@forstarfoods.com|DailyCatchEntry_New.php
1 Nov 2018 15:53:49|29|kavitha@forstarfoods.com|DailyCatchEntry_New.php
1 Nov 2018 15:53:49|20|shiji@forstarfoods.com|DailyCatchEntry_New.php
1 Nov 2018 15:53:50|29|kavitha@forstarfoods.com|CatchEntryDeclaredItem.php
1 Nov 2018 15:53:51|20|shiji@forstarfoods.com|DailyCatchEntry_New.php
1 Nov 2018 15:53:52|20|shiji@forstarfoods.com|DailyCatchEntry_New.php
1 Nov 2018 15:53:53|20|shiji@forstarfoods.com|DailyCatchEntry_New.php
1 Nov 2018 15:53:54|20|shiji@forstarfoods.com|DailyCatchEntry_New.php
1 Nov 2018 15:53:55|29|kavitha@forstarfoods.com|DailyCatchEntry_New.php
1 Nov 2018 15:53:56|20|shiji@forstarfoods.com|DailyCatchEntry_New.php
1 Nov 2018 15:53:57|20|shiji@forstarfoods.com|DailyCatchEntry_New.php
1 Nov 2018 15:53:57|29|kavitha@forstarfoods.com|DailyCatchEntry_New.php
1 Nov 2018 15:53:58|20|shiji@forstarfoods.com|DailyCatchEntry_New.php
1 Nov 2018 15:53:59|20|shiji@forstarfoods.com|DailyCatchEntry_New.php
1 Nov 2018 15:53:59|29|kavitha@forstarfoods.com|DailyCatchEntry_New.php
1 Nov 2018 15:54:00|20|shiji@forstarfoods.com|DailyCatchEntry_New.php
1 Nov 2018 15:54:01|29|kavitha@forstarfoods.com|DailyCatchEntry_New.php
1 Nov 2018 15:54:02|20|shiji@forstarfoods.com|DailyCatchEntry_New.php
1 Nov 2018 15:54:02|29|kavitha@forstarfoods.com|DailyCatchEntry_New.php
1 Nov 2018 15:54:03|20|shiji@forstarfoods.com|DailyCatchEntry_New.php
1 Nov 2018 15:54:03|29|kavitha@forstarfoods.com|DailyCatchEntry_New.php
1 Nov 2018 15:54:04|20|shiji@forstarfoods.com|DailyCatchEntry_New.php
1 Nov 2018 15:54:04|29|kavitha@forstarfoods.com|DailyCatchEntry_New.php
1 Nov 2018 15:54:05|29|kavitha@forstarfoods.com|DailyCatchEntry_New.php
1 Nov 2018 15:54:06|20|shiji@forstarfoods.com|DailyCatchEntry_New.php
1 Nov 2018 15:54:07|29|kavitha@forstarfoods.com|DailyCatchEntry_New.php
1 Nov 2018 15:54:08|20|shiji@forstarfoods.com|DailyCatchEntry_New.php
1 Nov 2018 15:54:08|29|kavitha@forstarfoods.com|DailyCatchEntry_New.php
1 Nov 2018 15:54:09|20|shiji@forstarfoods.com|CatchEntryDeclaredItem.php
1 Nov 2018 15:54:09|29|kavitha@forstarfoods.com|DailyCatchEntry_New.php
1 Nov 2018 15:54:10|29|kavitha@forstarfoods.com|DailyCatchEntry_New.php
1 Nov 2018 15:54:12|29|kavitha@forstarfoods.com|DailyCatchEntry_New.php
1 Nov 2018 15:54:13|29|kavitha@forstarfoods.com|DailyCatchEntry_New.php
1 Nov 2018 15:54:14|29|kavitha@forstarfoods.com|DailyCatchEntry_New.php
1 Nov 2018 15:54:15|29|kavitha@forstarfoods.com|DailyCatchEntry_New.php
1 Nov 2018 15:54:17|29|kavitha@forstarfoods.com|DailyCatchEntry_New.php
1 Nov 2018 15:54:18|29|kavitha@forstarfoods.com|DailyCatchEntry_New.php
1 Nov 2018 15:54:28|20|shiji@forstarfoods.com|DailyCatchEntry_New.php
1 Nov 2018 15:54:30|20|shiji@forstarfoods.com|DailyCatchEntry_New.php
1 Nov 2018 15:54:35|20|shiji@forstarfoods.com|DailyCatchEntry_New.php
1 Nov 2018 15:54:36|20|shiji@forstarfoods.com|DailyCatchEntry_New.php
1 Nov 2018 15:54:38|20|shiji@forstarfoods.com|DailyCatchEntry_New.php
1 Nov 2018 15:54:39|20|shiji@forstarfoods.com|DailyCatchEntry_New.php
1 Nov 2018 15:54:40|20|shiji@forstarfoods.com|DailyCatchEntry_New.php
1 Nov 2018 15:54:41|20|shiji@forstarfoods.com|DailyCatchEntry_New.php
1 Nov 2018 15:54:43|20|shiji@forstarfoods.com|DailyCatchEntry_New.php
1 Nov 2018 15:54:44|20|shiji@forstarfoods.com|DailyCatchEntry_New.php
1 Nov 2018 15:54:45|20|shiji@forstarfoods.com|DailyCatchEntry_New.php
1 Nov 2018 15:54:46|20|shiji@forstarfoods.com|DailyCatchEntry_New.php
1 Nov 2018 15:54:47|20|shiji@forstarfoods.com|DailyCatchEntry_New.php
1 Nov 2018 15:54:48|28|pratiksha@forstarfoods.com|ManageGatePass.php
1 Nov 2018 15:54:49|20|shiji@forstarfoods.com|DailyCatchEntry_New.php
1 Nov 2018 15:54:50|20|shiji@forstarfoods.com|DailyCatchEntry_New.php
1 Nov 2018 15:54:51|20|shiji@forstarfoods.com|DailyCatchEntry_New.php
1 Nov 2018 15:54:52|20|shiji@forstarfoods.com|DailyCatchEntry_New.php
1 Nov 2018 15:54:54|20|shiji@forstarfoods.com|DailyCatchEntry_New.php
1 Nov 2018 15:54:55|20|shiji@forstarfoods.com|DailyCatchEntry_New.php
1 Nov 2018 15:54:57|20|shiji@forstarfoods.com|DailyCatchEntry_New.php
1 Nov 2018 15:54:59|20|shiji@forstarfoods.com|CatchEntryDeclaredItem.php
1 Nov 2018 15:55:12|20|shiji@forstarfoods.com|DailyCatchEntry_New.php
1 Nov 2018 15:55:14|29|kavitha@forstarfoods.com|DailyCatchEntry_New.php
1 Nov 2018 15:55:15|20|shiji@forstarfoods.com|DailyCatchEntry_New.php
1 Nov 2018 15:55:16|29|kavitha@forstarfoods.com|DailyCatchEntry_New.php
1 Nov 2018 15:55:17|29|kavitha@forstarfoods.com|CatchEntryDeclaredItem.php
1 Nov 2018 15:55:19|20|shiji@forstarfoods.com|DailyCatchEntry_New.php
1 Nov 2018 15:55:20|20|shiji@forstarfoods.com|DailyCatchEntry_New.php
1 Nov 2018 15:55:21|29|kavitha@forstarfoods.com|DailyCatchEntry_New.php
1 Nov 2018 15:55:22|20|shiji@forstarfoods.com|DailyCatchEntry_New.php
1 Nov 2018 15:55:23|20|shiji@forstarfoods.com|DailyCatchEntry_New.php
1 Nov 2018 15:55:24|20|shiji@forstarfoods.com|DailyCatchEntry_New.php
1 Nov 2018 15:55:25|20|shiji@forstarfoods.com|DailyCatchEntry_New.php
1 Nov 2018 15:55:25|29|kavitha@forstarfoods.com|DailyCatchEntry_New.php
1 Nov 2018 15:55:26|20|shiji@forstarfoods.com|DailyCatchEntry_New.php
1 Nov 2018 15:55:28|20|shiji@forstarfoods.com|DailyCatchEntry_New.php
1 Nov 2018 15:55:28|29|kavitha@forstarfoods.com|DailyCatchEntry_New.php
1 Nov 2018 15:55:29|20|shiji@forstarfoods.com|DailyCatchEntry_New.php
1 Nov 2018 15:55:29|29|kavitha@forstarfoods.com|DailyCatchEntry_New.php
1 Nov 2018 15:55:30|20|shiji@forstarfoods.com|DailyCatchEntry_New.php
1 Nov 2018 15:55:30|29|kavitha@forstarfoods.com|DailyCatchEntry_New.php
1 Nov 2018 15:55:31|20|shiji@forstarfoods.com|DailyCatchEntry_New.php
1 Nov 2018 15:55:32|29|kavitha@forstarfoods.com|DailyCatchEntry_New.php
1 Nov 2018 15:55:33|20|shiji@forstarfoods.com|DailyCatchEntry_New.php
1 Nov 2018 15:55:33|29|kavitha@forstarfoods.com|DailyCatchEntry_New.php
1 Nov 2018 15:55:34|20|shiji@forstarfoods.com|DailyCatchEntry_New.php
1 Nov 2018 15:55:34|29|kavitha@forstarfoods.com|DailyCatchEntry_New.php
1 Nov 2018 15:55:35|20|shiji@forstarfoods.com|DailyCatchEntry_New.php
1 Nov 2018 15:55:35|29|kavitha@forstarfoods.com|DailyCatchEntry_New.php
1 Nov 2018 15:55:36|20|shiji@forstarfoods.com|DailyCatchEntry_New.php
1 Nov 2018 15:55:36|29|kavitha@forstarfoods.com|DailyCatchEntry_New.php
1 Nov 2018 15:55:38|20|shiji@forstarfoods.com|DailyCatchEntry_New.php
1 Nov 2018 15:55:38|29|kavitha@forstarfoods.com|DailyCatchEntry_New.php
1 Nov 2018 15:55:39|20|shiji@forstarfoods.com|DailyCatchEntry_New.php
1 Nov 2018 15:55:39|29|kavitha@forstarfoods.com|DailyCatchEntry_New.php
1 Nov 2018 15:55:40|29|kavitha@forstarfoods.com|DailyCatchEntry_New.php
1 Nov 2018 15:55:41|20|shiji@forstarfoods.com|DailyCatchEntry_New.php
1 Nov 2018 15:55:41|29|kavitha@forstarfoods.com|DailyCatchEntry_New.php
1 Nov 2018 15:55:42|20|shiji@forstarfoods.com|CatchEntryDeclaredItem.php
1 Nov 2018 15:55:43|29|kavitha@forstarfoods.com|DailyCatchEntry_New.php
1 Nov 2018 15:55:44|29|kavitha@forstarfoods.com|DailyCatchEntry_New.php
1 Nov 2018 15:55:49|29|kavitha@forstarfoods.com|DailyCatchEntry_New.php
1 Nov 2018 15:55:51|29|kavitha@forstarfoods.com|DailyCatchEntry_New.php
1 Nov 2018 15:55:53|29|kavitha@forstarfoods.com|CatchEntryDeclaredItem.php
1 Nov 2018 15:55:53|28|pratiksha@forstarfoods.com|ManageGatePass.php
1 Nov 2018 15:55:59|29|kavitha@forstarfoods.com|DailyCatchEntry_New.php
1 Nov 2018 15:56:02|29|kavitha@forstarfoods.com|DailyCatchEntry_New.php
1 Nov 2018 15:56:06|29|kavitha@forstarfoods.com|DailyCatchEntry_New.php
1 Nov 2018 15:56:07|29|kavitha@forstarfoods.com|DailyCatchEntry_New.php
1 Nov 2018 15:56:08|29|kavitha@forstarfoods.com|DailyCatchEntry_New.php
1 Nov 2018 15:56:09|29|kavitha@forstarfoods.com|DailyCatchEntry_New.php
1 Nov 2018 15:56:11|29|kavitha@forstarfoods.com|DailyCatchEntry_New.php
1 Nov 2018 15:56:12|29|kavitha@forstarfoods.com|DailyCatchEntry_New.php
1 Nov 2018 15:56:13|29|kavitha@forstarfoods.com|DailyCatchEntry_New.php
1 Nov 2018 15:56:14|29|kavitha@forstarfoods.com|DailyCatchEntry_New.php
1 Nov 2018 15:56:16|29|kavitha@forstarfoods.com|DailyCatchEntry_New.php
1 Nov 2018 15:56:17|29|kavitha@forstarfoods.com|DailyCatchEntry_New.php
1 Nov 2018 15:56:18|29|kavitha@forstarfoods.com|DailyCatchEntry_New.php
1 Nov 2018 15:56:19|29|kavitha@forstarfoods.com|DailyCatchEntry_New.php
1 Nov 2018 15:56:20|29|kavitha@forstarfoods.com|DailyCatchEntry_New.php
1 Nov 2018 15:56:22|29|kavitha@forstarfoods.com|DailyCatchEntry_New.php
1 Nov 2018 15:56:23|29|kavitha@forstarfoods.com|DailyCatchEntry_New.php
1 Nov 2018 15:56:24|29|kavitha@forstarfoods.com|DailyCatchEntry_New.php
1 Nov 2018 15:56:51|29|kavitha@forstarfoods.com|DailyCatchEntry_New.php
1 Nov 2018 15:56:54|29|kavitha@forstarfoods.com|DailyCatchEntry_New.php
1 Nov 2018 15:56:55|29|kavitha@forstarfoods.com|CatchEntryDeclaredItem.php
1 Nov 2018 15:56:55|28|pratiksha@forstarfoods.com|ManageGatePass.php
1 Nov 2018 15:57:30|29|kavitha@forstarfoods.com|DailyCatchEntry_New.php
1 Nov 2018 15:57:41|29|kavitha@forstarfoods.com|DailyCatchEntry_New.php
1 Nov 2018 15:57:42|29|kavitha@forstarfoods.com|DailyCatchEntry_New.php
1 Nov 2018 15:57:43|29|kavitha@forstarfoods.com|DailyCatchEntry_New.php
1 Nov 2018 15:57:50|29|kavitha@forstarfoods.com|DailyCatchEntry_New.php
1 Nov 2018 15:58:00|28|pratiksha@forstarfoods.com|ManageGatePass.php
1 Nov 2018 15:58:00|29|kavitha@forstarfoods.com|DailyCatchEntry_New.php
1 Nov 2018 15:58:01|29|kavitha@forstarfoods.com|CatchEntryDeclaredItem.php
1 Nov 2018 15:58:10|20|shiji@forstarfoods.com|DailyCatchEntry_New.php
1 Nov 2018 15:58:33|29|kavitha@forstarfoods.com|DailyCatchEntry_New.php
1 Nov 2018 15:58:45|20|shiji@forstarfoods.com|DailyCatchEntry_New.php
1 Nov 2018 15:58:47|20|shiji@forstarfoods.com|DailyCatchEntry_New.php
1 Nov 2018 15:58:58|20|shiji@forstarfoods.com|DailyCatchEntry_New.php
1 Nov 2018 15:59:00|20|shiji@forstarfoods.com|DailyCatchEntry_New.php
1 Nov 2018 15:59:01|20|shiji@forstarfoods.com|DailyCatchEntry_New.php
1 Nov 2018 15:59:02|20|shiji@forstarfoods.com|DailyCatchEntry_New.php
1 Nov 2018 15:59:03|28|pratiksha@forstarfoods.com|ManageGatePass.php
1 Nov 2018 15:59:03|20|shiji@forstarfoods.com|DailyCatchEntry_New.php
1 Nov 2018 15:59:05|20|shiji@forstarfoods.com|DailyCatchEntry_New.php
1 Nov 2018 15:59:05|29|kavitha@forstarfoods.com|DailyCatchEntry_New.php
1 Nov 2018 15:59:06|20|shiji@forstarfoods.com|DailyCatchEntry_New.php
1 Nov 2018 15:59:07|20|shiji@forstarfoods.com|DailyCatchEntry_New.php
1 Nov 2018 15:59:08|29|kavitha@forstarfoods.com|DailyCatchEntry_New.php
1 Nov 2018 15:59:08|20|shiji@forstarfoods.com|DailyCatchEntry_New.php
1 Nov 2018 15:59:09|20|shiji@forstarfoods.com|DailyCatchEntry_New.php
1 Nov 2018 15:59:11|20|shiji@forstarfoods.com|DailyCatchEntry_New.php
1 Nov 2018 15:59:12|20|shiji@forstarfoods.com|DailyCatchEntry_New.php
1 Nov 2018 15:59:12|29|kavitha@forstarfoods.com|DailyCatchEntry_New.php
1 Nov 2018 15:59:13|20|shiji@forstarfoods.com|DailyCatchEntry_New.php
1 Nov 2018 15:59:13|29|kavitha@forstarfoods.com|DailyCatchEntry_New.php
1 Nov 2018 15:59:14|20|shiji@forstarfoods.com|DailyCatchEntry_New.php
1 Nov 2018 15:59:15|29|kavitha@forstarfoods.com|DailyCatchEntry_New.php
1 Nov 2018 15:59:16|20|shiji@forstarfoods.com|DailyCatchEntry_New.php
1 Nov 2018 15:59:16|29|kavitha@forstarfoods.com|DailyCatchEntry_New.php
1 Nov 2018 15:59:17|29|kavitha@forstarfoods.com|DailyCatchEntry_New.php
1 Nov 2018 15:59:18|29|kavitha@forstarfoods.com|DailyCatchEntry_New.php
1 Nov 2018 15:59:19|29|kavitha@forstarfoods.com|DailyCatchEntry_New.php
1 Nov 2018 15:59:21|29|kavitha@forstarfoods.com|DailyCatchEntry_New.php
1 Nov 2018 15:59:22|29|kavitha@forstarfoods.com|DailyCatchEntry_New.php
1 Nov 2018 15:59:23|29|kavitha@forstarfoods.com|DailyCatchEntry_New.php
1 Nov 2018 15:59:24|29|kavitha@forstarfoods.com|DailyCatchEntry_New.php
1 Nov 2018 15:59:26|29|kavitha@forstarfoods.com|DailyCatchEntry_New.php
1 Nov 2018 15:59:35|20|shiji@forstarfoods.com|DailyCatchEntry_New.php
1 Nov 2018 15:59:37|20|shiji@forstarfoods.com|DailyCatchEntry_New.php
1 Nov 2018 15:59:38|20|shiji@forstarfoods.com|CatchEntryDeclaredItem.php
1 Nov 2018 15:59:47|29|kavitha@forstarfoods.com|DailyCatchEntry_New.php
1 Nov 2018 15:59:48|20|shiji@forstarfoods.com|DailyCatchEntry_New.php
1 Nov 2018 15:59:50|29|kavitha@forstarfoods.com|DailyCatchEntry_New.php
1 Nov 2018 15:59:50|20|shiji@forstarfoods.com|DailyCatchEntry_New.php
1 Nov 2018 15:59:51|29|kavitha@forstarfoods.com|CatchEntryDeclaredItem.php
1 Nov 2018 15:59:54|20|shiji@forstarfoods.com|DailyCatchEntry_New.php
1 Nov 2018 15:59:54|29|kavitha@forstarfoods.com|DailyCatchEntry_New.php
1 Nov 2018 15:59:55|20|shiji@forstarfoods.com|DailyCatchEntry_New.php
1 Nov 2018 15:59:56|20|shiji@forstarfoods.com|DailyCatchEntry_New.php
1 Nov 2018 15:59:57|29|kavitha@forstarfoods.com|DailyCatchEntry_New.php
1 Nov 2018 15:59:58|20|shiji@forstarfoods.com|DailyCatchEntry_New.php
1 Nov 2018 15:59:59|20|shiji@forstarfoods.com|DailyCatchEntry_New.php
1 Nov 2018 15:59:59|29|kavitha@forstarfoods.com|DailyCatchEntry_New.php
1 Nov 2018 16:00:00|20|shiji@forstarfoods.com|DailyCatchEntry_New.php
1 Nov 2018 16:00:00|29|kavitha@forstarfoods.com|DailyCatchEntry_New.php
1 Nov 2018 16:00:01|20|shiji@forstarfoods.com|DailyCatchEntry_New.php
1 Nov 2018 16:00:02|29|kavitha@forstarfoods.com|DailyCatchEntry_New.php
1 Nov 2018 16:00:02|20|shiji@forstarfoods.com|DailyCatchEntry_New.php
1 Nov 2018 16:00:03|29|kavitha@forstarfoods.com|DailyCatchEntry_New.php
1 Nov 2018 16:00:04|20|shiji@forstarfoods.com|DailyCatchEntry_New.php
1 Nov 2018 16:00:04|29|kavitha@forstarfoods.com|DailyCatchEntry_New.php
1 Nov 2018 16:00:05|20|shiji@forstarfoods.com|DailyCatchEntry_New.php
1 Nov 2018 16:00:05|29|kavitha@forstarfoods.com|DailyCatchEntry_New.php
1 Nov 2018 16:00:06|20|shiji@forstarfoods.com|DailyCatchEntry_New.php
1 Nov 2018 16:00:06|29|kavitha@forstarfoods.com|DailyCatchEntry_New.php
1 Nov 2018 16:00:07|28|pratiksha@forstarfoods.com|ManageGatePass.php
1 Nov 2018 16:00:07|20|shiji@forstarfoods.com|DailyCatchEntry_New.php
1 Nov 2018 16:00:08|29|kavitha@forstarfoods.com|DailyCatchEntry_New.php
1 Nov 2018 16:00:09|20|shiji@forstarfoods.com|DailyCatchEntry_New.php
1 Nov 2018 16:00:09|29|kavitha@forstarfoods.com|DailyCatchEntry_New.php
1 Nov 2018 16:00:10|20|shiji@forstarfoods.com|DailyCatchEntry_New.php
1 Nov 2018 16:00:10|29|kavitha@forstarfoods.com|DailyCatchEntry_New.php
1 Nov 2018 16:00:11|20|shiji@forstarfoods.com|DailyCatchEntry_New.php
1 Nov 2018 16:00:11|29|kavitha@forstarfoods.com|DailyCatchEntry_New.php
1 Nov 2018 16:00:12|20|shiji@forstarfoods.com|DailyCatchEntry_New.php
1 Nov 2018 16:00:13|29|kavitha@forstarfoods.com|DailyCatchEntry_New.php
1 Nov 2018 16:00:14|20|shiji@forstarfoods.com|DailyCatchEntry_New.php
1 Nov 2018 16:00:14|29|kavitha@forstarfoods.com|DailyCatchEntry_New.php
1 Nov 2018 16:00:15|29|kavitha@forstarfoods.com|DailyCatchEntry_New.php
1 Nov 2018 16:00:16|29|kavitha@forstarfoods.com|DailyCatchEntry_New.php
1 Nov 2018 16:00:17|29|kavitha@forstarfoods.com|DailyCatchEntry_New.php
1 Nov 2018 16:00:19|29|kavitha@forstarfoods.com|DailyCatchEntry_New.php
1 Nov 2018 16:00:20|29|kavitha@forstarfoods.com|DailyCatchEntry_New.php
1 Nov 2018 16:00:21|29|kavitha@forstarfoods.com|DailyCatchEntry_New.php
1 Nov 2018 16:00:22|29|kavitha@forstarfoods.com|DailyCatchEntry_New.php
1 Nov 2018 16:00:24|29|kavitha@forstarfoods.com|DailyCatchEntry_New.php
1 Nov 2018 16:00:25|29|kavitha@forstarfoods.com|DailyCatchEntry_New.php
1 Nov 2018 16:00:26|29|kavitha@forstarfoods.com|DailyCatchEntry_New.php
1 Nov 2018 16:00:27|29|kavitha@forstarfoods.com|DailyCatchEntry_New.php
1 Nov 2018 16:00:29|29|kavitha@forstarfoods.com|DailyCatchEntry_New.php
1 Nov 2018 16:00:31|29|kavitha@forstarfoods.com|DailyCatchEntry_New.php
1 Nov 2018 16:00:32|29|kavitha@forstarfoods.com|CatchEntryDeclaredItem.php
1 Nov 2018 16:00:36|29|kavitha@forstarfoods.com|DailyCatchEntry_New.php
1 Nov 2018 16:00:39|29|kavitha@forstarfoods.com|DailyCatchEntry_New.php
1 Nov 2018 16:00:41|29|kavitha@forstarfoods.com|DailyCatchEntry_New.php
1 Nov 2018 16:00:42|29|kavitha@forstarfoods.com|DailyCatchEntry_New.php
1 Nov 2018 16:00:43|29|kavitha@forstarfoods.com|DailyCatchEntry_New.php
1 Nov 2018 16:00:45|29|kavitha@forstarfoods.com|DailyCatchEntry_New.php
1 Nov 2018 16:00:46|29|kavitha@forstarfoods.com|DailyCatchEntry_New.php
1 Nov 2018 16:00:47|29|kavitha@forstarfoods.com|DailyCatchEntry_New.php
1 Nov 2018 16:00:48|29|kavitha@forstarfoods.com|DailyCatchEntry_New.php
1 Nov 2018 16:00:49|29|kavitha@forstarfoods.com|DailyCatchEntry_New.php
1 Nov 2018 16:00:51|29|kavitha@forstarfoods.com|DailyCatchEntry_New.php
1 Nov 2018 16:00:52|29|kavitha@forstarfoods.com|DailyCatchEntry_New.php
1 Nov 2018 16:00:53|29|kavitha@forstarfoods.com|DailyCatchEntry_New.php
1 Nov 2018 16:00:54|29|kavitha@forstarfoods.com|DailyCatchEntry_New.php
1 Nov 2018 16:00:56|29|kavitha@forstarfoods.com|DailyCatchEntry_New.php
1 Nov 2018 16:00:57|29|kavitha@forstarfoods.com|DailyCatchEntry_New.php
1 Nov 2018 16:01:02|29|kavitha@forstarfoods.com|DailyCatchEntry_New.php
1 Nov 2018 16:01:04|29|kavitha@forstarfoods.com|DailyCatchEntry_New.php
1 Nov 2018 16:01:06|29|kavitha@forstarfoods.com|CatchEntryDeclaredItem.php
1 Nov 2018 16:01:09|29|kavitha@forstarfoods.com|DailyCatchEntry_New.php
1 Nov 2018 16:01:09|28|pratiksha@forstarfoods.com|ManageGatePass.php
1 Nov 2018 16:01:12|29|kavitha@forstarfoods.com|DailyCatchEntry_New.php
1 Nov 2018 16:01:14|29|kavitha@forstarfoods.com|DailyCatchEntry_New.php
1 Nov 2018 16:01:15|29|kavitha@forstarfoods.com|DailyCatchEntry_New.php
1 Nov 2018 16:01:16|29|kavitha@forstarfoods.com|DailyCatchEntry_New.php
1 Nov 2018 16:01:18|29|kavitha@forstarfoods.com|DailyCatchEntry_New.php
1 Nov 2018 16:01:19|29|kavitha@forstarfoods.com|DailyCatchEntry_New.php
1 Nov 2018 16:01:20|29|kavitha@forstarfoods.com|DailyCatchEntry_New.php
1 Nov 2018 16:01:21|29|kavitha@forstarfoods.com|DailyCatchEntry_New.php
1 Nov 2018 16:01:22|29|kavitha@forstarfoods.com|DailyCatchEntry_New.php
1 Nov 2018 16:01:24|29|kavitha@forstarfoods.com|DailyCatchEntry_New.php
1 Nov 2018 16:01:25|29|kavitha@forstarfoods.com|DailyCatchEntry_New.php
1 Nov 2018 16:01:26|29|kavitha@forstarfoods.com|DailyCatchEntry_New.php
1 Nov 2018 16:01:27|29|kavitha@forstarfoods.com|DailyCatchEntry_New.php
1 Nov 2018 16:01:29|29|kavitha@forstarfoods.com|DailyCatchEntry_New.php
1 Nov 2018 16:01:30|29|kavitha@forstarfoods.com|DailyCatchEntry_New.php
1 Nov 2018 16:01:31|29|kavitha@forstarfoods.com|DailyCatchEntry_New.php
1 Nov 2018 16:01:32|29|kavitha@forstarfoods.com|DailyCatchEntry_New.php
1 Nov 2018 16:01:36|29|kavitha@forstarfoods.com|DailyCatchEntry_New.php
1 Nov 2018 16:01:39|29|kavitha@forstarfoods.com|DailyCatchEntry_New.php
1 Nov 2018 16:01:40|29|kavitha@forstarfoods.com|CatchEntryDeclaredItem.php
1 Nov 2018 16:01:44|29|kavitha@forstarfoods.com|DailyCatchEntry_New.php
1 Nov 2018 16:01:47|29|kavitha@forstarfoods.com|DailyCatchEntry_New.php
1 Nov 2018 16:01:51|29|kavitha@forstarfoods.com|DailyCatchEntry_New.php
1 Nov 2018 16:01:52|29|kavitha@forstarfoods.com|DailyCatchEntry_New.php
1 Nov 2018 16:01:54|29|kavitha@forstarfoods.com|DailyCatchEntry_New.php
1 Nov 2018 16:01:55|29|kavitha@forstarfoods.com|DailyCatchEntry_New.php
1 Nov 2018 16:01:56|29|kavitha@forstarfoods.com|DailyCatchEntry_New.php
1 Nov 2018 16:01:57|29|kavitha@forstarfoods.com|DailyCatchEntry_New.php
1 Nov 2018 16:01:59|29|kavitha@forstarfoods.com|DailyCatchEntry_New.php
1 Nov 2018 16:02:00|29|kavitha@forstarfoods.com|DailyCatchEntry_New.php
1 Nov 2018 16:02:01|29|kavitha@forstarfoods.com|DailyCatchEntry_New.php
1 Nov 2018 16:02:02|29|kavitha@forstarfoods.com|DailyCatchEntry_New.php
1 Nov 2018 16:02:03|29|kavitha@forstarfoods.com|DailyCatchEntry_New.php
1 Nov 2018 16:02:05|29|kavitha@forstarfoods.com|DailyCatchEntry_New.php
1 Nov 2018 16:02:06|29|kavitha@forstarfoods.com|DailyCatchEntry_New.php
1 Nov 2018 16:02:07|29|kavitha@forstarfoods.com|DailyCatchEntry_New.php
1 Nov 2018 16:02:08|29|kavitha@forstarfoods.com|DailyCatchEntry_New.php
1 Nov 2018 16:02:10|29|kavitha@forstarfoods.com|DailyCatchEntry_New.php
1 Nov 2018 16:02:11|29|kavitha@forstarfoods.com|DailyCatchEntry_New.php
1 Nov 2018 16:02:13|29|kavitha@forstarfoods.com|DailyCatchEntry_New.php
1 Nov 2018 16:02:14|28|pratiksha@forstarfoods.com|ManageGatePass.php
1 Nov 2018 16:02:15|29|kavitha@forstarfoods.com|CatchEntryDeclaredItem.php
1 Nov 2018 16:02:23|29|kavitha@forstarfoods.com|DailyCatchEntry_New.php
1 Nov 2018 16:02:26|29|kavitha@forstarfoods.com|DailyCatchEntry_New.php
1 Nov 2018 16:02:29|29|kavitha@forstarfoods.com|DailyCatchEntry_New.php
1 Nov 2018 16:02:30|29|kavitha@forstarfoods.com|DailyCatchEntry_New.php
1 Nov 2018 16:02:31|29|kavitha@forstarfoods.com|DailyCatchEntry_New.php
1 Nov 2018 16:02:32|29|kavitha@forstarfoods.com|DailyCatchEntry_New.php
1 Nov 2018 16:02:34|29|kavitha@forstarfoods.com|DailyCatchEntry_New.php
1 Nov 2018 16:02:35|29|kavitha@forstarfoods.com|DailyCatchEntry_New.php
1 Nov 2018 16:02:36|29|kavitha@forstarfoods.com|DailyCatchEntry_New.php
1 Nov 2018 16:02:37|29|kavitha@forstarfoods.com|DailyCatchEntry_New.php
1 Nov 2018 16:02:39|29|kavitha@forstarfoods.com|DailyCatchEntry_New.php
1 Nov 2018 16:02:40|29|kavitha@forstarfoods.com|DailyCatchEntry_New.php
1 Nov 2018 16:02:41|29|kavitha@forstarfoods.com|DailyCatchEntry_New.php
1 Nov 2018 16:02:42|29|kavitha@forstarfoods.com|DailyCatchEntry_New.php
1 Nov 2018 16:02:44|29|kavitha@forstarfoods.com|DailyCatchEntry_New.php
1 Nov 2018 16:02:45|29|kavitha@forstarfoods.com|DailyCatchEntry_New.php
1 Nov 2018 16:02:46|29|kavitha@forstarfoods.com|DailyCatchEntry_New.php
1 Nov 2018 16:02:49|29|kavitha@forstarfoods.com|DailyCatchEntry_New.php
1 Nov 2018 16:02:51|29|kavitha@forstarfoods.com|DailyCatchEntry_New.php
1 Nov 2018 16:03:08|29|kavitha@forstarfoods.com|DailyCatchEntry_New.php
1 Nov 2018 16:03:13|29|kavitha@forstarfoods.com|DailyCatchEntry_New.php
1 Nov 2018 16:03:15|29|kavitha@forstarfoods.com|CatchEntryDeclaredItem.php
1 Nov 2018 16:03:19|29|kavitha@forstarfoods.com|DailyCatchEntry_New.php
1 Nov 2018 16:03:21|28|pratiksha@forstarfoods.com|ManageGatePass.php
1 Nov 2018 16:03:22|29|kavitha@forstarfoods.com|DailyCatchEntry_New.php
1 Nov 2018 16:03:26|29|kavitha@forstarfoods.com|DailyCatchEntry_New.php
1 Nov 2018 16:03:27|29|kavitha@forstarfoods.com|DailyCatchEntry_New.php
1 Nov 2018 16:03:28|29|kavitha@forstarfoods.com|DailyCatchEntry_New.php
1 Nov 2018 16:03:29|29|kavitha@forstarfoods.com|DailyCatchEntry_New.php
1 Nov 2018 16:03:31|29|kavitha@forstarfoods.com|DailyCatchEntry_New.php
1 Nov 2018 16:03:32|29|kavitha@forstarfoods.com|DailyCatchEntry_New.php
1 Nov 2018 16:03:33|29|kavitha@forstarfoods.com|DailyCatchEntry_New.php
1 Nov 2018 16:03:34|29|kavitha@forstarfoods.com|DailyCatchEntry_New.php
1 Nov 2018 16:03:35|29|kavitha@forstarfoods.com|DailyCatchEntry_New.php
1 Nov 2018 16:03:37|29|kavitha@forstarfoods.com|DailyCatchEntry_New.php
1 Nov 2018 16:03:38|29|kavitha@forstarfoods.com|DailyCatchEntry_New.php
1 Nov 2018 16:03:39|29|kavitha@forstarfoods.com|DailyCatchEntry_New.php
1 Nov 2018 16:03:40|29|kavitha@forstarfoods.com|DailyCatchEntry_New.php
1 Nov 2018 16:03:42|29|kavitha@forstarfoods.com|DailyCatchEntry_New.php
1 Nov 2018 16:03:51|29|kavitha@forstarfoods.com|DailyCatchEntry_New.php
1 Nov 2018 16:03:53|29|kavitha@forstarfoods.com|DailyCatchEntry_New.php
1 Nov 2018 16:03:55|29|kavitha@forstarfoods.com|CatchEntryDeclaredItem.php
1 Nov 2018 16:03:56|20|shiji@forstarfoods.com|DailyCatchEntry_New.php
1 Nov 2018 16:03:57|20|shiji@forstarfoods.com|CatchEntryDeclaredItem.php
1 Nov 2018 16:03:58|29|kavitha@forstarfoods.com|DailyCatchEntry_New.php
1 Nov 2018 16:04:01|29|kavitha@forstarfoods.com|DailyCatchEntry_New.php
1 Nov 2018 16:04:06|29|kavitha@forstarfoods.com|DailyCatchEntry_New.php
1 Nov 2018 16:04:08|29|kavitha@forstarfoods.com|DailyCatchEntry_New.php
1 Nov 2018 16:04:09|29|kavitha@forstarfoods.com|DailyCatchEntry_New.php
1 Nov 2018 16:04:10|29|kavitha@forstarfoods.com|DailyCatchEntry_New.php
1 Nov 2018 16:04:11|29|kavitha@forstarfoods.com|DailyCatchEntry_New.php
1 Nov 2018 16:04:13|29|kavitha@forstarfoods.com|DailyCatchEntry_New.php
1 Nov 2018 16:04:14|29|kavitha@forstarfoods.com|DailyCatchEntry_New.php
1 Nov 2018 16:04:14|20|shiji@forstarfoods.com|DailyCatchEntry_New.php
1 Nov 2018 16:04:15|29|kavitha@forstarfoods.com|DailyCatchEntry_New.php
1 Nov 2018 16:04:16|29|kavitha@forstarfoods.com|DailyCatchEntry_New.php
1 Nov 2018 16:04:16|20|shiji@forstarfoods.com|DailyCatchEntry_New.php
1 Nov 2018 16:04:18|29|kavitha@forstarfoods.com|DailyCatchEntry_New.php
1 Nov 2018 16:04:18|20|shiji@forstarfoods.com|DailyCatchEntry_New.php
1 Nov 2018 16:04:19|29|kavitha@forstarfoods.com|DailyCatchEntry_New.php
1 Nov 2018 16:04:20|29|kavitha@forstarfoods.com|DailyCatchEntry_New.php
1 Nov 2018 16:04:20|20|shiji@forstarfoods.com|DailyCatchEntry_New.php
1 Nov 2018 16:04:21|29|kavitha@forstarfoods.com|DailyCatchEntry_New.php
1 Nov 2018 16:04:22|20|shiji@forstarfoods.com|DailyCatchEntry_New.php
1 Nov 2018 16:04:23|29|kavitha@forstarfoods.com|DailyCatchEntry_New.php
1 Nov 2018 16:04:23|20|shiji@forstarfoods.com|DailyCatchEntry_New.php
1 Nov 2018 16:04:24|29|kavitha@forstarfoods.com|DailyCatchEntry_New.php
1 Nov 2018 16:04:24|20|shiji@forstarfoods.com|DailyCatchEntry_New.php
1 Nov 2018 16:04:25|29|kavitha@forstarfoods.com|DailyCatchEntry_New.php
1 Nov 2018 16:04:25|20|shiji@forstarfoods.com|DailyCatchEntry_New.php
1 Nov 2018 16:04:26|20|shiji@forstarfoods.com|DailyCatchEntry_New.php
1 Nov 2018 16:04:26|28|pratiksha@forstarfoods.com|ManageGatePass.php
1 Nov 2018 16:04:28|20|shiji@forstarfoods.com|DailyCatchEntry_New.php
1 Nov 2018 16:04:29|20|shiji@forstarfoods.com|DailyCatchEntry_New.php
1 Nov 2018 16:04:30|20|shiji@forstarfoods.com|DailyCatchEntry_New.php
1 Nov 2018 16:04:31|20|shiji@forstarfoods.com|DailyCatchEntry_New.php
1 Nov 2018 16:04:33|20|shiji@forstarfoods.com|DailyCatchEntry_New.php
1 Nov 2018 16:04:34|20|shiji@forstarfoods.com|DailyCatchEntry_New.php
1 Nov 2018 16:04:35|20|shiji@forstarfoods.com|DailyCatchEntry_New.php
1 Nov 2018 16:04:36|29|kavitha@forstarfoods.com|DailyCatchEntry_New.php
1 Nov 2018 16:04:36|20|shiji@forstarfoods.com|DailyCatchEntry_New.php
1 Nov 2018 16:04:38|20|shiji@forstarfoods.com|DailyCatchEntry_New.php
1 Nov 2018 16:04:39|29|kavitha@forstarfoods.com|DailyCatchEntry_New.php
1 Nov 2018 16:04:40|29|kavitha@forstarfoods.com|CatchEntryDeclaredItem.php
1 Nov 2018 16:04:41|20|shiji@forstarfoods.com|DailyCatchEntry_New.php
1 Nov 2018 16:04:42|20|shiji@forstarfoods.com|CatchEntryDeclaredItem.php
1 Nov 2018 16:04:49|20|shiji@forstarfoods.com|DailyCatchEntry_New.php
1 Nov 2018 16:04:53|20|shiji@forstarfoods.com|DailyCatchEntry_New.php
1 Nov 2018 16:04:58|20|shiji@forstarfoods.com|DailyCatchEntry_New.php
1 Nov 2018 16:04:59|20|shiji@forstarfoods.com|DailyCatchEntry_New.php
1 Nov 2018 16:05:00|20|shiji@forstarfoods.com|DailyCatchEntry_New.php
1 Nov 2018 16:05:01|20|shiji@forstarfoods.com|DailyCatchEntry_New.php
1 Nov 2018 16:05:03|20|shiji@forstarfoods.com|DailyCatchEntry_New.php
1 Nov 2018 16:05:04|20|shiji@forstarfoods.com|DailyCatchEntry_New.php
1 Nov 2018 16:05:05|20|shiji@forstarfoods.com|DailyCatchEntry_New.php
1 Nov 2018 16:05:06|20|shiji@forstarfoods.com|DailyCatchEntry_New.php
1 Nov 2018 16:05:08|20|shiji@forstarfoods.com|DailyCatchEntry_New.php
1 Nov 2018 16:05:09|20|shiji@forstarfoods.com|DailyCatchEntry_New.php
1 Nov 2018 16:05:10|20|shiji@forstarfoods.com|DailyCatchEntry_New.php
1 Nov 2018 16:05:11|20|shiji@forstarfoods.com|DailyCatchEntry_New.php
1 Nov 2018 16:05:13|20|shiji@forstarfoods.com|DailyCatchEntry_New.php
1 Nov 2018 16:05:13|29|kavitha@forstarfoods.com|DailyCatchReport.php
1 Nov 2018 16:05:14|20|shiji@forstarfoods.com|DailyCatchEntry_New.php
1 Nov 2018 16:05:15|20|shiji@forstarfoods.com|DailyCatchEntry_New.php
1 Nov 2018 16:05:16|20|shiji@forstarfoods.com|DailyCatchEntry_New.php
1 Nov 2018 16:05:17|20|shiji@forstarfoods.com|DailyCatchEntry_New.php
1 Nov 2018 16:05:20|20|shiji@forstarfoods.com|DailyCatchEntry_New.php
1 Nov 2018 16:05:21|20|shiji@forstarfoods.com|CatchEntryDeclaredItem.php
1 Nov 2018 16:05:31|29|kavitha@forstarfoods.com|DailyCatchReport.php
1 Nov 2018 16:05:32|20|shiji@forstarfoods.com|DailyCatchEntry_New.php
1 Nov 2018 16:05:33|28|pratiksha@forstarfoods.com|ManageGatePass.php
1 Nov 2018 16:05:34|29|kavitha@forstarfoods.com|DailyCatchReport.php
1 Nov 2018 16:05:35|20|shiji@forstarfoods.com|DailyCatchEntry_New.php
1 Nov 2018 16:05:40|20|shiji@forstarfoods.com|DailyCatchEntry_New.php
1 Nov 2018 16:05:41|20|shiji@forstarfoods.com|DailyCatchEntry_New.php
1 Nov 2018 16:05:41|29|kavitha@forstarfoods.com|DailyCatchReport.php
1 Nov 2018 16:05:42|20|shiji@forstarfoods.com|DailyCatchEntry_New.php
1 Nov 2018 16:05:43|29|kavitha@forstarfoods.com|DailyCatchReport.php
1 Nov 2018 16:05:43|20|shiji@forstarfoods.com|DailyCatchEntry_New.php
1 Nov 2018 16:05:44|29|kavitha@forstarfoods.com|DailyCatchReport.php
1 Nov 2018 16:05:45|20|shiji@forstarfoods.com|DailyCatchEntry_New.php
1 Nov 2018 16:05:46|20|shiji@forstarfoods.com|DailyCatchEntry_New.php
1 Nov 2018 16:05:47|20|shiji@forstarfoods.com|DailyCatchEntry_New.php
1 Nov 2018 16:05:48|29|kavitha@forstarfoods.com|DailyCatchReport.php
1 Nov 2018 16:05:48|20|shiji@forstarfoods.com|DailyCatchEntry_New.php
1 Nov 2018 16:05:49|29|kavitha@forstarfoods.com|DailyCatchReport.php
1 Nov 2018 16:05:49|20|shiji@forstarfoods.com|DailyCatchEntry_New.php
1 Nov 2018 16:05:50|29|kavitha@forstarfoods.com|DailyCatchReport.php
1 Nov 2018 16:05:51|20|shiji@forstarfoods.com|DailyCatchEntry_New.php
1 Nov 2018 16:05:52|20|shiji@forstarfoods.com|DailyCatchEntry_New.php
1 Nov 2018 16:05:53|20|shiji@forstarfoods.com|DailyCatchEntry_New.php
1 Nov 2018 16:05:54|20|shiji@forstarfoods.com|DailyCatchEntry_New.php
1 Nov 2018 16:05:56|20|shiji@forstarfoods.com|DailyCatchEntry_New.php
1 Nov 2018 16:05:57|20|shiji@forstarfoods.com|DailyCatchEntry_New.php
1 Nov 2018 16:05:58|20|shiji@forstarfoods.com|DailyCatchEntry_New.php
1 Nov 2018 16:05:59|20|shiji@forstarfoods.com|DailyCatchEntry_New.php
1 Nov 2018 16:06:02|20|shiji@forstarfoods.com|DailyCatchEntry_New.php
1 Nov 2018 16:06:03|20|shiji@forstarfoods.com|CatchEntryDeclaredItem.php
1 Nov 2018 16:06:12|20|shiji@forstarfoods.com|DailyCatchEntry_New.php
1 Nov 2018 16:06:14|20|shiji@forstarfoods.com|DailyCatchEntry_New.php
1 Nov 2018 16:06:16|20|shiji@forstarfoods.com|DailyCatchEntry_New.php
1 Nov 2018 16:06:18|20|shiji@forstarfoods.com|DailyCatchEntry_New.php
1 Nov 2018 16:06:19|20|shiji@forstarfoods.com|DailyCatchEntry_New.php
1 Nov 2018 16:06:20|20|shiji@forstarfoods.com|DailyCatchEntry_New.php
1 Nov 2018 16:06:21|20|shiji@forstarfoods.com|DailyCatchEntry_New.php
1 Nov 2018 16:06:23|20|shiji@forstarfoods.com|DailyCatchEntry_New.php
1 Nov 2018 16:06:24|20|shiji@forstarfoods.com|DailyCatchEntry_New.php
1 Nov 2018 16:06:25|20|shiji@forstarfoods.com|DailyCatchEntry_New.php
1 Nov 2018 16:06:26|20|shiji@forstarfoods.com|DailyCatchEntry_New.php
1 Nov 2018 16:06:28|20|shiji@forstarfoods.com|DailyCatchEntry_New.php