
14 Sep 2018 12:57:44|20|shiji@forstarfoods.com|DailyCatchReport.php
14 Sep 2018 12:57:47|20|shiji@forstarfoods.com|DailyCatchReport.php
14 Sep 2018 12:57:48|20|shiji@forstarfoods.com|DailyCatchReport.php
14 Sep 2018 12:57:50|20|shiji@forstarfoods.com|DailyCatchReport.php
14 Sep 2018 12:57:51|20|shiji@forstarfoods.com|PrintDailyCatchReportMemo.php
14 Sep 2018 12:58:09|20|shiji@forstarfoods.com|PrintDailyCatchReportMemo.php
14 Sep 2018 12:58:36|20|shiji@forstarfoods.com|DailyCatchReport.php
14 Sep 2018 12:58:38|20|shiji@forstarfoods.com|DailyCatchReport.php
14 Sep 2018 12:58:39|20|shiji@forstarfoods.com|DailyCatchReport.php
14 Sep 2018 12:58:43|20|shiji@forstarfoods.com|DailyCatchReport.php
14 Sep 2018 12:58:44|20|shiji@forstarfoods.com|DailyCatchReport.php
14 Sep 2018 12:58:46|20|shiji@forstarfoods.com|DailyCatchReport.php
14 Sep 2018 12:58:47|20|shiji@forstarfoods.com|DailyCatchReport.php
14 Sep 2018 12:58:49|20|shiji@forstarfoods.com|DailyCatchReport.php
14 Sep 2018 12:58:51|20|shiji@forstarfoods.com|DailyCatchReport.php
14 Sep 2018 12:58:52|20|shiji@forstarfoods.com|DailyCatchReport.php
14 Sep 2018 12:58:54|20|shiji@forstarfoods.com|PrintDailyCatchReportMemo.php
14 Sep 2018 12:59:06|20|shiji@forstarfoods.com|PrintDailyCatchReportMemo.php
14 Sep 2018 12:59:34|20|shiji@forstarfoods.com|DailyCatchReport.php
14 Sep 2018 12:59:35|20|shiji@forstarfoods.com|DailyCatchReport.php
14 Sep 2018 12:59:37|20|shiji@forstarfoods.com|DailyCatchReport.php
14 Sep 2018 12:59:42|20|shiji@forstarfoods.com|DailyCatchReport.php
14 Sep 2018 12:59:44|20|shiji@forstarfoods.com|DailyCatchReport.php
14 Sep 2018 12:59:45|20|shiji@forstarfoods.com|DailyCatchReport.php
14 Sep 2018 12:59:47|20|shiji@forstarfoods.com|DailyCatchReport.php
14 Sep 2018 12:59:49|20|shiji@forstarfoods.com|DailyCatchReport.php
14 Sep 2018 12:59:50|20|shiji@forstarfoods.com|DailyCatchReport.php
14 Sep 2018 12:59:52|20|shiji@forstarfoods.com|DailyCatchReport.php
14 Sep 2018 12:59:55|20|shiji@forstarfoods.com|PrintDailyCatchReportMemo.php
14 Sep 2018 13:00:18|20|shiji@forstarfoods.com|PrintDailyCatchReportMemo.php
14 Sep 2018 13:00:24|24|shashikala@forstarfoods.com|DailyPreProcess.php
14 Sep 2018 13:00:32|24|shashikala@forstarfoods.com|DailyPreProcess.php
14 Sep 2018 13:00:36|24|shashikala@forstarfoods.com|DailyPreProcess.php
14 Sep 2018 13:00:42|24|shashikala@forstarfoods.com|DailyPreProcess.php
14 Sep 2018 13:00:44|24|shashikala@forstarfoods.com|DailyPreProcess.php
14 Sep 2018 13:01:25|24|shashikala@forstarfoods.com|DailyPreProcess.php
14 Sep 2018 13:03:23|24|shashikala@forstarfoods.com|DailyPreProcess.php
14 Sep 2018 13:03:28|24|shashikala@forstarfoods.com|DailyPreProcess.php
14 Sep 2018 13:03:33|24|shashikala@forstarfoods.com|DailyPreProcess.php
14 Sep 2018 13:03:35|24|shashikala@forstarfoods.com|DailyPreProcess.php
14 Sep 2018 13:05:32|20|shiji@forstarfoods.com|DailyCatchReport.php
14 Sep 2018 13:05:34|20|shiji@forstarfoods.com|DailyCatchReport.php
14 Sep 2018 13:05:35|20|shiji@forstarfoods.com|DailyCatchReport.php
14 Sep 2018 13:05:42|20|shiji@forstarfoods.com|DailyCatchReport.php
14 Sep 2018 13:05:43|20|shiji@forstarfoods.com|DailyCatchReport.php
14 Sep 2018 13:05:45|20|shiji@forstarfoods.com|DailyCatchReport.php
14 Sep 2018 13:05:46|20|shiji@forstarfoods.com|DailyCatchReport.php
14 Sep 2018 13:05:58|20|shiji@forstarfoods.com|DailyCatchReport.php
14 Sep 2018 13:06:00|20|shiji@forstarfoods.com|DailyCatchReport.php
14 Sep 2018 13:06:01|20|shiji@forstarfoods.com|DailyCatchReport.php
14 Sep 2018 13:06:02|20|shiji@forstarfoods.com|PrintDailyCatchReportMemo.php
14 Sep 2018 13:06:47|24|shashikala@forstarfoods.com|DailyPreProcess.php
14 Sep 2018 13:07:44|20|shiji@forstarfoods.com|PrintDailyCatchReportMemo.php
14 Sep 2018 13:07:53|24|shashikala@forstarfoods.com|DailyPreProcess.php
14 Sep 2018 13:07:57|24|shashikala@forstarfoods.com|DailyPreProcess.php
14 Sep 2018 13:08:03|24|shashikala@forstarfoods.com|DailyPreProcess.php
14 Sep 2018 13:08:04|24|shashikala@forstarfoods.com|DailyPreProcess.php
14 Sep 2018 13:08:49|20|shiji@forstarfoods.com|DailyCatchReport.php
14 Sep 2018 13:08:51|20|shiji@forstarfoods.com|DailyCatchReport.php
14 Sep 2018 13:08:52|20|shiji@forstarfoods.com|DailyCatchReport.php
14 Sep 2018 13:10:10|24|shashikala@forstarfoods.com|DailyPreProcess.php
14 Sep 2018 13:10:17|24|shashikala@forstarfoods.com|DailyPreProcess.php
14 Sep 2018 13:10:23|24|shashikala@forstarfoods.com|DailyPreProcess.php
14 Sep 2018 13:11:13|24|shashikala@forstarfoods.com|DailyPreProcess.php
14 Sep 2018 13:11:15|24|shashikala@forstarfoods.com|DailyPreProcess.php
14 Sep 2018 13:12:53|24|shashikala@forstarfoods.com|DailyPreProcess.php
14 Sep 2018 13:14:23|29|kavitha@forstarfoods.com|Home.php
14 Sep 2018 13:14:30|29|kavitha@forstarfoods.com|SupplierAccount.php
14 Sep 2018 13:14:45|29|kavitha@forstarfoods.com|SupplierAccount.php
14 Sep 2018 13:14:56|29|kavitha@forstarfoods.com|SupplierAccount.php
14 Sep 2018 13:15:00|29|kavitha@forstarfoods.com|SupplierAccount.php
14 Sep 2018 13:15:12|29|kavitha@forstarfoods.com|SupplierAccount.php
14 Sep 2018 13:16:23|24|shashikala@forstarfoods.com|DailyPreProcess.php
14 Sep 2018 13:17:43|24|shashikala@forstarfoods.com|DailyPreProcess.php
14 Sep 2018 13:17:46|24|shashikala@forstarfoods.com|DailyPreProcess.php
14 Sep 2018 13:18:11|24|shashikala@forstarfoods.com|DailyPreProcess.php
14 Sep 2018 14:30:10|20|shiji@forstarfoods.com|DailyCatchEntry_New.php
14 Sep 2018 14:30:19|20|shiji@forstarfoods.com|DailyCatchEntry_New.php
14 Sep 2018 14:30:21|20|shiji@forstarfoods.com|DailyCatchEntry_New.php
14 Sep 2018 14:30:22|20|shiji@forstarfoods.com|DailyCatchEntry_New.php
14 Sep 2018 14:30:23|20|shiji@forstarfoods.com|DailyCatchEntry_New.php
14 Sep 2018 14:30:25|20|shiji@forstarfoods.com|CatchEntryDeclaredItem.php
14 Sep 2018 14:30:26|20|shiji@forstarfoods.com|DailyCatchEntry_New.php
14 Sep 2018 14:30:29|20|shiji@forstarfoods.com|DailyCatchEntry_New.php
14 Sep 2018 14:30:30|20|shiji@forstarfoods.com|DailyCatchEntry_New.php
14 Sep 2018 14:30:32|20|shiji@forstarfoods.com|DailyCatchEntry_New.php
14 Sep 2018 14:30:33|20|shiji@forstarfoods.com|DailyCatchEntry_New.php
14 Sep 2018 14:30:34|20|shiji@forstarfoods.com|DailyCatchEntry_New.php
14 Sep 2018 14:30:37|20|shiji@forstarfoods.com|DailyCatchEntry_New.php
14 Sep 2018 14:30:38|20|shiji@forstarfoods.com|DailyCatchEntry_New.php
14 Sep 2018 14:30:39|20|shiji@forstarfoods.com|DailyCatchEntry_New.php
14 Sep 2018 14:30:41|20|shiji@forstarfoods.com|DailyCatchEntry_New.php
14 Sep 2018 14:30:49|20|shiji@forstarfoods.com|DailyCatchEntry_New.php
14 Sep 2018 14:30:51|20|shiji@forstarfoods.com|CatchEntryDeclaredItem.php
14 Sep 2018 14:30:54|20|shiji@forstarfoods.com|DailyCatchEntry_New.php
14 Sep 2018 14:31:00|20|shiji@forstarfoods.com|DailyCatchEntry_New.php
14 Sep 2018 14:31:01|20|shiji@forstarfoods.com|CatchEntryDeclaredItem.php
14 Sep 2018 14:31:15|20|shiji@forstarfoods.com|DailyCatchEntry_New.php
14 Sep 2018 14:31:16|20|shiji@forstarfoods.com|DailyCatchEntry_New.php
14 Sep 2018 14:31:18|20|shiji@forstarfoods.com|DailyCatchEntry_New.php
14 Sep 2018 14:31:20|20|shiji@forstarfoods.com|DailyCatchEntry_New.php
14 Sep 2018 14:31:23|20|shiji@forstarfoods.com|DailyCatchEntry_New.php
14 Sep 2018 14:31:27|20|shiji@forstarfoods.com|DailyCatchEntry_New.php
14 Sep 2018 14:31:28|20|shiji@forstarfoods.com|DailyCatchEntry_New.php
14 Sep 2018 14:31:30|20|shiji@forstarfoods.com|DailyCatchEntry_New.php
14 Sep 2018 14:31:31|20|shiji@forstarfoods.com|DailyCatchEntry_New.php
14 Sep 2018 14:31:32|20|shiji@forstarfoods.com|DailyCatchEntry_New.php
14 Sep 2018 14:31:33|20|shiji@forstarfoods.com|DailyCatchEntry_New.php
14 Sep 2018 14:32:03|20|shiji@forstarfoods.com|DailyCatchEntry_New.php
14 Sep 2018 14:32:11|20|shiji@forstarfoods.com|DailyCatchEntry_New.php
14 Sep 2018 14:32:12|20|shiji@forstarfoods.com|CatchEntryDeclaredItem.php
14 Sep 2018 14:32:16|20|shiji@forstarfoods.com|DailyCatchEntry_New.php
14 Sep 2018 14:32:18|20|shiji@forstarfoods.com|DailyCatchEntry_New.php
14 Sep 2018 14:32:21|20|shiji@forstarfoods.com|DailyCatchEntry_New.php
14 Sep 2018 14:32:22|20|shiji@forstarfoods.com|DailyCatchEntry_New.php
14 Sep 2018 14:32:23|20|shiji@forstarfoods.com|DailyCatchEntry_New.php
14 Sep 2018 14:32:24|20|shiji@forstarfoods.com|DailyCatchEntry_New.php
14 Sep 2018 14:32:26|20|shiji@forstarfoods.com|DailyCatchEntry_New.php
14 Sep 2018 14:32:27|20|shiji@forstarfoods.com|DailyCatchEntry_New.php
14 Sep 2018 14:32:28|20|shiji@forstarfoods.com|DailyCatchEntry_New.php
14 Sep 2018 14:32:29|20|shiji@forstarfoods.com|DailyCatchEntry_New.php
14 Sep 2018 14:32:43|20|shiji@forstarfoods.com|DailyCatchEntry_New.php
14 Sep 2018 14:32:46|20|shiji@forstarfoods.com|DailyCatchEntry_New.php
14 Sep 2018 14:33:10|20|shiji@forstarfoods.com|CatchEntryDeclaredItem.php
14 Sep 2018 14:33:27|20|shiji@forstarfoods.com|DailyCatchEntry_New.php
14 Sep 2018 14:33:33|20|shiji@forstarfoods.com|DailyCatchEntry_New.php
14 Sep 2018 14:33:34|20|shiji@forstarfoods.com|CatchEntryDeclaredItem.php
14 Sep 2018 14:33:36|20|shiji@forstarfoods.com|DailyCatchEntry_New.php
14 Sep 2018 14:33:37|20|shiji@forstarfoods.com|CatchEntryDeclaredItem.php
14 Sep 2018 14:34:05|20|shiji@forstarfoods.com|DailyCatchEntry_New.php
14 Sep 2018 14:34:16|20|shiji@forstarfoods.com|DailyCatchEntry_New.php
14 Sep 2018 14:34:19|20|shiji@forstarfoods.com|DailyCatchEntry_New.php
14 Sep 2018 14:34:22|20|shiji@forstarfoods.com|DailyCatchEntry_New.php
14 Sep 2018 14:34:24|20|shiji@forstarfoods.com|DailyCatchEntry_New.php
14 Sep 2018 14:34:25|20|shiji@forstarfoods.com|DailyCatchEntry_New.php
14 Sep 2018 14:34:26|20|shiji@forstarfoods.com|DailyCatchEntry_New.php
14 Sep 2018 14:34:27|20|shiji@forstarfoods.com|DailyCatchEntry_New.php
14 Sep 2018 14:34:29|20|shiji@forstarfoods.com|DailyCatchEntry_New.php
14 Sep 2018 14:35:02|20|shiji@forstarfoods.com|DailyCatchEntry_New.php
14 Sep 2018 14:35:03|20|shiji@forstarfoods.com|DailyCatchEntry_New.php
14 Sep 2018 14:35:04|20|shiji@forstarfoods.com|DailyCatchEntry_New.php
14 Sep 2018 14:35:06|20|shiji@forstarfoods.com|DailyCatchEntry_New.php
14 Sep 2018 14:35:08|20|shiji@forstarfoods.com|DailyCatchEntry_New.php
14 Sep 2018 14:35:10|20|shiji@forstarfoods.com|CatchEntryDeclaredItem.php
14 Sep 2018 14:35:12|20|shiji@forstarfoods.com|DailyCatchEntry_New.php
14 Sep 2018 14:35:15|20|shiji@forstarfoods.com|DailyCatchEntry_New.php
14 Sep 2018 14:35:18|20|shiji@forstarfoods.com|DailyCatchEntry_New.php
14 Sep 2018 14:35:19|20|shiji@forstarfoods.com|DailyCatchEntry_New.php
14 Sep 2018 14:35:20|20|shiji@forstarfoods.com|DailyCatchEntry_New.php
14 Sep 2018 14:35:21|20|shiji@forstarfoods.com|DailyCatchEntry_New.php
14 Sep 2018 14:35:23|20|shiji@forstarfoods.com|DailyCatchEntry_New.php
14 Sep 2018 14:35:24|20|shiji@forstarfoods.com|DailyCatchEntry_New.php
14 Sep 2018 14:35:25|20|shiji@forstarfoods.com|DailyCatchEntry_New.php
14 Sep 2018 14:35:27|20|shiji@forstarfoods.com|DailyCatchEntry_New.php
14 Sep 2018 14:35:28|20|shiji@forstarfoods.com|DailyCatchEntry_New.php
14 Sep 2018 14:35:51|20|shiji@forstarfoods.com|DailyCatchEntry_New.php
14 Sep 2018 14:35:54|20|shiji@forstarfoods.com|DailyCatchEntry_New.php
14 Sep 2018 14:35:56|20|shiji@forstarfoods.com|CatchEntryDeclaredItem.php
14 Sep 2018 14:36:11|20|shiji@forstarfoods.com|DailyCatchEntry_New.php
14 Sep 2018 14:36:14|20|shiji@forstarfoods.com|DailyCatchEntry_New.php
14 Sep 2018 14:36:16|20|shiji@forstarfoods.com|DailyCatchEntry_New.php
14 Sep 2018 14:36:17|20|shiji@forstarfoods.com|DailyCatchEntry_New.php
14 Sep 2018 14:36:19|20|shiji@forstarfoods.com|DailyCatchEntry_New.php
14 Sep 2018 14:36:20|20|shiji@forstarfoods.com|DailyCatchEntry_New.php
14 Sep 2018 14:36:21|20|shiji@forstarfoods.com|DailyCatchEntry_New.php
14 Sep 2018 14:36:22|20|shiji@forstarfoods.com|DailyCatchEntry_New.php
14 Sep 2018 14:36:23|20|shiji@forstarfoods.com|DailyCatchEntry_New.php
14 Sep 2018 14:36:25|20|shiji@forstarfoods.com|DailyCatchEntry_New.php
14 Sep 2018 14:36:26|20|shiji@forstarfoods.com|DailyCatchEntry_New.php
14 Sep 2018 14:36:28|20|shiji@forstarfoods.com|DailyCatchEntry_New.php
14 Sep 2018 14:36:29|20|shiji@forstarfoods.com|CatchEntryDeclaredItem.php
14 Sep 2018 14:36:37|20|shiji@forstarfoods.com|DailyCatchEntry_New.php
14 Sep 2018 14:36:39|20|shiji@forstarfoods.com|DailyCatchEntry_New.php
14 Sep 2018 14:36:42|20|shiji@forstarfoods.com|DailyCatchEntry_New.php
14 Sep 2018 14:36:44|20|shiji@forstarfoods.com|DailyCatchEntry_New.php
14 Sep 2018 14:36:45|20|shiji@forstarfoods.com|DailyCatchEntry_New.php
14 Sep 2018 14:36:46|20|shiji@forstarfoods.com|DailyCatchEntry_New.php
14 Sep 2018 14:36:47|20|shiji@forstarfoods.com|DailyCatchEntry_New.php
14 Sep 2018 14:36:48|20|shiji@forstarfoods.com|DailyCatchEntry_New.php
14 Sep 2018 14:36:50|20|shiji@forstarfoods.com|DailyCatchEntry_New.php
14 Sep 2018 14:36:51|20|shiji@forstarfoods.com|DailyCatchEntry_New.php
14 Sep 2018 14:36:52|20|shiji@forstarfoods.com|DailyCatchEntry_New.php
14 Sep 2018 14:36:53|20|shiji@forstarfoods.com|DailyCatchEntry_New.php
14 Sep 2018 14:37:00|20|shiji@forstarfoods.com|DailyCatchEntry_New.php
14 Sep 2018 14:37:01|20|shiji@forstarfoods.com|DailyCatchEntry_New.php
14 Sep 2018 14:37:02|20|shiji@forstarfoods.com|DailyCatchEntry_New.php
14 Sep 2018 14:37:08|20|shiji@forstarfoods.com|DailyCatchEntry_New.php
14 Sep 2018 14:37:09|20|shiji@forstarfoods.com|CatchEntryDeclaredItem.php
14 Sep 2018 14:37:21|20|shiji@forstarfoods.com|DailyCatchEntry_New.php
14 Sep 2018 14:37:23|20|shiji@forstarfoods.com|DailyCatchEntry_New.php
14 Sep 2018 14:37:25|20|shiji@forstarfoods.com|DailyCatchEntry_New.php
14 Sep 2018 14:37:26|20|shiji@forstarfoods.com|DailyCatchEntry_New.php
14 Sep 2018 14:37:27|20|shiji@forstarfoods.com|DailyCatchEntry_New.php
14 Sep 2018 14:37:29|20|shiji@forstarfoods.com|DailyCatchEntry_New.php
14 Sep 2018 14:37:30|20|shiji@forstarfoods.com|DailyCatchEntry_New.php
14 Sep 2018 14:37:31|20|shiji@forstarfoods.com|DailyCatchEntry_New.php
14 Sep 2018 14:37:32|20|shiji@forstarfoods.com|DailyCatchEntry_New.php
14 Sep 2018 14:37:33|20|shiji@forstarfoods.com|DailyCatchEntry_New.php
14 Sep 2018 14:37:35|20|shiji@forstarfoods.com|DailyCatchEntry_New.php
14 Sep 2018 14:37:36|20|shiji@forstarfoods.com|DailyCatchEntry_New.php
14 Sep 2018 14:37:37|20|shiji@forstarfoods.com|DailyCatchEntry_New.php
14 Sep 2018 14:37:38|20|shiji@forstarfoods.com|DailyCatchEntry_New.php
14 Sep 2018 14:37:40|20|shiji@forstarfoods.com|DailyCatchEntry_New.php
14 Sep 2018 14:37:41|20|shiji@forstarfoods.com|DailyCatchEntry_New.php
14 Sep 2018 14:37:42|20|shiji@forstarfoods.com|DailyCatchEntry_New.php
14 Sep 2018 14:37:43|20|shiji@forstarfoods.com|DailyCatchEntry_New.php
14 Sep 2018 14:37:45|20|shiji@forstarfoods.com|DailyCatchEntry_New.php
14 Sep 2018 14:38:23|20|shiji@forstarfoods.com|DailyCatchEntry_New.php
14 Sep 2018 14:38:24|20|shiji@forstarfoods.com|CatchEntryDeclaredItem.php
14 Sep 2018 14:38:36|20|shiji@forstarfoods.com|DailyCatchEntry_New.php
14 Sep 2018 14:38:38|20|shiji@forstarfoods.com|DailyCatchEntry_New.php
14 Sep 2018 14:38:41|20|shiji@forstarfoods.com|DailyCatchEntry_New.php
14 Sep 2018 14:38:42|20|shiji@forstarfoods.com|DailyCatchEntry_New.php
14 Sep 2018 14:38:43|20|shiji@forstarfoods.com|DailyCatchEntry_New.php
14 Sep 2018 14:38:44|20|shiji@forstarfoods.com|DailyCatchEntry_New.php
14 Sep 2018 14:38:46|20|shiji@forstarfoods.com|DailyCatchEntry_New.php
14 Sep 2018 14:38:47|20|shiji@forstarfoods.com|DailyCatchEntry_New.php
14 Sep 2018 14:38:48|20|shiji@forstarfoods.com|DailyCatchEntry_New.php
14 Sep 2018 14:38:49|20|shiji@forstarfoods.com|DailyCatchEntry_New.php
14 Sep 2018 14:38:50|20|shiji@forstarfoods.com|DailyCatchEntry_New.php
14 Sep 2018 14:38:52|20|shiji@forstarfoods.com|DailyCatchEntry_New.php
14 Sep 2018 14:38:53|20|shiji@forstarfoods.com|DailyCatchEntry_New.php
14 Sep 2018 14:38:54|20|shiji@forstarfoods.com|DailyCatchEntry_New.php
14 Sep 2018 14:38:55|20|shiji@forstarfoods.com|DailyCatchEntry_New.php
14 Sep 2018 14:38:57|20|shiji@forstarfoods.com|DailyCatchEntry_New.php
14 Sep 2018 14:38:58|20|shiji@forstarfoods.com|DailyCatchEntry_New.php
14 Sep 2018 14:38:59|20|shiji@forstarfoods.com|DailyCatchEntry_New.php
14 Sep 2018 14:39:00|20|shiji@forstarfoods.com|DailyCatchEntry_New.php
14 Sep 2018 14:39:15|20|shiji@forstarfoods.com|DailyCatchEntry_New.php
14 Sep 2018 14:39:16|20|shiji@forstarfoods.com|CatchEntryDeclaredItem.php
14 Sep 2018 14:39:24|20|shiji@forstarfoods.com|DailyCatchEntry_New.php
14 Sep 2018 14:39:27|20|shiji@forstarfoods.com|DailyCatchEntry_New.php
14 Sep 2018 14:39:29|20|shiji@forstarfoods.com|DailyCatchEntry_New.php
14 Sep 2018 14:39:31|20|shiji@forstarfoods.com|DailyCatchEntry_New.php
14 Sep 2018 14:39:32|20|shiji@forstarfoods.com|DailyCatchEntry_New.php
14 Sep 2018 14:39:33|20|shiji@forstarfoods.com|DailyCatchEntry_New.php
14 Sep 2018 14:39:34|20|shiji@forstarfoods.com|DailyCatchEntry_New.php
14 Sep 2018 14:39:36|20|shiji@forstarfoods.com|DailyCatchEntry_New.php
14 Sep 2018 14:39:37|20|shiji@forstarfoods.com|DailyCatchEntry_New.php
14 Sep 2018 14:39:38|20|shiji@forstarfoods.com|DailyCatchEntry_New.php
14 Sep 2018 14:39:39|20|shiji@forstarfoods.com|DailyCatchEntry_New.php
14 Sep 2018 14:39:41|20|shiji@forstarfoods.com|DailyCatchEntry_New.php
14 Sep 2018 14:39:42|20|shiji@forstarfoods.com|DailyCatchEntry_New.php
14 Sep 2018 14:39:43|20|shiji@forstarfoods.com|DailyCatchEntry_New.php
14 Sep 2018 14:39:44|20|shiji@forstarfoods.com|DailyCatchEntry_New.php
14 Sep 2018 14:39:46|20|shiji@forstarfoods.com|DailyCatchEntry_New.php
14 Sep 2018 14:39:47|20|shiji@forstarfoods.com|DailyCatchEntry_New.php
14 Sep 2018 14:39:53|20|shiji@forstarfoods.com|DailyCatchEntry_New.php
14 Sep 2018 14:39:54|20|shiji@forstarfoods.com|CatchEntryDeclaredItem.php
14 Sep 2018 14:40:01|20|shiji@forstarfoods.com|DailyCatchEntry_New.php
14 Sep 2018 14:40:05|20|shiji@forstarfoods.com|DailyCatchEntry_New.php
14 Sep 2018 14:40:06|20|shiji@forstarfoods.com|CatchEntryDeclaredItem.php
14 Sep 2018 14:40:19|20|shiji@forstarfoods.com|DailyCatchEntry_New.php
14 Sep 2018 14:40:21|20|shiji@forstarfoods.com|DailyCatchEntry_New.php
14 Sep 2018 14:40:23|20|shiji@forstarfoods.com|DailyCatchEntry_New.php
14 Sep 2018 14:40:26|20|shiji@forstarfoods.com|DailyCatchEntry_New.php
14 Sep 2018 14:40:33|20|shiji@forstarfoods.com|DailyCatchEntry_New.php
14 Sep 2018 14:40:34|20|shiji@forstarfoods.com|DailyCatchEntry_New.php
14 Sep 2018 14:40:35|20|shiji@forstarfoods.com|DailyCatchEntry_New.php
14 Sep 2018 14:40:37|20|shiji@forstarfoods.com|DailyCatchEntry_New.php
14 Sep 2018 14:40:38|20|shiji@forstarfoods.com|DailyCatchEntry_New.php
14 Sep 2018 14:40:39|20|shiji@forstarfoods.com|DailyCatchEntry_New.php
14 Sep 2018 14:40:40|20|shiji@forstarfoods.com|DailyCatchEntry_New.php
14 Sep 2018 14:40:42|20|shiji@forstarfoods.com|DailyCatchEntry_New.php
14 Sep 2018 14:40:43|20|shiji@forstarfoods.com|DailyCatchEntry_New.php
14 Sep 2018 14:40:44|20|shiji@forstarfoods.com|DailyCatchEntry_New.php
14 Sep 2018 14:40:45|20|shiji@forstarfoods.com|DailyCatchEntry_New.php
14 Sep 2018 14:40:46|20|shiji@forstarfoods.com|DailyCatchEntry_New.php
14 Sep 2018 14:40:48|20|shiji@forstarfoods.com|DailyCatchEntry_New.php
14 Sep 2018 14:40:49|20|shiji@forstarfoods.com|DailyCatchEntry_New.php
14 Sep 2018 14:40:50|20|shiji@forstarfoods.com|DailyCatchEntry_New.php
14 Sep 2018 14:40:51|20|shiji@forstarfoods.com|DailyCatchEntry_New.php
14 Sep 2018 14:40:53|20|shiji@forstarfoods.com|DailyCatchEntry_New.php
14 Sep 2018 14:40:54|20|shiji@forstarfoods.com|DailyCatchEntry_New.php
14 Sep 2018 14:40:55|20|shiji@forstarfoods.com|DailyCatchEntry_New.php
14 Sep 2018 14:40:56|20|shiji@forstarfoods.com|DailyCatchEntry_New.php
14 Sep 2018 14:40:58|20|shiji@forstarfoods.com|DailyCatchEntry_New.php
14 Sep 2018 14:40:59|20|shiji@forstarfoods.com|DailyCatchEntry_New.php
14 Sep 2018 14:41:00|20|shiji@forstarfoods.com|DailyCatchEntry_New.php
14 Sep 2018 14:41:01|20|shiji@forstarfoods.com|DailyCatchEntry_New.php
14 Sep 2018 14:45:28|20|shiji@forstarfoods.com|DailyCatchEntry_New.php
14 Sep 2018 14:50:29|20|shiji@forstarfoods.com|DailyCatchEntry_New.php
14 Sep 2018 14:55:30|20|shiji@forstarfoods.com|DailyCatchEntry_New.php
14 Sep 2018 14:56:36|20|shiji@forstarfoods.com|DailyCatchEntry_New.php
14 Sep 2018 14:56:38|20|shiji@forstarfoods.com|DailyCatchEntry_New.php
14 Sep 2018 14:56:39|20|shiji@forstarfoods.com|DailyCatchEntry_New.php
14 Sep 2018 14:56:40|20|shiji@forstarfoods.com|DailyCatchEntry_New.php
14 Sep 2018 14:56:43|20|shiji@forstarfoods.com|DailyCatchEntry_New.php
14 Sep 2018 14:56:45|20|shiji@forstarfoods.com|CatchEntryDeclaredItem.php
14 Sep 2018 14:56:49|20|shiji@forstarfoods.com|DailyCatchEntry_New.php
14 Sep 2018 14:56:51|20|shiji@forstarfoods.com|DailyCatchEntry_New.php
14 Sep 2018 14:56:52|20|shiji@forstarfoods.com|DailyCatchEntry_New.php
14 Sep 2018 14:56:54|20|shiji@forstarfoods.com|DailyCatchEntry_New.php
14 Sep 2018 14:57:00|20|shiji@forstarfoods.com|DailyCatchEntry_New.php
14 Sep 2018 14:57:01|20|shiji@forstarfoods.com|CatchEntryDeclaredItem.php
14 Sep 2018 14:57:16|20|shiji@forstarfoods.com|DailyCatchEntry_New.php
14 Sep 2018 14:57:23|20|shiji@forstarfoods.com|DailyCatchEntry_New.php
14 Sep 2018 14:57:25|20|shiji@forstarfoods.com|DailyCatchEntry_New.php
14 Sep 2018 14:57:28|20|shiji@forstarfoods.com|DailyCatchEntry_New.php
14 Sep 2018 14:57:29|20|shiji@forstarfoods.com|DailyCatchEntry_New.php
14 Sep 2018 14:57:30|20|shiji@forstarfoods.com|DailyCatchEntry_New.php
14 Sep 2018 14:57:31|20|shiji@forstarfoods.com|DailyCatchEntry_New.php
14 Sep 2018 14:57:33|20|shiji@forstarfoods.com|DailyCatchEntry_New.php
14 Sep 2018 14:57:34|20|shiji@forstarfoods.com|DailyCatchEntry_New.php
14 Sep 2018 14:57:35|20|shiji@forstarfoods.com|DailyCatchEntry_New.php
14 Sep 2018 14:57:36|20|shiji@forstarfoods.com|DailyCatchEntry_New.php
14 Sep 2018 14:57:37|20|shiji@forstarfoods.com|DailyCatchEntry_New.php
14 Sep 2018 14:57:39|20|shiji@forstarfoods.com|DailyCatchEntry_New.php
14 Sep 2018 14:57:40|20|shiji@forstarfoods.com|DailyCatchEntry_New.php
14 Sep 2018 14:57:41|20|shiji@forstarfoods.com|DailyCatchEntry_New.php
14 Sep 2018 14:57:42|20|shiji@forstarfoods.com|DailyCatchEntry_New.php
14 Sep 2018 14:57:44|20|shiji@forstarfoods.com|DailyCatchEntry_New.php
14 Sep 2018 14:57:45|20|shiji@forstarfoods.com|DailyCatchEntry_New.php
14 Sep 2018 14:57:46|20|shiji@forstarfoods.com|DailyCatchEntry_New.php
14 Sep 2018 14:57:47|20|shiji@forstarfoods.com|DailyCatchEntry_New.php
14 Sep 2018 14:57:49|20|shiji@forstarfoods.com|DailyCatchEntry_New.php
14 Sep 2018 14:57:50|20|shiji@forstarfoods.com|DailyCatchEntry_New.php
14 Sep 2018 14:57:51|20|shiji@forstarfoods.com|DailyCatchEntry_New.php
14 Sep 2018 14:57:52|20|shiji@forstarfoods.com|DailyCatchEntry_New.php
14 Sep 2018 14:57:54|20|shiji@forstarfoods.com|DailyCatchEntry_New.php
14 Sep 2018 14:57:55|20|shiji@forstarfoods.com|DailyCatchEntry_New.php
14 Sep 2018 14:57:56|20|shiji@forstarfoods.com|DailyCatchEntry_New.php
14 Sep 2018 14:57:57|20|shiji@forstarfoods.com|DailyCatchEntry_New.php
14 Sep 2018 14:57:58|20|shiji@forstarfoods.com|DailyCatchEntry_New.php
14 Sep 2018 14:58:00|20|shiji@forstarfoods.com|DailyCatchEntry_New.php
14 Sep 2018 14:58:01|20|shiji@forstarfoods.com|DailyCatchEntry_New.php
14 Sep 2018 14:58:02|20|shiji@forstarfoods.com|DailyCatchEntry_New.php
14 Sep 2018 14:58:03|20|shiji@forstarfoods.com|DailyCatchEntry_New.php
14 Sep 2018 14:58:05|20|shiji@forstarfoods.com|DailyCatchEntry_New.php
14 Sep 2018 14:58:06|20|shiji@forstarfoods.com|DailyCatchEntry_New.php
14 Sep 2018 14:58:20|20|shiji@forstarfoods.com|DailyCatchEntry_New.php
14 Sep 2018 14:58:22|20|shiji@forstarfoods.com|DailyCatchEntry_New.php
14 Sep 2018 14:58:24|20|shiji@forstarfoods.com|CatchEntryDeclaredItem.php
14 Sep 2018 14:58:26|20|shiji@forstarfoods.com|DailyCatchEntry_New.php
14 Sep 2018 14:58:29|20|shiji@forstarfoods.com|DailyCatchEntry_New.php
14 Sep 2018 14:58:31|20|shiji@forstarfoods.com|DailyCatchEntry_New.php
14 Sep 2018 14:58:33|20|shiji@forstarfoods.com|DailyCatchEntry_New.php
14 Sep 2018 14:58:34|20|shiji@forstarfoods.com|DailyCatchEntry_New.php
14 Sep 2018 14:58:35|20|shiji@forstarfoods.com|DailyCatchEntry_New.php
14 Sep 2018 14:58:36|20|shiji@forstarfoods.com|DailyCatchEntry_New.php
14 Sep 2018 14:58:38|20|shiji@forstarfoods.com|DailyCatchEntry_New.php
14 Sep 2018 14:58:39|20|shiji@forstarfoods.com|DailyCatchEntry_New.php
14 Sep 2018 14:58:40|20|shiji@forstarfoods.com|DailyCatchEntry_New.php
14 Sep 2018 14:58:41|20|shiji@forstarfoods.com|DailyCatchEntry_New.php
14 Sep 2018 14:58:42|20|shiji@forstarfoods.com|DailyCatchEntry_New.php
14 Sep 2018 14:58:44|20|shiji@forstarfoods.com|DailyCatchEntry_New.php
14 Sep 2018 14:58:45|20|shiji@forstarfoods.com|DailyCatchEntry_New.php
14 Sep 2018 14:58:46|20|shiji@forstarfoods.com|DailyCatchEntry_New.php
14 Sep 2018 14:58:47|20|shiji@forstarfoods.com|DailyCatchEntry_New.php
14 Sep 2018 14:58:49|20|shiji@forstarfoods.com|DailyCatchEntry_New.php
14 Sep 2018 14:58:50|20|shiji@forstarfoods.com|DailyCatchEntry_New.php
14 Sep 2018 14:58:58|20|shiji@forstarfoods.com|DailyCatchEntry_New.php
14 Sep 2018 14:59:01|20|shiji@forstarfoods.com|DailyCatchEntry_New.php
14 Sep 2018 14:59:02|20|shiji@forstarfoods.com|CatchEntryDeclaredItem.php
14 Sep 2018 14:59:13|20|shiji@forstarfoods.com|DailyCatchEntry_New.php
14 Sep 2018 14:59:16|20|shiji@forstarfoods.com|DailyCatchEntry_New.php
14 Sep 2018 14:59:19|20|shiji@forstarfoods.com|DailyCatchEntry_New.php
14 Sep 2018 14:59:21|20|shiji@forstarfoods.com|DailyCatchEntry_New.php
14 Sep 2018 14:59:22|20|shiji@forstarfoods.com|DailyCatchEntry_New.php
14 Sep 2018 14:59:23|20|shiji@forstarfoods.com|DailyCatchEntry_New.php
14 Sep 2018 14:59:24|20|shiji@forstarfoods.com|DailyCatchEntry_New.php
14 Sep 2018 14:59:26|20|shiji@forstarfoods.com|DailyCatchEntry_New.php
14 Sep 2018 14:59:27|20|shiji@forstarfoods.com|DailyCatchEntry_New.php
14 Sep 2018 14:59:28|20|shiji@forstarfoods.com|DailyCatchEntry_New.php
14 Sep 2018 14:59:29|20|shiji@forstarfoods.com|DailyCatchEntry_New.php
14 Sep 2018 14:59:30|20|shiji@forstarfoods.com|DailyCatchEntry_New.php
14 Sep 2018 14:59:32|20|shiji@forstarfoods.com|DailyCatchEntry_New.php
14 Sep 2018 14:59:33|20|shiji@forstarfoods.com|DailyCatchEntry_New.php
14 Sep 2018 14:59:36|20|shiji@forstarfoods.com|DailyCatchEntry_New.php
14 Sep 2018 14:59:40|20|shiji@forstarfoods.com|DailyCatchEntry_New.php
14 Sep 2018 14:59:41|20|shiji@forstarfoods.com|CatchEntryDeclaredItem.php
14 Sep 2018 15:00:05|20|shiji@forstarfoods.com|DailyCatchEntry_New.php
14 Sep 2018 15:00:12|20|shiji@forstarfoods.com|DailyCatchEntry_New.php
14 Sep 2018 15:00:13|20|shiji@forstarfoods.com|CatchEntryDeclaredItem.php
14 Sep 2018 15:00:31|20|shiji@forstarfoods.com|DailyCatchEntry_New.php
14 Sep 2018 15:00:32|20|shiji@forstarfoods.com|DailyCatchEntry_New.php
14 Sep 2018 15:00:34|20|shiji@forstarfoods.com|DailyCatchEntry_New.php
14 Sep 2018 15:00:37|20|shiji@forstarfoods.com|DailyCatchEntry_New.php
14 Sep 2018 15:00:38|20|shiji@forstarfoods.com|DailyCatchEntry_New.php
14 Sep 2018 15:00:39|20|shiji@forstarfoods.com|DailyCatchEntry_New.php
14 Sep 2018 15:00:40|20|shiji@forstarfoods.com|DailyCatchEntry_New.php
14 Sep 2018 15:00:44|20|shiji@forstarfoods.com|DailyCatchEntry_New.php
14 Sep 2018 15:00:45|20|shiji@forstarfoods.com|DailyCatchEntry_New.php
14 Sep 2018 15:00:47|20|shiji@forstarfoods.com|DailyCatchEntry_New.php
14 Sep 2018 15:00:48|20|shiji@forstarfoods.com|DailyCatchEntry_New.php
14 Sep 2018 15:00:49|20|shiji@forstarfoods.com|DailyCatchEntry_New.php
14 Sep 2018 15:00:50|20|shiji@forstarfoods.com|DailyCatchEntry_New.php
14 Sep 2018 15:00:52|20|shiji@forstarfoods.com|DailyCatchEntry_New.php
14 Sep 2018 15:00:53|20|shiji@forstarfoods.com|DailyCatchEntry_New.php
14 Sep 2018 15:01:10|20|shiji@forstarfoods.com|DailyCatchEntry_New.php
14 Sep 2018 15:01:12|20|shiji@forstarfoods.com|DailyCatchEntry_New.php
14 Sep 2018 15:01:14|20|shiji@forstarfoods.com|CatchEntryDeclaredItem.php
14 Sep 2018 15:01:19|20|shiji@forstarfoods.com|DailyCatchEntry_New.php
14 Sep 2018 15:01:21|20|shiji@forstarfoods.com|DailyCatchEntry_New.php
14 Sep 2018 15:01:24|20|shiji@forstarfoods.com|DailyCatchEntry_New.php
14 Sep 2018 15:01:25|20|shiji@forstarfoods.com|DailyCatchEntry_New.php
14 Sep 2018 15:01:27|20|shiji@forstarfoods.com|DailyCatchEntry_New.php
14 Sep 2018 15:01:28|20|shiji@forstarfoods.com|DailyCatchEntry_New.php
14 Sep 2018 15:01:29|20|shiji@forstarfoods.com|DailyCatchEntry_New.php
14 Sep 2018 15:01:30|20|shiji@forstarfoods.com|DailyCatchEntry_New.php
14 Sep 2018 15:01:31|20|shiji@forstarfoods.com|DailyCatchEntry_New.php
14 Sep 2018 15:01:33|20|shiji@forstarfoods.com|DailyCatchEntry_New.php
14 Sep 2018 15:01:34|20|shiji@forstarfoods.com|DailyCatchEntry_New.php
14 Sep 2018 15:01:35|20|shiji@forstarfoods.com|DailyCatchEntry_New.php
14 Sep 2018 15:01:36|20|shiji@forstarfoods.com|DailyCatchEntry_New.php
14 Sep 2018 15:01:38|20|shiji@forstarfoods.com|DailyCatchEntry_New.php
14 Sep 2018 15:01:39|20|shiji@forstarfoods.com|DailyCatchEntry_New.php
14 Sep 2018 15:01:40|20|shiji@forstarfoods.com|DailyCatchEntry_New.php
14 Sep 2018 15:01:41|20|shiji@forstarfoods.com|DailyCatchEntry_New.php
14 Sep 2018 15:01:43|20|shiji@forstarfoods.com|DailyCatchEntry_New.php
14 Sep 2018 15:02:13|20|shiji@forstarfoods.com|DailyCatchEntry_New.php
14 Sep 2018 15:02:16|20|shiji@forstarfoods.com|DailyCatchEntry_New.php
14 Sep 2018 15:02:17|20|shiji@forstarfoods.com|CatchEntryDeclaredItem.php
14 Sep 2018 15:02:21|20|shiji@forstarfoods.com|DailyCatchEntry_New.php
14 Sep 2018 15:02:23|20|shiji@forstarfoods.com|DailyCatchEntry_New.php
14 Sep 2018 15:02:25|20|shiji@forstarfoods.com|DailyCatchEntry_New.php
14 Sep 2018 15:02:27|20|shiji@forstarfoods.com|DailyCatchEntry_New.php
14 Sep 2018 15:02:28|20|shiji@forstarfoods.com|DailyCatchEntry_New.php
14 Sep 2018 15:02:29|20|shiji@forstarfoods.com|DailyCatchEntry_New.php
14 Sep 2018 15:02:30|20|shiji@forstarfoods.com|DailyCatchEntry_New.php
14 Sep 2018 15:02:32|20|shiji@forstarfoods.com|DailyCatchEntry_New.php
14 Sep 2018 15:02:33|20|shiji@forstarfoods.com|DailyCatchEntry_New.php
14 Sep 2018 15:02:34|20|shiji@forstarfoods.com|DailyCatchEntry_New.php
14 Sep 2018 15:02:42|20|shiji@forstarfoods.com|DailyCatchEntry_New.php
14 Sep 2018 15:02:47|20|shiji@forstarfoods.com|DailyCatchEntry_New.php
14 Sep 2018 15:02:48|20|shiji@forstarfoods.com|CatchEntryDeclaredItem.php
14 Sep 2018 15:02:54|20|shiji@forstarfoods.com|DailyCatchEntry_New.php
14 Sep 2018 15:02:55|20|shiji@forstarfoods.com|DailyCatchEntry_New.php
14 Sep 2018 15:02:56|20|shiji@forstarfoods.com|DailyCatchEntry_New.php
14 Sep 2018 15:02:58|20|shiji@forstarfoods.com|DailyCatchEntry_New.php
14 Sep 2018 15:03:03|20|shiji@forstarfoods.com|DailyCatchEntry_New.php
14 Sep 2018 15:03:05|20|shiji@forstarfoods.com|CatchEntryDeclaredItem.php
14 Sep 2018 15:03:08|20|shiji@forstarfoods.com|DailyCatchEntry_New.php
14 Sep 2018 15:03:12|20|shiji@forstarfoods.com|DailyCatchEntry_New.php
14 Sep 2018 15:03:14|20|shiji@forstarfoods.com|CatchEntryDeclaredItem.php
14 Sep 2018 15:03:29|20|shiji@forstarfoods.com|DailyCatchEntry_New.php
14 Sep 2018 15:03:34|20|shiji@forstarfoods.com|DailyCatchEntry_New.php
14 Sep 2018 15:03:36|20|shiji@forstarfoods.com|DailyCatchEntry_New.php
14 Sep 2018 15:03:38|20|shiji@forstarfoods.com|DailyCatchEntry_New.php
14 Sep 2018 15:03:39|20|shiji@forstarfoods.com|DailyCatchEntry_New.php
14 Sep 2018 15:03:41|20|shiji@forstarfoods.com|DailyCatchEntry_New.php
14 Sep 2018 15:03:42|20|shiji@forstarfoods.com|DailyCatchEntry_New.php
14 Sep 2018 15:03:43|20|shiji@forstarfoods.com|DailyCatchEntry_New.php
14 Sep 2018 15:03:44|20|shiji@forstarfoods.com|DailyCatchEntry_New.php
14 Sep 2018 15:05:03|20|shiji@forstarfoods.com|DailyCatchEntry_New.php
14 Sep 2018 15:05:05|20|shiji@forstarfoods.com|DailyCatchEntry_New.php
14 Sep 2018 15:05:07|20|shiji@forstarfoods.com|CatchEntryDeclaredItem.php
14 Sep 2018 15:05:13|20|shiji@forstarfoods.com|DailyCatchEntry_New.php
14 Sep 2018 15:05:16|20|shiji@forstarfoods.com|DailyCatchEntry_New.php
14 Sep 2018 15:05:19|20|shiji@forstarfoods.com|DailyCatchEntry_New.php
14 Sep 2018 15:05:20|20|shiji@forstarfoods.com|DailyCatchEntry_New.php
14 Sep 2018 15:05:21|20|shiji@forstarfoods.com|DailyCatchEntry_New.php
14 Sep 2018 15:05:22|20|shiji@forstarfoods.com|DailyCatchEntry_New.php
14 Sep 2018 15:05:24|20|shiji@forstarfoods.com|DailyCatchEntry_New.php
14 Sep 2018 15:05:25|20|shiji@forstarfoods.com|DailyCatchEntry_New.php
14 Sep 2018 15:05:26|20|shiji@forstarfoods.com|DailyCatchEntry_New.php
14 Sep 2018 15:05:27|20|shiji@forstarfoods.com|DailyCatchEntry_New.php
14 Sep 2018 15:05:29|20|shiji@forstarfoods.com|DailyCatchEntry_New.php
14 Sep 2018 15:05:30|20|shiji@forstarfoods.com|DailyCatchEntry_New.php
14 Sep 2018 15:05:31|20|shiji@forstarfoods.com|DailyCatchEntry_New.php
14 Sep 2018 15:05:32|20|shiji@forstarfoods.com|DailyCatchEntry_New.php
14 Sep 2018 15:05:34|20|shiji@forstarfoods.com|DailyCatchEntry_New.php
14 Sep 2018 15:05:35|20|shiji@forstarfoods.com|DailyCatchEntry_New.php
14 Sep 2018 15:05:36|20|shiji@forstarfoods.com|DailyCatchEntry_New.php
14 Sep 2018 15:05:37|20|shiji@forstarfoods.com|DailyCatchEntry_New.php
14 Sep 2018 15:05:39|20|shiji@forstarfoods.com|DailyCatchEntry_New.php
14 Sep 2018 15:05:40|20|shiji@forstarfoods.com|DailyCatchEntry_New.php
14 Sep 2018 15:05:41|20|shiji@forstarfoods.com|DailyCatchEntry_New.php
14 Sep 2018 15:05:42|20|shiji@forstarfoods.com|DailyCatchEntry_New.php
14 Sep 2018 15:05:43|20|shiji@forstarfoods.com|DailyCatchEntry_New.php
14 Sep 2018 15:05:45|20|shiji@forstarfoods.com|DailyCatchEntry_New.php
14 Sep 2018 15:05:46|20|shiji@forstarfoods.com|DailyCatchEntry_New.php
14 Sep 2018 15:05:47|20|shiji@forstarfoods.com|DailyCatchEntry_New.php
14 Sep 2018 15:05:48|20|shiji@forstarfoods.com|DailyCatchEntry_New.php
14 Sep 2018 15:06:54|20|shiji@forstarfoods.com|DailyCatchEntry_New.php
14 Sep 2018 15:06:56|20|shiji@forstarfoods.com|DailyCatchEntry_New.php
14 Sep 2018 15:06:58|20|shiji@forstarfoods.com|CatchEntryDeclaredItem.php
14 Sep 2018 15:07:00|20|shiji@forstarfoods.com|DailyCatchEntry_New.php
14 Sep 2018 15:07:03|20|shiji@forstarfoods.com|DailyCatchEntry_New.php
14 Sep 2018 15:07:08|20|shiji@forstarfoods.com|DailyCatchEntry_New.php
14 Sep 2018 15:07:09|20|shiji@forstarfoods.com|DailyCatchEntry_New.php
14 Sep 2018 15:07:10|20|shiji@forstarfoods.com|DailyCatchEntry_New.php
14 Sep 2018 15:07:11|20|shiji@forstarfoods.com|DailyCatchEntry_New.php
14 Sep 2018 15:07:13|20|shiji@forstarfoods.com|DailyCatchEntry_New.php
14 Sep 2018 15:07:14|20|shiji@forstarfoods.com|DailyCatchEntry_New.php
14 Sep 2018 15:07:15|20|shiji@forstarfoods.com|DailyCatchEntry_New.php
14 Sep 2018 15:07:16|20|shiji@forstarfoods.com|DailyCatchEntry_New.php
14 Sep 2018 15:07:18|20|shiji@forstarfoods.com|DailyCatchEntry_New.php
14 Sep 2018 15:07:19|20|shiji@forstarfoods.com|DailyCatchEntry_New.php
14 Sep 2018 15:07:20|20|shiji@forstarfoods.com|DailyCatchEntry_New.php
14 Sep 2018 15:07:21|20|shiji@forstarfoods.com|DailyCatchEntry_New.php
14 Sep 2018 15:07:23|20|shiji@forstarfoods.com|DailyCatchEntry_New.php
14 Sep 2018 15:07:24|20|shiji@forstarfoods.com|DailyCatchEntry_New.php
14 Sep 2018 15:07:25|20|shiji@forstarfoods.com|DailyCatchEntry_New.php
14 Sep 2018 15:07:26|20|shiji@forstarfoods.com|DailyCatchEntry_New.php
14 Sep 2018 15:07:30|20|shiji@forstarfoods.com|DailyCatchEntry_New.php
14 Sep 2018 15:07:35|20|shiji@forstarfoods.com|DailyCatchEntry_New.php
14 Sep 2018 15:07:37|20|shiji@forstarfoods.com|CatchEntryDeclaredItem.php
14 Sep 2018 15:09:00|20|shiji@forstarfoods.com|DailyCatchEntry_New.php
14 Sep 2018 15:09:02|20|shiji@forstarfoods.com|DailyCatchEntry_New.php
14 Sep 2018 15:09:03|20|shiji@forstarfoods.com|DailyCatchEntry_New.php
14 Sep 2018 15:10:50|20|shiji@forstarfoods.com|DailyCatchEntry_New.php
14 Sep 2018 15:10:56|20|shiji@forstarfoods.com|DailyCatchEntry_New.php
14 Sep 2018 15:11:09|20|shiji@forstarfoods.com|DailyCatchEntry_New.php
14 Sep 2018 15:11:10|20|shiji@forstarfoods.com|CatchEntryDeclaredItem.php
14 Sep 2018 15:11:39|20|shiji@forstarfoods.com|DailyCatchEntry_New.php
14 Sep 2018 15:11:40|20|shiji@forstarfoods.com|DailyCatchEntry_New.php
14 Sep 2018 15:11:41|20|shiji@forstarfoods.com|DailyCatchEntry_New.php
14 Sep 2018 15:11:45|20|shiji@forstarfoods.com|DailyCatchEntry_New.php
14 Sep 2018 15:11:49|20|shiji@forstarfoods.com|DailyCatchEntry_New.php
14 Sep 2018 15:14:06|20|shiji@forstarfoods.com|DailyCatchEntry_New.php
14 Sep 2018 15:14:07|20|shiji@forstarfoods.com|DailyCatchEntry_New.php
14 Sep 2018 15:14:08|20|shiji@forstarfoods.com|DailyCatchEntry_New.php
14 Sep 2018 15:14:09|20|shiji@forstarfoods.com|DailyCatchEntry_New.php
14 Sep 2018 15:14:11|20|shiji@forstarfoods.com|DailyCatchEntry_New.php
14 Sep 2018 15:14:12|20|shiji@forstarfoods.com|DailyCatchEntry_New.php
14 Sep 2018 15:14:19|20|shiji@forstarfoods.com|DailyCatchEntry_New.php
14 Sep 2018 15:14:20|20|shiji@forstarfoods.com|DailyCatchEntry_New.php
14 Sep 2018 15:14:21|20|shiji@forstarfoods.com|DailyCatchEntry_New.php
14 Sep 2018 15:14:22|20|shiji@forstarfoods.com|DailyCatchEntry_New.php
14 Sep 2018 15:14:23|20|shiji@forstarfoods.com|DailyCatchEntry_New.php
14 Sep 2018 15:14:25|20|shiji@forstarfoods.com|DailyCatchEntry_New.php
14 Sep 2018 15:14:37|20|shiji@forstarfoods.com|DailyCatchEntry_New.php
14 Sep 2018 15:14:39|20|shiji@forstarfoods.com|DailyCatchEntry_New.php
14 Sep 2018 15:14:40|20|shiji@forstarfoods.com|CatchEntryDeclaredItem.php
14 Sep 2018 15:14:44|20|shiji@forstarfoods.com|DailyCatchEntry_New.php
14 Sep 2018 15:14:47|20|shiji@forstarfoods.com|DailyCatchEntry_New.php
14 Sep 2018 15:14:49|20|shiji@forstarfoods.com|DailyCatchEntry_New.php
14 Sep 2018 15:14:51|20|shiji@forstarfoods.com|DailyCatchEntry_New.php
14 Sep 2018 15:14:52|20|shiji@forstarfoods.com|DailyCatchEntry_New.php
14 Sep 2018 15:14:53|20|shiji@forstarfoods.com|DailyCatchEntry_New.php
14 Sep 2018 15:14:54|20|shiji@forstarfoods.com|DailyCatchEntry_New.php
14 Sep 2018 15:14:56|20|shiji@forstarfoods.com|DailyCatchEntry_New.php
14 Sep 2018 15:14:57|20|shiji@forstarfoods.com|DailyCatchEntry_New.php
14 Sep 2018 15:14:58|20|shiji@forstarfoods.com|DailyCatchEntry_New.php
14 Sep 2018 15:14:59|20|shiji@forstarfoods.com|DailyCatchEntry_New.php
14 Sep 2018 15:15:00|20|shiji@forstarfoods.com|DailyCatchEntry_New.php
14 Sep 2018 15:15:02|20|shiji@forstarfoods.com|DailyCatchEntry_New.php
14 Sep 2018 15:15:03|20|shiji@forstarfoods.com|DailyCatchEntry_New.php
14 Sep 2018 15:15:04|20|shiji@forstarfoods.com|DailyCatchEntry_New.php
14 Sep 2018 15:15:05|20|shiji@forstarfoods.com|DailyCatchEntry_New.php
14 Sep 2018 15:15:07|20|shiji@forstarfoods.com|DailyCatchEntry_New.php
14 Sep 2018 15:15:08|20|shiji@forstarfoods.com|DailyCatchEntry_New.php
14 Sep 2018 15:15:35|20|shiji@forstarfoods.com|DailyCatchEntry_New.php
14 Sep 2018 15:15:38|20|shiji@forstarfoods.com|DailyCatchEntry_New.php
14 Sep 2018 15:15:39|20|shiji@forstarfoods.com|CatchEntryDeclaredItem.php
14 Sep 2018 15:15:44|20|shiji@forstarfoods.com|DailyCatchEntry_New.php
14 Sep 2018 15:15:46|20|shiji@forstarfoods.com|DailyCatchEntry_New.php
14 Sep 2018 15:15:49|20|shiji@forstarfoods.com|DailyCatchEntry_New.php
14 Sep 2018 15:15:50|20|shiji@forstarfoods.com|DailyCatchEntry_New.php
14 Sep 2018 15:15:51|20|shiji@forstarfoods.com|DailyCatchEntry_New.php
14 Sep 2018 15:15:52|20|shiji@forstarfoods.com|DailyCatchEntry_New.php
14 Sep 2018 15:15:53|20|shiji@forstarfoods.com|DailyCatchEntry_New.php
14 Sep 2018 15:15:55|20|shiji@forstarfoods.com|DailyCatchEntry_New.php
14 Sep 2018 15:15:56|20|shiji@forstarfoods.com|DailyCatchEntry_New.php
14 Sep 2018 15:15:57|20|shiji@forstarfoods.com|DailyCatchEntry_New.php
14 Sep 2018 15:15:58|20|shiji@forstarfoods.com|DailyCatchEntry_New.php
14 Sep 2018 15:16:00|20|shiji@forstarfoods.com|DailyCatchEntry_New.php
14 Sep 2018 15:16:01|20|shiji@forstarfoods.com|DailyCatchEntry_New.php
14 Sep 2018 15:16:12|20|shiji@forstarfoods.com|DailyCatchEntry_New.php
14 Sep 2018 15:16:13|20|shiji@forstarfoods.com|DailyCatchEntry_New.php
14 Sep 2018 15:16:15|20|shiji@forstarfoods.com|DailyCatchEntry_New.php
14 Sep 2018 15:16:16|20|shiji@forstarfoods.com|DailyCatchEntry_New.php
14 Sep 2018 15:16:17|20|shiji@forstarfoods.com|DailyCatchEntry_New.php
14 Sep 2018 15:16:18|20|shiji@forstarfoods.com|DailyCatchEntry_New.php
14 Sep 2018 15:16:20|20|shiji@forstarfoods.com|DailyCatchEntry_New.php
14 Sep 2018 15:16:21|20|shiji@forstarfoods.com|DailyCatchEntry_New.php
14 Sep 2018 15:16:22|20|shiji@forstarfoods.com|DailyCatchEntry_New.php
14 Sep 2018 15:16:23|20|shiji@forstarfoods.com|DailyCatchEntry_New.php
14 Sep 2018 15:16:25|20|shiji@forstarfoods.com|DailyCatchEntry_New.php
14 Sep 2018 15:16:26|20|shiji@forstarfoods.com|DailyCatchEntry_New.php
14 Sep 2018 15:16:27|20|shiji@forstarfoods.com|DailyCatchEntry_New.php
14 Sep 2018 15:16:28|20|shiji@forstarfoods.com|DailyCatchEntry_New.php
14 Sep 2018 15:16:30|20|shiji@forstarfoods.com|DailyCatchEntry_New.php
14 Sep 2018 15:16:31|20|shiji@forstarfoods.com|DailyCatchEntry_New.php
14 Sep 2018 15:16:32|20|shiji@forstarfoods.com|DailyCatchEntry_New.php
14 Sep 2018 15:16:33|20|shiji@forstarfoods.com|DailyCatchEntry_New.php
14 Sep 2018 15:16:35|20|shiji@forstarfoods.com|DailyCatchEntry_New.php
14 Sep 2018 15:16:36|20|shiji@forstarfoods.com|DailyCatchEntry_New.php
14 Sep 2018 15:16:37|20|shiji@forstarfoods.com|DailyCatchEntry_New.php
14 Sep 2018 15:16:38|20|shiji@forstarfoods.com|DailyCatchEntry_New.php
14 Sep 2018 15:16:39|20|shiji@forstarfoods.com|DailyCatchEntry_New.php
14 Sep 2018 15:16:41|20|shiji@forstarfoods.com|DailyCatchEntry_New.php
14 Sep 2018 15:16:42|20|shiji@forstarfoods.com|DailyCatchEntry_New.php
14 Sep 2018 15:16:43|20|shiji@forstarfoods.com|DailyCatchEntry_New.php
14 Sep 2018 15:16:44|20|shiji@forstarfoods.com|DailyCatchEntry_New.php
14 Sep 2018 15:16:46|20|shiji@forstarfoods.com|DailyCatchEntry_New.php
14 Sep 2018 15:16:47|20|shiji@forstarfoods.com|DailyCatchEntry_New.php
14 Sep 2018 15:16:48|20|shiji@forstarfoods.com|DailyCatchEntry_New.php
14 Sep 2018 15:16:49|20|shiji@forstarfoods.com|DailyCatchEntry_New.php
14 Sep 2018 15:16:51|20|shiji@forstarfoods.com|DailyCatchEntry_New.php
14 Sep 2018 15:16:52|20|shiji@forstarfoods.com|DailyCatchEntry_New.php
14 Sep 2018 15:16:53|20|shiji@forstarfoods.com|DailyCatchEntry_New.php
14 Sep 2018 15:16:54|20|shiji@forstarfoods.com|DailyCatchEntry_New.php
14 Sep 2018 15:16:56|20|shiji@forstarfoods.com|DailyCatchEntry_New.php
14 Sep 2018 15:16:57|20|shiji@forstarfoods.com|DailyCatchEntry_New.php
14 Sep 2018 15:16:58|20|shiji@forstarfoods.com|DailyCatchEntry_New.php
14 Sep 2018 15:16:59|20|shiji@forstarfoods.com|DailyCatchEntry_New.php
14 Sep 2018 15:17:01|20|shiji@forstarfoods.com|DailyCatchEntry_New.php
14 Sep 2018 15:17:02|20|shiji@forstarfoods.com|DailyCatchEntry_New.php
14 Sep 2018 15:17:03|20|shiji@forstarfoods.com|DailyCatchEntry_New.php
14 Sep 2018 15:17:06|20|shiji@forstarfoods.com|DailyCatchEntry_New.php
14 Sep 2018 15:17:09|20|shiji@forstarfoods.com|DailyCatchEntry_New.php
14 Sep 2018 15:17:10|20|shiji@forstarfoods.com|CatchEntryDeclaredItem.php
14 Sep 2018 15:17:14|20|shiji@forstarfoods.com|DailyCatchEntry_New.php
14 Sep 2018 15:17:16|20|shiji@forstarfoods.com|DailyCatchEntry_New.php
14 Sep 2018 15:17:18|20|shiji@forstarfoods.com|DailyCatchEntry_New.php
14 Sep 2018 15:17:19|20|shiji@forstarfoods.com|DailyCatchEntry_New.php
14 Sep 2018 15:17:21|20|shiji@forstarfoods.com|DailyCatchEntry_New.php
14 Sep 2018 15:17:22|20|shiji@forstarfoods.com|DailyCatchEntry_New.php
14 Sep 2018 15:17:23|20|shiji@forstarfoods.com|DailyCatchEntry_New.php
14 Sep 2018 15:17:24|20|shiji@forstarfoods.com|DailyCatchEntry_New.php
14 Sep 2018 15:17:26|20|shiji@forstarfoods.com|DailyCatchEntry_New.php
14 Sep 2018 15:17:27|20|shiji@forstarfoods.com|DailyCatchEntry_New.php
14 Sep 2018 15:17:28|20|shiji@forstarfoods.com|DailyCatchEntry_New.php
14 Sep 2018 15:17:29|20|shiji@forstarfoods.com|DailyCatchEntry_New.php
14 Sep 2018 15:17:31|20|shiji@forstarfoods.com|DailyCatchEntry_New.php
14 Sep 2018 15:17:32|20|shiji@forstarfoods.com|DailyCatchEntry_New.php
14 Sep 2018 15:17:33|20|shiji@forstarfoods.com|DailyCatchEntry_New.php
14 Sep 2018 15:17:34|20|shiji@forstarfoods.com|DailyCatchEntry_New.php
14 Sep 2018 15:17:36|20|shiji@forstarfoods.com|DailyCatchEntry_New.php
14 Sep 2018 15:17:38|20|shiji@forstarfoods.com|DailyCatchEntry_New.php
14 Sep 2018 15:17:39|20|shiji@forstarfoods.com|CatchEntryDeclaredItem.php
14 Sep 2018 15:17:43|20|shiji@forstarfoods.com|DailyCatchEntry_New.php
14 Sep 2018 15:17:46|20|shiji@forstarfoods.com|DailyCatchEntry_New.php
14 Sep 2018 15:17:48|20|shiji@forstarfoods.com|DailyCatchEntry_New.php
14 Sep 2018 15:17:49|20|shiji@forstarfoods.com|DailyCatchEntry_New.php
14 Sep 2018 15:17:50|20|shiji@forstarfoods.com|DailyCatchEntry_New.php
14 Sep 2018 15:17:51|20|shiji@forstarfoods.com|DailyCatchEntry_New.php
14 Sep 2018 15:17:53|20|shiji@forstarfoods.com|DailyCatchEntry_New.php
14 Sep 2018 15:17:54|20|shiji@forstarfoods.com|DailyCatchEntry_New.php
14 Sep 2018 15:17:55|20|shiji@forstarfoods.com|DailyCatchEntry_New.php
14 Sep 2018 15:17:56|20|shiji@forstarfoods.com|DailyCatchEntry_New.php
14 Sep 2018 15:17:58|20|shiji@forstarfoods.com|DailyCatchEntry_New.php
14 Sep 2018 15:17:59|20|shiji@forstarfoods.com|DailyCatchEntry_New.php
14 Sep 2018 15:18:00|20|shiji@forstarfoods.com|DailyCatchEntry_New.php
14 Sep 2018 15:18:01|20|shiji@forstarfoods.com|DailyCatchEntry_New.php
14 Sep 2018 15:18:03|20|shiji@forstarfoods.com|DailyCatchEntry_New.php
14 Sep 2018 15:18:05|20|shiji@forstarfoods.com|DailyCatchEntry_New.php
14 Sep 2018 15:18:07|20|shiji@forstarfoods.com|CatchEntryDeclaredItem.php
14 Sep 2018 15:18:11|20|shiji@forstarfoods.com|DailyCatchEntry_New.php
14 Sep 2018 15:18:14|20|shiji@forstarfoods.com|DailyCatchEntry_New.php
14 Sep 2018 15:18:19|20|shiji@forstarfoods.com|DailyCatchEntry_New.php
14 Sep 2018 15:18:20|20|shiji@forstarfoods.com|DailyCatchEntry_New.php
14 Sep 2018 15:18:21|20|shiji@forstarfoods.com|DailyCatchEntry_New.php
14 Sep 2018 15:18:22|20|shiji@forstarfoods.com|DailyCatchEntry_New.php
14 Sep 2018 15:18:23|20|shiji@forstarfoods.com|DailyCatchEntry_New.php
14 Sep 2018 15:18:25|20|shiji@forstarfoods.com|DailyCatchEntry_New.php
14 Sep 2018 15:18:26|20|shiji@forstarfoods.com|DailyCatchEntry_New.php
14 Sep 2018 15:18:27|20|shiji@forstarfoods.com|DailyCatchEntry_New.php
14 Sep 2018 15:18:28|20|shiji@forstarfoods.com|DailyCatchEntry_New.php
14 Sep 2018 15:18:30|20|shiji@forstarfoods.com|DailyCatchEntry_New.php
14 Sep 2018 15:18:31|20|shiji@forstarfoods.com|DailyCatchEntry_New.php
14 Sep 2018 15:18:32|20|shiji@forstarfoods.com|DailyCatchEntry_New.php
14 Sep 2018 15:18:33|20|shiji@forstarfoods.com|DailyCatchEntry_New.php
14 Sep 2018 15:18:35|20|shiji@forstarfoods.com|DailyCatchEntry_New.php
14 Sep 2018 15:18:36|20|shiji@forstarfoods.com|DailyCatchEntry_New.php
14 Sep 2018 15:18:37|20|shiji@forstarfoods.com|DailyCatchEntry_New.php
14 Sep 2018 15:18:38|20|shiji@forstarfoods.com|DailyCatchEntry_New.php
14 Sep 2018 15:18:48|20|shiji@forstarfoods.com|DailyCatchEntry_New.php
14 Sep 2018 15:18:51|20|shiji@forstarfoods.com|DailyCatchEntry_New.php
14 Sep 2018 15:18:52|20|shiji@forstarfoods.com|CatchEntryDeclaredItem.php
14 Sep 2018 15:18:55|20|shiji@forstarfoods.com|DailyCatchEntry_New.php
14 Sep 2018 15:18:57|20|shiji@forstarfoods.com|DailyCatchEntry_New.php
14 Sep 2018 15:18:59|20|shiji@forstarfoods.com|DailyCatchEntry_New.php
14 Sep 2018 15:19:00|20|shiji@forstarfoods.com|DailyCatchEntry_New.php
14 Sep 2018 15:19:02|20|shiji@forstarfoods.com|DailyCatchEntry_New.php
14 Sep 2018 15:19:03|20|shiji@forstarfoods.com|DailyCatchEntry_New.php
14 Sep 2018 15:19:04|20|shiji@forstarfoods.com|DailyCatchEntry_New.php
14 Sep 2018 15:19:05|20|shiji@forstarfoods.com|DailyCatchEntry_New.php
14 Sep 2018 15:19:07|20|shiji@forstarfoods.com|DailyCatchEntry_New.php
14 Sep 2018 15:19:08|20|shiji@forstarfoods.com|DailyCatchEntry_New.php
14 Sep 2018 15:19:09|20|shiji@forstarfoods.com|DailyCatchEntry_New.php
14 Sep 2018 15:19:10|20|shiji@forstarfoods.com|DailyCatchEntry_New.php
14 Sep 2018 15:19:12|20|shiji@forstarfoods.com|DailyCatchEntry_New.php
14 Sep 2018 15:19:13|20|shiji@forstarfoods.com|DailyCatchEntry_New.php
14 Sep 2018 15:19:14|20|shiji@forstarfoods.com|DailyCatchEntry_New.php
14 Sep 2018 15:19:15|20|shiji@forstarfoods.com|DailyCatchEntry_New.php
14 Sep 2018 15:19:16|20|shiji@forstarfoods.com|DailyCatchEntry_New.php
14 Sep 2018 15:19:18|20|shiji@forstarfoods.com|DailyCatchEntry_New.php
14 Sep 2018 15:19:19|20|shiji@forstarfoods.com|DailyCatchEntry_New.php
14 Sep 2018 15:19:33|20|shiji@forstarfoods.com|DailyCatchEntry_New.php
14 Sep 2018 15:19:37|20|shiji@forstarfoods.com|DailyCatchEntry_New.php
14 Sep 2018 15:19:39|20|shiji@forstarfoods.com|CatchEntryDeclaredItem.php
14 Sep 2018 15:19:42|20|shiji@forstarfoods.com|DailyCatchEntry_New.php
14 Sep 2018 15:19:43|20|shiji@forstarfoods.com|DailyCatchEntry_New.php
14 Sep 2018 15:19:45|20|shiji@forstarfoods.com|DailyCatchEntry_New.php
14 Sep 2018 15:21:02|20|shiji@forstarfoods.com|DailyCatchEntry_New.php
14 Sep 2018 15:26:03|20|shiji@forstarfoods.com|DailyCatchEntry_New.php
14 Sep 2018 15:31:05|20|shiji@forstarfoods.com|DailyCatchEntry_New.php
14 Sep 2018 15:36:06|20|shiji@forstarfoods.com|DailyCatchEntry_New.php
14 Sep 2018 15:37:45|20|shiji@forstarfoods.com|DailyCatchEntry_New.php
14 Sep 2018 15:37:50|20|shiji@forstarfoods.com|DailyCatchEntry_New.php
14 Sep 2018 15:37:52|20|shiji@forstarfoods.com|CatchEntryDeclaredItem.php
14 Sep 2018 15:38:03|20|shiji@forstarfoods.com|DailyCatchEntry_New.php
14 Sep 2018 15:38:05|20|shiji@forstarfoods.com|DailyCatchEntry_New.php
14 Sep 2018 15:38:07|20|shiji@forstarfoods.com|DailyCatchEntry_New.php
14 Sep 2018 15:38:10|20|shiji@forstarfoods.com|DailyCatchEntry_New.php
14 Sep 2018 15:38:11|20|shiji@forstarfoods.com|DailyCatchEntry_New.php
14 Sep 2018 15:38:12|20|shiji@forstarfoods.com|DailyCatchEntry_New.php
14 Sep 2018 15:38:13|20|shiji@forstarfoods.com|DailyCatchEntry_New.php
14 Sep 2018 15:38:15|20|shiji@forstarfoods.com|DailyCatchEntry_New.php
14 Sep 2018 15:38:16|20|shiji@forstarfoods.com|DailyCatchEntry_New.php
14 Sep 2018 15:38:17|20|shiji@forstarfoods.com|DailyCatchEntry_New.php
14 Sep 2018 15:38:18|20|shiji@forstarfoods.com|DailyCatchEntry_New.php
14 Sep 2018 15:38:19|20|shiji@forstarfoods.com|DailyCatchEntry_New.php
14 Sep 2018 15:38:21|20|shiji@forstarfoods.com|DailyCatchEntry_New.php
14 Sep 2018 15:38:22|20|shiji@forstarfoods.com|DailyCatchEntry_New.php
14 Sep 2018 15:38:23|20|shiji@forstarfoods.com|DailyCatchEntry_New.php
14 Sep 2018 15:38:24|20|shiji@forstarfoods.com|DailyCatchEntry_New.php
14 Sep 2018 15:38:26|20|shiji@forstarfoods.com|DailyCatchEntry_New.php
14 Sep 2018 15:38:27|20|shiji@forstarfoods.com|DailyCatchEntry_New.php
14 Sep 2018 15:38:28|20|shiji@forstarfoods.com|DailyCatchEntry_New.php
14 Sep 2018 15:38:29|20|shiji@forstarfoods.com|DailyCatchEntry_New.php
14 Sep 2018 15:38:31|20|shiji@forstarfoods.com|DailyCatchEntry_New.php
14 Sep 2018 15:38:32|20|shiji@forstarfoods.com|DailyCatchEntry_New.php
14 Sep 2018 15:38:33|20|shiji@forstarfoods.com|DailyCatchEntry_New.php
14 Sep 2018 15:38:34|20|shiji@forstarfoods.com|DailyCatchEntry_New.php
14 Sep 2018 15:38:36|20|shiji@forstarfoods.com|DailyCatchEntry_New.php
14 Sep 2018 15:38:37|20|shiji@forstarfoods.com|DailyCatchEntry_New.php
14 Sep 2018 15:38:38|20|shiji@forstarfoods.com|DailyCatchEntry_New.php