
1 Aug 2018 15:26:31|31|rekha@foresee.com|ManageChallan.php
1 Aug 2018 15:26:35|31|rekha@foresee.com|ManageChallan.php
1 Aug 2018 15:26:38|31|rekha@foresee.com|ManageChallan.php
1 Aug 2018 15:27:22|31|rekha@foresee.com|ManageChallan.php
1 Aug 2018 15:27:29|31|rekha@foresee.com|ManageChallan.php
1 Aug 2018 15:27:33|31|rekha@foresee.com|ManageChallan.php
1 Aug 2018 15:27:37|31|rekha@foresee.com|ManageChallan.php
1 Aug 2018 15:28:51|31|rekha@foresee.com|ManageChallan.php
1 Aug 2018 15:28:54|31|rekha@foresee.com|ManageChallan.php
1 Aug 2018 15:28:58|31|rekha@foresee.com|ManageChallan.php
1 Aug 2018 15:29:03|31|rekha@foresee.com|ManageChallan.php
1 Aug 2018 15:29:08|31|rekha@foresee.com|ManageChallan.php
1 Aug 2018 15:29:15|31|rekha@foresee.com|ManageChallan.php
1 Aug 2018 15:29:58|31|rekha@foresee.com|ManageChallan.php
1 Aug 2018 15:30:01|31|rekha@foresee.com|ManageChallan.php
1 Aug 2018 15:30:05|31|rekha@foresee.com|ManageChallan.php
1 Aug 2018 15:30:10|31|rekha@foresee.com|ManageChallan.php
1 Aug 2018 15:30:14|31|rekha@foresee.com|ManageChallan.php
1 Aug 2018 15:31:36|31|rekha@foresee.com|ManageChallan.php
1 Aug 2018 15:31:39|31|rekha@foresee.com|ManageChallan.php
1 Aug 2018 15:31:42|31|rekha@foresee.com|ManageChallan.php
1 Aug 2018 15:31:45|31|rekha@foresee.com|ManageChallan.php
1 Aug 2018 15:37:16|31|rekha@foresee.com|ManageChallan.php
1 Aug 2018 15:37:20|31|rekha@foresee.com|ManageChallan.php
1 Aug 2018 15:37:25|31|rekha@foresee.com|ManageChallan.php
1 Aug 2018 15:37:30|31|rekha@foresee.com|ManageChallan.php
1 Aug 2018 15:37:33|31|rekha@foresee.com|ManageChallan.php
1 Aug 2018 15:37:36|29|kavitha@forstarfoods.com|SupplierAccount.php
1 Aug 2018 15:37:39|31|rekha@foresee.com|ManageChallan.php
1 Aug 2018 15:37:41|31|rekha@foresee.com|ManageChallan.php
1 Aug 2018 15:37:44|29|kavitha@forstarfoods.com|SupplierAccount.php
1 Aug 2018 15:37:46|31|rekha@foresee.com|ManageChallan.php
1 Aug 2018 15:38:06|29|kavitha@forstarfoods.com|SupplierAccount.php
1 Aug 2018 15:38:06|31|rekha@foresee.com|ManageChallan.php
1 Aug 2018 15:38:10|31|rekha@foresee.com|ManageChallan.php
1 Aug 2018 15:38:13|29|kavitha@forstarfoods.com|SupplierAccount.php
1 Aug 2018 15:38:15|31|rekha@foresee.com|ManageChallan.php
1 Aug 2018 15:38:17|29|kavitha@forstarfoods.com|SupplierAccount.php
1 Aug 2018 15:38:19|31|rekha@foresee.com|ManageChallan.php
1 Aug 2018 15:38:23|31|rekha@foresee.com|ManageChallan.php
1 Aug 2018 15:38:25|29|kavitha@forstarfoods.com|SupplierAccount.php
1 Aug 2018 15:38:49|29|kavitha@forstarfoods.com|SupplierAccount.php
1 Aug 2018 15:38:53|29|kavitha@forstarfoods.com|SupplierAccount.php
1 Aug 2018 15:38:54|31|rekha@foresee.com|ManageChallan.php
1 Aug 2018 15:38:58|31|rekha@foresee.com|ManageChallan.php
1 Aug 2018 15:38:59|29|kavitha@forstarfoods.com|SupplierAccount.php
1 Aug 2018 15:39:03|31|rekha@foresee.com|ManageChallan.php
1 Aug 2018 15:39:06|31|rekha@foresee.com|ManageChallan.php
1 Aug 2018 15:39:11|31|rekha@foresee.com|ManageChallan.php
1 Aug 2018 15:40:22|31|rekha@foresee.com|ManageChallan.php
1 Aug 2018 15:40:30|31|rekha@foresee.com|ManageChallan.php
1 Aug 2018 15:40:38|31|rekha@foresee.com|ManageChallan.php
1 Aug 2018 15:40:43|31|rekha@foresee.com|ManageChallan.php
1 Aug 2018 15:40:47|31|rekha@foresee.com|ManageChallan.php
1 Aug 2018 15:40:53|31|rekha@foresee.com|ManageChallan.php
1 Aug 2018 15:41:37|29|kavitha@forstarfoods.com|SupplierAccount.php
1 Aug 2018 15:41:51|31|rekha@foresee.com|ManageChallan.php
1 Aug 2018 15:41:56|31|rekha@foresee.com|ManageChallan.php
1 Aug 2018 15:42:01|31|rekha@foresee.com|ManageChallan.php
1 Aug 2018 15:42:04|31|rekha@foresee.com|ManageChallan.php
1 Aug 2018 15:42:04|29|kavitha@forstarfoods.com|SupplierAccount.php
1 Aug 2018 15:42:07|29|kavitha@forstarfoods.com|SupplierAccount.php
1 Aug 2018 15:42:09|31|rekha@foresee.com|ManageChallan.php
1 Aug 2018 15:42:11|29|kavitha@forstarfoods.com|SupplierAccount.php
1 Aug 2018 15:43:03|31|rekha@foresee.com|ManageChallan.php
1 Aug 2018 15:43:07|31|rekha@foresee.com|ManageChallan.php
1 Aug 2018 15:43:14|31|rekha@foresee.com|ManageChallan.php
1 Aug 2018 15:43:20|31|rekha@foresee.com|ManageChallan.php
1 Aug 2018 15:43:26|31|rekha@foresee.com|ManageChallan.php
1 Aug 2018 15:44:25|29|kavitha@forstarfoods.com|SupplierAccount.php
1 Aug 2018 15:44:32|29|kavitha@forstarfoods.com|SupplierAccount.php
1 Aug 2018 15:44:36|29|kavitha@forstarfoods.com|SupplierAccount.php
1 Aug 2018 15:44:39|29|kavitha@forstarfoods.com|SupplierAccount.php
1 Aug 2018 15:44:56|31|rekha@foresee.com|ManageChallan.php
1 Aug 2018 15:45:00|31|rekha@foresee.com|ManageChallan.php
1 Aug 2018 15:45:05|31|rekha@foresee.com|ManageChallan.php
1 Aug 2018 15:45:10|31|rekha@foresee.com|ManageChallan.php
1 Aug 2018 15:45:13|31|rekha@foresee.com|ManageChallan.php
1 Aug 2018 15:45:19|31|rekha@foresee.com|ManageChallan.php
1 Aug 2018 15:45:23|31|rekha@foresee.com|ManageChallan.php
1 Aug 2018 15:46:05|29|kavitha@forstarfoods.com|SupplierAccount.php
1 Aug 2018 15:47:42|31|rekha@foresee.com|ManageChallan.php
1 Aug 2018 15:47:46|31|rekha@foresee.com|ManageChallan.php
1 Aug 2018 15:47:54|31|rekha@foresee.com|ManageChallan.php
1 Aug 2018 15:47:58|31|rekha@foresee.com|ManageChallan.php
1 Aug 2018 15:48:01|31|rekha@foresee.com|ManageChallan.php
1 Aug 2018 15:48:16|31|rekha@foresee.com|ManageChallan.php
1 Aug 2018 15:48:19|31|rekha@foresee.com|ManageChallan.php
1 Aug 2018 15:48:44|31|rekha@foresee.com|ManageChallan.php
1 Aug 2018 15:48:53|31|rekha@foresee.com|ManageChallan.php
1 Aug 2018 15:49:17|31|rekha@foresee.com|ManageChallan.php
1 Aug 2018 15:50:32|29|kavitha@forstarfoods.com|SupplierAccount.php
1 Aug 2018 15:51:24|31|rekha@foresee.com|ManageGatePass.php
1 Aug 2018 15:51:30|31|rekha@foresee.com|ManageGatePass.php
1 Aug 2018 15:51:53|31|rekha@foresee.com|ManageChallan.php
1 Aug 2018 15:52:23|31|rekha@foresee.com|Home.php
1 Aug 2018 15:57:15|31|rekha@foresee.com|ManageChallan.php
1 Aug 2018 15:57:28|31|rekha@foresee.com|ManageChallan.php
1 Aug 2018 15:57:32|31|rekha@foresee.com|ManageChallan.php
1 Aug 2018 15:57:37|31|rekha@foresee.com|ManageChallan.php
1 Aug 2018 15:57:41|31|rekha@foresee.com|ManageChallan.php
1 Aug 2018 15:57:44|31|rekha@foresee.com|ManageChallan.php
1 Aug 2018 15:58:47|31|rekha@foresee.com|ManageChallan.php
1 Aug 2018 15:58:50|31|rekha@foresee.com|ManageChallan.php
1 Aug 2018 15:58:58|31|rekha@foresee.com|ManageChallan.php
1 Aug 2018 15:59:10|31|rekha@foresee.com|ManageChallan.php
1 Aug 2018 15:59:15|31|rekha@foresee.com|ManageChallan.php
1 Aug 2018 15:59:27|31|rekha@foresee.com|ManageChallan.php
1 Aug 2018 16:03:06|29|kavitha@forstarfoods.com|PurchaseReport.php
1 Aug 2018 16:03:11|31|rekha@foresee.com|ManageChallan.php
1 Aug 2018 16:03:16|31|rekha@foresee.com|ManageChallan.php
1 Aug 2018 16:03:19|31|rekha@foresee.com|ManageChallan.php
1 Aug 2018 16:03:23|29|kavitha@forstarfoods.com|PurchaseReport.php
1 Aug 2018 16:03:25|31|rekha@foresee.com|ManageChallan.php
1 Aug 2018 16:03:33|31|rekha@foresee.com|ManageChallan.php
1 Aug 2018 16:03:35|29|kavitha@forstarfoods.com|PrintPurchaseSettlementMemo.php
1 Aug 2018 16:03:42|31|rekha@foresee.com|ManageChallan.php
1 Aug 2018 16:03:44|31|rekha@foresee.com|ManageChallan.php
1 Aug 2018 16:03:49|31|rekha@foresee.com|ManageChallan.php
1 Aug 2018 16:04:33|29|kavitha@forstarfoods.com|PurchaseReport.php
1 Aug 2018 16:04:40|29|kavitha@forstarfoods.com|PurchaseReport.php
1 Aug 2018 16:04:50|29|kavitha@forstarfoods.com|PrintPurchaseSettlementMemo.php
1 Aug 2018 16:05:06|29|kavitha@forstarfoods.com|PurchaseReport.php
1 Aug 2018 16:05:12|29|kavitha@forstarfoods.com|PurchaseReport.php
1 Aug 2018 16:05:22|29|kavitha@forstarfoods.com|PrintPurchaseSettlementMemo.php
1 Aug 2018 16:05:48|31|rekha@foresee.com|ManageChallan.php
1 Aug 2018 16:05:51|31|rekha@foresee.com|ManageChallan.php
1 Aug 2018 16:05:56|31|rekha@foresee.com|ManageChallan.php
1 Aug 2018 16:06:13|31|rekha@foresee.com|PlantsandUnits.php
1 Aug 2018 16:17:29|29|kavitha@forstarfoods.com|SupplierAccount.php
1 Aug 2018 16:17:43|29|kavitha@forstarfoods.com|SupplierAccount.php
1 Aug 2018 16:17:51|29|kavitha@forstarfoods.com|SupplierAccount.php
1 Aug 2018 16:26:59|30|pritirm@forstarfoods.com|Home.php
1 Aug 2018 16:27:20|30|pritirm@forstarfoods.com|DailyCatchEntry_New.php
1 Aug 2018 16:27:23|30|pritirm@forstarfoods.com|DailyCatchEntry_New.php
1 Aug 2018 16:27:25|30|pritirm@forstarfoods.com|DailyCatchEntry_New.php
1 Aug 2018 16:27:26|30|pritirm@forstarfoods.com|DailyCatchEntry_New.php
1 Aug 2018 16:27:27|30|pritirm@forstarfoods.com|DailyCatchEntry_New.php
1 Aug 2018 16:27:28|30|pritirm@forstarfoods.com|CatchEntryDeclaredItem.php
1 Aug 2018 16:27:32|30|pritirm@forstarfoods.com|DailyCatchEntry_New.php
1 Aug 2018 16:27:34|30|pritirm@forstarfoods.com|DailyCatchEntry_New.php
1 Aug 2018 16:27:35|30|pritirm@forstarfoods.com|DailyCatchEntry_New.php
1 Aug 2018 16:27:44|30|pritirm@forstarfoods.com|DailyCatchEntry_New.php
1 Aug 2018 16:27:45|29|kavitha@forstarfoods.com|Home.php
1 Aug 2018 16:27:45|30|pritirm@forstarfoods.com|DailyCatchEntry_New.php
1 Aug 2018 16:27:47|30|pritirm@forstarfoods.com|DailyCatchEntry_New.php
1 Aug 2018 16:27:51|29|kavitha@forstarfoods.com|SupplierAccount.php
1 Aug 2018 16:27:51|30|pritirm@forstarfoods.com|DailyCatchEntry_New.php
1 Aug 2018 16:27:52|30|pritirm@forstarfoods.com|DailyCatchEntry_New.php
1 Aug 2018 16:27:54|30|pritirm@forstarfoods.com|DailyCatchEntry_New.php
1 Aug 2018 16:27:58|30|pritirm@forstarfoods.com|DailyCatchEntry_New.php
1 Aug 2018 16:28:02|30|pritirm@forstarfoods.com|DailyCatchEntry_New.php
1 Aug 2018 16:28:02|29|kavitha@forstarfoods.com|SupplierAccount.php
1 Aug 2018 16:28:03|30|pritirm@forstarfoods.com|CatchEntryDeclaredItem.php
1 Aug 2018 16:28:11|30|pritirm@forstarfoods.com|DailyCatchEntry_New.php
1 Aug 2018 16:28:12|29|kavitha@forstarfoods.com|SupplierAccount.php
1 Aug 2018 16:28:12|30|pritirm@forstarfoods.com|DailyCatchEntry_New.php
1 Aug 2018 16:28:14|30|pritirm@forstarfoods.com|DailyCatchEntry_New.php
1 Aug 2018 16:28:15|30|pritirm@forstarfoods.com|DailyCatchEntry_New.php
1 Aug 2018 16:28:16|30|pritirm@forstarfoods.com|DailyCatchEntry_New.php
1 Aug 2018 16:28:17|30|pritirm@forstarfoods.com|DailyCatchEntry_New.php
1 Aug 2018 16:28:23|30|pritirm@forstarfoods.com|DailyCatchEntry_New.php
1 Aug 2018 16:28:31|30|pritirm@forstarfoods.com|DailyCatchEntry_New.php
1 Aug 2018 16:28:34|30|pritirm@forstarfoods.com|DailyCatchEntry_New.php
1 Aug 2018 16:28:39|30|pritirm@forstarfoods.com|DailyCatchEntry_New.php
1 Aug 2018 16:28:40|30|pritirm@forstarfoods.com|DailyCatchEntry_New.php
1 Aug 2018 16:28:41|30|pritirm@forstarfoods.com|DailyCatchEntry_New.php
1 Aug 2018 16:28:42|30|pritirm@forstarfoods.com|DailyCatchEntry_New.php
1 Aug 2018 16:28:43|30|pritirm@forstarfoods.com|DailyCatchEntry_New.php
1 Aug 2018 16:28:45|30|pritirm@forstarfoods.com|DailyCatchEntry_New.php
1 Aug 2018 16:28:46|30|pritirm@forstarfoods.com|DailyCatchEntry_New.php
1 Aug 2018 16:28:47|30|pritirm@forstarfoods.com|DailyCatchEntry_New.php
1 Aug 2018 16:28:48|30|pritirm@forstarfoods.com|DailyCatchEntry_New.php
1 Aug 2018 16:28:50|30|pritirm@forstarfoods.com|DailyCatchEntry_New.php
1 Aug 2018 16:29:03|29|kavitha@forstarfoods.com|SupplierAccount.php
1 Aug 2018 16:29:04|30|pritirm@forstarfoods.com|DailyCatchEntry_New.php
1 Aug 2018 16:29:07|30|pritirm@forstarfoods.com|DailyCatchEntry_New.php
1 Aug 2018 16:29:08|30|pritirm@forstarfoods.com|CatchEntryDeclaredItem.php
1 Aug 2018 16:29:16|30|pritirm@forstarfoods.com|DailyCatchEntry_New.php
1 Aug 2018 16:29:18|31|rekha@foresee.com|ManageGatePass.php
1 Aug 2018 16:29:19|30|pritirm@forstarfoods.com|DailyCatchEntry_New.php
1 Aug 2018 16:29:21|30|pritirm@forstarfoods.com|DailyCatchEntry_New.php
1 Aug 2018 16:29:22|30|pritirm@forstarfoods.com|DailyCatchEntry_New.php
1 Aug 2018 16:29:23|30|pritirm@forstarfoods.com|DailyCatchEntry_New.php
1 Aug 2018 16:29:25|30|pritirm@forstarfoods.com|CatchEntryDeclaredItem.php
1 Aug 2018 16:29:26|30|pritirm@forstarfoods.com|DailyCatchEntry_New.php
1 Aug 2018 16:29:27|30|pritirm@forstarfoods.com|DailyCatchEntry_New.php
1 Aug 2018 16:29:29|30|pritirm@forstarfoods.com|DailyCatchEntry_New.php
1 Aug 2018 16:29:30|30|pritirm@forstarfoods.com|DailyCatchEntry_New.php
1 Aug 2018 16:29:31|30|pritirm@forstarfoods.com|DailyCatchEntry_New.php
1 Aug 2018 16:29:35|30|pritirm@forstarfoods.com|DailyCatchEntry_New.php
1 Aug 2018 16:29:36|30|pritirm@forstarfoods.com|CatchEntryDeclaredItem.php
1 Aug 2018 16:29:48|30|pritirm@forstarfoods.com|DailyCatchEntry_New.php
1 Aug 2018 16:30:07|30|pritirm@forstarfoods.com|DailyCatchEntry_New.php
1 Aug 2018 16:30:09|30|pritirm@forstarfoods.com|DailyCatchEntry_New.php
1 Aug 2018 16:30:14|30|pritirm@forstarfoods.com|DailyCatchEntry_New.php
1 Aug 2018 16:30:15|30|pritirm@forstarfoods.com|DailyCatchEntry_New.php
1 Aug 2018 16:30:16|30|pritirm@forstarfoods.com|DailyCatchEntry_New.php
1 Aug 2018 16:30:18|30|pritirm@forstarfoods.com|DailyCatchEntry_New.php
1 Aug 2018 16:30:19|30|pritirm@forstarfoods.com|DailyCatchEntry_New.php
1 Aug 2018 16:30:20|30|pritirm@forstarfoods.com|DailyCatchEntry_New.php
1 Aug 2018 16:30:23|30|pritirm@forstarfoods.com|DailyCatchEntry_New.php
1 Aug 2018 16:30:26|30|pritirm@forstarfoods.com|DailyCatchEntry_New.php
1 Aug 2018 16:30:27|30|pritirm@forstarfoods.com|CatchEntryDeclaredItem.php
1 Aug 2018 16:30:33|30|pritirm@forstarfoods.com|DailyCatchEntry_New.php
1 Aug 2018 16:30:37|30|pritirm@forstarfoods.com|DailyCatchEntry_New.php
1 Aug 2018 16:30:40|30|pritirm@forstarfoods.com|DailyCatchEntry_New.php
1 Aug 2018 16:30:43|30|pritirm@forstarfoods.com|DailyCatchEntry_New.php
1 Aug 2018 16:30:44|30|pritirm@forstarfoods.com|DailyCatchEntry_New.php
1 Aug 2018 16:30:45|30|pritirm@forstarfoods.com|DailyCatchEntry_New.php
1 Aug 2018 16:30:46|30|pritirm@forstarfoods.com|DailyCatchEntry_New.php
1 Aug 2018 16:30:48|30|pritirm@forstarfoods.com|DailyCatchEntry_New.php
1 Aug 2018 16:30:49|30|pritirm@forstarfoods.com|DailyCatchEntry_New.php
1 Aug 2018 16:30:50|30|pritirm@forstarfoods.com|DailyCatchEntry_New.php
1 Aug 2018 16:30:54|30|pritirm@forstarfoods.com|DailyCatchEntry_New.php
1 Aug 2018 16:30:55|30|pritirm@forstarfoods.com|CatchEntryDeclaredItem.php
1 Aug 2018 16:34:21|30|pritirm@forstarfoods.com|DailyCatchEntry_New.php
1 Aug 2018 16:39:22|30|pritirm@forstarfoods.com|DailyCatchEntry_New.php
1 Aug 2018 16:44:24|30|pritirm@forstarfoods.com|DailyCatchEntry_New.php
1 Aug 2018 16:44:47|31|rekha@foresee.com|ManageGatePass.php
1 Aug 2018 16:46:04|31|rekha@foresee.com|ManageChallan.php
1 Aug 2018 16:46:20|31|rekha@foresee.com|ManageChallan.php
1 Aug 2018 16:46:24|31|rekha@foresee.com|ManageChallan.php
1 Aug 2018 16:46:40|31|rekha@foresee.com|ManageChallan.php
1 Aug 2018 16:46:41|31|rekha@foresee.com|ManageChallan.php
1 Aug 2018 16:46:43|31|rekha@foresee.com|ManageChallan.php
1 Aug 2018 16:46:46|31|rekha@foresee.com|ManageChallan.php
1 Aug 2018 16:47:02|31|rekha@foresee.com|ManageChallan.php
1 Aug 2018 16:47:08|31|rekha@foresee.com|ManageChallan.php
1 Aug 2018 16:49:25|30|pritirm@forstarfoods.com|DailyCatchEntry_New.php
1 Aug 2018 16:51:42|31|rekha@foresee.com|ManageChallan.php
1 Aug 2018 16:51:48|31|rekha@foresee.com|ManageChallan.php
1 Aug 2018 16:52:20|31|rekha@foresee.com|IngredientSpex.php
1 Aug 2018 16:52:22|31|rekha@foresee.com|IngredientMainCategory.php
1 Aug 2018 16:53:21|31|rekha@foresee.com|IngredientsMaster.php
1 Aug 2018 16:53:29|31|rekha@foresee.com|IngredientRateMaster.php
1 Aug 2018 16:53:39|31|rekha@foresee.com|IngredientRateMaster.php
1 Aug 2018 16:53:41|31|rekha@foresee.com|SupplierIngredient.php
1 Aug 2018 16:53:44|31|rekha@foresee.com|IngredientsMaster.php
1 Aug 2018 16:53:49|31|rekha@foresee.com|IngredientCriticalParameters.php
1 Aug 2018 16:53:50|31|rekha@foresee.com|ErrorPageIFrame.php
1 Aug 2018 16:53:52|31|rekha@foresee.com|IngredientMainCategory.php
1 Aug 2018 16:53:59|31|rekha@foresee.com|IngredientCategory.php
1 Aug 2018 16:54:00|31|rekha@foresee.com|IngredientMainCategory.php
1 Aug 2018 16:54:13|31|rekha@foresee.com|IngredientCategory.php
1 Aug 2018 16:54:22|31|rekha@foresee.com|IngredientPhysicalStock.php
1 Aug 2018 16:54:24|31|rekha@foresee.com|ErrorPageIFrame.php
1 Aug 2018 16:54:26|30|pritirm@forstarfoods.com|DailyCatchEntry_New.php
1 Aug 2018 16:54:26|31|rekha@foresee.com|SupplierIngredient.php
1 Aug 2018 16:57:19|31|rekha@foresee.com|ManageGatePass.php
1 Aug 2018 16:57:33|31|rekha@foresee.com|FishMaster.php
1 Aug 2018 16:57:46|31|rekha@foresee.com|FishMaster.php
1 Aug 2018 16:57:59|31|rekha@foresee.com|FishMaster.php
1 Aug 2018 16:59:28|30|pritirm@forstarfoods.com|DailyCatchEntry_New.php
1 Aug 2018 17:01:29|31|rekha@foresee.com|Home.php
1 Aug 2018 17:01:34|31|rekha@foresee.com|ProductionAnalysisReport.php
1 Aug 2018 17:02:00|31|rekha@foresee.com|FishMaster.php
1 Aug 2018 17:02:10|31|rekha@foresee.com|FishMaster.php
1 Aug 2018 17:04:29|30|pritirm@forstarfoods.com|DailyCatchEntry_New.php
1 Aug 2018 17:09:30|30|pritirm@forstarfoods.com|DailyCatchEntry_New.php
1 Aug 2018 17:14:32|30|pritirm@forstarfoods.com|DailyCatchEntry_New.php
1 Aug 2018 17:16:23|31|rekha@foresee.com|IngredientReceipt.php
1 Aug 2018 17:16:28|31|rekha@foresee.com|IngredientReceipt.php
1 Aug 2018 17:17:12|31|rekha@foresee.com|IngredientSpex.php
1 Aug 2018 17:17:14|31|rekha@foresee.com|IngredientMainCategory.php
1 Aug 2018 17:17:21|31|rekha@foresee.com|IngredientCategory.php
1 Aug 2018 17:17:25|31|rekha@foresee.com|IngredientCriticalParameters.php
1 Aug 2018 17:17:27|31|rekha@foresee.com|ErrorPageIFrame.php
1 Aug 2018 17:17:38|31|rekha@foresee.com|IngredientsMaster.php
1 Aug 2018 17:17:47|31|rekha@foresee.com|IngredientsMaster.php
1 Aug 2018 17:19:33|30|pritirm@forstarfoods.com|DailyCatchEntry_New.php
1 Aug 2018 17:21:51|28|pratiksha@forstarfoods.com|Home.php
1 Aug 2018 17:21:54|28|pratiksha@forstarfoods.com|ManageGatePass.php
1 Aug 2018 17:21:57|28|pratiksha@forstarfoods.com|ManageGatePass.php
1 Aug 2018 17:22:03|28|pratiksha@forstarfoods.com|ManageGatePass.php
1 Aug 2018 17:22:06|28|pratiksha@forstarfoods.com|ManageGatePass.php
1 Aug 2018 17:22:40|28|pratiksha@forstarfoods.com|ManageGatePass.php
1 Aug 2018 17:22:53|28|pratiksha@forstarfoods.com|ManageGatePass.php
1 Aug 2018 17:23:07|28|pratiksha@forstarfoods.com|PrintGatePass.php
1 Aug 2018 17:23:13|28|pratiksha@forstarfoods.com|ManageGatePass.php
1 Aug 2018 17:23:17|28|pratiksha@forstarfoods.com|ManageGatePass.php
1 Aug 2018 17:23:21|28|pratiksha@forstarfoods.com|ManageGatePass.php
1 Aug 2018 17:23:24|28|pratiksha@forstarfoods.com|ManageGatePass.php
1 Aug 2018 17:23:38|28|pratiksha@forstarfoods.com|PrintGatePass.php
1 Aug 2018 17:24:28|31|rekha@foresee.com|Home.php
1 Aug 2018 17:24:31|31|rekha@foresee.com|Home.php
1 Aug 2018 17:24:46|31|rekha@foresee.com|ManageGatePass.php
1 Aug 2018 17:24:50|31|rekha@foresee.com|ManageGatePass.php
1 Aug 2018 17:24:55|31|rekha@foresee.com|ManageGatePass.php
1 Aug 2018 17:24:58|31|rekha@foresee.com|ManageGatePass.php
1 Aug 2018 17:25:19|31|rekha@foresee.com|ManageChallan.php
1 Aug 2018 17:25:21|30|pritirm@forstarfoods.com|DailyCatchEntry_New.php
1 Aug 2018 17:25:25|31|rekha@foresee.com|ManageChallan.php
1 Aug 2018 17:25:53|31|rekha@foresee.com|ManageChallan.php
1 Aug 2018 17:26:21|31|rekha@foresee.com|ManageGatePass.php
1 Aug 2018 17:26:29|31|rekha@foresee.com|ManageGatePass.php
1 Aug 2018 17:26:36|31|rekha@foresee.com|ManageGatePass.php
1 Aug 2018 17:26:39|31|rekha@foresee.com|ManageGatePass.php
1 Aug 2018 17:26:55|31|rekha@foresee.com|ManageGatePass.php
1 Aug 2018 17:26:58|31|rekha@foresee.com|ManageGatePass.php
1 Aug 2018 17:28:00|28|pratiksha@forstarfoods.com|Home.php
1 Aug 2018 17:28:09|28|pratiksha@forstarfoods.com|ManageGatePass.php
1 Aug 2018 17:28:12|28|pratiksha@forstarfoods.com|ManageGatePass.php
1 Aug 2018 17:28:18|28|pratiksha@forstarfoods.com|ManageGatePass.php
1 Aug 2018 17:28:21|28|pratiksha@forstarfoods.com|ManageGatePass.php
1 Aug 2018 17:29:24|28|pratiksha@forstarfoods.com|ManageGatePass.php
1 Aug 2018 17:29:26|28|pratiksha@forstarfoods.com|ManageGatePass.php
1 Aug 2018 17:30:22|30|pritirm@forstarfoods.com|DailyCatchEntry_New.php
1 Aug 2018 17:33:09|31|rekha@foresee.com|ManageGatePass.php
1 Aug 2018 17:33:13|31|rekha@foresee.com|ManageGatePass.php
1 Aug 2018 17:33:19|31|rekha@foresee.com|ManageGatePass.php
1 Aug 2018 17:33:21|31|rekha@foresee.com|ManageGatePass.php
1 Aug 2018 17:33:59|31|rekha@foresee.com|ManageGatePass.php
1 Aug 2018 17:33:59|28|pratiksha@forstarfoods.com|Home.php
1 Aug 2018 17:34:04|28|pratiksha@forstarfoods.com|ManageGatePass.php
1 Aug 2018 17:34:04|31|rekha@foresee.com|ManageGatePass.php
1 Aug 2018 17:34:07|28|pratiksha@forstarfoods.com|ManageGatePass.php
1 Aug 2018 17:34:09|31|rekha@foresee.com|ManageGatePass.php
1 Aug 2018 17:34:15|31|rekha@foresee.com|ManageGatePass.php
1 Aug 2018 17:34:17|28|pratiksha@forstarfoods.com|ManageGatePass.php
1 Aug 2018 17:34:18|31|rekha@foresee.com|ManageGatePass.php
1 Aug 2018 17:34:19|28|pratiksha@forstarfoods.com|ManageGatePass.php
1 Aug 2018 17:34:26|31|rekha@foresee.com|ManageGatePass.php
1 Aug 2018 17:35:10|28|pratiksha@forstarfoods.com|ManageGatePass.php
1 Aug 2018 17:35:23|30|pritirm@forstarfoods.com|DailyCatchEntry_New.php
1 Aug 2018 17:35:35|28|pratiksha@forstarfoods.com|ManageGatePass.php
1 Aug 2018 17:36:03|31|rekha@foresee.com|ManageGatePass.php
1 Aug 2018 17:36:19|31|rekha@foresee.com|DailyCatchReport.php
1 Aug 2018 17:36:24|31|rekha@foresee.com|IngredientSpex.php
1 Aug 2018 17:36:26|31|rekha@foresee.com|IngredientMainCategory.php
1 Aug 2018 17:36:37|28|pratiksha@forstarfoods.com|ManageGatePass.php
1 Aug 2018 17:36:38|31|rekha@foresee.com|DailyRates.php
1 Aug 2018 17:36:44|31|rekha@foresee.com|DailyRates.php
1 Aug 2018 17:36:50|31|rekha@foresee.com|DailyRates.php
1 Aug 2018 17:36:56|31|rekha@foresee.com|DailyCatchReport.php
1 Aug 2018 17:37:02|31|rekha@foresee.com|ManageChallan.php
1 Aug 2018 17:37:09|31|rekha@foresee.com|ManageChallan.php
1 Aug 2018 17:37:38|28|pratiksha@forstarfoods.com|ManageGatePass.php
1 Aug 2018 17:37:53|31|rekha@foresee.com|ManageChallan_all.php
1 Aug 2018 17:38:03|31|rekha@foresee.com|ManageChallan_all.php
1 Aug 2018 17:38:08|31|rekha@foresee.com|ManageChallan_all.php
1 Aug 2018 17:38:23|31|rekha@foresee.com|ManageGatePass.php
1 Aug 2018 17:38:26|31|rekha@foresee.com|ManageGatePass.php
1 Aug 2018 17:38:30|31|rekha@foresee.com|ManageGatePass.php
1 Aug 2018 17:38:39|31|rekha@foresee.com|ManageChallan.php
1 Aug 2018 17:38:39|28|pratiksha@forstarfoods.com|ManageGatePass.php
1 Aug 2018 17:38:44|31|rekha@foresee.com|ManageChallan.php
1 Aug 2018 17:38:54|31|rekha@foresee.com|PlantsandUnits.php
1 Aug 2018 17:39:40|28|pratiksha@forstarfoods.com|ManageGatePass.php
1 Aug 2018 17:40:25|30|pritirm@forstarfoods.com|DailyCatchEntry_New.php
1 Aug 2018 17:40:42|28|pratiksha@forstarfoods.com|ManageGatePass.php
1 Aug 2018 17:41:43|28|pratiksha@forstarfoods.com|ManageGatePass.php
1 Aug 2018 17:42:44|28|pratiksha@forstarfoods.com|ManageGatePass.php
1 Aug 2018 17:43:46|28|pratiksha@forstarfoods.com|ManageGatePass.php
1 Aug 2018 17:44:00|31|rekha@foresee.com|ManageChallan.php
1 Aug 2018 17:44:06|31|rekha@foresee.com|ManageChallan.php
1 Aug 2018 17:44:47|28|pratiksha@forstarfoods.com|ManageGatePass.php
1 Aug 2018 17:45:26|30|pritirm@forstarfoods.com|DailyCatchEntry_New.php
1 Aug 2018 17:45:48|28|pratiksha@forstarfoods.com|ManageGatePass.php
1 Aug 2018 17:46:50|28|pratiksha@forstarfoods.com|ManageGatePass.php
1 Aug 2018 17:47:51|28|pratiksha@forstarfoods.com|ManageGatePass.php
1 Aug 2018 17:48:52|28|pratiksha@forstarfoods.com|ManageGatePass.php
1 Aug 2018 17:49:19|31|rekha@foresee.com|ManageGatePass.php
1 Aug 2018 17:49:23|31|rekha@foresee.com|ManageGatePass.php
1 Aug 2018 17:49:41|31|rekha@foresee.com|ManageGatePass.php
1 Aug 2018 17:49:45|31|rekha@foresee.com|ManageGatePass.php
1 Aug 2018 17:49:48|31|rekha@foresee.com|ManageGatePass.php
1 Aug 2018 17:49:54|28|pratiksha@forstarfoods.com|ManageGatePass.php
1 Aug 2018 17:49:58|31|rekha@foresee.com|Home.php
1 Aug 2018 17:50:27|30|pritirm@forstarfoods.com|DailyCatchEntry_New.php
1 Aug 2018 17:50:33|31|rekha@foresee.com|IngredientSpex.php
1 Aug 2018 17:50:34|31|rekha@foresee.com|IngredientMainCategory.php
1 Aug 2018 17:50:45|31|rekha@foresee.com|IngredientsMaster.php
1 Aug 2018 17:50:55|28|pratiksha@forstarfoods.com|ManageGatePass.php
1 Aug 2018 17:51:09|31|rekha@foresee.com|IngredientsMaster.php
1 Aug 2018 17:51:18|31|rekha@foresee.com|IngredientsMaster.php
1 Aug 2018 17:51:40|31|rekha@foresee.com|IngredientsMaster.php
1 Aug 2018 17:51:56|28|pratiksha@forstarfoods.com|ManageGatePass.php
1 Aug 2018 17:52:58|28|pratiksha@forstarfoods.com|ManageGatePass.php
1 Aug 2018 17:53:59|28|pratiksha@forstarfoods.com|ManageGatePass.php
1 Aug 2018 17:55:00|28|pratiksha@forstarfoods.com|ManageGatePass.php
1 Aug 2018 17:55:29|30|pritirm@forstarfoods.com|DailyCatchEntry_New.php
1 Aug 2018 17:56:02|28|pratiksha@forstarfoods.com|ManageGatePass.php
1 Aug 2018 17:57:03|28|pratiksha@forstarfoods.com|ManageGatePass.php
1 Aug 2018 17:58:04|28|pratiksha@forstarfoods.com|ManageGatePass.php
1 Aug 2018 17:58:18|31|rekha@foresee.com|IngredientSpex.php
1 Aug 2018 17:58:19|31|rekha@foresee.com|IngredientMainCategory.php
1 Aug 2018 17:58:32|31|rekha@foresee.com|IngredientCategory.php
1 Aug 2018 17:58:36|31|rekha@foresee.com|IngredientCriticalParameters.php
1 Aug 2018 17:58:37|31|rekha@foresee.com|ErrorPageIFrame.php
1 Aug 2018 17:58:39|31|rekha@foresee.com|IngredientsMaster.php
1 Aug 2018 17:58:40|31|rekha@foresee.com|IngredientCriticalParameters.php
1 Aug 2018 17:58:41|31|rekha@foresee.com|ErrorPageIFrame.php
1 Aug 2018 17:59:06|28|pratiksha@forstarfoods.com|ManageGatePass.php
1 Aug 2018 18:00:07|28|pratiksha@forstarfoods.com|ManageGatePass.php
1 Aug 2018 18:01:08|28|pratiksha@forstarfoods.com|ManageGatePass.php
1 Aug 2018 18:02:09|28|pratiksha@forstarfoods.com|ManageGatePass.php
1 Aug 2018 18:03:11|28|pratiksha@forstarfoods.com|ManageGatePass.php
1 Aug 2018 18:04:12|28|pratiksha@forstarfoods.com|ManageGatePass.php
1 Aug 2018 18:05:13|28|pratiksha@forstarfoods.com|ManageGatePass.php
1 Aug 2018 18:06:15|28|pratiksha@forstarfoods.com|ManageGatePass.php
1 Aug 2018 18:07:16|28|pratiksha@forstarfoods.com|ManageGatePass.php
1 Aug 2018 18:15:56|31|rekha@foresee.com|IngredientMainCategory.php
1 Aug 2018 18:16:01|31|rekha@foresee.com|IngredientCategory.php
1 Aug 2018 18:16:10|31|rekha@foresee.com|IngredientsMaster.php
1 Aug 2018 18:16:24|31|rekha@foresee.com|IngredientsMaster.php
1 Aug 2018 18:16:39|31|rekha@foresee.com|IngredientsMaster.php
1 Aug 2018 18:18:28|31|rekha@foresee.com|IngredientsMaster.php
1 Aug 2018 18:18:48|31|rekha@foresee.com|IngredientsMaster.php
1 Aug 2018 18:18:55|31|rekha@foresee.com|IngredientSpex.php
1 Aug 2018 18:18:57|31|rekha@foresee.com|IngredientMainCategory.php
1 Aug 2018 18:19:02|31|rekha@foresee.com|SupplierIngredient.php
1 Aug 2018 18:19:04|31|rekha@foresee.com|IngredientRateMaster.php
1 Aug 2018 18:19:05|31|rekha@foresee.com|IngredientsMaster.php
1 Aug 2018 18:19:07|31|rekha@foresee.com|IngredientCriticalParameters.php
1 Aug 2018 18:19:08|31|rekha@foresee.com|IngredientCategory.php
1 Aug 2018 18:19:09|31|rekha@foresee.com|IngredientMainCategory.php
1 Aug 2018 18:19:10|31|rekha@foresee.com|ErrorPageIFrame.php
1 Aug 2018 18:19:12|31|rekha@foresee.com|IngredientCategory.php
1 Aug 2018 18:19:13|31|rekha@foresee.com|IngredientCriticalParameters.php
1 Aug 2018 18:19:14|31|rekha@foresee.com|IngredientsMaster.php
1 Aug 2018 18:19:15|31|rekha@foresee.com|IngredientRateMaster.php
1 Aug 2018 18:19:16|31|rekha@foresee.com|SupplierIngredient.php
1 Aug 2018 18:19:18|31|rekha@foresee.com|IngredientPhysicalStock.php
1 Aug 2018 18:19:19|31|rekha@foresee.com|ErrorPageIFrame.php
1 Aug 2018 18:19:20|31|rekha@foresee.com|IngredientsMaster.php
1 Aug 2018 18:19:21|31|rekha@foresee.com|IngredientCriticalParameters.php
1 Aug 2018 18:19:23|31|rekha@foresee.com|IngredientCategory.php
1 Aug 2018 18:19:24|31|rekha@foresee.com|IngredientMainCategory.php
1 Aug 2018 18:19:25|31|rekha@foresee.com|IngredientRateMaster.php
1 Aug 2018 18:19:26|31|rekha@foresee.com|ErrorPageIFrame.php
1 Aug 2018 18:19:28|31|rekha@foresee.com|SupplierIngredient.php
1 Aug 2018 18:19:29|31|rekha@foresee.com|ErrorPageIFrame.php
1 Aug 2018 18:19:30|31|rekha@foresee.com|IngredientPhysicalStock.php
1 Aug 2018 18:19:31|31|rekha@foresee.com|IngredientSpex.php
1 Aug 2018 18:19:33|31|rekha@foresee.com|IngredientsMaster.php
1 Aug 2018 18:19:34|31|rekha@foresee.com|ErrorPageIFrame.php
1 Aug 2018 18:19:35|31|rekha@foresee.com|IngredientMainCategory.php
1 Aug 2018 18:19:47|31|rekha@foresee.com|IngredientCategory.php
1 Aug 2018 18:19:49|31|rekha@foresee.com|IngredientCriticalParameters.php
1 Aug 2018 18:19:51|31|rekha@foresee.com|ErrorPageIFrame.php
1 Aug 2018 18:19:52|31|rekha@foresee.com|IngredientsMaster.php
1 Aug 2018 18:19:53|31|rekha@foresee.com|IngredientRateMaster.php
1 Aug 2018 18:19:54|31|rekha@foresee.com|SupplierIngredient.php
1 Aug 2018 18:19:56|31|rekha@foresee.com|IngredientPhysicalStock.php
1 Aug 2018 18:19:57|31|rekha@foresee.com|IngredientMainCategory.php
1 Aug 2018 18:19:58|31|rekha@foresee.com|ErrorPageIFrame.php
1 Aug 2018 18:19:59|31|rekha@foresee.com|IngredientSpex.php
1 Aug 2018 18:20:01|31|rekha@foresee.com|IngredientMainCategory.php
1 Aug 2018 18:20:15|31|rekha@foresee.com|IngredientsMaster.php
1 Aug 2018 18:20:22|31|rekha@foresee.com|IngredientsMaster.php
1 Aug 2018 18:20:25|31|rekha@foresee.com|IngredientsMaster.php
1 Aug 2018 18:20:26|31|rekha@foresee.com|IngredientsMaster.php
1 Aug 2018 18:20:28|31|rekha@foresee.com|IngredientsMaster.php
1 Aug 2018 18:20:29|31|rekha@foresee.com|IngredientsMaster.php
1 Aug 2018 18:20:30|31|rekha@foresee.com|IngredientsMaster.php
1 Aug 2018 18:20:34|31|rekha@foresee.com|IngredientsMaster.php
1 Aug 2018 18:20:36|31|rekha@foresee.com|IngredientsMaster.php
1 Aug 2018 18:20:41|31|rekha@foresee.com|IngredientsMaster.php
1 Aug 2018 18:20:58|31|rekha@foresee.com|IngredientsMaster.php
1 Aug 2018 18:21:04|31|rekha@foresee.com|IngredientsMaster.php
1 Aug 2018 18:21:09|31|rekha@foresee.com|IngredientsMaster.php
1 Aug 2018 18:21:13|31|rekha@foresee.com|IngredientsMaster.php
1 Aug 2018 18:21:18|31|rekha@foresee.com|IngredientsMaster.php
1 Aug 2018 18:21:25|31|rekha@foresee.com|IngredientsMaster.php
1 Aug 2018 18:21:41|31|rekha@foresee.com|IngredientsMaster.php
1 Aug 2018 18:22:18|31|rekha@foresee.com|IngredientsMaster.php
1 Aug 2018 18:22:25|31|rekha@foresee.com|IngredientsMaster.php
1 Aug 2018 18:22:31|31|rekha@foresee.com|IngredientsMaster.php
2 Aug 2018 09:52:19|30|pritirm@forstarfoods.com|Home.php
2 Aug 2018 10:34:36|20|shiji@forstarfoods.com|Home.php
2 Aug 2018 10:34:39|20|shiji@forstarfoods.com|Home.php
2 Aug 2018 10:35:12|20|shiji@forstarfoods.com|SupplierAccount.php
2 Aug 2018 10:35:34|20|shiji@forstarfoods.com|SupplierAccount.php
2 Aug 2018 10:35:39|20|shiji@forstarfoods.com|SupplierAccount.php
2 Aug 2018 10:35:48|20|shiji@forstarfoods.com|SupplierAccount.php
2 Aug 2018 10:37:42|20|shiji@forstarfoods.com|SupplierAccount.php
2 Aug 2018 10:40:04|20|shiji@forstarfoods.com|SupplierAccount.php
2 Aug 2018 10:40:17|20|shiji@forstarfoods.com|SupplierAccount.php
2 Aug 2018 10:41:25|20|shiji@forstarfoods.com|SupplierAccount.php
2 Aug 2018 10:41:33|20|shiji@forstarfoods.com|SupplierAccount.php
2 Aug 2018 10:41:51|20|shiji@forstarfoods.com|SupplierAccount.php
2 Aug 2018 10:41:56|20|shiji@forstarfoods.com|SupplierAccount.php
2 Aug 2018 10:42:11|20|shiji@forstarfoods.com|SupplierAccount.php
2 Aug 2018 10:42:15|20|shiji@forstarfoods.com|SupplierAccount.php
2 Aug 2018 10:42:27|20|shiji@forstarfoods.com|SupplierAccount.php
2 Aug 2018 10:42:35|20|shiji@forstarfoods.com|SupplierAccount.php
2 Aug 2018 10:42:52|20|shiji@forstarfoods.com|SettlementSummary.php
2 Aug 2018 10:42:59|20|shiji@forstarfoods.com|SettlementSummary.php
2 Aug 2018 10:43:01|20|shiji@forstarfoods.com|SupplierPayments.php
2 Aug 2018 10:43:03|20|shiji@forstarfoods.com|SupplierPayments.php
2 Aug 2018 10:43:04|20|shiji@forstarfoods.com|SupplierPayments.php
2 Aug 2018 10:47:32|31|rekha@foresee.com|Home.php
2 Aug 2018 10:48:34|31|rekha@foresee.com|ManageGatePass.php
2 Aug 2018 10:48:38|31|rekha@foresee.com|ManageGatePass.php
2 Aug 2018 10:48:44|31|rekha@foresee.com|ManageGatePass.php
2 Aug 2018 10:48:48|31|rekha@foresee.com|ManageGatePass.php
2 Aug 2018 10:48:53|31|rekha@foresee.com|ManageGatePass.php
2 Aug 2018 10:49:03|31|rekha@foresee.com|ManageGatePass.php
2 Aug 2018 10:50:30|31|rekha@foresee.com|ManageGatePass.php
2 Aug 2018 10:51:05|20|shiji@forstarfoods.com|SupplierAccount.php
2 Aug 2018 10:51:41|20|shiji@forstarfoods.com|SupplierAccount.php
2 Aug 2018 10:51:51|20|shiji@forstarfoods.com|SupplierAccount.php
2 Aug 2018 10:51:56|20|shiji@forstarfoods.com|SupplierAccount.php
2 Aug 2018 10:52:02|20|shiji@forstarfoods.com|SupplierAccount.php
2 Aug 2018 10:52:07|20|shiji@forstarfoods.com|SupplierAccount.php
2 Aug 2018 10:52:14|20|shiji@forstarfoods.com|SupplierAccount.php
2 Aug 2018 10:52:25|20|shiji@forstarfoods.com|SupplierAccount.php
2 Aug 2018 10:52:42|31|rekha@foresee.com|ManageGatePass.php
2 Aug 2018 10:54:49|20|shiji@forstarfoods.com|SupplierAccount.php
2 Aug 2018 10:54:56|20|shiji@forstarfoods.com|SupplierAccount.php
2 Aug 2018 10:55:55|31|rekha@foresee.com|Home.php
2 Aug 2018 10:56:04|31|rekha@foresee.com|DailyFrozenPacking.php
2 Aug 2018 10:56:08|31|rekha@foresee.com|Home.php
2 Aug 2018 10:56:17|20|shiji@forstarfoods.com|SupplierAccount.php
2 Aug 2018 10:56:22|20|shiji@forstarfoods.com|SupplierAccount.php
2 Aug 2018 10:56:30|31|rekha@foresee.com|IngredientSpex.php
2 Aug 2018 10:56:31|20|shiji@forstarfoods.com|SupplierAccount.php
2 Aug 2018 10:56:32|31|rekha@foresee.com|IngredientMainCategory.php
2 Aug 2018 10:56:36|31|rekha@foresee.com|IngredientCategory.php
2 Aug 2018 10:56:37|31|rekha@foresee.com|IngredientCriticalParameters.php
2 Aug 2018 10:56:39|31|rekha@foresee.com|IngredientCategory.php
2 Aug 2018 10:56:40|31|rekha@foresee.com|IngredientMainCategory.php
2 Aug 2018 10:56:41|31|rekha@foresee.com|ErrorPageIFrame.php
2 Aug 2018 10:58:24|20|shiji@forstarfoods.com|SettlementSummary.php
2 Aug 2018 10:58:30|20|shiji@forstarfoods.com|SettlementSummary.php
2 Aug 2018 10:58:32|20|shiji@forstarfoods.com|SupplierPayments.php
2 Aug 2018 10:58:34|20|shiji@forstarfoods.com|SupplierPayments.php
2 Aug 2018 10:58:35|20|shiji@forstarfoods.com|SupplierPayments.php
2 Aug 2018 10:58:45|20|shiji@forstarfoods.com|SupplierAccount.php
2 Aug 2018 10:59:11|31|rekha@foresee.com|IngredientPhysicalStock.php
2 Aug 2018 10:59:13|31|rekha@foresee.com|ErrorPageIFrame.php
2 Aug 2018 10:59:14|31|rekha@foresee.com|SupplierIngredient.php
2 Aug 2018 10:59:15|31|rekha@foresee.com|IngredientMainCategory.php
2 Aug 2018 10:59:17|31|rekha@foresee.com|IngredientCategory.php
2 Aug 2018 10:59:18|31|rekha@foresee.com|IngredientCriticalParameters.php
2 Aug 2018 10:59:19|31|rekha@foresee.com|IngredientsMaster.php
2 Aug 2018 10:59:20|31|rekha@foresee.com|IngredientRateMaster.php
2 Aug 2018 10:59:21|31|rekha@foresee.com|SupplierIngredient.php
2 Aug 2018 10:59:23|31|rekha@foresee.com|ErrorPageIFrame.php
2 Aug 2018 10:59:24|20|shiji@forstarfoods.com|SupplierAccount.php
2 Aug 2018 10:59:24|31|rekha@foresee.com|IngredientPhysicalStock.php
2 Aug 2018 10:59:25|31|rekha@foresee.com|ErrorPageIFrame.php
2 Aug 2018 10:59:27|20|shiji@forstarfoods.com|SupplierAccount.php
2 Aug 2018 10:59:31|20|shiji@forstarfoods.com|SupplierAccount.php
2 Aug 2018 10:59:43|20|shiji@forstarfoods.com|DailyCatchReport.php
2 Aug 2018 10:59:50|20|shiji@forstarfoods.com|DailyCatchReport.php
2 Aug 2018 10:59:53|20|shiji@forstarfoods.com|DailyCatchReport.php
2 Aug 2018 10:59:55|20|shiji@forstarfoods.com|DailyCatchReport.php
2 Aug 2018 10:59:56|20|shiji@forstarfoods.com|DailyCatchReport.php
2 Aug 2018 11:00:05|20|shiji@forstarfoods.com|DailyCatchReport.php
2 Aug 2018 11:00:07|20|shiji@forstarfoods.com|DailyCatchReport.php
2 Aug 2018 11:00:08|20|shiji@forstarfoods.com|DailyCatchReport.php
2 Aug 2018 11:00:09|20|shiji@forstarfoods.com|SupplierAccount.php
2 Aug 2018 11:00:24|20|shiji@forstarfoods.com|SupplierAccount.php
2 Aug 2018 11:00:28|20|shiji@forstarfoods.com|SupplierAccount.php
2 Aug 2018 11:00:31|20|shiji@forstarfoods.com|SupplierAccount.php
2 Aug 2018 11:00:35|20|shiji@forstarfoods.com|SupplierAccount.php
2 Aug 2018 11:00:44|20|shiji@forstarfoods.com|SupplierAccount.php
2 Aug 2018 11:01:21|20|shiji@forstarfoods.com|SupplierAccount.php
2 Aug 2018 11:01:32|20|shiji@forstarfoods.com|SettlementSummary.php
2 Aug 2018 11:01:53|20|shiji@forstarfoods.com|SettlementSummary.php
2 Aug 2018 11:01:55|20|shiji@forstarfoods.com|SupplierPayments.php
2 Aug 2018 11:01:57|20|shiji@forstarfoods.com|SupplierPayments.php
2 Aug 2018 11:01:58|20|shiji@forstarfoods.com|SupplierPayments.php
2 Aug 2018 11:02:00|20|shiji@forstarfoods.com|SupplierAccount.php
2 Aug 2018 11:02:18|20|shiji@forstarfoods.com|SupplierAccount.php
2 Aug 2018 11:02:25|20|shiji@forstarfoods.com|SupplierAccount.php
2 Aug 2018 11:02:31|20|shiji@forstarfoods.com|SupplierAccount.php
2 Aug 2018 11:02:35|20|shiji@forstarfoods.com|SupplierAccount.php
2 Aug 2018 11:02:39|20|shiji@forstarfoods.com|SupplierAccount.php
2 Aug 2018 11:02:42|20|shiji@forstarfoods.com|SupplierAccount.php
2 Aug 2018 11:03:24|20|shiji@forstarfoods.com|SupplierAccount.php
2 Aug 2018 11:03:37|20|shiji@forstarfoods.com|SupplierAccount.php
2 Aug 2018 11:04:11|20|shiji@forstarfoods.com|SupplierAccount.php
2 Aug 2018 11:04:20|20|shiji@forstarfoods.com|SettlementSummary.php
2 Aug 2018 11:04:26|20|shiji@forstarfoods.com|SettlementSummary.php
2 Aug 2018 11:04:28|20|shiji@forstarfoods.com|SupplierPayments.php
2 Aug 2018 11:04:30|20|shiji@forstarfoods.com|SupplierPayments.php
2 Aug 2018 11:04:31|20|shiji@forstarfoods.com|SupplierPayments.php
2 Aug 2018 11:04:32|20|shiji@forstarfoods.com|SupplierAccount.php
2 Aug 2018 11:04:41|20|shiji@forstarfoods.com|SupplierAccount.php
2 Aug 2018 11:04:52|20|shiji@forstarfoods.com|SupplierAccount.php
2 Aug 2018 11:04:55|20|shiji@forstarfoods.com|SupplierAccount.php
2 Aug 2018 11:04:59|20|shiji@forstarfoods.com|SupplierAccount.php
2 Aug 2018 11:09:35|20|shiji@forstarfoods.com|SettlementSummary.php
2 Aug 2018 11:09:47|20|shiji@forstarfoods.com|SettlementSummary.php
2 Aug 2018 11:09:50|20|shiji@forstarfoods.com|SupplierPayments.php
2 Aug 2018 11:09:51|20|shiji@forstarfoods.com|SupplierPayments.php
2 Aug 2018 11:09:52|20|shiji@forstarfoods.com|SupplierPayments.php
2 Aug 2018 11:09:59|20|shiji@forstarfoods.com|SupplierAccount.php
2 Aug 2018 11:10:39|20|shiji@forstarfoods.com|SupplierAccount.php
2 Aug 2018 11:10:49|20|shiji@forstarfoods.com|SupplierAccount.php
2 Aug 2018 11:10:52|20|shiji@forstarfoods.com|SupplierAccount.php
2 Aug 2018 11:10:56|20|shiji@forstarfoods.com|SupplierAccount.php
2 Aug 2018 11:11:17|20|shiji@forstarfoods.com|SupplierAccount.php
2 Aug 2018 11:11:28|20|shiji@forstarfoods.com|SupplierAccount.php
2 Aug 2018 11:11:45|20|shiji@forstarfoods.com|SupplierAccount.php
2 Aug 2018 11:11:48|20|shiji@forstarfoods.com|SupplierAccount.php
2 Aug 2018 11:12:27|20|shiji@forstarfoods.com|SupplierAccount.php
2 Aug 2018 11:12:32|20|shiji@forstarfoods.com|SupplierAccount.php
2 Aug 2018 11:12:46|20|shiji@forstarfoods.com|SupplierAccount.php
2 Aug 2018 11:12:50|20|shiji@forstarfoods.com|SettlementSummary.php
2 Aug 2018 11:12:57|20|shiji@forstarfoods.com|SettlementSummary.php
2 Aug 2018 11:12:59|20|shiji@forstarfoods.com|SupplierPayments.php
2 Aug 2018 11:13:01|20|shiji@forstarfoods.com|SupplierPayments.php
2 Aug 2018 11:13:02|20|shiji@forstarfoods.com|SupplierPayments.php
2 Aug 2018 11:13:39|20|shiji@forstarfoods.com|SupplierAccount.php
2 Aug 2018 11:14:02|20|shiji@forstarfoods.com|SupplierAccount.php
2 Aug 2018 11:14:06|20|shiji@forstarfoods.com|SupplierAccount.php
2 Aug 2018 11:14:59|20|shiji@forstarfoods.com|SupplierAccount.php
2 Aug 2018 11:15:05|20|shiji@forstarfoods.com|SupplierAccount.php
2 Aug 2018 11:15:25|20|shiji@forstarfoods.com|SupplierAccount.php
2 Aug 2018 11:15:32|20|shiji@forstarfoods.com|SupplierAccount.php
2 Aug 2018 11:16:09|20|shiji@forstarfoods.com|SupplierAccount.php
2 Aug 2018 11:16:13|20|shiji@forstarfoods.com|SupplierAccount.php
2 Aug 2018 11:16:36|20|shiji@forstarfoods.com|SupplierAccount.php
2 Aug 2018 11:16:41|20|shiji@forstarfoods.com|SupplierAccount.php
2 Aug 2018 11:17:13|20|shiji@forstarfoods.com|SupplierAccount.php
2 Aug 2018 11:17:31|20|shiji@forstarfoods.com|SupplierAccount.php
2 Aug 2018 11:17:51|20|shiji@forstarfoods.com|SupplierAccount.php
2 Aug 2018 11:17:56|20|shiji@forstarfoods.com|SupplierAccount.php
2 Aug 2018 11:18:19|20|shiji@forstarfoods.com|SupplierAccount.php
2 Aug 2018 11:18:26|31|rekha@foresee.com|SupplierIngredient.php
2 Aug 2018 11:18:36|20|shiji@forstarfoods.com|SupplierAccount.php
2 Aug 2018 11:19:37|20|shiji@forstarfoods.com|SupplierAccount.php
2 Aug 2018 11:19:52|20|shiji@forstarfoods.com|SupplierAccount.php
2 Aug 2018 11:20:55|20|shiji@forstarfoods.com|SupplierAccount.php
2 Aug 2018 11:20:58|20|shiji@forstarfoods.com|SettlementSummary.php
2 Aug 2018 11:21:28|20|shiji@forstarfoods.com|SettlementSummary.php
2 Aug 2018 11:21:30|20|shiji@forstarfoods.com|SupplierPayments.php
2 Aug 2018 11:21:32|20|shiji@forstarfoods.com|SupplierPayments.php
2 Aug 2018 11:21:33|20|shiji@forstarfoods.com|SupplierPayments.php
2 Aug 2018 11:21:34|20|shiji@forstarfoods.com|DailyCatchReport.php
2 Aug 2018 11:21:44|20|shiji@forstarfoods.com|DailyCatchReport.php
2 Aug 2018 11:21:49|20|shiji@forstarfoods.com|DailyCatchReport.php
2 Aug 2018 11:21:52|20|shiji@forstarfoods.com|DailyCatchReport.php
2 Aug 2018 11:21:54|20|shiji@forstarfoods.com|DailyCatchReport.php
2 Aug 2018 11:21:55|20|shiji@forstarfoods.com|DailyCatchReport.php
2 Aug 2018 11:22:09|20|shiji@forstarfoods.com|DailyCatchReport.php
2 Aug 2018 11:22:11|20|shiji@forstarfoods.com|DailyCatchReport.php
2 Aug 2018 11:22:12|20|shiji@forstarfoods.com|DailyCatchReport.php
2 Aug 2018 11:22:14|20|shiji@forstarfoods.com|SupplierAccount.php
2 Aug 2018 11:22:23|20|shiji@forstarfoods.com|SupplierAccount.php
2 Aug 2018 11:22:32|20|shiji@forstarfoods.com|SupplierAccount.php
2 Aug 2018 11:22:37|20|shiji@forstarfoods.com|SupplierAccount.php
2 Aug 2018 11:22:42|20|shiji@forstarfoods.com|SupplierAccount.php
2 Aug 2018 11:22:46|20|shiji@forstarfoods.com|SupplierAccount.php
2 Aug 2018 11:23:20|20|shiji@forstarfoods.com|SupplierAccount.php
2 Aug 2018 11:23:23|20|shiji@forstarfoods.com|SettlementSummary.php
2 Aug 2018 11:23:30|20|shiji@forstarfoods.com|SettlementSummary.php
2 Aug 2018 11:23:32|20|shiji@forstarfoods.com|SupplierPayments.php
2 Aug 2018 11:23:34|20|shiji@forstarfoods.com|SupplierPayments.php
2 Aug 2018 11:23:35|20|shiji@forstarfoods.com|SupplierPayments.php
2 Aug 2018 11:27:25|31|rekha@foresee.com|IngredientSpex.php
2 Aug 2018 11:27:27|31|rekha@foresee.com|IngredientMainCategory.php
2 Aug 2018 11:27:31|31|rekha@foresee.com|IngredientsMaster.php
2 Aug 2018 11:30:30|31|rekha@foresee.com|IngredientSpex.php
2 Aug 2018 11:30:32|31|rekha@foresee.com|IngredientMainCategory.php
2 Aug 2018 11:30:37|31|rekha@foresee.com|IngredientsMaster.php
2 Aug 2018 11:34:25|31|rekha@foresee.com|IngredientSpex.php
2 Aug 2018 11:34:27|31|rekha@foresee.com|IngredientMainCategory.php
2 Aug 2018 11:34:31|31|rekha@foresee.com|IngredientRateMaster.php
2 Aug 2018 11:34:50|31|rekha@foresee.com|IngredientRateMaster.php
2 Aug 2018 11:34:59|31|rekha@foresee.com|IngredientsMaster.php
2 Aug 2018 11:35:30|31|rekha@foresee.com|IngredientSpex.php
2 Aug 2018 11:35:32|31|rekha@foresee.com|IngredientMainCategory.php
2 Aug 2018 11:35:38|31|rekha@foresee.com|IngredientsMaster.php
2 Aug 2018 11:36:09|30|pritirm@forstarfoods.com|DailyCatchEntry_New.php
2 Aug 2018 11:36:16|30|pritirm@forstarfoods.com|DailyCatchEntry_New.php
2 Aug 2018 11:36:18|30|pritirm@forstarfoods.com|DailyCatchEntry_New.php
2 Aug 2018 11:36:19|30|pritirm@forstarfoods.com|DailyCatchEntry_New.php
2 Aug 2018 11:36:20|20|shiji@forstarfoods.com|SupplierAccount.php
2 Aug 2018 11:36:20|30|pritirm@forstarfoods.com|DailyCatchEntry_New.php
2 Aug 2018 11:36:22|30|pritirm@forstarfoods.com|CatchEntryDeclaredItem.php
2 Aug 2018 11:36:23|30|pritirm@forstarfoods.com|DailyCatchEntry_New.php
2 Aug 2018 11:36:28|31|rekha@foresee.com|Home.php
2 Aug 2018 11:36:30|20|shiji@forstarfoods.com|SettlementSummary.php
2 Aug 2018 11:36:32|31|rekha@foresee.com|Home.php
2 Aug 2018 11:36:50|20|shiji@forstarfoods.com|SettlementSummary.php
2 Aug 2018 11:36:51|30|pritirm@forstarfoods.com|DailyCatchEntry_New.php
2 Aug 2018 11:36:52|30|pritirm@forstarfoods.com|DailyCatchEntry_New.php
2 Aug 2018 11:36:53|30|pritirm@forstarfoods.com|DailyCatchEntry_New.php
2 Aug 2018 11:37:00|20|shiji@forstarfoods.com|SettlementSummary.php
2 Aug 2018 11:37:05|31|rekha@foresee.com|SupplierMaster.php
2 Aug 2018 11:37:08|20|shiji@forstarfoods.com|SettlementSummary.php
2 Aug 2018 11:37:17|20|shiji@forstarfoods.com|SettlementSummary.php
2 Aug 2018 11:37:22|30|pritirm@forstarfoods.com|DailyCatchEntry_New.php
2 Aug 2018 11:37:26|20|shiji@forstarfoods.com|SettlementSummary.php
2 Aug 2018 11:37:28|20|shiji@forstarfoods.com|SupplierPayments.php
2 Aug 2018 11:37:29|20|shiji@forstarfoods.com|SupplierPayments.php
2 Aug 2018 11:37:30|30|pritirm@forstarfoods.com|DailyCatchEntry_New.php
2 Aug 2018 11:37:31|20|shiji@forstarfoods.com|SupplierPayments.php
2 Aug 2018 11:37:32|30|pritirm@forstarfoods.com|CatchEntryDeclaredItem.php
2 Aug 2018 11:37:33|20|shiji@forstarfoods.com|SettlementSummary.php
2 Aug 2018 11:37:42|20|shiji@forstarfoods.com|SettlementSummary.php
2 Aug 2018 11:37:46|20|shiji@forstarfoods.com|SettlementSummary.php
2 Aug 2018 11:37:57|20|shiji@forstarfoods.com|SettlementSummary.php
2 Aug 2018 11:38:03|30|pritirm@forstarfoods.com|DailyCatchEntry_New.php
2 Aug 2018 11:38:05|30|pritirm@forstarfoods.com|DailyCatchEntry_New.php
2 Aug 2018 11:38:06|30|pritirm@forstarfoods.com|DailyCatchEntry_New.php
2 Aug 2018 11:38:07|30|pritirm@forstarfoods.com|DailyCatchEntry_New.php
2 Aug 2018 11:38:08|30|pritirm@forstarfoods.com|DailyCatchEntry_New.php
2 Aug 2018 11:38:10|30|pritirm@forstarfoods.com|DailyCatchEntry_New.php
2 Aug 2018 11:38:21|30|pritirm@forstarfoods.com|DailyCatchEntry_New.php
2 Aug 2018 11:38:22|20|shiji@forstarfoods.com|SettlementSummary.php
2 Aug 2018 11:38:37|30|pritirm@forstarfoods.com|DailyCatchEntry_New.php
2 Aug 2018 11:38:41|30|pritirm@forstarfoods.com|DailyCatchEntry_New.php
2 Aug 2018 11:38:49|30|pritirm@forstarfoods.com|DailyCatchEntry_New.php
2 Aug 2018 11:38:50|30|pritirm@forstarfoods.com|DailyCatchEntry_New.php
2 Aug 2018 11:38:51|30|pritirm@forstarfoods.com|DailyCatchEntry_New.php
2 Aug 2018 11:38:52|30|pritirm@forstarfoods.com|DailyCatchEntry_New.php
2 Aug 2018 11:38:54|30|pritirm@forstarfoods.com|DailyCatchEntry_New.php
2 Aug 2018 11:38:55|30|pritirm@forstarfoods.com|DailyCatchEntry_New.php
2 Aug 2018 11:38:59|30|pritirm@forstarfoods.com|DailyCatchEntry_New.php
2 Aug 2018 11:39:02|30|pritirm@forstarfoods.com|DailyCatchEntry_New.php
2 Aug 2018 11:39:03|30|pritirm@forstarfoods.com|CatchEntryDeclaredItem.php
2 Aug 2018 11:40:02|30|pritirm@forstarfoods.com|DailyCatchEntry_New.php
2 Aug 2018 11:40:03|30|pritirm@forstarfoods.com|DailyCatchEntry_New.php
2 Aug 2018 11:40:04|30|pritirm@forstarfoods.com|DailyCatchEntry_New.php
2 Aug 2018 11:40:13|30|pritirm@forstarfoods.com|DailyCatchEntry_New.php
2 Aug 2018 11:40:31|30|pritirm@forstarfoods.com|DailyCatchEntry_New.php
2 Aug 2018 11:40:32|30|pritirm@forstarfoods.com|CatchEntryDeclaredItem.php
2 Aug 2018 11:40:34|31|rekha@foresee.com|SupplierMaster.php
2 Aug 2018 11:40:43|30|pritirm@forstarfoods.com|DailyCatchEntry_New.php
2 Aug 2018 11:40:44|30|pritirm@forstarfoods.com|DailyCatchEntry_New.php
2 Aug 2018 11:40:45|31|rekha@foresee.com|ManageGatePass.php
2 Aug 2018 11:40:45|30|pritirm@forstarfoods.com|DailyCatchEntry_New.php
2 Aug 2018 11:40:46|30|pritirm@forstarfoods.com|DailyCatchEntry_New.php
2 Aug 2018 11:40:48|30|pritirm@forstarfoods.com|DailyCatchEntry_New.php
2 Aug 2018 11:40:49|30|pritirm@forstarfoods.com|DailyCatchEntry_New.php
2 Aug 2018 11:41:01|30|pritirm@forstarfoods.com|DailyCatchEntry_New.php
2 Aug 2018 11:41:07|30|pritirm@forstarfoods.com|DailyCatchEntry_New.php
2 Aug 2018 11:41:09|30|pritirm@forstarfoods.com|DailyCatchEntry_New.php
2 Aug 2018 11:41:12|30|pritirm@forstarfoods.com|DailyCatchEntry_New.php
2 Aug 2018 11:41:13|30|pritirm@forstarfoods.com|DailyCatchEntry_New.php
2 Aug 2018 11:41:15|30|pritirm@forstarfoods.com|DailyCatchEntry_New.php
2 Aug 2018 11:41:16|30|pritirm@forstarfoods.com|DailyCatchEntry_New.php
2 Aug 2018 11:41:17|30|pritirm@forstarfoods.com|DailyCatchEntry_New.php
2 Aug 2018 11:41:18|30|pritirm@forstarfoods.com|DailyCatchEntry_New.php
2 Aug 2018 11:41:20|30|pritirm@forstarfoods.com|DailyCatchEntry_New.php
2 Aug 2018 11:41:21|31|rekha@foresee.com|ManageGatePass.php
2 Aug 2018 11:42:00|31|rekha@foresee.com|ManageChallan.php
2 Aug 2018 11:42:05|30|pritirm@forstarfoods.com|DailyCatchEntry_New.php
2 Aug 2018 11:42:07|31|rekha@foresee.com|ManageChallan.php
2 Aug 2018 11:42:09|30|pritirm@forstarfoods.com|DailyCatchEntry_New.php
2 Aug 2018 11:42:10|30|pritirm@forstarfoods.com|CatchEntryDeclaredItem.php
2 Aug 2018 11:42:16|30|pritirm@forstarfoods.com|DailyCatchEntry_New.php
2 Aug 2018 11:42:19|30|pritirm@forstarfoods.com|DailyCatchEntry_New.php
2 Aug 2018 11:42:21|30|pritirm@forstarfoods.com|DailyCatchEntry_New.php
2 Aug 2018 11:42:22|30|pritirm@forstarfoods.com|DailyCatchEntry_New.php
2 Aug 2018 11:42:23|30|pritirm@forstarfoods.com|DailyCatchEntry_New.php
2 Aug 2018 11:42:25|30|pritirm@forstarfoods.com|DailyCatchEntry_New.php
2 Aug 2018 11:42:26|30|pritirm@forstarfoods.com|DailyCatchEntry_New.php
2 Aug 2018 11:42:27|30|pritirm@forstarfoods.com|DailyCatchEntry_New.php
2 Aug 2018 11:42:48|30|pritirm@forstarfoods.com|DailyCatchEntry_New.php
2 Aug 2018 11:42:50|30|pritirm@forstarfoods.com|DailyCatchEntry_New.php
2 Aug 2018 11:42:51|30|pritirm@forstarfoods.com|CatchEntryDeclaredItem.php
2 Aug 2018 11:44:01|30|pritirm@forstarfoods.com|DailyCatchEntry_New.php
2 Aug 2018 11:44:02|30|pritirm@forstarfoods.com|DailyCatchEntry_New.php
2 Aug 2018 11:44:04|30|pritirm@forstarfoods.com|DailyCatchEntry_New.php
2 Aug 2018 11:44:28|30|pritirm@forstarfoods.com|DailyCatchEntry_New.php
2 Aug 2018 11:44:33|30|pritirm@forstarfoods.com|DailyCatchEntry_New.php
2 Aug 2018 11:44:34|30|pritirm@forstarfoods.com|CatchEntryDeclaredItem.php
2 Aug 2018 11:44:44|30|pritirm@forstarfoods.com|DailyCatchEntry_New.php
2 Aug 2018 11:44:45|30|pritirm@forstarfoods.com|DailyCatchEntry_New.php
2 Aug 2018 11:44:46|30|pritirm@forstarfoods.com|DailyCatchEntry_New.php
2 Aug 2018 11:44:47|30|pritirm@forstarfoods.com|DailyCatchEntry_New.php
2 Aug 2018 11:44:48|30|pritirm@forstarfoods.com|DailyCatchEntry_New.php
2 Aug 2018 11:44:50|30|pritirm@forstarfoods.com|DailyCatchEntry_New.php
2 Aug 2018 11:44:57|30|pritirm@forstarfoods.com|DailyCatchEntry_New.php
2 Aug 2018 11:45:01|30|pritirm@forstarfoods.com|DailyCatchEntry_New.php
2 Aug 2018 11:45:02|30|pritirm@forstarfoods.com|DailyCatchEntry_New.php
2 Aug 2018 11:45:04|30|pritirm@forstarfoods.com|DailyCatchEntry_New.php
2 Aug 2018 11:45:05|30|pritirm@forstarfoods.com|DailyCatchEntry_New.php
2 Aug 2018 11:45:06|30|pritirm@forstarfoods.com|DailyCatchEntry_New.php
2 Aug 2018 11:45:08|30|pritirm@forstarfoods.com|DailyCatchEntry_New.php
2 Aug 2018 11:45:09|30|pritirm@forstarfoods.com|DailyCatchEntry_New.php
2 Aug 2018 11:45:10|30|pritirm@forstarfoods.com|DailyCatchEntry_New.php