
24 Aug 2018 15:26:43|20|shiji@forstarfoods.com|PurchaseStatement.php
24 Aug 2018 15:26:46|20|shiji@forstarfoods.com|PrintPurchaseStatement.php
24 Aug 2018 15:26:58|28|pratiksha@forstarfoods.com|ManageGatePass.php
24 Aug 2018 15:28:00|28|pratiksha@forstarfoods.com|ManageGatePass.php
24 Aug 2018 15:29:01|28|pratiksha@forstarfoods.com|ManageGatePass.php
24 Aug 2018 15:30:02|28|pratiksha@forstarfoods.com|ManageGatePass.php
24 Aug 2018 15:30:45|20|shiji@forstarfoods.com|DailyCatchEntry_New.php
24 Aug 2018 15:31:03|28|pratiksha@forstarfoods.com|ManageGatePass.php
24 Aug 2018 15:32:05|28|pratiksha@forstarfoods.com|ManageGatePass.php
24 Aug 2018 15:32:54|31|rekha@foresee.com|PurchaseStatement.php
24 Aug 2018 15:33:04|31|rekha@foresee.com|PurchaseStatement.php
24 Aug 2018 15:33:06|28|pratiksha@forstarfoods.com|ManageGatePass.php
24 Aug 2018 15:33:11|31|rekha@foresee.com|PurchaseStatement.php
24 Aug 2018 15:33:30|31|rekha@foresee.com|PurchaseStatement.php
24 Aug 2018 15:33:44|31|rekha@foresee.com|PurchaseStatement.php
24 Aug 2018 15:33:49|31|rekha@foresee.com|PurchaseStatement.php
24 Aug 2018 15:33:52|31|rekha@foresee.com|PurchaseStatement.php
24 Aug 2018 15:33:59|31|rekha@foresee.com|PrintPurchaseStatement.php
24 Aug 2018 15:34:07|28|pratiksha@forstarfoods.com|ManageGatePass.php
24 Aug 2018 15:34:14|31|rekha@foresee.com|PrintPurchaseStatement.php
24 Aug 2018 15:35:08|28|pratiksha@forstarfoods.com|ManageGatePass.php
24 Aug 2018 15:36:10|28|pratiksha@forstarfoods.com|ManageGatePass.php
24 Aug 2018 15:37:11|28|pratiksha@forstarfoods.com|ManageGatePass.php
24 Aug 2018 15:38:12|28|pratiksha@forstarfoods.com|ManageGatePass.php
24 Aug 2018 15:39:14|28|pratiksha@forstarfoods.com|ManageGatePass.php
24 Aug 2018 15:40:02|20|shiji@forstarfoods.com|ProcessorsAccounts.php
24 Aug 2018 15:40:15|28|pratiksha@forstarfoods.com|ManageGatePass.php
24 Aug 2018 15:40:19|20|shiji@forstarfoods.com|ProcessorsAccounts.php
24 Aug 2018 15:40:25|20|shiji@forstarfoods.com|ProcessorsAccounts.php
24 Aug 2018 15:40:35|20|shiji@forstarfoods.com|ProcessorsAccounts.php
24 Aug 2018 15:40:44|20|shiji@forstarfoods.com|ProcessorsAccounts.php
24 Aug 2018 15:40:50|20|shiji@forstarfoods.com|ProcessorsAccounts.php
24 Aug 2018 15:40:56|20|shiji@forstarfoods.com|ProcessorsAccounts.php
24 Aug 2018 15:41:04|20|shiji@forstarfoods.com|ProcessorsAccounts.php
24 Aug 2018 15:41:16|28|pratiksha@forstarfoods.com|ManageGatePass.php
24 Aug 2018 15:42:17|28|pratiksha@forstarfoods.com|ManageGatePass.php
24 Aug 2018 15:42:50|31|rekha@foresee.com|Home.php
24 Aug 2018 15:43:19|28|pratiksha@forstarfoods.com|ManageGatePass.php
24 Aug 2018 15:44:20|28|pratiksha@forstarfoods.com|ManageGatePass.php
24 Aug 2018 15:45:21|28|pratiksha@forstarfoods.com|ManageGatePass.php
24 Aug 2018 15:46:23|28|pratiksha@forstarfoods.com|ManageGatePass.php
24 Aug 2018 15:47:24|28|pratiksha@forstarfoods.com|ManageGatePass.php
24 Aug 2018 15:48:25|28|pratiksha@forstarfoods.com|ManageGatePass.php
24 Aug 2018 15:48:50|31|rekha@foresee.com|Home.php
24 Aug 2018 15:49:26|28|pratiksha@forstarfoods.com|ManageGatePass.php
24 Aug 2018 15:50:28|28|pratiksha@forstarfoods.com|ManageGatePass.php
24 Aug 2018 15:51:29|28|pratiksha@forstarfoods.com|ManageGatePass.php
24 Aug 2018 15:52:30|28|pratiksha@forstarfoods.com|ManageGatePass.php
24 Aug 2018 15:53:31|28|pratiksha@forstarfoods.com|ManageGatePass.php
24 Aug 2018 15:54:32|28|pratiksha@forstarfoods.com|ManageGatePass.php
24 Aug 2018 15:55:32|31|rekha@foresee.com|PrintPurchaseStatement.php
24 Aug 2018 15:55:34|28|pratiksha@forstarfoods.com|ManageGatePass.php
24 Aug 2018 15:56:35|28|pratiksha@forstarfoods.com|ManageGatePass.php
24 Aug 2018 15:57:36|28|pratiksha@forstarfoods.com|ManageGatePass.php
24 Aug 2018 15:58:18|28|pratiksha@forstarfoods.com|ManageGatePass.php
24 Aug 2018 15:58:30|28|pratiksha@forstarfoods.com|ManageGatePass.php
24 Aug 2018 15:58:32|28|pratiksha@forstarfoods.com|ManageGatePass.php
24 Aug 2018 15:58:54|28|pratiksha@forstarfoods.com|ManageGatePass.php
24 Aug 2018 15:58:57|28|pratiksha@forstarfoods.com|ManageGatePass.php
24 Aug 2018 15:59:03|28|pratiksha@forstarfoods.com|ManageGatePass.php
24 Aug 2018 15:59:07|28|pratiksha@forstarfoods.com|ManageGatePass.php
24 Aug 2018 15:59:13|28|pratiksha@forstarfoods.com|ManageGatePass.php
24 Aug 2018 15:59:16|28|pratiksha@forstarfoods.com|PrintGatePass.php
24 Aug 2018 16:00:14|28|pratiksha@forstarfoods.com|ManageGatePass.php
24 Aug 2018 16:01:15|28|pratiksha@forstarfoods.com|ManageGatePass.php
24 Aug 2018 16:02:17|28|pratiksha@forstarfoods.com|ManageGatePass.php
24 Aug 2018 16:03:18|28|pratiksha@forstarfoods.com|ManageGatePass.php
24 Aug 2018 16:04:19|28|pratiksha@forstarfoods.com|ManageGatePass.php
24 Aug 2018 16:05:21|28|pratiksha@forstarfoods.com|ManageGatePass.php
24 Aug 2018 16:06:22|28|pratiksha@forstarfoods.com|ManageGatePass.php
24 Aug 2018 16:07:23|28|pratiksha@forstarfoods.com|ManageGatePass.php
24 Aug 2018 16:08:05|31|rekha@foresee.com|Home.php
24 Aug 2018 16:08:14|31|rekha@foresee.com|ProductionAnalysisReport.php
24 Aug 2018 16:08:25|28|pratiksha@forstarfoods.com|ManageGatePass.php
24 Aug 2018 16:09:01|30|pritirm@forstarfoods.com|PrintPurchaseStatement.php
24 Aug 2018 16:09:16|30|pritirm@forstarfoods.com|Home.php
24 Aug 2018 16:09:25|30|pritirm@forstarfoods.com|PurchaseStatement.php
24 Aug 2018 16:09:26|28|pratiksha@forstarfoods.com|ManageGatePass.php
24 Aug 2018 16:09:35|30|pritirm@forstarfoods.com|PurchaseStatement.php
24 Aug 2018 16:09:41|30|pritirm@forstarfoods.com|PurchaseStatement.php
24 Aug 2018 16:09:43|30|pritirm@forstarfoods.com|PrintPurchaseStatement.php
24 Aug 2018 16:10:27|28|pratiksha@forstarfoods.com|ManageGatePass.php
24 Aug 2018 16:11:28|28|pratiksha@forstarfoods.com|ManageGatePass.php
24 Aug 2018 16:12:11|31|rekha@foresee.com|Home.php
24 Aug 2018 16:12:30|28|pratiksha@forstarfoods.com|ManageGatePass.php
24 Aug 2018 16:13:31|28|pratiksha@forstarfoods.com|ManageGatePass.php
24 Aug 2018 16:14:32|28|pratiksha@forstarfoods.com|ManageGatePass.php
24 Aug 2018 16:15:33|28|pratiksha@forstarfoods.com|ManageGatePass.php
24 Aug 2018 16:16:35|28|pratiksha@forstarfoods.com|ManageGatePass.php
24 Aug 2018 16:17:36|28|pratiksha@forstarfoods.com|ManageGatePass.php
24 Aug 2018 16:18:38|28|pratiksha@forstarfoods.com|ManageGatePass.php
24 Aug 2018 16:19:39|28|pratiksha@forstarfoods.com|ManageGatePass.php
24 Aug 2018 16:20:40|28|pratiksha@forstarfoods.com|ManageGatePass.php
24 Aug 2018 16:21:41|28|pratiksha@forstarfoods.com|ManageGatePass.php
24 Aug 2018 16:22:43|28|pratiksha@forstarfoods.com|ManageGatePass.php
24 Aug 2018 16:23:44|28|pratiksha@forstarfoods.com|ManageGatePass.php
24 Aug 2018 16:24:45|28|pratiksha@forstarfoods.com|ManageGatePass.php
24 Aug 2018 16:25:46|28|pratiksha@forstarfoods.com|ManageGatePass.php
24 Aug 2018 16:26:03|31|rekha@foresee.com|Home.php
24 Aug 2018 16:26:21|31|rekha@foresee.com|SupplierAccount.php
24 Aug 2018 16:26:43|31|rekha@foresee.com|LandingCenter.php
24 Aug 2018 16:26:48|28|pratiksha@forstarfoods.com|ManageGatePass.php
24 Aug 2018 16:27:15|31|rekha@foresee.com|SupplierAccount.php
24 Aug 2018 16:27:49|28|pratiksha@forstarfoods.com|ManageGatePass.php
24 Aug 2018 16:28:50|28|pratiksha@forstarfoods.com|ManageGatePass.php
24 Aug 2018 16:29:52|28|pratiksha@forstarfoods.com|ManageGatePass.php
24 Aug 2018 16:30:53|28|pratiksha@forstarfoods.com|ManageGatePass.php
24 Aug 2018 16:31:54|28|pratiksha@forstarfoods.com|ManageGatePass.php
24 Aug 2018 16:32:55|28|pratiksha@forstarfoods.com|ManageGatePass.php
24 Aug 2018 16:33:57|28|pratiksha@forstarfoods.com|ManageGatePass.php
24 Aug 2018 16:34:58|28|pratiksha@forstarfoods.com|ManageGatePass.php
24 Aug 2018 16:35:59|28|pratiksha@forstarfoods.com|ManageGatePass.php
24 Aug 2018 16:36:34|31|rekha@foresee.com|SupplierAccount.php
24 Aug 2018 16:36:42|31|rekha@foresee.com|FishCategory.php
24 Aug 2018 16:37:01|28|pratiksha@forstarfoods.com|ManageGatePass.php
24 Aug 2018 16:38:02|28|pratiksha@forstarfoods.com|ManageGatePass.php
24 Aug 2018 16:39:03|28|pratiksha@forstarfoods.com|ManageGatePass.php
24 Aug 2018 16:40:04|28|pratiksha@forstarfoods.com|ManageGatePass.php
24 Aug 2018 16:41:06|28|pratiksha@forstarfoods.com|ManageGatePass.php
24 Aug 2018 16:42:07|28|pratiksha@forstarfoods.com|ManageGatePass.php
24 Aug 2018 16:43:08|28|pratiksha@forstarfoods.com|ManageGatePass.php
24 Aug 2018 16:44:10|28|pratiksha@forstarfoods.com|ManageGatePass.php
24 Aug 2018 16:45:11|28|pratiksha@forstarfoods.com|ManageGatePass.php
24 Aug 2018 16:45:52|30|pritirm@forstarfoods.com|DailyCatchSummary.php
24 Aug 2018 16:45:56|30|pritirm@forstarfoods.com|DailyCatchSummary.php
24 Aug 2018 16:46:07|30|pritirm@forstarfoods.com|DailyCatchSummary.php
24 Aug 2018 16:46:12|30|pritirm@forstarfoods.com|DailyCatchSummary.php
24 Aug 2018 16:46:12|28|pratiksha@forstarfoods.com|ManageGatePass.php
24 Aug 2018 16:46:17|30|pritirm@forstarfoods.com|DailyCatchSummary.php
24 Aug 2018 16:46:27|30|pritirm@forstarfoods.com|DailyCatchSummary.php
24 Aug 2018 16:46:30|30|pritirm@forstarfoods.com|DailyCatchSummary.php
24 Aug 2018 16:46:38|30|pritirm@forstarfoods.com|DailyCatchSummary.php
24 Aug 2018 16:47:14|28|pratiksha@forstarfoods.com|ManageGatePass.php
24 Aug 2018 16:47:28|30|pritirm@forstarfoods.com|DailyCatchSummary.php
24 Aug 2018 16:47:35|30|pritirm@forstarfoods.com|DailyCatchSummary.php
24 Aug 2018 16:47:40|30|pritirm@forstarfoods.com|DailyCatchSummary.php
24 Aug 2018 16:47:59|30|pritirm@forstarfoods.com|DailyCatchSummary.php
24 Aug 2018 16:48:15|28|pratiksha@forstarfoods.com|ManageGatePass.php
24 Aug 2018 16:48:32|30|pritirm@forstarfoods.com|DailyCatchSummary.php
24 Aug 2018 16:48:36|30|pritirm@forstarfoods.com|DailyCatchSummary.php
24 Aug 2018 16:48:41|30|pritirm@forstarfoods.com|DailyCatchSummary.php
24 Aug 2018 16:48:43|31|rekha@foresee.com|DailyCatchEntry_New.php
24 Aug 2018 16:49:14|30|pritirm@forstarfoods.com|DailyCatchSummary.php
24 Aug 2018 16:49:16|28|pratiksha@forstarfoods.com|ManageGatePass.php
24 Aug 2018 16:49:42|30|pritirm@forstarfoods.com|DailyCatchSummary.php
24 Aug 2018 16:49:51|30|pritirm@forstarfoods.com|DailyCatchSummary.php
24 Aug 2018 16:49:57|30|pritirm@forstarfoods.com|DailyCatchSummary.php
24 Aug 2018 16:50:03|30|pritirm@forstarfoods.com|DailyCatchSummary.php
24 Aug 2018 16:50:06|30|pritirm@forstarfoods.com|DailyCatchSummary.php
24 Aug 2018 16:50:10|30|pritirm@forstarfoods.com|DailyCatchSummary.php
24 Aug 2018 16:50:17|28|pratiksha@forstarfoods.com|ManageGatePass.php
24 Aug 2018 16:50:52|30|pritirm@forstarfoods.com|DailyCatchSummary.php
24 Aug 2018 16:50:56|30|pritirm@forstarfoods.com|DailyCatchSummary.php
24 Aug 2018 16:50:59|30|pritirm@forstarfoods.com|DailyCatchSummary.php
24 Aug 2018 16:51:17|31|rekha@foresee.com|FishMaster.php
24 Aug 2018 16:51:19|28|pratiksha@forstarfoods.com|ManageGatePass.php
24 Aug 2018 16:51:25|31|rekha@foresee.com|FishMaster.php
24 Aug 2018 16:51:41|31|rekha@foresee.com|DailyCatchReport.php
24 Aug 2018 16:51:48|30|pritirm@forstarfoods.com|DailyCatchSummary.php
24 Aug 2018 16:51:59|30|pritirm@forstarfoods.com|DailyCatchSummary.php
24 Aug 2018 16:52:03|30|pritirm@forstarfoods.com|DailyCatchSummary.php
24 Aug 2018 16:52:06|30|pritirm@forstarfoods.com|DailyCatchSummary.php
24 Aug 2018 16:52:20|28|pratiksha@forstarfoods.com|ManageGatePass.php
24 Aug 2018 16:52:31|30|pritirm@forstarfoods.com|DailyCatchSummary.php
24 Aug 2018 16:52:40|30|pritirm@forstarfoods.com|DailyCatchSummary.php
24 Aug 2018 16:52:43|30|pritirm@forstarfoods.com|DailyCatchSummary.php
24 Aug 2018 16:53:10|30|pritirm@forstarfoods.com|DailyCatchSummary.php
24 Aug 2018 16:53:14|30|pritirm@forstarfoods.com|DailyCatchSummary.php
24 Aug 2018 16:53:20|30|pritirm@forstarfoods.com|DailyCatchSummary.php
24 Aug 2018 16:53:21|28|pratiksha@forstarfoods.com|ManageGatePass.php
24 Aug 2018 16:53:24|30|pritirm@forstarfoods.com|DailyCatchSummary.php
24 Aug 2018 16:53:27|30|pritirm@forstarfoods.com|DailyCatchSummary.php
24 Aug 2018 16:54:26|28|pratiksha@forstarfoods.com|ManageGatePass.php
24 Aug 2018 16:55:26|31|rekha@foresee.com|ManageUsers.php
24 Aug 2018 16:55:28|28|pratiksha@forstarfoods.com|ManageGatePass.php
24 Aug 2018 16:56:36|28|pratiksha@forstarfoods.com|ManageGatePass.php
24 Aug 2018 16:57:46|28|pratiksha@forstarfoods.com|ManageGatePass.php
24 Aug 2018 16:58:56|28|pratiksha@forstarfoods.com|ManageGatePass.php
24 Aug 2018 17:00:09|28|pratiksha@forstarfoods.com|ManageGatePass.php
24 Aug 2018 17:01:17|28|pratiksha@forstarfoods.com|ManageGatePass.php
24 Aug 2018 17:02:24|28|pratiksha@forstarfoods.com|ManageGatePass.php
24 Aug 2018 17:03:30|28|pratiksha@forstarfoods.com|ManageGatePass.php
24 Aug 2018 17:04:36|28|pratiksha@forstarfoods.com|ManageGatePass.php
24 Aug 2018 17:05:46|28|pratiksha@forstarfoods.com|ManageGatePass.php
24 Aug 2018 17:06:54|28|pratiksha@forstarfoods.com|ManageGatePass.php
24 Aug 2018 17:08:02|28|pratiksha@forstarfoods.com|ManageGatePass.php
24 Aug 2018 17:09:09|28|pratiksha@forstarfoods.com|ManageGatePass.php
24 Aug 2018 17:10:18|28|pratiksha@forstarfoods.com|ManageGatePass.php
24 Aug 2018 17:11:07|31|rekha@foresee.com|Home.php
24 Aug 2018 17:11:21|28|pratiksha@forstarfoods.com|ManageGatePass.php
24 Aug 2018 17:12:27|28|pratiksha@forstarfoods.com|ManageGatePass.php
24 Aug 2018 17:13:36|28|pratiksha@forstarfoods.com|ManageGatePass.php
24 Aug 2018 17:14:42|28|pratiksha@forstarfoods.com|ManageGatePass.php
24 Aug 2018 17:15:50|28|pratiksha@forstarfoods.com|ManageGatePass.php
24 Aug 2018 17:17:06|28|pratiksha@forstarfoods.com|ManageGatePass.php
24 Aug 2018 17:18:19|28|pratiksha@forstarfoods.com|ManageGatePass.php
24 Aug 2018 17:19:30|28|pratiksha@forstarfoods.com|ManageGatePass.php
24 Aug 2018 17:20:37|28|pratiksha@forstarfoods.com|ManageGatePass.php
24 Aug 2018 17:20:45|28|pratiksha@forstarfoods.com|ManageGatePass.php
24 Aug 2018 17:20:49|28|pratiksha@forstarfoods.com|ManageGatePass.php
24 Aug 2018 17:20:52|28|pratiksha@forstarfoods.com|ManageGatePass.php
24 Aug 2018 17:21:21|28|pratiksha@forstarfoods.com|ManageGatePass.php
24 Aug 2018 17:21:30|28|pratiksha@forstarfoods.com|ManageGatePass.php
24 Aug 2018 17:21:32|28|pratiksha@forstarfoods.com|ManageGatePass.php
24 Aug 2018 17:21:36|28|pratiksha@forstarfoods.com|ManageGatePass.php
24 Aug 2018 17:21:38|28|pratiksha@forstarfoods.com|ManageGatePass.php
24 Aug 2018 17:21:41|28|pratiksha@forstarfoods.com|PrintGatePass.php
24 Aug 2018 17:21:57|28|pratiksha@forstarfoods.com|PrintGatePass.php
24 Aug 2018 17:22:40|28|pratiksha@forstarfoods.com|ManageGatePass.php
24 Aug 2018 17:23:41|28|pratiksha@forstarfoods.com|ManageGatePass.php
24 Aug 2018 17:24:19|31|rekha@foresee.com|demo_page.php
24 Aug 2018 17:24:42|28|pratiksha@forstarfoods.com|ManageGatePass.php
24 Aug 2018 17:25:09|28|pratiksha@forstarfoods.com|ManageGatePass.php
24 Aug 2018 17:25:13|28|pratiksha@forstarfoods.com|ManageGatePass.php
24 Aug 2018 17:25:16|28|pratiksha@forstarfoods.com|ManageGatePass.php
24 Aug 2018 17:25:38|28|pratiksha@forstarfoods.com|ManageGatePass.php
24 Aug 2018 17:25:40|28|pratiksha@forstarfoods.com|ManageGatePass.php
24 Aug 2018 17:25:43|28|pratiksha@forstarfoods.com|ManageGatePass.php
24 Aug 2018 17:25:46|28|pratiksha@forstarfoods.com|ManageGatePass.php
24 Aug 2018 17:25:49|28|pratiksha@forstarfoods.com|ManageGatePass.php
24 Aug 2018 17:25:52|28|pratiksha@forstarfoods.com|PrintGatePass.php
24 Aug 2018 17:26:50|28|pratiksha@forstarfoods.com|ManageGatePass.php
24 Aug 2018 17:27:52|28|pratiksha@forstarfoods.com|ManageGatePass.php
24 Aug 2018 17:28:17|28|pratiksha@forstarfoods.com|ManageGatePass.php
24 Aug 2018 17:28:20|28|pratiksha@forstarfoods.com|ManageGatePass.php
24 Aug 2018 17:28:22|28|pratiksha@forstarfoods.com|ManageGatePass.php
24 Aug 2018 17:28:24|28|pratiksha@forstarfoods.com|ManageGatePass.php
24 Aug 2018 17:28:50|28|pratiksha@forstarfoods.com|ManageGatePass.php
24 Aug 2018 17:28:53|28|pratiksha@forstarfoods.com|ManageGatePass.php
24 Aug 2018 17:28:56|28|pratiksha@forstarfoods.com|ManageGatePass.php
24 Aug 2018 17:28:59|28|pratiksha@forstarfoods.com|ManageGatePass.php
24 Aug 2018 17:29:01|28|pratiksha@forstarfoods.com|ManageGatePass.php
24 Aug 2018 17:29:04|28|pratiksha@forstarfoods.com|PrintGatePass.php
24 Aug 2018 17:29:50|28|pratiksha@forstarfoods.com|ManageGatePass.php
24 Aug 2018 17:29:54|28|pratiksha@forstarfoods.com|ManageGatePass.php
24 Aug 2018 17:29:55|28|pratiksha@forstarfoods.com|ManageGatePass.php
24 Aug 2018 17:31:08|28|pratiksha@forstarfoods.com|ManageGatePass.php
24 Aug 2018 17:31:10|28|pratiksha@forstarfoods.com|ManageGatePass.php
24 Aug 2018 17:31:13|28|pratiksha@forstarfoods.com|ManageGatePass.php
24 Aug 2018 17:31:17|28|pratiksha@forstarfoods.com|ManageGatePass.php
24 Aug 2018 17:31:19|28|pratiksha@forstarfoods.com|ManageGatePass.php
24 Aug 2018 17:32:20|28|pratiksha@forstarfoods.com|ManageGatePass.php
24 Aug 2018 17:32:23|28|pratiksha@forstarfoods.com|ManageGatePass.php
24 Aug 2018 17:32:26|28|pratiksha@forstarfoods.com|ManageGatePass.php
24 Aug 2018 17:32:56|28|pratiksha@forstarfoods.com|ManageGatePass.php
24 Aug 2018 17:32:58|28|pratiksha@forstarfoods.com|ManageGatePass.php
24 Aug 2018 17:33:01|28|pratiksha@forstarfoods.com|ManageGatePass.php
24 Aug 2018 17:33:07|28|pratiksha@forstarfoods.com|ManageGatePass.php
24 Aug 2018 17:33:11|28|pratiksha@forstarfoods.com|ManageGatePass.php
24 Aug 2018 17:33:13|28|pratiksha@forstarfoods.com|PrintGatePass.php
24 Aug 2018 17:33:20|28|pratiksha@forstarfoods.com|PrintGatePass.php
24 Aug 2018 17:34:12|28|pratiksha@forstarfoods.com|ManageGatePass.php
24 Aug 2018 17:35:13|28|pratiksha@forstarfoods.com|ManageGatePass.php
24 Aug 2018 17:36:17|28|pratiksha@forstarfoods.com|ManageGatePass.php
24 Aug 2018 17:37:24|28|pratiksha@forstarfoods.com|ManageGatePass.php
24 Aug 2018 17:38:01|30|pritirm@forstarfoods.com|DailyCatchEntry_New.php
24 Aug 2018 17:38:24|30|pritirm@forstarfoods.com|DailyCatchEntry_New.php
24 Aug 2018 17:38:26|30|pritirm@forstarfoods.com|DailyCatchEntry_New.php
24 Aug 2018 17:38:27|30|pritirm@forstarfoods.com|DailyCatchEntry_New.php
24 Aug 2018 17:38:28|30|pritirm@forstarfoods.com|DailyCatchEntry_New.php
24 Aug 2018 17:38:29|30|pritirm@forstarfoods.com|CatchEntryDeclaredItem.php
24 Aug 2018 17:38:31|28|pratiksha@forstarfoods.com|ManageGatePass.php
24 Aug 2018 17:38:31|30|pritirm@forstarfoods.com|DailyCatchEntry_New.php
24 Aug 2018 17:38:32|30|pritirm@forstarfoods.com|DailyCatchEntry_New.php
24 Aug 2018 17:38:34|30|pritirm@forstarfoods.com|DailyCatchEntry_New.php
24 Aug 2018 17:38:35|30|pritirm@forstarfoods.com|DailyCatchEntry_New.php
24 Aug 2018 17:38:36|30|pritirm@forstarfoods.com|DailyCatchEntry_New.php
24 Aug 2018 17:38:37|30|pritirm@forstarfoods.com|DailyCatchEntry_New.php
24 Aug 2018 17:38:40|30|pritirm@forstarfoods.com|DailyCatchEntry_New.php
24 Aug 2018 17:38:41|30|pritirm@forstarfoods.com|DailyCatchEntry_New.php
24 Aug 2018 17:38:42|30|pritirm@forstarfoods.com|DailyCatchEntry_New.php
24 Aug 2018 17:38:50|30|pritirm@forstarfoods.com|DailyCatchEntry_New.php
24 Aug 2018 17:39:02|30|pritirm@forstarfoods.com|DailyCatchEntry_New.php
24 Aug 2018 17:39:07|30|pritirm@forstarfoods.com|DailyCatchEntry_New.php
24 Aug 2018 17:39:11|30|pritirm@forstarfoods.com|DailyCatchEntry_New.php
24 Aug 2018 17:39:13|30|pritirm@forstarfoods.com|CatchEntryDeclaredItem.php
24 Aug 2018 17:39:20|30|pritirm@forstarfoods.com|DailyCatchEntry_New.php
24 Aug 2018 17:39:21|30|pritirm@forstarfoods.com|DailyCatchEntry_New.php
24 Aug 2018 17:39:22|30|pritirm@forstarfoods.com|DailyCatchEntry_New.php
24 Aug 2018 17:39:23|30|pritirm@forstarfoods.com|DailyCatchEntry_New.php
24 Aug 2018 17:39:25|30|pritirm@forstarfoods.com|DailyCatchEntry_New.php
24 Aug 2018 17:39:26|30|pritirm@forstarfoods.com|DailyCatchEntry_New.php
24 Aug 2018 17:39:27|30|pritirm@forstarfoods.com|DailyCatchEntry_New.php
24 Aug 2018 17:39:28|30|pritirm@forstarfoods.com|DailyCatchEntry_New.php
24 Aug 2018 17:39:31|30|pritirm@forstarfoods.com|DailyCatchEntry_New.php
24 Aug 2018 17:39:39|28|pratiksha@forstarfoods.com|ManageGatePass.php
24 Aug 2018 17:39:43|30|pritirm@forstarfoods.com|DailyCatchEntry_New.php
24 Aug 2018 17:40:02|30|pritirm@forstarfoods.com|DailyCatchEntry_New.php
24 Aug 2018 17:40:05|30|pritirm@forstarfoods.com|DailyCatchEntry_New.php
24 Aug 2018 17:40:10|30|pritirm@forstarfoods.com|DailyCatchEntry_New.php
24 Aug 2018 17:40:11|30|pritirm@forstarfoods.com|DailyCatchEntry_New.php
24 Aug 2018 17:40:13|30|pritirm@forstarfoods.com|DailyCatchEntry_New.php
24 Aug 2018 17:40:14|30|pritirm@forstarfoods.com|DailyCatchEntry_New.php
24 Aug 2018 17:40:15|30|pritirm@forstarfoods.com|DailyCatchEntry_New.php
24 Aug 2018 17:40:16|30|pritirm@forstarfoods.com|DailyCatchEntry_New.php
24 Aug 2018 17:40:18|30|pritirm@forstarfoods.com|DailyCatchEntry_New.php
24 Aug 2018 17:40:20|30|pritirm@forstarfoods.com|DailyCatchEntry_New.php
24 Aug 2018 17:40:21|30|pritirm@forstarfoods.com|CatchEntryDeclaredItem.php
24 Aug 2018 17:40:26|30|pritirm@forstarfoods.com|DailyCatchEntry_New.php
24 Aug 2018 17:40:29|30|pritirm@forstarfoods.com|DailyCatchEntry_New.php
24 Aug 2018 17:40:31|30|pritirm@forstarfoods.com|DailyCatchEntry_New.php
24 Aug 2018 17:40:32|30|pritirm@forstarfoods.com|DailyCatchEntry_New.php
24 Aug 2018 17:40:33|30|pritirm@forstarfoods.com|DailyCatchEntry_New.php
24 Aug 2018 17:40:35|30|pritirm@forstarfoods.com|DailyCatchEntry_New.php
24 Aug 2018 17:40:36|30|pritirm@forstarfoods.com|DailyCatchEntry_New.php
24 Aug 2018 17:40:37|30|pritirm@forstarfoods.com|DailyCatchEntry_New.php
24 Aug 2018 17:40:38|30|pritirm@forstarfoods.com|DailyCatchEntry_New.php
24 Aug 2018 17:40:41|30|pritirm@forstarfoods.com|DailyCatchEntry_New.php
24 Aug 2018 17:40:42|30|pritirm@forstarfoods.com|CatchEntryDeclaredItem.php
24 Aug 2018 17:40:48|28|pratiksha@forstarfoods.com|ManageGatePass.php
24 Aug 2018 17:41:57|28|pratiksha@forstarfoods.com|ManageGatePass.php
24 Aug 2018 17:43:05|28|pratiksha@forstarfoods.com|ManageGatePass.php
24 Aug 2018 17:43:26|30|pritirm@forstarfoods.com|DailyCatchEntry_New.php
24 Aug 2018 17:44:14|28|pratiksha@forstarfoods.com|ManageGatePass.php
24 Aug 2018 17:45:20|28|pratiksha@forstarfoods.com|ManageGatePass.php
24 Aug 2018 17:46:28|28|pratiksha@forstarfoods.com|ManageGatePass.php
24 Aug 2018 17:47:36|28|pratiksha@forstarfoods.com|ManageGatePass.php
24 Aug 2018 17:48:27|30|pritirm@forstarfoods.com|DailyCatchEntry_New.php
24 Aug 2018 17:48:42|28|pratiksha@forstarfoods.com|ManageGatePass.php
24 Aug 2018 18:02:45|31|rekha@foresee.com|Home.php
24 Aug 2018 18:06:54|31|rekha@foresee.com|Home.php
24 Aug 2018 18:07:53|31|rekha@foresee.com|DailyCatchSummary.php
24 Aug 2018 18:16:05|10|moni@forstarfoods.com|Home.php
24 Aug 2018 18:16:22|31|rekha@foresee.com|Home.php
24 Aug 2018 18:16:41|10|moni@forstarfoods.com|ManageRole.php
24 Aug 2018 18:24:05|31|rekha@foresee.com|Home.php
24 Aug 2018 18:24:47|31|rekha@foresee.com|Home.php
24 Aug 2018 18:24:59|31|rekha@foresee.com|FishMaster.php
25 Aug 2018 10:33:58|30|pritirm@forstarfoods.com|Home.php
25 Aug 2018 10:35:48|30|pritirm@forstarfoods.com|DailyCatchEntry_New.php
25 Aug 2018 10:35:52|30|pritirm@forstarfoods.com|DailyCatchEntry_New.php
25 Aug 2018 10:35:53|30|pritirm@forstarfoods.com|DailyCatchEntry_New.php
25 Aug 2018 10:35:55|30|pritirm@forstarfoods.com|DailyCatchEntry_New.php
25 Aug 2018 10:35:56|30|pritirm@forstarfoods.com|DailyCatchEntry_New.php
25 Aug 2018 10:35:57|30|pritirm@forstarfoods.com|CatchEntryDeclaredItem.php
25 Aug 2018 10:35:58|30|pritirm@forstarfoods.com|DailyCatchEntry_New.php
25 Aug 2018 10:36:01|30|pritirm@forstarfoods.com|DailyCatchEntry_New.php
25 Aug 2018 10:36:02|30|pritirm@forstarfoods.com|DailyCatchEntry_New.php
25 Aug 2018 10:36:03|30|pritirm@forstarfoods.com|DailyCatchEntry_New.php
25 Aug 2018 10:36:04|30|pritirm@forstarfoods.com|DailyCatchEntry_New.php
25 Aug 2018 10:36:06|30|pritirm@forstarfoods.com|DailyCatchEntry_New.php
25 Aug 2018 10:36:09|30|pritirm@forstarfoods.com|DailyCatchEntry_New.php
25 Aug 2018 10:36:10|30|pritirm@forstarfoods.com|DailyCatchEntry_New.php
25 Aug 2018 10:36:12|30|pritirm@forstarfoods.com|DailyCatchEntry_New.php
25 Aug 2018 10:36:18|30|pritirm@forstarfoods.com|DailyCatchEntry_New.php
25 Aug 2018 10:36:29|30|pritirm@forstarfoods.com|DailyCatchEntry_New.php
25 Aug 2018 10:36:31|30|pritirm@forstarfoods.com|CatchEntryDeclaredItem.php
25 Aug 2018 10:36:42|30|pritirm@forstarfoods.com|DailyCatchEntry_New.php
25 Aug 2018 10:36:43|30|pritirm@forstarfoods.com|DailyCatchEntry_New.php
25 Aug 2018 10:36:44|30|pritirm@forstarfoods.com|DailyCatchEntry_New.php
25 Aug 2018 10:36:45|30|pritirm@forstarfoods.com|DailyCatchEntry_New.php
25 Aug 2018 10:36:47|30|pritirm@forstarfoods.com|DailyCatchEntry_New.php
25 Aug 2018 10:36:48|30|pritirm@forstarfoods.com|DailyCatchEntry_New.php
25 Aug 2018 10:36:54|30|pritirm@forstarfoods.com|DailyCatchEntry_New.php
25 Aug 2018 10:37:01|30|pritirm@forstarfoods.com|DailyCatchEntry_New.php
25 Aug 2018 10:37:10|30|pritirm@forstarfoods.com|DailyCatchEntry_New.php
25 Aug 2018 10:37:21|30|pritirm@forstarfoods.com|DailyCatchEntry_New.php
25 Aug 2018 10:37:22|30|pritirm@forstarfoods.com|DailyCatchEntry_New.php
25 Aug 2018 10:37:23|30|pritirm@forstarfoods.com|DailyCatchEntry_New.php
25 Aug 2018 10:37:24|30|pritirm@forstarfoods.com|DailyCatchEntry_New.php
25 Aug 2018 10:37:26|30|pritirm@forstarfoods.com|DailyCatchEntry_New.php
25 Aug 2018 10:37:27|30|pritirm@forstarfoods.com|DailyCatchEntry_New.php
25 Aug 2018 10:37:28|30|pritirm@forstarfoods.com|DailyCatchEntry_New.php
25 Aug 2018 10:37:30|30|pritirm@forstarfoods.com|DailyCatchEntry_New.php
25 Aug 2018 10:37:31|30|pritirm@forstarfoods.com|CatchEntryDeclaredItem.php
25 Aug 2018 10:37:36|30|pritirm@forstarfoods.com|DailyCatchEntry_New.php
25 Aug 2018 10:37:38|30|pritirm@forstarfoods.com|DailyCatchEntry_New.php
25 Aug 2018 10:37:39|30|pritirm@forstarfoods.com|DailyCatchEntry_New.php
25 Aug 2018 10:37:45|30|pritirm@forstarfoods.com|DailyCatchEntry_New.php
25 Aug 2018 10:37:49|30|pritirm@forstarfoods.com|DailyCatchEntry_New.php
25 Aug 2018 10:37:50|30|pritirm@forstarfoods.com|CatchEntryDeclaredItem.php
25 Aug 2018 10:38:00|30|pritirm@forstarfoods.com|DailyCatchEntry_New.php
25 Aug 2018 10:38:10|30|pritirm@forstarfoods.com|DailyCatchEntry_New.php
25 Aug 2018 10:38:15|30|pritirm@forstarfoods.com|DailyCatchEntry_New.php
25 Aug 2018 10:38:20|30|pritirm@forstarfoods.com|DailyCatchEntry_New.php
25 Aug 2018 10:38:22|30|pritirm@forstarfoods.com|DailyCatchEntry_New.php
25 Aug 2018 10:38:23|30|pritirm@forstarfoods.com|DailyCatchEntry_New.php
25 Aug 2018 10:38:24|30|pritirm@forstarfoods.com|DailyCatchEntry_New.php
25 Aug 2018 10:38:25|30|pritirm@forstarfoods.com|DailyCatchEntry_New.php
25 Aug 2018 10:38:27|30|pritirm@forstarfoods.com|DailyCatchEntry_New.php
25 Aug 2018 10:38:28|30|pritirm@forstarfoods.com|DailyCatchEntry_New.php
25 Aug 2018 10:38:29|30|pritirm@forstarfoods.com|DailyCatchEntry_New.php
25 Aug 2018 10:38:30|30|pritirm@forstarfoods.com|DailyCatchEntry_New.php
25 Aug 2018 10:38:32|30|pritirm@forstarfoods.com|DailyCatchEntry_New.php
25 Aug 2018 10:38:33|30|pritirm@forstarfoods.com|DailyCatchEntry_New.php
25 Aug 2018 10:38:35|30|pritirm@forstarfoods.com|DailyCatchEntry_New.php
25 Aug 2018 10:38:36|30|pritirm@forstarfoods.com|CatchEntryDeclaredItem.php
25 Aug 2018 10:38:43|30|pritirm@forstarfoods.com|DailyCatchEntry_New.php
25 Aug 2018 10:38:45|30|pritirm@forstarfoods.com|DailyCatchEntry_New.php
25 Aug 2018 10:38:47|30|pritirm@forstarfoods.com|DailyCatchEntry_New.php
25 Aug 2018 10:38:48|30|pritirm@forstarfoods.com|DailyCatchEntry_New.php
25 Aug 2018 10:38:50|30|pritirm@forstarfoods.com|DailyCatchEntry_New.php
25 Aug 2018 10:38:51|30|pritirm@forstarfoods.com|DailyCatchEntry_New.php
25 Aug 2018 10:38:52|30|pritirm@forstarfoods.com|DailyCatchEntry_New.php
25 Aug 2018 10:38:53|30|pritirm@forstarfoods.com|DailyCatchEntry_New.php
25 Aug 2018 10:38:55|30|pritirm@forstarfoods.com|DailyCatchEntry_New.php
25 Aug 2018 10:38:57|30|pritirm@forstarfoods.com|DailyCatchEntry_New.php
25 Aug 2018 10:38:59|30|pritirm@forstarfoods.com|CatchEntryDeclaredItem.php
25 Aug 2018 10:39:05|30|pritirm@forstarfoods.com|DailyCatchEntry_New.php
25 Aug 2018 10:39:07|30|pritirm@forstarfoods.com|DailyCatchEntry_New.php
25 Aug 2018 10:39:08|30|pritirm@forstarfoods.com|DailyCatchEntry_New.php
25 Aug 2018 10:39:10|30|pritirm@forstarfoods.com|DailyCatchEntry_New.php
25 Aug 2018 10:39:14|30|pritirm@forstarfoods.com|DailyCatchEntry_New.php
25 Aug 2018 10:39:16|30|pritirm@forstarfoods.com|CatchEntryDeclaredItem.php
25 Aug 2018 10:39:29|30|pritirm@forstarfoods.com|DailyCatchEntry_New.php
25 Aug 2018 10:39:39|30|pritirm@forstarfoods.com|DailyCatchEntry_New.php
25 Aug 2018 10:39:41|30|pritirm@forstarfoods.com|DailyCatchEntry_New.php
25 Aug 2018 10:39:44|30|pritirm@forstarfoods.com|DailyCatchEntry_New.php
25 Aug 2018 10:39:45|30|pritirm@forstarfoods.com|DailyCatchEntry_New.php
25 Aug 2018 10:39:46|30|pritirm@forstarfoods.com|DailyCatchEntry_New.php
25 Aug 2018 10:39:48|30|pritirm@forstarfoods.com|DailyCatchEntry_New.php
25 Aug 2018 10:39:49|30|pritirm@forstarfoods.com|DailyCatchEntry_New.php
25 Aug 2018 10:39:50|30|pritirm@forstarfoods.com|DailyCatchEntry_New.php
25 Aug 2018 10:39:51|30|pritirm@forstarfoods.com|DailyCatchEntry_New.php
25 Aug 2018 10:39:54|30|pritirm@forstarfoods.com|DailyCatchEntry_New.php
25 Aug 2018 10:39:55|30|pritirm@forstarfoods.com|CatchEntryDeclaredItem.php
25 Aug 2018 10:40:02|30|pritirm@forstarfoods.com|DailyCatchEntry_New.php
25 Aug 2018 10:40:03|30|pritirm@forstarfoods.com|DailyCatchEntry_New.php
25 Aug 2018 10:40:04|30|pritirm@forstarfoods.com|DailyCatchEntry_New.php
25 Aug 2018 10:40:11|30|pritirm@forstarfoods.com|DailyCatchEntry_New.php
25 Aug 2018 10:40:19|30|pritirm@forstarfoods.com|DailyCatchEntry_New.php
25 Aug 2018 10:40:37|30|pritirm@forstarfoods.com|DailyCatchEntry_New.php
25 Aug 2018 10:40:38|30|pritirm@forstarfoods.com|CatchEntryDeclaredItem.php
25 Aug 2018 10:40:47|30|pritirm@forstarfoods.com|DailyCatchEntry_New.php
25 Aug 2018 10:40:52|30|pritirm@forstarfoods.com|DailyCatchEntry_New.php
25 Aug 2018 10:40:53|30|pritirm@forstarfoods.com|DailyCatchEntry_New.php
25 Aug 2018 10:40:55|30|pritirm@forstarfoods.com|DailyCatchEntry_New.php
25 Aug 2018 10:40:57|30|pritirm@forstarfoods.com|DailyCatchEntry_New.php
25 Aug 2018 10:40:58|30|pritirm@forstarfoods.com|DailyCatchEntry_New.php
25 Aug 2018 10:41:00|30|pritirm@forstarfoods.com|DailyCatchEntry_New.php
25 Aug 2018 10:41:01|30|pritirm@forstarfoods.com|DailyCatchEntry_New.php
25 Aug 2018 10:41:02|30|pritirm@forstarfoods.com|DailyCatchEntry_New.php
25 Aug 2018 10:41:03|30|pritirm@forstarfoods.com|DailyCatchEntry_New.php
25 Aug 2018 10:41:04|30|pritirm@forstarfoods.com|DailyCatchEntry_New.php
25 Aug 2018 10:41:07|30|pritirm@forstarfoods.com|DailyCatchEntry_New.php
25 Aug 2018 10:41:08|30|pritirm@forstarfoods.com|CatchEntryDeclaredItem.php
25 Aug 2018 10:41:19|30|pritirm@forstarfoods.com|DailyCatchEntry_New.php
25 Aug 2018 10:41:20|30|pritirm@forstarfoods.com|DailyCatchEntry_New.php
25 Aug 2018 10:41:24|30|pritirm@forstarfoods.com|DailyCatchEntry_New.php
25 Aug 2018 10:41:26|30|pritirm@forstarfoods.com|DailyCatchEntry_New.php
25 Aug 2018 10:41:27|30|pritirm@forstarfoods.com|DailyCatchEntry_New.php
25 Aug 2018 10:41:28|30|pritirm@forstarfoods.com|DailyCatchEntry_New.php
25 Aug 2018 10:41:29|30|pritirm@forstarfoods.com|CatchEntryDeclaredItem.php
25 Aug 2018 10:41:30|30|pritirm@forstarfoods.com|DailyCatchEntry_New.php
25 Aug 2018 10:41:32|30|pritirm@forstarfoods.com|DailyCatchEntry_New.php
25 Aug 2018 10:41:33|30|pritirm@forstarfoods.com|DailyCatchEntry_New.php
25 Aug 2018 10:41:35|30|pritirm@forstarfoods.com|DailyCatchEntry_New.php
25 Aug 2018 10:41:42|30|pritirm@forstarfoods.com|DailyCatchEntry_New.php
25 Aug 2018 10:41:46|30|pritirm@forstarfoods.com|DailyCatchEntry_New.php
25 Aug 2018 10:41:47|30|pritirm@forstarfoods.com|CatchEntryDeclaredItem.php
25 Aug 2018 10:42:08|30|pritirm@forstarfoods.com|DailyCatchEntry_New.php
25 Aug 2018 10:42:10|30|pritirm@forstarfoods.com|DailyCatchEntry_New.php
25 Aug 2018 10:42:11|30|pritirm@forstarfoods.com|DailyCatchEntry_New.php
25 Aug 2018 10:42:12|30|pritirm@forstarfoods.com|DailyCatchEntry_New.php
25 Aug 2018 10:42:13|30|pritirm@forstarfoods.com|DailyCatchEntry_New.php
25 Aug 2018 10:42:14|30|pritirm@forstarfoods.com|DailyCatchEntry_New.php
25 Aug 2018 10:42:16|30|pritirm@forstarfoods.com|DailyCatchEntry_New.php
25 Aug 2018 10:42:17|30|pritirm@forstarfoods.com|DailyCatchEntry_New.php
25 Aug 2018 10:42:23|30|pritirm@forstarfoods.com|DailyCatchEntry_New.php
25 Aug 2018 10:42:29|30|pritirm@forstarfoods.com|DailyCatchEntry_New.php
25 Aug 2018 10:42:32|30|pritirm@forstarfoods.com|DailyCatchEntry_New.php
25 Aug 2018 10:42:36|30|pritirm@forstarfoods.com|DailyCatchEntry_New.php
25 Aug 2018 10:42:37|30|pritirm@forstarfoods.com|DailyCatchEntry_New.php
25 Aug 2018 10:42:38|30|pritirm@forstarfoods.com|DailyCatchEntry_New.php
25 Aug 2018 10:42:39|30|pritirm@forstarfoods.com|DailyCatchEntry_New.php
25 Aug 2018 10:42:41|30|pritirm@forstarfoods.com|DailyCatchEntry_New.php
25 Aug 2018 10:42:42|30|pritirm@forstarfoods.com|DailyCatchEntry_New.php
25 Aug 2018 10:42:45|30|pritirm@forstarfoods.com|DailyCatchEntry_New.php
25 Aug 2018 10:42:47|30|pritirm@forstarfoods.com|DailyCatchEntry_New.php
25 Aug 2018 10:42:48|30|pritirm@forstarfoods.com|CatchEntryDeclaredItem.php
25 Aug 2018 10:43:07|30|pritirm@forstarfoods.com|DailyCatchEntry_New.php
25 Aug 2018 10:43:08|30|pritirm@forstarfoods.com|DailyCatchEntry_New.php
25 Aug 2018 10:43:09|30|pritirm@forstarfoods.com|DailyCatchEntry_New.php
25 Aug 2018 10:43:14|30|pritirm@forstarfoods.com|DailyCatchEntry_New.php
25 Aug 2018 10:43:20|30|pritirm@forstarfoods.com|DailyCatchEntry_New.php
25 Aug 2018 10:43:21|30|pritirm@forstarfoods.com|CatchEntryDeclaredItem.php
25 Aug 2018 10:43:34|30|pritirm@forstarfoods.com|DailyCatchEntry_New.php
25 Aug 2018 10:43:35|30|pritirm@forstarfoods.com|DailyCatchEntry_New.php
25 Aug 2018 10:43:36|30|pritirm@forstarfoods.com|DailyCatchEntry_New.php
25 Aug 2018 10:43:38|30|pritirm@forstarfoods.com|DailyCatchEntry_New.php
25 Aug 2018 10:43:39|30|pritirm@forstarfoods.com|DailyCatchEntry_New.php
25 Aug 2018 10:43:40|30|pritirm@forstarfoods.com|DailyCatchEntry_New.php
25 Aug 2018 10:43:52|30|pritirm@forstarfoods.com|DailyCatchEntry_New.php
25 Aug 2018 10:43:54|30|pritirm@forstarfoods.com|DailyCatchEntry_New.php
25 Aug 2018 10:43:56|30|pritirm@forstarfoods.com|DailyCatchEntry_New.php
25 Aug 2018 10:43:58|30|pritirm@forstarfoods.com|DailyCatchEntry_New.php
25 Aug 2018 10:44:00|30|pritirm@forstarfoods.com|DailyCatchEntry_New.php
25 Aug 2018 10:44:01|30|pritirm@forstarfoods.com|DailyCatchEntry_New.php
25 Aug 2018 10:44:02|30|pritirm@forstarfoods.com|DailyCatchEntry_New.php
25 Aug 2018 10:44:03|30|pritirm@forstarfoods.com|DailyCatchEntry_New.php
25 Aug 2018 10:44:04|30|pritirm@forstarfoods.com|DailyCatchEntry_New.php
25 Aug 2018 10:44:07|30|pritirm@forstarfoods.com|DailyCatchEntry_New.php
25 Aug 2018 10:44:10|30|pritirm@forstarfoods.com|DailyCatchEntry_New.php
25 Aug 2018 10:44:11|30|pritirm@forstarfoods.com|CatchEntryDeclaredItem.php
25 Aug 2018 10:44:17|30|pritirm@forstarfoods.com|DailyCatchEntry_New.php
25 Aug 2018 10:44:19|30|pritirm@forstarfoods.com|DailyCatchEntry_New.php
25 Aug 2018 10:44:20|30|pritirm@forstarfoods.com|DailyCatchEntry_New.php
25 Aug 2018 10:44:22|30|pritirm@forstarfoods.com|DailyCatchEntry_New.php
25 Aug 2018 10:44:28|30|pritirm@forstarfoods.com|DailyCatchEntry_New.php
25 Aug 2018 10:44:30|30|pritirm@forstarfoods.com|CatchEntryDeclaredItem.php
25 Aug 2018 10:44:41|30|pritirm@forstarfoods.com|DailyCatchEntry_New.php
25 Aug 2018 10:44:42|30|pritirm@forstarfoods.com|DailyCatchEntry_New.php
25 Aug 2018 10:44:44|30|pritirm@forstarfoods.com|DailyCatchEntry_New.php
25 Aug 2018 10:44:45|30|pritirm@forstarfoods.com|DailyCatchEntry_New.php
25 Aug 2018 10:44:46|30|pritirm@forstarfoods.com|DailyCatchEntry_New.php
25 Aug 2018 10:44:47|30|pritirm@forstarfoods.com|DailyCatchEntry_New.php
25 Aug 2018 10:44:52|30|pritirm@forstarfoods.com|DailyCatchEntry_New.php
25 Aug 2018 10:44:59|30|pritirm@forstarfoods.com|DailyCatchEntry_New.php
25 Aug 2018 10:45:01|30|pritirm@forstarfoods.com|DailyCatchEntry_New.php
25 Aug 2018 10:45:04|30|pritirm@forstarfoods.com|DailyCatchEntry_New.php
25 Aug 2018 10:45:06|30|pritirm@forstarfoods.com|DailyCatchEntry_New.php
25 Aug 2018 10:45:07|30|pritirm@forstarfoods.com|DailyCatchEntry_New.php
25 Aug 2018 10:45:08|30|pritirm@forstarfoods.com|DailyCatchEntry_New.php
25 Aug 2018 10:45:09|30|pritirm@forstarfoods.com|DailyCatchEntry_New.php
25 Aug 2018 10:45:11|30|pritirm@forstarfoods.com|DailyCatchEntry_New.php
25 Aug 2018 10:45:21|30|pritirm@forstarfoods.com|DailyCatchEntry_New.php
25 Aug 2018 10:45:35|30|pritirm@forstarfoods.com|DailyCatchEntry_New.php
25 Aug 2018 10:45:36|30|pritirm@forstarfoods.com|CatchEntryDeclaredItem.php
25 Aug 2018 10:45:51|30|pritirm@forstarfoods.com|DailyCatchEntry_New.php
25 Aug 2018 10:45:52|30|pritirm@forstarfoods.com|DailyCatchEntry_New.php
25 Aug 2018 10:45:53|30|pritirm@forstarfoods.com|DailyCatchEntry_New.php
25 Aug 2018 10:45:58|30|pritirm@forstarfoods.com|DailyCatchEntry_New.php
25 Aug 2018 10:46:01|30|pritirm@forstarfoods.com|DailyCatchEntry_New.php
25 Aug 2018 10:46:02|30|pritirm@forstarfoods.com|CatchEntryDeclaredItem.php
25 Aug 2018 10:46:11|30|pritirm@forstarfoods.com|DailyCatchEntry_New.php
25 Aug 2018 10:46:12|30|pritirm@forstarfoods.com|DailyCatchEntry_New.php
25 Aug 2018 10:46:14|30|pritirm@forstarfoods.com|DailyCatchEntry_New.php
25 Aug 2018 10:46:23|30|pritirm@forstarfoods.com|DailyCatchEntry_New.php
25 Aug 2018 10:46:26|30|pritirm@forstarfoods.com|DailyCatchEntry_New.php
25 Aug 2018 10:46:27|30|pritirm@forstarfoods.com|DailyCatchEntry_New.php
25 Aug 2018 10:46:31|30|pritirm@forstarfoods.com|DailyCatchEntry_New.php
25 Aug 2018 10:46:33|30|pritirm@forstarfoods.com|DailyCatchEntry_New.php
25 Aug 2018 10:46:34|30|pritirm@forstarfoods.com|DailyCatchEntry_New.php
25 Aug 2018 10:46:35|30|pritirm@forstarfoods.com|DailyCatchEntry_New.php
25 Aug 2018 10:46:36|30|pritirm@forstarfoods.com|DailyCatchEntry_New.php
25 Aug 2018 10:46:38|30|pritirm@forstarfoods.com|DailyCatchEntry_New.php
25 Aug 2018 10:46:39|30|pritirm@forstarfoods.com|DailyCatchEntry_New.php
25 Aug 2018 10:46:40|30|pritirm@forstarfoods.com|DailyCatchEntry_New.php
25 Aug 2018 10:46:41|30|pritirm@forstarfoods.com|DailyCatchEntry_New.php
25 Aug 2018 10:46:42|30|pritirm@forstarfoods.com|DailyCatchEntry_New.php
25 Aug 2018 10:46:44|30|pritirm@forstarfoods.com|DailyCatchEntry_New.php
25 Aug 2018 10:46:45|30|pritirm@forstarfoods.com|DailyCatchEntry_New.php
25 Aug 2018 10:46:46|30|pritirm@forstarfoods.com|DailyCatchEntry_New.php
25 Aug 2018 10:46:47|30|pritirm@forstarfoods.com|DailyCatchEntry_New.php
25 Aug 2018 10:46:49|30|pritirm@forstarfoods.com|DailyCatchEntry_New.php
25 Aug 2018 10:46:50|30|pritirm@forstarfoods.com|DailyCatchEntry_New.php
25 Aug 2018 10:47:05|30|pritirm@forstarfoods.com|DailyCatchEntry_New.php
25 Aug 2018 10:47:07|30|pritirm@forstarfoods.com|DailyCatchEntry_New.php
25 Aug 2018 10:47:08|30|pritirm@forstarfoods.com|CatchEntryDeclaredItem.php
25 Aug 2018 10:47:14|30|pritirm@forstarfoods.com|DailyCatchEntry_New.php
25 Aug 2018 10:47:15|30|pritirm@forstarfoods.com|DailyCatchEntry_New.php
25 Aug 2018 10:47:18|30|pritirm@forstarfoods.com|DailyCatchEntry_New.php
25 Aug 2018 10:47:19|30|pritirm@forstarfoods.com|DailyCatchEntry_New.php
25 Aug 2018 10:47:20|30|pritirm@forstarfoods.com|DailyCatchEntry_New.php
25 Aug 2018 10:47:22|30|pritirm@forstarfoods.com|DailyCatchEntry_New.php
25 Aug 2018 10:47:23|30|pritirm@forstarfoods.com|DailyCatchEntry_New.php
25 Aug 2018 10:47:24|30|pritirm@forstarfoods.com|DailyCatchEntry_New.php
25 Aug 2018 10:47:25|30|pritirm@forstarfoods.com|DailyCatchEntry_New.php
25 Aug 2018 10:47:26|30|pritirm@forstarfoods.com|DailyCatchEntry_New.php
25 Aug 2018 10:47:28|30|pritirm@forstarfoods.com|DailyCatchEntry_New.php
25 Aug 2018 10:47:29|30|pritirm@forstarfoods.com|DailyCatchEntry_New.php
25 Aug 2018 10:47:30|30|pritirm@forstarfoods.com|DailyCatchEntry_New.php
25 Aug 2018 10:47:31|30|pritirm@forstarfoods.com|DailyCatchEntry_New.php
25 Aug 2018 10:47:33|30|pritirm@forstarfoods.com|DailyCatchEntry_New.php
25 Aug 2018 10:47:34|30|pritirm@forstarfoods.com|DailyCatchEntry_New.php
25 Aug 2018 10:47:35|30|pritirm@forstarfoods.com|DailyCatchEntry_New.php
25 Aug 2018 10:47:36|30|pritirm@forstarfoods.com|DailyCatchEntry_New.php
25 Aug 2018 10:47:38|30|pritirm@forstarfoods.com|DailyCatchEntry_New.php
25 Aug 2018 10:47:40|30|pritirm@forstarfoods.com|DailyCatchEntry_New.php
25 Aug 2018 10:47:41|30|pritirm@forstarfoods.com|CatchEntryDeclaredItem.php
25 Aug 2018 10:47:46|30|pritirm@forstarfoods.com|DailyCatchEntry_New.php
25 Aug 2018 10:47:48|30|pritirm@forstarfoods.com|DailyCatchEntry_New.php
25 Aug 2018 10:47:54|30|pritirm@forstarfoods.com|DailyCatchEntry_New.php
25 Aug 2018 10:47:55|30|pritirm@forstarfoods.com|DailyCatchEntry_New.php
25 Aug 2018 10:47:57|30|pritirm@forstarfoods.com|DailyCatchEntry_New.php
25 Aug 2018 10:47:58|30|pritirm@forstarfoods.com|DailyCatchEntry_New.php
25 Aug 2018 10:47:59|30|pritirm@forstarfoods.com|DailyCatchEntry_New.php
25 Aug 2018 10:48:00|30|pritirm@forstarfoods.com|DailyCatchEntry_New.php
25 Aug 2018 10:48:02|30|pritirm@forstarfoods.com|DailyCatchEntry_New.php
25 Aug 2018 10:48:03|30|pritirm@forstarfoods.com|DailyCatchEntry_New.php
25 Aug 2018 10:48:04|30|pritirm@forstarfoods.com|DailyCatchEntry_New.php
25 Aug 2018 10:48:05|30|pritirm@forstarfoods.com|DailyCatchEntry_New.php
25 Aug 2018 10:48:06|30|pritirm@forstarfoods.com|DailyCatchEntry_New.php
25 Aug 2018 10:48:08|30|pritirm@forstarfoods.com|DailyCatchEntry_New.php
25 Aug 2018 10:48:09|30|pritirm@forstarfoods.com|DailyCatchEntry_New.php
25 Aug 2018 10:48:10|30|pritirm@forstarfoods.com|DailyCatchEntry_New.php
25 Aug 2018 10:48:11|30|pritirm@forstarfoods.com|DailyCatchEntry_New.php
25 Aug 2018 10:48:13|30|pritirm@forstarfoods.com|DailyCatchEntry_New.php
25 Aug 2018 10:49:04|30|pritirm@forstarfoods.com|DailyCatchEntry_New.php
25 Aug 2018 10:49:06|30|pritirm@forstarfoods.com|DailyCatchEntry_New.php
25 Aug 2018 10:49:08|30|pritirm@forstarfoods.com|CatchEntryDeclaredItem.php
25 Aug 2018 10:49:13|30|pritirm@forstarfoods.com|DailyCatchEntry_New.php
25 Aug 2018 10:49:14|30|pritirm@forstarfoods.com|DailyCatchEntry_New.php
25 Aug 2018 10:49:16|30|pritirm@forstarfoods.com|DailyCatchEntry_New.php
25 Aug 2018 10:49:27|30|pritirm@forstarfoods.com|DailyCatchEntry_New.php
25 Aug 2018 10:49:36|30|pritirm@forstarfoods.com|DailyCatchEntry_New.php
25 Aug 2018 10:49:38|30|pritirm@forstarfoods.com|CatchEntryDeclaredItem.php
25 Aug 2018 10:49:50|30|pritirm@forstarfoods.com|DailyCatchEntry_New.php
25 Aug 2018 10:50:00|30|pritirm@forstarfoods.com|DailyCatchEntry_New.php
25 Aug 2018 10:50:03|30|pritirm@forstarfoods.com|DailyCatchEntry_New.php
25 Aug 2018 10:50:08|30|pritirm@forstarfoods.com|DailyCatchEntry_New.php
25 Aug 2018 10:50:10|30|pritirm@forstarfoods.com|DailyCatchEntry_New.php
25 Aug 2018 10:50:11|30|pritirm@forstarfoods.com|DailyCatchEntry_New.php
25 Aug 2018 10:50:12|30|pritirm@forstarfoods.com|DailyCatchEntry_New.php
25 Aug 2018 10:50:13|30|pritirm@forstarfoods.com|DailyCatchEntry_New.php
25 Aug 2018 10:50:14|30|pritirm@forstarfoods.com|DailyCatchEntry_New.php
25 Aug 2018 10:50:16|30|pritirm@forstarfoods.com|DailyCatchEntry_New.php
25 Aug 2018 10:50:17|30|pritirm@forstarfoods.com|DailyCatchEntry_New.php
25 Aug 2018 10:50:18|30|pritirm@forstarfoods.com|DailyCatchEntry_New.php
25 Aug 2018 10:50:19|30|pritirm@forstarfoods.com|DailyCatchEntry_New.php
25 Aug 2018 10:50:21|30|pritirm@forstarfoods.com|DailyCatchEntry_New.php
25 Aug 2018 10:50:22|30|pritirm@forstarfoods.com|DailyCatchEntry_New.php
25 Aug 2018 10:50:23|30|pritirm@forstarfoods.com|DailyCatchEntry_New.php
25 Aug 2018 10:50:24|30|pritirm@forstarfoods.com|DailyCatchEntry_New.php
25 Aug 2018 10:50:26|30|pritirm@forstarfoods.com|DailyCatchEntry_New.php
25 Aug 2018 10:50:27|30|pritirm@forstarfoods.com|DailyCatchEntry_New.php
25 Aug 2018 10:50:28|30|pritirm@forstarfoods.com|DailyCatchEntry_New.php
25 Aug 2018 10:50:29|30|pritirm@forstarfoods.com|DailyCatchEntry_New.php
25 Aug 2018 10:50:30|30|pritirm@forstarfoods.com|DailyCatchEntry_New.php
25 Aug 2018 10:50:32|30|pritirm@forstarfoods.com|DailyCatchEntry_New.php
25 Aug 2018 10:50:33|30|pritirm@forstarfoods.com|DailyCatchEntry_New.php
25 Aug 2018 10:50:34|30|pritirm@forstarfoods.com|DailyCatchEntry_New.php
25 Aug 2018 10:50:35|30|pritirm@forstarfoods.com|DailyCatchEntry_New.php
25 Aug 2018 10:50:37|30|pritirm@forstarfoods.com|DailyCatchEntry_New.php
25 Aug 2018 10:51:16|30|pritirm@forstarfoods.com|DailyCatchEntry_New.php
25 Aug 2018 10:51:19|30|pritirm@forstarfoods.com|DailyCatchEntry_New.php
25 Aug 2018 10:51:21|30|pritirm@forstarfoods.com|CatchEntryDeclaredItem.php
25 Aug 2018 10:51:27|30|pritirm@forstarfoods.com|DailyCatchEntry_New.php
25 Aug 2018 10:51:35|30|pritirm@forstarfoods.com|DailyCatchEntry_New.php
25 Aug 2018 10:51:36|30|pritirm@forstarfoods.com|DailyCatchEntry_New.php
25 Aug 2018 10:51:38|30|pritirm@forstarfoods.com|DailyCatchEntry_New.php
25 Aug 2018 10:51:39|30|pritirm@forstarfoods.com|DailyCatchEntry_New.php
25 Aug 2018 10:51:43|30|pritirm@forstarfoods.com|DailyCatchEntry_New.php
25 Aug 2018 10:51:44|30|pritirm@forstarfoods.com|CatchEntryDeclaredItem.php
25 Aug 2018 10:52:07|30|pritirm@forstarfoods.com|DailyCatchEntry_New.php
25 Aug 2018 10:52:16|30|pritirm@forstarfoods.com|DailyCatchEntry_New.php
25 Aug 2018 10:52:18|30|pritirm@forstarfoods.com|DailyCatchEntry_New.php
25 Aug 2018 10:52:21|30|pritirm@forstarfoods.com|DailyCatchEntry_New.php
25 Aug 2018 10:52:22|30|pritirm@forstarfoods.com|DailyCatchEntry_New.php
25 Aug 2018 10:52:23|30|pritirm@forstarfoods.com|DailyCatchEntry_New.php
25 Aug 2018 10:52:24|30|pritirm@forstarfoods.com|DailyCatchEntry_New.php
25 Aug 2018 10:52:25|30|pritirm@forstarfoods.com|DailyCatchEntry_New.php
25 Aug 2018 10:52:27|30|pritirm@forstarfoods.com|DailyCatchEntry_New.php
25 Aug 2018 10:52:28|30|pritirm@forstarfoods.com|DailyCatchEntry_New.php
25 Aug 2018 10:52:29|30|pritirm@forstarfoods.com|DailyCatchEntry_New.php
25 Aug 2018 10:52:30|30|pritirm@forstarfoods.com|DailyCatchEntry_New.php
25 Aug 2018 10:52:32|30|pritirm@forstarfoods.com|DailyCatchEntry_New.php
25 Aug 2018 10:52:33|30|pritirm@forstarfoods.com|DailyCatchEntry_New.php
25 Aug 2018 10:52:34|30|pritirm@forstarfoods.com|DailyCatchEntry_New.php
25 Aug 2018 10:52:35|30|pritirm@forstarfoods.com|DailyCatchEntry_New.php
25 Aug 2018 10:52:37|30|pritirm@forstarfoods.com|DailyCatchEntry_New.php
25 Aug 2018 10:52:38|30|pritirm@forstarfoods.com|DailyCatchEntry_New.php
25 Aug 2018 10:52:39|30|pritirm@forstarfoods.com|DailyCatchEntry_New.php
25 Aug 2018 10:52:40|30|pritirm@forstarfoods.com|DailyCatchEntry_New.php
25 Aug 2018 10:52:41|30|pritirm@forstarfoods.com|DailyCatchEntry_New.php
25 Aug 2018 10:53:41|30|pritirm@forstarfoods.com|DailyCatchEntry_New.php
25 Aug 2018 10:53:43|30|pritirm@forstarfoods.com|DailyCatchEntry_New.php
25 Aug 2018 10:53:45|30|pritirm@forstarfoods.com|CatchEntryDeclaredItem.php
25 Aug 2018 10:53:49|30|pritirm@forstarfoods.com|DailyCatchEntry_New.php
25 Aug 2018 10:53:52|30|pritirm@forstarfoods.com|DailyCatchEntry_New.php
25 Aug 2018 10:53:53|30|pritirm@forstarfoods.com|DailyCatchEntry_New.php
25 Aug 2018 10:53:55|30|pritirm@forstarfoods.com|DailyCatchEntry_New.php
25 Aug 2018 10:53:56|30|pritirm@forstarfoods.com|DailyCatchEntry_New.php
25 Aug 2018 10:53:57|30|pritirm@forstarfoods.com|DailyCatchEntry_New.php
25 Aug 2018 10:53:58|30|pritirm@forstarfoods.com|DailyCatchEntry_New.php
25 Aug 2018 10:53:59|30|pritirm@forstarfoods.com|DailyCatchEntry_New.php
25 Aug 2018 10:54:01|30|pritirm@forstarfoods.com|DailyCatchEntry_New.php
25 Aug 2018 10:54:02|30|pritirm@forstarfoods.com|DailyCatchEntry_New.php
25 Aug 2018 10:54:03|30|pritirm@forstarfoods.com|DailyCatchEntry_New.php
25 Aug 2018 10:54:04|30|pritirm@forstarfoods.com|DailyCatchEntry_New.php
25 Aug 2018 10:54:06|30|pritirm@forstarfoods.com|DailyCatchEntry_New.php
25 Aug 2018 10:54:07|30|pritirm@forstarfoods.com|DailyCatchEntry_New.php
25 Aug 2018 10:54:08|30|pritirm@forstarfoods.com|DailyCatchEntry_New.php
25 Aug 2018 10:54:09|30|pritirm@forstarfoods.com|DailyCatchEntry_New.php
25 Aug 2018 10:54:11|30|pritirm@forstarfoods.com|DailyCatchEntry_New.php
25 Aug 2018 10:54:12|30|pritirm@forstarfoods.com|DailyCatchEntry_New.php
25 Aug 2018 10:56:07|30|pritirm@forstarfoods.com|DailyCatchEntry_New.php
25 Aug 2018 10:56:10|30|pritirm@forstarfoods.com|DailyCatchEntry_New.php
25 Aug 2018 10:56:12|30|pritirm@forstarfoods.com|CatchEntryDeclaredItem.php
25 Aug 2018 10:56:17|30|pritirm@forstarfoods.com|DailyCatchEntry_New.php
25 Aug 2018 10:56:19|30|pritirm@forstarfoods.com|DailyCatchEntry_New.php
25 Aug 2018 10:56:21|30|pritirm@forstarfoods.com|DailyCatchEntry_New.php
25 Aug 2018 10:56:22|30|pritirm@forstarfoods.com|DailyCatchEntry_New.php
25 Aug 2018 10:56:24|30|pritirm@forstarfoods.com|DailyCatchEntry_New.php
25 Aug 2018 10:56:25|30|pritirm@forstarfoods.com|DailyCatchEntry_New.php
25 Aug 2018 10:56:26|30|pritirm@forstarfoods.com|DailyCatchEntry_New.php
25 Aug 2018 10:56:27|30|pritirm@forstarfoods.com|DailyCatchEntry_New.php
25 Aug 2018 10:56:29|30|pritirm@forstarfoods.com|DailyCatchEntry_New.php
25 Aug 2018 10:56:30|30|pritirm@forstarfoods.com|DailyCatchEntry_New.php
25 Aug 2018 10:56:31|30|pritirm@forstarfoods.com|DailyCatchEntry_New.php
25 Aug 2018 10:56:32|30|pritirm@forstarfoods.com|DailyCatchEntry_New.php
25 Aug 2018 10:56:34|30|pritirm@forstarfoods.com|DailyCatchEntry_New.php
25 Aug 2018 10:56:35|30|pritirm@forstarfoods.com|DailyCatchEntry_New.php
25 Aug 2018 10:56:36|30|pritirm@forstarfoods.com|DailyCatchEntry_New.php
25 Aug 2018 10:56:37|30|pritirm@forstarfoods.com|DailyCatchEntry_New.php
25 Aug 2018 10:56:39|30|pritirm@forstarfoods.com|DailyCatchEntry_New.php
25 Aug 2018 10:56:40|30|pritirm@forstarfoods.com|DailyCatchEntry_New.php
25 Aug 2018 10:56:41|30|pritirm@forstarfoods.com|DailyCatchEntry_New.php
25 Aug 2018 10:57:03|30|pritirm@forstarfoods.com|DailyCatchEntry_New.php
25 Aug 2018 10:57:05|30|pritirm@forstarfoods.com|DailyCatchEntry_New.php
25 Aug 2018 10:57:07|30|pritirm@forstarfoods.com|CatchEntryDeclaredItem.php
25 Aug 2018 10:57:13|30|pritirm@forstarfoods.com|DailyCatchEntry_New.php
25 Aug 2018 10:57:14|30|pritirm@forstarfoods.com|DailyCatchEntry_New.php
25 Aug 2018 10:57:15|30|pritirm@forstarfoods.com|DailyCatchEntry_New.php
25 Aug 2018 10:57:16|30|pritirm@forstarfoods.com|DailyCatchEntry_New.php
25 Aug 2018 10:57:23|30|pritirm@forstarfoods.com|DailyCatchEntry_New.php
25 Aug 2018 10:57:24|30|pritirm@forstarfoods.com|CatchEntryDeclaredItem.php
25 Aug 2018 10:57:40|30|pritirm@forstarfoods.com|DailyCatchEntry_New.php
25 Aug 2018 10:57:46|30|pritirm@forstarfoods.com|DailyCatchEntry_New.php
25 Aug 2018 10:57:48|30|pritirm@forstarfoods.com|DailyCatchEntry_New.php
25 Aug 2018 10:57:50|30|pritirm@forstarfoods.com|DailyCatchEntry_New.php
25 Aug 2018 10:57:52|30|pritirm@forstarfoods.com|DailyCatchEntry_New.php
25 Aug 2018 10:57:53|30|pritirm@forstarfoods.com|DailyCatchEntry_New.php
25 Aug 2018 10:57:54|30|pritirm@forstarfoods.com|DailyCatchEntry_New.php
25 Aug 2018 10:57:55|30|pritirm@forstarfoods.com|DailyCatchEntry_New.php
25 Aug 2018 10:57:57|30|pritirm@forstarfoods.com|DailyCatchEntry_New.php
25 Aug 2018 10:57:58|30|pritirm@forstarfoods.com|DailyCatchEntry_New.php