
25 Oct 2018 14:56:18|28|pratiksha@forstarfoods.com|ManageGatePass.php
25 Oct 2018 14:56:24|30|pritirm@forstarfoods.com|DailyCatchEntry_New.php
25 Oct 2018 14:56:27|30|pritirm@forstarfoods.com|DailyCatchEntry_New.php
25 Oct 2018 14:56:32|30|pritirm@forstarfoods.com|DailyCatchEntry_New.php
25 Oct 2018 14:56:33|30|pritirm@forstarfoods.com|DailyCatchEntry_New.php
25 Oct 2018 14:56:34|30|pritirm@forstarfoods.com|DailyCatchEntry_New.php
25 Oct 2018 14:56:36|30|pritirm@forstarfoods.com|DailyCatchEntry_New.php
25 Oct 2018 14:56:37|30|pritirm@forstarfoods.com|DailyCatchEntry_New.php
25 Oct 2018 14:56:38|30|pritirm@forstarfoods.com|DailyCatchEntry_New.php
25 Oct 2018 14:56:39|30|pritirm@forstarfoods.com|DailyCatchEntry_New.php
25 Oct 2018 14:56:42|30|pritirm@forstarfoods.com|DailyCatchEntry_New.php
25 Oct 2018 14:56:43|30|pritirm@forstarfoods.com|CatchEntryDeclaredItem.php
25 Oct 2018 14:56:50|30|pritirm@forstarfoods.com|DailyCatchEntry_New.php
25 Oct 2018 14:56:52|30|pritirm@forstarfoods.com|DailyCatchEntry_New.php
25 Oct 2018 14:56:55|30|pritirm@forstarfoods.com|DailyCatchEntry_New.php
25 Oct 2018 14:56:56|30|pritirm@forstarfoods.com|DailyCatchEntry_New.php
25 Oct 2018 14:56:57|30|pritirm@forstarfoods.com|DailyCatchEntry_New.php
25 Oct 2018 14:56:59|30|pritirm@forstarfoods.com|DailyCatchEntry_New.php
25 Oct 2018 14:57:00|30|pritirm@forstarfoods.com|DailyCatchEntry_New.php
25 Oct 2018 14:57:01|30|pritirm@forstarfoods.com|DailyCatchEntry_New.php
25 Oct 2018 14:57:02|30|pritirm@forstarfoods.com|DailyCatchEntry_New.php
25 Oct 2018 14:57:05|30|pritirm@forstarfoods.com|DailyCatchEntry_New.php
25 Oct 2018 14:57:06|30|pritirm@forstarfoods.com|CatchEntryDeclaredItem.php
25 Oct 2018 14:57:11|30|pritirm@forstarfoods.com|DailyCatchEntry_New.php
25 Oct 2018 14:57:13|30|pritirm@forstarfoods.com|DailyCatchEntry_New.php
25 Oct 2018 14:57:16|30|pritirm@forstarfoods.com|DailyCatchEntry_New.php
25 Oct 2018 14:57:17|30|pritirm@forstarfoods.com|DailyCatchEntry_New.php
25 Oct 2018 14:57:18|30|pritirm@forstarfoods.com|DailyCatchEntry_New.php
25 Oct 2018 14:57:19|30|pritirm@forstarfoods.com|DailyCatchEntry_New.php
25 Oct 2018 14:57:21|30|pritirm@forstarfoods.com|DailyCatchEntry_New.php
25 Oct 2018 14:57:22|30|pritirm@forstarfoods.com|DailyCatchEntry_New.php
25 Oct 2018 14:57:22|28|pratiksha@forstarfoods.com|ManageGatePass.php
25 Oct 2018 14:57:23|30|pritirm@forstarfoods.com|DailyCatchEntry_New.php
25 Oct 2018 14:57:26|30|pritirm@forstarfoods.com|DailyCatchEntry_New.php
25 Oct 2018 14:57:27|30|pritirm@forstarfoods.com|CatchEntryDeclaredItem.php
25 Oct 2018 14:58:05|30|pritirm@forstarfoods.com|DailyCatchEntry_New.php
25 Oct 2018 14:58:06|30|pritirm@forstarfoods.com|DailyCatchEntry_New.php
25 Oct 2018 14:58:07|30|pritirm@forstarfoods.com|DailyCatchEntry_New.php
25 Oct 2018 14:58:09|30|pritirm@forstarfoods.com|DailyCatchEntry_New.php
25 Oct 2018 14:58:13|30|pritirm@forstarfoods.com|DailyCatchEntry_New.php
25 Oct 2018 14:58:14|30|pritirm@forstarfoods.com|CatchEntryDeclaredItem.php
25 Oct 2018 14:58:26|28|pratiksha@forstarfoods.com|ManageGatePass.php
25 Oct 2018 14:58:32|30|pritirm@forstarfoods.com|DailyCatchEntry_New.php
25 Oct 2018 14:58:35|30|pritirm@forstarfoods.com|DailyCatchEntry_New.php
25 Oct 2018 14:58:38|30|pritirm@forstarfoods.com|DailyCatchEntry_New.php
25 Oct 2018 14:58:41|30|pritirm@forstarfoods.com|DailyCatchEntry_New.php
25 Oct 2018 14:58:42|30|pritirm@forstarfoods.com|DailyCatchEntry_New.php
25 Oct 2018 14:58:44|30|pritirm@forstarfoods.com|DailyCatchEntry_New.php
25 Oct 2018 14:58:45|30|pritirm@forstarfoods.com|DailyCatchEntry_New.php
25 Oct 2018 14:58:46|30|pritirm@forstarfoods.com|DailyCatchEntry_New.php
25 Oct 2018 14:58:47|30|pritirm@forstarfoods.com|DailyCatchEntry_New.php
25 Oct 2018 14:58:49|30|pritirm@forstarfoods.com|DailyCatchEntry_New.php
25 Oct 2018 14:58:53|30|pritirm@forstarfoods.com|DailyCatchEntry_New.php
25 Oct 2018 14:58:54|30|pritirm@forstarfoods.com|CatchEntryDeclaredItem.php
25 Oct 2018 14:58:59|30|pritirm@forstarfoods.com|DailyCatchEntry_New.php
25 Oct 2018 14:59:00|30|pritirm@forstarfoods.com|DailyCatchEntry_New.php
25 Oct 2018 14:59:03|30|pritirm@forstarfoods.com|DailyCatchEntry_New.php
25 Oct 2018 14:59:05|30|pritirm@forstarfoods.com|DailyCatchEntry_New.php
25 Oct 2018 14:59:06|30|pritirm@forstarfoods.com|DailyCatchEntry_New.php
25 Oct 2018 14:59:07|30|pritirm@forstarfoods.com|DailyCatchEntry_New.php
25 Oct 2018 14:59:08|30|pritirm@forstarfoods.com|DailyCatchEntry_New.php
25 Oct 2018 14:59:10|30|pritirm@forstarfoods.com|DailyCatchEntry_New.php
25 Oct 2018 14:59:11|30|pritirm@forstarfoods.com|DailyCatchEntry_New.php
25 Oct 2018 14:59:13|30|pritirm@forstarfoods.com|DailyCatchEntry_New.php
25 Oct 2018 14:59:15|30|pritirm@forstarfoods.com|CatchEntryDeclaredItem.php
25 Oct 2018 14:59:22|31|rekha@foresee.com|Home.php
25 Oct 2018 14:59:30|28|pratiksha@forstarfoods.com|ManageGatePass.php
25 Oct 2018 14:59:39|31|rekha@foresee.com|Home.php
25 Oct 2018 14:59:47|30|pritirm@forstarfoods.com|DailyCatchEntry_New.php
25 Oct 2018 14:59:48|30|pritirm@forstarfoods.com|DailyCatchEntry_New.php
25 Oct 2018 14:59:49|30|pritirm@forstarfoods.com|DailyCatchEntry_New.php
25 Oct 2018 15:00:19|30|pritirm@forstarfoods.com|DailyCatchEntry_New.php
25 Oct 2018 15:00:34|28|pratiksha@forstarfoods.com|ManageGatePass.php
25 Oct 2018 15:00:53|30|pritirm@forstarfoods.com|DailyCatchEntry_New.php
25 Oct 2018 15:01:06|30|pritirm@forstarfoods.com|DailyCatchEntry_New.php
25 Oct 2018 15:01:07|30|pritirm@forstarfoods.com|CatchEntryDeclaredItem.php
25 Oct 2018 15:01:36|28|pratiksha@forstarfoods.com|ManageGatePass.php
25 Oct 2018 15:01:49|30|pritirm@forstarfoods.com|DailyCatchEntry_New.php
25 Oct 2018 15:01:50|30|pritirm@forstarfoods.com|DailyCatchEntry_New.php
25 Oct 2018 15:01:51|30|pritirm@forstarfoods.com|DailyCatchEntry_New.php
25 Oct 2018 15:01:53|30|pritirm@forstarfoods.com|DailyCatchEntry_New.php
25 Oct 2018 15:01:54|30|pritirm@forstarfoods.com|DailyCatchEntry_New.php
25 Oct 2018 15:01:55|30|pritirm@forstarfoods.com|DailyCatchEntry_New.php
25 Oct 2018 15:02:05|30|pritirm@forstarfoods.com|DailyCatchEntry_New.php
25 Oct 2018 15:02:11|30|pritirm@forstarfoods.com|DailyCatchEntry_New.php
25 Oct 2018 15:02:13|31|rekha@foresee.com|Home.php
25 Oct 2018 15:02:14|30|pritirm@forstarfoods.com|DailyCatchEntry_New.php
25 Oct 2018 15:02:24|30|pritirm@forstarfoods.com|DailyCatchEntry_New.php
25 Oct 2018 15:02:25|30|pritirm@forstarfoods.com|DailyCatchEntry_New.php
25 Oct 2018 15:02:27|30|pritirm@forstarfoods.com|DailyCatchEntry_New.php
25 Oct 2018 15:02:28|30|pritirm@forstarfoods.com|DailyCatchEntry_New.php
25 Oct 2018 15:02:29|30|pritirm@forstarfoods.com|DailyCatchEntry_New.php
25 Oct 2018 15:02:30|30|pritirm@forstarfoods.com|DailyCatchEntry_New.php
25 Oct 2018 15:02:34|30|pritirm@forstarfoods.com|DailyCatchEntry_New.php
25 Oct 2018 15:02:35|31|rekha@foresee.com|BillingCompanyMaster.php
25 Oct 2018 15:02:36|30|pritirm@forstarfoods.com|DailyCatchEntry_New.php
25 Oct 2018 15:02:37|30|pritirm@forstarfoods.com|CatchEntryDeclaredItem.php
25 Oct 2018 15:02:39|28|pratiksha@forstarfoods.com|ManageGatePass.php
25 Oct 2018 15:02:43|30|pritirm@forstarfoods.com|DailyCatchEntry_New.php
25 Oct 2018 15:02:45|30|pritirm@forstarfoods.com|DailyCatchEntry_New.php
25 Oct 2018 15:02:47|30|pritirm@forstarfoods.com|DailyCatchEntry_New.php
25 Oct 2018 15:02:49|30|pritirm@forstarfoods.com|DailyCatchEntry_New.php
25 Oct 2018 15:02:50|30|pritirm@forstarfoods.com|DailyCatchEntry_New.php
25 Oct 2018 15:02:51|30|pritirm@forstarfoods.com|DailyCatchEntry_New.php
25 Oct 2018 15:02:52|30|pritirm@forstarfoods.com|DailyCatchEntry_New.php
25 Oct 2018 15:02:54|30|pritirm@forstarfoods.com|DailyCatchEntry_New.php
25 Oct 2018 15:02:57|30|pritirm@forstarfoods.com|DailyCatchEntry_New.php
25 Oct 2018 15:03:01|30|pritirm@forstarfoods.com|DailyCatchEntry_New.php
25 Oct 2018 15:03:03|30|pritirm@forstarfoods.com|CatchEntryDeclaredItem.php
25 Oct 2018 15:03:15|30|pritirm@forstarfoods.com|DailyCatchEntry_New.php
25 Oct 2018 15:03:17|30|pritirm@forstarfoods.com|DailyCatchEntry_New.php
25 Oct 2018 15:03:18|30|pritirm@forstarfoods.com|DailyCatchEntry_New.php
25 Oct 2018 15:03:19|30|pritirm@forstarfoods.com|DailyCatchEntry_New.php
25 Oct 2018 15:03:27|30|pritirm@forstarfoods.com|DailyCatchEntry_New.php
25 Oct 2018 15:03:28|30|pritirm@forstarfoods.com|CatchEntryDeclaredItem.php
25 Oct 2018 15:03:37|30|pritirm@forstarfoods.com|DailyCatchEntry_New.php
25 Oct 2018 15:03:38|30|pritirm@forstarfoods.com|DailyCatchEntry_New.php
25 Oct 2018 15:03:39|30|pritirm@forstarfoods.com|DailyCatchEntry_New.php
25 Oct 2018 15:03:40|30|pritirm@forstarfoods.com|DailyCatchEntry_New.php
25 Oct 2018 15:03:42|30|pritirm@forstarfoods.com|DailyCatchEntry_New.php
25 Oct 2018 15:03:42|28|pratiksha@forstarfoods.com|ManageGatePass.php
25 Oct 2018 15:03:43|30|pritirm@forstarfoods.com|DailyCatchEntry_New.php
25 Oct 2018 15:03:57|30|pritirm@forstarfoods.com|DailyCatchEntry_New.php
25 Oct 2018 15:04:03|20|shiji@forstarfoods.com|SupplierAccount.php
25 Oct 2018 15:04:09|30|pritirm@forstarfoods.com|DailyCatchEntry_New.php
25 Oct 2018 15:04:13|30|pritirm@forstarfoods.com|DailyCatchEntry_New.php
25 Oct 2018 15:04:17|30|pritirm@forstarfoods.com|DailyCatchEntry_New.php
25 Oct 2018 15:04:18|30|pritirm@forstarfoods.com|DailyCatchEntry_New.php
25 Oct 2018 15:04:20|30|pritirm@forstarfoods.com|DailyCatchEntry_New.php
25 Oct 2018 15:04:21|30|pritirm@forstarfoods.com|DailyCatchEntry_New.php
25 Oct 2018 15:04:22|30|pritirm@forstarfoods.com|DailyCatchEntry_New.php
25 Oct 2018 15:04:23|30|pritirm@forstarfoods.com|DailyCatchEntry_New.php
25 Oct 2018 15:04:25|30|pritirm@forstarfoods.com|DailyCatchEntry_New.php
25 Oct 2018 15:04:26|20|shiji@forstarfoods.com|SupplierAccount.php
25 Oct 2018 15:04:28|30|pritirm@forstarfoods.com|DailyCatchEntry_New.php
25 Oct 2018 15:04:29|30|pritirm@forstarfoods.com|CatchEntryDeclaredItem.php
25 Oct 2018 15:04:31|20|shiji@forstarfoods.com|SupplierAccount.php
25 Oct 2018 15:04:33|30|pritirm@forstarfoods.com|DailyCatchEntry_New.php
25 Oct 2018 15:04:35|30|pritirm@forstarfoods.com|DailyCatchEntry_New.php
25 Oct 2018 15:04:36|30|pritirm@forstarfoods.com|DailyCatchEntry_New.php
25 Oct 2018 15:04:38|30|pritirm@forstarfoods.com|DailyCatchEntry_New.php
25 Oct 2018 15:04:39|30|pritirm@forstarfoods.com|DailyCatchEntry_New.php
25 Oct 2018 15:04:40|30|pritirm@forstarfoods.com|DailyCatchEntry_New.php
25 Oct 2018 15:04:41|30|pritirm@forstarfoods.com|DailyCatchEntry_New.php
25 Oct 2018 15:04:43|30|pritirm@forstarfoods.com|DailyCatchEntry_New.php
25 Oct 2018 15:04:44|30|pritirm@forstarfoods.com|DailyCatchEntry_New.php
25 Oct 2018 15:04:45|20|shiji@forstarfoods.com|SupplierAccount.php
25 Oct 2018 15:04:45|28|pratiksha@forstarfoods.com|ManageGatePass.php
25 Oct 2018 15:04:47|30|pritirm@forstarfoods.com|DailyCatchEntry_New.php
25 Oct 2018 15:04:48|30|pritirm@forstarfoods.com|CatchEntryDeclaredItem.php
25 Oct 2018 15:04:49|20|shiji@forstarfoods.com|SupplierAccount.php
25 Oct 2018 15:04:51|30|pritirm@forstarfoods.com|DailyCatchEntry_New.php
25 Oct 2018 15:04:53|30|pritirm@forstarfoods.com|DailyCatchEntry_New.php
25 Oct 2018 15:04:55|30|pritirm@forstarfoods.com|DailyCatchEntry_New.php
25 Oct 2018 15:04:57|30|pritirm@forstarfoods.com|DailyCatchEntry_New.php
25 Oct 2018 15:04:58|30|pritirm@forstarfoods.com|DailyCatchEntry_New.php
25 Oct 2018 15:04:59|30|pritirm@forstarfoods.com|DailyCatchEntry_New.php
25 Oct 2018 15:05:00|30|pritirm@forstarfoods.com|DailyCatchEntry_New.php
25 Oct 2018 15:05:02|30|pritirm@forstarfoods.com|DailyCatchEntry_New.php
25 Oct 2018 15:05:03|30|pritirm@forstarfoods.com|DailyCatchEntry_New.php
25 Oct 2018 15:05:06|30|pritirm@forstarfoods.com|DailyCatchEntry_New.php
25 Oct 2018 15:05:08|30|pritirm@forstarfoods.com|CatchEntryDeclaredItem.php
25 Oct 2018 15:05:12|30|pritirm@forstarfoods.com|DailyCatchEntry_New.php
25 Oct 2018 15:05:15|30|pritirm@forstarfoods.com|DailyCatchEntry_New.php
25 Oct 2018 15:05:18|31|rekha@foresee.com|Home.php
25 Oct 2018 15:05:18|30|pritirm@forstarfoods.com|DailyCatchEntry_New.php
25 Oct 2018 15:05:19|30|pritirm@forstarfoods.com|DailyCatchEntry_New.php
25 Oct 2018 15:05:20|20|shiji@forstarfoods.com|SupplierAccount.php
25 Oct 2018 15:05:21|30|pritirm@forstarfoods.com|DailyCatchEntry_New.php
25 Oct 2018 15:05:22|30|pritirm@forstarfoods.com|DailyCatchEntry_New.php
25 Oct 2018 15:05:23|30|pritirm@forstarfoods.com|DailyCatchEntry_New.php
25 Oct 2018 15:05:24|30|pritirm@forstarfoods.com|DailyCatchEntry_New.php
25 Oct 2018 15:05:25|20|shiji@forstarfoods.com|SupplierAccount.php
25 Oct 2018 15:05:26|30|pritirm@forstarfoods.com|DailyCatchEntry_New.php
25 Oct 2018 15:05:26|31|rekha@foresee.com|BillingCompanyMaster.php
25 Oct 2018 15:05:37|30|pritirm@forstarfoods.com|DailyCatchEntry_New.php
25 Oct 2018 15:05:39|20|shiji@forstarfoods.com|SupplierAccount.php
25 Oct 2018 15:05:40|30|pritirm@forstarfoods.com|DailyCatchEntry_New.php
25 Oct 2018 15:05:41|30|pritirm@forstarfoods.com|CatchEntryDeclaredItem.php
25 Oct 2018 15:05:44|20|shiji@forstarfoods.com|SupplierAccount.php
25 Oct 2018 15:05:45|30|pritirm@forstarfoods.com|DailyCatchEntry_New.php
25 Oct 2018 15:05:47|30|pritirm@forstarfoods.com|DailyCatchEntry_New.php
25 Oct 2018 15:05:48|28|pratiksha@forstarfoods.com|ManageGatePass.php
25 Oct 2018 15:05:50|30|pritirm@forstarfoods.com|DailyCatchEntry_New.php
25 Oct 2018 15:05:51|30|pritirm@forstarfoods.com|DailyCatchEntry_New.php
25 Oct 2018 15:05:52|30|pritirm@forstarfoods.com|DailyCatchEntry_New.php
25 Oct 2018 15:05:53|30|pritirm@forstarfoods.com|DailyCatchEntry_New.php
25 Oct 2018 15:05:55|30|pritirm@forstarfoods.com|DailyCatchEntry_New.php
25 Oct 2018 15:05:56|30|pritirm@forstarfoods.com|DailyCatchEntry_New.php
25 Oct 2018 15:06:02|30|pritirm@forstarfoods.com|DailyCatchEntry_New.php
25 Oct 2018 15:06:06|30|pritirm@forstarfoods.com|DailyCatchEntry_New.php
25 Oct 2018 15:06:07|30|pritirm@forstarfoods.com|CatchEntryDeclaredItem.php
25 Oct 2018 15:06:31|20|shiji@forstarfoods.com|SupplierAccount.php
25 Oct 2018 15:06:35|31|rekha@foresee.com|BillingCompanyMaster.php
25 Oct 2018 15:06:37|20|shiji@forstarfoods.com|SupplierAccount.php
25 Oct 2018 15:06:52|28|pratiksha@forstarfoods.com|ManageGatePass.php
25 Oct 2018 15:06:58|20|shiji@forstarfoods.com|SupplierAccount.php
25 Oct 2018 15:07:03|20|shiji@forstarfoods.com|SettlementSummary.php
25 Oct 2018 15:07:14|20|shiji@forstarfoods.com|SettlementSummary.php
25 Oct 2018 15:07:16|20|shiji@forstarfoods.com|SupplierPayments.php
25 Oct 2018 15:07:18|20|shiji@forstarfoods.com|SupplierPayments.php
25 Oct 2018 15:07:19|20|shiji@forstarfoods.com|SupplierPayments.php
25 Oct 2018 15:07:20|20|shiji@forstarfoods.com|SupplierAccount.php
25 Oct 2018 15:07:25|31|rekha@foresee.com|CompanyDetails.php
25 Oct 2018 15:07:44|31|rekha@foresee.com|BillingCompanyMaster.php
25 Oct 2018 15:07:44|20|shiji@forstarfoods.com|SupplierAccount.php
25 Oct 2018 15:07:51|20|shiji@forstarfoods.com|SupplierAccount.php
25 Oct 2018 15:07:54|20|shiji@forstarfoods.com|SupplierAccount.php
25 Oct 2018 15:07:57|28|pratiksha@forstarfoods.com|ManageGatePass.php
25 Oct 2018 15:08:02|20|shiji@forstarfoods.com|SupplierAccount.php
25 Oct 2018 15:08:08|31|rekha@foresee.com|BillingCompanyMaster.php
25 Oct 2018 15:08:20|20|shiji@forstarfoods.com|SupplierAccount.php
25 Oct 2018 15:08:25|20|shiji@forstarfoods.com|SupplierAccount.php
25 Oct 2018 15:08:42|20|shiji@forstarfoods.com|SupplierAccount.php
25 Oct 2018 15:08:47|20|shiji@forstarfoods.com|SettlementSummary.php
25 Oct 2018 15:08:54|20|shiji@forstarfoods.com|SettlementSummary.php
25 Oct 2018 15:08:56|20|shiji@forstarfoods.com|SupplierPayments.php
25 Oct 2018 15:08:58|20|shiji@forstarfoods.com|SupplierPayments.php
25 Oct 2018 15:08:59|20|shiji@forstarfoods.com|SupplierPayments.php
25 Oct 2018 15:08:59|28|pratiksha@forstarfoods.com|ManageGatePass.php
25 Oct 2018 15:09:01|20|shiji@forstarfoods.com|SupplierAccount.php
25 Oct 2018 15:09:09|20|shiji@forstarfoods.com|SupplierAccount.php
25 Oct 2018 15:09:14|20|shiji@forstarfoods.com|SupplierAccount.php
25 Oct 2018 15:09:17|20|shiji@forstarfoods.com|SupplierAccount.php
25 Oct 2018 15:09:22|20|shiji@forstarfoods.com|SupplierAccount.php
25 Oct 2018 15:09:48|20|shiji@forstarfoods.com|SupplierAccount.php
25 Oct 2018 15:09:52|20|shiji@forstarfoods.com|SupplierAccount.php
25 Oct 2018 15:10:03|28|pratiksha@forstarfoods.com|ManageGatePass.php
25 Oct 2018 15:10:24|20|shiji@forstarfoods.com|SupplierAccount.php
25 Oct 2018 15:10:27|30|pritirm@forstarfoods.com|DailyCatchEntry_New.php
25 Oct 2018 15:10:41|20|shiji@forstarfoods.com|SettlementSummary.php
25 Oct 2018 15:10:48|20|shiji@forstarfoods.com|SettlementSummary.php
25 Oct 2018 15:10:50|20|shiji@forstarfoods.com|SupplierPayments.php
25 Oct 2018 15:10:52|20|shiji@forstarfoods.com|SupplierPayments.php
25 Oct 2018 15:10:53|20|shiji@forstarfoods.com|SupplierPayments.php
25 Oct 2018 15:11:06|28|pratiksha@forstarfoods.com|ManageGatePass.php
25 Oct 2018 15:12:09|28|pratiksha@forstarfoods.com|ManageGatePass.php
25 Oct 2018 15:13:11|28|pratiksha@forstarfoods.com|ManageGatePass.php
25 Oct 2018 15:13:27|30|pritirm@forstarfoods.com|DailyCatchEntry_New.php
25 Oct 2018 15:13:28|30|pritirm@forstarfoods.com|DailyCatchEntry_New.php
25 Oct 2018 15:13:30|30|pritirm@forstarfoods.com|DailyCatchEntry_New.php
25 Oct 2018 15:14:17|28|pratiksha@forstarfoods.com|ManageGatePass.php
25 Oct 2018 15:15:18|30|pritirm@forstarfoods.com|DailyCatchEntry_New.php
25 Oct 2018 15:15:19|28|pratiksha@forstarfoods.com|ManageGatePass.php
25 Oct 2018 15:15:20|30|pritirm@forstarfoods.com|DailyCatchEntry_New.php
25 Oct 2018 15:15:21|30|pritirm@forstarfoods.com|DailyCatchEntry_New.php
25 Oct 2018 15:15:22|30|pritirm@forstarfoods.com|DailyCatchEntry_New.php
25 Oct 2018 15:15:24|30|pritirm@forstarfoods.com|CatchEntryDeclaredItem.php
25 Oct 2018 15:15:25|30|pritirm@forstarfoods.com|DailyCatchEntry_New.php
25 Oct 2018 15:15:28|30|pritirm@forstarfoods.com|DailyCatchEntry_New.php
25 Oct 2018 15:15:30|30|pritirm@forstarfoods.com|DailyCatchEntry_New.php
25 Oct 2018 15:15:31|30|pritirm@forstarfoods.com|DailyCatchEntry_New.php
25 Oct 2018 15:15:35|30|pritirm@forstarfoods.com|DailyCatchEntry_New.php
25 Oct 2018 15:15:42|30|pritirm@forstarfoods.com|DailyCatchEntry_New.php
25 Oct 2018 15:15:43|30|pritirm@forstarfoods.com|CatchEntryDeclaredItem.php
25 Oct 2018 15:16:16|30|pritirm@forstarfoods.com|DailyCatchEntry_New.php
25 Oct 2018 15:16:18|30|pritirm@forstarfoods.com|DailyCatchEntry_New.php
25 Oct 2018 15:16:19|30|pritirm@forstarfoods.com|DailyCatchEntry_New.php
25 Oct 2018 15:16:20|30|pritirm@forstarfoods.com|DailyCatchEntry_New.php
25 Oct 2018 15:16:21|30|pritirm@forstarfoods.com|DailyCatchEntry_New.php
25 Oct 2018 15:16:23|30|pritirm@forstarfoods.com|DailyCatchEntry_New.php
25 Oct 2018 15:16:25|28|pratiksha@forstarfoods.com|ManageGatePass.php
25 Oct 2018 15:16:27|30|pritirm@forstarfoods.com|DailyCatchEntry_New.php
25 Oct 2018 15:16:29|30|pritirm@forstarfoods.com|DailyCatchEntry_New.php
25 Oct 2018 15:16:30|30|pritirm@forstarfoods.com|DailyCatchEntry_New.php
25 Oct 2018 15:16:31|30|pritirm@forstarfoods.com|DailyCatchEntry_New.php
25 Oct 2018 15:16:32|30|pritirm@forstarfoods.com|DailyCatchEntry_New.php
25 Oct 2018 15:16:34|30|pritirm@forstarfoods.com|DailyCatchEntry_New.php
25 Oct 2018 15:16:35|30|pritirm@forstarfoods.com|DailyCatchEntry_New.php
25 Oct 2018 15:16:36|30|pritirm@forstarfoods.com|DailyCatchEntry_New.php
25 Oct 2018 15:16:37|30|pritirm@forstarfoods.com|DailyCatchEntry_New.php
25 Oct 2018 15:17:08|30|pritirm@forstarfoods.com|DailyCatchEntry_New.php
25 Oct 2018 15:17:11|30|pritirm@forstarfoods.com|DailyCatchEntry_New.php
25 Oct 2018 15:17:27|28|pratiksha@forstarfoods.com|ManageGatePass.php
25 Oct 2018 15:18:32|28|pratiksha@forstarfoods.com|ManageGatePass.php
25 Oct 2018 15:18:38|30|pritirm@forstarfoods.com|DailyCatchEntry_New.php
25 Oct 2018 15:18:39|30|pritirm@forstarfoods.com|DailyCatchEntry_New.php
25 Oct 2018 15:18:40|30|pritirm@forstarfoods.com|DailyCatchEntry_New.php
25 Oct 2018 15:18:41|30|pritirm@forstarfoods.com|DailyCatchEntry_New.php
25 Oct 2018 15:18:43|30|pritirm@forstarfoods.com|DailyCatchEntry_New.php
25 Oct 2018 15:18:44|30|pritirm@forstarfoods.com|DailyCatchEntry_New.php
25 Oct 2018 15:18:48|30|pritirm@forstarfoods.com|DailyCatchEntry_New.php
25 Oct 2018 15:18:51|30|pritirm@forstarfoods.com|DailyCatchEntry_New.php
25 Oct 2018 15:18:53|30|pritirm@forstarfoods.com|CatchEntryDeclaredItem.php
25 Oct 2018 15:19:02|30|pritirm@forstarfoods.com|DailyCatchEntry_New.php
25 Oct 2018 15:19:05|30|pritirm@forstarfoods.com|DailyCatchEntry_New.php
25 Oct 2018 15:19:07|30|pritirm@forstarfoods.com|DailyCatchEntry_New.php
25 Oct 2018 15:19:08|30|pritirm@forstarfoods.com|DailyCatchEntry_New.php
25 Oct 2018 15:19:09|30|pritirm@forstarfoods.com|DailyCatchEntry_New.php
25 Oct 2018 15:19:11|30|pritirm@forstarfoods.com|DailyCatchEntry_New.php
25 Oct 2018 15:19:13|30|pritirm@forstarfoods.com|DailyCatchEntry_New.php
25 Oct 2018 15:19:14|30|pritirm@forstarfoods.com|DailyCatchEntry_New.php
25 Oct 2018 15:19:16|30|pritirm@forstarfoods.com|DailyCatchEntry_New.php
25 Oct 2018 15:19:19|30|pritirm@forstarfoods.com|DailyCatchEntry_New.php
25 Oct 2018 15:19:21|30|pritirm@forstarfoods.com|CatchEntryDeclaredItem.php
25 Oct 2018 15:19:35|28|pratiksha@forstarfoods.com|ManageGatePass.php
25 Oct 2018 15:19:56|31|rekha@foresee.com|BillingCompanyMaster.php
25 Oct 2018 15:20:13|31|rekha@foresee.com|BillingCompanyMaster.php
25 Oct 2018 15:20:14|29|kavitha@forstarfoods.com|DailyCatchEntry_New.php
25 Oct 2018 15:20:18|29|kavitha@forstarfoods.com|DailyCatchEntry_New.php
25 Oct 2018 15:20:20|29|kavitha@forstarfoods.com|DailyCatchEntry_New.php
25 Oct 2018 15:20:20|30|pritirm@forstarfoods.com|DailyCatchEntry_New.php
25 Oct 2018 15:20:21|29|kavitha@forstarfoods.com|DailyCatchEntry_New.php
25 Oct 2018 15:20:22|29|kavitha@forstarfoods.com|DailyCatchEntry_New.php
25 Oct 2018 15:20:23|29|kavitha@forstarfoods.com|CatchEntryDeclaredItem.php
25 Oct 2018 15:20:25|29|kavitha@forstarfoods.com|DailyCatchEntry_New.php
25 Oct 2018 15:20:27|29|kavitha@forstarfoods.com|DailyCatchEntry_New.php
25 Oct 2018 15:20:28|29|kavitha@forstarfoods.com|DailyCatchEntry_New.php
25 Oct 2018 15:20:30|29|kavitha@forstarfoods.com|DailyCatchEntry_New.php
25 Oct 2018 15:20:31|29|kavitha@forstarfoods.com|DailyCatchEntry_New.php
25 Oct 2018 15:20:32|29|kavitha@forstarfoods.com|DailyCatchEntry_New.php
25 Oct 2018 15:20:36|29|kavitha@forstarfoods.com|DailyCatchEntry_New.php
25 Oct 2018 15:20:37|29|kavitha@forstarfoods.com|DailyCatchEntry_New.php
25 Oct 2018 15:20:38|29|kavitha@forstarfoods.com|DailyCatchEntry_New.php
25 Oct 2018 15:20:40|28|pratiksha@forstarfoods.com|ManageGatePass.php
25 Oct 2018 15:20:41|29|kavitha@forstarfoods.com|DailyCatchEntry_New.php
25 Oct 2018 15:20:53|29|kavitha@forstarfoods.com|DailyCatchEntry_New.php
25 Oct 2018 15:20:54|29|kavitha@forstarfoods.com|CatchEntryDeclaredItem.php
25 Oct 2018 15:20:59|31|rekha@foresee.com|BillingCompanyMaster.php
25 Oct 2018 15:21:02|31|rekha@foresee.com|BillingCompanyMaster.php
25 Oct 2018 15:21:44|28|pratiksha@forstarfoods.com|ManageGatePass.php
25 Oct 2018 15:21:58|31|rekha@foresee.com|BillingCompanyMaster.php
25 Oct 2018 15:22:29|29|kavitha@forstarfoods.com|DailyCatchEntry_New.php
25 Oct 2018 15:22:49|28|pratiksha@forstarfoods.com|ManageGatePass.php
25 Oct 2018 15:23:54|28|pratiksha@forstarfoods.com|ManageGatePass.php
25 Oct 2018 15:24:21|31|rekha@foresee.com|BillingCompanyMaster.php
25 Oct 2018 15:24:26|31|rekha@foresee.com|BillingCompanyMaster.php
25 Oct 2018 15:24:48|31|rekha@foresee.com|BillingCompanyMaster.php
25 Oct 2018 15:24:51|31|rekha@foresee.com|BillingCompanyMaster.php
25 Oct 2018 15:24:57|28|pratiksha@forstarfoods.com|ManageGatePass.php
25 Oct 2018 15:24:57|31|rekha@foresee.com|BillingCompanyMaster.php
25 Oct 2018 15:25:05|31|rekha@foresee.com|BillingCompanyMaster.php
25 Oct 2018 15:25:15|31|rekha@foresee.com|BillingCompanyMaster.php
25 Oct 2018 15:25:20|29|kavitha@forstarfoods.com|DailyCatchEntry_New.php
25 Oct 2018 15:25:21|30|pritirm@forstarfoods.com|DailyCatchEntry_New.php
25 Oct 2018 15:25:27|31|rekha@foresee.com|BillingCompanyMaster.php
25 Oct 2018 15:25:40|31|rekha@foresee.com|BillingCompanyMaster.php
25 Oct 2018 15:26:00|28|pratiksha@forstarfoods.com|ManageGatePass.php
25 Oct 2018 15:27:03|28|pratiksha@forstarfoods.com|ManageGatePass.php
25 Oct 2018 15:28:08|28|pratiksha@forstarfoods.com|ManageGatePass.php
25 Oct 2018 15:29:12|28|pratiksha@forstarfoods.com|ManageGatePass.php
25 Oct 2018 15:30:16|28|pratiksha@forstarfoods.com|ManageGatePass.php
25 Oct 2018 15:30:22|29|kavitha@forstarfoods.com|DailyCatchEntry_New.php
25 Oct 2018 15:30:23|30|pritirm@forstarfoods.com|DailyCatchEntry_New.php
25 Oct 2018 15:30:31|31|rekha@foresee.com|Home.php
25 Oct 2018 15:30:44|31|rekha@foresee.com|Home.php
25 Oct 2018 15:31:24|28|pratiksha@forstarfoods.com|ManageGatePass.php
25 Oct 2018 15:32:14|31|rekha@foresee.com|SupplierAccount.php
25 Oct 2018 15:32:32|31|rekha@foresee.com|StateMaster.php
25 Oct 2018 15:32:34|28|pratiksha@forstarfoods.com|ManageGatePass.php
25 Oct 2018 15:32:43|31|rekha@foresee.com|StateMaster.php
25 Oct 2018 15:32:47|31|rekha@foresee.com|StateMaster.php
25 Oct 2018 15:32:51|31|rekha@foresee.com|StateMaster.php
25 Oct 2018 15:32:56|31|rekha@foresee.com|StateMaster.php
25 Oct 2018 15:33:02|31|rekha@foresee.com|StateMaster.php
25 Oct 2018 15:33:05|31|rekha@foresee.com|StateMaster.php
25 Oct 2018 15:33:16|31|rekha@foresee.com|CompanyDetails.php
25 Oct 2018 15:33:34|31|rekha@foresee.com|StateMaster.php
25 Oct 2018 15:33:38|28|pratiksha@forstarfoods.com|ManageGatePass.php
25 Oct 2018 15:33:49|31|rekha@foresee.com|StateMaster.php
25 Oct 2018 15:34:41|28|pratiksha@forstarfoods.com|ManageGatePass.php
25 Oct 2018 15:35:23|29|kavitha@forstarfoods.com|DailyCatchEntry_New.php
25 Oct 2018 15:35:24|30|pritirm@forstarfoods.com|DailyCatchEntry_New.php
25 Oct 2018 15:35:35|31|rekha@foresee.com|StateMaster.php
25 Oct 2018 15:35:45|28|pratiksha@forstarfoods.com|ManageGatePass.php
25 Oct 2018 15:36:47|28|pratiksha@forstarfoods.com|ManageGatePass.php
25 Oct 2018 15:37:06|20|shiji@forstarfoods.com|DailyCatchReport.php
25 Oct 2018 15:37:52|28|pratiksha@forstarfoods.com|ManageGatePass.php
25 Oct 2018 15:38:15|20|shiji@forstarfoods.com|DailyCatchReport.php
25 Oct 2018 15:38:19|20|shiji@forstarfoods.com|DailyCatchReport.php
25 Oct 2018 15:38:21|20|shiji@forstarfoods.com|DailyCatchReport.php
25 Oct 2018 15:38:23|20|shiji@forstarfoods.com|DailyCatchReport.php
25 Oct 2018 15:38:24|20|shiji@forstarfoods.com|DailyCatchReport.php
25 Oct 2018 15:38:26|20|shiji@forstarfoods.com|PrintDailyCatchReportMemo.php
25 Oct 2018 15:38:54|28|pratiksha@forstarfoods.com|ManageGatePass.php
25 Oct 2018 15:40:02|28|pratiksha@forstarfoods.com|ManageGatePass.php
25 Oct 2018 15:40:09|20|shiji@forstarfoods.com|PrintDailyCatchReportMemo.php
25 Oct 2018 15:40:25|30|pritirm@forstarfoods.com|DailyCatchEntry_New.php
25 Oct 2018 15:40:25|29|kavitha@forstarfoods.com|DailyCatchEntry_New.php
25 Oct 2018 15:41:06|28|pratiksha@forstarfoods.com|ManageGatePass.php
25 Oct 2018 15:41:08|31|rekha@foresee.com|StateMaster.php
25 Oct 2018 15:41:14|20|shiji@forstarfoods.com|DailyCatchReport.php
25 Oct 2018 15:41:16|20|shiji@forstarfoods.com|DailyCatchReport.php
25 Oct 2018 15:41:17|20|shiji@forstarfoods.com|DailyCatchReport.php
25 Oct 2018 15:41:22|20|shiji@forstarfoods.com|DailyCatchReport.php
25 Oct 2018 15:41:23|20|shiji@forstarfoods.com|DailyCatchReport.php
25 Oct 2018 15:41:25|20|shiji@forstarfoods.com|DailyCatchReport.php
25 Oct 2018 15:41:26|20|shiji@forstarfoods.com|DailyCatchReport.php
25 Oct 2018 15:41:28|20|shiji@forstarfoods.com|DailyCatchReport.php
25 Oct 2018 15:41:30|20|shiji@forstarfoods.com|DailyCatchReport.php
25 Oct 2018 15:41:31|20|shiji@forstarfoods.com|DailyCatchReport.php
25 Oct 2018 15:41:32|20|shiji@forstarfoods.com|PrintDailyCatchReportMemo.php
25 Oct 2018 15:42:10|20|shiji@forstarfoods.com|PrintDailyCatchReportMemo.php
25 Oct 2018 15:42:13|28|pratiksha@forstarfoods.com|ManageGatePass.php
25 Oct 2018 15:42:55|20|shiji@forstarfoods.com|DailyCatchReport.php
25 Oct 2018 15:42:57|20|shiji@forstarfoods.com|DailyCatchReport.php
25 Oct 2018 15:42:58|20|shiji@forstarfoods.com|DailyCatchReport.php
25 Oct 2018 15:43:02|20|shiji@forstarfoods.com|DailyCatchReport.php
25 Oct 2018 15:43:04|20|shiji@forstarfoods.com|DailyCatchReport.php
25 Oct 2018 15:43:05|20|shiji@forstarfoods.com|DailyCatchReport.php
25 Oct 2018 15:43:07|20|shiji@forstarfoods.com|DailyCatchReport.php
25 Oct 2018 15:43:09|20|shiji@forstarfoods.com|DailyCatchReport.php
25 Oct 2018 15:43:10|20|shiji@forstarfoods.com|DailyCatchReport.php
25 Oct 2018 15:43:12|20|shiji@forstarfoods.com|DailyCatchReport.php
25 Oct 2018 15:43:16|20|shiji@forstarfoods.com|PrintDailyCatchReportMemo.php
25 Oct 2018 15:43:18|28|pratiksha@forstarfoods.com|ManageGatePass.php
25 Oct 2018 15:43:44|20|shiji@forstarfoods.com|PrintDailyCatchReportMemo.php
25 Oct 2018 15:44:21|28|pratiksha@forstarfoods.com|ManageGatePass.php
25 Oct 2018 15:45:26|28|pratiksha@forstarfoods.com|ManageGatePass.php
25 Oct 2018 15:45:26|30|pritirm@forstarfoods.com|DailyCatchEntry_New.php
25 Oct 2018 15:45:27|29|kavitha@forstarfoods.com|DailyCatchEntry_New.php
25 Oct 2018 15:46:31|28|pratiksha@forstarfoods.com|ManageGatePass.php
25 Oct 2018 15:47:36|28|pratiksha@forstarfoods.com|ManageGatePass.php
25 Oct 2018 15:48:44|28|pratiksha@forstarfoods.com|ManageGatePass.php
25 Oct 2018 15:49:45|31|rekha@foresee.com|StateMaster.php
25 Oct 2018 15:49:57|28|pratiksha@forstarfoods.com|ManageGatePass.php
25 Oct 2018 15:50:05|20|shiji@forstarfoods.com|DailyCatchReport.php
25 Oct 2018 15:50:07|20|shiji@forstarfoods.com|DailyCatchReport.php
25 Oct 2018 15:50:08|20|shiji@forstarfoods.com|DailyCatchReport.php
25 Oct 2018 15:50:10|31|rekha@foresee.com|CompanyDetails.php
25 Oct 2018 15:50:16|31|rekha@foresee.com|StateMaster.php
25 Oct 2018 15:50:16|20|shiji@forstarfoods.com|DailyCatchReport.php
25 Oct 2018 15:50:17|20|shiji@forstarfoods.com|DailyCatchReport.php
25 Oct 2018 15:50:19|20|shiji@forstarfoods.com|DailyCatchReport.php
25 Oct 2018 15:50:20|20|shiji@forstarfoods.com|DailyCatchReport.php
25 Oct 2018 15:50:22|20|shiji@forstarfoods.com|DailyCatchReport.php
25 Oct 2018 15:50:23|31|rekha@foresee.com|BillingCompanyMaster.php
25 Oct 2018 15:50:24|20|shiji@forstarfoods.com|DailyCatchReport.php
25 Oct 2018 15:50:25|20|shiji@forstarfoods.com|DailyCatchReport.php
25 Oct 2018 15:50:27|20|shiji@forstarfoods.com|PrintDailyCatchReportMemo.php
25 Oct 2018 15:50:28|30|pritirm@forstarfoods.com|DailyCatchEntry_New.php
25 Oct 2018 15:50:29|29|kavitha@forstarfoods.com|DailyCatchEntry_New.php
25 Oct 2018 15:51:02|28|pratiksha@forstarfoods.com|ManageGatePass.php
25 Oct 2018 15:52:04|28|pratiksha@forstarfoods.com|ManageGatePass.php
25 Oct 2018 15:52:21|31|rekha@foresee.com|BillingCompanyMaster.php
25 Oct 2018 15:52:29|20|shiji@forstarfoods.com|PrintDailyCatchReportMemo.php
25 Oct 2018 15:53:07|20|shiji@forstarfoods.com|DailyCatchReport.php
25 Oct 2018 15:53:07|28|pratiksha@forstarfoods.com|ManageGatePass.php
25 Oct 2018 15:53:09|20|shiji@forstarfoods.com|DailyCatchReport.php
25 Oct 2018 15:53:10|20|shiji@forstarfoods.com|DailyCatchReport.php
25 Oct 2018 15:53:28|20|shiji@forstarfoods.com|DailyCatchReport.php
25 Oct 2018 15:53:29|20|shiji@forstarfoods.com|DailyCatchReport.php
25 Oct 2018 15:53:30|31|rekha@foresee.com|BillingCompanyMaster.php
25 Oct 2018 15:53:31|20|shiji@forstarfoods.com|DailyCatchReport.php
25 Oct 2018 15:53:32|20|shiji@forstarfoods.com|DailyCatchReport.php
25 Oct 2018 15:53:34|20|shiji@forstarfoods.com|PrintDailyCatchReportMemo.php
25 Oct 2018 15:54:01|20|shiji@forstarfoods.com|PrintDailyCatchReportMemo.php
25 Oct 2018 15:54:10|28|pratiksha@forstarfoods.com|ManageGatePass.php
25 Oct 2018 15:54:41|20|shiji@forstarfoods.com|DailyCatchReport.php
25 Oct 2018 15:54:43|20|shiji@forstarfoods.com|DailyCatchReport.php
25 Oct 2018 15:54:44|20|shiji@forstarfoods.com|DailyCatchReport.php
25 Oct 2018 15:54:48|20|shiji@forstarfoods.com|DailyCatchReport.php
25 Oct 2018 15:54:49|20|shiji@forstarfoods.com|DailyCatchReport.php
25 Oct 2018 15:54:51|20|shiji@forstarfoods.com|DailyCatchReport.php
25 Oct 2018 15:54:52|20|shiji@forstarfoods.com|DailyCatchReport.php
25 Oct 2018 15:54:56|20|shiji@forstarfoods.com|PrintDailyCatchReportMemo.php
25 Oct 2018 15:55:17|28|pratiksha@forstarfoods.com|ManageGatePass.php
25 Oct 2018 15:55:29|30|pritirm@forstarfoods.com|DailyCatchEntry_New.php
25 Oct 2018 15:55:30|29|kavitha@forstarfoods.com|DailyCatchEntry_New.php
25 Oct 2018 15:55:34|20|shiji@forstarfoods.com|PrintDailyCatchReportMemo.php
25 Oct 2018 15:56:05|20|shiji@forstarfoods.com|DailyCatchReport.php
25 Oct 2018 15:56:06|20|shiji@forstarfoods.com|DailyCatchReport.php
25 Oct 2018 15:56:08|20|shiji@forstarfoods.com|DailyCatchReport.php
25 Oct 2018 15:56:17|20|shiji@forstarfoods.com|DailyCatchReport.php
25 Oct 2018 15:56:19|20|shiji@forstarfoods.com|DailyCatchReport.php
25 Oct 2018 15:56:20|28|pratiksha@forstarfoods.com|ManageGatePass.php
25 Oct 2018 15:56:20|20|shiji@forstarfoods.com|DailyCatchReport.php
25 Oct 2018 15:56:22|20|shiji@forstarfoods.com|DailyCatchReport.php
25 Oct 2018 15:56:25|20|shiji@forstarfoods.com|DailyCatchReport.php
25 Oct 2018 15:56:26|20|shiji@forstarfoods.com|DailyCatchReport.php
25 Oct 2018 15:56:28|20|shiji@forstarfoods.com|DailyCatchReport.php
25 Oct 2018 15:56:33|20|shiji@forstarfoods.com|PrintDailyCatchReportMemo.php
25 Oct 2018 15:57:22|28|pratiksha@forstarfoods.com|ManageGatePass.php
25 Oct 2018 15:57:24|20|shiji@forstarfoods.com|PrintDailyCatchReportMemo.php
25 Oct 2018 15:57:56|20|shiji@forstarfoods.com|DailyCatchReport.php
25 Oct 2018 15:57:58|20|shiji@forstarfoods.com|DailyCatchReport.php
25 Oct 2018 15:57:59|20|shiji@forstarfoods.com|DailyCatchReport.php
25 Oct 2018 15:58:03|20|shiji@forstarfoods.com|DailyCatchReport.php
25 Oct 2018 15:58:05|20|shiji@forstarfoods.com|DailyCatchReport.php
25 Oct 2018 15:58:06|20|shiji@forstarfoods.com|DailyCatchReport.php
25 Oct 2018 15:58:08|20|shiji@forstarfoods.com|DailyCatchReport.php
25 Oct 2018 15:58:10|20|shiji@forstarfoods.com|PrintDailyCatchReportMemo.php
25 Oct 2018 15:58:24|20|shiji@forstarfoods.com|PrintDailyCatchReportMemo.php
25 Oct 2018 15:58:26|28|pratiksha@forstarfoods.com|ManageGatePass.php
25 Oct 2018 15:58:57|20|shiji@forstarfoods.com|DailyCatchReport.php
25 Oct 2018 15:58:58|20|shiji@forstarfoods.com|DailyCatchReport.php
25 Oct 2018 15:59:00|20|shiji@forstarfoods.com|DailyCatchReport.php
25 Oct 2018 15:59:04|20|shiji@forstarfoods.com|DailyCatchReport.php
25 Oct 2018 15:59:05|20|shiji@forstarfoods.com|DailyCatchReport.php
25 Oct 2018 15:59:07|20|shiji@forstarfoods.com|DailyCatchReport.php
25 Oct 2018 15:59:08|20|shiji@forstarfoods.com|DailyCatchReport.php
25 Oct 2018 15:59:11|20|shiji@forstarfoods.com|PrintDailyCatchReportMemo.php
25 Oct 2018 15:59:29|28|pratiksha@forstarfoods.com|ManageGatePass.php
25 Oct 2018 16:00:15|20|shiji@forstarfoods.com|PrintDailyCatchReportMemo.php
25 Oct 2018 16:00:30|30|pritirm@forstarfoods.com|DailyCatchEntry_New.php
25 Oct 2018 16:00:31|28|pratiksha@forstarfoods.com|ManageGatePass.php
25 Oct 2018 16:00:32|29|kavitha@forstarfoods.com|DailyCatchEntry_New.php
25 Oct 2018 16:00:43|20|shiji@forstarfoods.com|DailyCatchReport.php
25 Oct 2018 16:00:44|20|shiji@forstarfoods.com|DailyCatchReport.php
25 Oct 2018 16:00:46|20|shiji@forstarfoods.com|DailyCatchReport.php
25 Oct 2018 16:00:49|20|shiji@forstarfoods.com|DailyCatchReport.php
25 Oct 2018 16:00:50|20|shiji@forstarfoods.com|DailyCatchReport.php
25 Oct 2018 16:00:52|20|shiji@forstarfoods.com|DailyCatchReport.php
25 Oct 2018 16:00:53|20|shiji@forstarfoods.com|DailyCatchReport.php
25 Oct 2018 16:00:55|20|shiji@forstarfoods.com|PrintDailyCatchReportMemo.php
25 Oct 2018 16:01:35|28|pratiksha@forstarfoods.com|ManageGatePass.php
25 Oct 2018 16:01:45|31|rekha@foresee.com|BillingCompanyMaster.php
25 Oct 2018 16:01:47|20|shiji@forstarfoods.com|PrintDailyCatchReportMemo.php
25 Oct 2018 16:01:54|31|rekha@foresee.com|BillingCompanyMaster.php
25 Oct 2018 16:01:57|31|rekha@foresee.com|BillingCompanyMaster.php
25 Oct 2018 16:02:05|31|rekha@foresee.com|BillingCompanyMaster.php
25 Oct 2018 16:02:24|31|rekha@foresee.com|BillingCompanyMaster.php
25 Oct 2018 16:02:28|31|rekha@foresee.com|BillingCompanyMaster.php
25 Oct 2018 16:02:35|31|rekha@foresee.com|BillingCompanyMaster.php
25 Oct 2018 16:02:38|28|pratiksha@forstarfoods.com|ManageGatePass.php
25 Oct 2018 16:02:39|31|rekha@foresee.com|BillingCompanyMaster.php
25 Oct 2018 16:02:45|31|rekha@foresee.com|BillingCompanyMaster.php
25 Oct 2018 16:02:48|31|rekha@foresee.com|BillingCompanyMaster.php
25 Oct 2018 16:03:42|28|pratiksha@forstarfoods.com|ManageGatePass.php
25 Oct 2018 16:04:45|28|pratiksha@forstarfoods.com|ManageGatePass.php
25 Oct 2018 16:05:04|31|rekha@foresee.com|BillingCompanyMaster.php
25 Oct 2018 16:05:25|31|rekha@foresee.com|BillingCompanyMaster.php
25 Oct 2018 16:05:31|31|rekha@foresee.com|BillingCompanyMaster.php
25 Oct 2018 16:05:31|30|pritirm@forstarfoods.com|DailyCatchEntry_New.php
25 Oct 2018 16:05:34|29|kavitha@forstarfoods.com|DailyCatchEntry_New.php
25 Oct 2018 16:05:40|31|rekha@foresee.com|BillingCompanyMaster.php
25 Oct 2018 16:05:47|31|rekha@foresee.com|BillingCompanyMaster.php
25 Oct 2018 16:05:48|28|pratiksha@forstarfoods.com|ManageGatePass.php
25 Oct 2018 16:05:51|31|rekha@foresee.com|BillingCompanyMaster.php
25 Oct 2018 16:06:51|28|pratiksha@forstarfoods.com|ManageGatePass.php
25 Oct 2018 16:07:21|31|rekha@foresee.com|FishMaster.php
25 Oct 2018 16:07:32|31|rekha@foresee.com|BillingCompanyMaster.php
25 Oct 2018 16:07:53|28|pratiksha@forstarfoods.com|ManageGatePass.php
25 Oct 2018 16:08:57|28|pratiksha@forstarfoods.com|ManageGatePass.php
25 Oct 2018 16:10:01|28|pratiksha@forstarfoods.com|ManageGatePass.php
25 Oct 2018 16:10:33|30|pritirm@forstarfoods.com|DailyCatchEntry_New.php
25 Oct 2018 16:10:35|29|kavitha@forstarfoods.com|DailyCatchEntry_New.php
25 Oct 2018 16:11:05|28|pratiksha@forstarfoods.com|ManageGatePass.php
25 Oct 2018 16:11:19|31|rekha@foresee.com|BillingCompanyMaster.php
25 Oct 2018 16:11:33|31|rekha@foresee.com|Home.php
25 Oct 2018 16:12:07|28|pratiksha@forstarfoods.com|ManageGatePass.php
25 Oct 2018 16:13:09|28|pratiksha@forstarfoods.com|ManageGatePass.php
25 Oct 2018 16:14:15|28|pratiksha@forstarfoods.com|ManageGatePass.php
25 Oct 2018 16:15:22|28|pratiksha@forstarfoods.com|ManageGatePass.php
25 Oct 2018 16:15:34|30|pritirm@forstarfoods.com|DailyCatchEntry_New.php
25 Oct 2018 16:15:37|29|kavitha@forstarfoods.com|DailyCatchEntry_New.php
25 Oct 2018 16:16:26|28|pratiksha@forstarfoods.com|ManageGatePass.php
25 Oct 2018 16:17:30|28|pratiksha@forstarfoods.com|ManageGatePass.php
25 Oct 2018 16:18:34|28|pratiksha@forstarfoods.com|ManageGatePass.php
25 Oct 2018 16:19:39|28|pratiksha@forstarfoods.com|ManageGatePass.php
25 Oct 2018 16:20:35|30|pritirm@forstarfoods.com|DailyCatchEntry_New.php
25 Oct 2018 16:20:39|29|kavitha@forstarfoods.com|DailyCatchEntry_New.php
25 Oct 2018 16:20:43|28|pratiksha@forstarfoods.com|ManageGatePass.php
25 Oct 2018 16:21:46|28|pratiksha@forstarfoods.com|ManageGatePass.php
25 Oct 2018 16:21:59|31|rekha@foresee.com|Home.php
25 Oct 2018 16:22:50|28|pratiksha@forstarfoods.com|ManageGatePass.php
25 Oct 2018 16:23:53|28|pratiksha@forstarfoods.com|ManageGatePass.php
25 Oct 2018 16:24:58|28|pratiksha@forstarfoods.com|ManageGatePass.php
25 Oct 2018 16:25:37|30|pritirm@forstarfoods.com|DailyCatchEntry_New.php
25 Oct 2018 16:25:41|29|kavitha@forstarfoods.com|DailyCatchEntry_New.php
25 Oct 2018 16:26:00|28|pratiksha@forstarfoods.com|ManageGatePass.php
25 Oct 2018 16:27:05|28|pratiksha@forstarfoods.com|ManageGatePass.php
25 Oct 2018 16:28:09|28|pratiksha@forstarfoods.com|ManageGatePass.php
25 Oct 2018 16:29:13|28|pratiksha@forstarfoods.com|ManageGatePass.php
25 Oct 2018 16:30:18|28|pratiksha@forstarfoods.com|ManageGatePass.php
25 Oct 2018 16:30:38|30|pritirm@forstarfoods.com|DailyCatchEntry_New.php
25 Oct 2018 16:30:43|29|kavitha@forstarfoods.com|DailyCatchEntry_New.php
25 Oct 2018 16:31:21|28|pratiksha@forstarfoods.com|ManageGatePass.php
25 Oct 2018 16:32:26|28|pratiksha@forstarfoods.com|ManageGatePass.php
25 Oct 2018 16:33:29|20|shiji@forstarfoods.com|DailyCatchReport.php
25 Oct 2018 16:33:31|20|shiji@forstarfoods.com|DailyCatchReport.php
25 Oct 2018 16:33:31|28|pratiksha@forstarfoods.com|ManageGatePass.php
25 Oct 2018 16:33:32|20|shiji@forstarfoods.com|DailyCatchReport.php
25 Oct 2018 16:33:37|20|shiji@forstarfoods.com|DailyCatchReport.php
25 Oct 2018 16:34:11|20|shiji@forstarfoods.com|DailyCatchReport.php
25 Oct 2018 16:34:15|20|shiji@forstarfoods.com|DailyCatchReport.php
25 Oct 2018 16:34:17|20|shiji@forstarfoods.com|DailyCatchReport.php
25 Oct 2018 16:34:18|20|shiji@forstarfoods.com|DailyCatchReport.php
25 Oct 2018 16:34:20|20|shiji@forstarfoods.com|DailyCatchReport.php
25 Oct 2018 16:34:21|20|shiji@forstarfoods.com|PrintDailyCatchReportMemo.php
25 Oct 2018 16:34:35|28|pratiksha@forstarfoods.com|ManageGatePass.php
25 Oct 2018 16:34:58|20|shiji@forstarfoods.com|DailyCatchReport.php
25 Oct 2018 16:35:00|20|shiji@forstarfoods.com|DailyCatchReport.php
25 Oct 2018 16:35:01|20|shiji@forstarfoods.com|DailyCatchReport.php
25 Oct 2018 16:35:08|20|shiji@forstarfoods.com|DailyCatchReport.php
25 Oct 2018 16:35:10|20|shiji@forstarfoods.com|DailyCatchReport.php
25 Oct 2018 16:35:11|20|shiji@forstarfoods.com|DailyCatchReport.php
25 Oct 2018 16:35:12|20|shiji@forstarfoods.com|DailyCatchReport.php
25 Oct 2018 16:35:18|20|shiji@forstarfoods.com|DailyCatchReport.php
25 Oct 2018 16:35:20|20|shiji@forstarfoods.com|DailyCatchReport.php
25 Oct 2018 16:35:21|20|shiji@forstarfoods.com|DailyCatchReport.php
25 Oct 2018 16:35:24|20|shiji@forstarfoods.com|PrintDailyCatchReportMemo.php
25 Oct 2018 16:35:38|28|pratiksha@forstarfoods.com|ManageGatePass.php
25 Oct 2018 16:35:39|30|pritirm@forstarfoods.com|DailyCatchEntry_New.php
25 Oct 2018 16:35:44|29|kavitha@forstarfoods.com|DailyCatchEntry_New.php
25 Oct 2018 16:35:54|20|shiji@forstarfoods.com|DailyCatchReport.php
25 Oct 2018 16:35:55|20|shiji@forstarfoods.com|DailyCatchReport.php
25 Oct 2018 16:35:56|20|shiji@forstarfoods.com|DailyCatchReport.php
25 Oct 2018 16:36:06|20|shiji@forstarfoods.com|DailyCatchReport.php
25 Oct 2018 16:36:07|20|shiji@forstarfoods.com|DailyCatchReport.php
25 Oct 2018 16:36:09|20|shiji@forstarfoods.com|DailyCatchReport.php
25 Oct 2018 16:36:10|20|shiji@forstarfoods.com|DailyCatchReport.php
25 Oct 2018 16:36:13|20|shiji@forstarfoods.com|DailyCatchReport.php
25 Oct 2018 16:36:15|20|shiji@forstarfoods.com|DailyCatchReport.php
25 Oct 2018 16:36:16|20|shiji@forstarfoods.com|DailyCatchReport.php
25 Oct 2018 16:36:18|20|shiji@forstarfoods.com|PrintDailyCatchReportMemo.php
25 Oct 2018 16:36:44|28|pratiksha@forstarfoods.com|ManageGatePass.php
25 Oct 2018 16:36:53|20|shiji@forstarfoods.com|DailyCatchReport.php
25 Oct 2018 16:36:55|20|shiji@forstarfoods.com|DailyCatchReport.php
25 Oct 2018 16:36:56|20|shiji@forstarfoods.com|DailyCatchReport.php
25 Oct 2018 16:37:10|20|shiji@forstarfoods.com|DailyCatchReport.php
25 Oct 2018 16:37:11|20|shiji@forstarfoods.com|DailyCatchReport.php
25 Oct 2018 16:37:13|20|shiji@forstarfoods.com|DailyCatchReport.php
25 Oct 2018 16:37:14|20|shiji@forstarfoods.com|DailyCatchReport.php
25 Oct 2018 16:37:16|20|shiji@forstarfoods.com|DailyCatchReport.php
25 Oct 2018 16:37:18|20|shiji@forstarfoods.com|DailyCatchReport.php
25 Oct 2018 16:37:19|20|shiji@forstarfoods.com|DailyCatchReport.php
25 Oct 2018 16:37:22|20|shiji@forstarfoods.com|PrintDailyCatchReportMemo.php
25 Oct 2018 16:37:37|20|shiji@forstarfoods.com|DailyCatchReport.php
25 Oct 2018 16:37:38|20|shiji@forstarfoods.com|DailyCatchReport.php
25 Oct 2018 16:37:39|20|shiji@forstarfoods.com|DailyCatchReport.php
25 Oct 2018 16:37:47|28|pratiksha@forstarfoods.com|ManageGatePass.php
25 Oct 2018 16:37:53|20|shiji@forstarfoods.com|DailyCatchReport.php
25 Oct 2018 16:37:55|20|shiji@forstarfoods.com|DailyCatchReport.php
25 Oct 2018 16:37:57|20|shiji@forstarfoods.com|DailyCatchReport.php
25 Oct 2018 16:37:58|20|shiji@forstarfoods.com|DailyCatchReport.php
25 Oct 2018 16:38:04|20|shiji@forstarfoods.com|DailyCatchReport.php
25 Oct 2018 16:38:06|20|shiji@forstarfoods.com|DailyCatchReport.php
25 Oct 2018 16:38:07|20|shiji@forstarfoods.com|DailyCatchReport.php
25 Oct 2018 16:38:09|20|shiji@forstarfoods.com|PrintDailyCatchReportMemo.php
25 Oct 2018 16:38:53|28|pratiksha@forstarfoods.com|ManageGatePass.php
25 Oct 2018 16:39:17|20|shiji@forstarfoods.com|DailyCatchReport.php
25 Oct 2018 16:39:19|20|shiji@forstarfoods.com|DailyCatchReport.php
25 Oct 2018 16:39:20|20|shiji@forstarfoods.com|DailyCatchReport.php
25 Oct 2018 16:39:30|20|shiji@forstarfoods.com|DailyCatchReport.php
25 Oct 2018 16:39:32|20|shiji@forstarfoods.com|DailyCatchReport.php
25 Oct 2018 16:39:34|20|shiji@forstarfoods.com|DailyCatchReport.php
25 Oct 2018 16:39:35|20|shiji@forstarfoods.com|DailyCatchReport.php
25 Oct 2018 16:39:40|20|shiji@forstarfoods.com|DailyCatchReport.php
25 Oct 2018 16:39:41|20|shiji@forstarfoods.com|DailyCatchReport.php
25 Oct 2018 16:39:43|20|shiji@forstarfoods.com|DailyCatchReport.php
25 Oct 2018 16:39:46|20|shiji@forstarfoods.com|PrintDailyCatchReportMemo.php
25 Oct 2018 16:39:56|28|pratiksha@forstarfoods.com|ManageGatePass.php
25 Oct 2018 16:40:11|20|shiji@forstarfoods.com|DailyCatchReport.php
25 Oct 2018 16:40:13|20|shiji@forstarfoods.com|DailyCatchReport.php
25 Oct 2018 16:40:14|20|shiji@forstarfoods.com|DailyCatchReport.php
25 Oct 2018 16:40:27|20|shiji@forstarfoods.com|DailyCatchReport.php
25 Oct 2018 16:40:28|20|shiji@forstarfoods.com|DailyCatchReport.php
25 Oct 2018 16:40:30|20|shiji@forstarfoods.com|DailyCatchReport.php
25 Oct 2018 16:40:31|20|shiji@forstarfoods.com|DailyCatchReport.php
25 Oct 2018 16:40:35|20|shiji@forstarfoods.com|PrintDailyCatchReportMemo.php
25 Oct 2018 16:40:40|30|pritirm@forstarfoods.com|DailyCatchEntry_New.php
25 Oct 2018 16:40:46|29|kavitha@forstarfoods.com|DailyCatchEntry_New.php
25 Oct 2018 16:41:00|20|shiji@forstarfoods.com|DailyCatchReport.php
25 Oct 2018 16:41:01|28|pratiksha@forstarfoods.com|ManageGatePass.php
25 Oct 2018 16:41:01|20|shiji@forstarfoods.com|DailyCatchReport.php
25 Oct 2018 16:41:02|20|shiji@forstarfoods.com|DailyCatchReport.php
25 Oct 2018 16:41:13|20|shiji@forstarfoods.com|DailyCatchReport.php
25 Oct 2018 16:41:14|20|shiji@forstarfoods.com|DailyCatchReport.php
25 Oct 2018 16:41:16|20|shiji@forstarfoods.com|DailyCatchReport.php
25 Oct 2018 16:41:17|20|shiji@forstarfoods.com|DailyCatchReport.php
25 Oct 2018 16:41:19|20|shiji@forstarfoods.com|PrintDailyCatchReportMemo.php
25 Oct 2018 16:41:41|20|shiji@forstarfoods.com|DailyCatchReport.php
25 Oct 2018 16:41:42|20|shiji@forstarfoods.com|DailyCatchReport.php
25 Oct 2018 16:41:44|20|shiji@forstarfoods.com|DailyCatchReport.php
25 Oct 2018 16:41:51|20|shiji@forstarfoods.com|DailyCatchReport.php
25 Oct 2018 16:41:52|20|shiji@forstarfoods.com|DailyCatchReport.php
25 Oct 2018 16:41:54|20|shiji@forstarfoods.com|DailyCatchReport.php
25 Oct 2018 16:41:55|20|shiji@forstarfoods.com|DailyCatchReport.php
25 Oct 2018 16:41:57|20|shiji@forstarfoods.com|PrintDailyCatchReportMemo.php
25 Oct 2018 16:41:59|20|shiji@forstarfoods.com|PrintDailyCatchReportMemo.php
25 Oct 2018 16:42:04|28|pratiksha@forstarfoods.com|ManageGatePass.php
25 Oct 2018 16:42:40|20|shiji@forstarfoods.com|DailyCatchReport.php
25 Oct 2018 16:42:42|20|shiji@forstarfoods.com|DailyCatchReport.php
25 Oct 2018 16:42:43|20|shiji@forstarfoods.com|DailyCatchReport.php
25 Oct 2018 16:43:08|28|pratiksha@forstarfoods.com|ManageGatePass.php
25 Oct 2018 16:44:11|28|pratiksha@forstarfoods.com|ManageGatePass.php
25 Oct 2018 16:45:14|28|pratiksha@forstarfoods.com|ManageGatePass.php
25 Oct 2018 16:45:42|30|pritirm@forstarfoods.com|DailyCatchEntry_New.php
25 Oct 2018 16:45:48|29|kavitha@forstarfoods.com|DailyCatchEntry_New.php
25 Oct 2018 16:46:17|28|pratiksha@forstarfoods.com|ManageGatePass.php
25 Oct 2018 16:47:21|28|pratiksha@forstarfoods.com|ManageGatePass.php
25 Oct 2018 16:48:26|28|pratiksha@forstarfoods.com|ManageGatePass.php
25 Oct 2018 16:49:31|28|pratiksha@forstarfoods.com|ManageGatePass.php
25 Oct 2018 16:50:33|28|pratiksha@forstarfoods.com|ManageGatePass.php
25 Oct 2018 16:50:43|30|pritirm@forstarfoods.com|DailyCatchEntry_New.php
25 Oct 2018 16:50:50|29|kavitha@forstarfoods.com|DailyCatchEntry_New.php
25 Oct 2018 16:51:36|28|pratiksha@forstarfoods.com|ManageGatePass.php
25 Oct 2018 16:52:43|28|pratiksha@forstarfoods.com|ManageGatePass.php
25 Oct 2018 16:53:48|28|pratiksha@forstarfoods.com|ManageGatePass.php
25 Oct 2018 16:54:52|28|pratiksha@forstarfoods.com|ManageGatePass.php
25 Oct 2018 16:55:44|30|pritirm@forstarfoods.com|DailyCatchEntry_New.php
25 Oct 2018 16:55:52|29|kavitha@forstarfoods.com|DailyCatchEntry_New.php
25 Oct 2018 16:55:56|20|shiji@forstarfoods.com|SupplierAccount.php
25 Oct 2018 16:55:57|28|pratiksha@forstarfoods.com|ManageGatePass.php
25 Oct 2018 16:56:04|20|shiji@forstarfoods.com|SupplierAccount.php
25 Oct 2018 16:56:07|20|shiji@forstarfoods.com|SupplierAccount.php
25 Oct 2018 16:56:11|20|shiji@forstarfoods.com|SupplierAccount.php
25 Oct 2018 16:56:16|20|shiji@forstarfoods.com|SupplierAccount.php
25 Oct 2018 16:57:00|28|pratiksha@forstarfoods.com|ManageGatePass.php
25 Oct 2018 16:57:10|31|rekha@foresee.com|Home.php
25 Oct 2018 16:57:18|31|rekha@foresee.com|ProductionAnalysisReport.php
25 Oct 2018 16:57:27|31|rekha@foresee.com|Home.php
25 Oct 2018 16:58:03|28|pratiksha@forstarfoods.com|ManageGatePass.php
25 Oct 2018 16:59:08|28|pratiksha@forstarfoods.com|ManageGatePass.php
25 Oct 2018 17:00:10|28|pratiksha@forstarfoods.com|ManageGatePass.php
25 Oct 2018 17:00:45|30|pritirm@forstarfoods.com|DailyCatchEntry_New.php
25 Oct 2018 17:00:53|29|kavitha@forstarfoods.com|DailyCatchEntry_New.php
25 Oct 2018 17:01:14|28|pratiksha@forstarfoods.com|ManageGatePass.php
25 Oct 2018 17:02:19|28|pratiksha@forstarfoods.com|ManageGatePass.php
25 Oct 2018 17:03:27|28|pratiksha@forstarfoods.com|ManageGatePass.php
25 Oct 2018 17:04:31|28|pratiksha@forstarfoods.com|ManageGatePass.php
25 Oct 2018 17:05:33|28|pratiksha@forstarfoods.com|ManageGatePass.php
25 Oct 2018 17:05:47|30|pritirm@forstarfoods.com|DailyCatchEntry_New.php
25 Oct 2018 17:05:55|29|kavitha@forstarfoods.com|DailyCatchEntry_New.php
25 Oct 2018 17:06:36|28|pratiksha@forstarfoods.com|ManageGatePass.php
25 Oct 2018 17:07:40|28|pratiksha@forstarfoods.com|ManageGatePass.php
25 Oct 2018 17:08:43|28|pratiksha@forstarfoods.com|ManageGatePass.php
25 Oct 2018 17:09:47|28|pratiksha@forstarfoods.com|ManageGatePass.php
25 Oct 2018 17:10:48|30|pritirm@forstarfoods.com|DailyCatchEntry_New.php
25 Oct 2018 17:10:51|28|pratiksha@forstarfoods.com|ManageGatePass.php
25 Oct 2018 17:10:57|29|kavitha@forstarfoods.com|DailyCatchEntry_New.php
25 Oct 2018 17:11:55|28|pratiksha@forstarfoods.com|ManageGatePass.php
25 Oct 2018 17:12:59|28|pratiksha@forstarfoods.com|ManageGatePass.php
25 Oct 2018 17:14:01|28|pratiksha@forstarfoods.com|ManageGatePass.php
25 Oct 2018 17:14:31|29|kavitha@forstarfoods.com|Home.php
25 Oct 2018 17:14:36|29|kavitha@forstarfoods.com|DailyCatchEntry_New.php
25 Oct 2018 17:14:39|29|kavitha@forstarfoods.com|DailyCatchEntry_New.php
25 Oct 2018 17:14:41|29|kavitha@forstarfoods.com|DailyCatchEntry_New.php
25 Oct 2018 17:14:43|29|kavitha@forstarfoods.com|DailyCatchEntry_New.php