
27 Jul 2018 17:29:24|31|rekha@foresee.com|ManageGatePass.php
27 Jul 2018 17:29:25|30|pritirm@forstarfoods.com|DailyCatchEntry_New.php
27 Jul 2018 17:29:29|30|pritirm@forstarfoods.com|DailyCatchEntry_New.php
27 Jul 2018 17:29:30|30|pritirm@forstarfoods.com|CatchEntryDeclaredItem.php
27 Jul 2018 17:29:43|30|pritirm@forstarfoods.com|DailyCatchEntry_New.php
27 Jul 2018 17:29:45|30|pritirm@forstarfoods.com|DailyCatchEntry_New.php
27 Jul 2018 17:29:47|31|rekha@foresee.com|ManageGatePass.php
27 Jul 2018 17:29:48|30|pritirm@forstarfoods.com|DailyCatchEntry_New.php
27 Jul 2018 17:29:49|30|pritirm@forstarfoods.com|DailyCatchEntry_New.php
27 Jul 2018 17:29:50|30|pritirm@forstarfoods.com|DailyCatchEntry_New.php
27 Jul 2018 17:29:50|31|rekha@foresee.com|ManageGatePass.php
27 Jul 2018 17:29:51|30|pritirm@forstarfoods.com|DailyCatchEntry_New.php
27 Jul 2018 17:29:53|30|pritirm@forstarfoods.com|DailyCatchEntry_New.php
27 Jul 2018 17:29:54|30|pritirm@forstarfoods.com|DailyCatchEntry_New.php
27 Jul 2018 17:29:55|30|pritirm@forstarfoods.com|DailyCatchEntry_New.php
27 Jul 2018 17:29:57|30|pritirm@forstarfoods.com|DailyCatchEntry_New.php
27 Jul 2018 17:29:58|30|pritirm@forstarfoods.com|CatchEntryDeclaredItem.php
27 Jul 2018 17:30:03|30|pritirm@forstarfoods.com|DailyCatchEntry_New.php
27 Jul 2018 17:30:05|30|pritirm@forstarfoods.com|DailyCatchEntry_New.php
27 Jul 2018 17:30:07|30|pritirm@forstarfoods.com|DailyCatchEntry_New.php
27 Jul 2018 17:30:08|28|pratiksha@forstarfoods.com|ManageGatePass.php
27 Jul 2018 17:30:08|30|pritirm@forstarfoods.com|DailyCatchEntry_New.php
27 Jul 2018 17:30:10|30|pritirm@forstarfoods.com|DailyCatchEntry_New.php
27 Jul 2018 17:30:11|30|pritirm@forstarfoods.com|DailyCatchEntry_New.php
27 Jul 2018 17:30:12|30|pritirm@forstarfoods.com|DailyCatchEntry_New.php
27 Jul 2018 17:30:13|30|pritirm@forstarfoods.com|DailyCatchEntry_New.php
27 Jul 2018 17:30:15|30|pritirm@forstarfoods.com|DailyCatchEntry_New.php
27 Jul 2018 17:30:17|30|pritirm@forstarfoods.com|DailyCatchEntry_New.php
27 Jul 2018 17:30:18|30|pritirm@forstarfoods.com|CatchEntryDeclaredItem.php
27 Jul 2018 17:30:25|30|pritirm@forstarfoods.com|DailyCatchEntry_New.php
27 Jul 2018 17:30:26|30|pritirm@forstarfoods.com|DailyCatchEntry_New.php
27 Jul 2018 17:30:27|30|pritirm@forstarfoods.com|DailyCatchEntry_New.php
27 Jul 2018 17:30:32|30|pritirm@forstarfoods.com|DailyCatchEntry_New.php
27 Jul 2018 17:30:36|30|pritirm@forstarfoods.com|DailyCatchEntry_New.php
27 Jul 2018 17:30:37|30|pritirm@forstarfoods.com|CatchEntryDeclaredItem.php
27 Jul 2018 17:30:46|31|rekha@foresee.com|ManageGatePass.php
27 Jul 2018 17:30:47|30|pritirm@forstarfoods.com|DailyCatchEntry_New.php
27 Jul 2018 17:30:49|31|rekha@foresee.com|ManageGatePass.php
27 Jul 2018 17:30:49|30|pritirm@forstarfoods.com|DailyCatchEntry_New.php
27 Jul 2018 17:30:51|30|pritirm@forstarfoods.com|DailyCatchEntry_New.php
27 Jul 2018 17:30:54|30|pritirm@forstarfoods.com|DailyCatchEntry_New.php
27 Jul 2018 17:30:55|31|rekha@foresee.com|ManageGatePass.php
27 Jul 2018 17:30:56|30|pritirm@forstarfoods.com|DailyCatchEntry_New.php
27 Jul 2018 17:30:57|30|pritirm@forstarfoods.com|DailyCatchEntry_New.php
27 Jul 2018 17:30:57|31|rekha@foresee.com|ManageGatePass.php
27 Jul 2018 17:30:58|30|pritirm@forstarfoods.com|DailyCatchEntry_New.php
27 Jul 2018 17:30:59|30|pritirm@forstarfoods.com|DailyCatchEntry_New.php
27 Jul 2018 17:31:01|30|pritirm@forstarfoods.com|DailyCatchEntry_New.php
27 Jul 2018 17:31:04|30|pritirm@forstarfoods.com|DailyCatchEntry_New.php
27 Jul 2018 17:31:06|30|pritirm@forstarfoods.com|DailyCatchEntry_New.php
27 Jul 2018 17:31:07|30|pritirm@forstarfoods.com|CatchEntryDeclaredItem.php
27 Jul 2018 17:31:11|30|pritirm@forstarfoods.com|DailyCatchEntry_New.php
27 Jul 2018 17:31:11|28|pratiksha@forstarfoods.com|ManageGatePass.php
27 Jul 2018 17:31:13|30|pritirm@forstarfoods.com|DailyCatchEntry_New.php
27 Jul 2018 17:31:14|31|rekha@foresee.com|ManageChallan.php
27 Jul 2018 17:31:16|30|pritirm@forstarfoods.com|DailyCatchEntry_New.php
27 Jul 2018 17:31:17|30|pritirm@forstarfoods.com|DailyCatchEntry_New.php
27 Jul 2018 17:31:18|30|pritirm@forstarfoods.com|DailyCatchEntry_New.php
27 Jul 2018 17:31:19|30|pritirm@forstarfoods.com|DailyCatchEntry_New.php
27 Jul 2018 17:31:20|31|rekha@foresee.com|ManageChallan.php
27 Jul 2018 17:31:21|30|pritirm@forstarfoods.com|DailyCatchEntry_New.php
27 Jul 2018 17:31:22|30|pritirm@forstarfoods.com|DailyCatchEntry_New.php
27 Jul 2018 17:31:24|30|pritirm@forstarfoods.com|DailyCatchEntry_New.php
27 Jul 2018 17:31:26|30|pritirm@forstarfoods.com|DailyCatchEntry_New.php
27 Jul 2018 17:31:27|30|pritirm@forstarfoods.com|CatchEntryDeclaredItem.php
27 Jul 2018 17:31:36|30|pritirm@forstarfoods.com|DailyCatchEntry_New.php
27 Jul 2018 17:31:39|30|pritirm@forstarfoods.com|DailyCatchEntry_New.php
27 Jul 2018 17:31:43|30|pritirm@forstarfoods.com|DailyCatchEntry_New.php
27 Jul 2018 17:31:44|30|pritirm@forstarfoods.com|DailyCatchEntry_New.php
27 Jul 2018 17:31:45|30|pritirm@forstarfoods.com|DailyCatchEntry_New.php
27 Jul 2018 17:31:46|30|pritirm@forstarfoods.com|DailyCatchEntry_New.php
27 Jul 2018 17:31:48|30|pritirm@forstarfoods.com|DailyCatchEntry_New.php
27 Jul 2018 17:31:49|31|rekha@foresee.com|ManageChallan.php
27 Jul 2018 17:31:49|30|pritirm@forstarfoods.com|DailyCatchEntry_New.php
27 Jul 2018 17:31:50|30|pritirm@forstarfoods.com|DailyCatchEntry_New.php
27 Jul 2018 17:31:53|30|pritirm@forstarfoods.com|DailyCatchEntry_New.php
27 Jul 2018 17:31:54|30|pritirm@forstarfoods.com|CatchEntryDeclaredItem.php
27 Jul 2018 17:31:54|31|rekha@foresee.com|ManageChallan.php
27 Jul 2018 17:31:59|31|rekha@foresee.com|ManageChallan.php
27 Jul 2018 17:32:00|30|pritirm@forstarfoods.com|DailyCatchEntry_New.php
27 Jul 2018 17:32:02|30|pritirm@forstarfoods.com|DailyCatchEntry_New.php
27 Jul 2018 17:32:04|30|pritirm@forstarfoods.com|DailyCatchEntry_New.php
27 Jul 2018 17:32:05|30|pritirm@forstarfoods.com|DailyCatchEntry_New.php
27 Jul 2018 17:32:06|30|pritirm@forstarfoods.com|DailyCatchEntry_New.php
27 Jul 2018 17:32:07|30|pritirm@forstarfoods.com|DailyCatchEntry_New.php
27 Jul 2018 17:32:08|30|pritirm@forstarfoods.com|DailyCatchEntry_New.php
27 Jul 2018 17:32:10|30|pritirm@forstarfoods.com|DailyCatchEntry_New.php
27 Jul 2018 17:32:11|30|pritirm@forstarfoods.com|DailyCatchEntry_New.php
27 Jul 2018 17:32:15|28|pratiksha@forstarfoods.com|ManageGatePass.php
27 Jul 2018 17:32:19|30|pritirm@forstarfoods.com|DailyCatchEntry_New.php
27 Jul 2018 17:32:21|30|pritirm@forstarfoods.com|DailyCatchEntry_New.php
27 Jul 2018 17:32:22|30|pritirm@forstarfoods.com|CatchEntryDeclaredItem.php
27 Jul 2018 17:32:28|30|pritirm@forstarfoods.com|DailyCatchEntry_New.php
27 Jul 2018 17:32:29|30|pritirm@forstarfoods.com|DailyCatchEntry_New.php
27 Jul 2018 17:32:30|30|pritirm@forstarfoods.com|DailyCatchEntry_New.php
27 Jul 2018 17:32:32|30|pritirm@forstarfoods.com|DailyCatchEntry_New.php
27 Jul 2018 17:32:34|30|pritirm@forstarfoods.com|DailyCatchEntry_New.php
27 Jul 2018 17:32:35|30|pritirm@forstarfoods.com|CatchEntryDeclaredItem.php
27 Jul 2018 17:32:49|30|pritirm@forstarfoods.com|DailyCatchEntry_New.php
27 Jul 2018 17:32:53|30|pritirm@forstarfoods.com|DailyCatchEntry_New.php
27 Jul 2018 17:32:55|30|pritirm@forstarfoods.com|DailyCatchEntry_New.php
27 Jul 2018 17:32:59|30|pritirm@forstarfoods.com|DailyCatchEntry_New.php
27 Jul 2018 17:33:00|30|pritirm@forstarfoods.com|DailyCatchEntry_New.php
27 Jul 2018 17:33:01|30|pritirm@forstarfoods.com|DailyCatchEntry_New.php
27 Jul 2018 17:33:03|30|pritirm@forstarfoods.com|DailyCatchEntry_New.php
27 Jul 2018 17:33:04|30|pritirm@forstarfoods.com|DailyCatchEntry_New.php
27 Jul 2018 17:33:05|30|pritirm@forstarfoods.com|DailyCatchEntry_New.php
27 Jul 2018 17:33:06|30|pritirm@forstarfoods.com|DailyCatchEntry_New.php
27 Jul 2018 17:33:08|30|pritirm@forstarfoods.com|DailyCatchEntry_New.php
27 Jul 2018 17:33:09|30|pritirm@forstarfoods.com|DailyCatchEntry_New.php
27 Jul 2018 17:33:10|30|pritirm@forstarfoods.com|DailyCatchEntry_New.php
27 Jul 2018 17:33:11|30|pritirm@forstarfoods.com|DailyCatchEntry_New.php
27 Jul 2018 17:33:13|30|pritirm@forstarfoods.com|DailyCatchEntry_New.php
27 Jul 2018 17:33:14|30|pritirm@forstarfoods.com|DailyCatchEntry_New.php
27 Jul 2018 17:33:17|30|pritirm@forstarfoods.com|DailyCatchEntry_New.php
27 Jul 2018 17:33:18|28|pratiksha@forstarfoods.com|ManageGatePass.php
27 Jul 2018 17:33:19|30|pritirm@forstarfoods.com|CatchEntryDeclaredItem.php
27 Jul 2018 17:33:23|30|pritirm@forstarfoods.com|DailyCatchEntry_New.php
27 Jul 2018 17:33:25|30|pritirm@forstarfoods.com|DailyCatchEntry_New.php
27 Jul 2018 17:33:27|30|pritirm@forstarfoods.com|DailyCatchEntry_New.php
27 Jul 2018 17:33:28|30|pritirm@forstarfoods.com|DailyCatchEntry_New.php
27 Jul 2018 17:33:29|30|pritirm@forstarfoods.com|DailyCatchEntry_New.php
27 Jul 2018 17:33:31|30|pritirm@forstarfoods.com|DailyCatchEntry_New.php
27 Jul 2018 17:33:32|30|pritirm@forstarfoods.com|DailyCatchEntry_New.php
27 Jul 2018 17:33:33|30|pritirm@forstarfoods.com|DailyCatchEntry_New.php
27 Jul 2018 17:33:34|30|pritirm@forstarfoods.com|DailyCatchEntry_New.php
27 Jul 2018 17:33:35|31|rekha@foresee.com|ManageChallan.php
27 Jul 2018 17:33:35|30|pritirm@forstarfoods.com|DailyCatchEntry_New.php
27 Jul 2018 17:33:37|30|pritirm@forstarfoods.com|DailyCatchEntry_New.php
27 Jul 2018 17:33:38|30|pritirm@forstarfoods.com|DailyCatchEntry_New.php
27 Jul 2018 17:33:38|31|rekha@foresee.com|ManageChallan.php
27 Jul 2018 17:33:39|30|pritirm@forstarfoods.com|DailyCatchEntry_New.php
27 Jul 2018 17:33:40|30|pritirm@forstarfoods.com|DailyCatchEntry_New.php
27 Jul 2018 17:33:42|30|pritirm@forstarfoods.com|DailyCatchEntry_New.php
27 Jul 2018 17:33:43|30|pritirm@forstarfoods.com|DailyCatchEntry_New.php
27 Jul 2018 17:33:44|30|pritirm@forstarfoods.com|DailyCatchEntry_New.php
27 Jul 2018 17:33:45|30|pritirm@forstarfoods.com|DailyCatchEntry_New.php
27 Jul 2018 17:33:48|30|pritirm@forstarfoods.com|DailyCatchEntry_New.php
27 Jul 2018 17:33:51|30|pritirm@forstarfoods.com|DailyCatchEntry_New.php
27 Jul 2018 17:33:53|30|pritirm@forstarfoods.com|CatchEntryDeclaredItem.php
27 Jul 2018 17:33:57|30|pritirm@forstarfoods.com|DailyCatchEntry_New.php
27 Jul 2018 17:33:58|30|pritirm@forstarfoods.com|DailyCatchEntry_New.php
27 Jul 2018 17:33:59|31|rekha@foresee.com|ManageGatePass.php
27 Jul 2018 17:34:00|30|pritirm@forstarfoods.com|DailyCatchEntry_New.php
27 Jul 2018 17:34:02|30|pritirm@forstarfoods.com|DailyCatchEntry_New.php
27 Jul 2018 17:34:02|31|rekha@foresee.com|ManageGatePass.php
27 Jul 2018 17:34:03|30|pritirm@forstarfoods.com|DailyCatchEntry_New.php
27 Jul 2018 17:34:04|30|pritirm@forstarfoods.com|DailyCatchEntry_New.php
27 Jul 2018 17:34:05|30|pritirm@forstarfoods.com|DailyCatchEntry_New.php
27 Jul 2018 17:34:06|30|pritirm@forstarfoods.com|DailyCatchEntry_New.php
27 Jul 2018 17:34:08|30|pritirm@forstarfoods.com|DailyCatchEntry_New.php
27 Jul 2018 17:34:09|30|pritirm@forstarfoods.com|DailyCatchEntry_New.php
27 Jul 2018 17:34:10|30|pritirm@forstarfoods.com|DailyCatchEntry_New.php
27 Jul 2018 17:34:11|30|pritirm@forstarfoods.com|DailyCatchEntry_New.php
27 Jul 2018 17:34:13|30|pritirm@forstarfoods.com|DailyCatchEntry_New.php
27 Jul 2018 17:34:14|30|pritirm@forstarfoods.com|DailyCatchEntry_New.php
27 Jul 2018 17:34:15|30|pritirm@forstarfoods.com|DailyCatchEntry_New.php
27 Jul 2018 17:34:16|30|pritirm@forstarfoods.com|DailyCatchEntry_New.php
27 Jul 2018 17:34:18|30|pritirm@forstarfoods.com|DailyCatchEntry_New.php
27 Jul 2018 17:34:19|30|pritirm@forstarfoods.com|DailyCatchEntry_New.php
27 Jul 2018 17:34:21|28|pratiksha@forstarfoods.com|ManageGatePass.php
27 Jul 2018 17:34:23|30|pritirm@forstarfoods.com|DailyCatchEntry_New.php
27 Jul 2018 17:34:25|30|pritirm@forstarfoods.com|DailyCatchEntry_New.php
27 Jul 2018 17:34:26|30|pritirm@forstarfoods.com|CatchEntryDeclaredItem.php
27 Jul 2018 17:34:31|30|pritirm@forstarfoods.com|DailyCatchEntry_New.php
27 Jul 2018 17:34:33|30|pritirm@forstarfoods.com|DailyCatchEntry_New.php
27 Jul 2018 17:34:35|30|pritirm@forstarfoods.com|DailyCatchEntry_New.php
27 Jul 2018 17:34:36|30|pritirm@forstarfoods.com|DailyCatchEntry_New.php
27 Jul 2018 17:34:37|30|pritirm@forstarfoods.com|DailyCatchEntry_New.php
27 Jul 2018 17:34:39|30|pritirm@forstarfoods.com|DailyCatchEntry_New.php
27 Jul 2018 17:34:40|30|pritirm@forstarfoods.com|DailyCatchEntry_New.php
27 Jul 2018 17:34:41|30|pritirm@forstarfoods.com|DailyCatchEntry_New.php
27 Jul 2018 17:34:42|30|pritirm@forstarfoods.com|DailyCatchEntry_New.php
27 Jul 2018 17:34:43|30|pritirm@forstarfoods.com|DailyCatchEntry_New.php
27 Jul 2018 17:34:45|30|pritirm@forstarfoods.com|DailyCatchEntry_New.php
27 Jul 2018 17:34:46|30|pritirm@forstarfoods.com|DailyCatchEntry_New.php
27 Jul 2018 17:34:47|30|pritirm@forstarfoods.com|DailyCatchEntry_New.php
27 Jul 2018 17:34:48|30|pritirm@forstarfoods.com|DailyCatchEntry_New.php
27 Jul 2018 17:34:50|30|pritirm@forstarfoods.com|DailyCatchEntry_New.php
27 Jul 2018 17:34:51|30|pritirm@forstarfoods.com|DailyCatchEntry_New.php
27 Jul 2018 17:34:58|30|pritirm@forstarfoods.com|DailyCatchEntry_New.php
27 Jul 2018 17:35:01|30|pritirm@forstarfoods.com|DailyCatchEntry_New.php
27 Jul 2018 17:35:02|30|pritirm@forstarfoods.com|CatchEntryDeclaredItem.php
27 Jul 2018 17:35:08|30|pritirm@forstarfoods.com|DailyCatchEntry_New.php
27 Jul 2018 17:35:11|30|pritirm@forstarfoods.com|DailyCatchEntry_New.php
27 Jul 2018 17:35:13|30|pritirm@forstarfoods.com|DailyCatchEntry_New.php
27 Jul 2018 17:35:13|31|rekha@foresee.com|ManageGatePass.php
27 Jul 2018 17:35:14|30|pritirm@forstarfoods.com|DailyCatchEntry_New.php
27 Jul 2018 17:35:15|30|pritirm@forstarfoods.com|DailyCatchEntry_New.php
27 Jul 2018 17:35:16|30|pritirm@forstarfoods.com|DailyCatchEntry_New.php
27 Jul 2018 17:35:17|31|rekha@foresee.com|ManageGatePass.php
27 Jul 2018 17:35:17|30|pritirm@forstarfoods.com|DailyCatchEntry_New.php
27 Jul 2018 17:35:19|30|pritirm@forstarfoods.com|DailyCatchEntry_New.php
27 Jul 2018 17:35:20|30|pritirm@forstarfoods.com|DailyCatchEntry_New.php
27 Jul 2018 17:35:21|30|pritirm@forstarfoods.com|DailyCatchEntry_New.php
27 Jul 2018 17:35:22|31|rekha@foresee.com|ManageGatePass.php
27 Jul 2018 17:35:22|30|pritirm@forstarfoods.com|DailyCatchEntry_New.php
27 Jul 2018 17:35:24|30|pritirm@forstarfoods.com|DailyCatchEntry_New.php
27 Jul 2018 17:35:24|28|pratiksha@forstarfoods.com|ManageGatePass.php
27 Jul 2018 17:35:25|30|pritirm@forstarfoods.com|DailyCatchEntry_New.php
27 Jul 2018 17:35:25|31|rekha@foresee.com|ManageGatePass.php
27 Jul 2018 17:35:26|30|pritirm@forstarfoods.com|DailyCatchEntry_New.php
27 Jul 2018 17:35:27|30|pritirm@forstarfoods.com|DailyCatchEntry_New.php
27 Jul 2018 17:35:29|31|rekha@foresee.com|ManageGatePass.php
27 Jul 2018 17:35:30|30|pritirm@forstarfoods.com|DailyCatchEntry_New.php
27 Jul 2018 17:35:31|30|pritirm@forstarfoods.com|CatchEntryDeclaredItem.php
27 Jul 2018 17:35:32|31|rekha@foresee.com|ManageGatePass.php
27 Jul 2018 17:35:34|30|pritirm@forstarfoods.com|DailyCatchEntry_New.php
27 Jul 2018 17:35:36|30|pritirm@forstarfoods.com|DailyCatchEntry_New.php
27 Jul 2018 17:35:37|30|pritirm@forstarfoods.com|DailyCatchEntry_New.php
27 Jul 2018 17:35:39|30|pritirm@forstarfoods.com|DailyCatchEntry_New.php
27 Jul 2018 17:35:40|30|pritirm@forstarfoods.com|DailyCatchEntry_New.php
27 Jul 2018 17:35:41|30|pritirm@forstarfoods.com|DailyCatchEntry_New.php
27 Jul 2018 17:35:42|30|pritirm@forstarfoods.com|DailyCatchEntry_New.php
27 Jul 2018 17:35:43|30|pritirm@forstarfoods.com|DailyCatchEntry_New.php
27 Jul 2018 17:35:45|30|pritirm@forstarfoods.com|DailyCatchEntry_New.php
27 Jul 2018 17:35:46|30|pritirm@forstarfoods.com|DailyCatchEntry_New.php
27 Jul 2018 17:35:47|30|pritirm@forstarfoods.com|DailyCatchEntry_New.php
27 Jul 2018 17:35:48|30|pritirm@forstarfoods.com|DailyCatchEntry_New.php
27 Jul 2018 17:35:50|30|pritirm@forstarfoods.com|DailyCatchEntry_New.php
27 Jul 2018 17:35:51|30|pritirm@forstarfoods.com|DailyCatchEntry_New.php
27 Jul 2018 17:35:52|30|pritirm@forstarfoods.com|DailyCatchEntry_New.php
27 Jul 2018 17:35:53|30|pritirm@forstarfoods.com|DailyCatchEntry_New.php
27 Jul 2018 17:35:55|30|pritirm@forstarfoods.com|DailyCatchEntry_New.php
27 Jul 2018 17:35:56|30|pritirm@forstarfoods.com|DailyCatchEntry_New.php
27 Jul 2018 17:35:57|30|pritirm@forstarfoods.com|DailyCatchEntry_New.php
27 Jul 2018 17:36:09|30|pritirm@forstarfoods.com|DailyCatchEntry_New.php
27 Jul 2018 17:36:12|30|pritirm@forstarfoods.com|DailyCatchEntry_New.php
27 Jul 2018 17:36:13|30|pritirm@forstarfoods.com|CatchEntryDeclaredItem.php
27 Jul 2018 17:36:18|30|pritirm@forstarfoods.com|DailyCatchEntry_New.php
27 Jul 2018 17:36:20|30|pritirm@forstarfoods.com|DailyCatchEntry_New.php
27 Jul 2018 17:36:23|30|pritirm@forstarfoods.com|DailyCatchEntry_New.php
27 Jul 2018 17:36:24|30|pritirm@forstarfoods.com|DailyCatchEntry_New.php
27 Jul 2018 17:36:26|30|pritirm@forstarfoods.com|DailyCatchEntry_New.php
27 Jul 2018 17:36:26|28|pratiksha@forstarfoods.com|ManageGatePass.php
27 Jul 2018 17:36:27|30|pritirm@forstarfoods.com|DailyCatchEntry_New.php
27 Jul 2018 17:36:28|30|pritirm@forstarfoods.com|DailyCatchEntry_New.php
27 Jul 2018 17:36:29|30|pritirm@forstarfoods.com|DailyCatchEntry_New.php
27 Jul 2018 17:36:31|30|pritirm@forstarfoods.com|DailyCatchEntry_New.php
27 Jul 2018 17:36:32|30|pritirm@forstarfoods.com|DailyCatchEntry_New.php
27 Jul 2018 17:36:33|30|pritirm@forstarfoods.com|DailyCatchEntry_New.php
27 Jul 2018 17:36:34|30|pritirm@forstarfoods.com|DailyCatchEntry_New.php
27 Jul 2018 17:36:36|30|pritirm@forstarfoods.com|DailyCatchEntry_New.php
27 Jul 2018 17:36:37|30|pritirm@forstarfoods.com|DailyCatchEntry_New.php
27 Jul 2018 17:36:38|30|pritirm@forstarfoods.com|DailyCatchEntry_New.php
27 Jul 2018 17:36:39|30|pritirm@forstarfoods.com|DailyCatchEntry_New.php
27 Jul 2018 17:36:40|30|pritirm@forstarfoods.com|DailyCatchEntry_New.php
27 Jul 2018 17:36:42|30|pritirm@forstarfoods.com|DailyCatchEntry_New.php
27 Jul 2018 17:36:43|30|pritirm@forstarfoods.com|DailyCatchEntry_New.php
27 Jul 2018 17:36:46|30|pritirm@forstarfoods.com|DailyCatchEntry_New.php
27 Jul 2018 17:36:47|30|pritirm@forstarfoods.com|CatchEntryDeclaredItem.php
27 Jul 2018 17:36:52|30|pritirm@forstarfoods.com|DailyCatchEntry_New.php
27 Jul 2018 17:36:53|30|pritirm@forstarfoods.com|DailyCatchEntry_New.php
27 Jul 2018 17:36:54|30|pritirm@forstarfoods.com|DailyCatchEntry_New.php
27 Jul 2018 17:36:56|30|pritirm@forstarfoods.com|DailyCatchEntry_New.php
27 Jul 2018 17:37:02|30|pritirm@forstarfoods.com|DailyCatchEntry_New.php
27 Jul 2018 17:37:03|30|pritirm@forstarfoods.com|CatchEntryDeclaredItem.php
27 Jul 2018 17:37:12|30|pritirm@forstarfoods.com|DailyCatchEntry_New.php
27 Jul 2018 17:37:14|30|pritirm@forstarfoods.com|DailyCatchEntry_New.php
27 Jul 2018 17:37:30|28|pratiksha@forstarfoods.com|ManageGatePass.php
27 Jul 2018 17:37:33|30|pritirm@forstarfoods.com|DailyCatchEntry_New.php
27 Jul 2018 17:37:36|30|pritirm@forstarfoods.com|DailyCatchEntry_New.php
27 Jul 2018 17:37:38|30|pritirm@forstarfoods.com|DailyCatchEntry_New.php
27 Jul 2018 17:37:39|30|pritirm@forstarfoods.com|DailyCatchEntry_New.php
27 Jul 2018 17:37:40|30|pritirm@forstarfoods.com|DailyCatchEntry_New.php
27 Jul 2018 17:37:41|30|pritirm@forstarfoods.com|CatchEntryDeclaredItem.php
27 Jul 2018 17:37:43|30|pritirm@forstarfoods.com|DailyCatchEntry_New.php
27 Jul 2018 17:37:44|30|pritirm@forstarfoods.com|DailyCatchEntry_New.php
27 Jul 2018 17:37:45|30|pritirm@forstarfoods.com|DailyCatchEntry_New.php
27 Jul 2018 17:37:47|30|pritirm@forstarfoods.com|DailyCatchEntry_New.php
27 Jul 2018 17:37:49|30|pritirm@forstarfoods.com|DailyCatchEntry_New.php
27 Jul 2018 17:37:55|30|pritirm@forstarfoods.com|DailyCatchEntry_New.php
27 Jul 2018 17:37:56|30|pritirm@forstarfoods.com|CatchEntryDeclaredItem.php
27 Jul 2018 17:38:07|30|pritirm@forstarfoods.com|DailyCatchEntry_New.php
27 Jul 2018 17:38:10|30|pritirm@forstarfoods.com|DailyCatchEntry_New.php
27 Jul 2018 17:38:12|30|pritirm@forstarfoods.com|DailyCatchEntry_New.php
27 Jul 2018 17:38:15|30|pritirm@forstarfoods.com|DailyCatchEntry_New.php
27 Jul 2018 17:38:16|30|pritirm@forstarfoods.com|DailyCatchEntry_New.php
27 Jul 2018 17:38:17|30|pritirm@forstarfoods.com|DailyCatchEntry_New.php
27 Jul 2018 17:38:18|30|pritirm@forstarfoods.com|DailyCatchEntry_New.php
27 Jul 2018 17:38:20|30|pritirm@forstarfoods.com|DailyCatchEntry_New.php
27 Jul 2018 17:38:21|30|pritirm@forstarfoods.com|DailyCatchEntry_New.php
27 Jul 2018 17:38:34|28|pratiksha@forstarfoods.com|ManageGatePass.php
27 Jul 2018 17:40:05|31|rekha@foresee.com|ManageGatePass.php
27 Jul 2018 17:40:10|31|rekha@foresee.com|ManageGatePass.php
27 Jul 2018 17:40:54|30|pritirm@forstarfoods.com|DailyCatchEntry_New.php
27 Jul 2018 17:40:57|30|pritirm@forstarfoods.com|DailyCatchEntry_New.php
27 Jul 2018 17:40:59|30|pritirm@forstarfoods.com|CatchEntryDeclaredItem.php
27 Jul 2018 17:41:06|31|rekha@foresee.com|ManageGatePass.php
27 Jul 2018 17:41:08|30|pritirm@forstarfoods.com|DailyCatchEntry_New.php
27 Jul 2018 17:41:09|31|rekha@foresee.com|ManageGatePass.php
27 Jul 2018 17:41:10|30|pritirm@forstarfoods.com|DailyCatchEntry_New.php
27 Jul 2018 17:41:13|30|pritirm@forstarfoods.com|DailyCatchEntry_New.php
27 Jul 2018 17:41:14|30|pritirm@forstarfoods.com|DailyCatchEntry_New.php
27 Jul 2018 17:41:16|30|pritirm@forstarfoods.com|DailyCatchEntry_New.php
27 Jul 2018 17:41:17|30|pritirm@forstarfoods.com|DailyCatchEntry_New.php
27 Jul 2018 17:41:18|30|pritirm@forstarfoods.com|DailyCatchEntry_New.php
27 Jul 2018 17:41:19|30|pritirm@forstarfoods.com|DailyCatchEntry_New.php
27 Jul 2018 17:41:22|30|pritirm@forstarfoods.com|DailyCatchEntry_New.php
27 Jul 2018 17:41:25|30|pritirm@forstarfoods.com|DailyCatchEntry_New.php
27 Jul 2018 17:41:26|30|pritirm@forstarfoods.com|CatchEntryDeclaredItem.php
27 Jul 2018 17:41:44|31|rekha@foresee.com|ManageGatePass.php
27 Jul 2018 17:41:48|31|rekha@foresee.com|ManageGatePass.php
27 Jul 2018 17:41:57|31|rekha@foresee.com|ManageGatePass.php
27 Jul 2018 17:42:00|31|rekha@foresee.com|ManageGatePass.php
27 Jul 2018 17:42:04|31|rekha@foresee.com|ManageGatePass.php
27 Jul 2018 17:42:07|31|rekha@foresee.com|ManageGatePass.php
27 Jul 2018 17:42:31|31|rekha@foresee.com|ManageGatePass.php
27 Jul 2018 17:42:34|31|rekha@foresee.com|ManageGatePass.php
27 Jul 2018 17:42:38|30|pritirm@forstarfoods.com|DailyCatchEntry_New.php
27 Jul 2018 17:42:58|31|rekha@foresee.com|ManageGatePass.php
27 Jul 2018 17:47:08|31|rekha@foresee.com|ManageGatePass.php
27 Jul 2018 17:47:11|31|rekha@foresee.com|ManageGatePass.php
27 Jul 2018 17:47:39|30|pritirm@forstarfoods.com|DailyCatchEntry_New.php
27 Jul 2018 17:48:04|31|rekha@foresee.com|ManageGatePass.php
27 Jul 2018 17:48:09|31|rekha@foresee.com|ManageGatePass.php
27 Jul 2018 17:48:44|31|rekha@foresee.com|ManageGatePass.php
27 Jul 2018 17:48:53|31|rekha@foresee.com|ManageGatePass.php
27 Jul 2018 17:48:59|31|rekha@foresee.com|ManageGatePass.php
27 Jul 2018 17:49:01|31|rekha@foresee.com|ManageGatePass.php
27 Jul 2018 17:52:41|30|pritirm@forstarfoods.com|DailyCatchEntry_New.php
27 Jul 2018 17:56:51|31|rekha@foresee.com|Home.php
27 Jul 2018 17:57:10|31|rekha@foresee.com|ManageGatePass.php
27 Jul 2018 17:57:19|31|rekha@foresee.com|ManageGatePass.php
27 Jul 2018 17:58:11|31|rekha@foresee.com|ManageGatePass.php
27 Jul 2018 17:58:20|31|rekha@foresee.com|ManageGatePass.php
27 Jul 2018 18:05:12|31|rekha@foresee.com|ManageGatePass.php
27 Jul 2018 18:05:17|31|rekha@foresee.com|ManageGatePass.php
27 Jul 2018 18:05:35|31|rekha@foresee.com|ManageGatePass.php
27 Jul 2018 18:05:38|31|rekha@foresee.com|ManageGatePass.php
27 Jul 2018 18:05:54|31|rekha@foresee.com|ManageGatePass.php
27 Jul 2018 18:05:59|31|rekha@foresee.com|ManageGatePass.php
27 Jul 2018 18:06:03|31|rekha@foresee.com|ManageGatePass.php
27 Jul 2018 18:06:10|31|rekha@foresee.com|ManageGatePass.php
27 Jul 2018 18:06:13|31|rekha@foresee.com|ManageGatePass.php
27 Jul 2018 18:06:22|31|rekha@foresee.com|ManageGatePass.php
27 Jul 2018 18:06:25|31|rekha@foresee.com|ManageGatePass.php
27 Jul 2018 18:06:29|31|rekha@foresee.com|ManageGatePass.php
27 Jul 2018 18:06:31|31|rekha@foresee.com|ManageGatePass.php
27 Jul 2018 18:07:13|31|rekha@foresee.com|ManageGatePass.php
27 Jul 2018 18:07:16|31|rekha@foresee.com|ManageGatePass.php
27 Jul 2018 18:07:21|31|rekha@foresee.com|ManageGatePass.php
27 Jul 2018 18:07:24|31|rekha@foresee.com|ManageGatePass.php
27 Jul 2018 18:11:28|31|rekha@foresee.com|ManageGatePass.php
27 Jul 2018 18:11:35|31|rekha@foresee.com|ManageGatePass.php
27 Jul 2018 18:11:45|31|rekha@foresee.com|ManageGatePass.php
27 Jul 2018 18:12:16|31|rekha@foresee.com|ManageGatePass.php
27 Jul 2018 18:12:19|31|rekha@foresee.com|ManageGatePass.php
27 Jul 2018 18:12:22|31|rekha@foresee.com|ManageGatePass.php
27 Jul 2018 18:12:57|31|rekha@foresee.com|ManageGatePass.php
27 Jul 2018 18:13:58|31|rekha@foresee.com|ManageGatePass.php
27 Jul 2018 18:14:01|31|rekha@foresee.com|ManageGatePass.php
27 Jul 2018 18:14:08|31|rekha@foresee.com|ManageGatePass.php
27 Jul 2018 18:14:42|31|rekha@foresee.com|ManageGatePass.php
27 Jul 2018 18:14:45|31|rekha@foresee.com|ManageGatePass.php
27 Jul 2018 18:14:53|31|rekha@foresee.com|ManageGatePass.php
27 Jul 2018 18:15:02|31|rekha@foresee.com|ManageGatePass.php
27 Jul 2018 18:16:10|31|rekha@foresee.com|ManageGatePass.php
27 Jul 2018 18:16:14|31|rekha@foresee.com|ManageGatePass.php
27 Jul 2018 18:16:24|31|rekha@foresee.com|ManageGatePass.php
27 Jul 2018 18:16:27|31|rekha@foresee.com|ManageGatePass.php
27 Jul 2018 18:17:26|31|rekha@foresee.com|ManageGatePass.php
27 Jul 2018 18:17:29|31|rekha@foresee.com|ManageGatePass.php
27 Jul 2018 18:19:39|31|rekha@foresee.com|ManageGatePass.php
27 Jul 2018 18:19:50|31|rekha@foresee.com|ManageGatePass.php
27 Jul 2018 18:20:32|31|rekha@foresee.com|ManageGatePass.php
27 Jul 2018 18:20:36|31|rekha@foresee.com|ManageGatePass.php
27 Jul 2018 18:20:39|31|rekha@foresee.com|ManageGatePass.php
27 Jul 2018 18:20:51|31|rekha@foresee.com|ManageGatePass.php
27 Jul 2018 18:20:54|31|rekha@foresee.com|ManageGatePass.php
27 Jul 2018 18:21:06|31|rekha@foresee.com|ManageGatePass.php
27 Jul 2018 18:22:06|31|rekha@foresee.com|ManageChallan.php
27 Jul 2018 18:26:35|31|rekha@foresee.com|ManageGatePass.php
27 Jul 2018 18:26:44|31|rekha@foresee.com|ManageGatePass.php
27 Jul 2018 18:26:52|31|rekha@foresee.com|ManageGatePass.php
27 Jul 2018 18:26:54|31|rekha@foresee.com|ManageGatePass.php
27 Jul 2018 18:27:18|31|rekha@foresee.com|ManageGatePass.php
27 Jul 2018 18:27:19|31|rekha@foresee.com|ManageGatePass.php
27 Jul 2018 18:27:48|31|rekha@foresee.com|ManageGatePass.php
27 Jul 2018 18:27:50|31|rekha@foresee.com|ManageGatePass.php
27 Jul 2018 18:28:45|31|rekha@foresee.com|ManageGatePass.php
27 Jul 2018 18:28:50|31|rekha@foresee.com|ManageGatePass.php
27 Jul 2018 18:28:55|31|rekha@foresee.com|ManageGatePass.php
27 Jul 2018 18:29:56|31|rekha@foresee.com|ManageGatePass.php
27 Jul 2018 18:30:24|31|rekha@foresee.com|ManageGatePass.php
27 Jul 2018 18:30:27|31|rekha@foresee.com|ManageGatePass.php
27 Jul 2018 18:30:28|31|rekha@foresee.com|ManageGatePass.php
27 Jul 2018 18:30:37|31|rekha@foresee.com|ManageGatePass.php
27 Jul 2018 18:30:50|31|rekha@foresee.com|ManageGatePass.php
27 Jul 2018 18:30:55|31|rekha@foresee.com|ManageGatePass.php
27 Jul 2018 18:30:56|31|rekha@foresee.com|ManageGatePass.php
27 Jul 2018 18:31:19|31|rekha@foresee.com|ManageGatePass.php
27 Jul 2018 18:31:45|31|rekha@foresee.com|ManageGatePass.php
27 Jul 2018 18:31:52|31|rekha@foresee.com|ManageGatePass.php
27 Jul 2018 18:31:53|31|rekha@foresee.com|ManageGatePass.php
27 Jul 2018 18:33:14|31|rekha@foresee.com|ManageGatePass.php
27 Jul 2018 18:33:37|31|rekha@foresee.com|ManageGatePass.php
27 Jul 2018 18:33:41|31|rekha@foresee.com|ManageGatePass.php
27 Jul 2018 18:34:16|31|rekha@foresee.com|ManageGatePass.php
27 Jul 2018 18:34:17|31|rekha@foresee.com|ManageGatePass.php
27 Jul 2018 18:35:19|31|rekha@foresee.com|ManageGatePass.php
27 Jul 2018 18:35:45|31|rekha@foresee.com|ManageGatePass.php
27 Jul 2018 18:35:49|31|rekha@foresee.com|ManageGatePass.php
27 Jul 2018 18:37:26|31|rekha@foresee.com|ManageGatePass.php
27 Jul 2018 18:37:59|31|rekha@foresee.com|ManageGatePass.php
27 Jul 2018 18:38:03|31|rekha@foresee.com|ManageGatePass.php
27 Jul 2018 18:38:04|31|rekha@foresee.com|ManageGatePass.php
27 Jul 2018 18:39:07|31|rekha@foresee.com|ManageGatePass.php
27 Jul 2018 18:40:09|31|rekha@foresee.com|ManageGatePass.php
27 Jul 2018 18:41:10|31|rekha@foresee.com|ManageGatePass.php
27 Jul 2018 18:42:11|31|rekha@foresee.com|ManageGatePass.php
27 Jul 2018 18:43:12|31|rekha@foresee.com|ManageGatePass.php
27 Jul 2018 18:44:13|31|rekha@foresee.com|ManageGatePass.php
27 Jul 2018 18:44:15|31|rekha@foresee.com|ManageGatePass.php
27 Jul 2018 18:44:18|31|rekha@foresee.com|ManageGatePass.php
27 Jul 2018 18:44:19|31|rekha@foresee.com|ManageGatePass.php
27 Jul 2018 18:44:27|31|rekha@foresee.com|ManageGatePass.php
27 Jul 2018 18:44:39|31|rekha@foresee.com|ManageGatePass.php
27 Jul 2018 18:44:50|31|rekha@foresee.com|ManageGatePass.php
27 Jul 2018 18:44:55|31|rekha@foresee.com|ManageGatePass.php
28 Jul 2018 10:07:21|20|shiji@forstarfoods.com|Home.php
28 Jul 2018 10:07:40|20|shiji@forstarfoods.com|SupplierAccount.php
28 Jul 2018 10:07:47|20|shiji@forstarfoods.com|SupplierAccount.php
28 Jul 2018 10:07:51|20|shiji@forstarfoods.com|SupplierAccount.php
28 Jul 2018 10:07:54|20|shiji@forstarfoods.com|SupplierAccount.php
28 Jul 2018 10:07:58|20|shiji@forstarfoods.com|SupplierAccount.php
28 Jul 2018 10:52:01|20|shiji@forstarfoods.com|ProcessorsAccounts.php
28 Jul 2018 10:52:10|20|shiji@forstarfoods.com|ProcessorsAccounts.php
28 Jul 2018 10:52:22|20|shiji@forstarfoods.com|ProcessorsAccounts.php
28 Jul 2018 10:52:31|20|shiji@forstarfoods.com|ProcessorsAccounts.php
28 Jul 2018 10:52:36|20|shiji@forstarfoods.com|ProcessorsAccounts.php
28 Jul 2018 10:54:58|20|shiji@forstarfoods.com|ProcessorsAccounts.php
28 Jul 2018 10:55:09|20|shiji@forstarfoods.com|DailyPreProcess.php
28 Jul 2018 10:55:45|20|shiji@forstarfoods.com|DailyPreProcess.php
28 Jul 2018 10:56:00|20|shiji@forstarfoods.com|DailyPreProcess.php
28 Jul 2018 10:56:05|20|shiji@forstarfoods.com|DailyPreProcess.php
28 Jul 2018 10:56:13|20|shiji@forstarfoods.com|DailyPreProcess.php
28 Jul 2018 10:56:15|20|shiji@forstarfoods.com|DailyPreProcess.php
28 Jul 2018 10:56:20|20|shiji@forstarfoods.com|DailyPreProcess.php
28 Jul 2018 10:56:23|20|shiji@forstarfoods.com|DailyPreProcess.php
28 Jul 2018 10:56:28|20|shiji@forstarfoods.com|DailyPreProcess.php
28 Jul 2018 10:59:54|20|shiji@forstarfoods.com|DailyPreProcess.php
28 Jul 2018 10:59:56|20|shiji@forstarfoods.com|DailyPreProcess.php
28 Jul 2018 11:05:49|30|pritirm@forstarfoods.com|Home.php
28 Jul 2018 11:07:27|30|pritirm@forstarfoods.com|DailyCatchEntry_New.php
28 Jul 2018 11:07:36|30|pritirm@forstarfoods.com|DailyCatchEntry_New.php
28 Jul 2018 11:07:38|30|pritirm@forstarfoods.com|DailyCatchEntry_New.php
28 Jul 2018 11:07:39|30|pritirm@forstarfoods.com|DailyCatchEntry_New.php
28 Jul 2018 11:07:40|30|pritirm@forstarfoods.com|DailyCatchEntry_New.php
28 Jul 2018 11:07:41|30|pritirm@forstarfoods.com|CatchEntryDeclaredItem.php
28 Jul 2018 11:07:43|30|pritirm@forstarfoods.com|DailyCatchEntry_New.php
28 Jul 2018 11:07:51|30|pritirm@forstarfoods.com|DailyCatchEntry_New.php
28 Jul 2018 11:07:52|30|pritirm@forstarfoods.com|DailyCatchEntry_New.php
28 Jul 2018 11:07:53|30|pritirm@forstarfoods.com|DailyCatchEntry_New.php
28 Jul 2018 11:08:14|30|pritirm@forstarfoods.com|DailyCatchEntry_New.php
28 Jul 2018 11:09:37|30|pritirm@forstarfoods.com|DailyCatchEntry_New.php
28 Jul 2018 11:09:39|30|pritirm@forstarfoods.com|CatchEntryDeclaredItem.php
28 Jul 2018 11:09:50|30|pritirm@forstarfoods.com|DailyCatchEntry_New.php
28 Jul 2018 11:09:52|30|pritirm@forstarfoods.com|DailyCatchEntry_New.php
28 Jul 2018 11:09:53|30|pritirm@forstarfoods.com|DailyCatchEntry_New.php
28 Jul 2018 11:09:54|30|pritirm@forstarfoods.com|DailyCatchEntry_New.php
28 Jul 2018 11:09:55|30|pritirm@forstarfoods.com|DailyCatchEntry_New.php
28 Jul 2018 11:09:56|30|pritirm@forstarfoods.com|DailyCatchEntry_New.php
28 Jul 2018 11:10:03|30|pritirm@forstarfoods.com|DailyCatchEntry_New.php
28 Jul 2018 11:10:31|30|pritirm@forstarfoods.com|DailyCatchEntry_New.php
28 Jul 2018 11:10:33|30|pritirm@forstarfoods.com|DailyCatchEntry_New.php
28 Jul 2018 11:10:38|30|pritirm@forstarfoods.com|DailyCatchEntry_New.php
28 Jul 2018 11:10:39|30|pritirm@forstarfoods.com|DailyCatchEntry_New.php
28 Jul 2018 11:10:41|30|pritirm@forstarfoods.com|DailyCatchEntry_New.php
28 Jul 2018 11:10:42|30|pritirm@forstarfoods.com|DailyCatchEntry_New.php
28 Jul 2018 11:10:43|30|pritirm@forstarfoods.com|DailyCatchEntry_New.php
28 Jul 2018 11:10:44|30|pritirm@forstarfoods.com|DailyCatchEntry_New.php
28 Jul 2018 11:10:50|30|pritirm@forstarfoods.com|DailyCatchEntry_New.php
28 Jul 2018 11:10:53|30|pritirm@forstarfoods.com|DailyCatchEntry_New.php
28 Jul 2018 11:10:54|30|pritirm@forstarfoods.com|CatchEntryDeclaredItem.php
28 Jul 2018 11:11:03|30|pritirm@forstarfoods.com|DailyCatchSummary.php
28 Jul 2018 11:11:07|30|pritirm@forstarfoods.com|PurchaseStatement.php
28 Jul 2018 11:11:14|30|pritirm@forstarfoods.com|PurchaseStatement.php
28 Jul 2018 11:11:18|30|pritirm@forstarfoods.com|PurchaseStatement.php
28 Jul 2018 11:11:22|30|pritirm@forstarfoods.com|PrintPurchaseStatement.php
28 Jul 2018 11:12:21|30|pritirm@forstarfoods.com|DailyCatchEntry_New.php
28 Jul 2018 11:12:24|30|pritirm@forstarfoods.com|DailyCatchEntry_New.php
28 Jul 2018 11:12:26|30|pritirm@forstarfoods.com|DailyCatchEntry_New.php
28 Jul 2018 11:12:27|30|pritirm@forstarfoods.com|DailyCatchEntry_New.php
28 Jul 2018 11:12:28|30|pritirm@forstarfoods.com|DailyCatchEntry_New.php
28 Jul 2018 11:12:30|30|pritirm@forstarfoods.com|CatchEntryDeclaredItem.php
28 Jul 2018 11:12:31|30|pritirm@forstarfoods.com|DailyCatchEntry_New.php
28 Jul 2018 11:12:40|30|pritirm@forstarfoods.com|DailyCatchEntry_New.php
28 Jul 2018 11:12:41|30|pritirm@forstarfoods.com|DailyCatchEntry_New.php
28 Jul 2018 11:12:42|30|pritirm@forstarfoods.com|DailyCatchEntry_New.php
28 Jul 2018 11:12:45|30|pritirm@forstarfoods.com|DailyCatchEntry_New.php
28 Jul 2018 11:12:56|30|pritirm@forstarfoods.com|DailyCatchEntry_New.php
28 Jul 2018 11:12:57|30|pritirm@forstarfoods.com|CatchEntryDeclaredItem.php
28 Jul 2018 11:13:05|30|pritirm@forstarfoods.com|DailyCatchEntry_New.php
28 Jul 2018 11:13:06|30|pritirm@forstarfoods.com|DailyCatchEntry_New.php
28 Jul 2018 11:13:08|30|pritirm@forstarfoods.com|DailyCatchEntry_New.php
28 Jul 2018 11:13:09|30|pritirm@forstarfoods.com|DailyCatchEntry_New.php
28 Jul 2018 11:13:10|30|pritirm@forstarfoods.com|DailyCatchEntry_New.php
28 Jul 2018 11:13:11|30|pritirm@forstarfoods.com|DailyCatchEntry_New.php
28 Jul 2018 11:13:21|30|pritirm@forstarfoods.com|DailyCatchEntry_New.php
28 Jul 2018 11:13:28|30|pritirm@forstarfoods.com|DailyCatchEntry_New.php
28 Jul 2018 11:13:31|30|pritirm@forstarfoods.com|DailyCatchEntry_New.php
28 Jul 2018 11:13:35|30|pritirm@forstarfoods.com|DailyCatchEntry_New.php
28 Jul 2018 11:13:37|30|pritirm@forstarfoods.com|DailyCatchEntry_New.php
28 Jul 2018 11:13:38|30|pritirm@forstarfoods.com|DailyCatchEntry_New.php
28 Jul 2018 11:13:39|30|pritirm@forstarfoods.com|DailyCatchEntry_New.php
28 Jul 2018 11:13:40|30|pritirm@forstarfoods.com|DailyCatchEntry_New.php
28 Jul 2018 11:13:42|30|pritirm@forstarfoods.com|DailyCatchEntry_New.php
28 Jul 2018 11:13:43|30|pritirm@forstarfoods.com|DailyCatchEntry_New.php
28 Jul 2018 11:13:46|30|pritirm@forstarfoods.com|DailyCatchEntry_New.php
28 Jul 2018 11:13:47|30|pritirm@forstarfoods.com|CatchEntryDeclaredItem.php
28 Jul 2018 11:14:03|30|pritirm@forstarfoods.com|DailyCatchEntry_New.php
28 Jul 2018 11:14:04|30|pritirm@forstarfoods.com|DailyCatchEntry_New.php
28 Jul 2018 11:14:05|30|pritirm@forstarfoods.com|DailyCatchEntry_New.php
28 Jul 2018 11:14:10|30|pritirm@forstarfoods.com|DailyCatchEntry_New.php
28 Jul 2018 11:14:15|30|pritirm@forstarfoods.com|DailyCatchEntry_New.php
28 Jul 2018 11:14:16|30|pritirm@forstarfoods.com|CatchEntryDeclaredItem.php
28 Jul 2018 11:14:34|30|pritirm@forstarfoods.com|DailyCatchEntry_New.php
28 Jul 2018 11:14:35|30|pritirm@forstarfoods.com|DailyCatchEntry_New.php
28 Jul 2018 11:14:37|30|pritirm@forstarfoods.com|DailyCatchEntry_New.php
28 Jul 2018 11:14:38|30|pritirm@forstarfoods.com|DailyCatchEntry_New.php
28 Jul 2018 11:14:39|30|pritirm@forstarfoods.com|DailyCatchEntry_New.php
28 Jul 2018 11:14:40|30|pritirm@forstarfoods.com|DailyCatchEntry_New.php
28 Jul 2018 11:14:47|30|pritirm@forstarfoods.com|DailyCatchEntry_New.php
28 Jul 2018 11:14:53|30|pritirm@forstarfoods.com|DailyCatchEntry_New.php
28 Jul 2018 11:14:55|30|pritirm@forstarfoods.com|DailyCatchEntry_New.php
28 Jul 2018 11:14:57|30|pritirm@forstarfoods.com|DailyCatchEntry_New.php
28 Jul 2018 11:14:58|30|pritirm@forstarfoods.com|DailyCatchEntry_New.php
28 Jul 2018 11:14:59|30|pritirm@forstarfoods.com|DailyCatchEntry_New.php
28 Jul 2018 11:15:00|30|pritirm@forstarfoods.com|DailyCatchEntry_New.php
28 Jul 2018 11:15:02|30|pritirm@forstarfoods.com|DailyCatchEntry_New.php
28 Jul 2018 11:15:03|30|pritirm@forstarfoods.com|DailyCatchEntry_New.php
28 Jul 2018 11:15:05|30|pritirm@forstarfoods.com|DailyCatchEntry_New.php
28 Jul 2018 11:15:07|30|pritirm@forstarfoods.com|DailyCatchEntry_New.php
28 Jul 2018 11:15:09|30|pritirm@forstarfoods.com|CatchEntryDeclaredItem.php
28 Jul 2018 11:15:13|30|pritirm@forstarfoods.com|DailyCatchEntry_New.php
28 Jul 2018 11:15:15|30|pritirm@forstarfoods.com|DailyCatchEntry_New.php
28 Jul 2018 11:15:17|30|pritirm@forstarfoods.com|DailyCatchEntry_New.php
28 Jul 2018 11:15:18|30|pritirm@forstarfoods.com|DailyCatchEntry_New.php
28 Jul 2018 11:15:19|30|pritirm@forstarfoods.com|DailyCatchEntry_New.php
28 Jul 2018 11:15:21|30|pritirm@forstarfoods.com|DailyCatchEntry_New.php
28 Jul 2018 11:15:22|30|pritirm@forstarfoods.com|DailyCatchEntry_New.php
28 Jul 2018 11:15:23|30|pritirm@forstarfoods.com|DailyCatchEntry_New.php
28 Jul 2018 11:15:24|30|pritirm@forstarfoods.com|DailyCatchEntry_New.php
28 Jul 2018 11:15:27|30|pritirm@forstarfoods.com|DailyCatchEntry_New.php
28 Jul 2018 11:15:28|30|pritirm@forstarfoods.com|CatchEntryDeclaredItem.php
28 Jul 2018 11:15:42|30|pritirm@forstarfoods.com|DailyCatchEntry_New.php
28 Jul 2018 11:15:43|30|pritirm@forstarfoods.com|DailyCatchEntry_New.php
28 Jul 2018 11:15:45|30|pritirm@forstarfoods.com|DailyCatchEntry_New.php
28 Jul 2018 11:15:49|30|pritirm@forstarfoods.com|DailyCatchEntry_New.php
28 Jul 2018 11:15:53|30|pritirm@forstarfoods.com|DailyCatchEntry_New.php
28 Jul 2018 11:15:55|30|pritirm@forstarfoods.com|CatchEntryDeclaredItem.php
28 Jul 2018 11:16:10|30|pritirm@forstarfoods.com|DailyCatchEntry_New.php
28 Jul 2018 11:16:11|30|pritirm@forstarfoods.com|DailyCatchEntry_New.php
28 Jul 2018 11:16:12|30|pritirm@forstarfoods.com|DailyCatchEntry_New.php
28 Jul 2018 11:16:14|30|pritirm@forstarfoods.com|DailyCatchEntry_New.php
28 Jul 2018 11:16:15|30|pritirm@forstarfoods.com|DailyCatchEntry_New.php
28 Jul 2018 11:16:16|30|pritirm@forstarfoods.com|DailyCatchEntry_New.php
28 Jul 2018 11:16:28|30|pritirm@forstarfoods.com|DailyCatchEntry_New.php
28 Jul 2018 11:16:31|30|pritirm@forstarfoods.com|DailyCatchEntry_New.php
28 Jul 2018 11:16:33|30|pritirm@forstarfoods.com|DailyCatchEntry_New.php
28 Jul 2018 11:16:35|30|pritirm@forstarfoods.com|DailyCatchEntry_New.php
28 Jul 2018 11:16:36|30|pritirm@forstarfoods.com|DailyCatchEntry_New.php
28 Jul 2018 11:16:38|30|pritirm@forstarfoods.com|DailyCatchEntry_New.php
28 Jul 2018 11:16:39|30|pritirm@forstarfoods.com|DailyCatchEntry_New.php
28 Jul 2018 11:16:40|30|pritirm@forstarfoods.com|DailyCatchEntry_New.php
28 Jul 2018 11:16:41|30|pritirm@forstarfoods.com|DailyCatchEntry_New.php
28 Jul 2018 11:16:43|30|pritirm@forstarfoods.com|DailyCatchEntry_New.php
28 Jul 2018 11:16:45|30|pritirm@forstarfoods.com|DailyCatchEntry_New.php
28 Jul 2018 11:16:46|30|pritirm@forstarfoods.com|CatchEntryDeclaredItem.php
28 Jul 2018 11:17:14|30|pritirm@forstarfoods.com|DailyCatchEntry_New.php
28 Jul 2018 11:17:15|30|pritirm@forstarfoods.com|DailyCatchEntry_New.php
28 Jul 2018 11:20:26|30|pritirm@forstarfoods.com|DailyCatchEntry_New.php
28 Jul 2018 11:20:27|30|pritirm@forstarfoods.com|DailyCatchEntry_New.php
28 Jul 2018 11:20:29|30|pritirm@forstarfoods.com|DailyCatchEntry_New.php
28 Jul 2018 11:20:30|30|pritirm@forstarfoods.com|DailyCatchEntry_New.php
28 Jul 2018 11:20:31|30|pritirm@forstarfoods.com|CatchEntryDeclaredItem.php
28 Jul 2018 11:20:32|30|pritirm@forstarfoods.com|DailyCatchEntry_New.php
28 Jul 2018 11:20:43|30|pritirm@forstarfoods.com|DailyCatchEntry_New.php
28 Jul 2018 11:20:45|30|pritirm@forstarfoods.com|DailyCatchEntry_New.php
28 Jul 2018 11:20:46|30|pritirm@forstarfoods.com|DailyCatchEntry_New.php
28 Jul 2018 11:20:47|30|pritirm@forstarfoods.com|DailyCatchEntry_New.php
28 Jul 2018 11:20:48|30|pritirm@forstarfoods.com|DailyCatchEntry_New.php
28 Jul 2018 11:20:53|30|pritirm@forstarfoods.com|DailyCatchEntry_New.php
28 Jul 2018 11:20:54|30|pritirm@forstarfoods.com|DailyCatchEntry_New.php
28 Jul 2018 11:20:55|30|pritirm@forstarfoods.com|DailyCatchEntry_New.php
28 Jul 2018 11:21:03|30|pritirm@forstarfoods.com|DailyCatchEntry_New.php
28 Jul 2018 11:21:15|30|pritirm@forstarfoods.com|DailyCatchEntry_New.php
28 Jul 2018 11:21:16|30|pritirm@forstarfoods.com|CatchEntryDeclaredItem.php
28 Jul 2018 11:21:26|30|pritirm@forstarfoods.com|DailyCatchEntry_New.php
28 Jul 2018 11:21:27|30|pritirm@forstarfoods.com|DailyCatchEntry_New.php
28 Jul 2018 11:21:28|30|pritirm@forstarfoods.com|DailyCatchEntry_New.php
28 Jul 2018 11:21:30|30|pritirm@forstarfoods.com|DailyCatchEntry_New.php
28 Jul 2018 11:21:31|30|pritirm@forstarfoods.com|DailyCatchEntry_New.php
28 Jul 2018 11:21:32|30|pritirm@forstarfoods.com|DailyCatchEntry_New.php
28 Jul 2018 11:21:38|30|pritirm@forstarfoods.com|DailyCatchEntry_New.php
28 Jul 2018 11:21:44|20|shiji@forstarfoods.com|DailyPreProcess.php
28 Jul 2018 11:21:58|30|pritirm@forstarfoods.com|DailyCatchEntry_New.php
28 Jul 2018 11:22:00|30|pritirm@forstarfoods.com|DailyCatchEntry_New.php
28 Jul 2018 11:22:06|30|pritirm@forstarfoods.com|DailyCatchEntry_New.php
28 Jul 2018 11:22:07|30|pritirm@forstarfoods.com|DailyCatchEntry_New.php
28 Jul 2018 11:22:09|30|pritirm@forstarfoods.com|DailyCatchEntry_New.php
28 Jul 2018 11:22:10|30|pritirm@forstarfoods.com|DailyCatchEntry_New.php
28 Jul 2018 11:22:11|30|pritirm@forstarfoods.com|DailyCatchEntry_New.php
28 Jul 2018 11:22:12|30|pritirm@forstarfoods.com|DailyCatchEntry_New.php
28 Jul 2018 11:22:13|30|pritirm@forstarfoods.com|DailyCatchEntry_New.php
28 Jul 2018 11:22:14|20|shiji@forstarfoods.com|DailyPreProcess.php
28 Jul 2018 11:22:16|30|pritirm@forstarfoods.com|DailyCatchEntry_New.php
28 Jul 2018 11:22:17|30|pritirm@forstarfoods.com|CatchEntryDeclaredItem.php
28 Jul 2018 11:22:20|20|shiji@forstarfoods.com|DailyPreProcess.php
28 Jul 2018 11:22:22|20|shiji@forstarfoods.com|DailyPreProcess.php
28 Jul 2018 11:22:25|30|pritirm@forstarfoods.com|DailyCatchEntry_New.php
28 Jul 2018 11:22:27|30|pritirm@forstarfoods.com|DailyCatchEntry_New.php
28 Jul 2018 11:22:29|30|pritirm@forstarfoods.com|DailyCatchEntry_New.php
28 Jul 2018 11:22:31|30|pritirm@forstarfoods.com|DailyCatchEntry_New.php
28 Jul 2018 11:22:32|30|pritirm@forstarfoods.com|DailyCatchEntry_New.php
28 Jul 2018 11:22:33|30|pritirm@forstarfoods.com|DailyCatchEntry_New.php
28 Jul 2018 11:22:34|30|pritirm@forstarfoods.com|DailyCatchEntry_New.php
28 Jul 2018 11:22:36|30|pritirm@forstarfoods.com|DailyCatchEntry_New.php
28 Jul 2018 11:22:37|30|pritirm@forstarfoods.com|DailyCatchEntry_New.php
28 Jul 2018 11:22:44|30|pritirm@forstarfoods.com|DailyCatchEntry_New.php
28 Jul 2018 11:22:45|30|pritirm@forstarfoods.com|CatchEntryDeclaredItem.php
28 Jul 2018 11:23:52|30|pritirm@forstarfoods.com|DailyCatchEntry_New.php
28 Jul 2018 11:23:52|20|shiji@forstarfoods.com|DailyPreProcess.php
28 Jul 2018 11:23:53|30|pritirm@forstarfoods.com|DailyCatchEntry_New.php
28 Jul 2018 11:23:54|30|pritirm@forstarfoods.com|DailyCatchEntry_New.php
28 Jul 2018 11:24:01|20|shiji@forstarfoods.com|DailyPreProcess.php
28 Jul 2018 11:24:02|20|shiji@forstarfoods.com|DailyPreProcess.php
28 Jul 2018 11:24:09|20|shiji@forstarfoods.com|DailyPreProcess.php
28 Jul 2018 11:24:14|20|shiji@forstarfoods.com|DailyPreProcess.php
28 Jul 2018 11:24:15|20|shiji@forstarfoods.com|DailyPreProcess.php
28 Jul 2018 11:24:19|30|pritirm@forstarfoods.com|DailyCatchEntry_New.php
28 Jul 2018 11:24:32|30|pritirm@forstarfoods.com|DailyCatchEntry_New.php
28 Jul 2018 11:24:33|30|pritirm@forstarfoods.com|CatchEntryDeclaredItem.php
28 Jul 2018 11:24:46|30|pritirm@forstarfoods.com|DailyCatchEntry_New.php
28 Jul 2018 11:24:47|30|pritirm@forstarfoods.com|DailyCatchEntry_New.php
28 Jul 2018 11:24:49|30|pritirm@forstarfoods.com|DailyCatchEntry_New.php
28 Jul 2018 11:24:50|30|pritirm@forstarfoods.com|DailyCatchEntry_New.php
28 Jul 2018 11:24:51|30|pritirm@forstarfoods.com|DailyCatchEntry_New.php
28 Jul 2018 11:24:52|30|pritirm@forstarfoods.com|DailyCatchEntry_New.php
28 Jul 2018 11:24:59|30|pritirm@forstarfoods.com|DailyCatchEntry_New.php
28 Jul 2018 11:25:04|30|pritirm@forstarfoods.com|DailyCatchEntry_New.php
28 Jul 2018 11:25:06|30|pritirm@forstarfoods.com|DailyCatchEntry_New.php
28 Jul 2018 11:25:10|30|pritirm@forstarfoods.com|DailyCatchEntry_New.php
28 Jul 2018 11:25:11|30|pritirm@forstarfoods.com|DailyCatchEntry_New.php
28 Jul 2018 11:25:12|30|pritirm@forstarfoods.com|DailyCatchEntry_New.php
28 Jul 2018 11:25:13|30|pritirm@forstarfoods.com|DailyCatchEntry_New.php
28 Jul 2018 11:25:15|30|pritirm@forstarfoods.com|DailyCatchEntry_New.php
28 Jul 2018 11:25:16|30|pritirm@forstarfoods.com|DailyCatchEntry_New.php
28 Jul 2018 11:25:18|30|pritirm@forstarfoods.com|DailyCatchEntry_New.php
28 Jul 2018 11:25:20|30|pritirm@forstarfoods.com|DailyCatchEntry_New.php
28 Jul 2018 11:25:21|30|pritirm@forstarfoods.com|CatchEntryDeclaredItem.php
28 Jul 2018 11:25:28|30|pritirm@forstarfoods.com|DailyCatchEntry_New.php
28 Jul 2018 11:25:29|30|pritirm@forstarfoods.com|DailyCatchEntry_New.php
28 Jul 2018 11:25:30|30|pritirm@forstarfoods.com|DailyCatchEntry_New.php
28 Jul 2018 11:25:35|30|pritirm@forstarfoods.com|DailyCatchEntry_New.php
28 Jul 2018 11:25:40|30|pritirm@forstarfoods.com|DailyCatchEntry_New.php
28 Jul 2018 11:25:41|30|pritirm@forstarfoods.com|DailyCatchEntry_New.php
28 Jul 2018 11:25:42|30|pritirm@forstarfoods.com|DailyCatchEntry_New.php
28 Jul 2018 11:25:43|30|pritirm@forstarfoods.com|DailyCatchEntry_New.php
28 Jul 2018 11:25:45|30|pritirm@forstarfoods.com|DailyCatchEntry_New.php
28 Jul 2018 11:25:46|30|pritirm@forstarfoods.com|DailyCatchEntry_New.php
28 Jul 2018 11:25:47|30|pritirm@forstarfoods.com|DailyCatchEntry_New.php
28 Jul 2018 11:25:51|30|pritirm@forstarfoods.com|DailyCatchEntry_New.php
28 Jul 2018 11:25:52|30|pritirm@forstarfoods.com|CatchEntryDeclaredItem.php
28 Jul 2018 11:25:57|30|pritirm@forstarfoods.com|DailyCatchEntry_New.php
28 Jul 2018 11:25:58|30|pritirm@forstarfoods.com|DailyCatchEntry_New.php
28 Jul 2018 11:26:01|30|pritirm@forstarfoods.com|DailyCatchEntry_New.php
28 Jul 2018 11:26:02|30|pritirm@forstarfoods.com|DailyCatchEntry_New.php
28 Jul 2018 11:26:03|30|pritirm@forstarfoods.com|DailyCatchEntry_New.php
28 Jul 2018 11:26:05|30|pritirm@forstarfoods.com|DailyCatchEntry_New.php
28 Jul 2018 11:26:06|30|pritirm@forstarfoods.com|DailyCatchEntry_New.php
28 Jul 2018 11:26:07|30|pritirm@forstarfoods.com|DailyCatchEntry_New.php
28 Jul 2018 11:26:11|30|pritirm@forstarfoods.com|DailyCatchEntry_New.php
28 Jul 2018 11:26:13|30|pritirm@forstarfoods.com|DailyCatchEntry_New.php
28 Jul 2018 11:26:14|30|pritirm@forstarfoods.com|CatchEntryDeclaredItem.php
28 Jul 2018 11:26:25|30|pritirm@forstarfoods.com|DailyCatchEntry_New.php
28 Jul 2018 11:26:26|30|pritirm@forstarfoods.com|DailyCatchEntry_New.php
28 Jul 2018 11:26:28|30|pritirm@forstarfoods.com|DailyCatchEntry_New.php
28 Jul 2018 11:26:30|30|pritirm@forstarfoods.com|DailyCatchEntry_New.php
28 Jul 2018 11:26:42|30|pritirm@forstarfoods.com|DailyCatchEntry_New.php
28 Jul 2018 11:26:43|30|pritirm@forstarfoods.com|CatchEntryDeclaredItem.php
28 Jul 2018 11:26:52|30|pritirm@forstarfoods.com|DailyCatchEntry_New.php
28 Jul 2018 11:26:53|30|pritirm@forstarfoods.com|DailyCatchEntry_New.php
28 Jul 2018 11:26:54|30|pritirm@forstarfoods.com|DailyCatchEntry_New.php
28 Jul 2018 11:26:56|30|pritirm@forstarfoods.com|DailyCatchEntry_New.php
28 Jul 2018 11:26:57|30|pritirm@forstarfoods.com|DailyCatchEntry_New.php
28 Jul 2018 11:26:58|30|pritirm@forstarfoods.com|DailyCatchEntry_New.php
28 Jul 2018 11:27:04|30|pritirm@forstarfoods.com|DailyCatchEntry_New.php
28 Jul 2018 11:27:10|30|pritirm@forstarfoods.com|DailyCatchEntry_New.php
28 Jul 2018 11:27:12|30|pritirm@forstarfoods.com|DailyCatchEntry_New.php
28 Jul 2018 11:27:14|30|pritirm@forstarfoods.com|DailyCatchEntry_New.php
28 Jul 2018 11:27:15|30|pritirm@forstarfoods.com|DailyCatchEntry_New.php
28 Jul 2018 11:27:16|30|pritirm@forstarfoods.com|DailyCatchEntry_New.php
28 Jul 2018 11:27:18|30|pritirm@forstarfoods.com|DailyCatchEntry_New.php
28 Jul 2018 11:27:19|30|pritirm@forstarfoods.com|DailyCatchEntry_New.php
28 Jul 2018 11:27:20|30|pritirm@forstarfoods.com|DailyCatchEntry_New.php
28 Jul 2018 11:27:21|30|pritirm@forstarfoods.com|DailyCatchEntry_New.php
28 Jul 2018 11:27:24|30|pritirm@forstarfoods.com|DailyCatchEntry_New.php
28 Jul 2018 11:27:25|30|pritirm@forstarfoods.com|CatchEntryDeclaredItem.php
28 Jul 2018 11:28:54|20|shiji@forstarfoods.com|DailyPreProcess.php
28 Jul 2018 11:29:24|20|shiji@forstarfoods.com|DailyPreProcess.php
28 Jul 2018 11:29:27|20|shiji@forstarfoods.com|DailyPreProcess.php
28 Jul 2018 11:29:36|20|shiji@forstarfoods.com|DailyPreProcess.php
28 Jul 2018 11:29:38|20|shiji@forstarfoods.com|DailyPreProcess.php
28 Jul 2018 11:30:29|30|pritirm@forstarfoods.com|DailyCatchEntry_New.php
28 Jul 2018 11:35:30|30|pritirm@forstarfoods.com|DailyCatchEntry_New.php
28 Jul 2018 11:40:31|30|pritirm@forstarfoods.com|DailyCatchEntry_New.php
28 Jul 2018 11:45:33|30|pritirm@forstarfoods.com|DailyCatchEntry_New.php
28 Jul 2018 11:46:56|20|shiji@forstarfoods.com|DailyPreProcess.php
28 Jul 2018 11:48:58|20|shiji@forstarfoods.com|DailyPreProcess.php
28 Jul 2018 11:48:59|20|shiji@forstarfoods.com|DailyPreProcess.php
28 Jul 2018 11:49:04|20|shiji@forstarfoods.com|DailyPreProcess.php
28 Jul 2018 11:50:20|20|shiji@forstarfoods.com|DailyPreProcess.php
28 Jul 2018 11:50:21|20|shiji@forstarfoods.com|DailyPreProcess.php
28 Jul 2018 11:50:34|30|pritirm@forstarfoods.com|DailyCatchEntry_New.php
28 Jul 2018 11:55:28|30|pritirm@forstarfoods.com|Home.php
28 Jul 2018 11:55:35|30|pritirm@forstarfoods.com|DailyCatchEntry_New.php
28 Jul 2018 11:55:39|30|pritirm@forstarfoods.com|DailyCatchEntry_New.php
28 Jul 2018 11:55:41|30|pritirm@forstarfoods.com|DailyCatchEntry_New.php
28 Jul 2018 11:55:42|30|pritirm@forstarfoods.com|DailyCatchEntry_New.php
28 Jul 2018 11:55:43|30|pritirm@forstarfoods.com|DailyCatchEntry_New.php
28 Jul 2018 11:55:44|30|pritirm@forstarfoods.com|CatchEntryDeclaredItem.php
28 Jul 2018 11:55:46|30|pritirm@forstarfoods.com|DailyCatchEntry_New.php
28 Jul 2018 11:55:54|20|shiji@forstarfoods.com|DailyPreProcess.php
28 Jul 2018 11:55:55|30|pritirm@forstarfoods.com|DailyCatchEntry_New.php
28 Jul 2018 11:55:57|30|pritirm@forstarfoods.com|DailyCatchEntry_New.php
28 Jul 2018 11:55:58|30|pritirm@forstarfoods.com|DailyCatchEntry_New.php