
28 Jun 2019 12:20:34|28|pratiksha@forstarfoods.com|DistMarginStructure.php
28 Jun 2019 12:20:36|28|pratiksha@forstarfoods.com|DistMarginStructure.php
28 Jun 2019 12:20:37|28|pratiksha@forstarfoods.com|DistMarginStructure.php
28 Jun 2019 12:20:43|28|pratiksha@forstarfoods.com|DistMarginStructure.php
28 Jun 2019 12:20:46|28|pratiksha@forstarfoods.com|DistMarginStructure.php
28 Jun 2019 12:20:51|28|pratiksha@forstarfoods.com|ViewSOTaxInvoice.php
28 Jun 2019 12:23:32|28|pratiksha@forstarfoods.com|DistMarginStructure.php
28 Jun 2019 12:23:33|28|pratiksha@forstarfoods.com|DistMarginStructure.php
28 Jun 2019 12:23:34|28|pratiksha@forstarfoods.com|DistMarginStructure.php
28 Jun 2019 12:24:46|30|pritirm@forstarfoods.com|DailyCatchEntry_New.php
28 Jun 2019 12:24:51|30|pritirm@forstarfoods.com|DailyCatchEntry_New.php
28 Jun 2019 12:24:52|30|pritirm@forstarfoods.com|DailyCatchEntry_New.php
28 Jun 2019 12:24:53|30|pritirm@forstarfoods.com|DailyCatchEntry_New.php
28 Jun 2019 12:27:10|30|pritirm@forstarfoods.com|DailyCatchEntry_New.php
28 Jun 2019 12:28:38|30|pritirm@forstarfoods.com|DailyCatchEntry_New.php
28 Jun 2019 12:28:40|30|pritirm@forstarfoods.com|DailyCatchEntry_New.php
28 Jun 2019 12:28:41|30|pritirm@forstarfoods.com|DailyCatchEntry_New.php
28 Jun 2019 12:28:42|30|pritirm@forstarfoods.com|CatchEntryDeclaredItem.php
28 Jun 2019 12:28:43|30|pritirm@forstarfoods.com|DailyCatchEntry_New.php
28 Jun 2019 12:28:45|30|pritirm@forstarfoods.com|DailyCatchEntry_New.php
28 Jun 2019 12:28:48|28|pratiksha@forstarfoods.com|DistMarginStructure.php
28 Jun 2019 12:28:55|28|pratiksha@forstarfoods.com|ProductSpex.php
28 Jun 2019 12:28:56|28|pratiksha@forstarfoods.com|ProductCategory.php
28 Jun 2019 12:29:00|30|pritirm@forstarfoods.com|DailyCatchEntry_New.php
28 Jun 2019 12:29:01|28|pratiksha@forstarfoods.com|ManageProduct.php
28 Jun 2019 12:29:01|30|pritirm@forstarfoods.com|DailyCatchEntry_New.php
28 Jun 2019 12:29:02|30|pritirm@forstarfoods.com|DailyCatchEntry_New.php
28 Jun 2019 12:29:02|28|pratiksha@forstarfoods.com|ManageProduct.php
28 Jun 2019 12:29:04|30|pritirm@forstarfoods.com|DailyCatchEntry_New.php
28 Jun 2019 12:29:05|30|pritirm@forstarfoods.com|DailyCatchEntry_New.php
28 Jun 2019 12:29:07|30|pritirm@forstarfoods.com|DailyCatchEntry_New.php
28 Jun 2019 12:29:08|30|pritirm@forstarfoods.com|DailyCatchEntry_New.php
28 Jun 2019 12:29:09|30|pritirm@forstarfoods.com|DailyCatchEntry_New.php
28 Jun 2019 12:29:13|28|pratiksha@forstarfoods.com|ManageProduct.php
28 Jun 2019 12:29:21|30|pritirm@forstarfoods.com|DailyCatchEntry_New.php
28 Jun 2019 12:29:23|28|pratiksha@forstarfoods.com|ManageProduct.php
28 Jun 2019 12:29:24|28|pratiksha@forstarfoods.com|ManageProduct.php
28 Jun 2019 12:30:17|30|pritirm@forstarfoods.com|DailyCatchEntry_New.php
28 Jun 2019 12:30:19|30|pritirm@forstarfoods.com|CatchEntryDeclaredItem.php
28 Jun 2019 12:30:29|30|pritirm@forstarfoods.com|DailyCatchEntry_New.php
28 Jun 2019 12:30:31|30|pritirm@forstarfoods.com|DailyCatchEntry_New.php
28 Jun 2019 12:30:32|30|pritirm@forstarfoods.com|DailyCatchEntry_New.php
28 Jun 2019 12:30:43|30|pritirm@forstarfoods.com|DailyCatchEntry_New.php
28 Jun 2019 12:30:44|28|pratiksha@forstarfoods.com|ManageProduct.php
28 Jun 2019 12:30:48|30|pritirm@forstarfoods.com|DailyCatchEntry_New.php
28 Jun 2019 12:30:50|30|pritirm@forstarfoods.com|DailyCatchEntry_New.php
28 Jun 2019 12:30:51|30|pritirm@forstarfoods.com|DailyCatchEntry_New.php
28 Jun 2019 12:30:52|28|pratiksha@forstarfoods.com|ManageProduct.php
28 Jun 2019 12:30:53|30|pritirm@forstarfoods.com|DailyCatchEntry_New.php
28 Jun 2019 12:30:54|28|pratiksha@forstarfoods.com|ManageProduct.php
28 Jun 2019 12:31:07|30|pritirm@forstarfoods.com|DailyCatchEntry_New.php
28 Jun 2019 12:31:07|28|pratiksha@forstarfoods.com|ManageProduct.php
28 Jun 2019 12:31:08|30|pritirm@forstarfoods.com|DailyCatchEntry_New.php
28 Jun 2019 12:31:09|28|pratiksha@forstarfoods.com|ManageProduct.php
28 Jun 2019 12:31:14|30|pritirm@forstarfoods.com|DailyCatchEntry_New.php
28 Jun 2019 12:31:35|30|pritirm@forstarfoods.com|DailyCatchEntry_New.php
28 Jun 2019 12:31:37|30|pritirm@forstarfoods.com|DailyCatchEntry_New.php
28 Jun 2019 12:31:38|30|pritirm@forstarfoods.com|DailyCatchEntry_New.php
28 Jun 2019 12:31:39|30|pritirm@forstarfoods.com|DailyCatchEntry_New.php
28 Jun 2019 12:31:40|30|pritirm@forstarfoods.com|CatchEntryDeclaredItem.php
28 Jun 2019 12:31:41|28|pratiksha@forstarfoods.com|DistMarginStructure.php
28 Jun 2019 12:31:42|30|pritirm@forstarfoods.com|DailyCatchEntry_New.php
28 Jun 2019 12:31:47|30|pritirm@forstarfoods.com|DailyCatchEntry_New.php
28 Jun 2019 12:31:48|28|pratiksha@forstarfoods.com|DistMarginStructure.php
28 Jun 2019 12:31:48|30|pritirm@forstarfoods.com|DailyCatchEntry_New.php
28 Jun 2019 12:31:50|30|pritirm@forstarfoods.com|DailyCatchEntry_New.php
28 Jun 2019 12:31:51|30|pritirm@forstarfoods.com|DailyCatchEntry_New.php
28 Jun 2019 12:31:52|30|pritirm@forstarfoods.com|DailyCatchEntry_New.php
28 Jun 2019 12:31:57|30|pritirm@forstarfoods.com|DailyCatchEntry_New.php
28 Jun 2019 12:31:58|30|pritirm@forstarfoods.com|DailyCatchEntry_New.php
28 Jun 2019 12:31:59|30|pritirm@forstarfoods.com|DailyCatchEntry_New.php
28 Jun 2019 12:32:00|28|pratiksha@forstarfoods.com|DistMarginStructure.php
28 Jun 2019 12:32:02|28|pratiksha@forstarfoods.com|DistMarginStructure.php
28 Jun 2019 12:32:02|30|pritirm@forstarfoods.com|DailyCatchEntry_New.php
28 Jun 2019 12:32:03|28|pratiksha@forstarfoods.com|DistMarginStructure.php
28 Jun 2019 12:32:08|30|pritirm@forstarfoods.com|DailyCatchEntry_New.php
28 Jun 2019 12:32:09|30|pritirm@forstarfoods.com|CatchEntryDeclaredItem.php
28 Jun 2019 12:32:15|30|pritirm@forstarfoods.com|DailyCatchEntry_New.php
28 Jun 2019 12:32:17|30|pritirm@forstarfoods.com|DailyCatchEntry_New.php
28 Jun 2019 12:32:18|30|pritirm@forstarfoods.com|DailyCatchEntry_New.php
28 Jun 2019 12:32:24|30|pritirm@forstarfoods.com|DailyCatchEntry_New.php
28 Jun 2019 12:32:26|30|pritirm@forstarfoods.com|DailyCatchEntry_New.php
28 Jun 2019 12:32:31|30|pritirm@forstarfoods.com|DailyCatchEntry_New.php
28 Jun 2019 12:32:33|30|pritirm@forstarfoods.com|DailyCatchEntry_New.php
28 Jun 2019 12:32:34|30|pritirm@forstarfoods.com|DailyCatchEntry_New.php
28 Jun 2019 12:32:35|30|pritirm@forstarfoods.com|DailyCatchEntry_New.php
28 Jun 2019 12:32:36|30|pritirm@forstarfoods.com|DailyCatchEntry_New.php
28 Jun 2019 12:32:38|30|pritirm@forstarfoods.com|DailyCatchEntry_New.php
28 Jun 2019 12:32:41|30|pritirm@forstarfoods.com|DailyCatchEntry_New.php
28 Jun 2019 12:32:45|30|pritirm@forstarfoods.com|DailyCatchEntry_New.php
28 Jun 2019 12:32:47|30|pritirm@forstarfoods.com|CatchEntryDeclaredItem.php
28 Jun 2019 12:32:50|30|pritirm@forstarfoods.com|DailyCatchEntry_New.php
28 Jun 2019 12:32:51|30|pritirm@forstarfoods.com|DailyCatchEntry_New.php
28 Jun 2019 12:32:53|30|pritirm@forstarfoods.com|DailyCatchEntry_New.php
28 Jun 2019 12:32:55|30|pritirm@forstarfoods.com|DailyCatchEntry_New.php
28 Jun 2019 12:33:00|30|pritirm@forstarfoods.com|DailyCatchEntry_New.php
28 Jun 2019 12:33:02|30|pritirm@forstarfoods.com|CatchEntryDeclaredItem.php
28 Jun 2019 12:33:08|28|pratiksha@forstarfoods.com|ProductPricing.php
28 Jun 2019 12:33:19|28|pratiksha@forstarfoods.com|ProductPriceRateList.php
28 Jun 2019 12:33:21|30|pritirm@forstarfoods.com|DailyCatchEntry_New.php
28 Jun 2019 12:33:23|30|pritirm@forstarfoods.com|DailyCatchEntry_New.php
28 Jun 2019 12:33:23|28|pratiksha@forstarfoods.com|SemiFinishProductMaster.php
28 Jun 2019 12:33:25|28|pratiksha@forstarfoods.com|ErrorPageIFrame.php
28 Jun 2019 12:33:25|30|pritirm@forstarfoods.com|DailyCatchEntry_New.php
28 Jun 2019 12:33:27|28|pratiksha@forstarfoods.com|ProductMaster.php
28 Jun 2019 12:33:30|30|pritirm@forstarfoods.com|DailyCatchEntry_New.php
28 Jun 2019 12:33:31|30|pritirm@forstarfoods.com|DailyCatchEntry_New.php
28 Jun 2019 12:33:32|30|pritirm@forstarfoods.com|DailyCatchEntry_New.php
28 Jun 2019 12:33:33|30|pritirm@forstarfoods.com|DailyCatchEntry_New.php
28 Jun 2019 12:33:35|30|pritirm@forstarfoods.com|DailyCatchEntry_New.php
28 Jun 2019 12:33:36|30|pritirm@forstarfoods.com|DailyCatchEntry_New.php
28 Jun 2019 12:33:42|30|pritirm@forstarfoods.com|DailyCatchEntry_New.php
28 Jun 2019 12:33:44|30|pritirm@forstarfoods.com|DailyCatchEntry_New.php
28 Jun 2019 12:33:45|30|pritirm@forstarfoods.com|CatchEntryDeclaredItem.php
28 Jun 2019 12:33:49|30|pritirm@forstarfoods.com|DailyCatchEntry_New.php
28 Jun 2019 12:33:51|30|pritirm@forstarfoods.com|DailyCatchEntry_New.php
28 Jun 2019 12:33:53|30|pritirm@forstarfoods.com|DailyCatchEntry_New.php
28 Jun 2019 12:33:54|30|pritirm@forstarfoods.com|DailyCatchEntry_New.php
28 Jun 2019 12:33:55|30|pritirm@forstarfoods.com|DailyCatchEntry_New.php
28 Jun 2019 12:33:57|30|pritirm@forstarfoods.com|DailyCatchEntry_New.php
28 Jun 2019 12:33:58|30|pritirm@forstarfoods.com|DailyCatchEntry_New.php
28 Jun 2019 12:33:59|30|pritirm@forstarfoods.com|DailyCatchEntry_New.php
28 Jun 2019 12:34:00|30|pritirm@forstarfoods.com|DailyCatchEntry_New.php
28 Jun 2019 12:34:02|30|pritirm@forstarfoods.com|DailyCatchEntry_New.php
28 Jun 2019 12:34:04|30|pritirm@forstarfoods.com|CatchEntryDeclaredItem.php
28 Jun 2019 12:34:09|30|pritirm@forstarfoods.com|DailyCatchEntry_New.php
28 Jun 2019 12:34:10|30|pritirm@forstarfoods.com|DailyCatchEntry_New.php
28 Jun 2019 12:34:14|30|pritirm@forstarfoods.com|DailyCatchEntry_New.php
28 Jun 2019 12:34:15|30|pritirm@forstarfoods.com|DailyCatchEntry_New.php
28 Jun 2019 12:34:16|30|pritirm@forstarfoods.com|DailyCatchEntry_New.php
28 Jun 2019 12:34:18|30|pritirm@forstarfoods.com|DailyCatchEntry_New.php
28 Jun 2019 12:34:19|30|pritirm@forstarfoods.com|DailyCatchEntry_New.php
28 Jun 2019 12:34:20|30|pritirm@forstarfoods.com|DailyCatchEntry_New.php
28 Jun 2019 12:34:26|30|pritirm@forstarfoods.com|DailyCatchEntry_New.php
28 Jun 2019 12:34:29|30|pritirm@forstarfoods.com|DailyCatchEntry_New.php
28 Jun 2019 12:34:30|30|pritirm@forstarfoods.com|CatchEntryDeclaredItem.php
28 Jun 2019 12:35:04|30|pritirm@forstarfoods.com|DailyCatchEntry_New.php
28 Jun 2019 12:35:05|30|pritirm@forstarfoods.com|DailyCatchEntry_New.php
28 Jun 2019 12:35:06|30|pritirm@forstarfoods.com|DailyCatchEntry_New.php
28 Jun 2019 12:35:08|30|pritirm@forstarfoods.com|DailyCatchEntry_New.php
28 Jun 2019 12:35:14|30|pritirm@forstarfoods.com|DailyCatchEntry_New.php
28 Jun 2019 12:35:15|30|pritirm@forstarfoods.com|CatchEntryDeclaredItem.php
28 Jun 2019 12:35:33|30|pritirm@forstarfoods.com|DailyCatchEntry_New.php
28 Jun 2019 12:35:35|30|pritirm@forstarfoods.com|DailyCatchEntry_New.php
28 Jun 2019 12:35:37|30|pritirm@forstarfoods.com|DailyCatchEntry_New.php
28 Jun 2019 12:35:47|30|pritirm@forstarfoods.com|DailyCatchEntry_New.php
28 Jun 2019 12:35:48|30|pritirm@forstarfoods.com|DailyCatchEntry_New.php
28 Jun 2019 12:35:49|30|pritirm@forstarfoods.com|DailyCatchEntry_New.php
28 Jun 2019 12:35:51|30|pritirm@forstarfoods.com|DailyCatchEntry_New.php
28 Jun 2019 12:35:52|30|pritirm@forstarfoods.com|DailyCatchEntry_New.php
28 Jun 2019 12:35:53|30|pritirm@forstarfoods.com|DailyCatchEntry_New.php
28 Jun 2019 12:35:54|30|pritirm@forstarfoods.com|DailyCatchEntry_New.php
28 Jun 2019 12:35:55|30|pritirm@forstarfoods.com|DailyCatchEntry_New.php
28 Jun 2019 12:35:57|30|pritirm@forstarfoods.com|DailyCatchEntry_New.php
28 Jun 2019 12:35:58|30|pritirm@forstarfoods.com|DailyCatchEntry_New.php
28 Jun 2019 12:35:59|30|pritirm@forstarfoods.com|DailyCatchEntry_New.php
28 Jun 2019 12:36:01|30|pritirm@forstarfoods.com|DailyCatchEntry_New.php
28 Jun 2019 12:36:02|30|pritirm@forstarfoods.com|DailyCatchEntry_New.php
28 Jun 2019 12:36:06|30|pritirm@forstarfoods.com|DailyCatchEntry_New.php
28 Jun 2019 12:36:11|30|pritirm@forstarfoods.com|DailyCatchEntry_New.php
28 Jun 2019 12:36:12|30|pritirm@forstarfoods.com|CatchEntryDeclaredItem.php
28 Jun 2019 12:36:14|28|pratiksha@forstarfoods.com|DistMarginStructure.php
28 Jun 2019 12:36:15|30|pritirm@forstarfoods.com|DailyCatchEntry_New.php
28 Jun 2019 12:36:17|30|pritirm@forstarfoods.com|DailyCatchEntry_New.php
28 Jun 2019 12:36:17|28|pratiksha@forstarfoods.com|DistMarginStructure.php
28 Jun 2019 12:36:19|30|pritirm@forstarfoods.com|DailyCatchEntry_New.php
28 Jun 2019 12:36:20|30|pritirm@forstarfoods.com|DailyCatchEntry_New.php
28 Jun 2019 12:36:21|30|pritirm@forstarfoods.com|DailyCatchEntry_New.php
28 Jun 2019 12:36:22|30|pritirm@forstarfoods.com|DailyCatchEntry_New.php
28 Jun 2019 12:36:23|30|pritirm@forstarfoods.com|DailyCatchEntry_New.php
28 Jun 2019 12:36:25|30|pritirm@forstarfoods.com|DailyCatchEntry_New.php
28 Jun 2019 12:36:26|30|pritirm@forstarfoods.com|DailyCatchEntry_New.php
28 Jun 2019 12:36:27|30|pritirm@forstarfoods.com|DailyCatchEntry_New.php
28 Jun 2019 12:36:27|28|pratiksha@forstarfoods.com|ViewSOTaxInvoice.php
28 Jun 2019 12:36:28|30|pritirm@forstarfoods.com|DailyCatchEntry_New.php
28 Jun 2019 12:36:30|30|pritirm@forstarfoods.com|DailyCatchEntry_New.php
28 Jun 2019 12:36:31|30|pritirm@forstarfoods.com|DailyCatchEntry_New.php
28 Jun 2019 12:36:32|30|pritirm@forstarfoods.com|DailyCatchEntry_New.php
28 Jun 2019 12:36:35|30|pritirm@forstarfoods.com|DailyCatchEntry_New.php
28 Jun 2019 12:36:37|30|pritirm@forstarfoods.com|DailyCatchEntry_New.php
28 Jun 2019 12:36:43|30|pritirm@forstarfoods.com|DailyCatchEntry_New.php
28 Jun 2019 12:36:47|30|pritirm@forstarfoods.com|DailyCatchEntry_New.php
28 Jun 2019 12:36:48|30|pritirm@forstarfoods.com|CatchEntryDeclaredItem.php
28 Jun 2019 12:36:50|28|pratiksha@forstarfoods.com|DistMarginStructure.php
28 Jun 2019 12:36:52|28|pratiksha@forstarfoods.com|DistMarginStructure.php
28 Jun 2019 12:36:53|28|pratiksha@forstarfoods.com|DistMarginStructure.php
28 Jun 2019 12:36:54|30|pritirm@forstarfoods.com|DailyCatchEntry_New.php
28 Jun 2019 12:36:56|30|pritirm@forstarfoods.com|DailyCatchEntry_New.php
28 Jun 2019 12:36:58|30|pritirm@forstarfoods.com|DailyCatchEntry_New.php
28 Jun 2019 12:36:59|28|pratiksha@forstarfoods.com|DistMarginStructure.php
28 Jun 2019 12:36:59|30|pritirm@forstarfoods.com|DailyCatchEntry_New.php
28 Jun 2019 12:37:01|30|pritirm@forstarfoods.com|DailyCatchEntry_New.php
28 Jun 2019 12:37:02|30|pritirm@forstarfoods.com|DailyCatchEntry_New.php
28 Jun 2019 12:37:02|28|pratiksha@forstarfoods.com|ViewSOTaxInvoice.php
28 Jun 2019 12:37:03|30|pritirm@forstarfoods.com|DailyCatchEntry_New.php
28 Jun 2019 12:37:04|30|pritirm@forstarfoods.com|DailyCatchEntry_New.php
28 Jun 2019 12:37:06|30|pritirm@forstarfoods.com|DailyCatchEntry_New.php
28 Jun 2019 12:37:07|30|pritirm@forstarfoods.com|DailyCatchEntry_New.php
28 Jun 2019 12:37:08|30|pritirm@forstarfoods.com|DailyCatchEntry_New.php
28 Jun 2019 12:37:09|30|pritirm@forstarfoods.com|DailyCatchEntry_New.php
28 Jun 2019 12:37:11|28|pratiksha@forstarfoods.com|DistMarginStructure.php
28 Jun 2019 12:37:11|30|pritirm@forstarfoods.com|DailyCatchEntry_New.php
28 Jun 2019 12:37:12|30|pritirm@forstarfoods.com|DailyCatchEntry_New.php
28 Jun 2019 12:37:13|30|pritirm@forstarfoods.com|DailyCatchEntry_New.php
28 Jun 2019 12:37:15|28|pratiksha@forstarfoods.com|DistMarginStructure.php
28 Jun 2019 12:37:17|28|pratiksha@forstarfoods.com|DistMarginStructure.php
28 Jun 2019 12:37:18|28|pratiksha@forstarfoods.com|DistMarginStructure.php
28 Jun 2019 12:37:20|30|pritirm@forstarfoods.com|DailyCatchEntry_New.php
28 Jun 2019 12:37:26|28|pratiksha@forstarfoods.com|ProductSpex.php
28 Jun 2019 12:37:28|28|pratiksha@forstarfoods.com|ProductCategory.php
28 Jun 2019 12:37:29|30|pritirm@forstarfoods.com|DailyCatchEntry_New.php
28 Jun 2019 12:37:33|30|pritirm@forstarfoods.com|DailyCatchEntry_New.php
28 Jun 2019 12:37:33|28|pratiksha@forstarfoods.com|ProductMRPMaster.php
28 Jun 2019 12:37:34|30|pritirm@forstarfoods.com|CatchEntryDeclaredItem.php
28 Jun 2019 12:37:35|28|pratiksha@forstarfoods.com|ErrorPageIFrame.php
28 Jun 2019 12:37:38|30|pritirm@forstarfoods.com|DailyCatchEntry_New.php
28 Jun 2019 12:37:40|30|pritirm@forstarfoods.com|DailyCatchEntry_New.php
28 Jun 2019 12:37:43|30|pritirm@forstarfoods.com|DailyCatchEntry_New.php
28 Jun 2019 12:37:44|30|pritirm@forstarfoods.com|DailyCatchEntry_New.php
28 Jun 2019 12:37:45|30|pritirm@forstarfoods.com|DailyCatchEntry_New.php
28 Jun 2019 12:37:47|30|pritirm@forstarfoods.com|DailyCatchEntry_New.php
28 Jun 2019 12:37:48|30|pritirm@forstarfoods.com|DailyCatchEntry_New.php
28 Jun 2019 12:37:49|30|pritirm@forstarfoods.com|DailyCatchEntry_New.php
28 Jun 2019 12:37:50|30|pritirm@forstarfoods.com|DailyCatchEntry_New.php
28 Jun 2019 12:37:52|30|pritirm@forstarfoods.com|DailyCatchEntry_New.php
28 Jun 2019 12:37:53|30|pritirm@forstarfoods.com|DailyCatchEntry_New.php
28 Jun 2019 12:37:54|30|pritirm@forstarfoods.com|DailyCatchEntry_New.php
28 Jun 2019 12:37:55|30|pritirm@forstarfoods.com|DailyCatchEntry_New.php
28 Jun 2019 12:37:56|30|pritirm@forstarfoods.com|DailyCatchEntry_New.php
28 Jun 2019 12:38:19|30|pritirm@forstarfoods.com|DailyCatchEntry_New.php
28 Jun 2019 12:38:30|30|pritirm@forstarfoods.com|DailyCatchEntry_New.php
28 Jun 2019 12:38:33|30|pritirm@forstarfoods.com|DailyCatchEntry_New.php
28 Jun 2019 12:38:35|30|pritirm@forstarfoods.com|CatchEntryDeclaredItem.php
28 Jun 2019 12:38:39|30|pritirm@forstarfoods.com|DailyCatchEntry_New.php
28 Jun 2019 12:38:41|30|pritirm@forstarfoods.com|DailyCatchEntry_New.php
28 Jun 2019 12:38:44|30|pritirm@forstarfoods.com|DailyCatchEntry_New.php
28 Jun 2019 12:38:45|30|pritirm@forstarfoods.com|DailyCatchEntry_New.php
28 Jun 2019 12:38:46|30|pritirm@forstarfoods.com|DailyCatchEntry_New.php
28 Jun 2019 12:38:48|30|pritirm@forstarfoods.com|DailyCatchEntry_New.php
28 Jun 2019 12:38:49|30|pritirm@forstarfoods.com|DailyCatchEntry_New.php
28 Jun 2019 12:38:50|30|pritirm@forstarfoods.com|DailyCatchEntry_New.php
28 Jun 2019 12:38:51|30|pritirm@forstarfoods.com|DailyCatchEntry_New.php
28 Jun 2019 12:38:52|30|pritirm@forstarfoods.com|DailyCatchEntry_New.php
28 Jun 2019 12:38:54|30|pritirm@forstarfoods.com|DailyCatchEntry_New.php
28 Jun 2019 12:38:55|30|pritirm@forstarfoods.com|DailyCatchEntry_New.php
28 Jun 2019 12:39:01|30|pritirm@forstarfoods.com|DailyCatchEntry_New.php
28 Jun 2019 12:39:02|30|pritirm@forstarfoods.com|DailyCatchEntry_New.php
28 Jun 2019 12:39:18|30|pritirm@forstarfoods.com|DailyCatchEntry_New.php
28 Jun 2019 12:39:24|30|pritirm@forstarfoods.com|DailyCatchEntry_New.php
28 Jun 2019 12:39:28|30|pritirm@forstarfoods.com|DailyCatchEntry_New.php
28 Jun 2019 12:39:30|30|pritirm@forstarfoods.com|CatchEntryDeclaredItem.php
28 Jun 2019 12:39:35|30|pritirm@forstarfoods.com|DailyCatchEntry_New.php
28 Jun 2019 12:39:37|30|pritirm@forstarfoods.com|DailyCatchEntry_New.php
28 Jun 2019 12:39:41|30|pritirm@forstarfoods.com|DailyCatchEntry_New.php
28 Jun 2019 12:39:42|30|pritirm@forstarfoods.com|DailyCatchEntry_New.php
28 Jun 2019 12:39:43|30|pritirm@forstarfoods.com|DailyCatchEntry_New.php
28 Jun 2019 12:39:44|30|pritirm@forstarfoods.com|DailyCatchEntry_New.php
28 Jun 2019 12:39:46|30|pritirm@forstarfoods.com|DailyCatchEntry_New.php
28 Jun 2019 12:39:47|30|pritirm@forstarfoods.com|DailyCatchEntry_New.php
28 Jun 2019 12:39:48|30|pritirm@forstarfoods.com|DailyCatchEntry_New.php
28 Jun 2019 12:39:49|30|pritirm@forstarfoods.com|DailyCatchEntry_New.php
28 Jun 2019 12:39:51|30|pritirm@forstarfoods.com|DailyCatchEntry_New.php
28 Jun 2019 12:39:52|30|pritirm@forstarfoods.com|DailyCatchEntry_New.php
28 Jun 2019 12:39:53|30|pritirm@forstarfoods.com|DailyCatchEntry_New.php
28 Jun 2019 12:39:54|30|pritirm@forstarfoods.com|DailyCatchEntry_New.php
28 Jun 2019 12:40:04|30|pritirm@forstarfoods.com|DailyCatchEntry_New.php
28 Jun 2019 12:40:09|30|pritirm@forstarfoods.com|DailyCatchEntry_New.php
28 Jun 2019 12:40:13|30|pritirm@forstarfoods.com|DailyCatchEntry_New.php
28 Jun 2019 12:40:15|30|pritirm@forstarfoods.com|CatchEntryDeclaredItem.php
28 Jun 2019 12:40:18|30|pritirm@forstarfoods.com|DailyCatchEntry_New.php
28 Jun 2019 12:40:19|30|pritirm@forstarfoods.com|DailyCatchEntry_New.php
28 Jun 2019 12:40:21|30|pritirm@forstarfoods.com|DailyCatchEntry_New.php
28 Jun 2019 12:40:22|30|pritirm@forstarfoods.com|DailyCatchEntry_New.php
28 Jun 2019 12:40:23|30|pritirm@forstarfoods.com|DailyCatchEntry_New.php
28 Jun 2019 12:40:24|30|pritirm@forstarfoods.com|DailyCatchEntry_New.php
28 Jun 2019 12:40:26|30|pritirm@forstarfoods.com|DailyCatchEntry_New.php
28 Jun 2019 12:40:27|30|pritirm@forstarfoods.com|DailyCatchEntry_New.php
28 Jun 2019 12:40:28|30|pritirm@forstarfoods.com|DailyCatchEntry_New.php
28 Jun 2019 12:40:29|30|pritirm@forstarfoods.com|DailyCatchEntry_New.php
28 Jun 2019 12:40:31|30|pritirm@forstarfoods.com|DailyCatchEntry_New.php
28 Jun 2019 12:40:32|30|pritirm@forstarfoods.com|DailyCatchEntry_New.php
28 Jun 2019 12:40:33|30|pritirm@forstarfoods.com|DailyCatchEntry_New.php
28 Jun 2019 12:40:34|30|pritirm@forstarfoods.com|DailyCatchEntry_New.php
28 Jun 2019 12:40:41|30|pritirm@forstarfoods.com|DailyCatchEntry_New.php
28 Jun 2019 12:40:46|30|pritirm@forstarfoods.com|DailyCatchEntry_New.php
28 Jun 2019 12:40:50|30|pritirm@forstarfoods.com|DailyCatchEntry_New.php
28 Jun 2019 12:40:51|30|pritirm@forstarfoods.com|CatchEntryDeclaredItem.php
28 Jun 2019 12:41:18|30|pritirm@forstarfoods.com|DailyCatchEntry_New.php
28 Jun 2019 12:41:19|30|pritirm@forstarfoods.com|DailyCatchEntry_New.php
28 Jun 2019 12:41:21|30|pritirm@forstarfoods.com|DailyCatchEntry_New.php
28 Jun 2019 12:41:23|30|pritirm@forstarfoods.com|DailyCatchEntry_New.php
28 Jun 2019 12:41:24|30|pritirm@forstarfoods.com|DailyCatchEntry_New.php
28 Jun 2019 12:41:25|30|pritirm@forstarfoods.com|DailyCatchEntry_New.php
28 Jun 2019 12:41:28|30|pritirm@forstarfoods.com|DailyCatchEntry_New.php
28 Jun 2019 12:41:31|30|pritirm@forstarfoods.com|DailyCatchEntry_New.php
28 Jun 2019 12:41:32|30|pritirm@forstarfoods.com|CatchEntryDeclaredItem.php
28 Jun 2019 12:41:38|30|pritirm@forstarfoods.com|DailyCatchEntry_New.php
28 Jun 2019 12:41:41|30|pritirm@forstarfoods.com|DailyCatchReport.php
28 Jun 2019 12:41:49|30|pritirm@forstarfoods.com|DailyCatchReport.php
28 Jun 2019 12:41:51|30|pritirm@forstarfoods.com|DailyCatchReport.php
28 Jun 2019 12:41:53|30|pritirm@forstarfoods.com|DailyCatchReport.php
28 Jun 2019 12:41:55|30|pritirm@forstarfoods.com|DailyCatchReport.php
28 Jun 2019 12:41:56|30|pritirm@forstarfoods.com|DailyCatchReport.php
28 Jun 2019 12:41:59|30|pritirm@forstarfoods.com|PrintDailyCatchReportMemo.php
28 Jun 2019 12:42:17|30|pritirm@forstarfoods.com|DailyCatchReport.php
28 Jun 2019 12:42:18|30|pritirm@forstarfoods.com|DailyCatchReport.php
28 Jun 2019 12:42:19|30|pritirm@forstarfoods.com|DailyCatchReport.php
28 Jun 2019 12:42:48|28|pratiksha@forstarfoods.com|DistMarginStructure.php
28 Jun 2019 12:42:49|30|pritirm@forstarfoods.com|DailyCatchEntry_New.php
28 Jun 2019 12:42:52|30|pritirm@forstarfoods.com|DailyCatchEntry_New.php
28 Jun 2019 12:42:54|30|pritirm@forstarfoods.com|DailyCatchEntry_New.php
28 Jun 2019 12:42:55|30|pritirm@forstarfoods.com|DailyCatchEntry_New.php
28 Jun 2019 12:42:57|30|pritirm@forstarfoods.com|DailyCatchEntry_New.php
28 Jun 2019 12:42:58|30|pritirm@forstarfoods.com|CatchEntryDeclaredItem.php
28 Jun 2019 12:42:59|30|pritirm@forstarfoods.com|DailyCatchEntry_New.php
28 Jun 2019 12:43:04|30|pritirm@forstarfoods.com|DailyCatchEntry_New.php
28 Jun 2019 12:43:05|30|pritirm@forstarfoods.com|DailyCatchEntry_New.php
28 Jun 2019 12:43:06|30|pritirm@forstarfoods.com|DailyCatchEntry_New.php
28 Jun 2019 12:43:08|30|pritirm@forstarfoods.com|DailyCatchEntry_New.php
28 Jun 2019 12:43:09|28|pratiksha@forstarfoods.com|DistMarginStructure.php
28 Jun 2019 12:43:09|30|pritirm@forstarfoods.com|DailyCatchEntry_New.php
28 Jun 2019 12:43:11|30|pritirm@forstarfoods.com|DailyCatchEntry_New.php
28 Jun 2019 12:43:13|30|pritirm@forstarfoods.com|DailyCatchEntry_New.php
28 Jun 2019 12:43:14|30|pritirm@forstarfoods.com|DailyCatchEntry_New.php
28 Jun 2019 12:43:16|30|pritirm@forstarfoods.com|DailyCatchEntry_New.php
28 Jun 2019 12:43:21|30|pritirm@forstarfoods.com|DailyCatchEntry_New.php
28 Jun 2019 12:43:22|30|pritirm@forstarfoods.com|CatchEntryDeclaredItem.php
28 Jun 2019 12:43:32|30|pritirm@forstarfoods.com|DailyCatchEntry_New.php
28 Jun 2019 12:43:34|30|pritirm@forstarfoods.com|DailyCatchEntry_New.php
28 Jun 2019 12:43:35|30|pritirm@forstarfoods.com|DailyCatchEntry_New.php
28 Jun 2019 12:43:36|28|pratiksha@forstarfoods.com|DistMarginStructure.php
28 Jun 2019 12:43:38|28|pratiksha@forstarfoods.com|DistMarginStructure.php
28 Jun 2019 12:43:38|30|pritirm@forstarfoods.com|DailyCatchEntry_New.php
28 Jun 2019 12:43:39|28|pratiksha@forstarfoods.com|DistMarginStructure.php
28 Jun 2019 12:43:41|30|pritirm@forstarfoods.com|DailyCatchEntry_New.php
28 Jun 2019 12:43:45|30|pritirm@forstarfoods.com|DailyCatchEntry_New.php
28 Jun 2019 12:43:46|30|pritirm@forstarfoods.com|DailyCatchEntry_New.php
28 Jun 2019 12:43:47|28|pratiksha@forstarfoods.com|DistMarginStructure.php
28 Jun 2019 12:43:47|30|pritirm@forstarfoods.com|DailyCatchEntry_New.php
28 Jun 2019 12:43:49|30|pritirm@forstarfoods.com|DailyCatchEntry_New.php
28 Jun 2019 12:43:50|30|pritirm@forstarfoods.com|DailyCatchEntry_New.php
28 Jun 2019 12:43:51|30|pritirm@forstarfoods.com|DailyCatchEntry_New.php
28 Jun 2019 12:43:52|30|pritirm@forstarfoods.com|DailyCatchEntry_New.php
28 Jun 2019 12:43:54|30|pritirm@forstarfoods.com|DailyCatchEntry_New.php
28 Jun 2019 12:43:55|30|pritirm@forstarfoods.com|DailyCatchEntry_New.php
28 Jun 2019 12:43:56|30|pritirm@forstarfoods.com|DailyCatchEntry_New.php
28 Jun 2019 12:43:57|30|pritirm@forstarfoods.com|DailyCatchEntry_New.php
28 Jun 2019 12:43:59|30|pritirm@forstarfoods.com|DailyCatchEntry_New.php
28 Jun 2019 12:44:00|30|pritirm@forstarfoods.com|DailyCatchEntry_New.php
28 Jun 2019 12:44:02|30|pritirm@forstarfoods.com|DailyCatchEntry_New.php
28 Jun 2019 12:44:03|30|pritirm@forstarfoods.com|CatchEntryDeclaredItem.php
28 Jun 2019 12:44:07|30|pritirm@forstarfoods.com|DailyCatchEntry_New.php
28 Jun 2019 12:44:08|30|pritirm@forstarfoods.com|DailyCatchEntry_New.php
28 Jun 2019 12:44:11|30|pritirm@forstarfoods.com|DailyCatchEntry_New.php
28 Jun 2019 12:44:15|30|pritirm@forstarfoods.com|DailyCatchEntry_New.php
28 Jun 2019 12:44:16|30|pritirm@forstarfoods.com|DailyCatchEntry_New.php
28 Jun 2019 12:44:17|30|pritirm@forstarfoods.com|DailyCatchEntry_New.php
28 Jun 2019 12:44:18|30|pritirm@forstarfoods.com|DailyCatchEntry_New.php
28 Jun 2019 12:44:19|30|pritirm@forstarfoods.com|DailyCatchEntry_New.php
28 Jun 2019 12:44:21|30|pritirm@forstarfoods.com|DailyCatchEntry_New.php
28 Jun 2019 12:44:22|30|pritirm@forstarfoods.com|DailyCatchEntry_New.php
28 Jun 2019 12:44:23|30|pritirm@forstarfoods.com|DailyCatchEntry_New.php
28 Jun 2019 12:44:24|30|pritirm@forstarfoods.com|DailyCatchEntry_New.php
28 Jun 2019 12:44:26|30|pritirm@forstarfoods.com|DailyCatchEntry_New.php
28 Jun 2019 12:44:27|30|pritirm@forstarfoods.com|DailyCatchEntry_New.php
28 Jun 2019 12:44:28|30|pritirm@forstarfoods.com|DailyCatchEntry_New.php
28 Jun 2019 12:44:29|30|pritirm@forstarfoods.com|DailyCatchEntry_New.php
28 Jun 2019 12:44:32|30|pritirm@forstarfoods.com|DailyCatchEntry_New.php
28 Jun 2019 12:44:33|30|pritirm@forstarfoods.com|CatchEntryDeclaredItem.php
28 Jun 2019 12:45:03|30|pritirm@forstarfoods.com|DailyCatchEntry_New.php
28 Jun 2019 12:45:04|30|pritirm@forstarfoods.com|DailyCatchEntry_New.php
28 Jun 2019 12:45:05|30|pritirm@forstarfoods.com|DailyCatchEntry_New.php
28 Jun 2019 12:45:16|30|pritirm@forstarfoods.com|DailyCatchEntry_New.php
28 Jun 2019 12:45:26|30|pritirm@forstarfoods.com|DailyCatchEntry_New.php
28 Jun 2019 12:45:27|30|pritirm@forstarfoods.com|CatchEntryDeclaredItem.php
28 Jun 2019 12:46:37|30|pritirm@forstarfoods.com|DailyCatchEntry_New.php
28 Jun 2019 12:46:38|30|pritirm@forstarfoods.com|DailyCatchEntry_New.php
28 Jun 2019 12:46:39|30|pritirm@forstarfoods.com|DailyCatchEntry_New.php
28 Jun 2019 12:46:45|30|pritirm@forstarfoods.com|DailyCatchEntry_New.php
28 Jun 2019 12:46:47|30|pritirm@forstarfoods.com|DailyCatchEntry_New.php
28 Jun 2019 12:46:50|30|pritirm@forstarfoods.com|DailyCatchEntry_New.php
28 Jun 2019 12:46:52|30|pritirm@forstarfoods.com|DailyCatchEntry_New.php
28 Jun 2019 12:46:52|28|pratiksha@forstarfoods.com|DistMarginStructure.php
28 Jun 2019 12:46:53|30|pritirm@forstarfoods.com|DailyCatchEntry_New.php
28 Jun 2019 12:46:54|30|pritirm@forstarfoods.com|DailyCatchEntry_New.php
28 Jun 2019 12:46:55|30|pritirm@forstarfoods.com|DailyCatchEntry_New.php
28 Jun 2019 12:46:57|30|pritirm@forstarfoods.com|DailyCatchEntry_New.php
28 Jun 2019 12:46:58|30|pritirm@forstarfoods.com|DailyCatchEntry_New.php
28 Jun 2019 12:47:00|30|pritirm@forstarfoods.com|DailyCatchEntry_New.php
28 Jun 2019 12:47:01|30|pritirm@forstarfoods.com|CatchEntryDeclaredItem.php
28 Jun 2019 12:47:24|30|pritirm@forstarfoods.com|DailyCatchEntry_New.php
28 Jun 2019 12:47:27|30|pritirm@forstarfoods.com|DailyCatchEntry_New.php
28 Jun 2019 12:47:30|30|pritirm@forstarfoods.com|DailyCatchEntry_New.php
28 Jun 2019 12:47:31|30|pritirm@forstarfoods.com|DailyCatchEntry_New.php
28 Jun 2019 12:47:32|30|pritirm@forstarfoods.com|DailyCatchEntry_New.php
28 Jun 2019 12:47:34|30|pritirm@forstarfoods.com|DailyCatchEntry_New.php
28 Jun 2019 12:47:35|30|pritirm@forstarfoods.com|DailyCatchEntry_New.php
28 Jun 2019 12:47:36|30|pritirm@forstarfoods.com|DailyCatchEntry_New.php
28 Jun 2019 12:47:37|30|pritirm@forstarfoods.com|DailyCatchEntry_New.php
28 Jun 2019 12:47:40|30|pritirm@forstarfoods.com|DailyCatchEntry_New.php
28 Jun 2019 12:47:41|30|pritirm@forstarfoods.com|CatchEntryDeclaredItem.php
28 Jun 2019 12:47:53|30|pritirm@forstarfoods.com|DailyCatchEntry_New.php
28 Jun 2019 12:47:54|28|pratiksha@forstarfoods.com|DistMarginStructure.php
28 Jun 2019 12:47:54|30|pritirm@forstarfoods.com|DailyCatchEntry_New.php
28 Jun 2019 12:47:55|30|pritirm@forstarfoods.com|DailyCatchEntry_New.php
28 Jun 2019 12:47:59|30|pritirm@forstarfoods.com|DailyCatchEntry_New.php
28 Jun 2019 12:48:00|28|pratiksha@forstarfoods.com|DistMarginStructure.php
28 Jun 2019 12:48:00|30|pritirm@forstarfoods.com|DailyCatchEntry_New.php
28 Jun 2019 12:48:01|28|pratiksha@forstarfoods.com|DistMarginStructure.php
28 Jun 2019 12:48:01|30|pritirm@forstarfoods.com|DailyCatchEntry_New.php
28 Jun 2019 12:48:02|28|pratiksha@forstarfoods.com|DistMarginStructure.php
28 Jun 2019 12:48:03|30|pritirm@forstarfoods.com|DailyCatchEntry_New.php
28 Jun 2019 12:48:04|30|pritirm@forstarfoods.com|DailyCatchEntry_New.php
28 Jun 2019 12:48:05|30|pritirm@forstarfoods.com|DailyCatchEntry_New.php
28 Jun 2019 12:48:10|30|pritirm@forstarfoods.com|DailyCatchEntry_New.php
28 Jun 2019 12:48:14|30|pritirm@forstarfoods.com|DailyCatchEntry_New.php
28 Jun 2019 12:48:15|30|pritirm@forstarfoods.com|CatchEntryDeclaredItem.php
28 Jun 2019 12:48:18|30|pritirm@forstarfoods.com|DailyCatchEntry_New.php
28 Jun 2019 12:48:19|30|pritirm@forstarfoods.com|DailyCatchEntry_New.php
28 Jun 2019 12:48:22|30|pritirm@forstarfoods.com|DailyCatchEntry_New.php
28 Jun 2019 12:48:24|30|pritirm@forstarfoods.com|DailyCatchEntry_New.php
28 Jun 2019 12:48:25|30|pritirm@forstarfoods.com|DailyCatchEntry_New.php
28 Jun 2019 12:48:26|30|pritirm@forstarfoods.com|DailyCatchEntry_New.php
28 Jun 2019 12:48:27|30|pritirm@forstarfoods.com|DailyCatchEntry_New.php
28 Jun 2019 12:48:29|30|pritirm@forstarfoods.com|DailyCatchEntry_New.php
28 Jun 2019 12:48:32|28|pratiksha@forstarfoods.com|DistMarginStructure.php
28 Jun 2019 12:48:33|30|pritirm@forstarfoods.com|DailyCatchEntry_New.php
28 Jun 2019 12:48:36|28|pratiksha@forstarfoods.com|DistMarginStructure.php
28 Jun 2019 12:48:36|30|pritirm@forstarfoods.com|DailyCatchEntry_New.php
28 Jun 2019 12:48:37|30|pritirm@forstarfoods.com|CatchEntryDeclaredItem.php
28 Jun 2019 12:48:45|30|pritirm@forstarfoods.com|DailyCatchEntry_New.php
28 Jun 2019 12:48:47|30|pritirm@forstarfoods.com|DailyCatchEntry_New.php
28 Jun 2019 12:48:48|28|pratiksha@forstarfoods.com|ViewSOTaxInvoice.php
28 Jun 2019 12:48:49|30|pritirm@forstarfoods.com|DailyCatchEntry_New.php
28 Jun 2019 12:48:50|30|pritirm@forstarfoods.com|DailyCatchEntry_New.php
28 Jun 2019 12:48:52|30|pritirm@forstarfoods.com|DailyCatchEntry_New.php
28 Jun 2019 12:48:53|30|pritirm@forstarfoods.com|DailyCatchEntry_New.php
28 Jun 2019 12:48:54|30|pritirm@forstarfoods.com|DailyCatchEntry_New.php
28 Jun 2019 12:48:55|30|pritirm@forstarfoods.com|DailyCatchEntry_New.php
28 Jun 2019 12:48:57|30|pritirm@forstarfoods.com|DailyCatchEntry_New.php
28 Jun 2019 12:49:03|30|pritirm@forstarfoods.com|DailyCatchEntry_New.php
28 Jun 2019 12:49:04|28|pratiksha@forstarfoods.com|DistMarginStructure.php
28 Jun 2019 12:49:05|28|pratiksha@forstarfoods.com|DistMarginStructure.php
28 Jun 2019 12:49:06|30|pritirm@forstarfoods.com|DailyCatchEntry_New.php
28 Jun 2019 12:49:06|28|pratiksha@forstarfoods.com|DistMarginStructure.php
28 Jun 2019 12:49:07|30|pritirm@forstarfoods.com|CatchEntryDeclaredItem.php
28 Jun 2019 12:49:23|30|pritirm@forstarfoods.com|DailyCatchEntry_New.php
28 Jun 2019 12:49:25|30|pritirm@forstarfoods.com|DailyCatchEntry_New.php
28 Jun 2019 12:49:26|30|pritirm@forstarfoods.com|DailyCatchEntry_New.php
28 Jun 2019 12:49:28|30|pritirm@forstarfoods.com|DailyCatchEntry_New.php
28 Jun 2019 12:49:30|28|pratiksha@forstarfoods.com|DistMarginStructure.php
28 Jun 2019 12:49:32|28|pratiksha@forstarfoods.com|DistMarginStructure.php
28 Jun 2019 12:49:33|30|pritirm@forstarfoods.com|DailyCatchEntry_New.php
28 Jun 2019 12:49:33|28|pratiksha@forstarfoods.com|DistMarginStructure.php
28 Jun 2019 12:49:34|30|pritirm@forstarfoods.com|CatchEntryDeclaredItem.php
28 Jun 2019 12:49:42|30|pritirm@forstarfoods.com|DailyCatchEntry_New.php
28 Jun 2019 12:49:45|28|pratiksha@forstarfoods.com|DistMarginStructure.php
28 Jun 2019 12:49:46|28|pratiksha@forstarfoods.com|ViewSOTaxInvoice.php
28 Jun 2019 12:49:47|30|pritirm@forstarfoods.com|DailyCatchEntry_New.php
28 Jun 2019 12:49:50|28|pratiksha@forstarfoods.com|DistMarginStructure.php
28 Jun 2019 12:49:50|30|pritirm@forstarfoods.com|DailyCatchEntry_New.php
28 Jun 2019 12:49:52|30|pritirm@forstarfoods.com|DailyCatchEntry_New.php
28 Jun 2019 12:49:53|30|pritirm@forstarfoods.com|DailyCatchEntry_New.php
28 Jun 2019 12:49:54|28|pratiksha@forstarfoods.com|DistMarginStructure.php
28 Jun 2019 12:49:55|30|pritirm@forstarfoods.com|DailyCatchEntry_New.php
28 Jun 2019 12:49:56|28|pratiksha@forstarfoods.com|DistMarginStructure.php
28 Jun 2019 12:49:56|30|pritirm@forstarfoods.com|DailyCatchEntry_New.php
28 Jun 2019 12:49:57|28|pratiksha@forstarfoods.com|DistMarginStructure.php
28 Jun 2019 12:49:57|30|pritirm@forstarfoods.com|DailyCatchEntry_New.php
28 Jun 2019 12:49:58|30|pritirm@forstarfoods.com|DailyCatchEntry_New.php
28 Jun 2019 12:50:00|30|pritirm@forstarfoods.com|DailyCatchEntry_New.php
28 Jun 2019 12:50:02|30|pritirm@forstarfoods.com|DailyCatchEntry_New.php
28 Jun 2019 12:50:03|30|pritirm@forstarfoods.com|CatchEntryDeclaredItem.php
28 Jun 2019 12:50:04|28|pratiksha@forstarfoods.com|DistMarginStructure.php
28 Jun 2019 12:50:06|30|pritirm@forstarfoods.com|DailyCatchEntry_New.php
28 Jun 2019 12:50:07|30|pritirm@forstarfoods.com|DailyCatchEntry_New.php
28 Jun 2019 12:50:07|28|pratiksha@forstarfoods.com|DistMarginStructure.php
28 Jun 2019 12:50:09|28|pratiksha@forstarfoods.com|ViewSOTaxInvoice.php
28 Jun 2019 12:50:09|30|pritirm@forstarfoods.com|DailyCatchEntry_New.php
28 Jun 2019 12:50:10|30|pritirm@forstarfoods.com|DailyCatchEntry_New.php
28 Jun 2019 12:50:11|30|pritirm@forstarfoods.com|DailyCatchEntry_New.php
28 Jun 2019 12:50:12|30|pritirm@forstarfoods.com|DailyCatchEntry_New.php
28 Jun 2019 12:50:14|30|pritirm@forstarfoods.com|DailyCatchEntry_New.php
28 Jun 2019 12:50:15|30|pritirm@forstarfoods.com|DailyCatchEntry_New.php
28 Jun 2019 12:50:17|30|pritirm@forstarfoods.com|DailyCatchEntry_New.php
28 Jun 2019 12:50:17|28|pratiksha@forstarfoods.com|DistMarginStructure.php
28 Jun 2019 12:50:19|28|pratiksha@forstarfoods.com|DistMarginStructure.php
28 Jun 2019 12:50:20|30|pritirm@forstarfoods.com|DailyCatchEntry_New.php
28 Jun 2019 12:50:20|28|pratiksha@forstarfoods.com|DistMarginStructure.php
28 Jun 2019 12:50:21|30|pritirm@forstarfoods.com|CatchEntryDeclaredItem.php
28 Jun 2019 12:50:29|28|pratiksha@forstarfoods.com|DistMarginStructure.php
28 Jun 2019 12:50:32|28|pratiksha@forstarfoods.com|DistMarginStructure.php
28 Jun 2019 12:50:35|30|pritirm@forstarfoods.com|DailyCatchEntry_New.php
28 Jun 2019 12:50:36|30|pritirm@forstarfoods.com|DailyCatchEntry_New.php
28 Jun 2019 12:50:37|30|pritirm@forstarfoods.com|DailyCatchEntry_New.php
28 Jun 2019 12:50:42|30|pritirm@forstarfoods.com|DailyCatchEntry_New.php
28 Jun 2019 12:50:47|28|pratiksha@forstarfoods.com|DistMarginStructure.php
28 Jun 2019 12:50:49|28|pratiksha@forstarfoods.com|DistMarginStructure.php
28 Jun 2019 12:50:50|28|pratiksha@forstarfoods.com|DistMarginStructure.php
28 Jun 2019 12:50:52|30|pritirm@forstarfoods.com|DailyCatchEntry_New.php
28 Jun 2019 12:50:53|30|pritirm@forstarfoods.com|CatchEntryDeclaredItem.php
28 Jun 2019 12:50:56|28|pratiksha@forstarfoods.com|DistMarginStructure.php
28 Jun 2019 12:50:58|28|pratiksha@forstarfoods.com|ViewSOTaxInvoice.php
28 Jun 2019 12:51:01|28|pratiksha@forstarfoods.com|ViewSOTaxInvoice.php
28 Jun 2019 12:51:03|30|pritirm@forstarfoods.com|DailyCatchEntry_New.php
28 Jun 2019 12:51:05|28|pratiksha@forstarfoods.com|DistMarginStructure.php
28 Jun 2019 12:51:08|30|pritirm@forstarfoods.com|DailyCatchEntry_New.php
28 Jun 2019 12:51:09|28|pratiksha@forstarfoods.com|DistMarginStructure.php
28 Jun 2019 12:51:10|28|pratiksha@forstarfoods.com|DistMarginStructure.php
28 Jun 2019 12:51:11|28|pratiksha@forstarfoods.com|DistMarginStructure.php
28 Jun 2019 12:51:19|28|pratiksha@forstarfoods.com|DistMarginStructure.php
28 Jun 2019 12:51:21|30|pritirm@forstarfoods.com|DailyCatchEntry_New.php
28 Jun 2019 12:51:22|28|pratiksha@forstarfoods.com|DistMarginStructure.php
28 Jun 2019 12:51:24|30|pritirm@forstarfoods.com|DailyCatchEntry_New.php
28 Jun 2019 12:51:25|30|pritirm@forstarfoods.com|DailyCatchEntry_New.php
28 Jun 2019 12:51:26|28|pratiksha@forstarfoods.com|ViewSOTaxInvoice.php
28 Jun 2019 12:51:26|30|pritirm@forstarfoods.com|DailyCatchEntry_New.php
28 Jun 2019 12:51:28|30|pritirm@forstarfoods.com|DailyCatchEntry_New.php
28 Jun 2019 12:51:29|30|pritirm@forstarfoods.com|DailyCatchEntry_New.php
28 Jun 2019 12:51:30|30|pritirm@forstarfoods.com|DailyCatchEntry_New.php
28 Jun 2019 12:51:31|30|pritirm@forstarfoods.com|DailyCatchEntry_New.php
28 Jun 2019 12:51:32|28|pratiksha@forstarfoods.com|DistMarginStructure.php
28 Jun 2019 12:51:33|30|pritirm@forstarfoods.com|DailyCatchEntry_New.php
28 Jun 2019 12:51:34|28|pratiksha@forstarfoods.com|DistMarginStructure.php
28 Jun 2019 12:51:35|30|pritirm@forstarfoods.com|CatchEntryDeclaredItem.php
28 Jun 2019 12:51:35|28|pratiksha@forstarfoods.com|DistMarginStructure.php
28 Jun 2019 12:51:38|30|pritirm@forstarfoods.com|DailyCatchEntry_New.php
28 Jun 2019 12:51:39|30|pritirm@forstarfoods.com|DailyCatchEntry_New.php
28 Jun 2019 12:51:41|30|pritirm@forstarfoods.com|DailyCatchEntry_New.php
28 Jun 2019 12:51:42|30|pritirm@forstarfoods.com|DailyCatchEntry_New.php
28 Jun 2019 12:51:43|30|pritirm@forstarfoods.com|DailyCatchEntry_New.php
28 Jun 2019 12:51:45|30|pritirm@forstarfoods.com|DailyCatchEntry_New.php
28 Jun 2019 12:51:46|30|pritirm@forstarfoods.com|DailyCatchEntry_New.php
28 Jun 2019 12:51:46|28|pratiksha@forstarfoods.com|DistMarginStructure.php
28 Jun 2019 12:51:47|30|pritirm@forstarfoods.com|DailyCatchEntry_New.php
28 Jun 2019 12:51:51|30|pritirm@forstarfoods.com|DailyCatchEntry_New.php
28 Jun 2019 12:51:52|28|pratiksha@forstarfoods.com|DistMarginStructure.php
28 Jun 2019 12:51:54|30|pritirm@forstarfoods.com|DailyCatchEntry_New.php
28 Jun 2019 12:51:54|28|pratiksha@forstarfoods.com|ViewSOTaxInvoice.php
28 Jun 2019 12:51:56|30|pritirm@forstarfoods.com|CatchEntryDeclaredItem.php
28 Jun 2019 12:51:58|30|pritirm@forstarfoods.com|DailyCatchEntry_New.php
28 Jun 2019 12:52:00|28|pratiksha@forstarfoods.com|DistMarginStructure.php
28 Jun 2019 12:52:00|30|pritirm@forstarfoods.com|DailyCatchEntry_New.php
28 Jun 2019 12:52:02|28|pratiksha@forstarfoods.com|DistMarginStructure.php
28 Jun 2019 12:52:02|30|pritirm@forstarfoods.com|DailyCatchEntry_New.php
28 Jun 2019 12:52:03|28|pratiksha@forstarfoods.com|DistMarginStructure.php
28 Jun 2019 12:52:03|30|pritirm@forstarfoods.com|DailyCatchEntry_New.php
28 Jun 2019 12:52:05|30|pritirm@forstarfoods.com|DailyCatchEntry_New.php
28 Jun 2019 12:52:06|30|pritirm@forstarfoods.com|DailyCatchEntry_New.php
28 Jun 2019 12:52:07|30|pritirm@forstarfoods.com|DailyCatchEntry_New.php
28 Jun 2019 12:52:08|30|pritirm@forstarfoods.com|DailyCatchEntry_New.php
28 Jun 2019 12:52:09|30|pritirm@forstarfoods.com|DailyCatchEntry_New.php
28 Jun 2019 12:52:12|30|pritirm@forstarfoods.com|DailyCatchEntry_New.php
28 Jun 2019 12:52:13|30|pritirm@forstarfoods.com|CatchEntryDeclaredItem.php
28 Jun 2019 12:52:14|28|pratiksha@forstarfoods.com|DistMarginStructure.php
28 Jun 2019 12:52:16|28|pratiksha@forstarfoods.com|ViewSOTaxInvoice.php
28 Jun 2019 12:52:16|30|pritirm@forstarfoods.com|DailyCatchEntry_New.php
28 Jun 2019 12:52:18|30|pritirm@forstarfoods.com|DailyCatchEntry_New.php
28 Jun 2019 12:52:19|28|pratiksha@forstarfoods.com|DistMarginStructure.php
28 Jun 2019 12:52:19|30|pritirm@forstarfoods.com|DailyCatchEntry_New.php
28 Jun 2019 12:52:21|30|pritirm@forstarfoods.com|DailyCatchEntry_New.php
28 Jun 2019 12:52:22|30|pritirm@forstarfoods.com|DailyCatchEntry_New.php
28 Jun 2019 12:52:23|28|pratiksha@forstarfoods.com|DistMarginStructure.php
28 Jun 2019 12:52:23|30|pritirm@forstarfoods.com|DailyCatchEntry_New.php
28 Jun 2019 12:52:24|28|pratiksha@forstarfoods.com|DistMarginStructure.php
28 Jun 2019 12:52:24|30|pritirm@forstarfoods.com|DailyCatchEntry_New.php
28 Jun 2019 12:52:25|28|pratiksha@forstarfoods.com|DistMarginStructure.php
28 Jun 2019 12:52:25|30|pritirm@forstarfoods.com|DailyCatchEntry_New.php
28 Jun 2019 12:52:29|30|pritirm@forstarfoods.com|DailyCatchEntry_New.php
28 Jun 2019 12:52:31|30|pritirm@forstarfoods.com|DailyCatchEntry_New.php
28 Jun 2019 12:52:33|30|pritirm@forstarfoods.com|CatchEntryDeclaredItem.php
28 Jun 2019 12:52:37|28|pratiksha@forstarfoods.com|DistMarginStructure.php
28 Jun 2019 12:52:40|28|pratiksha@forstarfoods.com|DistMarginStructure.php
28 Jun 2019 12:52:44|28|pratiksha@forstarfoods.com|ViewSOTaxInvoice.php
28 Jun 2019 12:52:49|28|pratiksha@forstarfoods.com|DistMarginStructure.php
28 Jun 2019 12:52:50|28|pratiksha@forstarfoods.com|DistMarginStructure.php
28 Jun 2019 12:52:52|28|pratiksha@forstarfoods.com|DistMarginStructure.php
28 Jun 2019 12:52:55|30|pritirm@forstarfoods.com|DailyCatchEntry_New.php
28 Jun 2019 12:52:58|28|pratiksha@forstarfoods.com|DistMarginStructure.php
28 Jun 2019 12:53:02|28|pratiksha@forstarfoods.com|DistMarginStructure.php
28 Jun 2019 12:53:03|28|pratiksha@forstarfoods.com|ViewSOTaxInvoice.php
28 Jun 2019 12:53:08|28|pratiksha@forstarfoods.com|DistMarginStructure.php
28 Jun 2019 12:53:10|28|pratiksha@forstarfoods.com|DistMarginStructure.php
28 Jun 2019 12:53:11|28|pratiksha@forstarfoods.com|DistMarginStructure.php
28 Jun 2019 12:53:41|28|pratiksha@forstarfoods.com|DistMarginStructure.php
28 Jun 2019 12:53:50|28|pratiksha@forstarfoods.com|DistMarginStructure.php
28 Jun 2019 12:53:53|28|pratiksha@forstarfoods.com|ViewSOTaxInvoice.php
28 Jun 2019 12:53:57|28|pratiksha@forstarfoods.com|DistMarginStructure.php
28 Jun 2019 12:53:59|28|pratiksha@forstarfoods.com|DistMarginStructure.php
28 Jun 2019 12:54:00|28|pratiksha@forstarfoods.com|DistMarginStructure.php
28 Jun 2019 12:54:06|28|pratiksha@forstarfoods.com|DistMarginStructure.php
28 Jun 2019 12:54:16|28|pratiksha@forstarfoods.com|DistMarginStructure.php
28 Jun 2019 12:54:24|28|pratiksha@forstarfoods.com|ViewSOTaxInvoice.php
28 Jun 2019 12:54:29|28|pratiksha@forstarfoods.com|DistMarginStructure.php
28 Jun 2019 12:54:31|28|pratiksha@forstarfoods.com|DistMarginStructure.php
28 Jun 2019 12:54:32|28|pratiksha@forstarfoods.com|DistMarginStructure.php
28 Jun 2019 12:55:19|28|pratiksha@forstarfoods.com|DistMarginStructure.php
28 Jun 2019 12:55:21|28|pratiksha@forstarfoods.com|ViewSOTaxInvoice.php
28 Jun 2019 12:56:14|28|pratiksha@forstarfoods.com|DistMarginStructure.php
28 Jun 2019 12:56:19|28|pratiksha@forstarfoods.com|DistMarginStructure.php
28 Jun 2019 12:56:21|28|pratiksha@forstarfoods.com|DistMarginStructure.php
28 Jun 2019 12:56:22|28|pratiksha@forstarfoods.com|DistMarginStructure.php
28 Jun 2019 12:56:41|28|pratiksha@forstarfoods.com|DistMarginStructure.php
28 Jun 2019 12:56:46|28|pratiksha@forstarfoods.com|ViewSOTaxInvoice.php
28 Jun 2019 12:56:49|28|pratiksha@forstarfoods.com|DistMarginStructure.php
28 Jun 2019 12:57:04|28|pratiksha@forstarfoods.com|DistMarginStructure.php
28 Jun 2019 12:57:05|28|pratiksha@forstarfoods.com|DistMarginStructure.php
28 Jun 2019 12:57:07|28|pratiksha@forstarfoods.com|DistMarginStructure.php
28 Jun 2019 12:57:21|28|pratiksha@forstarfoods.com|DistMarginStructure.php
28 Jun 2019 12:57:24|28|pratiksha@forstarfoods.com|ViewSOTaxInvoice.php
28 Jun 2019 12:57:57|30|pritirm@forstarfoods.com|DailyCatchEntry_New.php
28 Jun 2019 12:58:18|28|pratiksha@forstarfoods.com|DistMarginStructure.php
28 Jun 2019 12:58:35|28|pratiksha@forstarfoods.com|ViewSOTaxInvoice.php
28 Jun 2019 12:58:39|28|pratiksha@forstarfoods.com|ViewPkgInstruction.php
28 Jun 2019 12:58:51|28|pratiksha@forstarfoods.com|Home.php
28 Jun 2019 12:58:56|28|pratiksha@forstarfoods.com|PackingInstruction.php
28 Jun 2019 12:59:04|28|pratiksha@forstarfoods.com|SalesOrder.php
28 Jun 2019 12:59:08|28|pratiksha@forstarfoods.com|PrintSOTaxInvoice.php
28 Jun 2019 12:59:24|28|pratiksha@forstarfoods.com|DistMarginStructure.php
28 Jun 2019 12:59:25|28|pratiksha@forstarfoods.com|DistMarginStructure.php
28 Jun 2019 12:59:26|28|pratiksha@forstarfoods.com|DistMarginStructure.php
28 Jun 2019 12:59:37|28|pratiksha@forstarfoods.com|DistMarginStructure.php
28 Jun 2019 12:59:39|28|pratiksha@forstarfoods.com|DistMarginStructure.php
28 Jun 2019 12:59:47|28|pratiksha@forstarfoods.com|PrintSOTaxInvoice.php
28 Jun 2019 12:59:57|28|pratiksha@forstarfoods.com|DistMarginStructure.php
28 Jun 2019 12:59:58|28|pratiksha@forstarfoods.com|DistMarginStructure.php
28 Jun 2019 13:00:00|28|pratiksha@forstarfoods.com|DistMarginStructure.php
28 Jun 2019 13:00:09|28|pratiksha@forstarfoods.com|DistMarginStructure.php
28 Jun 2019 13:00:12|28|pratiksha@forstarfoods.com|DistMarginStructure.php
28 Jun 2019 13:02:58|30|pritirm@forstarfoods.com|DailyCatchEntry_New.php
28 Jun 2019 13:04:22|28|pratiksha@forstarfoods.com|SalesOrder.php
28 Jun 2019 13:04:30|28|pratiksha@forstarfoods.com|PrintSOTaxInvoice.php
28 Jun 2019 13:04:39|28|pratiksha@forstarfoods.com|DistMarginStructure.php
28 Jun 2019 13:04:41|28|pratiksha@forstarfoods.com|DistMarginStructure.php
28 Jun 2019 13:04:42|28|pratiksha@forstarfoods.com|DistMarginStructure.php
28 Jun 2019 13:04:48|28|pratiksha@forstarfoods.com|DistMarginStructure.php
28 Jun 2019 13:04:55|28|pratiksha@forstarfoods.com|DistMarginStructure.php
28 Jun 2019 13:05:00|28|pratiksha@forstarfoods.com|PrintSOTaxInvoice.php
28 Jun 2019 13:05:05|28|pratiksha@forstarfoods.com|DistMarginStructure.php
28 Jun 2019 13:05:07|28|pratiksha@forstarfoods.com|DistMarginStructure.php
28 Jun 2019 13:05:08|28|pratiksha@forstarfoods.com|DistMarginStructure.php
28 Jun 2019 13:05:25|28|pratiksha@forstarfoods.com|DistMarginStructure.php
28 Jun 2019 13:05:27|28|pratiksha@forstarfoods.com|DistMarginStructure.php
28 Jun 2019 13:05:29|28|pratiksha@forstarfoods.com|PrintSOTaxInvoice.php
28 Jun 2019 13:05:36|28|pratiksha@forstarfoods.com|DistMarginStructure.php
28 Jun 2019 13:05:37|28|pratiksha@forstarfoods.com|DistMarginStructure.php
28 Jun 2019 13:05:38|28|pratiksha@forstarfoods.com|DistMarginStructure.php
28 Jun 2019 13:05:50|28|pratiksha@forstarfoods.com|DistMarginStructure.php
28 Jun 2019 13:05:53|28|pratiksha@forstarfoods.com|DistMarginStructure.php
28 Jun 2019 13:05:55|28|pratiksha@forstarfoods.com|PrintSOTaxInvoice.php
28 Jun 2019 13:05:59|28|pratiksha@forstarfoods.com|DistMarginStructure.php
28 Jun 2019 13:06:01|28|pratiksha@forstarfoods.com|DistMarginStructure.php
28 Jun 2019 13:06:02|28|pratiksha@forstarfoods.com|DistMarginStructure.php
28 Jun 2019 13:06:12|28|pratiksha@forstarfoods.com|DistMarginStructure.php
28 Jun 2019 13:06:14|28|pratiksha@forstarfoods.com|PrintSOTaxInvoice.php
28 Jun 2019 13:06:20|28|pratiksha@forstarfoods.com|DistMarginStructure.php
28 Jun 2019 13:06:24|28|pratiksha@forstarfoods.com|DistMarginStructure.php
28 Jun 2019 13:06:25|28|pratiksha@forstarfoods.com|DistMarginStructure.php
28 Jun 2019 13:06:26|28|pratiksha@forstarfoods.com|DistMarginStructure.php
28 Jun 2019 13:06:33|28|pratiksha@forstarfoods.com|DistMarginStructure.php
28 Jun 2019 13:06:34|28|pratiksha@forstarfoods.com|PrintSOTaxInvoice.php
28 Jun 2019 13:06:38|28|pratiksha@forstarfoods.com|DistMarginStructure.php
28 Jun 2019 13:06:45|28|pratiksha@forstarfoods.com|DistMarginStructure.php
28 Jun 2019 13:06:47|28|pratiksha@forstarfoods.com|DistMarginStructure.php
28 Jun 2019 13:06:48|28|pratiksha@forstarfoods.com|DistMarginStructure.php
28 Jun 2019 13:06:57|28|pratiksha@forstarfoods.com|DistMarginStructure.php
28 Jun 2019 13:06:59|28|pratiksha@forstarfoods.com|PrintSOTaxInvoice.php
28 Jun 2019 13:07:02|28|pratiksha@forstarfoods.com|DistMarginStructure.php
28 Jun 2019 13:07:05|28|pratiksha@forstarfoods.com|DistMarginStructure.php
28 Jun 2019 13:07:07|28|pratiksha@forstarfoods.com|DistMarginStructure.php
28 Jun 2019 13:07:08|28|pratiksha@forstarfoods.com|DistMarginStructure.php
28 Jun 2019 13:07:15|28|pratiksha@forstarfoods.com|DistMarginStructure.php
28 Jun 2019 13:07:16|28|pratiksha@forstarfoods.com|PrintSOTaxInvoice.php
28 Jun 2019 13:07:21|28|pratiksha@forstarfoods.com|DistMarginStructure.php
28 Jun 2019 13:07:59|30|pritirm@forstarfoods.com|DailyCatchEntry_New.php
28 Jun 2019 13:08:24|28|pratiksha@forstarfoods.com|DistMarginStructure.php
28 Jun 2019 13:08:25|28|pratiksha@forstarfoods.com|DistMarginStructure.php
28 Jun 2019 13:08:27|28|pratiksha@forstarfoods.com|DistMarginStructure.php
28 Jun 2019 13:08:39|28|pratiksha@forstarfoods.com|DistMarginStructure.php
28 Jun 2019 13:08:42|28|pratiksha@forstarfoods.com|PrintSOTaxInvoice.php
28 Jun 2019 13:08:45|28|pratiksha@forstarfoods.com|DistMarginStructure.php
28 Jun 2019 13:08:49|28|pratiksha@forstarfoods.com|DistMarginStructure.php
28 Jun 2019 13:08:50|28|pratiksha@forstarfoods.com|DistMarginStructure.php
28 Jun 2019 13:08:52|28|pratiksha@forstarfoods.com|DistMarginStructure.php
28 Jun 2019 13:09:01|28|pratiksha@forstarfoods.com|DistMarginStructure.php
28 Jun 2019 13:09:02|28|pratiksha@forstarfoods.com|PrintSOTaxInvoice.php
28 Jun 2019 13:09:07|28|pratiksha@forstarfoods.com|DistMarginStructure.php
28 Jun 2019 13:09:10|28|pratiksha@forstarfoods.com|DistMarginStructure.php
28 Jun 2019 13:09:12|28|pratiksha@forstarfoods.com|DistMarginStructure.php
28 Jun 2019 13:09:13|28|pratiksha@forstarfoods.com|DistMarginStructure.php
28 Jun 2019 13:09:22|28|pratiksha@forstarfoods.com|DistMarginStructure.php
28 Jun 2019 13:09:24|28|pratiksha@forstarfoods.com|PrintSOTaxInvoice.php
28 Jun 2019 13:09:28|28|pratiksha@forstarfoods.com|PrintSOTaxInvoice.php
28 Jun 2019 13:09:29|28|pratiksha@forstarfoods.com|PrintSOTaxInvoice.php
28 Jun 2019 13:09:30|28|pratiksha@forstarfoods.com|DistMarginStructure.php
28 Jun 2019 13:09:32|28|pratiksha@forstarfoods.com|SalesOrder.php
28 Jun 2019 13:09:34|28|pratiksha@forstarfoods.com|DistMarginStructure.php
28 Jun 2019 13:09:35|28|pratiksha@forstarfoods.com|DistMarginStructure.php