
6 Sep 2019 12:28:54|20|shiji@forstarfoods.com|DailyCatchEntry_New.php
6 Sep 2019 12:28:56|20|shiji@forstarfoods.com|DailyCatchEntry_New.php
6 Sep 2019 12:28:57|20|shiji@forstarfoods.com|DailyCatchEntry_New.php
6 Sep 2019 12:28:58|20|shiji@forstarfoods.com|DailyCatchEntry_New.php
6 Sep 2019 12:29:02|20|shiji@forstarfoods.com|DailyCatchEntry_New.php
6 Sep 2019 12:29:05|20|shiji@forstarfoods.com|DailyCatchEntry_New.php
6 Sep 2019 12:29:06|20|shiji@forstarfoods.com|CatchEntryDeclaredItem.php
6 Sep 2019 12:29:07|20|shiji@forstarfoods.com|DailyCatchEntry_New.php
6 Sep 2019 12:29:09|20|shiji@forstarfoods.com|DailyCatchEntry_New.php
6 Sep 2019 12:29:10|20|shiji@forstarfoods.com|DailyCatchEntry_New.php
6 Sep 2019 12:29:11|20|shiji@forstarfoods.com|DailyCatchEntry_New.php
6 Sep 2019 12:29:16|20|shiji@forstarfoods.com|DailyCatchEntry_New.php
6 Sep 2019 12:29:17|20|shiji@forstarfoods.com|CatchEntryDeclaredItem.php
6 Sep 2019 12:29:19|28|pratiksha@forstarfoods.com|ManageGatePass.php
6 Sep 2019 12:29:25|20|shiji@forstarfoods.com|DailyCatchEntry_New.php
6 Sep 2019 12:29:26|20|shiji@forstarfoods.com|DailyCatchEntry_New.php
6 Sep 2019 12:29:27|20|shiji@forstarfoods.com|DailyCatchEntry_New.php
6 Sep 2019 12:29:29|20|shiji@forstarfoods.com|DailyCatchEntry_New.php
6 Sep 2019 12:29:30|20|shiji@forstarfoods.com|DailyCatchEntry_New.php
6 Sep 2019 12:29:31|20|shiji@forstarfoods.com|DailyCatchEntry_New.php
6 Sep 2019 12:29:35|20|shiji@forstarfoods.com|DailyCatchEntry_New.php
6 Sep 2019 12:29:37|20|shiji@forstarfoods.com|DailyCatchEntry_New.php
6 Sep 2019 12:29:39|20|shiji@forstarfoods.com|DailyCatchEntry_New.php
6 Sep 2019 12:29:41|20|shiji@forstarfoods.com|DailyCatchEntry_New.php
6 Sep 2019 12:29:42|20|shiji@forstarfoods.com|DailyCatchEntry_New.php
6 Sep 2019 12:29:43|20|shiji@forstarfoods.com|DailyCatchEntry_New.php
6 Sep 2019 12:29:45|20|shiji@forstarfoods.com|DailyCatchEntry_New.php
6 Sep 2019 12:29:46|20|shiji@forstarfoods.com|DailyCatchEntry_New.php
6 Sep 2019 12:29:47|20|shiji@forstarfoods.com|DailyCatchEntry_New.php
6 Sep 2019 12:30:06|20|shiji@forstarfoods.com|DailyCatchEntry_New.php
6 Sep 2019 12:30:12|20|shiji@forstarfoods.com|DailyCatchEntry_New.php
6 Sep 2019 12:30:13|20|shiji@forstarfoods.com|CatchEntryDeclaredItem.php
6 Sep 2019 12:30:20|28|pratiksha@forstarfoods.com|ManageGatePass.php
6 Sep 2019 12:30:22|20|shiji@forstarfoods.com|DailyCatchEntry_New.php
6 Sep 2019 12:30:25|20|shiji@forstarfoods.com|DailyCatchEntry_New.php
6 Sep 2019 12:30:27|20|shiji@forstarfoods.com|DailyCatchEntry_New.php
6 Sep 2019 12:30:28|20|shiji@forstarfoods.com|DailyCatchEntry_New.php
6 Sep 2019 12:30:29|20|shiji@forstarfoods.com|DailyCatchEntry_New.php
6 Sep 2019 12:30:31|20|shiji@forstarfoods.com|DailyCatchEntry_New.php
6 Sep 2019 12:30:32|20|shiji@forstarfoods.com|DailyCatchEntry_New.php
6 Sep 2019 12:30:33|20|shiji@forstarfoods.com|DailyCatchEntry_New.php
6 Sep 2019 12:30:34|20|shiji@forstarfoods.com|DailyCatchEntry_New.php
6 Sep 2019 12:30:38|20|shiji@forstarfoods.com|DailyCatchEntry_New.php
6 Sep 2019 12:30:39|20|shiji@forstarfoods.com|CatchEntryDeclaredItem.php
6 Sep 2019 12:30:43|20|shiji@forstarfoods.com|DailyCatchEntry_New.php
6 Sep 2019 12:30:44|20|shiji@forstarfoods.com|DailyCatchEntry_New.php
6 Sep 2019 12:30:46|20|shiji@forstarfoods.com|DailyCatchEntry_New.php
6 Sep 2019 12:30:47|20|shiji@forstarfoods.com|DailyCatchReport.php
6 Sep 2019 12:30:48|29|kavitha@forstarfoods.com|DailyCatchEntry_New.php
6 Sep 2019 12:30:51|20|shiji@forstarfoods.com|DailyCatchEntry_New.php
6 Sep 2019 12:31:02|20|shiji@forstarfoods.com|DailyCatchEntry_New.php
6 Sep 2019 12:31:04|20|shiji@forstarfoods.com|DailyCatchEntry_New.php
6 Sep 2019 12:31:05|20|shiji@forstarfoods.com|DailyCatchEntry_New.php
6 Sep 2019 12:31:06|20|shiji@forstarfoods.com|DailyCatchEntry_New.php
6 Sep 2019 12:31:07|20|shiji@forstarfoods.com|CatchEntryDeclaredItem.php
6 Sep 2019 12:31:09|20|shiji@forstarfoods.com|DailyCatchEntry_New.php
6 Sep 2019 12:31:10|20|shiji@forstarfoods.com|DailyCatchEntry_New.php
6 Sep 2019 12:31:11|20|shiji@forstarfoods.com|DailyCatchEntry_New.php
6 Sep 2019 12:31:12|20|shiji@forstarfoods.com|DailyCatchEntry_New.php
6 Sep 2019 12:31:14|20|shiji@forstarfoods.com|DailyCatchEntry_New.php
6 Sep 2019 12:31:18|20|shiji@forstarfoods.com|DailyCatchEntry_New.php
6 Sep 2019 12:31:19|20|shiji@forstarfoods.com|CatchEntryDeclaredItem.php
6 Sep 2019 12:31:20|28|pratiksha@forstarfoods.com|ManageGatePass.php
6 Sep 2019 12:31:37|20|shiji@forstarfoods.com|DailyCatchEntry_New.php
6 Sep 2019 12:31:38|20|shiji@forstarfoods.com|DailyCatchEntry_New.php
6 Sep 2019 12:31:40|20|shiji@forstarfoods.com|DailyCatchEntry_New.php
6 Sep 2019 12:31:41|20|shiji@forstarfoods.com|DailyCatchEntry_New.php
6 Sep 2019 12:31:42|20|shiji@forstarfoods.com|DailyCatchEntry_New.php
6 Sep 2019 12:31:43|20|shiji@forstarfoods.com|DailyCatchEntry_New.php
6 Sep 2019 12:31:44|20|shiji@forstarfoods.com|DailyCatchEntry_New.php
6 Sep 2019 12:31:46|20|shiji@forstarfoods.com|DailyCatchEntry_New.php
6 Sep 2019 12:31:50|20|shiji@forstarfoods.com|DailyCatchEntry_New.php
6 Sep 2019 12:31:52|20|shiji@forstarfoods.com|DailyCatchEntry_New.php
6 Sep 2019 12:31:54|20|shiji@forstarfoods.com|DailyCatchEntry_New.php
6 Sep 2019 12:32:01|20|shiji@forstarfoods.com|DailyCatchEntry_New.php
6 Sep 2019 12:32:02|20|shiji@forstarfoods.com|DailyCatchEntry_New.php
6 Sep 2019 12:32:04|20|shiji@forstarfoods.com|DailyCatchEntry_New.php
6 Sep 2019 12:32:05|20|shiji@forstarfoods.com|DailyCatchEntry_New.php
6 Sep 2019 12:32:06|20|shiji@forstarfoods.com|DailyCatchEntry_New.php
6 Sep 2019 12:32:07|20|shiji@forstarfoods.com|DailyCatchEntry_New.php
6 Sep 2019 12:32:11|20|shiji@forstarfoods.com|DailyCatchEntry_New.php
6 Sep 2019 12:32:14|20|shiji@forstarfoods.com|DailyCatchEntry_New.php
6 Sep 2019 12:32:15|20|shiji@forstarfoods.com|CatchEntryDeclaredItem.php
6 Sep 2019 12:32:20|28|pratiksha@forstarfoods.com|ManageGatePass.php
6 Sep 2019 12:32:21|20|shiji@forstarfoods.com|DailyCatchEntry_New.php
6 Sep 2019 12:32:23|20|shiji@forstarfoods.com|DailyCatchEntry_New.php
6 Sep 2019 12:32:26|20|shiji@forstarfoods.com|DailyCatchEntry_New.php
6 Sep 2019 12:32:27|20|shiji@forstarfoods.com|DailyCatchEntry_New.php
6 Sep 2019 12:32:28|20|shiji@forstarfoods.com|DailyCatchEntry_New.php
6 Sep 2019 12:32:29|20|shiji@forstarfoods.com|DailyCatchEntry_New.php
6 Sep 2019 12:32:39|20|shiji@forstarfoods.com|DailyCatchEntry_New.php
6 Sep 2019 12:32:40|20|shiji@forstarfoods.com|DailyCatchEntry_New.php
6 Sep 2019 12:32:41|20|shiji@forstarfoods.com|DailyCatchEntry_New.php
6 Sep 2019 12:32:43|20|shiji@forstarfoods.com|DailyCatchEntry_New.php
6 Sep 2019 12:32:45|20|shiji@forstarfoods.com|CatchEntryDeclaredItem.php
6 Sep 2019 12:32:53|20|shiji@forstarfoods.com|DailyCatchEntry_New.php
6 Sep 2019 12:32:55|20|shiji@forstarfoods.com|DailyCatchEntry_New.php
6 Sep 2019 12:32:57|20|shiji@forstarfoods.com|DailyCatchEntry_New.php
6 Sep 2019 12:32:58|20|shiji@forstarfoods.com|DailyCatchEntry_New.php
6 Sep 2019 12:32:59|20|shiji@forstarfoods.com|DailyCatchEntry_New.php
6 Sep 2019 12:33:00|20|shiji@forstarfoods.com|DailyCatchEntry_New.php
6 Sep 2019 12:33:02|20|shiji@forstarfoods.com|DailyCatchEntry_New.php
6 Sep 2019 12:33:03|20|shiji@forstarfoods.com|DailyCatchEntry_New.php
6 Sep 2019 12:33:15|20|shiji@forstarfoods.com|DailyCatchEntry_New.php
6 Sep 2019 12:33:20|20|shiji@forstarfoods.com|DailyCatchEntry_New.php
6 Sep 2019 12:33:21|28|pratiksha@forstarfoods.com|ManageGatePass.php
6 Sep 2019 12:33:21|20|shiji@forstarfoods.com|CatchEntryDeclaredItem.php
6 Sep 2019 12:34:06|20|shiji@forstarfoods.com|DailyCatchReport.php
6 Sep 2019 12:34:15|20|shiji@forstarfoods.com|DailyCatchReport.php
6 Sep 2019 12:34:21|20|shiji@forstarfoods.com|DailyCatchReport.php
6 Sep 2019 12:34:21|28|pratiksha@forstarfoods.com|ManageGatePass.php
6 Sep 2019 12:34:25|20|shiji@forstarfoods.com|DailyCatchReport.php
6 Sep 2019 12:34:27|20|shiji@forstarfoods.com|DailyCatchReport.php
6 Sep 2019 12:34:28|20|shiji@forstarfoods.com|DailyCatchReport.php
6 Sep 2019 12:34:33|20|shiji@forstarfoods.com|DailyCatchEntry_New.php
6 Sep 2019 12:34:40|20|shiji@forstarfoods.com|DailyCatchEntry_New.php
6 Sep 2019 12:34:41|20|shiji@forstarfoods.com|DailyCatchEntry_New.php
6 Sep 2019 12:34:43|20|shiji@forstarfoods.com|DailyCatchEntry_New.php
6 Sep 2019 12:34:45|20|shiji@forstarfoods.com|DailyCatchEntry_New.php
6 Sep 2019 12:34:46|20|shiji@forstarfoods.com|DailyCatchEntry_New.php
6 Sep 2019 12:34:47|20|shiji@forstarfoods.com|DailyCatchEntry_New.php
6 Sep 2019 12:34:55|20|shiji@forstarfoods.com|DailyCatchEntry_New.php
6 Sep 2019 12:34:57|20|shiji@forstarfoods.com|DailyCatchEntry_New.php
6 Sep 2019 12:34:59|20|shiji@forstarfoods.com|DailyCatchEntry_New.php
6 Sep 2019 12:35:00|20|shiji@forstarfoods.com|CatchEntryDeclaredItem.php
6 Sep 2019 12:35:01|20|shiji@forstarfoods.com|DailyCatchEntry_New.php
6 Sep 2019 12:35:02|20|shiji@forstarfoods.com|CatchEntryDeclaredItem.php
6 Sep 2019 12:35:26|20|shiji@forstarfoods.com|DailyCatchEntry_New.php
6 Sep 2019 12:35:28|20|shiji@forstarfoods.com|DailyCatchEntry_New.php
6 Sep 2019 12:35:30|20|shiji@forstarfoods.com|DailyCatchEntry_New.php
6 Sep 2019 12:35:42|20|shiji@forstarfoods.com|DailyCatchEntry_New.php
6 Sep 2019 12:35:45|20|shiji@forstarfoods.com|DailyCatchEntry_New.php
6 Sep 2019 12:35:46|20|shiji@forstarfoods.com|DailyCatchEntry_New.php
6 Sep 2019 12:35:47|20|shiji@forstarfoods.com|CatchEntryDeclaredItem.php
6 Sep 2019 12:35:49|20|shiji@forstarfoods.com|DailyCatchEntry_New.php
6 Sep 2019 12:35:50|20|shiji@forstarfoods.com|CatchEntryDeclaredItem.php
6 Sep 2019 12:35:50|29|kavitha@forstarfoods.com|DailyCatchEntry_New.php
6 Sep 2019 12:35:54|20|shiji@forstarfoods.com|DailyCatchEntry_New.php
6 Sep 2019 12:35:58|20|shiji@forstarfoods.com|DailyCatchEntry_New.php
6 Sep 2019 12:36:00|20|shiji@forstarfoods.com|DailyCatchEntry_New.php
6 Sep 2019 12:36:06|20|shiji@forstarfoods.com|DailyCatchReport.php
6 Sep 2019 12:36:18|20|shiji@forstarfoods.com|DailyCatchReport.php
6 Sep 2019 12:36:21|20|shiji@forstarfoods.com|DailyCatchReport.php
6 Sep 2019 12:36:23|20|shiji@forstarfoods.com|DailyCatchReport.php
6 Sep 2019 12:36:25|20|shiji@forstarfoods.com|DailyCatchReport.php
6 Sep 2019 12:36:26|20|shiji@forstarfoods.com|DailyCatchReport.php
6 Sep 2019 12:36:32|20|shiji@forstarfoods.com|PrintDailyCatchReportMemo.php
6 Sep 2019 12:36:54|20|shiji@forstarfoods.com|PrintDailyCatchReportMemo.php
6 Sep 2019 12:38:15|20|shiji@forstarfoods.com|DailyCatchReport.php
6 Sep 2019 12:38:17|20|shiji@forstarfoods.com|DailyCatchReport.php
6 Sep 2019 12:38:18|20|shiji@forstarfoods.com|DailyCatchReport.php
6 Sep 2019 12:40:12|20|shiji@forstarfoods.com|DailyCatchReport.php
6 Sep 2019 12:40:14|20|shiji@forstarfoods.com|DailyCatchReport.php
6 Sep 2019 12:40:15|20|shiji@forstarfoods.com|DailyCatchReport.php
6 Sep 2019 12:40:17|20|shiji@forstarfoods.com|DailyCatchReport.php
6 Sep 2019 12:40:21|20|shiji@forstarfoods.com|DailyCatchReport.php
6 Sep 2019 12:40:22|20|shiji@forstarfoods.com|DailyCatchReport.php
6 Sep 2019 12:40:24|20|shiji@forstarfoods.com|DailyCatchReport.php
6 Sep 2019 12:40:30|20|shiji@forstarfoods.com|PrintDailyCatchReportMemo.php
6 Sep 2019 12:40:52|29|kavitha@forstarfoods.com|DailyCatchEntry_New.php
6 Sep 2019 12:43:49|20|shiji@forstarfoods.com|DailyCatchSummary.php
6 Sep 2019 12:43:52|20|shiji@forstarfoods.com|DailyCatchSummary.php
6 Sep 2019 12:44:02|20|shiji@forstarfoods.com|DailyCatchSummary.php
6 Sep 2019 12:44:05|20|shiji@forstarfoods.com|DailyCatchSummary.php
6 Sep 2019 12:44:21|20|shiji@forstarfoods.com|DailyCatchSummary.php
6 Sep 2019 12:44:25|20|shiji@forstarfoods.com|DailyCatchSummary.php
6 Sep 2019 12:45:54|29|kavitha@forstarfoods.com|DailyCatchEntry_New.php
6 Sep 2019 12:50:55|29|kavitha@forstarfoods.com|DailyCatchEntry_New.php
6 Sep 2019 12:55:57|29|kavitha@forstarfoods.com|DailyCatchEntry_New.php
6 Sep 2019 13:00:59|29|kavitha@forstarfoods.com|DailyCatchEntry_New.php
6 Sep 2019 13:06:01|29|kavitha@forstarfoods.com|DailyCatchEntry_New.php
6 Sep 2019 13:11:02|29|kavitha@forstarfoods.com|DailyCatchEntry_New.php
6 Sep 2019 13:16:04|29|kavitha@forstarfoods.com|DailyCatchEntry_New.php
6 Sep 2019 13:21:06|29|kavitha@forstarfoods.com|DailyCatchEntry_New.php
6 Sep 2019 13:26:07|29|kavitha@forstarfoods.com|DailyCatchEntry_New.php
6 Sep 2019 13:31:09|29|kavitha@forstarfoods.com|DailyCatchEntry_New.php
6 Sep 2019 13:36:11|29|kavitha@forstarfoods.com|DailyCatchEntry_New.php
6 Sep 2019 13:41:13|29|kavitha@forstarfoods.com|DailyCatchEntry_New.php
6 Sep 2019 13:46:14|29|kavitha@forstarfoods.com|DailyCatchEntry_New.php
6 Sep 2019 13:51:16|29|kavitha@forstarfoods.com|DailyCatchEntry_New.php
6 Sep 2019 13:56:18|29|kavitha@forstarfoods.com|DailyCatchEntry_New.php
6 Sep 2019 14:01:20|29|kavitha@forstarfoods.com|DailyCatchEntry_New.php
6 Sep 2019 14:06:21|29|kavitha@forstarfoods.com|DailyCatchEntry_New.php
6 Sep 2019 14:11:23|29|kavitha@forstarfoods.com|DailyCatchEntry_New.php
6 Sep 2019 14:14:03|20|shiji@forstarfoods.com|DailyCatchEntry_New.php
6 Sep 2019 14:14:07|20|shiji@forstarfoods.com|DailyCatchEntry_New.php
6 Sep 2019 14:14:09|20|shiji@forstarfoods.com|DailyCatchEntry_New.php
6 Sep 2019 14:14:10|20|shiji@forstarfoods.com|DailyCatchEntry_New.php
6 Sep 2019 14:14:11|20|shiji@forstarfoods.com|DailyCatchEntry_New.php
6 Sep 2019 14:14:12|20|shiji@forstarfoods.com|CatchEntryDeclaredItem.php
6 Sep 2019 14:14:14|20|shiji@forstarfoods.com|DailyCatchEntry_New.php
6 Sep 2019 14:16:25|29|kavitha@forstarfoods.com|DailyCatchEntry_New.php
6 Sep 2019 14:16:36|20|shiji@forstarfoods.com|DailyCatchEntry_New.php
6 Sep 2019 14:16:37|20|shiji@forstarfoods.com|DailyCatchEntry_New.php
6 Sep 2019 14:16:38|20|shiji@forstarfoods.com|DailyCatchEntry_New.php
6 Sep 2019 14:16:39|20|shiji@forstarfoods.com|DailyCatchEntry_New.php
6 Sep 2019 14:16:41|20|shiji@forstarfoods.com|DailyCatchEntry_New.php
6 Sep 2019 14:16:44|20|shiji@forstarfoods.com|DailyCatchEntry_New.php
6 Sep 2019 14:16:45|20|shiji@forstarfoods.com|DailyCatchEntry_New.php
6 Sep 2019 14:16:46|20|shiji@forstarfoods.com|DailyCatchEntry_New.php
6 Sep 2019 14:19:09|20|shiji@forstarfoods.com|DailyCatchEntry_New.php
6 Sep 2019 14:20:07|20|shiji@forstarfoods.com|DailyCatchReport.php
6 Sep 2019 14:20:20|20|shiji@forstarfoods.com|DailyCatchReport.php
6 Sep 2019 14:20:25|20|shiji@forstarfoods.com|DailyCatchReport.php
6 Sep 2019 14:20:27|20|shiji@forstarfoods.com|DailyCatchReport.php
6 Sep 2019 14:20:29|20|shiji@forstarfoods.com|DailyCatchReport.php
6 Sep 2019 14:20:30|20|shiji@forstarfoods.com|DailyCatchReport.php
6 Sep 2019 14:20:34|20|shiji@forstarfoods.com|PrintDailyCatchReportMemo.php
6 Sep 2019 14:21:27|29|kavitha@forstarfoods.com|DailyCatchEntry_New.php
6 Sep 2019 14:22:15|20|shiji@forstarfoods.com|DailyCatchReport.php
6 Sep 2019 14:22:17|20|shiji@forstarfoods.com|DailyCatchReport.php
6 Sep 2019 14:22:18|20|shiji@forstarfoods.com|DailyCatchReport.php
6 Sep 2019 14:22:26|20|shiji@forstarfoods.com|DailyCatchReport.php
6 Sep 2019 14:22:28|20|shiji@forstarfoods.com|DailyCatchReport.php
6 Sep 2019 14:22:29|20|shiji@forstarfoods.com|DailyCatchReport.php
6 Sep 2019 14:22:31|20|shiji@forstarfoods.com|DailyCatchReport.php
6 Sep 2019 14:22:33|20|shiji@forstarfoods.com|DailyCatchReport.php
6 Sep 2019 14:22:34|20|shiji@forstarfoods.com|DailyCatchReport.php
6 Sep 2019 14:22:35|20|shiji@forstarfoods.com|DailyCatchReport.php
6 Sep 2019 14:22:39|20|shiji@forstarfoods.com|PrintDailyCatchReportMemo.php
6 Sep 2019 14:22:52|29|kavitha@forstarfoods.com|SupplierAccount.php
6 Sep 2019 14:23:18|29|kavitha@forstarfoods.com|SupplierAccount.php
6 Sep 2019 14:23:27|29|kavitha@forstarfoods.com|SupplierAccount.php
6 Sep 2019 14:23:35|29|kavitha@forstarfoods.com|DailyCatchReport.php
6 Sep 2019 14:23:38|20|shiji@forstarfoods.com|DailyCatchReport.php
6 Sep 2019 14:23:39|20|shiji@forstarfoods.com|DailyCatchReport.php
6 Sep 2019 14:23:41|20|shiji@forstarfoods.com|DailyCatchReport.php
6 Sep 2019 14:23:44|29|kavitha@forstarfoods.com|DailyCatchReport.php
6 Sep 2019 14:23:47|29|kavitha@forstarfoods.com|DailyCatchReport.php
6 Sep 2019 14:23:48|20|shiji@forstarfoods.com|SupplierAccount.php
6 Sep 2019 14:23:53|29|kavitha@forstarfoods.com|DailyCatchReport.php
6 Sep 2019 14:23:54|20|shiji@forstarfoods.com|SupplierAccount.php
6 Sep 2019 14:23:54|29|kavitha@forstarfoods.com|DailyCatchReport.php
6 Sep 2019 14:23:56|29|kavitha@forstarfoods.com|DailyCatchReport.php
6 Sep 2019 14:23:57|20|shiji@forstarfoods.com|SupplierAccount.php
6 Sep 2019 14:24:00|20|shiji@forstarfoods.com|SupplierAccount.php
6 Sep 2019 14:24:39|29|kavitha@forstarfoods.com|DailyCatchReport.php
6 Sep 2019 14:24:41|29|kavitha@forstarfoods.com|DailyCatchReport.php
6 Sep 2019 14:24:42|29|kavitha@forstarfoods.com|DailyCatchReport.php
6 Sep 2019 14:24:57|29|kavitha@forstarfoods.com|DailyCatchReport.php
6 Sep 2019 14:24:59|29|kavitha@forstarfoods.com|DailyCatchReport.php
6 Sep 2019 14:25:01|29|kavitha@forstarfoods.com|DailyCatchReport.php
6 Sep 2019 14:25:02|29|kavitha@forstarfoods.com|DailyCatchReport.php
6 Sep 2019 14:25:06|20|shiji@forstarfoods.com|SupplierAccount.php
6 Sep 2019 14:25:09|29|kavitha@forstarfoods.com|DailyCatchReport.php
6 Sep 2019 14:25:10|29|kavitha@forstarfoods.com|DailyCatchReport.php
6 Sep 2019 14:25:12|29|kavitha@forstarfoods.com|DailyCatchReport.php
6 Sep 2019 14:25:15|29|kavitha@forstarfoods.com|DailyCatchReport.php
6 Sep 2019 14:25:45|29|kavitha@forstarfoods.com|DailyCatchReport.php
6 Sep 2019 14:25:46|29|kavitha@forstarfoods.com|DailyCatchReport.php
6 Sep 2019 14:25:48|29|kavitha@forstarfoods.com|DailyCatchReport.php
6 Sep 2019 14:25:54|29|kavitha@forstarfoods.com|SupplierAccount.php
6 Sep 2019 14:26:06|20|shiji@forstarfoods.com|SupplierAccount.php
6 Sep 2019 14:26:32|20|shiji@forstarfoods.com|SupplierAccount.php
6 Sep 2019 14:26:36|20|shiji@forstarfoods.com|SupplierAccount.php
6 Sep 2019 14:26:40|29|kavitha@forstarfoods.com|SupplierAccount.php
6 Sep 2019 14:27:31|20|shiji@forstarfoods.com|SupplierAccount.php
6 Sep 2019 14:27:33|29|kavitha@forstarfoods.com|Home.php
6 Sep 2019 14:27:40|29|kavitha@forstarfoods.com|SupplierAccount.php
6 Sep 2019 14:28:04|20|shiji@forstarfoods.com|SupplierAccount.php
6 Sep 2019 14:28:04|29|kavitha@forstarfoods.com|SupplierAccount.php
6 Sep 2019 14:28:05|20|shiji@forstarfoods.com|PurchaseReport.php
6 Sep 2019 14:28:07|20|shiji@forstarfoods.com|PurchaseReport.php
6 Sep 2019 14:28:10|29|kavitha@forstarfoods.com|SupplierAccount.php
6 Sep 2019 14:28:15|29|kavitha@forstarfoods.com|SupplierAccount.php
6 Sep 2019 14:28:18|29|kavitha@forstarfoods.com|SupplierAccount.php
6 Sep 2019 14:28:22|29|kavitha@forstarfoods.com|SupplierAccount.php
6 Sep 2019 14:28:27|29|kavitha@forstarfoods.com|SupplierAccount.php
6 Sep 2019 14:28:30|20|shiji@forstarfoods.com|PurchaseReport.php
6 Sep 2019 14:28:37|20|shiji@forstarfoods.com|PurchaseReport.php
6 Sep 2019 14:28:42|20|shiji@forstarfoods.com|PrintPurchaseSettlementMemo.php
6 Sep 2019 14:29:28|29|kavitha@forstarfoods.com|SupplierAccount.php
6 Sep 2019 14:29:37|29|kavitha@forstarfoods.com|SupplierAccount.php
6 Sep 2019 14:29:40|29|kavitha@forstarfoods.com|SupplierAccount.php
6 Sep 2019 14:29:56|20|shiji@forstarfoods.com|PurchaseReport.php
6 Sep 2019 14:30:01|20|shiji@forstarfoods.com|PrintPurchaseSettlementMemo.php
6 Sep 2019 14:30:04|29|kavitha@forstarfoods.com|SupplierAccount.php
6 Sep 2019 14:30:15|29|kavitha@forstarfoods.com|PurchaseReport.php
6 Sep 2019 14:30:36|29|kavitha@forstarfoods.com|PurchaseReport.php
6 Sep 2019 14:30:46|29|kavitha@forstarfoods.com|PrintPurchaseSettlementMemo.php
6 Sep 2019 14:31:00|29|kavitha@forstarfoods.com|PurchaseReport.php
6 Sep 2019 14:31:04|29|kavitha@forstarfoods.com|PrintPurchaseSettlementMemo.php
6 Sep 2019 16:48:18|28|pratiksha@forstarfoods.com|Home.php
6 Sep 2019 16:48:23|28|pratiksha@forstarfoods.com|ManageGatePass.php
6 Sep 2019 16:48:37|28|pratiksha@forstarfoods.com|ManageGatePass.php
6 Sep 2019 16:48:41|28|pratiksha@forstarfoods.com|ManageGatePass.php
6 Sep 2019 16:48:45|28|pratiksha@forstarfoods.com|ManageGatePass.php
6 Sep 2019 16:49:20|28|pratiksha@forstarfoods.com|ManageGatePass.php
6 Sep 2019 16:49:23|28|pratiksha@forstarfoods.com|ManageGatePass.php
6 Sep 2019 16:49:26|28|pratiksha@forstarfoods.com|ManageGatePass.php
6 Sep 2019 16:49:30|28|pratiksha@forstarfoods.com|ManageGatePass.php
6 Sep 2019 16:49:33|28|pratiksha@forstarfoods.com|ManageGatePass.php
6 Sep 2019 16:49:35|28|pratiksha@forstarfoods.com|PrintGatePass.php
6 Sep 2019 16:50:03|28|pratiksha@forstarfoods.com|ManageGatePass.php
6 Sep 2019 16:50:08|28|pratiksha@forstarfoods.com|ManageGatePass.php
6 Sep 2019 16:50:10|28|pratiksha@forstarfoods.com|ManageGatePass.php
6 Sep 2019 16:50:32|28|pratiksha@forstarfoods.com|ManageGatePass.php
6 Sep 2019 16:50:59|28|pratiksha@forstarfoods.com|ManageGatePass.php
6 Sep 2019 16:51:02|28|pratiksha@forstarfoods.com|ManageGatePass.php
6 Sep 2019 16:51:06|28|pratiksha@forstarfoods.com|ManageGatePass.php
6 Sep 2019 16:51:16|28|pratiksha@forstarfoods.com|ManageGatePass.php
6 Sep 2019 16:51:20|28|pratiksha@forstarfoods.com|PrintGatePass.php
6 Sep 2019 17:10:33|10|moni@forstarfoods.com|Home.php
6 Sep 2019 17:10:43|10|moni@forstarfoods.com|Processes.php
6 Sep 2019 17:18:40|10|moni@forstarfoods.com|Processes.php
6 Sep 2019 17:26:31|28|pratiksha@forstarfoods.com|Home.php
6 Sep 2019 17:26:35|28|pratiksha@forstarfoods.com|ManageGatePass.php
6 Sep 2019 17:26:40|28|pratiksha@forstarfoods.com|ManageGatePass.php
6 Sep 2019 17:26:41|28|pratiksha@forstarfoods.com|ManageGatePass.php
6 Sep 2019 17:27:01|28|pratiksha@forstarfoods.com|Home.php
6 Sep 2019 17:27:06|28|pratiksha@forstarfoods.com|ManageGatePass.php
6 Sep 2019 17:27:12|28|pratiksha@forstarfoods.com|ManageGatePass.php
6 Sep 2019 17:27:16|28|pratiksha@forstarfoods.com|ManageGatePass.php
6 Sep 2019 17:28:59|28|pratiksha@forstarfoods.com|ManageGatePass.php
6 Sep 2019 17:29:01|28|pratiksha@forstarfoods.com|ManageGatePass.php
6 Sep 2019 17:29:06|28|pratiksha@forstarfoods.com|ManageGatePass.php
6 Sep 2019 17:29:09|28|pratiksha@forstarfoods.com|ManageGatePass.php
6 Sep 2019 17:29:13|28|pratiksha@forstarfoods.com|ManageGatePass.php
6 Sep 2019 17:29:16|28|pratiksha@forstarfoods.com|ManageGatePass.php
6 Sep 2019 17:29:19|28|pratiksha@forstarfoods.com|ManageGatePass.php
6 Sep 2019 17:29:22|28|pratiksha@forstarfoods.com|PrintGatePass.php
6 Sep 2019 17:30:19|28|pratiksha@forstarfoods.com|ManageGatePass.php
6 Sep 2019 17:31:20|28|pratiksha@forstarfoods.com|ManageGatePass.php
6 Sep 2019 17:32:20|28|pratiksha@forstarfoods.com|ManageGatePass.php
6 Sep 2019 17:33:21|28|pratiksha@forstarfoods.com|ManageGatePass.php
6 Sep 2019 17:34:21|28|pratiksha@forstarfoods.com|ManageGatePass.php
6 Sep 2019 17:35:21|28|pratiksha@forstarfoods.com|ManageGatePass.php
6 Sep 2019 17:36:22|28|pratiksha@forstarfoods.com|ManageGatePass.php
6 Sep 2019 17:37:22|28|pratiksha@forstarfoods.com|ManageGatePass.php
6 Sep 2019 17:38:22|28|pratiksha@forstarfoods.com|ManageGatePass.php
6 Sep 2019 17:39:23|28|pratiksha@forstarfoods.com|ManageGatePass.php
6 Sep 2019 17:40:23|28|pratiksha@forstarfoods.com|ManageGatePass.php
6 Sep 2019 17:41:24|28|pratiksha@forstarfoods.com|ManageGatePass.php
6 Sep 2019 17:42:24|28|pratiksha@forstarfoods.com|ManageGatePass.php
6 Sep 2019 17:42:30|28|pratiksha@forstarfoods.com|ManageGatePass.php
6 Sep 2019 17:42:39|28|pratiksha@forstarfoods.com|ManageGatePass.php
6 Sep 2019 17:42:42|28|pratiksha@forstarfoods.com|ManageGatePass.php
6 Sep 2019 17:42:44|28|pratiksha@forstarfoods.com|ManageGatePass.php
6 Sep 2019 17:45:31|28|pratiksha@forstarfoods.com|ManageGatePass.php
6 Sep 2019 17:45:33|28|pratiksha@forstarfoods.com|ManageGatePass.php
6 Sep 2019 17:45:39|28|pratiksha@forstarfoods.com|ManageGatePass.php
6 Sep 2019 17:45:43|28|pratiksha@forstarfoods.com|ManageGatePass.php
6 Sep 2019 17:45:46|28|pratiksha@forstarfoods.com|ManageGatePass.php
6 Sep 2019 17:45:49|28|pratiksha@forstarfoods.com|PrintGatePass.php
6 Sep 2019 17:46:46|28|pratiksha@forstarfoods.com|ManageGatePass.php
6 Sep 2019 17:47:47|28|pratiksha@forstarfoods.com|ManageGatePass.php
6 Sep 2019 17:48:47|28|pratiksha@forstarfoods.com|ManageGatePass.php
6 Sep 2019 17:49:48|28|pratiksha@forstarfoods.com|ManageGatePass.php
6 Sep 2019 17:50:48|28|pratiksha@forstarfoods.com|ManageGatePass.php
6 Sep 2019 17:51:48|28|pratiksha@forstarfoods.com|ManageGatePass.php
6 Sep 2019 17:52:49|28|pratiksha@forstarfoods.com|ManageGatePass.php
6 Sep 2019 17:53:49|28|pratiksha@forstarfoods.com|ManageGatePass.php
6 Sep 2019 17:54:41|28|pratiksha@forstarfoods.com|Home.php
6 Sep 2019 17:54:50|28|pratiksha@forstarfoods.com|ManageGatePass.php
6 Sep 2019 17:55:50|28|pratiksha@forstarfoods.com|ManageGatePass.php
6 Sep 2019 17:56:50|28|pratiksha@forstarfoods.com|ManageGatePass.php
6 Sep 2019 17:57:51|28|pratiksha@forstarfoods.com|ManageGatePass.php
6 Sep 2019 17:58:51|28|pratiksha@forstarfoods.com|ManageGatePass.php
6 Sep 2019 17:59:51|28|pratiksha@forstarfoods.com|ManageGatePass.php
7 Sep 2019 11:27:33|20|shiji@forstarfoods.com|Home.php
7 Sep 2019 11:27:40|20|shiji@forstarfoods.com|PurchaseStatement.php
7 Sep 2019 11:27:44|20|shiji@forstarfoods.com|SupplierAccount.php
7 Sep 2019 11:28:01|20|shiji@forstarfoods.com|SupplierAccount.php
7 Sep 2019 11:28:06|20|shiji@forstarfoods.com|SupplierAccount.php
7 Sep 2019 11:28:15|20|shiji@forstarfoods.com|SupplierAccount.php
7 Sep 2019 11:28:22|20|shiji@forstarfoods.com|SupplierAccount.php
7 Sep 2019 11:31:26|20|shiji@forstarfoods.com|SupplierAccount.php
7 Sep 2019 11:31:39|20|shiji@forstarfoods.com|SupplierAccount.php
7 Sep 2019 11:31:52|20|shiji@forstarfoods.com|SupplierAccount.php
7 Sep 2019 11:32:12|20|shiji@forstarfoods.com|SupplierAccount.php
7 Sep 2019 11:34:44|20|shiji@forstarfoods.com|SupplierAccount.php
7 Sep 2019 11:37:34|20|shiji@forstarfoods.com|SupplierAccount.php
7 Sep 2019 11:37:41|20|shiji@forstarfoods.com|SupplierAccount.php
7 Sep 2019 11:38:05|20|shiji@forstarfoods.com|SupplierAccount.php
7 Sep 2019 11:38:11|20|shiji@forstarfoods.com|SupplierAccount.php
7 Sep 2019 11:38:58|20|shiji@forstarfoods.com|SupplierAccount.php
7 Sep 2019 11:39:08|20|shiji@forstarfoods.com|SupplierAccount.php
7 Sep 2019 11:39:51|20|shiji@forstarfoods.com|SupplierAccount.php
7 Sep 2019 11:40:00|20|shiji@forstarfoods.com|SupplierAccount.php
7 Sep 2019 11:40:25|20|shiji@forstarfoods.com|SupplierAccount.php
7 Sep 2019 11:40:34|20|shiji@forstarfoods.com|SupplierAccount.php
7 Sep 2019 11:41:27|20|shiji@forstarfoods.com|SupplierAccount.php
7 Sep 2019 11:41:34|20|shiji@forstarfoods.com|SupplierAccount.php
7 Sep 2019 11:42:17|20|shiji@forstarfoods.com|SupplierAccount.php
7 Sep 2019 11:42:24|20|shiji@forstarfoods.com|SupplierAccount.php
7 Sep 2019 11:42:44|20|shiji@forstarfoods.com|SupplierAccount.php
7 Sep 2019 11:42:50|20|shiji@forstarfoods.com|SupplierAccount.php
7 Sep 2019 11:43:21|20|shiji@forstarfoods.com|SupplierAccount.php
7 Sep 2019 11:43:31|20|shiji@forstarfoods.com|SupplierAccount.php
7 Sep 2019 11:44:38|20|shiji@forstarfoods.com|SupplierAccount.php
7 Sep 2019 11:45:09|20|shiji@forstarfoods.com|SupplierAccount.php
7 Sep 2019 11:45:57|20|shiji@forstarfoods.com|SupplierAccount.php
7 Sep 2019 11:46:01|20|shiji@forstarfoods.com|SupplierAccount.php
7 Sep 2019 11:47:41|20|shiji@forstarfoods.com|SupplierAccount.php
7 Sep 2019 11:47:45|20|shiji@forstarfoods.com|SupplierAccount.php
7 Sep 2019 11:48:09|20|shiji@forstarfoods.com|SupplierAccount.php
7 Sep 2019 11:48:18|20|shiji@forstarfoods.com|SupplierAccount.php
7 Sep 2019 11:48:47|20|shiji@forstarfoods.com|SupplierAccount.php
7 Sep 2019 11:48:51|20|shiji@forstarfoods.com|SupplierAccount.php
7 Sep 2019 11:48:56|20|shiji@forstarfoods.com|SupplierAccount.php
7 Sep 2019 11:49:38|20|shiji@forstarfoods.com|SupplierAccount.php
7 Sep 2019 11:49:42|20|shiji@forstarfoods.com|SupplierAccount.php
7 Sep 2019 11:50:04|20|shiji@forstarfoods.com|SupplierAccount.php
7 Sep 2019 11:50:09|20|shiji@forstarfoods.com|SupplierAccount.php
7 Sep 2019 11:51:07|20|shiji@forstarfoods.com|SupplierAccount.php
7 Sep 2019 11:51:14|20|shiji@forstarfoods.com|SupplierAccount.php
7 Sep 2019 11:52:13|20|shiji@forstarfoods.com|SupplierAccount.php
7 Sep 2019 11:52:35|20|shiji@forstarfoods.com|SupplierAccount.php
7 Sep 2019 11:53:23|20|shiji@forstarfoods.com|SupplierAccount.php
7 Sep 2019 11:53:28|20|shiji@forstarfoods.com|SupplierAccount.php
7 Sep 2019 11:55:56|20|shiji@forstarfoods.com|SupplierAccount.php
7 Sep 2019 11:56:02|20|shiji@forstarfoods.com|SupplierAccount.php
7 Sep 2019 11:56:19|20|shiji@forstarfoods.com|SupplierAccount.php
7 Sep 2019 11:56:27|20|shiji@forstarfoods.com|SupplierAccount.php
7 Sep 2019 11:56:58|20|shiji@forstarfoods.com|SupplierAccount.php
7 Sep 2019 11:57:03|20|shiji@forstarfoods.com|SupplierAccount.php
7 Sep 2019 11:57:36|20|shiji@forstarfoods.com|SupplierAccount.php
7 Sep 2019 11:58:01|20|shiji@forstarfoods.com|SupplierAccount.php
7 Sep 2019 11:58:42|20|shiji@forstarfoods.com|SupplierAccount.php
7 Sep 2019 11:58:48|20|shiji@forstarfoods.com|SupplierAccount.php
7 Sep 2019 12:00:33|20|shiji@forstarfoods.com|SupplierAccount.php
7 Sep 2019 12:00:42|20|shiji@forstarfoods.com|SupplierAccount.php
7 Sep 2019 12:01:36|20|shiji@forstarfoods.com|SupplierAccount.php
7 Sep 2019 12:01:40|20|shiji@forstarfoods.com|SupplierAccount.php
7 Sep 2019 12:03:02|20|shiji@forstarfoods.com|SupplierAccount.php
7 Sep 2019 12:03:11|20|shiji@forstarfoods.com|SettlementSummary.php
7 Sep 2019 12:03:48|20|shiji@forstarfoods.com|SettlementSummary.php
7 Sep 2019 12:03:51|20|shiji@forstarfoods.com|SupplierPayments.php
7 Sep 2019 12:03:52|20|shiji@forstarfoods.com|SupplierPayments.php
7 Sep 2019 12:03:54|20|shiji@forstarfoods.com|SupplierPayments.php
7 Sep 2019 12:03:55|20|shiji@forstarfoods.com|SupplierAccount.php
7 Sep 2019 12:04:44|20|shiji@forstarfoods.com|SupplierAccount.php
7 Sep 2019 12:04:51|20|shiji@forstarfoods.com|SupplierAccount.php
7 Sep 2019 12:04:58|20|shiji@forstarfoods.com|SupplierAccount.php
7 Sep 2019 12:05:13|20|shiji@forstarfoods.com|SupplierAccount.php
7 Sep 2019 12:06:28|20|shiji@forstarfoods.com|SupplierAccount.php
7 Sep 2019 12:06:34|20|shiji@forstarfoods.com|SupplierAccount.php
7 Sep 2019 12:07:40|20|shiji@forstarfoods.com|SupplierAccount.php
7 Sep 2019 12:09:08|20|shiji@forstarfoods.com|SupplierAccount.php
7 Sep 2019 12:09:12|20|shiji@forstarfoods.com|SupplierAccount.php
7 Sep 2019 12:09:18|20|shiji@forstarfoods.com|SupplierAccount.php
7 Sep 2019 12:10:28|20|shiji@forstarfoods.com|SupplierAccount.php
7 Sep 2019 12:10:33|20|shiji@forstarfoods.com|SupplierAccount.php
7 Sep 2019 12:11:21|20|shiji@forstarfoods.com|SupplierAccount.php
7 Sep 2019 12:11:51|20|shiji@forstarfoods.com|SupplierAccount.php
7 Sep 2019 12:12:40|20|shiji@forstarfoods.com|SupplierAccount.php
7 Sep 2019 12:12:45|20|shiji@forstarfoods.com|SupplierAccount.php
7 Sep 2019 12:13:01|20|shiji@forstarfoods.com|SupplierAccount.php
7 Sep 2019 12:13:06|20|shiji@forstarfoods.com|SupplierAccount.php
7 Sep 2019 12:13:24|20|shiji@forstarfoods.com|SupplierAccount.php
7 Sep 2019 12:13:28|20|shiji@forstarfoods.com|SupplierAccount.php
7 Sep 2019 12:13:47|20|shiji@forstarfoods.com|SupplierAccount.php
7 Sep 2019 12:13:56|20|shiji@forstarfoods.com|SupplierAccount.php
7 Sep 2019 12:14:15|20|shiji@forstarfoods.com|SupplierAccount.php
7 Sep 2019 12:14:21|20|shiji@forstarfoods.com|SupplierAccount.php
7 Sep 2019 12:14:24|20|shiji@forstarfoods.com|SupplierAccount.php
7 Sep 2019 12:15:16|20|shiji@forstarfoods.com|SupplierAccount.php
7 Sep 2019 12:15:25|20|shiji@forstarfoods.com|SupplierAccount.php
7 Sep 2019 12:21:45|20|shiji@forstarfoods.com|SupplierAccount.php
7 Sep 2019 12:22:39|20|shiji@forstarfoods.com|SupplierAccount.php
7 Sep 2019 12:22:46|20|shiji@forstarfoods.com|SupplierAccount.php
7 Sep 2019 12:24:45|20|shiji@forstarfoods.com|SupplierAccount.php
7 Sep 2019 12:26:32|20|shiji@forstarfoods.com|SupplierAccount.php
7 Sep 2019 12:27:53|20|shiji@forstarfoods.com|SupplierAccount.php
7 Sep 2019 12:27:57|20|shiji@forstarfoods.com|SupplierAccount.php
7 Sep 2019 12:29:31|20|shiji@forstarfoods.com|SupplierAccount.php
7 Sep 2019 12:29:35|20|shiji@forstarfoods.com|SupplierAccount.php
7 Sep 2019 12:29:52|20|shiji@forstarfoods.com|SupplierAccount.php
7 Sep 2019 12:30:12|20|shiji@forstarfoods.com|SupplierAccount.php
7 Sep 2019 12:32:10|20|shiji@forstarfoods.com|SupplierAccount.php
7 Sep 2019 12:32:40|20|shiji@forstarfoods.com|SupplierAccount.php
7 Sep 2019 12:35:11|20|shiji@forstarfoods.com|SupplierAccount.php
7 Sep 2019 12:35:54|20|shiji@forstarfoods.com|SupplierAccount.php
7 Sep 2019 12:35:59|20|shiji@forstarfoods.com|SupplierAccount.php
7 Sep 2019 12:36:43|20|shiji@forstarfoods.com|SupplierAccount.php
7 Sep 2019 12:36:48|20|shiji@forstarfoods.com|SupplierAccount.php
7 Sep 2019 12:37:58|20|shiji@forstarfoods.com|SupplierAccount.php
7 Sep 2019 12:38:02|20|shiji@forstarfoods.com|SupplierAccount.php
7 Sep 2019 12:38:23|20|shiji@forstarfoods.com|SupplierAccount.php
7 Sep 2019 12:38:27|20|shiji@forstarfoods.com|SupplierAccount.php
7 Sep 2019 12:38:44|20|shiji@forstarfoods.com|SupplierAccount.php
7 Sep 2019 12:38:49|20|shiji@forstarfoods.com|SupplierAccount.php
7 Sep 2019 12:39:31|20|shiji@forstarfoods.com|SupplierAccount.php
7 Sep 2019 12:39:51|20|shiji@forstarfoods.com|DailyCatchReport.php
7 Sep 2019 12:40:06|20|shiji@forstarfoods.com|DailyCatchReport.php
7 Sep 2019 12:40:09|20|shiji@forstarfoods.com|DailyCatchReport.php
7 Sep 2019 12:40:11|20|shiji@forstarfoods.com|DailyCatchReport.php
7 Sep 2019 12:40:12|20|shiji@forstarfoods.com|DailyCatchReport.php
7 Sep 2019 12:40:13|20|shiji@forstarfoods.com|DailyCatchReport.php
7 Sep 2019 12:40:31|20|shiji@forstarfoods.com|SupplierAccount.php
7 Sep 2019 12:40:42|20|shiji@forstarfoods.com|SupplierAccount.php
7 Sep 2019 12:40:46|20|shiji@forstarfoods.com|SupplierAccount.php
7 Sep 2019 12:40:53|20|shiji@forstarfoods.com|SupplierAccount.php
7 Sep 2019 12:40:57|20|shiji@forstarfoods.com|SupplierAccount.php
7 Sep 2019 12:43:47|20|shiji@forstarfoods.com|SupplierAccount.php
7 Sep 2019 12:44:42|20|shiji@forstarfoods.com|SupplierAccount.php
7 Sep 2019 12:44:50|20|shiji@forstarfoods.com|SupplierAccount.php
7 Sep 2019 12:44:59|20|shiji@forstarfoods.com|SupplierAccount.php
7 Sep 2019 12:45:03|20|shiji@forstarfoods.com|SupplierAccount.php
7 Sep 2019 12:47:15|20|shiji@forstarfoods.com|SupplierAccount.php
7 Sep 2019 12:47:21|20|shiji@forstarfoods.com|SupplierAccount.php
7 Sep 2019 12:48:55|20|shiji@forstarfoods.com|SupplierAccount.php
7 Sep 2019 12:49:34|20|shiji@forstarfoods.com|SupplierAccount.php
7 Sep 2019 12:50:32|20|shiji@forstarfoods.com|SupplierAccount.php
7 Sep 2019 12:50:45|20|shiji@forstarfoods.com|SupplierAccount.php
7 Sep 2019 12:52:28|20|shiji@forstarfoods.com|SupplierAccount.php
7 Sep 2019 12:52:37|20|shiji@forstarfoods.com|SupplierAccount.php
7 Sep 2019 12:54:12|20|shiji@forstarfoods.com|SupplierAccount.php
7 Sep 2019 12:54:31|20|shiji@forstarfoods.com|SupplierAccount.php
7 Sep 2019 12:55:33|20|shiji@forstarfoods.com|SupplierAccount.php
7 Sep 2019 12:55:37|20|shiji@forstarfoods.com|SupplierAccount.php
7 Sep 2019 12:56:33|20|shiji@forstarfoods.com|SupplierAccount.php
7 Sep 2019 12:56:38|20|shiji@forstarfoods.com|SupplierAccount.php
7 Sep 2019 12:58:04|20|shiji@forstarfoods.com|SupplierAccount.php
7 Sep 2019 12:58:08|20|shiji@forstarfoods.com|SupplierAccount.php
7 Sep 2019 12:59:07|20|shiji@forstarfoods.com|SupplierAccount.php
7 Sep 2019 12:59:12|20|shiji@forstarfoods.com|SupplierAccount.php
7 Sep 2019 13:00:09|20|shiji@forstarfoods.com|SupplierAccount.php
7 Sep 2019 13:00:13|20|shiji@forstarfoods.com|SupplierAccount.php
7 Sep 2019 13:01:02|20|shiji@forstarfoods.com|SupplierAccount.php
7 Sep 2019 13:01:16|20|shiji@forstarfoods.com|SupplierAccount.php
7 Sep 2019 13:08:49|20|shiji@forstarfoods.com|SupplierAccount.php
7 Sep 2019 13:08:57|20|shiji@forstarfoods.com|SupplierAccount.php
7 Sep 2019 13:09:51|20|shiji@forstarfoods.com|SupplierAccount.php
7 Sep 2019 13:10:04|20|shiji@forstarfoods.com|SupplierAccount.php
7 Sep 2019 13:12:22|20|shiji@forstarfoods.com|SupplierAccount.php
7 Sep 2019 13:12:58|20|shiji@forstarfoods.com|SupplierAccount.php
7 Sep 2019 13:14:16|20|shiji@forstarfoods.com|SupplierAccount.php
7 Sep 2019 13:14:21|20|shiji@forstarfoods.com|SupplierAccount.php
7 Sep 2019 13:16:06|20|shiji@forstarfoods.com|SupplierAccount.php
7 Sep 2019 13:16:14|20|shiji@forstarfoods.com|SupplierAccount.php
7 Sep 2019 13:16:20|20|shiji@forstarfoods.com|SupplierAccount.php
7 Sep 2019 13:19:22|20|shiji@forstarfoods.com|SupplierAccount.php
7 Sep 2019 13:21:03|20|shiji@forstarfoods.com|SupplierAccount.php
7 Sep 2019 13:30:53|20|shiji@forstarfoods.com|SupplierAccount.php
7 Sep 2019 13:31:00|20|shiji@forstarfoods.com|SupplierAccount.php
7 Sep 2019 13:31:57|20|shiji@forstarfoods.com|SupplierAccount.php
7 Sep 2019 13:32:20|20|shiji@forstarfoods.com|SupplierAccount.php
7 Sep 2019 13:33:46|20|shiji@forstarfoods.com|SupplierAccount.php
7 Sep 2019 13:33:52|20|shiji@forstarfoods.com|SupplierAccount.php
7 Sep 2019 13:36:15|20|shiji@forstarfoods.com|SupplierAccount.php
7 Sep 2019 13:36:29|20|shiji@forstarfoods.com|SupplierAccount.php
7 Sep 2019 13:37:44|20|shiji@forstarfoods.com|SupplierAccount.php
7 Sep 2019 13:37:48|20|shiji@forstarfoods.com|SupplierAccount.php
7 Sep 2019 13:38:40|20|shiji@forstarfoods.com|SupplierAccount.php
7 Sep 2019 13:38:46|20|shiji@forstarfoods.com|SupplierAccount.php
7 Sep 2019 13:39:52|20|shiji@forstarfoods.com|SupplierAccount.php
7 Sep 2019 13:39:58|20|shiji@forstarfoods.com|SupplierAccount.php
7 Sep 2019 13:40:58|20|shiji@forstarfoods.com|SupplierAccount.php
7 Sep 2019 13:42:09|20|shiji@forstarfoods.com|SupplierAccount.php
7 Sep 2019 13:43:25|20|shiji@forstarfoods.com|SupplierAccount.php
7 Sep 2019 13:43:38|20|shiji@forstarfoods.com|SupplierAccount.php
7 Sep 2019 13:44:47|20|shiji@forstarfoods.com|SupplierAccount.php
7 Sep 2019 13:44:55|20|shiji@forstarfoods.com|SupplierAccount.php
7 Sep 2019 13:46:41|20|shiji@forstarfoods.com|SupplierAccount.php
7 Sep 2019 13:46:46|20|shiji@forstarfoods.com|SupplierAccount.php
7 Sep 2019 13:47:44|20|shiji@forstarfoods.com|SupplierAccount.php
7 Sep 2019 13:47:49|20|shiji@forstarfoods.com|SupplierAccount.php
7 Sep 2019 13:51:17|20|shiji@forstarfoods.com|SupplierAccount.php
7 Sep 2019 13:51:29|20|shiji@forstarfoods.com|SupplierAccount.php
7 Sep 2019 13:52:19|20|shiji@forstarfoods.com|SupplierAccount.php
7 Sep 2019 13:52:30|20|shiji@forstarfoods.com|SupplierAccount.php
7 Sep 2019 13:53:48|20|shiji@forstarfoods.com|SupplierAccount.php
7 Sep 2019 13:53:57|20|shiji@forstarfoods.com|SupplierAccount.php
7 Sep 2019 13:55:22|20|shiji@forstarfoods.com|SupplierAccount.php
7 Sep 2019 13:55:31|20|shiji@forstarfoods.com|SupplierAccount.php
7 Sep 2019 13:56:37|20|shiji@forstarfoods.com|SupplierAccount.php
7 Sep 2019 13:56:47|20|shiji@forstarfoods.com|SupplierAccount.php
7 Sep 2019 13:57:03|20|shiji@forstarfoods.com|SupplierAccount.php
7 Sep 2019 13:57:06|20|shiji@forstarfoods.com|SupplierAccount.php
7 Sep 2019 13:58:11|20|shiji@forstarfoods.com|SupplierAccount.php
7 Sep 2019 13:58:15|20|shiji@forstarfoods.com|SupplierAccount.php
7 Sep 2019 13:59:02|20|shiji@forstarfoods.com|SupplierAccount.php
7 Sep 2019 13:59:07|20|shiji@forstarfoods.com|SupplierAccount.php
7 Sep 2019 14:00:09|20|shiji@forstarfoods.com|SupplierAccount.php
7 Sep 2019 14:00:14|20|shiji@forstarfoods.com|SettlementSummary.php
7 Sep 2019 14:00:21|20|shiji@forstarfoods.com|SettlementSummary.php
7 Sep 2019 14:00:24|20|shiji@forstarfoods.com|SupplierPayments.php
7 Sep 2019 14:00:25|20|shiji@forstarfoods.com|SupplierPayments.php
7 Sep 2019 14:00:26|20|shiji@forstarfoods.com|SupplierPayments.php
7 Sep 2019 14:14:00|28|pratiksha@forstarfoods.com|Home.php
7 Sep 2019 14:14:05|28|pratiksha@forstarfoods.com|ManageGatePass.php
7 Sep 2019 14:14:14|28|pratiksha@forstarfoods.com|ManageGatePass.php
7 Sep 2019 14:14:18|28|pratiksha@forstarfoods.com|ManageGatePass.php
7 Sep 2019 14:14:19|28|pratiksha@forstarfoods.com|ManageGatePass.php
7 Sep 2019 14:14:40|28|pratiksha@forstarfoods.com|ManageGatePass.php
7 Sep 2019 14:14:42|28|pratiksha@forstarfoods.com|ManageGatePass.php
7 Sep 2019 14:14:45|28|pratiksha@forstarfoods.com|ManageGatePass.php
7 Sep 2019 14:14:48|28|pratiksha@forstarfoods.com|ManageGatePass.php
7 Sep 2019 14:14:51|28|pratiksha@forstarfoods.com|ManageGatePass.php
7 Sep 2019 14:14:54|28|pratiksha@forstarfoods.com|PrintGatePass.php
7 Sep 2019 14:15:52|28|pratiksha@forstarfoods.com|ManageGatePass.php
7 Sep 2019 14:16:53|28|pratiksha@forstarfoods.com|ManageGatePass.php
7 Sep 2019 14:17:18|20|shiji@forstarfoods.com|DailyCatchSummary.php
7 Sep 2019 14:17:22|20|shiji@forstarfoods.com|DailyCatchSummary.php
7 Sep 2019 14:17:31|20|shiji@forstarfoods.com|DailyCatchSummary.php
7 Sep 2019 14:17:34|20|shiji@forstarfoods.com|DailyCatchSummary.php
7 Sep 2019 14:17:41|20|shiji@forstarfoods.com|DailyCatchSummary.php
7 Sep 2019 14:17:55|28|pratiksha@forstarfoods.com|ManageGatePass.php
7 Sep 2019 14:18:56|28|pratiksha@forstarfoods.com|ManageGatePass.php
7 Sep 2019 14:19:57|28|pratiksha@forstarfoods.com|ManageGatePass.php
7 Sep 2019 14:20:59|28|pratiksha@forstarfoods.com|ManageGatePass.php
7 Sep 2019 14:22:02|28|pratiksha@forstarfoods.com|ManageGatePass.php
7 Sep 2019 14:23:03|28|pratiksha@forstarfoods.com|ManageGatePass.php
7 Sep 2019 14:24:04|28|pratiksha@forstarfoods.com|ManageGatePass.php
7 Sep 2019 14:25:06|28|pratiksha@forstarfoods.com|ManageGatePass.php
7 Sep 2019 14:26:07|28|pratiksha@forstarfoods.com|ManageGatePass.php
7 Sep 2019 14:27:11|28|pratiksha@forstarfoods.com|ManageGatePass.php
7 Sep 2019 14:28:16|28|pratiksha@forstarfoods.com|ManageGatePass.php
7 Sep 2019 14:29:19|28|pratiksha@forstarfoods.com|ManageGatePass.php
7 Sep 2019 14:30:23|28|pratiksha@forstarfoods.com|ManageGatePass.php
7 Sep 2019 14:31:24|28|pratiksha@forstarfoods.com|ManageGatePass.php
7 Sep 2019 14:32:26|28|pratiksha@forstarfoods.com|ManageGatePass.php
7 Sep 2019 14:33:27|28|pratiksha@forstarfoods.com|ManageGatePass.php
7 Sep 2019 14:34:30|28|pratiksha@forstarfoods.com|ManageGatePass.php
7 Sep 2019 14:35:34|28|pratiksha@forstarfoods.com|ManageGatePass.php
7 Sep 2019 14:36:35|28|pratiksha@forstarfoods.com|ManageGatePass.php
7 Sep 2019 14:37:38|28|pratiksha@forstarfoods.com|ManageGatePass.php
7 Sep 2019 14:38:41|28|pratiksha@forstarfoods.com|ManageGatePass.php
7 Sep 2019 15:44:34|20|shiji@forstarfoods.com|DailyCatchSummary.php
7 Sep 2019 15:44:39|20|shiji@forstarfoods.com|DailyCatchSummary.php
7 Sep 2019 16:16:00|28|pratiksha@forstarfoods.com|Home.php
7 Sep 2019 16:16:04|28|pratiksha@forstarfoods.com|ManageGatePass.php
7 Sep 2019 16:16:07|28|pratiksha@forstarfoods.com|ManageGatePass.php
7 Sep 2019 16:16:11|28|pratiksha@forstarfoods.com|ManageGatePass.php
7 Sep 2019 16:16:13|28|pratiksha@forstarfoods.com|ManageGatePass.php
7 Sep 2019 16:17:07|28|pratiksha@forstarfoods.com|ManageGatePass.php
7 Sep 2019 16:17:10|28|pratiksha@forstarfoods.com|ManageGatePass.php
7 Sep 2019 16:17:12|28|pratiksha@forstarfoods.com|ManageGatePass.php
7 Sep 2019 16:17:17|28|pratiksha@forstarfoods.com|ManageGatePass.php
7 Sep 2019 16:17:20|28|pratiksha@forstarfoods.com|ManageGatePass.php
7 Sep 2019 16:17:23|28|pratiksha@forstarfoods.com|PrintGatePass.php
7 Sep 2019 16:18:22|28|pratiksha@forstarfoods.com|ManageGatePass.php
7 Sep 2019 16:19:23|28|pratiksha@forstarfoods.com|ManageGatePass.php
7 Sep 2019 16:20:24|28|pratiksha@forstarfoods.com|ManageGatePass.php
7 Sep 2019 16:21:26|28|pratiksha@forstarfoods.com|ManageGatePass.php
7 Sep 2019 16:22:27|28|pratiksha@forstarfoods.com|ManageGatePass.php
7 Sep 2019 16:23:28|28|pratiksha@forstarfoods.com|ManageGatePass.php
7 Sep 2019 16:24:30|28|pratiksha@forstarfoods.com|ManageGatePass.php
7 Sep 2019 16:25:31|28|pratiksha@forstarfoods.com|ManageGatePass.php
7 Sep 2019 16:26:33|28|pratiksha@forstarfoods.com|ManageGatePass.php
7 Sep 2019 16:27:34|28|pratiksha@forstarfoods.com|ManageGatePass.php
7 Sep 2019 16:28:36|28|pratiksha@forstarfoods.com|ManageGatePass.php
7 Sep 2019 16:29:38|28|pratiksha@forstarfoods.com|ManageGatePass.php
7 Sep 2019 16:30:42|28|pratiksha@forstarfoods.com|ManageGatePass.php
7 Sep 2019 16:31:44|28|pratiksha@forstarfoods.com|ManageGatePass.php
7 Sep 2019 16:32:46|28|pratiksha@forstarfoods.com|ManageGatePass.php
7 Sep 2019 16:33:48|28|pratiksha@forstarfoods.com|ManageGatePass.php
7 Sep 2019 16:34:51|28|pratiksha@forstarfoods.com|ManageGatePass.php
7 Sep 2019 16:35:54|28|pratiksha@forstarfoods.com|ManageGatePass.php
7 Sep 2019 16:36:56|28|pratiksha@forstarfoods.com|ManageGatePass.php
7 Sep 2019 16:37:59|28|pratiksha@forstarfoods.com|ManageGatePass.php
7 Sep 2019 16:39:01|28|pratiksha@forstarfoods.com|ManageGatePass.php
7 Sep 2019 16:40:03|28|pratiksha@forstarfoods.com|ManageGatePass.php
7 Sep 2019 16:41:04|28|pratiksha@forstarfoods.com|ManageGatePass.php
7 Sep 2019 16:42:06|28|pratiksha@forstarfoods.com|ManageGatePass.php
7 Sep 2019 16:43:07|28|pratiksha@forstarfoods.com|ManageGatePass.php
7 Sep 2019 16:44:08|28|pratiksha@forstarfoods.com|ManageGatePass.php
7 Sep 2019 16:45:10|28|pratiksha@forstarfoods.com|ManageGatePass.php
7 Sep 2019 16:46:11|28|pratiksha@forstarfoods.com|ManageGatePass.php
7 Sep 2019 16:47:12|28|pratiksha@forstarfoods.com|ManageGatePass.php
7 Sep 2019 16:48:14|28|pratiksha@forstarfoods.com|ManageGatePass.php
7 Sep 2019 16:49:15|28|pratiksha@forstarfoods.com|ManageGatePass.php
7 Sep 2019 16:50:17|28|pratiksha@forstarfoods.com|ManageGatePass.php
7 Sep 2019 16:51:18|28|pratiksha@forstarfoods.com|ManageGatePass.php
7 Sep 2019 16:52:19|28|pratiksha@forstarfoods.com|ManageGatePass.php
7 Sep 2019 16:52:36|20|shiji@forstarfoods.com|DailyCatchEntry_New.php
7 Sep 2019 16:52:39|20|shiji@forstarfoods.com|DailyCatchEntry_New.php
7 Sep 2019 16:52:40|20|shiji@forstarfoods.com|DailyCatchEntry_New.php
7 Sep 2019 16:52:42|20|shiji@forstarfoods.com|DailyCatchEntry_New.php
7 Sep 2019 16:52:43|20|shiji@forstarfoods.com|DailyCatchEntry_New.php
7 Sep 2019 16:52:44|20|shiji@forstarfoods.com|CatchEntryDeclaredItem.php
7 Sep 2019 16:52:45|20|shiji@forstarfoods.com|DailyCatchEntry_New.php
7 Sep 2019 16:53:21|28|pratiksha@forstarfoods.com|ManageGatePass.php
7 Sep 2019 16:53:27|20|shiji@forstarfoods.com|DailyCatchEntry_New.php
7 Sep 2019 16:53:28|20|shiji@forstarfoods.com|DailyCatchEntry_New.php
7 Sep 2019 16:53:30|20|shiji@forstarfoods.com|DailyCatchEntry_New.php
7 Sep 2019 16:53:36|20|shiji@forstarfoods.com|DailyCatchEntry_New.php
7 Sep 2019 16:53:46|20|shiji@forstarfoods.com|DailyCatchEntry_New.php
7 Sep 2019 16:53:47|20|shiji@forstarfoods.com|CatchEntryDeclaredItem.php
7 Sep 2019 16:53:58|20|shiji@forstarfoods.com|DailyCatchEntry_New.php
7 Sep 2019 16:53:59|20|shiji@forstarfoods.com|DailyCatchEntry_New.php
7 Sep 2019 16:54:00|20|shiji@forstarfoods.com|DailyCatchEntry_New.php
7 Sep 2019 16:54:01|20|shiji@forstarfoods.com|DailyCatchEntry_New.php
7 Sep 2019 16:54:03|20|shiji@forstarfoods.com|DailyCatchEntry_New.php
7 Sep 2019 16:54:04|20|shiji@forstarfoods.com|DailyCatchEntry_New.php
7 Sep 2019 16:54:05|20|shiji@forstarfoods.com|DailyCatchEntry_New.php
7 Sep 2019 16:54:13|20|shiji@forstarfoods.com|DailyCatchEntry_New.php
7 Sep 2019 16:54:16|20|shiji@forstarfoods.com|DailyCatchEntry_New.php
7 Sep 2019 16:54:18|20|shiji@forstarfoods.com|DailyCatchEntry_New.php
7 Sep 2019 16:54:22|28|pratiksha@forstarfoods.com|ManageGatePass.php
7 Sep 2019 16:54:25|20|shiji@forstarfoods.com|DailyCatchEntry_New.php
7 Sep 2019 16:54:26|20|shiji@forstarfoods.com|DailyCatchEntry_New.php
7 Sep 2019 16:54:28|20|shiji@forstarfoods.com|DailyCatchEntry_New.php
7 Sep 2019 16:54:29|20|shiji@forstarfoods.com|DailyCatchEntry_New.php
7 Sep 2019 16:54:30|20|shiji@forstarfoods.com|DailyCatchEntry_New.php
7 Sep 2019 16:54:31|20|shiji@forstarfoods.com|DailyCatchEntry_New.php
7 Sep 2019 16:54:37|20|shiji@forstarfoods.com|DailyCatchEntry_New.php
7 Sep 2019 16:54:40|20|shiji@forstarfoods.com|DailyCatchEntry_New.php
7 Sep 2019 16:54:41|20|shiji@forstarfoods.com|CatchEntryDeclaredItem.php
7 Sep 2019 16:54:43|20|shiji@forstarfoods.com|DailyCatchEntry_New.php
7 Sep 2019 16:54:45|20|shiji@forstarfoods.com|DailyCatchEntry_New.php
7 Sep 2019 16:54:46|20|shiji@forstarfoods.com|DailyCatchEntry_New.php
7 Sep 2019 16:54:47|20|shiji@forstarfoods.com|DailyCatchEntry_New.php
7 Sep 2019 16:55:23|28|pratiksha@forstarfoods.com|ManageGatePass.php
7 Sep 2019 16:56:25|28|pratiksha@forstarfoods.com|ManageGatePass.php
7 Sep 2019 16:57:06|20|shiji@forstarfoods.com|DailyCatchEntry_New.php
7 Sep 2019 16:57:08|20|shiji@forstarfoods.com|CatchEntryDeclaredItem.php
7 Sep 2019 16:57:17|20|shiji@forstarfoods.com|DailyCatchEntry_New.php
7 Sep 2019 16:57:18|20|shiji@forstarfoods.com|DailyCatchEntry_New.php
7 Sep 2019 16:57:19|20|shiji@forstarfoods.com|DailyCatchEntry_New.php
7 Sep 2019 16:57:20|20|shiji@forstarfoods.com|DailyCatchEntry_New.php
7 Sep 2019 16:57:22|20|shiji@forstarfoods.com|DailyCatchEntry_New.php
7 Sep 2019 16:57:23|20|shiji@forstarfoods.com|DailyCatchEntry_New.php
7 Sep 2019 16:57:26|28|pratiksha@forstarfoods.com|ManageGatePass.php
7 Sep 2019 16:57:28|20|shiji@forstarfoods.com|DailyCatchEntry_New.php
7 Sep 2019 16:57:30|20|shiji@forstarfoods.com|DailyCatchEntry_New.php
7 Sep 2019 16:57:32|20|shiji@forstarfoods.com|DailyCatchEntry_New.php
7 Sep 2019 16:57:35|20|shiji@forstarfoods.com|DailyCatchEntry_New.php
7 Sep 2019 16:57:36|20|shiji@forstarfoods.com|DailyCatchEntry_New.php
7 Sep 2019 16:57:37|20|shiji@forstarfoods.com|DailyCatchEntry_New.php
7 Sep 2019 16:57:38|20|shiji@forstarfoods.com|DailyCatchEntry_New.php
7 Sep 2019 16:57:40|20|shiji@forstarfoods.com|DailyCatchEntry_New.php
7 Sep 2019 16:57:41|20|shiji@forstarfoods.com|DailyCatchEntry_New.php
7 Sep 2019 16:57:42|20|shiji@forstarfoods.com|DailyCatchEntry_New.php
7 Sep 2019 16:57:47|20|shiji@forstarfoods.com|DailyCatchEntry_New.php
7 Sep 2019 16:57:51|20|shiji@forstarfoods.com|DailyCatchEntry_New.php
7 Sep 2019 16:57:52|20|shiji@forstarfoods.com|CatchEntryDeclaredItem.php
7 Sep 2019 16:57:54|20|shiji@forstarfoods.com|DailyCatchEntry_New.php
7 Sep 2019 16:57:55|20|shiji@forstarfoods.com|DailyCatchEntry_New.php
7 Sep 2019 16:57:56|20|shiji@forstarfoods.com|DailyCatchEntry_New.php
7 Sep 2019 16:58:04|20|shiji@forstarfoods.com|DailyCatchEntry_New.php
7 Sep 2019 16:58:08|20|shiji@forstarfoods.com|DailyCatchEntry_New.php
7 Sep 2019 16:58:09|20|shiji@forstarfoods.com|CatchEntryDeclaredItem.php
7 Sep 2019 16:58:17|20|shiji@forstarfoods.com|DailyCatchEntry_New.php
7 Sep 2019 16:58:18|20|shiji@forstarfoods.com|DailyCatchEntry_New.php
7 Sep 2019 16:58:20|20|shiji@forstarfoods.com|DailyCatchEntry_New.php
7 Sep 2019 16:58:21|20|shiji@forstarfoods.com|DailyCatchEntry_New.php
7 Sep 2019 16:58:22|20|shiji@forstarfoods.com|DailyCatchEntry_New.php
7 Sep 2019 16:58:23|20|shiji@forstarfoods.com|DailyCatchEntry_New.php
7 Sep 2019 16:58:27|28|pratiksha@forstarfoods.com|ManageGatePass.php
7 Sep 2019 16:58:30|20|shiji@forstarfoods.com|DailyCatchEntry_New.php
7 Sep 2019 16:58:33|20|shiji@forstarfoods.com|DailyCatchEntry_New.php
7 Sep 2019 16:58:35|20|shiji@forstarfoods.com|DailyCatchEntry_New.php
7 Sep 2019 16:58:38|20|shiji@forstarfoods.com|DailyCatchEntry_New.php
7 Sep 2019 16:58:39|20|shiji@forstarfoods.com|DailyCatchEntry_New.php
7 Sep 2019 16:58:41|20|shiji@forstarfoods.com|DailyCatchEntry_New.php
7 Sep 2019 16:58:42|20|shiji@forstarfoods.com|DailyCatchEntry_New.php
7 Sep 2019 16:58:48|20|shiji@forstarfoods.com|DailyCatchEntry_New.php
7 Sep 2019 16:58:49|20|shiji@forstarfoods.com|DailyCatchEntry_New.php