
15 Jul 2019 16:33:13|20|shiji@forstarfoods.com|DailyCatchReport.php
15 Jul 2019 16:33:13|30|pritirm@forstarfoods.com|DailyCatchEntry_New.php
15 Jul 2019 16:33:14|30|pritirm@forstarfoods.com|CatchEntryDeclaredItem.php
15 Jul 2019 16:33:15|20|shiji@forstarfoods.com|DailyCatchReport.php
15 Jul 2019 16:33:16|20|shiji@forstarfoods.com|DailyCatchReport.php
15 Jul 2019 16:33:19|30|pritirm@forstarfoods.com|DailyCatchEntry_New.php
15 Jul 2019 16:33:20|30|pritirm@forstarfoods.com|DailyCatchEntry_New.php
15 Jul 2019 16:33:22|30|pritirm@forstarfoods.com|DailyCatchEntry_New.php
15 Jul 2019 16:33:24|30|pritirm@forstarfoods.com|DailyCatchEntry_New.php
15 Jul 2019 16:33:25|30|pritirm@forstarfoods.com|DailyCatchEntry_New.php
15 Jul 2019 16:33:26|30|pritirm@forstarfoods.com|DailyCatchEntry_New.php
15 Jul 2019 16:33:27|30|pritirm@forstarfoods.com|DailyCatchEntry_New.php
15 Jul 2019 16:33:29|30|pritirm@forstarfoods.com|DailyCatchEntry_New.php
15 Jul 2019 16:33:30|30|pritirm@forstarfoods.com|DailyCatchEntry_New.php
15 Jul 2019 16:33:32|30|pritirm@forstarfoods.com|DailyCatchEntry_New.php
15 Jul 2019 16:33:34|30|pritirm@forstarfoods.com|CatchEntryDeclaredItem.php
15 Jul 2019 16:33:37|30|pritirm@forstarfoods.com|DailyCatchEntry_New.php
15 Jul 2019 16:33:38|30|pritirm@forstarfoods.com|DailyCatchEntry_New.php
15 Jul 2019 16:33:41|30|pritirm@forstarfoods.com|DailyCatchEntry_New.php
15 Jul 2019 16:33:41|20|shiji@forstarfoods.com|DailyCatchReport.php
15 Jul 2019 16:33:42|30|pritirm@forstarfoods.com|DailyCatchEntry_New.php
15 Jul 2019 16:33:42|20|shiji@forstarfoods.com|DailyCatchReport.php
15 Jul 2019 16:33:43|30|pritirm@forstarfoods.com|DailyCatchEntry_New.php
15 Jul 2019 16:33:44|20|shiji@forstarfoods.com|DailyCatchReport.php
15 Jul 2019 16:33:44|30|pritirm@forstarfoods.com|DailyCatchEntry_New.php
15 Jul 2019 16:33:45|20|shiji@forstarfoods.com|DailyCatchReport.php
15 Jul 2019 16:33:45|30|pritirm@forstarfoods.com|DailyCatchEntry_New.php
15 Jul 2019 16:33:47|30|pritirm@forstarfoods.com|DailyCatchEntry_New.php
15 Jul 2019 16:33:48|20|shiji@forstarfoods.com|DailyCatchReport.php
15 Jul 2019 16:33:49|30|pritirm@forstarfoods.com|DailyCatchEntry_New.php
15 Jul 2019 16:33:50|20|shiji@forstarfoods.com|DailyCatchReport.php
15 Jul 2019 16:33:51|30|pritirm@forstarfoods.com|DailyCatchEntry_New.php
15 Jul 2019 16:33:51|20|shiji@forstarfoods.com|DailyCatchReport.php
15 Jul 2019 16:33:52|30|pritirm@forstarfoods.com|CatchEntryDeclaredItem.php
15 Jul 2019 16:33:54|20|shiji@forstarfoods.com|PrintDailyCatchReportMemo.php
15 Jul 2019 16:33:57|30|pritirm@forstarfoods.com|DailyCatchEntry_New.php
15 Jul 2019 16:33:58|30|pritirm@forstarfoods.com|DailyCatchEntry_New.php
15 Jul 2019 16:34:01|30|pritirm@forstarfoods.com|DailyCatchEntry_New.php
15 Jul 2019 16:34:02|30|pritirm@forstarfoods.com|DailyCatchEntry_New.php
15 Jul 2019 16:34:03|30|pritirm@forstarfoods.com|DailyCatchEntry_New.php
15 Jul 2019 16:34:04|30|pritirm@forstarfoods.com|DailyCatchEntry_New.php
15 Jul 2019 16:34:06|30|pritirm@forstarfoods.com|DailyCatchEntry_New.php
15 Jul 2019 16:34:07|30|pritirm@forstarfoods.com|DailyCatchEntry_New.php
15 Jul 2019 16:34:08|30|pritirm@forstarfoods.com|DailyCatchEntry_New.php
15 Jul 2019 16:34:11|30|pritirm@forstarfoods.com|DailyCatchEntry_New.php
15 Jul 2019 16:34:12|30|pritirm@forstarfoods.com|CatchEntryDeclaredItem.php
15 Jul 2019 16:34:30|30|pritirm@forstarfoods.com|DailyCatchReport.php
15 Jul 2019 16:34:38|30|pritirm@forstarfoods.com|DailyCatchReport.php
15 Jul 2019 16:34:41|30|pritirm@forstarfoods.com|DailyCatchReport.php
15 Jul 2019 16:34:42|30|pritirm@forstarfoods.com|DailyCatchReport.php
15 Jul 2019 16:34:44|30|pritirm@forstarfoods.com|DailyCatchReport.php
15 Jul 2019 16:34:45|30|pritirm@forstarfoods.com|DailyCatchReport.php
15 Jul 2019 16:34:49|30|pritirm@forstarfoods.com|PrintDailyCatchReportMemo.php
15 Jul 2019 16:34:52|20|shiji@forstarfoods.com|PrintDailyCatchReportMemo.php
15 Jul 2019 16:35:16|30|pritirm@forstarfoods.com|DailyCatchReport.php
15 Jul 2019 16:35:17|30|pritirm@forstarfoods.com|DailyCatchReport.php
15 Jul 2019 16:35:18|30|pritirm@forstarfoods.com|DailyCatchReport.php
15 Jul 2019 16:35:21|20|shiji@forstarfoods.com|DailyCatchReport.php
15 Jul 2019 16:35:22|20|shiji@forstarfoods.com|DailyCatchReport.php
15 Jul 2019 16:35:23|30|pritirm@forstarfoods.com|DailyCatchReport.php
15 Jul 2019 16:35:23|20|shiji@forstarfoods.com|DailyCatchReport.php
15 Jul 2019 16:35:24|30|pritirm@forstarfoods.com|DailyCatchReport.php
15 Jul 2019 16:35:26|30|pritirm@forstarfoods.com|DailyCatchReport.php
15 Jul 2019 16:35:27|30|pritirm@forstarfoods.com|DailyCatchReport.php
15 Jul 2019 16:35:28|30|pritirm@forstarfoods.com|PrintDailyCatchReportMemo.php
15 Jul 2019 16:35:33|20|shiji@forstarfoods.com|DailyCatchReport.php
15 Jul 2019 16:35:35|20|shiji@forstarfoods.com|DailyCatchReport.php
15 Jul 2019 16:35:36|20|shiji@forstarfoods.com|DailyCatchReport.php
15 Jul 2019 16:35:38|20|shiji@forstarfoods.com|DailyCatchReport.php
15 Jul 2019 16:35:40|20|shiji@forstarfoods.com|DailyCatchReport.php
15 Jul 2019 16:35:40|30|pritirm@forstarfoods.com|DailyCatchReport.php
15 Jul 2019 16:35:42|20|shiji@forstarfoods.com|DailyCatchReport.php
15 Jul 2019 16:35:42|30|pritirm@forstarfoods.com|DailyCatchReport.php
15 Jul 2019 16:35:43|20|shiji@forstarfoods.com|DailyCatchReport.php
15 Jul 2019 16:35:43|30|pritirm@forstarfoods.com|DailyCatchReport.php
15 Jul 2019 16:35:45|20|shiji@forstarfoods.com|PrintDailyCatchReportMemo.php
15 Jul 2019 16:35:48|30|pritirm@forstarfoods.com|DailyCatchReport.php
15 Jul 2019 16:35:50|30|pritirm@forstarfoods.com|DailyCatchReport.php
15 Jul 2019 16:35:51|30|pritirm@forstarfoods.com|DailyCatchReport.php
15 Jul 2019 16:35:52|30|pritirm@forstarfoods.com|DailyCatchReport.php
15 Jul 2019 16:35:54|30|pritirm@forstarfoods.com|PrintDailyCatchReportMemo.php
15 Jul 2019 16:36:04|30|pritirm@forstarfoods.com|DailyCatchReport.php
15 Jul 2019 16:36:06|30|pritirm@forstarfoods.com|DailyCatchReport.php
15 Jul 2019 16:36:07|30|pritirm@forstarfoods.com|DailyCatchReport.php
15 Jul 2019 16:36:12|30|pritirm@forstarfoods.com|DailyCatchReport.php
15 Jul 2019 16:36:13|30|pritirm@forstarfoods.com|DailyCatchReport.php
15 Jul 2019 16:36:15|30|pritirm@forstarfoods.com|DailyCatchReport.php
15 Jul 2019 16:36:16|30|pritirm@forstarfoods.com|DailyCatchReport.php
15 Jul 2019 16:36:18|30|pritirm@forstarfoods.com|PrintDailyCatchReportMemo.php
15 Jul 2019 16:36:34|30|pritirm@forstarfoods.com|DailyCatchReport.php
15 Jul 2019 16:36:36|30|pritirm@forstarfoods.com|DailyCatchReport.php
15 Jul 2019 16:36:37|30|pritirm@forstarfoods.com|DailyCatchReport.php
15 Jul 2019 16:36:40|30|pritirm@forstarfoods.com|DailyCatchReport.php
15 Jul 2019 16:36:42|30|pritirm@forstarfoods.com|DailyCatchReport.php
15 Jul 2019 16:36:43|30|pritirm@forstarfoods.com|DailyCatchReport.php
15 Jul 2019 16:36:44|30|pritirm@forstarfoods.com|DailyCatchReport.php
15 Jul 2019 16:36:50|30|pritirm@forstarfoods.com|PrintDailyCatchReportMemo.php
15 Jul 2019 16:36:54|28|pratiksha@forstarfoods.com|Home.php
15 Jul 2019 16:36:59|28|pratiksha@forstarfoods.com|ManageGatePass.php
15 Jul 2019 16:37:02|28|pratiksha@forstarfoods.com|ManageGatePass.php
15 Jul 2019 16:37:06|28|pratiksha@forstarfoods.com|ManageGatePass.php
15 Jul 2019 16:37:07|30|pritirm@forstarfoods.com|DailyCatchReport.php
15 Jul 2019 16:37:08|28|pratiksha@forstarfoods.com|ManageGatePass.php
15 Jul 2019 16:37:09|30|pritirm@forstarfoods.com|DailyCatchReport.php
15 Jul 2019 16:37:10|30|pritirm@forstarfoods.com|DailyCatchReport.php
15 Jul 2019 16:37:14|30|pritirm@forstarfoods.com|DailyCatchReport.php
15 Jul 2019 16:37:17|30|pritirm@forstarfoods.com|DailyCatchReport.php
15 Jul 2019 16:37:18|30|pritirm@forstarfoods.com|DailyCatchReport.php
15 Jul 2019 16:37:20|30|pritirm@forstarfoods.com|DailyCatchReport.php
15 Jul 2019 16:37:21|30|pritirm@forstarfoods.com|DailyCatchReport.php
15 Jul 2019 16:37:28|30|pritirm@forstarfoods.com|DailyCatchReport.php
15 Jul 2019 16:37:30|30|pritirm@forstarfoods.com|DailyCatchReport.php
15 Jul 2019 16:37:31|30|pritirm@forstarfoods.com|DailyCatchReport.php
15 Jul 2019 16:37:34|30|pritirm@forstarfoods.com|DailyCatchReport.php
15 Jul 2019 16:37:36|30|pritirm@forstarfoods.com|DailyCatchReport.php
15 Jul 2019 16:37:38|30|pritirm@forstarfoods.com|DailyCatchReport.php
15 Jul 2019 16:37:39|30|pritirm@forstarfoods.com|DailyCatchReport.php
15 Jul 2019 16:37:40|30|pritirm@forstarfoods.com|PrintDailyCatchReportMemo.php
15 Jul 2019 16:37:49|20|shiji@forstarfoods.com|DailyCatchEntry_New.php
15 Jul 2019 16:37:55|20|shiji@forstarfoods.com|DailyCatchEntry_New.php
15 Jul 2019 16:37:56|28|pratiksha@forstarfoods.com|ManageGatePass.php
15 Jul 2019 16:37:57|20|shiji@forstarfoods.com|DailyCatchEntry_New.php
15 Jul 2019 16:37:58|20|shiji@forstarfoods.com|DailyCatchEntry_New.php
15 Jul 2019 16:38:01|28|pratiksha@forstarfoods.com|ManageGatePass.php
15 Jul 2019 16:38:01|20|shiji@forstarfoods.com|DailyCatchEntry_New.php
15 Jul 2019 16:38:02|20|shiji@forstarfoods.com|DailyCatchEntry_New.php
15 Jul 2019 16:38:03|30|pritirm@forstarfoods.com|DailyCatchEntry_New.php
15 Jul 2019 16:38:03|20|shiji@forstarfoods.com|DailyCatchEntry_New.php
15 Jul 2019 16:38:07|30|pritirm@forstarfoods.com|DailyCatchEntry_New.php
15 Jul 2019 16:38:08|30|pritirm@forstarfoods.com|DailyCatchEntry_New.php
15 Jul 2019 16:38:09|30|pritirm@forstarfoods.com|DailyCatchEntry_New.php
15 Jul 2019 16:38:12|30|pritirm@forstarfoods.com|DailyCatchEntry_New.php
15 Jul 2019 16:38:13|20|shiji@forstarfoods.com|DailyCatchEntry_New.php
15 Jul 2019 16:38:13|30|pritirm@forstarfoods.com|DailyCatchEntry_New.php
15 Jul 2019 16:38:14|30|pritirm@forstarfoods.com|DailyCatchEntry_New.php
15 Jul 2019 16:38:15|20|shiji@forstarfoods.com|DailyCatchEntry_New.php
15 Jul 2019 16:38:16|20|shiji@forstarfoods.com|DailyCatchEntry_New.php
15 Jul 2019 16:38:18|30|pritirm@forstarfoods.com|DailyCatchEntry_New.php
15 Jul 2019 16:38:18|20|shiji@forstarfoods.com|CatchEntryDeclaredItem.php
15 Jul 2019 16:38:19|20|shiji@forstarfoods.com|DailyCatchEntry_New.php
15 Jul 2019 16:38:20|28|pratiksha@forstarfoods.com|ManageGatePass.php
15 Jul 2019 16:38:20|20|shiji@forstarfoods.com|CatchEntryDeclaredItem.php
15 Jul 2019 16:38:20|30|pritirm@forstarfoods.com|CatchEntryDeclaredItem.php
15 Jul 2019 16:38:22|30|pritirm@forstarfoods.com|DailyCatchEntry_New.php
15 Jul 2019 16:38:23|30|pritirm@forstarfoods.com|DailyCatchEntry_New.php
15 Jul 2019 16:38:24|30|pritirm@forstarfoods.com|DailyCatchEntry_New.php
15 Jul 2019 16:38:25|28|pratiksha@forstarfoods.com|ManageGatePass.php
15 Jul 2019 16:38:25|30|pritirm@forstarfoods.com|CatchEntryDeclaredItem.php
15 Jul 2019 16:38:27|30|pritirm@forstarfoods.com|DailyCatchEntry_New.php
15 Jul 2019 16:38:28|28|pratiksha@forstarfoods.com|ManageGatePass.php
15 Jul 2019 16:38:28|30|pritirm@forstarfoods.com|DailyCatchEntry_New.php
15 Jul 2019 16:38:31|30|pritirm@forstarfoods.com|DailyCatchEntry_New.php
15 Jul 2019 16:38:32|28|pratiksha@forstarfoods.com|PrintGatePass.php
15 Jul 2019 16:38:34|30|pritirm@forstarfoods.com|DailyCatchEntry_New.php
15 Jul 2019 16:38:38|30|pritirm@forstarfoods.com|DailyCatchReport.php
15 Jul 2019 16:38:43|30|pritirm@forstarfoods.com|DailyCatchReport.php
15 Jul 2019 16:38:48|30|pritirm@forstarfoods.com|DailyCatchReport.php
15 Jul 2019 16:38:48|28|pratiksha@forstarfoods.com|ManageGatePass.php
15 Jul 2019 16:38:49|30|pritirm@forstarfoods.com|DailyCatchReport.php
15 Jul 2019 16:38:51|30|pritirm@forstarfoods.com|DailyCatchReport.php
15 Jul 2019 16:38:52|28|pratiksha@forstarfoods.com|ManageGatePass.php
15 Jul 2019 16:38:54|28|pratiksha@forstarfoods.com|ManageGatePass.php
15 Jul 2019 16:39:03|20|shiji@forstarfoods.com|DailyCatchEntry_New.php
15 Jul 2019 16:39:06|20|shiji@forstarfoods.com|DailyCatchEntry_New.php
15 Jul 2019 16:39:06|30|pritirm@forstarfoods.com|DailyCatchReport.php
15 Jul 2019 16:39:07|20|shiji@forstarfoods.com|CatchEntryDeclaredItem.php
15 Jul 2019 16:39:08|30|pritirm@forstarfoods.com|DailyCatchReport.php
15 Jul 2019 16:39:09|30|pritirm@forstarfoods.com|DailyCatchReport.php
15 Jul 2019 16:39:10|30|pritirm@forstarfoods.com|PrintDailyCatchReportMemo.php
15 Jul 2019 16:39:16|20|shiji@forstarfoods.com|DailyCatchEntry_New.php
15 Jul 2019 16:39:18|30|pritirm@forstarfoods.com|DailyCatchReport.php
15 Jul 2019 16:39:18|20|shiji@forstarfoods.com|DailyCatchEntry_New.php
15 Jul 2019 16:39:20|30|pritirm@forstarfoods.com|DailyCatchReport.php
15 Jul 2019 16:39:21|30|pritirm@forstarfoods.com|DailyCatchReport.php
15 Jul 2019 16:39:23|30|pritirm@forstarfoods.com|SupplierAccount.php
15 Jul 2019 16:39:25|28|pratiksha@forstarfoods.com|ManageGatePass.php
15 Jul 2019 16:39:27|20|shiji@forstarfoods.com|DailyCatchEntry_New.php
15 Jul 2019 16:39:30|30|pritirm@forstarfoods.com|SupplierAccount.php
15 Jul 2019 16:39:30|28|pratiksha@forstarfoods.com|ManageGatePass.php
15 Jul 2019 16:39:31|20|shiji@forstarfoods.com|DailyCatchEntry_New.php
15 Jul 2019 16:39:33|28|pratiksha@forstarfoods.com|ManageGatePass.php
15 Jul 2019 16:39:36|30|pritirm@forstarfoods.com|SupplierAccount.php
15 Jul 2019 16:39:39|30|pritirm@forstarfoods.com|SupplierAccount.php
15 Jul 2019 16:39:44|30|pritirm@forstarfoods.com|SupplierAccount.php
15 Jul 2019 16:39:44|20|shiji@forstarfoods.com|DailyCatchEntry_New.php
15 Jul 2019 16:39:45|28|pratiksha@forstarfoods.com|ManageGatePass.php
15 Jul 2019 16:39:47|28|pratiksha@forstarfoods.com|ManageGatePass.php
15 Jul 2019 16:39:51|28|pratiksha@forstarfoods.com|PrintGatePass.php
15 Jul 2019 16:39:57|20|shiji@forstarfoods.com|DailyCatchReport.php
15 Jul 2019 16:40:09|20|shiji@forstarfoods.com|DailyCatchReport.php
15 Jul 2019 16:40:11|30|pritirm@forstarfoods.com|SupplierAccount.php
15 Jul 2019 16:40:12|20|shiji@forstarfoods.com|DailyCatchReport.php
15 Jul 2019 16:40:14|20|shiji@forstarfoods.com|DailyCatchReport.php
15 Jul 2019 16:40:16|20|shiji@forstarfoods.com|DailyCatchReport.php
15 Jul 2019 16:40:16|30|pritirm@forstarfoods.com|SupplierAccount.php
15 Jul 2019 16:40:17|20|shiji@forstarfoods.com|DailyCatchReport.php
15 Jul 2019 16:40:19|20|shiji@forstarfoods.com|PrintDailyCatchReportMemo.php
15 Jul 2019 16:40:19|30|pritirm@forstarfoods.com|SupplierAccount.php
15 Jul 2019 16:40:49|28|pratiksha@forstarfoods.com|ManageGatePass.php
15 Jul 2019 16:40:54|20|shiji@forstarfoods.com|PrintDailyCatchReportMemo.php
15 Jul 2019 16:40:58|30|pritirm@forstarfoods.com|SupplierAccount.php
15 Jul 2019 16:41:06|30|pritirm@forstarfoods.com|SupplierAccount.php
15 Jul 2019 16:41:24|20|shiji@forstarfoods.com|DailyCatchReport.php
15 Jul 2019 16:41:26|20|shiji@forstarfoods.com|DailyCatchReport.php
15 Jul 2019 16:41:27|20|shiji@forstarfoods.com|DailyCatchReport.php
15 Jul 2019 16:41:37|20|shiji@forstarfoods.com|DailyCatchReport.php
15 Jul 2019 16:41:38|20|shiji@forstarfoods.com|DailyCatchReport.php
15 Jul 2019 16:41:40|20|shiji@forstarfoods.com|DailyCatchReport.php
15 Jul 2019 16:41:41|20|shiji@forstarfoods.com|DailyCatchReport.php
15 Jul 2019 16:41:43|20|shiji@forstarfoods.com|DailyCatchReport.php
15 Jul 2019 16:41:45|20|shiji@forstarfoods.com|DailyCatchReport.php
15 Jul 2019 16:41:46|20|shiji@forstarfoods.com|DailyCatchReport.php
15 Jul 2019 16:41:47|20|shiji@forstarfoods.com|PrintDailyCatchReportMemo.php
15 Jul 2019 16:41:50|28|pratiksha@forstarfoods.com|ManageGatePass.php
15 Jul 2019 16:42:12|20|shiji@forstarfoods.com|PrintDailyCatchReportMemo.php
15 Jul 2019 16:42:42|20|shiji@forstarfoods.com|DailyCatchReport.php
15 Jul 2019 16:42:43|20|shiji@forstarfoods.com|DailyCatchReport.php
15 Jul 2019 16:42:45|20|shiji@forstarfoods.com|DailyCatchReport.php
15 Jul 2019 16:42:51|28|pratiksha@forstarfoods.com|ManageGatePass.php
15 Jul 2019 16:43:05|20|shiji@forstarfoods.com|DailyCatchReport.php
15 Jul 2019 16:43:07|20|shiji@forstarfoods.com|DailyCatchReport.php
15 Jul 2019 16:43:08|20|shiji@forstarfoods.com|DailyCatchReport.php
15 Jul 2019 16:43:10|20|shiji@forstarfoods.com|DailyCatchReport.php
15 Jul 2019 16:43:11|20|shiji@forstarfoods.com|DailyCatchReport.php
15 Jul 2019 16:43:13|20|shiji@forstarfoods.com|DailyCatchReport.php
15 Jul 2019 16:43:14|20|shiji@forstarfoods.com|DailyCatchReport.php
15 Jul 2019 16:43:16|20|shiji@forstarfoods.com|PrintDailyCatchReportMemo.php
15 Jul 2019 16:43:20|30|pritirm@forstarfoods.com|SupplierAccount.php
15 Jul 2019 16:43:29|30|pritirm@forstarfoods.com|SupplierAccount.php
15 Jul 2019 16:43:43|20|shiji@forstarfoods.com|DailyCatchEntry_New.php
15 Jul 2019 16:43:48|30|pritirm@forstarfoods.com|SupplierAccount.php
15 Jul 2019 16:43:48|20|shiji@forstarfoods.com|DailyCatchEntry_New.php
15 Jul 2019 16:43:50|20|shiji@forstarfoods.com|DailyCatchEntry_New.php
15 Jul 2019 16:43:51|20|shiji@forstarfoods.com|DailyCatchEntry_New.php
15 Jul 2019 16:43:53|28|pratiksha@forstarfoods.com|ManageGatePass.php
15 Jul 2019 16:43:53|20|shiji@forstarfoods.com|DailyCatchEntry_New.php
15 Jul 2019 16:43:54|30|pritirm@forstarfoods.com|SupplierAccount.php
15 Jul 2019 16:43:54|20|shiji@forstarfoods.com|DailyCatchEntry_New.php
15 Jul 2019 16:43:56|20|shiji@forstarfoods.com|DailyCatchEntry_New.php
15 Jul 2019 16:43:57|30|pritirm@forstarfoods.com|SupplierAccount.php
15 Jul 2019 16:44:11|20|shiji@forstarfoods.com|DailyCatchEntry_New.php
15 Jul 2019 16:44:14|20|shiji@forstarfoods.com|DailyCatchEntry_New.php
15 Jul 2019 16:44:15|20|shiji@forstarfoods.com|DailyCatchEntry_New.php
15 Jul 2019 16:44:16|20|shiji@forstarfoods.com|CatchEntryDeclaredItem.php
15 Jul 2019 16:44:17|20|shiji@forstarfoods.com|DailyCatchEntry_New.php
15 Jul 2019 16:44:19|20|shiji@forstarfoods.com|CatchEntryDeclaredItem.php
15 Jul 2019 16:44:25|30|pritirm@forstarfoods.com|SupplierAccount.php
15 Jul 2019 16:44:29|30|pritirm@forstarfoods.com|SupplierAccount.php
15 Jul 2019 16:44:32|20|shiji@forstarfoods.com|DailyCatchEntry_New.php
15 Jul 2019 16:44:34|20|shiji@forstarfoods.com|DailyCatchEntry_New.php
15 Jul 2019 16:44:34|30|pritirm@forstarfoods.com|SupplierAccount.php
15 Jul 2019 16:44:35|20|shiji@forstarfoods.com|CatchEntryDeclaredItem.php
15 Jul 2019 16:44:44|20|shiji@forstarfoods.com|DailyCatchEntry_New.php
15 Jul 2019 16:44:47|20|shiji@forstarfoods.com|DailyCatchEntry_New.php
15 Jul 2019 16:44:54|28|pratiksha@forstarfoods.com|ManageGatePass.php
15 Jul 2019 16:44:56|20|shiji@forstarfoods.com|DailyCatchEntry_New.php
15 Jul 2019 16:44:58|20|shiji@forstarfoods.com|DailyCatchEntry_New.php
15 Jul 2019 16:45:01|20|shiji@forstarfoods.com|DailyCatchEntry_New.php
15 Jul 2019 16:45:07|20|shiji@forstarfoods.com|DailyCatchEntry_New.php
15 Jul 2019 16:45:08|20|shiji@forstarfoods.com|DailyCatchEntry_New.php
15 Jul 2019 16:45:10|20|shiji@forstarfoods.com|DailyCatchEntry_New.php
15 Jul 2019 16:45:20|20|shiji@forstarfoods.com|DailyCatchEntry_New.php
15 Jul 2019 16:45:23|20|shiji@forstarfoods.com|DailyCatchEntry_New.php
15 Jul 2019 16:45:24|20|shiji@forstarfoods.com|DailyCatchEntry_New.php
15 Jul 2019 16:45:25|20|shiji@forstarfoods.com|CatchEntryDeclaredItem.php
15 Jul 2019 16:45:26|20|shiji@forstarfoods.com|DailyCatchEntry_New.php
15 Jul 2019 16:45:28|20|shiji@forstarfoods.com|CatchEntryDeclaredItem.php
15 Jul 2019 16:45:38|20|shiji@forstarfoods.com|DailyCatchEntry_New.php
15 Jul 2019 16:45:40|20|shiji@forstarfoods.com|DailyCatchEntry_New.php
15 Jul 2019 16:45:41|20|shiji@forstarfoods.com|CatchEntryDeclaredItem.php
15 Jul 2019 16:45:50|20|shiji@forstarfoods.com|DailyCatchEntry_New.php
15 Jul 2019 16:45:52|20|shiji@forstarfoods.com|DailyCatchEntry_New.php
15 Jul 2019 16:45:55|28|pratiksha@forstarfoods.com|ManageGatePass.php
15 Jul 2019 16:46:10|20|shiji@forstarfoods.com|DailyCatchEntry_New.php
15 Jul 2019 16:46:12|20|shiji@forstarfoods.com|DailyCatchEntry_New.php
15 Jul 2019 16:46:22|20|shiji@forstarfoods.com|DailyCatchEntry_New.php
15 Jul 2019 16:46:26|20|shiji@forstarfoods.com|DailyCatchSummary.php
15 Jul 2019 16:46:28|20|shiji@forstarfoods.com|DailyCatchReport.php
15 Jul 2019 16:46:57|28|pratiksha@forstarfoods.com|ManageGatePass.php
15 Jul 2019 16:46:57|30|pritirm@forstarfoods.com|SupplierAccount.php
15 Jul 2019 16:47:20|30|pritirm@forstarfoods.com|PurchaseReport.php
15 Jul 2019 16:47:30|30|pritirm@forstarfoods.com|PurchaseReport.php
15 Jul 2019 16:47:34|30|pritirm@forstarfoods.com|PrintPurchaseSettlementMemo.php
15 Jul 2019 16:47:48|30|pritirm@forstarfoods.com|PurchaseReport.php
15 Jul 2019 16:47:51|30|pritirm@forstarfoods.com|PrintPurchaseSettlementMemo.php
15 Jul 2019 16:47:58|28|pratiksha@forstarfoods.com|ManageGatePass.php
15 Jul 2019 16:48:25|30|pritirm@forstarfoods.com|PurchaseReport.php
15 Jul 2019 16:48:30|30|pritirm@forstarfoods.com|PrintPurchaseSettlementMemo.php
15 Jul 2019 16:48:47|30|pritirm@forstarfoods.com|PurchaseReport.php
15 Jul 2019 16:48:53|30|pritirm@forstarfoods.com|PrintPurchaseSettlementMemo.php
15 Jul 2019 16:48:59|28|pratiksha@forstarfoods.com|ManageGatePass.php
15 Jul 2019 16:49:07|30|pritirm@forstarfoods.com|PurchaseReport.php
15 Jul 2019 16:49:10|30|pritirm@forstarfoods.com|PrintPurchaseSettlementMemo.php
15 Jul 2019 16:49:42|30|pritirm@forstarfoods.com|PurchaseReport.php
15 Jul 2019 16:49:46|30|pritirm@forstarfoods.com|PrintPurchaseSettlementMemo.php
15 Jul 2019 16:50:01|28|pratiksha@forstarfoods.com|ManageGatePass.php
15 Jul 2019 16:51:02|28|pratiksha@forstarfoods.com|ManageGatePass.php
15 Jul 2019 16:52:04|28|pratiksha@forstarfoods.com|ManageGatePass.php
15 Jul 2019 16:53:02|20|shiji@forstarfoods.com|DailyCatchReport.php
15 Jul 2019 16:53:05|20|shiji@forstarfoods.com|DailyCatchReport.php
15 Jul 2019 16:53:05|28|pratiksha@forstarfoods.com|ManageGatePass.php
15 Jul 2019 16:53:07|20|shiji@forstarfoods.com|DailyCatchReport.php
15 Jul 2019 16:53:09|20|shiji@forstarfoods.com|DailyCatchReport.php
15 Jul 2019 16:53:10|20|shiji@forstarfoods.com|DailyCatchReport.php
15 Jul 2019 16:53:12|20|shiji@forstarfoods.com|PrintDailyCatchReportMemo.php
15 Jul 2019 16:53:18|20|shiji@forstarfoods.com|PrintDailyCatchReportMemo.php
15 Jul 2019 16:53:54|20|shiji@forstarfoods.com|DailyCatchReport.php
15 Jul 2019 16:53:55|20|shiji@forstarfoods.com|DailyCatchReport.php
15 Jul 2019 16:53:57|20|shiji@forstarfoods.com|DailyCatchReport.php
15 Jul 2019 16:54:05|20|shiji@forstarfoods.com|DailyCatchReport.php
15 Jul 2019 16:54:06|28|pratiksha@forstarfoods.com|ManageGatePass.php
15 Jul 2019 16:54:07|20|shiji@forstarfoods.com|DailyCatchReport.php
15 Jul 2019 16:54:09|20|shiji@forstarfoods.com|DailyCatchReport.php
15 Jul 2019 16:54:10|20|shiji@forstarfoods.com|DailyCatchReport.php
15 Jul 2019 16:54:16|20|shiji@forstarfoods.com|DailyCatchReport.php
15 Jul 2019 16:54:17|20|shiji@forstarfoods.com|DailyCatchReport.php
15 Jul 2019 16:54:19|20|shiji@forstarfoods.com|DailyCatchReport.php
15 Jul 2019 16:54:20|20|shiji@forstarfoods.com|PrintDailyCatchReportMemo.php
15 Jul 2019 16:54:34|20|shiji@forstarfoods.com|PrintDailyCatchReportMemo.php
15 Jul 2019 16:55:08|28|pratiksha@forstarfoods.com|ManageGatePass.php
15 Jul 2019 16:55:24|20|shiji@forstarfoods.com|DailyCatchReport.php
15 Jul 2019 16:55:26|20|shiji@forstarfoods.com|DailyCatchReport.php
15 Jul 2019 16:55:27|20|shiji@forstarfoods.com|DailyCatchReport.php
15 Jul 2019 16:55:40|20|shiji@forstarfoods.com|DailyCatchReport.php
15 Jul 2019 16:55:42|20|shiji@forstarfoods.com|DailyCatchReport.php
15 Jul 2019 16:55:43|20|shiji@forstarfoods.com|DailyCatchReport.php
15 Jul 2019 16:55:45|20|shiji@forstarfoods.com|DailyCatchReport.php
15 Jul 2019 16:55:47|20|shiji@forstarfoods.com|DailyCatchReport.php
15 Jul 2019 16:55:48|20|shiji@forstarfoods.com|DailyCatchReport.php
15 Jul 2019 16:55:49|20|shiji@forstarfoods.com|DailyCatchReport.php
15 Jul 2019 16:55:51|20|shiji@forstarfoods.com|PrintDailyCatchReportMemo.php
15 Jul 2019 16:55:58|20|shiji@forstarfoods.com|PrintDailyCatchReportMemo.php
15 Jul 2019 16:56:09|28|pratiksha@forstarfoods.com|ManageGatePass.php
15 Jul 2019 16:56:29|20|shiji@forstarfoods.com|DailyCatchReport.php
15 Jul 2019 16:56:31|20|shiji@forstarfoods.com|DailyCatchReport.php
15 Jul 2019 16:56:32|20|shiji@forstarfoods.com|DailyCatchReport.php
15 Jul 2019 16:56:37|20|shiji@forstarfoods.com|DailyCatchReport.php
15 Jul 2019 16:56:39|20|shiji@forstarfoods.com|DailyCatchReport.php
15 Jul 2019 16:56:40|20|shiji@forstarfoods.com|DailyCatchReport.php
15 Jul 2019 16:56:41|20|shiji@forstarfoods.com|DailyCatchReport.php
15 Jul 2019 16:56:43|20|shiji@forstarfoods.com|DailyCatchReport.php
15 Jul 2019 16:56:45|20|shiji@forstarfoods.com|DailyCatchReport.php
15 Jul 2019 16:56:46|20|shiji@forstarfoods.com|DailyCatchReport.php
15 Jul 2019 16:56:48|20|shiji@forstarfoods.com|PrintDailyCatchReportMemo.php
15 Jul 2019 16:56:59|20|shiji@forstarfoods.com|PrintDailyCatchReportMemo.php
15 Jul 2019 16:57:10|28|pratiksha@forstarfoods.com|ManageGatePass.php
15 Jul 2019 16:57:26|20|shiji@forstarfoods.com|DailyCatchReport.php
15 Jul 2019 16:57:28|20|shiji@forstarfoods.com|DailyCatchReport.php
15 Jul 2019 16:57:29|20|shiji@forstarfoods.com|DailyCatchReport.php
15 Jul 2019 16:57:37|20|shiji@forstarfoods.com|DailyCatchReport.php
15 Jul 2019 16:57:38|20|shiji@forstarfoods.com|DailyCatchReport.php
15 Jul 2019 16:57:40|20|shiji@forstarfoods.com|DailyCatchReport.php
15 Jul 2019 16:57:41|20|shiji@forstarfoods.com|DailyCatchReport.php
15 Jul 2019 16:57:43|20|shiji@forstarfoods.com|DailyCatchReport.php
15 Jul 2019 16:57:45|20|shiji@forstarfoods.com|DailyCatchReport.php
15 Jul 2019 16:57:46|20|shiji@forstarfoods.com|DailyCatchReport.php
15 Jul 2019 16:57:47|20|shiji@forstarfoods.com|PrintDailyCatchReportMemo.php
15 Jul 2019 16:57:55|20|shiji@forstarfoods.com|PrintDailyCatchReportMemo.php
15 Jul 2019 16:58:22|20|shiji@forstarfoods.com|DailyCatchReport.php
15 Jul 2019 16:58:23|20|shiji@forstarfoods.com|DailyCatchReport.php
15 Jul 2019 16:58:25|20|shiji@forstarfoods.com|DailyCatchReport.php
15 Jul 2019 16:58:28|20|shiji@forstarfoods.com|DailyCatchReport.php
15 Jul 2019 16:58:30|20|shiji@forstarfoods.com|DailyCatchReport.php
15 Jul 2019 16:58:32|20|shiji@forstarfoods.com|DailyCatchReport.php
15 Jul 2019 16:58:33|20|shiji@forstarfoods.com|DailyCatchReport.php
15 Jul 2019 16:58:36|20|shiji@forstarfoods.com|DailyCatchReport.php
15 Jul 2019 16:58:38|20|shiji@forstarfoods.com|DailyCatchReport.php
15 Jul 2019 16:58:39|20|shiji@forstarfoods.com|DailyCatchReport.php
15 Jul 2019 16:58:42|20|shiji@forstarfoods.com|PrintDailyCatchReportMemo.php
15 Jul 2019 16:58:51|20|shiji@forstarfoods.com|PrintDailyCatchReportMemo.php
15 Jul 2019 17:08:48|20|shiji@forstarfoods.com|DailyCatchReport.php
15 Jul 2019 17:08:50|20|shiji@forstarfoods.com|DailyCatchReport.php
15 Jul 2019 17:08:51|20|shiji@forstarfoods.com|DailyCatchReport.php
15 Jul 2019 17:34:05|28|pratiksha@forstarfoods.com|Home.php
15 Jul 2019 17:34:10|28|pratiksha@forstarfoods.com|ManageGatePass.php
15 Jul 2019 17:34:13|28|pratiksha@forstarfoods.com|ManageGatePass.php
15 Jul 2019 17:34:16|28|pratiksha@forstarfoods.com|ManageGatePass.php
15 Jul 2019 17:34:18|28|pratiksha@forstarfoods.com|ManageGatePass.php
15 Jul 2019 17:36:00|28|pratiksha@forstarfoods.com|ManageGatePass.php
15 Jul 2019 17:36:03|28|pratiksha@forstarfoods.com|ManageGatePass.php
15 Jul 2019 17:36:06|28|pratiksha@forstarfoods.com|ManageGatePass.php
15 Jul 2019 17:36:12|28|pratiksha@forstarfoods.com|ManageGatePass.php
15 Jul 2019 17:36:17|28|pratiksha@forstarfoods.com|ManageGatePass.php
15 Jul 2019 17:36:24|28|pratiksha@forstarfoods.com|PrintGatePass.php
15 Jul 2019 17:37:18|28|pratiksha@forstarfoods.com|ManageGatePass.php
15 Jul 2019 17:38:19|28|pratiksha@forstarfoods.com|ManageGatePass.php
15 Jul 2019 17:39:21|28|pratiksha@forstarfoods.com|ManageGatePass.php
15 Jul 2019 17:40:22|28|pratiksha@forstarfoods.com|ManageGatePass.php
15 Jul 2019 17:41:23|28|pratiksha@forstarfoods.com|ManageGatePass.php
15 Jul 2019 17:42:25|28|pratiksha@forstarfoods.com|ManageGatePass.php
15 Jul 2019 17:43:26|28|pratiksha@forstarfoods.com|ManageGatePass.php
15 Jul 2019 17:44:27|28|pratiksha@forstarfoods.com|ManageGatePass.php
15 Jul 2019 17:45:29|28|pratiksha@forstarfoods.com|ManageGatePass.php
15 Jul 2019 17:46:30|28|pratiksha@forstarfoods.com|ManageGatePass.php
15 Jul 2019 17:47:31|28|pratiksha@forstarfoods.com|ManageGatePass.php
15 Jul 2019 17:48:33|28|pratiksha@forstarfoods.com|ManageGatePass.php
15 Jul 2019 17:49:34|28|pratiksha@forstarfoods.com|ManageGatePass.php
15 Jul 2019 17:50:35|28|pratiksha@forstarfoods.com|ManageGatePass.php
15 Jul 2019 17:51:36|28|pratiksha@forstarfoods.com|ManageGatePass.php
15 Jul 2019 17:54:01|28|pratiksha@forstarfoods.com|Home.php
15 Jul 2019 17:54:06|28|pratiksha@forstarfoods.com|ManageGatePass.php
15 Jul 2019 17:54:09|28|pratiksha@forstarfoods.com|ManageGatePass.php
15 Jul 2019 17:54:21|28|pratiksha@forstarfoods.com|ManageGatePass.php
15 Jul 2019 17:54:25|28|pratiksha@forstarfoods.com|ManageGatePass.php
15 Jul 2019 17:54:33|28|pratiksha@forstarfoods.com|ManageGatePass.php
15 Jul 2019 17:54:36|28|pratiksha@forstarfoods.com|ManageGatePass.php
15 Jul 2019 17:54:48|28|pratiksha@forstarfoods.com|PrintGatePass.php
15 Jul 2019 17:55:37|28|pratiksha@forstarfoods.com|ManageGatePass.php
15 Jul 2019 17:56:38|28|pratiksha@forstarfoods.com|ManageGatePass.php
16 Jul 2019 10:17:19|20|shiji@forstarfoods.com|Home.php
16 Jul 2019 10:17:32|20|shiji@forstarfoods.com|DailyCatchEntry_New.php
16 Jul 2019 10:17:37|20|shiji@forstarfoods.com|DailyCatchEntry_New.php
16 Jul 2019 10:17:38|20|shiji@forstarfoods.com|DailyCatchEntry_New.php
16 Jul 2019 10:17:39|20|shiji@forstarfoods.com|DailyCatchEntry_New.php
16 Jul 2019 10:17:41|20|shiji@forstarfoods.com|DailyCatchEntry_New.php
16 Jul 2019 10:17:42|20|shiji@forstarfoods.com|DailyCatchEntry_New.php
16 Jul 2019 10:17:43|20|shiji@forstarfoods.com|DailyCatchEntry_New.php
16 Jul 2019 10:19:57|20|shiji@forstarfoods.com|DailyCatchEntry_New.php
16 Jul 2019 10:20:00|20|shiji@forstarfoods.com|DailyCatchEntry_New.php
16 Jul 2019 10:20:01|20|shiji@forstarfoods.com|DailyCatchEntry_New.php
16 Jul 2019 10:20:02|20|shiji@forstarfoods.com|CatchEntryDeclaredItem.php
16 Jul 2019 10:20:04|20|shiji@forstarfoods.com|DailyCatchEntry_New.php
16 Jul 2019 10:20:05|20|shiji@forstarfoods.com|CatchEntryDeclaredItem.php
16 Jul 2019 10:22:46|20|shiji@forstarfoods.com|DailyCatchEntry_New.php
16 Jul 2019 10:22:49|20|shiji@forstarfoods.com|DailyCatchEntry_New.php
16 Jul 2019 10:22:51|20|shiji@forstarfoods.com|CatchEntryDeclaredItem.php
16 Jul 2019 10:23:03|20|shiji@forstarfoods.com|DailyCatchEntry_New.php
16 Jul 2019 10:23:05|20|shiji@forstarfoods.com|DailyCatchEntry_New.php
16 Jul 2019 10:23:22|20|shiji@forstarfoods.com|DailyCatchEntry_New.php
16 Jul 2019 10:23:24|20|shiji@forstarfoods.com|DailyCatchEntry_New.php
16 Jul 2019 10:23:30|20|shiji@forstarfoods.com|DailyCatchEntry_New.php
16 Jul 2019 10:23:33|20|shiji@forstarfoods.com|DailyCatchEntry_New.php
16 Jul 2019 10:23:35|20|shiji@forstarfoods.com|DailyCatchEntry_New.php
16 Jul 2019 10:23:36|20|shiji@forstarfoods.com|DailyCatchEntry_New.php
16 Jul 2019 10:23:37|20|shiji@forstarfoods.com|DailyCatchEntry_New.php
16 Jul 2019 10:23:39|20|shiji@forstarfoods.com|CatchEntryDeclaredItem.php
16 Jul 2019 10:23:40|20|shiji@forstarfoods.com|DailyCatchEntry_New.php
16 Jul 2019 10:23:52|20|shiji@forstarfoods.com|DailyCatchEntry_New.php
16 Jul 2019 10:23:53|20|shiji@forstarfoods.com|DailyCatchEntry_New.php
16 Jul 2019 10:23:54|20|shiji@forstarfoods.com|DailyCatchEntry_New.php
16 Jul 2019 10:23:55|20|shiji@forstarfoods.com|DailyCatchEntry_New.php
16 Jul 2019 10:23:57|20|shiji@forstarfoods.com|DailyCatchEntry_New.php
16 Jul 2019 10:25:34|20|shiji@forstarfoods.com|DailyCatchReport.php
16 Jul 2019 10:25:46|20|shiji@forstarfoods.com|DailyCatchReport.php
16 Jul 2019 10:25:49|20|shiji@forstarfoods.com|DailyCatchReport.php
16 Jul 2019 10:25:51|20|shiji@forstarfoods.com|DailyCatchReport.php
16 Jul 2019 10:25:53|20|shiji@forstarfoods.com|DailyCatchReport.php
16 Jul 2019 10:25:54|20|shiji@forstarfoods.com|DailyCatchReport.php
16 Jul 2019 10:25:56|20|shiji@forstarfoods.com|PrintDailyCatchReportMemo.php
16 Jul 2019 10:27:35|20|shiji@forstarfoods.com|PrintDailyCatchReportMemo.php
16 Jul 2019 10:28:14|20|shiji@forstarfoods.com|DailyCatchReport.php
16 Jul 2019 10:28:16|20|shiji@forstarfoods.com|DailyCatchReport.php
16 Jul 2019 10:28:17|20|shiji@forstarfoods.com|DailyCatchReport.php
16 Jul 2019 10:28:29|20|shiji@forstarfoods.com|DailyCatchReport.php
16 Jul 2019 10:28:31|20|shiji@forstarfoods.com|DailyCatchReport.php
16 Jul 2019 10:28:33|20|shiji@forstarfoods.com|DailyCatchReport.php
16 Jul 2019 10:28:34|20|shiji@forstarfoods.com|DailyCatchReport.php
16 Jul 2019 10:28:36|20|shiji@forstarfoods.com|DailyCatchReport.php
16 Jul 2019 10:28:38|20|shiji@forstarfoods.com|DailyCatchReport.php
16 Jul 2019 10:28:39|20|shiji@forstarfoods.com|DailyCatchReport.php
16 Jul 2019 10:28:41|20|shiji@forstarfoods.com|PrintDailyCatchReportMemo.php
16 Jul 2019 10:29:30|20|shiji@forstarfoods.com|DailyCatchEntry_New.php
16 Jul 2019 10:29:35|20|shiji@forstarfoods.com|DailyCatchEntry_New.php
16 Jul 2019 10:29:36|20|shiji@forstarfoods.com|DailyCatchEntry_New.php
16 Jul 2019 10:29:37|20|shiji@forstarfoods.com|DailyCatchEntry_New.php
16 Jul 2019 10:29:40|20|shiji@forstarfoods.com|DailyCatchEntry_New.php
16 Jul 2019 10:29:41|20|shiji@forstarfoods.com|DailyCatchEntry_New.php
16 Jul 2019 10:29:43|20|shiji@forstarfoods.com|DailyCatchEntry_New.php
16 Jul 2019 10:29:57|20|shiji@forstarfoods.com|DailyCatchEntry_New.php
16 Jul 2019 10:30:00|20|shiji@forstarfoods.com|DailyCatchEntry_New.php
16 Jul 2019 10:30:01|20|shiji@forstarfoods.com|DailyCatchEntry_New.php
16 Jul 2019 10:30:02|20|shiji@forstarfoods.com|CatchEntryDeclaredItem.php
16 Jul 2019 10:30:03|20|shiji@forstarfoods.com|DailyCatchEntry_New.php
16 Jul 2019 10:30:05|20|shiji@forstarfoods.com|CatchEntryDeclaredItem.php
16 Jul 2019 10:30:48|20|shiji@forstarfoods.com|DailyCatchEntry_New.php
16 Jul 2019 10:30:50|20|shiji@forstarfoods.com|DailyCatchEntry_New.php
16 Jul 2019 10:30:52|20|shiji@forstarfoods.com|CatchEntryDeclaredItem.php
16 Jul 2019 10:30:59|20|shiji@forstarfoods.com|DailyCatchEntry_New.php
16 Jul 2019 10:31:02|20|shiji@forstarfoods.com|DailyCatchEntry_New.php
16 Jul 2019 10:31:16|20|shiji@forstarfoods.com|DailyCatchEntry_New.php
16 Jul 2019 10:31:18|20|shiji@forstarfoods.com|DailyCatchEntry_New.php
16 Jul 2019 10:31:21|20|shiji@forstarfoods.com|DailyCatchEntry_New.php
16 Jul 2019 10:31:31|20|shiji@forstarfoods.com|DailyCatchReport.php
16 Jul 2019 10:31:41|20|shiji@forstarfoods.com|DailyCatchReport.php
16 Jul 2019 10:31:45|20|shiji@forstarfoods.com|DailyCatchReport.php
16 Jul 2019 10:31:47|20|shiji@forstarfoods.com|DailyCatchReport.php
16 Jul 2019 10:31:49|20|shiji@forstarfoods.com|DailyCatchReport.php
16 Jul 2019 10:31:50|20|shiji@forstarfoods.com|DailyCatchReport.php
16 Jul 2019 10:31:52|20|shiji@forstarfoods.com|PrintDailyCatchReportMemo.php
16 Jul 2019 10:32:13|20|shiji@forstarfoods.com|PrintDailyCatchReportMemo.php
16 Jul 2019 10:32:45|20|shiji@forstarfoods.com|DailyCatchReport.php
16 Jul 2019 10:32:46|20|shiji@forstarfoods.com|DailyCatchReport.php
16 Jul 2019 10:32:48|20|shiji@forstarfoods.com|DailyCatchReport.php
16 Jul 2019 10:32:57|20|shiji@forstarfoods.com|DailyCatchReport.php
16 Jul 2019 10:32:59|20|shiji@forstarfoods.com|DailyCatchReport.php
16 Jul 2019 10:33:00|20|shiji@forstarfoods.com|DailyCatchReport.php
16 Jul 2019 10:33:01|20|shiji@forstarfoods.com|DailyCatchReport.php
16 Jul 2019 10:33:03|20|shiji@forstarfoods.com|DailyCatchReport.php
16 Jul 2019 10:33:05|20|shiji@forstarfoods.com|DailyCatchReport.php
16 Jul 2019 10:33:06|20|shiji@forstarfoods.com|DailyCatchReport.php
16 Jul 2019 10:33:08|20|shiji@forstarfoods.com|PrintDailyCatchReportMemo.php
16 Jul 2019 10:33:21|20|shiji@forstarfoods.com|PrintDailyCatchReportMemo.php
16 Jul 2019 10:33:51|20|shiji@forstarfoods.com|DailyCatchReport.php
16 Jul 2019 10:33:53|20|shiji@forstarfoods.com|DailyCatchReport.php
16 Jul 2019 10:33:54|20|shiji@forstarfoods.com|DailyCatchReport.php
16 Jul 2019 10:34:07|20|shiji@forstarfoods.com|DailyCatchReport.php
16 Jul 2019 10:34:09|20|shiji@forstarfoods.com|DailyCatchReport.php
16 Jul 2019 10:34:10|20|shiji@forstarfoods.com|DailyCatchReport.php
16 Jul 2019 10:34:12|20|shiji@forstarfoods.com|DailyCatchReport.php
16 Jul 2019 10:34:14|20|shiji@forstarfoods.com|DailyCatchReport.php
16 Jul 2019 10:34:16|20|shiji@forstarfoods.com|DailyCatchReport.php
16 Jul 2019 10:34:17|20|shiji@forstarfoods.com|DailyCatchReport.php
16 Jul 2019 10:34:18|20|shiji@forstarfoods.com|PrintDailyCatchReportMemo.php
16 Jul 2019 10:34:32|20|shiji@forstarfoods.com|PrintDailyCatchReportMemo.php
16 Jul 2019 10:36:09|20|shiji@forstarfoods.com|DailyCatchReport.php
16 Jul 2019 10:36:10|20|shiji@forstarfoods.com|DailyCatchReport.php
16 Jul 2019 10:36:11|20|shiji@forstarfoods.com|DailyCatchReport.php
16 Jul 2019 11:01:24|30|pritirm@forstarfoods.com|Home.php
16 Jul 2019 11:01:28|30|pritirm@forstarfoods.com|DailyCatchEntry_New.php
16 Jul 2019 11:01:31|30|pritirm@forstarfoods.com|DailyCatchEntry_New.php
16 Jul 2019 11:01:33|30|pritirm@forstarfoods.com|DailyCatchEntry_New.php
16 Jul 2019 11:01:35|30|pritirm@forstarfoods.com|DailyCatchEntry_New.php
16 Jul 2019 11:01:36|30|pritirm@forstarfoods.com|DailyCatchEntry_New.php
16 Jul 2019 11:01:37|30|pritirm@forstarfoods.com|CatchEntryDeclaredItem.php
16 Jul 2019 11:01:41|30|pritirm@forstarfoods.com|DailyCatchEntry_New.php
16 Jul 2019 11:01:42|30|pritirm@forstarfoods.com|DailyCatchEntry_New.php
16 Jul 2019 11:01:43|30|pritirm@forstarfoods.com|DailyCatchEntry_New.php
16 Jul 2019 11:01:45|30|pritirm@forstarfoods.com|DailyCatchEntry_New.php
16 Jul 2019 11:01:46|30|pritirm@forstarfoods.com|DailyCatchEntry_New.php
16 Jul 2019 11:01:48|30|pritirm@forstarfoods.com|DailyCatchEntry_New.php
16 Jul 2019 11:01:49|30|pritirm@forstarfoods.com|DailyCatchEntry_New.php
16 Jul 2019 11:01:50|30|pritirm@forstarfoods.com|DailyCatchEntry_New.php
16 Jul 2019 11:01:53|30|pritirm@forstarfoods.com|DailyCatchEntry_New.php
16 Jul 2019 11:01:58|30|pritirm@forstarfoods.com|DailyCatchEntry_New.php
16 Jul 2019 11:01:59|30|pritirm@forstarfoods.com|CatchEntryDeclaredItem.php
16 Jul 2019 11:02:06|30|pritirm@forstarfoods.com|DailyCatchEntry_New.php
16 Jul 2019 11:02:09|30|pritirm@forstarfoods.com|DailyCatchEntry_New.php
16 Jul 2019 11:02:10|30|pritirm@forstarfoods.com|DailyCatchEntry_New.php
16 Jul 2019 11:02:35|30|pritirm@forstarfoods.com|DailyCatchEntry_New.php
16 Jul 2019 11:02:38|30|pritirm@forstarfoods.com|DailyCatchEntry_New.php
16 Jul 2019 11:02:44|30|pritirm@forstarfoods.com|DailyCatchEntry_New.php
16 Jul 2019 11:02:45|30|pritirm@forstarfoods.com|DailyCatchEntry_New.php
16 Jul 2019 11:02:47|30|pritirm@forstarfoods.com|DailyCatchEntry_New.php
16 Jul 2019 11:02:48|30|pritirm@forstarfoods.com|DailyCatchEntry_New.php
16 Jul 2019 11:02:49|30|pritirm@forstarfoods.com|DailyCatchEntry_New.php
16 Jul 2019 11:02:50|30|pritirm@forstarfoods.com|DailyCatchEntry_New.php
16 Jul 2019 11:02:52|30|pritirm@forstarfoods.com|DailyCatchEntry_New.php
16 Jul 2019 11:02:54|30|pritirm@forstarfoods.com|DailyCatchEntry_New.php
16 Jul 2019 11:02:56|30|pritirm@forstarfoods.com|CatchEntryDeclaredItem.php
16 Jul 2019 11:03:02|30|pritirm@forstarfoods.com|DailyCatchEntry_New.php
16 Jul 2019 11:03:03|30|pritirm@forstarfoods.com|DailyCatchEntry_New.php
16 Jul 2019 11:03:06|30|pritirm@forstarfoods.com|DailyCatchEntry_New.php
16 Jul 2019 11:03:07|30|pritirm@forstarfoods.com|DailyCatchEntry_New.php
16 Jul 2019 11:03:08|30|pritirm@forstarfoods.com|DailyCatchEntry_New.php
16 Jul 2019 11:03:09|30|pritirm@forstarfoods.com|DailyCatchEntry_New.php
16 Jul 2019 11:03:11|30|pritirm@forstarfoods.com|DailyCatchEntry_New.php
16 Jul 2019 11:03:12|30|pritirm@forstarfoods.com|DailyCatchEntry_New.php
16 Jul 2019 11:03:13|30|pritirm@forstarfoods.com|DailyCatchEntry_New.php
16 Jul 2019 11:03:16|30|pritirm@forstarfoods.com|DailyCatchEntry_New.php
16 Jul 2019 11:03:17|30|pritirm@forstarfoods.com|CatchEntryDeclaredItem.php
16 Jul 2019 11:03:23|30|pritirm@forstarfoods.com|DailyCatchEntry_New.php
16 Jul 2019 11:03:25|30|pritirm@forstarfoods.com|DailyCatchEntry_New.php
16 Jul 2019 11:03:28|30|pritirm@forstarfoods.com|DailyCatchEntry_New.php
16 Jul 2019 11:03:29|30|pritirm@forstarfoods.com|DailyCatchEntry_New.php
16 Jul 2019 11:03:30|30|pritirm@forstarfoods.com|DailyCatchEntry_New.php
16 Jul 2019 11:03:31|30|pritirm@forstarfoods.com|DailyCatchEntry_New.php
16 Jul 2019 11:03:33|30|pritirm@forstarfoods.com|DailyCatchEntry_New.php
16 Jul 2019 11:03:34|30|pritirm@forstarfoods.com|DailyCatchEntry_New.php
16 Jul 2019 11:03:35|30|pritirm@forstarfoods.com|DailyCatchEntry_New.php
16 Jul 2019 11:03:38|30|pritirm@forstarfoods.com|DailyCatchEntry_New.php
16 Jul 2019 11:03:39|30|pritirm@forstarfoods.com|CatchEntryDeclaredItem.php
16 Jul 2019 11:03:43|30|pritirm@forstarfoods.com|DailyCatchEntry_New.php
16 Jul 2019 11:03:49|30|pritirm@forstarfoods.com|DailyCatchEntry_New.php
16 Jul 2019 11:03:51|30|pritirm@forstarfoods.com|DailyCatchEntry_New.php
16 Jul 2019 11:03:54|30|pritirm@forstarfoods.com|DailyCatchEntry_New.php
16 Jul 2019 11:03:56|30|pritirm@forstarfoods.com|DailyCatchEntry_New.php
16 Jul 2019 11:03:57|30|pritirm@forstarfoods.com|DailyCatchEntry_New.php
16 Jul 2019 11:03:58|30|pritirm@forstarfoods.com|DailyCatchEntry_New.php
16 Jul 2019 11:03:59|30|pritirm@forstarfoods.com|DailyCatchEntry_New.php
16 Jul 2019 11:04:01|30|pritirm@forstarfoods.com|DailyCatchEntry_New.php
16 Jul 2019 11:04:02|30|pritirm@forstarfoods.com|DailyCatchEntry_New.php
16 Jul 2019 11:04:07|30|pritirm@forstarfoods.com|DailyCatchEntry_New.php
16 Jul 2019 11:04:08|30|pritirm@forstarfoods.com|CatchEntryDeclaredItem.php
16 Jul 2019 11:04:12|30|pritirm@forstarfoods.com|DailyCatchReport.php
16 Jul 2019 11:04:18|30|pritirm@forstarfoods.com|DailyCatchReport.php
16 Jul 2019 11:04:22|30|pritirm@forstarfoods.com|DailyCatchReport.php
16 Jul 2019 11:04:24|30|pritirm@forstarfoods.com|DailyCatchReport.php
16 Jul 2019 11:04:26|30|pritirm@forstarfoods.com|DailyCatchReport.php
16 Jul 2019 11:04:27|30|pritirm@forstarfoods.com|DailyCatchReport.php
16 Jul 2019 11:04:32|30|pritirm@forstarfoods.com|PrintDailyCatchReportMemo.php
16 Jul 2019 11:04:49|30|pritirm@forstarfoods.com|DailyCatchReport.php
16 Jul 2019 11:04:51|30|pritirm@forstarfoods.com|DailyCatchReport.php
16 Jul 2019 11:04:52|30|pritirm@forstarfoods.com|DailyCatchReport.php
16 Jul 2019 11:04:54|30|pritirm@forstarfoods.com|SupplierAccount.php
16 Jul 2019 11:05:01|30|pritirm@forstarfoods.com|SupplierAccount.php
16 Jul 2019 11:05:04|30|pritirm@forstarfoods.com|SupplierAccount.php
16 Jul 2019 11:05:21|30|pritirm@forstarfoods.com|SupplierAccount.php
16 Jul 2019 11:05:42|30|pritirm@forstarfoods.com|SupplierAccount.php
16 Jul 2019 11:06:26|30|pritirm@forstarfoods.com|SupplierAccount.php
16 Jul 2019 11:58:44|30|pritirm@forstarfoods.com|SupplierAccount.php
16 Jul 2019 11:58:52|30|pritirm@forstarfoods.com|SupplierAccount.php
16 Jul 2019 12:02:53|30|pritirm@forstarfoods.com|Home.php
16 Jul 2019 12:22:33|30|pritirm@forstarfoods.com|SupplierAccount.php
16 Jul 2019 12:22:41|30|pritirm@forstarfoods.com|SupplierAccount.php
16 Jul 2019 12:22:47|30|pritirm@forstarfoods.com|SupplierAccount.php
16 Jul 2019 12:22:53|30|pritirm@forstarfoods.com|SupplierAccount.php
16 Jul 2019 12:23:03|30|pritirm@forstarfoods.com|SupplierAccount.php
16 Jul 2019 12:23:06|30|pritirm@forstarfoods.com|SupplierAccount.php
16 Jul 2019 12:28:44|30|pritirm@forstarfoods.com|SettlementSummary.php
16 Jul 2019 12:28:51|30|pritirm@forstarfoods.com|SettlementSummary.php
16 Jul 2019 12:28:56|30|pritirm@forstarfoods.com|SettlementSummary.php
16 Jul 2019 12:28:59|20|shiji@forstarfoods.com|Home.php
16 Jul 2019 12:29:04|20|shiji@forstarfoods.com|SupplierAccount.php
16 Jul 2019 12:29:15|20|shiji@forstarfoods.com|SupplierAccount.php
16 Jul 2019 12:29:21|30|pritirm@forstarfoods.com|SettlementSummary.php
16 Jul 2019 12:29:23|20|shiji@forstarfoods.com|SupplierAccount.php
16 Jul 2019 12:29:25|30|pritirm@forstarfoods.com|SettlementSummary.php
16 Jul 2019 12:29:28|20|shiji@forstarfoods.com|SupplierAccount.php
16 Jul 2019 12:29:33|20|shiji@forstarfoods.com|SupplierAccount.php
16 Jul 2019 12:29:36|30|pritirm@forstarfoods.com|SettlementSummary.php
16 Jul 2019 12:29:37|20|shiji@forstarfoods.com|SupplierAccount.php
16 Jul 2019 12:29:39|30|pritirm@forstarfoods.com|SupplierPayments.php
16 Jul 2019 12:29:40|30|pritirm@forstarfoods.com|SupplierPayments.php
16 Jul 2019 12:29:41|30|pritirm@forstarfoods.com|SupplierPayments.php
16 Jul 2019 12:29:42|20|shiji@forstarfoods.com|SupplierAccount.php
16 Jul 2019 12:29:43|30|pritirm@forstarfoods.com|SettlementSummary.php
16 Jul 2019 12:29:46|20|shiji@forstarfoods.com|SupplierAccount.php
16 Jul 2019 12:29:50|30|pritirm@forstarfoods.com|SettlementSummary.php
16 Jul 2019 12:29:55|30|pritirm@forstarfoods.com|SettlementSummary.php
16 Jul 2019 12:29:59|30|pritirm@forstarfoods.com|SettlementSummary.php
16 Jul 2019 12:30:03|30|pritirm@forstarfoods.com|SettlementSummary.php
16 Jul 2019 12:30:12|30|pritirm@forstarfoods.com|SettlementSummary.php
16 Jul 2019 12:30:14|30|pritirm@forstarfoods.com|SupplierPayments.php
16 Jul 2019 12:30:16|30|pritirm@forstarfoods.com|SupplierPayments.php
16 Jul 2019 12:30:17|30|pritirm@forstarfoods.com|SupplierPayments.php
16 Jul 2019 12:30:21|30|pritirm@forstarfoods.com|SettlementSummary.php
16 Jul 2019 12:30:27|30|pritirm@forstarfoods.com|SettlementSummary.php
16 Jul 2019 12:30:32|30|pritirm@forstarfoods.com|SettlementSummary.php
16 Jul 2019 12:30:36|30|pritirm@forstarfoods.com|SettlementSummary.php
16 Jul 2019 12:30:47|20|shiji@forstarfoods.com|SupplierAccount.php
16 Jul 2019 12:30:56|30|pritirm@forstarfoods.com|SettlementSummary.php
16 Jul 2019 12:30:57|20|shiji@forstarfoods.com|SupplierAccount.php
16 Jul 2019 12:30:58|30|pritirm@forstarfoods.com|SupplierPayments.php
16 Jul 2019 12:31:00|30|pritirm@forstarfoods.com|SupplierPayments.php
16 Jul 2019 12:31:01|30|pritirm@forstarfoods.com|SupplierPayments.php
16 Jul 2019 12:31:02|20|shiji@forstarfoods.com|SupplierAccount.php
16 Jul 2019 12:31:03|30|pritirm@forstarfoods.com|SettlementSummary.php
16 Jul 2019 12:31:09|30|pritirm@forstarfoods.com|SettlementSummary.php
16 Jul 2019 12:31:14|30|pritirm@forstarfoods.com|SettlementSummary.php
16 Jul 2019 12:31:17|30|pritirm@forstarfoods.com|SettlementSummary.php
16 Jul 2019 12:31:25|30|pritirm@forstarfoods.com|SettlementSummary.php
16 Jul 2019 12:31:27|30|pritirm@forstarfoods.com|SupplierPayments.php
16 Jul 2019 12:31:29|30|pritirm@forstarfoods.com|SupplierPayments.php
16 Jul 2019 12:31:30|30|pritirm@forstarfoods.com|SupplierPayments.php
16 Jul 2019 12:31:33|30|pritirm@forstarfoods.com|PurchaseStatement.php
16 Jul 2019 12:31:49|30|pritirm@forstarfoods.com|PurchaseStatement.php
16 Jul 2019 12:32:02|30|pritirm@forstarfoods.com|PurchaseStatement.php
16 Jul 2019 12:32:10|30|pritirm@forstarfoods.com|PurchaseStatement.php
16 Jul 2019 12:32:12|30|pritirm@forstarfoods.com|PrintPurchaseStatement.php
16 Jul 2019 12:32:12|20|shiji@forstarfoods.com|SupplierAccount.php
16 Jul 2019 12:32:18|20|shiji@forstarfoods.com|SupplierAccount.php
16 Jul 2019 12:32:32|30|pritirm@forstarfoods.com|PurchaseStatement.php
16 Jul 2019 12:32:38|30|pritirm@forstarfoods.com|PrintPurchaseStatement.php
16 Jul 2019 12:33:02|30|pritirm@forstarfoods.com|PurchaseStatement.php
16 Jul 2019 12:33:05|30|pritirm@forstarfoods.com|PurchaseStatement.php
16 Jul 2019 12:33:08|30|pritirm@forstarfoods.com|PrintPurchaseStatement.php
16 Jul 2019 12:33:22|20|shiji@forstarfoods.com|SupplierAccount.php
16 Jul 2019 12:33:32|20|shiji@forstarfoods.com|SupplierAccount.php
16 Jul 2019 12:33:48|30|pritirm@forstarfoods.com|PurchaseStatement.php
16 Jul 2019 12:33:54|30|pritirm@forstarfoods.com|PurchaseStatement.php
16 Jul 2019 12:33:58|30|pritirm@forstarfoods.com|PrintPurchaseStatement.php
16 Jul 2019 12:34:03|30|pritirm@forstarfoods.com|PurchaseStatement.php
16 Jul 2019 12:34:05|30|pritirm@forstarfoods.com|PrintPurchaseStatement.php
16 Jul 2019 12:35:32|20|shiji@forstarfoods.com|SupplierAccount.php
16 Jul 2019 12:35:39|20|shiji@forstarfoods.com|SupplierAccount.php
16 Jul 2019 12:36:42|20|shiji@forstarfoods.com|SupplierAccount.php
16 Jul 2019 12:37:00|20|shiji@forstarfoods.com|SettlementSummary.php
16 Jul 2019 12:37:09|20|shiji@forstarfoods.com|SettlementSummary.php
16 Jul 2019 12:37:12|20|shiji@forstarfoods.com|SupplierPayments.php
16 Jul 2019 12:37:13|20|shiji@forstarfoods.com|SupplierPayments.php
16 Jul 2019 12:37:15|20|shiji@forstarfoods.com|SupplierPayments.php
16 Jul 2019 12:37:21|20|shiji@forstarfoods.com|SupplierAccount.php
16 Jul 2019 12:37:27|20|shiji@forstarfoods.com|SupplierAccount.php
16 Jul 2019 12:37:41|20|shiji@forstarfoods.com|SupplierAccount.php
16 Jul 2019 12:37:45|20|shiji@forstarfoods.com|SupplierAccount.php
16 Jul 2019 12:37:49|20|shiji@forstarfoods.com|SupplierAccount.php
16 Jul 2019 12:38:13|20|shiji@forstarfoods.com|SupplierAccount.php
16 Jul 2019 12:38:16|20|shiji@forstarfoods.com|SupplierAccount.php
16 Jul 2019 12:38:34|20|shiji@forstarfoods.com|SupplierAccount.php
16 Jul 2019 12:38:44|20|shiji@forstarfoods.com|SupplierAccount.php
16 Jul 2019 12:38:51|20|shiji@forstarfoods.com|SupplierAccount.php
16 Jul 2019 12:38:56|20|shiji@forstarfoods.com|SupplierAccount.php
16 Jul 2019 12:39:43|20|shiji@forstarfoods.com|SupplierAccount.php
16 Jul 2019 12:39:57|20|shiji@forstarfoods.com|SupplierAccount.php
16 Jul 2019 12:40:02|20|shiji@forstarfoods.com|SupplierAccount.php
16 Jul 2019 12:40:23|20|shiji@forstarfoods.com|SupplierAccount.php
16 Jul 2019 12:40:35|20|shiji@forstarfoods.com|SupplierAccount.php
16 Jul 2019 12:40:38|20|shiji@forstarfoods.com|SupplierAccount.php
16 Jul 2019 12:40:49|20|shiji@forstarfoods.com|SupplierAccount.php
16 Jul 2019 12:41:29|20|shiji@forstarfoods.com|SupplierAccount.php
16 Jul 2019 12:41:37|20|shiji@forstarfoods.com|SupplierAccount.php
16 Jul 2019 12:41:49|20|shiji@forstarfoods.com|SupplierAccount.php
16 Jul 2019 12:41:55|20|shiji@forstarfoods.com|SupplierAccount.php
16 Jul 2019 12:42:17|20|shiji@forstarfoods.com|SupplierAccount.php
16 Jul 2019 12:42:25|20|shiji@forstarfoods.com|SettlementSummary.php
16 Jul 2019 12:42:35|20|shiji@forstarfoods.com|SettlementSummary.php
16 Jul 2019 12:42:37|20|shiji@forstarfoods.com|SupplierPayments.php
16 Jul 2019 12:42:39|20|shiji@forstarfoods.com|SupplierPayments.php
16 Jul 2019 12:42:40|20|shiji@forstarfoods.com|SupplierPayments.php
16 Jul 2019 12:42:43|20|shiji@forstarfoods.com|SupplierAccount.php
16 Jul 2019 12:43:09|20|shiji@forstarfoods.com|SupplierAccount.php
16 Jul 2019 12:43:13|20|shiji@forstarfoods.com|SupplierAccount.php
16 Jul 2019 12:43:16|20|shiji@forstarfoods.com|SupplierAccount.php
16 Jul 2019 12:43:20|20|shiji@forstarfoods.com|SupplierAccount.php
16 Jul 2019 12:43:32|20|shiji@forstarfoods.com|SupplierAccount.php
16 Jul 2019 12:43:38|20|shiji@forstarfoods.com|SupplierAccount.php
16 Jul 2019 12:43:52|20|shiji@forstarfoods.com|SupplierAccount.php
16 Jul 2019 12:43:56|20|shiji@forstarfoods.com|SupplierAccount.php
16 Jul 2019 12:44:16|20|shiji@forstarfoods.com|SupplierAccount.php
16 Jul 2019 12:44:24|20|shiji@forstarfoods.com|SupplierAccount.php
16 Jul 2019 12:44:41|20|shiji@forstarfoods.com|SupplierAccount.php
16 Jul 2019 12:44:45|20|shiji@forstarfoods.com|SupplierAccount.php
16 Jul 2019 12:45:05|20|shiji@forstarfoods.com|SupplierAccount.php
16 Jul 2019 12:45:31|20|shiji@forstarfoods.com|SettlementSummary.php
16 Jul 2019 12:45:42|20|shiji@forstarfoods.com|SettlementSummary.php
16 Jul 2019 12:45:45|20|shiji@forstarfoods.com|SupplierPayments.php
16 Jul 2019 12:45:46|20|shiji@forstarfoods.com|SupplierPayments.php