
11 Feb 2019 14:15:14|20|shiji@forstarfoods.com|DailyCatchReport.php
11 Feb 2019 14:15:22|20|shiji@forstarfoods.com|DailyCatchReport.php
11 Feb 2019 14:15:24|20|shiji@forstarfoods.com|DailyCatchReport.php
11 Feb 2019 14:15:25|20|shiji@forstarfoods.com|DailyCatchReport.php
11 Feb 2019 14:15:27|20|shiji@forstarfoods.com|DailyCatchReport.php
11 Feb 2019 14:15:30|20|shiji@forstarfoods.com|DailyCatchReport.php
11 Feb 2019 14:15:32|20|shiji@forstarfoods.com|DailyCatchReport.php
11 Feb 2019 14:15:34|20|shiji@forstarfoods.com|DailyCatchReport.php
11 Feb 2019 14:15:35|20|shiji@forstarfoods.com|DailyCatchReport.php
11 Feb 2019 14:15:38|20|shiji@forstarfoods.com|PrintDailyCatchReportMemo.php
11 Feb 2019 14:15:50|20|shiji@forstarfoods.com|PrintDailyCatchReportMemo.php
11 Feb 2019 14:15:52|28|pratiksha@forstarfoods.com|ManageGatePass.php
11 Feb 2019 14:16:30|20|shiji@forstarfoods.com|DailyCatchReport.php
11 Feb 2019 14:16:31|20|shiji@forstarfoods.com|DailyCatchReport.php
11 Feb 2019 14:16:33|20|shiji@forstarfoods.com|DailyCatchReport.php
11 Feb 2019 14:16:39|20|shiji@forstarfoods.com|DailyCatchReport.php
11 Feb 2019 14:16:41|20|shiji@forstarfoods.com|DailyCatchReport.php
11 Feb 2019 14:16:42|20|shiji@forstarfoods.com|DailyCatchReport.php
11 Feb 2019 14:16:44|20|shiji@forstarfoods.com|DailyCatchReport.php
11 Feb 2019 14:16:56|28|pratiksha@forstarfoods.com|ManageGatePass.php
11 Feb 2019 14:17:18|20|shiji@forstarfoods.com|DailyCatchReport.php
11 Feb 2019 14:17:20|20|shiji@forstarfoods.com|DailyCatchReport.php
11 Feb 2019 14:17:21|20|shiji@forstarfoods.com|DailyCatchReport.php
11 Feb 2019 14:17:23|20|shiji@forstarfoods.com|PrintDailyCatchReportMemo.php
11 Feb 2019 14:17:58|28|pratiksha@forstarfoods.com|ManageGatePass.php
11 Feb 2019 14:18:27|20|shiji@forstarfoods.com|PrintDailyCatchReportMemo.php
11 Feb 2019 14:19:01|28|pratiksha@forstarfoods.com|ManageGatePass.php
11 Feb 2019 14:19:03|20|shiji@forstarfoods.com|DailyCatchReport.php
11 Feb 2019 14:19:05|20|shiji@forstarfoods.com|DailyCatchReport.php
11 Feb 2019 14:19:06|20|shiji@forstarfoods.com|DailyCatchReport.php
11 Feb 2019 14:19:13|20|shiji@forstarfoods.com|DailyCatchReport.php
11 Feb 2019 14:19:14|20|shiji@forstarfoods.com|DailyCatchReport.php
11 Feb 2019 14:19:16|20|shiji@forstarfoods.com|DailyCatchReport.php
11 Feb 2019 14:19:17|20|shiji@forstarfoods.com|DailyCatchReport.php
11 Feb 2019 14:19:20|20|shiji@forstarfoods.com|DailyCatchReport.php
11 Feb 2019 14:19:22|20|shiji@forstarfoods.com|DailyCatchReport.php
11 Feb 2019 14:19:23|20|shiji@forstarfoods.com|DailyCatchReport.php
11 Feb 2019 14:19:25|20|shiji@forstarfoods.com|DailyCatchReport.php
11 Feb 2019 14:19:26|20|shiji@forstarfoods.com|PrintDailyCatchReportMemo.php
11 Feb 2019 14:19:35|20|shiji@forstarfoods.com|PrintDailyCatchReportMemo.php
11 Feb 2019 14:20:03|28|pratiksha@forstarfoods.com|ManageGatePass.php
11 Feb 2019 14:20:34|20|shiji@forstarfoods.com|DailyCatchReport.php
11 Feb 2019 14:20:36|20|shiji@forstarfoods.com|DailyCatchReport.php
11 Feb 2019 14:20:37|20|shiji@forstarfoods.com|DailyCatchReport.php
11 Feb 2019 14:20:45|20|shiji@forstarfoods.com|DailyCatchReport.php
11 Feb 2019 14:20:46|20|shiji@forstarfoods.com|DailyCatchReport.php
11 Feb 2019 14:20:48|20|shiji@forstarfoods.com|DailyCatchReport.php
11 Feb 2019 14:20:49|20|shiji@forstarfoods.com|DailyCatchReport.php
11 Feb 2019 14:20:51|20|shiji@forstarfoods.com|DailyCatchReport.php
11 Feb 2019 14:20:53|20|shiji@forstarfoods.com|DailyCatchReport.php
11 Feb 2019 14:20:54|20|shiji@forstarfoods.com|DailyCatchReport.php
11 Feb 2019 14:20:55|20|shiji@forstarfoods.com|PrintDailyCatchReportMemo.php
11 Feb 2019 14:21:04|28|pratiksha@forstarfoods.com|ManageGatePass.php
11 Feb 2019 14:21:10|20|shiji@forstarfoods.com|PrintDailyCatchReportMemo.php
11 Feb 2019 14:21:37|20|shiji@forstarfoods.com|DailyCatchReport.php
11 Feb 2019 14:21:39|20|shiji@forstarfoods.com|DailyCatchReport.php
11 Feb 2019 14:21:40|20|shiji@forstarfoods.com|DailyCatchReport.php
11 Feb 2019 14:21:44|20|shiji@forstarfoods.com|DailyCatchReport.php
11 Feb 2019 14:21:46|20|shiji@forstarfoods.com|DailyCatchReport.php
11 Feb 2019 14:21:48|20|shiji@forstarfoods.com|DailyCatchReport.php
11 Feb 2019 14:21:49|20|shiji@forstarfoods.com|DailyCatchReport.php
11 Feb 2019 14:21:51|20|shiji@forstarfoods.com|DailyCatchReport.php
11 Feb 2019 14:21:52|20|shiji@forstarfoods.com|DailyCatchReport.php
11 Feb 2019 14:21:54|20|shiji@forstarfoods.com|DailyCatchReport.php
11 Feb 2019 14:21:55|20|shiji@forstarfoods.com|PrintDailyCatchReportMemo.php
11 Feb 2019 14:22:03|20|shiji@forstarfoods.com|PrintDailyCatchReportMemo.php
11 Feb 2019 14:22:07|28|pratiksha@forstarfoods.com|ManageGatePass.php
11 Feb 2019 14:22:33|20|shiji@forstarfoods.com|DailyCatchReport.php
11 Feb 2019 14:22:35|20|shiji@forstarfoods.com|DailyCatchReport.php
11 Feb 2019 14:22:36|20|shiji@forstarfoods.com|DailyCatchReport.php
11 Feb 2019 14:22:41|20|shiji@forstarfoods.com|DailyCatchReport.php
11 Feb 2019 14:22:50|20|shiji@forstarfoods.com|DailyCatchReport.php
11 Feb 2019 14:22:52|20|shiji@forstarfoods.com|DailyCatchReport.php
11 Feb 2019 14:22:53|20|shiji@forstarfoods.com|DailyCatchReport.php
11 Feb 2019 14:22:54|20|shiji@forstarfoods.com|PrintDailyCatchReportMemo.php
11 Feb 2019 14:23:04|20|shiji@forstarfoods.com|PrintDailyCatchReportMemo.php
11 Feb 2019 14:23:09|28|pratiksha@forstarfoods.com|ManageGatePass.php
11 Feb 2019 14:24:11|28|pratiksha@forstarfoods.com|ManageGatePass.php
11 Feb 2019 14:25:12|28|pratiksha@forstarfoods.com|ManageGatePass.php
11 Feb 2019 14:26:13|28|pratiksha@forstarfoods.com|ManageGatePass.php
11 Feb 2019 14:27:15|28|pratiksha@forstarfoods.com|ManageGatePass.php
11 Feb 2019 14:28:16|28|pratiksha@forstarfoods.com|ManageGatePass.php
11 Feb 2019 14:29:17|28|pratiksha@forstarfoods.com|ManageGatePass.php
11 Feb 2019 14:30:19|28|pratiksha@forstarfoods.com|ManageGatePass.php
11 Feb 2019 14:31:20|28|pratiksha@forstarfoods.com|ManageGatePass.php
11 Feb 2019 14:32:21|28|pratiksha@forstarfoods.com|ManageGatePass.php
11 Feb 2019 14:33:23|28|pratiksha@forstarfoods.com|ManageGatePass.php
11 Feb 2019 14:34:24|28|pratiksha@forstarfoods.com|ManageGatePass.php
11 Feb 2019 14:35:26|28|pratiksha@forstarfoods.com|ManageGatePass.php
11 Feb 2019 14:36:27|28|pratiksha@forstarfoods.com|ManageGatePass.php
11 Feb 2019 14:37:28|28|pratiksha@forstarfoods.com|ManageGatePass.php
11 Feb 2019 14:38:30|28|pratiksha@forstarfoods.com|ManageGatePass.php
11 Feb 2019 14:41:11|29|kavitha@forstarfoods.com|Home.php
11 Feb 2019 14:41:16|29|kavitha@forstarfoods.com|SupplierAccount.php
11 Feb 2019 14:41:48|29|kavitha@forstarfoods.com|SupplierAccount.php
11 Feb 2019 14:41:53|29|kavitha@forstarfoods.com|SupplierAccount.php
11 Feb 2019 14:41:57|29|kavitha@forstarfoods.com|SupplierAccount.php
11 Feb 2019 14:42:15|29|kavitha@forstarfoods.com|SupplierAccount.php
11 Feb 2019 14:44:22|28|pratiksha@forstarfoods.com|ManageGatePass.php
11 Feb 2019 14:45:24|28|pratiksha@forstarfoods.com|ManageGatePass.php
11 Feb 2019 14:46:25|28|pratiksha@forstarfoods.com|ManageGatePass.php
11 Feb 2019 14:47:25|20|shiji@forstarfoods.com|DailyCatchReport.php
11 Feb 2019 14:47:26|28|pratiksha@forstarfoods.com|ManageGatePass.php
11 Feb 2019 14:47:27|20|shiji@forstarfoods.com|DailyCatchReport.php
11 Feb 2019 14:47:28|20|shiji@forstarfoods.com|DailyCatchReport.php
11 Feb 2019 14:47:38|20|shiji@forstarfoods.com|DailyCatchEntry_New.php
11 Feb 2019 14:47:41|20|shiji@forstarfoods.com|DailyCatchEntry_New.php
11 Feb 2019 14:47:42|20|shiji@forstarfoods.com|DailyCatchEntry_New.php
11 Feb 2019 14:47:44|20|shiji@forstarfoods.com|DailyCatchEntry_New.php
11 Feb 2019 14:47:45|20|shiji@forstarfoods.com|DailyCatchEntry_New.php
11 Feb 2019 14:47:46|20|shiji@forstarfoods.com|CatchEntryDeclaredItem.php
11 Feb 2019 14:47:47|20|shiji@forstarfoods.com|DailyCatchEntry_New.php
11 Feb 2019 14:47:57|20|shiji@forstarfoods.com|DailyCatchEntry_New.php
11 Feb 2019 14:48:28|28|pratiksha@forstarfoods.com|ManageGatePass.php
11 Feb 2019 14:49:29|28|pratiksha@forstarfoods.com|ManageGatePass.php
11 Feb 2019 14:50:30|28|pratiksha@forstarfoods.com|ManageGatePass.php
11 Feb 2019 14:51:32|28|pratiksha@forstarfoods.com|ManageGatePass.php
11 Feb 2019 14:52:33|28|pratiksha@forstarfoods.com|ManageGatePass.php
11 Feb 2019 14:52:42|20|shiji@forstarfoods.com|DailyCatchEntry_New.php
11 Feb 2019 14:53:35|28|pratiksha@forstarfoods.com|ManageGatePass.php
11 Feb 2019 14:54:36|28|pratiksha@forstarfoods.com|ManageGatePass.php
11 Feb 2019 14:55:37|28|pratiksha@forstarfoods.com|ManageGatePass.php
11 Feb 2019 14:56:39|28|pratiksha@forstarfoods.com|ManageGatePass.php
11 Feb 2019 14:57:40|28|pratiksha@forstarfoods.com|ManageGatePass.php
11 Feb 2019 14:57:44|20|shiji@forstarfoods.com|DailyCatchEntry_New.php
11 Feb 2019 14:58:41|28|pratiksha@forstarfoods.com|ManageGatePass.php
11 Feb 2019 14:59:43|28|pratiksha@forstarfoods.com|ManageGatePass.php
11 Feb 2019 15:00:44|28|pratiksha@forstarfoods.com|ManageGatePass.php
11 Feb 2019 15:01:45|28|pratiksha@forstarfoods.com|ManageGatePass.php
11 Feb 2019 15:02:45|20|shiji@forstarfoods.com|DailyCatchEntry_New.php
11 Feb 2019 15:02:47|28|pratiksha@forstarfoods.com|ManageGatePass.php
11 Feb 2019 15:03:48|28|pratiksha@forstarfoods.com|ManageGatePass.php
11 Feb 2019 15:04:49|28|pratiksha@forstarfoods.com|ManageGatePass.php
11 Feb 2019 15:05:51|28|pratiksha@forstarfoods.com|ManageGatePass.php
11 Feb 2019 15:06:52|28|pratiksha@forstarfoods.com|ManageGatePass.php
11 Feb 2019 15:07:46|20|shiji@forstarfoods.com|DailyCatchEntry_New.php
11 Feb 2019 15:07:53|28|pratiksha@forstarfoods.com|ManageGatePass.php
11 Feb 2019 15:08:55|28|pratiksha@forstarfoods.com|ManageGatePass.php
11 Feb 2019 15:09:56|28|pratiksha@forstarfoods.com|ManageGatePass.php
11 Feb 2019 15:10:58|28|pratiksha@forstarfoods.com|ManageGatePass.php
11 Feb 2019 15:11:59|28|pratiksha@forstarfoods.com|ManageGatePass.php
11 Feb 2019 15:12:48|20|shiji@forstarfoods.com|DailyCatchEntry_New.php
11 Feb 2019 15:13:00|28|pratiksha@forstarfoods.com|ManageGatePass.php
11 Feb 2019 15:14:02|28|pratiksha@forstarfoods.com|ManageGatePass.php
11 Feb 2019 15:15:03|28|pratiksha@forstarfoods.com|ManageGatePass.php
11 Feb 2019 15:16:04|28|pratiksha@forstarfoods.com|ManageGatePass.php
11 Feb 2019 15:17:06|28|pratiksha@forstarfoods.com|ManageGatePass.php
11 Feb 2019 15:17:49|20|shiji@forstarfoods.com|DailyCatchEntry_New.php
11 Feb 2019 15:18:07|28|pratiksha@forstarfoods.com|ManageGatePass.php
11 Feb 2019 15:19:08|28|pratiksha@forstarfoods.com|ManageGatePass.php
11 Feb 2019 15:20:10|28|pratiksha@forstarfoods.com|ManageGatePass.php
11 Feb 2019 15:21:11|28|pratiksha@forstarfoods.com|ManageGatePass.php
11 Feb 2019 15:22:12|28|pratiksha@forstarfoods.com|ManageGatePass.php
11 Feb 2019 15:22:42|20|shiji@forstarfoods.com|DailyCatchSummary.php
11 Feb 2019 15:23:14|28|pratiksha@forstarfoods.com|ManageGatePass.php
11 Feb 2019 15:24:01|20|shiji@forstarfoods.com|DailyCatchSummary.php
11 Feb 2019 15:24:15|28|pratiksha@forstarfoods.com|ManageGatePass.php
11 Feb 2019 15:25:17|28|pratiksha@forstarfoods.com|ManageGatePass.php
11 Feb 2019 15:26:18|28|pratiksha@forstarfoods.com|ManageGatePass.php
11 Feb 2019 15:27:19|28|pratiksha@forstarfoods.com|ManageGatePass.php
11 Feb 2019 15:28:21|28|pratiksha@forstarfoods.com|ManageGatePass.php
11 Feb 2019 15:29:22|28|pratiksha@forstarfoods.com|ManageGatePass.php
11 Feb 2019 15:30:23|28|pratiksha@forstarfoods.com|ManageGatePass.php
11 Feb 2019 15:31:25|28|pratiksha@forstarfoods.com|ManageGatePass.php
11 Feb 2019 15:32:26|28|pratiksha@forstarfoods.com|ManageGatePass.php
11 Feb 2019 15:33:27|28|pratiksha@forstarfoods.com|ManageGatePass.php
11 Feb 2019 15:34:29|28|pratiksha@forstarfoods.com|ManageGatePass.php
11 Feb 2019 15:35:30|28|pratiksha@forstarfoods.com|ManageGatePass.php
11 Feb 2019 15:36:31|28|pratiksha@forstarfoods.com|ManageGatePass.php
11 Feb 2019 15:37:33|28|pratiksha@forstarfoods.com|ManageGatePass.php
11 Feb 2019 15:38:34|28|pratiksha@forstarfoods.com|ManageGatePass.php
11 Feb 2019 15:39:35|28|pratiksha@forstarfoods.com|ManageGatePass.php
11 Feb 2019 15:40:37|28|pratiksha@forstarfoods.com|ManageGatePass.php
11 Feb 2019 15:41:38|28|pratiksha@forstarfoods.com|ManageGatePass.php
11 Feb 2019 15:42:39|28|pratiksha@forstarfoods.com|ManageGatePass.php
11 Feb 2019 15:43:41|28|pratiksha@forstarfoods.com|ManageGatePass.php
11 Feb 2019 15:44:42|28|pratiksha@forstarfoods.com|ManageGatePass.php
11 Feb 2019 15:45:43|28|pratiksha@forstarfoods.com|ManageGatePass.php
11 Feb 2019 15:46:45|28|pratiksha@forstarfoods.com|ManageGatePass.php
11 Feb 2019 15:47:46|28|pratiksha@forstarfoods.com|ManageGatePass.php
11 Feb 2019 15:48:48|28|pratiksha@forstarfoods.com|ManageGatePass.php
11 Feb 2019 15:49:49|28|pratiksha@forstarfoods.com|ManageGatePass.php
11 Feb 2019 15:50:50|28|pratiksha@forstarfoods.com|ManageGatePass.php
11 Feb 2019 15:51:51|28|pratiksha@forstarfoods.com|ManageGatePass.php
11 Feb 2019 15:52:53|28|pratiksha@forstarfoods.com|ManageGatePass.php
11 Feb 2019 15:53:54|28|pratiksha@forstarfoods.com|ManageGatePass.php
11 Feb 2019 15:54:55|28|pratiksha@forstarfoods.com|ManageGatePass.php
11 Feb 2019 15:55:57|28|pratiksha@forstarfoods.com|ManageGatePass.php
11 Feb 2019 15:56:58|28|pratiksha@forstarfoods.com|ManageGatePass.php
11 Feb 2019 15:57:59|28|pratiksha@forstarfoods.com|ManageGatePass.php
11 Feb 2019 15:59:01|28|pratiksha@forstarfoods.com|ManageGatePass.php
11 Feb 2019 16:00:02|28|pratiksha@forstarfoods.com|ManageGatePass.php
11 Feb 2019 16:01:03|28|pratiksha@forstarfoods.com|ManageGatePass.php
11 Feb 2019 16:02:05|28|pratiksha@forstarfoods.com|ManageGatePass.php
11 Feb 2019 16:03:06|28|pratiksha@forstarfoods.com|ManageGatePass.php
11 Feb 2019 16:04:07|28|pratiksha@forstarfoods.com|ManageGatePass.php
11 Feb 2019 16:05:09|28|pratiksha@forstarfoods.com|ManageGatePass.php
11 Feb 2019 16:06:10|28|pratiksha@forstarfoods.com|ManageGatePass.php
11 Feb 2019 16:07:11|28|pratiksha@forstarfoods.com|ManageGatePass.php
11 Feb 2019 16:08:13|28|pratiksha@forstarfoods.com|ManageGatePass.php
11 Feb 2019 16:09:14|28|pratiksha@forstarfoods.com|ManageGatePass.php
11 Feb 2019 16:10:15|28|pratiksha@forstarfoods.com|ManageGatePass.php
11 Feb 2019 16:11:17|28|pratiksha@forstarfoods.com|ManageGatePass.php
11 Feb 2019 16:12:18|28|pratiksha@forstarfoods.com|ManageGatePass.php
11 Feb 2019 16:13:19|28|pratiksha@forstarfoods.com|ManageGatePass.php
11 Feb 2019 16:14:21|28|pratiksha@forstarfoods.com|ManageGatePass.php
11 Feb 2019 16:15:22|28|pratiksha@forstarfoods.com|ManageGatePass.php
11 Feb 2019 16:16:23|28|pratiksha@forstarfoods.com|ManageGatePass.php
11 Feb 2019 16:17:26|28|pratiksha@forstarfoods.com|ManageGatePass.php
11 Feb 2019 16:18:28|28|pratiksha@forstarfoods.com|ManageGatePass.php
11 Feb 2019 16:19:31|28|pratiksha@forstarfoods.com|ManageGatePass.php
11 Feb 2019 16:20:34|28|pratiksha@forstarfoods.com|ManageGatePass.php
11 Feb 2019 16:21:36|28|pratiksha@forstarfoods.com|ManageGatePass.php
11 Feb 2019 16:22:38|28|pratiksha@forstarfoods.com|ManageGatePass.php
11 Feb 2019 16:23:42|28|pratiksha@forstarfoods.com|ManageGatePass.php
11 Feb 2019 16:24:45|28|pratiksha@forstarfoods.com|ManageGatePass.php
11 Feb 2019 16:25:47|28|pratiksha@forstarfoods.com|ManageGatePass.php
11 Feb 2019 16:26:50|28|pratiksha@forstarfoods.com|ManageGatePass.php
11 Feb 2019 16:27:53|28|pratiksha@forstarfoods.com|ManageGatePass.php
11 Feb 2019 16:28:56|28|pratiksha@forstarfoods.com|ManageGatePass.php
11 Feb 2019 16:29:58|28|pratiksha@forstarfoods.com|ManageGatePass.php
11 Feb 2019 16:31:01|28|pratiksha@forstarfoods.com|ManageGatePass.php
11 Feb 2019 16:32:04|28|pratiksha@forstarfoods.com|ManageGatePass.php
11 Feb 2019 16:33:07|28|pratiksha@forstarfoods.com|ManageGatePass.php
11 Feb 2019 16:34:09|28|pratiksha@forstarfoods.com|ManageGatePass.php
11 Feb 2019 16:35:12|28|pratiksha@forstarfoods.com|ManageGatePass.php
11 Feb 2019 16:36:15|28|pratiksha@forstarfoods.com|ManageGatePass.php
11 Feb 2019 16:37:18|28|pratiksha@forstarfoods.com|ManageGatePass.php
11 Feb 2019 16:38:21|28|pratiksha@forstarfoods.com|ManageGatePass.php
11 Feb 2019 16:39:23|28|pratiksha@forstarfoods.com|ManageGatePass.php
11 Feb 2019 16:40:25|28|pratiksha@forstarfoods.com|ManageGatePass.php
11 Feb 2019 16:41:28|28|pratiksha@forstarfoods.com|ManageGatePass.php
11 Feb 2019 16:42:32|28|pratiksha@forstarfoods.com|ManageGatePass.php
11 Feb 2019 16:43:34|28|pratiksha@forstarfoods.com|ManageGatePass.php
11 Feb 2019 16:44:37|28|pratiksha@forstarfoods.com|ManageGatePass.php
11 Feb 2019 16:45:39|28|pratiksha@forstarfoods.com|ManageGatePass.php
11 Feb 2019 16:46:42|28|pratiksha@forstarfoods.com|ManageGatePass.php
11 Feb 2019 16:47:44|28|pratiksha@forstarfoods.com|ManageGatePass.php
11 Feb 2019 16:48:47|28|pratiksha@forstarfoods.com|ManageGatePass.php
11 Feb 2019 16:49:50|28|pratiksha@forstarfoods.com|ManageGatePass.php
11 Feb 2019 16:50:53|28|pratiksha@forstarfoods.com|ManageGatePass.php
11 Feb 2019 16:51:55|28|pratiksha@forstarfoods.com|ManageGatePass.php
11 Feb 2019 16:52:58|28|pratiksha@forstarfoods.com|ManageGatePass.php
11 Feb 2019 16:54:00|28|pratiksha@forstarfoods.com|ManageGatePass.php
11 Feb 2019 16:55:05|28|pratiksha@forstarfoods.com|ManageGatePass.php
11 Feb 2019 16:56:07|28|pratiksha@forstarfoods.com|ManageGatePass.php
11 Feb 2019 16:57:10|28|pratiksha@forstarfoods.com|ManageGatePass.php
11 Feb 2019 16:58:13|28|pratiksha@forstarfoods.com|ManageGatePass.php
11 Feb 2019 16:59:14|28|pratiksha@forstarfoods.com|ManageGatePass.php
11 Feb 2019 16:59:36|28|pratiksha@forstarfoods.com|ManageGatePass.php
11 Feb 2019 16:59:40|28|pratiksha@forstarfoods.com|ManageGatePass.php
11 Feb 2019 16:59:42|28|pratiksha@forstarfoods.com|ManageGatePass.php
11 Feb 2019 17:00:29|28|pratiksha@forstarfoods.com|ManageGatePass.php
11 Feb 2019 17:00:31|28|pratiksha@forstarfoods.com|ManageGatePass.php
11 Feb 2019 17:00:34|28|pratiksha@forstarfoods.com|ManageGatePass.php
11 Feb 2019 17:00:38|28|pratiksha@forstarfoods.com|ManageGatePass.php
11 Feb 2019 17:00:40|28|pratiksha@forstarfoods.com|ManageGatePass.php
11 Feb 2019 17:00:44|28|pratiksha@forstarfoods.com|PrintGatePass.php
11 Feb 2019 17:00:53|28|pratiksha@forstarfoods.com|ManageGatePass.php
11 Feb 2019 17:00:56|28|pratiksha@forstarfoods.com|ManageGatePass.php
11 Feb 2019 17:00:58|28|pratiksha@forstarfoods.com|ManageGatePass.php
11 Feb 2019 17:01:16|28|pratiksha@forstarfoods.com|ManageGatePass.php
11 Feb 2019 17:01:18|28|pratiksha@forstarfoods.com|ManageGatePass.php
11 Feb 2019 17:01:23|28|pratiksha@forstarfoods.com|ManageGatePass.php
11 Feb 2019 17:01:29|28|pratiksha@forstarfoods.com|ManageGatePass.php
11 Feb 2019 17:01:33|28|pratiksha@forstarfoods.com|ManageGatePass.php
11 Feb 2019 17:01:37|28|pratiksha@forstarfoods.com|PrintGatePass.php
11 Feb 2019 17:02:35|28|pratiksha@forstarfoods.com|ManageGatePass.php
11 Feb 2019 17:03:38|28|pratiksha@forstarfoods.com|ManageGatePass.php
11 Feb 2019 17:04:40|28|pratiksha@forstarfoods.com|ManageGatePass.php
11 Feb 2019 17:05:44|28|pratiksha@forstarfoods.com|ManageGatePass.php
11 Feb 2019 17:06:46|28|pratiksha@forstarfoods.com|ManageGatePass.php
11 Feb 2019 17:07:49|28|pratiksha@forstarfoods.com|ManageGatePass.php
11 Feb 2019 17:08:52|28|pratiksha@forstarfoods.com|ManageGatePass.php
11 Feb 2019 17:09:54|28|pratiksha@forstarfoods.com|ManageGatePass.php
11 Feb 2019 17:10:57|28|pratiksha@forstarfoods.com|ManageGatePass.php
11 Feb 2019 17:12:00|28|pratiksha@forstarfoods.com|ManageGatePass.php
11 Feb 2019 17:13:02|28|pratiksha@forstarfoods.com|ManageGatePass.php
11 Feb 2019 17:14:04|28|pratiksha@forstarfoods.com|ManageGatePass.php
11 Feb 2019 17:15:07|28|pratiksha@forstarfoods.com|ManageGatePass.php
11 Feb 2019 17:16:10|28|pratiksha@forstarfoods.com|ManageGatePass.php
11 Feb 2019 17:17:13|28|pratiksha@forstarfoods.com|ManageGatePass.php
11 Feb 2019 17:18:15|28|pratiksha@forstarfoods.com|ManageGatePass.php
11 Feb 2019 17:19:18|28|pratiksha@forstarfoods.com|ManageGatePass.php
11 Feb 2019 17:20:21|28|pratiksha@forstarfoods.com|ManageGatePass.php
11 Feb 2019 17:21:24|28|pratiksha@forstarfoods.com|ManageGatePass.php
11 Feb 2019 17:22:26|28|pratiksha@forstarfoods.com|ManageGatePass.php
11 Feb 2019 17:22:59|28|pratiksha@forstarfoods.com|ManageGatePass.php
11 Feb 2019 17:23:03|28|pratiksha@forstarfoods.com|ManageGatePass.php
11 Feb 2019 17:23:51|28|pratiksha@forstarfoods.com|ManageGatePass.php
11 Feb 2019 17:24:15|29|kavitha@forstarfoods.com|SupplierAccount.php
11 Feb 2019 17:24:18|28|pratiksha@forstarfoods.com|ManageGatePass.php
11 Feb 2019 17:24:20|28|pratiksha@forstarfoods.com|ManageGatePass.php
11 Feb 2019 17:24:23|28|pratiksha@forstarfoods.com|ManageGatePass.php
11 Feb 2019 17:24:24|29|kavitha@forstarfoods.com|SupplierAccount.php
11 Feb 2019 17:24:27|28|pratiksha@forstarfoods.com|ManageGatePass.php
11 Feb 2019 17:24:36|28|pratiksha@forstarfoods.com|ManageGatePass.php
11 Feb 2019 17:24:39|28|pratiksha@forstarfoods.com|PrintGatePass.php
11 Feb 2019 17:24:47|28|pratiksha@forstarfoods.com|ManageGatePass.php
11 Feb 2019 17:24:51|28|pratiksha@forstarfoods.com|ManageGatePass.php
11 Feb 2019 17:24:53|28|pratiksha@forstarfoods.com|ManageGatePass.php
11 Feb 2019 17:25:14|28|pratiksha@forstarfoods.com|ManageGatePass.php
11 Feb 2019 17:25:25|28|pratiksha@forstarfoods.com|ManageGatePass.php
11 Feb 2019 17:25:32|28|pratiksha@forstarfoods.com|ManageGatePass.php
11 Feb 2019 17:25:36|28|pratiksha@forstarfoods.com|ManageGatePass.php
11 Feb 2019 17:25:39|28|pratiksha@forstarfoods.com|ManageGatePass.php
11 Feb 2019 17:25:41|28|pratiksha@forstarfoods.com|PrintGatePass.php
11 Feb 2019 17:25:48|28|pratiksha@forstarfoods.com|ManageGatePass.php
11 Feb 2019 17:25:55|28|pratiksha@forstarfoods.com|ManageGatePass.php
11 Feb 2019 17:25:56|28|pratiksha@forstarfoods.com|ManageGatePass.php
11 Feb 2019 17:26:14|28|pratiksha@forstarfoods.com|ManageGatePass.php
11 Feb 2019 17:26:20|28|pratiksha@forstarfoods.com|ManageGatePass.php
11 Feb 2019 17:26:23|28|pratiksha@forstarfoods.com|ManageGatePass.php
11 Feb 2019 17:26:27|28|pratiksha@forstarfoods.com|ManageGatePass.php
11 Feb 2019 17:26:29|28|pratiksha@forstarfoods.com|ManageGatePass.php
11 Feb 2019 17:26:31|28|pratiksha@forstarfoods.com|PrintGatePass.php
11 Feb 2019 17:26:37|28|pratiksha@forstarfoods.com|ManageGatePass.php
11 Feb 2019 17:26:40|28|pratiksha@forstarfoods.com|ManageGatePass.php
11 Feb 2019 17:26:42|28|pratiksha@forstarfoods.com|ManageGatePass.php
11 Feb 2019 17:26:58|28|pratiksha@forstarfoods.com|ManageGatePass.php
11 Feb 2019 17:27:00|28|pratiksha@forstarfoods.com|ManageGatePass.php
11 Feb 2019 17:27:03|28|pratiksha@forstarfoods.com|ManageGatePass.php
11 Feb 2019 17:27:07|28|pratiksha@forstarfoods.com|ManageGatePass.php
11 Feb 2019 17:27:09|28|pratiksha@forstarfoods.com|ManageGatePass.php
11 Feb 2019 17:27:12|28|pratiksha@forstarfoods.com|PrintGatePass.php
11 Feb 2019 17:28:11|28|pratiksha@forstarfoods.com|ManageGatePass.php
11 Feb 2019 17:29:14|28|pratiksha@forstarfoods.com|ManageGatePass.php
11 Feb 2019 17:30:16|28|pratiksha@forstarfoods.com|ManageGatePass.php
11 Feb 2019 17:31:19|28|pratiksha@forstarfoods.com|ManageGatePass.php
11 Feb 2019 17:32:22|28|pratiksha@forstarfoods.com|ManageGatePass.php
11 Feb 2019 17:33:26|28|pratiksha@forstarfoods.com|ManageGatePass.php
11 Feb 2019 17:34:30|28|pratiksha@forstarfoods.com|ManageGatePass.php
11 Feb 2019 17:35:32|28|pratiksha@forstarfoods.com|ManageGatePass.php
11 Feb 2019 17:36:34|28|pratiksha@forstarfoods.com|ManageGatePass.php
11 Feb 2019 17:37:37|24|shashikala@forstarfoods.com|Home.php
11 Feb 2019 17:37:37|28|pratiksha@forstarfoods.com|ManageGatePass.php
11 Feb 2019 17:37:55|24|shashikala@forstarfoods.com|DailyPreProcess.php
11 Feb 2019 17:38:40|28|pratiksha@forstarfoods.com|ManageGatePass.php
11 Feb 2019 17:38:54|24|shashikala@forstarfoods.com|DailyPreProcess.php
11 Feb 2019 17:39:06|24|shashikala@forstarfoods.com|DailyPreProcess.php
11 Feb 2019 17:39:14|24|shashikala@forstarfoods.com|DailyPreProcess.php
11 Feb 2019 17:39:16|24|shashikala@forstarfoods.com|DailyPreProcess.php
11 Feb 2019 17:39:42|28|pratiksha@forstarfoods.com|ManageGatePass.php
11 Feb 2019 17:40:38|24|shashikala@forstarfoods.com|DailyPreProcess.php
11 Feb 2019 17:40:45|28|pratiksha@forstarfoods.com|ManageGatePass.php
11 Feb 2019 17:40:47|24|shashikala@forstarfoods.com|DailyPreProcess.php
11 Feb 2019 17:40:51|24|shashikala@forstarfoods.com|DailyPreProcess.php
11 Feb 2019 17:41:01|24|shashikala@forstarfoods.com|DailyPreProcess.php
11 Feb 2019 17:41:03|24|shashikala@forstarfoods.com|DailyPreProcess.php
11 Feb 2019 17:41:22|24|shashikala@forstarfoods.com|DailyPreProcess.php
11 Feb 2019 17:41:30|24|shashikala@forstarfoods.com|DailyPreProcess.php
11 Feb 2019 17:41:33|24|shashikala@forstarfoods.com|DailyPreProcess.php
11 Feb 2019 17:41:47|28|pratiksha@forstarfoods.com|ManageGatePass.php
11 Feb 2019 17:41:50|24|shashikala@forstarfoods.com|DailyPreProcess.php
11 Feb 2019 17:41:51|24|shashikala@forstarfoods.com|DailyPreProcess.php
11 Feb 2019 17:42:50|28|pratiksha@forstarfoods.com|ManageGatePass.php
11 Feb 2019 17:43:53|28|pratiksha@forstarfoods.com|ManageGatePass.php
11 Feb 2019 17:44:56|28|pratiksha@forstarfoods.com|ManageGatePass.php
11 Feb 2019 17:45:16|24|shashikala@forstarfoods.com|DailyPreProcess.php
11 Feb 2019 17:45:58|28|pratiksha@forstarfoods.com|ManageGatePass.php
11 Feb 2019 17:46:21|24|shashikala@forstarfoods.com|Home.php
11 Feb 2019 17:46:26|24|shashikala@forstarfoods.com|DailyPreProcess.php
11 Feb 2019 17:47:01|28|pratiksha@forstarfoods.com|ManageGatePass.php
11 Feb 2019 17:48:05|28|pratiksha@forstarfoods.com|ManageGatePass.php
11 Feb 2019 17:48:46|24|shashikala@forstarfoods.com|DailyRMCB.php
11 Feb 2019 17:48:53|24|shashikala@forstarfoods.com|DailyRMCB.php
11 Feb 2019 17:49:02|24|shashikala@forstarfoods.com|DailyRMCB.php
11 Feb 2019 17:49:07|28|pratiksha@forstarfoods.com|ManageGatePass.php
11 Feb 2019 17:50:10|28|pratiksha@forstarfoods.com|ManageGatePass.php
11 Feb 2019 17:51:13|28|pratiksha@forstarfoods.com|ManageGatePass.php
11 Feb 2019 17:52:16|28|pratiksha@forstarfoods.com|ManageGatePass.php
11 Feb 2019 17:53:18|28|pratiksha@forstarfoods.com|ManageGatePass.php
11 Feb 2019 17:54:20|28|pratiksha@forstarfoods.com|ManageGatePass.php
11 Feb 2019 17:55:23|28|pratiksha@forstarfoods.com|ManageGatePass.php
11 Feb 2019 17:56:26|28|pratiksha@forstarfoods.com|ManageGatePass.php
11 Feb 2019 17:57:29|28|pratiksha@forstarfoods.com|ManageGatePass.php
11 Feb 2019 17:58:32|28|pratiksha@forstarfoods.com|ManageGatePass.php
11 Feb 2019 17:59:35|28|pratiksha@forstarfoods.com|ManageGatePass.php
11 Feb 2019 18:00:38|28|pratiksha@forstarfoods.com|ManageGatePass.php
12 Feb 2019 09:40:21|30|pritirm@forstarfoods.com|Home.php
12 Feb 2019 10:40:53|30|pritirm@forstarfoods.com|DailyCatchEntry_New.php
12 Feb 2019 10:41:14|30|pritirm@forstarfoods.com|DailyCatchEntry_New.php
12 Feb 2019 10:41:16|30|pritirm@forstarfoods.com|DailyCatchEntry_New.php
12 Feb 2019 10:41:17|30|pritirm@forstarfoods.com|DailyCatchEntry_New.php
12 Feb 2019 10:41:19|30|pritirm@forstarfoods.com|DailyCatchEntry_New.php
12 Feb 2019 10:41:20|30|pritirm@forstarfoods.com|CatchEntryDeclaredItem.php
12 Feb 2019 10:41:21|30|pritirm@forstarfoods.com|DailyCatchEntry_New.php
12 Feb 2019 10:41:24|30|pritirm@forstarfoods.com|DailyCatchEntry_New.php
12 Feb 2019 10:41:25|30|pritirm@forstarfoods.com|DailyCatchEntry_New.php
12 Feb 2019 10:41:26|30|pritirm@forstarfoods.com|DailyCatchEntry_New.php
12 Feb 2019 10:41:37|30|pritirm@forstarfoods.com|DailyCatchEntry_New.php
12 Feb 2019 10:41:46|30|pritirm@forstarfoods.com|DailyCatchEntry_New.php
12 Feb 2019 10:41:47|30|pritirm@forstarfoods.com|CatchEntryDeclaredItem.php
12 Feb 2019 10:42:16|30|pritirm@forstarfoods.com|DailyCatchEntry_New.php
12 Feb 2019 10:42:19|30|pritirm@forstarfoods.com|DailyCatchEntry_New.php
12 Feb 2019 10:42:21|30|pritirm@forstarfoods.com|DailyCatchEntry_New.php
12 Feb 2019 10:43:00|30|pritirm@forstarfoods.com|DailyCatchEntry_New.php
12 Feb 2019 10:43:05|30|pritirm@forstarfoods.com|DailyCatchEntry_New.php
12 Feb 2019 10:43:09|30|pritirm@forstarfoods.com|DailyCatchEntry_New.php
12 Feb 2019 10:43:10|30|pritirm@forstarfoods.com|DailyCatchEntry_New.php
12 Feb 2019 10:43:12|30|pritirm@forstarfoods.com|DailyCatchEntry_New.php
12 Feb 2019 10:43:13|30|pritirm@forstarfoods.com|DailyCatchEntry_New.php
12 Feb 2019 10:43:14|30|pritirm@forstarfoods.com|DailyCatchEntry_New.php
12 Feb 2019 10:43:15|30|pritirm@forstarfoods.com|DailyCatchEntry_New.php
12 Feb 2019 10:43:17|30|pritirm@forstarfoods.com|DailyCatchEntry_New.php
12 Feb 2019 10:43:18|30|pritirm@forstarfoods.com|DailyCatchEntry_New.php
12 Feb 2019 10:43:19|30|pritirm@forstarfoods.com|DailyCatchEntry_New.php
12 Feb 2019 10:43:20|30|pritirm@forstarfoods.com|DailyCatchEntry_New.php
12 Feb 2019 10:43:22|30|pritirm@forstarfoods.com|DailyCatchEntry_New.php
12 Feb 2019 10:43:23|30|pritirm@forstarfoods.com|DailyCatchEntry_New.php
12 Feb 2019 10:43:24|30|pritirm@forstarfoods.com|DailyCatchEntry_New.php
12 Feb 2019 10:43:25|30|pritirm@forstarfoods.com|DailyCatchEntry_New.php
12 Feb 2019 10:43:26|30|pritirm@forstarfoods.com|DailyCatchEntry_New.php
12 Feb 2019 10:43:28|30|pritirm@forstarfoods.com|DailyCatchEntry_New.php
12 Feb 2019 10:43:38|30|pritirm@forstarfoods.com|DailyCatchEntry_New.php
12 Feb 2019 10:43:40|30|pritirm@forstarfoods.com|DailyCatchEntry_New.php
12 Feb 2019 10:43:42|30|pritirm@forstarfoods.com|CatchEntryDeclaredItem.php
12 Feb 2019 10:46:16|30|pritirm@forstarfoods.com|DailyCatchEntry_New.php
12 Feb 2019 10:47:56|30|pritirm@forstarfoods.com|DailyCatchEntry_New.php
12 Feb 2019 10:47:57|30|pritirm@forstarfoods.com|DailyCatchEntry_New.php
12 Feb 2019 10:47:58|30|pritirm@forstarfoods.com|DailyCatchEntry_New.php
12 Feb 2019 10:49:07|30|pritirm@forstarfoods.com|DailyCatchEntry_New.php
12 Feb 2019 10:49:20|30|pritirm@forstarfoods.com|DailyCatchEntry_New.php
12 Feb 2019 10:49:22|30|pritirm@forstarfoods.com|CatchEntryDeclaredItem.php
12 Feb 2019 10:50:02|30|pritirm@forstarfoods.com|DailyCatchEntry_New.php
12 Feb 2019 10:50:16|30|pritirm@forstarfoods.com|DailyCatchEntry_New.php
12 Feb 2019 10:50:20|30|pritirm@forstarfoods.com|DailyCatchEntry_New.php
12 Feb 2019 10:50:22|30|pritirm@forstarfoods.com|DailyCatchEntry_New.php
12 Feb 2019 10:50:24|30|pritirm@forstarfoods.com|DailyCatchEntry_New.php
12 Feb 2019 10:50:25|30|pritirm@forstarfoods.com|DailyCatchEntry_New.php
12 Feb 2019 10:50:26|30|pritirm@forstarfoods.com|DailyCatchEntry_New.php
12 Feb 2019 10:50:27|30|pritirm@forstarfoods.com|DailyCatchEntry_New.php
12 Feb 2019 10:50:29|30|pritirm@forstarfoods.com|DailyCatchEntry_New.php
12 Feb 2019 10:50:30|30|pritirm@forstarfoods.com|DailyCatchEntry_New.php
12 Feb 2019 10:50:31|30|pritirm@forstarfoods.com|DailyCatchEntry_New.php
12 Feb 2019 10:50:32|30|pritirm@forstarfoods.com|DailyCatchEntry_New.php
12 Feb 2019 10:50:34|30|pritirm@forstarfoods.com|DailyCatchEntry_New.php
12 Feb 2019 10:50:35|30|pritirm@forstarfoods.com|DailyCatchEntry_New.php
12 Feb 2019 10:50:36|30|pritirm@forstarfoods.com|DailyCatchEntry_New.php
12 Feb 2019 10:50:37|30|pritirm@forstarfoods.com|DailyCatchEntry_New.php
12 Feb 2019 10:50:39|30|pritirm@forstarfoods.com|DailyCatchEntry_New.php
12 Feb 2019 10:50:40|30|pritirm@forstarfoods.com|DailyCatchEntry_New.php
12 Feb 2019 10:50:41|30|pritirm@forstarfoods.com|DailyCatchEntry_New.php
12 Feb 2019 10:51:18|30|pritirm@forstarfoods.com|DailyCatchEntry_New.php
12 Feb 2019 10:51:24|30|pritirm@forstarfoods.com|DailyCatchEntry_New.php
12 Feb 2019 10:51:27|30|pritirm@forstarfoods.com|DailyCatchEntry_New.php
12 Feb 2019 10:51:28|30|pritirm@forstarfoods.com|CatchEntryDeclaredItem.php
12 Feb 2019 10:51:39|30|pritirm@forstarfoods.com|DailyCatchEntry_New.php
12 Feb 2019 10:51:42|30|pritirm@forstarfoods.com|DailyCatchEntry_New.php
12 Feb 2019 10:51:46|30|pritirm@forstarfoods.com|DailyCatchEntry_New.php
12 Feb 2019 10:51:47|30|pritirm@forstarfoods.com|DailyCatchEntry_New.php
12 Feb 2019 10:51:48|30|pritirm@forstarfoods.com|DailyCatchEntry_New.php
12 Feb 2019 10:51:49|30|pritirm@forstarfoods.com|DailyCatchEntry_New.php
12 Feb 2019 10:51:51|30|pritirm@forstarfoods.com|DailyCatchEntry_New.php
12 Feb 2019 10:51:52|30|pritirm@forstarfoods.com|DailyCatchEntry_New.php
12 Feb 2019 10:51:53|30|pritirm@forstarfoods.com|DailyCatchEntry_New.php
12 Feb 2019 10:51:54|30|pritirm@forstarfoods.com|DailyCatchEntry_New.php
12 Feb 2019 10:51:58|30|pritirm@forstarfoods.com|DailyCatchEntry_New.php
12 Feb 2019 10:52:02|30|pritirm@forstarfoods.com|DailyCatchEntry_New.php
12 Feb 2019 10:52:03|30|pritirm@forstarfoods.com|CatchEntryDeclaredItem.php
12 Feb 2019 10:52:12|30|pritirm@forstarfoods.com|DailyCatchEntry_New.php
12 Feb 2019 10:52:14|30|pritirm@forstarfoods.com|DailyCatchEntry_New.php
12 Feb 2019 10:52:17|30|pritirm@forstarfoods.com|DailyCatchEntry_New.php
12 Feb 2019 10:52:19|30|pritirm@forstarfoods.com|DailyCatchEntry_New.php
12 Feb 2019 10:52:20|30|pritirm@forstarfoods.com|DailyCatchEntry_New.php
12 Feb 2019 10:52:21|30|pritirm@forstarfoods.com|DailyCatchEntry_New.php
12 Feb 2019 10:52:22|30|pritirm@forstarfoods.com|CatchEntryDeclaredItem.php
12 Feb 2019 10:52:24|30|pritirm@forstarfoods.com|DailyCatchEntry_New.php
12 Feb 2019 10:52:50|30|pritirm@forstarfoods.com|DailyCatchEntry_New.php
12 Feb 2019 10:52:51|30|pritirm@forstarfoods.com|DailyCatchEntry_New.php
12 Feb 2019 10:52:52|30|pritirm@forstarfoods.com|DailyCatchEntry_New.php
12 Feb 2019 10:52:54|30|pritirm@forstarfoods.com|DailyCatchEntry_New.php
12 Feb 2019 10:52:55|30|pritirm@forstarfoods.com|DailyCatchEntry_New.php
12 Feb 2019 10:52:57|30|pritirm@forstarfoods.com|DailyCatchEntry_New.php
12 Feb 2019 10:52:58|30|pritirm@forstarfoods.com|DailyCatchEntry_New.php
12 Feb 2019 10:52:59|30|pritirm@forstarfoods.com|DailyCatchEntry_New.php
12 Feb 2019 10:53:36|30|pritirm@forstarfoods.com|DailyCatchEntry_New.php
12 Feb 2019 10:53:51|30|pritirm@forstarfoods.com|DailyCatchEntry_New.php
12 Feb 2019 10:53:52|30|pritirm@forstarfoods.com|CatchEntryDeclaredItem.php
12 Feb 2019 10:54:05|30|pritirm@forstarfoods.com|DailyCatchEntry_New.php
12 Feb 2019 10:54:06|30|pritirm@forstarfoods.com|DailyCatchEntry_New.php
12 Feb 2019 10:54:07|30|pritirm@forstarfoods.com|DailyCatchEntry_New.php
12 Feb 2019 10:54:27|30|pritirm@forstarfoods.com|DailyCatchEntry_New.php
12 Feb 2019 10:54:32|30|pritirm@forstarfoods.com|DailyCatchEntry_New.php
12 Feb 2019 10:54:36|30|pritirm@forstarfoods.com|DailyCatchEntry_New.php
12 Feb 2019 10:54:40|30|pritirm@forstarfoods.com|DailyCatchEntry_New.php
12 Feb 2019 10:54:41|30|pritirm@forstarfoods.com|DailyCatchEntry_New.php
12 Feb 2019 10:54:42|30|pritirm@forstarfoods.com|DailyCatchEntry_New.php
12 Feb 2019 10:54:44|30|pritirm@forstarfoods.com|DailyCatchEntry_New.php
12 Feb 2019 10:54:45|30|pritirm@forstarfoods.com|DailyCatchEntry_New.php
12 Feb 2019 10:54:46|30|pritirm@forstarfoods.com|DailyCatchEntry_New.php
12 Feb 2019 10:54:47|30|pritirm@forstarfoods.com|DailyCatchEntry_New.php
12 Feb 2019 10:54:48|30|pritirm@forstarfoods.com|DailyCatchEntry_New.php
12 Feb 2019 10:54:50|30|pritirm@forstarfoods.com|DailyCatchEntry_New.php
12 Feb 2019 10:54:51|30|pritirm@forstarfoods.com|DailyCatchEntry_New.php
12 Feb 2019 10:54:52|30|pritirm@forstarfoods.com|DailyCatchEntry_New.php
12 Feb 2019 10:54:53|30|pritirm@forstarfoods.com|DailyCatchEntry_New.php
12 Feb 2019 10:54:55|30|pritirm@forstarfoods.com|DailyCatchEntry_New.php
12 Feb 2019 10:54:56|30|pritirm@forstarfoods.com|DailyCatchEntry_New.php
12 Feb 2019 10:54:57|30|pritirm@forstarfoods.com|DailyCatchEntry_New.php
12 Feb 2019 10:54:58|30|pritirm@forstarfoods.com|DailyCatchEntry_New.php
12 Feb 2019 10:55:00|30|pritirm@forstarfoods.com|DailyCatchEntry_New.php
12 Feb 2019 10:55:01|30|pritirm@forstarfoods.com|DailyCatchEntry_New.php
12 Feb 2019 10:55:02|30|pritirm@forstarfoods.com|DailyCatchEntry_New.php
12 Feb 2019 10:55:03|30|pritirm@forstarfoods.com|DailyCatchEntry_New.php
12 Feb 2019 10:55:05|30|pritirm@forstarfoods.com|DailyCatchEntry_New.php
12 Feb 2019 10:55:06|30|pritirm@forstarfoods.com|DailyCatchEntry_New.php
12 Feb 2019 10:55:07|30|pritirm@forstarfoods.com|DailyCatchEntry_New.php
12 Feb 2019 10:55:08|30|pritirm@forstarfoods.com|DailyCatchEntry_New.php
12 Feb 2019 10:56:35|30|pritirm@forstarfoods.com|DailyCatchEntry_New.php
12 Feb 2019 10:56:39|30|pritirm@forstarfoods.com|DailyCatchEntry_New.php
12 Feb 2019 10:56:40|30|pritirm@forstarfoods.com|CatchEntryDeclaredItem.php
12 Feb 2019 10:57:01|30|pritirm@forstarfoods.com|DailyCatchEntry_New.php
12 Feb 2019 10:57:03|30|pritirm@forstarfoods.com|DailyCatchEntry_New.php
12 Feb 2019 10:57:04|30|pritirm@forstarfoods.com|DailyCatchEntry_New.php
12 Feb 2019 10:57:19|30|pritirm@forstarfoods.com|DailyCatchEntry_New.php
12 Feb 2019 10:57:36|30|pritirm@forstarfoods.com|DailyCatchEntry_New.php
12 Feb 2019 10:57:43|30|pritirm@forstarfoods.com|DailyCatchEntry_New.php
12 Feb 2019 10:57:44|30|pritirm@forstarfoods.com|CatchEntryDeclaredItem.php
12 Feb 2019 10:58:10|30|pritirm@forstarfoods.com|DailyCatchEntry_New.php
12 Feb 2019 10:58:23|30|pritirm@forstarfoods.com|DailyCatchEntry_New.php
12 Feb 2019 10:58:26|30|pritirm@forstarfoods.com|DailyCatchEntry_New.php
12 Feb 2019 10:58:33|30|pritirm@forstarfoods.com|DailyCatchEntry_New.php
12 Feb 2019 10:58:34|30|pritirm@forstarfoods.com|DailyCatchEntry_New.php
12 Feb 2019 10:58:35|30|pritirm@forstarfoods.com|DailyCatchEntry_New.php
12 Feb 2019 10:58:36|30|pritirm@forstarfoods.com|DailyCatchEntry_New.php
12 Feb 2019 10:58:38|30|pritirm@forstarfoods.com|DailyCatchEntry_New.php
12 Feb 2019 10:58:39|30|pritirm@forstarfoods.com|DailyCatchEntry_New.php
12 Feb 2019 10:58:40|30|pritirm@forstarfoods.com|DailyCatchEntry_New.php
12 Feb 2019 10:58:41|30|pritirm@forstarfoods.com|DailyCatchEntry_New.php
12 Feb 2019 10:58:51|30|pritirm@forstarfoods.com|DailyCatchEntry_New.php
12 Feb 2019 10:58:53|30|pritirm@forstarfoods.com|DailyCatchEntry_New.php
12 Feb 2019 10:58:55|30|pritirm@forstarfoods.com|CatchEntryDeclaredItem.php
12 Feb 2019 10:59:18|30|pritirm@forstarfoods.com|DailyCatchEntry_New.php
12 Feb 2019 10:59:19|30|pritirm@forstarfoods.com|DailyCatchEntry_New.php
12 Feb 2019 10:59:20|30|pritirm@forstarfoods.com|DailyCatchEntry_New.php
12 Feb 2019 10:59:22|30|pritirm@forstarfoods.com|DailyCatchEntry_New.php
12 Feb 2019 10:59:26|30|pritirm@forstarfoods.com|DailyCatchEntry_New.php
12 Feb 2019 10:59:27|30|pritirm@forstarfoods.com|CatchEntryDeclaredItem.php
12 Feb 2019 10:59:47|30|pritirm@forstarfoods.com|DailyCatchEntry_New.php
12 Feb 2019 10:59:56|30|pritirm@forstarfoods.com|DailyCatchEntry_New.php
12 Feb 2019 11:00:00|30|pritirm@forstarfoods.com|DailyCatchEntry_New.php
12 Feb 2019 11:00:04|30|pritirm@forstarfoods.com|DailyCatchEntry_New.php
12 Feb 2019 11:00:05|30|pritirm@forstarfoods.com|DailyCatchEntry_New.php
12 Feb 2019 11:00:06|30|pritirm@forstarfoods.com|DailyCatchEntry_New.php
12 Feb 2019 11:00:08|30|pritirm@forstarfoods.com|DailyCatchEntry_New.php
12 Feb 2019 11:00:09|30|pritirm@forstarfoods.com|DailyCatchEntry_New.php
12 Feb 2019 11:00:10|30|pritirm@forstarfoods.com|DailyCatchEntry_New.php
12 Feb 2019 11:00:11|30|pritirm@forstarfoods.com|DailyCatchEntry_New.php
12 Feb 2019 11:00:12|30|pritirm@forstarfoods.com|DailyCatchEntry_New.php
12 Feb 2019 11:00:14|30|pritirm@forstarfoods.com|DailyCatchEntry_New.php
12 Feb 2019 11:00:15|30|pritirm@forstarfoods.com|DailyCatchEntry_New.php
12 Feb 2019 11:00:16|30|pritirm@forstarfoods.com|DailyCatchEntry_New.php
12 Feb 2019 11:00:17|30|pritirm@forstarfoods.com|DailyCatchEntry_New.php
12 Feb 2019 11:00:19|30|pritirm@forstarfoods.com|DailyCatchEntry_New.php
12 Feb 2019 11:00:20|30|pritirm@forstarfoods.com|DailyCatchEntry_New.php
12 Feb 2019 11:00:21|30|pritirm@forstarfoods.com|DailyCatchEntry_New.php
12 Feb 2019 11:00:22|30|pritirm@forstarfoods.com|DailyCatchEntry_New.php
12 Feb 2019 11:01:11|30|pritirm@forstarfoods.com|DailyCatchEntry_New.php
12 Feb 2019 11:01:14|30|pritirm@forstarfoods.com|DailyCatchEntry_New.php
12 Feb 2019 11:01:15|30|pritirm@forstarfoods.com|CatchEntryDeclaredItem.php
12 Feb 2019 11:01:22|30|pritirm@forstarfoods.com|DailyCatchEntry_New.php
12 Feb 2019 11:01:24|30|pritirm@forstarfoods.com|DailyCatchEntry_New.php
12 Feb 2019 11:01:30|30|pritirm@forstarfoods.com|DailyCatchEntry_New.php
12 Feb 2019 11:01:31|30|pritirm@forstarfoods.com|DailyCatchEntry_New.php
12 Feb 2019 11:01:32|30|pritirm@forstarfoods.com|DailyCatchEntry_New.php
12 Feb 2019 11:01:33|30|pritirm@forstarfoods.com|DailyCatchEntry_New.php
12 Feb 2019 11:01:35|30|pritirm@forstarfoods.com|DailyCatchEntry_New.php
12 Feb 2019 11:01:36|30|pritirm@forstarfoods.com|DailyCatchEntry_New.php
12 Feb 2019 11:01:44|30|pritirm@forstarfoods.com|DailyCatchEntry_New.php
12 Feb 2019 11:01:47|30|pritirm@forstarfoods.com|DailyCatchEntry_New.php
12 Feb 2019 11:01:49|30|pritirm@forstarfoods.com|CatchEntryDeclaredItem.php
12 Feb 2019 11:02:20|30|pritirm@forstarfoods.com|DailyCatchEntry_New.php
12 Feb 2019 11:07:21|30|pritirm@forstarfoods.com|DailyCatchEntry_New.php
12 Feb 2019 11:12:23|30|pritirm@forstarfoods.com|DailyCatchEntry_New.php
12 Feb 2019 11:17:25|30|pritirm@forstarfoods.com|DailyCatchEntry_New.php
12 Feb 2019 11:22:27|30|pritirm@forstarfoods.com|DailyCatchEntry_New.php
12 Feb 2019 11:27:28|30|pritirm@forstarfoods.com|DailyCatchEntry_New.php
12 Feb 2019 11:32:30|30|pritirm@forstarfoods.com|DailyCatchEntry_New.php
12 Feb 2019 11:37:32|30|pritirm@forstarfoods.com|DailyCatchEntry_New.php
12 Feb 2019 11:42:33|30|pritirm@forstarfoods.com|DailyCatchEntry_New.php
12 Feb 2019 11:47:35|30|pritirm@forstarfoods.com|DailyCatchEntry_New.php
12 Feb 2019 11:52:36|30|pritirm@forstarfoods.com|DailyCatchEntry_New.php
12 Feb 2019 11:57:38|30|pritirm@forstarfoods.com|DailyCatchEntry_New.php
12 Feb 2019 12:02:40|30|pritirm@forstarfoods.com|DailyCatchEntry_New.php
12 Feb 2019 12:07:42|30|pritirm@forstarfoods.com|DailyCatchEntry_New.php
12 Feb 2019 12:12:43|30|pritirm@forstarfoods.com|DailyCatchEntry_New.php
12 Feb 2019 12:17:45|30|pritirm@forstarfoods.com|DailyCatchEntry_New.php
12 Feb 2019 12:22:47|30|pritirm@forstarfoods.com|DailyCatchEntry_New.php
12 Feb 2019 12:27:48|30|pritirm@forstarfoods.com|DailyCatchEntry_New.php
12 Feb 2019 12:32:50|30|pritirm@forstarfoods.com|DailyCatchEntry_New.php
12 Feb 2019 12:37:52|30|pritirm@forstarfoods.com|DailyCatchEntry_New.php
12 Feb 2019 12:42:53|30|pritirm@forstarfoods.com|DailyCatchEntry_New.php
12 Feb 2019 12:47:55|30|pritirm@forstarfoods.com|DailyCatchEntry_New.php
12 Feb 2019 12:52:57|30|pritirm@forstarfoods.com|DailyCatchEntry_New.php
12 Feb 2019 12:57:59|30|pritirm@forstarfoods.com|DailyCatchEntry_New.php
12 Feb 2019 13:03:00|30|pritirm@forstarfoods.com|DailyCatchEntry_New.php
12 Feb 2019 13:08:02|30|pritirm@forstarfoods.com|DailyCatchEntry_New.php
12 Feb 2019 13:13:04|30|pritirm@forstarfoods.com|DailyCatchEntry_New.php
12 Feb 2019 13:18:05|30|pritirm@forstarfoods.com|DailyCatchEntry_New.php
12 Feb 2019 13:23:07|30|pritirm@forstarfoods.com|DailyCatchEntry_New.php
12 Feb 2019 13:28:09|30|pritirm@forstarfoods.com|DailyCatchEntry_New.php
12 Feb 2019 13:33:11|30|pritirm@forstarfoods.com|DailyCatchEntry_New.php
12 Feb 2019 13:38:12|30|pritirm@forstarfoods.com|DailyCatchEntry_New.php
12 Feb 2019 13:43:14|30|pritirm@forstarfoods.com|DailyCatchEntry_New.php
12 Feb 2019 13:48:15|30|pritirm@forstarfoods.com|DailyCatchEntry_New.php
12 Feb 2019 13:53:17|30|pritirm@forstarfoods.com|DailyCatchEntry_New.php
12 Feb 2019 13:58:18|30|pritirm@forstarfoods.com|DailyCatchEntry_New.php
12 Feb 2019 14:03:20|30|pritirm@forstarfoods.com|DailyCatchEntry_New.php
12 Feb 2019 14:08:22|30|pritirm@forstarfoods.com|DailyCatchEntry_New.php
12 Feb 2019 14:13:23|30|pritirm@forstarfoods.com|DailyCatchEntry_New.php
12 Feb 2019 14:18:25|30|pritirm@forstarfoods.com|DailyCatchEntry_New.php
12 Feb 2019 14:23:26|30|pritirm@forstarfoods.com|DailyCatchEntry_New.php
12 Feb 2019 14:28:28|30|pritirm@forstarfoods.com|DailyCatchEntry_New.php
12 Feb 2019 14:33:29|30|pritirm@forstarfoods.com|DailyCatchEntry_New.php
12 Feb 2019 14:38:30|30|pritirm@forstarfoods.com|DailyCatchEntry_New.php
12 Feb 2019 14:43:32|30|pritirm@forstarfoods.com|DailyCatchEntry_New.php
12 Feb 2019 14:48:33|30|pritirm@forstarfoods.com|DailyCatchEntry_New.php
12 Feb 2019 14:53:34|30|pritirm@forstarfoods.com|DailyCatchEntry_New.php
12 Feb 2019 14:58:36|30|pritirm@forstarfoods.com|DailyCatchEntry_New.php
12 Feb 2019 15:03:37|30|pritirm@forstarfoods.com|DailyCatchEntry_New.php
12 Feb 2019 15:08:13|28|pratiksha@forstarfoods.com|Home.php
12 Feb 2019 15:08:17|28|pratiksha@forstarfoods.com|ManageGatePass.php
12 Feb 2019 15:08:38|30|pritirm@forstarfoods.com|DailyCatchEntry_New.php
12 Feb 2019 15:09:19|28|pratiksha@forstarfoods.com|ManageGatePass.php
12 Feb 2019 15:09:24|28|pratiksha@forstarfoods.com|ManageGatePass.php
12 Feb 2019 15:09:27|28|pratiksha@forstarfoods.com|ManageGatePass.php
12 Feb 2019 15:09:30|28|pratiksha@forstarfoods.com|ManageGatePass.php
12 Feb 2019 15:09:50|28|pratiksha@forstarfoods.com|ManageGatePass.php
12 Feb 2019 15:09:52|28|pratiksha@forstarfoods.com|ManageGatePass.php
12 Feb 2019 15:09:55|28|pratiksha@forstarfoods.com|ManageGatePass.php
12 Feb 2019 15:09:59|28|pratiksha@forstarfoods.com|ManageGatePass.php
12 Feb 2019 15:10:02|28|pratiksha@forstarfoods.com|ManageGatePass.php
12 Feb 2019 15:10:06|28|pratiksha@forstarfoods.com|PrintGatePass.php
12 Feb 2019 15:11:03|28|pratiksha@forstarfoods.com|ManageGatePass.php
12 Feb 2019 15:12:05|28|pratiksha@forstarfoods.com|ManageGatePass.php
12 Feb 2019 15:13:06|28|pratiksha@forstarfoods.com|ManageGatePass.php
12 Feb 2019 15:13:40|30|pritirm@forstarfoods.com|DailyCatchEntry_New.php
12 Feb 2019 15:14:07|28|pratiksha@forstarfoods.com|ManageGatePass.php
12 Feb 2019 15:15:09|28|pratiksha@forstarfoods.com|ManageGatePass.php
12 Feb 2019 15:16:10|28|pratiksha@forstarfoods.com|ManageGatePass.php
12 Feb 2019 15:17:11|28|pratiksha@forstarfoods.com|ManageGatePass.php
12 Feb 2019 15:18:13|28|pratiksha@forstarfoods.com|ManageGatePass.php
12 Feb 2019 15:18:41|30|pritirm@forstarfoods.com|DailyCatchEntry_New.php
12 Feb 2019 15:19:14|28|pratiksha@forstarfoods.com|ManageGatePass.php
12 Feb 2019 15:20:15|28|pratiksha@forstarfoods.com|ManageGatePass.php
12 Feb 2019 15:21:17|28|pratiksha@forstarfoods.com|ManageGatePass.php
12 Feb 2019 15:22:18|28|pratiksha@forstarfoods.com|ManageGatePass.php
12 Feb 2019 15:23:20|28|pratiksha@forstarfoods.com|ManageGatePass.php
12 Feb 2019 15:23:42|30|pritirm@forstarfoods.com|DailyCatchEntry_New.php
12 Feb 2019 15:24:21|28|pratiksha@forstarfoods.com|ManageGatePass.php
12 Feb 2019 15:25:22|28|pratiksha@forstarfoods.com|ManageGatePass.php
12 Feb 2019 15:26:24|28|pratiksha@forstarfoods.com|ManageGatePass.php
12 Feb 2019 15:27:25|28|pratiksha@forstarfoods.com|ManageGatePass.php
12 Feb 2019 15:28:26|28|pratiksha@forstarfoods.com|ManageGatePass.php
12 Feb 2019 15:28:43|30|pritirm@forstarfoods.com|DailyCatchEntry_New.php
12 Feb 2019 15:29:27|28|pratiksha@forstarfoods.com|ManageGatePass.php
12 Feb 2019 15:30:29|28|pratiksha@forstarfoods.com|ManageGatePass.php
12 Feb 2019 15:31:30|28|pratiksha@forstarfoods.com|ManageGatePass.php
12 Feb 2019 15:32:31|28|pratiksha@forstarfoods.com|ManageGatePass.php
12 Feb 2019 15:33:33|28|pratiksha@forstarfoods.com|ManageGatePass.php
12 Feb 2019 15:33:45|30|pritirm@forstarfoods.com|DailyCatchEntry_New.php
12 Feb 2019 15:34:34|28|pratiksha@forstarfoods.com|ManageGatePass.php
12 Feb 2019 15:35:35|28|pratiksha@forstarfoods.com|ManageGatePass.php
12 Feb 2019 15:36:37|28|pratiksha@forstarfoods.com|ManageGatePass.php
12 Feb 2019 15:37:38|28|pratiksha@forstarfoods.com|ManageGatePass.php
12 Feb 2019 15:38:39|28|pratiksha@forstarfoods.com|ManageGatePass.php
12 Feb 2019 15:38:46|30|pritirm@forstarfoods.com|DailyCatchEntry_New.php
12 Feb 2019 15:39:41|28|pratiksha@forstarfoods.com|ManageGatePass.php
12 Feb 2019 15:40:42|28|pratiksha@forstarfoods.com|ManageGatePass.php
12 Feb 2019 15:41:43|28|pratiksha@forstarfoods.com|ManageGatePass.php
12 Feb 2019 15:42:45|28|pratiksha@forstarfoods.com|ManageGatePass.php
12 Feb 2019 15:43:46|28|pratiksha@forstarfoods.com|ManageGatePass.php
12 Feb 2019 15:43:47|30|pritirm@forstarfoods.com|DailyCatchEntry_New.php
12 Feb 2019 15:44:47|28|pratiksha@forstarfoods.com|ManageGatePass.php
12 Feb 2019 15:45:49|28|pratiksha@forstarfoods.com|ManageGatePass.php
12 Feb 2019 15:46:50|28|pratiksha@forstarfoods.com|ManageGatePass.php
12 Feb 2019 15:47:51|28|pratiksha@forstarfoods.com|ManageGatePass.php
12 Feb 2019 15:48:49|30|pritirm@forstarfoods.com|DailyCatchEntry_New.php
12 Feb 2019 15:48:52|28|pratiksha@forstarfoods.com|ManageGatePass.php
12 Feb 2019 15:49:54|28|pratiksha@forstarfoods.com|ManageGatePass.php
12 Feb 2019 15:50:16|20|shiji@forstarfoods.com|Home.php
12 Feb 2019 15:50:25|20|shiji@forstarfoods.com|DailyCatchReport.php
12 Feb 2019 15:50:36|20|shiji@forstarfoods.com|DailyCatchReport.php
12 Feb 2019 15:50:39|20|shiji@forstarfoods.com|DailyCatchReport.php
12 Feb 2019 15:50:40|20|shiji@forstarfoods.com|DailyCatchReport.php
12 Feb 2019 15:50:42|20|shiji@forstarfoods.com|DailyCatchReport.php
12 Feb 2019 15:50:46|20|shiji@forstarfoods.com|PrintDailyCatchReportMemo.php
12 Feb 2019 15:50:55|28|pratiksha@forstarfoods.com|ManageGatePass.php
12 Feb 2019 15:51:57|28|pratiksha@forstarfoods.com|ManageGatePass.php
12 Feb 2019 15:52:55|20|shiji@forstarfoods.com|PrintDailyCatchReportMemo.php
12 Feb 2019 15:52:58|28|pratiksha@forstarfoods.com|ManageGatePass.php
12 Feb 2019 15:53:50|30|pritirm@forstarfoods.com|DailyCatchEntry_New.php
12 Feb 2019 15:53:59|28|pratiksha@forstarfoods.com|ManageGatePass.php
12 Feb 2019 15:55:01|28|pratiksha@forstarfoods.com|ManageGatePass.php
12 Feb 2019 15:55:36|20|shiji@forstarfoods.com|DailyCatchReport.php
12 Feb 2019 15:55:37|20|shiji@forstarfoods.com|DailyCatchReport.php
12 Feb 2019 15:55:39|20|shiji@forstarfoods.com|DailyCatchReport.php
12 Feb 2019 15:55:43|20|shiji@forstarfoods.com|DailyCatchReport.php
12 Feb 2019 15:55:45|20|shiji@forstarfoods.com|DailyCatchReport.php
12 Feb 2019 15:55:47|20|shiji@forstarfoods.com|DailyCatchReport.php
12 Feb 2019 15:55:48|20|shiji@forstarfoods.com|DailyCatchReport.php
12 Feb 2019 15:55:50|20|shiji@forstarfoods.com|PrintDailyCatchReportMemo.php
12 Feb 2019 15:56:02|28|pratiksha@forstarfoods.com|ManageGatePass.php
12 Feb 2019 15:56:37|20|shiji@forstarfoods.com|PrintDailyCatchReportMemo.php
12 Feb 2019 15:57:03|28|pratiksha@forstarfoods.com|ManageGatePass.php
12 Feb 2019 15:57:09|20|shiji@forstarfoods.com|DailyCatchReport.php
12 Feb 2019 15:57:10|20|shiji@forstarfoods.com|DailyCatchReport.php
12 Feb 2019 15:57:12|20|shiji@forstarfoods.com|DailyCatchReport.php
12 Feb 2019 15:57:18|20|shiji@forstarfoods.com|DailyCatchReport.php
12 Feb 2019 15:57:20|20|shiji@forstarfoods.com|DailyCatchReport.php
12 Feb 2019 15:57:21|20|shiji@forstarfoods.com|DailyCatchReport.php
12 Feb 2019 15:57:22|20|shiji@forstarfoods.com|DailyCatchReport.php
12 Feb 2019 15:57:27|20|shiji@forstarfoods.com|DailyCatchReport.php
12 Feb 2019 15:57:32|20|shiji@forstarfoods.com|DailyCatchReport.php
12 Feb 2019 15:57:33|20|shiji@forstarfoods.com|DailyCatchReport.php
12 Feb 2019 15:57:35|20|shiji@forstarfoods.com|DailyCatchReport.php
12 Feb 2019 15:57:36|20|shiji@forstarfoods.com|PrintDailyCatchReportMemo.php
12 Feb 2019 15:57:54|20|shiji@forstarfoods.com|PrintDailyCatchReportMemo.php
12 Feb 2019 15:58:05|28|pratiksha@forstarfoods.com|ManageGatePass.php
12 Feb 2019 15:58:27|20|shiji@forstarfoods.com|DailyCatchReport.php
12 Feb 2019 15:58:29|20|shiji@forstarfoods.com|DailyCatchReport.php