
23 May 2019 12:51:44|20|shiji@forstarfoods.com|CatchEntryDeclaredItem.php
23 May 2019 12:51:47|20|shiji@forstarfoods.com|DailyCatchEntry_New.php
23 May 2019 12:51:50|20|shiji@forstarfoods.com|DailyCatchEntry_New.php
23 May 2019 12:51:54|20|shiji@forstarfoods.com|DailyCatchEntry_New.php
23 May 2019 12:51:55|20|shiji@forstarfoods.com|DailyCatchEntry_New.php
23 May 2019 12:51:56|20|shiji@forstarfoods.com|DailyCatchEntry_New.php
23 May 2019 12:51:57|20|shiji@forstarfoods.com|DailyCatchEntry_New.php
23 May 2019 12:51:59|20|shiji@forstarfoods.com|DailyCatchEntry_New.php
23 May 2019 12:52:00|20|shiji@forstarfoods.com|DailyCatchEntry_New.php
23 May 2019 12:52:01|20|shiji@forstarfoods.com|DailyCatchEntry_New.php
23 May 2019 12:52:02|20|shiji@forstarfoods.com|DailyCatchEntry_New.php
23 May 2019 12:52:04|20|shiji@forstarfoods.com|DailyCatchEntry_New.php
23 May 2019 12:52:05|20|shiji@forstarfoods.com|DailyCatchEntry_New.php
23 May 2019 12:52:06|20|shiji@forstarfoods.com|DailyCatchEntry_New.php
23 May 2019 12:52:07|20|shiji@forstarfoods.com|DailyCatchEntry_New.php
23 May 2019 12:52:21|20|shiji@forstarfoods.com|DailyCatchEntry_New.php
23 May 2019 12:52:30|20|shiji@forstarfoods.com|DailyCatchEntry_New.php
23 May 2019 12:52:32|20|shiji@forstarfoods.com|DailyCatchEntry_New.php
23 May 2019 12:52:33|20|shiji@forstarfoods.com|CatchEntryDeclaredItem.php
23 May 2019 12:52:37|20|shiji@forstarfoods.com|DailyCatchEntry_New.php
23 May 2019 12:52:39|20|shiji@forstarfoods.com|DailyCatchEntry_New.php
23 May 2019 12:52:47|20|shiji@forstarfoods.com|DailyCatchEntry_New.php
23 May 2019 12:52:48|20|shiji@forstarfoods.com|DailyCatchEntry_New.php
23 May 2019 12:52:49|20|shiji@forstarfoods.com|DailyCatchEntry_New.php
23 May 2019 12:52:50|20|shiji@forstarfoods.com|DailyCatchEntry_New.php
23 May 2019 12:52:52|20|shiji@forstarfoods.com|DailyCatchEntry_New.php
23 May 2019 12:52:53|20|shiji@forstarfoods.com|DailyCatchEntry_New.php
23 May 2019 12:52:54|20|shiji@forstarfoods.com|DailyCatchEntry_New.php
23 May 2019 12:52:55|20|shiji@forstarfoods.com|DailyCatchEntry_New.php
23 May 2019 12:52:57|20|shiji@forstarfoods.com|DailyCatchEntry_New.php
23 May 2019 12:52:58|20|shiji@forstarfoods.com|DailyCatchEntry_New.php
23 May 2019 12:52:59|20|shiji@forstarfoods.com|DailyCatchEntry_New.php
23 May 2019 12:53:00|20|shiji@forstarfoods.com|DailyCatchEntry_New.php
23 May 2019 12:53:02|20|shiji@forstarfoods.com|DailyCatchEntry_New.php
23 May 2019 12:53:03|20|shiji@forstarfoods.com|DailyCatchEntry_New.php
23 May 2019 12:53:04|20|shiji@forstarfoods.com|DailyCatchEntry_New.php
23 May 2019 12:53:05|20|shiji@forstarfoods.com|DailyCatchEntry_New.php
23 May 2019 12:53:38|20|shiji@forstarfoods.com|DailyCatchEntry_New.php
23 May 2019 12:53:44|20|shiji@forstarfoods.com|DailyCatchEntry_New.php
23 May 2019 12:53:46|20|shiji@forstarfoods.com|DailyCatchEntry_New.php
23 May 2019 12:53:48|20|shiji@forstarfoods.com|CatchEntryDeclaredItem.php
23 May 2019 12:53:50|20|shiji@forstarfoods.com|DailyCatchEntry_New.php
23 May 2019 12:53:52|20|shiji@forstarfoods.com|DailyCatchEntry_New.php
23 May 2019 12:53:57|20|shiji@forstarfoods.com|DailyCatchEntry_New.php
23 May 2019 12:53:59|20|shiji@forstarfoods.com|DailyCatchEntry_New.php
23 May 2019 12:54:00|20|shiji@forstarfoods.com|DailyCatchEntry_New.php
23 May 2019 12:54:01|20|shiji@forstarfoods.com|DailyCatchEntry_New.php
23 May 2019 12:54:02|20|shiji@forstarfoods.com|DailyCatchEntry_New.php
23 May 2019 12:54:04|20|shiji@forstarfoods.com|DailyCatchEntry_New.php
23 May 2019 12:54:05|20|shiji@forstarfoods.com|DailyCatchEntry_New.php
23 May 2019 12:54:06|20|shiji@forstarfoods.com|DailyCatchEntry_New.php
23 May 2019 12:54:07|20|shiji@forstarfoods.com|DailyCatchEntry_New.php
23 May 2019 12:54:09|20|shiji@forstarfoods.com|DailyCatchEntry_New.php
23 May 2019 12:54:10|20|shiji@forstarfoods.com|DailyCatchEntry_New.php
23 May 2019 12:54:11|20|shiji@forstarfoods.com|DailyCatchEntry_New.php
23 May 2019 12:54:51|20|shiji@forstarfoods.com|DailyCatchEntry_New.php
23 May 2019 12:55:09|20|shiji@forstarfoods.com|DailyCatchEntry_New.php
23 May 2019 12:55:19|20|shiji@forstarfoods.com|DailyCatchEntry_New.php
23 May 2019 12:55:21|20|shiji@forstarfoods.com|DailyCatchEntry_New.php
23 May 2019 12:55:23|20|shiji@forstarfoods.com|CatchEntryDeclaredItem.php
23 May 2019 12:55:25|20|shiji@forstarfoods.com|DailyCatchEntry_New.php
23 May 2019 12:55:27|20|shiji@forstarfoods.com|DailyCatchEntry_New.php
23 May 2019 12:55:30|20|shiji@forstarfoods.com|DailyCatchEntry_New.php
23 May 2019 12:55:31|20|shiji@forstarfoods.com|DailyCatchEntry_New.php
23 May 2019 12:55:32|20|shiji@forstarfoods.com|DailyCatchEntry_New.php
23 May 2019 12:55:34|20|shiji@forstarfoods.com|DailyCatchEntry_New.php
23 May 2019 12:55:35|20|shiji@forstarfoods.com|DailyCatchEntry_New.php
23 May 2019 12:55:36|20|shiji@forstarfoods.com|DailyCatchEntry_New.php
23 May 2019 12:55:37|20|shiji@forstarfoods.com|DailyCatchEntry_New.php
23 May 2019 12:55:39|20|shiji@forstarfoods.com|DailyCatchEntry_New.php
23 May 2019 12:55:40|20|shiji@forstarfoods.com|DailyCatchEntry_New.php
23 May 2019 12:55:41|20|shiji@forstarfoods.com|DailyCatchEntry_New.php
23 May 2019 12:55:42|20|shiji@forstarfoods.com|DailyCatchEntry_New.php
23 May 2019 12:55:44|20|shiji@forstarfoods.com|DailyCatchEntry_New.php
23 May 2019 12:56:07|20|shiji@forstarfoods.com|DailyCatchEntry_New.php
23 May 2019 12:56:09|20|shiji@forstarfoods.com|DailyCatchEntry_New.php
23 May 2019 12:56:10|20|shiji@forstarfoods.com|CatchEntryDeclaredItem.php
23 May 2019 12:56:15|20|shiji@forstarfoods.com|DailyCatchEntry_New.php
23 May 2019 12:56:16|20|shiji@forstarfoods.com|DailyCatchEntry_New.php
23 May 2019 12:56:17|20|shiji@forstarfoods.com|DailyCatchEntry_New.php
23 May 2019 12:56:21|20|shiji@forstarfoods.com|DailyCatchEntry_New.php
23 May 2019 12:56:26|20|shiji@forstarfoods.com|DailyCatchEntry_New.php
23 May 2019 12:56:27|20|shiji@forstarfoods.com|CatchEntryDeclaredItem.php
23 May 2019 12:57:04|20|shiji@forstarfoods.com|DailyCatchEntry_New.php
23 May 2019 12:57:07|20|shiji@forstarfoods.com|DailyCatchEntry_New.php
23 May 2019 12:57:12|20|shiji@forstarfoods.com|DailyCatchEntry_New.php
23 May 2019 12:57:24|20|shiji@forstarfoods.com|DailyCatchEntry_New.php
23 May 2019 12:57:25|20|shiji@forstarfoods.com|DailyCatchEntry_New.php
23 May 2019 12:57:26|20|shiji@forstarfoods.com|DailyCatchEntry_New.php
23 May 2019 12:57:27|20|shiji@forstarfoods.com|DailyCatchEntry_New.php
23 May 2019 12:57:29|20|shiji@forstarfoods.com|DailyCatchEntry_New.php
23 May 2019 12:57:30|20|shiji@forstarfoods.com|DailyCatchEntry_New.php
23 May 2019 12:57:31|20|shiji@forstarfoods.com|DailyCatchEntry_New.php
23 May 2019 12:57:32|20|shiji@forstarfoods.com|DailyCatchEntry_New.php
23 May 2019 12:57:34|20|shiji@forstarfoods.com|DailyCatchEntry_New.php
23 May 2019 12:57:35|20|shiji@forstarfoods.com|DailyCatchEntry_New.php
23 May 2019 12:57:36|20|shiji@forstarfoods.com|DailyCatchEntry_New.php
23 May 2019 12:57:37|20|shiji@forstarfoods.com|DailyCatchEntry_New.php
23 May 2019 12:58:03|20|shiji@forstarfoods.com|DailyCatchEntry_New.php
23 May 2019 12:58:20|20|shiji@forstarfoods.com|DailyCatchEntry_New.php
23 May 2019 12:58:23|20|shiji@forstarfoods.com|DailyCatchEntry_New.php
23 May 2019 12:58:24|20|shiji@forstarfoods.com|CatchEntryDeclaredItem.php
23 May 2019 12:58:27|20|shiji@forstarfoods.com|DailyCatchEntry_New.php
23 May 2019 12:58:29|20|shiji@forstarfoods.com|DailyCatchEntry_New.php
23 May 2019 12:58:32|20|shiji@forstarfoods.com|DailyCatchEntry_New.php
23 May 2019 12:58:33|20|shiji@forstarfoods.com|DailyCatchEntry_New.php
23 May 2019 12:58:34|20|shiji@forstarfoods.com|DailyCatchEntry_New.php
23 May 2019 12:58:35|20|shiji@forstarfoods.com|DailyCatchEntry_New.php
23 May 2019 12:58:37|20|shiji@forstarfoods.com|DailyCatchEntry_New.php
23 May 2019 12:58:38|20|shiji@forstarfoods.com|DailyCatchEntry_New.php
23 May 2019 12:58:39|20|shiji@forstarfoods.com|DailyCatchEntry_New.php
23 May 2019 12:58:40|20|shiji@forstarfoods.com|DailyCatchEntry_New.php
23 May 2019 12:58:42|20|shiji@forstarfoods.com|DailyCatchEntry_New.php
23 May 2019 12:58:43|20|shiji@forstarfoods.com|DailyCatchEntry_New.php
23 May 2019 12:58:44|20|shiji@forstarfoods.com|DailyCatchEntry_New.php
23 May 2019 12:58:45|20|shiji@forstarfoods.com|DailyCatchEntry_New.php
23 May 2019 12:58:57|20|shiji@forstarfoods.com|DailyCatchEntry_New.php
23 May 2019 12:59:06|20|shiji@forstarfoods.com|DailyCatchEntry_New.php
23 May 2019 12:59:09|20|shiji@forstarfoods.com|DailyCatchEntry_New.php
23 May 2019 12:59:10|20|shiji@forstarfoods.com|CatchEntryDeclaredItem.php
23 May 2019 12:59:13|20|shiji@forstarfoods.com|DailyCatchEntry_New.php
23 May 2019 12:59:16|20|shiji@forstarfoods.com|DailyCatchEntry_New.php
23 May 2019 12:59:19|20|shiji@forstarfoods.com|DailyCatchEntry_New.php
23 May 2019 12:59:20|20|shiji@forstarfoods.com|DailyCatchEntry_New.php
23 May 2019 12:59:21|20|shiji@forstarfoods.com|DailyCatchEntry_New.php
23 May 2019 12:59:22|20|shiji@forstarfoods.com|DailyCatchEntry_New.php
23 May 2019 12:59:24|20|shiji@forstarfoods.com|DailyCatchEntry_New.php
23 May 2019 12:59:25|20|shiji@forstarfoods.com|DailyCatchEntry_New.php
23 May 2019 12:59:26|20|shiji@forstarfoods.com|DailyCatchEntry_New.php
23 May 2019 12:59:27|20|shiji@forstarfoods.com|DailyCatchEntry_New.php
23 May 2019 12:59:29|20|shiji@forstarfoods.com|DailyCatchEntry_New.php
23 May 2019 12:59:30|20|shiji@forstarfoods.com|DailyCatchEntry_New.php
23 May 2019 12:59:31|20|shiji@forstarfoods.com|DailyCatchEntry_New.php
23 May 2019 12:59:32|20|shiji@forstarfoods.com|DailyCatchEntry_New.php
23 May 2019 12:59:52|20|shiji@forstarfoods.com|DailyCatchEntry_New.php
23 May 2019 12:59:57|20|shiji@forstarfoods.com|DailyCatchEntry_New.php
23 May 2019 13:00:12|20|shiji@forstarfoods.com|DailyCatchEntry_New.php
23 May 2019 13:00:18|20|shiji@forstarfoods.com|DailyCatchEntry_New.php
23 May 2019 13:00:20|20|shiji@forstarfoods.com|CatchEntryDeclaredItem.php
23 May 2019 13:00:24|20|shiji@forstarfoods.com|DailyCatchEntry_New.php
23 May 2019 13:00:26|20|shiji@forstarfoods.com|DailyCatchEntry_New.php
23 May 2019 13:00:29|20|shiji@forstarfoods.com|DailyCatchEntry_New.php
23 May 2019 13:00:30|20|shiji@forstarfoods.com|DailyCatchEntry_New.php
23 May 2019 13:00:31|20|shiji@forstarfoods.com|DailyCatchEntry_New.php
23 May 2019 13:00:32|20|shiji@forstarfoods.com|DailyCatchEntry_New.php
23 May 2019 13:00:34|20|shiji@forstarfoods.com|DailyCatchEntry_New.php
23 May 2019 13:00:35|20|shiji@forstarfoods.com|DailyCatchEntry_New.php
23 May 2019 13:00:36|20|shiji@forstarfoods.com|DailyCatchEntry_New.php
23 May 2019 13:00:37|20|shiji@forstarfoods.com|DailyCatchEntry_New.php
23 May 2019 13:00:39|20|shiji@forstarfoods.com|DailyCatchEntry_New.php
23 May 2019 13:00:40|20|shiji@forstarfoods.com|DailyCatchEntry_New.php
23 May 2019 13:00:41|20|shiji@forstarfoods.com|DailyCatchEntry_New.php
23 May 2019 13:00:42|20|shiji@forstarfoods.com|DailyCatchEntry_New.php
23 May 2019 13:01:01|20|shiji@forstarfoods.com|DailyCatchEntry_New.php
23 May 2019 13:01:11|20|shiji@forstarfoods.com|DailyCatchEntry_New.php
23 May 2019 13:01:16|20|shiji@forstarfoods.com|DailyCatchEntry_New.php
23 May 2019 13:01:18|20|shiji@forstarfoods.com|CatchEntryDeclaredItem.php
23 May 2019 13:01:22|20|shiji@forstarfoods.com|DailyCatchEntry_New.php
23 May 2019 13:01:25|20|shiji@forstarfoods.com|DailyCatchEntry_New.php
23 May 2019 13:01:28|20|shiji@forstarfoods.com|DailyCatchEntry_New.php
23 May 2019 13:01:29|20|shiji@forstarfoods.com|DailyCatchEntry_New.php
23 May 2019 13:01:30|20|shiji@forstarfoods.com|DailyCatchEntry_New.php
23 May 2019 13:01:32|20|shiji@forstarfoods.com|DailyCatchEntry_New.php
23 May 2019 13:01:33|20|shiji@forstarfoods.com|DailyCatchEntry_New.php
23 May 2019 13:01:34|20|shiji@forstarfoods.com|DailyCatchEntry_New.php
23 May 2019 13:01:35|20|shiji@forstarfoods.com|DailyCatchEntry_New.php
23 May 2019 13:01:37|20|shiji@forstarfoods.com|DailyCatchEntry_New.php
23 May 2019 13:01:38|20|shiji@forstarfoods.com|DailyCatchEntry_New.php
23 May 2019 13:01:39|20|shiji@forstarfoods.com|DailyCatchEntry_New.php
23 May 2019 13:01:40|20|shiji@forstarfoods.com|DailyCatchEntry_New.php
23 May 2019 13:01:42|20|shiji@forstarfoods.com|DailyCatchEntry_New.php
23 May 2019 13:02:05|20|shiji@forstarfoods.com|DailyCatchEntry_New.php
23 May 2019 13:02:22|20|shiji@forstarfoods.com|DailyCatchEntry_New.php
23 May 2019 13:02:25|20|shiji@forstarfoods.com|DailyCatchEntry_New.php
23 May 2019 13:02:26|20|shiji@forstarfoods.com|CatchEntryDeclaredItem.php
23 May 2019 13:03:01|20|shiji@forstarfoods.com|DailyCatchEntry_New.php
23 May 2019 13:03:04|20|shiji@forstarfoods.com|DailyCatchEntry_New.php
23 May 2019 13:03:07|20|shiji@forstarfoods.com|DailyCatchEntry_New.php
23 May 2019 13:03:08|20|shiji@forstarfoods.com|DailyCatchEntry_New.php
23 May 2019 13:03:10|20|shiji@forstarfoods.com|DailyCatchEntry_New.php
23 May 2019 13:03:11|20|shiji@forstarfoods.com|DailyCatchEntry_New.php
23 May 2019 13:03:12|20|shiji@forstarfoods.com|DailyCatchEntry_New.php
23 May 2019 13:03:13|20|shiji@forstarfoods.com|DailyCatchEntry_New.php
23 May 2019 13:03:14|20|shiji@forstarfoods.com|DailyCatchEntry_New.php
23 May 2019 13:03:16|20|shiji@forstarfoods.com|DailyCatchEntry_New.php
23 May 2019 13:03:17|20|shiji@forstarfoods.com|DailyCatchEntry_New.php
23 May 2019 13:03:18|20|shiji@forstarfoods.com|DailyCatchEntry_New.php
23 May 2019 13:03:19|20|shiji@forstarfoods.com|DailyCatchEntry_New.php
23 May 2019 13:03:21|20|shiji@forstarfoods.com|DailyCatchEntry_New.php
23 May 2019 13:03:22|20|shiji@forstarfoods.com|DailyCatchEntry_New.php
23 May 2019 13:03:28|20|shiji@forstarfoods.com|DailyCatchEntry_New.php
23 May 2019 13:03:30|20|shiji@forstarfoods.com|CatchEntryDeclaredItem.php
23 May 2019 13:04:00|20|shiji@forstarfoods.com|DailyCatchEntry_New.php
23 May 2019 13:04:01|20|shiji@forstarfoods.com|DailyCatchEntry_New.php
23 May 2019 13:04:02|20|shiji@forstarfoods.com|DailyCatchEntry_New.php
23 May 2019 13:04:07|20|shiji@forstarfoods.com|DailyCatchEntry_New.php
23 May 2019 13:04:12|20|shiji@forstarfoods.com|DailyCatchEntry_New.php
23 May 2019 13:04:33|20|shiji@forstarfoods.com|DailyCatchEntry_New.php
23 May 2019 13:04:34|20|shiji@forstarfoods.com|CatchEntryDeclaredItem.php
23 May 2019 13:04:48|20|shiji@forstarfoods.com|DailyCatchEntry_New.php
23 May 2019 13:04:51|20|shiji@forstarfoods.com|DailyCatchEntry_New.php
23 May 2019 13:04:53|20|shiji@forstarfoods.com|DailyCatchEntry_New.php
23 May 2019 13:04:55|20|shiji@forstarfoods.com|DailyCatchEntry_New.php
23 May 2019 13:04:59|20|shiji@forstarfoods.com|DailyCatchEntry_New.php
23 May 2019 13:05:01|20|shiji@forstarfoods.com|DailyCatchEntry_New.php
23 May 2019 13:05:02|20|shiji@forstarfoods.com|DailyCatchEntry_New.php
23 May 2019 13:05:03|20|shiji@forstarfoods.com|DailyCatchEntry_New.php
23 May 2019 13:05:04|20|shiji@forstarfoods.com|DailyCatchEntry_New.php
23 May 2019 13:05:06|20|shiji@forstarfoods.com|DailyCatchEntry_New.php
23 May 2019 13:05:07|20|shiji@forstarfoods.com|DailyCatchEntry_New.php
23 May 2019 13:05:08|20|shiji@forstarfoods.com|DailyCatchEntry_New.php
23 May 2019 13:05:09|20|shiji@forstarfoods.com|DailyCatchEntry_New.php
23 May 2019 13:05:11|20|shiji@forstarfoods.com|DailyCatchEntry_New.php
23 May 2019 13:05:12|20|shiji@forstarfoods.com|DailyCatchEntry_New.php
23 May 2019 13:05:13|20|shiji@forstarfoods.com|DailyCatchEntry_New.php
23 May 2019 13:05:17|20|shiji@forstarfoods.com|DailyCatchEntry_New.php
23 May 2019 13:05:19|20|shiji@forstarfoods.com|DailyCatchEntry_New.php
23 May 2019 13:05:20|20|shiji@forstarfoods.com|CatchEntryDeclaredItem.php
23 May 2019 13:05:25|20|shiji@forstarfoods.com|DailyCatchEntry_New.php
23 May 2019 13:05:28|20|shiji@forstarfoods.com|DailyCatchEntry_New.php
23 May 2019 13:05:31|20|shiji@forstarfoods.com|DailyCatchEntry_New.php
23 May 2019 13:05:32|20|shiji@forstarfoods.com|DailyCatchEntry_New.php
23 May 2019 13:05:34|20|shiji@forstarfoods.com|DailyCatchEntry_New.php
23 May 2019 13:05:35|20|shiji@forstarfoods.com|DailyCatchEntry_New.php
23 May 2019 13:05:36|20|shiji@forstarfoods.com|DailyCatchEntry_New.php
23 May 2019 13:05:37|20|shiji@forstarfoods.com|DailyCatchEntry_New.php
23 May 2019 13:05:39|20|shiji@forstarfoods.com|DailyCatchEntry_New.php
23 May 2019 13:05:40|20|shiji@forstarfoods.com|DailyCatchEntry_New.php
23 May 2019 13:05:41|20|shiji@forstarfoods.com|DailyCatchEntry_New.php
23 May 2019 13:05:42|20|shiji@forstarfoods.com|DailyCatchEntry_New.php
23 May 2019 13:05:43|20|shiji@forstarfoods.com|DailyCatchEntry_New.php
23 May 2019 13:05:45|20|shiji@forstarfoods.com|DailyCatchEntry_New.php
23 May 2019 13:05:59|20|shiji@forstarfoods.com|DailyCatchEntry_New.php
23 May 2019 13:07:59|20|shiji@forstarfoods.com|DailyCatchEntry_New.php
23 May 2019 13:08:01|20|shiji@forstarfoods.com|CatchEntryDeclaredItem.php
23 May 2019 13:09:55|20|shiji@forstarfoods.com|DailyCatchEntry_New.php
23 May 2019 13:12:28|29|kavitha@forstarfoods.com|PurchaseReport.php
23 May 2019 13:12:43|29|kavitha@forstarfoods.com|PurchaseReport.php
23 May 2019 13:14:56|20|shiji@forstarfoods.com|DailyCatchEntry_New.php
23 May 2019 13:15:37|20|shiji@forstarfoods.com|DailyCatchEntry_New.php
23 May 2019 13:15:39|20|shiji@forstarfoods.com|DailyCatchEntry_New.php
23 May 2019 13:15:53|20|shiji@forstarfoods.com|DailyCatchEntry_New.php
23 May 2019 13:15:54|20|shiji@forstarfoods.com|DailyCatchEntry_New.php
23 May 2019 13:15:55|20|shiji@forstarfoods.com|DailyCatchEntry_New.php
23 May 2019 13:15:57|20|shiji@forstarfoods.com|DailyCatchEntry_New.php
23 May 2019 13:15:58|20|shiji@forstarfoods.com|DailyCatchEntry_New.php
23 May 2019 13:15:59|20|shiji@forstarfoods.com|DailyCatchEntry_New.php
23 May 2019 13:16:00|20|shiji@forstarfoods.com|DailyCatchEntry_New.php
23 May 2019 13:16:02|20|shiji@forstarfoods.com|DailyCatchEntry_New.php
23 May 2019 13:16:03|20|shiji@forstarfoods.com|DailyCatchEntry_New.php
23 May 2019 13:16:04|20|shiji@forstarfoods.com|DailyCatchEntry_New.php
23 May 2019 13:16:05|20|shiji@forstarfoods.com|DailyCatchEntry_New.php
23 May 2019 13:16:07|20|shiji@forstarfoods.com|DailyCatchEntry_New.php
23 May 2019 13:16:08|20|shiji@forstarfoods.com|DailyCatchEntry_New.php
23 May 2019 13:16:11|20|shiji@forstarfoods.com|DailyCatchEntry_New.php
23 May 2019 13:16:12|20|shiji@forstarfoods.com|CatchEntryDeclaredItem.php
23 May 2019 13:16:40|29|kavitha@forstarfoods.com|PrintPurchaseSettlementMemo.php
23 May 2019 13:17:10|20|shiji@forstarfoods.com|DailyCatchEntry_New.php
23 May 2019 13:17:11|29|kavitha@forstarfoods.com|PurchaseReport.php
23 May 2019 13:17:12|20|shiji@forstarfoods.com|DailyCatchEntry_New.php
23 May 2019 13:17:17|20|shiji@forstarfoods.com|DailyCatchEntry_New.php
23 May 2019 13:17:18|20|shiji@forstarfoods.com|DailyCatchEntry_New.php
23 May 2019 13:17:20|20|shiji@forstarfoods.com|DailyCatchEntry_New.php
23 May 2019 13:17:21|29|kavitha@forstarfoods.com|PrintPurchaseSettlementMemo.php
23 May 2019 13:17:21|20|shiji@forstarfoods.com|DailyCatchEntry_New.php
23 May 2019 13:17:22|20|shiji@forstarfoods.com|DailyCatchEntry_New.php
23 May 2019 13:17:23|20|shiji@forstarfoods.com|DailyCatchEntry_New.php
23 May 2019 13:17:25|20|shiji@forstarfoods.com|DailyCatchEntry_New.php
23 May 2019 13:17:26|20|shiji@forstarfoods.com|DailyCatchEntry_New.php
23 May 2019 13:17:27|20|shiji@forstarfoods.com|DailyCatchEntry_New.php
23 May 2019 13:17:28|20|shiji@forstarfoods.com|DailyCatchEntry_New.php
23 May 2019 13:17:29|20|shiji@forstarfoods.com|DailyCatchEntry_New.php
23 May 2019 13:17:31|20|shiji@forstarfoods.com|DailyCatchEntry_New.php
23 May 2019 13:17:32|20|shiji@forstarfoods.com|DailyCatchEntry_New.php
23 May 2019 13:17:34|20|shiji@forstarfoods.com|DailyCatchEntry_New.php
23 May 2019 13:17:36|20|shiji@forstarfoods.com|CatchEntryDeclaredItem.php
23 May 2019 13:17:36|29|kavitha@forstarfoods.com|PurchaseReport.php
23 May 2019 13:17:45|29|kavitha@forstarfoods.com|PrintPurchaseSettlementMemo.php
23 May 2019 13:18:00|29|kavitha@forstarfoods.com|PurchaseReport.php
23 May 2019 13:18:07|29|kavitha@forstarfoods.com|PrintPurchaseSettlementMemo.php
23 May 2019 13:18:19|20|shiji@forstarfoods.com|DailyCatchEntry_New.php
23 May 2019 13:18:21|20|shiji@forstarfoods.com|DailyCatchEntry_New.php
23 May 2019 13:18:22|29|kavitha@forstarfoods.com|PurchaseReport.php
23 May 2019 13:18:25|20|shiji@forstarfoods.com|DailyCatchEntry_New.php
23 May 2019 13:18:26|20|shiji@forstarfoods.com|DailyCatchEntry_New.php
23 May 2019 13:18:28|20|shiji@forstarfoods.com|DailyCatchEntry_New.php
23 May 2019 13:18:28|29|kavitha@forstarfoods.com|PrintPurchaseSettlementMemo.php
23 May 2019 13:18:29|20|shiji@forstarfoods.com|DailyCatchEntry_New.php
23 May 2019 13:18:30|20|shiji@forstarfoods.com|DailyCatchEntry_New.php
23 May 2019 13:18:31|20|shiji@forstarfoods.com|DailyCatchEntry_New.php
23 May 2019 13:18:33|20|shiji@forstarfoods.com|DailyCatchEntry_New.php
23 May 2019 13:18:34|20|shiji@forstarfoods.com|DailyCatchEntry_New.php
23 May 2019 13:18:35|20|shiji@forstarfoods.com|DailyCatchEntry_New.php
23 May 2019 13:18:36|20|shiji@forstarfoods.com|DailyCatchEntry_New.php
23 May 2019 13:18:38|20|shiji@forstarfoods.com|DailyCatchEntry_New.php
23 May 2019 13:18:39|20|shiji@forstarfoods.com|DailyCatchEntry_New.php
23 May 2019 13:18:40|20|shiji@forstarfoods.com|DailyCatchEntry_New.php
23 May 2019 13:18:43|20|shiji@forstarfoods.com|DailyCatchEntry_New.php
23 May 2019 13:18:44|20|shiji@forstarfoods.com|CatchEntryDeclaredItem.php
23 May 2019 13:18:48|20|shiji@forstarfoods.com|DailyCatchEntry_New.php
23 May 2019 13:18:50|20|shiji@forstarfoods.com|DailyCatchEntry_New.php
23 May 2019 13:18:53|29|kavitha@forstarfoods.com|PurchaseReport.php
23 May 2019 13:18:55|20|shiji@forstarfoods.com|DailyCatchEntry_New.php
23 May 2019 13:18:56|20|shiji@forstarfoods.com|DailyCatchEntry_New.php
23 May 2019 13:18:58|20|shiji@forstarfoods.com|DailyCatchEntry_New.php
23 May 2019 13:18:58|29|kavitha@forstarfoods.com|PurchaseReport.php
23 May 2019 13:18:59|20|shiji@forstarfoods.com|DailyCatchEntry_New.php
23 May 2019 13:19:00|20|shiji@forstarfoods.com|DailyCatchEntry_New.php
23 May 2019 13:19:01|20|shiji@forstarfoods.com|DailyCatchEntry_New.php
23 May 2019 13:19:02|20|shiji@forstarfoods.com|DailyCatchEntry_New.php
23 May 2019 13:19:04|20|shiji@forstarfoods.com|DailyCatchEntry_New.php
23 May 2019 13:19:04|29|kavitha@forstarfoods.com|PrintPurchaseSettlementMemo.php
23 May 2019 13:19:05|20|shiji@forstarfoods.com|DailyCatchEntry_New.php
23 May 2019 13:19:06|20|shiji@forstarfoods.com|DailyCatchEntry_New.php
23 May 2019 13:19:07|20|shiji@forstarfoods.com|DailyCatchEntry_New.php
23 May 2019 13:19:09|20|shiji@forstarfoods.com|DailyCatchEntry_New.php
23 May 2019 13:19:10|20|shiji@forstarfoods.com|DailyCatchEntry_New.php
23 May 2019 13:19:11|20|shiji@forstarfoods.com|DailyCatchEntry_New.php
23 May 2019 13:19:12|20|shiji@forstarfoods.com|DailyCatchEntry_New.php
23 May 2019 13:19:14|20|shiji@forstarfoods.com|DailyCatchEntry_New.php
23 May 2019 13:19:19|29|kavitha@forstarfoods.com|PurchaseReport.php
23 May 2019 13:19:24|29|kavitha@forstarfoods.com|PrintPurchaseSettlementMemo.php
23 May 2019 13:19:31|20|shiji@forstarfoods.com|DailyCatchEntry_New.php
23 May 2019 13:19:33|20|shiji@forstarfoods.com|DailyCatchEntry_New.php
23 May 2019 13:19:34|20|shiji@forstarfoods.com|CatchEntryDeclaredItem.php
23 May 2019 13:19:36|20|shiji@forstarfoods.com|DailyCatchEntry_New.php
23 May 2019 13:19:36|29|kavitha@forstarfoods.com|PurchaseReport.php
23 May 2019 13:19:37|20|shiji@forstarfoods.com|DailyCatchEntry_New.php
23 May 2019 13:19:38|20|shiji@forstarfoods.com|DailyCatchEntry_New.php
23 May 2019 13:19:43|29|kavitha@forstarfoods.com|PrintPurchaseSettlementMemo.php
23 May 2019 13:19:49|20|shiji@forstarfoods.com|DailyCatchEntry_New.php
23 May 2019 13:19:57|20|shiji@forstarfoods.com|DailyCatchEntry_New.php
23 May 2019 13:20:12|29|kavitha@forstarfoods.com|PurchaseReport.php
23 May 2019 13:20:25|29|kavitha@forstarfoods.com|PurchaseReport.php
23 May 2019 13:20:34|29|kavitha@forstarfoods.com|PurchaseReport.php
23 May 2019 13:20:46|29|kavitha@forstarfoods.com|PrintPurchaseSettlementMemo.php
23 May 2019 13:24:59|20|shiji@forstarfoods.com|DailyCatchEntry_New.php
23 May 2019 13:26:04|29|kavitha@forstarfoods.com|PurchaseReport.php
23 May 2019 13:26:14|29|kavitha@forstarfoods.com|PurchaseReport.php
23 May 2019 13:26:29|29|kavitha@forstarfoods.com|PurchaseReport.php
23 May 2019 13:26:38|29|kavitha@forstarfoods.com|PrintPurchaseSettlementMemo.php
23 May 2019 13:26:54|29|kavitha@forstarfoods.com|PurchaseReport.php
23 May 2019 13:26:58|29|kavitha@forstarfoods.com|PurchaseReport.php
23 May 2019 13:27:04|29|kavitha@forstarfoods.com|PrintPurchaseSettlementMemo.php
23 May 2019 13:27:19|29|kavitha@forstarfoods.com|PurchaseReport.php
23 May 2019 13:27:22|29|kavitha@forstarfoods.com|PurchaseReport.php
23 May 2019 13:27:29|29|kavitha@forstarfoods.com|PurchaseReport.php
23 May 2019 13:27:38|29|kavitha@forstarfoods.com|PrintPurchaseSettlementMemo.php
23 May 2019 13:27:52|29|kavitha@forstarfoods.com|PurchaseReport.php
23 May 2019 13:27:55|29|kavitha@forstarfoods.com|PurchaseReport.php
23 May 2019 13:28:01|29|kavitha@forstarfoods.com|PrintPurchaseSettlementMemo.php
23 May 2019 13:30:01|20|shiji@forstarfoods.com|DailyCatchEntry_New.php
23 May 2019 13:35:02|20|shiji@forstarfoods.com|DailyCatchEntry_New.php
23 May 2019 13:40:04|20|shiji@forstarfoods.com|DailyCatchEntry_New.php
23 May 2019 13:45:05|20|shiji@forstarfoods.com|DailyCatchEntry_New.php
23 May 2019 13:50:06|20|shiji@forstarfoods.com|DailyCatchEntry_New.php
23 May 2019 13:55:08|20|shiji@forstarfoods.com|DailyCatchEntry_New.php
23 May 2019 14:00:09|20|shiji@forstarfoods.com|DailyCatchEntry_New.php
23 May 2019 14:05:11|20|shiji@forstarfoods.com|DailyCatchEntry_New.php
23 May 2019 14:09:07|20|shiji@forstarfoods.com|DailyCatchReport.php
23 May 2019 14:09:12|20|shiji@forstarfoods.com|SupplierAccount.php
23 May 2019 14:09:19|20|shiji@forstarfoods.com|SupplierAccount.php
23 May 2019 14:09:53|20|shiji@forstarfoods.com|SupplierAccount.php
23 May 2019 14:10:22|20|shiji@forstarfoods.com|DailyCatchReport.php
23 May 2019 14:10:31|20|shiji@forstarfoods.com|DailyCatchReport.php
23 May 2019 14:10:34|20|shiji@forstarfoods.com|DailyCatchReport.php
23 May 2019 14:10:36|20|shiji@forstarfoods.com|DailyCatchReport.php
23 May 2019 14:10:38|20|shiji@forstarfoods.com|DailyCatchReport.php
23 May 2019 14:10:39|20|shiji@forstarfoods.com|DailyCatchReport.php
23 May 2019 14:10:41|20|shiji@forstarfoods.com|PrintDailyCatchReportMemo.php
23 May 2019 14:31:27|20|shiji@forstarfoods.com|DailyCatchEntry_New.php
23 May 2019 14:31:32|20|shiji@forstarfoods.com|DailyCatchEntry_New.php
23 May 2019 14:31:34|20|shiji@forstarfoods.com|DailyCatchEntry_New.php
23 May 2019 14:31:35|20|shiji@forstarfoods.com|DailyCatchEntry_New.php
23 May 2019 14:31:36|20|shiji@forstarfoods.com|DailyCatchEntry_New.php
23 May 2019 14:31:38|20|shiji@forstarfoods.com|CatchEntryDeclaredItem.php
23 May 2019 14:31:39|20|shiji@forstarfoods.com|DailyCatchEntry_New.php
23 May 2019 14:31:41|20|shiji@forstarfoods.com|DailyCatchEntry_New.php
23 May 2019 14:31:42|20|shiji@forstarfoods.com|DailyCatchEntry_New.php
23 May 2019 14:31:43|20|shiji@forstarfoods.com|DailyCatchEntry_New.php
23 May 2019 14:31:45|20|shiji@forstarfoods.com|DailyCatchEntry_New.php
23 May 2019 14:31:46|20|shiji@forstarfoods.com|DailyCatchEntry_New.php
23 May 2019 14:31:49|20|shiji@forstarfoods.com|DailyCatchEntry_New.php
23 May 2019 14:31:50|20|shiji@forstarfoods.com|DailyCatchEntry_New.php
23 May 2019 14:31:51|20|shiji@forstarfoods.com|DailyCatchEntry_New.php
23 May 2019 14:32:04|20|shiji@forstarfoods.com|DailyCatchEntry_New.php
23 May 2019 14:32:10|20|shiji@forstarfoods.com|DailyCatchEntry_New.php
23 May 2019 14:32:11|20|shiji@forstarfoods.com|CatchEntryDeclaredItem.php
23 May 2019 14:33:11|20|shiji@forstarfoods.com|DailyCatchEntry_New.php
23 May 2019 14:33:12|20|shiji@forstarfoods.com|DailyCatchEntry_New.php
23 May 2019 14:33:14|20|shiji@forstarfoods.com|DailyCatchEntry_New.php
23 May 2019 14:33:17|20|shiji@forstarfoods.com|DailyCatchEntry_New.php
23 May 2019 14:33:19|20|shiji@forstarfoods.com|DailyCatchEntry_New.php
23 May 2019 14:33:24|20|shiji@forstarfoods.com|DailyCatchEntry_New.php
23 May 2019 14:33:25|20|shiji@forstarfoods.com|DailyCatchEntry_New.php
23 May 2019 14:33:26|20|shiji@forstarfoods.com|DailyCatchEntry_New.php
23 May 2019 14:33:28|20|shiji@forstarfoods.com|DailyCatchEntry_New.php
23 May 2019 14:33:29|20|shiji@forstarfoods.com|DailyCatchEntry_New.php
23 May 2019 14:33:30|20|shiji@forstarfoods.com|DailyCatchEntry_New.php
23 May 2019 14:33:31|20|shiji@forstarfoods.com|DailyCatchEntry_New.php
23 May 2019 14:33:33|20|shiji@forstarfoods.com|DailyCatchEntry_New.php
23 May 2019 14:33:34|20|shiji@forstarfoods.com|DailyCatchEntry_New.php
23 May 2019 14:33:35|20|shiji@forstarfoods.com|DailyCatchEntry_New.php
23 May 2019 14:33:43|20|shiji@forstarfoods.com|DailyCatchEntry_New.php
23 May 2019 14:33:44|20|shiji@forstarfoods.com|DailyCatchEntry_New.php
23 May 2019 14:34:00|20|shiji@forstarfoods.com|DailyCatchEntry_New.php
23 May 2019 14:36:34|20|shiji@forstarfoods.com|DailyCatchEntry_New.php
23 May 2019 14:41:36|20|shiji@forstarfoods.com|DailyCatchEntry_New.php
23 May 2019 14:46:02|20|shiji@forstarfoods.com|DailyCatchEntry_New.php
23 May 2019 14:46:09|20|shiji@forstarfoods.com|DailyCatchEntry_New.php
23 May 2019 14:46:10|20|shiji@forstarfoods.com|CatchEntryDeclaredItem.php
23 May 2019 14:46:17|20|shiji@forstarfoods.com|DailyCatchEntry_New.php
23 May 2019 14:46:37|20|shiji@forstarfoods.com|DailyCatchEntry_New.php
23 May 2019 14:46:38|20|shiji@forstarfoods.com|DailyCatchEntry_New.php
23 May 2019 14:46:43|20|shiji@forstarfoods.com|DailyCatchEntry_New.php
23 May 2019 14:46:44|20|shiji@forstarfoods.com|DailyCatchEntry_New.php
23 May 2019 14:46:45|20|shiji@forstarfoods.com|DailyCatchEntry_New.php
23 May 2019 14:46:47|20|shiji@forstarfoods.com|DailyCatchEntry_New.php
23 May 2019 14:46:48|20|shiji@forstarfoods.com|DailyCatchEntry_New.php
23 May 2019 14:46:49|20|shiji@forstarfoods.com|DailyCatchEntry_New.php
23 May 2019 14:46:50|20|shiji@forstarfoods.com|DailyCatchEntry_New.php
23 May 2019 14:46:52|20|shiji@forstarfoods.com|DailyCatchEntry_New.php
23 May 2019 14:46:53|20|shiji@forstarfoods.com|DailyCatchEntry_New.php
23 May 2019 14:46:54|20|shiji@forstarfoods.com|DailyCatchEntry_New.php
23 May 2019 14:46:55|20|shiji@forstarfoods.com|DailyCatchEntry_New.php
23 May 2019 14:46:57|20|shiji@forstarfoods.com|DailyCatchEntry_New.php
23 May 2019 14:47:18|20|shiji@forstarfoods.com|DailyCatchEntry_New.php
23 May 2019 14:47:37|29|kavitha@forstarfoods.com|DailyCatchEntry_New.php
23 May 2019 14:47:42|29|kavitha@forstarfoods.com|DailyCatchEntry_New.php
23 May 2019 14:47:42|20|shiji@forstarfoods.com|DailyCatchEntry_New.php
23 May 2019 14:47:43|29|kavitha@forstarfoods.com|DailyCatchEntry_New.php
23 May 2019 14:47:45|29|kavitha@forstarfoods.com|DailyCatchEntry_New.php
23 May 2019 14:47:45|20|shiji@forstarfoods.com|DailyCatchEntry_New.php
23 May 2019 14:47:46|29|kavitha@forstarfoods.com|DailyCatchEntry_New.php
23 May 2019 14:47:47|20|shiji@forstarfoods.com|CatchEntryDeclaredItem.php
23 May 2019 14:47:47|29|kavitha@forstarfoods.com|CatchEntryDeclaredItem.php
23 May 2019 14:47:48|29|kavitha@forstarfoods.com|DailyCatchEntry_New.php
23 May 2019 14:47:50|20|shiji@forstarfoods.com|DailyCatchEntry_New.php
23 May 2019 14:47:52|20|shiji@forstarfoods.com|DailyCatchEntry_New.php
23 May 2019 14:47:55|20|shiji@forstarfoods.com|DailyCatchEntry_New.php
23 May 2019 14:47:56|20|shiji@forstarfoods.com|DailyCatchEntry_New.php
23 May 2019 14:47:56|29|kavitha@forstarfoods.com|DailyCatchEntry_New.php
23 May 2019 14:47:57|20|shiji@forstarfoods.com|DailyCatchEntry_New.php
23 May 2019 14:47:57|29|kavitha@forstarfoods.com|DailyCatchEntry_New.php
23 May 2019 14:47:58|20|shiji@forstarfoods.com|DailyCatchEntry_New.php
23 May 2019 14:47:58|29|kavitha@forstarfoods.com|DailyCatchEntry_New.php
23 May 2019 14:48:00|20|shiji@forstarfoods.com|DailyCatchEntry_New.php
23 May 2019 14:48:00|29|kavitha@forstarfoods.com|DailyCatchEntry_New.php
23 May 2019 14:48:01|20|shiji@forstarfoods.com|DailyCatchEntry_New.php
23 May 2019 14:48:01|29|kavitha@forstarfoods.com|DailyCatchEntry_New.php
23 May 2019 14:48:02|20|shiji@forstarfoods.com|DailyCatchEntry_New.php
23 May 2019 14:48:03|29|kavitha@forstarfoods.com|DailyCatchEntry_New.php
23 May 2019 14:48:03|20|shiji@forstarfoods.com|DailyCatchEntry_New.php
23 May 2019 14:48:04|29|kavitha@forstarfoods.com|DailyCatchEntry_New.php
23 May 2019 14:48:05|20|shiji@forstarfoods.com|DailyCatchEntry_New.php
23 May 2019 14:48:05|29|kavitha@forstarfoods.com|DailyCatchEntry_New.php
23 May 2019 14:48:06|20|shiji@forstarfoods.com|DailyCatchEntry_New.php
23 May 2019 14:48:07|20|shiji@forstarfoods.com|DailyCatchEntry_New.php
23 May 2019 14:48:08|20|shiji@forstarfoods.com|DailyCatchEntry_New.php
23 May 2019 14:48:09|29|kavitha@forstarfoods.com|DailyCatchEntry_New.php
23 May 2019 14:48:18|20|shiji@forstarfoods.com|DailyCatchEntry_New.php
23 May 2019 14:48:23|29|kavitha@forstarfoods.com|DailyCatchEntry_New.php
23 May 2019 14:48:25|29|kavitha@forstarfoods.com|CatchEntryDeclaredItem.php
23 May 2019 14:48:29|20|shiji@forstarfoods.com|DailyCatchEntry_New.php
23 May 2019 14:48:31|20|shiji@forstarfoods.com|DailyCatchEntry_New.php
23 May 2019 14:48:33|20|shiji@forstarfoods.com|CatchEntryDeclaredItem.php
23 May 2019 14:48:35|29|kavitha@forstarfoods.com|SupplierMaster.php
23 May 2019 14:48:37|20|shiji@forstarfoods.com|DailyCatchEntry_New.php
23 May 2019 14:48:39|29|kavitha@forstarfoods.com|SupplierMaster.php
23 May 2019 14:48:43|20|shiji@forstarfoods.com|DailyCatchEntry_New.php
23 May 2019 14:48:48|20|shiji@forstarfoods.com|DailyCatchEntry_New.php
23 May 2019 14:48:49|20|shiji@forstarfoods.com|DailyCatchEntry_New.php
23 May 2019 14:48:51|20|shiji@forstarfoods.com|DailyCatchEntry_New.php
23 May 2019 14:48:52|20|shiji@forstarfoods.com|DailyCatchEntry_New.php
23 May 2019 14:48:53|20|shiji@forstarfoods.com|DailyCatchEntry_New.php
23 May 2019 14:48:54|20|shiji@forstarfoods.com|DailyCatchEntry_New.php
23 May 2019 14:48:56|20|shiji@forstarfoods.com|DailyCatchEntry_New.php
23 May 2019 14:48:57|20|shiji@forstarfoods.com|DailyCatchEntry_New.php
23 May 2019 14:48:58|20|shiji@forstarfoods.com|DailyCatchEntry_New.php
23 May 2019 14:48:59|20|shiji@forstarfoods.com|DailyCatchEntry_New.php
23 May 2019 14:49:00|20|shiji@forstarfoods.com|DailyCatchEntry_New.php
23 May 2019 14:49:02|20|shiji@forstarfoods.com|DailyCatchEntry_New.php
23 May 2019 14:49:13|20|shiji@forstarfoods.com|DailyCatchEntry_New.php
23 May 2019 14:49:24|20|shiji@forstarfoods.com|DailyCatchEntry_New.php
23 May 2019 14:49:27|20|shiji@forstarfoods.com|DailyCatchEntry_New.php
23 May 2019 14:49:29|20|shiji@forstarfoods.com|CatchEntryDeclaredItem.php
23 May 2019 14:49:33|20|shiji@forstarfoods.com|DailyCatchEntry_New.php
23 May 2019 14:49:35|20|shiji@forstarfoods.com|DailyCatchEntry_New.php
23 May 2019 14:49:43|20|shiji@forstarfoods.com|DailyCatchEntry_New.php
23 May 2019 14:49:44|20|shiji@forstarfoods.com|DailyCatchEntry_New.php
23 May 2019 14:49:45|29|kavitha@forstarfoods.com|SupplierMaster.php
23 May 2019 14:49:45|20|shiji@forstarfoods.com|DailyCatchEntry_New.php
23 May 2019 14:49:47|20|shiji@forstarfoods.com|DailyCatchEntry_New.php
23 May 2019 14:49:48|20|shiji@forstarfoods.com|DailyCatchEntry_New.php
23 May 2019 14:49:48|29|kavitha@forstarfoods.com|SupplierMaster.php
23 May 2019 14:49:49|20|shiji@forstarfoods.com|DailyCatchEntry_New.php
23 May 2019 14:49:50|20|shiji@forstarfoods.com|DailyCatchEntry_New.php
23 May 2019 14:49:51|20|shiji@forstarfoods.com|DailyCatchEntry_New.php
23 May 2019 14:49:53|20|shiji@forstarfoods.com|DailyCatchEntry_New.php
23 May 2019 14:49:54|20|shiji@forstarfoods.com|DailyCatchEntry_New.php
23 May 2019 14:49:55|20|shiji@forstarfoods.com|DailyCatchEntry_New.php
23 May 2019 14:49:56|29|kavitha@forstarfoods.com|SupplierMaster.php
23 May 2019 14:49:56|20|shiji@forstarfoods.com|DailyCatchEntry_New.php
23 May 2019 14:50:13|20|shiji@forstarfoods.com|DailyCatchEntry_New.php
23 May 2019 14:50:20|29|kavitha@forstarfoods.com|SupplierMaster.php
23 May 2019 14:50:43|20|shiji@forstarfoods.com|DailyCatchEntry_New.php
23 May 2019 14:50:43|29|kavitha@forstarfoods.com|SupplierMaster.php
23 May 2019 14:50:45|20|shiji@forstarfoods.com|DailyCatchEntry_New.php
23 May 2019 14:50:47|20|shiji@forstarfoods.com|CatchEntryDeclaredItem.php
23 May 2019 14:50:50|20|shiji@forstarfoods.com|DailyCatchEntry_New.php
23 May 2019 14:50:52|20|shiji@forstarfoods.com|DailyCatchEntry_New.php
23 May 2019 14:50:59|20|shiji@forstarfoods.com|DailyCatchEntry_New.php
23 May 2019 14:51:00|20|shiji@forstarfoods.com|DailyCatchEntry_New.php
23 May 2019 14:51:01|20|shiji@forstarfoods.com|DailyCatchEntry_New.php
23 May 2019 14:51:03|20|shiji@forstarfoods.com|DailyCatchEntry_New.php
23 May 2019 14:51:04|20|shiji@forstarfoods.com|DailyCatchEntry_New.php
23 May 2019 14:51:05|20|shiji@forstarfoods.com|DailyCatchEntry_New.php
23 May 2019 14:51:06|20|shiji@forstarfoods.com|DailyCatchEntry_New.php
23 May 2019 14:51:07|29|kavitha@forstarfoods.com|DailyCatchEntry_New.php
23 May 2019 14:51:08|20|shiji@forstarfoods.com|DailyCatchEntry_New.php
23 May 2019 14:51:09|20|shiji@forstarfoods.com|DailyCatchEntry_New.php
23 May 2019 14:51:10|29|kavitha@forstarfoods.com|DailyCatchEntry_New.php
23 May 2019 14:51:10|20|shiji@forstarfoods.com|DailyCatchEntry_New.php
23 May 2019 14:51:11|20|shiji@forstarfoods.com|DailyCatchEntry_New.php
23 May 2019 14:51:12|29|kavitha@forstarfoods.com|DailyCatchEntry_New.php
23 May 2019 14:51:12|20|shiji@forstarfoods.com|DailyCatchEntry_New.php
23 May 2019 14:51:13|29|kavitha@forstarfoods.com|DailyCatchEntry_New.php
23 May 2019 14:51:14|29|kavitha@forstarfoods.com|DailyCatchEntry_New.php
23 May 2019 14:51:15|29|kavitha@forstarfoods.com|CatchEntryDeclaredItem.php
23 May 2019 14:51:17|29|kavitha@forstarfoods.com|DailyCatchEntry_New.php
23 May 2019 14:51:21|29|kavitha@forstarfoods.com|DailyCatchEntry_New.php
23 May 2019 14:51:22|29|kavitha@forstarfoods.com|DailyCatchEntry_New.php
23 May 2019 14:51:23|29|kavitha@forstarfoods.com|DailyCatchEntry_New.php
23 May 2019 14:51:24|29|kavitha@forstarfoods.com|DailyCatchEntry_New.php
23 May 2019 14:51:26|29|kavitha@forstarfoods.com|DailyCatchEntry_New.php
23 May 2019 14:51:32|29|kavitha@forstarfoods.com|DailyCatchEntry_New.php
23 May 2019 14:51:33|20|shiji@forstarfoods.com|DailyCatchEntry_New.php
23 May 2019 14:51:33|29|kavitha@forstarfoods.com|DailyCatchEntry_New.php
23 May 2019 14:51:34|29|kavitha@forstarfoods.com|DailyCatchEntry_New.php
23 May 2019 14:51:35|29|kavitha@forstarfoods.com|DailyCatchEntry_New.php
23 May 2019 14:51:36|20|shiji@forstarfoods.com|DailyCatchEntry_New.php
23 May 2019 14:51:37|29|kavitha@forstarfoods.com|DailyCatchEntry_New.php
23 May 2019 14:51:37|20|shiji@forstarfoods.com|CatchEntryDeclaredItem.php
23 May 2019 14:51:39|20|shiji@forstarfoods.com|DailyCatchEntry_New.php
23 May 2019 14:51:40|29|kavitha@forstarfoods.com|DailyCatchEntry_New.php
23 May 2019 14:51:42|29|kavitha@forstarfoods.com|DailyCatchEntry_New.php
23 May 2019 14:51:43|29|kavitha@forstarfoods.com|DailyCatchEntry_New.php
23 May 2019 14:51:46|29|kavitha@forstarfoods.com|DailyCatchEntry_New.php
23 May 2019 14:52:12|29|kavitha@forstarfoods.com|DailyCatchEntry_New.php
23 May 2019 14:52:13|29|kavitha@forstarfoods.com|CatchEntryDeclaredItem.php
23 May 2019 14:52:16|29|kavitha@forstarfoods.com|DailyCatchEntry_New.php
23 May 2019 14:52:17|29|kavitha@forstarfoods.com|DailyCatchEntry_New.php
23 May 2019 14:52:18|29|kavitha@forstarfoods.com|DailyCatchEntry_New.php
23 May 2019 14:52:19|29|kavitha@forstarfoods.com|DailyCatchEntry_New.php
23 May 2019 14:52:21|29|kavitha@forstarfoods.com|DailyCatchEntry_New.php
23 May 2019 14:52:22|29|kavitha@forstarfoods.com|DailyCatchEntry_New.php
23 May 2019 14:52:24|29|kavitha@forstarfoods.com|DailyCatchEntry_New.php
23 May 2019 14:52:25|29|kavitha@forstarfoods.com|DailyCatchEntry_New.php
23 May 2019 14:52:26|29|kavitha@forstarfoods.com|DailyCatchEntry_New.php
23 May 2019 14:52:27|29|kavitha@forstarfoods.com|DailyCatchEntry_New.php
23 May 2019 14:52:29|29|kavitha@forstarfoods.com|DailyCatchEntry_New.php
23 May 2019 14:52:30|29|kavitha@forstarfoods.com|DailyCatchEntry_New.php
23 May 2019 14:52:31|29|kavitha@forstarfoods.com|DailyCatchEntry_New.php
23 May 2019 14:52:34|29|kavitha@forstarfoods.com|DailyCatchEntry_New.php
23 May 2019 14:52:42|29|kavitha@forstarfoods.com|DailyCatchEntry_New.php
23 May 2019 14:52:44|29|kavitha@forstarfoods.com|CatchEntryDeclaredItem.php
23 May 2019 14:53:22|20|shiji@forstarfoods.com|DailyCatchEntry_New.php
23 May 2019 14:53:23|20|shiji@forstarfoods.com|DailyCatchEntry_New.php
23 May 2019 14:53:24|20|shiji@forstarfoods.com|DailyCatchEntry_New.php
23 May 2019 14:53:25|29|kavitha@forstarfoods.com|DailyCatchEntry_New.php
23 May 2019 14:53:27|29|kavitha@forstarfoods.com|DailyCatchEntry_New.php
23 May 2019 14:53:28|29|kavitha@forstarfoods.com|DailyCatchEntry_New.php
23 May 2019 14:53:43|29|kavitha@forstarfoods.com|DailyCatchEntry_New.php
23 May 2019 14:53:46|29|kavitha@forstarfoods.com|DailyCatchEntry_New.php
23 May 2019 14:53:54|20|shiji@forstarfoods.com|DailyCatchEntry_New.php
23 May 2019 14:53:56|29|kavitha@forstarfoods.com|DailyCatchEntry_New.php
23 May 2019 14:53:57|29|kavitha@forstarfoods.com|DailyCatchEntry_New.php
23 May 2019 14:53:58|29|kavitha@forstarfoods.com|DailyCatchEntry_New.php
23 May 2019 14:53:59|29|kavitha@forstarfoods.com|DailyCatchEntry_New.php
23 May 2019 14:54:01|29|kavitha@forstarfoods.com|DailyCatchEntry_New.php
23 May 2019 14:54:02|29|kavitha@forstarfoods.com|DailyCatchEntry_New.php
23 May 2019 14:54:03|29|kavitha@forstarfoods.com|DailyCatchEntry_New.php
23 May 2019 14:54:04|20|shiji@forstarfoods.com|DailyCatchEntry_New.php
23 May 2019 14:54:04|29|kavitha@forstarfoods.com|DailyCatchEntry_New.php
23 May 2019 14:54:05|20|shiji@forstarfoods.com|CatchEntryDeclaredItem.php
23 May 2019 14:54:06|29|kavitha@forstarfoods.com|DailyCatchEntry_New.php
23 May 2019 14:54:07|29|kavitha@forstarfoods.com|DailyCatchEntry_New.php
23 May 2019 14:55:03|29|kavitha@forstarfoods.com|DailyCatchEntry_New.php
23 May 2019 14:55:07|29|kavitha@forstarfoods.com|DailyCatchEntry_New.php
23 May 2019 14:55:08|29|kavitha@forstarfoods.com|CatchEntryDeclaredItem.php
23 May 2019 14:55:14|29|kavitha@forstarfoods.com|DailyCatchEntry_New.php
23 May 2019 14:55:18|29|kavitha@forstarfoods.com|DailyCatchEntry_New.php
23 May 2019 14:55:22|29|kavitha@forstarfoods.com|DailyCatchEntry_New.php
23 May 2019 14:55:23|29|kavitha@forstarfoods.com|DailyCatchEntry_New.php
23 May 2019 14:55:24|29|kavitha@forstarfoods.com|DailyCatchEntry_New.php
23 May 2019 14:55:25|29|kavitha@forstarfoods.com|DailyCatchEntry_New.php
23 May 2019 14:55:27|29|kavitha@forstarfoods.com|DailyCatchEntry_New.php
23 May 2019 14:55:28|29|kavitha@forstarfoods.com|DailyCatchEntry_New.php
23 May 2019 14:56:12|29|kavitha@forstarfoods.com|DailyCatchEntry_New.php
23 May 2019 14:56:17|29|kavitha@forstarfoods.com|DailyCatchEntry_New.php
23 May 2019 14:56:20|29|kavitha@forstarfoods.com|DailyCatchEntry_New.php
23 May 2019 14:56:21|29|kavitha@forstarfoods.com|CatchEntryDeclaredItem.php
23 May 2019 14:56:34|29|kavitha@forstarfoods.com|DailyCatchEntry_New.php
23 May 2019 14:56:38|29|kavitha@forstarfoods.com|DailyCatchEntry_New.php
23 May 2019 14:56:41|20|shiji@forstarfoods.com|DailyCatchEntry_New.php
23 May 2019 14:56:42|29|kavitha@forstarfoods.com|DailyCatchEntry_New.php
23 May 2019 14:56:43|29|kavitha@forstarfoods.com|DailyCatchEntry_New.php
23 May 2019 14:56:45|29|kavitha@forstarfoods.com|DailyCatchEntry_New.php
23 May 2019 14:56:46|29|kavitha@forstarfoods.com|DailyCatchEntry_New.php
23 May 2019 14:56:47|29|kavitha@forstarfoods.com|DailyCatchEntry_New.php
23 May 2019 14:56:48|29|kavitha@forstarfoods.com|DailyCatchEntry_New.php
23 May 2019 15:00:35|20|shiji@forstarfoods.com|DailyCatchEntry_New.php
23 May 2019 15:00:54|29|kavitha@forstarfoods.com|DailyCatchEntry_New.php
23 May 2019 15:00:56|29|kavitha@forstarfoods.com|DailyCatchEntry_New.php
23 May 2019 15:00:57|29|kavitha@forstarfoods.com|CatchEntryDeclaredItem.php
23 May 2019 15:01:26|29|kavitha@forstarfoods.com|DailyCatchReport.php
23 May 2019 15:01:27|29|kavitha@forstarfoods.com|DailyCatchReport.php
23 May 2019 15:01:28|29|kavitha@forstarfoods.com|DailyCatchEntry_New.php
23 May 2019 15:01:42|20|shiji@forstarfoods.com|DailyCatchEntry_New.php
23 May 2019 15:01:44|29|kavitha@forstarfoods.com|DailyCatchReport.php
23 May 2019 15:01:50|29|kavitha@forstarfoods.com|DailyCatchReport.php
23 May 2019 15:01:55|29|kavitha@forstarfoods.com|DailyCatchReport.php
23 May 2019 15:01:57|29|kavitha@forstarfoods.com|DailyCatchReport.php
23 May 2019 15:01:58|29|kavitha@forstarfoods.com|DailyCatchReport.php
23 May 2019 15:03:10|29|kavitha@forstarfoods.com|DailyCatchReport.php
23 May 2019 15:03:12|29|kavitha@forstarfoods.com|DailyCatchReport.php
23 May 2019 15:03:13|29|kavitha@forstarfoods.com|DailyCatchReport.php
23 May 2019 15:03:39|29|kavitha@forstarfoods.com|DailyCatchReport.php
23 May 2019 15:03:41|29|kavitha@forstarfoods.com|DailyCatchReport.php
23 May 2019 15:03:42|29|kavitha@forstarfoods.com|DailyCatchReport.php
23 May 2019 15:03:44|29|kavitha@forstarfoods.com|SupplierAccount.php
23 May 2019 15:03:52|29|kavitha@forstarfoods.com|SupplierAccount.php
23 May 2019 15:03:56|29|kavitha@forstarfoods.com|SupplierAccount.php
23 May 2019 15:03:59|29|kavitha@forstarfoods.com|SupplierAccount.php
23 May 2019 15:04:02|29|kavitha@forstarfoods.com|SupplierAccount.php
23 May 2019 15:04:06|29|kavitha@forstarfoods.com|SupplierAccount.php
23 May 2019 15:04:10|29|kavitha@forstarfoods.com|SupplierAccount.php
23 May 2019 15:04:54|29|kavitha@forstarfoods.com|SupplierAccount.php
23 May 2019 15:06:44|20|shiji@forstarfoods.com|DailyCatchEntry_New.php
23 May 2019 15:11:45|20|shiji@forstarfoods.com|DailyCatchEntry_New.php
23 May 2019 15:16:46|20|shiji@forstarfoods.com|DailyCatchEntry_New.php
23 May 2019 15:21:48|20|shiji@forstarfoods.com|DailyCatchEntry_New.php
23 May 2019 15:25:30|20|shiji@forstarfoods.com|DailyCatchEntry_New.php
23 May 2019 15:25:33|20|shiji@forstarfoods.com|DailyCatchEntry_New.php
23 May 2019 15:25:39|20|shiji@forstarfoods.com|DailyCatchEntry_New.php
23 May 2019 15:25:40|20|shiji@forstarfoods.com|DailyCatchEntry_New.php
23 May 2019 15:25:42|20|shiji@forstarfoods.com|DailyCatchEntry_New.php
23 May 2019 15:25:43|20|shiji@forstarfoods.com|DailyCatchEntry_New.php
23 May 2019 15:25:44|20|shiji@forstarfoods.com|DailyCatchEntry_New.php
23 May 2019 15:25:45|20|shiji@forstarfoods.com|DailyCatchEntry_New.php
23 May 2019 15:25:47|20|shiji@forstarfoods.com|DailyCatchEntry_New.php
23 May 2019 15:25:48|20|shiji@forstarfoods.com|DailyCatchEntry_New.php
23 May 2019 15:25:49|20|shiji@forstarfoods.com|DailyCatchEntry_New.php
23 May 2019 15:25:50|20|shiji@forstarfoods.com|DailyCatchEntry_New.php
23 May 2019 15:25:52|20|shiji@forstarfoods.com|DailyCatchEntry_New.php
23 May 2019 15:25:53|20|shiji@forstarfoods.com|DailyCatchEntry_New.php
23 May 2019 15:26:23|20|shiji@forstarfoods.com|DailyCatchEntry_New.php
23 May 2019 15:26:42|20|shiji@forstarfoods.com|DailyCatchEntry_New.php
23 May 2019 15:26:46|20|shiji@forstarfoods.com|DailyCatchEntry_New.php
23 May 2019 15:26:47|20|shiji@forstarfoods.com|CatchEntryDeclaredItem.php
23 May 2019 15:26:49|20|shiji@forstarfoods.com|DailyCatchEntry_New.php
23 May 2019 15:26:53|20|shiji@forstarfoods.com|DailyCatchEntry_New.php
23 May 2019 15:26:55|20|shiji@forstarfoods.com|DailyCatchEntry_New.php
23 May 2019 15:27:02|20|shiji@forstarfoods.com|DailyCatchEntry_New.php
23 May 2019 15:27:03|20|shiji@forstarfoods.com|DailyCatchEntry_New.php
23 May 2019 15:27:04|20|shiji@forstarfoods.com|DailyCatchEntry_New.php
23 May 2019 15:27:05|20|shiji@forstarfoods.com|DailyCatchEntry_New.php
23 May 2019 15:27:06|20|shiji@forstarfoods.com|DailyCatchEntry_New.php
23 May 2019 15:27:08|20|shiji@forstarfoods.com|DailyCatchEntry_New.php
23 May 2019 15:27:09|20|shiji@forstarfoods.com|DailyCatchEntry_New.php
23 May 2019 15:27:10|20|shiji@forstarfoods.com|DailyCatchEntry_New.php
23 May 2019 15:27:11|20|shiji@forstarfoods.com|DailyCatchEntry_New.php
23 May 2019 15:27:13|20|shiji@forstarfoods.com|DailyCatchEntry_New.php
23 May 2019 15:27:14|20|shiji@forstarfoods.com|DailyCatchEntry_New.php
23 May 2019 15:27:15|20|shiji@forstarfoods.com|DailyCatchEntry_New.php
23 May 2019 15:27:33|20|shiji@forstarfoods.com|DailyCatchEntry_New.php
23 May 2019 15:27:43|20|shiji@forstarfoods.com|DailyCatchEntry_New.php
23 May 2019 15:27:46|20|shiji@forstarfoods.com|DailyCatchEntry_New.php
23 May 2019 15:27:47|20|shiji@forstarfoods.com|CatchEntryDeclaredItem.php
23 May 2019 15:27:50|20|shiji@forstarfoods.com|DailyCatchEntry_New.php
23 May 2019 15:27:52|20|shiji@forstarfoods.com|DailyCatchEntry_New.php
23 May 2019 15:27:54|20|shiji@forstarfoods.com|DailyCatchEntry_New.php
23 May 2019 15:27:56|20|shiji@forstarfoods.com|DailyCatchEntry_New.php
23 May 2019 15:27:57|20|shiji@forstarfoods.com|DailyCatchEntry_New.php
23 May 2019 15:27:58|20|shiji@forstarfoods.com|DailyCatchEntry_New.php
23 May 2019 15:27:59|20|shiji@forstarfoods.com|DailyCatchEntry_New.php
23 May 2019 15:28:00|20|shiji@forstarfoods.com|DailyCatchEntry_New.php
23 May 2019 15:28:02|20|shiji@forstarfoods.com|DailyCatchEntry_New.php
23 May 2019 15:28:03|20|shiji@forstarfoods.com|DailyCatchEntry_New.php
23 May 2019 15:28:04|20|shiji@forstarfoods.com|DailyCatchEntry_New.php
23 May 2019 15:28:05|20|shiji@forstarfoods.com|DailyCatchEntry_New.php
23 May 2019 15:28:07|20|shiji@forstarfoods.com|DailyCatchEntry_New.php
23 May 2019 15:28:08|20|shiji@forstarfoods.com|DailyCatchEntry_New.php
23 May 2019 15:28:26|20|shiji@forstarfoods.com|DailyCatchEntry_New.php
23 May 2019 15:29:36|20|shiji@forstarfoods.com|DailyCatchEntry_New.php
23 May 2019 15:29:38|20|shiji@forstarfoods.com|DailyCatchEntry_New.php
23 May 2019 15:29:40|20|shiji@forstarfoods.com|CatchEntryDeclaredItem.php
23 May 2019 15:29:48|20|shiji@forstarfoods.com|DailyCatchEntry_New.php
23 May 2019 15:29:50|20|shiji@forstarfoods.com|DailyCatchEntry_New.php
23 May 2019 15:29:57|20|shiji@forstarfoods.com|DailyCatchEntry_New.php
23 May 2019 15:29:58|20|shiji@forstarfoods.com|DailyCatchEntry_New.php
23 May 2019 15:29:59|20|shiji@forstarfoods.com|DailyCatchEntry_New.php
23 May 2019 15:30:01|20|shiji@forstarfoods.com|DailyCatchEntry_New.php
23 May 2019 15:30:02|20|shiji@forstarfoods.com|DailyCatchEntry_New.php
23 May 2019 15:30:03|20|shiji@forstarfoods.com|DailyCatchEntry_New.php
23 May 2019 15:30:04|20|shiji@forstarfoods.com|DailyCatchEntry_New.php
23 May 2019 15:30:05|20|shiji@forstarfoods.com|DailyCatchEntry_New.php
23 May 2019 15:30:07|20|shiji@forstarfoods.com|DailyCatchEntry_New.php
23 May 2019 15:30:08|20|shiji@forstarfoods.com|DailyCatchEntry_New.php
23 May 2019 15:30:09|20|shiji@forstarfoods.com|DailyCatchEntry_New.php
23 May 2019 15:30:10|20|shiji@forstarfoods.com|DailyCatchEntry_New.php
23 May 2019 15:30:37|20|shiji@forstarfoods.com|DailyCatchEntry_New.php
23 May 2019 15:31:33|20|shiji@forstarfoods.com|DailyCatchEntry_New.php
23 May 2019 15:31:35|20|shiji@forstarfoods.com|DailyCatchEntry_New.php
23 May 2019 15:31:36|20|shiji@forstarfoods.com|CatchEntryDeclaredItem.php
23 May 2019 15:31:42|20|shiji@forstarfoods.com|DailyCatchEntry_New.php
23 May 2019 15:31:44|20|shiji@forstarfoods.com|DailyCatchEntry_New.php