
8 May 2019 17:05:18|30|pritirm@forstarfoods.com|DailyCatchReport.php
8 May 2019 17:05:22|30|pritirm@forstarfoods.com|DailyCatchReport.php
8 May 2019 17:05:23|30|pritirm@forstarfoods.com|DailyCatchReport.php
8 May 2019 17:05:25|30|pritirm@forstarfoods.com|DailyCatchReport.php
8 May 2019 17:05:34|30|pritirm@forstarfoods.com|PrintDailyCatchReportMemo.php
8 May 2019 17:05:58|30|pritirm@forstarfoods.com|PrintDailyCatchReportMemo.php
8 May 2019 17:06:45|30|pritirm@forstarfoods.com|DailyCatchReport.php
8 May 2019 17:06:47|30|pritirm@forstarfoods.com|DailyCatchReport.php
8 May 2019 17:06:48|30|pritirm@forstarfoods.com|DailyCatchReport.php
8 May 2019 17:06:49|30|pritirm@forstarfoods.com|DailyCatchReport.php
8 May 2019 17:07:01|30|pritirm@forstarfoods.com|DailyCatchReport.php
8 May 2019 17:07:02|30|pritirm@forstarfoods.com|DailyCatchReport.php
8 May 2019 17:07:04|30|pritirm@forstarfoods.com|DailyCatchReport.php
8 May 2019 17:07:06|30|pritirm@forstarfoods.com|PrintDailyCatchReportMemo.php
8 May 2019 17:07:44|30|pritirm@forstarfoods.com|PrintDailyCatchReportMemo.php
8 May 2019 17:08:44|30|pritirm@forstarfoods.com|DailyCatchReport.php
8 May 2019 17:08:46|30|pritirm@forstarfoods.com|DailyCatchReport.php
8 May 2019 17:08:48|30|pritirm@forstarfoods.com|DailyCatchReport.php
8 May 2019 17:08:49|30|pritirm@forstarfoods.com|DailyCatchReport.php
8 May 2019 17:08:51|30|pritirm@forstarfoods.com|DailyCatchReport.php
8 May 2019 17:08:54|30|pritirm@forstarfoods.com|DailyCatchReport.php
8 May 2019 17:08:56|30|pritirm@forstarfoods.com|DailyCatchReport.php
8 May 2019 17:08:57|30|pritirm@forstarfoods.com|DailyCatchReport.php
8 May 2019 17:08:58|30|pritirm@forstarfoods.com|PrintDailyCatchReportMemo.php
8 May 2019 17:09:37|30|pritirm@forstarfoods.com|PrintDailyCatchReportMemo.php
8 May 2019 17:10:26|30|pritirm@forstarfoods.com|DailyCatchReport.php
8 May 2019 17:10:27|30|pritirm@forstarfoods.com|DailyCatchReport.php
8 May 2019 17:10:28|29|kavitha@forstarfoods.com|DailyCatchReport.php
8 May 2019 17:10:29|30|pritirm@forstarfoods.com|DailyCatchReport.php
8 May 2019 17:10:30|30|pritirm@forstarfoods.com|DailyCatchReport.php
8 May 2019 17:10:36|29|kavitha@forstarfoods.com|DailyCatchReport.php
8 May 2019 17:10:37|30|pritirm@forstarfoods.com|DailyCatchReport.php
8 May 2019 17:10:38|30|pritirm@forstarfoods.com|DailyCatchReport.php
8 May 2019 17:10:39|29|kavitha@forstarfoods.com|DailyCatchReport.php
8 May 2019 17:10:40|30|pritirm@forstarfoods.com|DailyCatchReport.php
8 May 2019 17:10:44|30|pritirm@forstarfoods.com|PrintDailyCatchReportMemo.php
8 May 2019 17:10:47|29|kavitha@forstarfoods.com|DailyCatchReport.php
8 May 2019 17:10:48|29|kavitha@forstarfoods.com|DailyCatchReport.php
8 May 2019 17:10:49|29|kavitha@forstarfoods.com|DailyCatchReport.php
8 May 2019 17:10:53|29|kavitha@forstarfoods.com|DailyCatchReport.php
8 May 2019 17:10:55|29|kavitha@forstarfoods.com|DailyCatchReport.php
8 May 2019 17:10:56|29|kavitha@forstarfoods.com|DailyCatchReport.php
8 May 2019 17:11:03|30|pritirm@forstarfoods.com|PrintDailyCatchReportMemo.php
8 May 2019 17:11:05|29|kavitha@forstarfoods.com|DailyCatchReport.php
8 May 2019 17:11:06|29|kavitha@forstarfoods.com|DailyCatchReport.php
8 May 2019 17:11:08|29|kavitha@forstarfoods.com|DailyCatchReport.php
8 May 2019 17:11:17|29|kavitha@forstarfoods.com|DailyCatchReport.php
8 May 2019 17:11:19|29|kavitha@forstarfoods.com|DailyCatchReport.php
8 May 2019 17:11:20|29|kavitha@forstarfoods.com|DailyCatchReport.php
8 May 2019 17:11:22|29|kavitha@forstarfoods.com|DailyCatchReport.php
8 May 2019 17:11:24|29|kavitha@forstarfoods.com|DailyCatchReport.php
8 May 2019 17:11:26|29|kavitha@forstarfoods.com|DailyCatchReport.php
8 May 2019 17:11:27|29|kavitha@forstarfoods.com|DailyCatchReport.php
8 May 2019 17:11:52|29|kavitha@forstarfoods.com|DailyCatchReport.php
8 May 2019 17:11:53|29|kavitha@forstarfoods.com|DailyCatchReport.php
8 May 2019 17:11:54|29|kavitha@forstarfoods.com|DailyCatchReport.php
8 May 2019 17:12:01|29|kavitha@forstarfoods.com|DailyCatchReport.php
8 May 2019 17:12:02|29|kavitha@forstarfoods.com|DailyCatchReport.php
8 May 2019 17:12:04|29|kavitha@forstarfoods.com|DailyCatchReport.php
8 May 2019 17:12:05|29|kavitha@forstarfoods.com|DailyCatchReport.php
8 May 2019 17:12:13|29|kavitha@forstarfoods.com|DailyCatchReport.php
8 May 2019 17:12:15|29|kavitha@forstarfoods.com|DailyCatchReport.php
8 May 2019 17:12:16|29|kavitha@forstarfoods.com|DailyCatchReport.php
8 May 2019 17:12:27|29|kavitha@forstarfoods.com|DailyCatchReport.php
8 May 2019 17:12:29|29|kavitha@forstarfoods.com|DailyCatchReport.php
8 May 2019 17:12:30|29|kavitha@forstarfoods.com|DailyCatchReport.php
8 May 2019 17:12:40|29|kavitha@forstarfoods.com|DailyCatchReport.php
8 May 2019 17:12:41|29|kavitha@forstarfoods.com|DailyCatchReport.php
8 May 2019 17:12:43|29|kavitha@forstarfoods.com|DailyCatchReport.php
8 May 2019 17:12:44|29|kavitha@forstarfoods.com|DailyCatchReport.php
8 May 2019 17:12:48|29|kavitha@forstarfoods.com|DailyCatchReport.php
8 May 2019 17:12:50|29|kavitha@forstarfoods.com|DailyCatchReport.php
8 May 2019 17:12:51|29|kavitha@forstarfoods.com|DailyCatchReport.php
8 May 2019 17:13:22|29|kavitha@forstarfoods.com|DailyCatchReport.php
8 May 2019 17:13:23|29|kavitha@forstarfoods.com|DailyCatchReport.php
8 May 2019 17:13:25|29|kavitha@forstarfoods.com|DailyCatchReport.php
8 May 2019 17:13:52|29|kavitha@forstarfoods.com|DailyCatchReport.php
8 May 2019 17:13:54|29|kavitha@forstarfoods.com|DailyCatchReport.php
8 May 2019 17:13:56|29|kavitha@forstarfoods.com|DailyCatchReport.php
8 May 2019 17:13:57|29|kavitha@forstarfoods.com|DailyCatchReport.php
8 May 2019 17:14:00|29|kavitha@forstarfoods.com|DailyCatchReport.php
8 May 2019 17:14:01|29|kavitha@forstarfoods.com|DailyCatchReport.php
8 May 2019 17:14:03|29|kavitha@forstarfoods.com|DailyCatchReport.php
8 May 2019 17:14:13|29|kavitha@forstarfoods.com|DailyCatchReport.php
8 May 2019 17:14:15|29|kavitha@forstarfoods.com|DailyCatchReport.php
8 May 2019 17:14:16|29|kavitha@forstarfoods.com|DailyCatchReport.php
8 May 2019 17:14:22|29|kavitha@forstarfoods.com|DailyCatchReport.php
8 May 2019 17:14:24|29|kavitha@forstarfoods.com|DailyCatchReport.php
8 May 2019 17:14:26|29|kavitha@forstarfoods.com|DailyCatchReport.php
8 May 2019 17:14:27|29|kavitha@forstarfoods.com|DailyCatchReport.php
8 May 2019 17:14:48|29|kavitha@forstarfoods.com|DailyCatchReport.php
8 May 2019 17:14:50|29|kavitha@forstarfoods.com|DailyCatchReport.php
8 May 2019 17:14:51|29|kavitha@forstarfoods.com|DailyCatchReport.php
8 May 2019 17:14:58|29|kavitha@forstarfoods.com|DailyCatchReport.php
8 May 2019 17:14:59|29|kavitha@forstarfoods.com|DailyCatchReport.php
8 May 2019 17:15:01|29|kavitha@forstarfoods.com|DailyCatchReport.php
8 May 2019 17:15:02|29|kavitha@forstarfoods.com|DailyCatchReport.php
8 May 2019 17:15:14|29|kavitha@forstarfoods.com|DailyCatchReport.php
8 May 2019 17:15:16|29|kavitha@forstarfoods.com|DailyCatchReport.php
8 May 2019 17:15:17|29|kavitha@forstarfoods.com|DailyCatchReport.php
8 May 2019 17:15:26|29|kavitha@forstarfoods.com|DailyCatchReport.php
8 May 2019 17:15:27|29|kavitha@forstarfoods.com|DailyCatchReport.php
8 May 2019 17:15:29|29|kavitha@forstarfoods.com|DailyCatchReport.php
8 May 2019 17:15:30|29|kavitha@forstarfoods.com|DailyCatchReport.php
8 May 2019 17:15:33|29|kavitha@forstarfoods.com|DailyCatchReport.php
8 May 2019 17:15:34|29|kavitha@forstarfoods.com|DailyCatchReport.php
8 May 2019 17:15:36|29|kavitha@forstarfoods.com|DailyCatchReport.php
8 May 2019 17:15:49|29|kavitha@forstarfoods.com|DailyCatchReport.php
8 May 2019 17:15:51|29|kavitha@forstarfoods.com|DailyCatchReport.php
8 May 2019 17:15:52|29|kavitha@forstarfoods.com|DailyCatchReport.php
8 May 2019 17:16:00|29|kavitha@forstarfoods.com|DailyCatchReport.php
8 May 2019 17:16:01|29|kavitha@forstarfoods.com|DailyCatchReport.php
8 May 2019 17:16:03|29|kavitha@forstarfoods.com|DailyCatchReport.php
8 May 2019 17:16:04|29|kavitha@forstarfoods.com|DailyCatchReport.php
8 May 2019 17:16:06|29|kavitha@forstarfoods.com|DailyCatchReport.php
8 May 2019 17:16:08|29|kavitha@forstarfoods.com|DailyCatchReport.php
8 May 2019 17:16:09|29|kavitha@forstarfoods.com|DailyCatchReport.php
8 May 2019 17:16:25|29|kavitha@forstarfoods.com|DailyCatchReport.php
8 May 2019 17:16:26|29|kavitha@forstarfoods.com|DailyCatchReport.php
8 May 2019 17:16:28|29|kavitha@forstarfoods.com|DailyCatchReport.php
8 May 2019 17:16:35|29|kavitha@forstarfoods.com|DailyCatchReport.php
8 May 2019 17:16:36|29|kavitha@forstarfoods.com|DailyCatchReport.php
8 May 2019 17:16:38|29|kavitha@forstarfoods.com|DailyCatchReport.php
8 May 2019 17:16:39|29|kavitha@forstarfoods.com|DailyCatchReport.php
8 May 2019 17:19:39|29|kavitha@forstarfoods.com|DailyCatchEntry_New.php
8 May 2019 17:19:48|29|kavitha@forstarfoods.com|DailyCatchEntry_New.php
8 May 2019 17:19:49|29|kavitha@forstarfoods.com|DailyCatchEntry_New.php
8 May 2019 17:19:50|29|kavitha@forstarfoods.com|DailyCatchEntry_New.php
8 May 2019 17:19:56|29|kavitha@forstarfoods.com|DailyCatchEntry_New.php
8 May 2019 17:19:57|29|kavitha@forstarfoods.com|DailyCatchEntry_New.php
8 May 2019 17:19:58|29|kavitha@forstarfoods.com|DailyCatchEntry_New.php
8 May 2019 17:20:02|29|kavitha@forstarfoods.com|DailyCatchEntry_New.php
8 May 2019 17:20:03|29|kavitha@forstarfoods.com|DailyCatchEntry_New.php
8 May 2019 17:20:06|29|kavitha@forstarfoods.com|DailyCatchEntry_New.php
8 May 2019 17:20:26|29|kavitha@forstarfoods.com|DailyCatchEntry_New.php
8 May 2019 17:20:33|29|kavitha@forstarfoods.com|DailyCatchEntry_New.php
8 May 2019 17:20:34|29|kavitha@forstarfoods.com|DailyCatchEntry_New.php
8 May 2019 17:20:36|29|kavitha@forstarfoods.com|CatchEntryDeclaredItem.php
8 May 2019 17:20:37|29|kavitha@forstarfoods.com|DailyCatchEntry_New.php
8 May 2019 17:20:38|29|kavitha@forstarfoods.com|CatchEntryDeclaredItem.php
8 May 2019 17:20:48|29|kavitha@forstarfoods.com|DailyCatchEntry_New.php
8 May 2019 17:20:50|29|kavitha@forstarfoods.com|DailyCatchEntry_New.php
8 May 2019 17:20:53|29|kavitha@forstarfoods.com|DailyCatchEntry_New.php
8 May 2019 17:21:04|29|kavitha@forstarfoods.com|DailyCatchReport.php
8 May 2019 17:21:18|29|kavitha@forstarfoods.com|DailyCatchReport.php
8 May 2019 17:21:20|29|kavitha@forstarfoods.com|DailyCatchReport.php
8 May 2019 17:21:27|29|kavitha@forstarfoods.com|DailyCatchReport.php
8 May 2019 17:21:29|29|kavitha@forstarfoods.com|DailyCatchReport.php
8 May 2019 17:21:30|29|kavitha@forstarfoods.com|DailyCatchReport.php
8 May 2019 17:21:45|29|kavitha@forstarfoods.com|DailyCatchReport.php
8 May 2019 17:21:47|29|kavitha@forstarfoods.com|DailyCatchReport.php
8 May 2019 17:21:48|29|kavitha@forstarfoods.com|DailyCatchReport.php
8 May 2019 17:21:53|29|kavitha@forstarfoods.com|SupplierAccount.php
8 May 2019 17:22:02|29|kavitha@forstarfoods.com|SupplierAccount.php
8 May 2019 17:22:08|29|kavitha@forstarfoods.com|SupplierAccount.php
8 May 2019 17:22:19|29|kavitha@forstarfoods.com|SupplierAccount.php
8 May 2019 17:22:23|29|kavitha@forstarfoods.com|SupplierAccount.php
8 May 2019 17:22:28|29|kavitha@forstarfoods.com|SupplierAccount.php
8 May 2019 17:22:51|29|kavitha@forstarfoods.com|SupplierAccount.php
8 May 2019 17:23:01|29|kavitha@forstarfoods.com|SupplierAccount.php
8 May 2019 17:23:07|29|kavitha@forstarfoods.com|SupplierAccount.php
8 May 2019 17:24:43|29|kavitha@forstarfoods.com|SupplierAccount.php
8 May 2019 17:24:51|29|kavitha@forstarfoods.com|SupplierAccount.php
8 May 2019 17:27:10|29|kavitha@forstarfoods.com|SupplierAccount.php
8 May 2019 17:27:18|29|kavitha@forstarfoods.com|SupplierAccount.php
8 May 2019 17:27:22|29|kavitha@forstarfoods.com|SupplierAccount.php
8 May 2019 17:27:54|29|kavitha@forstarfoods.com|SupplierAccount.php
8 May 2019 17:27:59|28|pratiksha@forstarfoods.com|Home.php
8 May 2019 17:28:02|29|kavitha@forstarfoods.com|SupplierAccount.php
8 May 2019 17:28:06|29|kavitha@forstarfoods.com|SupplierAccount.php
8 May 2019 17:28:06|28|pratiksha@forstarfoods.com|ManageGatePass.php
8 May 2019 17:28:20|28|pratiksha@forstarfoods.com|ManageGatePass.php
8 May 2019 17:28:24|28|pratiksha@forstarfoods.com|ManageGatePass.php
8 May 2019 17:28:26|28|pratiksha@forstarfoods.com|ManageGatePass.php
8 May 2019 17:28:39|30|pritirm@forstarfoods.com|DailyCatchReport.php
8 May 2019 17:28:47|30|pritirm@forstarfoods.com|DailyCatchReport.php
8 May 2019 17:28:49|30|pritirm@forstarfoods.com|DailyCatchReport.php
8 May 2019 17:28:50|30|pritirm@forstarfoods.com|DailyCatchReport.php
8 May 2019 17:28:52|30|pritirm@forstarfoods.com|DailyCatchReport.php
8 May 2019 17:28:53|30|pritirm@forstarfoods.com|DailyCatchReport.php
8 May 2019 17:28:55|30|pritirm@forstarfoods.com|PrintDailyCatchReportMemo.php
8 May 2019 17:29:07|30|pritirm@forstarfoods.com|DailyCatchReport.php
8 May 2019 17:29:13|30|pritirm@forstarfoods.com|DailyCatchReport.php
8 May 2019 17:29:14|30|pritirm@forstarfoods.com|DailyCatchReport.php
8 May 2019 17:29:15|30|pritirm@forstarfoods.com|DailyCatchReport.php
8 May 2019 17:29:17|30|pritirm@forstarfoods.com|PrintDailyCatchReportMemo.php
8 May 2019 17:29:39|29|kavitha@forstarfoods.com|SupplierAccount.php
8 May 2019 17:29:46|29|kavitha@forstarfoods.com|SupplierAccount.php
8 May 2019 17:29:48|30|pritirm@forstarfoods.com|DailyCatchReport.php
8 May 2019 17:29:49|29|kavitha@forstarfoods.com|SupplierAccount.php
8 May 2019 17:29:50|30|pritirm@forstarfoods.com|DailyCatchReport.php
8 May 2019 17:29:51|30|pritirm@forstarfoods.com|DailyCatchReport.php
8 May 2019 17:29:54|29|kavitha@forstarfoods.com|SupplierAccount.php
8 May 2019 17:29:56|30|pritirm@forstarfoods.com|DailyCatchReport.php
8 May 2019 17:29:57|30|pritirm@forstarfoods.com|DailyCatchReport.php
8 May 2019 17:29:59|30|pritirm@forstarfoods.com|DailyCatchReport.php
8 May 2019 17:30:00|30|pritirm@forstarfoods.com|DailyCatchReport.php
8 May 2019 17:30:04|30|pritirm@forstarfoods.com|PrintDailyCatchReportMemo.php
8 May 2019 17:30:20|30|pritirm@forstarfoods.com|DailyCatchEntry_New.php
8 May 2019 17:30:25|30|pritirm@forstarfoods.com|DailyCatchEntry_New.php
8 May 2019 17:30:27|30|pritirm@forstarfoods.com|DailyCatchEntry_New.php
8 May 2019 17:30:28|30|pritirm@forstarfoods.com|DailyCatchEntry_New.php
8 May 2019 17:30:30|30|pritirm@forstarfoods.com|DailyCatchEntry_New.php
8 May 2019 17:30:31|30|pritirm@forstarfoods.com|DailyCatchEntry_New.php
8 May 2019 17:30:32|30|pritirm@forstarfoods.com|DailyCatchEntry_New.php
8 May 2019 17:30:36|30|pritirm@forstarfoods.com|DailyCatchEntry_New.php
8 May 2019 17:30:37|29|kavitha@forstarfoods.com|SupplierAccount.php
8 May 2019 17:30:38|30|pritirm@forstarfoods.com|DailyCatchEntry_New.php
8 May 2019 17:30:40|30|pritirm@forstarfoods.com|DailyCatchEntry_New.php
8 May 2019 17:30:41|30|pritirm@forstarfoods.com|CatchEntryDeclaredItem.php
8 May 2019 17:30:41|28|pratiksha@forstarfoods.com|ManageGatePass.php
8 May 2019 17:30:42|30|pritirm@forstarfoods.com|DailyCatchEntry_New.php
8 May 2019 17:30:43|30|pritirm@forstarfoods.com|CatchEntryDeclaredItem.php
8 May 2019 17:30:44|28|pratiksha@forstarfoods.com|ManageGatePass.php
8 May 2019 17:30:45|30|pritirm@forstarfoods.com|DailyCatchEntry_New.php
8 May 2019 17:30:45|29|kavitha@forstarfoods.com|SupplierAccount.php
8 May 2019 17:30:47|28|pratiksha@forstarfoods.com|ManageGatePass.php
8 May 2019 17:30:48|30|pritirm@forstarfoods.com|DailyCatchEntry_New.php
8 May 2019 17:30:48|29|kavitha@forstarfoods.com|SupplierAccount.php
8 May 2019 17:30:50|30|pritirm@forstarfoods.com|DailyCatchEntry_New.php
8 May 2019 17:30:52|28|pratiksha@forstarfoods.com|ManageGatePass.php
8 May 2019 17:30:52|30|pritirm@forstarfoods.com|DailyCatchEntry_New.php
8 May 2019 17:30:54|30|pritirm@forstarfoods.com|DailyCatchEntry_New.php
8 May 2019 17:30:55|28|pratiksha@forstarfoods.com|ManageGatePass.php
8 May 2019 17:30:58|30|pritirm@forstarfoods.com|DailyCatchReport.php
8 May 2019 17:30:58|28|pratiksha@forstarfoods.com|PrintGatePass.php
8 May 2019 17:31:06|30|pritirm@forstarfoods.com|DailyCatchReport.php
8 May 2019 17:31:10|30|pritirm@forstarfoods.com|DailyCatchReport.php
8 May 2019 17:31:11|30|pritirm@forstarfoods.com|DailyCatchReport.php
8 May 2019 17:31:13|30|pritirm@forstarfoods.com|DailyCatchReport.php
8 May 2019 17:31:16|30|pritirm@forstarfoods.com|PrintDailyCatchReportMemo.php
8 May 2019 17:31:52|29|kavitha@forstarfoods.com|SupplierAccount.php
8 May 2019 17:31:54|30|pritirm@forstarfoods.com|DailyCatchReport.php
8 May 2019 17:31:55|30|pritirm@forstarfoods.com|DailyCatchReport.php
8 May 2019 17:31:56|28|pratiksha@forstarfoods.com|ManageGatePass.php
8 May 2019 17:31:56|30|pritirm@forstarfoods.com|DailyCatchReport.php
8 May 2019 17:32:02|29|kavitha@forstarfoods.com|SupplierAccount.php
8 May 2019 17:32:05|29|kavitha@forstarfoods.com|SupplierAccount.php
8 May 2019 17:32:08|30|pritirm@forstarfoods.com|PrintDailyCatchReportMemo.php
8 May 2019 17:32:19|30|pritirm@forstarfoods.com|DailyCatchReport.php
8 May 2019 17:32:21|30|pritirm@forstarfoods.com|DailyCatchReport.php
8 May 2019 17:32:22|30|pritirm@forstarfoods.com|DailyCatchReport.php
8 May 2019 17:32:24|30|pritirm@forstarfoods.com|DailyCatchReport.php
8 May 2019 17:32:29|30|pritirm@forstarfoods.com|PrintDailyCatchReportMemo.php
8 May 2019 17:32:57|28|pratiksha@forstarfoods.com|ManageGatePass.php
8 May 2019 17:32:58|29|kavitha@forstarfoods.com|SupplierAccount.php
8 May 2019 17:32:59|30|pritirm@forstarfoods.com|DailyCatchReport.php
8 May 2019 17:33:01|30|pritirm@forstarfoods.com|DailyCatchReport.php
8 May 2019 17:33:02|30|pritirm@forstarfoods.com|DailyCatchReport.php
8 May 2019 17:33:04|29|kavitha@forstarfoods.com|SupplierAccount.php
8 May 2019 17:33:08|30|pritirm@forstarfoods.com|DailyCatchReport.php
8 May 2019 17:33:09|29|kavitha@forstarfoods.com|SupplierAccount.php
8 May 2019 17:33:09|30|pritirm@forstarfoods.com|DailyCatchReport.php
8 May 2019 17:33:11|30|pritirm@forstarfoods.com|DailyCatchReport.php
8 May 2019 17:33:12|30|pritirm@forstarfoods.com|DailyCatchReport.php
8 May 2019 17:33:20|30|pritirm@forstarfoods.com|PrintDailyCatchReportMemo.php
8 May 2019 17:33:54|29|kavitha@forstarfoods.com|SupplierAccount.php
8 May 2019 17:33:58|28|pratiksha@forstarfoods.com|ManageGatePass.php
8 May 2019 17:34:00|29|kavitha@forstarfoods.com|SupplierAccount.php
8 May 2019 17:34:01|30|pritirm@forstarfoods.com|DailyCatchReport.php
8 May 2019 17:34:02|30|pritirm@forstarfoods.com|DailyCatchReport.php
8 May 2019 17:34:04|30|pritirm@forstarfoods.com|DailyCatchReport.php
8 May 2019 17:34:05|29|kavitha@forstarfoods.com|SupplierAccount.php
8 May 2019 17:34:07|29|kavitha@forstarfoods.com|SupplierAccount.php
8 May 2019 17:34:08|30|pritirm@forstarfoods.com|DailyCatchReport.php
8 May 2019 17:34:09|30|pritirm@forstarfoods.com|DailyCatchReport.php
8 May 2019 17:34:11|30|pritirm@forstarfoods.com|DailyCatchReport.php
8 May 2019 17:34:12|30|pritirm@forstarfoods.com|DailyCatchReport.php
8 May 2019 17:34:25|30|pritirm@forstarfoods.com|PrintDailyCatchReportMemo.php
8 May 2019 17:34:52|30|pritirm@forstarfoods.com|DailyCatchReport.php
8 May 2019 17:34:54|30|pritirm@forstarfoods.com|DailyCatchReport.php
8 May 2019 17:34:55|30|pritirm@forstarfoods.com|DailyCatchReport.php
8 May 2019 17:35:00|28|pratiksha@forstarfoods.com|ManageGatePass.php
8 May 2019 17:35:32|30|pritirm@forstarfoods.com|DailyCatchReport.php
8 May 2019 17:35:33|30|pritirm@forstarfoods.com|DailyCatchReport.php
8 May 2019 17:35:35|30|pritirm@forstarfoods.com|DailyCatchReport.php
8 May 2019 17:35:36|30|pritirm@forstarfoods.com|DailyCatchReport.php
8 May 2019 17:35:41|30|pritirm@forstarfoods.com|DailyCatchReport.php
8 May 2019 17:35:43|30|pritirm@forstarfoods.com|DailyCatchReport.php
8 May 2019 17:35:44|30|pritirm@forstarfoods.com|DailyCatchReport.php
8 May 2019 17:35:51|30|pritirm@forstarfoods.com|PrintDailyCatchReportMemo.php
8 May 2019 17:36:01|28|pratiksha@forstarfoods.com|ManageGatePass.php
8 May 2019 17:36:16|30|pritirm@forstarfoods.com|DailyCatchReport.php
8 May 2019 17:36:18|30|pritirm@forstarfoods.com|DailyCatchReport.php
8 May 2019 17:36:19|30|pritirm@forstarfoods.com|DailyCatchReport.php
8 May 2019 17:36:57|30|pritirm@forstarfoods.com|DailyCatchReport.php
8 May 2019 17:36:59|30|pritirm@forstarfoods.com|DailyCatchReport.php
8 May 2019 17:37:00|30|pritirm@forstarfoods.com|DailyCatchReport.php
8 May 2019 17:37:01|30|pritirm@forstarfoods.com|PrintDailyCatchReportMemo.php
8 May 2019 17:37:02|28|pratiksha@forstarfoods.com|ManageGatePass.php
8 May 2019 17:37:44|30|pritirm@forstarfoods.com|DailyCatchReport.php
8 May 2019 17:37:45|30|pritirm@forstarfoods.com|DailyCatchReport.php
8 May 2019 17:37:47|30|pritirm@forstarfoods.com|DailyCatchReport.php
8 May 2019 17:37:48|30|pritirm@forstarfoods.com|DailyCatchReport.php
8 May 2019 17:37:59|30|pritirm@forstarfoods.com|PrintDailyCatchReportMemo.php
8 May 2019 17:38:04|28|pratiksha@forstarfoods.com|ManageGatePass.php
8 May 2019 17:38:18|30|pritirm@forstarfoods.com|DailyCatchReport.php
8 May 2019 17:38:20|30|pritirm@forstarfoods.com|DailyCatchReport.php
8 May 2019 17:38:21|30|pritirm@forstarfoods.com|DailyCatchReport.php
8 May 2019 17:38:26|30|pritirm@forstarfoods.com|DailyCatchReport.php
8 May 2019 17:38:28|30|pritirm@forstarfoods.com|DailyCatchReport.php
8 May 2019 17:38:30|30|pritirm@forstarfoods.com|DailyCatchReport.php
8 May 2019 17:38:31|30|pritirm@forstarfoods.com|DailyCatchReport.php
8 May 2019 17:38:34|30|pritirm@forstarfoods.com|PrintDailyCatchReportMemo.php
8 May 2019 17:39:03|30|pritirm@forstarfoods.com|DailyCatchReport.php
8 May 2019 17:39:05|30|pritirm@forstarfoods.com|DailyCatchReport.php
8 May 2019 17:39:05|28|pratiksha@forstarfoods.com|ManageGatePass.php
8 May 2019 17:39:06|30|pritirm@forstarfoods.com|DailyCatchReport.php
8 May 2019 17:40:07|28|pratiksha@forstarfoods.com|ManageGatePass.php
8 May 2019 17:41:08|28|pratiksha@forstarfoods.com|ManageGatePass.php
8 May 2019 17:42:09|28|pratiksha@forstarfoods.com|ManageGatePass.php
8 May 2019 17:43:11|28|pratiksha@forstarfoods.com|ManageGatePass.php
8 May 2019 17:44:12|28|pratiksha@forstarfoods.com|ManageGatePass.php
9 May 2019 09:43:53|30|pritirm@forstarfoods.com|Home.php
9 May 2019 09:44:37|30|pritirm@forstarfoods.com|DailyCatchEntry_New.php
9 May 2019 09:44:49|30|pritirm@forstarfoods.com|DailyCatchEntry_New.php
9 May 2019 09:44:56|30|pritirm@forstarfoods.com|DailyCatchEntry_New.php
9 May 2019 09:44:58|30|pritirm@forstarfoods.com|DailyCatchEntry_New.php
9 May 2019 09:44:59|30|pritirm@forstarfoods.com|DailyCatchEntry_New.php
9 May 2019 09:45:00|30|pritirm@forstarfoods.com|DailyCatchEntry_New.php
9 May 2019 09:45:01|30|pritirm@forstarfoods.com|CatchEntryDeclaredItem.php
9 May 2019 09:45:03|30|pritirm@forstarfoods.com|DailyCatchEntry_New.php
9 May 2019 09:45:25|30|pritirm@forstarfoods.com|DailyCatchEntry_New.php
9 May 2019 09:45:27|30|pritirm@forstarfoods.com|DailyCatchEntry_New.php
9 May 2019 09:45:28|30|pritirm@forstarfoods.com|DailyCatchEntry_New.php
9 May 2019 09:45:29|30|pritirm@forstarfoods.com|DailyCatchEntry_New.php
9 May 2019 09:45:30|30|pritirm@forstarfoods.com|DailyCatchEntry_New.php
9 May 2019 09:45:36|30|pritirm@forstarfoods.com|DailyCatchEntry_New.php
9 May 2019 09:45:38|30|pritirm@forstarfoods.com|DailyCatchEntry_New.php
9 May 2019 09:45:39|30|pritirm@forstarfoods.com|DailyCatchEntry_New.php
9 May 2019 09:45:41|30|pritirm@forstarfoods.com|DailyCatchEntry_New.php
9 May 2019 09:45:47|30|pritirm@forstarfoods.com|DailyCatchEntry_New.php
9 May 2019 09:45:48|30|pritirm@forstarfoods.com|CatchEntryDeclaredItem.php
9 May 2019 09:46:09|30|pritirm@forstarfoods.com|DailyCatchEntry_New.php
9 May 2019 09:46:11|30|pritirm@forstarfoods.com|DailyCatchEntry_New.php
9 May 2019 09:46:12|30|pritirm@forstarfoods.com|DailyCatchEntry_New.php
9 May 2019 09:46:29|30|pritirm@forstarfoods.com|DailyCatchEntry_New.php
9 May 2019 09:46:34|30|pritirm@forstarfoods.com|DailyCatchEntry_New.php
9 May 2019 09:46:45|30|pritirm@forstarfoods.com|DailyCatchEntry_New.php
9 May 2019 09:46:46|30|pritirm@forstarfoods.com|DailyCatchEntry_New.php
9 May 2019 09:46:47|30|pritirm@forstarfoods.com|DailyCatchEntry_New.php
9 May 2019 09:46:49|30|pritirm@forstarfoods.com|DailyCatchEntry_New.php
9 May 2019 09:46:50|30|pritirm@forstarfoods.com|DailyCatchEntry_New.php
9 May 2019 09:46:51|30|pritirm@forstarfoods.com|DailyCatchEntry_New.php
9 May 2019 09:46:52|30|pritirm@forstarfoods.com|DailyCatchEntry_New.php
9 May 2019 09:46:54|30|pritirm@forstarfoods.com|DailyCatchEntry_New.php
9 May 2019 09:46:58|30|pritirm@forstarfoods.com|DailyCatchEntry_New.php
9 May 2019 09:47:01|30|pritirm@forstarfoods.com|DailyCatchEntry_New.php
9 May 2019 09:47:02|30|pritirm@forstarfoods.com|CatchEntryDeclaredItem.php
9 May 2019 09:47:07|30|pritirm@forstarfoods.com|DailyCatchEntry_New.php
9 May 2019 09:47:10|30|pritirm@forstarfoods.com|DailyCatchEntry_New.php
9 May 2019 09:47:14|30|pritirm@forstarfoods.com|DailyCatchEntry_New.php
9 May 2019 09:47:15|30|pritirm@forstarfoods.com|DailyCatchEntry_New.php
9 May 2019 09:47:17|30|pritirm@forstarfoods.com|DailyCatchEntry_New.php
9 May 2019 09:47:18|30|pritirm@forstarfoods.com|DailyCatchEntry_New.php
9 May 2019 09:47:19|30|pritirm@forstarfoods.com|DailyCatchEntry_New.php
9 May 2019 09:47:20|30|pritirm@forstarfoods.com|DailyCatchEntry_New.php
9 May 2019 09:47:22|30|pritirm@forstarfoods.com|DailyCatchEntry_New.php
9 May 2019 09:47:23|30|pritirm@forstarfoods.com|DailyCatchEntry_New.php
9 May 2019 09:47:24|30|pritirm@forstarfoods.com|DailyCatchEntry_New.php
9 May 2019 09:47:25|30|pritirm@forstarfoods.com|DailyCatchEntry_New.php
9 May 2019 09:47:27|30|pritirm@forstarfoods.com|DailyCatchEntry_New.php
9 May 2019 09:47:28|30|pritirm@forstarfoods.com|DailyCatchEntry_New.php
9 May 2019 09:47:29|30|pritirm@forstarfoods.com|DailyCatchEntry_New.php
9 May 2019 09:47:30|30|pritirm@forstarfoods.com|DailyCatchEntry_New.php
9 May 2019 09:47:32|30|pritirm@forstarfoods.com|DailyCatchEntry_New.php
9 May 2019 09:47:33|30|pritirm@forstarfoods.com|DailyCatchEntry_New.php
9 May 2019 09:47:34|30|pritirm@forstarfoods.com|DailyCatchEntry_New.php
9 May 2019 09:47:35|30|pritirm@forstarfoods.com|DailyCatchEntry_New.php
9 May 2019 09:47:36|30|pritirm@forstarfoods.com|DailyCatchEntry_New.php
9 May 2019 09:47:38|30|pritirm@forstarfoods.com|DailyCatchEntry_New.php
9 May 2019 09:47:39|30|pritirm@forstarfoods.com|DailyCatchEntry_New.php
9 May 2019 09:47:40|30|pritirm@forstarfoods.com|DailyCatchEntry_New.php
9 May 2019 09:47:41|30|pritirm@forstarfoods.com|DailyCatchEntry_New.php
9 May 2019 09:47:43|30|pritirm@forstarfoods.com|DailyCatchEntry_New.php
9 May 2019 09:47:44|30|pritirm@forstarfoods.com|DailyCatchEntry_New.php
9 May 2019 09:47:46|30|pritirm@forstarfoods.com|DailyCatchEntry_New.php
9 May 2019 09:47:48|30|pritirm@forstarfoods.com|CatchEntryDeclaredItem.php
9 May 2019 09:47:56|30|pritirm@forstarfoods.com|DailyCatchEntry_New.php
9 May 2019 09:47:58|30|pritirm@forstarfoods.com|DailyCatchEntry_New.php
9 May 2019 09:47:59|30|pritirm@forstarfoods.com|DailyCatchEntry_New.php
9 May 2019 09:48:18|30|pritirm@forstarfoods.com|DailyCatchEntry_New.php
9 May 2019 09:48:25|30|pritirm@forstarfoods.com|DailyCatchEntry_New.php
9 May 2019 09:48:26|30|pritirm@forstarfoods.com|CatchEntryDeclaredItem.php
9 May 2019 09:48:37|30|pritirm@forstarfoods.com|DailyCatchEntry_New.php
9 May 2019 09:48:44|30|pritirm@forstarfoods.com|DailyCatchEntry_New.php
9 May 2019 09:48:50|30|pritirm@forstarfoods.com|DailyCatchEntry_New.php
9 May 2019 09:49:03|30|pritirm@forstarfoods.com|DailyCatchEntry_New.php
9 May 2019 09:49:04|30|pritirm@forstarfoods.com|DailyCatchEntry_New.php
9 May 2019 09:49:05|30|pritirm@forstarfoods.com|DailyCatchEntry_New.php
9 May 2019 09:49:07|30|pritirm@forstarfoods.com|DailyCatchEntry_New.php
9 May 2019 09:49:08|30|pritirm@forstarfoods.com|DailyCatchEntry_New.php
9 May 2019 09:49:09|30|pritirm@forstarfoods.com|DailyCatchEntry_New.php
9 May 2019 09:49:10|30|pritirm@forstarfoods.com|DailyCatchEntry_New.php
9 May 2019 09:49:12|30|pritirm@forstarfoods.com|DailyCatchEntry_New.php
9 May 2019 09:49:13|30|pritirm@forstarfoods.com|DailyCatchEntry_New.php
9 May 2019 09:49:14|30|pritirm@forstarfoods.com|DailyCatchEntry_New.php
9 May 2019 09:49:15|30|pritirm@forstarfoods.com|DailyCatchEntry_New.php
9 May 2019 09:49:17|30|pritirm@forstarfoods.com|DailyCatchEntry_New.php
9 May 2019 09:49:18|30|pritirm@forstarfoods.com|DailyCatchEntry_New.php
9 May 2019 09:49:19|30|pritirm@forstarfoods.com|DailyCatchEntry_New.php
9 May 2019 09:49:20|30|pritirm@forstarfoods.com|DailyCatchEntry_New.php
9 May 2019 09:49:21|30|pritirm@forstarfoods.com|DailyCatchEntry_New.php
9 May 2019 09:49:30|30|pritirm@forstarfoods.com|DailyCatchEntry_New.php
9 May 2019 09:49:32|30|pritirm@forstarfoods.com|DailyCatchEntry_New.php
9 May 2019 09:49:34|30|pritirm@forstarfoods.com|CatchEntryDeclaredItem.php
9 May 2019 09:49:39|30|pritirm@forstarfoods.com|DailyCatchEntry_New.php
9 May 2019 09:49:42|30|pritirm@forstarfoods.com|DailyCatchEntry_New.php
9 May 2019 09:49:48|30|pritirm@forstarfoods.com|DailyCatchEntry_New.php
9 May 2019 09:49:49|30|pritirm@forstarfoods.com|DailyCatchEntry_New.php
9 May 2019 09:49:51|30|pritirm@forstarfoods.com|DailyCatchEntry_New.php
9 May 2019 09:49:52|30|pritirm@forstarfoods.com|DailyCatchEntry_New.php
9 May 2019 09:49:53|30|pritirm@forstarfoods.com|DailyCatchEntry_New.php
9 May 2019 09:49:54|30|pritirm@forstarfoods.com|DailyCatchEntry_New.php
9 May 2019 09:49:56|30|pritirm@forstarfoods.com|DailyCatchEntry_New.php
9 May 2019 09:49:57|30|pritirm@forstarfoods.com|DailyCatchEntry_New.php
9 May 2019 09:49:58|30|pritirm@forstarfoods.com|DailyCatchEntry_New.php
9 May 2019 09:49:59|30|pritirm@forstarfoods.com|DailyCatchEntry_New.php
9 May 2019 09:50:01|30|pritirm@forstarfoods.com|DailyCatchEntry_New.php
9 May 2019 09:50:02|30|pritirm@forstarfoods.com|DailyCatchEntry_New.php
9 May 2019 09:50:03|30|pritirm@forstarfoods.com|DailyCatchEntry_New.php
9 May 2019 09:50:04|30|pritirm@forstarfoods.com|DailyCatchEntry_New.php
9 May 2019 09:50:06|30|pritirm@forstarfoods.com|DailyCatchEntry_New.php
9 May 2019 09:50:07|30|pritirm@forstarfoods.com|DailyCatchEntry_New.php
9 May 2019 09:50:08|30|pritirm@forstarfoods.com|DailyCatchEntry_New.php
9 May 2019 09:50:38|30|pritirm@forstarfoods.com|DailyCatchEntry_New.php
9 May 2019 09:50:41|30|pritirm@forstarfoods.com|DailyCatchEntry_New.php
9 May 2019 09:50:42|30|pritirm@forstarfoods.com|CatchEntryDeclaredItem.php
9 May 2019 09:50:45|30|pritirm@forstarfoods.com|DailyCatchEntry_New.php
9 May 2019 09:50:48|30|pritirm@forstarfoods.com|DailyCatchEntry_New.php
9 May 2019 09:51:00|30|pritirm@forstarfoods.com|DailyCatchEntry_New.php
9 May 2019 09:51:02|30|pritirm@forstarfoods.com|DailyCatchEntry_New.php
9 May 2019 09:51:03|30|pritirm@forstarfoods.com|DailyCatchEntry_New.php
9 May 2019 09:51:04|30|pritirm@forstarfoods.com|DailyCatchEntry_New.php
9 May 2019 09:51:05|30|pritirm@forstarfoods.com|DailyCatchEntry_New.php
9 May 2019 09:51:07|30|pritirm@forstarfoods.com|DailyCatchEntry_New.php
9 May 2019 09:51:08|30|pritirm@forstarfoods.com|DailyCatchEntry_New.php
9 May 2019 09:51:09|30|pritirm@forstarfoods.com|DailyCatchEntry_New.php
9 May 2019 09:51:10|30|pritirm@forstarfoods.com|DailyCatchEntry_New.php
9 May 2019 09:51:12|30|pritirm@forstarfoods.com|DailyCatchEntry_New.php
9 May 2019 09:51:13|30|pritirm@forstarfoods.com|DailyCatchEntry_New.php
9 May 2019 09:51:14|30|pritirm@forstarfoods.com|DailyCatchEntry_New.php
9 May 2019 09:51:15|30|pritirm@forstarfoods.com|DailyCatchEntry_New.php
9 May 2019 09:51:17|30|pritirm@forstarfoods.com|DailyCatchEntry_New.php
9 May 2019 09:51:18|30|pritirm@forstarfoods.com|DailyCatchEntry_New.php
9 May 2019 09:51:19|30|pritirm@forstarfoods.com|DailyCatchEntry_New.php
9 May 2019 09:51:30|30|pritirm@forstarfoods.com|DailyCatchEntry_New.php
9 May 2019 09:51:33|30|pritirm@forstarfoods.com|DailyCatchEntry_New.php
9 May 2019 09:51:34|30|pritirm@forstarfoods.com|CatchEntryDeclaredItem.php
9 May 2019 09:54:50|30|pritirm@forstarfoods.com|DailyCatchEntry_New.php
9 May 2019 09:54:51|30|pritirm@forstarfoods.com|DailyCatchEntry_New.php
9 May 2019 09:54:53|30|pritirm@forstarfoods.com|DailyCatchEntry_New.php
9 May 2019 09:55:03|30|pritirm@forstarfoods.com|DailyCatchEntry_New.php
9 May 2019 09:55:09|30|pritirm@forstarfoods.com|DailyCatchEntry_New.php
9 May 2019 09:55:47|30|pritirm@forstarfoods.com|DailyCatchEntry_New.php
9 May 2019 09:55:48|30|pritirm@forstarfoods.com|CatchEntryDeclaredItem.php
9 May 2019 09:56:12|30|pritirm@forstarfoods.com|DailyCatchEntry_New.php
9 May 2019 09:56:23|30|pritirm@forstarfoods.com|DailyCatchEntry_New.php
9 May 2019 09:56:28|30|pritirm@forstarfoods.com|DailyCatchEntry_New.php
9 May 2019 09:56:32|30|pritirm@forstarfoods.com|DailyCatchEntry_New.php
9 May 2019 09:56:33|30|pritirm@forstarfoods.com|DailyCatchEntry_New.php
9 May 2019 09:56:34|30|pritirm@forstarfoods.com|DailyCatchEntry_New.php
9 May 2019 09:56:36|30|pritirm@forstarfoods.com|DailyCatchEntry_New.php
9 May 2019 09:56:37|30|pritirm@forstarfoods.com|DailyCatchEntry_New.php
9 May 2019 09:56:38|30|pritirm@forstarfoods.com|DailyCatchEntry_New.php
9 May 2019 09:56:39|30|pritirm@forstarfoods.com|DailyCatchEntry_New.php
9 May 2019 09:56:41|30|pritirm@forstarfoods.com|DailyCatchEntry_New.php
9 May 2019 09:56:42|30|pritirm@forstarfoods.com|DailyCatchEntry_New.php
9 May 2019 09:56:43|30|pritirm@forstarfoods.com|DailyCatchEntry_New.php
9 May 2019 09:56:44|30|pritirm@forstarfoods.com|DailyCatchEntry_New.php
9 May 2019 09:56:46|30|pritirm@forstarfoods.com|DailyCatchEntry_New.php
9 May 2019 09:59:44|30|pritirm@forstarfoods.com|DailyCatchEntry_New.php
9 May 2019 09:59:47|30|pritirm@forstarfoods.com|DailyCatchEntry_New.php
9 May 2019 09:59:49|30|pritirm@forstarfoods.com|CatchEntryDeclaredItem.php
9 May 2019 09:59:55|30|pritirm@forstarfoods.com|DailyCatchEntry_New.php
9 May 2019 09:59:57|30|pritirm@forstarfoods.com|DailyCatchEntry_New.php
9 May 2019 10:00:02|30|pritirm@forstarfoods.com|DailyCatchEntry_New.php
9 May 2019 10:00:03|30|pritirm@forstarfoods.com|DailyCatchEntry_New.php
9 May 2019 10:00:05|30|pritirm@forstarfoods.com|DailyCatchEntry_New.php
9 May 2019 10:00:06|30|pritirm@forstarfoods.com|DailyCatchEntry_New.php
9 May 2019 10:00:07|30|pritirm@forstarfoods.com|DailyCatchEntry_New.php
9 May 2019 10:00:08|30|pritirm@forstarfoods.com|DailyCatchEntry_New.php
9 May 2019 10:00:11|30|pritirm@forstarfoods.com|DailyCatchEntry_New.php
9 May 2019 10:00:14|30|pritirm@forstarfoods.com|DailyCatchEntry_New.php
9 May 2019 10:00:18|30|pritirm@forstarfoods.com|DailyCatchEntry_New.php
9 May 2019 10:00:20|30|pritirm@forstarfoods.com|CatchEntryDeclaredItem.php
9 May 2019 10:00:21|30|pritirm@forstarfoods.com|DailyCatchEntry_New.php
9 May 2019 10:00:23|30|pritirm@forstarfoods.com|DailyCatchEntry_New.php
9 May 2019 10:00:28|30|pritirm@forstarfoods.com|DailyCatchEntry_New.php
9 May 2019 10:00:29|30|pritirm@forstarfoods.com|DailyCatchEntry_New.php
9 May 2019 10:00:30|30|pritirm@forstarfoods.com|DailyCatchEntry_New.php
9 May 2019 10:00:31|30|pritirm@forstarfoods.com|DailyCatchEntry_New.php
9 May 2019 10:00:33|30|pritirm@forstarfoods.com|DailyCatchEntry_New.php
9 May 2019 10:00:34|30|pritirm@forstarfoods.com|DailyCatchEntry_New.php
9 May 2019 10:00:35|30|pritirm@forstarfoods.com|DailyCatchEntry_New.php
9 May 2019 10:00:36|30|pritirm@forstarfoods.com|DailyCatchEntry_New.php
9 May 2019 10:00:38|30|pritirm@forstarfoods.com|DailyCatchEntry_New.php
9 May 2019 10:00:39|30|pritirm@forstarfoods.com|DailyCatchEntry_New.php
9 May 2019 10:00:40|30|pritirm@forstarfoods.com|DailyCatchEntry_New.php
9 May 2019 10:00:41|30|pritirm@forstarfoods.com|DailyCatchEntry_New.php
9 May 2019 10:00:43|30|pritirm@forstarfoods.com|DailyCatchEntry_New.php
9 May 2019 10:00:44|30|pritirm@forstarfoods.com|DailyCatchEntry_New.php
9 May 2019 10:00:45|30|pritirm@forstarfoods.com|DailyCatchEntry_New.php
9 May 2019 10:00:46|30|pritirm@forstarfoods.com|DailyCatchEntry_New.php
9 May 2019 10:00:48|30|pritirm@forstarfoods.com|DailyCatchEntry_New.php
9 May 2019 10:00:49|30|pritirm@forstarfoods.com|DailyCatchEntry_New.php
9 May 2019 10:00:50|30|pritirm@forstarfoods.com|DailyCatchEntry_New.php
9 May 2019 10:00:51|30|pritirm@forstarfoods.com|DailyCatchEntry_New.php
9 May 2019 10:00:52|30|pritirm@forstarfoods.com|DailyCatchEntry_New.php
9 May 2019 10:00:54|30|pritirm@forstarfoods.com|DailyCatchEntry_New.php
9 May 2019 10:00:55|30|pritirm@forstarfoods.com|DailyCatchEntry_New.php
9 May 2019 10:00:56|30|pritirm@forstarfoods.com|DailyCatchEntry_New.php
9 May 2019 10:01:26|30|pritirm@forstarfoods.com|DailyCatchEntry_New.php
9 May 2019 10:01:28|30|pritirm@forstarfoods.com|DailyCatchEntry_New.php
9 May 2019 10:01:31|30|pritirm@forstarfoods.com|CatchEntryDeclaredItem.php
9 May 2019 10:01:44|30|pritirm@forstarfoods.com|DailyCatchEntry_New.php
9 May 2019 10:01:45|30|pritirm@forstarfoods.com|DailyCatchEntry_New.php
9 May 2019 10:01:47|30|pritirm@forstarfoods.com|DailyCatchEntry_New.php
9 May 2019 10:01:49|30|pritirm@forstarfoods.com|DailyCatchEntry_New.php
9 May 2019 10:01:52|30|pritirm@forstarfoods.com|DailyCatchEntry_New.php
9 May 2019 10:01:54|30|pritirm@forstarfoods.com|CatchEntryDeclaredItem.php
9 May 2019 10:02:05|30|pritirm@forstarfoods.com|DailyCatchEntry_New.php
9 May 2019 10:02:17|30|pritirm@forstarfoods.com|DailyCatchEntry_New.php
9 May 2019 10:02:19|30|pritirm@forstarfoods.com|DailyCatchEntry_New.php
9 May 2019 10:02:23|30|pritirm@forstarfoods.com|DailyCatchEntry_New.php
9 May 2019 10:02:24|30|pritirm@forstarfoods.com|DailyCatchEntry_New.php
9 May 2019 10:02:25|30|pritirm@forstarfoods.com|DailyCatchEntry_New.php
9 May 2019 10:02:27|30|pritirm@forstarfoods.com|DailyCatchEntry_New.php
9 May 2019 10:02:28|30|pritirm@forstarfoods.com|DailyCatchEntry_New.php
9 May 2019 10:02:29|30|pritirm@forstarfoods.com|DailyCatchEntry_New.php
9 May 2019 10:02:30|30|pritirm@forstarfoods.com|DailyCatchEntry_New.php
9 May 2019 10:02:32|30|pritirm@forstarfoods.com|DailyCatchEntry_New.php
9 May 2019 10:02:33|30|pritirm@forstarfoods.com|DailyCatchEntry_New.php
9 May 2019 10:02:34|30|pritirm@forstarfoods.com|DailyCatchEntry_New.php
9 May 2019 10:02:35|30|pritirm@forstarfoods.com|DailyCatchEntry_New.php
9 May 2019 10:02:37|30|pritirm@forstarfoods.com|DailyCatchEntry_New.php
9 May 2019 10:03:09|30|pritirm@forstarfoods.com|DailyCatchEntry_New.php
9 May 2019 10:03:11|30|pritirm@forstarfoods.com|DailyCatchEntry_New.php
9 May 2019 10:03:13|30|pritirm@forstarfoods.com|CatchEntryDeclaredItem.php
9 May 2019 10:03:16|30|pritirm@forstarfoods.com|DailyCatchEntry_New.php
9 May 2019 10:03:18|30|pritirm@forstarfoods.com|DailyCatchEntry_New.php
9 May 2019 10:03:22|30|pritirm@forstarfoods.com|DailyCatchEntry_New.php
9 May 2019 10:03:23|30|pritirm@forstarfoods.com|DailyCatchEntry_New.php
9 May 2019 10:03:25|30|pritirm@forstarfoods.com|DailyCatchEntry_New.php
9 May 2019 10:03:26|30|pritirm@forstarfoods.com|DailyCatchEntry_New.php
9 May 2019 10:03:27|30|pritirm@forstarfoods.com|CatchEntryDeclaredItem.php
9 May 2019 10:03:28|30|pritirm@forstarfoods.com|DailyCatchEntry_New.php
9 May 2019 10:03:32|30|pritirm@forstarfoods.com|DailyCatchEntry_New.php
9 May 2019 10:03:33|30|pritirm@forstarfoods.com|DailyCatchEntry_New.php
9 May 2019 10:03:34|30|pritirm@forstarfoods.com|DailyCatchEntry_New.php
9 May 2019 10:03:37|30|pritirm@forstarfoods.com|DailyCatchEntry_New.php
9 May 2019 10:03:53|30|pritirm@forstarfoods.com|DailyCatchEntry_New.php
9 May 2019 10:04:05|30|pritirm@forstarfoods.com|DailyCatchEntry_New.php
9 May 2019 10:04:21|30|pritirm@forstarfoods.com|DailyCatchEntry_New.php
9 May 2019 10:04:23|30|pritirm@forstarfoods.com|CatchEntryDeclaredItem.php
9 May 2019 10:04:35|30|pritirm@forstarfoods.com|DailyCatchEntry_New.php
9 May 2019 10:04:37|30|pritirm@forstarfoods.com|DailyCatchEntry_New.php
9 May 2019 10:04:38|30|pritirm@forstarfoods.com|DailyCatchEntry_New.php
9 May 2019 10:04:45|30|pritirm@forstarfoods.com|DailyCatchEntry_New.php
9 May 2019 10:04:48|30|pritirm@forstarfoods.com|DailyCatchEntry_New.php
9 May 2019 10:04:52|30|pritirm@forstarfoods.com|DailyCatchEntry_New.php
9 May 2019 10:04:53|30|pritirm@forstarfoods.com|DailyCatchEntry_New.php
9 May 2019 10:04:54|30|pritirm@forstarfoods.com|DailyCatchEntry_New.php
9 May 2019 10:04:56|30|pritirm@forstarfoods.com|DailyCatchEntry_New.php
9 May 2019 10:04:57|30|pritirm@forstarfoods.com|DailyCatchEntry_New.php
9 May 2019 10:04:58|30|pritirm@forstarfoods.com|DailyCatchEntry_New.php
9 May 2019 10:04:59|30|pritirm@forstarfoods.com|DailyCatchEntry_New.php
9 May 2019 10:05:01|30|pritirm@forstarfoods.com|DailyCatchEntry_New.php
9 May 2019 10:05:02|30|pritirm@forstarfoods.com|DailyCatchEntry_New.php
9 May 2019 10:05:03|30|pritirm@forstarfoods.com|DailyCatchEntry_New.php
9 May 2019 10:05:04|30|pritirm@forstarfoods.com|DailyCatchEntry_New.php
9 May 2019 10:05:06|30|pritirm@forstarfoods.com|DailyCatchEntry_New.php
9 May 2019 10:05:07|30|pritirm@forstarfoods.com|DailyCatchEntry_New.php
9 May 2019 10:05:08|30|pritirm@forstarfoods.com|DailyCatchEntry_New.php
9 May 2019 10:05:09|30|pritirm@forstarfoods.com|DailyCatchEntry_New.php
9 May 2019 10:05:11|30|pritirm@forstarfoods.com|DailyCatchEntry_New.php
9 May 2019 10:05:12|30|pritirm@forstarfoods.com|DailyCatchEntry_New.php
9 May 2019 10:05:13|30|pritirm@forstarfoods.com|DailyCatchEntry_New.php
9 May 2019 10:05:14|30|pritirm@forstarfoods.com|DailyCatchEntry_New.php
9 May 2019 10:05:16|30|pritirm@forstarfoods.com|DailyCatchEntry_New.php
9 May 2019 10:05:55|30|pritirm@forstarfoods.com|DailyCatchEntry_New.php
9 May 2019 10:05:58|30|pritirm@forstarfoods.com|DailyCatchEntry_New.php
9 May 2019 10:06:00|30|pritirm@forstarfoods.com|CatchEntryDeclaredItem.php
9 May 2019 10:06:03|30|pritirm@forstarfoods.com|DailyCatchEntry_New.php
9 May 2019 10:06:07|30|pritirm@forstarfoods.com|DailyCatchEntry_New.php
9 May 2019 10:06:10|30|pritirm@forstarfoods.com|DailyCatchEntry_New.php
9 May 2019 10:06:11|30|pritirm@forstarfoods.com|DailyCatchEntry_New.php
9 May 2019 10:06:12|30|pritirm@forstarfoods.com|DailyCatchEntry_New.php
9 May 2019 10:06:13|30|pritirm@forstarfoods.com|DailyCatchEntry_New.php
9 May 2019 10:06:15|30|pritirm@forstarfoods.com|DailyCatchEntry_New.php
9 May 2019 10:06:16|30|pritirm@forstarfoods.com|DailyCatchEntry_New.php
9 May 2019 10:06:17|30|pritirm@forstarfoods.com|DailyCatchEntry_New.php
9 May 2019 10:06:18|30|pritirm@forstarfoods.com|DailyCatchEntry_New.php
9 May 2019 10:06:19|30|pritirm@forstarfoods.com|DailyCatchEntry_New.php
9 May 2019 10:06:21|30|pritirm@forstarfoods.com|DailyCatchEntry_New.php
9 May 2019 10:06:22|30|pritirm@forstarfoods.com|DailyCatchEntry_New.php
9 May 2019 10:06:23|30|pritirm@forstarfoods.com|DailyCatchEntry_New.php
9 May 2019 10:06:24|30|pritirm@forstarfoods.com|DailyCatchEntry_New.php
9 May 2019 10:06:26|30|pritirm@forstarfoods.com|DailyCatchEntry_New.php
9 May 2019 10:06:27|30|pritirm@forstarfoods.com|DailyCatchEntry_New.php
9 May 2019 10:06:35|30|pritirm@forstarfoods.com|DailyCatchEntry_New.php
9 May 2019 10:06:36|30|pritirm@forstarfoods.com|CatchEntryDeclaredItem.php
9 May 2019 10:06:44|30|pritirm@forstarfoods.com|DailyCatchEntry_New.php
9 May 2019 10:06:46|30|pritirm@forstarfoods.com|DailyCatchEntry_New.php
9 May 2019 10:06:47|30|pritirm@forstarfoods.com|DailyCatchEntry_New.php
9 May 2019 10:06:48|30|pritirm@forstarfoods.com|DailyCatchEntry_New.php
9 May 2019 10:06:51|30|pritirm@forstarfoods.com|DailyCatchEntry_New.php
9 May 2019 10:06:52|30|pritirm@forstarfoods.com|CatchEntryDeclaredItem.php
9 May 2019 10:06:53|30|pritirm@forstarfoods.com|DailyCatchEntry_New.php
9 May 2019 10:06:54|30|pritirm@forstarfoods.com|CatchEntryDeclaredItem.php
9 May 2019 10:07:11|30|pritirm@forstarfoods.com|DailyCatchEntry_New.php
9 May 2019 10:07:16|30|pritirm@forstarfoods.com|DailyCatchEntry_New.php
9 May 2019 10:07:18|30|pritirm@forstarfoods.com|DailyCatchEntry_New.php
9 May 2019 10:07:23|30|pritirm@forstarfoods.com|DailyCatchEntry_New.php
9 May 2019 10:07:24|30|pritirm@forstarfoods.com|DailyCatchEntry_New.php
9 May 2019 10:07:25|30|pritirm@forstarfoods.com|DailyCatchEntry_New.php
9 May 2019 10:07:26|30|pritirm@forstarfoods.com|DailyCatchEntry_New.php
9 May 2019 10:07:28|30|pritirm@forstarfoods.com|DailyCatchEntry_New.php
9 May 2019 10:07:29|30|pritirm@forstarfoods.com|DailyCatchEntry_New.php
9 May 2019 10:07:30|30|pritirm@forstarfoods.com|DailyCatchEntry_New.php
9 May 2019 10:07:31|30|pritirm@forstarfoods.com|DailyCatchEntry_New.php
9 May 2019 10:07:32|30|pritirm@forstarfoods.com|DailyCatchEntry_New.php
9 May 2019 10:07:34|30|pritirm@forstarfoods.com|DailyCatchEntry_New.php
9 May 2019 10:07:35|30|pritirm@forstarfoods.com|DailyCatchEntry_New.php
9 May 2019 10:07:36|30|pritirm@forstarfoods.com|DailyCatchEntry_New.php
9 May 2019 10:07:37|30|pritirm@forstarfoods.com|DailyCatchEntry_New.php
9 May 2019 10:07:39|30|pritirm@forstarfoods.com|DailyCatchEntry_New.php
9 May 2019 10:07:40|30|pritirm@forstarfoods.com|DailyCatchEntry_New.php
9 May 2019 10:07:41|30|pritirm@forstarfoods.com|DailyCatchEntry_New.php
9 May 2019 10:07:42|30|pritirm@forstarfoods.com|DailyCatchEntry_New.php
9 May 2019 10:07:44|30|pritirm@forstarfoods.com|DailyCatchEntry_New.php
9 May 2019 10:07:45|30|pritirm@forstarfoods.com|DailyCatchEntry_New.php
9 May 2019 10:07:46|30|pritirm@forstarfoods.com|DailyCatchEntry_New.php
9 May 2019 10:07:47|30|pritirm@forstarfoods.com|DailyCatchEntry_New.php
9 May 2019 10:07:49|30|pritirm@forstarfoods.com|DailyCatchEntry_New.php
9 May 2019 10:07:50|30|pritirm@forstarfoods.com|DailyCatchEntry_New.php
9 May 2019 10:07:51|30|pritirm@forstarfoods.com|DailyCatchEntry_New.php
9 May 2019 10:07:52|30|pritirm@forstarfoods.com|DailyCatchEntry_New.php
9 May 2019 10:07:54|30|pritirm@forstarfoods.com|DailyCatchEntry_New.php
9 May 2019 10:07:55|30|pritirm@forstarfoods.com|DailyCatchEntry_New.php
9 May 2019 10:07:56|30|pritirm@forstarfoods.com|DailyCatchEntry_New.php
9 May 2019 10:07:57|30|pritirm@forstarfoods.com|DailyCatchEntry_New.php
9 May 2019 10:07:58|30|pritirm@forstarfoods.com|DailyCatchEntry_New.php
9 May 2019 10:08:00|30|pritirm@forstarfoods.com|DailyCatchEntry_New.php
9 May 2019 10:08:01|30|pritirm@forstarfoods.com|DailyCatchEntry_New.php
9 May 2019 10:08:23|30|pritirm@forstarfoods.com|DailyCatchEntry_New.php
9 May 2019 10:08:28|30|pritirm@forstarfoods.com|DailyCatchEntry_New.php
9 May 2019 10:08:32|30|pritirm@forstarfoods.com|DailyCatchEntry_New.php
9 May 2019 10:08:33|30|pritirm@forstarfoods.com|CatchEntryDeclaredItem.php
9 May 2019 10:08:37|30|pritirm@forstarfoods.com|DailyCatchEntry_New.php
9 May 2019 10:08:38|30|pritirm@forstarfoods.com|DailyCatchEntry_New.php
9 May 2019 10:08:39|30|pritirm@forstarfoods.com|DailyCatchEntry_New.php
9 May 2019 10:08:53|30|pritirm@forstarfoods.com|DailyCatchEntry_New.php
9 May 2019 10:08:57|30|pritirm@forstarfoods.com|DailyCatchEntry_New.php
9 May 2019 10:08:58|30|pritirm@forstarfoods.com|CatchEntryDeclaredItem.php
9 May 2019 10:09:16|30|pritirm@forstarfoods.com|DailyCatchEntry_New.php
9 May 2019 10:09:24|30|pritirm@forstarfoods.com|DailyCatchEntry_New.php
9 May 2019 10:09:26|30|pritirm@forstarfoods.com|DailyCatchEntry_New.php
9 May 2019 10:09:29|30|pritirm@forstarfoods.com|DailyCatchEntry_New.php
9 May 2019 10:09:30|30|pritirm@forstarfoods.com|DailyCatchEntry_New.php
9 May 2019 10:09:31|30|pritirm@forstarfoods.com|DailyCatchEntry_New.php
9 May 2019 10:09:32|30|pritirm@forstarfoods.com|DailyCatchEntry_New.php
9 May 2019 10:09:34|30|pritirm@forstarfoods.com|DailyCatchEntry_New.php
9 May 2019 10:09:35|30|pritirm@forstarfoods.com|DailyCatchEntry_New.php
9 May 2019 10:09:36|30|pritirm@forstarfoods.com|DailyCatchEntry_New.php
9 May 2019 10:09:37|30|pritirm@forstarfoods.com|DailyCatchEntry_New.php
9 May 2019 10:09:39|30|pritirm@forstarfoods.com|DailyCatchEntry_New.php
9 May 2019 10:09:40|30|pritirm@forstarfoods.com|DailyCatchEntry_New.php
9 May 2019 10:09:41|30|pritirm@forstarfoods.com|DailyCatchEntry_New.php
9 May 2019 10:09:42|30|pritirm@forstarfoods.com|DailyCatchEntry_New.php
9 May 2019 10:09:44|30|pritirm@forstarfoods.com|DailyCatchEntry_New.php
9 May 2019 10:09:45|30|pritirm@forstarfoods.com|DailyCatchEntry_New.php
9 May 2019 10:09:46|30|pritirm@forstarfoods.com|DailyCatchEntry_New.php
9 May 2019 10:09:47|30|pritirm@forstarfoods.com|DailyCatchEntry_New.php
9 May 2019 10:09:48|30|pritirm@forstarfoods.com|DailyCatchEntry_New.php
9 May 2019 10:09:50|30|pritirm@forstarfoods.com|DailyCatchEntry_New.php
9 May 2019 10:09:51|30|pritirm@forstarfoods.com|DailyCatchEntry_New.php
9 May 2019 10:09:52|30|pritirm@forstarfoods.com|DailyCatchEntry_New.php
9 May 2019 10:09:53|30|pritirm@forstarfoods.com|DailyCatchEntry_New.php
9 May 2019 10:09:55|30|pritirm@forstarfoods.com|DailyCatchEntry_New.php
9 May 2019 10:09:56|30|pritirm@forstarfoods.com|DailyCatchEntry_New.php
9 May 2019 10:09:57|30|pritirm@forstarfoods.com|DailyCatchEntry_New.php
9 May 2019 10:11:02|30|pritirm@forstarfoods.com|DailyCatchEntry_New.php
9 May 2019 10:11:05|30|pritirm@forstarfoods.com|DailyCatchEntry_New.php
9 May 2019 10:11:06|30|pritirm@forstarfoods.com|CatchEntryDeclaredItem.php
9 May 2019 10:11:13|30|pritirm@forstarfoods.com|DailyCatchEntry_New.php
9 May 2019 10:11:16|30|pritirm@forstarfoods.com|DailyCatchEntry_New.php
9 May 2019 10:11:19|30|pritirm@forstarfoods.com|DailyCatchEntry_New.php
9 May 2019 10:11:20|30|pritirm@forstarfoods.com|DailyCatchEntry_New.php
9 May 2019 10:11:21|30|pritirm@forstarfoods.com|DailyCatchEntry_New.php
9 May 2019 10:11:22|30|pritirm@forstarfoods.com|DailyCatchEntry_New.php
9 May 2019 10:11:24|30|pritirm@forstarfoods.com|DailyCatchEntry_New.php
9 May 2019 10:11:25|30|pritirm@forstarfoods.com|DailyCatchEntry_New.php
9 May 2019 10:11:26|30|pritirm@forstarfoods.com|DailyCatchEntry_New.php
9 May 2019 10:11:27|30|pritirm@forstarfoods.com|DailyCatchEntry_New.php
9 May 2019 10:11:28|30|pritirm@forstarfoods.com|DailyCatchEntry_New.php
9 May 2019 10:11:30|30|pritirm@forstarfoods.com|DailyCatchEntry_New.php
9 May 2019 10:11:31|30|pritirm@forstarfoods.com|DailyCatchEntry_New.php
9 May 2019 10:11:32|30|pritirm@forstarfoods.com|DailyCatchEntry_New.php
9 May 2019 10:11:33|30|pritirm@forstarfoods.com|DailyCatchEntry_New.php
9 May 2019 10:11:35|30|pritirm@forstarfoods.com|DailyCatchEntry_New.php
9 May 2019 10:11:36|30|pritirm@forstarfoods.com|DailyCatchEntry_New.php
9 May 2019 10:11:40|30|pritirm@forstarfoods.com|DailyCatchEntry_New.php
9 May 2019 10:11:41|30|pritirm@forstarfoods.com|CatchEntryDeclaredItem.php
9 May 2019 10:11:52|30|pritirm@forstarfoods.com|DailyCatchEntry_New.php
9 May 2019 10:11:54|30|pritirm@forstarfoods.com|DailyCatchEntry_New.php
9 May 2019 10:12:03|30|pritirm@forstarfoods.com|DailyCatchEntry_New.php
9 May 2019 10:12:04|30|pritirm@forstarfoods.com|DailyCatchEntry_New.php
9 May 2019 10:12:05|30|pritirm@forstarfoods.com|DailyCatchEntry_New.php
9 May 2019 10:12:07|30|pritirm@forstarfoods.com|DailyCatchEntry_New.php
9 May 2019 10:12:08|30|pritirm@forstarfoods.com|DailyCatchEntry_New.php
9 May 2019 10:12:09|30|pritirm@forstarfoods.com|DailyCatchEntry_New.php
9 May 2019 10:12:10|30|pritirm@forstarfoods.com|DailyCatchEntry_New.php
9 May 2019 10:12:12|30|pritirm@forstarfoods.com|DailyCatchEntry_New.php
9 May 2019 10:12:13|30|pritirm@forstarfoods.com|DailyCatchEntry_New.php
9 May 2019 10:12:14|30|pritirm@forstarfoods.com|DailyCatchEntry_New.php
9 May 2019 10:12:15|30|pritirm@forstarfoods.com|DailyCatchEntry_New.php
9 May 2019 10:12:17|30|pritirm@forstarfoods.com|DailyCatchEntry_New.php
9 May 2019 10:12:18|30|pritirm@forstarfoods.com|DailyCatchEntry_New.php
9 May 2019 10:12:19|30|pritirm@forstarfoods.com|DailyCatchEntry_New.php