
30 Nov 2019 14:13:25|20|shiji@forstarfoods.com|DailyCatchEntry_New.php
30 Nov 2019 14:13:26|20|shiji@forstarfoods.com|DailyCatchEntry_New.php
30 Nov 2019 14:13:27|20|shiji@forstarfoods.com|DailyCatchEntry_New.php
30 Nov 2019 14:13:28|20|shiji@forstarfoods.com|CatchEntryDeclaredItem.php
30 Nov 2019 14:13:30|20|shiji@forstarfoods.com|DailyCatchEntry_New.php
30 Nov 2019 14:13:31|20|shiji@forstarfoods.com|DailyCatchEntry_New.php
30 Nov 2019 14:13:33|20|shiji@forstarfoods.com|DailyCatchEntry_New.php
30 Nov 2019 14:13:34|20|shiji@forstarfoods.com|DailyCatchEntry_New.php
30 Nov 2019 14:13:35|20|shiji@forstarfoods.com|DailyCatchEntry_New.php
30 Nov 2019 14:13:36|20|shiji@forstarfoods.com|DailyCatchEntry_New.php
30 Nov 2019 14:13:38|20|shiji@forstarfoods.com|DailyCatchEntry_New.php
30 Nov 2019 14:13:39|20|shiji@forstarfoods.com|DailyCatchEntry_New.php
30 Nov 2019 14:13:40|20|shiji@forstarfoods.com|DailyCatchEntry_New.php
30 Nov 2019 14:13:44|20|shiji@forstarfoods.com|DailyCatchEntry_New.php
30 Nov 2019 14:13:51|20|shiji@forstarfoods.com|DailyCatchEntry_New.php
30 Nov 2019 14:13:53|20|shiji@forstarfoods.com|CatchEntryDeclaredItem.php
30 Nov 2019 14:14:05|20|shiji@forstarfoods.com|DailyCatchEntry_New.php
30 Nov 2019 14:14:06|20|shiji@forstarfoods.com|DailyCatchEntry_New.php
30 Nov 2019 14:14:08|20|shiji@forstarfoods.com|DailyCatchEntry_New.php
30 Nov 2019 14:14:09|20|shiji@forstarfoods.com|DailyCatchEntry_New.php
30 Nov 2019 14:14:10|20|shiji@forstarfoods.com|DailyCatchEntry_New.php
30 Nov 2019 14:14:11|20|shiji@forstarfoods.com|DailyCatchEntry_New.php
30 Nov 2019 14:14:18|20|shiji@forstarfoods.com|DailyCatchEntry_New.php
30 Nov 2019 14:14:20|20|shiji@forstarfoods.com|DailyCatchEntry_New.php
30 Nov 2019 14:14:22|20|shiji@forstarfoods.com|DailyCatchEntry_New.php
30 Nov 2019 14:14:28|20|shiji@forstarfoods.com|DailyCatchEntry_New.php
30 Nov 2019 14:14:29|20|shiji@forstarfoods.com|DailyCatchEntry_New.php
30 Nov 2019 14:14:31|20|shiji@forstarfoods.com|DailyCatchEntry_New.php
30 Nov 2019 14:14:32|20|shiji@forstarfoods.com|DailyCatchEntry_New.php
30 Nov 2019 14:14:33|20|shiji@forstarfoods.com|DailyCatchEntry_New.php
30 Nov 2019 14:14:34|20|shiji@forstarfoods.com|DailyCatchEntry_New.php
30 Nov 2019 14:14:40|20|shiji@forstarfoods.com|DailyCatchEntry_New.php
30 Nov 2019 14:14:42|20|shiji@forstarfoods.com|DailyCatchEntry_New.php
30 Nov 2019 14:14:44|20|shiji@forstarfoods.com|CatchEntryDeclaredItem.php
30 Nov 2019 14:14:54|20|shiji@forstarfoods.com|DailyCatchEntry_New.php
30 Nov 2019 14:14:56|20|shiji@forstarfoods.com|DailyCatchEntry_New.php
30 Nov 2019 14:14:59|20|shiji@forstarfoods.com|DailyCatchEntry_New.php
30 Nov 2019 14:15:00|20|shiji@forstarfoods.com|DailyCatchEntry_New.php
30 Nov 2019 14:15:01|20|shiji@forstarfoods.com|DailyCatchEntry_New.php
30 Nov 2019 14:15:02|20|shiji@forstarfoods.com|DailyCatchEntry_New.php
30 Nov 2019 14:15:25|20|shiji@forstarfoods.com|DailyCatchEntry_New.php
30 Nov 2019 14:15:26|20|shiji@forstarfoods.com|DailyCatchEntry_New.php
30 Nov 2019 14:15:27|20|shiji@forstarfoods.com|DailyCatchEntry_New.php
30 Nov 2019 14:15:31|20|shiji@forstarfoods.com|DailyCatchEntry_New.php
30 Nov 2019 14:15:32|20|shiji@forstarfoods.com|CatchEntryDeclaredItem.php
30 Nov 2019 14:15:39|20|shiji@forstarfoods.com|DailyCatchEntry_New.php
30 Nov 2019 14:15:41|20|shiji@forstarfoods.com|DailyCatchEntry_New.php
30 Nov 2019 14:15:42|20|shiji@forstarfoods.com|DailyCatchEntry_New.php
30 Nov 2019 14:15:43|20|shiji@forstarfoods.com|DailyCatchEntry_New.php
30 Nov 2019 14:15:44|20|shiji@forstarfoods.com|DailyCatchEntry_New.php
30 Nov 2019 14:15:46|20|shiji@forstarfoods.com|DailyCatchEntry_New.php
30 Nov 2019 14:15:48|20|shiji@forstarfoods.com|DailyCatchEntry_New.php
30 Nov 2019 14:15:53|20|shiji@forstarfoods.com|DailyCatchEntry_New.php
30 Nov 2019 14:15:54|20|shiji@forstarfoods.com|CatchEntryDeclaredItem.php
30 Nov 2019 14:16:02|20|shiji@forstarfoods.com|DailyCatchEntry_New.php
30 Nov 2019 14:16:03|20|shiji@forstarfoods.com|DailyCatchEntry_New.php
30 Nov 2019 14:16:04|20|shiji@forstarfoods.com|DailyCatchEntry_New.php
30 Nov 2019 14:16:05|20|shiji@forstarfoods.com|DailyCatchEntry_New.php
30 Nov 2019 14:16:07|20|shiji@forstarfoods.com|DailyCatchEntry_New.php
30 Nov 2019 14:16:08|20|shiji@forstarfoods.com|DailyCatchEntry_New.php
30 Nov 2019 14:16:15|20|shiji@forstarfoods.com|DailyCatchEntry_New.php
30 Nov 2019 14:16:16|20|shiji@forstarfoods.com|DailyCatchEntry_New.php
30 Nov 2019 14:16:18|20|shiji@forstarfoods.com|DailyCatchEntry_New.php
30 Nov 2019 14:16:22|20|shiji@forstarfoods.com|DailyCatchEntry_New.php
30 Nov 2019 14:16:23|20|shiji@forstarfoods.com|DailyCatchEntry_New.php
30 Nov 2019 14:16:24|20|shiji@forstarfoods.com|DailyCatchEntry_New.php
30 Nov 2019 14:16:26|20|shiji@forstarfoods.com|DailyCatchEntry_New.php
30 Nov 2019 14:16:27|20|shiji@forstarfoods.com|DailyCatchEntry_New.php
30 Nov 2019 14:16:28|20|shiji@forstarfoods.com|DailyCatchEntry_New.php
30 Nov 2019 14:16:30|20|shiji@forstarfoods.com|DailyCatchEntry_New.php
30 Nov 2019 14:16:33|20|shiji@forstarfoods.com|DailyCatchEntry_New.php
30 Nov 2019 14:16:34|20|shiji@forstarfoods.com|CatchEntryDeclaredItem.php
30 Nov 2019 14:16:41|20|shiji@forstarfoods.com|DailyCatchEntry_New.php
30 Nov 2019 14:16:43|20|shiji@forstarfoods.com|DailyCatchEntry_New.php
30 Nov 2019 14:16:45|20|shiji@forstarfoods.com|DailyCatchEntry_New.php
30 Nov 2019 14:16:46|20|shiji@forstarfoods.com|DailyCatchEntry_New.php
30 Nov 2019 14:16:47|20|shiji@forstarfoods.com|DailyCatchEntry_New.php
30 Nov 2019 14:16:49|20|shiji@forstarfoods.com|DailyCatchEntry_New.php
30 Nov 2019 14:16:50|20|shiji@forstarfoods.com|DailyCatchEntry_New.php
30 Nov 2019 14:16:51|20|shiji@forstarfoods.com|DailyCatchEntry_New.php
30 Nov 2019 14:16:52|20|shiji@forstarfoods.com|DailyCatchEntry_New.php
30 Nov 2019 14:16:57|20|shiji@forstarfoods.com|DailyCatchEntry_New.php
30 Nov 2019 14:16:59|20|shiji@forstarfoods.com|CatchEntryDeclaredItem.php
30 Nov 2019 14:17:01|20|shiji@forstarfoods.com|DailyCatchEntry_New.php
30 Nov 2019 14:17:02|20|shiji@forstarfoods.com|DailyCatchEntry_New.php
30 Nov 2019 14:17:03|20|shiji@forstarfoods.com|DailyCatchEntry_New.php
30 Nov 2019 14:17:05|20|shiji@forstarfoods.com|DailyCatchEntry_New.php
30 Nov 2019 14:17:12|20|shiji@forstarfoods.com|DailyCatchEntry_New.php
30 Nov 2019 14:17:13|20|shiji@forstarfoods.com|CatchEntryDeclaredItem.php
30 Nov 2019 14:17:22|20|shiji@forstarfoods.com|DailyCatchEntry_New.php
30 Nov 2019 14:17:24|20|shiji@forstarfoods.com|DailyCatchEntry_New.php
30 Nov 2019 14:17:25|20|shiji@forstarfoods.com|DailyCatchEntry_New.php
30 Nov 2019 14:17:26|20|shiji@forstarfoods.com|DailyCatchEntry_New.php
30 Nov 2019 14:17:27|20|shiji@forstarfoods.com|DailyCatchEntry_New.php
30 Nov 2019 14:17:29|20|shiji@forstarfoods.com|DailyCatchEntry_New.php
30 Nov 2019 14:17:33|20|shiji@forstarfoods.com|DailyCatchEntry_New.php
30 Nov 2019 14:17:34|20|shiji@forstarfoods.com|DailyCatchEntry_New.php
30 Nov 2019 14:17:36|20|shiji@forstarfoods.com|DailyCatchEntry_New.php
30 Nov 2019 14:17:38|20|shiji@forstarfoods.com|DailyCatchEntry_New.php
30 Nov 2019 14:17:40|20|shiji@forstarfoods.com|DailyCatchEntry_New.php
30 Nov 2019 14:17:41|20|shiji@forstarfoods.com|DailyCatchEntry_New.php
30 Nov 2019 14:17:42|20|shiji@forstarfoods.com|DailyCatchEntry_New.php
30 Nov 2019 14:17:43|20|shiji@forstarfoods.com|DailyCatchEntry_New.php
30 Nov 2019 14:17:45|20|shiji@forstarfoods.com|DailyCatchEntry_New.php
30 Nov 2019 14:17:58|20|shiji@forstarfoods.com|DailyCatchEntry_New.php
30 Nov 2019 14:18:09|20|shiji@forstarfoods.com|DailyCatchEntry_New.php
30 Nov 2019 14:18:14|20|shiji@forstarfoods.com|CatchEntryDeclaredItem.php
30 Nov 2019 14:18:24|20|shiji@forstarfoods.com|DailyCatchEntry_New.php
30 Nov 2019 14:18:25|20|shiji@forstarfoods.com|DailyCatchEntry_New.php
30 Nov 2019 14:18:28|20|shiji@forstarfoods.com|DailyCatchEntry_New.php
30 Nov 2019 14:18:31|20|shiji@forstarfoods.com|DailyCatchEntry_New.php
30 Nov 2019 14:18:33|20|shiji@forstarfoods.com|DailyCatchEntry_New.php
30 Nov 2019 14:18:34|20|shiji@forstarfoods.com|DailyCatchEntry_New.php
30 Nov 2019 14:18:35|20|shiji@forstarfoods.com|DailyCatchEntry_New.php
30 Nov 2019 14:18:36|20|shiji@forstarfoods.com|DailyCatchEntry_New.php
30 Nov 2019 14:18:38|20|shiji@forstarfoods.com|DailyCatchEntry_New.php
30 Nov 2019 14:18:39|20|shiji@forstarfoods.com|DailyCatchEntry_New.php
30 Nov 2019 14:18:40|20|shiji@forstarfoods.com|DailyCatchEntry_New.php
30 Nov 2019 14:18:43|20|shiji@forstarfoods.com|DailyCatchEntry_New.php
30 Nov 2019 14:18:44|20|shiji@forstarfoods.com|CatchEntryDeclaredItem.php
30 Nov 2019 14:18:47|20|shiji@forstarfoods.com|DailyCatchEntry_New.php
30 Nov 2019 14:18:59|20|shiji@forstarfoods.com|DailyCatchEntry_New.php
30 Nov 2019 14:19:02|20|shiji@forstarfoods.com|DailyCatchEntry_New.php
30 Nov 2019 14:19:03|20|shiji@forstarfoods.com|DailyCatchEntry_New.php
30 Nov 2019 14:19:04|20|shiji@forstarfoods.com|CatchEntryDeclaredItem.php
30 Nov 2019 14:19:05|20|shiji@forstarfoods.com|DailyCatchEntry_New.php
30 Nov 2019 14:19:07|20|shiji@forstarfoods.com|CatchEntryDeclaredItem.php
30 Nov 2019 14:19:38|20|shiji@forstarfoods.com|DailyCatchEntry_New.php
30 Nov 2019 14:19:40|20|shiji@forstarfoods.com|DailyCatchEntry_New.php
30 Nov 2019 14:19:41|20|shiji@forstarfoods.com|CatchEntryDeclaredItem.php
30 Nov 2019 14:19:50|20|shiji@forstarfoods.com|DailyCatchEntry_New.php
30 Nov 2019 14:19:52|20|shiji@forstarfoods.com|DailyCatchEntry_New.php
30 Nov 2019 14:19:59|20|shiji@forstarfoods.com|DailyCatchEntry_New.php
30 Nov 2019 14:20:02|20|shiji@forstarfoods.com|DailyCatchEntry_New.php
30 Nov 2019 14:20:05|20|shiji@forstarfoods.com|DailyCatchEntry_New.php
30 Nov 2019 14:20:16|20|shiji@forstarfoods.com|DailyCatchEntry_New.php
30 Nov 2019 14:20:19|20|shiji@forstarfoods.com|DailyCatchEntry_New.php
30 Nov 2019 14:20:20|20|shiji@forstarfoods.com|DailyCatchEntry_New.php
30 Nov 2019 14:20:21|20|shiji@forstarfoods.com|CatchEntryDeclaredItem.php
30 Nov 2019 14:20:23|20|shiji@forstarfoods.com|DailyCatchEntry_New.php
30 Nov 2019 14:20:24|20|shiji@forstarfoods.com|CatchEntryDeclaredItem.php
30 Nov 2019 14:20:29|20|shiji@forstarfoods.com|DailyCatchEntry_New.php
30 Nov 2019 14:20:37|20|shiji@forstarfoods.com|DailyCatchEntry_New.php
30 Nov 2019 14:20:39|20|shiji@forstarfoods.com|DailyCatchEntry_New.php
30 Nov 2019 14:47:36|20|shiji@forstarfoods.com|DailyCatchSummary.php
30 Nov 2019 14:47:40|20|shiji@forstarfoods.com|DailyCatchSummary.php
30 Nov 2019 14:47:53|20|shiji@forstarfoods.com|DailyCatchSummary.php
30 Nov 2019 14:47:57|20|shiji@forstarfoods.com|DailyCatchSummary.php
30 Nov 2019 14:48:25|20|shiji@forstarfoods.com|DailyCatchSummary.php
30 Nov 2019 14:48:31|20|shiji@forstarfoods.com|DailyCatchSummary.php
30 Nov 2019 14:49:37|20|shiji@forstarfoods.com|DailyCatchReport.php
30 Nov 2019 14:49:43|20|shiji@forstarfoods.com|DailyCatchReport.php
30 Nov 2019 14:49:50|20|shiji@forstarfoods.com|DailyCatchReport.php
30 Nov 2019 14:49:51|20|shiji@forstarfoods.com|DailyCatchReport.php
30 Nov 2019 14:49:53|20|shiji@forstarfoods.com|DailyCatchReport.php
30 Nov 2019 14:49:54|20|shiji@forstarfoods.com|DailyCatchReport.php
30 Nov 2019 14:49:56|20|shiji@forstarfoods.com|PrintDailyCatchReportMemo.php
30 Nov 2019 14:50:00|20|shiji@forstarfoods.com|PrintDailyCatchReportMemo.php
30 Nov 2019 14:51:15|1|admin@forstarfoods.com|Home.php
30 Nov 2019 15:02:20|20|shiji@forstarfoods.com|PrintDailyCatchReportMemo.php
30 Nov 2019 15:18:22|1|admin@forstarfoods.com|ProcessorsAccounts.php
30 Nov 2019 15:18:29|1|admin@forstarfoods.com|ProcessorsAccounts.php
30 Nov 2019 15:18:35|1|admin@forstarfoods.com|ProcessorsAccounts.php
30 Nov 2019 15:18:41|1|admin@forstarfoods.com|ProcessorsAccounts.php
30 Nov 2019 15:23:29|20|shiji@forstarfoods.com|DailyCatchSummary.php
30 Nov 2019 15:23:31|20|shiji@forstarfoods.com|DailyCatchSummary.php
30 Nov 2019 15:23:49|20|shiji@forstarfoods.com|DailyCatchSummary.php
30 Nov 2019 15:23:53|20|shiji@forstarfoods.com|DailyCatchSummary.php
30 Nov 2019 15:24:13|20|shiji@forstarfoods.com|DailyCatchSummary.php
30 Nov 2019 15:24:17|20|shiji@forstarfoods.com|DailyCatchSummary.php
30 Nov 2019 15:29:56|20|shiji@forstarfoods.com|DailyCatchSummary.php
2 Dec 2019 09:58:45|20|shiji@forstarfoods.com|Home.php
2 Dec 2019 09:59:00|20|shiji@forstarfoods.com|DailyCatchEntry_New.php
2 Dec 2019 09:59:03|20|shiji@forstarfoods.com|DailyCatchEntry_New.php
2 Dec 2019 09:59:05|20|shiji@forstarfoods.com|DailyCatchEntry_New.php
2 Dec 2019 09:59:07|20|shiji@forstarfoods.com|DailyCatchEntry_New.php
2 Dec 2019 09:59:08|20|shiji@forstarfoods.com|DailyCatchEntry_New.php
2 Dec 2019 09:59:09|20|shiji@forstarfoods.com|CatchEntryDeclaredItem.php
2 Dec 2019 09:59:10|20|shiji@forstarfoods.com|DailyCatchEntry_New.php
2 Dec 2019 10:04:06|20|shiji@forstarfoods.com|DailyCatchEntry_New.php
2 Dec 2019 10:09:08|20|shiji@forstarfoods.com|DailyCatchEntry_New.php
2 Dec 2019 10:14:09|20|shiji@forstarfoods.com|DailyCatchEntry_New.php
2 Dec 2019 10:19:11|20|shiji@forstarfoods.com|DailyCatchEntry_New.php
2 Dec 2019 10:24:12|20|shiji@forstarfoods.com|DailyCatchEntry_New.php
2 Dec 2019 10:29:13|20|shiji@forstarfoods.com|DailyCatchEntry_New.php
2 Dec 2019 10:32:08|20|shiji@forstarfoods.com|DailyCatchEntry_New.php
2 Dec 2019 10:32:09|20|shiji@forstarfoods.com|DailyCatchEntry_New.php
2 Dec 2019 10:32:11|20|shiji@forstarfoods.com|DailyCatchEntry_New.php
2 Dec 2019 10:32:14|20|shiji@forstarfoods.com|DailyCatchEntry_New.php
2 Dec 2019 10:32:19|20|shiji@forstarfoods.com|DailyCatchEntry_New.php
2 Dec 2019 10:32:20|20|shiji@forstarfoods.com|CatchEntryDeclaredItem.php
2 Dec 2019 10:32:38|20|shiji@forstarfoods.com|DailyCatchEntry_New.php
2 Dec 2019 10:32:42|20|shiji@forstarfoods.com|DailyCatchEntry_New.php
2 Dec 2019 10:32:43|20|shiji@forstarfoods.com|DailyCatchEntry_New.php
2 Dec 2019 10:32:48|20|shiji@forstarfoods.com|DailyCatchEntry_New.php
2 Dec 2019 10:32:50|20|shiji@forstarfoods.com|DailyCatchEntry_New.php
2 Dec 2019 10:32:54|20|shiji@forstarfoods.com|DailyCatchEntry_New.php
2 Dec 2019 10:32:56|20|shiji@forstarfoods.com|DailyCatchEntry_New.php
2 Dec 2019 10:32:57|20|shiji@forstarfoods.com|DailyCatchEntry_New.php
2 Dec 2019 10:32:58|20|shiji@forstarfoods.com|DailyCatchEntry_New.php
2 Dec 2019 10:32:59|20|shiji@forstarfoods.com|DailyCatchEntry_New.php
2 Dec 2019 10:33:00|20|shiji@forstarfoods.com|DailyCatchEntry_New.php
2 Dec 2019 10:33:02|20|shiji@forstarfoods.com|DailyCatchEntry_New.php
2 Dec 2019 10:33:03|20|shiji@forstarfoods.com|DailyCatchEntry_New.php
2 Dec 2019 10:33:04|20|shiji@forstarfoods.com|DailyCatchEntry_New.php
2 Dec 2019 10:33:05|20|shiji@forstarfoods.com|DailyCatchEntry_New.php
2 Dec 2019 10:33:07|20|shiji@forstarfoods.com|DailyCatchEntry_New.php
2 Dec 2019 10:33:08|20|shiji@forstarfoods.com|DailyCatchEntry_New.php
2 Dec 2019 10:33:09|20|shiji@forstarfoods.com|DailyCatchEntry_New.php
2 Dec 2019 10:33:10|20|shiji@forstarfoods.com|DailyCatchEntry_New.php
2 Dec 2019 10:33:12|20|shiji@forstarfoods.com|DailyCatchEntry_New.php
2 Dec 2019 10:33:13|20|shiji@forstarfoods.com|DailyCatchEntry_New.php
2 Dec 2019 10:33:14|20|shiji@forstarfoods.com|DailyCatchEntry_New.php
2 Dec 2019 10:33:15|20|shiji@forstarfoods.com|DailyCatchEntry_New.php
2 Dec 2019 10:33:17|20|shiji@forstarfoods.com|DailyCatchEntry_New.php
2 Dec 2019 10:33:18|20|shiji@forstarfoods.com|DailyCatchEntry_New.php
2 Dec 2019 10:33:19|20|shiji@forstarfoods.com|DailyCatchEntry_New.php
2 Dec 2019 10:33:20|20|shiji@forstarfoods.com|DailyCatchEntry_New.php
2 Dec 2019 10:33:22|20|shiji@forstarfoods.com|DailyCatchEntry_New.php
2 Dec 2019 10:33:23|20|shiji@forstarfoods.com|DailyCatchEntry_New.php
2 Dec 2019 10:33:24|20|shiji@forstarfoods.com|DailyCatchEntry_New.php
2 Dec 2019 10:33:25|20|shiji@forstarfoods.com|DailyCatchEntry_New.php
2 Dec 2019 10:33:27|20|shiji@forstarfoods.com|DailyCatchEntry_New.php
2 Dec 2019 10:33:28|20|shiji@forstarfoods.com|DailyCatchEntry_New.php
2 Dec 2019 10:33:29|20|shiji@forstarfoods.com|DailyCatchEntry_New.php
2 Dec 2019 10:33:30|20|shiji@forstarfoods.com|DailyCatchEntry_New.php
2 Dec 2019 10:33:32|20|shiji@forstarfoods.com|DailyCatchEntry_New.php
2 Dec 2019 10:33:33|20|shiji@forstarfoods.com|DailyCatchEntry_New.php
2 Dec 2019 10:33:45|20|shiji@forstarfoods.com|DailyCatchEntry_New.php
2 Dec 2019 10:33:49|20|shiji@forstarfoods.com|DailyCatchEntry_New.php
2 Dec 2019 10:33:50|20|shiji@forstarfoods.com|CatchEntryDeclaredItem.php
2 Dec 2019 10:33:52|20|shiji@forstarfoods.com|DailyCatchEntry_New.php
2 Dec 2019 10:33:53|20|shiji@forstarfoods.com|DailyCatchEntry_New.php
2 Dec 2019 10:33:54|20|shiji@forstarfoods.com|DailyCatchEntry_New.php
2 Dec 2019 10:33:59|20|shiji@forstarfoods.com|DailyCatchEntry_New.php
2 Dec 2019 10:34:03|20|shiji@forstarfoods.com|DailyCatchEntry_New.php
2 Dec 2019 10:34:04|20|shiji@forstarfoods.com|CatchEntryDeclaredItem.php
2 Dec 2019 10:34:15|20|shiji@forstarfoods.com|DailyCatchEntry_New.php
2 Dec 2019 10:34:20|20|shiji@forstarfoods.com|DailyCatchEntry_New.php
2 Dec 2019 10:34:24|20|shiji@forstarfoods.com|DailyCatchEntry_New.php
2 Dec 2019 10:34:41|20|shiji@forstarfoods.com|DailyCatchEntry_New.php
2 Dec 2019 10:34:42|20|shiji@forstarfoods.com|DailyCatchEntry_New.php
2 Dec 2019 10:34:46|20|shiji@forstarfoods.com|DailyCatchEntry_New.php
2 Dec 2019 10:34:47|20|shiji@forstarfoods.com|DailyCatchEntry_New.php
2 Dec 2019 10:34:48|20|shiji@forstarfoods.com|DailyCatchEntry_New.php
2 Dec 2019 10:34:50|20|shiji@forstarfoods.com|DailyCatchEntry_New.php
2 Dec 2019 10:34:51|20|shiji@forstarfoods.com|DailyCatchEntry_New.php
2 Dec 2019 10:34:52|20|shiji@forstarfoods.com|DailyCatchEntry_New.php
2 Dec 2019 10:34:53|20|shiji@forstarfoods.com|DailyCatchEntry_New.php
2 Dec 2019 10:34:55|20|shiji@forstarfoods.com|DailyCatchEntry_New.php
2 Dec 2019 10:34:56|20|shiji@forstarfoods.com|DailyCatchEntry_New.php
2 Dec 2019 10:34:57|20|shiji@forstarfoods.com|DailyCatchEntry_New.php
2 Dec 2019 10:34:58|20|shiji@forstarfoods.com|DailyCatchEntry_New.php
2 Dec 2019 10:35:00|20|shiji@forstarfoods.com|DailyCatchEntry_New.php
2 Dec 2019 10:35:01|20|shiji@forstarfoods.com|DailyCatchEntry_New.php
2 Dec 2019 10:35:02|20|shiji@forstarfoods.com|DailyCatchEntry_New.php
2 Dec 2019 10:35:03|20|shiji@forstarfoods.com|DailyCatchEntry_New.php
2 Dec 2019 10:35:04|20|shiji@forstarfoods.com|DailyCatchEntry_New.php
2 Dec 2019 10:35:06|20|shiji@forstarfoods.com|DailyCatchEntry_New.php
2 Dec 2019 10:35:07|20|shiji@forstarfoods.com|DailyCatchEntry_New.php
2 Dec 2019 10:35:08|20|shiji@forstarfoods.com|DailyCatchEntry_New.php
2 Dec 2019 10:35:09|20|shiji@forstarfoods.com|DailyCatchEntry_New.php
2 Dec 2019 10:35:11|20|shiji@forstarfoods.com|DailyCatchEntry_New.php
2 Dec 2019 10:35:12|20|shiji@forstarfoods.com|DailyCatchEntry_New.php
2 Dec 2019 10:35:13|20|shiji@forstarfoods.com|DailyCatchEntry_New.php
2 Dec 2019 10:35:14|20|shiji@forstarfoods.com|DailyCatchEntry_New.php
2 Dec 2019 10:35:16|20|shiji@forstarfoods.com|DailyCatchEntry_New.php
2 Dec 2019 10:35:17|20|shiji@forstarfoods.com|DailyCatchEntry_New.php
2 Dec 2019 10:35:18|20|shiji@forstarfoods.com|DailyCatchEntry_New.php
2 Dec 2019 10:35:19|20|shiji@forstarfoods.com|DailyCatchEntry_New.php
2 Dec 2019 10:35:21|20|shiji@forstarfoods.com|DailyCatchEntry_New.php
2 Dec 2019 10:35:22|20|shiji@forstarfoods.com|DailyCatchEntry_New.php
2 Dec 2019 10:35:23|20|shiji@forstarfoods.com|DailyCatchEntry_New.php
2 Dec 2019 10:35:24|20|shiji@forstarfoods.com|DailyCatchEntry_New.php
2 Dec 2019 10:35:52|20|shiji@forstarfoods.com|DailyCatchEntry_New.php
2 Dec 2019 10:35:55|20|shiji@forstarfoods.com|DailyCatchEntry_New.php
2 Dec 2019 10:35:56|20|shiji@forstarfoods.com|CatchEntryDeclaredItem.php
2 Dec 2019 10:35:58|20|shiji@forstarfoods.com|DailyCatchEntry_New.php
2 Dec 2019 10:35:59|20|shiji@forstarfoods.com|DailyCatchEntry_New.php
2 Dec 2019 10:36:00|20|shiji@forstarfoods.com|DailyCatchEntry_New.php
2 Dec 2019 10:36:01|20|shiji@forstarfoods.com|DailyCatchEntry_New.php
2 Dec 2019 10:36:05|20|shiji@forstarfoods.com|DailyCatchEntry_New.php
2 Dec 2019 10:36:06|20|shiji@forstarfoods.com|CatchEntryDeclaredItem.php
2 Dec 2019 10:36:19|20|shiji@forstarfoods.com|DailyCatchEntry_New.php
2 Dec 2019 10:36:22|20|shiji@forstarfoods.com|DailyCatchEntry_New.php
2 Dec 2019 10:36:25|20|shiji@forstarfoods.com|DailyCatchEntry_New.php
2 Dec 2019 10:36:27|20|shiji@forstarfoods.com|DailyCatchEntry_New.php
2 Dec 2019 10:36:28|20|shiji@forstarfoods.com|DailyCatchEntry_New.php
2 Dec 2019 10:36:30|20|shiji@forstarfoods.com|DailyCatchEntry_New.php
2 Dec 2019 10:36:31|20|shiji@forstarfoods.com|DailyCatchEntry_New.php
2 Dec 2019 10:36:32|20|shiji@forstarfoods.com|DailyCatchEntry_New.php
2 Dec 2019 10:36:33|20|shiji@forstarfoods.com|DailyCatchEntry_New.php
2 Dec 2019 10:36:35|20|shiji@forstarfoods.com|DailyCatchEntry_New.php
2 Dec 2019 10:36:36|20|shiji@forstarfoods.com|DailyCatchEntry_New.php
2 Dec 2019 10:36:37|20|shiji@forstarfoods.com|DailyCatchEntry_New.php
2 Dec 2019 10:36:38|20|shiji@forstarfoods.com|DailyCatchEntry_New.php
2 Dec 2019 10:36:39|20|shiji@forstarfoods.com|DailyCatchEntry_New.php
2 Dec 2019 10:36:41|20|shiji@forstarfoods.com|DailyCatchEntry_New.php
2 Dec 2019 10:36:42|20|shiji@forstarfoods.com|DailyCatchEntry_New.php
2 Dec 2019 10:36:43|20|shiji@forstarfoods.com|DailyCatchEntry_New.php
2 Dec 2019 10:36:44|20|shiji@forstarfoods.com|DailyCatchEntry_New.php
2 Dec 2019 10:36:46|20|shiji@forstarfoods.com|DailyCatchEntry_New.php
2 Dec 2019 10:39:16|20|shiji@forstarfoods.com|DailyCatchEntry_New.php
2 Dec 2019 10:41:09|20|shiji@forstarfoods.com|DailyCatchEntry_New.php
2 Dec 2019 10:41:14|20|shiji@forstarfoods.com|DailyCatchEntry_New.php
2 Dec 2019 10:41:17|20|shiji@forstarfoods.com|CatchEntryDeclaredItem.php
2 Dec 2019 10:44:17|20|shiji@forstarfoods.com|DailyCatchEntry_New.php
2 Dec 2019 10:45:03|30|pritirm@forstarfoods.com|Home.php
2 Dec 2019 10:45:05|20|shiji@forstarfoods.com|DailyCatchEntry_New.php
2 Dec 2019 10:45:06|20|shiji@forstarfoods.com|DailyCatchEntry_New.php
2 Dec 2019 10:45:08|20|shiji@forstarfoods.com|DailyCatchEntry_New.php
2 Dec 2019 10:45:11|20|shiji@forstarfoods.com|DailyCatchEntry_New.php
2 Dec 2019 10:45:16|20|shiji@forstarfoods.com|DailyCatchEntry_New.php
2 Dec 2019 10:45:17|20|shiji@forstarfoods.com|CatchEntryDeclaredItem.php
2 Dec 2019 10:45:36|20|shiji@forstarfoods.com|DailyCatchEntry_New.php
2 Dec 2019 10:45:38|20|shiji@forstarfoods.com|DailyCatchEntry_New.php
2 Dec 2019 10:45:41|20|shiji@forstarfoods.com|DailyCatchEntry_New.php
2 Dec 2019 10:45:42|30|pritirm@forstarfoods.com|DailyCatchEntry_New.php
2 Dec 2019 10:45:57|20|shiji@forstarfoods.com|DailyCatchEntry_New.php
2 Dec 2019 10:45:58|20|shiji@forstarfoods.com|DailyCatchEntry_New.php
2 Dec 2019 10:45:59|20|shiji@forstarfoods.com|DailyCatchEntry_New.php
2 Dec 2019 10:46:01|20|shiji@forstarfoods.com|DailyCatchEntry_New.php
2 Dec 2019 10:46:02|20|shiji@forstarfoods.com|DailyCatchEntry_New.php
2 Dec 2019 10:46:03|20|shiji@forstarfoods.com|DailyCatchEntry_New.php
2 Dec 2019 10:46:04|20|shiji@forstarfoods.com|DailyCatchEntry_New.php
2 Dec 2019 10:46:06|20|shiji@forstarfoods.com|DailyCatchEntry_New.php
2 Dec 2019 10:46:07|20|shiji@forstarfoods.com|DailyCatchEntry_New.php
2 Dec 2019 10:46:08|20|shiji@forstarfoods.com|DailyCatchEntry_New.php
2 Dec 2019 10:46:09|20|shiji@forstarfoods.com|DailyCatchEntry_New.php
2 Dec 2019 10:46:11|20|shiji@forstarfoods.com|DailyCatchEntry_New.php
2 Dec 2019 10:46:12|20|shiji@forstarfoods.com|DailyCatchEntry_New.php
2 Dec 2019 10:46:13|20|shiji@forstarfoods.com|DailyCatchEntry_New.php
2 Dec 2019 10:46:14|20|shiji@forstarfoods.com|DailyCatchEntry_New.php
2 Dec 2019 10:46:16|20|shiji@forstarfoods.com|DailyCatchEntry_New.php
2 Dec 2019 10:46:17|20|shiji@forstarfoods.com|DailyCatchEntry_New.php
2 Dec 2019 10:46:18|20|shiji@forstarfoods.com|DailyCatchEntry_New.php
2 Dec 2019 10:46:19|20|shiji@forstarfoods.com|DailyCatchEntry_New.php
2 Dec 2019 10:46:20|20|shiji@forstarfoods.com|DailyCatchEntry_New.php
2 Dec 2019 10:46:22|20|shiji@forstarfoods.com|DailyCatchEntry_New.php
2 Dec 2019 10:46:23|20|shiji@forstarfoods.com|DailyCatchEntry_New.php
2 Dec 2019 10:46:24|20|shiji@forstarfoods.com|DailyCatchEntry_New.php
2 Dec 2019 10:46:25|20|shiji@forstarfoods.com|DailyCatchEntry_New.php
2 Dec 2019 10:46:27|20|shiji@forstarfoods.com|DailyCatchEntry_New.php
2 Dec 2019 10:46:28|20|shiji@forstarfoods.com|DailyCatchEntry_New.php
2 Dec 2019 10:46:29|20|shiji@forstarfoods.com|DailyCatchEntry_New.php
2 Dec 2019 10:46:30|20|shiji@forstarfoods.com|DailyCatchEntry_New.php
2 Dec 2019 10:46:55|20|shiji@forstarfoods.com|DailyCatchEntry_New.php
2 Dec 2019 10:47:23|20|shiji@forstarfoods.com|DailyCatchEntry_New.php
2 Dec 2019 10:47:25|20|shiji@forstarfoods.com|DailyCatchEntry_New.php
2 Dec 2019 10:47:26|30|pritirm@forstarfoods.com|DailyCatchEntry_New.php
2 Dec 2019 10:47:26|20|shiji@forstarfoods.com|DailyCatchEntry_New.php
2 Dec 2019 10:47:27|30|pritirm@forstarfoods.com|DailyCatchEntry_New.php
2 Dec 2019 10:47:29|30|pritirm@forstarfoods.com|DailyCatchEntry_New.php
2 Dec 2019 10:47:29|20|shiji@forstarfoods.com|DailyCatchEntry_New.php
2 Dec 2019 10:47:30|30|pritirm@forstarfoods.com|DailyCatchEntry_New.php
2 Dec 2019 10:47:31|20|shiji@forstarfoods.com|DailyCatchEntry_New.php
2 Dec 2019 10:47:31|30|pritirm@forstarfoods.com|CatchEntryDeclaredItem.php
2 Dec 2019 10:47:32|30|pritirm@forstarfoods.com|DailyCatchEntry_New.php
2 Dec 2019 10:47:32|20|shiji@forstarfoods.com|DailyCatchEntry_New.php
2 Dec 2019 10:47:34|20|shiji@forstarfoods.com|DailyCatchEntry_New.php
2 Dec 2019 10:47:35|20|shiji@forstarfoods.com|CatchEntryDeclaredItem.php
2 Dec 2019 10:47:36|20|shiji@forstarfoods.com|DailyCatchEntry_New.php
2 Dec 2019 10:47:39|20|shiji@forstarfoods.com|DailyCatchEntry_New.php
2 Dec 2019 10:47:40|20|shiji@forstarfoods.com|DailyCatchEntry_New.php
2 Dec 2019 10:47:42|20|shiji@forstarfoods.com|DailyCatchEntry_New.php
2 Dec 2019 10:47:43|20|shiji@forstarfoods.com|DailyCatchEntry_New.php
2 Dec 2019 10:47:44|20|shiji@forstarfoods.com|DailyCatchEntry_New.php
2 Dec 2019 10:47:47|20|shiji@forstarfoods.com|DailyCatchEntry_New.php
2 Dec 2019 10:47:48|20|shiji@forstarfoods.com|DailyCatchEntry_New.php
2 Dec 2019 10:47:50|20|shiji@forstarfoods.com|DailyCatchEntry_New.php
2 Dec 2019 10:48:01|20|shiji@forstarfoods.com|DailyCatchEntry_New.php
2 Dec 2019 10:48:04|20|shiji@forstarfoods.com|DailyCatchEntry_New.php
2 Dec 2019 10:48:06|20|shiji@forstarfoods.com|CatchEntryDeclaredItem.php
2 Dec 2019 10:48:38|30|pritirm@forstarfoods.com|DailyCatchEntry_New.php
2 Dec 2019 10:48:39|30|pritirm@forstarfoods.com|DailyCatchEntry_New.php
2 Dec 2019 10:48:40|20|shiji@forstarfoods.com|DailyCatchEntry_New.php
2 Dec 2019 10:48:40|30|pritirm@forstarfoods.com|DailyCatchEntry_New.php
2 Dec 2019 10:48:42|30|pritirm@forstarfoods.com|DailyCatchEntry_New.php
2 Dec 2019 10:48:43|30|pritirm@forstarfoods.com|DailyCatchEntry_New.php
2 Dec 2019 10:48:43|20|shiji@forstarfoods.com|DailyCatchEntry_New.php
2 Dec 2019 10:48:44|20|shiji@forstarfoods.com|DailyCatchEntry_New.php
2 Dec 2019 10:48:46|30|pritirm@forstarfoods.com|DailyCatchEntry_New.php
2 Dec 2019 10:48:47|20|shiji@forstarfoods.com|DailyCatchEntry_New.php
2 Dec 2019 10:48:47|30|pritirm@forstarfoods.com|DailyCatchEntry_New.php
2 Dec 2019 10:48:49|30|pritirm@forstarfoods.com|DailyCatchEntry_New.php
2 Dec 2019 10:48:50|20|shiji@forstarfoods.com|DailyCatchEntry_New.php
2 Dec 2019 10:48:53|20|shiji@forstarfoods.com|DailyCatchEntry_New.php
2 Dec 2019 10:48:54|20|shiji@forstarfoods.com|DailyCatchEntry_New.php
2 Dec 2019 10:48:56|20|shiji@forstarfoods.com|DailyCatchEntry_New.php
2 Dec 2019 10:48:56|30|pritirm@forstarfoods.com|DailyCatchEntry_New.php
2 Dec 2019 10:48:57|20|shiji@forstarfoods.com|DailyCatchEntry_New.php
2 Dec 2019 10:48:58|20|shiji@forstarfoods.com|DailyCatchEntry_New.php
2 Dec 2019 10:48:59|20|shiji@forstarfoods.com|DailyCatchEntry_New.php
2 Dec 2019 10:49:00|20|shiji@forstarfoods.com|DailyCatchEntry_New.php
2 Dec 2019 10:49:02|20|shiji@forstarfoods.com|DailyCatchEntry_New.php
2 Dec 2019 10:49:03|20|shiji@forstarfoods.com|DailyCatchEntry_New.php
2 Dec 2019 10:49:04|20|shiji@forstarfoods.com|DailyCatchEntry_New.php
2 Dec 2019 10:49:05|20|shiji@forstarfoods.com|DailyCatchEntry_New.php
2 Dec 2019 10:49:07|20|shiji@forstarfoods.com|DailyCatchEntry_New.php
2 Dec 2019 10:49:08|20|shiji@forstarfoods.com|DailyCatchEntry_New.php
2 Dec 2019 10:49:09|20|shiji@forstarfoods.com|DailyCatchEntry_New.php
2 Dec 2019 10:49:10|20|shiji@forstarfoods.com|DailyCatchEntry_New.php
2 Dec 2019 10:49:12|20|shiji@forstarfoods.com|DailyCatchEntry_New.php
2 Dec 2019 10:49:13|20|shiji@forstarfoods.com|DailyCatchEntry_New.php
2 Dec 2019 10:49:21|20|shiji@forstarfoods.com|DailyCatchEntry_New.php
2 Dec 2019 10:49:22|20|shiji@forstarfoods.com|CatchEntryDeclaredItem.php
2 Dec 2019 10:49:24|20|shiji@forstarfoods.com|DailyCatchEntry_New.php
2 Dec 2019 10:49:26|20|shiji@forstarfoods.com|DailyCatchEntry_New.php
2 Dec 2019 10:49:28|20|shiji@forstarfoods.com|DailyCatchEntry_New.php
2 Dec 2019 10:49:30|20|shiji@forstarfoods.com|DailyCatchEntry_New.php
2 Dec 2019 10:49:31|20|shiji@forstarfoods.com|DailyCatchEntry_New.php
2 Dec 2019 10:49:31|30|pritirm@forstarfoods.com|DailyCatchEntry_New.php
2 Dec 2019 10:49:32|20|shiji@forstarfoods.com|DailyCatchEntry_New.php
2 Dec 2019 10:49:33|30|pritirm@forstarfoods.com|CatchEntryDeclaredItem.php
2 Dec 2019 10:49:33|20|shiji@forstarfoods.com|DailyCatchEntry_New.php
2 Dec 2019 10:49:34|20|shiji@forstarfoods.com|DailyCatchEntry_New.php
2 Dec 2019 10:49:36|20|shiji@forstarfoods.com|DailyCatchEntry_New.php
2 Dec 2019 10:49:37|20|shiji@forstarfoods.com|DailyCatchEntry_New.php
2 Dec 2019 10:49:38|20|shiji@forstarfoods.com|DailyCatchEntry_New.php
2 Dec 2019 10:49:39|30|pritirm@forstarfoods.com|DailyCatchEntry_New.php
2 Dec 2019 10:49:39|20|shiji@forstarfoods.com|DailyCatchEntry_New.php
2 Dec 2019 10:49:41|20|shiji@forstarfoods.com|DailyCatchEntry_New.php
2 Dec 2019 10:49:42|30|pritirm@forstarfoods.com|DailyCatchEntry_New.php
2 Dec 2019 10:49:42|20|shiji@forstarfoods.com|DailyCatchEntry_New.php
2 Dec 2019 10:49:43|30|pritirm@forstarfoods.com|DailyCatchEntry_New.php
2 Dec 2019 10:49:43|20|shiji@forstarfoods.com|DailyCatchEntry_New.php
2 Dec 2019 10:49:44|20|shiji@forstarfoods.com|DailyCatchEntry_New.php
2 Dec 2019 10:49:46|20|shiji@forstarfoods.com|DailyCatchEntry_New.php
2 Dec 2019 10:49:47|20|shiji@forstarfoods.com|DailyCatchEntry_New.php
2 Dec 2019 10:49:48|20|shiji@forstarfoods.com|DailyCatchEntry_New.php
2 Dec 2019 10:49:49|20|shiji@forstarfoods.com|DailyCatchEntry_New.php
2 Dec 2019 10:49:51|20|shiji@forstarfoods.com|DailyCatchEntry_New.php
2 Dec 2019 10:49:52|20|shiji@forstarfoods.com|DailyCatchEntry_New.php
2 Dec 2019 10:49:53|20|shiji@forstarfoods.com|DailyCatchEntry_New.php
2 Dec 2019 10:49:54|20|shiji@forstarfoods.com|DailyCatchEntry_New.php
2 Dec 2019 10:49:55|20|shiji@forstarfoods.com|DailyCatchEntry_New.php
2 Dec 2019 10:49:57|20|shiji@forstarfoods.com|DailyCatchEntry_New.php
2 Dec 2019 10:49:58|20|shiji@forstarfoods.com|DailyCatchEntry_New.php
2 Dec 2019 10:50:00|20|shiji@forstarfoods.com|DailyCatchEntry_New.php
2 Dec 2019 10:50:02|20|shiji@forstarfoods.com|CatchEntryDeclaredItem.php
2 Dec 2019 10:50:03|20|shiji@forstarfoods.com|DailyCatchEntry_New.php
2 Dec 2019 10:50:04|20|shiji@forstarfoods.com|DailyCatchEntry_New.php
2 Dec 2019 10:50:06|20|shiji@forstarfoods.com|DailyCatchEntry_New.php
2 Dec 2019 10:50:09|20|shiji@forstarfoods.com|DailyCatchEntry_New.php
2 Dec 2019 10:50:10|30|pritirm@forstarfoods.com|DailyCatchEntry_New.php
2 Dec 2019 10:50:12|30|pritirm@forstarfoods.com|DailyCatchEntry_New.php
2 Dec 2019 10:50:16|20|shiji@forstarfoods.com|DailyCatchEntry_New.php
2 Dec 2019 10:50:17|20|shiji@forstarfoods.com|CatchEntryDeclaredItem.php
2 Dec 2019 10:50:18|30|pritirm@forstarfoods.com|DailyCatchEntry_New.php
2 Dec 2019 10:50:19|30|pritirm@forstarfoods.com|DailyCatchEntry_New.php
2 Dec 2019 10:50:20|30|pritirm@forstarfoods.com|DailyCatchEntry_New.php
2 Dec 2019 10:50:20|20|shiji@forstarfoods.com|DailyCatchEntry_New.php
2 Dec 2019 10:50:21|30|pritirm@forstarfoods.com|DailyCatchEntry_New.php
2 Dec 2019 10:50:22|30|pritirm@forstarfoods.com|DailyCatchEntry_New.php
2 Dec 2019 10:50:24|30|pritirm@forstarfoods.com|DailyCatchEntry_New.php
2 Dec 2019 10:50:27|20|shiji@forstarfoods.com|DailyCatchEntry_New.php
2 Dec 2019 10:50:28|20|shiji@forstarfoods.com|CatchEntryDeclaredItem.php
2 Dec 2019 10:50:42|30|pritirm@forstarfoods.com|DailyCatchEntry_New.php
2 Dec 2019 10:50:42|20|shiji@forstarfoods.com|DailyCatchEntry_New.php
2 Dec 2019 10:50:45|30|pritirm@forstarfoods.com|DailyCatchEntry_New.php
2 Dec 2019 10:50:45|20|shiji@forstarfoods.com|DailyCatchEntry_New.php
2 Dec 2019 10:50:46|30|pritirm@forstarfoods.com|CatchEntryDeclaredItem.php
2 Dec 2019 10:50:47|20|shiji@forstarfoods.com|DailyCatchEntry_New.php
2 Dec 2019 10:50:49|20|shiji@forstarfoods.com|DailyCatchEntry_New.php
2 Dec 2019 10:50:50|20|shiji@forstarfoods.com|DailyCatchEntry_New.php
2 Dec 2019 10:50:51|30|pritirm@forstarfoods.com|DailyCatchEntry_New.php
2 Dec 2019 10:50:52|20|shiji@forstarfoods.com|DailyCatchEntry_New.php
2 Dec 2019 10:50:52|30|pritirm@forstarfoods.com|DailyCatchEntry_New.php
2 Dec 2019 10:50:53|20|shiji@forstarfoods.com|DailyCatchEntry_New.php
2 Dec 2019 10:50:54|20|shiji@forstarfoods.com|DailyCatchEntry_New.php
2 Dec 2019 10:50:54|30|pritirm@forstarfoods.com|DailyCatchEntry_New.php
2 Dec 2019 10:50:55|20|shiji@forstarfoods.com|DailyCatchEntry_New.php
2 Dec 2019 10:50:56|30|pritirm@forstarfoods.com|DailyCatchEntry_New.php
2 Dec 2019 10:50:57|20|shiji@forstarfoods.com|DailyCatchEntry_New.php
2 Dec 2019 10:50:57|30|pritirm@forstarfoods.com|DailyCatchEntry_New.php
2 Dec 2019 10:50:58|20|shiji@forstarfoods.com|DailyCatchEntry_New.php
2 Dec 2019 10:50:58|30|pritirm@forstarfoods.com|DailyCatchEntry_New.php
2 Dec 2019 10:50:59|20|shiji@forstarfoods.com|DailyCatchEntry_New.php
2 Dec 2019 10:50:59|30|pritirm@forstarfoods.com|DailyCatchEntry_New.php
2 Dec 2019 10:51:00|20|shiji@forstarfoods.com|DailyCatchEntry_New.php
2 Dec 2019 10:51:01|30|pritirm@forstarfoods.com|DailyCatchEntry_New.php
2 Dec 2019 10:51:01|20|shiji@forstarfoods.com|DailyCatchEntry_New.php
2 Dec 2019 10:51:02|30|pritirm@forstarfoods.com|DailyCatchEntry_New.php
2 Dec 2019 10:51:03|20|shiji@forstarfoods.com|DailyCatchEntry_New.php
2 Dec 2019 10:51:04|20|shiji@forstarfoods.com|DailyCatchEntry_New.php
2 Dec 2019 10:51:04|30|pritirm@forstarfoods.com|DailyCatchEntry_New.php
2 Dec 2019 10:51:05|20|shiji@forstarfoods.com|DailyCatchEntry_New.php
2 Dec 2019 10:51:06|30|pritirm@forstarfoods.com|CatchEntryDeclaredItem.php
2 Dec 2019 10:51:06|20|shiji@forstarfoods.com|DailyCatchEntry_New.php
2 Dec 2019 10:51:08|20|shiji@forstarfoods.com|DailyCatchEntry_New.php
2 Dec 2019 10:51:08|30|pritirm@forstarfoods.com|DailyCatchEntry_New.php
2 Dec 2019 10:51:09|20|shiji@forstarfoods.com|DailyCatchEntry_New.php
2 Dec 2019 10:51:11|30|pritirm@forstarfoods.com|DailyCatchEntry_New.php
2 Dec 2019 10:51:13|30|pritirm@forstarfoods.com|DailyCatchEntry_New.php
2 Dec 2019 10:51:15|30|pritirm@forstarfoods.com|DailyCatchEntry_New.php
2 Dec 2019 10:51:16|30|pritirm@forstarfoods.com|DailyCatchEntry_New.php
2 Dec 2019 10:51:17|30|pritirm@forstarfoods.com|DailyCatchEntry_New.php
2 Dec 2019 10:51:18|30|pritirm@forstarfoods.com|DailyCatchEntry_New.php
2 Dec 2019 10:51:20|30|pritirm@forstarfoods.com|DailyCatchEntry_New.php
2 Dec 2019 10:51:21|30|pritirm@forstarfoods.com|DailyCatchEntry_New.php
2 Dec 2019 10:51:23|30|pritirm@forstarfoods.com|DailyCatchEntry_New.php
2 Dec 2019 10:51:24|20|shiji@forstarfoods.com|DailyCatchEntry_New.php
2 Dec 2019 10:51:24|30|pritirm@forstarfoods.com|CatchEntryDeclaredItem.php
2 Dec 2019 10:51:27|20|shiji@forstarfoods.com|DailyCatchEntry_New.php
2 Dec 2019 10:51:28|20|shiji@forstarfoods.com|DailyCatchEntry_New.php
2 Dec 2019 10:51:29|30|pritirm@forstarfoods.com|DailyCatchEntry_New.php
2 Dec 2019 10:51:31|20|shiji@forstarfoods.com|DailyCatchEntry_New.php
2 Dec 2019 10:51:31|30|pritirm@forstarfoods.com|DailyCatchEntry_New.php
2 Dec 2019 10:51:33|20|shiji@forstarfoods.com|DailyCatchEntry_New.php
2 Dec 2019 10:51:34|30|pritirm@forstarfoods.com|DailyCatchEntry_New.php
2 Dec 2019 10:51:34|20|shiji@forstarfoods.com|DailyCatchEntry_New.php
2 Dec 2019 10:51:35|30|pritirm@forstarfoods.com|DailyCatchEntry_New.php
2 Dec 2019 10:51:35|20|shiji@forstarfoods.com|DailyCatchEntry_New.php
2 Dec 2019 10:51:36|30|pritirm@forstarfoods.com|DailyCatchEntry_New.php
2 Dec 2019 10:51:36|20|shiji@forstarfoods.com|CatchEntryDeclaredItem.php
2 Dec 2019 10:51:37|30|pritirm@forstarfoods.com|DailyCatchEntry_New.php
2 Dec 2019 10:51:37|20|shiji@forstarfoods.com|DailyCatchEntry_New.php
2 Dec 2019 10:51:38|30|pritirm@forstarfoods.com|DailyCatchEntry_New.php
2 Dec 2019 10:51:39|20|shiji@forstarfoods.com|DailyCatchEntry_New.php
2 Dec 2019 10:51:40|30|pritirm@forstarfoods.com|DailyCatchEntry_New.php
2 Dec 2019 10:51:40|20|shiji@forstarfoods.com|DailyCatchEntry_New.php
2 Dec 2019 10:51:41|30|pritirm@forstarfoods.com|DailyCatchEntry_New.php
2 Dec 2019 10:51:41|20|shiji@forstarfoods.com|DailyCatchEntry_New.php
2 Dec 2019 10:51:43|30|pritirm@forstarfoods.com|DailyCatchEntry_New.php
2 Dec 2019 10:51:44|30|pritirm@forstarfoods.com|CatchEntryDeclaredItem.php
2 Dec 2019 10:51:46|20|shiji@forstarfoods.com|DailyCatchEntry_New.php
2 Dec 2019 10:51:47|30|pritirm@forstarfoods.com|DailyCatchEntry_New.php
2 Dec 2019 10:51:49|20|shiji@forstarfoods.com|DailyCatchEntry_New.php
2 Dec 2019 10:51:49|30|pritirm@forstarfoods.com|DailyCatchEntry_New.php
2 Dec 2019 10:51:50|20|shiji@forstarfoods.com|CatchEntryDeclaredItem.php
2 Dec 2019 10:51:51|30|pritirm@forstarfoods.com|DailyCatchEntry_New.php
2 Dec 2019 10:51:53|30|pritirm@forstarfoods.com|DailyCatchEntry_New.php
2 Dec 2019 10:51:54|30|pritirm@forstarfoods.com|DailyCatchEntry_New.php
2 Dec 2019 10:51:55|30|pritirm@forstarfoods.com|DailyCatchEntry_New.php
2 Dec 2019 10:51:56|30|pritirm@forstarfoods.com|DailyCatchEntry_New.php
2 Dec 2019 10:51:58|30|pritirm@forstarfoods.com|DailyCatchEntry_New.php
2 Dec 2019 10:51:59|30|pritirm@forstarfoods.com|DailyCatchEntry_New.php
2 Dec 2019 10:52:02|30|pritirm@forstarfoods.com|DailyCatchEntry_New.php
2 Dec 2019 10:52:03|30|pritirm@forstarfoods.com|CatchEntryDeclaredItem.php
2 Dec 2019 10:52:08|20|shiji@forstarfoods.com|DailyCatchEntry_New.php
2 Dec 2019 10:52:09|30|pritirm@forstarfoods.com|DailyCatchEntry_New.php
2 Dec 2019 10:52:10|30|pritirm@forstarfoods.com|DailyCatchEntry_New.php
2 Dec 2019 10:52:11|20|shiji@forstarfoods.com|DailyCatchEntry_New.php
2 Dec 2019 10:52:11|30|pritirm@forstarfoods.com|DailyCatchEntry_New.php
2 Dec 2019 10:52:12|30|pritirm@forstarfoods.com|DailyCatchEntry_New.php
2 Dec 2019 10:52:13|20|shiji@forstarfoods.com|DailyCatchEntry_New.php
2 Dec 2019 10:52:14|30|pritirm@forstarfoods.com|DailyCatchEntry_New.php
2 Dec 2019 10:52:15|30|pritirm@forstarfoods.com|DailyCatchEntry_New.php
2 Dec 2019 10:52:15|20|shiji@forstarfoods.com|DailyCatchEntry_New.php
2 Dec 2019 10:52:16|30|pritirm@forstarfoods.com|DailyCatchEntry_New.php
2 Dec 2019 10:52:17|20|shiji@forstarfoods.com|DailyCatchEntry_New.php
2 Dec 2019 10:52:17|30|pritirm@forstarfoods.com|DailyCatchEntry_New.php
2 Dec 2019 10:52:18|20|shiji@forstarfoods.com|DailyCatchEntry_New.php
2 Dec 2019 10:52:18|30|pritirm@forstarfoods.com|CatchEntryDeclaredItem.php
2 Dec 2019 10:52:19|20|shiji@forstarfoods.com|DailyCatchEntry_New.php
2 Dec 2019 10:52:20|20|shiji@forstarfoods.com|DailyCatchEntry_New.php
2 Dec 2019 10:52:20|30|pritirm@forstarfoods.com|DailyCatchEntry_New.php
2 Dec 2019 10:52:22|20|shiji@forstarfoods.com|DailyCatchEntry_New.php
2 Dec 2019 10:52:22|30|pritirm@forstarfoods.com|CatchEntryDeclaredItem.php
2 Dec 2019 10:52:23|20|shiji@forstarfoods.com|DailyCatchEntry_New.php
2 Dec 2019 10:52:24|20|shiji@forstarfoods.com|DailyCatchEntry_New.php
2 Dec 2019 10:52:25|20|shiji@forstarfoods.com|DailyCatchEntry_New.php
2 Dec 2019 10:52:27|20|shiji@forstarfoods.com|DailyCatchEntry_New.php
2 Dec 2019 10:52:28|30|pritirm@forstarfoods.com|DailyCatchEntry_New.php
2 Dec 2019 10:52:28|20|shiji@forstarfoods.com|DailyCatchEntry_New.php
2 Dec 2019 10:52:29|20|shiji@forstarfoods.com|DailyCatchEntry_New.php
2 Dec 2019 10:52:30|20|shiji@forstarfoods.com|DailyCatchEntry_New.php
2 Dec 2019 10:52:31|30|pritirm@forstarfoods.com|DailyCatchEntry_New.php
2 Dec 2019 10:52:31|20|shiji@forstarfoods.com|DailyCatchEntry_New.php
2 Dec 2019 10:52:33|20|shiji@forstarfoods.com|DailyCatchEntry_New.php
2 Dec 2019 10:52:34|20|shiji@forstarfoods.com|DailyCatchEntry_New.php
2 Dec 2019 10:52:35|20|shiji@forstarfoods.com|DailyCatchEntry_New.php
2 Dec 2019 10:52:36|20|shiji@forstarfoods.com|DailyCatchEntry_New.php
2 Dec 2019 10:52:38|20|shiji@forstarfoods.com|DailyCatchEntry_New.php
2 Dec 2019 10:52:39|20|shiji@forstarfoods.com|DailyCatchEntry_New.php
2 Dec 2019 10:52:40|20|shiji@forstarfoods.com|DailyCatchEntry_New.php
2 Dec 2019 10:52:41|20|shiji@forstarfoods.com|DailyCatchEntry_New.php
2 Dec 2019 10:52:43|20|shiji@forstarfoods.com|DailyCatchEntry_New.php
2 Dec 2019 10:52:44|20|shiji@forstarfoods.com|DailyCatchEntry_New.php
2 Dec 2019 10:52:45|20|shiji@forstarfoods.com|DailyCatchEntry_New.php
2 Dec 2019 10:52:46|20|shiji@forstarfoods.com|DailyCatchEntry_New.php
2 Dec 2019 10:52:48|20|shiji@forstarfoods.com|DailyCatchEntry_New.php
2 Dec 2019 10:52:49|20|shiji@forstarfoods.com|DailyCatchEntry_New.php
2 Dec 2019 10:52:50|20|shiji@forstarfoods.com|DailyCatchEntry_New.php
2 Dec 2019 10:52:51|20|shiji@forstarfoods.com|DailyCatchEntry_New.php
2 Dec 2019 10:52:52|30|pritirm@forstarfoods.com|DailyCatchEntry_New.php
2 Dec 2019 10:52:53|20|shiji@forstarfoods.com|DailyCatchEntry_New.php
2 Dec 2019 10:52:54|20|shiji@forstarfoods.com|DailyCatchEntry_New.php
2 Dec 2019 10:52:55|20|shiji@forstarfoods.com|DailyCatchEntry_New.php
2 Dec 2019 10:52:56|20|shiji@forstarfoods.com|DailyCatchEntry_New.php
2 Dec 2019 10:52:57|30|pritirm@forstarfoods.com|DailyCatchEntry_New.php
2 Dec 2019 10:52:57|20|shiji@forstarfoods.com|DailyCatchEntry_New.php
2 Dec 2019 10:52:59|20|shiji@forstarfoods.com|DailyCatchEntry_New.php
2 Dec 2019 10:52:59|30|pritirm@forstarfoods.com|DailyCatchEntry_New.php
2 Dec 2019 10:53:02|30|pritirm@forstarfoods.com|DailyCatchEntry_New.php
2 Dec 2019 10:53:03|30|pritirm@forstarfoods.com|DailyCatchEntry_New.php
2 Dec 2019 10:53:04|30|pritirm@forstarfoods.com|DailyCatchEntry_New.php
2 Dec 2019 10:53:05|30|pritirm@forstarfoods.com|DailyCatchEntry_New.php
2 Dec 2019 10:53:07|30|pritirm@forstarfoods.com|DailyCatchEntry_New.php
2 Dec 2019 10:53:08|30|pritirm@forstarfoods.com|DailyCatchEntry_New.php
2 Dec 2019 10:53:09|30|pritirm@forstarfoods.com|DailyCatchEntry_New.php
2 Dec 2019 10:53:11|30|pritirm@forstarfoods.com|DailyCatchEntry_New.php
2 Dec 2019 10:53:13|30|pritirm@forstarfoods.com|CatchEntryDeclaredItem.php
2 Dec 2019 10:53:15|30|pritirm@forstarfoods.com|DailyCatchEntry_New.php
2 Dec 2019 10:53:17|30|pritirm@forstarfoods.com|DailyCatchEntry_New.php
2 Dec 2019 10:53:19|30|pritirm@forstarfoods.com|DailyCatchEntry_New.php
2 Dec 2019 10:53:20|30|pritirm@forstarfoods.com|DailyCatchEntry_New.php
2 Dec 2019 10:53:21|30|pritirm@forstarfoods.com|DailyCatchEntry_New.php
2 Dec 2019 10:53:22|30|pritirm@forstarfoods.com|DailyCatchEntry_New.php
2 Dec 2019 10:53:24|30|pritirm@forstarfoods.com|DailyCatchEntry_New.php
2 Dec 2019 10:53:25|30|pritirm@forstarfoods.com|DailyCatchEntry_New.php
2 Dec 2019 10:53:26|30|pritirm@forstarfoods.com|DailyCatchEntry_New.php
2 Dec 2019 10:53:29|30|pritirm@forstarfoods.com|DailyCatchEntry_New.php
2 Dec 2019 10:53:30|30|pritirm@forstarfoods.com|CatchEntryDeclaredItem.php
2 Dec 2019 10:53:32|30|pritirm@forstarfoods.com|DailyCatchEntry_New.php
2 Dec 2019 10:53:34|30|pritirm@forstarfoods.com|DailyCatchEntry_New.php
2 Dec 2019 10:53:36|30|pritirm@forstarfoods.com|DailyCatchEntry_New.php
2 Dec 2019 10:53:37|30|pritirm@forstarfoods.com|DailyCatchEntry_New.php
2 Dec 2019 10:53:38|30|pritirm@forstarfoods.com|DailyCatchEntry_New.php
2 Dec 2019 10:53:40|30|pritirm@forstarfoods.com|DailyCatchEntry_New.php
2 Dec 2019 10:53:41|30|pritirm@forstarfoods.com|DailyCatchEntry_New.php
2 Dec 2019 10:53:42|30|pritirm@forstarfoods.com|DailyCatchEntry_New.php
2 Dec 2019 10:53:43|30|pritirm@forstarfoods.com|DailyCatchEntry_New.php
2 Dec 2019 10:53:45|30|pritirm@forstarfoods.com|DailyCatchEntry_New.php
2 Dec 2019 10:53:46|30|pritirm@forstarfoods.com|CatchEntryDeclaredItem.php
2 Dec 2019 10:53:50|30|pritirm@forstarfoods.com|DailyCatchEntry_New.php
2 Dec 2019 10:53:53|30|pritirm@forstarfoods.com|DailyCatchEntry_New.php
2 Dec 2019 10:53:56|30|pritirm@forstarfoods.com|DailyCatchEntry_New.php
2 Dec 2019 10:53:57|30|pritirm@forstarfoods.com|DailyCatchEntry_New.php
2 Dec 2019 10:53:59|30|pritirm@forstarfoods.com|DailyCatchEntry_New.php
2 Dec 2019 10:54:00|30|pritirm@forstarfoods.com|DailyCatchEntry_New.php
2 Dec 2019 10:54:01|30|pritirm@forstarfoods.com|DailyCatchEntry_New.php
2 Dec 2019 10:54:02|30|pritirm@forstarfoods.com|DailyCatchEntry_New.php
2 Dec 2019 10:54:04|30|pritirm@forstarfoods.com|DailyCatchEntry_New.php
2 Dec 2019 10:54:06|30|pritirm@forstarfoods.com|DailyCatchEntry_New.php
2 Dec 2019 10:54:07|30|pritirm@forstarfoods.com|CatchEntryDeclaredItem.php
2 Dec 2019 10:54:11|30|pritirm@forstarfoods.com|DailyCatchEntry_New.php
2 Dec 2019 10:54:12|30|pritirm@forstarfoods.com|DailyCatchEntry_New.php
2 Dec 2019 10:54:15|30|pritirm@forstarfoods.com|DailyCatchEntry_New.php
2 Dec 2019 10:54:16|30|pritirm@forstarfoods.com|DailyCatchEntry_New.php
2 Dec 2019 10:54:17|30|pritirm@forstarfoods.com|DailyCatchEntry_New.php
2 Dec 2019 10:54:19|30|pritirm@forstarfoods.com|DailyCatchEntry_New.php
2 Dec 2019 10:54:20|30|pritirm@forstarfoods.com|DailyCatchEntry_New.php
2 Dec 2019 10:54:21|30|pritirm@forstarfoods.com|DailyCatchEntry_New.php
2 Dec 2019 10:54:22|30|pritirm@forstarfoods.com|DailyCatchEntry_New.php
2 Dec 2019 10:54:24|30|pritirm@forstarfoods.com|DailyCatchEntry_New.php
2 Dec 2019 10:54:25|30|pritirm@forstarfoods.com|DailyCatchEntry_New.php
2 Dec 2019 10:54:26|30|pritirm@forstarfoods.com|DailyCatchEntry_New.php
2 Dec 2019 10:54:30|30|pritirm@forstarfoods.com|DailyCatchEntry_New.php
2 Dec 2019 10:54:32|30|pritirm@forstarfoods.com|DailyCatchEntry_New.php
2 Dec 2019 10:54:34|30|pritirm@forstarfoods.com|CatchEntryDeclaredItem.php
2 Dec 2019 10:54:42|30|pritirm@forstarfoods.com|DailyCatchEntry_New.php
2 Dec 2019 10:54:44|20|shiji@forstarfoods.com|DailyCatchEntry_New.php
2 Dec 2019 10:54:46|30|pritirm@forstarfoods.com|DailyCatchEntry_New.php
2 Dec 2019 10:54:47|20|shiji@forstarfoods.com|DailyCatchEntry_New.php
2 Dec 2019 10:54:48|30|pritirm@forstarfoods.com|DailyCatchEntry_New.php
2 Dec 2019 10:54:49|20|shiji@forstarfoods.com|CatchEntryDeclaredItem.php
2 Dec 2019 10:54:49|30|pritirm@forstarfoods.com|DailyCatchEntry_New.php
2 Dec 2019 10:54:50|30|pritirm@forstarfoods.com|DailyCatchEntry_New.php
2 Dec 2019 10:54:52|30|pritirm@forstarfoods.com|CatchEntryDeclaredItem.php
2 Dec 2019 10:54:53|30|pritirm@forstarfoods.com|DailyCatchEntry_New.php
2 Dec 2019 10:54:54|30|pritirm@forstarfoods.com|DailyCatchEntry_New.php
2 Dec 2019 10:54:55|20|shiji@forstarfoods.com|DailyCatchEntry_New.php
2 Dec 2019 10:54:55|30|pritirm@forstarfoods.com|DailyCatchEntry_New.php
2 Dec 2019 10:54:56|20|shiji@forstarfoods.com|DailyCatchEntry_New.php
2 Dec 2019 10:54:57|30|pritirm@forstarfoods.com|DailyCatchEntry_New.php
2 Dec 2019 10:54:57|20|shiji@forstarfoods.com|DailyCatchEntry_New.php
2 Dec 2019 10:54:58|30|pritirm@forstarfoods.com|DailyCatchEntry_New.php
2 Dec 2019 10:54:59|30|pritirm@forstarfoods.com|DailyCatchEntry_New.php
2 Dec 2019 10:55:00|30|pritirm@forstarfoods.com|DailyCatchEntry_New.php
2 Dec 2019 10:55:02|30|pritirm@forstarfoods.com|DailyCatchEntry_New.php
2 Dec 2019 10:55:03|30|pritirm@forstarfoods.com|DailyCatchEntry_New.php
2 Dec 2019 10:55:06|30|pritirm@forstarfoods.com|DailyCatchEntry_New.php
2 Dec 2019 10:55:10|30|pritirm@forstarfoods.com|DailyCatchEntry_New.php
2 Dec 2019 10:55:11|30|pritirm@forstarfoods.com|CatchEntryDeclaredItem.php
2 Dec 2019 10:55:17|30|pritirm@forstarfoods.com|DailyCatchEntry_New.php
2 Dec 2019 10:55:20|30|pritirm@forstarfoods.com|DailyCatchEntry_New.php
2 Dec 2019 10:55:21|30|pritirm@forstarfoods.com|DailyCatchEntry_New.php
2 Dec 2019 10:55:26|20|shiji@forstarfoods.com|DailyCatchEntry_New.php
2 Dec 2019 10:55:28|30|pritirm@forstarfoods.com|DailyCatchEntry_New.php
2 Dec 2019 10:55:30|30|pritirm@forstarfoods.com|DailyCatchEntry_New.php
2 Dec 2019 10:55:31|20|shiji@forstarfoods.com|DailyCatchEntry_New.php
2 Dec 2019 10:55:32|20|shiji@forstarfoods.com|CatchEntryDeclaredItem.php
2 Dec 2019 10:55:35|30|pritirm@forstarfoods.com|DailyCatchEntry_New.php
2 Dec 2019 10:55:36|30|pritirm@forstarfoods.com|DailyCatchEntry_New.php
2 Dec 2019 10:55:38|30|pritirm@forstarfoods.com|DailyCatchEntry_New.php
2 Dec 2019 10:55:39|30|pritirm@forstarfoods.com|DailyCatchEntry_New.php
2 Dec 2019 10:55:40|30|pritirm@forstarfoods.com|DailyCatchEntry_New.php
2 Dec 2019 10:55:41|30|pritirm@forstarfoods.com|DailyCatchEntry_New.php
2 Dec 2019 10:55:43|30|pritirm@forstarfoods.com|DailyCatchEntry_New.php
2 Dec 2019 10:55:44|30|pritirm@forstarfoods.com|DailyCatchEntry_New.php
2 Dec 2019 10:55:45|30|pritirm@forstarfoods.com|DailyCatchEntry_New.php
2 Dec 2019 10:55:46|30|pritirm@forstarfoods.com|DailyCatchEntry_New.php
2 Dec 2019 10:55:48|30|pritirm@forstarfoods.com|DailyCatchEntry_New.php
2 Dec 2019 10:55:49|30|pritirm@forstarfoods.com|DailyCatchEntry_New.php
2 Dec 2019 10:55:50|30|pritirm@forstarfoods.com|DailyCatchEntry_New.php
2 Dec 2019 10:55:52|30|pritirm@forstarfoods.com|DailyCatchEntry_New.php
2 Dec 2019 10:55:56|30|pritirm@forstarfoods.com|CatchEntryDeclaredItem.php
2 Dec 2019 10:55:57|20|shiji@forstarfoods.com|DailyCatchEntry_New.php
2 Dec 2019 10:55:58|30|pritirm@forstarfoods.com|DailyCatchEntry_New.php
2 Dec 2019 10:55:59|20|shiji@forstarfoods.com|DailyCatchEntry_New.php
2 Dec 2019 10:56:00|20|shiji@forstarfoods.com|DailyCatchEntry_New.php
2 Dec 2019 10:56:01|30|pritirm@forstarfoods.com|DailyCatchEntry_New.php
2 Dec 2019 10:56:02|20|shiji@forstarfoods.com|DailyCatchEntry_New.php
2 Dec 2019 10:56:03|30|pritirm@forstarfoods.com|DailyCatchEntry_New.php
2 Dec 2019 10:56:04|30|pritirm@forstarfoods.com|DailyCatchEntry_New.php
2 Dec 2019 10:56:05|20|shiji@forstarfoods.com|DailyCatchEntry_New.php
2 Dec 2019 10:56:05|30|pritirm@forstarfoods.com|DailyCatchEntry_New.php
2 Dec 2019 10:56:07|30|pritirm@forstarfoods.com|DailyCatchEntry_New.php
2 Dec 2019 10:56:07|20|shiji@forstarfoods.com|DailyCatchEntry_New.php
2 Dec 2019 10:56:08|30|pritirm@forstarfoods.com|DailyCatchEntry_New.php
2 Dec 2019 10:56:08|20|shiji@forstarfoods.com|DailyCatchEntry_New.php
2 Dec 2019 10:56:09|30|pritirm@forstarfoods.com|DailyCatchEntry_New.php
2 Dec 2019 10:56:09|20|shiji@forstarfoods.com|DailyCatchEntry_New.php
2 Dec 2019 10:56:10|30|pritirm@forstarfoods.com|DailyCatchEntry_New.php
2 Dec 2019 10:56:11|20|shiji@forstarfoods.com|DailyCatchEntry_New.php
2 Dec 2019 10:56:12|30|pritirm@forstarfoods.com|DailyCatchEntry_New.php
2 Dec 2019 10:56:12|20|shiji@forstarfoods.com|DailyCatchEntry_New.php
2 Dec 2019 10:56:13|30|pritirm@forstarfoods.com|DailyCatchEntry_New.php
2 Dec 2019 10:56:13|20|shiji@forstarfoods.com|DailyCatchEntry_New.php
2 Dec 2019 10:56:14|30|pritirm@forstarfoods.com|DailyCatchEntry_New.php
2 Dec 2019 10:56:14|20|shiji@forstarfoods.com|DailyCatchEntry_New.php
2 Dec 2019 10:56:15|30|pritirm@forstarfoods.com|DailyCatchEntry_New.php