
10 Jun 2019 10:46:47|20|shiji@forstarfoods.com|DailyCatchEntry_New.php
10 Jun 2019 10:46:48|20|shiji@forstarfoods.com|DailyCatchEntry_New.php
10 Jun 2019 10:46:48|1|admin@forstarfoods.com|StockEntry.php
10 Jun 2019 10:46:49|20|shiji@forstarfoods.com|DailyCatchEntry_New.php
10 Jun 2019 10:46:52|20|shiji@forstarfoods.com|DailyCatchEntry_New.php
10 Jun 2019 10:46:52|1|admin@forstarfoods.com|StockEntry.php
10 Jun 2019 10:46:53|20|shiji@forstarfoods.com|CatchEntryDeclaredItem.php
10 Jun 2019 10:46:59|1|admin@forstarfoods.com|StockEntry.php
10 Jun 2019 10:47:02|20|shiji@forstarfoods.com|DailyCatchEntry_New.php
10 Jun 2019 10:47:04|20|shiji@forstarfoods.com|DailyCatchEntry_New.php
10 Jun 2019 10:47:05|20|shiji@forstarfoods.com|DailyCatchEntry_New.php
10 Jun 2019 10:47:07|20|shiji@forstarfoods.com|DailyCatchEntry_New.php
10 Jun 2019 10:47:07|1|admin@forstarfoods.com|StockEntry.php
10 Jun 2019 10:47:08|20|shiji@forstarfoods.com|DailyCatchEntry_New.php
10 Jun 2019 10:47:09|20|shiji@forstarfoods.com|DailyCatchEntry_New.php
10 Jun 2019 10:47:10|20|shiji@forstarfoods.com|DailyCatchEntry_New.php
10 Jun 2019 10:47:12|20|shiji@forstarfoods.com|DailyCatchEntry_New.php
10 Jun 2019 10:47:13|20|shiji@forstarfoods.com|DailyCatchEntry_New.php
10 Jun 2019 10:47:16|20|shiji@forstarfoods.com|DailyCatchEntry_New.php
10 Jun 2019 10:47:17|20|shiji@forstarfoods.com|CatchEntryDeclaredItem.php
10 Jun 2019 10:47:27|20|shiji@forstarfoods.com|DailyCatchEntry_New.php
10 Jun 2019 10:47:28|20|shiji@forstarfoods.com|DailyCatchEntry_New.php
10 Jun 2019 10:47:29|20|shiji@forstarfoods.com|DailyCatchEntry_New.php
10 Jun 2019 10:47:31|20|shiji@forstarfoods.com|DailyCatchEntry_New.php
10 Jun 2019 10:47:35|20|shiji@forstarfoods.com|DailyCatchEntry_New.php
10 Jun 2019 10:47:36|20|shiji@forstarfoods.com|CatchEntryDeclaredItem.php
10 Jun 2019 10:47:43|20|shiji@forstarfoods.com|DailyCatchEntry_New.php
10 Jun 2019 10:47:45|20|shiji@forstarfoods.com|DailyCatchEntry_New.php
10 Jun 2019 10:47:46|20|shiji@forstarfoods.com|DailyCatchEntry_New.php
10 Jun 2019 10:47:47|20|shiji@forstarfoods.com|DailyCatchEntry_New.php
10 Jun 2019 10:47:48|20|shiji@forstarfoods.com|DailyCatchEntry_New.php
10 Jun 2019 10:47:50|20|shiji@forstarfoods.com|DailyCatchEntry_New.php
10 Jun 2019 10:48:00|20|shiji@forstarfoods.com|DailyCatchEntry_New.php
10 Jun 2019 10:48:01|20|shiji@forstarfoods.com|DailyCatchEntry_New.php
10 Jun 2019 10:48:04|20|shiji@forstarfoods.com|DailyCatchEntry_New.php
10 Jun 2019 10:48:06|20|shiji@forstarfoods.com|DailyCatchEntry_New.php
10 Jun 2019 10:48:07|20|shiji@forstarfoods.com|DailyCatchEntry_New.php
10 Jun 2019 10:48:08|20|shiji@forstarfoods.com|DailyCatchEntry_New.php
10 Jun 2019 10:48:10|20|shiji@forstarfoods.com|DailyCatchEntry_New.php
10 Jun 2019 10:48:11|20|shiji@forstarfoods.com|DailyCatchEntry_New.php
10 Jun 2019 10:48:12|20|shiji@forstarfoods.com|DailyCatchEntry_New.php
10 Jun 2019 10:48:21|20|shiji@forstarfoods.com|DailyCatchEntry_New.php
10 Jun 2019 10:48:23|20|shiji@forstarfoods.com|DailyCatchEntry_New.php
10 Jun 2019 10:48:24|20|shiji@forstarfoods.com|CatchEntryDeclaredItem.php
10 Jun 2019 10:48:26|1|admin@forstarfoods.com|Department.php
10 Jun 2019 10:48:33|20|shiji@forstarfoods.com|DailyCatchEntry_New.php
10 Jun 2019 10:48:35|20|shiji@forstarfoods.com|DailyCatchEntry_New.php
10 Jun 2019 10:48:37|20|shiji@forstarfoods.com|DailyCatchEntry_New.php
10 Jun 2019 10:48:38|20|shiji@forstarfoods.com|DailyCatchEntry_New.php
10 Jun 2019 10:48:40|20|shiji@forstarfoods.com|DailyCatchEntry_New.php
10 Jun 2019 10:48:41|20|shiji@forstarfoods.com|DailyCatchEntry_New.php
10 Jun 2019 10:48:42|20|shiji@forstarfoods.com|DailyCatchEntry_New.php
10 Jun 2019 10:48:43|20|shiji@forstarfoods.com|DailyCatchEntry_New.php
10 Jun 2019 10:48:45|20|shiji@forstarfoods.com|DailyCatchEntry_New.php
10 Jun 2019 10:48:59|20|shiji@forstarfoods.com|DailyCatchEntry_New.php
10 Jun 2019 10:49:00|20|shiji@forstarfoods.com|CatchEntryDeclaredItem.php
10 Jun 2019 10:49:05|20|shiji@forstarfoods.com|DailyCatchReport.php
10 Jun 2019 10:49:07|1|admin@forstarfoods.com|Department.php
10 Jun 2019 10:49:09|20|shiji@forstarfoods.com|DailyCatchEntry_New.php
10 Jun 2019 10:49:12|20|shiji@forstarfoods.com|DailyCatchEntry_New.php
10 Jun 2019 10:49:13|20|shiji@forstarfoods.com|DailyCatchEntry_New.php
10 Jun 2019 10:49:15|20|shiji@forstarfoods.com|DailyCatchEntry_New.php
10 Jun 2019 10:49:16|20|shiji@forstarfoods.com|DailyCatchEntry_New.php
10 Jun 2019 10:49:17|20|shiji@forstarfoods.com|CatchEntryDeclaredItem.php
10 Jun 2019 10:49:18|20|shiji@forstarfoods.com|DailyCatchEntry_New.php
10 Jun 2019 10:49:37|20|shiji@forstarfoods.com|DailyCatchEntry_New.php
10 Jun 2019 10:49:38|20|shiji@forstarfoods.com|DailyCatchEntry_New.php
10 Jun 2019 10:49:39|20|shiji@forstarfoods.com|DailyCatchEntry_New.php
10 Jun 2019 10:49:40|20|shiji@forstarfoods.com|DailyCatchEntry_New.php
10 Jun 2019 10:49:42|20|shiji@forstarfoods.com|DailyCatchEntry_New.php
10 Jun 2019 10:49:43|20|shiji@forstarfoods.com|DailyCatchEntry_New.php
10 Jun 2019 10:49:44|20|shiji@forstarfoods.com|DailyCatchEntry_New.php
10 Jun 2019 10:49:45|20|shiji@forstarfoods.com|DailyCatchEntry_New.php
10 Jun 2019 10:50:24|1|admin@forstarfoods.com|SupplierStock.php
10 Jun 2019 10:50:30|20|shiji@forstarfoods.com|DailyCatchEntry_New.php
10 Jun 2019 10:50:55|20|shiji@forstarfoods.com|DailyCatchEntry_New.php
10 Jun 2019 10:50:56|20|shiji@forstarfoods.com|CatchEntryDeclaredItem.php
10 Jun 2019 10:51:06|20|shiji@forstarfoods.com|DailyCatchEntry_New.php
10 Jun 2019 10:51:07|20|shiji@forstarfoods.com|DailyCatchEntry_New.php
10 Jun 2019 10:51:09|20|shiji@forstarfoods.com|DailyCatchEntry_New.php
10 Jun 2019 10:51:10|20|shiji@forstarfoods.com|DailyCatchEntry_New.php
10 Jun 2019 10:51:11|20|shiji@forstarfoods.com|DailyCatchEntry_New.php
10 Jun 2019 10:51:12|20|shiji@forstarfoods.com|DailyCatchEntry_New.php
10 Jun 2019 10:51:27|20|shiji@forstarfoods.com|DailyCatchEntry_New.php
10 Jun 2019 10:51:28|20|shiji@forstarfoods.com|DailyCatchEntry_New.php
10 Jun 2019 10:51:30|20|shiji@forstarfoods.com|DailyCatchEntry_New.php
10 Jun 2019 10:51:33|20|shiji@forstarfoods.com|DailyCatchEntry_New.php
10 Jun 2019 10:51:35|20|shiji@forstarfoods.com|DailyCatchEntry_New.php
10 Jun 2019 10:51:41|20|shiji@forstarfoods.com|DailyCatchEntry_New.php
10 Jun 2019 10:51:42|20|shiji@forstarfoods.com|DailyCatchEntry_New.php
10 Jun 2019 10:51:43|20|shiji@forstarfoods.com|DailyCatchEntry_New.php
10 Jun 2019 10:51:44|20|shiji@forstarfoods.com|DailyCatchEntry_New.php
10 Jun 2019 10:51:46|20|shiji@forstarfoods.com|DailyCatchEntry_New.php
10 Jun 2019 10:51:47|20|shiji@forstarfoods.com|DailyCatchEntry_New.php
10 Jun 2019 10:52:04|1|admin@forstarfoods.com|SupplierMaster.php
10 Jun 2019 10:52:13|20|shiji@forstarfoods.com|DailyCatchEntry_New.php
10 Jun 2019 10:52:15|20|shiji@forstarfoods.com|DailyCatchEntry_New.php
10 Jun 2019 10:52:16|20|shiji@forstarfoods.com|CatchEntryDeclaredItem.php
10 Jun 2019 10:52:25|20|shiji@forstarfoods.com|DailyCatchEntry_New.php
10 Jun 2019 10:52:25|1|admin@forstarfoods.com|SupplierMaster.php
10 Jun 2019 10:52:27|20|shiji@forstarfoods.com|DailyCatchEntry_New.php
10 Jun 2019 10:52:29|20|shiji@forstarfoods.com|DailyCatchEntry_New.php
10 Jun 2019 10:52:31|20|shiji@forstarfoods.com|DailyCatchEntry_New.php
10 Jun 2019 10:52:32|20|shiji@forstarfoods.com|DailyCatchEntry_New.php
10 Jun 2019 10:52:33|20|shiji@forstarfoods.com|DailyCatchEntry_New.php
10 Jun 2019 10:52:34|20|shiji@forstarfoods.com|DailyCatchEntry_New.php
10 Jun 2019 10:52:36|20|shiji@forstarfoods.com|DailyCatchEntry_New.php
10 Jun 2019 10:52:37|20|shiji@forstarfoods.com|DailyCatchEntry_New.php
10 Jun 2019 10:52:40|20|shiji@forstarfoods.com|DailyCatchEntry_New.php
10 Jun 2019 10:52:42|20|shiji@forstarfoods.com|CatchEntryDeclaredItem.php
10 Jun 2019 10:52:46|20|shiji@forstarfoods.com|DailyCatchEntry_New.php
10 Jun 2019 10:52:47|20|shiji@forstarfoods.com|DailyCatchEntry_New.php
10 Jun 2019 10:52:48|1|admin@forstarfoods.com|SupplierStock.php
10 Jun 2019 10:52:49|20|shiji@forstarfoods.com|DailyCatchEntry_New.php
10 Jun 2019 10:52:51|20|shiji@forstarfoods.com|DailyCatchEntry_New.php
10 Jun 2019 10:52:55|1|admin@forstarfoods.com|SupplierMaster.php
10 Jun 2019 10:52:56|20|shiji@forstarfoods.com|DailyCatchEntry_New.php
10 Jun 2019 10:52:57|20|shiji@forstarfoods.com|CatchEntryDeclaredItem.php
10 Jun 2019 10:53:06|20|shiji@forstarfoods.com|DailyCatchEntry_New.php
10 Jun 2019 10:53:08|20|shiji@forstarfoods.com|DailyCatchEntry_New.php
10 Jun 2019 10:53:09|20|shiji@forstarfoods.com|DailyCatchEntry_New.php
10 Jun 2019 10:53:10|20|shiji@forstarfoods.com|DailyCatchEntry_New.php
10 Jun 2019 10:53:11|20|shiji@forstarfoods.com|DailyCatchEntry_New.php
10 Jun 2019 10:53:13|20|shiji@forstarfoods.com|DailyCatchEntry_New.php
10 Jun 2019 10:53:14|1|admin@forstarfoods.com|SupplierStock.php
10 Jun 2019 10:53:22|1|admin@forstarfoods.com|SupplierMaster.php
10 Jun 2019 10:53:25|20|shiji@forstarfoods.com|DailyCatchEntry_New.php
10 Jun 2019 10:53:27|20|shiji@forstarfoods.com|DailyCatchEntry_New.php
10 Jun 2019 10:53:29|20|shiji@forstarfoods.com|DailyCatchEntry_New.php
10 Jun 2019 10:53:33|20|shiji@forstarfoods.com|DailyCatchEntry_New.php
10 Jun 2019 10:53:34|20|shiji@forstarfoods.com|DailyCatchEntry_New.php
10 Jun 2019 10:53:35|20|shiji@forstarfoods.com|DailyCatchEntry_New.php
10 Jun 2019 10:53:36|1|admin@forstarfoods.com|SupplierMaster.php
10 Jun 2019 10:53:37|20|shiji@forstarfoods.com|DailyCatchEntry_New.php
10 Jun 2019 10:53:38|20|shiji@forstarfoods.com|DailyCatchEntry_New.php
10 Jun 2019 10:53:39|20|shiji@forstarfoods.com|DailyCatchEntry_New.php
10 Jun 2019 10:53:49|20|shiji@forstarfoods.com|DailyCatchEntry_New.php
10 Jun 2019 10:53:51|20|shiji@forstarfoods.com|DailyCatchEntry_New.php
10 Jun 2019 10:53:52|20|shiji@forstarfoods.com|CatchEntryDeclaredItem.php
10 Jun 2019 10:53:53|1|admin@forstarfoods.com|SupplierRateList.php
10 Jun 2019 10:54:06|1|admin@forstarfoods.com|SupplierRateList.php
10 Jun 2019 10:54:14|20|shiji@forstarfoods.com|DailyCatchEntry_New.php
10 Jun 2019 10:55:39|1|admin@forstarfoods.com|CheckPointMaster.php
10 Jun 2019 10:57:23|1|admin@forstarfoods.com|StockField.php
10 Jun 2019 10:59:15|20|shiji@forstarfoods.com|DailyCatchEntry_New.php
10 Jun 2019 10:59:27|1|admin@forstarfoods.com|StockGroup.php
10 Jun 2019 11:00:33|1|admin@forstarfoods.com|ManageID.php
10 Jun 2019 11:00:55|1|admin@forstarfoods.com|ManageMenus.php
10 Jun 2019 11:01:11|1|admin@forstarfoods.com|ManageMenus.php
10 Jun 2019 11:01:20|1|admin@forstarfoods.com|ManageMenus.php
10 Jun 2019 11:02:11|1|admin@forstarfoods.com|StockField.php
10 Jun 2019 11:02:17|1|admin@forstarfoods.com|StockGroup.php
10 Jun 2019 11:03:48|1|admin@forstarfoods.com|Home.php
10 Jun 2019 11:08:02|20|shiji@forstarfoods.com|Home.php
10 Jun 2019 11:08:09|30|pritirm@forstarfoods.com|DailyCatchReport.php
10 Jun 2019 11:08:10|20|shiji@forstarfoods.com|SupplierAccount.php
10 Jun 2019 11:08:18|30|pritirm@forstarfoods.com|DailyCatchReport.php
10 Jun 2019 11:08:18|20|shiji@forstarfoods.com|SupplierAccount.php
10 Jun 2019 11:08:21|30|pritirm@forstarfoods.com|DailyCatchReport.php
10 Jun 2019 11:08:27|30|pritirm@forstarfoods.com|DailyCatchReport.php
10 Jun 2019 11:08:28|30|pritirm@forstarfoods.com|DailyCatchReport.php
10 Jun 2019 11:08:30|30|pritirm@forstarfoods.com|DailyCatchReport.php
10 Jun 2019 11:08:33|30|pritirm@forstarfoods.com|PrintDailyCatchReportMemo.php
10 Jun 2019 11:08:40|30|pritirm@forstarfoods.com|DailyCatchReport.php
10 Jun 2019 11:08:42|30|pritirm@forstarfoods.com|DailyCatchReport.php
10 Jun 2019 11:08:43|30|pritirm@forstarfoods.com|DailyCatchReport.php
10 Jun 2019 11:08:45|30|pritirm@forstarfoods.com|DailyCatchReport.php
10 Jun 2019 11:08:48|30|pritirm@forstarfoods.com|DailyCatchReport.php
10 Jun 2019 11:08:49|30|pritirm@forstarfoods.com|DailyCatchReport.php
10 Jun 2019 11:08:50|30|pritirm@forstarfoods.com|DailyCatchReport.php
10 Jun 2019 11:08:54|30|pritirm@forstarfoods.com|PrintDailyCatchReportMemo.php
10 Jun 2019 11:09:07|30|pritirm@forstarfoods.com|DailyCatchReport.php
10 Jun 2019 11:09:09|30|pritirm@forstarfoods.com|DailyCatchReport.php
10 Jun 2019 11:09:11|30|pritirm@forstarfoods.com|DailyCatchReport.php
10 Jun 2019 11:09:12|30|pritirm@forstarfoods.com|DailyCatchReport.php
10 Jun 2019 11:09:14|30|pritirm@forstarfoods.com|DailyCatchReport.php
10 Jun 2019 11:09:16|30|pritirm@forstarfoods.com|DailyCatchReport.php
10 Jun 2019 11:09:17|30|pritirm@forstarfoods.com|DailyCatchReport.php
10 Jun 2019 11:09:18|30|pritirm@forstarfoods.com|PrintDailyCatchReportMemo.php
10 Jun 2019 11:11:13|20|shiji@forstarfoods.com|DailyCatchReport.php
10 Jun 2019 11:12:02|20|shiji@forstarfoods.com|DailyCatchReport.php
10 Jun 2019 11:12:06|20|shiji@forstarfoods.com|DailyCatchReport.php
10 Jun 2019 11:12:08|20|shiji@forstarfoods.com|DailyCatchReport.php
10 Jun 2019 11:12:10|20|shiji@forstarfoods.com|DailyCatchReport.php
10 Jun 2019 11:12:11|20|shiji@forstarfoods.com|DailyCatchReport.php
10 Jun 2019 11:12:12|20|shiji@forstarfoods.com|PrintDailyCatchReportMemo.php
10 Jun 2019 11:12:36|20|shiji@forstarfoods.com|DailyCatchEntry_New.php
10 Jun 2019 11:12:40|20|shiji@forstarfoods.com|DailyCatchEntry_New.php
10 Jun 2019 11:12:41|20|shiji@forstarfoods.com|DailyCatchEntry_New.php
10 Jun 2019 11:12:43|20|shiji@forstarfoods.com|DailyCatchEntry_New.php
10 Jun 2019 11:12:46|20|shiji@forstarfoods.com|DailyCatchEntry_New.php
10 Jun 2019 11:12:47|20|shiji@forstarfoods.com|DailyCatchEntry_New.php
10 Jun 2019 11:12:48|20|shiji@forstarfoods.com|DailyCatchEntry_New.php
10 Jun 2019 11:12:58|20|shiji@forstarfoods.com|DailyCatchEntry_New.php
10 Jun 2019 11:13:01|20|shiji@forstarfoods.com|DailyCatchEntry_New.php
10 Jun 2019 11:13:02|20|shiji@forstarfoods.com|DailyCatchEntry_New.php
10 Jun 2019 11:13:03|20|shiji@forstarfoods.com|CatchEntryDeclaredItem.php
10 Jun 2019 11:13:05|20|shiji@forstarfoods.com|DailyCatchEntry_New.php
10 Jun 2019 11:13:06|20|shiji@forstarfoods.com|CatchEntryDeclaredItem.php
10 Jun 2019 11:13:07|20|shiji@forstarfoods.com|DailyCatchEntry_New.php
10 Jun 2019 11:13:13|20|shiji@forstarfoods.com|DailyCatchEntry_New.php
10 Jun 2019 11:13:16|20|shiji@forstarfoods.com|DailyCatchEntry_New.php
10 Jun 2019 11:14:09|20|shiji@forstarfoods.com|DailyCatchReport.php
10 Jun 2019 11:14:18|20|shiji@forstarfoods.com|DailyCatchReport.php
10 Jun 2019 11:14:21|20|shiji@forstarfoods.com|DailyCatchReport.php
10 Jun 2019 11:14:23|20|shiji@forstarfoods.com|DailyCatchReport.php
10 Jun 2019 11:14:25|20|shiji@forstarfoods.com|DailyCatchReport.php
10 Jun 2019 11:14:26|20|shiji@forstarfoods.com|DailyCatchReport.php
10 Jun 2019 11:14:28|20|shiji@forstarfoods.com|PrintDailyCatchReportMemo.php
10 Jun 2019 11:14:53|20|shiji@forstarfoods.com|PrintDailyCatchReportMemo.php
10 Jun 2019 11:15:23|20|shiji@forstarfoods.com|DailyCatchReport.php
10 Jun 2019 11:15:24|20|shiji@forstarfoods.com|DailyCatchReport.php
10 Jun 2019 11:15:26|20|shiji@forstarfoods.com|DailyCatchReport.php
10 Jun 2019 11:15:27|20|shiji@forstarfoods.com|DailyCatchReport.php
10 Jun 2019 11:15:29|20|shiji@forstarfoods.com|DailyCatchReport.php
10 Jun 2019 11:15:31|20|shiji@forstarfoods.com|DailyCatchReport.php
10 Jun 2019 11:15:32|20|shiji@forstarfoods.com|DailyCatchReport.php
10 Jun 2019 11:15:34|20|shiji@forstarfoods.com|PrintDailyCatchReportMemo.php
10 Jun 2019 11:16:04|20|shiji@forstarfoods.com|PrintDailyCatchReportMemo.php
10 Jun 2019 11:16:42|20|shiji@forstarfoods.com|DailyCatchReport.php
10 Jun 2019 11:16:43|20|shiji@forstarfoods.com|DailyCatchReport.php
10 Jun 2019 11:16:44|20|shiji@forstarfoods.com|DailyCatchReport.php
10 Jun 2019 11:17:07|20|shiji@forstarfoods.com|DailyCatchReport.php
10 Jun 2019 11:17:09|20|shiji@forstarfoods.com|DailyCatchReport.php
10 Jun 2019 11:17:11|20|shiji@forstarfoods.com|DailyCatchReport.php
10 Jun 2019 11:17:12|20|shiji@forstarfoods.com|DailyCatchReport.php
10 Jun 2019 11:17:14|20|shiji@forstarfoods.com|DailyCatchReport.php
10 Jun 2019 11:17:16|20|shiji@forstarfoods.com|DailyCatchReport.php
10 Jun 2019 11:17:17|20|shiji@forstarfoods.com|DailyCatchReport.php
10 Jun 2019 11:17:19|20|shiji@forstarfoods.com|PrintDailyCatchReportMemo.php
10 Jun 2019 11:17:51|20|shiji@forstarfoods.com|PrintDailyCatchReportMemo.php
10 Jun 2019 11:17:57|20|shiji@forstarfoods.com|DailyCatchReport.php
10 Jun 2019 11:17:59|20|shiji@forstarfoods.com|DailyCatchReport.php
10 Jun 2019 11:18:00|20|shiji@forstarfoods.com|DailyCatchReport.php
10 Jun 2019 11:18:03|20|shiji@forstarfoods.com|DailyCatchReport.php
10 Jun 2019 11:18:04|20|shiji@forstarfoods.com|DailyCatchReport.php
10 Jun 2019 11:18:06|20|shiji@forstarfoods.com|DailyCatchReport.php
10 Jun 2019 11:18:07|20|shiji@forstarfoods.com|DailyCatchReport.php
10 Jun 2019 11:18:13|20|shiji@forstarfoods.com|DailyCatchReport.php
10 Jun 2019 11:18:15|20|shiji@forstarfoods.com|DailyCatchReport.php
10 Jun 2019 11:18:16|20|shiji@forstarfoods.com|DailyCatchReport.php
10 Jun 2019 11:18:18|20|shiji@forstarfoods.com|PrintDailyCatchReportMemo.php
10 Jun 2019 11:19:47|20|shiji@forstarfoods.com|PrintDailyCatchReportMemo.php
10 Jun 2019 11:20:14|20|shiji@forstarfoods.com|DailyCatchReport.php
10 Jun 2019 11:20:16|20|shiji@forstarfoods.com|DailyCatchReport.php
10 Jun 2019 11:20:17|20|shiji@forstarfoods.com|DailyCatchReport.php
10 Jun 2019 11:20:24|20|shiji@forstarfoods.com|DailyCatchReport.php
10 Jun 2019 11:20:25|20|shiji@forstarfoods.com|DailyCatchReport.php
10 Jun 2019 11:20:27|20|shiji@forstarfoods.com|DailyCatchReport.php
10 Jun 2019 11:20:28|20|shiji@forstarfoods.com|DailyCatchReport.php
10 Jun 2019 11:20:52|20|shiji@forstarfoods.com|DailyCatchReport.php
10 Jun 2019 11:20:54|20|shiji@forstarfoods.com|DailyCatchReport.php
10 Jun 2019 11:20:55|20|shiji@forstarfoods.com|DailyCatchReport.php
10 Jun 2019 11:20:57|20|shiji@forstarfoods.com|DailyCatchReport.php
10 Jun 2019 11:21:06|20|shiji@forstarfoods.com|DailyCatchReport.php
10 Jun 2019 11:21:07|20|shiji@forstarfoods.com|DailyCatchReport.php
10 Jun 2019 11:21:09|20|shiji@forstarfoods.com|DailyCatchReport.php
10 Jun 2019 11:21:10|20|shiji@forstarfoods.com|DailyCatchReport.php
10 Jun 2019 11:21:14|20|shiji@forstarfoods.com|DailyCatchReport.php
10 Jun 2019 11:21:16|20|shiji@forstarfoods.com|DailyCatchReport.php
10 Jun 2019 11:21:17|20|shiji@forstarfoods.com|DailyCatchReport.php
10 Jun 2019 11:21:18|20|shiji@forstarfoods.com|DailyCatchReport.php
10 Jun 2019 11:21:25|20|shiji@forstarfoods.com|DailyCatchReport.php
10 Jun 2019 11:21:33|20|shiji@forstarfoods.com|DailyCatchEntry_New.php
10 Jun 2019 11:21:36|20|shiji@forstarfoods.com|DailyCatchEntry_New.php
10 Jun 2019 11:21:38|20|shiji@forstarfoods.com|DailyCatchEntry_New.php
10 Jun 2019 11:21:39|20|shiji@forstarfoods.com|DailyCatchEntry_New.php
10 Jun 2019 11:21:40|20|shiji@forstarfoods.com|DailyCatchEntry_New.php
10 Jun 2019 11:21:42|20|shiji@forstarfoods.com|CatchEntryDeclaredItem.php
10 Jun 2019 11:21:43|20|shiji@forstarfoods.com|DailyCatchEntry_New.php
10 Jun 2019 11:21:46|20|shiji@forstarfoods.com|DailyCatchEntry_New.php
10 Jun 2019 11:21:47|20|shiji@forstarfoods.com|DailyCatchEntry_New.php
10 Jun 2019 11:21:48|20|shiji@forstarfoods.com|DailyCatchEntry_New.php
10 Jun 2019 11:21:50|20|shiji@forstarfoods.com|DailyCatchEntry_New.php
10 Jun 2019 11:21:51|20|shiji@forstarfoods.com|DailyCatchEntry_New.php
10 Jun 2019 11:21:52|20|shiji@forstarfoods.com|DailyCatchEntry_New.php
10 Jun 2019 11:21:53|20|shiji@forstarfoods.com|DailyCatchEntry_New.php
10 Jun 2019 11:21:55|20|shiji@forstarfoods.com|DailyCatchEntry_New.php
10 Jun 2019 11:21:56|1|admin@forstarfoods.com|SupplierMaster.php
10 Jun 2019 11:21:58|20|shiji@forstarfoods.com|DailyCatchEntry_New.php
10 Jun 2019 11:22:06|20|shiji@forstarfoods.com|DailyCatchEntry_New.php
10 Jun 2019 11:22:08|20|shiji@forstarfoods.com|CatchEntryDeclaredItem.php
10 Jun 2019 11:22:14|1|admin@forstarfoods.com|SupplierMaster.php
10 Jun 2019 11:22:15|20|shiji@forstarfoods.com|DailyCatchEntry_New.php
10 Jun 2019 11:22:23|20|shiji@forstarfoods.com|DailyCatchEntry_New.php
10 Jun 2019 11:22:24|20|shiji@forstarfoods.com|CatchEntryDeclaredItem.php
10 Jun 2019 11:22:36|20|shiji@forstarfoods.com|DailyCatchEntry_New.php
10 Jun 2019 11:22:38|20|shiji@forstarfoods.com|DailyCatchEntry_New.php
10 Jun 2019 11:22:39|20|shiji@forstarfoods.com|DailyCatchEntry_New.php
10 Jun 2019 11:22:40|20|shiji@forstarfoods.com|DailyCatchEntry_New.php
10 Jun 2019 11:22:41|20|shiji@forstarfoods.com|DailyCatchEntry_New.php
10 Jun 2019 11:22:43|20|shiji@forstarfoods.com|DailyCatchEntry_New.php
10 Jun 2019 11:22:48|20|shiji@forstarfoods.com|DailyCatchEntry_New.php
10 Jun 2019 11:22:59|20|shiji@forstarfoods.com|DailyCatchEntry_New.php
10 Jun 2019 11:23:00|20|shiji@forstarfoods.com|DailyCatchEntry_New.php
10 Jun 2019 11:23:03|20|shiji@forstarfoods.com|DailyCatchEntry_New.php
10 Jun 2019 11:23:05|20|shiji@forstarfoods.com|DailyCatchEntry_New.php
10 Jun 2019 11:23:10|20|shiji@forstarfoods.com|DailyCatchEntry_New.php
10 Jun 2019 11:23:11|20|shiji@forstarfoods.com|DailyCatchEntry_New.php
10 Jun 2019 11:23:13|20|shiji@forstarfoods.com|DailyCatchEntry_New.php
10 Jun 2019 11:23:14|20|shiji@forstarfoods.com|DailyCatchEntry_New.php
10 Jun 2019 11:23:15|20|shiji@forstarfoods.com|DailyCatchEntry_New.php
10 Jun 2019 11:23:16|20|shiji@forstarfoods.com|DailyCatchEntry_New.php
10 Jun 2019 11:23:25|20|shiji@forstarfoods.com|DailyCatchEntry_New.php
10 Jun 2019 11:23:27|20|shiji@forstarfoods.com|DailyCatchEntry_New.php
10 Jun 2019 11:23:28|20|shiji@forstarfoods.com|CatchEntryDeclaredItem.php
10 Jun 2019 11:23:35|20|shiji@forstarfoods.com|DailyCatchEntry_New.php
10 Jun 2019 11:23:37|20|shiji@forstarfoods.com|DailyCatchEntry_New.php
10 Jun 2019 11:23:39|20|shiji@forstarfoods.com|DailyCatchEntry_New.php
10 Jun 2019 11:23:40|20|shiji@forstarfoods.com|DailyCatchEntry_New.php
10 Jun 2019 11:23:42|20|shiji@forstarfoods.com|DailyCatchEntry_New.php
10 Jun 2019 11:23:43|20|shiji@forstarfoods.com|DailyCatchEntry_New.php
10 Jun 2019 11:23:44|20|shiji@forstarfoods.com|DailyCatchEntry_New.php
10 Jun 2019 11:23:45|20|shiji@forstarfoods.com|DailyCatchEntry_New.php
10 Jun 2019 11:23:46|20|shiji@forstarfoods.com|DailyCatchEntry_New.php
10 Jun 2019 11:23:48|20|shiji@forstarfoods.com|DailyCatchEntry_New.php
10 Jun 2019 11:23:48|1|admin@forstarfoods.com|Designation.php
10 Jun 2019 11:23:49|20|shiji@forstarfoods.com|DailyCatchEntry_New.php
10 Jun 2019 11:23:50|20|shiji@forstarfoods.com|DailyCatchEntry_New.php
10 Jun 2019 11:23:51|20|shiji@forstarfoods.com|DailyCatchEntry_New.php
10 Jun 2019 11:23:51|1|admin@forstarfoods.com|Designation.php
10 Jun 2019 11:23:53|20|shiji@forstarfoods.com|DailyCatchEntry_New.php
10 Jun 2019 11:23:54|20|shiji@forstarfoods.com|DailyCatchEntry_New.php
10 Jun 2019 11:23:55|20|shiji@forstarfoods.com|DailyCatchEntry_New.php
10 Jun 2019 11:23:56|20|shiji@forstarfoods.com|DailyCatchEntry_New.php
10 Jun 2019 11:23:59|20|shiji@forstarfoods.com|DailyCatchEntry_New.php
10 Jun 2019 11:24:00|20|shiji@forstarfoods.com|CatchEntryDeclaredItem.php
10 Jun 2019 11:24:16|20|shiji@forstarfoods.com|DailyCatchEntry_New.php
10 Jun 2019 11:24:31|20|shiji@forstarfoods.com|DailyCatchEntry_New.php
10 Jun 2019 11:24:32|1|admin@forstarfoods.com|QualityMaster.php
10 Jun 2019 11:24:32|20|shiji@forstarfoods.com|DailyCatchEntry_New.php
10 Jun 2019 11:24:34|20|shiji@forstarfoods.com|DailyCatchEntry_New.php
10 Jun 2019 11:24:37|20|shiji@forstarfoods.com|DailyCatchEntry_New.php
10 Jun 2019 11:24:41|20|shiji@forstarfoods.com|DailyCatchEntry_New.php
10 Jun 2019 11:24:43|20|shiji@forstarfoods.com|CatchEntryDeclaredItem.php
10 Jun 2019 11:24:52|1|admin@forstarfoods.com|QualityMaster.php
10 Jun 2019 11:24:53|20|shiji@forstarfoods.com|DailyCatchEntry_New.php
10 Jun 2019 11:24:54|20|shiji@forstarfoods.com|DailyCatchEntry_New.php
10 Jun 2019 11:24:55|20|shiji@forstarfoods.com|DailyCatchEntry_New.php
10 Jun 2019 11:24:56|20|shiji@forstarfoods.com|DailyCatchEntry_New.php
10 Jun 2019 11:24:57|20|shiji@forstarfoods.com|DailyCatchEntry_New.php
10 Jun 2019 11:24:59|20|shiji@forstarfoods.com|DailyCatchEntry_New.php
10 Jun 2019 11:25:08|20|shiji@forstarfoods.com|DailyCatchEntry_New.php
10 Jun 2019 11:25:10|20|shiji@forstarfoods.com|DailyCatchEntry_New.php
10 Jun 2019 11:25:14|20|shiji@forstarfoods.com|DailyCatchEntry_New.php
10 Jun 2019 11:25:15|20|shiji@forstarfoods.com|DailyCatchEntry_New.php
10 Jun 2019 11:25:16|20|shiji@forstarfoods.com|DailyCatchEntry_New.php
10 Jun 2019 11:25:17|20|shiji@forstarfoods.com|DailyCatchEntry_New.php
10 Jun 2019 11:25:19|20|shiji@forstarfoods.com|DailyCatchEntry_New.php
10 Jun 2019 11:25:20|20|shiji@forstarfoods.com|DailyCatchEntry_New.php
10 Jun 2019 11:25:21|20|shiji@forstarfoods.com|DailyCatchEntry_New.php
10 Jun 2019 11:25:25|20|shiji@forstarfoods.com|DailyCatchEntry_New.php
10 Jun 2019 11:25:26|20|shiji@forstarfoods.com|CatchEntryDeclaredItem.php
10 Jun 2019 11:25:33|20|shiji@forstarfoods.com|DailyCatchEntry_New.php
10 Jun 2019 11:25:36|20|shiji@forstarfoods.com|DailyCatchEntry_New.php
10 Jun 2019 11:25:38|20|shiji@forstarfoods.com|DailyCatchEntry_New.php
10 Jun 2019 11:25:39|20|shiji@forstarfoods.com|DailyCatchEntry_New.php
10 Jun 2019 11:25:40|20|shiji@forstarfoods.com|DailyCatchEntry_New.php
10 Jun 2019 11:25:42|20|shiji@forstarfoods.com|DailyCatchEntry_New.php
10 Jun 2019 11:25:43|20|shiji@forstarfoods.com|DailyCatchEntry_New.php
10 Jun 2019 11:25:44|20|shiji@forstarfoods.com|DailyCatchEntry_New.php
10 Jun 2019 11:25:45|20|shiji@forstarfoods.com|DailyCatchEntry_New.php
10 Jun 2019 11:25:51|20|shiji@forstarfoods.com|DailyCatchEntry_New.php
10 Jun 2019 11:25:52|1|admin@forstarfoods.com|UnitMaster.php
10 Jun 2019 11:25:53|20|shiji@forstarfoods.com|CatchEntryDeclaredItem.php
10 Jun 2019 11:25:59|20|shiji@forstarfoods.com|DailyCatchEntry_New.php
10 Jun 2019 11:26:01|20|shiji@forstarfoods.com|DailyCatchEntry_New.php
10 Jun 2019 11:26:04|20|shiji@forstarfoods.com|DailyCatchEntry_New.php
10 Jun 2019 11:26:05|20|shiji@forstarfoods.com|DailyCatchEntry_New.php
10 Jun 2019 11:26:06|20|shiji@forstarfoods.com|DailyCatchEntry_New.php
10 Jun 2019 11:26:06|1|admin@forstarfoods.com|UnitMaster.php
10 Jun 2019 11:26:07|20|shiji@forstarfoods.com|DailyCatchEntry_New.php
10 Jun 2019 11:26:10|20|shiji@forstarfoods.com|DailyCatchEntry_New.php
10 Jun 2019 11:26:11|20|shiji@forstarfoods.com|DailyCatchEntry_New.php
10 Jun 2019 11:26:13|20|shiji@forstarfoods.com|DailyCatchEntry_New.php
10 Jun 2019 11:26:15|20|shiji@forstarfoods.com|DailyCatchEntry_New.php
10 Jun 2019 11:26:16|20|shiji@forstarfoods.com|CatchEntryDeclaredItem.php
10 Jun 2019 11:26:33|20|shiji@forstarfoods.com|DailyCatchEntry_New.php
10 Jun 2019 11:26:38|20|shiji@forstarfoods.com|DailyCatchEntry_New.php
10 Jun 2019 11:27:00|1|admin@forstarfoods.com|Competitors.php
10 Jun 2019 11:27:05|1|admin@forstarfoods.com|Competitors.php
10 Jun 2019 11:27:29|20|shiji@forstarfoods.com|DailyCatchReport.php
10 Jun 2019 11:27:38|20|shiji@forstarfoods.com|DailyCatchReport.php
10 Jun 2019 11:27:42|20|shiji@forstarfoods.com|DailyCatchReport.php
10 Jun 2019 11:27:44|20|shiji@forstarfoods.com|DailyCatchReport.php
10 Jun 2019 11:27:46|20|shiji@forstarfoods.com|DailyCatchReport.php
10 Jun 2019 11:27:47|20|shiji@forstarfoods.com|DailyCatchReport.php
10 Jun 2019 11:27:48|20|shiji@forstarfoods.com|PrintDailyCatchReportMemo.php
10 Jun 2019 11:28:16|20|shiji@forstarfoods.com|PrintDailyCatchReportMemo.php
10 Jun 2019 11:28:21|20|shiji@forstarfoods.com|DailyCatchReport.php
10 Jun 2019 11:28:23|20|shiji@forstarfoods.com|DailyCatchReport.php
10 Jun 2019 11:28:24|20|shiji@forstarfoods.com|DailyCatchReport.php
10 Jun 2019 11:28:35|20|shiji@forstarfoods.com|DailyCatchReport.php
10 Jun 2019 11:28:37|20|shiji@forstarfoods.com|DailyCatchReport.php
10 Jun 2019 11:28:38|20|shiji@forstarfoods.com|DailyCatchReport.php
10 Jun 2019 11:28:39|20|shiji@forstarfoods.com|DailyCatchReport.php
10 Jun 2019 11:28:56|20|shiji@forstarfoods.com|DailyCatchReport.php
10 Jun 2019 11:28:57|20|shiji@forstarfoods.com|DailyCatchReport.php
10 Jun 2019 11:28:59|20|shiji@forstarfoods.com|DailyCatchReport.php
10 Jun 2019 11:29:00|20|shiji@forstarfoods.com|PrintDailyCatchReportMemo.php
10 Jun 2019 11:29:23|20|shiji@forstarfoods.com|PrintDailyCatchReportMemo.php
10 Jun 2019 11:29:31|20|shiji@forstarfoods.com|DailyCatchReport.php
10 Jun 2019 11:29:33|20|shiji@forstarfoods.com|DailyCatchReport.php
10 Jun 2019 11:29:34|20|shiji@forstarfoods.com|DailyCatchReport.php
10 Jun 2019 11:29:40|20|shiji@forstarfoods.com|DailyCatchReport.php
10 Jun 2019 11:29:42|20|shiji@forstarfoods.com|DailyCatchReport.php
10 Jun 2019 11:29:43|20|shiji@forstarfoods.com|DailyCatchReport.php
10 Jun 2019 11:29:45|20|shiji@forstarfoods.com|DailyCatchReport.php
10 Jun 2019 11:29:51|1|admin@forstarfoods.com|PlantsandUnits.php
10 Jun 2019 11:29:57|20|shiji@forstarfoods.com|DailyCatchReport.php
10 Jun 2019 11:29:59|20|shiji@forstarfoods.com|DailyCatchReport.php
10 Jun 2019 11:30:00|20|shiji@forstarfoods.com|DailyCatchReport.php
10 Jun 2019 11:30:02|20|shiji@forstarfoods.com|PrintDailyCatchReportMemo.php
10 Jun 2019 11:30:32|20|shiji@forstarfoods.com|PrintDailyCatchReportMemo.php
10 Jun 2019 11:30:59|20|shiji@forstarfoods.com|DailyCatchReport.php
10 Jun 2019 11:31:00|20|shiji@forstarfoods.com|DailyCatchReport.php
10 Jun 2019 11:31:02|20|shiji@forstarfoods.com|DailyCatchReport.php
10 Jun 2019 11:31:05|20|shiji@forstarfoods.com|DailyCatchReport.php
10 Jun 2019 11:31:07|1|admin@forstarfoods.com|CompanyDetails.php
10 Jun 2019 11:31:07|20|shiji@forstarfoods.com|DailyCatchReport.php
10 Jun 2019 11:31:08|20|shiji@forstarfoods.com|DailyCatchReport.php
10 Jun 2019 11:31:10|20|shiji@forstarfoods.com|DailyCatchReport.php
10 Jun 2019 11:31:20|20|shiji@forstarfoods.com|DailyCatchReport.php
10 Jun 2019 11:31:22|20|shiji@forstarfoods.com|DailyCatchReport.php
10 Jun 2019 11:31:23|20|shiji@forstarfoods.com|DailyCatchReport.php
10 Jun 2019 11:31:25|20|shiji@forstarfoods.com|PrintDailyCatchReportMemo.php
10 Jun 2019 11:32:21|1|admin@forstarfoods.com|ProcessingActivities.php
10 Jun 2019 11:34:57|30|pritirm@forstarfoods.com|PurchaseReport.php
10 Jun 2019 11:35:57|30|pritirm@forstarfoods.com|PurchaseReport.php
10 Jun 2019 11:36:10|30|pritirm@forstarfoods.com|PurchaseReport.php
10 Jun 2019 11:36:15|30|pritirm@forstarfoods.com|PurchaseReport.php
10 Jun 2019 11:36:20|30|pritirm@forstarfoods.com|PurchaseReport.php
10 Jun 2019 11:36:32|30|pritirm@forstarfoods.com|PurchaseReport.php
10 Jun 2019 11:36:48|30|pritirm@forstarfoods.com|DailyCatchEntry_New.php
10 Jun 2019 11:36:54|30|pritirm@forstarfoods.com|DailyCatchEntry_New.php
10 Jun 2019 11:36:56|30|pritirm@forstarfoods.com|DailyCatchEntry_New.php
10 Jun 2019 11:36:57|30|pritirm@forstarfoods.com|DailyCatchEntry_New.php
10 Jun 2019 11:36:59|20|shiji@forstarfoods.com|PrintDailyCatchReportMemo.php
10 Jun 2019 11:37:00|30|pritirm@forstarfoods.com|DailyCatchEntry_New.php
10 Jun 2019 11:37:01|30|pritirm@forstarfoods.com|DailyCatchEntry_New.php
10 Jun 2019 11:37:03|30|pritirm@forstarfoods.com|DailyCatchEntry_New.php
10 Jun 2019 11:37:16|30|pritirm@forstarfoods.com|DailyCatchReport.php
10 Jun 2019 11:37:24|30|pritirm@forstarfoods.com|DailyCatchReport.php
10 Jun 2019 11:37:27|30|pritirm@forstarfoods.com|DailyCatchReport.php
10 Jun 2019 11:37:29|30|pritirm@forstarfoods.com|DailyCatchReport.php
10 Jun 2019 11:37:31|30|pritirm@forstarfoods.com|DailyCatchReport.php
10 Jun 2019 11:37:32|30|pritirm@forstarfoods.com|DailyCatchReport.php
10 Jun 2019 11:37:40|30|pritirm@forstarfoods.com|PrintDailyCatchReportMemo.php
10 Jun 2019 11:37:48|20|shiji@forstarfoods.com|DailyCatchReport.php
10 Jun 2019 11:37:50|20|shiji@forstarfoods.com|DailyCatchReport.php
10 Jun 2019 11:37:51|20|shiji@forstarfoods.com|DailyCatchReport.php
10 Jun 2019 11:38:06|30|pritirm@forstarfoods.com|PrintDailyCatchReportMemo.php
10 Jun 2019 11:38:06|20|shiji@forstarfoods.com|DailyCatchReport.php
10 Jun 2019 11:38:08|20|shiji@forstarfoods.com|DailyCatchReport.php
10 Jun 2019 11:38:09|20|shiji@forstarfoods.com|DailyCatchReport.php
10 Jun 2019 11:38:10|20|shiji@forstarfoods.com|DailyCatchReport.php
10 Jun 2019 11:38:13|20|shiji@forstarfoods.com|DailyCatchReport.php
10 Jun 2019 11:38:15|20|shiji@forstarfoods.com|DailyCatchReport.php
10 Jun 2019 11:38:16|20|shiji@forstarfoods.com|DailyCatchReport.php
10 Jun 2019 11:38:18|30|pritirm@forstarfoods.com|SupplierAccount.php
10 Jun 2019 11:38:19|20|shiji@forstarfoods.com|PrintDailyCatchReportMemo.php
10 Jun 2019 11:38:26|30|pritirm@forstarfoods.com|SupplierAccount.php
10 Jun 2019 11:38:31|30|pritirm@forstarfoods.com|SupplierAccount.php
10 Jun 2019 11:38:34|30|pritirm@forstarfoods.com|SupplierAccount.php
10 Jun 2019 11:38:38|20|shiji@forstarfoods.com|PrintDailyCatchReportMemo.php
10 Jun 2019 11:38:39|30|pritirm@forstarfoods.com|SupplierAccount.php
10 Jun 2019 11:38:45|30|pritirm@forstarfoods.com|SupplierAccount.php
10 Jun 2019 11:38:50|30|pritirm@forstarfoods.com|PurchaseReport.php
10 Jun 2019 11:39:03|30|pritirm@forstarfoods.com|PurchaseReport.php
10 Jun 2019 11:39:12|20|shiji@forstarfoods.com|DailyCatchReport.php
10 Jun 2019 11:39:13|20|shiji@forstarfoods.com|DailyCatchReport.php
10 Jun 2019 11:39:15|20|shiji@forstarfoods.com|DailyCatchReport.php
10 Jun 2019 11:39:15|30|pritirm@forstarfoods.com|DailyCatchReport.php
10 Jun 2019 11:39:22|30|pritirm@forstarfoods.com|DailyCatchReport.php
10 Jun 2019 11:39:24|20|shiji@forstarfoods.com|DailyCatchReport.php
10 Jun 2019 11:39:25|30|pritirm@forstarfoods.com|DailyCatchReport.php
10 Jun 2019 11:39:25|20|shiji@forstarfoods.com|DailyCatchReport.php
10 Jun 2019 11:39:27|20|shiji@forstarfoods.com|DailyCatchReport.php
10 Jun 2019 11:39:27|30|pritirm@forstarfoods.com|DailyCatchReport.php
10 Jun 2019 11:39:28|20|shiji@forstarfoods.com|DailyCatchReport.php
10 Jun 2019 11:39:28|30|pritirm@forstarfoods.com|DailyCatchReport.php
10 Jun 2019 11:39:30|30|pritirm@forstarfoods.com|DailyCatchReport.php
10 Jun 2019 11:39:30|20|shiji@forstarfoods.com|DailyCatchReport.php
10 Jun 2019 11:39:32|20|shiji@forstarfoods.com|DailyCatchReport.php
10 Jun 2019 11:39:33|20|shiji@forstarfoods.com|DailyCatchReport.php
10 Jun 2019 11:39:37|20|shiji@forstarfoods.com|PrintDailyCatchReportMemo.php
10 Jun 2019 11:39:39|30|pritirm@forstarfoods.com|PrintDailyCatchReportMemo.php
10 Jun 2019 11:39:55|20|shiji@forstarfoods.com|PrintDailyCatchReportMemo.php
10 Jun 2019 11:39:56|30|pritirm@forstarfoods.com|PurchaseReport.php
10 Jun 2019 11:40:10|24|shashikala@forstarfoods.com|Home.php
10 Jun 2019 11:40:15|24|shashikala@forstarfoods.com|Home.php
10 Jun 2019 11:40:17|24|shashikala@forstarfoods.com|Home.php
10 Jun 2019 11:40:18|30|pritirm@forstarfoods.com|PurchaseReport.php
10 Jun 2019 11:40:19|24|shashikala@forstarfoods.com|Home.php
10 Jun 2019 11:40:22|30|pritirm@forstarfoods.com|PrintPurchaseSettlementMemo.php
10 Jun 2019 11:40:44|20|shiji@forstarfoods.com|DailyCatchReport.php
10 Jun 2019 11:40:46|20|shiji@forstarfoods.com|DailyCatchReport.php
10 Jun 2019 11:40:47|20|shiji@forstarfoods.com|DailyCatchReport.php
10 Jun 2019 11:40:49|20|shiji@forstarfoods.com|SupplierAccount.php
10 Jun 2019 11:41:40|30|pritirm@forstarfoods.com|PurchaseReport.php
10 Jun 2019 11:41:47|30|pritirm@forstarfoods.com|PrintPurchaseSettlementMemo.php
10 Jun 2019 11:42:09|24|shashikala@forstarfoods.com|DailyPreProcess.php
10 Jun 2019 11:42:16|30|pritirm@forstarfoods.com|PurchaseReport.php
10 Jun 2019 11:42:27|30|pritirm@forstarfoods.com|PrintPurchaseSettlementMemo.php
10 Jun 2019 11:42:33|24|shashikala@forstarfoods.com|DailyPreProcess.php
10 Jun 2019 11:42:58|30|pritirm@forstarfoods.com|PurchaseReport.php
10 Jun 2019 11:43:11|30|pritirm@forstarfoods.com|PrintPurchaseSettlementMemo.php
10 Jun 2019 11:43:49|30|pritirm@forstarfoods.com|PurchaseReport.php
10 Jun 2019 11:44:04|30|pritirm@forstarfoods.com|SupplierAccount.php
10 Jun 2019 11:44:15|30|pritirm@forstarfoods.com|SupplierAccount.php
10 Jun 2019 11:44:20|30|pritirm@forstarfoods.com|SupplierAccount.php
10 Jun 2019 11:44:49|30|pritirm@forstarfoods.com|DailyCatchReport.php
10 Jun 2019 11:44:55|30|pritirm@forstarfoods.com|DailyCatchReport.php
10 Jun 2019 11:44:57|30|pritirm@forstarfoods.com|DailyCatchReport.php
10 Jun 2019 11:44:59|30|pritirm@forstarfoods.com|DailyCatchReport.php
10 Jun 2019 11:45:01|30|pritirm@forstarfoods.com|DailyCatchReport.php
10 Jun 2019 11:45:02|30|pritirm@forstarfoods.com|DailyCatchReport.php
10 Jun 2019 11:45:06|30|pritirm@forstarfoods.com|PrintDailyCatchReportMemo.php
10 Jun 2019 11:45:32|30|pritirm@forstarfoods.com|DailyCatchReport.php
10 Jun 2019 11:45:34|30|pritirm@forstarfoods.com|DailyCatchReport.php
10 Jun 2019 11:45:35|30|pritirm@forstarfoods.com|DailyCatchReport.php
10 Jun 2019 11:45:38|30|pritirm@forstarfoods.com|DailyCatchReport.php
10 Jun 2019 11:45:40|30|pritirm@forstarfoods.com|DailyCatchReport.php
10 Jun 2019 11:45:41|30|pritirm@forstarfoods.com|DailyCatchReport.php
10 Jun 2019 11:45:42|30|pritirm@forstarfoods.com|DailyCatchReport.php
10 Jun 2019 11:45:45|30|pritirm@forstarfoods.com|DailyCatchReport.php
10 Jun 2019 11:45:46|30|pritirm@forstarfoods.com|DailyCatchReport.php
10 Jun 2019 11:45:48|30|pritirm@forstarfoods.com|DailyCatchReport.php
10 Jun 2019 11:45:50|30|pritirm@forstarfoods.com|PrintDailyCatchReportMemo.php
10 Jun 2019 11:46:10|30|pritirm@forstarfoods.com|PrintDailyCatchReportMemo.php
10 Jun 2019 11:46:21|30|pritirm@forstarfoods.com|SupplierAccount.php
10 Jun 2019 11:46:27|30|pritirm@forstarfoods.com|SupplierAccount.php
10 Jun 2019 11:46:31|30|pritirm@forstarfoods.com|SupplierAccount.php
10 Jun 2019 11:46:34|30|pritirm@forstarfoods.com|SupplierAccount.php
10 Jun 2019 11:46:40|30|pritirm@forstarfoods.com|SupplierAccount.php
10 Jun 2019 11:47:48|30|pritirm@forstarfoods.com|SupplierAccount.php
10 Jun 2019 11:47:53|30|pritirm@forstarfoods.com|SupplierAccount.php
10 Jun 2019 11:47:56|30|pritirm@forstarfoods.com|SupplierAccount.php
10 Jun 2019 11:48:03|30|pritirm@forstarfoods.com|PurchaseReport.php
10 Jun 2019 11:48:12|30|pritirm@forstarfoods.com|PurchaseReport.php
10 Jun 2019 11:48:15|30|pritirm@forstarfoods.com|PrintPurchaseSettlementMemo.php
10 Jun 2019 11:48:35|30|pritirm@forstarfoods.com|PurchaseReport.php
10 Jun 2019 11:48:46|30|pritirm@forstarfoods.com|PrintPurchaseSettlementMemo.php
10 Jun 2019 11:56:37|30|pritirm@forstarfoods.com|Home.php
10 Jun 2019 11:56:40|30|pritirm@forstarfoods.com|Home.php
10 Jun 2019 11:57:39|20|shiji@forstarfoods.com|SupplierAccount.php
10 Jun 2019 11:57:44|20|shiji@forstarfoods.com|SupplierAccount.php
10 Jun 2019 11:57:50|20|shiji@forstarfoods.com|SupplierAccount.php
10 Jun 2019 11:57:54|20|shiji@forstarfoods.com|SupplierAccount.php
10 Jun 2019 11:59:07|20|shiji@forstarfoods.com|SupplierAccount.php
10 Jun 2019 11:59:14|20|shiji@forstarfoods.com|SupplierAccount.php
10 Jun 2019 11:59:38|20|shiji@forstarfoods.com|DailyCatchReport.php
10 Jun 2019 11:59:43|20|shiji@forstarfoods.com|DailyCatchReport.php
10 Jun 2019 11:59:51|20|shiji@forstarfoods.com|DailyCatchReport.php
10 Jun 2019 11:59:53|20|shiji@forstarfoods.com|DailyCatchReport.php
10 Jun 2019 11:59:55|20|shiji@forstarfoods.com|DailyCatchReport.php
10 Jun 2019 11:59:56|20|shiji@forstarfoods.com|DailyCatchReport.php
10 Jun 2019 12:00:00|20|shiji@forstarfoods.com|DailyCatchReport.php
10 Jun 2019 12:00:01|20|shiji@forstarfoods.com|DailyCatchReport.php
10 Jun 2019 12:00:02|20|shiji@forstarfoods.com|DailyCatchReport.php
10 Jun 2019 12:00:04|20|shiji@forstarfoods.com|SupplierAccount.php
10 Jun 2019 12:00:10|20|shiji@forstarfoods.com|SupplierAccount.php
10 Jun 2019 12:00:14|20|shiji@forstarfoods.com|SupplierAccount.php
10 Jun 2019 12:00:17|20|shiji@forstarfoods.com|SupplierAccount.php
10 Jun 2019 12:00:21|20|shiji@forstarfoods.com|SupplierAccount.php
10 Jun 2019 12:01:12|20|shiji@forstarfoods.com|SupplierAccount.php
10 Jun 2019 12:01:16|20|shiji@forstarfoods.com|SupplierAccount.php
10 Jun 2019 12:02:54|20|shiji@forstarfoods.com|SupplierAccount.php
10 Jun 2019 12:03:01|20|shiji@forstarfoods.com|SupplierAccount.php
10 Jun 2019 12:04:35|20|shiji@forstarfoods.com|SupplierAccount.php
10 Jun 2019 12:04:43|20|shiji@forstarfoods.com|SupplierAccount.php
10 Jun 2019 12:05:26|20|shiji@forstarfoods.com|SupplierAccount.php
10 Jun 2019 12:05:30|20|shiji@forstarfoods.com|SupplierAccount.php
10 Jun 2019 12:06:43|20|shiji@forstarfoods.com|SupplierAccount.php
10 Jun 2019 12:06:47|20|shiji@forstarfoods.com|SupplierAccount.php
10 Jun 2019 12:07:33|20|shiji@forstarfoods.com|SupplierAccount.php
10 Jun 2019 12:07:37|20|shiji@forstarfoods.com|SupplierAccount.php
10 Jun 2019 12:08:20|20|shiji@forstarfoods.com|SupplierAccount.php
10 Jun 2019 12:08:24|20|shiji@forstarfoods.com|SupplierAccount.php
10 Jun 2019 12:09:38|20|shiji@forstarfoods.com|SupplierAccount.php
10 Jun 2019 12:10:34|20|shiji@forstarfoods.com|SupplierAccount.php
10 Jun 2019 12:12:38|20|shiji@forstarfoods.com|SupplierAccount.php
10 Jun 2019 12:13:12|20|shiji@forstarfoods.com|SettlementSummary.php
10 Jun 2019 12:13:45|20|shiji@forstarfoods.com|SettlementSummary.php
10 Jun 2019 12:13:48|20|shiji@forstarfoods.com|SupplierPayments.php
10 Jun 2019 12:13:49|20|shiji@forstarfoods.com|SupplierPayments.php
10 Jun 2019 12:13:50|20|shiji@forstarfoods.com|SupplierPayments.php
10 Jun 2019 12:38:37|20|shiji@forstarfoods.com|PurchaseStatement.php
10 Jun 2019 12:38:45|20|shiji@forstarfoods.com|PurchaseStatement.php
10 Jun 2019 12:38:49|20|shiji@forstarfoods.com|PurchaseStatement.php
10 Jun 2019 12:38:52|20|shiji@forstarfoods.com|PurchaseStatement.php
10 Jun 2019 12:38:54|20|shiji@forstarfoods.com|PrintPurchaseStatement.php
10 Jun 2019 12:41:15|20|shiji@forstarfoods.com|DailyCatchReport.php
10 Jun 2019 12:41:23|20|shiji@forstarfoods.com|DailyCatchReport.php
10 Jun 2019 12:41:28|20|shiji@forstarfoods.com|DailyCatchReport.php
10 Jun 2019 12:41:33|20|shiji@forstarfoods.com|DailyCatchReport.php
10 Jun 2019 12:41:35|20|shiji@forstarfoods.com|DailyCatchReport.php
10 Jun 2019 12:41:36|20|shiji@forstarfoods.com|DailyCatchReport.php
10 Jun 2019 12:41:41|20|shiji@forstarfoods.com|PrintDailyCatchReportMemo.php
10 Jun 2019 12:43:06|20|shiji@forstarfoods.com|DailyCatchEntry_New.php
10 Jun 2019 12:43:12|20|shiji@forstarfoods.com|DailyCatchEntry_New.php
10 Jun 2019 12:43:13|20|shiji@forstarfoods.com|DailyCatchEntry_New.php
10 Jun 2019 12:43:14|20|shiji@forstarfoods.com|DailyCatchEntry_New.php
10 Jun 2019 12:43:15|20|shiji@forstarfoods.com|DailyCatchEntry_New.php
10 Jun 2019 12:43:17|20|shiji@forstarfoods.com|DailyCatchEntry_New.php
10 Jun 2019 12:43:18|20|shiji@forstarfoods.com|DailyCatchEntry_New.php
10 Jun 2019 12:43:32|20|shiji@forstarfoods.com|DailyCatchEntry_New.php
10 Jun 2019 12:43:34|20|shiji@forstarfoods.com|DailyCatchEntry_New.php
10 Jun 2019 12:43:36|20|shiji@forstarfoods.com|DailyCatchEntry_New.php
10 Jun 2019 12:43:37|20|shiji@forstarfoods.com|CatchEntryDeclaredItem.php
10 Jun 2019 12:43:38|20|shiji@forstarfoods.com|DailyCatchEntry_New.php
10 Jun 2019 12:43:39|20|shiji@forstarfoods.com|CatchEntryDeclaredItem.php
10 Jun 2019 12:43:41|20|shiji@forstarfoods.com|DailyCatchEntry_New.php
10 Jun 2019 12:43:43|20|shiji@forstarfoods.com|DailyCatchEntry_New.php
10 Jun 2019 12:43:45|20|shiji@forstarfoods.com|CatchEntryDeclaredItem.php
10 Jun 2019 12:43:51|20|shiji@forstarfoods.com|DailyCatchEntry_New.php
10 Jun 2019 12:43:54|20|shiji@forstarfoods.com|DailyCatchEntry_New.php
10 Jun 2019 12:44:09|20|shiji@forstarfoods.com|DailyCatchEntry_New.php
10 Jun 2019 12:44:11|20|shiji@forstarfoods.com|DailyCatchEntry_New.php
10 Jun 2019 12:44:14|20|shiji@forstarfoods.com|DailyCatchEntry_New.php
10 Jun 2019 12:48:16|20|shiji@forstarfoods.com|DailyCatchReport.php
10 Jun 2019 12:48:23|20|shiji@forstarfoods.com|DailyCatchReport.php
10 Jun 2019 12:48:27|20|shiji@forstarfoods.com|DailyCatchReport.php
10 Jun 2019 12:48:29|20|shiji@forstarfoods.com|DailyCatchReport.php
10 Jun 2019 12:48:30|20|shiji@forstarfoods.com|DailyCatchReport.php
10 Jun 2019 12:48:32|20|shiji@forstarfoods.com|DailyCatchReport.php
10 Jun 2019 12:48:33|20|shiji@forstarfoods.com|PrintDailyCatchReportMemo.php
10 Jun 2019 12:49:29|20|shiji@forstarfoods.com|PrintDailyCatchReportMemo.php
10 Jun 2019 12:49:55|20|shiji@forstarfoods.com|DailyCatchReport.php
10 Jun 2019 12:49:57|20|shiji@forstarfoods.com|DailyCatchReport.php
10 Jun 2019 12:49:58|20|shiji@forstarfoods.com|DailyCatchReport.php
10 Jun 2019 12:50:04|20|shiji@forstarfoods.com|DailyCatchReport.php
10 Jun 2019 12:50:06|20|shiji@forstarfoods.com|DailyCatchReport.php
10 Jun 2019 12:50:08|20|shiji@forstarfoods.com|DailyCatchReport.php
10 Jun 2019 12:50:09|20|shiji@forstarfoods.com|DailyCatchReport.php
10 Jun 2019 12:50:11|20|shiji@forstarfoods.com|PrintDailyCatchReportMemo.php
10 Jun 2019 12:51:01|30|pritirm@forstarfoods.com|SupplierAccount.php
10 Jun 2019 12:51:13|30|pritirm@forstarfoods.com|SupplierAccount.php
10 Jun 2019 12:51:14|20|shiji@forstarfoods.com|PrintDailyCatchReportMemo.php
10 Jun 2019 12:51:18|30|pritirm@forstarfoods.com|SupplierAccount.php
10 Jun 2019 12:51:19|20|shiji@forstarfoods.com|DailyCatchReport.php
10 Jun 2019 12:51:21|20|shiji@forstarfoods.com|DailyCatchReport.php
10 Jun 2019 12:51:22|20|shiji@forstarfoods.com|DailyCatchReport.php
10 Jun 2019 12:52:13|20|shiji@forstarfoods.com|DailyCatchReport.php
10 Jun 2019 12:52:15|20|shiji@forstarfoods.com|DailyCatchReport.php
10 Jun 2019 12:52:16|20|shiji@forstarfoods.com|DailyCatchReport.php
10 Jun 2019 12:52:18|20|shiji@forstarfoods.com|DailyCatchReport.php
10 Jun 2019 12:52:19|20|shiji@forstarfoods.com|PrintDailyCatchReportMemo.php
10 Jun 2019 12:52:53|20|shiji@forstarfoods.com|PrintDailyCatchReportMemo.php
10 Jun 2019 12:53:26|20|shiji@forstarfoods.com|DailyCatchReport.php
10 Jun 2019 12:53:28|20|shiji@forstarfoods.com|DailyCatchReport.php
10 Jun 2019 12:53:29|20|shiji@forstarfoods.com|DailyCatchReport.php
10 Jun 2019 12:53:34|20|shiji@forstarfoods.com|DailyCatchReport.php
10 Jun 2019 12:53:36|20|shiji@forstarfoods.com|DailyCatchReport.php
10 Jun 2019 12:53:37|20|shiji@forstarfoods.com|DailyCatchReport.php
10 Jun 2019 12:53:39|20|shiji@forstarfoods.com|DailyCatchReport.php
10 Jun 2019 12:53:43|20|shiji@forstarfoods.com|PrintDailyCatchReportMemo.php
10 Jun 2019 12:54:09|20|shiji@forstarfoods.com|PrintDailyCatchReportMemo.php
10 Jun 2019 12:57:09|20|shiji@forstarfoods.com|DailyCatchSummary.php
10 Jun 2019 12:57:12|20|shiji@forstarfoods.com|DailyCatchSummary.php
10 Jun 2019 12:57:19|20|shiji@forstarfoods.com|DailyCatchSummary.php
10 Jun 2019 12:57:21|20|shiji@forstarfoods.com|DailyCatchSummary.php
10 Jun 2019 12:57:29|20|shiji@forstarfoods.com|DailyCatchSummary.php
10 Jun 2019 12:57:34|20|shiji@forstarfoods.com|DailyCatchSummary.php
10 Jun 2019 12:58:29|20|shiji@forstarfoods.com|PurchaseStatement.php
10 Jun 2019 12:59:19|20|shiji@forstarfoods.com|SupplierAccount.php
10 Jun 2019 12:59:51|20|shiji@forstarfoods.com|SupplierAccount.php
10 Jun 2019 12:59:55|20|shiji@forstarfoods.com|SupplierAccount.php
10 Jun 2019 12:59:59|20|shiji@forstarfoods.com|SupplierAccount.php
10 Jun 2019 13:00:03|20|shiji@forstarfoods.com|SupplierAccount.php
10 Jun 2019 13:21:23|30|pritirm@forstarfoods.com|DailyCatchSummary.php
10 Jun 2019 13:21:29|30|pritirm@forstarfoods.com|DailyCatchSummary.php
10 Jun 2019 13:21:37|30|pritirm@forstarfoods.com|DailyCatchSummary.php
10 Jun 2019 13:21:41|30|pritirm@forstarfoods.com|DailyCatchSummary.php
10 Jun 2019 13:21:44|30|pritirm@forstarfoods.com|DailyCatchSummary.php
10 Jun 2019 13:21:56|30|pritirm@forstarfoods.com|DailyCatchSummary.php
10 Jun 2019 13:24:46|20|shiji@forstarfoods.com|DailyCatchReport.php
10 Jun 2019 13:25:13|20|shiji@forstarfoods.com|DailyCatchReport.php
10 Jun 2019 13:25:53|20|shiji@forstarfoods.com|DailyCatchSummary.php
10 Jun 2019 13:25:56|20|shiji@forstarfoods.com|DailyCatchSummary.php
10 Jun 2019 13:26:09|20|shiji@forstarfoods.com|DailyCatchSummary.php
10 Jun 2019 13:26:12|20|shiji@forstarfoods.com|DailyCatchSummary.php
10 Jun 2019 13:26:18|20|shiji@forstarfoods.com|DailyCatchSummary.php
10 Jun 2019 13:26:24|20|shiji@forstarfoods.com|DailyCatchSummary.php
10 Jun 2019 13:36:28|20|shiji@forstarfoods.com|DailyCatchSummary.php
10 Jun 2019 13:36:32|20|shiji@forstarfoods.com|DailyCatchSummary.php
10 Jun 2019 13:36:37|20|shiji@forstarfoods.com|DailyCatchSummary.php
10 Jun 2019 13:42:26|20|shiji@forstarfoods.com|DailyCatchReport.php
10 Jun 2019 13:42:33|20|shiji@forstarfoods.com|DailyCatchReport.php
10 Jun 2019 13:43:06|20|shiji@forstarfoods.com|SupplierAccount.php
10 Jun 2019 13:43:21|20|shiji@forstarfoods.com|SupplierAccount.php
10 Jun 2019 13:43:25|20|shiji@forstarfoods.com|SupplierAccount.php
10 Jun 2019 13:43:29|20|shiji@forstarfoods.com|SupplierAccount.php
10 Jun 2019 13:43:35|20|shiji@forstarfoods.com|SupplierAccount.php
10 Jun 2019 13:45:12|20|shiji@forstarfoods.com|SupplierAccount.php
10 Jun 2019 13:46:18|30|pritirm@forstarfoods.com|DailyCatchSummary.php
10 Jun 2019 13:46:23|30|pritirm@forstarfoods.com|DailyCatchSummary.php
10 Jun 2019 13:46:31|30|pritirm@forstarfoods.com|DailyCatchSummary.php
10 Jun 2019 13:46:36|30|pritirm@forstarfoods.com|DailyCatchSummary.php
10 Jun 2019 13:46:39|30|pritirm@forstarfoods.com|DailyCatchSummary.php
10 Jun 2019 13:46:46|30|pritirm@forstarfoods.com|DailyCatchSummary.php
10 Jun 2019 13:46:59|30|pritirm@forstarfoods.com|DailyCatchSummary.php
10 Jun 2019 13:47:27|30|pritirm@forstarfoods.com|DailyCatchSummary.php
10 Jun 2019 13:47:35|30|pritirm@forstarfoods.com|DailyCatchSummary.php
10 Jun 2019 13:47:49|20|shiji@forstarfoods.com|DailyCatchSummary.php
10 Jun 2019 13:47:53|20|shiji@forstarfoods.com|DailyCatchSummary.php
10 Jun 2019 13:48:02|20|shiji@forstarfoods.com|DailyCatchSummary.php
10 Jun 2019 13:48:06|20|shiji@forstarfoods.com|DailyCatchSummary.php
10 Jun 2019 13:48:14|20|shiji@forstarfoods.com|DailyCatchSummary.php
10 Jun 2019 13:48:19|20|shiji@forstarfoods.com|DailyCatchSummary.php
10 Jun 2019 14:08:25|20|shiji@forstarfoods.com|SupplierAccount.php
10 Jun 2019 14:08:37|20|shiji@forstarfoods.com|SupplierAccount.php
10 Jun 2019 14:08:40|20|shiji@forstarfoods.com|SupplierAccount.php
10 Jun 2019 14:08:50|20|shiji@forstarfoods.com|SupplierAccount.php
10 Jun 2019 14:08:58|20|shiji@forstarfoods.com|SupplierAccount.php
10 Jun 2019 14:10:18|1|admin@forstarfoods.com|Home.php
10 Jun 2019 14:15:02|20|shiji@forstarfoods.com|SupplierAccount.php
10 Jun 2019 14:15:13|20|shiji@forstarfoods.com|SupplierAccount.php
10 Jun 2019 14:16:26|20|shiji@forstarfoods.com|SupplierAccount.php
10 Jun 2019 14:17:35|20|shiji@forstarfoods.com|DailyCatchReport.php
10 Jun 2019 14:17:42|20|shiji@forstarfoods.com|DailyCatchReport.php
10 Jun 2019 14:17:46|20|shiji@forstarfoods.com|DailyCatchReport.php
10 Jun 2019 14:17:48|20|shiji@forstarfoods.com|DailyCatchReport.php
10 Jun 2019 14:17:49|20|shiji@forstarfoods.com|DailyCatchReport.php
10 Jun 2019 14:17:52|20|shiji@forstarfoods.com|DailyCatchReport.php
10 Jun 2019 14:17:54|20|shiji@forstarfoods.com|DailyCatchReport.php
10 Jun 2019 14:17:55|20|shiji@forstarfoods.com|DailyCatchReport.php
10 Jun 2019 14:17:57|20|shiji@forstarfoods.com|SupplierAccount.php
10 Jun 2019 14:18:06|20|shiji@forstarfoods.com|SupplierAccount.php
10 Jun 2019 14:18:10|20|shiji@forstarfoods.com|SupplierAccount.php
10 Jun 2019 14:18:14|20|shiji@forstarfoods.com|SupplierAccount.php
10 Jun 2019 14:18:18|20|shiji@forstarfoods.com|SupplierAccount.php
10 Jun 2019 14:19:38|20|shiji@forstarfoods.com|SupplierAccount.php
10 Jun 2019 14:19:44|20|shiji@forstarfoods.com|SettlementSummary.php
10 Jun 2019 14:19:55|20|shiji@forstarfoods.com|SettlementSummary.php