
8 May 2019 15:20:05|29|kavitha@forstarfoods.com|DailyCatchEntry_New.php
8 May 2019 15:20:06|29|kavitha@forstarfoods.com|DailyCatchEntry_New.php
8 May 2019 15:20:07|29|kavitha@forstarfoods.com|DailyCatchEntry_New.php
8 May 2019 15:20:09|29|kavitha@forstarfoods.com|DailyCatchEntry_New.php
8 May 2019 15:20:10|29|kavitha@forstarfoods.com|DailyCatchEntry_New.php
8 May 2019 15:20:11|29|kavitha@forstarfoods.com|DailyCatchEntry_New.php
8 May 2019 15:20:12|29|kavitha@forstarfoods.com|DailyCatchEntry_New.php
8 May 2019 15:20:14|29|kavitha@forstarfoods.com|DailyCatchEntry_New.php
8 May 2019 15:20:15|29|kavitha@forstarfoods.com|DailyCatchEntry_New.php
8 May 2019 15:20:16|29|kavitha@forstarfoods.com|DailyCatchEntry_New.php
8 May 2019 15:20:17|29|kavitha@forstarfoods.com|DailyCatchEntry_New.php
8 May 2019 15:20:19|29|kavitha@forstarfoods.com|DailyCatchEntry_New.php
8 May 2019 15:20:59|29|kavitha@forstarfoods.com|DailyCatchEntry_New.php
8 May 2019 15:21:02|29|kavitha@forstarfoods.com|DailyCatchEntry_New.php
8 May 2019 15:21:04|29|kavitha@forstarfoods.com|CatchEntryDeclaredItem.php
8 May 2019 15:21:07|29|kavitha@forstarfoods.com|DailyCatchEntry_New.php
8 May 2019 15:21:10|29|kavitha@forstarfoods.com|DailyCatchEntry_New.php
8 May 2019 15:21:15|29|kavitha@forstarfoods.com|DailyCatchEntry_New.php
8 May 2019 15:21:16|29|kavitha@forstarfoods.com|DailyCatchEntry_New.php
8 May 2019 15:21:17|29|kavitha@forstarfoods.com|DailyCatchEntry_New.php
8 May 2019 15:21:19|29|kavitha@forstarfoods.com|DailyCatchEntry_New.php
8 May 2019 15:21:20|29|kavitha@forstarfoods.com|DailyCatchEntry_New.php
8 May 2019 15:21:21|29|kavitha@forstarfoods.com|DailyCatchEntry_New.php
8 May 2019 15:21:22|29|kavitha@forstarfoods.com|DailyCatchEntry_New.php
8 May 2019 15:21:24|29|kavitha@forstarfoods.com|DailyCatchEntry_New.php
8 May 2019 15:21:25|29|kavitha@forstarfoods.com|DailyCatchEntry_New.php
8 May 2019 15:21:26|29|kavitha@forstarfoods.com|DailyCatchEntry_New.php
8 May 2019 15:21:27|29|kavitha@forstarfoods.com|DailyCatchEntry_New.php
8 May 2019 15:21:29|29|kavitha@forstarfoods.com|DailyCatchEntry_New.php
8 May 2019 15:21:32|29|kavitha@forstarfoods.com|DailyCatchEntry_New.php
8 May 2019 15:21:34|29|kavitha@forstarfoods.com|DailyCatchEntry_New.php
8 May 2019 15:21:35|29|kavitha@forstarfoods.com|CatchEntryDeclaredItem.php
8 May 2019 15:21:38|29|kavitha@forstarfoods.com|DailyCatchEntry_New.php
8 May 2019 15:21:42|29|kavitha@forstarfoods.com|DailyCatchEntry_New.php
8 May 2019 15:21:45|29|kavitha@forstarfoods.com|DailyCatchEntry_New.php
8 May 2019 15:21:46|29|kavitha@forstarfoods.com|DailyCatchEntry_New.php
8 May 2019 15:21:48|29|kavitha@forstarfoods.com|DailyCatchEntry_New.php
8 May 2019 15:21:49|29|kavitha@forstarfoods.com|DailyCatchEntry_New.php
8 May 2019 15:21:50|29|kavitha@forstarfoods.com|DailyCatchEntry_New.php
8 May 2019 15:21:51|29|kavitha@forstarfoods.com|DailyCatchEntry_New.php
8 May 2019 15:21:53|29|kavitha@forstarfoods.com|DailyCatchEntry_New.php
8 May 2019 15:21:54|29|kavitha@forstarfoods.com|DailyCatchEntry_New.php
8 May 2019 15:21:55|29|kavitha@forstarfoods.com|DailyCatchEntry_New.php
8 May 2019 15:21:56|29|kavitha@forstarfoods.com|DailyCatchEntry_New.php
8 May 2019 15:21:58|29|kavitha@forstarfoods.com|DailyCatchEntry_New.php
8 May 2019 15:21:59|29|kavitha@forstarfoods.com|DailyCatchEntry_New.php
8 May 2019 15:22:03|29|kavitha@forstarfoods.com|DailyCatchEntry_New.php
8 May 2019 15:22:06|29|kavitha@forstarfoods.com|DailyCatchEntry_New.php
8 May 2019 15:22:07|29|kavitha@forstarfoods.com|CatchEntryDeclaredItem.php
8 May 2019 15:22:09|29|kavitha@forstarfoods.com|DailyCatchEntry_New.php
8 May 2019 15:22:12|29|kavitha@forstarfoods.com|DailyCatchEntry_New.php
8 May 2019 15:22:14|29|kavitha@forstarfoods.com|DailyCatchEntry_New.php
8 May 2019 15:22:15|29|kavitha@forstarfoods.com|DailyCatchEntry_New.php
8 May 2019 15:22:16|29|kavitha@forstarfoods.com|DailyCatchEntry_New.php
8 May 2019 15:22:18|29|kavitha@forstarfoods.com|DailyCatchEntry_New.php
8 May 2019 15:22:19|29|kavitha@forstarfoods.com|DailyCatchEntry_New.php
8 May 2019 15:22:20|29|kavitha@forstarfoods.com|DailyCatchEntry_New.php
8 May 2019 15:22:21|29|kavitha@forstarfoods.com|DailyCatchEntry_New.php
8 May 2019 15:22:23|29|kavitha@forstarfoods.com|DailyCatchEntry_New.php
8 May 2019 15:22:24|29|kavitha@forstarfoods.com|DailyCatchEntry_New.php
8 May 2019 15:22:25|29|kavitha@forstarfoods.com|DailyCatchEntry_New.php
8 May 2019 15:22:26|29|kavitha@forstarfoods.com|DailyCatchEntry_New.php
8 May 2019 15:22:28|29|kavitha@forstarfoods.com|DailyCatchEntry_New.php
8 May 2019 15:22:29|29|kavitha@forstarfoods.com|DailyCatchEntry_New.php
8 May 2019 15:22:31|29|kavitha@forstarfoods.com|DailyCatchEntry_New.php
8 May 2019 15:22:33|29|kavitha@forstarfoods.com|CatchEntryDeclaredItem.php
8 May 2019 15:22:34|29|kavitha@forstarfoods.com|DailyCatchEntry_New.php
8 May 2019 15:22:37|29|kavitha@forstarfoods.com|DailyCatchEntry_New.php
8 May 2019 15:22:42|29|kavitha@forstarfoods.com|DailyCatchEntry_New.php
8 May 2019 15:22:43|29|kavitha@forstarfoods.com|DailyCatchEntry_New.php
8 May 2019 15:22:44|29|kavitha@forstarfoods.com|DailyCatchEntry_New.php
8 May 2019 15:22:45|29|kavitha@forstarfoods.com|DailyCatchEntry_New.php
8 May 2019 15:22:47|29|kavitha@forstarfoods.com|DailyCatchEntry_New.php
8 May 2019 15:22:48|29|kavitha@forstarfoods.com|DailyCatchEntry_New.php
8 May 2019 15:22:49|29|kavitha@forstarfoods.com|DailyCatchEntry_New.php
8 May 2019 15:22:50|29|kavitha@forstarfoods.com|DailyCatchEntry_New.php
8 May 2019 15:22:52|29|kavitha@forstarfoods.com|DailyCatchEntry_New.php
8 May 2019 15:22:53|29|kavitha@forstarfoods.com|DailyCatchEntry_New.php
8 May 2019 15:22:54|29|kavitha@forstarfoods.com|DailyCatchEntry_New.php
8 May 2019 15:22:55|29|kavitha@forstarfoods.com|DailyCatchEntry_New.php
8 May 2019 15:23:00|29|kavitha@forstarfoods.com|DailyCatchEntry_New.php
8 May 2019 15:23:03|29|kavitha@forstarfoods.com|DailyCatchEntry_New.php
8 May 2019 15:23:04|29|kavitha@forstarfoods.com|CatchEntryDeclaredItem.php
8 May 2019 15:23:06|29|kavitha@forstarfoods.com|DailyCatchEntry_New.php
8 May 2019 15:23:09|29|kavitha@forstarfoods.com|DailyCatchEntry_New.php
8 May 2019 15:23:11|29|kavitha@forstarfoods.com|DailyCatchEntry_New.php
8 May 2019 15:23:12|29|kavitha@forstarfoods.com|DailyCatchEntry_New.php
8 May 2019 15:23:14|29|kavitha@forstarfoods.com|DailyCatchEntry_New.php
8 May 2019 15:23:15|29|kavitha@forstarfoods.com|DailyCatchEntry_New.php
8 May 2019 15:23:16|29|kavitha@forstarfoods.com|DailyCatchEntry_New.php
8 May 2019 15:23:17|29|kavitha@forstarfoods.com|DailyCatchEntry_New.php
8 May 2019 15:23:19|29|kavitha@forstarfoods.com|DailyCatchEntry_New.php
8 May 2019 15:23:20|29|kavitha@forstarfoods.com|DailyCatchEntry_New.php
8 May 2019 15:23:21|29|kavitha@forstarfoods.com|DailyCatchEntry_New.php
8 May 2019 15:23:23|29|kavitha@forstarfoods.com|DailyCatchEntry_New.php
8 May 2019 15:23:24|29|kavitha@forstarfoods.com|DailyCatchEntry_New.php
8 May 2019 15:23:25|29|kavitha@forstarfoods.com|DailyCatchEntry_New.php
8 May 2019 15:23:26|29|kavitha@forstarfoods.com|DailyCatchEntry_New.php
8 May 2019 15:23:29|30|pritirm@forstarfoods.com|Home.php
8 May 2019 15:23:34|29|kavitha@forstarfoods.com|DailyCatchEntry_New.php
8 May 2019 15:23:35|30|pritirm@forstarfoods.com|DailyCatchEntry_New.php
8 May 2019 15:23:40|29|kavitha@forstarfoods.com|DailyCatchEntry_New.php
8 May 2019 15:23:41|29|kavitha@forstarfoods.com|CatchEntryDeclaredItem.php
8 May 2019 15:23:51|30|pritirm@forstarfoods.com|DailyCatchEntry_New.php
8 May 2019 15:23:53|30|pritirm@forstarfoods.com|DailyCatchEntry_New.php
8 May 2019 15:23:54|30|pritirm@forstarfoods.com|DailyCatchEntry_New.php
8 May 2019 15:23:56|30|pritirm@forstarfoods.com|DailyCatchEntry_New.php
8 May 2019 15:23:57|30|pritirm@forstarfoods.com|CatchEntryDeclaredItem.php
8 May 2019 15:23:58|30|pritirm@forstarfoods.com|DailyCatchEntry_New.php
8 May 2019 15:24:04|29|kavitha@forstarfoods.com|DailyCatchEntry_New.php
8 May 2019 15:24:06|29|kavitha@forstarfoods.com|DailyCatchEntry_New.php
8 May 2019 15:24:07|29|kavitha@forstarfoods.com|DailyCatchEntry_New.php
8 May 2019 15:24:09|29|kavitha@forstarfoods.com|DailyCatchEntry_New.php
8 May 2019 15:24:23|29|kavitha@forstarfoods.com|DailyCatchEntry_New.php
8 May 2019 15:24:24|29|kavitha@forstarfoods.com|CatchEntryDeclaredItem.php
8 May 2019 15:24:32|30|pritirm@forstarfoods.com|DailyCatchEntry_New.php
8 May 2019 15:24:33|30|pritirm@forstarfoods.com|DailyCatchEntry_New.php
8 May 2019 15:24:34|30|pritirm@forstarfoods.com|DailyCatchEntry_New.php
8 May 2019 15:24:36|30|pritirm@forstarfoods.com|DailyCatchEntry_New.php
8 May 2019 15:24:37|30|pritirm@forstarfoods.com|DailyCatchEntry_New.php
8 May 2019 15:24:39|30|pritirm@forstarfoods.com|DailyCatchEntry_New.php
8 May 2019 15:24:40|30|pritirm@forstarfoods.com|DailyCatchEntry_New.php
8 May 2019 15:24:41|30|pritirm@forstarfoods.com|DailyCatchEntry_New.php
8 May 2019 15:24:49|30|pritirm@forstarfoods.com|DailyCatchEntry_New.php
8 May 2019 15:24:52|29|kavitha@forstarfoods.com|DailyCatchEntry_New.php
8 May 2019 15:24:55|30|pritirm@forstarfoods.com|DailyCatchEntry_New.php
8 May 2019 15:24:56|29|kavitha@forstarfoods.com|DailyCatchEntry_New.php
8 May 2019 15:24:57|30|pritirm@forstarfoods.com|CatchEntryDeclaredItem.php
8 May 2019 15:24:58|29|kavitha@forstarfoods.com|DailyCatchEntry_New.php
8 May 2019 15:25:01|29|kavitha@forstarfoods.com|DailyCatchEntry_New.php
8 May 2019 15:25:02|29|kavitha@forstarfoods.com|DailyCatchEntry_New.php
8 May 2019 15:25:03|29|kavitha@forstarfoods.com|DailyCatchEntry_New.php
8 May 2019 15:25:04|29|kavitha@forstarfoods.com|DailyCatchEntry_New.php
8 May 2019 15:25:06|29|kavitha@forstarfoods.com|DailyCatchEntry_New.php
8 May 2019 15:25:07|29|kavitha@forstarfoods.com|DailyCatchEntry_New.php
8 May 2019 15:25:08|29|kavitha@forstarfoods.com|DailyCatchEntry_New.php
8 May 2019 15:25:09|29|kavitha@forstarfoods.com|DailyCatchEntry_New.php
8 May 2019 15:25:10|30|pritirm@forstarfoods.com|DailyCatchEntry_New.php
8 May 2019 15:25:10|29|kavitha@forstarfoods.com|DailyCatchEntry_New.php
8 May 2019 15:25:12|29|kavitha@forstarfoods.com|DailyCatchEntry_New.php
8 May 2019 15:25:13|29|kavitha@forstarfoods.com|DailyCatchEntry_New.php
8 May 2019 15:25:14|29|kavitha@forstarfoods.com|DailyCatchEntry_New.php
8 May 2019 15:25:15|29|kavitha@forstarfoods.com|DailyCatchEntry_New.php
8 May 2019 15:25:18|29|kavitha@forstarfoods.com|DailyCatchEntry_New.php
8 May 2019 15:25:19|29|kavitha@forstarfoods.com|CatchEntryDeclaredItem.php
8 May 2019 15:25:22|29|kavitha@forstarfoods.com|DailyCatchEntry_New.php
8 May 2019 15:25:24|29|kavitha@forstarfoods.com|DailyCatchEntry_New.php
8 May 2019 15:25:26|30|pritirm@forstarfoods.com|DailyCatchEntry_New.php
8 May 2019 15:25:26|29|kavitha@forstarfoods.com|DailyCatchEntry_New.php
8 May 2019 15:25:27|30|pritirm@forstarfoods.com|DailyCatchEntry_New.php
8 May 2019 15:25:27|29|kavitha@forstarfoods.com|DailyCatchEntry_New.php
8 May 2019 15:25:29|29|kavitha@forstarfoods.com|DailyCatchEntry_New.php
8 May 2019 15:25:30|29|kavitha@forstarfoods.com|DailyCatchEntry_New.php
8 May 2019 15:25:31|29|kavitha@forstarfoods.com|DailyCatchEntry_New.php
8 May 2019 15:25:32|29|kavitha@forstarfoods.com|DailyCatchEntry_New.php
8 May 2019 15:25:33|29|kavitha@forstarfoods.com|DailyCatchEntry_New.php
8 May 2019 15:25:35|29|kavitha@forstarfoods.com|DailyCatchEntry_New.php
8 May 2019 15:25:36|29|kavitha@forstarfoods.com|DailyCatchEntry_New.php
8 May 2019 15:25:37|29|kavitha@forstarfoods.com|DailyCatchEntry_New.php
8 May 2019 15:25:38|29|kavitha@forstarfoods.com|DailyCatchEntry_New.php
8 May 2019 15:25:40|29|kavitha@forstarfoods.com|DailyCatchEntry_New.php
8 May 2019 15:25:46|29|kavitha@forstarfoods.com|DailyCatchEntry_New.php
8 May 2019 15:25:48|29|kavitha@forstarfoods.com|DailyCatchEntry_New.php
8 May 2019 15:25:49|29|kavitha@forstarfoods.com|CatchEntryDeclaredItem.php
8 May 2019 15:25:51|29|kavitha@forstarfoods.com|DailyCatchEntry_New.php
8 May 2019 15:25:53|29|kavitha@forstarfoods.com|DailyCatchEntry_New.php
8 May 2019 15:25:55|29|kavitha@forstarfoods.com|DailyCatchEntry_New.php
8 May 2019 15:25:57|29|kavitha@forstarfoods.com|DailyCatchEntry_New.php
8 May 2019 15:25:58|29|kavitha@forstarfoods.com|DailyCatchEntry_New.php
8 May 2019 15:25:59|29|kavitha@forstarfoods.com|DailyCatchEntry_New.php
8 May 2019 15:26:00|29|kavitha@forstarfoods.com|DailyCatchEntry_New.php
8 May 2019 15:26:01|29|kavitha@forstarfoods.com|DailyCatchEntry_New.php
8 May 2019 15:26:03|29|kavitha@forstarfoods.com|DailyCatchEntry_New.php
8 May 2019 15:26:04|29|kavitha@forstarfoods.com|DailyCatchEntry_New.php
8 May 2019 15:26:05|29|kavitha@forstarfoods.com|DailyCatchEntry_New.php
8 May 2019 15:26:06|29|kavitha@forstarfoods.com|DailyCatchEntry_New.php
8 May 2019 15:26:08|29|kavitha@forstarfoods.com|DailyCatchEntry_New.php
8 May 2019 15:26:09|29|kavitha@forstarfoods.com|DailyCatchEntry_New.php
8 May 2019 15:26:11|29|kavitha@forstarfoods.com|DailyCatchEntry_New.php
8 May 2019 15:26:13|29|kavitha@forstarfoods.com|DailyCatchEntry_New.php
8 May 2019 15:26:14|29|kavitha@forstarfoods.com|CatchEntryDeclaredItem.php
8 May 2019 15:26:16|29|kavitha@forstarfoods.com|DailyCatchEntry_New.php
8 May 2019 15:26:17|30|pritirm@forstarfoods.com|DailyCatchEntry_New.php
8 May 2019 15:26:19|29|kavitha@forstarfoods.com|DailyCatchEntry_New.php
8 May 2019 15:26:20|30|pritirm@forstarfoods.com|DailyCatchEntry_New.php
8 May 2019 15:26:22|29|kavitha@forstarfoods.com|DailyCatchEntry_New.php
8 May 2019 15:26:23|29|kavitha@forstarfoods.com|DailyCatchEntry_New.php
8 May 2019 15:26:24|29|kavitha@forstarfoods.com|DailyCatchEntry_New.php
8 May 2019 15:26:25|29|kavitha@forstarfoods.com|DailyCatchEntry_New.php
8 May 2019 15:26:26|30|pritirm@forstarfoods.com|DailyCatchEntry_New.php
8 May 2019 15:26:27|29|kavitha@forstarfoods.com|DailyCatchEntry_New.php
8 May 2019 15:26:28|30|pritirm@forstarfoods.com|DailyCatchEntry_New.php
8 May 2019 15:26:28|29|kavitha@forstarfoods.com|DailyCatchEntry_New.php
8 May 2019 15:26:29|30|pritirm@forstarfoods.com|DailyCatchEntry_New.php
8 May 2019 15:26:29|29|kavitha@forstarfoods.com|DailyCatchEntry_New.php
8 May 2019 15:26:30|30|pritirm@forstarfoods.com|DailyCatchEntry_New.php
8 May 2019 15:26:30|29|kavitha@forstarfoods.com|DailyCatchEntry_New.php
8 May 2019 15:26:31|30|pritirm@forstarfoods.com|DailyCatchEntry_New.php
8 May 2019 15:26:31|29|kavitha@forstarfoods.com|DailyCatchEntry_New.php
8 May 2019 15:26:33|30|pritirm@forstarfoods.com|DailyCatchEntry_New.php
8 May 2019 15:26:33|29|kavitha@forstarfoods.com|DailyCatchEntry_New.php
8 May 2019 15:26:34|29|kavitha@forstarfoods.com|DailyCatchEntry_New.php
8 May 2019 15:26:35|29|kavitha@forstarfoods.com|DailyCatchEntry_New.php
8 May 2019 15:26:37|30|pritirm@forstarfoods.com|DailyCatchEntry_New.php
8 May 2019 15:26:39|29|kavitha@forstarfoods.com|DailyCatchEntry_New.php
8 May 2019 15:26:41|30|pritirm@forstarfoods.com|DailyCatchEntry_New.php
8 May 2019 15:26:42|29|kavitha@forstarfoods.com|DailyCatchEntry_New.php
8 May 2019 15:26:42|30|pritirm@forstarfoods.com|CatchEntryDeclaredItem.php
8 May 2019 15:26:43|29|kavitha@forstarfoods.com|CatchEntryDeclaredItem.php
8 May 2019 15:26:47|29|kavitha@forstarfoods.com|DailyCatchEntry_New.php
8 May 2019 15:26:49|30|pritirm@forstarfoods.com|DailyCatchEntry_New.php
8 May 2019 15:26:50|29|kavitha@forstarfoods.com|DailyCatchEntry_New.php
8 May 2019 15:26:50|30|pritirm@forstarfoods.com|DailyCatchEntry_New.php
8 May 2019 15:26:53|30|pritirm@forstarfoods.com|DailyCatchEntry_New.php
8 May 2019 15:26:53|29|kavitha@forstarfoods.com|DailyCatchEntry_New.php
8 May 2019 15:26:54|30|pritirm@forstarfoods.com|DailyCatchEntry_New.php
8 May 2019 15:26:54|29|kavitha@forstarfoods.com|DailyCatchEntry_New.php
8 May 2019 15:26:55|30|pritirm@forstarfoods.com|DailyCatchEntry_New.php
8 May 2019 15:26:56|29|kavitha@forstarfoods.com|DailyCatchEntry_New.php
8 May 2019 15:26:57|30|pritirm@forstarfoods.com|DailyCatchEntry_New.php
8 May 2019 15:26:57|29|kavitha@forstarfoods.com|DailyCatchEntry_New.php
8 May 2019 15:26:58|30|pritirm@forstarfoods.com|DailyCatchEntry_New.php
8 May 2019 15:26:58|29|kavitha@forstarfoods.com|DailyCatchEntry_New.php
8 May 2019 15:26:59|30|pritirm@forstarfoods.com|DailyCatchEntry_New.php
8 May 2019 15:26:59|29|kavitha@forstarfoods.com|DailyCatchEntry_New.php
8 May 2019 15:27:01|29|kavitha@forstarfoods.com|DailyCatchEntry_New.php
8 May 2019 15:27:01|30|pritirm@forstarfoods.com|DailyCatchEntry_New.php
8 May 2019 15:27:02|29|kavitha@forstarfoods.com|DailyCatchEntry_New.php
8 May 2019 15:27:03|29|kavitha@forstarfoods.com|DailyCatchEntry_New.php
8 May 2019 15:27:04|30|pritirm@forstarfoods.com|DailyCatchEntry_New.php
8 May 2019 15:27:04|29|kavitha@forstarfoods.com|DailyCatchEntry_New.php
8 May 2019 15:27:05|30|pritirm@forstarfoods.com|CatchEntryDeclaredItem.php
8 May 2019 15:27:05|29|kavitha@forstarfoods.com|DailyCatchEntry_New.php
8 May 2019 15:27:07|29|kavitha@forstarfoods.com|DailyCatchEntry_New.php
8 May 2019 15:27:08|29|kavitha@forstarfoods.com|DailyCatchEntry_New.php
8 May 2019 15:27:09|30|pritirm@forstarfoods.com|DailyCatchEntry_New.php
8 May 2019 15:27:11|29|kavitha@forstarfoods.com|DailyCatchEntry_New.php
8 May 2019 15:27:13|30|pritirm@forstarfoods.com|DailyCatchEntry_New.php
8 May 2019 15:27:13|29|kavitha@forstarfoods.com|CatchEntryDeclaredItem.php
8 May 2019 15:27:17|29|kavitha@forstarfoods.com|DailyCatchEntry_New.php
8 May 2019 15:27:20|29|kavitha@forstarfoods.com|DailyCatchEntry_New.php
8 May 2019 15:27:23|29|kavitha@forstarfoods.com|DailyCatchEntry_New.php
8 May 2019 15:27:25|29|kavitha@forstarfoods.com|DailyCatchEntry_New.php
8 May 2019 15:27:26|29|kavitha@forstarfoods.com|DailyCatchEntry_New.php
8 May 2019 15:27:27|30|pritirm@forstarfoods.com|DailyCatchEntry_New.php
8 May 2019 15:27:27|29|kavitha@forstarfoods.com|DailyCatchEntry_New.php
8 May 2019 15:27:28|30|pritirm@forstarfoods.com|DailyCatchEntry_New.php
8 May 2019 15:27:28|29|kavitha@forstarfoods.com|DailyCatchEntry_New.php
8 May 2019 15:27:29|30|pritirm@forstarfoods.com|DailyCatchEntry_New.php
8 May 2019 15:27:30|29|kavitha@forstarfoods.com|DailyCatchEntry_New.php
8 May 2019 15:27:30|30|pritirm@forstarfoods.com|DailyCatchEntry_New.php
8 May 2019 15:27:31|29|kavitha@forstarfoods.com|DailyCatchEntry_New.php
8 May 2019 15:27:32|30|pritirm@forstarfoods.com|DailyCatchEntry_New.php
8 May 2019 15:27:32|29|kavitha@forstarfoods.com|DailyCatchEntry_New.php
8 May 2019 15:27:33|30|pritirm@forstarfoods.com|DailyCatchEntry_New.php
8 May 2019 15:27:33|29|kavitha@forstarfoods.com|DailyCatchEntry_New.php
8 May 2019 15:27:34|30|pritirm@forstarfoods.com|DailyCatchEntry_New.php
8 May 2019 15:27:34|29|kavitha@forstarfoods.com|DailyCatchEntry_New.php
8 May 2019 15:27:36|29|kavitha@forstarfoods.com|DailyCatchEntry_New.php
8 May 2019 15:27:37|29|kavitha@forstarfoods.com|DailyCatchEntry_New.php
8 May 2019 15:27:38|30|pritirm@forstarfoods.com|DailyCatchEntry_New.php
8 May 2019 15:27:39|30|pritirm@forstarfoods.com|CatchEntryDeclaredItem.php
8 May 2019 15:27:40|29|kavitha@forstarfoods.com|DailyCatchEntry_New.php
8 May 2019 15:27:42|29|kavitha@forstarfoods.com|DailyCatchEntry_New.php
8 May 2019 15:27:44|29|kavitha@forstarfoods.com|CatchEntryDeclaredItem.php
8 May 2019 15:27:45|29|kavitha@forstarfoods.com|DailyCatchEntry_New.php
8 May 2019 15:27:48|29|kavitha@forstarfoods.com|DailyCatchEntry_New.php
8 May 2019 15:27:50|29|kavitha@forstarfoods.com|DailyCatchEntry_New.php
8 May 2019 15:27:51|29|kavitha@forstarfoods.com|DailyCatchEntry_New.php
8 May 2019 15:27:53|29|kavitha@forstarfoods.com|DailyCatchEntry_New.php
8 May 2019 15:27:54|29|kavitha@forstarfoods.com|DailyCatchEntry_New.php
8 May 2019 15:27:55|29|kavitha@forstarfoods.com|DailyCatchEntry_New.php
8 May 2019 15:27:56|29|kavitha@forstarfoods.com|DailyCatchEntry_New.php
8 May 2019 15:27:58|29|kavitha@forstarfoods.com|DailyCatchEntry_New.php
8 May 2019 15:27:59|29|kavitha@forstarfoods.com|DailyCatchEntry_New.php
8 May 2019 15:28:00|29|kavitha@forstarfoods.com|DailyCatchEntry_New.php
8 May 2019 15:28:01|29|kavitha@forstarfoods.com|DailyCatchEntry_New.php
8 May 2019 15:28:03|29|kavitha@forstarfoods.com|DailyCatchEntry_New.php
8 May 2019 15:28:04|29|kavitha@forstarfoods.com|DailyCatchEntry_New.php
8 May 2019 15:28:05|29|kavitha@forstarfoods.com|DailyCatchEntry_New.php
8 May 2019 15:28:08|29|kavitha@forstarfoods.com|DailyCatchEntry_New.php
8 May 2019 15:28:09|29|kavitha@forstarfoods.com|CatchEntryDeclaredItem.php
8 May 2019 15:28:28|29|kavitha@forstarfoods.com|DailyCatchEntry_New.php
8 May 2019 15:28:31|29|kavitha@forstarfoods.com|DailyCatchEntry_New.php
8 May 2019 15:28:33|29|kavitha@forstarfoods.com|DailyCatchEntry_New.php
8 May 2019 15:28:34|29|kavitha@forstarfoods.com|DailyCatchEntry_New.php
8 May 2019 15:28:36|29|kavitha@forstarfoods.com|DailyCatchEntry_New.php
8 May 2019 15:28:42|29|kavitha@forstarfoods.com|DailyCatchEntry_New.php
8 May 2019 15:28:43|29|kavitha@forstarfoods.com|CatchEntryDeclaredItem.php
8 May 2019 15:28:53|30|pritirm@forstarfoods.com|DailyCatchEntry_New.php
8 May 2019 15:28:54|29|kavitha@forstarfoods.com|DailyCatchEntry_New.php
8 May 2019 15:28:58|29|kavitha@forstarfoods.com|DailyCatchEntry_New.php
8 May 2019 15:29:00|29|kavitha@forstarfoods.com|DailyCatchEntry_New.php
8 May 2019 15:29:02|29|kavitha@forstarfoods.com|DailyCatchEntry_New.php
8 May 2019 15:29:03|29|kavitha@forstarfoods.com|DailyCatchEntry_New.php
8 May 2019 15:29:05|29|kavitha@forstarfoods.com|DailyCatchEntry_New.php
8 May 2019 15:29:06|29|kavitha@forstarfoods.com|DailyCatchEntry_New.php
8 May 2019 15:29:07|29|kavitha@forstarfoods.com|DailyCatchEntry_New.php
8 May 2019 15:29:08|29|kavitha@forstarfoods.com|DailyCatchEntry_New.php
8 May 2019 15:29:09|29|kavitha@forstarfoods.com|DailyCatchEntry_New.php
8 May 2019 15:29:11|29|kavitha@forstarfoods.com|DailyCatchEntry_New.php
8 May 2019 15:29:12|29|kavitha@forstarfoods.com|DailyCatchEntry_New.php
8 May 2019 15:29:13|29|kavitha@forstarfoods.com|DailyCatchEntry_New.php
8 May 2019 15:29:14|29|kavitha@forstarfoods.com|DailyCatchEntry_New.php
8 May 2019 15:29:16|29|kavitha@forstarfoods.com|DailyCatchEntry_New.php
8 May 2019 15:29:24|29|kavitha@forstarfoods.com|DailyCatchEntry_New.php
8 May 2019 15:29:26|29|kavitha@forstarfoods.com|DailyCatchEntry_New.php
8 May 2019 15:29:27|29|kavitha@forstarfoods.com|CatchEntryDeclaredItem.php
8 May 2019 15:29:29|29|kavitha@forstarfoods.com|DailyCatchEntry_New.php
8 May 2019 15:29:31|29|kavitha@forstarfoods.com|DailyCatchEntry_New.php
8 May 2019 15:29:34|29|kavitha@forstarfoods.com|DailyCatchEntry_New.php
8 May 2019 15:29:35|29|kavitha@forstarfoods.com|DailyCatchEntry_New.php
8 May 2019 15:29:36|29|kavitha@forstarfoods.com|DailyCatchEntry_New.php
8 May 2019 15:29:37|29|kavitha@forstarfoods.com|DailyCatchEntry_New.php
8 May 2019 15:29:38|29|kavitha@forstarfoods.com|DailyCatchEntry_New.php
8 May 2019 15:29:40|29|kavitha@forstarfoods.com|DailyCatchEntry_New.php
8 May 2019 15:29:41|29|kavitha@forstarfoods.com|DailyCatchEntry_New.php
8 May 2019 15:29:42|29|kavitha@forstarfoods.com|DailyCatchEntry_New.php
8 May 2019 15:29:43|29|kavitha@forstarfoods.com|DailyCatchEntry_New.php
8 May 2019 15:29:45|29|kavitha@forstarfoods.com|DailyCatchEntry_New.php
8 May 2019 15:29:46|29|kavitha@forstarfoods.com|DailyCatchEntry_New.php
8 May 2019 15:29:47|29|kavitha@forstarfoods.com|DailyCatchEntry_New.php
8 May 2019 15:29:48|29|kavitha@forstarfoods.com|DailyCatchEntry_New.php
8 May 2019 15:29:51|29|kavitha@forstarfoods.com|DailyCatchEntry_New.php
8 May 2019 15:29:52|29|kavitha@forstarfoods.com|CatchEntryDeclaredItem.php
8 May 2019 15:30:01|29|kavitha@forstarfoods.com|DailyCatchEntry_New.php
8 May 2019 15:30:04|29|kavitha@forstarfoods.com|DailyCatchEntry_New.php
8 May 2019 15:30:07|29|kavitha@forstarfoods.com|DailyCatchEntry_New.php
8 May 2019 15:30:08|29|kavitha@forstarfoods.com|DailyCatchEntry_New.php
8 May 2019 15:30:09|29|kavitha@forstarfoods.com|DailyCatchEntry_New.php
8 May 2019 15:30:10|29|kavitha@forstarfoods.com|DailyCatchEntry_New.php
8 May 2019 15:30:12|29|kavitha@forstarfoods.com|DailyCatchEntry_New.php
8 May 2019 15:30:13|29|kavitha@forstarfoods.com|DailyCatchEntry_New.php
8 May 2019 15:30:14|29|kavitha@forstarfoods.com|DailyCatchEntry_New.php
8 May 2019 15:30:15|29|kavitha@forstarfoods.com|DailyCatchEntry_New.php
8 May 2019 15:30:16|29|kavitha@forstarfoods.com|DailyCatchEntry_New.php
8 May 2019 15:30:18|29|kavitha@forstarfoods.com|DailyCatchEntry_New.php
8 May 2019 15:30:19|29|kavitha@forstarfoods.com|DailyCatchEntry_New.php
8 May 2019 15:30:20|29|kavitha@forstarfoods.com|DailyCatchEntry_New.php
8 May 2019 15:30:21|29|kavitha@forstarfoods.com|DailyCatchEntry_New.php
8 May 2019 15:30:24|29|kavitha@forstarfoods.com|DailyCatchEntry_New.php
8 May 2019 15:30:25|29|kavitha@forstarfoods.com|CatchEntryDeclaredItem.php
8 May 2019 15:30:27|29|kavitha@forstarfoods.com|DailyCatchEntry_New.php
8 May 2019 15:30:30|29|kavitha@forstarfoods.com|DailyCatchEntry_New.php
8 May 2019 15:30:32|29|kavitha@forstarfoods.com|DailyCatchEntry_New.php
8 May 2019 15:30:33|29|kavitha@forstarfoods.com|DailyCatchEntry_New.php
8 May 2019 15:30:34|29|kavitha@forstarfoods.com|DailyCatchEntry_New.php
8 May 2019 15:30:35|29|kavitha@forstarfoods.com|DailyCatchEntry_New.php
8 May 2019 15:30:37|29|kavitha@forstarfoods.com|DailyCatchEntry_New.php
8 May 2019 15:30:38|29|kavitha@forstarfoods.com|DailyCatchEntry_New.php
8 May 2019 15:30:39|29|kavitha@forstarfoods.com|DailyCatchEntry_New.php
8 May 2019 15:30:40|29|kavitha@forstarfoods.com|DailyCatchEntry_New.php
8 May 2019 15:30:42|29|kavitha@forstarfoods.com|DailyCatchEntry_New.php
8 May 2019 15:30:43|29|kavitha@forstarfoods.com|DailyCatchEntry_New.php
8 May 2019 15:30:44|29|kavitha@forstarfoods.com|DailyCatchEntry_New.php
8 May 2019 15:30:45|29|kavitha@forstarfoods.com|DailyCatchEntry_New.php
8 May 2019 15:30:46|29|kavitha@forstarfoods.com|DailyCatchEntry_New.php
8 May 2019 15:30:49|29|kavitha@forstarfoods.com|DailyCatchEntry_New.php
8 May 2019 15:30:50|29|kavitha@forstarfoods.com|CatchEntryDeclaredItem.php
8 May 2019 15:30:53|29|kavitha@forstarfoods.com|DailyCatchEntry_New.php
8 May 2019 15:30:56|29|kavitha@forstarfoods.com|DailyCatchEntry_New.php
8 May 2019 15:30:59|29|kavitha@forstarfoods.com|DailyCatchEntry_New.php
8 May 2019 15:31:01|29|kavitha@forstarfoods.com|DailyCatchEntry_New.php
8 May 2019 15:31:02|29|kavitha@forstarfoods.com|DailyCatchEntry_New.php
8 May 2019 15:31:04|29|kavitha@forstarfoods.com|DailyCatchEntry_New.php
8 May 2019 15:31:05|29|kavitha@forstarfoods.com|DailyCatchEntry_New.php
8 May 2019 15:31:06|29|kavitha@forstarfoods.com|DailyCatchEntry_New.php
8 May 2019 15:31:08|29|kavitha@forstarfoods.com|DailyCatchEntry_New.php
8 May 2019 15:31:09|29|kavitha@forstarfoods.com|DailyCatchEntry_New.php
8 May 2019 15:31:10|29|kavitha@forstarfoods.com|DailyCatchEntry_New.php
8 May 2019 15:31:11|29|kavitha@forstarfoods.com|DailyCatchEntry_New.php
8 May 2019 15:31:13|29|kavitha@forstarfoods.com|DailyCatchEntry_New.php
8 May 2019 15:31:14|29|kavitha@forstarfoods.com|DailyCatchEntry_New.php
8 May 2019 15:32:36|29|kavitha@forstarfoods.com|DailyCatchEntry_New.php
8 May 2019 15:32:38|29|kavitha@forstarfoods.com|DailyCatchEntry_New.php
8 May 2019 15:32:39|29|kavitha@forstarfoods.com|CatchEntryDeclaredItem.php
8 May 2019 15:32:41|29|kavitha@forstarfoods.com|DailyCatchEntry_New.php
8 May 2019 15:32:44|29|kavitha@forstarfoods.com|DailyCatchEntry_New.php
8 May 2019 15:32:48|29|kavitha@forstarfoods.com|DailyCatchEntry_New.php
8 May 2019 15:32:50|29|kavitha@forstarfoods.com|DailyCatchEntry_New.php
8 May 2019 15:32:51|29|kavitha@forstarfoods.com|DailyCatchEntry_New.php
8 May 2019 15:32:52|29|kavitha@forstarfoods.com|DailyCatchEntry_New.php
8 May 2019 15:32:54|29|kavitha@forstarfoods.com|DailyCatchEntry_New.php
8 May 2019 15:32:55|29|kavitha@forstarfoods.com|DailyCatchEntry_New.php
8 May 2019 15:32:57|29|kavitha@forstarfoods.com|DailyCatchEntry_New.php
8 May 2019 15:32:58|29|kavitha@forstarfoods.com|DailyCatchEntry_New.php
8 May 2019 15:33:00|29|kavitha@forstarfoods.com|DailyCatchEntry_New.php
8 May 2019 15:33:01|29|kavitha@forstarfoods.com|DailyCatchEntry_New.php
8 May 2019 15:33:02|29|kavitha@forstarfoods.com|DailyCatchEntry_New.php
8 May 2019 15:33:03|29|kavitha@forstarfoods.com|DailyCatchEntry_New.php
8 May 2019 15:33:29|29|kavitha@forstarfoods.com|DailyCatchEntry_New.php
8 May 2019 15:33:54|30|pritirm@forstarfoods.com|DailyCatchEntry_New.php
8 May 2019 15:34:18|29|kavitha@forstarfoods.com|DailyCatchEntry_New.php
8 May 2019 15:34:21|29|kavitha@forstarfoods.com|DailyCatchEntry_New.php
8 May 2019 15:34:22|29|kavitha@forstarfoods.com|CatchEntryDeclaredItem.php
8 May 2019 15:34:24|29|kavitha@forstarfoods.com|DailyCatchEntry_New.php
8 May 2019 15:34:27|29|kavitha@forstarfoods.com|DailyCatchEntry_New.php
8 May 2019 15:34:29|29|kavitha@forstarfoods.com|DailyCatchEntry_New.php
8 May 2019 15:34:30|29|kavitha@forstarfoods.com|DailyCatchEntry_New.php
8 May 2019 15:34:31|29|kavitha@forstarfoods.com|DailyCatchEntry_New.php
8 May 2019 15:34:33|29|kavitha@forstarfoods.com|DailyCatchEntry_New.php
8 May 2019 15:34:34|29|kavitha@forstarfoods.com|DailyCatchEntry_New.php
8 May 2019 15:34:35|29|kavitha@forstarfoods.com|DailyCatchEntry_New.php
8 May 2019 15:34:37|29|kavitha@forstarfoods.com|DailyCatchEntry_New.php
8 May 2019 15:34:38|29|kavitha@forstarfoods.com|DailyCatchEntry_New.php
8 May 2019 15:34:40|29|kavitha@forstarfoods.com|DailyCatchEntry_New.php
8 May 2019 15:34:41|29|kavitha@forstarfoods.com|DailyCatchEntry_New.php
8 May 2019 15:34:42|29|kavitha@forstarfoods.com|DailyCatchEntry_New.php
8 May 2019 15:34:43|29|kavitha@forstarfoods.com|DailyCatchEntry_New.php
8 May 2019 15:34:52|29|kavitha@forstarfoods.com|DailyCatchEntry_New.php
8 May 2019 15:34:54|29|kavitha@forstarfoods.com|DailyCatchEntry_New.php
8 May 2019 15:34:55|29|kavitha@forstarfoods.com|CatchEntryDeclaredItem.php
8 May 2019 15:38:30|29|kavitha@forstarfoods.com|DailyCatchEntry_New.php
8 May 2019 15:38:56|30|pritirm@forstarfoods.com|DailyCatchEntry_New.php
8 May 2019 15:43:31|29|kavitha@forstarfoods.com|DailyCatchEntry_New.php
8 May 2019 15:43:57|30|pritirm@forstarfoods.com|DailyCatchEntry_New.php
8 May 2019 15:48:33|29|kavitha@forstarfoods.com|DailyCatchEntry_New.php
8 May 2019 15:48:58|30|pritirm@forstarfoods.com|DailyCatchEntry_New.php
8 May 2019 15:53:34|29|kavitha@forstarfoods.com|DailyCatchEntry_New.php
8 May 2019 15:54:00|30|pritirm@forstarfoods.com|DailyCatchEntry_New.php
8 May 2019 15:58:35|29|kavitha@forstarfoods.com|DailyCatchEntry_New.php
8 May 2019 15:59:01|30|pritirm@forstarfoods.com|DailyCatchEntry_New.php
8 May 2019 16:01:00|30|pritirm@forstarfoods.com|DailyCatchEntry_New.php
8 May 2019 16:01:00|28|pratiksha@forstarfoods.com|Home.php
8 May 2019 16:01:01|30|pritirm@forstarfoods.com|DailyCatchEntry_New.php
8 May 2019 16:01:02|30|pritirm@forstarfoods.com|DailyCatchEntry_New.php
8 May 2019 16:01:06|30|pritirm@forstarfoods.com|DailyCatchEntry_New.php
8 May 2019 16:01:07|28|pratiksha@forstarfoods.com|ProductStatus.php
8 May 2019 16:01:12|30|pritirm@forstarfoods.com|DailyCatchEntry_New.php
8 May 2019 16:01:13|30|pritirm@forstarfoods.com|CatchEntryDeclaredItem.php
8 May 2019 16:01:30|30|pritirm@forstarfoods.com|DailyCatchEntry_New.php
8 May 2019 16:01:38|30|pritirm@forstarfoods.com|DailyCatchEntry_New.php
8 May 2019 16:01:41|30|pritirm@forstarfoods.com|DailyCatchEntry_New.php
8 May 2019 16:01:43|30|pritirm@forstarfoods.com|DailyCatchEntry_New.php
8 May 2019 16:01:44|30|pritirm@forstarfoods.com|DailyCatchEntry_New.php
8 May 2019 16:01:46|30|pritirm@forstarfoods.com|DailyCatchEntry_New.php
8 May 2019 16:01:47|30|pritirm@forstarfoods.com|DailyCatchEntry_New.php
8 May 2019 16:01:48|30|pritirm@forstarfoods.com|DailyCatchEntry_New.php
8 May 2019 16:01:49|30|pritirm@forstarfoods.com|DailyCatchEntry_New.php
8 May 2019 16:01:51|30|pritirm@forstarfoods.com|DailyCatchEntry_New.php
8 May 2019 16:01:52|30|pritirm@forstarfoods.com|DailyCatchEntry_New.php
8 May 2019 16:01:53|30|pritirm@forstarfoods.com|DailyCatchEntry_New.php
8 May 2019 16:01:54|30|pritirm@forstarfoods.com|DailyCatchEntry_New.php
8 May 2019 16:01:55|30|pritirm@forstarfoods.com|DailyCatchEntry_New.php
8 May 2019 16:01:57|30|pritirm@forstarfoods.com|DailyCatchEntry_New.php
8 May 2019 16:01:58|30|pritirm@forstarfoods.com|DailyCatchEntry_New.php
8 May 2019 16:02:01|30|pritirm@forstarfoods.com|DailyCatchEntry_New.php
8 May 2019 16:02:02|30|pritirm@forstarfoods.com|CatchEntryDeclaredItem.php
8 May 2019 16:02:04|30|pritirm@forstarfoods.com|DailyCatchEntry_New.php
8 May 2019 16:02:06|30|pritirm@forstarfoods.com|DailyCatchEntry_New.php
8 May 2019 16:02:08|30|pritirm@forstarfoods.com|DailyCatchEntry_New.php
8 May 2019 16:02:09|30|pritirm@forstarfoods.com|DailyCatchEntry_New.php
8 May 2019 16:02:11|30|pritirm@forstarfoods.com|DailyCatchEntry_New.php
8 May 2019 16:02:12|30|pritirm@forstarfoods.com|DailyCatchEntry_New.php
8 May 2019 16:02:13|30|pritirm@forstarfoods.com|DailyCatchEntry_New.php
8 May 2019 16:02:14|30|pritirm@forstarfoods.com|DailyCatchEntry_New.php
8 May 2019 16:02:15|30|pritirm@forstarfoods.com|DailyCatchEntry_New.php
8 May 2019 16:02:17|30|pritirm@forstarfoods.com|DailyCatchEntry_New.php
8 May 2019 16:02:18|30|pritirm@forstarfoods.com|DailyCatchEntry_New.php
8 May 2019 16:02:19|30|pritirm@forstarfoods.com|DailyCatchEntry_New.php
8 May 2019 16:02:20|30|pritirm@forstarfoods.com|DailyCatchEntry_New.php
8 May 2019 16:02:22|30|pritirm@forstarfoods.com|DailyCatchEntry_New.php
8 May 2019 16:02:23|30|pritirm@forstarfoods.com|DailyCatchEntry_New.php
8 May 2019 16:02:26|30|pritirm@forstarfoods.com|DailyCatchEntry_New.php
8 May 2019 16:02:27|30|pritirm@forstarfoods.com|CatchEntryDeclaredItem.php
8 May 2019 16:02:31|30|pritirm@forstarfoods.com|DailyCatchEntry_New.php
8 May 2019 16:02:34|30|pritirm@forstarfoods.com|DailyCatchEntry_New.php
8 May 2019 16:02:36|30|pritirm@forstarfoods.com|DailyCatchEntry_New.php
8 May 2019 16:02:37|30|pritirm@forstarfoods.com|DailyCatchEntry_New.php
8 May 2019 16:02:38|30|pritirm@forstarfoods.com|DailyCatchEntry_New.php
8 May 2019 16:02:39|30|pritirm@forstarfoods.com|DailyCatchEntry_New.php
8 May 2019 16:02:41|30|pritirm@forstarfoods.com|DailyCatchEntry_New.php
8 May 2019 16:02:42|30|pritirm@forstarfoods.com|DailyCatchEntry_New.php
8 May 2019 16:02:43|30|pritirm@forstarfoods.com|DailyCatchEntry_New.php
8 May 2019 16:02:44|30|pritirm@forstarfoods.com|DailyCatchEntry_New.php
8 May 2019 16:02:46|30|pritirm@forstarfoods.com|DailyCatchEntry_New.php
8 May 2019 16:02:47|30|pritirm@forstarfoods.com|DailyCatchEntry_New.php
8 May 2019 16:02:48|30|pritirm@forstarfoods.com|DailyCatchEntry_New.php
8 May 2019 16:02:49|30|pritirm@forstarfoods.com|DailyCatchEntry_New.php
8 May 2019 16:02:51|30|pritirm@forstarfoods.com|DailyCatchEntry_New.php
8 May 2019 16:02:53|30|pritirm@forstarfoods.com|DailyCatchEntry_New.php
8 May 2019 16:02:55|30|pritirm@forstarfoods.com|CatchEntryDeclaredItem.php
8 May 2019 16:02:58|30|pritirm@forstarfoods.com|DailyCatchEntry_New.php
8 May 2019 16:03:00|30|pritirm@forstarfoods.com|DailyCatchEntry_New.php
8 May 2019 16:03:00|28|pratiksha@forstarfoods.com|ProductIdentifierMaster.php
8 May 2019 16:03:02|30|pritirm@forstarfoods.com|DailyCatchEntry_New.php
8 May 2019 16:03:03|30|pritirm@forstarfoods.com|DailyCatchEntry_New.php
8 May 2019 16:03:04|30|pritirm@forstarfoods.com|DailyCatchEntry_New.php
8 May 2019 16:03:06|30|pritirm@forstarfoods.com|DailyCatchEntry_New.php
8 May 2019 16:03:07|30|pritirm@forstarfoods.com|DailyCatchEntry_New.php
8 May 2019 16:03:08|30|pritirm@forstarfoods.com|DailyCatchEntry_New.php
8 May 2019 16:03:09|30|pritirm@forstarfoods.com|DailyCatchEntry_New.php
8 May 2019 16:03:10|28|pratiksha@forstarfoods.com|MarginStructure.php
8 May 2019 16:03:11|30|pritirm@forstarfoods.com|DailyCatchEntry_New.php
8 May 2019 16:03:12|30|pritirm@forstarfoods.com|DailyCatchEntry_New.php
8 May 2019 16:03:13|30|pritirm@forstarfoods.com|DailyCatchEntry_New.php
8 May 2019 16:03:14|30|pritirm@forstarfoods.com|DailyCatchEntry_New.php
8 May 2019 16:03:15|30|pritirm@forstarfoods.com|DailyCatchEntry_New.php
8 May 2019 16:03:17|30|pritirm@forstarfoods.com|DailyCatchEntry_New.php
8 May 2019 16:03:19|30|pritirm@forstarfoods.com|DailyCatchEntry_New.php
8 May 2019 16:03:21|30|pritirm@forstarfoods.com|CatchEntryDeclaredItem.php
8 May 2019 16:03:25|30|pritirm@forstarfoods.com|DailyCatchEntry_New.php
8 May 2019 16:03:26|30|pritirm@forstarfoods.com|DailyCatchEntry_New.php
8 May 2019 16:03:29|30|pritirm@forstarfoods.com|DailyCatchEntry_New.php
8 May 2019 16:03:30|30|pritirm@forstarfoods.com|DailyCatchEntry_New.php
8 May 2019 16:03:31|30|pritirm@forstarfoods.com|DailyCatchEntry_New.php
8 May 2019 16:03:32|30|pritirm@forstarfoods.com|DailyCatchEntry_New.php
8 May 2019 16:03:34|30|pritirm@forstarfoods.com|DailyCatchEntry_New.php
8 May 2019 16:03:35|30|pritirm@forstarfoods.com|DailyCatchEntry_New.php
8 May 2019 16:03:36|30|pritirm@forstarfoods.com|DailyCatchEntry_New.php
8 May 2019 16:03:37|29|kavitha@forstarfoods.com|DailyCatchEntry_New.php
8 May 2019 16:03:37|30|pritirm@forstarfoods.com|DailyCatchEntry_New.php
8 May 2019 16:03:37|28|pratiksha@forstarfoods.com|ProductStatus.php
8 May 2019 16:03:38|30|pritirm@forstarfoods.com|DailyCatchEntry_New.php
8 May 2019 16:03:40|30|pritirm@forstarfoods.com|DailyCatchEntry_New.php
8 May 2019 16:03:41|30|pritirm@forstarfoods.com|DailyCatchEntry_New.php
8 May 2019 16:03:42|30|pritirm@forstarfoods.com|DailyCatchEntry_New.php
8 May 2019 16:03:43|30|pritirm@forstarfoods.com|DailyCatchEntry_New.php
8 May 2019 16:03:46|30|pritirm@forstarfoods.com|DailyCatchEntry_New.php
8 May 2019 16:03:47|28|pratiksha@forstarfoods.com|ProductBatch.php
8 May 2019 16:03:47|30|pritirm@forstarfoods.com|CatchEntryDeclaredItem.php
8 May 2019 16:03:48|28|pratiksha@forstarfoods.com|ErrorPage.php
8 May 2019 16:03:49|30|pritirm@forstarfoods.com|DailyCatchEntry_New.php
8 May 2019 16:03:50|30|pritirm@forstarfoods.com|DailyCatchEntry_New.php
8 May 2019 16:03:55|30|pritirm@forstarfoods.com|DailyCatchEntry_New.php
8 May 2019 16:03:56|30|pritirm@forstarfoods.com|DailyCatchEntry_New.php
8 May 2019 16:03:57|30|pritirm@forstarfoods.com|DailyCatchEntry_New.php
8 May 2019 16:03:59|30|pritirm@forstarfoods.com|DailyCatchEntry_New.php
8 May 2019 16:04:00|30|pritirm@forstarfoods.com|DailyCatchEntry_New.php
8 May 2019 16:04:01|30|pritirm@forstarfoods.com|DailyCatchEntry_New.php
8 May 2019 16:04:02|30|pritirm@forstarfoods.com|DailyCatchEntry_New.php
8 May 2019 16:04:04|30|pritirm@forstarfoods.com|DailyCatchEntry_New.php
8 May 2019 16:04:05|30|pritirm@forstarfoods.com|DailyCatchEntry_New.php
8 May 2019 16:04:06|30|pritirm@forstarfoods.com|DailyCatchEntry_New.php
8 May 2019 16:04:07|30|pritirm@forstarfoods.com|DailyCatchEntry_New.php
8 May 2019 16:04:10|30|pritirm@forstarfoods.com|DailyCatchEntry_New.php
8 May 2019 16:04:12|30|pritirm@forstarfoods.com|DailyCatchEntry_New.php
8 May 2019 16:04:14|30|pritirm@forstarfoods.com|DailyCatchEntry_New.php
8 May 2019 16:04:17|30|pritirm@forstarfoods.com|DailyCatchEntry_New.php
8 May 2019 16:04:19|30|pritirm@forstarfoods.com|CatchEntryDeclaredItem.php
8 May 2019 16:05:15|28|pratiksha@forstarfoods.com|ProductStatus.php
8 May 2019 16:05:46|28|pratiksha@forstarfoods.com|MarginStructure.php
8 May 2019 16:05:51|28|pratiksha@forstarfoods.com|MarginStructure.php
8 May 2019 16:06:05|28|pratiksha@forstarfoods.com|DistributorMaster.php
8 May 2019 16:08:38|29|kavitha@forstarfoods.com|DailyCatchEntry_New.php
8 May 2019 16:09:09|30|pritirm@forstarfoods.com|DailyCatchEntry_New.php
8 May 2019 16:09:57|28|pratiksha@forstarfoods.com|ProductStatus.php
8 May 2019 16:10:06|28|pratiksha@forstarfoods.com|ProductStatus.php
8 May 2019 16:10:09|28|pratiksha@forstarfoods.com|ProductStatus.php
8 May 2019 16:10:21|28|pratiksha@forstarfoods.com|ProductStatus.php
8 May 2019 16:13:12|30|pritirm@forstarfoods.com|DailyCatchEntry_New.php
8 May 2019 16:13:13|30|pritirm@forstarfoods.com|DailyCatchEntry_New.php
8 May 2019 16:13:14|30|pritirm@forstarfoods.com|DailyCatchEntry_New.php
8 May 2019 16:13:26|30|pritirm@forstarfoods.com|DailyCatchEntry_New.php
8 May 2019 16:13:39|29|kavitha@forstarfoods.com|DailyCatchEntry_New.php
8 May 2019 16:13:51|30|pritirm@forstarfoods.com|DailyCatchEntry_New.php
8 May 2019 16:13:52|30|pritirm@forstarfoods.com|CatchEntryDeclaredItem.php
8 May 2019 16:14:00|30|pritirm@forstarfoods.com|DailyCatchEntry_New.php
8 May 2019 16:14:07|30|pritirm@forstarfoods.com|DailyCatchEntry_New.php
8 May 2019 16:14:09|30|pritirm@forstarfoods.com|DailyCatchEntry_New.php
8 May 2019 16:14:10|30|pritirm@forstarfoods.com|DailyCatchEntry_New.php
8 May 2019 16:14:12|30|pritirm@forstarfoods.com|DailyCatchEntry_New.php
8 May 2019 16:14:13|30|pritirm@forstarfoods.com|DailyCatchEntry_New.php
8 May 2019 16:14:14|30|pritirm@forstarfoods.com|DailyCatchEntry_New.php
8 May 2019 16:14:16|30|pritirm@forstarfoods.com|DailyCatchEntry_New.php
8 May 2019 16:14:17|30|pritirm@forstarfoods.com|DailyCatchEntry_New.php
8 May 2019 16:14:18|30|pritirm@forstarfoods.com|DailyCatchEntry_New.php
8 May 2019 16:14:19|30|pritirm@forstarfoods.com|DailyCatchEntry_New.php
8 May 2019 16:14:20|30|pritirm@forstarfoods.com|DailyCatchEntry_New.php
8 May 2019 16:14:22|30|pritirm@forstarfoods.com|DailyCatchEntry_New.php
8 May 2019 16:14:23|30|pritirm@forstarfoods.com|DailyCatchEntry_New.php
8 May 2019 16:14:24|30|pritirm@forstarfoods.com|DailyCatchEntry_New.php
8 May 2019 16:14:25|30|pritirm@forstarfoods.com|DailyCatchEntry_New.php
8 May 2019 16:14:27|30|pritirm@forstarfoods.com|DailyCatchEntry_New.php
8 May 2019 16:14:28|30|pritirm@forstarfoods.com|DailyCatchEntry_New.php
8 May 2019 16:14:29|30|pritirm@forstarfoods.com|DailyCatchEntry_New.php
8 May 2019 16:14:30|30|pritirm@forstarfoods.com|DailyCatchEntry_New.php
8 May 2019 16:14:32|30|pritirm@forstarfoods.com|DailyCatchEntry_New.php
8 May 2019 16:14:33|30|pritirm@forstarfoods.com|DailyCatchEntry_New.php
8 May 2019 16:14:34|30|pritirm@forstarfoods.com|DailyCatchEntry_New.php
8 May 2019 16:14:35|30|pritirm@forstarfoods.com|DailyCatchEntry_New.php
8 May 2019 16:14:37|30|pritirm@forstarfoods.com|DailyCatchEntry_New.php
8 May 2019 16:14:38|30|pritirm@forstarfoods.com|DailyCatchEntry_New.php
8 May 2019 16:14:39|30|pritirm@forstarfoods.com|DailyCatchEntry_New.php
8 May 2019 16:14:40|30|pritirm@forstarfoods.com|DailyCatchEntry_New.php
8 May 2019 16:14:42|30|pritirm@forstarfoods.com|DailyCatchEntry_New.php
8 May 2019 16:14:45|30|pritirm@forstarfoods.com|DailyCatchEntry_New.php
8 May 2019 16:14:46|30|pritirm@forstarfoods.com|CatchEntryDeclaredItem.php
8 May 2019 16:14:52|30|pritirm@forstarfoods.com|DailyCatchEntry_New.php
8 May 2019 16:14:54|30|pritirm@forstarfoods.com|DailyCatchEntry_New.php
8 May 2019 16:14:56|30|pritirm@forstarfoods.com|DailyCatchEntry_New.php
8 May 2019 16:14:58|30|pritirm@forstarfoods.com|DailyCatchEntry_New.php
8 May 2019 16:14:59|30|pritirm@forstarfoods.com|DailyCatchEntry_New.php
8 May 2019 16:15:00|30|pritirm@forstarfoods.com|DailyCatchEntry_New.php
8 May 2019 16:15:01|30|pritirm@forstarfoods.com|DailyCatchEntry_New.php
8 May 2019 16:15:02|30|pritirm@forstarfoods.com|DailyCatchEntry_New.php
8 May 2019 16:15:04|30|pritirm@forstarfoods.com|DailyCatchEntry_New.php
8 May 2019 16:15:05|30|pritirm@forstarfoods.com|DailyCatchEntry_New.php
8 May 2019 16:15:06|30|pritirm@forstarfoods.com|DailyCatchEntry_New.php
8 May 2019 16:15:07|30|pritirm@forstarfoods.com|DailyCatchEntry_New.php
8 May 2019 16:15:09|30|pritirm@forstarfoods.com|DailyCatchEntry_New.php
8 May 2019 16:15:10|30|pritirm@forstarfoods.com|DailyCatchEntry_New.php
8 May 2019 16:15:11|30|pritirm@forstarfoods.com|DailyCatchEntry_New.php
8 May 2019 16:15:12|30|pritirm@forstarfoods.com|DailyCatchEntry_New.php
8 May 2019 16:15:14|30|pritirm@forstarfoods.com|DailyCatchEntry_New.php
8 May 2019 16:15:15|30|pritirm@forstarfoods.com|DailyCatchEntry_New.php
8 May 2019 16:15:16|30|pritirm@forstarfoods.com|DailyCatchEntry_New.php
8 May 2019 16:15:19|30|pritirm@forstarfoods.com|DailyCatchEntry_New.php
8 May 2019 16:15:20|30|pritirm@forstarfoods.com|CatchEntryDeclaredItem.php
8 May 2019 16:15:33|30|pritirm@forstarfoods.com|DailyCatchEntry_New.php
8 May 2019 16:15:35|30|pritirm@forstarfoods.com|DailyCatchEntry_New.php
8 May 2019 16:15:37|30|pritirm@forstarfoods.com|DailyCatchEntry_New.php
8 May 2019 16:15:38|30|pritirm@forstarfoods.com|DailyCatchEntry_New.php
8 May 2019 16:15:39|30|pritirm@forstarfoods.com|DailyCatchEntry_New.php
8 May 2019 16:15:41|30|pritirm@forstarfoods.com|DailyCatchEntry_New.php
8 May 2019 16:15:42|30|pritirm@forstarfoods.com|DailyCatchEntry_New.php
8 May 2019 16:15:43|30|pritirm@forstarfoods.com|DailyCatchEntry_New.php
8 May 2019 16:15:44|30|pritirm@forstarfoods.com|DailyCatchEntry_New.php
8 May 2019 16:15:46|30|pritirm@forstarfoods.com|DailyCatchEntry_New.php
8 May 2019 16:15:47|30|pritirm@forstarfoods.com|DailyCatchEntry_New.php
8 May 2019 16:15:48|30|pritirm@forstarfoods.com|DailyCatchEntry_New.php
8 May 2019 16:15:49|30|pritirm@forstarfoods.com|DailyCatchEntry_New.php
8 May 2019 16:15:51|30|pritirm@forstarfoods.com|DailyCatchEntry_New.php
8 May 2019 16:15:52|30|pritirm@forstarfoods.com|DailyCatchEntry_New.php
8 May 2019 16:15:53|30|pritirm@forstarfoods.com|DailyCatchEntry_New.php
8 May 2019 16:15:54|30|pritirm@forstarfoods.com|DailyCatchEntry_New.php
8 May 2019 16:15:56|30|pritirm@forstarfoods.com|DailyCatchEntry_New.php
8 May 2019 16:15:57|30|pritirm@forstarfoods.com|DailyCatchEntry_New.php
8 May 2019 16:15:59|30|pritirm@forstarfoods.com|DailyCatchEntry_New.php
8 May 2019 16:16:00|30|pritirm@forstarfoods.com|CatchEntryDeclaredItem.php
8 May 2019 16:16:05|30|pritirm@forstarfoods.com|DailyCatchEntry_New.php
8 May 2019 16:16:06|30|pritirm@forstarfoods.com|DailyCatchEntry_New.php
8 May 2019 16:16:09|30|pritirm@forstarfoods.com|DailyCatchEntry_New.php
8 May 2019 16:16:10|30|pritirm@forstarfoods.com|DailyCatchEntry_New.php
8 May 2019 16:16:11|30|pritirm@forstarfoods.com|DailyCatchEntry_New.php
8 May 2019 16:16:13|30|pritirm@forstarfoods.com|DailyCatchEntry_New.php
8 May 2019 16:16:14|30|pritirm@forstarfoods.com|DailyCatchEntry_New.php
8 May 2019 16:16:15|30|pritirm@forstarfoods.com|DailyCatchEntry_New.php
8 May 2019 16:16:16|30|pritirm@forstarfoods.com|DailyCatchEntry_New.php
8 May 2019 16:16:17|30|pritirm@forstarfoods.com|DailyCatchEntry_New.php
8 May 2019 16:16:19|30|pritirm@forstarfoods.com|DailyCatchEntry_New.php
8 May 2019 16:16:20|30|pritirm@forstarfoods.com|DailyCatchEntry_New.php
8 May 2019 16:16:21|30|pritirm@forstarfoods.com|DailyCatchEntry_New.php
8 May 2019 16:16:22|30|pritirm@forstarfoods.com|DailyCatchEntry_New.php
8 May 2019 16:16:55|30|pritirm@forstarfoods.com|DailyCatchEntry_New.php
8 May 2019 16:16:58|30|pritirm@forstarfoods.com|DailyCatchEntry_New.php
8 May 2019 16:17:00|30|pritirm@forstarfoods.com|CatchEntryDeclaredItem.php
8 May 2019 16:17:05|30|pritirm@forstarfoods.com|DailyCatchEntry_New.php
8 May 2019 16:17:07|30|pritirm@forstarfoods.com|DailyCatchEntry_New.php
8 May 2019 16:17:10|30|pritirm@forstarfoods.com|DailyCatchEntry_New.php
8 May 2019 16:17:11|30|pritirm@forstarfoods.com|DailyCatchEntry_New.php
8 May 2019 16:17:13|30|pritirm@forstarfoods.com|DailyCatchEntry_New.php
8 May 2019 16:17:14|30|pritirm@forstarfoods.com|DailyCatchEntry_New.php
8 May 2019 16:17:15|30|pritirm@forstarfoods.com|DailyCatchEntry_New.php
8 May 2019 16:17:16|30|pritirm@forstarfoods.com|DailyCatchEntry_New.php
8 May 2019 16:17:18|30|pritirm@forstarfoods.com|DailyCatchEntry_New.php
8 May 2019 16:17:19|30|pritirm@forstarfoods.com|DailyCatchEntry_New.php
8 May 2019 16:17:20|30|pritirm@forstarfoods.com|DailyCatchEntry_New.php
8 May 2019 16:17:21|30|pritirm@forstarfoods.com|DailyCatchEntry_New.php
8 May 2019 16:17:23|30|pritirm@forstarfoods.com|DailyCatchEntry_New.php
8 May 2019 16:17:24|30|pritirm@forstarfoods.com|DailyCatchEntry_New.php
8 May 2019 16:17:25|30|pritirm@forstarfoods.com|DailyCatchEntry_New.php
8 May 2019 16:17:26|30|pritirm@forstarfoods.com|DailyCatchEntry_New.php
8 May 2019 16:17:28|30|pritirm@forstarfoods.com|DailyCatchEntry_New.php
8 May 2019 16:17:29|30|pritirm@forstarfoods.com|DailyCatchEntry_New.php
8 May 2019 16:17:30|30|pritirm@forstarfoods.com|DailyCatchEntry_New.php
8 May 2019 16:17:31|30|pritirm@forstarfoods.com|DailyCatchEntry_New.php
8 May 2019 16:17:33|30|pritirm@forstarfoods.com|DailyCatchEntry_New.php
8 May 2019 16:17:34|30|pritirm@forstarfoods.com|DailyCatchEntry_New.php
8 May 2019 16:17:35|30|pritirm@forstarfoods.com|DailyCatchEntry_New.php
8 May 2019 16:17:36|30|pritirm@forstarfoods.com|DailyCatchEntry_New.php
8 May 2019 16:17:38|30|pritirm@forstarfoods.com|DailyCatchEntry_New.php
8 May 2019 16:17:39|30|pritirm@forstarfoods.com|DailyCatchEntry_New.php
8 May 2019 16:17:40|30|pritirm@forstarfoods.com|DailyCatchEntry_New.php
8 May 2019 16:17:50|30|pritirm@forstarfoods.com|DailyCatchEntry_New.php
8 May 2019 16:17:52|30|pritirm@forstarfoods.com|CatchEntryDeclaredItem.php
8 May 2019 16:17:54|30|pritirm@forstarfoods.com|DailyCatchEntry_New.php
8 May 2019 16:17:55|30|pritirm@forstarfoods.com|DailyCatchEntry_New.php
8 May 2019 16:17:57|30|pritirm@forstarfoods.com|DailyCatchEntry_New.php
8 May 2019 16:18:00|30|pritirm@forstarfoods.com|DailyCatchEntry_New.php
8 May 2019 16:18:01|30|pritirm@forstarfoods.com|DailyCatchEntry_New.php
8 May 2019 16:18:02|30|pritirm@forstarfoods.com|DailyCatchEntry_New.php
8 May 2019 16:18:03|30|pritirm@forstarfoods.com|DailyCatchEntry_New.php
8 May 2019 16:18:04|30|pritirm@forstarfoods.com|DailyCatchEntry_New.php
8 May 2019 16:18:06|30|pritirm@forstarfoods.com|DailyCatchEntry_New.php
8 May 2019 16:18:07|30|pritirm@forstarfoods.com|DailyCatchEntry_New.php
8 May 2019 16:18:08|30|pritirm@forstarfoods.com|DailyCatchEntry_New.php
8 May 2019 16:18:09|30|pritirm@forstarfoods.com|DailyCatchEntry_New.php
8 May 2019 16:18:11|30|pritirm@forstarfoods.com|DailyCatchEntry_New.php
8 May 2019 16:18:12|30|pritirm@forstarfoods.com|DailyCatchEntry_New.php
8 May 2019 16:18:13|30|pritirm@forstarfoods.com|DailyCatchEntry_New.php
8 May 2019 16:18:14|30|pritirm@forstarfoods.com|DailyCatchEntry_New.php
8 May 2019 16:18:17|30|pritirm@forstarfoods.com|DailyCatchEntry_New.php
8 May 2019 16:18:18|30|pritirm@forstarfoods.com|CatchEntryDeclaredItem.php
8 May 2019 16:18:24|30|pritirm@forstarfoods.com|DailyCatchEntry_New.php
8 May 2019 16:18:25|30|pritirm@forstarfoods.com|DailyCatchEntry_New.php
8 May 2019 16:18:26|30|pritirm@forstarfoods.com|DailyCatchEntry_New.php
8 May 2019 16:18:34|30|pritirm@forstarfoods.com|DailyCatchEntry_New.php
8 May 2019 16:18:41|29|kavitha@forstarfoods.com|DailyCatchEntry_New.php
8 May 2019 16:18:42|30|pritirm@forstarfoods.com|DailyCatchEntry_New.php
8 May 2019 16:18:54|30|pritirm@forstarfoods.com|DailyCatchEntry_New.php
8 May 2019 16:18:55|30|pritirm@forstarfoods.com|CatchEntryDeclaredItem.php
8 May 2019 16:18:57|30|pritirm@forstarfoods.com|DailyCatchEntry_New.php
8 May 2019 16:18:59|30|pritirm@forstarfoods.com|CatchEntryDeclaredItem.php
8 May 2019 16:19:11|30|pritirm@forstarfoods.com|DailyCatchEntry_New.php
8 May 2019 16:19:12|30|pritirm@forstarfoods.com|DailyCatchEntry_New.php
8 May 2019 16:19:20|30|pritirm@forstarfoods.com|DailyCatchEntry_New.php
8 May 2019 16:19:24|30|pritirm@forstarfoods.com|DailyCatchEntry_New.php
8 May 2019 16:19:27|30|pritirm@forstarfoods.com|DailyCatchEntry_New.php
8 May 2019 16:19:28|30|pritirm@forstarfoods.com|DailyCatchEntry_New.php
8 May 2019 16:19:29|30|pritirm@forstarfoods.com|DailyCatchEntry_New.php