
29 May 2019 15:10:02|30|pritirm@forstarfoods.com|DailyCatchEntry_New.php
29 May 2019 15:10:04|30|pritirm@forstarfoods.com|DailyCatchEntry_New.php
29 May 2019 15:10:05|30|pritirm@forstarfoods.com|DailyCatchEntry_New.php
29 May 2019 15:10:06|30|pritirm@forstarfoods.com|DailyCatchEntry_New.php
29 May 2019 15:10:07|30|pritirm@forstarfoods.com|DailyCatchEntry_New.php
29 May 2019 15:10:08|30|pritirm@forstarfoods.com|DailyCatchEntry_New.php
29 May 2019 15:10:10|30|pritirm@forstarfoods.com|DailyCatchEntry_New.php
29 May 2019 15:10:11|30|pritirm@forstarfoods.com|DailyCatchEntry_New.php
29 May 2019 15:10:12|30|pritirm@forstarfoods.com|DailyCatchEntry_New.php
29 May 2019 15:10:13|30|pritirm@forstarfoods.com|DailyCatchEntry_New.php
29 May 2019 15:10:16|30|pritirm@forstarfoods.com|DailyCatchEntry_New.php
29 May 2019 15:10:17|30|pritirm@forstarfoods.com|CatchEntryDeclaredItem.php
29 May 2019 15:10:31|20|shiji@forstarfoods.com|DailyCatchEntry_New.php
29 May 2019 15:10:32|30|pritirm@forstarfoods.com|DailyCatchEntry_New.php
29 May 2019 15:10:33|30|pritirm@forstarfoods.com|DailyCatchEntry_New.php
29 May 2019 15:10:33|20|shiji@forstarfoods.com|DailyCatchEntry_New.php
29 May 2019 15:10:34|20|shiji@forstarfoods.com|DailyCatchEntry_New.php
29 May 2019 15:10:35|30|pritirm@forstarfoods.com|DailyCatchEntry_New.php
29 May 2019 15:10:36|30|pritirm@forstarfoods.com|DailyCatchEntry_New.php
29 May 2019 15:10:37|30|pritirm@forstarfoods.com|DailyCatchEntry_New.php
29 May 2019 15:10:39|30|pritirm@forstarfoods.com|DailyCatchEntry_New.php
29 May 2019 15:10:40|30|pritirm@forstarfoods.com|DailyCatchEntry_New.php
29 May 2019 15:10:41|30|pritirm@forstarfoods.com|DailyCatchEntry_New.php
29 May 2019 15:10:42|30|pritirm@forstarfoods.com|DailyCatchEntry_New.php
29 May 2019 15:10:44|30|pritirm@forstarfoods.com|DailyCatchEntry_New.php
29 May 2019 15:10:45|30|pritirm@forstarfoods.com|DailyCatchEntry_New.php
29 May 2019 15:10:45|20|shiji@forstarfoods.com|DailyCatchEntry_New.php
29 May 2019 15:10:46|30|pritirm@forstarfoods.com|DailyCatchEntry_New.php
29 May 2019 15:10:47|20|shiji@forstarfoods.com|DailyCatchEntry_New.php
29 May 2019 15:10:47|30|pritirm@forstarfoods.com|DailyCatchEntry_New.php
29 May 2019 15:10:49|30|pritirm@forstarfoods.com|DailyCatchEntry_New.php
29 May 2019 15:10:50|30|pritirm@forstarfoods.com|DailyCatchEntry_New.php
29 May 2019 15:10:52|30|pritirm@forstarfoods.com|DailyCatchEntry_New.php
29 May 2019 15:10:54|30|pritirm@forstarfoods.com|CatchEntryDeclaredItem.php
29 May 2019 15:11:13|30|pritirm@forstarfoods.com|DailyCatchEntry_New.php
29 May 2019 15:11:15|20|shiji@forstarfoods.com|DailyCatchEntry_New.php
29 May 2019 15:11:15|30|pritirm@forstarfoods.com|DailyCatchEntry_New.php
29 May 2019 15:11:16|20|shiji@forstarfoods.com|DailyCatchEntry_New.php
29 May 2019 15:11:17|20|shiji@forstarfoods.com|DailyCatchEntry_New.php
29 May 2019 15:11:18|30|pritirm@forstarfoods.com|DailyCatchEntry_New.php
29 May 2019 15:11:18|20|shiji@forstarfoods.com|DailyCatchEntry_New.php
29 May 2019 15:11:19|30|pritirm@forstarfoods.com|DailyCatchEntry_New.php
29 May 2019 15:11:20|30|pritirm@forstarfoods.com|DailyCatchEntry_New.php
29 May 2019 15:11:22|30|pritirm@forstarfoods.com|DailyCatchEntry_New.php
29 May 2019 15:11:23|30|pritirm@forstarfoods.com|DailyCatchEntry_New.php
29 May 2019 15:11:24|30|pritirm@forstarfoods.com|DailyCatchEntry_New.php
29 May 2019 15:11:25|30|pritirm@forstarfoods.com|DailyCatchEntry_New.php
29 May 2019 15:11:26|30|pritirm@forstarfoods.com|DailyCatchEntry_New.php
29 May 2019 15:11:28|30|pritirm@forstarfoods.com|DailyCatchEntry_New.php
29 May 2019 15:11:29|30|pritirm@forstarfoods.com|DailyCatchEntry_New.php
29 May 2019 15:11:30|30|pritirm@forstarfoods.com|DailyCatchEntry_New.php
29 May 2019 15:11:31|30|pritirm@forstarfoods.com|DailyCatchEntry_New.php
29 May 2019 15:11:33|30|pritirm@forstarfoods.com|DailyCatchEntry_New.php
29 May 2019 15:11:35|30|pritirm@forstarfoods.com|DailyCatchEntry_New.php
29 May 2019 15:11:35|20|shiji@forstarfoods.com|DailyCatchEntry_New.php
29 May 2019 15:11:36|30|pritirm@forstarfoods.com|CatchEntryDeclaredItem.php
29 May 2019 15:11:36|20|shiji@forstarfoods.com|DailyCatchEntry_New.php
29 May 2019 15:11:38|30|pritirm@forstarfoods.com|DailyCatchEntry_New.php
29 May 2019 15:11:40|30|pritirm@forstarfoods.com|DailyCatchEntry_New.php
29 May 2019 15:11:42|30|pritirm@forstarfoods.com|DailyCatchEntry_New.php
29 May 2019 15:11:43|30|pritirm@forstarfoods.com|DailyCatchEntry_New.php
29 May 2019 15:11:44|30|pritirm@forstarfoods.com|DailyCatchEntry_New.php
29 May 2019 15:11:45|30|pritirm@forstarfoods.com|DailyCatchEntry_New.php
29 May 2019 15:11:47|30|pritirm@forstarfoods.com|DailyCatchEntry_New.php
29 May 2019 15:11:48|30|pritirm@forstarfoods.com|DailyCatchEntry_New.php
29 May 2019 15:11:49|30|pritirm@forstarfoods.com|DailyCatchEntry_New.php
29 May 2019 15:11:50|30|pritirm@forstarfoods.com|DailyCatchEntry_New.php
29 May 2019 15:11:52|30|pritirm@forstarfoods.com|DailyCatchEntry_New.php
29 May 2019 15:11:53|30|pritirm@forstarfoods.com|DailyCatchEntry_New.php
29 May 2019 15:11:54|30|pritirm@forstarfoods.com|DailyCatchEntry_New.php
29 May 2019 15:11:55|30|pritirm@forstarfoods.com|DailyCatchEntry_New.php
29 May 2019 15:11:56|30|pritirm@forstarfoods.com|DailyCatchEntry_New.php
29 May 2019 15:11:59|30|pritirm@forstarfoods.com|DailyCatchEntry_New.php
29 May 2019 15:12:00|20|shiji@forstarfoods.com|DailyCatchEntry_New.php
29 May 2019 15:12:00|30|pritirm@forstarfoods.com|CatchEntryDeclaredItem.php
29 May 2019 15:12:18|20|shiji@forstarfoods.com|DailyCatchEntry_New.php
29 May 2019 15:12:21|20|shiji@forstarfoods.com|DailyCatchEntry_New.php
29 May 2019 15:12:22|20|shiji@forstarfoods.com|CatchEntryDeclaredItem.php
29 May 2019 15:12:37|20|shiji@forstarfoods.com|DailyCatchEntry_New.php
29 May 2019 15:12:44|20|shiji@forstarfoods.com|DailyCatchEntry_New.php
29 May 2019 15:12:47|20|shiji@forstarfoods.com|DailyCatchEntry_New.php
29 May 2019 15:12:52|20|shiji@forstarfoods.com|DailyCatchEntry_New.php
29 May 2019 15:12:53|20|shiji@forstarfoods.com|DailyCatchEntry_New.php
29 May 2019 15:12:55|20|shiji@forstarfoods.com|DailyCatchEntry_New.php
29 May 2019 15:12:56|20|shiji@forstarfoods.com|DailyCatchEntry_New.php
29 May 2019 15:12:59|20|shiji@forstarfoods.com|DailyCatchEntry_New.php
29 May 2019 15:13:00|20|shiji@forstarfoods.com|DailyCatchEntry_New.php
29 May 2019 15:13:01|20|shiji@forstarfoods.com|DailyCatchEntry_New.php
29 May 2019 15:13:04|20|shiji@forstarfoods.com|DailyCatchEntry_New.php
29 May 2019 15:13:05|20|shiji@forstarfoods.com|CatchEntryDeclaredItem.php
29 May 2019 15:13:26|30|pritirm@forstarfoods.com|DailyCatchEntry_New.php
29 May 2019 15:13:42|20|shiji@forstarfoods.com|DailyCatchEntry_New.php
29 May 2019 15:13:44|20|shiji@forstarfoods.com|DailyCatchEntry_New.php
29 May 2019 15:13:49|20|shiji@forstarfoods.com|DailyCatchEntry_New.php
29 May 2019 15:13:50|20|shiji@forstarfoods.com|DailyCatchEntry_New.php
29 May 2019 15:13:51|20|shiji@forstarfoods.com|DailyCatchEntry_New.php
29 May 2019 15:13:52|20|shiji@forstarfoods.com|DailyCatchEntry_New.php
29 May 2019 15:13:54|20|shiji@forstarfoods.com|DailyCatchEntry_New.php
29 May 2019 15:13:55|20|shiji@forstarfoods.com|DailyCatchEntry_New.php
29 May 2019 15:13:59|20|shiji@forstarfoods.com|DailyCatchEntry_New.php
29 May 2019 15:14:02|20|shiji@forstarfoods.com|DailyCatchEntry_New.php
29 May 2019 15:14:03|20|shiji@forstarfoods.com|CatchEntryDeclaredItem.php
29 May 2019 15:17:01|20|shiji@forstarfoods.com|DailyCatchEntry_New.php
29 May 2019 15:18:27|30|pritirm@forstarfoods.com|DailyCatchEntry_New.php
29 May 2019 15:21:59|20|shiji@forstarfoods.com|DailyCatchEntry_New.php
29 May 2019 15:22:00|20|shiji@forstarfoods.com|DailyCatchEntry_New.php
29 May 2019 15:22:02|20|shiji@forstarfoods.com|DailyCatchEntry_New.php
29 May 2019 15:22:03|20|shiji@forstarfoods.com|DailyCatchEntry_New.php
29 May 2019 15:23:26|20|shiji@forstarfoods.com|DailyCatchEntry_New.php
29 May 2019 15:23:28|30|pritirm@forstarfoods.com|DailyCatchEntry_New.php
29 May 2019 15:24:16|20|shiji@forstarfoods.com|DailyCatchEntry_New.php
29 May 2019 15:24:17|20|shiji@forstarfoods.com|CatchEntryDeclaredItem.php
29 May 2019 15:26:57|20|shiji@forstarfoods.com|DailyCatchEntry_New.php
29 May 2019 15:27:03|20|shiji@forstarfoods.com|DailyCatchEntry_New.php
29 May 2019 15:27:04|20|shiji@forstarfoods.com|DailyCatchEntry_New.php
29 May 2019 15:27:54|20|shiji@forstarfoods.com|DailyCatchEntry_New.php
29 May 2019 15:28:09|20|shiji@forstarfoods.com|DailyCatchEntry_New.php
29 May 2019 15:28:10|20|shiji@forstarfoods.com|DailyCatchEntry_New.php
29 May 2019 15:28:12|20|shiji@forstarfoods.com|DailyCatchEntry_New.php
29 May 2019 15:28:13|20|shiji@forstarfoods.com|DailyCatchEntry_New.php
29 May 2019 15:28:14|20|shiji@forstarfoods.com|DailyCatchEntry_New.php
29 May 2019 15:28:15|20|shiji@forstarfoods.com|DailyCatchEntry_New.php
29 May 2019 15:28:30|30|pritirm@forstarfoods.com|DailyCatchEntry_New.php
29 May 2019 15:28:35|20|shiji@forstarfoods.com|DailyCatchEntry_New.php
29 May 2019 15:28:38|20|shiji@forstarfoods.com|DailyCatchEntry_New.php
29 May 2019 15:28:39|20|shiji@forstarfoods.com|CatchEntryDeclaredItem.php
29 May 2019 15:28:49|20|shiji@forstarfoods.com|DailyCatchEntry_New.php
29 May 2019 15:28:52|20|shiji@forstarfoods.com|DailyCatchEntry_New.php
29 May 2019 15:28:55|20|shiji@forstarfoods.com|DailyCatchEntry_New.php
29 May 2019 15:28:56|20|shiji@forstarfoods.com|DailyCatchEntry_New.php
29 May 2019 15:28:58|20|shiji@forstarfoods.com|DailyCatchEntry_New.php
29 May 2019 15:28:59|20|shiji@forstarfoods.com|DailyCatchEntry_New.php
29 May 2019 15:29:00|20|shiji@forstarfoods.com|DailyCatchEntry_New.php
29 May 2019 15:29:01|20|shiji@forstarfoods.com|DailyCatchEntry_New.php
29 May 2019 15:29:16|20|shiji@forstarfoods.com|DailyCatchEntry_New.php
29 May 2019 15:29:19|20|shiji@forstarfoods.com|DailyCatchEntry_New.php
29 May 2019 15:29:20|20|shiji@forstarfoods.com|CatchEntryDeclaredItem.php
29 May 2019 15:29:53|20|shiji@forstarfoods.com|DailyCatchEntry_New.php
29 May 2019 15:29:55|20|shiji@forstarfoods.com|DailyCatchEntry_New.php
29 May 2019 15:29:56|20|shiji@forstarfoods.com|DailyCatchEntry_New.php
29 May 2019 15:30:16|20|shiji@forstarfoods.com|DailyCatchEntry_New.php
29 May 2019 15:30:23|20|shiji@forstarfoods.com|DailyCatchEntry_New.php
29 May 2019 15:30:24|20|shiji@forstarfoods.com|CatchEntryDeclaredItem.php
29 May 2019 15:30:42|20|shiji@forstarfoods.com|DailyCatchEntry_New.php
29 May 2019 15:30:45|20|shiji@forstarfoods.com|DailyCatchEntry_New.php
29 May 2019 15:30:47|20|shiji@forstarfoods.com|DailyCatchEntry_New.php
29 May 2019 15:30:52|20|shiji@forstarfoods.com|DailyCatchEntry_New.php
29 May 2019 15:30:53|20|shiji@forstarfoods.com|DailyCatchEntry_New.php
29 May 2019 15:30:54|20|shiji@forstarfoods.com|DailyCatchEntry_New.php
29 May 2019 15:30:55|20|shiji@forstarfoods.com|DailyCatchEntry_New.php
29 May 2019 15:30:57|20|shiji@forstarfoods.com|DailyCatchEntry_New.php
29 May 2019 15:30:58|20|shiji@forstarfoods.com|DailyCatchEntry_New.php
29 May 2019 15:30:59|20|shiji@forstarfoods.com|DailyCatchEntry_New.php
29 May 2019 15:31:00|20|shiji@forstarfoods.com|DailyCatchEntry_New.php
29 May 2019 15:31:02|20|shiji@forstarfoods.com|DailyCatchEntry_New.php
29 May 2019 15:31:03|20|shiji@forstarfoods.com|DailyCatchEntry_New.php
29 May 2019 15:31:04|20|shiji@forstarfoods.com|DailyCatchEntry_New.php
29 May 2019 15:31:05|20|shiji@forstarfoods.com|DailyCatchEntry_New.php
29 May 2019 15:31:15|20|shiji@forstarfoods.com|DailyCatchEntry_New.php
29 May 2019 15:31:18|20|shiji@forstarfoods.com|DailyCatchEntry_New.php
29 May 2019 15:31:19|20|shiji@forstarfoods.com|CatchEntryDeclaredItem.php
29 May 2019 15:31:28|20|shiji@forstarfoods.com|DailyCatchEntry_New.php
29 May 2019 15:31:30|20|shiji@forstarfoods.com|DailyCatchEntry_New.php
29 May 2019 15:31:34|20|shiji@forstarfoods.com|DailyCatchEntry_New.php
29 May 2019 15:31:35|20|shiji@forstarfoods.com|DailyCatchEntry_New.php
29 May 2019 15:31:36|20|shiji@forstarfoods.com|DailyCatchEntry_New.php
29 May 2019 15:31:38|20|shiji@forstarfoods.com|DailyCatchEntry_New.php
29 May 2019 15:31:39|20|shiji@forstarfoods.com|DailyCatchEntry_New.php
29 May 2019 15:31:40|20|shiji@forstarfoods.com|DailyCatchEntry_New.php
29 May 2019 15:31:41|20|shiji@forstarfoods.com|DailyCatchEntry_New.php
29 May 2019 15:31:43|20|shiji@forstarfoods.com|DailyCatchEntry_New.php
29 May 2019 15:31:44|20|shiji@forstarfoods.com|DailyCatchEntry_New.php
29 May 2019 15:31:45|20|shiji@forstarfoods.com|DailyCatchEntry_New.php
29 May 2019 15:31:46|20|shiji@forstarfoods.com|DailyCatchEntry_New.php
29 May 2019 15:31:48|20|shiji@forstarfoods.com|DailyCatchEntry_New.php
29 May 2019 15:31:49|20|shiji@forstarfoods.com|DailyCatchEntry_New.php
29 May 2019 15:31:51|20|shiji@forstarfoods.com|DailyCatchEntry_New.php
29 May 2019 15:31:52|20|shiji@forstarfoods.com|CatchEntryDeclaredItem.php
29 May 2019 15:32:00|20|shiji@forstarfoods.com|DailyCatchEntry_New.php
29 May 2019 15:32:02|20|shiji@forstarfoods.com|DailyCatchEntry_New.php
29 May 2019 15:32:06|20|shiji@forstarfoods.com|DailyCatchEntry_New.php
29 May 2019 15:32:08|20|shiji@forstarfoods.com|DailyCatchEntry_New.php
29 May 2019 15:32:09|20|shiji@forstarfoods.com|DailyCatchEntry_New.php
29 May 2019 15:32:10|20|shiji@forstarfoods.com|DailyCatchEntry_New.php
29 May 2019 15:32:12|20|shiji@forstarfoods.com|DailyCatchEntry_New.php
29 May 2019 15:32:13|20|shiji@forstarfoods.com|DailyCatchEntry_New.php
29 May 2019 15:32:14|20|shiji@forstarfoods.com|DailyCatchEntry_New.php
29 May 2019 15:32:15|20|shiji@forstarfoods.com|DailyCatchEntry_New.php
29 May 2019 15:32:17|20|shiji@forstarfoods.com|DailyCatchEntry_New.php
29 May 2019 15:32:18|20|shiji@forstarfoods.com|DailyCatchEntry_New.php
29 May 2019 15:32:19|20|shiji@forstarfoods.com|DailyCatchEntry_New.php
29 May 2019 15:32:20|20|shiji@forstarfoods.com|DailyCatchEntry_New.php
29 May 2019 15:32:21|20|shiji@forstarfoods.com|DailyCatchEntry_New.php
29 May 2019 15:32:23|20|shiji@forstarfoods.com|DailyCatchEntry_New.php
29 May 2019 15:32:25|20|shiji@forstarfoods.com|DailyCatchEntry_New.php
29 May 2019 15:32:27|20|shiji@forstarfoods.com|CatchEntryDeclaredItem.php
29 May 2019 15:32:38|20|shiji@forstarfoods.com|DailyCatchEntry_New.php
29 May 2019 15:32:41|20|shiji@forstarfoods.com|DailyCatchEntry_New.php
29 May 2019 15:32:44|20|shiji@forstarfoods.com|DailyCatchEntry_New.php
29 May 2019 15:32:46|20|shiji@forstarfoods.com|DailyCatchEntry_New.php
29 May 2019 15:32:47|20|shiji@forstarfoods.com|DailyCatchEntry_New.php
29 May 2019 15:32:48|20|shiji@forstarfoods.com|DailyCatchEntry_New.php
29 May 2019 15:32:49|20|shiji@forstarfoods.com|DailyCatchEntry_New.php
29 May 2019 15:32:51|20|shiji@forstarfoods.com|DailyCatchEntry_New.php
29 May 2019 15:32:52|20|shiji@forstarfoods.com|DailyCatchEntry_New.php
29 May 2019 15:32:53|20|shiji@forstarfoods.com|DailyCatchEntry_New.php
29 May 2019 15:32:54|20|shiji@forstarfoods.com|DailyCatchEntry_New.php
29 May 2019 15:32:55|20|shiji@forstarfoods.com|DailyCatchEntry_New.php
29 May 2019 15:32:57|20|shiji@forstarfoods.com|DailyCatchEntry_New.php
29 May 2019 15:32:58|20|shiji@forstarfoods.com|DailyCatchEntry_New.php
29 May 2019 15:32:59|20|shiji@forstarfoods.com|DailyCatchEntry_New.php
29 May 2019 15:33:02|20|shiji@forstarfoods.com|DailyCatchEntry_New.php
29 May 2019 15:33:03|20|shiji@forstarfoods.com|CatchEntryDeclaredItem.php
29 May 2019 15:33:15|20|shiji@forstarfoods.com|DailyCatchEntry_New.php
29 May 2019 15:33:17|20|shiji@forstarfoods.com|DailyCatchEntry_New.php
29 May 2019 15:33:21|20|shiji@forstarfoods.com|DailyCatchEntry_New.php
29 May 2019 15:33:22|20|shiji@forstarfoods.com|DailyCatchEntry_New.php
29 May 2019 15:33:23|20|shiji@forstarfoods.com|DailyCatchEntry_New.php
29 May 2019 15:33:24|20|shiji@forstarfoods.com|DailyCatchEntry_New.php
29 May 2019 15:33:26|20|shiji@forstarfoods.com|DailyCatchEntry_New.php
29 May 2019 15:33:27|20|shiji@forstarfoods.com|DailyCatchEntry_New.php
29 May 2019 15:33:28|20|shiji@forstarfoods.com|DailyCatchEntry_New.php
29 May 2019 15:33:29|20|shiji@forstarfoods.com|DailyCatchEntry_New.php
29 May 2019 15:33:31|20|shiji@forstarfoods.com|DailyCatchEntry_New.php
29 May 2019 15:33:31|30|pritirm@forstarfoods.com|DailyCatchEntry_New.php
29 May 2019 15:33:32|20|shiji@forstarfoods.com|DailyCatchEntry_New.php
29 May 2019 15:34:21|20|shiji@forstarfoods.com|DailyCatchEntry_New.php
29 May 2019 15:34:22|20|shiji@forstarfoods.com|DailyCatchEntry_New.php
29 May 2019 15:34:23|20|shiji@forstarfoods.com|DailyCatchEntry_New.php
29 May 2019 15:34:26|20|shiji@forstarfoods.com|DailyCatchEntry_New.php
29 May 2019 15:34:27|20|shiji@forstarfoods.com|CatchEntryDeclaredItem.php
29 May 2019 15:34:45|20|shiji@forstarfoods.com|DailyCatchEntry_New.php
29 May 2019 15:34:46|20|shiji@forstarfoods.com|DailyCatchEntry_New.php
29 May 2019 15:34:47|20|shiji@forstarfoods.com|DailyCatchEntry_New.php
29 May 2019 15:34:50|20|shiji@forstarfoods.com|DailyCatchEntry_New.php
29 May 2019 15:35:05|20|shiji@forstarfoods.com|DailyCatchEntry_New.php
29 May 2019 15:35:06|20|shiji@forstarfoods.com|CatchEntryDeclaredItem.php
29 May 2019 15:35:33|20|shiji@forstarfoods.com|DailyCatchEntry_New.php
29 May 2019 15:35:35|20|shiji@forstarfoods.com|DailyCatchEntry_New.php
29 May 2019 15:35:38|20|shiji@forstarfoods.com|DailyCatchEntry_New.php
29 May 2019 15:36:45|20|shiji@forstarfoods.com|DailyCatchEntry_New.php
29 May 2019 15:36:46|20|shiji@forstarfoods.com|DailyCatchEntry_New.php
29 May 2019 15:36:47|20|shiji@forstarfoods.com|DailyCatchEntry_New.php
29 May 2019 15:36:48|20|shiji@forstarfoods.com|DailyCatchEntry_New.php
29 May 2019 15:36:50|20|shiji@forstarfoods.com|DailyCatchEntry_New.php
29 May 2019 15:36:51|20|shiji@forstarfoods.com|DailyCatchEntry_New.php
29 May 2019 15:36:52|20|shiji@forstarfoods.com|DailyCatchEntry_New.php
29 May 2019 15:36:53|20|shiji@forstarfoods.com|DailyCatchEntry_New.php
29 May 2019 15:37:07|20|shiji@forstarfoods.com|DailyCatchEntry_New.php
29 May 2019 15:37:09|20|shiji@forstarfoods.com|DailyCatchEntry_New.php
29 May 2019 15:37:11|20|shiji@forstarfoods.com|DailyCatchEntry_New.php
29 May 2019 15:37:12|20|shiji@forstarfoods.com|DailyCatchEntry_New.php
29 May 2019 15:37:13|20|shiji@forstarfoods.com|DailyCatchEntry_New.php
29 May 2019 15:37:14|20|shiji@forstarfoods.com|DailyCatchEntry_New.php
29 May 2019 15:37:16|20|shiji@forstarfoods.com|DailyCatchEntry_New.php
29 May 2019 15:37:17|20|shiji@forstarfoods.com|DailyCatchEntry_New.php
29 May 2019 15:37:18|20|shiji@forstarfoods.com|DailyCatchEntry_New.php
29 May 2019 15:37:19|20|shiji@forstarfoods.com|DailyCatchEntry_New.php
29 May 2019 15:37:20|20|shiji@forstarfoods.com|DailyCatchEntry_New.php
29 May 2019 15:37:22|20|shiji@forstarfoods.com|DailyCatchEntry_New.php
29 May 2019 15:37:23|20|shiji@forstarfoods.com|DailyCatchEntry_New.php
29 May 2019 15:37:35|20|shiji@forstarfoods.com|DailyCatchEntry_New.php
29 May 2019 15:37:37|20|shiji@forstarfoods.com|DailyCatchEntry_New.php
29 May 2019 15:37:38|20|shiji@forstarfoods.com|CatchEntryDeclaredItem.php
29 May 2019 15:37:47|20|shiji@forstarfoods.com|DailyCatchEntry_New.php
29 May 2019 15:37:49|20|shiji@forstarfoods.com|DailyCatchEntry_New.php
29 May 2019 15:37:53|20|shiji@forstarfoods.com|DailyCatchEntry_New.php
29 May 2019 15:37:54|20|shiji@forstarfoods.com|DailyCatchEntry_New.php
29 May 2019 15:37:55|20|shiji@forstarfoods.com|DailyCatchEntry_New.php
29 May 2019 15:37:57|20|shiji@forstarfoods.com|DailyCatchEntry_New.php
29 May 2019 15:37:58|20|shiji@forstarfoods.com|DailyCatchEntry_New.php
29 May 2019 15:37:59|20|shiji@forstarfoods.com|DailyCatchEntry_New.php
29 May 2019 15:38:00|20|shiji@forstarfoods.com|DailyCatchEntry_New.php
29 May 2019 15:38:01|20|shiji@forstarfoods.com|DailyCatchEntry_New.php
29 May 2019 15:38:03|20|shiji@forstarfoods.com|DailyCatchEntry_New.php
29 May 2019 15:38:04|20|shiji@forstarfoods.com|DailyCatchEntry_New.php
29 May 2019 15:38:05|20|shiji@forstarfoods.com|DailyCatchEntry_New.php
29 May 2019 15:38:06|20|shiji@forstarfoods.com|DailyCatchEntry_New.php
29 May 2019 15:38:32|30|pritirm@forstarfoods.com|DailyCatchEntry_New.php
29 May 2019 15:39:05|20|shiji@forstarfoods.com|DailyCatchEntry_New.php
29 May 2019 15:39:07|20|shiji@forstarfoods.com|DailyCatchEntry_New.php
29 May 2019 15:39:08|20|shiji@forstarfoods.com|CatchEntryDeclaredItem.php
29 May 2019 15:39:17|20|shiji@forstarfoods.com|DailyCatchEntry_New.php
29 May 2019 15:39:20|20|shiji@forstarfoods.com|DailyCatchEntry_New.php
29 May 2019 15:39:24|20|shiji@forstarfoods.com|DailyCatchEntry_New.php
29 May 2019 15:39:26|20|shiji@forstarfoods.com|DailyCatchEntry_New.php
29 May 2019 15:39:27|20|shiji@forstarfoods.com|DailyCatchEntry_New.php
29 May 2019 15:39:28|20|shiji@forstarfoods.com|DailyCatchEntry_New.php
29 May 2019 15:39:29|20|shiji@forstarfoods.com|DailyCatchEntry_New.php
29 May 2019 15:39:30|20|shiji@forstarfoods.com|DailyCatchEntry_New.php
29 May 2019 15:39:32|20|shiji@forstarfoods.com|DailyCatchEntry_New.php
29 May 2019 15:39:33|20|shiji@forstarfoods.com|DailyCatchEntry_New.php
29 May 2019 15:39:34|20|shiji@forstarfoods.com|DailyCatchEntry_New.php
29 May 2019 15:39:35|20|shiji@forstarfoods.com|DailyCatchEntry_New.php
29 May 2019 15:39:37|20|shiji@forstarfoods.com|DailyCatchEntry_New.php
29 May 2019 15:39:38|20|shiji@forstarfoods.com|DailyCatchEntry_New.php
29 May 2019 15:39:39|20|shiji@forstarfoods.com|DailyCatchEntry_New.php
29 May 2019 15:39:43|20|shiji@forstarfoods.com|DailyCatchEntry_New.php
29 May 2019 15:39:44|20|shiji@forstarfoods.com|CatchEntryDeclaredItem.php
29 May 2019 15:39:52|20|shiji@forstarfoods.com|DailyCatchEntry_New.php
29 May 2019 15:39:54|20|shiji@forstarfoods.com|DailyCatchEntry_New.php
29 May 2019 15:39:57|20|shiji@forstarfoods.com|DailyCatchEntry_New.php
29 May 2019 15:39:58|20|shiji@forstarfoods.com|DailyCatchEntry_New.php
29 May 2019 15:40:00|20|shiji@forstarfoods.com|DailyCatchEntry_New.php
29 May 2019 15:40:01|20|shiji@forstarfoods.com|DailyCatchEntry_New.php
29 May 2019 15:40:02|20|shiji@forstarfoods.com|DailyCatchEntry_New.php
29 May 2019 15:40:03|20|shiji@forstarfoods.com|DailyCatchEntry_New.php
29 May 2019 15:40:05|20|shiji@forstarfoods.com|DailyCatchEntry_New.php
29 May 2019 15:40:06|20|shiji@forstarfoods.com|DailyCatchEntry_New.php
29 May 2019 15:40:07|20|shiji@forstarfoods.com|DailyCatchEntry_New.php
29 May 2019 15:40:08|20|shiji@forstarfoods.com|DailyCatchEntry_New.php
29 May 2019 15:40:09|20|shiji@forstarfoods.com|DailyCatchEntry_New.php
29 May 2019 15:40:11|20|shiji@forstarfoods.com|DailyCatchEntry_New.php
29 May 2019 15:40:12|20|shiji@forstarfoods.com|DailyCatchEntry_New.php
29 May 2019 15:40:14|20|shiji@forstarfoods.com|DailyCatchEntry_New.php
29 May 2019 15:40:16|20|shiji@forstarfoods.com|CatchEntryDeclaredItem.php
29 May 2019 15:40:24|20|shiji@forstarfoods.com|DailyCatchEntry_New.php
29 May 2019 15:40:26|20|shiji@forstarfoods.com|DailyCatchEntry_New.php
29 May 2019 15:40:29|20|shiji@forstarfoods.com|DailyCatchEntry_New.php
29 May 2019 15:40:30|20|shiji@forstarfoods.com|DailyCatchEntry_New.php
29 May 2019 15:40:31|20|shiji@forstarfoods.com|DailyCatchEntry_New.php
29 May 2019 15:40:32|20|shiji@forstarfoods.com|DailyCatchEntry_New.php
29 May 2019 15:40:34|20|shiji@forstarfoods.com|DailyCatchEntry_New.php
29 May 2019 15:40:35|20|shiji@forstarfoods.com|DailyCatchEntry_New.php
29 May 2019 15:40:36|20|shiji@forstarfoods.com|DailyCatchEntry_New.php
29 May 2019 15:40:37|20|shiji@forstarfoods.com|DailyCatchEntry_New.php
29 May 2019 15:40:39|20|shiji@forstarfoods.com|DailyCatchEntry_New.php
29 May 2019 15:40:40|20|shiji@forstarfoods.com|DailyCatchEntry_New.php
29 May 2019 15:40:41|20|shiji@forstarfoods.com|DailyCatchEntry_New.php
29 May 2019 15:40:42|20|shiji@forstarfoods.com|DailyCatchEntry_New.php
29 May 2019 15:40:44|20|shiji@forstarfoods.com|DailyCatchEntry_New.php
29 May 2019 15:40:46|20|shiji@forstarfoods.com|DailyCatchEntry_New.php
29 May 2019 15:40:48|20|shiji@forstarfoods.com|CatchEntryDeclaredItem.php
29 May 2019 15:40:54|20|shiji@forstarfoods.com|DailyCatchEntry_New.php
29 May 2019 15:40:56|20|shiji@forstarfoods.com|DailyCatchEntry_New.php
29 May 2019 15:40:59|20|shiji@forstarfoods.com|DailyCatchEntry_New.php
29 May 2019 15:41:00|20|shiji@forstarfoods.com|DailyCatchEntry_New.php
29 May 2019 15:41:02|20|shiji@forstarfoods.com|DailyCatchEntry_New.php
29 May 2019 15:41:03|20|shiji@forstarfoods.com|DailyCatchEntry_New.php
29 May 2019 15:41:04|20|shiji@forstarfoods.com|DailyCatchEntry_New.php
29 May 2019 15:41:05|20|shiji@forstarfoods.com|DailyCatchEntry_New.php
29 May 2019 15:41:07|20|shiji@forstarfoods.com|DailyCatchEntry_New.php
29 May 2019 15:41:08|20|shiji@forstarfoods.com|DailyCatchEntry_New.php
29 May 2019 15:41:09|20|shiji@forstarfoods.com|DailyCatchEntry_New.php
29 May 2019 15:41:10|20|shiji@forstarfoods.com|DailyCatchEntry_New.php
29 May 2019 15:41:12|20|shiji@forstarfoods.com|DailyCatchEntry_New.php
29 May 2019 15:41:13|20|shiji@forstarfoods.com|DailyCatchEntry_New.php
29 May 2019 15:41:14|20|shiji@forstarfoods.com|DailyCatchEntry_New.php
29 May 2019 15:41:34|20|shiji@forstarfoods.com|DailyCatchEntry_New.php
29 May 2019 15:41:36|20|shiji@forstarfoods.com|CatchEntryDeclaredItem.php
29 May 2019 15:42:08|20|shiji@forstarfoods.com|DailyCatchEntry_New.php
29 May 2019 15:43:33|30|pritirm@forstarfoods.com|DailyCatchEntry_New.php
29 May 2019 15:47:09|20|shiji@forstarfoods.com|DailyCatchEntry_New.php
29 May 2019 15:48:35|30|pritirm@forstarfoods.com|DailyCatchEntry_New.php
29 May 2019 15:48:51|20|shiji@forstarfoods.com|DailyCatchEntry_New.php
29 May 2019 15:48:53|20|shiji@forstarfoods.com|DailyCatchEntry_New.php
29 May 2019 15:48:54|20|shiji@forstarfoods.com|DailyCatchEntry_New.php
29 May 2019 15:49:01|20|shiji@forstarfoods.com|DailyCatchEntry_New.php
29 May 2019 15:49:15|20|shiji@forstarfoods.com|DailyCatchEntry_New.php
29 May 2019 15:49:16|20|shiji@forstarfoods.com|CatchEntryDeclaredItem.php
29 May 2019 15:49:34|20|shiji@forstarfoods.com|DailyCatchEntry_New.php
29 May 2019 15:50:01|20|shiji@forstarfoods.com|DailyCatchEntry_New.php
29 May 2019 15:50:02|20|shiji@forstarfoods.com|CatchEntryDeclaredItem.php
29 May 2019 15:50:08|20|shiji@forstarfoods.com|DailyCatchEntry_New.php
29 May 2019 15:50:13|20|shiji@forstarfoods.com|DailyCatchEntry_New.php
29 May 2019 15:50:15|20|shiji@forstarfoods.com|DailyCatchEntry_New.php
29 May 2019 15:50:18|20|shiji@forstarfoods.com|DailyCatchEntry_New.php
29 May 2019 15:50:19|20|shiji@forstarfoods.com|DailyCatchEntry_New.php
29 May 2019 15:50:21|20|shiji@forstarfoods.com|DailyCatchEntry_New.php
29 May 2019 15:50:22|20|shiji@forstarfoods.com|DailyCatchEntry_New.php
29 May 2019 15:50:23|20|shiji@forstarfoods.com|DailyCatchEntry_New.php
29 May 2019 15:50:24|20|shiji@forstarfoods.com|DailyCatchEntry_New.php
29 May 2019 15:50:26|20|shiji@forstarfoods.com|DailyCatchEntry_New.php
29 May 2019 15:50:27|20|shiji@forstarfoods.com|DailyCatchEntry_New.php
29 May 2019 15:50:28|20|shiji@forstarfoods.com|DailyCatchEntry_New.php
29 May 2019 15:50:29|20|shiji@forstarfoods.com|DailyCatchEntry_New.php
29 May 2019 15:50:31|20|shiji@forstarfoods.com|DailyCatchEntry_New.php
29 May 2019 15:50:32|20|shiji@forstarfoods.com|DailyCatchEntry_New.php
29 May 2019 15:51:45|20|shiji@forstarfoods.com|DailyCatchEntry_New.php
29 May 2019 15:51:48|20|shiji@forstarfoods.com|DailyCatchEntry_New.php
29 May 2019 15:51:49|20|shiji@forstarfoods.com|CatchEntryDeclaredItem.php
29 May 2019 15:51:58|20|shiji@forstarfoods.com|DailyCatchEntry_New.php
29 May 2019 15:52:01|20|shiji@forstarfoods.com|DailyCatchEntry_New.php
29 May 2019 15:52:07|20|shiji@forstarfoods.com|DailyCatchEntry_New.php
29 May 2019 15:52:08|20|shiji@forstarfoods.com|DailyCatchEntry_New.php
29 May 2019 15:52:09|20|shiji@forstarfoods.com|DailyCatchEntry_New.php
29 May 2019 15:52:10|20|shiji@forstarfoods.com|DailyCatchEntry_New.php
29 May 2019 15:52:12|20|shiji@forstarfoods.com|DailyCatchEntry_New.php
29 May 2019 15:52:13|20|shiji@forstarfoods.com|DailyCatchEntry_New.php
29 May 2019 15:52:14|20|shiji@forstarfoods.com|DailyCatchEntry_New.php
29 May 2019 15:52:15|20|shiji@forstarfoods.com|DailyCatchEntry_New.php
29 May 2019 15:52:17|20|shiji@forstarfoods.com|DailyCatchEntry_New.php
29 May 2019 15:52:18|20|shiji@forstarfoods.com|DailyCatchEntry_New.php
29 May 2019 15:52:19|20|shiji@forstarfoods.com|DailyCatchEntry_New.php
29 May 2019 15:52:24|20|shiji@forstarfoods.com|DailyCatchEntry_New.php
29 May 2019 15:52:26|20|shiji@forstarfoods.com|DailyCatchEntry_New.php
29 May 2019 15:52:27|20|shiji@forstarfoods.com|DailyCatchEntry_New.php
29 May 2019 15:52:29|20|shiji@forstarfoods.com|DailyCatchEntry_New.php
29 May 2019 15:52:30|20|shiji@forstarfoods.com|CatchEntryDeclaredItem.php
29 May 2019 15:52:42|20|shiji@forstarfoods.com|DailyCatchEntry_New.php
29 May 2019 15:52:44|20|shiji@forstarfoods.com|DailyCatchEntry_New.php
29 May 2019 15:52:52|20|shiji@forstarfoods.com|DailyCatchEntry_New.php
29 May 2019 15:52:53|20|shiji@forstarfoods.com|DailyCatchEntry_New.php
29 May 2019 15:52:54|20|shiji@forstarfoods.com|DailyCatchEntry_New.php
29 May 2019 15:52:56|20|shiji@forstarfoods.com|DailyCatchEntry_New.php
29 May 2019 15:52:57|20|shiji@forstarfoods.com|DailyCatchEntry_New.php
29 May 2019 15:52:58|20|shiji@forstarfoods.com|DailyCatchEntry_New.php
29 May 2019 15:52:59|20|shiji@forstarfoods.com|DailyCatchEntry_New.php
29 May 2019 15:53:01|20|shiji@forstarfoods.com|DailyCatchEntry_New.php
29 May 2019 15:53:02|20|shiji@forstarfoods.com|DailyCatchEntry_New.php
29 May 2019 15:53:03|20|shiji@forstarfoods.com|DailyCatchEntry_New.php
29 May 2019 15:53:05|20|shiji@forstarfoods.com|DailyCatchEntry_New.php
29 May 2019 15:53:06|20|shiji@forstarfoods.com|DailyCatchEntry_New.php
29 May 2019 15:53:07|20|shiji@forstarfoods.com|DailyCatchEntry_New.php
29 May 2019 15:53:10|20|shiji@forstarfoods.com|DailyCatchEntry_New.php
29 May 2019 15:53:11|20|shiji@forstarfoods.com|CatchEntryDeclaredItem.php
29 May 2019 15:53:21|20|shiji@forstarfoods.com|DailyCatchEntry_New.php
29 May 2019 15:53:24|20|shiji@forstarfoods.com|DailyCatchEntry_New.php
29 May 2019 15:53:27|20|shiji@forstarfoods.com|DailyCatchEntry_New.php
29 May 2019 15:53:28|20|shiji@forstarfoods.com|DailyCatchEntry_New.php
29 May 2019 15:53:30|20|shiji@forstarfoods.com|DailyCatchEntry_New.php
29 May 2019 15:53:31|20|shiji@forstarfoods.com|DailyCatchEntry_New.php
29 May 2019 15:53:32|20|shiji@forstarfoods.com|DailyCatchEntry_New.php
29 May 2019 15:53:33|20|shiji@forstarfoods.com|DailyCatchEntry_New.php
29 May 2019 15:53:35|20|shiji@forstarfoods.com|DailyCatchEntry_New.php
29 May 2019 15:53:36|20|shiji@forstarfoods.com|DailyCatchEntry_New.php
29 May 2019 15:53:36|30|pritirm@forstarfoods.com|DailyCatchEntry_New.php
29 May 2019 15:53:37|20|shiji@forstarfoods.com|DailyCatchEntry_New.php
29 May 2019 15:53:38|20|shiji@forstarfoods.com|DailyCatchEntry_New.php
29 May 2019 15:53:40|20|shiji@forstarfoods.com|DailyCatchEntry_New.php
29 May 2019 15:53:41|20|shiji@forstarfoods.com|DailyCatchEntry_New.php
29 May 2019 15:53:42|20|shiji@forstarfoods.com|DailyCatchEntry_New.php
29 May 2019 15:53:46|20|shiji@forstarfoods.com|DailyCatchEntry_New.php
29 May 2019 15:53:47|20|shiji@forstarfoods.com|CatchEntryDeclaredItem.php
29 May 2019 15:53:58|20|shiji@forstarfoods.com|DailyCatchEntry_New.php
29 May 2019 15:54:00|20|shiji@forstarfoods.com|DailyCatchEntry_New.php
29 May 2019 15:54:07|20|shiji@forstarfoods.com|DailyCatchEntry_New.php
29 May 2019 15:54:08|20|shiji@forstarfoods.com|DailyCatchEntry_New.php
29 May 2019 15:54:09|20|shiji@forstarfoods.com|DailyCatchEntry_New.php
29 May 2019 15:54:11|20|shiji@forstarfoods.com|DailyCatchEntry_New.php
29 May 2019 15:54:12|20|shiji@forstarfoods.com|DailyCatchEntry_New.php
29 May 2019 15:54:13|20|shiji@forstarfoods.com|DailyCatchEntry_New.php
29 May 2019 15:54:14|20|shiji@forstarfoods.com|DailyCatchEntry_New.php
29 May 2019 15:54:16|20|shiji@forstarfoods.com|DailyCatchEntry_New.php
29 May 2019 15:54:17|20|shiji@forstarfoods.com|DailyCatchEntry_New.php
29 May 2019 15:54:18|20|shiji@forstarfoods.com|DailyCatchEntry_New.php
29 May 2019 15:54:19|20|shiji@forstarfoods.com|DailyCatchEntry_New.php
29 May 2019 15:54:21|20|shiji@forstarfoods.com|DailyCatchEntry_New.php
29 May 2019 15:54:22|20|shiji@forstarfoods.com|DailyCatchEntry_New.php
29 May 2019 15:54:39|20|shiji@forstarfoods.com|DailyCatchEntry_New.php
29 May 2019 15:54:40|20|shiji@forstarfoods.com|CatchEntryDeclaredItem.php
29 May 2019 15:56:15|20|shiji@forstarfoods.com|DailyCatchSummary.php
29 May 2019 15:56:18|20|shiji@forstarfoods.com|DailyCatchSummary.php
29 May 2019 15:56:28|20|shiji@forstarfoods.com|DailyCatchSummary.php
29 May 2019 15:56:34|20|shiji@forstarfoods.com|DailyCatchSummary.php
29 May 2019 15:56:41|20|shiji@forstarfoods.com|DailyCatchSummary.php
29 May 2019 15:57:13|20|shiji@forstarfoods.com|DailyCatchSummary.php
29 May 2019 15:58:28|20|shiji@forstarfoods.com|DailyCatchSummary.php
29 May 2019 15:58:30|20|shiji@forstarfoods.com|DailyCatchSummary.php
29 May 2019 15:58:37|30|pritirm@forstarfoods.com|DailyCatchEntry_New.php
29 May 2019 16:03:39|30|pritirm@forstarfoods.com|DailyCatchEntry_New.php
29 May 2019 16:08:40|30|pritirm@forstarfoods.com|DailyCatchEntry_New.php
29 May 2019 16:13:41|30|pritirm@forstarfoods.com|DailyCatchEntry_New.php
29 May 2019 16:16:54|20|shiji@forstarfoods.com|DailyCatchReport.php
29 May 2019 16:17:05|20|shiji@forstarfoods.com|DailyCatchReport.php
29 May 2019 16:17:09|20|shiji@forstarfoods.com|DailyCatchReport.php
29 May 2019 16:17:11|20|shiji@forstarfoods.com|DailyCatchReport.php
29 May 2019 16:17:12|20|shiji@forstarfoods.com|DailyCatchReport.php
29 May 2019 16:17:14|20|shiji@forstarfoods.com|DailyCatchReport.php
29 May 2019 16:17:21|20|shiji@forstarfoods.com|PrintDailyCatchReportMemo.php
29 May 2019 16:17:57|20|shiji@forstarfoods.com|DailyCatchReport.php
29 May 2019 16:17:59|20|shiji@forstarfoods.com|DailyCatchReport.php
29 May 2019 16:18:00|20|shiji@forstarfoods.com|DailyCatchReport.php
29 May 2019 16:18:24|20|shiji@forstarfoods.com|DailyCatchReport.php
29 May 2019 16:18:25|20|shiji@forstarfoods.com|DailyCatchReport.php
29 May 2019 16:18:27|20|shiji@forstarfoods.com|DailyCatchReport.php
29 May 2019 16:18:28|20|shiji@forstarfoods.com|DailyCatchReport.php
29 May 2019 16:18:31|20|shiji@forstarfoods.com|DailyCatchReport.php
29 May 2019 16:18:32|20|shiji@forstarfoods.com|DailyCatchReport.php
29 May 2019 16:18:33|20|shiji@forstarfoods.com|DailyCatchReport.php
29 May 2019 16:18:38|20|shiji@forstarfoods.com|PrintDailyCatchReportMemo.php
29 May 2019 16:18:42|30|pritirm@forstarfoods.com|DailyCatchEntry_New.php
29 May 2019 16:19:01|20|shiji@forstarfoods.com|DailyCatchReport.php
29 May 2019 16:19:03|20|shiji@forstarfoods.com|DailyCatchReport.php
29 May 2019 16:19:04|20|shiji@forstarfoods.com|DailyCatchReport.php
29 May 2019 16:19:10|20|shiji@forstarfoods.com|DailyCatchReport.php
29 May 2019 16:19:11|20|shiji@forstarfoods.com|DailyCatchReport.php
29 May 2019 16:19:13|20|shiji@forstarfoods.com|DailyCatchReport.php
29 May 2019 16:19:14|20|shiji@forstarfoods.com|DailyCatchReport.php
29 May 2019 16:19:16|20|shiji@forstarfoods.com|DailyCatchReport.php
29 May 2019 16:19:18|20|shiji@forstarfoods.com|DailyCatchReport.php
29 May 2019 16:19:19|20|shiji@forstarfoods.com|DailyCatchReport.php
29 May 2019 16:19:23|20|shiji@forstarfoods.com|PrintDailyCatchReportMemo.php
29 May 2019 16:20:05|20|shiji@forstarfoods.com|DailyCatchReport.php
29 May 2019 16:20:07|20|shiji@forstarfoods.com|DailyCatchReport.php
29 May 2019 16:20:08|20|shiji@forstarfoods.com|DailyCatchReport.php
29 May 2019 16:20:15|20|shiji@forstarfoods.com|DailyCatchReport.php
29 May 2019 16:20:16|20|shiji@forstarfoods.com|DailyCatchReport.php
29 May 2019 16:20:18|20|shiji@forstarfoods.com|DailyCatchReport.php
29 May 2019 16:20:19|20|shiji@forstarfoods.com|DailyCatchReport.php
29 May 2019 16:20:21|20|shiji@forstarfoods.com|DailyCatchReport.php
29 May 2019 16:20:23|20|shiji@forstarfoods.com|DailyCatchReport.php
29 May 2019 16:20:24|20|shiji@forstarfoods.com|DailyCatchReport.php
29 May 2019 16:20:27|20|shiji@forstarfoods.com|PrintDailyCatchReportMemo.php
29 May 2019 16:20:56|20|shiji@forstarfoods.com|DailyCatchReport.php
29 May 2019 16:20:57|20|shiji@forstarfoods.com|DailyCatchReport.php
29 May 2019 16:20:59|20|shiji@forstarfoods.com|DailyCatchReport.php
29 May 2019 16:21:04|20|shiji@forstarfoods.com|DailyCatchReport.php
29 May 2019 16:21:05|20|shiji@forstarfoods.com|DailyCatchReport.php
29 May 2019 16:21:07|20|shiji@forstarfoods.com|DailyCatchReport.php
29 May 2019 16:21:08|20|shiji@forstarfoods.com|DailyCatchReport.php
29 May 2019 16:21:11|20|shiji@forstarfoods.com|DailyCatchReport.php
29 May 2019 16:21:13|20|shiji@forstarfoods.com|DailyCatchReport.php
29 May 2019 16:21:14|20|shiji@forstarfoods.com|DailyCatchReport.php
29 May 2019 16:21:17|20|shiji@forstarfoods.com|PrintDailyCatchReportMemo.php
29 May 2019 16:21:44|20|shiji@forstarfoods.com|DailyCatchReport.php
29 May 2019 16:21:46|20|shiji@forstarfoods.com|DailyCatchReport.php
29 May 2019 16:21:47|20|shiji@forstarfoods.com|DailyCatchReport.php
29 May 2019 16:22:25|20|shiji@forstarfoods.com|DailyCatchReport.php
29 May 2019 16:22:26|20|shiji@forstarfoods.com|DailyCatchReport.php
29 May 2019 16:22:28|20|shiji@forstarfoods.com|DailyCatchReport.php
29 May 2019 16:22:29|20|shiji@forstarfoods.com|DailyCatchReport.php
29 May 2019 16:22:31|20|shiji@forstarfoods.com|DailyCatchReport.php
29 May 2019 16:22:33|20|shiji@forstarfoods.com|DailyCatchReport.php
29 May 2019 16:22:34|20|shiji@forstarfoods.com|DailyCatchReport.php
29 May 2019 16:22:38|20|shiji@forstarfoods.com|PrintDailyCatchReportMemo.php
29 May 2019 16:23:32|20|shiji@forstarfoods.com|DailyCatchReport.php
29 May 2019 16:23:33|20|shiji@forstarfoods.com|DailyCatchReport.php
29 May 2019 16:23:34|20|shiji@forstarfoods.com|DailyCatchReport.php
29 May 2019 16:23:44|30|pritirm@forstarfoods.com|DailyCatchEntry_New.php
29 May 2019 16:24:01|20|shiji@forstarfoods.com|DailyCatchReport.php
29 May 2019 16:24:02|20|shiji@forstarfoods.com|DailyCatchReport.php
29 May 2019 16:24:04|20|shiji@forstarfoods.com|DailyCatchReport.php
29 May 2019 16:24:05|20|shiji@forstarfoods.com|DailyCatchReport.php
29 May 2019 16:24:07|20|shiji@forstarfoods.com|DailyCatchReport.php
29 May 2019 16:24:09|20|shiji@forstarfoods.com|DailyCatchReport.php
29 May 2019 16:24:10|20|shiji@forstarfoods.com|DailyCatchReport.php
29 May 2019 16:24:14|20|shiji@forstarfoods.com|PrintDailyCatchReportMemo.php
29 May 2019 16:24:45|20|shiji@forstarfoods.com|DailyCatchReport.php
29 May 2019 16:24:46|20|shiji@forstarfoods.com|DailyCatchReport.php
29 May 2019 16:24:48|20|shiji@forstarfoods.com|DailyCatchReport.php
29 May 2019 16:25:06|20|shiji@forstarfoods.com|DailyCatchReport.php
29 May 2019 16:25:07|20|shiji@forstarfoods.com|DailyCatchReport.php
29 May 2019 16:25:09|20|shiji@forstarfoods.com|DailyCatchReport.php
29 May 2019 16:25:10|20|shiji@forstarfoods.com|DailyCatchReport.php
29 May 2019 16:28:45|30|pritirm@forstarfoods.com|DailyCatchEntry_New.php
29 May 2019 16:33:46|30|pritirm@forstarfoods.com|DailyCatchEntry_New.php
29 May 2019 16:38:48|30|pritirm@forstarfoods.com|DailyCatchEntry_New.php
29 May 2019 16:41:14|20|shiji@forstarfoods.com|SupplierAccount.php
29 May 2019 16:43:07|20|shiji@forstarfoods.com|SupplierAccount.php
29 May 2019 16:43:12|20|shiji@forstarfoods.com|SupplierAccount.php
29 May 2019 16:43:49|30|pritirm@forstarfoods.com|DailyCatchEntry_New.php
29 May 2019 16:43:57|20|shiji@forstarfoods.com|SupplierAccount.php
29 May 2019 16:44:27|20|shiji@forstarfoods.com|SupplierAccount.php
29 May 2019 16:44:44|20|shiji@forstarfoods.com|DailyCatchReport.php
29 May 2019 16:45:00|20|shiji@forstarfoods.com|DailyCatchReport.php
29 May 2019 16:45:04|20|shiji@forstarfoods.com|DailyCatchReport.php
29 May 2019 16:45:06|20|shiji@forstarfoods.com|DailyCatchReport.php
29 May 2019 16:45:08|20|shiji@forstarfoods.com|DailyCatchReport.php
29 May 2019 16:45:08|31|rekha@foresee.com|Home.php
29 May 2019 16:45:09|20|shiji@forstarfoods.com|DailyCatchReport.php
29 May 2019 16:45:11|31|rekha@foresee.com|Home.php
29 May 2019 16:45:13|20|shiji@forstarfoods.com|PrintDailyCatchReportMemo.php
29 May 2019 16:45:28|20|shiji@forstarfoods.com|SupplierAccount.php
29 May 2019 16:45:36|20|shiji@forstarfoods.com|SupplierAccount.php
29 May 2019 16:45:43|31|rekha@foresee.com|Home.php
29 May 2019 16:45:45|20|shiji@forstarfoods.com|SupplierAccount.php
29 May 2019 16:45:47|31|rekha@foresee.com|Home.php
29 May 2019 16:45:53|20|shiji@forstarfoods.com|SupplierAccount.php
29 May 2019 16:45:57|20|shiji@forstarfoods.com|SupplierAccount.php
29 May 2019 16:46:01|20|shiji@forstarfoods.com|SupplierAccount.php
29 May 2019 16:46:07|20|shiji@forstarfoods.com|SupplierAccount.php
29 May 2019 16:47:05|20|shiji@forstarfoods.com|SupplierAccount.php
29 May 2019 16:47:10|20|shiji@forstarfoods.com|SupplierAccount.php
29 May 2019 16:48:48|20|shiji@forstarfoods.com|SupplierAccount.php
29 May 2019 16:48:50|30|pritirm@forstarfoods.com|DailyCatchEntry_New.php
29 May 2019 16:49:32|20|shiji@forstarfoods.com|SupplierAccount.php
29 May 2019 16:49:48|20|shiji@forstarfoods.com|SupplierAccount.php
29 May 2019 16:49:52|20|shiji@forstarfoods.com|SupplierAccount.php
29 May 2019 16:50:53|20|shiji@forstarfoods.com|SupplierAccount.php
29 May 2019 16:51:10|20|shiji@forstarfoods.com|SupplierAccount.php
29 May 2019 16:51:10|28|pratiksha@forstarfoods.com|Home.php
29 May 2019 16:51:15|28|pratiksha@forstarfoods.com|ManageGatePass.php
29 May 2019 16:51:15|20|shiji@forstarfoods.com|SupplierAccount.php
29 May 2019 16:51:17|28|pratiksha@forstarfoods.com|ManageGatePass.php
29 May 2019 16:51:21|28|pratiksha@forstarfoods.com|ManageGatePass.php
29 May 2019 16:51:23|28|pratiksha@forstarfoods.com|ManageGatePass.php
29 May 2019 16:51:27|28|pratiksha@forstarfoods.com|ManageGatePass.php
29 May 2019 16:51:43|20|shiji@forstarfoods.com|SupplierAccount.php
29 May 2019 16:52:12|28|pratiksha@forstarfoods.com|ManageGatePass.php
29 May 2019 16:52:15|28|pratiksha@forstarfoods.com|ManageGatePass.php
29 May 2019 16:52:18|28|pratiksha@forstarfoods.com|ManageGatePass.php
29 May 2019 16:52:22|28|pratiksha@forstarfoods.com|ManageGatePass.php
29 May 2019 16:52:24|28|pratiksha@forstarfoods.com|ManageGatePass.php
29 May 2019 16:52:31|28|pratiksha@forstarfoods.com|PrintGatePass.php
29 May 2019 16:52:38|20|shiji@forstarfoods.com|SupplierAccount.php
29 May 2019 16:52:43|20|shiji@forstarfoods.com|SupplierAccount.php
29 May 2019 16:53:26|28|pratiksha@forstarfoods.com|ManageGatePass.php
29 May 2019 16:53:42|20|shiji@forstarfoods.com|SupplierAccount.php
29 May 2019 16:53:52|30|pritirm@forstarfoods.com|DailyCatchEntry_New.php
29 May 2019 16:53:53|20|shiji@forstarfoods.com|SupplierAccount.php
29 May 2019 16:53:57|20|shiji@forstarfoods.com|SupplierAccount.php
29 May 2019 16:54:27|28|pratiksha@forstarfoods.com|ManageGatePass.php
29 May 2019 16:55:05|20|shiji@forstarfoods.com|SupplierAccount.php
29 May 2019 16:55:28|28|pratiksha@forstarfoods.com|ManageGatePass.php
29 May 2019 16:55:30|20|shiji@forstarfoods.com|SupplierAccount.php
29 May 2019 16:55:34|20|shiji@forstarfoods.com|SupplierAccount.php
29 May 2019 16:56:40|20|shiji@forstarfoods.com|SupplierAccount.php
29 May 2019 16:58:53|30|pritirm@forstarfoods.com|DailyCatchEntry_New.php
29 May 2019 17:03:54|30|pritirm@forstarfoods.com|DailyCatchEntry_New.php
29 May 2019 17:04:39|20|shiji@forstarfoods.com|SupplierMaster.php
29 May 2019 17:04:43|20|shiji@forstarfoods.com|SupplierMaster.php
29 May 2019 17:05:58|20|shiji@forstarfoods.com|SupplierMaster.php
29 May 2019 17:06:05|20|shiji@forstarfoods.com|SupplierMaster.php
29 May 2019 17:06:12|20|shiji@forstarfoods.com|SupplierMaster.php
29 May 2019 17:06:28|20|shiji@forstarfoods.com|SupplierMaster.php
29 May 2019 17:06:32|20|shiji@forstarfoods.com|SupplierMaster.php
29 May 2019 17:06:46|20|shiji@forstarfoods.com|DailyCatchEntry_New.php
29 May 2019 17:06:50|20|shiji@forstarfoods.com|DailyCatchEntry_New.php
29 May 2019 17:06:52|20|shiji@forstarfoods.com|DailyCatchEntry_New.php
29 May 2019 17:06:53|20|shiji@forstarfoods.com|DailyCatchEntry_New.php
29 May 2019 17:06:54|20|shiji@forstarfoods.com|DailyCatchEntry_New.php
29 May 2019 17:06:55|20|shiji@forstarfoods.com|CatchEntryDeclaredItem.php
29 May 2019 17:06:57|20|shiji@forstarfoods.com|DailyCatchEntry_New.php
29 May 2019 17:07:00|20|shiji@forstarfoods.com|DailyCatchEntry_New.php
29 May 2019 17:07:02|20|shiji@forstarfoods.com|DailyCatchEntry_New.php
29 May 2019 17:07:03|20|shiji@forstarfoods.com|DailyCatchEntry_New.php
29 May 2019 17:07:04|20|shiji@forstarfoods.com|DailyCatchEntry_New.php
29 May 2019 17:07:05|20|shiji@forstarfoods.com|DailyCatchEntry_New.php
29 May 2019 17:07:08|20|shiji@forstarfoods.com|DailyCatchEntry_New.php
29 May 2019 17:07:10|20|shiji@forstarfoods.com|DailyCatchEntry_New.php
29 May 2019 17:07:11|20|shiji@forstarfoods.com|DailyCatchEntry_New.php
29 May 2019 17:07:26|20|shiji@forstarfoods.com|DailyCatchEntry_New.php
29 May 2019 17:07:32|20|shiji@forstarfoods.com|DailyCatchEntry_New.php
29 May 2019 17:07:33|20|shiji@forstarfoods.com|CatchEntryDeclaredItem.php
29 May 2019 17:08:44|20|shiji@forstarfoods.com|DailyCatchEntry_New.php
29 May 2019 17:08:45|20|shiji@forstarfoods.com|DailyCatchEntry_New.php
29 May 2019 17:08:47|20|shiji@forstarfoods.com|DailyCatchEntry_New.php
29 May 2019 17:08:49|20|shiji@forstarfoods.com|DailyCatchEntry_New.php
29 May 2019 17:08:52|20|shiji@forstarfoods.com|DailyCatchEntry_New.php
29 May 2019 17:08:56|30|pritirm@forstarfoods.com|DailyCatchEntry_New.php
29 May 2019 17:09:42|20|shiji@forstarfoods.com|DailyCatchEntry_New.php
29 May 2019 17:09:43|20|shiji@forstarfoods.com|DailyCatchEntry_New.php
29 May 2019 17:09:44|20|shiji@forstarfoods.com|DailyCatchEntry_New.php
29 May 2019 17:09:46|20|shiji@forstarfoods.com|DailyCatchEntry_New.php
29 May 2019 17:09:47|20|shiji@forstarfoods.com|DailyCatchEntry_New.php
29 May 2019 17:09:48|20|shiji@forstarfoods.com|DailyCatchEntry_New.php
29 May 2019 17:10:19|20|shiji@forstarfoods.com|DailyCatchEntry_New.php
29 May 2019 17:10:21|20|shiji@forstarfoods.com|DailyCatchEntry_New.php
29 May 2019 17:10:23|20|shiji@forstarfoods.com|CatchEntryDeclaredItem.php
29 May 2019 17:10:36|20|shiji@forstarfoods.com|DailyCatchEntry_New.php
29 May 2019 17:10:38|20|shiji@forstarfoods.com|DailyCatchEntry_New.php
29 May 2019 17:10:41|20|shiji@forstarfoods.com|DailyCatchEntry_New.php
29 May 2019 17:10:42|20|shiji@forstarfoods.com|DailyCatchEntry_New.php
29 May 2019 17:10:43|20|shiji@forstarfoods.com|DailyCatchEntry_New.php
29 May 2019 17:10:45|20|shiji@forstarfoods.com|DailyCatchEntry_New.php
29 May 2019 17:10:52|20|shiji@forstarfoods.com|DailyCatchEntry_New.php
29 May 2019 17:10:53|20|shiji@forstarfoods.com|DailyCatchEntry_New.php
29 May 2019 17:11:16|20|shiji@forstarfoods.com|DailyCatchEntry_New.php
29 May 2019 17:11:19|20|shiji@forstarfoods.com|DailyCatchEntry_New.php
29 May 2019 17:11:20|20|shiji@forstarfoods.com|CatchEntryDeclaredItem.php
29 May 2019 17:11:30|20|shiji@forstarfoods.com|DailyCatchEntry_New.php
29 May 2019 17:11:33|20|shiji@forstarfoods.com|DailyCatchEntry_New.php
29 May 2019 17:11:36|20|shiji@forstarfoods.com|DailyCatchEntry_New.php
29 May 2019 17:11:37|20|shiji@forstarfoods.com|DailyCatchEntry_New.php
29 May 2019 17:11:39|20|shiji@forstarfoods.com|DailyCatchEntry_New.php
29 May 2019 17:11:40|20|shiji@forstarfoods.com|DailyCatchEntry_New.php
29 May 2019 17:11:52|20|shiji@forstarfoods.com|DailyCatchEntry_New.php
29 May 2019 17:12:00|20|shiji@forstarfoods.com|DailyCatchEntry_New.php
29 May 2019 17:12:01|20|shiji@forstarfoods.com|DailyCatchEntry_New.php
29 May 2019 17:12:02|20|shiji@forstarfoods.com|DailyCatchEntry_New.php
29 May 2019 17:12:04|20|shiji@forstarfoods.com|DailyCatchEntry_New.php
29 May 2019 17:12:06|20|shiji@forstarfoods.com|CatchEntryDeclaredItem.php
29 May 2019 17:12:39|20|shiji@forstarfoods.com|DailyCatchReport.php
29 May 2019 17:12:46|20|shiji@forstarfoods.com|DailyCatchReport.php
29 May 2019 17:12:51|20|shiji@forstarfoods.com|DailyCatchReport.php
29 May 2019 17:12:53|20|shiji@forstarfoods.com|DailyCatchReport.php
29 May 2019 17:12:55|20|shiji@forstarfoods.com|DailyCatchReport.php
29 May 2019 17:12:56|20|shiji@forstarfoods.com|DailyCatchReport.php
29 May 2019 17:13:10|20|shiji@forstarfoods.com|PrintDailyCatchReportMemo.php
29 May 2019 17:13:57|30|pritirm@forstarfoods.com|DailyCatchEntry_New.php
29 May 2019 17:14:11|20|shiji@forstarfoods.com|DailyCatchReport.php
29 May 2019 17:14:13|20|shiji@forstarfoods.com|DailyCatchReport.php
29 May 2019 17:14:14|20|shiji@forstarfoods.com|DailyCatchReport.php
29 May 2019 17:14:15|20|shiji@forstarfoods.com|SupplierAccount.php
29 May 2019 17:14:24|20|shiji@forstarfoods.com|SupplierAccount.php
29 May 2019 17:14:28|20|shiji@forstarfoods.com|SupplierAccount.php
29 May 2019 17:14:31|20|shiji@forstarfoods.com|SupplierAccount.php
29 May 2019 17:14:35|20|shiji@forstarfoods.com|SupplierAccount.php
29 May 2019 17:16:34|20|shiji@forstarfoods.com|SupplierAccount.php
29 May 2019 17:16:47|20|shiji@forstarfoods.com|DailyCatchReport.php
29 May 2019 17:16:59|20|shiji@forstarfoods.com|SupplierAccount.php
29 May 2019 17:18:58|30|pritirm@forstarfoods.com|DailyCatchEntry_New.php
29 May 2019 17:23:59|30|pritirm@forstarfoods.com|DailyCatchEntry_New.php
29 May 2019 17:29:01|30|pritirm@forstarfoods.com|DailyCatchEntry_New.php
29 May 2019 17:34:02|30|pritirm@forstarfoods.com|DailyCatchEntry_New.php
29 May 2019 17:39:03|30|pritirm@forstarfoods.com|DailyCatchEntry_New.php
29 May 2019 17:44:05|30|pritirm@forstarfoods.com|DailyCatchEntry_New.php
29 May 2019 17:49:06|30|pritirm@forstarfoods.com|DailyCatchEntry_New.php
30 May 2019 09:47:59|30|pritirm@forstarfoods.com|Home.php
30 May 2019 10:18:31|20|shiji@forstarfoods.com|Home.php
30 May 2019 10:18:34|20|shiji@forstarfoods.com|Home.php
30 May 2019 10:48:58|20|shiji@forstarfoods.com|DailyCatchSummary.php
30 May 2019 10:49:01|20|shiji@forstarfoods.com|DailyCatchSummary.php
30 May 2019 10:49:24|20|shiji@forstarfoods.com|DailyCatchSummary.php
30 May 2019 10:49:27|20|shiji@forstarfoods.com|DailyCatchSummary.php
30 May 2019 10:49:34|20|shiji@forstarfoods.com|DailyCatchSummary.php
30 May 2019 10:49:40|20|shiji@forstarfoods.com|DailyCatchSummary.php
30 May 2019 10:52:26|20|shiji@forstarfoods.com|DailyCatchSummary.php
30 May 2019 10:52:29|20|shiji@forstarfoods.com|DailyCatchSummary.php
30 May 2019 10:53:29|20|shiji@forstarfoods.com|DailyCatchSummary.php
30 May 2019 10:56:31|20|shiji@forstarfoods.com|DailyCatchSummary.php
30 May 2019 11:15:34|20|shiji@forstarfoods.com|DailyCatchSummary.php
30 May 2019 11:15:36|20|shiji@forstarfoods.com|DailyCatchSummary.php
30 May 2019 11:31:24|20|shiji@forstarfoods.com|DailyCatchEntry_New.php
30 May 2019 11:31:28|20|shiji@forstarfoods.com|DailyCatchEntry_New.php
30 May 2019 11:31:30|20|shiji@forstarfoods.com|DailyCatchEntry_New.php
30 May 2019 11:31:32|20|shiji@forstarfoods.com|DailyCatchEntry_New.php
30 May 2019 11:31:33|20|shiji@forstarfoods.com|DailyCatchEntry_New.php
30 May 2019 11:31:34|20|shiji@forstarfoods.com|CatchEntryDeclaredItem.php
30 May 2019 11:31:35|20|shiji@forstarfoods.com|DailyCatchEntry_New.php
30 May 2019 11:31:45|20|shiji@forstarfoods.com|DailyCatchEntry_New.php
30 May 2019 11:31:46|20|shiji@forstarfoods.com|DailyCatchEntry_New.php
30 May 2019 11:31:47|20|shiji@forstarfoods.com|DailyCatchEntry_New.php
30 May 2019 11:32:03|20|shiji@forstarfoods.com|DailyCatchEntry_New.php
30 May 2019 11:32:49|20|shiji@forstarfoods.com|DailyCatchEntry_New.php