
28 Jan 2019 10:14:29|20|shiji@forstarfoods.com|DailyCatchEntry_New.php
28 Jan 2019 10:14:31|20|shiji@forstarfoods.com|DailyCatchEntry_New.php
28 Jan 2019 10:14:32|20|shiji@forstarfoods.com|DailyCatchEntry_New.php
28 Jan 2019 10:14:33|20|shiji@forstarfoods.com|DailyCatchEntry_New.php
28 Jan 2019 10:14:34|20|shiji@forstarfoods.com|DailyCatchEntry_New.php
28 Jan 2019 10:14:35|20|shiji@forstarfoods.com|DailyCatchEntry_New.php
28 Jan 2019 10:14:37|20|shiji@forstarfoods.com|DailyCatchEntry_New.php
28 Jan 2019 10:14:38|20|shiji@forstarfoods.com|DailyCatchEntry_New.php
28 Jan 2019 10:14:39|20|shiji@forstarfoods.com|DailyCatchEntry_New.php
28 Jan 2019 10:14:40|20|shiji@forstarfoods.com|DailyCatchEntry_New.php
28 Jan 2019 10:14:42|20|shiji@forstarfoods.com|DailyCatchEntry_New.php
28 Jan 2019 10:14:43|20|shiji@forstarfoods.com|DailyCatchEntry_New.php
28 Jan 2019 10:15:26|30|pritirm@forstarfoods.com|DailyCatchEntry_New.php
28 Jan 2019 10:15:27|30|pritirm@forstarfoods.com|DailyCatchEntry_New.php
28 Jan 2019 10:15:28|30|pritirm@forstarfoods.com|DailyCatchEntry_New.php
28 Jan 2019 10:15:32|30|pritirm@forstarfoods.com|DailyCatchEntry_New.php
28 Jan 2019 10:15:37|30|pritirm@forstarfoods.com|DailyCatchEntry_New.php
28 Jan 2019 10:15:38|30|pritirm@forstarfoods.com|CatchEntryDeclaredItem.php
28 Jan 2019 10:15:53|30|pritirm@forstarfoods.com|DailyCatchEntry_New.php
28 Jan 2019 10:16:02|30|pritirm@forstarfoods.com|DailyCatchEntry_New.php
28 Jan 2019 10:16:04|30|pritirm@forstarfoods.com|DailyCatchEntry_New.php
28 Jan 2019 10:16:06|30|pritirm@forstarfoods.com|DailyCatchEntry_New.php
28 Jan 2019 10:16:10|30|pritirm@forstarfoods.com|DailyCatchEntry_New.php
28 Jan 2019 10:16:12|30|pritirm@forstarfoods.com|DailyCatchEntry_New.php
28 Jan 2019 10:16:13|30|pritirm@forstarfoods.com|DailyCatchEntry_New.php
28 Jan 2019 10:16:14|30|pritirm@forstarfoods.com|DailyCatchEntry_New.php
28 Jan 2019 10:16:15|30|pritirm@forstarfoods.com|DailyCatchEntry_New.php
28 Jan 2019 10:16:17|30|pritirm@forstarfoods.com|DailyCatchEntry_New.php
28 Jan 2019 10:16:18|30|pritirm@forstarfoods.com|DailyCatchEntry_New.php
28 Jan 2019 10:16:19|30|pritirm@forstarfoods.com|DailyCatchEntry_New.php
28 Jan 2019 10:16:20|30|pritirm@forstarfoods.com|DailyCatchEntry_New.php
28 Jan 2019 10:16:22|30|pritirm@forstarfoods.com|DailyCatchEntry_New.php
28 Jan 2019 10:16:23|30|pritirm@forstarfoods.com|DailyCatchEntry_New.php
28 Jan 2019 10:16:24|30|pritirm@forstarfoods.com|DailyCatchEntry_New.php
28 Jan 2019 10:16:25|30|pritirm@forstarfoods.com|DailyCatchEntry_New.php
28 Jan 2019 10:16:27|30|pritirm@forstarfoods.com|DailyCatchEntry_New.php
28 Jan 2019 10:17:00|30|pritirm@forstarfoods.com|DailyCatchEntry_New.php
28 Jan 2019 10:17:03|30|pritirm@forstarfoods.com|DailyCatchEntry_New.php
28 Jan 2019 10:17:04|30|pritirm@forstarfoods.com|CatchEntryDeclaredItem.php
28 Jan 2019 10:17:09|30|pritirm@forstarfoods.com|DailyCatchEntry_New.php
28 Jan 2019 10:17:11|30|pritirm@forstarfoods.com|DailyCatchEntry_New.php
28 Jan 2019 10:17:14|30|pritirm@forstarfoods.com|DailyCatchEntry_New.php
28 Jan 2019 10:17:15|30|pritirm@forstarfoods.com|DailyCatchEntry_New.php
28 Jan 2019 10:17:16|30|pritirm@forstarfoods.com|DailyCatchEntry_New.php
28 Jan 2019 10:17:17|30|pritirm@forstarfoods.com|DailyCatchEntry_New.php
28 Jan 2019 10:17:19|30|pritirm@forstarfoods.com|DailyCatchEntry_New.php
28 Jan 2019 10:17:20|30|pritirm@forstarfoods.com|DailyCatchEntry_New.php
28 Jan 2019 10:17:21|30|pritirm@forstarfoods.com|DailyCatchEntry_New.php
28 Jan 2019 10:17:22|30|pritirm@forstarfoods.com|DailyCatchEntry_New.php
28 Jan 2019 10:17:24|30|pritirm@forstarfoods.com|DailyCatchEntry_New.php
28 Jan 2019 10:17:25|30|pritirm@forstarfoods.com|DailyCatchEntry_New.php
28 Jan 2019 10:17:26|30|pritirm@forstarfoods.com|DailyCatchEntry_New.php
28 Jan 2019 10:17:27|30|pritirm@forstarfoods.com|DailyCatchEntry_New.php
28 Jan 2019 10:17:29|30|pritirm@forstarfoods.com|DailyCatchEntry_New.php
28 Jan 2019 10:17:30|30|pritirm@forstarfoods.com|DailyCatchEntry_New.php
28 Jan 2019 10:17:31|30|pritirm@forstarfoods.com|DailyCatchEntry_New.php
28 Jan 2019 10:17:32|30|pritirm@forstarfoods.com|DailyCatchEntry_New.php
28 Jan 2019 10:17:39|30|pritirm@forstarfoods.com|DailyCatchEntry_New.php
28 Jan 2019 10:17:42|30|pritirm@forstarfoods.com|DailyCatchEntry_New.php
28 Jan 2019 10:17:43|30|pritirm@forstarfoods.com|CatchEntryDeclaredItem.php
28 Jan 2019 10:18:38|20|shiji@forstarfoods.com|DailyCatchEntry_New.php
28 Jan 2019 10:18:53|20|shiji@forstarfoods.com|DailyCatchEntry_New.php
28 Jan 2019 10:18:56|20|shiji@forstarfoods.com|DailyCatchEntry_New.php
28 Jan 2019 10:18:57|20|shiji@forstarfoods.com|CatchEntryDeclaredItem.php
28 Jan 2019 10:19:14|20|shiji@forstarfoods.com|DailyCatchEntry_New.php
28 Jan 2019 10:19:16|20|shiji@forstarfoods.com|DailyCatchEntry_New.php
28 Jan 2019 10:19:19|20|shiji@forstarfoods.com|DailyCatchEntry_New.php
28 Jan 2019 10:19:20|20|shiji@forstarfoods.com|DailyCatchEntry_New.php
28 Jan 2019 10:19:21|20|shiji@forstarfoods.com|DailyCatchEntry_New.php
28 Jan 2019 10:19:23|20|shiji@forstarfoods.com|DailyCatchEntry_New.php
28 Jan 2019 10:19:24|20|shiji@forstarfoods.com|DailyCatchEntry_New.php
28 Jan 2019 10:19:25|20|shiji@forstarfoods.com|DailyCatchEntry_New.php
28 Jan 2019 10:19:26|20|shiji@forstarfoods.com|DailyCatchEntry_New.php
28 Jan 2019 10:19:28|20|shiji@forstarfoods.com|DailyCatchEntry_New.php
28 Jan 2019 10:19:29|20|shiji@forstarfoods.com|DailyCatchEntry_New.php
28 Jan 2019 10:19:30|20|shiji@forstarfoods.com|DailyCatchEntry_New.php
28 Jan 2019 10:19:31|20|shiji@forstarfoods.com|DailyCatchEntry_New.php
28 Jan 2019 10:19:32|20|shiji@forstarfoods.com|DailyCatchEntry_New.php
28 Jan 2019 10:19:34|20|shiji@forstarfoods.com|DailyCatchEntry_New.php
28 Jan 2019 10:19:35|20|shiji@forstarfoods.com|DailyCatchEntry_New.php
28 Jan 2019 10:19:42|20|shiji@forstarfoods.com|DailyCatchEntry_New.php
28 Jan 2019 10:20:13|20|shiji@forstarfoods.com|DailyCatchEntry_New.php
28 Jan 2019 10:20:17|20|shiji@forstarfoods.com|DailyCatchEntry_New.php
28 Jan 2019 10:20:19|20|shiji@forstarfoods.com|DailyCatchEntry_New.php
28 Jan 2019 10:20:20|20|shiji@forstarfoods.com|DailyCatchEntry_New.php
28 Jan 2019 10:20:21|20|shiji@forstarfoods.com|DailyCatchEntry_New.php
28 Jan 2019 10:20:22|20|shiji@forstarfoods.com|DailyCatchEntry_New.php
28 Jan 2019 10:20:24|20|shiji@forstarfoods.com|DailyCatchEntry_New.php
28 Jan 2019 10:20:25|20|shiji@forstarfoods.com|DailyCatchEntry_New.php
28 Jan 2019 10:20:26|20|shiji@forstarfoods.com|DailyCatchEntry_New.php
28 Jan 2019 10:21:07|30|pritirm@forstarfoods.com|DailyCatchEntry_New.php
28 Jan 2019 10:23:07|20|shiji@forstarfoods.com|DailyCatchEntry_New.php
28 Jan 2019 10:23:10|20|shiji@forstarfoods.com|DailyCatchEntry_New.php
28 Jan 2019 10:23:11|20|shiji@forstarfoods.com|CatchEntryDeclaredItem.php
28 Jan 2019 10:23:14|20|shiji@forstarfoods.com|DailyCatchEntry_New.php
28 Jan 2019 10:23:17|20|shiji@forstarfoods.com|DailyCatchEntry_New.php
28 Jan 2019 10:23:19|20|shiji@forstarfoods.com|DailyCatchEntry_New.php
28 Jan 2019 10:23:22|20|shiji@forstarfoods.com|DailyCatchEntry_New.php
28 Jan 2019 10:23:23|20|shiji@forstarfoods.com|DailyCatchEntry_New.php
28 Jan 2019 10:23:24|20|shiji@forstarfoods.com|DailyCatchEntry_New.php
28 Jan 2019 10:23:25|20|shiji@forstarfoods.com|DailyCatchEntry_New.php
28 Jan 2019 10:23:27|20|shiji@forstarfoods.com|DailyCatchEntry_New.php
28 Jan 2019 10:23:28|20|shiji@forstarfoods.com|DailyCatchEntry_New.php
28 Jan 2019 10:23:29|20|shiji@forstarfoods.com|DailyCatchEntry_New.php
28 Jan 2019 10:23:30|20|shiji@forstarfoods.com|DailyCatchEntry_New.php
28 Jan 2019 10:23:39|20|shiji@forstarfoods.com|DailyCatchEntry_New.php
28 Jan 2019 10:23:51|20|shiji@forstarfoods.com|DailyCatchEntry_New.php
28 Jan 2019 10:23:53|20|shiji@forstarfoods.com|DailyCatchEntry_New.php
28 Jan 2019 10:23:54|20|shiji@forstarfoods.com|CatchEntryDeclaredItem.php
28 Jan 2019 10:23:58|30|pritirm@forstarfoods.com|DailyCatchEntry_New.php
28 Jan 2019 10:23:59|30|pritirm@forstarfoods.com|DailyCatchEntry_New.php
28 Jan 2019 10:24:00|30|pritirm@forstarfoods.com|DailyCatchEntry_New.php
28 Jan 2019 10:24:04|20|shiji@forstarfoods.com|DailyCatchEntry_New.php
28 Jan 2019 10:24:05|30|pritirm@forstarfoods.com|DailyCatchEntry_New.php
28 Jan 2019 10:24:07|20|shiji@forstarfoods.com|DailyCatchEntry_New.php
28 Jan 2019 10:24:11|20|shiji@forstarfoods.com|DailyCatchEntry_New.php
28 Jan 2019 10:24:12|20|shiji@forstarfoods.com|DailyCatchEntry_New.php
28 Jan 2019 10:24:13|20|shiji@forstarfoods.com|DailyCatchEntry_New.php
28 Jan 2019 10:24:14|20|shiji@forstarfoods.com|DailyCatchEntry_New.php
28 Jan 2019 10:24:16|20|shiji@forstarfoods.com|DailyCatchEntry_New.php
28 Jan 2019 10:24:17|20|shiji@forstarfoods.com|DailyCatchEntry_New.php
28 Jan 2019 10:24:18|20|shiji@forstarfoods.com|DailyCatchEntry_New.php
28 Jan 2019 10:24:18|30|pritirm@forstarfoods.com|DailyCatchEntry_New.php
28 Jan 2019 10:24:19|20|shiji@forstarfoods.com|DailyCatchEntry_New.php
28 Jan 2019 10:24:21|20|shiji@forstarfoods.com|DailyCatchEntry_New.php
28 Jan 2019 10:24:23|20|shiji@forstarfoods.com|DailyCatchEntry_New.php
28 Jan 2019 10:24:33|30|pritirm@forstarfoods.com|DailyCatchEntry_New.php
28 Jan 2019 10:24:38|30|pritirm@forstarfoods.com|DailyCatchEntry_New.php
28 Jan 2019 10:24:40|30|pritirm@forstarfoods.com|CatchEntryDeclaredItem.php
28 Jan 2019 10:24:43|20|shiji@forstarfoods.com|CatchEntryDeclaredItem.php
28 Jan 2019 10:24:53|30|pritirm@forstarfoods.com|DailyCatchEntry_New.php
28 Jan 2019 10:25:04|30|pritirm@forstarfoods.com|DailyCatchEntry_New.php
28 Jan 2019 10:25:07|30|pritirm@forstarfoods.com|DailyCatchEntry_New.php
28 Jan 2019 10:25:10|30|pritirm@forstarfoods.com|DailyCatchEntry_New.php
28 Jan 2019 10:25:11|30|pritirm@forstarfoods.com|DailyCatchEntry_New.php
28 Jan 2019 10:25:13|30|pritirm@forstarfoods.com|DailyCatchEntry_New.php
28 Jan 2019 10:25:14|30|pritirm@forstarfoods.com|DailyCatchEntry_New.php
28 Jan 2019 10:25:15|30|pritirm@forstarfoods.com|DailyCatchEntry_New.php
28 Jan 2019 10:25:16|30|pritirm@forstarfoods.com|DailyCatchEntry_New.php
28 Jan 2019 10:25:18|30|pritirm@forstarfoods.com|DailyCatchEntry_New.php
28 Jan 2019 10:25:19|30|pritirm@forstarfoods.com|DailyCatchEntry_New.php
28 Jan 2019 10:25:20|30|pritirm@forstarfoods.com|DailyCatchEntry_New.php
28 Jan 2019 10:25:21|30|pritirm@forstarfoods.com|DailyCatchEntry_New.php
28 Jan 2019 10:25:23|30|pritirm@forstarfoods.com|DailyCatchEntry_New.php
28 Jan 2019 10:25:24|30|pritirm@forstarfoods.com|DailyCatchEntry_New.php
28 Jan 2019 10:25:33|30|pritirm@forstarfoods.com|DailyCatchEntry_New.php
28 Jan 2019 10:25:35|30|pritirm@forstarfoods.com|DailyCatchEntry_New.php
28 Jan 2019 10:25:37|30|pritirm@forstarfoods.com|CatchEntryDeclaredItem.php
28 Jan 2019 10:26:08|30|pritirm@forstarfoods.com|DailyCatchEntry_New.php
28 Jan 2019 10:26:15|30|pritirm@forstarfoods.com|DailyCatchEntry_New.php
28 Jan 2019 10:26:17|30|pritirm@forstarfoods.com|DailyCatchEntry_New.php
28 Jan 2019 10:26:18|30|pritirm@forstarfoods.com|DailyCatchEntry_New.php
28 Jan 2019 10:26:19|30|pritirm@forstarfoods.com|DailyCatchEntry_New.php
28 Jan 2019 10:26:22|30|pritirm@forstarfoods.com|DailyCatchEntry_New.php
28 Jan 2019 10:26:24|30|pritirm@forstarfoods.com|CatchEntryDeclaredItem.php
28 Jan 2019 10:26:51|30|pritirm@forstarfoods.com|DailyCatchEntry_New.php
28 Jan 2019 10:26:53|30|pritirm@forstarfoods.com|DailyCatchEntry_New.php
28 Jan 2019 10:26:54|30|pritirm@forstarfoods.com|DailyCatchEntry_New.php
28 Jan 2019 10:27:00|30|pritirm@forstarfoods.com|DailyCatchEntry_New.php
28 Jan 2019 10:27:02|30|pritirm@forstarfoods.com|DailyCatchEntry_New.php
28 Jan 2019 10:27:06|30|pritirm@forstarfoods.com|DailyCatchEntry_New.php
28 Jan 2019 10:27:07|30|pritirm@forstarfoods.com|DailyCatchEntry_New.php
28 Jan 2019 10:27:08|30|pritirm@forstarfoods.com|DailyCatchEntry_New.php
28 Jan 2019 10:27:09|20|shiji@forstarfoods.com|DailyCatchEntry_New.php
28 Jan 2019 10:27:10|30|pritirm@forstarfoods.com|DailyCatchEntry_New.php
28 Jan 2019 10:27:11|30|pritirm@forstarfoods.com|DailyCatchEntry_New.php
28 Jan 2019 10:27:12|30|pritirm@forstarfoods.com|DailyCatchEntry_New.php
28 Jan 2019 10:27:13|30|pritirm@forstarfoods.com|DailyCatchEntry_New.php
28 Jan 2019 10:27:13|20|shiji@forstarfoods.com|DailyCatchEntry_New.php
28 Jan 2019 10:27:15|30|pritirm@forstarfoods.com|DailyCatchEntry_New.php
28 Jan 2019 10:27:15|20|shiji@forstarfoods.com|DailyCatchEntry_New.php
28 Jan 2019 10:27:16|30|pritirm@forstarfoods.com|DailyCatchEntry_New.php
28 Jan 2019 10:27:16|20|shiji@forstarfoods.com|DailyCatchEntry_New.php
28 Jan 2019 10:27:17|30|pritirm@forstarfoods.com|DailyCatchEntry_New.php
28 Jan 2019 10:27:18|20|shiji@forstarfoods.com|DailyCatchEntry_New.php
28 Jan 2019 10:27:18|30|pritirm@forstarfoods.com|DailyCatchEntry_New.php
28 Jan 2019 10:27:19|20|shiji@forstarfoods.com|DailyCatchEntry_New.php
28 Jan 2019 10:27:19|30|pritirm@forstarfoods.com|DailyCatchEntry_New.php
28 Jan 2019 10:27:20|20|shiji@forstarfoods.com|DailyCatchEntry_New.php
28 Jan 2019 10:27:21|30|pritirm@forstarfoods.com|DailyCatchEntry_New.php
28 Jan 2019 10:27:22|30|pritirm@forstarfoods.com|DailyCatchEntry_New.php
28 Jan 2019 10:27:23|30|pritirm@forstarfoods.com|DailyCatchEntry_New.php
28 Jan 2019 10:27:24|30|pritirm@forstarfoods.com|DailyCatchEntry_New.php
28 Jan 2019 10:27:27|20|shiji@forstarfoods.com|DailyCatchEntry_New.php
28 Jan 2019 10:27:30|20|shiji@forstarfoods.com|DailyCatchEntry_New.php
28 Jan 2019 10:27:31|20|shiji@forstarfoods.com|DailyCatchEntry_New.php
28 Jan 2019 10:27:33|20|shiji@forstarfoods.com|CatchEntryDeclaredItem.php
28 Jan 2019 10:27:34|20|shiji@forstarfoods.com|DailyCatchEntry_New.php
28 Jan 2019 10:27:34|30|pritirm@forstarfoods.com|DailyCatchEntry_New.php
28 Jan 2019 10:27:35|20|shiji@forstarfoods.com|CatchEntryDeclaredItem.php
28 Jan 2019 10:27:37|30|pritirm@forstarfoods.com|DailyCatchEntry_New.php
28 Jan 2019 10:27:38|30|pritirm@forstarfoods.com|CatchEntryDeclaredItem.php
28 Jan 2019 10:27:43|30|pritirm@forstarfoods.com|DailyCatchEntry_New.php
28 Jan 2019 10:27:45|30|pritirm@forstarfoods.com|DailyCatchEntry_New.php
28 Jan 2019 10:27:47|30|pritirm@forstarfoods.com|DailyCatchEntry_New.php
28 Jan 2019 10:27:48|30|pritirm@forstarfoods.com|DailyCatchEntry_New.php
28 Jan 2019 10:27:50|30|pritirm@forstarfoods.com|DailyCatchEntry_New.php
28 Jan 2019 10:27:51|30|pritirm@forstarfoods.com|DailyCatchEntry_New.php
28 Jan 2019 10:27:52|30|pritirm@forstarfoods.com|DailyCatchEntry_New.php
28 Jan 2019 10:27:53|30|pritirm@forstarfoods.com|DailyCatchEntry_New.php
28 Jan 2019 10:27:55|30|pritirm@forstarfoods.com|DailyCatchEntry_New.php
28 Jan 2019 10:27:56|30|pritirm@forstarfoods.com|DailyCatchEntry_New.php
28 Jan 2019 10:27:57|30|pritirm@forstarfoods.com|DailyCatchEntry_New.php
28 Jan 2019 10:27:58|30|pritirm@forstarfoods.com|DailyCatchEntry_New.php
28 Jan 2019 10:27:59|30|pritirm@forstarfoods.com|DailyCatchEntry_New.php
28 Jan 2019 10:28:01|30|pritirm@forstarfoods.com|DailyCatchEntry_New.php
28 Jan 2019 10:28:02|30|pritirm@forstarfoods.com|DailyCatchEntry_New.php
28 Jan 2019 10:28:03|30|pritirm@forstarfoods.com|DailyCatchEntry_New.php
28 Jan 2019 10:28:11|30|pritirm@forstarfoods.com|DailyCatchEntry_New.php
28 Jan 2019 10:28:15|30|pritirm@forstarfoods.com|DailyCatchEntry_New.php
28 Jan 2019 10:28:16|30|pritirm@forstarfoods.com|CatchEntryDeclaredItem.php
28 Jan 2019 10:28:54|30|pritirm@forstarfoods.com|DailyCatchEntry_New.php
28 Jan 2019 10:28:55|30|pritirm@forstarfoods.com|DailyCatchEntry_New.php
28 Jan 2019 10:28:56|30|pritirm@forstarfoods.com|DailyCatchEntry_New.php
28 Jan 2019 10:29:05|30|pritirm@forstarfoods.com|DailyCatchEntry_New.php
28 Jan 2019 10:29:08|20|shiji@forstarfoods.com|DailyCatchEntry_New.php
28 Jan 2019 10:29:10|20|shiji@forstarfoods.com|DailyCatchEntry_New.php
28 Jan 2019 10:29:10|30|pritirm@forstarfoods.com|DailyCatchEntry_New.php
28 Jan 2019 10:29:12|30|pritirm@forstarfoods.com|CatchEntryDeclaredItem.php
28 Jan 2019 10:29:13|20|shiji@forstarfoods.com|DailyCatchEntry_New.php
28 Jan 2019 10:29:26|20|shiji@forstarfoods.com|DailyCatchEntry_New.php
28 Jan 2019 10:29:27|20|shiji@forstarfoods.com|DailyCatchEntry_New.php
28 Jan 2019 10:29:29|20|shiji@forstarfoods.com|DailyCatchEntry_New.php
28 Jan 2019 10:29:30|20|shiji@forstarfoods.com|DailyCatchEntry_New.php
28 Jan 2019 10:29:31|20|shiji@forstarfoods.com|CatchEntryDeclaredItem.php
28 Jan 2019 10:29:32|20|shiji@forstarfoods.com|DailyCatchEntry_New.php
28 Jan 2019 10:29:37|20|shiji@forstarfoods.com|DailyCatchEntry_New.php
28 Jan 2019 10:29:38|20|shiji@forstarfoods.com|DailyCatchEntry_New.php
28 Jan 2019 10:29:39|20|shiji@forstarfoods.com|DailyCatchEntry_New.php
28 Jan 2019 10:29:40|20|shiji@forstarfoods.com|DailyCatchEntry_New.php
28 Jan 2019 10:29:41|20|shiji@forstarfoods.com|DailyCatchEntry_New.php
28 Jan 2019 10:29:45|20|shiji@forstarfoods.com|DailyCatchEntry_New.php
28 Jan 2019 10:29:46|20|shiji@forstarfoods.com|DailyCatchEntry_New.php
28 Jan 2019 10:29:47|20|shiji@forstarfoods.com|DailyCatchEntry_New.php
28 Jan 2019 10:29:49|20|shiji@forstarfoods.com|DailyCatchEntry_New.php
28 Jan 2019 10:29:55|20|shiji@forstarfoods.com|DailyCatchEntry_New.php
28 Jan 2019 10:29:56|20|shiji@forstarfoods.com|CatchEntryDeclaredItem.php
28 Jan 2019 10:30:13|20|shiji@forstarfoods.com|DailyCatchEntry_New.php
28 Jan 2019 10:30:15|20|shiji@forstarfoods.com|DailyCatchEntry_New.php
28 Jan 2019 10:30:16|20|shiji@forstarfoods.com|DailyCatchEntry_New.php
28 Jan 2019 10:30:21|20|shiji@forstarfoods.com|DailyCatchEntry_New.php
28 Jan 2019 10:30:23|20|shiji@forstarfoods.com|DailyCatchEntry_New.php
28 Jan 2019 10:31:09|30|pritirm@forstarfoods.com|DailyCatchEntry_New.php
28 Jan 2019 10:34:28|20|shiji@forstarfoods.com|DailyCatchEntry_New.php
28 Jan 2019 10:35:32|20|shiji@forstarfoods.com|DailyCatchEntry_New.php
28 Jan 2019 10:35:33|20|shiji@forstarfoods.com|DailyCatchEntry_New.php
28 Jan 2019 10:35:34|20|shiji@forstarfoods.com|DailyCatchEntry_New.php
28 Jan 2019 10:35:35|20|shiji@forstarfoods.com|DailyCatchEntry_New.php
28 Jan 2019 10:35:37|20|shiji@forstarfoods.com|DailyCatchEntry_New.php
28 Jan 2019 10:35:38|20|shiji@forstarfoods.com|DailyCatchEntry_New.php
28 Jan 2019 10:35:39|20|shiji@forstarfoods.com|DailyCatchEntry_New.php
28 Jan 2019 10:35:40|20|shiji@forstarfoods.com|DailyCatchEntry_New.php
28 Jan 2019 10:35:42|20|shiji@forstarfoods.com|DailyCatchEntry_New.php
28 Jan 2019 10:35:43|20|shiji@forstarfoods.com|DailyCatchEntry_New.php
28 Jan 2019 10:35:44|20|shiji@forstarfoods.com|DailyCatchEntry_New.php
28 Jan 2019 10:35:45|20|shiji@forstarfoods.com|DailyCatchEntry_New.php
28 Jan 2019 10:35:47|20|shiji@forstarfoods.com|DailyCatchEntry_New.php
28 Jan 2019 10:35:48|20|shiji@forstarfoods.com|DailyCatchEntry_New.php
28 Jan 2019 10:35:49|20|shiji@forstarfoods.com|DailyCatchEntry_New.php
28 Jan 2019 10:35:50|20|shiji@forstarfoods.com|DailyCatchEntry_New.php
28 Jan 2019 10:36:11|30|pritirm@forstarfoods.com|DailyCatchEntry_New.php
28 Jan 2019 10:36:17|20|shiji@forstarfoods.com|DailyCatchEntry_New.php
28 Jan 2019 10:36:20|20|shiji@forstarfoods.com|DailyCatchEntry_New.php
28 Jan 2019 10:36:22|20|shiji@forstarfoods.com|CatchEntryDeclaredItem.php
28 Jan 2019 10:36:24|20|shiji@forstarfoods.com|DailyCatchEntry_New.php
28 Jan 2019 10:36:26|20|shiji@forstarfoods.com|DailyCatchEntry_New.php
28 Jan 2019 10:36:29|20|shiji@forstarfoods.com|DailyCatchEntry_New.php
28 Jan 2019 10:36:30|20|shiji@forstarfoods.com|DailyCatchEntry_New.php
28 Jan 2019 10:36:31|20|shiji@forstarfoods.com|DailyCatchEntry_New.php
28 Jan 2019 10:36:32|20|shiji@forstarfoods.com|DailyCatchEntry_New.php
28 Jan 2019 10:36:34|20|shiji@forstarfoods.com|DailyCatchEntry_New.php
28 Jan 2019 10:36:35|20|shiji@forstarfoods.com|DailyCatchEntry_New.php
28 Jan 2019 10:36:36|20|shiji@forstarfoods.com|DailyCatchEntry_New.php
28 Jan 2019 10:36:37|20|shiji@forstarfoods.com|DailyCatchEntry_New.php
28 Jan 2019 10:36:39|20|shiji@forstarfoods.com|DailyCatchEntry_New.php
28 Jan 2019 10:36:40|20|shiji@forstarfoods.com|DailyCatchEntry_New.php
28 Jan 2019 10:36:41|20|shiji@forstarfoods.com|DailyCatchEntry_New.php
28 Jan 2019 10:36:42|20|shiji@forstarfoods.com|DailyCatchEntry_New.php
28 Jan 2019 10:36:43|30|pritirm@forstarfoods.com|DailyCatchEntry_New.php
28 Jan 2019 10:36:43|20|shiji@forstarfoods.com|DailyCatchEntry_New.php
28 Jan 2019 10:36:45|20|shiji@forstarfoods.com|DailyCatchEntry_New.php
28 Jan 2019 10:36:45|30|pritirm@forstarfoods.com|DailyCatchEntry_New.php
28 Jan 2019 10:36:46|30|pritirm@forstarfoods.com|DailyCatchEntry_New.php
28 Jan 2019 10:36:53|20|shiji@forstarfoods.com|DailyCatchEntry_New.php
28 Jan 2019 10:36:56|20|shiji@forstarfoods.com|DailyCatchEntry_New.php
28 Jan 2019 10:36:58|20|shiji@forstarfoods.com|CatchEntryDeclaredItem.php
28 Jan 2019 10:37:01|30|pritirm@forstarfoods.com|DailyCatchEntry_New.php
28 Jan 2019 10:37:02|20|shiji@forstarfoods.com|DailyCatchEntry_New.php
28 Jan 2019 10:37:05|20|shiji@forstarfoods.com|DailyCatchEntry_New.php
28 Jan 2019 10:37:05|30|pritirm@forstarfoods.com|DailyCatchEntry_New.php
28 Jan 2019 10:37:07|20|shiji@forstarfoods.com|DailyCatchEntry_New.php
28 Jan 2019 10:37:08|30|pritirm@forstarfoods.com|DailyCatchEntry_New.php
28 Jan 2019 10:37:09|20|shiji@forstarfoods.com|DailyCatchEntry_New.php
28 Jan 2019 10:37:09|30|pritirm@forstarfoods.com|DailyCatchEntry_New.php
28 Jan 2019 10:37:10|20|shiji@forstarfoods.com|DailyCatchEntry_New.php
28 Jan 2019 10:37:10|30|pritirm@forstarfoods.com|DailyCatchEntry_New.php
28 Jan 2019 10:37:11|20|shiji@forstarfoods.com|DailyCatchEntry_New.php
28 Jan 2019 10:37:11|30|pritirm@forstarfoods.com|DailyCatchEntry_New.php
28 Jan 2019 10:37:12|20|shiji@forstarfoods.com|DailyCatchEntry_New.php
28 Jan 2019 10:37:13|30|pritirm@forstarfoods.com|DailyCatchEntry_New.php
28 Jan 2019 10:37:14|20|shiji@forstarfoods.com|DailyCatchEntry_New.php
28 Jan 2019 10:37:14|30|pritirm@forstarfoods.com|DailyCatchEntry_New.php
28 Jan 2019 10:37:15|20|shiji@forstarfoods.com|DailyCatchEntry_New.php
28 Jan 2019 10:37:15|30|pritirm@forstarfoods.com|DailyCatchEntry_New.php
28 Jan 2019 10:37:16|20|shiji@forstarfoods.com|DailyCatchEntry_New.php
28 Jan 2019 10:37:16|30|pritirm@forstarfoods.com|DailyCatchEntry_New.php
28 Jan 2019 10:37:17|20|shiji@forstarfoods.com|DailyCatchEntry_New.php
28 Jan 2019 10:37:17|30|pritirm@forstarfoods.com|DailyCatchEntry_New.php
28 Jan 2019 10:37:19|20|shiji@forstarfoods.com|DailyCatchEntry_New.php
28 Jan 2019 10:37:19|30|pritirm@forstarfoods.com|DailyCatchEntry_New.php
28 Jan 2019 10:37:20|20|shiji@forstarfoods.com|DailyCatchEntry_New.php
28 Jan 2019 10:37:20|30|pritirm@forstarfoods.com|DailyCatchEntry_New.php
28 Jan 2019 10:37:21|20|shiji@forstarfoods.com|DailyCatchEntry_New.php
28 Jan 2019 10:37:21|30|pritirm@forstarfoods.com|DailyCatchEntry_New.php
28 Jan 2019 10:37:22|20|shiji@forstarfoods.com|DailyCatchEntry_New.php
28 Jan 2019 10:37:22|30|pritirm@forstarfoods.com|DailyCatchEntry_New.php
28 Jan 2019 10:37:24|20|shiji@forstarfoods.com|DailyCatchEntry_New.php
28 Jan 2019 10:37:24|30|pritirm@forstarfoods.com|DailyCatchEntry_New.php
28 Jan 2019 10:37:25|20|shiji@forstarfoods.com|DailyCatchEntry_New.php
28 Jan 2019 10:37:25|30|pritirm@forstarfoods.com|DailyCatchEntry_New.php
28 Jan 2019 10:37:26|20|shiji@forstarfoods.com|DailyCatchEntry_New.php
28 Jan 2019 10:37:26|30|pritirm@forstarfoods.com|DailyCatchEntry_New.php
28 Jan 2019 10:37:27|20|shiji@forstarfoods.com|DailyCatchEntry_New.php
28 Jan 2019 10:37:27|30|pritirm@forstarfoods.com|DailyCatchEntry_New.php
28 Jan 2019 10:37:29|30|pritirm@forstarfoods.com|DailyCatchEntry_New.php
28 Jan 2019 10:37:30|30|pritirm@forstarfoods.com|DailyCatchEntry_New.php
28 Jan 2019 10:37:31|30|pritirm@forstarfoods.com|DailyCatchEntry_New.php
28 Jan 2019 10:37:31|20|shiji@forstarfoods.com|DailyCatchEntry_New.php
28 Jan 2019 10:37:32|30|pritirm@forstarfoods.com|DailyCatchEntry_New.php
28 Jan 2019 10:37:33|20|shiji@forstarfoods.com|CatchEntryDeclaredItem.php
28 Jan 2019 10:37:34|30|pritirm@forstarfoods.com|DailyCatchEntry_New.php
28 Jan 2019 10:37:37|20|shiji@forstarfoods.com|DailyCatchEntry_New.php
28 Jan 2019 10:37:38|20|shiji@forstarfoods.com|CatchEntryDeclaredItem.php
28 Jan 2019 10:37:43|20|shiji@forstarfoods.com|DailyCatchEntry_New.php
28 Jan 2019 10:37:44|20|shiji@forstarfoods.com|DailyCatchEntry_New.php
28 Jan 2019 10:37:46|20|shiji@forstarfoods.com|DailyCatchEntry_New.php
28 Jan 2019 10:37:46|30|pritirm@forstarfoods.com|DailyCatchEntry_New.php
28 Jan 2019 10:37:48|30|pritirm@forstarfoods.com|DailyCatchEntry_New.php
28 Jan 2019 10:37:49|20|shiji@forstarfoods.com|DailyCatchEntry_New.php
28 Jan 2019 10:37:50|30|pritirm@forstarfoods.com|CatchEntryDeclaredItem.php
28 Jan 2019 10:37:53|20|shiji@forstarfoods.com|DailyCatchEntry_New.php
28 Jan 2019 10:37:55|20|shiji@forstarfoods.com|CatchEntryDeclaredItem.php
28 Jan 2019 10:37:56|30|pritirm@forstarfoods.com|DailyCatchEntry_New.php
28 Jan 2019 10:37:57|30|pritirm@forstarfoods.com|DailyCatchEntry_New.php
28 Jan 2019 10:38:03|30|pritirm@forstarfoods.com|DailyCatchEntry_New.php
28 Jan 2019 10:38:04|30|pritirm@forstarfoods.com|DailyCatchEntry_New.php
28 Jan 2019 10:38:06|30|pritirm@forstarfoods.com|DailyCatchEntry_New.php
28 Jan 2019 10:38:07|30|pritirm@forstarfoods.com|DailyCatchEntry_New.php
28 Jan 2019 10:38:08|20|shiji@forstarfoods.com|DailyCatchEntry_New.php
28 Jan 2019 10:38:08|30|pritirm@forstarfoods.com|DailyCatchEntry_New.php
28 Jan 2019 10:38:09|30|pritirm@forstarfoods.com|DailyCatchEntry_New.php
28 Jan 2019 10:38:10|20|shiji@forstarfoods.com|DailyCatchEntry_New.php
28 Jan 2019 10:38:11|30|pritirm@forstarfoods.com|DailyCatchEntry_New.php
28 Jan 2019 10:38:11|20|shiji@forstarfoods.com|DailyCatchEntry_New.php
28 Jan 2019 10:38:12|30|pritirm@forstarfoods.com|DailyCatchEntry_New.php
28 Jan 2019 10:38:13|30|pritirm@forstarfoods.com|DailyCatchEntry_New.php
28 Jan 2019 10:38:14|30|pritirm@forstarfoods.com|DailyCatchEntry_New.php
28 Jan 2019 10:38:16|30|pritirm@forstarfoods.com|DailyCatchEntry_New.php
28 Jan 2019 10:38:16|20|shiji@forstarfoods.com|DailyCatchEntry_New.php
28 Jan 2019 10:38:17|30|pritirm@forstarfoods.com|DailyCatchEntry_New.php
28 Jan 2019 10:38:18|30|pritirm@forstarfoods.com|DailyCatchEntry_New.php
28 Jan 2019 10:38:19|20|shiji@forstarfoods.com|DailyCatchEntry_New.php
28 Jan 2019 10:38:19|30|pritirm@forstarfoods.com|DailyCatchEntry_New.php
28 Jan 2019 10:38:21|30|pritirm@forstarfoods.com|DailyCatchEntry_New.php
28 Jan 2019 10:38:21|20|shiji@forstarfoods.com|DailyCatchEntry_New.php
28 Jan 2019 10:38:22|30|pritirm@forstarfoods.com|DailyCatchEntry_New.php
28 Jan 2019 10:38:22|20|shiji@forstarfoods.com|DailyCatchEntry_New.php
28 Jan 2019 10:38:23|20|shiji@forstarfoods.com|DailyCatchEntry_New.php
28 Jan 2019 10:38:25|20|shiji@forstarfoods.com|DailyCatchEntry_New.php
28 Jan 2019 10:38:26|20|shiji@forstarfoods.com|DailyCatchEntry_New.php
28 Jan 2019 10:38:27|20|shiji@forstarfoods.com|DailyCatchEntry_New.php
28 Jan 2019 10:38:28|20|shiji@forstarfoods.com|DailyCatchEntry_New.php
28 Jan 2019 10:38:30|20|shiji@forstarfoods.com|DailyCatchEntry_New.php
28 Jan 2019 10:38:31|20|shiji@forstarfoods.com|DailyCatchEntry_New.php
28 Jan 2019 10:38:31|30|pritirm@forstarfoods.com|DailyCatchEntry_New.php
28 Jan 2019 10:38:32|20|shiji@forstarfoods.com|DailyCatchEntry_New.php
28 Jan 2019 10:38:33|20|shiji@forstarfoods.com|DailyCatchEntry_New.php
28 Jan 2019 10:38:34|20|shiji@forstarfoods.com|DailyCatchEntry_New.php
28 Jan 2019 10:38:36|20|shiji@forstarfoods.com|DailyCatchEntry_New.php
28 Jan 2019 10:38:37|30|pritirm@forstarfoods.com|DailyCatchEntry_New.php
28 Jan 2019 10:38:37|20|shiji@forstarfoods.com|DailyCatchEntry_New.php
28 Jan 2019 10:38:38|30|pritirm@forstarfoods.com|CatchEntryDeclaredItem.php
28 Jan 2019 10:38:44|30|pritirm@forstarfoods.com|DailyCatchEntry_New.php
28 Jan 2019 10:38:50|30|pritirm@forstarfoods.com|DailyCatchEntry_New.php
28 Jan 2019 10:38:52|30|pritirm@forstarfoods.com|DailyCatchEntry_New.php
28 Jan 2019 10:38:53|30|pritirm@forstarfoods.com|DailyCatchEntry_New.php
28 Jan 2019 10:39:06|30|pritirm@forstarfoods.com|DailyCatchEntry_New.php
28 Jan 2019 10:39:07|30|pritirm@forstarfoods.com|DailyCatchEntry_New.php
28 Jan 2019 10:39:09|30|pritirm@forstarfoods.com|DailyCatchEntry_New.php
28 Jan 2019 10:39:09|20|shiji@forstarfoods.com|DailyCatchEntry_New.php
28 Jan 2019 10:39:11|20|shiji@forstarfoods.com|DailyCatchEntry_New.php
28 Jan 2019 10:39:12|30|pritirm@forstarfoods.com|DailyCatchEntry_New.php
28 Jan 2019 10:39:12|20|shiji@forstarfoods.com|CatchEntryDeclaredItem.php
28 Jan 2019 10:39:14|30|pritirm@forstarfoods.com|DailyCatchEntry_New.php
28 Jan 2019 10:39:15|30|pritirm@forstarfoods.com|DailyCatchEntry_New.php
28 Jan 2019 10:39:16|30|pritirm@forstarfoods.com|DailyCatchEntry_New.php
28 Jan 2019 10:39:16|20|shiji@forstarfoods.com|DailyCatchEntry_New.php
28 Jan 2019 10:39:18|30|pritirm@forstarfoods.com|CatchEntryDeclaredItem.php
28 Jan 2019 10:39:19|30|pritirm@forstarfoods.com|DailyCatchEntry_New.php
28 Jan 2019 10:39:19|20|shiji@forstarfoods.com|DailyCatchEntry_New.php
28 Jan 2019 10:39:21|30|pritirm@forstarfoods.com|DailyCatchEntry_New.php
28 Jan 2019 10:39:22|20|shiji@forstarfoods.com|DailyCatchEntry_New.php
28 Jan 2019 10:39:23|20|shiji@forstarfoods.com|DailyCatchEntry_New.php
28 Jan 2019 10:39:24|20|shiji@forstarfoods.com|DailyCatchEntry_New.php
28 Jan 2019 10:39:25|20|shiji@forstarfoods.com|DailyCatchEntry_New.php
28 Jan 2019 10:39:26|30|pritirm@forstarfoods.com|DailyCatchEntry_New.php
28 Jan 2019 10:39:27|20|shiji@forstarfoods.com|DailyCatchEntry_New.php
28 Jan 2019 10:39:27|30|pritirm@forstarfoods.com|DailyCatchEntry_New.php
28 Jan 2019 10:39:28|20|shiji@forstarfoods.com|DailyCatchEntry_New.php
28 Jan 2019 10:39:28|30|pritirm@forstarfoods.com|DailyCatchEntry_New.php
28 Jan 2019 10:39:29|20|shiji@forstarfoods.com|DailyCatchEntry_New.php
28 Jan 2019 10:39:29|30|pritirm@forstarfoods.com|DailyCatchEntry_New.php
28 Jan 2019 10:39:30|20|shiji@forstarfoods.com|DailyCatchEntry_New.php
28 Jan 2019 10:39:32|20|shiji@forstarfoods.com|DailyCatchEntry_New.php
28 Jan 2019 10:39:42|20|shiji@forstarfoods.com|DailyCatchEntry_New.php
28 Jan 2019 10:39:53|20|shiji@forstarfoods.com|DailyCatchEntry_New.php
28 Jan 2019 10:39:54|20|shiji@forstarfoods.com|CatchEntryDeclaredItem.php
28 Jan 2019 10:39:57|20|shiji@forstarfoods.com|DailyCatchEntry_New.php
28 Jan 2019 10:39:58|20|shiji@forstarfoods.com|DailyCatchEntry_New.php
28 Jan 2019 10:39:59|20|shiji@forstarfoods.com|DailyCatchEntry_New.php
28 Jan 2019 10:40:01|20|shiji@forstarfoods.com|DailyCatchEntry_New.php
28 Jan 2019 10:40:19|20|shiji@forstarfoods.com|DailyCatchEntry_New.php
28 Jan 2019 10:40:20|20|shiji@forstarfoods.com|CatchEntryDeclaredItem.php
28 Jan 2019 10:40:51|20|shiji@forstarfoods.com|DailyCatchEntry_New.php
28 Jan 2019 10:40:55|20|shiji@forstarfoods.com|DailyCatchEntry_New.php
28 Jan 2019 10:41:05|20|shiji@forstarfoods.com|DailyCatchEntry_New.php
28 Jan 2019 10:41:18|20|shiji@forstarfoods.com|DailyCatchEntry_New.php
28 Jan 2019 10:41:20|20|shiji@forstarfoods.com|DailyCatchEntry_New.php
28 Jan 2019 10:41:21|20|shiji@forstarfoods.com|DailyCatchEntry_New.php
28 Jan 2019 10:41:22|20|shiji@forstarfoods.com|DailyCatchEntry_New.php
28 Jan 2019 10:41:23|20|shiji@forstarfoods.com|DailyCatchEntry_New.php
28 Jan 2019 10:41:25|20|shiji@forstarfoods.com|DailyCatchEntry_New.php
28 Jan 2019 10:41:26|20|shiji@forstarfoods.com|DailyCatchEntry_New.php
28 Jan 2019 10:41:27|20|shiji@forstarfoods.com|DailyCatchEntry_New.php
28 Jan 2019 10:41:28|20|shiji@forstarfoods.com|DailyCatchEntry_New.php
28 Jan 2019 10:41:30|20|shiji@forstarfoods.com|DailyCatchEntry_New.php
28 Jan 2019 10:41:31|20|shiji@forstarfoods.com|DailyCatchEntry_New.php
28 Jan 2019 10:41:32|20|shiji@forstarfoods.com|DailyCatchEntry_New.php
28 Jan 2019 10:41:33|20|shiji@forstarfoods.com|DailyCatchEntry_New.php
28 Jan 2019 10:41:34|20|shiji@forstarfoods.com|DailyCatchEntry_New.php
28 Jan 2019 10:41:36|20|shiji@forstarfoods.com|DailyCatchEntry_New.php
28 Jan 2019 10:41:37|20|shiji@forstarfoods.com|DailyCatchEntry_New.php
28 Jan 2019 10:41:38|20|shiji@forstarfoods.com|DailyCatchEntry_New.php
28 Jan 2019 10:41:39|20|shiji@forstarfoods.com|DailyCatchEntry_New.php
28 Jan 2019 10:41:41|20|shiji@forstarfoods.com|DailyCatchEntry_New.php
28 Jan 2019 10:41:42|20|shiji@forstarfoods.com|DailyCatchEntry_New.php
28 Jan 2019 10:41:43|20|shiji@forstarfoods.com|DailyCatchEntry_New.php
28 Jan 2019 10:41:44|20|shiji@forstarfoods.com|DailyCatchEntry_New.php
28 Jan 2019 10:41:46|20|shiji@forstarfoods.com|DailyCatchEntry_New.php
28 Jan 2019 10:41:47|20|shiji@forstarfoods.com|DailyCatchEntry_New.php
28 Jan 2019 10:41:48|20|shiji@forstarfoods.com|DailyCatchEntry_New.php
28 Jan 2019 10:41:49|20|shiji@forstarfoods.com|DailyCatchEntry_New.php
28 Jan 2019 10:42:28|20|shiji@forstarfoods.com|DailyCatchEntry_New.php
28 Jan 2019 10:42:31|20|shiji@forstarfoods.com|DailyCatchEntry_New.php
28 Jan 2019 10:42:32|20|shiji@forstarfoods.com|CatchEntryDeclaredItem.php
28 Jan 2019 10:43:23|20|shiji@forstarfoods.com|DailyCatchReport.php
28 Jan 2019 10:43:26|20|shiji@forstarfoods.com|DailyCatchEntry_New.php
28 Jan 2019 10:43:29|20|shiji@forstarfoods.com|DailyCatchEntry_New.php
28 Jan 2019 10:43:31|20|shiji@forstarfoods.com|DailyCatchEntry_New.php
28 Jan 2019 10:43:32|20|shiji@forstarfoods.com|DailyCatchEntry_New.php
28 Jan 2019 10:43:33|20|shiji@forstarfoods.com|DailyCatchEntry_New.php
28 Jan 2019 10:43:35|20|shiji@forstarfoods.com|CatchEntryDeclaredItem.php
28 Jan 2019 10:43:36|20|shiji@forstarfoods.com|DailyCatchEntry_New.php
28 Jan 2019 10:43:39|20|shiji@forstarfoods.com|DailyCatchEntry_New.php
28 Jan 2019 10:43:40|20|shiji@forstarfoods.com|DailyCatchEntry_New.php
28 Jan 2019 10:43:41|20|shiji@forstarfoods.com|DailyCatchEntry_New.php
28 Jan 2019 10:43:42|20|shiji@forstarfoods.com|DailyCatchEntry_New.php
28 Jan 2019 10:43:44|20|shiji@forstarfoods.com|DailyCatchEntry_New.php
28 Jan 2019 10:43:46|20|shiji@forstarfoods.com|DailyCatchEntry_New.php
28 Jan 2019 10:43:47|20|shiji@forstarfoods.com|DailyCatchEntry_New.php
28 Jan 2019 10:43:48|20|shiji@forstarfoods.com|DailyCatchEntry_New.php
28 Jan 2019 10:43:51|20|shiji@forstarfoods.com|DailyCatchEntry_New.php
28 Jan 2019 10:43:56|20|shiji@forstarfoods.com|DailyCatchEntry_New.php
28 Jan 2019 10:43:58|20|shiji@forstarfoods.com|CatchEntryDeclaredItem.php
28 Jan 2019 10:44:13|20|shiji@forstarfoods.com|DailyCatchEntry_New.php
28 Jan 2019 10:44:15|20|shiji@forstarfoods.com|DailyCatchEntry_New.php
28 Jan 2019 10:44:16|20|shiji@forstarfoods.com|DailyCatchEntry_New.php
28 Jan 2019 10:44:22|20|shiji@forstarfoods.com|DailyCatchEntry_New.php
28 Jan 2019 10:44:25|20|shiji@forstarfoods.com|DailyCatchEntry_New.php
28 Jan 2019 10:44:28|20|shiji@forstarfoods.com|DailyCatchEntry_New.php
28 Jan 2019 10:44:30|20|shiji@forstarfoods.com|DailyCatchEntry_New.php
28 Jan 2019 10:44:31|20|shiji@forstarfoods.com|DailyCatchEntry_New.php
28 Jan 2019 10:44:32|20|shiji@forstarfoods.com|DailyCatchEntry_New.php
28 Jan 2019 10:44:33|20|shiji@forstarfoods.com|DailyCatchEntry_New.php
28 Jan 2019 10:44:35|20|shiji@forstarfoods.com|DailyCatchEntry_New.php
28 Jan 2019 10:44:36|20|shiji@forstarfoods.com|DailyCatchEntry_New.php
28 Jan 2019 10:44:37|20|shiji@forstarfoods.com|DailyCatchEntry_New.php
28 Jan 2019 10:44:38|20|shiji@forstarfoods.com|DailyCatchEntry_New.php
28 Jan 2019 10:44:40|20|shiji@forstarfoods.com|DailyCatchEntry_New.php
28 Jan 2019 10:44:41|20|shiji@forstarfoods.com|DailyCatchEntry_New.php
28 Jan 2019 10:44:42|20|shiji@forstarfoods.com|DailyCatchEntry_New.php
28 Jan 2019 10:44:43|20|shiji@forstarfoods.com|DailyCatchEntry_New.php
28 Jan 2019 10:44:44|20|shiji@forstarfoods.com|DailyCatchEntry_New.php
28 Jan 2019 10:44:46|20|shiji@forstarfoods.com|DailyCatchEntry_New.php
28 Jan 2019 10:44:47|20|shiji@forstarfoods.com|DailyCatchEntry_New.php
28 Jan 2019 10:44:48|20|shiji@forstarfoods.com|DailyCatchEntry_New.php
28 Jan 2019 10:44:50|20|shiji@forstarfoods.com|DailyCatchEntry_New.php
28 Jan 2019 10:44:52|20|shiji@forstarfoods.com|CatchEntryDeclaredItem.php
28 Jan 2019 10:45:00|20|shiji@forstarfoods.com|DailyCatchEntry_New.php
28 Jan 2019 10:45:05|20|shiji@forstarfoods.com|DailyCatchEntry_New.php
28 Jan 2019 10:45:08|20|shiji@forstarfoods.com|DailyCatchEntry_New.php
28 Jan 2019 10:45:09|20|shiji@forstarfoods.com|DailyCatchEntry_New.php
28 Jan 2019 10:45:10|20|shiji@forstarfoods.com|DailyCatchEntry_New.php
28 Jan 2019 10:45:11|20|shiji@forstarfoods.com|DailyCatchEntry_New.php
28 Jan 2019 10:45:13|20|shiji@forstarfoods.com|DailyCatchEntry_New.php
28 Jan 2019 10:45:14|20|shiji@forstarfoods.com|DailyCatchEntry_New.php
28 Jan 2019 10:45:15|20|shiji@forstarfoods.com|DailyCatchEntry_New.php
28 Jan 2019 10:45:16|20|shiji@forstarfoods.com|DailyCatchEntry_New.php
28 Jan 2019 10:45:17|20|shiji@forstarfoods.com|DailyCatchEntry_New.php
28 Jan 2019 10:45:19|20|shiji@forstarfoods.com|DailyCatchEntry_New.php
28 Jan 2019 10:45:20|20|shiji@forstarfoods.com|DailyCatchEntry_New.php
28 Jan 2019 10:45:21|20|shiji@forstarfoods.com|DailyCatchEntry_New.php
28 Jan 2019 10:45:23|20|shiji@forstarfoods.com|DailyCatchEntry_New.php
28 Jan 2019 10:45:24|20|shiji@forstarfoods.com|DailyCatchEntry_New.php
28 Jan 2019 10:45:25|20|shiji@forstarfoods.com|DailyCatchEntry_New.php
28 Jan 2019 10:45:26|20|shiji@forstarfoods.com|DailyCatchEntry_New.php
28 Jan 2019 10:45:27|20|shiji@forstarfoods.com|DailyCatchEntry_New.php
28 Jan 2019 10:45:29|20|shiji@forstarfoods.com|DailyCatchEntry_New.php
28 Jan 2019 10:45:30|20|shiji@forstarfoods.com|DailyCatchEntry_New.php
28 Jan 2019 10:45:31|20|shiji@forstarfoods.com|DailyCatchEntry_New.php
28 Jan 2019 10:45:46|20|shiji@forstarfoods.com|DailyCatchEntry_New.php
28 Jan 2019 10:45:49|20|shiji@forstarfoods.com|DailyCatchEntry_New.php
28 Jan 2019 10:45:51|20|shiji@forstarfoods.com|CatchEntryDeclaredItem.php
28 Jan 2019 10:45:56|20|shiji@forstarfoods.com|DailyCatchEntry_New.php
28 Jan 2019 10:45:57|20|shiji@forstarfoods.com|DailyCatchEntry_New.php
28 Jan 2019 10:45:58|20|shiji@forstarfoods.com|DailyCatchEntry_New.php
28 Jan 2019 10:46:01|20|shiji@forstarfoods.com|DailyCatchEntry_New.php
28 Jan 2019 10:48:31|20|shiji@forstarfoods.com|DailyCatchEntry_New.php
28 Jan 2019 10:50:30|20|shiji@forstarfoods.com|DailyCatchEntry_New.php
28 Jan 2019 10:50:31|20|shiji@forstarfoods.com|CatchEntryDeclaredItem.php
28 Jan 2019 10:50:34|20|shiji@forstarfoods.com|DailyCatchEntry_New.php
28 Jan 2019 10:50:35|20|shiji@forstarfoods.com|CatchEntryDeclaredItem.php
28 Jan 2019 10:50:56|20|shiji@forstarfoods.com|DailyCatchEntry_New.php
28 Jan 2019 10:50:57|20|shiji@forstarfoods.com|DailyCatchEntry_New.php
28 Jan 2019 10:50:59|20|shiji@forstarfoods.com|DailyCatchEntry_New.php
28 Jan 2019 10:51:06|20|shiji@forstarfoods.com|DailyCatchEntry_New.php
28 Jan 2019 10:51:08|20|shiji@forstarfoods.com|DailyCatchEntry_New.php
28 Jan 2019 10:51:11|20|shiji@forstarfoods.com|DailyCatchEntry_New.php
28 Jan 2019 10:51:12|20|shiji@forstarfoods.com|DailyCatchEntry_New.php
28 Jan 2019 10:51:13|20|shiji@forstarfoods.com|DailyCatchEntry_New.php
28 Jan 2019 10:51:15|20|shiji@forstarfoods.com|DailyCatchEntry_New.php
28 Jan 2019 10:51:16|20|shiji@forstarfoods.com|DailyCatchEntry_New.php
28 Jan 2019 10:51:17|20|shiji@forstarfoods.com|DailyCatchEntry_New.php
28 Jan 2019 10:51:18|20|shiji@forstarfoods.com|DailyCatchEntry_New.php
28 Jan 2019 10:51:20|20|shiji@forstarfoods.com|DailyCatchEntry_New.php
28 Jan 2019 10:51:21|20|shiji@forstarfoods.com|DailyCatchEntry_New.php
28 Jan 2019 10:51:22|20|shiji@forstarfoods.com|DailyCatchEntry_New.php
28 Jan 2019 10:51:23|20|shiji@forstarfoods.com|DailyCatchEntry_New.php
28 Jan 2019 10:51:25|20|shiji@forstarfoods.com|DailyCatchEntry_New.php
28 Jan 2019 10:51:26|20|shiji@forstarfoods.com|DailyCatchEntry_New.php
28 Jan 2019 10:51:27|20|shiji@forstarfoods.com|DailyCatchEntry_New.php
28 Jan 2019 10:51:28|20|shiji@forstarfoods.com|DailyCatchEntry_New.php
28 Jan 2019 10:51:30|20|shiji@forstarfoods.com|DailyCatchEntry_New.php
28 Jan 2019 10:51:31|20|shiji@forstarfoods.com|DailyCatchEntry_New.php
28 Jan 2019 10:51:32|20|shiji@forstarfoods.com|DailyCatchEntry_New.php
28 Jan 2019 10:51:33|20|shiji@forstarfoods.com|DailyCatchEntry_New.php
28 Jan 2019 10:51:35|20|shiji@forstarfoods.com|DailyCatchEntry_New.php
28 Jan 2019 10:52:11|20|shiji@forstarfoods.com|DailyCatchEntry_New.php
28 Jan 2019 10:52:14|20|shiji@forstarfoods.com|DailyCatchEntry_New.php
28 Jan 2019 10:52:15|20|shiji@forstarfoods.com|CatchEntryDeclaredItem.php
28 Jan 2019 10:52:22|20|shiji@forstarfoods.com|DailyCatchEntry_New.php
28 Jan 2019 10:52:25|20|shiji@forstarfoods.com|DailyCatchEntry_New.php
28 Jan 2019 10:52:27|20|shiji@forstarfoods.com|DailyCatchEntry_New.php
28 Jan 2019 10:52:28|20|shiji@forstarfoods.com|DailyCatchEntry_New.php
28 Jan 2019 10:52:30|20|shiji@forstarfoods.com|DailyCatchEntry_New.php
28 Jan 2019 10:52:31|20|shiji@forstarfoods.com|DailyCatchEntry_New.php
28 Jan 2019 10:52:32|20|shiji@forstarfoods.com|DailyCatchEntry_New.php
28 Jan 2019 10:52:33|20|shiji@forstarfoods.com|DailyCatchEntry_New.php
28 Jan 2019 10:52:35|20|shiji@forstarfoods.com|DailyCatchEntry_New.php
28 Jan 2019 10:52:36|20|shiji@forstarfoods.com|DailyCatchEntry_New.php
28 Jan 2019 10:52:40|20|shiji@forstarfoods.com|DailyCatchEntry_New.php
28 Jan 2019 10:52:43|20|shiji@forstarfoods.com|DailyCatchEntry_New.php
28 Jan 2019 10:52:44|20|shiji@forstarfoods.com|CatchEntryDeclaredItem.php
28 Jan 2019 10:52:48|20|shiji@forstarfoods.com|DailyCatchEntry_New.php
28 Jan 2019 10:52:49|20|shiji@forstarfoods.com|DailyCatchEntry_New.php
28 Jan 2019 10:52:50|20|shiji@forstarfoods.com|DailyCatchEntry_New.php
28 Jan 2019 10:52:57|20|shiji@forstarfoods.com|DailyCatchEntry_New.php
28 Jan 2019 10:53:05|20|shiji@forstarfoods.com|DailyCatchEntry_New.php
28 Jan 2019 10:53:06|20|shiji@forstarfoods.com|CatchEntryDeclaredItem.php
28 Jan 2019 10:53:32|20|shiji@forstarfoods.com|DailyCatchEntry_New.php
28 Jan 2019 10:53:40|20|shiji@forstarfoods.com|DailyCatchEntry_New.php
28 Jan 2019 10:53:42|20|shiji@forstarfoods.com|DailyCatchEntry_New.php
28 Jan 2019 10:53:43|20|shiji@forstarfoods.com|DailyCatchEntry_New.php
28 Jan 2019 10:53:47|20|shiji@forstarfoods.com|DailyCatchEntry_New.php
28 Jan 2019 10:53:50|20|shiji@forstarfoods.com|DailyCatchEntry_New.php
28 Jan 2019 10:53:52|20|shiji@forstarfoods.com|DailyCatchEntry_New.php
28 Jan 2019 10:53:54|20|shiji@forstarfoods.com|DailyCatchEntry_New.php
28 Jan 2019 10:53:55|20|shiji@forstarfoods.com|DailyCatchEntry_New.php
28 Jan 2019 10:53:56|20|shiji@forstarfoods.com|DailyCatchEntry_New.php
28 Jan 2019 10:53:57|20|shiji@forstarfoods.com|DailyCatchEntry_New.php
28 Jan 2019 10:53:59|20|shiji@forstarfoods.com|DailyCatchEntry_New.php
28 Jan 2019 10:54:00|20|shiji@forstarfoods.com|DailyCatchEntry_New.php
28 Jan 2019 10:54:01|20|shiji@forstarfoods.com|DailyCatchEntry_New.php
28 Jan 2019 10:54:02|20|shiji@forstarfoods.com|DailyCatchEntry_New.php
28 Jan 2019 10:54:04|20|shiji@forstarfoods.com|DailyCatchEntry_New.php
28 Jan 2019 10:54:05|20|shiji@forstarfoods.com|DailyCatchEntry_New.php
28 Jan 2019 10:54:06|20|shiji@forstarfoods.com|DailyCatchEntry_New.php
28 Jan 2019 10:54:07|20|shiji@forstarfoods.com|DailyCatchEntry_New.php
28 Jan 2019 10:54:09|20|shiji@forstarfoods.com|DailyCatchEntry_New.php
28 Jan 2019 10:54:10|20|shiji@forstarfoods.com|DailyCatchEntry_New.php
28 Jan 2019 10:54:11|20|shiji@forstarfoods.com|DailyCatchEntry_New.php
28 Jan 2019 10:54:12|20|shiji@forstarfoods.com|DailyCatchEntry_New.php
28 Jan 2019 10:54:14|20|shiji@forstarfoods.com|DailyCatchEntry_New.php
28 Jan 2019 10:54:15|20|shiji@forstarfoods.com|DailyCatchEntry_New.php
28 Jan 2019 10:54:16|20|shiji@forstarfoods.com|DailyCatchEntry_New.php
28 Jan 2019 10:54:17|20|shiji@forstarfoods.com|DailyCatchEntry_New.php
28 Jan 2019 10:54:19|20|shiji@forstarfoods.com|DailyCatchEntry_New.php
28 Jan 2019 10:54:20|20|shiji@forstarfoods.com|DailyCatchEntry_New.php
28 Jan 2019 10:54:21|20|shiji@forstarfoods.com|DailyCatchEntry_New.php
28 Jan 2019 10:54:22|20|shiji@forstarfoods.com|DailyCatchEntry_New.php
28 Jan 2019 10:54:24|20|shiji@forstarfoods.com|DailyCatchEntry_New.php
28 Jan 2019 10:54:25|20|shiji@forstarfoods.com|DailyCatchEntry_New.php
28 Jan 2019 10:54:26|20|shiji@forstarfoods.com|DailyCatchEntry_New.php
28 Jan 2019 10:55:39|20|shiji@forstarfoods.com|DailyCatchEntry_New.php
28 Jan 2019 10:55:41|20|shiji@forstarfoods.com|DailyCatchEntry_New.php
28 Jan 2019 10:55:42|20|shiji@forstarfoods.com|CatchEntryDeclaredItem.php
28 Jan 2019 10:55:48|20|shiji@forstarfoods.com|DailyCatchEntry_New.php
28 Jan 2019 10:55:50|20|shiji@forstarfoods.com|DailyCatchEntry_New.php
28 Jan 2019 10:55:53|20|shiji@forstarfoods.com|DailyCatchEntry_New.php
28 Jan 2019 10:55:54|20|shiji@forstarfoods.com|DailyCatchEntry_New.php
28 Jan 2019 10:55:55|20|shiji@forstarfoods.com|DailyCatchEntry_New.php
28 Jan 2019 10:55:56|20|shiji@forstarfoods.com|DailyCatchEntry_New.php
28 Jan 2019 10:55:58|20|shiji@forstarfoods.com|DailyCatchEntry_New.php
28 Jan 2019 10:55:59|20|shiji@forstarfoods.com|DailyCatchEntry_New.php
28 Jan 2019 10:56:00|20|shiji@forstarfoods.com|DailyCatchEntry_New.php
28 Jan 2019 10:56:01|20|shiji@forstarfoods.com|DailyCatchEntry_New.php
28 Jan 2019 10:56:12|20|shiji@forstarfoods.com|DailyCatchEntry_New.php
28 Jan 2019 10:56:14|20|shiji@forstarfoods.com|DailyCatchEntry_New.php
28 Jan 2019 10:56:16|20|shiji@forstarfoods.com|CatchEntryDeclaredItem.php
28 Jan 2019 10:56:29|20|shiji@forstarfoods.com|DailyCatchEntry_New.php
28 Jan 2019 10:56:33|20|shiji@forstarfoods.com|DailyCatchEntry_New.php
28 Jan 2019 10:56:35|20|shiji@forstarfoods.com|DailyCatchEntry_New.php
28 Jan 2019 10:56:36|20|shiji@forstarfoods.com|DailyCatchEntry_New.php
28 Jan 2019 10:56:37|20|shiji@forstarfoods.com|DailyCatchEntry_New.php
28 Jan 2019 10:56:39|20|shiji@forstarfoods.com|DailyCatchEntry_New.php
28 Jan 2019 10:56:40|20|shiji@forstarfoods.com|DailyCatchEntry_New.php
28 Jan 2019 10:56:41|20|shiji@forstarfoods.com|DailyCatchEntry_New.php
28 Jan 2019 10:56:43|20|shiji@forstarfoods.com|DailyCatchEntry_New.php
28 Jan 2019 10:56:44|20|shiji@forstarfoods.com|DailyCatchEntry_New.php
28 Jan 2019 10:56:49|20|shiji@forstarfoods.com|DailyCatchEntry_New.php
28 Jan 2019 10:56:57|20|shiji@forstarfoods.com|DailyCatchEntry_New.php
28 Jan 2019 10:56:59|20|shiji@forstarfoods.com|CatchEntryDeclaredItem.php
28 Jan 2019 10:57:03|20|shiji@forstarfoods.com|DailyCatchEntry_New.php
28 Jan 2019 10:57:04|20|shiji@forstarfoods.com|DailyCatchEntry_New.php
28 Jan 2019 10:57:05|20|shiji@forstarfoods.com|DailyCatchEntry_New.php
28 Jan 2019 10:57:07|20|shiji@forstarfoods.com|DailyCatchEntry_New.php
28 Jan 2019 10:57:12|20|shiji@forstarfoods.com|DailyCatchEntry_New.php
28 Jan 2019 10:57:13|20|shiji@forstarfoods.com|CatchEntryDeclaredItem.php
28 Jan 2019 10:57:29|20|shiji@forstarfoods.com|DailyCatchEntry_New.php
28 Jan 2019 10:57:32|20|shiji@forstarfoods.com|DailyCatchEntry_New.php
28 Jan 2019 10:57:34|20|shiji@forstarfoods.com|DailyCatchEntry_New.php
28 Jan 2019 10:57:38|20|shiji@forstarfoods.com|DailyCatchEntry_New.php
28 Jan 2019 10:57:40|20|shiji@forstarfoods.com|DailyCatchEntry_New.php
28 Jan 2019 10:57:41|20|shiji@forstarfoods.com|DailyCatchEntry_New.php
28 Jan 2019 10:57:42|20|shiji@forstarfoods.com|DailyCatchEntry_New.php
28 Jan 2019 10:57:43|20|shiji@forstarfoods.com|DailyCatchEntry_New.php
28 Jan 2019 10:57:45|20|shiji@forstarfoods.com|DailyCatchEntry_New.php
28 Jan 2019 10:57:46|20|shiji@forstarfoods.com|DailyCatchEntry_New.php
28 Jan 2019 10:57:47|20|shiji@forstarfoods.com|DailyCatchEntry_New.php
28 Jan 2019 10:57:48|20|shiji@forstarfoods.com|DailyCatchEntry_New.php
28 Jan 2019 10:57:50|20|shiji@forstarfoods.com|DailyCatchEntry_New.php
28 Jan 2019 10:57:51|20|shiji@forstarfoods.com|DailyCatchEntry_New.php
28 Jan 2019 10:57:52|20|shiji@forstarfoods.com|DailyCatchEntry_New.php
28 Jan 2019 10:58:20|20|shiji@forstarfoods.com|DailyCatchEntry_New.php
28 Jan 2019 10:58:24|20|shiji@forstarfoods.com|DailyCatchEntry_New.php
28 Jan 2019 10:58:25|20|shiji@forstarfoods.com|CatchEntryDeclaredItem.php
28 Jan 2019 10:58:29|20|shiji@forstarfoods.com|DailyCatchEntry_New.php
28 Jan 2019 10:58:31|20|shiji@forstarfoods.com|DailyCatchEntry_New.php
28 Jan 2019 10:58:33|20|shiji@forstarfoods.com|DailyCatchEntry_New.php
28 Jan 2019 10:58:36|20|shiji@forstarfoods.com|DailyCatchEntry_New.php
28 Jan 2019 10:58:37|20|shiji@forstarfoods.com|DailyCatchEntry_New.php
28 Jan 2019 10:58:39|20|shiji@forstarfoods.com|DailyCatchEntry_New.php
28 Jan 2019 10:58:40|20|shiji@forstarfoods.com|DailyCatchEntry_New.php
28 Jan 2019 10:58:41|20|shiji@forstarfoods.com|DailyCatchEntry_New.php
28 Jan 2019 10:58:42|20|shiji@forstarfoods.com|DailyCatchEntry_New.php
28 Jan 2019 10:58:44|20|shiji@forstarfoods.com|DailyCatchEntry_New.php
28 Jan 2019 10:58:45|20|shiji@forstarfoods.com|DailyCatchEntry_New.php
28 Jan 2019 10:58:46|20|shiji@forstarfoods.com|DailyCatchEntry_New.php
28 Jan 2019 10:58:47|20|shiji@forstarfoods.com|DailyCatchEntry_New.php
28 Jan 2019 10:58:49|20|shiji@forstarfoods.com|DailyCatchEntry_New.php
28 Jan 2019 10:58:50|20|shiji@forstarfoods.com|DailyCatchEntry_New.php
28 Jan 2019 10:58:51|20|shiji@forstarfoods.com|DailyCatchEntry_New.php
28 Jan 2019 10:58:52|20|shiji@forstarfoods.com|DailyCatchEntry_New.php
28 Jan 2019 10:58:54|20|shiji@forstarfoods.com|DailyCatchEntry_New.php
28 Jan 2019 10:58:55|20|shiji@forstarfoods.com|DailyCatchEntry_New.php
28 Jan 2019 10:58:57|20|shiji@forstarfoods.com|DailyCatchEntry_New.php
28 Jan 2019 10:58:59|20|shiji@forstarfoods.com|DailyCatchEntry_New.php
28 Jan 2019 10:59:01|20|shiji@forstarfoods.com|CatchEntryDeclaredItem.php
28 Jan 2019 10:59:17|20|shiji@forstarfoods.com|DailyCatchEntry_New.php
28 Jan 2019 10:59:18|20|shiji@forstarfoods.com|DailyCatchEntry_New.php
28 Jan 2019 10:59:19|20|shiji@forstarfoods.com|DailyCatchEntry_New.php
28 Jan 2019 10:59:22|20|shiji@forstarfoods.com|DailyCatchEntry_New.php
28 Jan 2019 10:59:28|20|shiji@forstarfoods.com|DailyCatchEntry_New.php
28 Jan 2019 10:59:29|20|shiji@forstarfoods.com|CatchEntryDeclaredItem.php
28 Jan 2019 10:59:33|20|shiji@forstarfoods.com|DailyCatchEntry_New.php
28 Jan 2019 10:59:38|20|shiji@forstarfoods.com|DailyCatchEntry_New.php
28 Jan 2019 10:59:40|20|shiji@forstarfoods.com|CatchEntryDeclaredItem.php
28 Jan 2019 10:59:55|20|shiji@forstarfoods.com|DailyCatchEntry_New.php
28 Jan 2019 10:59:58|20|shiji@forstarfoods.com|DailyCatchEntry_New.php
28 Jan 2019 11:00:00|20|shiji@forstarfoods.com|DailyCatchEntry_New.php
28 Jan 2019 11:00:03|20|shiji@forstarfoods.com|DailyCatchEntry_New.php
28 Jan 2019 11:00:04|20|shiji@forstarfoods.com|DailyCatchEntry_New.php
28 Jan 2019 11:00:05|20|shiji@forstarfoods.com|DailyCatchEntry_New.php
28 Jan 2019 11:00:06|20|shiji@forstarfoods.com|DailyCatchEntry_New.php
28 Jan 2019 11:00:08|20|shiji@forstarfoods.com|DailyCatchEntry_New.php
28 Jan 2019 11:00:09|20|shiji@forstarfoods.com|DailyCatchEntry_New.php
28 Jan 2019 11:00:10|20|shiji@forstarfoods.com|DailyCatchEntry_New.php
28 Jan 2019 11:00:11|20|shiji@forstarfoods.com|DailyCatchEntry_New.php
28 Jan 2019 11:00:13|20|shiji@forstarfoods.com|DailyCatchEntry_New.php
28 Jan 2019 11:00:14|20|shiji@forstarfoods.com|DailyCatchEntry_New.php
28 Jan 2019 11:00:15|20|shiji@forstarfoods.com|DailyCatchEntry_New.php
28 Jan 2019 11:00:16|20|shiji@forstarfoods.com|DailyCatchEntry_New.php
28 Jan 2019 11:00:17|20|shiji@forstarfoods.com|DailyCatchEntry_New.php
28 Jan 2019 11:00:19|20|shiji@forstarfoods.com|DailyCatchEntry_New.php