
14 Sep 2019 14:57:09|20|shiji@forstarfoods.com|DailyCatchReport.php
14 Sep 2019 14:57:11|20|shiji@forstarfoods.com|DailyCatchReport.php
14 Sep 2019 14:57:12|20|shiji@forstarfoods.com|DailyCatchReport.php
14 Sep 2019 15:02:57|20|shiji@forstarfoods.com|DailyCatchEntry_New.php
14 Sep 2019 15:03:00|20|shiji@forstarfoods.com|DailyCatchEntry_New.php
14 Sep 2019 15:03:03|20|shiji@forstarfoods.com|DailyCatchEntry_New.php
14 Sep 2019 15:03:04|20|shiji@forstarfoods.com|DailyCatchEntry_New.php
14 Sep 2019 15:03:05|20|shiji@forstarfoods.com|DailyCatchEntry_New.php
14 Sep 2019 15:03:06|20|shiji@forstarfoods.com|CatchEntryDeclaredItem.php
14 Sep 2019 15:03:07|20|shiji@forstarfoods.com|DailyCatchEntry_New.php
14 Sep 2019 15:03:09|20|shiji@forstarfoods.com|DailyCatchEntry_New.php
14 Sep 2019 15:03:11|20|shiji@forstarfoods.com|DailyCatchEntry_New.php
14 Sep 2019 15:03:12|20|shiji@forstarfoods.com|DailyCatchEntry_New.php
14 Sep 2019 15:03:18|20|shiji@forstarfoods.com|DailyCatchEntry_New.php
14 Sep 2019 15:03:25|20|shiji@forstarfoods.com|DailyCatchEntry_New.php
14 Sep 2019 15:03:26|20|shiji@forstarfoods.com|CatchEntryDeclaredItem.php
14 Sep 2019 15:03:41|20|shiji@forstarfoods.com|DailyCatchEntry_New.php
14 Sep 2019 15:03:43|20|shiji@forstarfoods.com|DailyCatchEntry_New.php
14 Sep 2019 15:03:44|20|shiji@forstarfoods.com|DailyCatchEntry_New.php
14 Sep 2019 15:03:45|20|shiji@forstarfoods.com|DailyCatchEntry_New.php
14 Sep 2019 15:03:46|20|shiji@forstarfoods.com|DailyCatchEntry_New.php
14 Sep 2019 15:03:48|20|shiji@forstarfoods.com|DailyCatchEntry_New.php
14 Sep 2019 15:03:58|20|shiji@forstarfoods.com|DailyCatchEntry_New.php
14 Sep 2019 15:04:01|20|shiji@forstarfoods.com|DailyCatchEntry_New.php
14 Sep 2019 15:04:03|20|shiji@forstarfoods.com|DailyCatchEntry_New.php
14 Sep 2019 15:04:09|20|shiji@forstarfoods.com|DailyCatchEntry_New.php
14 Sep 2019 15:04:10|20|shiji@forstarfoods.com|DailyCatchEntry_New.php
14 Sep 2019 15:04:11|20|shiji@forstarfoods.com|DailyCatchEntry_New.php
14 Sep 2019 15:04:13|20|shiji@forstarfoods.com|DailyCatchEntry_New.php
14 Sep 2019 15:04:14|20|shiji@forstarfoods.com|DailyCatchEntry_New.php
14 Sep 2019 15:04:15|20|shiji@forstarfoods.com|DailyCatchEntry_New.php
14 Sep 2019 15:04:17|20|shiji@forstarfoods.com|DailyCatchEntry_New.php
14 Sep 2019 15:04:20|20|shiji@forstarfoods.com|DailyCatchEntry_New.php
14 Sep 2019 15:04:21|20|shiji@forstarfoods.com|CatchEntryDeclaredItem.php
14 Sep 2019 15:08:03|20|shiji@forstarfoods.com|DailyCatchEntry_New.php
14 Sep 2019 15:13:04|20|shiji@forstarfoods.com|DailyCatchEntry_New.php
14 Sep 2019 15:18:05|20|shiji@forstarfoods.com|DailyCatchEntry_New.php
14 Sep 2019 15:23:06|20|shiji@forstarfoods.com|DailyCatchEntry_New.php
14 Sep 2019 15:28:08|20|shiji@forstarfoods.com|DailyCatchEntry_New.php
14 Sep 2019 15:33:09|20|shiji@forstarfoods.com|DailyCatchEntry_New.php
14 Sep 2019 15:38:10|20|shiji@forstarfoods.com|DailyCatchEntry_New.php
14 Sep 2019 15:41:47|20|shiji@forstarfoods.com|DailyCatchSummary.php
14 Sep 2019 15:41:50|20|shiji@forstarfoods.com|DailyCatchSummary.php
14 Sep 2019 15:42:02|20|shiji@forstarfoods.com|DailyCatchSummary.php
14 Sep 2019 15:42:11|20|shiji@forstarfoods.com|DailyCatchSummary.php
14 Sep 2019 15:42:20|20|shiji@forstarfoods.com|DailyCatchSummary.php
14 Sep 2019 15:42:27|20|shiji@forstarfoods.com|DailyCatchSummary.php
14 Sep 2019 15:42:43|20|shiji@forstarfoods.com|PrintDailyCatchSummary.php
14 Sep 2019 15:43:34|20|shiji@forstarfoods.com|DailyCatchSummary.php
14 Sep 2019 15:43:38|20|shiji@forstarfoods.com|DailyCatchSummary.php
14 Sep 2019 15:43:53|20|shiji@forstarfoods.com|PrintDailyCatchSummary.php
14 Sep 2019 15:56:45|20|shiji@forstarfoods.com|DailyCatchSummary.php
14 Sep 2019 15:56:50|20|shiji@forstarfoods.com|DailyCatchSummary.php
16 Sep 2019 10:07:49|20|shiji@forstarfoods.com|Home.php
16 Sep 2019 10:08:01|20|shiji@forstarfoods.com|DailyCatchEntry_New.php
16 Sep 2019 10:08:04|20|shiji@forstarfoods.com|DailyCatchEntry_New.php
16 Sep 2019 10:08:06|20|shiji@forstarfoods.com|DailyCatchEntry_New.php
16 Sep 2019 10:08:08|20|shiji@forstarfoods.com|DailyCatchEntry_New.php
16 Sep 2019 10:08:09|20|shiji@forstarfoods.com|DailyCatchEntry_New.php
16 Sep 2019 10:08:10|20|shiji@forstarfoods.com|CatchEntryDeclaredItem.php
16 Sep 2019 10:08:11|20|shiji@forstarfoods.com|DailyCatchEntry_New.php
16 Sep 2019 10:08:14|20|shiji@forstarfoods.com|DailyCatchEntry_New.php
16 Sep 2019 10:08:16|20|shiji@forstarfoods.com|DailyCatchEntry_New.php
16 Sep 2019 10:08:17|20|shiji@forstarfoods.com|DailyCatchEntry_New.php
16 Sep 2019 10:08:18|20|shiji@forstarfoods.com|DailyCatchEntry_New.php
16 Sep 2019 10:08:19|20|shiji@forstarfoods.com|DailyCatchEntry_New.php
16 Sep 2019 10:08:23|20|shiji@forstarfoods.com|DailyCatchEntry_New.php
16 Sep 2019 10:08:25|20|shiji@forstarfoods.com|DailyCatchEntry_New.php
16 Sep 2019 10:08:26|20|shiji@forstarfoods.com|DailyCatchEntry_New.php
16 Sep 2019 10:08:27|20|shiji@forstarfoods.com|DailyCatchEntry_New.php
16 Sep 2019 10:08:31|20|shiji@forstarfoods.com|DailyCatchEntry_New.php
16 Sep 2019 10:08:32|20|shiji@forstarfoods.com|CatchEntryDeclaredItem.php
16 Sep 2019 10:08:50|20|shiji@forstarfoods.com|DailyCatchEntry_New.php
16 Sep 2019 10:08:52|20|shiji@forstarfoods.com|DailyCatchEntry_New.php
16 Sep 2019 10:08:54|20|shiji@forstarfoods.com|DailyCatchEntry_New.php
16 Sep 2019 10:08:55|20|shiji@forstarfoods.com|DailyCatchEntry_New.php
16 Sep 2019 10:08:58|20|shiji@forstarfoods.com|DailyCatchEntry_New.php
16 Sep 2019 10:09:01|20|shiji@forstarfoods.com|DailyCatchEntry_New.php
16 Sep 2019 10:09:03|20|shiji@forstarfoods.com|DailyCatchEntry_New.php
16 Sep 2019 10:09:04|20|shiji@forstarfoods.com|DailyCatchEntry_New.php
16 Sep 2019 10:09:05|20|shiji@forstarfoods.com|DailyCatchEntry_New.php
16 Sep 2019 10:09:06|20|shiji@forstarfoods.com|DailyCatchEntry_New.php
16 Sep 2019 10:09:08|20|shiji@forstarfoods.com|DailyCatchEntry_New.php
16 Sep 2019 10:09:09|20|shiji@forstarfoods.com|DailyCatchEntry_New.php
16 Sep 2019 10:09:10|20|shiji@forstarfoods.com|DailyCatchEntry_New.php
16 Sep 2019 10:09:11|20|shiji@forstarfoods.com|DailyCatchEntry_New.php
16 Sep 2019 10:09:13|20|shiji@forstarfoods.com|DailyCatchEntry_New.php
16 Sep 2019 10:09:14|20|shiji@forstarfoods.com|DailyCatchEntry_New.php
16 Sep 2019 10:09:15|20|shiji@forstarfoods.com|DailyCatchEntry_New.php
16 Sep 2019 10:09:16|20|shiji@forstarfoods.com|DailyCatchEntry_New.php
16 Sep 2019 10:09:17|20|shiji@forstarfoods.com|DailyCatchEntry_New.php
16 Sep 2019 10:09:19|20|shiji@forstarfoods.com|DailyCatchEntry_New.php
16 Sep 2019 10:09:20|20|shiji@forstarfoods.com|DailyCatchEntry_New.php
16 Sep 2019 10:09:21|20|shiji@forstarfoods.com|DailyCatchEntry_New.php
16 Sep 2019 10:09:22|20|shiji@forstarfoods.com|DailyCatchEntry_New.php
16 Sep 2019 10:09:24|20|shiji@forstarfoods.com|DailyCatchEntry_New.php
16 Sep 2019 10:09:25|20|shiji@forstarfoods.com|DailyCatchEntry_New.php
16 Sep 2019 10:09:26|20|shiji@forstarfoods.com|DailyCatchEntry_New.php
16 Sep 2019 10:09:27|20|shiji@forstarfoods.com|DailyCatchEntry_New.php
16 Sep 2019 10:09:29|20|shiji@forstarfoods.com|DailyCatchEntry_New.php
16 Sep 2019 10:09:30|20|shiji@forstarfoods.com|DailyCatchEntry_New.php
16 Sep 2019 10:09:31|20|shiji@forstarfoods.com|DailyCatchEntry_New.php
16 Sep 2019 10:09:32|20|shiji@forstarfoods.com|DailyCatchEntry_New.php
16 Sep 2019 10:09:34|20|shiji@forstarfoods.com|DailyCatchEntry_New.php
16 Sep 2019 10:09:35|20|shiji@forstarfoods.com|DailyCatchEntry_New.php
16 Sep 2019 10:09:36|20|shiji@forstarfoods.com|DailyCatchEntry_New.php
16 Sep 2019 10:09:37|20|shiji@forstarfoods.com|DailyCatchEntry_New.php
16 Sep 2019 10:09:39|20|shiji@forstarfoods.com|DailyCatchEntry_New.php
16 Sep 2019 10:09:40|20|shiji@forstarfoods.com|DailyCatchEntry_New.php
16 Sep 2019 10:09:41|20|shiji@forstarfoods.com|DailyCatchEntry_New.php
16 Sep 2019 10:09:42|20|shiji@forstarfoods.com|DailyCatchEntry_New.php
16 Sep 2019 10:09:44|20|shiji@forstarfoods.com|DailyCatchEntry_New.php
16 Sep 2019 10:09:45|20|shiji@forstarfoods.com|DailyCatchEntry_New.php
16 Sep 2019 10:09:47|20|shiji@forstarfoods.com|DailyCatchEntry_New.php
16 Sep 2019 10:09:49|20|shiji@forstarfoods.com|DailyCatchEntry_New.php
16 Sep 2019 10:09:51|20|shiji@forstarfoods.com|CatchEntryDeclaredItem.php
16 Sep 2019 10:09:53|20|shiji@forstarfoods.com|DailyCatchEntry_New.php
16 Sep 2019 10:09:56|20|shiji@forstarfoods.com|DailyCatchEntry_New.php
16 Sep 2019 10:09:59|20|shiji@forstarfoods.com|DailyCatchEntry_New.php
16 Sep 2019 10:10:00|20|shiji@forstarfoods.com|DailyCatchEntry_New.php
16 Sep 2019 10:10:01|20|shiji@forstarfoods.com|DailyCatchEntry_New.php
16 Sep 2019 10:10:03|20|shiji@forstarfoods.com|DailyCatchEntry_New.php
16 Sep 2019 10:10:04|20|shiji@forstarfoods.com|DailyCatchEntry_New.php
16 Sep 2019 10:10:05|20|shiji@forstarfoods.com|DailyCatchEntry_New.php
16 Sep 2019 10:10:06|20|shiji@forstarfoods.com|DailyCatchEntry_New.php
16 Sep 2019 10:10:08|20|shiji@forstarfoods.com|DailyCatchEntry_New.php
16 Sep 2019 10:10:09|20|shiji@forstarfoods.com|DailyCatchEntry_New.php
16 Sep 2019 10:10:10|20|shiji@forstarfoods.com|DailyCatchEntry_New.php
16 Sep 2019 10:10:11|20|shiji@forstarfoods.com|DailyCatchEntry_New.php
16 Sep 2019 10:10:13|20|shiji@forstarfoods.com|DailyCatchEntry_New.php
16 Sep 2019 10:10:14|20|shiji@forstarfoods.com|DailyCatchEntry_New.php
16 Sep 2019 10:10:15|20|shiji@forstarfoods.com|DailyCatchEntry_New.php
16 Sep 2019 10:10:16|20|shiji@forstarfoods.com|DailyCatchEntry_New.php
16 Sep 2019 10:10:18|20|shiji@forstarfoods.com|DailyCatchEntry_New.php
16 Sep 2019 10:10:19|20|shiji@forstarfoods.com|DailyCatchEntry_New.php
16 Sep 2019 10:10:20|20|shiji@forstarfoods.com|DailyCatchEntry_New.php
16 Sep 2019 10:10:21|20|shiji@forstarfoods.com|DailyCatchEntry_New.php
16 Sep 2019 10:10:23|20|shiji@forstarfoods.com|DailyCatchEntry_New.php
16 Sep 2019 10:10:24|20|shiji@forstarfoods.com|DailyCatchEntry_New.php
16 Sep 2019 10:10:25|20|shiji@forstarfoods.com|DailyCatchEntry_New.php
16 Sep 2019 10:10:26|20|shiji@forstarfoods.com|DailyCatchEntry_New.php
16 Sep 2019 10:10:27|20|shiji@forstarfoods.com|DailyCatchEntry_New.php
16 Sep 2019 10:10:29|20|shiji@forstarfoods.com|DailyCatchEntry_New.php
16 Sep 2019 10:10:41|20|shiji@forstarfoods.com|DailyCatchEntry_New.php
16 Sep 2019 10:10:57|20|shiji@forstarfoods.com|DailyCatchEntry_New.php
16 Sep 2019 10:10:59|20|shiji@forstarfoods.com|CatchEntryDeclaredItem.php
16 Sep 2019 10:11:03|20|shiji@forstarfoods.com|DailyCatchEntry_New.php
16 Sep 2019 10:11:04|20|shiji@forstarfoods.com|DailyCatchEntry_New.php
16 Sep 2019 10:11:05|20|shiji@forstarfoods.com|DailyCatchEntry_New.php
16 Sep 2019 10:11:08|20|shiji@forstarfoods.com|DailyCatchEntry_New.php
16 Sep 2019 10:11:13|20|shiji@forstarfoods.com|DailyCatchEntry_New.php
16 Sep 2019 10:11:14|20|shiji@forstarfoods.com|CatchEntryDeclaredItem.php
16 Sep 2019 10:11:30|20|shiji@forstarfoods.com|DailyCatchEntry_New.php
16 Sep 2019 10:11:32|20|shiji@forstarfoods.com|DailyCatchEntry_New.php
16 Sep 2019 10:11:35|20|shiji@forstarfoods.com|DailyCatchEntry_New.php
16 Sep 2019 10:11:37|20|shiji@forstarfoods.com|DailyCatchEntry_New.php
16 Sep 2019 10:11:38|20|shiji@forstarfoods.com|DailyCatchEntry_New.php
16 Sep 2019 10:11:39|20|shiji@forstarfoods.com|DailyCatchEntry_New.php
16 Sep 2019 10:11:40|20|shiji@forstarfoods.com|DailyCatchEntry_New.php
16 Sep 2019 10:11:42|20|shiji@forstarfoods.com|DailyCatchEntry_New.php
16 Sep 2019 10:11:43|20|shiji@forstarfoods.com|DailyCatchEntry_New.php
16 Sep 2019 10:11:44|20|shiji@forstarfoods.com|DailyCatchEntry_New.php
16 Sep 2019 10:11:45|20|shiji@forstarfoods.com|DailyCatchEntry_New.php
16 Sep 2019 10:11:47|20|shiji@forstarfoods.com|DailyCatchEntry_New.php
16 Sep 2019 10:11:48|20|shiji@forstarfoods.com|DailyCatchEntry_New.php
16 Sep 2019 10:11:49|20|shiji@forstarfoods.com|DailyCatchEntry_New.php
16 Sep 2019 10:11:50|20|shiji@forstarfoods.com|DailyCatchEntry_New.php
16 Sep 2019 10:11:52|20|shiji@forstarfoods.com|DailyCatchEntry_New.php
16 Sep 2019 10:11:53|20|shiji@forstarfoods.com|DailyCatchEntry_New.php
16 Sep 2019 10:11:54|20|shiji@forstarfoods.com|DailyCatchEntry_New.php
16 Sep 2019 10:11:55|20|shiji@forstarfoods.com|DailyCatchEntry_New.php
16 Sep 2019 10:11:57|20|shiji@forstarfoods.com|DailyCatchEntry_New.php
16 Sep 2019 10:11:58|20|shiji@forstarfoods.com|DailyCatchEntry_New.php
16 Sep 2019 10:11:59|20|shiji@forstarfoods.com|DailyCatchEntry_New.php
16 Sep 2019 10:12:00|20|shiji@forstarfoods.com|DailyCatchEntry_New.php
16 Sep 2019 10:12:02|20|shiji@forstarfoods.com|DailyCatchEntry_New.php
16 Sep 2019 10:12:03|20|shiji@forstarfoods.com|DailyCatchEntry_New.php
16 Sep 2019 10:12:04|20|shiji@forstarfoods.com|DailyCatchEntry_New.php
16 Sep 2019 10:12:05|20|shiji@forstarfoods.com|DailyCatchEntry_New.php
16 Sep 2019 10:12:07|20|shiji@forstarfoods.com|DailyCatchEntry_New.php
16 Sep 2019 10:12:08|20|shiji@forstarfoods.com|DailyCatchEntry_New.php
16 Sep 2019 10:12:09|20|shiji@forstarfoods.com|DailyCatchEntry_New.php
16 Sep 2019 10:12:10|20|shiji@forstarfoods.com|DailyCatchEntry_New.php
16 Sep 2019 10:12:12|20|shiji@forstarfoods.com|DailyCatchEntry_New.php
16 Sep 2019 10:12:13|20|shiji@forstarfoods.com|DailyCatchEntry_New.php
16 Sep 2019 10:12:14|20|shiji@forstarfoods.com|DailyCatchEntry_New.php
16 Sep 2019 10:12:15|20|shiji@forstarfoods.com|DailyCatchEntry_New.php
16 Sep 2019 10:13:06|20|shiji@forstarfoods.com|DailyCatchEntry_New.php
16 Sep 2019 10:15:14|20|shiji@forstarfoods.com|DailyCatchEntry_New.php
16 Sep 2019 10:15:17|20|shiji@forstarfoods.com|DailyCatchEntry_New.php
16 Sep 2019 10:15:18|20|shiji@forstarfoods.com|CatchEntryDeclaredItem.php
16 Sep 2019 10:15:22|20|shiji@forstarfoods.com|DailyCatchEntry_New.php
16 Sep 2019 10:15:26|20|shiji@forstarfoods.com|DailyCatchEntry_New.php
16 Sep 2019 10:15:32|20|shiji@forstarfoods.com|DailyCatchEntry_New.php
16 Sep 2019 10:15:33|20|shiji@forstarfoods.com|DailyCatchEntry_New.php
16 Sep 2019 10:15:34|20|shiji@forstarfoods.com|DailyCatchEntry_New.php
16 Sep 2019 10:15:36|20|shiji@forstarfoods.com|DailyCatchEntry_New.php
16 Sep 2019 10:15:37|20|shiji@forstarfoods.com|DailyCatchEntry_New.php
16 Sep 2019 10:15:38|20|shiji@forstarfoods.com|DailyCatchEntry_New.php
16 Sep 2019 10:15:39|20|shiji@forstarfoods.com|DailyCatchEntry_New.php
16 Sep 2019 10:15:41|20|shiji@forstarfoods.com|DailyCatchEntry_New.php
16 Sep 2019 10:15:44|20|shiji@forstarfoods.com|DailyCatchEntry_New.php
16 Sep 2019 10:15:47|20|shiji@forstarfoods.com|DailyCatchEntry_New.php
16 Sep 2019 10:15:48|20|shiji@forstarfoods.com|CatchEntryDeclaredItem.php
16 Sep 2019 10:16:05|20|shiji@forstarfoods.com|DailyCatchEntry_New.php
16 Sep 2019 10:16:06|20|shiji@forstarfoods.com|DailyCatchEntry_New.php
16 Sep 2019 10:16:07|20|shiji@forstarfoods.com|DailyCatchEntry_New.php
16 Sep 2019 10:16:10|20|shiji@forstarfoods.com|DailyCatchEntry_New.php
16 Sep 2019 10:16:14|20|shiji@forstarfoods.com|DailyCatchEntry_New.php
16 Sep 2019 10:16:15|20|shiji@forstarfoods.com|CatchEntryDeclaredItem.php
16 Sep 2019 10:16:34|20|shiji@forstarfoods.com|DailyCatchEntry_New.php
16 Sep 2019 10:16:36|20|shiji@forstarfoods.com|DailyCatchEntry_New.php
16 Sep 2019 10:16:38|20|shiji@forstarfoods.com|DailyCatchEntry_New.php
16 Sep 2019 10:16:41|20|shiji@forstarfoods.com|DailyCatchEntry_New.php
16 Sep 2019 10:16:42|20|shiji@forstarfoods.com|DailyCatchEntry_New.php
16 Sep 2019 10:16:43|20|shiji@forstarfoods.com|DailyCatchEntry_New.php
16 Sep 2019 10:16:44|20|shiji@forstarfoods.com|DailyCatchEntry_New.php
16 Sep 2019 10:16:46|20|shiji@forstarfoods.com|DailyCatchEntry_New.php
16 Sep 2019 10:16:47|20|shiji@forstarfoods.com|DailyCatchEntry_New.php
16 Sep 2019 10:16:48|20|shiji@forstarfoods.com|DailyCatchEntry_New.php
16 Sep 2019 10:16:49|20|shiji@forstarfoods.com|DailyCatchEntry_New.php
16 Sep 2019 10:16:51|20|shiji@forstarfoods.com|DailyCatchEntry_New.php
16 Sep 2019 10:16:52|20|shiji@forstarfoods.com|DailyCatchEntry_New.php
16 Sep 2019 10:16:53|20|shiji@forstarfoods.com|DailyCatchEntry_New.php
16 Sep 2019 10:16:54|20|shiji@forstarfoods.com|DailyCatchEntry_New.php
16 Sep 2019 10:16:56|20|shiji@forstarfoods.com|DailyCatchEntry_New.php
16 Sep 2019 10:16:57|20|shiji@forstarfoods.com|DailyCatchEntry_New.php
16 Sep 2019 10:17:54|20|shiji@forstarfoods.com|DailyCatchEntry_New.php
16 Sep 2019 10:17:57|20|shiji@forstarfoods.com|DailyCatchEntry_New.php
16 Sep 2019 10:17:58|20|shiji@forstarfoods.com|CatchEntryDeclaredItem.php
16 Sep 2019 10:18:03|20|shiji@forstarfoods.com|DailyCatchEntry_New.php
16 Sep 2019 10:18:05|20|shiji@forstarfoods.com|DailyCatchEntry_New.php
16 Sep 2019 10:18:08|20|shiji@forstarfoods.com|DailyCatchEntry_New.php
16 Sep 2019 10:18:09|20|shiji@forstarfoods.com|DailyCatchEntry_New.php
16 Sep 2019 10:18:11|20|shiji@forstarfoods.com|DailyCatchEntry_New.php
16 Sep 2019 10:18:12|20|shiji@forstarfoods.com|DailyCatchEntry_New.php
16 Sep 2019 10:18:13|20|shiji@forstarfoods.com|DailyCatchEntry_New.php
16 Sep 2019 10:18:14|20|shiji@forstarfoods.com|DailyCatchEntry_New.php
16 Sep 2019 10:18:15|20|shiji@forstarfoods.com|DailyCatchEntry_New.php
16 Sep 2019 10:18:17|20|shiji@forstarfoods.com|DailyCatchEntry_New.php
16 Sep 2019 10:18:18|20|shiji@forstarfoods.com|DailyCatchEntry_New.php
16 Sep 2019 10:18:19|20|shiji@forstarfoods.com|DailyCatchEntry_New.php
16 Sep 2019 10:18:23|20|shiji@forstarfoods.com|DailyCatchEntry_New.php
16 Sep 2019 10:18:24|20|shiji@forstarfoods.com|CatchEntryDeclaredItem.php
16 Sep 2019 10:18:26|20|shiji@forstarfoods.com|DailyCatchEntry_New.php
16 Sep 2019 10:18:28|20|shiji@forstarfoods.com|DailyCatchEntry_New.php
16 Sep 2019 10:18:29|20|shiji@forstarfoods.com|DailyCatchEntry_New.php
16 Sep 2019 10:18:37|20|shiji@forstarfoods.com|DailyCatchEntry_New.php
16 Sep 2019 10:18:43|20|shiji@forstarfoods.com|DailyCatchEntry_New.php
16 Sep 2019 10:18:44|20|shiji@forstarfoods.com|CatchEntryDeclaredItem.php
16 Sep 2019 10:18:59|20|shiji@forstarfoods.com|DailyCatchEntry_New.php
16 Sep 2019 10:19:02|20|shiji@forstarfoods.com|DailyCatchEntry_New.php
16 Sep 2019 10:19:04|20|shiji@forstarfoods.com|DailyCatchEntry_New.php
16 Sep 2019 10:19:09|20|shiji@forstarfoods.com|DailyCatchEntry_New.php
16 Sep 2019 10:19:10|20|shiji@forstarfoods.com|DailyCatchEntry_New.php
16 Sep 2019 10:19:11|20|shiji@forstarfoods.com|DailyCatchEntry_New.php
16 Sep 2019 10:19:12|20|shiji@forstarfoods.com|DailyCatchEntry_New.php
16 Sep 2019 10:19:13|20|shiji@forstarfoods.com|DailyCatchEntry_New.php
16 Sep 2019 10:19:15|20|shiji@forstarfoods.com|DailyCatchEntry_New.php
16 Sep 2019 10:19:16|20|shiji@forstarfoods.com|DailyCatchEntry_New.php
16 Sep 2019 10:19:17|20|shiji@forstarfoods.com|DailyCatchEntry_New.php
16 Sep 2019 10:19:18|20|shiji@forstarfoods.com|DailyCatchEntry_New.php
16 Sep 2019 10:19:20|20|shiji@forstarfoods.com|DailyCatchEntry_New.php
16 Sep 2019 10:19:21|20|shiji@forstarfoods.com|DailyCatchEntry_New.php
16 Sep 2019 10:19:22|20|shiji@forstarfoods.com|DailyCatchEntry_New.php
16 Sep 2019 10:19:23|20|shiji@forstarfoods.com|DailyCatchEntry_New.php
16 Sep 2019 10:19:25|20|shiji@forstarfoods.com|DailyCatchEntry_New.php
16 Sep 2019 10:19:26|20|shiji@forstarfoods.com|DailyCatchEntry_New.php
16 Sep 2019 10:19:27|20|shiji@forstarfoods.com|DailyCatchEntry_New.php
16 Sep 2019 10:19:28|20|shiji@forstarfoods.com|DailyCatchEntry_New.php
16 Sep 2019 10:19:30|20|shiji@forstarfoods.com|DailyCatchEntry_New.php
16 Sep 2019 10:19:31|20|shiji@forstarfoods.com|DailyCatchEntry_New.php
16 Sep 2019 10:19:32|20|shiji@forstarfoods.com|DailyCatchEntry_New.php
16 Sep 2019 10:19:55|20|shiji@forstarfoods.com|DailyCatchEntry_New.php
16 Sep 2019 10:19:58|20|shiji@forstarfoods.com|DailyCatchEntry_New.php
16 Sep 2019 10:19:59|20|shiji@forstarfoods.com|CatchEntryDeclaredItem.php
16 Sep 2019 10:20:01|20|shiji@forstarfoods.com|DailyCatchEntry_New.php
16 Sep 2019 10:20:04|20|shiji@forstarfoods.com|DailyCatchEntry_New.php
16 Sep 2019 10:20:06|20|shiji@forstarfoods.com|DailyCatchEntry_New.php
16 Sep 2019 10:20:07|20|shiji@forstarfoods.com|DailyCatchEntry_New.php
16 Sep 2019 10:20:08|20|shiji@forstarfoods.com|DailyCatchEntry_New.php
16 Sep 2019 10:20:09|20|shiji@forstarfoods.com|DailyCatchEntry_New.php
16 Sep 2019 10:20:11|20|shiji@forstarfoods.com|DailyCatchEntry_New.php
16 Sep 2019 10:20:12|20|shiji@forstarfoods.com|DailyCatchEntry_New.php
16 Sep 2019 10:20:13|20|shiji@forstarfoods.com|DailyCatchEntry_New.php
16 Sep 2019 10:20:14|20|shiji@forstarfoods.com|DailyCatchEntry_New.php
16 Sep 2019 10:20:21|20|shiji@forstarfoods.com|DailyCatchEntry_New.php
16 Sep 2019 10:20:23|20|shiji@forstarfoods.com|DailyCatchEntry_New.php
16 Sep 2019 10:20:24|20|shiji@forstarfoods.com|CatchEntryDeclaredItem.php
16 Sep 2019 10:20:36|20|shiji@forstarfoods.com|DailyCatchEntry_New.php
16 Sep 2019 10:20:37|20|shiji@forstarfoods.com|DailyCatchEntry_New.php
16 Sep 2019 10:20:38|20|shiji@forstarfoods.com|DailyCatchEntry_New.php
16 Sep 2019 10:20:39|20|shiji@forstarfoods.com|DailyCatchEntry_New.php
16 Sep 2019 10:20:43|20|shiji@forstarfoods.com|DailyCatchEntry_New.php
16 Sep 2019 10:20:45|20|shiji@forstarfoods.com|CatchEntryDeclaredItem.php
16 Sep 2019 10:20:57|30|pritirm@forstarfoods.com|Home.php
16 Sep 2019 10:21:00|20|shiji@forstarfoods.com|DailyCatchEntry_New.php
16 Sep 2019 10:21:02|20|shiji@forstarfoods.com|DailyCatchEntry_New.php
16 Sep 2019 10:21:03|20|shiji@forstarfoods.com|DailyCatchEntry_New.php
16 Sep 2019 10:21:06|20|shiji@forstarfoods.com|DailyCatchEntry_New.php
16 Sep 2019 10:21:08|20|shiji@forstarfoods.com|DailyCatchEntry_New.php
16 Sep 2019 10:21:13|20|shiji@forstarfoods.com|DailyCatchEntry_New.php
16 Sep 2019 10:21:14|20|shiji@forstarfoods.com|DailyCatchEntry_New.php
16 Sep 2019 10:21:15|20|shiji@forstarfoods.com|DailyCatchEntry_New.php
16 Sep 2019 10:21:17|20|shiji@forstarfoods.com|DailyCatchEntry_New.php
16 Sep 2019 10:21:18|20|shiji@forstarfoods.com|DailyCatchEntry_New.php
16 Sep 2019 10:21:19|20|shiji@forstarfoods.com|DailyCatchEntry_New.php
16 Sep 2019 10:21:20|20|shiji@forstarfoods.com|DailyCatchEntry_New.php
16 Sep 2019 10:21:22|20|shiji@forstarfoods.com|DailyCatchEntry_New.php
16 Sep 2019 10:21:23|20|shiji@forstarfoods.com|DailyCatchEntry_New.php
16 Sep 2019 10:21:24|20|shiji@forstarfoods.com|DailyCatchEntry_New.php
16 Sep 2019 10:21:25|20|shiji@forstarfoods.com|DailyCatchEntry_New.php
16 Sep 2019 10:21:27|20|shiji@forstarfoods.com|DailyCatchEntry_New.php
16 Sep 2019 10:21:28|20|shiji@forstarfoods.com|DailyCatchEntry_New.php
16 Sep 2019 10:21:29|20|shiji@forstarfoods.com|DailyCatchEntry_New.php
16 Sep 2019 10:21:30|20|shiji@forstarfoods.com|DailyCatchEntry_New.php
16 Sep 2019 10:21:32|20|shiji@forstarfoods.com|DailyCatchEntry_New.php
16 Sep 2019 10:21:33|20|shiji@forstarfoods.com|DailyCatchEntry_New.php
16 Sep 2019 10:21:34|20|shiji@forstarfoods.com|DailyCatchEntry_New.php
16 Sep 2019 10:21:35|20|shiji@forstarfoods.com|DailyCatchEntry_New.php
16 Sep 2019 10:21:37|20|shiji@forstarfoods.com|DailyCatchEntry_New.php
16 Sep 2019 10:21:38|20|shiji@forstarfoods.com|DailyCatchEntry_New.php
16 Sep 2019 10:21:39|20|shiji@forstarfoods.com|DailyCatchEntry_New.php
16 Sep 2019 10:21:40|20|shiji@forstarfoods.com|DailyCatchEntry_New.php
16 Sep 2019 10:21:42|20|shiji@forstarfoods.com|DailyCatchEntry_New.php
16 Sep 2019 10:21:43|20|shiji@forstarfoods.com|DailyCatchEntry_New.php
16 Sep 2019 10:21:44|20|shiji@forstarfoods.com|DailyCatchEntry_New.php
16 Sep 2019 10:22:24|20|shiji@forstarfoods.com|DailyCatchEntry_New.php
16 Sep 2019 10:22:26|20|shiji@forstarfoods.com|DailyCatchEntry_New.php
16 Sep 2019 10:22:27|20|shiji@forstarfoods.com|CatchEntryDeclaredItem.php
16 Sep 2019 10:22:30|20|shiji@forstarfoods.com|DailyCatchEntry_New.php
16 Sep 2019 10:22:33|20|shiji@forstarfoods.com|DailyCatchEntry_New.php
16 Sep 2019 10:22:35|20|shiji@forstarfoods.com|DailyCatchEntry_New.php
16 Sep 2019 10:22:36|20|shiji@forstarfoods.com|DailyCatchEntry_New.php
16 Sep 2019 10:22:37|20|shiji@forstarfoods.com|DailyCatchEntry_New.php
16 Sep 2019 10:22:39|20|shiji@forstarfoods.com|DailyCatchEntry_New.php
16 Sep 2019 10:22:40|20|shiji@forstarfoods.com|DailyCatchEntry_New.php
16 Sep 2019 10:22:41|20|shiji@forstarfoods.com|DailyCatchEntry_New.php
16 Sep 2019 10:22:43|20|shiji@forstarfoods.com|DailyCatchEntry_New.php
16 Sep 2019 10:22:44|20|shiji@forstarfoods.com|DailyCatchEntry_New.php
16 Sep 2019 10:22:45|20|shiji@forstarfoods.com|DailyCatchEntry_New.php
16 Sep 2019 10:22:46|20|shiji@forstarfoods.com|DailyCatchEntry_New.php
16 Sep 2019 10:22:47|20|shiji@forstarfoods.com|DailyCatchEntry_New.php
16 Sep 2019 10:22:49|20|shiji@forstarfoods.com|DailyCatchEntry_New.php
16 Sep 2019 10:22:50|20|shiji@forstarfoods.com|DailyCatchEntry_New.php
16 Sep 2019 10:22:51|20|shiji@forstarfoods.com|DailyCatchEntry_New.php
16 Sep 2019 10:22:52|20|shiji@forstarfoods.com|DailyCatchEntry_New.php
16 Sep 2019 10:22:54|20|shiji@forstarfoods.com|DailyCatchEntry_New.php
16 Sep 2019 10:22:55|20|shiji@forstarfoods.com|DailyCatchEntry_New.php
16 Sep 2019 10:22:56|20|shiji@forstarfoods.com|DailyCatchEntry_New.php
16 Sep 2019 10:22:57|20|shiji@forstarfoods.com|DailyCatchEntry_New.php
16 Sep 2019 10:22:59|20|shiji@forstarfoods.com|DailyCatchEntry_New.php
16 Sep 2019 10:23:00|20|shiji@forstarfoods.com|DailyCatchEntry_New.php
16 Sep 2019 10:23:01|20|shiji@forstarfoods.com|DailyCatchEntry_New.php
16 Sep 2019 10:23:02|20|shiji@forstarfoods.com|DailyCatchEntry_New.php
16 Sep 2019 10:23:04|20|shiji@forstarfoods.com|DailyCatchEntry_New.php
16 Sep 2019 10:23:09|20|shiji@forstarfoods.com|DailyCatchEntry_New.php
16 Sep 2019 10:23:14|20|shiji@forstarfoods.com|DailyCatchEntry_New.php
16 Sep 2019 10:23:26|20|shiji@forstarfoods.com|DailyCatchEntry_New.php
16 Sep 2019 10:23:32|20|shiji@forstarfoods.com|DailyCatchEntry_New.php
16 Sep 2019 10:23:33|20|shiji@forstarfoods.com|CatchEntryDeclaredItem.php
16 Sep 2019 10:23:35|20|shiji@forstarfoods.com|DailyCatchEntry_New.php
16 Sep 2019 10:23:36|20|shiji@forstarfoods.com|DailyCatchEntry_New.php
16 Sep 2019 10:23:37|20|shiji@forstarfoods.com|DailyCatchEntry_New.php
16 Sep 2019 10:23:40|20|shiji@forstarfoods.com|DailyCatchEntry_New.php
16 Sep 2019 10:23:44|20|shiji@forstarfoods.com|DailyCatchEntry_New.php
16 Sep 2019 10:23:45|20|shiji@forstarfoods.com|CatchEntryDeclaredItem.php
16 Sep 2019 10:24:19|20|shiji@forstarfoods.com|DailyCatchEntry_New.php
16 Sep 2019 10:24:21|20|shiji@forstarfoods.com|DailyCatchEntry_New.php
16 Sep 2019 10:24:25|20|shiji@forstarfoods.com|DailyCatchEntry_New.php
16 Sep 2019 10:24:27|20|shiji@forstarfoods.com|DailyCatchEntry_New.php
16 Sep 2019 10:24:28|20|shiji@forstarfoods.com|DailyCatchEntry_New.php
16 Sep 2019 10:24:29|20|shiji@forstarfoods.com|DailyCatchEntry_New.php
16 Sep 2019 10:24:31|20|shiji@forstarfoods.com|DailyCatchEntry_New.php
16 Sep 2019 10:24:32|20|shiji@forstarfoods.com|DailyCatchEntry_New.php
16 Sep 2019 10:24:33|20|shiji@forstarfoods.com|DailyCatchEntry_New.php
16 Sep 2019 10:24:34|20|shiji@forstarfoods.com|DailyCatchEntry_New.php
16 Sep 2019 10:24:36|20|shiji@forstarfoods.com|DailyCatchEntry_New.php
16 Sep 2019 10:24:37|20|shiji@forstarfoods.com|DailyCatchEntry_New.php
16 Sep 2019 10:24:38|20|shiji@forstarfoods.com|DailyCatchEntry_New.php
16 Sep 2019 10:24:39|20|shiji@forstarfoods.com|DailyCatchEntry_New.php
16 Sep 2019 10:24:41|20|shiji@forstarfoods.com|DailyCatchEntry_New.php
16 Sep 2019 10:24:42|20|shiji@forstarfoods.com|DailyCatchEntry_New.php
16 Sep 2019 10:24:43|20|shiji@forstarfoods.com|DailyCatchEntry_New.php
16 Sep 2019 10:24:44|20|shiji@forstarfoods.com|DailyCatchEntry_New.php
16 Sep 2019 10:24:46|20|shiji@forstarfoods.com|DailyCatchEntry_New.php
16 Sep 2019 10:24:47|20|shiji@forstarfoods.com|DailyCatchEntry_New.php
16 Sep 2019 10:24:48|20|shiji@forstarfoods.com|DailyCatchEntry_New.php
16 Sep 2019 10:24:49|20|shiji@forstarfoods.com|DailyCatchEntry_New.php
16 Sep 2019 10:24:51|20|shiji@forstarfoods.com|DailyCatchEntry_New.php
16 Sep 2019 10:24:52|20|shiji@forstarfoods.com|DailyCatchEntry_New.php
16 Sep 2019 10:24:53|20|shiji@forstarfoods.com|DailyCatchEntry_New.php
16 Sep 2019 10:24:54|20|shiji@forstarfoods.com|DailyCatchEntry_New.php
16 Sep 2019 10:24:56|20|shiji@forstarfoods.com|DailyCatchEntry_New.php
16 Sep 2019 10:26:15|20|shiji@forstarfoods.com|DailyCatchEntry_New.php
16 Sep 2019 10:26:17|20|shiji@forstarfoods.com|DailyCatchEntry_New.php
16 Sep 2019 10:26:18|20|shiji@forstarfoods.com|CatchEntryDeclaredItem.php
16 Sep 2019 10:26:30|20|shiji@forstarfoods.com|DailyCatchEntry_New.php
16 Sep 2019 10:26:32|20|shiji@forstarfoods.com|DailyCatchEntry_New.php
16 Sep 2019 10:26:34|20|shiji@forstarfoods.com|DailyCatchEntry_New.php
16 Sep 2019 10:26:35|20|shiji@forstarfoods.com|DailyCatchEntry_New.php
16 Sep 2019 10:26:36|20|shiji@forstarfoods.com|DailyCatchEntry_New.php
16 Sep 2019 10:26:38|20|shiji@forstarfoods.com|DailyCatchEntry_New.php
16 Sep 2019 10:26:39|20|shiji@forstarfoods.com|DailyCatchEntry_New.php
16 Sep 2019 10:26:40|20|shiji@forstarfoods.com|DailyCatchEntry_New.php
16 Sep 2019 10:26:41|20|shiji@forstarfoods.com|DailyCatchEntry_New.php
16 Sep 2019 10:26:43|20|shiji@forstarfoods.com|DailyCatchEntry_New.php
16 Sep 2019 10:26:44|20|shiji@forstarfoods.com|DailyCatchEntry_New.php
16 Sep 2019 10:27:12|20|shiji@forstarfoods.com|DailyCatchEntry_New.php
16 Sep 2019 10:27:14|20|shiji@forstarfoods.com|CatchEntryDeclaredItem.php
16 Sep 2019 10:27:15|20|shiji@forstarfoods.com|DailyCatchEntry_New.php
16 Sep 2019 10:27:16|20|shiji@forstarfoods.com|DailyCatchEntry_New.php
16 Sep 2019 10:27:18|20|shiji@forstarfoods.com|DailyCatchEntry_New.php
16 Sep 2019 10:27:22|20|shiji@forstarfoods.com|DailyCatchEntry_New.php
16 Sep 2019 10:27:37|20|shiji@forstarfoods.com|DailyCatchEntry_New.php
16 Sep 2019 10:27:39|20|shiji@forstarfoods.com|CatchEntryDeclaredItem.php
16 Sep 2019 10:27:41|20|shiji@forstarfoods.com|DailyCatchEntry_New.php
16 Sep 2019 10:27:48|20|shiji@forstarfoods.com|DailyCatchEntry_New.php
16 Sep 2019 10:27:49|20|shiji@forstarfoods.com|CatchEntryDeclaredItem.php
16 Sep 2019 10:28:09|20|shiji@forstarfoods.com|DailyCatchEntry_New.php
16 Sep 2019 10:28:10|20|shiji@forstarfoods.com|DailyCatchEntry_New.php
16 Sep 2019 10:28:12|20|shiji@forstarfoods.com|DailyCatchEntry_New.php
16 Sep 2019 10:28:14|20|shiji@forstarfoods.com|DailyCatchEntry_New.php
16 Sep 2019 10:28:17|20|shiji@forstarfoods.com|DailyCatchEntry_New.php
16 Sep 2019 10:28:18|20|shiji@forstarfoods.com|DailyCatchEntry_New.php
16 Sep 2019 10:28:19|20|shiji@forstarfoods.com|DailyCatchEntry_New.php
16 Sep 2019 10:28:21|20|shiji@forstarfoods.com|DailyCatchEntry_New.php
16 Sep 2019 10:28:22|20|shiji@forstarfoods.com|DailyCatchEntry_New.php
16 Sep 2019 10:28:23|20|shiji@forstarfoods.com|DailyCatchEntry_New.php
16 Sep 2019 10:28:24|20|shiji@forstarfoods.com|DailyCatchEntry_New.php
16 Sep 2019 10:28:26|20|shiji@forstarfoods.com|DailyCatchEntry_New.php
16 Sep 2019 10:28:27|20|shiji@forstarfoods.com|DailyCatchEntry_New.php
16 Sep 2019 10:28:28|20|shiji@forstarfoods.com|DailyCatchEntry_New.php
16 Sep 2019 10:28:29|20|shiji@forstarfoods.com|DailyCatchEntry_New.php
16 Sep 2019 10:28:30|20|shiji@forstarfoods.com|DailyCatchEntry_New.php
16 Sep 2019 10:28:32|20|shiji@forstarfoods.com|DailyCatchEntry_New.php
16 Sep 2019 10:28:33|20|shiji@forstarfoods.com|DailyCatchEntry_New.php
16 Sep 2019 10:28:34|20|shiji@forstarfoods.com|DailyCatchEntry_New.php
16 Sep 2019 10:28:35|20|shiji@forstarfoods.com|DailyCatchEntry_New.php
16 Sep 2019 10:28:37|20|shiji@forstarfoods.com|DailyCatchEntry_New.php
16 Sep 2019 10:28:38|20|shiji@forstarfoods.com|DailyCatchEntry_New.php
16 Sep 2019 10:28:39|20|shiji@forstarfoods.com|DailyCatchEntry_New.php
16 Sep 2019 10:28:40|20|shiji@forstarfoods.com|DailyCatchEntry_New.php
16 Sep 2019 10:28:42|20|shiji@forstarfoods.com|DailyCatchEntry_New.php
16 Sep 2019 10:28:43|20|shiji@forstarfoods.com|DailyCatchEntry_New.php
16 Sep 2019 10:28:44|20|shiji@forstarfoods.com|DailyCatchEntry_New.php
16 Sep 2019 10:28:45|20|shiji@forstarfoods.com|DailyCatchEntry_New.php
16 Sep 2019 10:28:47|20|shiji@forstarfoods.com|DailyCatchEntry_New.php
16 Sep 2019 10:28:48|20|shiji@forstarfoods.com|DailyCatchEntry_New.php
16 Sep 2019 10:28:49|20|shiji@forstarfoods.com|DailyCatchEntry_New.php
16 Sep 2019 10:28:50|20|shiji@forstarfoods.com|DailyCatchEntry_New.php
16 Sep 2019 10:28:52|20|shiji@forstarfoods.com|DailyCatchEntry_New.php
16 Sep 2019 10:28:53|20|shiji@forstarfoods.com|DailyCatchEntry_New.php
16 Sep 2019 10:28:54|20|shiji@forstarfoods.com|DailyCatchEntry_New.php
16 Sep 2019 10:28:55|20|shiji@forstarfoods.com|DailyCatchEntry_New.php
16 Sep 2019 10:29:01|20|shiji@forstarfoods.com|DailyCatchEntry_New.php
16 Sep 2019 10:29:04|20|shiji@forstarfoods.com|DailyCatchEntry_New.php
16 Sep 2019 10:29:05|20|shiji@forstarfoods.com|CatchEntryDeclaredItem.php
16 Sep 2019 10:29:07|20|shiji@forstarfoods.com|DailyCatchEntry_New.php
16 Sep 2019 10:29:09|20|shiji@forstarfoods.com|DailyCatchEntry_New.php
16 Sep 2019 10:29:10|20|shiji@forstarfoods.com|DailyCatchEntry_New.php
16 Sep 2019 10:29:11|20|shiji@forstarfoods.com|DailyCatchEntry_New.php
16 Sep 2019 10:29:16|20|shiji@forstarfoods.com|DailyCatchEntry_New.php
16 Sep 2019 10:29:17|20|shiji@forstarfoods.com|CatchEntryDeclaredItem.php
16 Sep 2019 10:29:33|20|shiji@forstarfoods.com|DailyCatchEntry_New.php
16 Sep 2019 10:29:36|20|shiji@forstarfoods.com|DailyCatchEntry_New.php
16 Sep 2019 10:29:39|20|shiji@forstarfoods.com|DailyCatchEntry_New.php
16 Sep 2019 10:29:42|20|shiji@forstarfoods.com|DailyCatchEntry_New.php
16 Sep 2019 10:29:43|20|shiji@forstarfoods.com|DailyCatchEntry_New.php
16 Sep 2019 10:29:44|20|shiji@forstarfoods.com|DailyCatchEntry_New.php
16 Sep 2019 10:29:45|20|shiji@forstarfoods.com|DailyCatchEntry_New.php
16 Sep 2019 10:29:47|20|shiji@forstarfoods.com|DailyCatchEntry_New.php
16 Sep 2019 10:29:48|20|shiji@forstarfoods.com|DailyCatchEntry_New.php
16 Sep 2019 10:29:49|20|shiji@forstarfoods.com|DailyCatchEntry_New.php
16 Sep 2019 10:29:50|20|shiji@forstarfoods.com|DailyCatchEntry_New.php
16 Sep 2019 10:29:52|20|shiji@forstarfoods.com|DailyCatchEntry_New.php
16 Sep 2019 10:29:53|20|shiji@forstarfoods.com|DailyCatchEntry_New.php
16 Sep 2019 10:29:54|20|shiji@forstarfoods.com|DailyCatchEntry_New.php
16 Sep 2019 10:29:55|20|shiji@forstarfoods.com|DailyCatchEntry_New.php
16 Sep 2019 10:29:57|20|shiji@forstarfoods.com|DailyCatchEntry_New.php
16 Sep 2019 10:29:58|20|shiji@forstarfoods.com|DailyCatchEntry_New.php
16 Sep 2019 10:29:59|20|shiji@forstarfoods.com|DailyCatchEntry_New.php
16 Sep 2019 10:30:00|20|shiji@forstarfoods.com|DailyCatchEntry_New.php
16 Sep 2019 10:30:02|20|shiji@forstarfoods.com|DailyCatchEntry_New.php
16 Sep 2019 10:30:03|20|shiji@forstarfoods.com|DailyCatchEntry_New.php
16 Sep 2019 10:30:04|20|shiji@forstarfoods.com|DailyCatchEntry_New.php
16 Sep 2019 10:30:05|20|shiji@forstarfoods.com|DailyCatchEntry_New.php
16 Sep 2019 10:30:07|20|shiji@forstarfoods.com|DailyCatchEntry_New.php
16 Sep 2019 10:30:08|20|shiji@forstarfoods.com|DailyCatchEntry_New.php
16 Sep 2019 10:30:09|20|shiji@forstarfoods.com|DailyCatchEntry_New.php
16 Sep 2019 10:30:10|20|shiji@forstarfoods.com|DailyCatchEntry_New.php
16 Sep 2019 10:31:15|20|shiji@forstarfoods.com|DailyCatchEntry_New.php
16 Sep 2019 10:31:26|20|shiji@forstarfoods.com|DailyCatchEntry_New.php
16 Sep 2019 10:31:27|20|shiji@forstarfoods.com|CatchEntryDeclaredItem.php
16 Sep 2019 10:31:33|20|shiji@forstarfoods.com|DailyCatchEntry_New.php
16 Sep 2019 10:31:36|20|shiji@forstarfoods.com|DailyCatchEntry_New.php
16 Sep 2019 10:31:39|20|shiji@forstarfoods.com|DailyCatchEntry_New.php
16 Sep 2019 10:31:40|20|shiji@forstarfoods.com|DailyCatchEntry_New.php
16 Sep 2019 10:31:41|20|shiji@forstarfoods.com|DailyCatchEntry_New.php
16 Sep 2019 10:31:42|20|shiji@forstarfoods.com|DailyCatchEntry_New.php
16 Sep 2019 10:31:44|20|shiji@forstarfoods.com|DailyCatchEntry_New.php
16 Sep 2019 10:31:45|20|shiji@forstarfoods.com|DailyCatchEntry_New.php
16 Sep 2019 10:31:46|20|shiji@forstarfoods.com|DailyCatchEntry_New.php
16 Sep 2019 10:31:47|20|shiji@forstarfoods.com|DailyCatchEntry_New.php
16 Sep 2019 10:31:49|20|shiji@forstarfoods.com|DailyCatchEntry_New.php
16 Sep 2019 10:31:50|20|shiji@forstarfoods.com|DailyCatchEntry_New.php
16 Sep 2019 10:31:51|20|shiji@forstarfoods.com|DailyCatchEntry_New.php
16 Sep 2019 10:31:52|20|shiji@forstarfoods.com|DailyCatchEntry_New.php
16 Sep 2019 10:31:54|20|shiji@forstarfoods.com|DailyCatchEntry_New.php
16 Sep 2019 10:31:55|20|shiji@forstarfoods.com|DailyCatchEntry_New.php
16 Sep 2019 10:31:56|20|shiji@forstarfoods.com|DailyCatchEntry_New.php
16 Sep 2019 10:31:57|20|shiji@forstarfoods.com|DailyCatchEntry_New.php
16 Sep 2019 10:31:59|20|shiji@forstarfoods.com|DailyCatchEntry_New.php
16 Sep 2019 10:32:00|20|shiji@forstarfoods.com|DailyCatchEntry_New.php
16 Sep 2019 10:32:01|20|shiji@forstarfoods.com|DailyCatchEntry_New.php
16 Sep 2019 10:32:02|20|shiji@forstarfoods.com|DailyCatchEntry_New.php
16 Sep 2019 10:32:04|20|shiji@forstarfoods.com|DailyCatchEntry_New.php
16 Sep 2019 10:32:05|20|shiji@forstarfoods.com|DailyCatchEntry_New.php
16 Sep 2019 10:32:06|20|shiji@forstarfoods.com|DailyCatchEntry_New.php
16 Sep 2019 10:32:07|20|shiji@forstarfoods.com|DailyCatchEntry_New.php
16 Sep 2019 10:32:50|20|shiji@forstarfoods.com|DailyCatchEntry_New.php
16 Sep 2019 10:32:52|20|shiji@forstarfoods.com|DailyCatchEntry_New.php
16 Sep 2019 10:32:53|20|shiji@forstarfoods.com|CatchEntryDeclaredItem.php
16 Sep 2019 10:32:55|20|shiji@forstarfoods.com|DailyCatchEntry_New.php
16 Sep 2019 10:32:58|20|shiji@forstarfoods.com|DailyCatchEntry_New.php
16 Sep 2019 10:33:11|20|shiji@forstarfoods.com|DailyCatchEntry_New.php
16 Sep 2019 10:33:13|20|shiji@forstarfoods.com|DailyCatchEntry_New.php
16 Sep 2019 10:33:14|20|shiji@forstarfoods.com|DailyCatchEntry_New.php
16 Sep 2019 10:33:15|20|shiji@forstarfoods.com|DailyCatchEntry_New.php
16 Sep 2019 10:33:17|20|shiji@forstarfoods.com|DailyCatchEntry_New.php
16 Sep 2019 10:33:18|20|shiji@forstarfoods.com|DailyCatchEntry_New.php
16 Sep 2019 10:33:19|20|shiji@forstarfoods.com|DailyCatchEntry_New.php
16 Sep 2019 10:33:20|20|shiji@forstarfoods.com|DailyCatchEntry_New.php
16 Sep 2019 10:33:22|20|shiji@forstarfoods.com|DailyCatchEntry_New.php
16 Sep 2019 10:33:23|20|shiji@forstarfoods.com|DailyCatchEntry_New.php
16 Sep 2019 10:33:24|20|shiji@forstarfoods.com|DailyCatchEntry_New.php
16 Sep 2019 10:33:25|20|shiji@forstarfoods.com|DailyCatchEntry_New.php
16 Sep 2019 10:33:27|20|shiji@forstarfoods.com|DailyCatchEntry_New.php
16 Sep 2019 10:33:28|20|shiji@forstarfoods.com|DailyCatchEntry_New.php
16 Sep 2019 10:33:29|20|shiji@forstarfoods.com|DailyCatchEntry_New.php
16 Sep 2019 10:33:30|20|shiji@forstarfoods.com|DailyCatchEntry_New.php
16 Sep 2019 10:33:31|20|shiji@forstarfoods.com|DailyCatchEntry_New.php
16 Sep 2019 10:33:33|20|shiji@forstarfoods.com|DailyCatchEntry_New.php
16 Sep 2019 10:33:34|20|shiji@forstarfoods.com|DailyCatchEntry_New.php
16 Sep 2019 10:33:35|20|shiji@forstarfoods.com|DailyCatchEntry_New.php
16 Sep 2019 10:33:36|20|shiji@forstarfoods.com|DailyCatchEntry_New.php
16 Sep 2019 10:33:38|20|shiji@forstarfoods.com|DailyCatchEntry_New.php
16 Sep 2019 10:33:51|20|shiji@forstarfoods.com|DailyCatchEntry_New.php
16 Sep 2019 10:33:53|20|shiji@forstarfoods.com|CatchEntryDeclaredItem.php
16 Sep 2019 10:34:14|20|shiji@forstarfoods.com|DailyCatchEntry_New.php
16 Sep 2019 10:34:17|20|shiji@forstarfoods.com|DailyCatchEntry_New.php
16 Sep 2019 10:34:19|20|shiji@forstarfoods.com|DailyCatchEntry_New.php
16 Sep 2019 10:34:20|20|shiji@forstarfoods.com|DailyCatchEntry_New.php
16 Sep 2019 10:34:21|20|shiji@forstarfoods.com|DailyCatchEntry_New.php
16 Sep 2019 10:34:23|20|shiji@forstarfoods.com|DailyCatchEntry_New.php
16 Sep 2019 10:34:24|20|shiji@forstarfoods.com|DailyCatchEntry_New.php
16 Sep 2019 10:34:25|20|shiji@forstarfoods.com|DailyCatchEntry_New.php
16 Sep 2019 10:34:27|20|shiji@forstarfoods.com|DailyCatchEntry_New.php
16 Sep 2019 10:34:28|20|shiji@forstarfoods.com|DailyCatchEntry_New.php
16 Sep 2019 10:34:46|20|shiji@forstarfoods.com|DailyCatchEntry_New.php
16 Sep 2019 10:34:48|20|shiji@forstarfoods.com|DailyCatchEntry_New.php
16 Sep 2019 10:34:50|20|shiji@forstarfoods.com|CatchEntryDeclaredItem.php
16 Sep 2019 10:35:03|20|shiji@forstarfoods.com|DailyCatchEntry_New.php
16 Sep 2019 10:35:05|20|shiji@forstarfoods.com|DailyCatchEntry_New.php
16 Sep 2019 10:35:06|20|shiji@forstarfoods.com|DailyCatchEntry_New.php
16 Sep 2019 10:35:08|20|shiji@forstarfoods.com|DailyCatchEntry_New.php
16 Sep 2019 10:35:12|20|shiji@forstarfoods.com|DailyCatchEntry_New.php
16 Sep 2019 10:35:13|20|shiji@forstarfoods.com|CatchEntryDeclaredItem.php
16 Sep 2019 10:35:27|20|shiji@forstarfoods.com|DailyCatchEntry_New.php
16 Sep 2019 10:35:30|20|shiji@forstarfoods.com|DailyCatchEntry_New.php
16 Sep 2019 10:35:32|20|shiji@forstarfoods.com|DailyCatchEntry_New.php
16 Sep 2019 10:35:34|20|shiji@forstarfoods.com|DailyCatchEntry_New.php
16 Sep 2019 10:35:35|20|shiji@forstarfoods.com|DailyCatchEntry_New.php
16 Sep 2019 10:35:36|20|shiji@forstarfoods.com|DailyCatchEntry_New.php
16 Sep 2019 10:35:38|20|shiji@forstarfoods.com|DailyCatchEntry_New.php
16 Sep 2019 10:35:39|20|shiji@forstarfoods.com|DailyCatchEntry_New.php
16 Sep 2019 10:35:40|20|shiji@forstarfoods.com|DailyCatchEntry_New.php
16 Sep 2019 10:35:41|20|shiji@forstarfoods.com|DailyCatchEntry_New.php
16 Sep 2019 10:35:43|20|shiji@forstarfoods.com|DailyCatchEntry_New.php
16 Sep 2019 10:35:44|20|shiji@forstarfoods.com|DailyCatchEntry_New.php
16 Sep 2019 10:35:45|20|shiji@forstarfoods.com|DailyCatchEntry_New.php
16 Sep 2019 10:35:46|20|shiji@forstarfoods.com|DailyCatchEntry_New.php
16 Sep 2019 10:35:48|20|shiji@forstarfoods.com|DailyCatchEntry_New.php
16 Sep 2019 10:35:55|20|shiji@forstarfoods.com|DailyCatchEntry_New.php
16 Sep 2019 10:36:00|20|shiji@forstarfoods.com|DailyCatchEntry_New.php
16 Sep 2019 10:36:01|20|shiji@forstarfoods.com|CatchEntryDeclaredItem.php
16 Sep 2019 10:36:16|20|shiji@forstarfoods.com|DailyCatchEntry_New.php
16 Sep 2019 10:36:20|20|shiji@forstarfoods.com|DailyCatchEntry_New.php
16 Sep 2019 10:36:23|20|shiji@forstarfoods.com|DailyCatchEntry_New.php
16 Sep 2019 10:36:24|20|shiji@forstarfoods.com|DailyCatchEntry_New.php
16 Sep 2019 10:36:25|20|shiji@forstarfoods.com|DailyCatchEntry_New.php
16 Sep 2019 10:36:26|20|shiji@forstarfoods.com|DailyCatchEntry_New.php
16 Sep 2019 10:36:28|20|shiji@forstarfoods.com|DailyCatchEntry_New.php
16 Sep 2019 10:36:29|20|shiji@forstarfoods.com|DailyCatchEntry_New.php
16 Sep 2019 10:36:30|20|shiji@forstarfoods.com|DailyCatchEntry_New.php
16 Sep 2019 10:36:31|20|shiji@forstarfoods.com|DailyCatchEntry_New.php
16 Sep 2019 10:36:33|20|shiji@forstarfoods.com|DailyCatchEntry_New.php
16 Sep 2019 10:36:34|20|shiji@forstarfoods.com|DailyCatchEntry_New.php
16 Sep 2019 10:36:35|20|shiji@forstarfoods.com|DailyCatchEntry_New.php
16 Sep 2019 10:36:36|20|shiji@forstarfoods.com|DailyCatchEntry_New.php
16 Sep 2019 10:36:38|20|shiji@forstarfoods.com|DailyCatchEntry_New.php
16 Sep 2019 10:36:39|20|shiji@forstarfoods.com|DailyCatchEntry_New.php
16 Sep 2019 10:36:40|20|shiji@forstarfoods.com|DailyCatchEntry_New.php
16 Sep 2019 10:36:41|20|shiji@forstarfoods.com|DailyCatchEntry_New.php
16 Sep 2019 10:36:43|20|shiji@forstarfoods.com|DailyCatchEntry_New.php
16 Sep 2019 10:36:45|20|shiji@forstarfoods.com|DailyCatchEntry_New.php
16 Sep 2019 10:36:46|20|shiji@forstarfoods.com|CatchEntryDeclaredItem.php
16 Sep 2019 10:36:53|20|shiji@forstarfoods.com|DailyCatchEntry_New.php
16 Sep 2019 10:36:56|20|shiji@forstarfoods.com|DailyCatchEntry_New.php
16 Sep 2019 10:36:58|20|shiji@forstarfoods.com|DailyCatchEntry_New.php
16 Sep 2019 10:36:59|20|shiji@forstarfoods.com|DailyCatchEntry_New.php
16 Sep 2019 10:37:00|20|shiji@forstarfoods.com|DailyCatchEntry_New.php
16 Sep 2019 10:37:02|20|shiji@forstarfoods.com|DailyCatchEntry_New.php
16 Sep 2019 10:37:03|20|shiji@forstarfoods.com|DailyCatchEntry_New.php
16 Sep 2019 10:37:04|20|shiji@forstarfoods.com|DailyCatchEntry_New.php
16 Sep 2019 10:37:05|20|shiji@forstarfoods.com|DailyCatchEntry_New.php
16 Sep 2019 10:37:07|20|shiji@forstarfoods.com|DailyCatchEntry_New.php
16 Sep 2019 10:37:08|20|shiji@forstarfoods.com|DailyCatchEntry_New.php
16 Sep 2019 10:37:50|20|shiji@forstarfoods.com|DailyCatchEntry_New.php
16 Sep 2019 10:37:51|20|shiji@forstarfoods.com|CatchEntryDeclaredItem.php
16 Sep 2019 10:37:53|20|shiji@forstarfoods.com|DailyCatchReport.php
16 Sep 2019 10:37:56|20|shiji@forstarfoods.com|DailyCatchEntry_New.php
16 Sep 2019 10:37:59|20|shiji@forstarfoods.com|DailyCatchEntry_New.php
16 Sep 2019 10:38:01|20|shiji@forstarfoods.com|DailyCatchEntry_New.php
16 Sep 2019 10:38:02|20|shiji@forstarfoods.com|DailyCatchEntry_New.php
16 Sep 2019 10:38:03|20|shiji@forstarfoods.com|DailyCatchEntry_New.php
16 Sep 2019 10:38:05|20|shiji@forstarfoods.com|CatchEntryDeclaredItem.php
16 Sep 2019 10:38:06|20|shiji@forstarfoods.com|DailyCatchEntry_New.php
16 Sep 2019 10:38:08|20|shiji@forstarfoods.com|DailyCatchEntry_New.php
16 Sep 2019 10:38:09|20|shiji@forstarfoods.com|DailyCatchEntry_New.php
16 Sep 2019 10:38:10|20|shiji@forstarfoods.com|DailyCatchEntry_New.php
16 Sep 2019 10:38:12|20|shiji@forstarfoods.com|DailyCatchEntry_New.php
16 Sep 2019 10:38:17|20|shiji@forstarfoods.com|DailyCatchEntry_New.php
16 Sep 2019 10:38:18|20|shiji@forstarfoods.com|CatchEntryDeclaredItem.php
16 Sep 2019 10:38:50|20|shiji@forstarfoods.com|DailyCatchEntry_New.php
16 Sep 2019 10:38:51|20|shiji@forstarfoods.com|DailyCatchEntry_New.php
16 Sep 2019 10:38:53|20|shiji@forstarfoods.com|DailyCatchEntry_New.php
16 Sep 2019 10:38:57|20|shiji@forstarfoods.com|DailyCatchEntry_New.php
16 Sep 2019 10:38:59|20|shiji@forstarfoods.com|DailyCatchEntry_New.php
16 Sep 2019 10:39:02|20|shiji@forstarfoods.com|DailyCatchEntry_New.php
16 Sep 2019 10:39:04|20|shiji@forstarfoods.com|DailyCatchEntry_New.php
16 Sep 2019 10:39:05|20|shiji@forstarfoods.com|DailyCatchEntry_New.php
16 Sep 2019 10:39:06|20|shiji@forstarfoods.com|DailyCatchEntry_New.php
16 Sep 2019 10:39:07|20|shiji@forstarfoods.com|DailyCatchEntry_New.php
16 Sep 2019 10:39:09|20|shiji@forstarfoods.com|DailyCatchEntry_New.php
16 Sep 2019 10:39:10|20|shiji@forstarfoods.com|DailyCatchEntry_New.php
16 Sep 2019 10:39:11|20|shiji@forstarfoods.com|DailyCatchEntry_New.php
16 Sep 2019 10:39:12|20|shiji@forstarfoods.com|DailyCatchEntry_New.php
16 Sep 2019 10:39:14|20|shiji@forstarfoods.com|DailyCatchEntry_New.php
16 Sep 2019 10:39:15|20|shiji@forstarfoods.com|DailyCatchEntry_New.php
16 Sep 2019 10:39:16|20|shiji@forstarfoods.com|DailyCatchEntry_New.php
16 Sep 2019 10:39:17|20|shiji@forstarfoods.com|DailyCatchEntry_New.php
16 Sep 2019 10:39:19|20|shiji@forstarfoods.com|DailyCatchEntry_New.php
16 Sep 2019 10:39:20|20|shiji@forstarfoods.com|DailyCatchEntry_New.php
16 Sep 2019 10:39:21|20|shiji@forstarfoods.com|DailyCatchEntry_New.php
16 Sep 2019 10:39:22|20|shiji@forstarfoods.com|DailyCatchEntry_New.php
16 Sep 2019 10:39:24|20|shiji@forstarfoods.com|DailyCatchEntry_New.php
16 Sep 2019 10:39:25|20|shiji@forstarfoods.com|DailyCatchEntry_New.php
16 Sep 2019 10:39:26|20|shiji@forstarfoods.com|DailyCatchEntry_New.php
16 Sep 2019 10:39:27|20|shiji@forstarfoods.com|DailyCatchEntry_New.php
16 Sep 2019 10:39:28|20|shiji@forstarfoods.com|DailyCatchEntry_New.php
16 Sep 2019 10:39:30|20|shiji@forstarfoods.com|DailyCatchEntry_New.php
16 Sep 2019 10:39:31|20|shiji@forstarfoods.com|DailyCatchEntry_New.php
16 Sep 2019 10:39:32|20|shiji@forstarfoods.com|DailyCatchEntry_New.php
16 Sep 2019 10:39:37|20|shiji@forstarfoods.com|DailyCatchEntry_New.php
16 Sep 2019 10:39:38|20|shiji@forstarfoods.com|CatchEntryDeclaredItem.php
16 Sep 2019 10:39:41|20|shiji@forstarfoods.com|DailyCatchEntry_New.php
16 Sep 2019 10:39:42|20|shiji@forstarfoods.com|DailyCatchEntry_New.php
16 Sep 2019 10:39:44|20|shiji@forstarfoods.com|DailyCatchEntry_New.php
16 Sep 2019 10:39:45|20|shiji@forstarfoods.com|DailyCatchEntry_New.php
16 Sep 2019 10:39:49|20|shiji@forstarfoods.com|DailyCatchEntry_New.php
16 Sep 2019 10:39:50|20|shiji@forstarfoods.com|CatchEntryDeclaredItem.php
16 Sep 2019 10:40:08|20|shiji@forstarfoods.com|DailyCatchEntry_New.php
16 Sep 2019 10:40:10|20|shiji@forstarfoods.com|DailyCatchEntry_New.php
16 Sep 2019 10:40:14|20|shiji@forstarfoods.com|DailyCatchEntry_New.php
16 Sep 2019 10:40:16|20|shiji@forstarfoods.com|DailyCatchEntry_New.php
16 Sep 2019 10:40:17|20|shiji@forstarfoods.com|DailyCatchEntry_New.php
16 Sep 2019 10:40:19|20|shiji@forstarfoods.com|DailyCatchEntry_New.php
16 Sep 2019 10:40:20|20|shiji@forstarfoods.com|DailyCatchEntry_New.php
16 Sep 2019 10:40:21|20|shiji@forstarfoods.com|DailyCatchEntry_New.php
16 Sep 2019 10:40:22|20|shiji@forstarfoods.com|DailyCatchEntry_New.php
16 Sep 2019 10:40:24|20|shiji@forstarfoods.com|DailyCatchEntry_New.php
16 Sep 2019 10:40:25|20|shiji@forstarfoods.com|DailyCatchEntry_New.php
16 Sep 2019 10:40:26|20|shiji@forstarfoods.com|DailyCatchEntry_New.php
16 Sep 2019 10:40:27|20|shiji@forstarfoods.com|DailyCatchEntry_New.php
16 Sep 2019 10:40:29|20|shiji@forstarfoods.com|DailyCatchEntry_New.php
16 Sep 2019 10:40:30|20|shiji@forstarfoods.com|DailyCatchEntry_New.php
16 Sep 2019 10:40:31|20|shiji@forstarfoods.com|DailyCatchEntry_New.php
16 Sep 2019 10:40:32|20|shiji@forstarfoods.com|DailyCatchEntry_New.php
16 Sep 2019 10:40:33|20|shiji@forstarfoods.com|DailyCatchEntry_New.php
16 Sep 2019 10:40:35|20|shiji@forstarfoods.com|DailyCatchEntry_New.php
16 Sep 2019 10:40:36|20|shiji@forstarfoods.com|DailyCatchEntry_New.php
16 Sep 2019 10:40:37|20|shiji@forstarfoods.com|DailyCatchEntry_New.php
16 Sep 2019 10:40:49|20|shiji@forstarfoods.com|DailyCatchEntry_New.php
16 Sep 2019 10:40:51|20|shiji@forstarfoods.com|DailyCatchEntry_New.php
16 Sep 2019 10:40:52|20|shiji@forstarfoods.com|CatchEntryDeclaredItem.php
16 Sep 2019 10:40:57|20|shiji@forstarfoods.com|DailyCatchEntry_New.php
16 Sep 2019 10:40:58|20|shiji@forstarfoods.com|DailyCatchEntry_New.php
16 Sep 2019 10:40:59|20|shiji@forstarfoods.com|DailyCatchEntry_New.php
16 Sep 2019 10:41:06|20|shiji@forstarfoods.com|DailyCatchEntry_New.php
16 Sep 2019 10:41:13|20|shiji@forstarfoods.com|DailyCatchEntry_New.php
16 Sep 2019 10:41:14|20|shiji@forstarfoods.com|CatchEntryDeclaredItem.php
16 Sep 2019 10:41:17|20|shiji@forstarfoods.com|DailyCatchEntry_New.php
16 Sep 2019 10:41:22|20|shiji@forstarfoods.com|DailyCatchEntry_New.php
16 Sep 2019 10:41:23|20|shiji@forstarfoods.com|CatchEntryDeclaredItem.php
16 Sep 2019 10:41:41|20|shiji@forstarfoods.com|DailyCatchEntry_New.php
16 Sep 2019 10:41:43|20|shiji@forstarfoods.com|DailyCatchEntry_New.php
16 Sep 2019 10:41:45|20|shiji@forstarfoods.com|DailyCatchEntry_New.php
16 Sep 2019 10:41:47|20|shiji@forstarfoods.com|DailyCatchEntry_New.php
16 Sep 2019 10:41:49|20|shiji@forstarfoods.com|DailyCatchEntry_New.php
16 Sep 2019 10:41:50|20|shiji@forstarfoods.com|DailyCatchEntry_New.php
16 Sep 2019 10:41:51|20|shiji@forstarfoods.com|DailyCatchEntry_New.php
16 Sep 2019 10:41:52|20|shiji@forstarfoods.com|DailyCatchEntry_New.php
16 Sep 2019 10:41:54|20|shiji@forstarfoods.com|DailyCatchEntry_New.php
16 Sep 2019 10:41:55|20|shiji@forstarfoods.com|DailyCatchEntry_New.php
16 Sep 2019 10:41:56|20|shiji@forstarfoods.com|DailyCatchEntry_New.php
16 Sep 2019 10:41:57|20|shiji@forstarfoods.com|DailyCatchEntry_New.php
16 Sep 2019 10:41:59|20|shiji@forstarfoods.com|DailyCatchEntry_New.php
16 Sep 2019 10:42:00|20|shiji@forstarfoods.com|DailyCatchEntry_New.php
16 Sep 2019 10:42:01|20|shiji@forstarfoods.com|DailyCatchEntry_New.php
16 Sep 2019 10:42:02|20|shiji@forstarfoods.com|DailyCatchEntry_New.php