
10 Dec 2019 11:44:45|20|shiji@forstarfoods.com|DailyCatchEntry_New.php
10 Dec 2019 11:44:50|20|shiji@forstarfoods.com|DailyCatchEntry_New.php
10 Dec 2019 11:44:53|20|shiji@forstarfoods.com|DailyCatchEntry_New.php
10 Dec 2019 11:44:54|20|shiji@forstarfoods.com|DailyCatchEntry_New.php
10 Dec 2019 11:44:55|20|shiji@forstarfoods.com|CatchEntryDeclaredItem.php
10 Dec 2019 11:44:57|20|shiji@forstarfoods.com|DailyCatchEntry_New.php
10 Dec 2019 11:44:58|20|shiji@forstarfoods.com|CatchEntryDeclaredItem.php
10 Dec 2019 11:45:01|20|shiji@forstarfoods.com|DailyCatchEntry_New.php
10 Dec 2019 11:45:03|20|shiji@forstarfoods.com|DailyCatchEntry_New.php
10 Dec 2019 11:45:04|20|shiji@forstarfoods.com|CatchEntryDeclaredItem.php
10 Dec 2019 11:45:07|20|shiji@forstarfoods.com|DailyCatchEntry_New.php
10 Dec 2019 11:45:09|20|shiji@forstarfoods.com|DailyCatchEntry_New.php
10 Dec 2019 11:45:20|20|shiji@forstarfoods.com|DailyCatchEntry_New.php
10 Dec 2019 11:45:23|20|shiji@forstarfoods.com|DailyCatchEntry_New.php
10 Dec 2019 11:45:27|20|shiji@forstarfoods.com|DailyCatchEntry_New.php
10 Dec 2019 11:45:30|20|shiji@forstarfoods.com|DailyCatchEntry_New.php
10 Dec 2019 11:45:32|20|shiji@forstarfoods.com|DailyCatchEntry_New.php
10 Dec 2019 11:45:33|20|shiji@forstarfoods.com|DailyCatchEntry_New.php
10 Dec 2019 11:45:34|20|shiji@forstarfoods.com|DailyCatchEntry_New.php
10 Dec 2019 11:45:35|20|shiji@forstarfoods.com|CatchEntryDeclaredItem.php
10 Dec 2019 11:45:37|20|shiji@forstarfoods.com|DailyCatchEntry_New.php
10 Dec 2019 11:45:38|20|shiji@forstarfoods.com|DailyCatchEntry_New.php
10 Dec 2019 11:45:40|20|shiji@forstarfoods.com|DailyCatchEntry_New.php
10 Dec 2019 11:45:41|20|shiji@forstarfoods.com|DailyCatchEntry_New.php
10 Dec 2019 11:45:42|20|shiji@forstarfoods.com|DailyCatchEntry_New.php
10 Dec 2019 11:45:43|20|shiji@forstarfoods.com|DailyCatchEntry_New.php
10 Dec 2019 11:45:45|20|shiji@forstarfoods.com|DailyCatchEntry_New.php
10 Dec 2019 11:45:46|20|shiji@forstarfoods.com|DailyCatchEntry_New.php
10 Dec 2019 11:45:47|20|shiji@forstarfoods.com|DailyCatchEntry_New.php
10 Dec 2019 11:45:53|20|shiji@forstarfoods.com|DailyCatchEntry_New.php
10 Dec 2019 11:46:03|20|shiji@forstarfoods.com|DailyCatchEntry_New.php
10 Dec 2019 11:46:04|20|shiji@forstarfoods.com|CatchEntryDeclaredItem.php
10 Dec 2019 11:46:18|20|shiji@forstarfoods.com|DailyCatchEntry_New.php
10 Dec 2019 11:46:21|20|shiji@forstarfoods.com|DailyCatchEntry_New.php
10 Dec 2019 11:46:22|20|shiji@forstarfoods.com|DailyCatchEntry_New.php
10 Dec 2019 11:46:26|20|shiji@forstarfoods.com|DailyCatchEntry_New.php
10 Dec 2019 11:46:30|20|shiji@forstarfoods.com|DailyCatchReport.php
10 Dec 2019 11:46:36|20|shiji@forstarfoods.com|DailyCatchReport.php
10 Dec 2019 11:46:39|20|shiji@forstarfoods.com|DailyCatchReport.php
10 Dec 2019 11:46:41|20|shiji@forstarfoods.com|DailyCatchReport.php
10 Dec 2019 11:46:42|20|shiji@forstarfoods.com|DailyCatchReport.php
10 Dec 2019 11:46:44|20|shiji@forstarfoods.com|PrintDailyCatchReportMemo.php
10 Dec 2019 11:48:45|20|shiji@forstarfoods.com|DailyCatchReport.php
10 Dec 2019 11:48:47|20|shiji@forstarfoods.com|DailyCatchReport.php
10 Dec 2019 11:48:48|20|shiji@forstarfoods.com|DailyCatchReport.php
10 Dec 2019 12:05:49|20|shiji@forstarfoods.com|DailyCatchReport.php
10 Dec 2019 12:05:51|20|shiji@forstarfoods.com|DailyCatchReport.php
10 Dec 2019 12:05:53|20|shiji@forstarfoods.com|DailyCatchReport.php
10 Dec 2019 12:05:54|20|shiji@forstarfoods.com|DailyCatchReport.php
10 Dec 2019 12:05:56|20|shiji@forstarfoods.com|PrintDailyCatchReportMemo.php
10 Dec 2019 12:06:11|20|shiji@forstarfoods.com|DailyCatchReport.php
10 Dec 2019 12:06:13|20|shiji@forstarfoods.com|DailyCatchReport.php
10 Dec 2019 12:06:14|20|shiji@forstarfoods.com|DailyCatchReport.php
10 Dec 2019 12:18:38|29|kavitha@forstarfoods.com|Home.php
10 Dec 2019 12:18:43|29|kavitha@forstarfoods.com|DailyCatchEntry_New.php
10 Dec 2019 12:18:46|29|kavitha@forstarfoods.com|DailyCatchEntry_New.php
10 Dec 2019 12:18:48|29|kavitha@forstarfoods.com|DailyCatchEntry_New.php
10 Dec 2019 12:18:49|29|kavitha@forstarfoods.com|DailyCatchEntry_New.php
10 Dec 2019 12:18:51|29|kavitha@forstarfoods.com|DailyCatchEntry_New.php
10 Dec 2019 12:18:52|29|kavitha@forstarfoods.com|CatchEntryDeclaredItem.php
10 Dec 2019 12:18:53|29|kavitha@forstarfoods.com|DailyCatchEntry_New.php
10 Dec 2019 12:18:58|29|kavitha@forstarfoods.com|DailyCatchEntry_New.php
10 Dec 2019 12:18:59|29|kavitha@forstarfoods.com|DailyCatchEntry_New.php
10 Dec 2019 12:19:00|29|kavitha@forstarfoods.com|DailyCatchEntry_New.php
10 Dec 2019 12:19:02|29|kavitha@forstarfoods.com|DailyCatchEntry_New.php
10 Dec 2019 12:19:03|29|kavitha@forstarfoods.com|DailyCatchEntry_New.php
10 Dec 2019 12:19:05|29|kavitha@forstarfoods.com|DailyCatchEntry_New.php
10 Dec 2019 12:19:06|29|kavitha@forstarfoods.com|DailyCatchEntry_New.php
10 Dec 2019 12:19:07|29|kavitha@forstarfoods.com|DailyCatchEntry_New.php
10 Dec 2019 12:19:12|29|kavitha@forstarfoods.com|DailyCatchEntry_New.php
10 Dec 2019 12:19:16|29|kavitha@forstarfoods.com|DailyCatchEntry_New.php
10 Dec 2019 12:19:17|29|kavitha@forstarfoods.com|CatchEntryDeclaredItem.php
10 Dec 2019 12:19:30|29|kavitha@forstarfoods.com|DailyCatchEntry_New.php
10 Dec 2019 12:19:31|29|kavitha@forstarfoods.com|DailyCatchEntry_New.php
10 Dec 2019 12:19:33|29|kavitha@forstarfoods.com|DailyCatchEntry_New.php
10 Dec 2019 12:19:37|29|kavitha@forstarfoods.com|DailyCatchEntry_New.php
10 Dec 2019 12:19:39|29|kavitha@forstarfoods.com|DailyCatchEntry_New.php
10 Dec 2019 12:20:08|29|kavitha@forstarfoods.com|DailyCatchEntry_New.php
10 Dec 2019 12:20:09|29|kavitha@forstarfoods.com|DailyCatchEntry_New.php
10 Dec 2019 12:20:10|29|kavitha@forstarfoods.com|DailyCatchEntry_New.php
10 Dec 2019 12:20:11|29|kavitha@forstarfoods.com|DailyCatchEntry_New.php
10 Dec 2019 12:20:12|29|kavitha@forstarfoods.com|DailyCatchEntry_New.php
10 Dec 2019 12:20:14|29|kavitha@forstarfoods.com|DailyCatchEntry_New.php
10 Dec 2019 12:20:55|29|kavitha@forstarfoods.com|DailyCatchEntry_New.php
10 Dec 2019 12:20:57|29|kavitha@forstarfoods.com|DailyCatchEntry_New.php
10 Dec 2019 12:20:58|29|kavitha@forstarfoods.com|CatchEntryDeclaredItem.php
10 Dec 2019 12:21:01|29|kavitha@forstarfoods.com|DailyCatchEntry_New.php
10 Dec 2019 12:21:04|29|kavitha@forstarfoods.com|DailyCatchEntry_New.php
10 Dec 2019 12:21:09|29|kavitha@forstarfoods.com|DailyCatchEntry_New.php
10 Dec 2019 12:21:10|29|kavitha@forstarfoods.com|DailyCatchEntry_New.php
10 Dec 2019 12:21:12|29|kavitha@forstarfoods.com|DailyCatchEntry_New.php
10 Dec 2019 12:21:13|29|kavitha@forstarfoods.com|DailyCatchEntry_New.php
10 Dec 2019 12:21:14|29|kavitha@forstarfoods.com|DailyCatchEntry_New.php
10 Dec 2019 12:21:15|29|kavitha@forstarfoods.com|DailyCatchEntry_New.php
10 Dec 2019 12:21:28|29|kavitha@forstarfoods.com|DailyCatchEntry_New.php
10 Dec 2019 12:21:30|29|kavitha@forstarfoods.com|DailyCatchEntry_New.php
10 Dec 2019 12:21:32|29|kavitha@forstarfoods.com|CatchEntryDeclaredItem.php
10 Dec 2019 12:21:46|29|kavitha@forstarfoods.com|DailyCatchEntry_New.php
10 Dec 2019 12:21:48|29|kavitha@forstarfoods.com|DailyCatchEntry_New.php
10 Dec 2019 12:22:02|29|kavitha@forstarfoods.com|DailyCatchEntry_New.php
10 Dec 2019 12:22:04|29|kavitha@forstarfoods.com|DailyCatchEntry_New.php
10 Dec 2019 12:22:05|29|kavitha@forstarfoods.com|DailyCatchEntry_New.php
10 Dec 2019 12:22:06|29|kavitha@forstarfoods.com|DailyCatchEntry_New.php
10 Dec 2019 12:22:07|29|kavitha@forstarfoods.com|DailyCatchEntry_New.php
10 Dec 2019 12:22:08|29|kavitha@forstarfoods.com|DailyCatchEntry_New.php
10 Dec 2019 12:22:43|29|kavitha@forstarfoods.com|DailyCatchEntry_New.php
10 Dec 2019 12:22:45|29|kavitha@forstarfoods.com|DailyCatchEntry_New.php
10 Dec 2019 12:22:47|29|kavitha@forstarfoods.com|CatchEntryDeclaredItem.php
10 Dec 2019 12:22:50|29|kavitha@forstarfoods.com|DailyCatchEntry_New.php
10 Dec 2019 12:22:53|29|kavitha@forstarfoods.com|DailyCatchEntry_New.php
10 Dec 2019 12:22:56|29|kavitha@forstarfoods.com|DailyCatchEntry_New.php
10 Dec 2019 12:22:57|29|kavitha@forstarfoods.com|DailyCatchEntry_New.php
10 Dec 2019 12:22:58|29|kavitha@forstarfoods.com|DailyCatchEntry_New.php
10 Dec 2019 12:22:59|29|kavitha@forstarfoods.com|DailyCatchEntry_New.php
10 Dec 2019 12:23:01|29|kavitha@forstarfoods.com|DailyCatchEntry_New.php
10 Dec 2019 12:23:02|29|kavitha@forstarfoods.com|DailyCatchEntry_New.php
10 Dec 2019 12:23:13|29|kavitha@forstarfoods.com|DailyCatchEntry_New.php
10 Dec 2019 12:23:15|29|kavitha@forstarfoods.com|DailyCatchEntry_New.php
10 Dec 2019 12:23:16|29|kavitha@forstarfoods.com|CatchEntryDeclaredItem.php
10 Dec 2019 12:23:27|29|kavitha@forstarfoods.com|DailyCatchEntry_New.php
10 Dec 2019 12:23:29|29|kavitha@forstarfoods.com|DailyCatchEntry_New.php
10 Dec 2019 12:23:30|29|kavitha@forstarfoods.com|DailyCatchEntry_New.php
10 Dec 2019 12:23:35|29|kavitha@forstarfoods.com|DailyCatchEntry_New.php
10 Dec 2019 12:23:46|29|kavitha@forstarfoods.com|DailyCatchEntry_New.php
10 Dec 2019 12:23:47|29|kavitha@forstarfoods.com|CatchEntryDeclaredItem.php
10 Dec 2019 12:23:48|29|kavitha@forstarfoods.com|DailyCatchEntry_New.php
10 Dec 2019 12:23:50|29|kavitha@forstarfoods.com|DailyCatchEntry_New.php
10 Dec 2019 12:23:51|29|kavitha@forstarfoods.com|CatchEntryDeclaredItem.php
10 Dec 2019 12:24:07|29|kavitha@forstarfoods.com|DailyCatchEntry_New.php
10 Dec 2019 12:24:10|29|kavitha@forstarfoods.com|DailyCatchEntry_New.php
10 Dec 2019 12:24:13|29|kavitha@forstarfoods.com|DailyCatchEntry_New.php
10 Dec 2019 12:24:29|29|kavitha@forstarfoods.com|DailyCatchEntry_New.php
10 Dec 2019 12:24:31|29|kavitha@forstarfoods.com|DailyCatchEntry_New.php
10 Dec 2019 12:24:32|29|kavitha@forstarfoods.com|DailyCatchEntry_New.php
10 Dec 2019 12:24:33|29|kavitha@forstarfoods.com|DailyCatchEntry_New.php
10 Dec 2019 12:24:34|29|kavitha@forstarfoods.com|DailyCatchEntry_New.php
10 Dec 2019 12:24:36|29|kavitha@forstarfoods.com|DailyCatchEntry_New.php
10 Dec 2019 12:24:44|29|kavitha@forstarfoods.com|DailyCatchEntry_New.php
10 Dec 2019 12:24:47|29|kavitha@forstarfoods.com|DailyCatchEntry_New.php
10 Dec 2019 12:24:48|29|kavitha@forstarfoods.com|CatchEntryDeclaredItem.php
10 Dec 2019 12:24:51|29|kavitha@forstarfoods.com|DailyCatchEntry_New.php
10 Dec 2019 12:24:53|29|kavitha@forstarfoods.com|DailyCatchEntry_New.php
10 Dec 2019 12:24:57|29|kavitha@forstarfoods.com|DailyCatchEntry_New.php
10 Dec 2019 12:24:59|29|kavitha@forstarfoods.com|DailyCatchEntry_New.php
10 Dec 2019 12:25:00|29|kavitha@forstarfoods.com|DailyCatchEntry_New.php
10 Dec 2019 12:25:01|29|kavitha@forstarfoods.com|DailyCatchEntry_New.php
10 Dec 2019 12:25:02|29|kavitha@forstarfoods.com|DailyCatchEntry_New.php
10 Dec 2019 12:25:04|29|kavitha@forstarfoods.com|DailyCatchEntry_New.php
10 Dec 2019 12:25:39|29|kavitha@forstarfoods.com|DailyCatchEntry_New.php
10 Dec 2019 12:25:42|29|kavitha@forstarfoods.com|DailyCatchEntry_New.php
10 Dec 2019 12:25:43|29|kavitha@forstarfoods.com|CatchEntryDeclaredItem.php
10 Dec 2019 12:25:45|29|kavitha@forstarfoods.com|DailyCatchEntry_New.php
10 Dec 2019 12:25:48|29|kavitha@forstarfoods.com|DailyCatchEntry_New.php
10 Dec 2019 12:25:51|29|kavitha@forstarfoods.com|DailyCatchEntry_New.php
10 Dec 2019 12:25:53|29|kavitha@forstarfoods.com|DailyCatchEntry_New.php
10 Dec 2019 12:25:54|29|kavitha@forstarfoods.com|DailyCatchEntry_New.php
10 Dec 2019 12:25:55|29|kavitha@forstarfoods.com|DailyCatchEntry_New.php
10 Dec 2019 12:25:56|29|kavitha@forstarfoods.com|DailyCatchEntry_New.php
10 Dec 2019 12:25:58|29|kavitha@forstarfoods.com|DailyCatchEntry_New.php
10 Dec 2019 12:26:10|29|kavitha@forstarfoods.com|DailyCatchEntry_New.php
10 Dec 2019 12:26:12|29|kavitha@forstarfoods.com|DailyCatchEntry_New.php
10 Dec 2019 12:26:13|29|kavitha@forstarfoods.com|CatchEntryDeclaredItem.php
10 Dec 2019 12:26:18|29|kavitha@forstarfoods.com|DailyCatchEntry_New.php
10 Dec 2019 12:26:21|29|kavitha@forstarfoods.com|DailyCatchEntry_New.php
10 Dec 2019 12:26:23|29|kavitha@forstarfoods.com|DailyCatchEntry_New.php
10 Dec 2019 12:26:24|29|kavitha@forstarfoods.com|DailyCatchEntry_New.php
10 Dec 2019 12:26:26|29|kavitha@forstarfoods.com|DailyCatchEntry_New.php
10 Dec 2019 12:26:27|29|kavitha@forstarfoods.com|DailyCatchEntry_New.php
10 Dec 2019 12:26:28|29|kavitha@forstarfoods.com|DailyCatchEntry_New.php
10 Dec 2019 12:26:29|29|kavitha@forstarfoods.com|DailyCatchEntry_New.php
10 Dec 2019 12:26:45|29|kavitha@forstarfoods.com|DailyCatchEntry_New.php
10 Dec 2019 12:26:47|29|kavitha@forstarfoods.com|DailyCatchEntry_New.php
10 Dec 2019 12:26:48|29|kavitha@forstarfoods.com|CatchEntryDeclaredItem.php
10 Dec 2019 12:28:51|29|kavitha@forstarfoods.com|DailyCatchEntry_New.php
10 Dec 2019 12:30:01|29|kavitha@forstarfoods.com|DailyCatchReport.php
10 Dec 2019 12:30:14|29|kavitha@forstarfoods.com|DailyCatchReport.php
10 Dec 2019 12:30:19|29|kavitha@forstarfoods.com|DailyCatchReport.php
10 Dec 2019 12:30:27|29|kavitha@forstarfoods.com|DailyCatchReport.php
10 Dec 2019 12:30:28|29|kavitha@forstarfoods.com|DailyCatchReport.php
10 Dec 2019 12:30:29|29|kavitha@forstarfoods.com|DailyCatchReport.php
10 Dec 2019 12:30:32|29|kavitha@forstarfoods.com|DailyCatchReport.php
10 Dec 2019 12:30:34|29|kavitha@forstarfoods.com|DailyCatchReport.php
10 Dec 2019 12:30:35|29|kavitha@forstarfoods.com|DailyCatchReport.php
10 Dec 2019 12:31:17|29|kavitha@forstarfoods.com|DailyCatchReport.php
10 Dec 2019 12:31:19|29|kavitha@forstarfoods.com|DailyCatchReport.php
10 Dec 2019 12:31:20|29|kavitha@forstarfoods.com|DailyCatchReport.php
10 Dec 2019 12:31:29|29|kavitha@forstarfoods.com|DailyCatchReport.php
10 Dec 2019 12:31:31|29|kavitha@forstarfoods.com|DailyCatchReport.php
10 Dec 2019 12:31:33|29|kavitha@forstarfoods.com|DailyCatchReport.php
10 Dec 2019 12:31:34|29|kavitha@forstarfoods.com|DailyCatchReport.php
10 Dec 2019 12:31:40|29|kavitha@forstarfoods.com|DailyCatchReport.php
10 Dec 2019 12:31:42|29|kavitha@forstarfoods.com|DailyCatchReport.php
10 Dec 2019 12:31:43|29|kavitha@forstarfoods.com|DailyCatchReport.php
10 Dec 2019 12:32:27|29|kavitha@forstarfoods.com|DailyCatchReport.php
10 Dec 2019 12:32:29|29|kavitha@forstarfoods.com|DailyCatchReport.php
10 Dec 2019 12:32:30|29|kavitha@forstarfoods.com|DailyCatchReport.php
10 Dec 2019 12:32:38|29|kavitha@forstarfoods.com|SupplierAccount.php
10 Dec 2019 12:32:45|29|kavitha@forstarfoods.com|SupplierAccount.php
10 Dec 2019 12:32:49|29|kavitha@forstarfoods.com|SupplierAccount.php
10 Dec 2019 12:32:53|29|kavitha@forstarfoods.com|SupplierAccount.php
10 Dec 2019 12:32:56|29|kavitha@forstarfoods.com|SupplierAccount.php
10 Dec 2019 12:33:00|29|kavitha@forstarfoods.com|SupplierAccount.php
10 Dec 2019 12:33:04|29|kavitha@forstarfoods.com|SupplierAccount.php
10 Dec 2019 12:34:29|29|kavitha@forstarfoods.com|SupplierAccount.php
10 Dec 2019 12:34:37|29|kavitha@forstarfoods.com|SupplierAccount.php
10 Dec 2019 12:34:40|29|kavitha@forstarfoods.com|SupplierAccount.php
10 Dec 2019 12:34:55|29|kavitha@forstarfoods.com|SupplierAccount.php
10 Dec 2019 12:36:13|29|kavitha@forstarfoods.com|SupplierAccount.php
10 Dec 2019 12:36:24|29|kavitha@forstarfoods.com|PurchaseReport.php
10 Dec 2019 12:36:34|29|kavitha@forstarfoods.com|PurchaseReport.php
10 Dec 2019 12:36:49|29|kavitha@forstarfoods.com|PrintPurchaseSettlementMemo.php
10 Dec 2019 12:37:18|29|kavitha@forstarfoods.com|PurchaseReport.php
10 Dec 2019 12:37:23|29|kavitha@forstarfoods.com|PurchaseReport.php
10 Dec 2019 12:37:30|29|kavitha@forstarfoods.com|PrintPurchaseSettlementMemo.php
10 Dec 2019 12:41:27|29|kavitha@forstarfoods.com|SettlementSummary.php
10 Dec 2019 12:41:37|29|kavitha@forstarfoods.com|SettlementSummary.php
10 Dec 2019 12:41:42|29|kavitha@forstarfoods.com|SettlementSummary.php
10 Dec 2019 12:42:50|29|kavitha@forstarfoods.com|SettlementSummary.php
10 Dec 2019 12:42:52|29|kavitha@forstarfoods.com|SupplierPayments.php
10 Dec 2019 12:42:54|29|kavitha@forstarfoods.com|SupplierPayments.php
10 Dec 2019 12:42:55|29|kavitha@forstarfoods.com|SupplierPayments.php
10 Dec 2019 12:43:00|29|kavitha@forstarfoods.com|SettlementSummary.php
10 Dec 2019 12:43:13|29|kavitha@forstarfoods.com|SettlementSummary.php
10 Dec 2019 12:43:18|29|kavitha@forstarfoods.com|SettlementSummary.php
10 Dec 2019 12:43:25|29|kavitha@forstarfoods.com|SettlementSummary.php
10 Dec 2019 12:43:27|29|kavitha@forstarfoods.com|SupplierPayments.php
10 Dec 2019 12:43:29|29|kavitha@forstarfoods.com|SupplierPayments.php
10 Dec 2019 12:43:30|29|kavitha@forstarfoods.com|SupplierPayments.php
10 Dec 2019 12:43:38|29|kavitha@forstarfoods.com|PurchaseStatement.php
10 Dec 2019 12:43:56|29|kavitha@forstarfoods.com|PurchaseStatement.php
10 Dec 2019 12:44:00|29|kavitha@forstarfoods.com|PurchaseStatement.php
10 Dec 2019 12:44:03|29|kavitha@forstarfoods.com|PurchaseStatement.php
10 Dec 2019 12:44:06|29|kavitha@forstarfoods.com|PrintPurchaseStatement.php
10 Dec 2019 12:49:56|20|shiji@forstarfoods.com|DailyCatchReport.php
10 Dec 2019 12:49:57|20|shiji@forstarfoods.com|DailyCatchReport.php
10 Dec 2019 12:49:59|20|shiji@forstarfoods.com|DailyCatchReport.php
10 Dec 2019 12:50:00|20|shiji@forstarfoods.com|DailyCatchReport.php
10 Dec 2019 12:50:02|20|shiji@forstarfoods.com|PrintDailyCatchReportMemo.php
10 Dec 2019 12:50:22|20|shiji@forstarfoods.com|DailyCatchReport.php
10 Dec 2019 12:50:23|20|shiji@forstarfoods.com|DailyCatchReport.php
10 Dec 2019 12:50:25|20|shiji@forstarfoods.com|DailyCatchReport.php
10 Dec 2019 12:50:29|20|shiji@forstarfoods.com|DailyCatchReport.php
10 Dec 2019 12:50:30|20|shiji@forstarfoods.com|DailyCatchReport.php
10 Dec 2019 12:50:32|20|shiji@forstarfoods.com|DailyCatchReport.php
10 Dec 2019 12:50:33|20|shiji@forstarfoods.com|DailyCatchReport.php
10 Dec 2019 12:50:35|20|shiji@forstarfoods.com|PrintDailyCatchReportMemo.php
10 Dec 2019 12:50:49|20|shiji@forstarfoods.com|DailyCatchReport.php
10 Dec 2019 12:50:51|20|shiji@forstarfoods.com|DailyCatchReport.php
10 Dec 2019 12:50:52|20|shiji@forstarfoods.com|DailyCatchReport.php
10 Dec 2019 13:09:22|20|shiji@forstarfoods.com|SupplierAccount.php
10 Dec 2019 13:10:22|20|shiji@forstarfoods.com|SupplierAccount.php
10 Dec 2019 13:10:26|20|shiji@forstarfoods.com|SupplierAccount.php
10 Dec 2019 13:10:31|20|shiji@forstarfoods.com|SupplierAccount.php
10 Dec 2019 13:10:35|20|shiji@forstarfoods.com|SupplierAccount.php
10 Dec 2019 13:18:27|20|shiji@forstarfoods.com|SupplierAccount.php
10 Dec 2019 13:18:35|20|shiji@forstarfoods.com|SupplierAccount.php
10 Dec 2019 13:18:40|20|shiji@forstarfoods.com|SupplierAccount.php
10 Dec 2019 13:18:52|20|shiji@forstarfoods.com|SupplierAccount.php
10 Dec 2019 13:19:13|20|shiji@forstarfoods.com|SupplierAccount.php
10 Dec 2019 13:19:32|20|shiji@forstarfoods.com|SupplierAccount.php
10 Dec 2019 13:19:39|20|shiji@forstarfoods.com|SupplierAccount.php
10 Dec 2019 13:19:46|20|shiji@forstarfoods.com|SupplierAccount.php
10 Dec 2019 13:21:33|20|shiji@forstarfoods.com|SupplierAccount.php
10 Dec 2019 13:21:39|20|shiji@forstarfoods.com|SupplierAccount.php
10 Dec 2019 13:22:08|20|shiji@forstarfoods.com|SupplierAccount.php
10 Dec 2019 13:22:14|20|shiji@forstarfoods.com|SupplierAccount.php
10 Dec 2019 13:22:18|20|shiji@forstarfoods.com|SupplierAccount.php
10 Dec 2019 13:22:32|20|shiji@forstarfoods.com|SupplierAccount.php
10 Dec 2019 13:22:38|20|shiji@forstarfoods.com|SupplierAccount.php
10 Dec 2019 13:22:42|20|shiji@forstarfoods.com|SupplierAccount.php
10 Dec 2019 13:22:52|20|shiji@forstarfoods.com|SupplierAccount.php
10 Dec 2019 13:23:08|20|shiji@forstarfoods.com|SupplierAccount.php
10 Dec 2019 13:23:18|20|shiji@forstarfoods.com|SupplierAccount.php
10 Dec 2019 13:23:25|20|shiji@forstarfoods.com|SupplierAccount.php
10 Dec 2019 13:23:30|20|shiji@forstarfoods.com|SupplierAccount.php
10 Dec 2019 13:23:53|28|pratiksha@forstarfoods.com|Home.php
10 Dec 2019 13:23:55|20|shiji@forstarfoods.com|SupplierAccount.php
10 Dec 2019 13:24:00|28|pratiksha@forstarfoods.com|ManageGatePass.php
10 Dec 2019 13:24:07|28|pratiksha@forstarfoods.com|ManageGatePass.php
10 Dec 2019 13:24:28|20|shiji@forstarfoods.com|SupplierAccount.php
10 Dec 2019 13:25:25|20|shiji@forstarfoods.com|SupplierAccount.php
10 Dec 2019 13:25:47|20|shiji@forstarfoods.com|SupplierAccount.php
10 Dec 2019 13:26:21|20|shiji@forstarfoods.com|SupplierAccount.php
10 Dec 2019 13:26:30|20|shiji@forstarfoods.com|SupplierAccount.php
10 Dec 2019 13:26:58|20|shiji@forstarfoods.com|SupplierAccount.php
10 Dec 2019 13:27:15|20|shiji@forstarfoods.com|SupplierAccount.php
10 Dec 2019 13:27:20|20|shiji@forstarfoods.com|SupplierAccount.php
10 Dec 2019 13:27:34|20|shiji@forstarfoods.com|SupplierAccount.php
10 Dec 2019 13:27:43|20|shiji@forstarfoods.com|SupplierAccount.php
10 Dec 2019 13:27:46|20|shiji@forstarfoods.com|SupplierAccount.php
10 Dec 2019 13:28:04|20|shiji@forstarfoods.com|SupplierAccount.php
10 Dec 2019 13:28:14|20|shiji@forstarfoods.com|SupplierAccount.php
10 Dec 2019 13:28:17|20|shiji@forstarfoods.com|SupplierAccount.php
10 Dec 2019 13:32:07|20|shiji@forstarfoods.com|SupplierAccount.php
10 Dec 2019 13:32:17|20|shiji@forstarfoods.com|SettlementSummary.php
10 Dec 2019 13:32:22|20|shiji@forstarfoods.com|DailyCatchReport.php
10 Dec 2019 13:32:30|20|shiji@forstarfoods.com|DailyCatchReport.php
10 Dec 2019 13:32:42|20|shiji@forstarfoods.com|DailyCatchReport.php
10 Dec 2019 13:32:44|20|shiji@forstarfoods.com|DailyCatchReport.php
10 Dec 2019 13:32:45|20|shiji@forstarfoods.com|DailyCatchReport.php
10 Dec 2019 13:32:47|20|shiji@forstarfoods.com|PrintDailyCatchReportMemo.php
10 Dec 2019 13:34:13|20|shiji@forstarfoods.com|DailyCatchReport.php
10 Dec 2019 13:34:15|20|shiji@forstarfoods.com|DailyCatchReport.php
10 Dec 2019 13:34:16|20|shiji@forstarfoods.com|DailyCatchReport.php
10 Dec 2019 13:34:18|20|shiji@forstarfoods.com|SupplierAccount.php
10 Dec 2019 13:34:26|20|shiji@forstarfoods.com|SupplierAccount.php
10 Dec 2019 13:34:30|20|shiji@forstarfoods.com|SupplierAccount.php
10 Dec 2019 13:34:33|20|shiji@forstarfoods.com|SupplierAccount.php
10 Dec 2019 13:34:37|20|shiji@forstarfoods.com|SupplierAccount.php
10 Dec 2019 13:34:51|20|shiji@forstarfoods.com|SupplierAccount.php
10 Dec 2019 13:35:27|20|shiji@forstarfoods.com|SettlementSummary.php
10 Dec 2019 13:35:34|20|shiji@forstarfoods.com|SettlementSummary.php
10 Dec 2019 13:35:36|20|shiji@forstarfoods.com|SupplierPayments.php
10 Dec 2019 13:35:38|20|shiji@forstarfoods.com|SupplierPayments.php
10 Dec 2019 13:35:39|20|shiji@forstarfoods.com|SupplierPayments.php
10 Dec 2019 13:54:03|20|shiji@forstarfoods.com|PurchaseStatement.php
10 Dec 2019 13:54:15|20|shiji@forstarfoods.com|PurchaseStatement.php
10 Dec 2019 13:54:22|20|shiji@forstarfoods.com|PurchaseStatement.php
10 Dec 2019 13:55:20|20|shiji@forstarfoods.com|SupplierAccount.php
10 Dec 2019 13:55:34|20|shiji@forstarfoods.com|SupplierAccount.php
10 Dec 2019 13:55:38|20|shiji@forstarfoods.com|SupplierAccount.php
10 Dec 2019 13:55:45|20|shiji@forstarfoods.com|SupplierAccount.php
10 Dec 2019 14:38:54|20|shiji@forstarfoods.com|DailyCatchReport.php
10 Dec 2019 14:55:18|20|shiji@forstarfoods.com|PurchaseReport.php
10 Dec 2019 14:55:36|20|shiji@forstarfoods.com|PurchaseReport.php
10 Dec 2019 14:55:41|20|shiji@forstarfoods.com|PurchaseReport.php
10 Dec 2019 14:55:45|20|shiji@forstarfoods.com|PrintPurchaseSettlementMemo.php
10 Dec 2019 14:56:14|20|shiji@forstarfoods.com|ProcessorsAccounts.php
10 Dec 2019 14:56:25|20|shiji@forstarfoods.com|ProcessorsAccounts.php
10 Dec 2019 14:56:31|20|shiji@forstarfoods.com|ProcessorsAccounts.php
10 Dec 2019 14:56:36|20|shiji@forstarfoods.com|ProcessorsAccounts.php
10 Dec 2019 15:22:43|20|shiji@forstarfoods.com|PurchaseReport.php
10 Dec 2019 15:22:55|20|shiji@forstarfoods.com|PurchaseReport.php
10 Dec 2019 15:23:02|20|shiji@forstarfoods.com|PrintPurchaseSettlementMemo.php
10 Dec 2019 15:24:36|20|shiji@forstarfoods.com|PurchaseReport.php
10 Dec 2019 15:24:44|20|shiji@forstarfoods.com|PrintPurchaseSettlementMemo.php
10 Dec 2019 15:25:23|20|shiji@forstarfoods.com|PurchaseReport.php
10 Dec 2019 15:25:31|20|shiji@forstarfoods.com|PrintPurchaseSettlementMemo.php
10 Dec 2019 15:26:15|20|shiji@forstarfoods.com|PurchaseReport.php
10 Dec 2019 15:26:22|20|shiji@forstarfoods.com|PrintPurchaseSettlementMemo.php
10 Dec 2019 15:27:32|20|shiji@forstarfoods.com|PurchaseReport.php
10 Dec 2019 15:27:39|20|shiji@forstarfoods.com|PrintPurchaseSettlementMemo.php
10 Dec 2019 15:28:30|20|shiji@forstarfoods.com|PurchaseReport.php
10 Dec 2019 15:28:38|20|shiji@forstarfoods.com|PrintPurchaseSettlementMemo.php
10 Dec 2019 15:29:43|20|shiji@forstarfoods.com|PurchaseReport.php
10 Dec 2019 15:29:54|20|shiji@forstarfoods.com|PurchaseReport.php
10 Dec 2019 15:30:02|20|shiji@forstarfoods.com|PrintPurchaseSettlementMemo.php
10 Dec 2019 15:30:42|20|shiji@forstarfoods.com|PurchaseReport.php
10 Dec 2019 15:30:49|20|shiji@forstarfoods.com|PrintPurchaseSettlementMemo.php
10 Dec 2019 15:31:37|20|shiji@forstarfoods.com|PurchaseReport.php
10 Dec 2019 15:31:44|20|shiji@forstarfoods.com|PrintPurchaseSettlementMemo.php
10 Dec 2019 15:32:38|20|shiji@forstarfoods.com|PurchaseReport.php
10 Dec 2019 15:32:45|20|shiji@forstarfoods.com|PrintPurchaseSettlementMemo.php
10 Dec 2019 15:33:30|20|shiji@forstarfoods.com|PurchaseReport.php
10 Dec 2019 15:33:37|20|shiji@forstarfoods.com|PrintPurchaseSettlementMemo.php
10 Dec 2019 15:34:30|20|shiji@forstarfoods.com|PurchaseReport.php
10 Dec 2019 15:34:37|20|shiji@forstarfoods.com|PrintPurchaseSettlementMemo.php
10 Dec 2019 15:35:17|20|shiji@forstarfoods.com|PurchaseReport.php
10 Dec 2019 15:35:24|20|shiji@forstarfoods.com|PrintPurchaseSettlementMemo.php
10 Dec 2019 15:36:07|20|shiji@forstarfoods.com|PurchaseReport.php
10 Dec 2019 15:36:24|20|shiji@forstarfoods.com|PurchaseReport.php
10 Dec 2019 15:36:30|20|shiji@forstarfoods.com|PrintPurchaseSettlementMemo.php
10 Dec 2019 15:37:17|20|shiji@forstarfoods.com|PurchaseReport.php
10 Dec 2019 15:37:25|20|shiji@forstarfoods.com|PrintPurchaseSettlementMemo.php
10 Dec 2019 15:59:05|20|shiji@forstarfoods.com|DailyCatchSummary.php
10 Dec 2019 16:06:09|20|shiji@forstarfoods.com|DailyCatchSummary.php
10 Dec 2019 16:06:15|20|shiji@forstarfoods.com|DailyCatchSummary.php
10 Dec 2019 16:06:17|20|shiji@forstarfoods.com|DailyCatchSummary.php
10 Dec 2019 16:06:30|20|shiji@forstarfoods.com|DailyCatchSummary.php
10 Dec 2019 16:06:39|20|shiji@forstarfoods.com|DailyCatchSummary.php
10 Dec 2019 16:06:46|20|shiji@forstarfoods.com|DailyCatchSummary.php
10 Dec 2019 16:06:50|20|shiji@forstarfoods.com|DailyCatchSummary.php
10 Dec 2019 16:11:27|20|shiji@forstarfoods.com|DailyCatchEntry_New.php
10 Dec 2019 16:11:37|20|shiji@forstarfoods.com|DailyCatchEntry_New.php
10 Dec 2019 16:11:39|20|shiji@forstarfoods.com|DailyCatchEntry_New.php
10 Dec 2019 16:11:40|20|shiji@forstarfoods.com|DailyCatchEntry_New.php
10 Dec 2019 16:11:41|20|shiji@forstarfoods.com|DailyCatchEntry_New.php
10 Dec 2019 16:11:42|20|shiji@forstarfoods.com|CatchEntryDeclaredItem.php
10 Dec 2019 16:11:43|20|shiji@forstarfoods.com|DailyCatchEntry_New.php
10 Dec 2019 16:11:45|20|shiji@forstarfoods.com|DailyCatchEntry_New.php
10 Dec 2019 16:11:46|20|shiji@forstarfoods.com|DailyCatchEntry_New.php
10 Dec 2019 16:11:48|20|shiji@forstarfoods.com|DailyCatchEntry_New.php
10 Dec 2019 16:11:49|20|shiji@forstarfoods.com|DailyCatchEntry_New.php
10 Dec 2019 16:11:50|20|shiji@forstarfoods.com|DailyCatchEntry_New.php
10 Dec 2019 16:11:55|20|shiji@forstarfoods.com|DailyCatchEntry_New.php
10 Dec 2019 16:11:56|20|shiji@forstarfoods.com|DailyCatchEntry_New.php
10 Dec 2019 16:11:57|20|shiji@forstarfoods.com|DailyCatchEntry_New.php
10 Dec 2019 16:12:17|20|shiji@forstarfoods.com|DailyCatchEntry_New.php
10 Dec 2019 16:12:21|20|shiji@forstarfoods.com|DailyCatchEntry_New.php
10 Dec 2019 16:12:23|20|shiji@forstarfoods.com|CatchEntryDeclaredItem.php
10 Dec 2019 16:12:39|20|shiji@forstarfoods.com|DailyCatchEntry_New.php
10 Dec 2019 16:12:40|20|shiji@forstarfoods.com|DailyCatchEntry_New.php
10 Dec 2019 16:12:46|20|shiji@forstarfoods.com|DailyCatchEntry_New.php
10 Dec 2019 16:12:51|20|shiji@forstarfoods.com|DailyCatchEntry_New.php
10 Dec 2019 16:12:52|20|shiji@forstarfoods.com|DailyCatchEntry_New.php
10 Dec 2019 16:12:53|20|shiji@forstarfoods.com|DailyCatchEntry_New.php
10 Dec 2019 16:12:55|20|shiji@forstarfoods.com|DailyCatchEntry_New.php
10 Dec 2019 16:12:56|20|shiji@forstarfoods.com|DailyCatchEntry_New.php
10 Dec 2019 16:12:57|20|shiji@forstarfoods.com|DailyCatchEntry_New.php
10 Dec 2019 16:13:45|20|shiji@forstarfoods.com|DailyCatchEntry_New.php
10 Dec 2019 16:13:47|20|shiji@forstarfoods.com|DailyCatchEntry_New.php
10 Dec 2019 16:13:49|20|shiji@forstarfoods.com|CatchEntryDeclaredItem.php
10 Dec 2019 16:14:00|20|shiji@forstarfoods.com|DailyCatchEntry_New.php
10 Dec 2019 16:14:02|20|shiji@forstarfoods.com|DailyCatchEntry_New.php
10 Dec 2019 16:14:04|20|shiji@forstarfoods.com|DailyCatchEntry_New.php
10 Dec 2019 16:14:05|20|shiji@forstarfoods.com|DailyCatchEntry_New.php
10 Dec 2019 16:14:06|20|shiji@forstarfoods.com|DailyCatchEntry_New.php
10 Dec 2019 16:14:07|20|shiji@forstarfoods.com|DailyCatchEntry_New.php
10 Dec 2019 16:14:09|20|shiji@forstarfoods.com|DailyCatchEntry_New.php
10 Dec 2019 16:14:10|20|shiji@forstarfoods.com|DailyCatchEntry_New.php
10 Dec 2019 16:14:14|20|shiji@forstarfoods.com|DailyCatchEntry_New.php
10 Dec 2019 16:14:17|20|shiji@forstarfoods.com|DailyCatchEntry_New.php
10 Dec 2019 16:14:29|20|shiji@forstarfoods.com|CatchEntryDeclaredItem.php
10 Dec 2019 16:14:37|20|shiji@forstarfoods.com|DailyCatchEntry_New.php
10 Dec 2019 16:14:39|20|shiji@forstarfoods.com|DailyCatchEntry_New.php
10 Dec 2019 16:14:42|20|shiji@forstarfoods.com|DailyCatchEntry_New.php
10 Dec 2019 16:14:43|20|shiji@forstarfoods.com|DailyCatchEntry_New.php
10 Dec 2019 16:14:44|20|shiji@forstarfoods.com|DailyCatchEntry_New.php
10 Dec 2019 16:14:45|20|shiji@forstarfoods.com|DailyCatchEntry_New.php
10 Dec 2019 16:14:47|20|shiji@forstarfoods.com|DailyCatchEntry_New.php
10 Dec 2019 16:14:48|20|shiji@forstarfoods.com|DailyCatchEntry_New.php
10 Dec 2019 16:14:49|20|shiji@forstarfoods.com|DailyCatchEntry_New.php
10 Dec 2019 16:14:54|20|shiji@forstarfoods.com|DailyCatchEntry_New.php
10 Dec 2019 16:14:55|20|shiji@forstarfoods.com|CatchEntryDeclaredItem.php
10 Dec 2019 16:14:57|20|shiji@forstarfoods.com|DailyCatchEntry_New.php
10 Dec 2019 16:14:58|20|shiji@forstarfoods.com|DailyCatchEntry_New.php
10 Dec 2019 16:14:59|20|shiji@forstarfoods.com|DailyCatchEntry_New.php
10 Dec 2019 16:15:20|20|shiji@forstarfoods.com|DailyCatchEntry_New.php
10 Dec 2019 16:15:24|20|shiji@forstarfoods.com|DailyCatchEntry_New.php
10 Dec 2019 16:15:28|20|shiji@forstarfoods.com|DailyCatchEntry_New.php
10 Dec 2019 16:15:30|20|shiji@forstarfoods.com|CatchEntryDeclaredItem.php
10 Dec 2019 16:15:40|20|shiji@forstarfoods.com|DailyCatchEntry_New.php
10 Dec 2019 16:15:41|20|shiji@forstarfoods.com|DailyCatchEntry_New.php
10 Dec 2019 16:15:42|20|shiji@forstarfoods.com|DailyCatchEntry_New.php
10 Dec 2019 16:15:44|20|shiji@forstarfoods.com|DailyCatchEntry_New.php
10 Dec 2019 16:15:45|20|shiji@forstarfoods.com|DailyCatchEntry_New.php
10 Dec 2019 16:15:46|20|shiji@forstarfoods.com|DailyCatchEntry_New.php
10 Dec 2019 16:15:52|20|shiji@forstarfoods.com|DailyCatchEntry_New.php
10 Dec 2019 16:15:55|20|shiji@forstarfoods.com|DailyCatchEntry_New.php
10 Dec 2019 16:15:57|20|shiji@forstarfoods.com|DailyCatchEntry_New.php
10 Dec 2019 16:16:00|20|shiji@forstarfoods.com|DailyCatchEntry_New.php
10 Dec 2019 16:16:01|20|shiji@forstarfoods.com|DailyCatchEntry_New.php
10 Dec 2019 16:16:02|20|shiji@forstarfoods.com|DailyCatchEntry_New.php
10 Dec 2019 16:16:03|20|shiji@forstarfoods.com|DailyCatchEntry_New.php
10 Dec 2019 16:16:04|20|shiji@forstarfoods.com|DailyCatchEntry_New.php
10 Dec 2019 16:16:06|20|shiji@forstarfoods.com|DailyCatchEntry_New.php
10 Dec 2019 16:16:35|20|shiji@forstarfoods.com|DailyCatchEntry_New.php
10 Dec 2019 16:16:37|20|shiji@forstarfoods.com|DailyCatchEntry_New.php
10 Dec 2019 16:16:39|20|shiji@forstarfoods.com|CatchEntryDeclaredItem.php
10 Dec 2019 16:16:40|20|shiji@forstarfoods.com|DailyCatchEntry_New.php
10 Dec 2019 16:16:43|20|shiji@forstarfoods.com|DailyCatchEntry_New.php
10 Dec 2019 16:16:44|20|shiji@forstarfoods.com|DailyCatchEntry_New.php
10 Dec 2019 16:16:45|20|shiji@forstarfoods.com|DailyCatchEntry_New.php
10 Dec 2019 16:16:48|20|shiji@forstarfoods.com|DailyCatchEntry_New.php
10 Dec 2019 16:16:52|20|shiji@forstarfoods.com|DailyCatchEntry_New.php
10 Dec 2019 16:16:53|20|shiji@forstarfoods.com|CatchEntryDeclaredItem.php
10 Dec 2019 16:17:01|20|shiji@forstarfoods.com|DailyCatchEntry_New.php
10 Dec 2019 16:17:03|20|shiji@forstarfoods.com|DailyCatchEntry_New.php
10 Dec 2019 16:17:04|20|shiji@forstarfoods.com|DailyCatchEntry_New.php
10 Dec 2019 16:17:05|20|shiji@forstarfoods.com|DailyCatchEntry_New.php
10 Dec 2019 16:17:06|20|shiji@forstarfoods.com|DailyCatchEntry_New.php
10 Dec 2019 16:17:07|20|shiji@forstarfoods.com|DailyCatchEntry_New.php
10 Dec 2019 16:17:10|20|shiji@forstarfoods.com|DailyCatchEntry_New.php
10 Dec 2019 16:17:20|20|shiji@forstarfoods.com|DailyCatchReport.php
10 Dec 2019 16:17:23|20|shiji@forstarfoods.com|DailyCatchEntry_New.php
10 Dec 2019 16:17:26|20|shiji@forstarfoods.com|DailyCatchEntry_New.php
10 Dec 2019 16:17:28|20|shiji@forstarfoods.com|DailyCatchEntry_New.php
10 Dec 2019 16:17:29|20|shiji@forstarfoods.com|DailyCatchEntry_New.php
10 Dec 2019 16:17:30|20|shiji@forstarfoods.com|DailyCatchEntry_New.php
10 Dec 2019 16:17:32|20|shiji@forstarfoods.com|CatchEntryDeclaredItem.php
10 Dec 2019 16:17:33|20|shiji@forstarfoods.com|DailyCatchEntry_New.php
10 Dec 2019 16:17:36|20|shiji@forstarfoods.com|DailyCatchEntry_New.php
10 Dec 2019 16:17:37|20|shiji@forstarfoods.com|DailyCatchEntry_New.php
10 Dec 2019 16:17:38|20|shiji@forstarfoods.com|DailyCatchEntry_New.php
10 Dec 2019 16:17:39|20|shiji@forstarfoods.com|DailyCatchEntry_New.php
10 Dec 2019 16:17:41|20|shiji@forstarfoods.com|DailyCatchEntry_New.php
10 Dec 2019 16:17:42|20|shiji@forstarfoods.com|DailyCatchEntry_New.php
10 Dec 2019 16:17:44|20|shiji@forstarfoods.com|DailyCatchEntry_New.php
10 Dec 2019 16:17:45|20|shiji@forstarfoods.com|DailyCatchEntry_New.php
10 Dec 2019 16:17:55|20|shiji@forstarfoods.com|DailyCatchEntry_New.php
10 Dec 2019 16:18:00|20|shiji@forstarfoods.com|DailyCatchEntry_New.php
10 Dec 2019 16:18:02|20|shiji@forstarfoods.com|CatchEntryDeclaredItem.php
10 Dec 2019 16:18:20|20|shiji@forstarfoods.com|DailyCatchEntry_New.php
10 Dec 2019 16:18:21|20|shiji@forstarfoods.com|DailyCatchEntry_New.php
10 Dec 2019 16:18:22|20|shiji@forstarfoods.com|DailyCatchEntry_New.php
10 Dec 2019 16:18:23|20|shiji@forstarfoods.com|DailyCatchEntry_New.php
10 Dec 2019 16:18:25|20|shiji@forstarfoods.com|DailyCatchEntry_New.php
10 Dec 2019 16:18:26|20|shiji@forstarfoods.com|DailyCatchEntry_New.php
10 Dec 2019 16:18:30|20|shiji@forstarfoods.com|DailyCatchEntry_New.php
10 Dec 2019 16:18:53|20|shiji@forstarfoods.com|DailyCatchEntry_New.php
10 Dec 2019 16:22:24|20|shiji@forstarfoods.com|DailyCatchSummary.php
10 Dec 2019 16:22:27|20|shiji@forstarfoods.com|DailyCatchSummary.php
10 Dec 2019 16:25:42|20|shiji@forstarfoods.com|DailyCatchEntry_New.php
10 Dec 2019 16:25:47|20|shiji@forstarfoods.com|DailyCatchEntry_New.php
10 Dec 2019 16:25:49|20|shiji@forstarfoods.com|DailyCatchEntry_New.php
10 Dec 2019 16:25:50|20|shiji@forstarfoods.com|DailyCatchEntry_New.php
10 Dec 2019 16:25:51|20|shiji@forstarfoods.com|DailyCatchEntry_New.php
10 Dec 2019 16:25:52|20|shiji@forstarfoods.com|CatchEntryDeclaredItem.php
10 Dec 2019 16:25:54|20|shiji@forstarfoods.com|DailyCatchEntry_New.php
10 Dec 2019 16:25:56|20|shiji@forstarfoods.com|DailyCatchEntry_New.php
10 Dec 2019 16:25:57|20|shiji@forstarfoods.com|DailyCatchEntry_New.php
10 Dec 2019 16:25:58|20|shiji@forstarfoods.com|DailyCatchEntry_New.php
10 Dec 2019 16:26:00|20|shiji@forstarfoods.com|DailyCatchEntry_New.php
10 Dec 2019 16:26:01|20|shiji@forstarfoods.com|DailyCatchEntry_New.php
10 Dec 2019 16:26:02|20|shiji@forstarfoods.com|DailyCatchEntry_New.php
10 Dec 2019 16:26:03|20|shiji@forstarfoods.com|DailyCatchEntry_New.php
10 Dec 2019 16:26:04|20|shiji@forstarfoods.com|DailyCatchEntry_New.php
10 Dec 2019 16:26:06|20|shiji@forstarfoods.com|DailyCatchEntry_New.php
10 Dec 2019 16:26:07|20|shiji@forstarfoods.com|DailyCatchEntry_New.php
10 Dec 2019 16:26:08|20|shiji@forstarfoods.com|DailyCatchEntry_New.php
10 Dec 2019 16:26:11|20|shiji@forstarfoods.com|DailyCatchEntry_New.php
10 Dec 2019 16:26:17|20|shiji@forstarfoods.com|DailyCatchEntry_New.php
10 Dec 2019 16:26:18|20|shiji@forstarfoods.com|CatchEntryDeclaredItem.php
10 Dec 2019 16:26:31|20|shiji@forstarfoods.com|DailyCatchEntry_New.php
10 Dec 2019 16:26:32|20|shiji@forstarfoods.com|DailyCatchEntry_New.php
10 Dec 2019 16:26:34|20|shiji@forstarfoods.com|DailyCatchEntry_New.php
10 Dec 2019 16:26:35|20|shiji@forstarfoods.com|DailyCatchEntry_New.php
10 Dec 2019 16:26:36|20|shiji@forstarfoods.com|DailyCatchEntry_New.php
10 Dec 2019 16:26:37|20|shiji@forstarfoods.com|DailyCatchEntry_New.php
10 Dec 2019 16:26:41|20|shiji@forstarfoods.com|DailyCatchEntry_New.php
10 Dec 2019 16:26:42|20|shiji@forstarfoods.com|DailyCatchEntry_New.php
10 Dec 2019 16:26:46|20|shiji@forstarfoods.com|DailyCatchEntry_New.php
10 Dec 2019 16:26:51|20|shiji@forstarfoods.com|DailyCatchEntry_New.php
10 Dec 2019 16:26:52|20|shiji@forstarfoods.com|DailyCatchEntry_New.php
10 Dec 2019 16:26:54|20|shiji@forstarfoods.com|DailyCatchEntry_New.php
10 Dec 2019 16:26:55|20|shiji@forstarfoods.com|DailyCatchEntry_New.php
10 Dec 2019 16:26:56|20|shiji@forstarfoods.com|DailyCatchEntry_New.php
10 Dec 2019 16:26:57|20|shiji@forstarfoods.com|DailyCatchEntry_New.php
10 Dec 2019 16:28:53|20|shiji@forstarfoods.com|DailyCatchEntry_New.php
10 Dec 2019 16:28:56|20|shiji@forstarfoods.com|DailyCatchEntry_New.php
10 Dec 2019 16:28:58|20|shiji@forstarfoods.com|CatchEntryDeclaredItem.php
10 Dec 2019 16:29:05|20|shiji@forstarfoods.com|DailyCatchEntry_New.php
10 Dec 2019 16:29:08|20|shiji@forstarfoods.com|DailyCatchEntry_New.php
10 Dec 2019 16:29:12|20|shiji@forstarfoods.com|DailyCatchEntry_New.php
10 Dec 2019 16:29:14|20|shiji@forstarfoods.com|DailyCatchEntry_New.php
10 Dec 2019 16:29:15|20|shiji@forstarfoods.com|DailyCatchEntry_New.php
10 Dec 2019 16:29:16|20|shiji@forstarfoods.com|DailyCatchEntry_New.php
10 Dec 2019 16:29:19|20|shiji@forstarfoods.com|DailyCatchEntry_New.php
10 Dec 2019 16:29:20|20|shiji@forstarfoods.com|DailyCatchEntry_New.php
10 Dec 2019 16:29:21|20|shiji@forstarfoods.com|DailyCatchEntry_New.php
10 Dec 2019 16:29:24|20|shiji@forstarfoods.com|DailyCatchEntry_New.php
10 Dec 2019 16:29:25|20|shiji@forstarfoods.com|CatchEntryDeclaredItem.php
10 Dec 2019 16:29:33|20|shiji@forstarfoods.com|DailyCatchEntry_New.php
10 Dec 2019 16:29:35|20|shiji@forstarfoods.com|DailyCatchEntry_New.php
10 Dec 2019 16:29:37|20|shiji@forstarfoods.com|DailyCatchEntry_New.php
10 Dec 2019 16:29:39|20|shiji@forstarfoods.com|DailyCatchEntry_New.php
10 Dec 2019 16:29:40|20|shiji@forstarfoods.com|DailyCatchEntry_New.php
10 Dec 2019 16:29:41|20|shiji@forstarfoods.com|DailyCatchEntry_New.php
10 Dec 2019 16:29:42|20|shiji@forstarfoods.com|DailyCatchEntry_New.php
10 Dec 2019 16:29:44|20|shiji@forstarfoods.com|DailyCatchEntry_New.php
10 Dec 2019 16:29:45|20|shiji@forstarfoods.com|DailyCatchEntry_New.php
10 Dec 2019 16:29:47|20|shiji@forstarfoods.com|DailyCatchEntry_New.php
10 Dec 2019 16:29:48|20|shiji@forstarfoods.com|CatchEntryDeclaredItem.php
10 Dec 2019 16:30:49|20|shiji@forstarfoods.com|DailyCatchEntry_New.php
10 Dec 2019 16:35:50|20|shiji@forstarfoods.com|DailyCatchEntry_New.php
10 Dec 2019 16:40:51|20|shiji@forstarfoods.com|DailyCatchEntry_New.php
10 Dec 2019 16:45:53|20|shiji@forstarfoods.com|DailyCatchEntry_New.php
10 Dec 2019 16:50:54|20|shiji@forstarfoods.com|DailyCatchEntry_New.php
10 Dec 2019 16:55:55|20|shiji@forstarfoods.com|DailyCatchEntry_New.php
10 Dec 2019 16:59:51|5|pradeep@forstarfoods.com|Home.php
10 Dec 2019 16:59:59|5|pradeep@forstarfoods.com|SettlementSummary.php
10 Dec 2019 17:00:13|5|pradeep@forstarfoods.com|SettlementSummary.php
10 Dec 2019 17:00:20|5|pradeep@forstarfoods.com|SettlementSummary.php
10 Dec 2019 17:00:56|20|shiji@forstarfoods.com|DailyCatchEntry_New.php
10 Dec 2019 17:01:06|5|pradeep@forstarfoods.com|SettlementSummary.php
10 Dec 2019 17:01:51|5|pradeep@forstarfoods.com|SettlementSummary.php
10 Dec 2019 17:02:46|5|pradeep@forstarfoods.com|SettlementSummary.php
10 Dec 2019 17:04:18|5|pradeep@forstarfoods.com|SettlementSummary.php
10 Dec 2019 17:05:58|20|shiji@forstarfoods.com|DailyCatchEntry_New.php
10 Dec 2019 17:05:58|5|pradeep@forstarfoods.com|SettlementSummary.php
10 Dec 2019 17:07:01|5|pradeep@forstarfoods.com|SettlementSummary.php
10 Dec 2019 17:10:59|20|shiji@forstarfoods.com|DailyCatchEntry_New.php
10 Dec 2019 17:16:00|20|shiji@forstarfoods.com|DailyCatchEntry_New.php
10 Dec 2019 17:21:02|20|shiji@forstarfoods.com|DailyCatchEntry_New.php
10 Dec 2019 17:26:03|20|shiji@forstarfoods.com|DailyCatchEntry_New.php
10 Dec 2019 17:31:04|20|shiji@forstarfoods.com|DailyCatchEntry_New.php
10 Dec 2019 17:36:06|20|shiji@forstarfoods.com|DailyCatchEntry_New.php
10 Dec 2019 17:41:07|20|shiji@forstarfoods.com|DailyCatchEntry_New.php
11 Dec 2019 10:36:38|20|shiji@forstarfoods.com|Home.php
11 Dec 2019 10:36:49|20|shiji@forstarfoods.com|DailyCatchReport.php
11 Dec 2019 10:36:57|20|shiji@forstarfoods.com|SupplierAccount.php
11 Dec 2019 10:37:05|20|shiji@forstarfoods.com|SupplierAccount.php
11 Dec 2019 10:37:08|20|shiji@forstarfoods.com|SupplierAccount.php
11 Dec 2019 10:37:16|20|shiji@forstarfoods.com|SupplierAccount.php
11 Dec 2019 10:37:33|20|shiji@forstarfoods.com|DailyCatchSummary.php
11 Dec 2019 10:37:39|20|shiji@forstarfoods.com|PurchaseStatement.php
11 Dec 2019 10:37:48|20|shiji@forstarfoods.com|PurchaseStatement.php
11 Dec 2019 10:37:51|20|shiji@forstarfoods.com|PurchaseStatement.php
11 Dec 2019 10:37:54|20|shiji@forstarfoods.com|PurchaseStatement.php
11 Dec 2019 10:37:56|20|shiji@forstarfoods.com|PrintPurchaseStatement.php
11 Dec 2019 10:38:07|20|shiji@forstarfoods.com|SettlementSummary.php
11 Dec 2019 10:38:18|20|shiji@forstarfoods.com|SettlementSummary.php
11 Dec 2019 10:38:22|20|shiji@forstarfoods.com|SettlementSummary.php
11 Dec 2019 10:38:28|20|shiji@forstarfoods.com|SettlementSummary.php
11 Dec 2019 10:38:31|20|shiji@forstarfoods.com|SupplierPayments.php
11 Dec 2019 10:38:32|20|shiji@forstarfoods.com|SupplierPayments.php
11 Dec 2019 10:38:34|20|shiji@forstarfoods.com|SupplierPayments.php
11 Dec 2019 10:38:36|20|shiji@forstarfoods.com|PurchaseStatement.php
11 Dec 2019 10:38:43|20|shiji@forstarfoods.com|PurchaseStatement.php
11 Dec 2019 10:38:47|20|shiji@forstarfoods.com|PurchaseStatement.php
11 Dec 2019 10:38:50|20|shiji@forstarfoods.com|PurchaseStatement.php
11 Dec 2019 10:38:52|20|shiji@forstarfoods.com|PrintPurchaseStatement.php
11 Dec 2019 10:51:24|20|shiji@forstarfoods.com|DailyCatchEntry_New.php
11 Dec 2019 10:58:34|20|shiji@forstarfoods.com|DailyCatchEntry_New.php
11 Dec 2019 10:58:36|20|shiji@forstarfoods.com|DailyCatchEntry_New.php
11 Dec 2019 10:58:37|20|shiji@forstarfoods.com|DailyCatchEntry_New.php
11 Dec 2019 10:58:39|20|shiji@forstarfoods.com|DailyCatchEntry_New.php
11 Dec 2019 10:58:40|20|shiji@forstarfoods.com|CatchEntryDeclaredItem.php
11 Dec 2019 10:58:41|20|shiji@forstarfoods.com|DailyCatchEntry_New.php
11 Dec 2019 10:58:48|20|shiji@forstarfoods.com|DailyCatchEntry_New.php
11 Dec 2019 10:58:49|20|shiji@forstarfoods.com|DailyCatchEntry_New.php
11 Dec 2019 10:58:51|20|shiji@forstarfoods.com|DailyCatchEntry_New.php
11 Dec 2019 10:58:52|20|shiji@forstarfoods.com|DailyCatchEntry_New.php
11 Dec 2019 10:58:53|20|shiji@forstarfoods.com|DailyCatchEntry_New.php
11 Dec 2019 10:58:55|20|shiji@forstarfoods.com|DailyCatchEntry_New.php
11 Dec 2019 10:58:56|20|shiji@forstarfoods.com|DailyCatchEntry_New.php
11 Dec 2019 10:58:57|20|shiji@forstarfoods.com|DailyCatchEntry_New.php
11 Dec 2019 10:58:59|20|shiji@forstarfoods.com|DailyCatchEntry_New.php
11 Dec 2019 10:59:00|20|shiji@forstarfoods.com|DailyCatchEntry_New.php
11 Dec 2019 10:59:02|20|shiji@forstarfoods.com|DailyCatchEntry_New.php
11 Dec 2019 10:59:03|20|shiji@forstarfoods.com|DailyCatchEntry_New.php
11 Dec 2019 10:59:05|20|shiji@forstarfoods.com|DailyCatchEntry_New.php
11 Dec 2019 10:59:11|20|shiji@forstarfoods.com|DailyCatchEntry_New.php
11 Dec 2019 10:59:30|20|shiji@forstarfoods.com|DailyCatchEntry_New.php
11 Dec 2019 10:59:32|20|shiji@forstarfoods.com|CatchEntryDeclaredItem.php
11 Dec 2019 10:59:56|20|shiji@forstarfoods.com|DailyCatchEntry_New.php
11 Dec 2019 11:00:01|20|shiji@forstarfoods.com|DailyCatchEntry_New.php
11 Dec 2019 11:00:05|20|shiji@forstarfoods.com|DailyCatchEntry_New.php
11 Dec 2019 11:00:10|20|shiji@forstarfoods.com|DailyCatchEntry_New.php
11 Dec 2019 11:00:11|20|shiji@forstarfoods.com|DailyCatchEntry_New.php
11 Dec 2019 11:00:13|20|shiji@forstarfoods.com|DailyCatchEntry_New.php
11 Dec 2019 11:00:14|20|shiji@forstarfoods.com|DailyCatchEntry_New.php
11 Dec 2019 11:00:15|20|shiji@forstarfoods.com|DailyCatchEntry_New.php
11 Dec 2019 11:00:16|20|shiji@forstarfoods.com|DailyCatchEntry_New.php
11 Dec 2019 11:00:17|20|shiji@forstarfoods.com|DailyCatchEntry_New.php
11 Dec 2019 11:00:19|20|shiji@forstarfoods.com|DailyCatchEntry_New.php
11 Dec 2019 11:00:20|20|shiji@forstarfoods.com|DailyCatchEntry_New.php
11 Dec 2019 11:00:21|20|shiji@forstarfoods.com|DailyCatchEntry_New.php
11 Dec 2019 11:00:22|20|shiji@forstarfoods.com|DailyCatchEntry_New.php
11 Dec 2019 11:00:24|20|shiji@forstarfoods.com|DailyCatchEntry_New.php
11 Dec 2019 11:02:15|20|shiji@forstarfoods.com|DailyCatchEntry_New.php
11 Dec 2019 11:02:17|20|shiji@forstarfoods.com|DailyCatchEntry_New.php
11 Dec 2019 11:02:19|20|shiji@forstarfoods.com|CatchEntryDeclaredItem.php
11 Dec 2019 11:02:24|20|shiji@forstarfoods.com|DailyCatchEntry_New.php
11 Dec 2019 11:02:26|20|shiji@forstarfoods.com|DailyCatchEntry_New.php
11 Dec 2019 11:02:28|20|shiji@forstarfoods.com|DailyCatchEntry_New.php
11 Dec 2019 11:02:29|20|shiji@forstarfoods.com|DailyCatchEntry_New.php
11 Dec 2019 11:02:30|20|shiji@forstarfoods.com|DailyCatchEntry_New.php
11 Dec 2019 11:02:32|20|shiji@forstarfoods.com|DailyCatchEntry_New.php
11 Dec 2019 11:02:33|20|shiji@forstarfoods.com|DailyCatchEntry_New.php
11 Dec 2019 11:02:34|20|shiji@forstarfoods.com|DailyCatchEntry_New.php
11 Dec 2019 11:02:35|20|shiji@forstarfoods.com|DailyCatchEntry_New.php
11 Dec 2019 11:02:37|20|shiji@forstarfoods.com|DailyCatchEntry_New.php
11 Dec 2019 11:02:38|20|shiji@forstarfoods.com|DailyCatchEntry_New.php
11 Dec 2019 11:02:39|20|shiji@forstarfoods.com|DailyCatchEntry_New.php
11 Dec 2019 11:02:40|20|shiji@forstarfoods.com|DailyCatchEntry_New.php
11 Dec 2019 11:02:42|20|shiji@forstarfoods.com|DailyCatchEntry_New.php
11 Dec 2019 11:02:43|20|shiji@forstarfoods.com|DailyCatchEntry_New.php
11 Dec 2019 11:02:44|20|shiji@forstarfoods.com|DailyCatchEntry_New.php
11 Dec 2019 11:02:45|20|shiji@forstarfoods.com|DailyCatchEntry_New.php
11 Dec 2019 11:02:46|20|shiji@forstarfoods.com|DailyCatchEntry_New.php
11 Dec 2019 11:02:48|20|shiji@forstarfoods.com|DailyCatchEntry_New.php
11 Dec 2019 11:02:56|20|shiji@forstarfoods.com|DailyCatchEntry_New.php
11 Dec 2019 11:02:57|20|shiji@forstarfoods.com|CatchEntryDeclaredItem.php
11 Dec 2019 11:03:04|20|shiji@forstarfoods.com|DailyCatchEntry_New.php
11 Dec 2019 11:03:06|20|shiji@forstarfoods.com|DailyCatchEntry_New.php
11 Dec 2019 11:03:08|20|shiji@forstarfoods.com|DailyCatchEntry_New.php
11 Dec 2019 11:03:09|20|shiji@forstarfoods.com|DailyCatchEntry_New.php
11 Dec 2019 11:03:10|20|shiji@forstarfoods.com|DailyCatchEntry_New.php
11 Dec 2019 11:03:11|20|shiji@forstarfoods.com|DailyCatchEntry_New.php
11 Dec 2019 11:03:13|20|shiji@forstarfoods.com|DailyCatchEntry_New.php
11 Dec 2019 11:03:14|20|shiji@forstarfoods.com|DailyCatchEntry_New.php
11 Dec 2019 11:03:15|20|shiji@forstarfoods.com|DailyCatchEntry_New.php
11 Dec 2019 11:03:16|20|shiji@forstarfoods.com|DailyCatchEntry_New.php
11 Dec 2019 11:03:18|20|shiji@forstarfoods.com|DailyCatchEntry_New.php
11 Dec 2019 11:03:19|20|shiji@forstarfoods.com|DailyCatchEntry_New.php
11 Dec 2019 11:03:20|20|shiji@forstarfoods.com|DailyCatchEntry_New.php
11 Dec 2019 11:03:21|20|shiji@forstarfoods.com|DailyCatchEntry_New.php
11 Dec 2019 11:03:23|20|shiji@forstarfoods.com|DailyCatchEntry_New.php
11 Dec 2019 11:03:24|20|shiji@forstarfoods.com|DailyCatchEntry_New.php
11 Dec 2019 11:03:25|20|shiji@forstarfoods.com|DailyCatchEntry_New.php
11 Dec 2019 11:03:26|20|shiji@forstarfoods.com|DailyCatchEntry_New.php
11 Dec 2019 11:03:28|20|shiji@forstarfoods.com|DailyCatchEntry_New.php
11 Dec 2019 11:03:30|20|shiji@forstarfoods.com|DailyCatchEntry_New.php
11 Dec 2019 11:03:31|20|shiji@forstarfoods.com|CatchEntryDeclaredItem.php
11 Dec 2019 11:03:35|20|shiji@forstarfoods.com|DailyCatchEntry_New.php
11 Dec 2019 11:03:36|20|shiji@forstarfoods.com|DailyCatchEntry_New.php
11 Dec 2019 11:03:39|20|shiji@forstarfoods.com|DailyCatchEntry_New.php
11 Dec 2019 11:03:42|20|shiji@forstarfoods.com|DailyCatchEntry_New.php
11 Dec 2019 11:03:44|20|shiji@forstarfoods.com|DailyCatchEntry_New.php
11 Dec 2019 11:03:45|20|shiji@forstarfoods.com|DailyCatchEntry_New.php
11 Dec 2019 11:03:46|20|shiji@forstarfoods.com|DailyCatchEntry_New.php
11 Dec 2019 11:03:48|20|shiji@forstarfoods.com|DailyCatchEntry_New.php
11 Dec 2019 11:03:49|20|shiji@forstarfoods.com|DailyCatchEntry_New.php
11 Dec 2019 11:03:50|20|shiji@forstarfoods.com|DailyCatchEntry_New.php
11 Dec 2019 11:03:51|20|shiji@forstarfoods.com|DailyCatchEntry_New.php
11 Dec 2019 11:03:52|20|shiji@forstarfoods.com|DailyCatchEntry_New.php
11 Dec 2019 11:03:54|20|shiji@forstarfoods.com|DailyCatchEntry_New.php
11 Dec 2019 11:03:55|20|shiji@forstarfoods.com|DailyCatchEntry_New.php
11 Dec 2019 11:03:56|20|shiji@forstarfoods.com|DailyCatchEntry_New.php
11 Dec 2019 11:03:57|20|shiji@forstarfoods.com|DailyCatchEntry_New.php
11 Dec 2019 11:03:59|20|shiji@forstarfoods.com|DailyCatchEntry_New.php
11 Dec 2019 11:04:00|20|shiji@forstarfoods.com|DailyCatchEntry_New.php
11 Dec 2019 11:04:08|20|shiji@forstarfoods.com|DailyCatchEntry_New.php
11 Dec 2019 11:04:11|20|shiji@forstarfoods.com|DailyCatchEntry_New.php
11 Dec 2019 11:04:12|20|shiji@forstarfoods.com|CatchEntryDeclaredItem.php
11 Dec 2019 11:04:15|20|shiji@forstarfoods.com|DailyCatchEntry_New.php
11 Dec 2019 11:04:17|20|shiji@forstarfoods.com|DailyCatchEntry_New.php
11 Dec 2019 11:04:20|20|shiji@forstarfoods.com|DailyCatchEntry_New.php
11 Dec 2019 11:04:21|20|shiji@forstarfoods.com|DailyCatchEntry_New.php
11 Dec 2019 11:04:22|20|shiji@forstarfoods.com|DailyCatchEntry_New.php
11 Dec 2019 11:04:23|20|shiji@forstarfoods.com|DailyCatchEntry_New.php
11 Dec 2019 11:04:25|20|shiji@forstarfoods.com|DailyCatchEntry_New.php
11 Dec 2019 11:04:26|20|shiji@forstarfoods.com|DailyCatchEntry_New.php
11 Dec 2019 11:04:27|20|shiji@forstarfoods.com|DailyCatchEntry_New.php
11 Dec 2019 11:04:28|20|shiji@forstarfoods.com|DailyCatchEntry_New.php
11 Dec 2019 11:04:30|20|shiji@forstarfoods.com|DailyCatchEntry_New.php
11 Dec 2019 11:04:31|20|shiji@forstarfoods.com|DailyCatchEntry_New.php
11 Dec 2019 11:04:32|20|shiji@forstarfoods.com|DailyCatchEntry_New.php
11 Dec 2019 11:04:33|20|shiji@forstarfoods.com|DailyCatchEntry_New.php
11 Dec 2019 11:04:35|20|shiji@forstarfoods.com|DailyCatchEntry_New.php
11 Dec 2019 11:04:36|20|shiji@forstarfoods.com|DailyCatchEntry_New.php
11 Dec 2019 11:04:46|20|shiji@forstarfoods.com|DailyCatchEntry_New.php