
30 Sep 2019 10:43:55|20|shiji@forstarfoods.com|CatchEntryDeclaredItem.php
30 Sep 2019 10:44:02|20|shiji@forstarfoods.com|DailyCatchEntry_New.php
30 Sep 2019 10:44:04|20|shiji@forstarfoods.com|DailyCatchEntry_New.php
30 Sep 2019 10:44:06|20|shiji@forstarfoods.com|DailyCatchEntry_New.php
30 Sep 2019 10:44:07|20|shiji@forstarfoods.com|DailyCatchEntry_New.php
30 Sep 2019 10:44:08|20|shiji@forstarfoods.com|DailyCatchEntry_New.php
30 Sep 2019 10:44:10|20|shiji@forstarfoods.com|DailyCatchEntry_New.php
30 Sep 2019 10:44:11|20|shiji@forstarfoods.com|DailyCatchEntry_New.php
30 Sep 2019 10:44:12|20|shiji@forstarfoods.com|DailyCatchEntry_New.php
30 Sep 2019 10:44:13|20|shiji@forstarfoods.com|DailyCatchEntry_New.php
30 Sep 2019 10:46:44|20|shiji@forstarfoods.com|DailyCatchEntry_New.php
30 Sep 2019 10:46:45|20|shiji@forstarfoods.com|CatchEntryDeclaredItem.php
30 Sep 2019 10:48:00|20|shiji@forstarfoods.com|DailyCatchEntry_New.php
30 Sep 2019 10:52:47|20|shiji@forstarfoods.com|DailyCatchEntry_New.php
30 Sep 2019 10:52:48|20|shiji@forstarfoods.com|DailyCatchEntry_New.php
30 Sep 2019 10:52:49|20|shiji@forstarfoods.com|DailyCatchEntry_New.php
30 Sep 2019 10:52:53|20|shiji@forstarfoods.com|DailyCatchEntry_New.php
30 Sep 2019 10:53:01|20|shiji@forstarfoods.com|DailyCatchEntry_New.php
30 Sep 2019 10:58:03|20|shiji@forstarfoods.com|DailyCatchEntry_New.php
30 Sep 2019 11:03:04|20|shiji@forstarfoods.com|DailyCatchEntry_New.php
30 Sep 2019 11:08:06|20|shiji@forstarfoods.com|DailyCatchEntry_New.php
30 Sep 2019 11:13:07|20|shiji@forstarfoods.com|DailyCatchEntry_New.php
30 Sep 2019 11:14:23|30|pritirm@forstarfoods.com|SettlementSummary.php
30 Sep 2019 11:14:27|30|pritirm@forstarfoods.com|PurchaseStatement.php
30 Sep 2019 11:14:34|30|pritirm@forstarfoods.com|PurchaseStatement.php
30 Sep 2019 11:14:38|30|pritirm@forstarfoods.com|PurchaseStatement.php
30 Sep 2019 11:14:42|30|pritirm@forstarfoods.com|PrintPurchaseStatement.php
30 Sep 2019 11:15:12|30|pritirm@forstarfoods.com|PurchaseStatement.php
30 Sep 2019 11:15:21|30|pritirm@forstarfoods.com|PurchaseStatement.php
30 Sep 2019 11:15:24|30|pritirm@forstarfoods.com|PrintPurchaseStatement.php
30 Sep 2019 11:15:42|30|pritirm@forstarfoods.com|SettlementSummary.php
30 Sep 2019 11:15:48|30|pritirm@forstarfoods.com|SettlementSummary.php
30 Sep 2019 11:15:53|30|pritirm@forstarfoods.com|SettlementSummary.php
30 Sep 2019 11:16:01|30|pritirm@forstarfoods.com|SettlementSummary.php
30 Sep 2019 11:16:04|30|pritirm@forstarfoods.com|SupplierPayments.php
30 Sep 2019 11:16:05|30|pritirm@forstarfoods.com|SupplierPayments.php
30 Sep 2019 11:16:06|30|pritirm@forstarfoods.com|SupplierPayments.php
30 Sep 2019 11:16:10|30|pritirm@forstarfoods.com|PurchaseStatement.php
30 Sep 2019 11:16:17|30|pritirm@forstarfoods.com|PurchaseStatement.php
30 Sep 2019 11:16:21|30|pritirm@forstarfoods.com|PurchaseStatement.php
30 Sep 2019 11:16:23|30|pritirm@forstarfoods.com|PrintPurchaseStatement.php
30 Sep 2019 11:18:09|20|shiji@forstarfoods.com|DailyCatchEntry_New.php
30 Sep 2019 11:23:10|20|shiji@forstarfoods.com|DailyCatchEntry_New.php
30 Sep 2019 11:28:11|20|shiji@forstarfoods.com|DailyCatchEntry_New.php
30 Sep 2019 11:33:13|20|shiji@forstarfoods.com|DailyCatchEntry_New.php
30 Sep 2019 11:38:14|20|shiji@forstarfoods.com|DailyCatchEntry_New.php
30 Sep 2019 11:43:16|20|shiji@forstarfoods.com|DailyCatchEntry_New.php
30 Sep 2019 11:48:17|20|shiji@forstarfoods.com|DailyCatchEntry_New.php
30 Sep 2019 11:52:30|20|shiji@forstarfoods.com|SupplierAccount.php
30 Sep 2019 11:52:57|20|shiji@forstarfoods.com|SupplierAccount.php
30 Sep 2019 11:53:03|20|shiji@forstarfoods.com|SupplierAccount.php
30 Sep 2019 11:53:09|20|shiji@forstarfoods.com|SupplierAccount.php
30 Sep 2019 11:53:17|20|shiji@forstarfoods.com|SupplierAccount.php
30 Sep 2019 11:53:52|20|shiji@forstarfoods.com|SupplierAccount.php
30 Sep 2019 11:53:56|20|shiji@forstarfoods.com|SupplierAccount.php
30 Sep 2019 11:54:28|20|shiji@forstarfoods.com|SupplierAccount.php
30 Sep 2019 11:54:39|20|shiji@forstarfoods.com|SupplierAccount.php
30 Sep 2019 11:54:44|20|shiji@forstarfoods.com|SupplierAccount.php
30 Sep 2019 11:55:38|20|shiji@forstarfoods.com|SupplierAccount.php
30 Sep 2019 11:55:55|20|shiji@forstarfoods.com|SupplierAccount.php
30 Sep 2019 11:56:15|20|shiji@forstarfoods.com|SupplierAccount.php
30 Sep 2019 11:56:19|20|shiji@forstarfoods.com|SupplierAccount.php
30 Sep 2019 11:56:37|20|shiji@forstarfoods.com|SupplierAccount.php
30 Sep 2019 11:56:44|20|shiji@forstarfoods.com|SupplierAccount.php
30 Sep 2019 11:58:21|20|shiji@forstarfoods.com|SupplierAccount.php
30 Sep 2019 11:58:30|20|shiji@forstarfoods.com|SupplierAccount.php
30 Sep 2019 11:58:34|20|shiji@forstarfoods.com|SupplierAccount.php
30 Sep 2019 11:58:52|20|shiji@forstarfoods.com|SupplierAccount.php
30 Sep 2019 12:01:19|20|shiji@forstarfoods.com|DailyCatchReport.php
30 Sep 2019 12:01:24|20|shiji@forstarfoods.com|DailyCatchReport.php
30 Sep 2019 12:01:28|20|shiji@forstarfoods.com|DailyCatchReport.php
30 Sep 2019 12:01:30|20|shiji@forstarfoods.com|DailyCatchReport.php
30 Sep 2019 12:01:32|20|shiji@forstarfoods.com|DailyCatchReport.php
30 Sep 2019 12:01:33|20|shiji@forstarfoods.com|DailyCatchReport.php
30 Sep 2019 12:01:34|20|shiji@forstarfoods.com|PrintDailyCatchReportMemo.php
30 Sep 2019 12:01:45|20|shiji@forstarfoods.com|SupplierAccount.php
30 Sep 2019 12:01:53|20|shiji@forstarfoods.com|SupplierAccount.php
30 Sep 2019 12:01:57|20|shiji@forstarfoods.com|SupplierAccount.php
30 Sep 2019 12:02:00|20|shiji@forstarfoods.com|SupplierAccount.php
30 Sep 2019 12:02:04|20|shiji@forstarfoods.com|SupplierAccount.php
30 Sep 2019 12:02:46|20|shiji@forstarfoods.com|SupplierAccount.php
30 Sep 2019 12:02:55|20|shiji@forstarfoods.com|SupplierAccount.php
30 Sep 2019 12:02:58|20|shiji@forstarfoods.com|SupplierAccount.php
30 Sep 2019 12:03:39|20|shiji@forstarfoods.com|SupplierAccount.php
30 Sep 2019 12:03:45|20|shiji@forstarfoods.com|SupplierAccount.php
30 Sep 2019 12:03:48|20|shiji@forstarfoods.com|SupplierAccount.php
30 Sep 2019 12:04:39|20|shiji@forstarfoods.com|SupplierAccount.php
30 Sep 2019 12:05:04|20|shiji@forstarfoods.com|SupplierAccount.php
30 Sep 2019 12:05:22|20|shiji@forstarfoods.com|SupplierAccount.php
30 Sep 2019 12:08:55|20|shiji@forstarfoods.com|DailyCatchReport.php
30 Sep 2019 12:09:02|20|shiji@forstarfoods.com|DailyCatchReport.php
30 Sep 2019 12:09:05|20|shiji@forstarfoods.com|DailyCatchReport.php
30 Sep 2019 12:09:07|20|shiji@forstarfoods.com|DailyCatchReport.php
30 Sep 2019 12:09:09|20|shiji@forstarfoods.com|DailyCatchReport.php
30 Sep 2019 12:09:10|20|shiji@forstarfoods.com|DailyCatchReport.php
30 Sep 2019 12:09:19|20|shiji@forstarfoods.com|DailyCatchReport.php
30 Sep 2019 12:09:21|20|shiji@forstarfoods.com|DailyCatchReport.php
30 Sep 2019 12:09:22|20|shiji@forstarfoods.com|DailyCatchReport.php
30 Sep 2019 12:09:28|20|shiji@forstarfoods.com|SupplierAccount.php
30 Sep 2019 12:09:36|20|shiji@forstarfoods.com|SupplierAccount.php
30 Sep 2019 12:09:45|20|shiji@forstarfoods.com|SupplierAccount.php
30 Sep 2019 12:09:48|20|shiji@forstarfoods.com|SupplierAccount.php
30 Sep 2019 12:10:31|20|shiji@forstarfoods.com|SupplierAccount.php
30 Sep 2019 12:10:35|20|shiji@forstarfoods.com|SupplierAccount.php
30 Sep 2019 12:17:44|20|shiji@forstarfoods.com|SupplierAccount.php
30 Sep 2019 12:17:50|20|shiji@forstarfoods.com|SupplierAccount.php
30 Sep 2019 12:19:57|30|pritirm@forstarfoods.com|DailyCatchEntry_New.php
30 Sep 2019 12:20:36|20|shiji@forstarfoods.com|SupplierAccount.php
30 Sep 2019 12:20:41|20|shiji@forstarfoods.com|SupplierAccount.php
30 Sep 2019 12:21:01|20|shiji@forstarfoods.com|SupplierAccount.php
30 Sep 2019 12:21:05|20|shiji@forstarfoods.com|SupplierAccount.php
30 Sep 2019 12:21:07|30|pritirm@forstarfoods.com|DailyCatchEntry_New.php
30 Sep 2019 12:21:09|30|pritirm@forstarfoods.com|DailyCatchEntry_New.php
30 Sep 2019 12:21:11|30|pritirm@forstarfoods.com|DailyCatchEntry_New.php
30 Sep 2019 12:21:12|30|pritirm@forstarfoods.com|DailyCatchEntry_New.php
30 Sep 2019 12:21:13|30|pritirm@forstarfoods.com|CatchEntryDeclaredItem.php
30 Sep 2019 12:21:14|30|pritirm@forstarfoods.com|DailyCatchEntry_New.php
30 Sep 2019 12:21:19|30|pritirm@forstarfoods.com|DailyCatchEntry_New.php
30 Sep 2019 12:21:20|30|pritirm@forstarfoods.com|DailyCatchEntry_New.php
30 Sep 2019 12:21:21|30|pritirm@forstarfoods.com|DailyCatchEntry_New.php
30 Sep 2019 12:21:23|30|pritirm@forstarfoods.com|DailyCatchEntry_New.php
30 Sep 2019 12:21:24|30|pritirm@forstarfoods.com|DailyCatchEntry_New.php
30 Sep 2019 12:21:30|30|pritirm@forstarfoods.com|DailyCatchEntry_New.php
30 Sep 2019 12:21:32|30|pritirm@forstarfoods.com|DailyCatchEntry_New.php
30 Sep 2019 12:21:33|30|pritirm@forstarfoods.com|DailyCatchEntry_New.php
30 Sep 2019 12:21:43|30|pritirm@forstarfoods.com|DailyCatchEntry_New.php
30 Sep 2019 12:22:02|20|shiji@forstarfoods.com|SupplierAccount.php
30 Sep 2019 12:22:04|30|pritirm@forstarfoods.com|DailyCatchEntry_New.php
30 Sep 2019 12:22:05|30|pritirm@forstarfoods.com|CatchEntryDeclaredItem.php
30 Sep 2019 12:22:06|20|shiji@forstarfoods.com|SupplierAccount.php
30 Sep 2019 12:22:15|30|pritirm@forstarfoods.com|DailyCatchEntry_New.php
30 Sep 2019 12:22:17|30|pritirm@forstarfoods.com|DailyCatchEntry_New.php
30 Sep 2019 12:22:19|30|pritirm@forstarfoods.com|DailyCatchEntry_New.php
30 Sep 2019 12:22:25|30|pritirm@forstarfoods.com|DailyCatchEntry_New.php
30 Sep 2019 12:22:27|30|pritirm@forstarfoods.com|DailyCatchEntry_New.php
30 Sep 2019 12:22:33|30|pritirm@forstarfoods.com|DailyCatchEntry_New.php
30 Sep 2019 12:22:34|30|pritirm@forstarfoods.com|DailyCatchEntry_New.php
30 Sep 2019 12:22:35|30|pritirm@forstarfoods.com|DailyCatchEntry_New.php
30 Sep 2019 12:22:37|30|pritirm@forstarfoods.com|DailyCatchEntry_New.php
30 Sep 2019 12:22:38|30|pritirm@forstarfoods.com|DailyCatchEntry_New.php
30 Sep 2019 12:22:39|30|pritirm@forstarfoods.com|DailyCatchEntry_New.php
30 Sep 2019 12:22:45|30|pritirm@forstarfoods.com|DailyCatchEntry_New.php
30 Sep 2019 12:22:48|30|pritirm@forstarfoods.com|DailyCatchEntry_New.php
30 Sep 2019 12:22:49|30|pritirm@forstarfoods.com|CatchEntryDeclaredItem.php
30 Sep 2019 12:23:06|20|shiji@forstarfoods.com|SupplierAccount.php
30 Sep 2019 12:23:10|20|shiji@forstarfoods.com|SupplierAccount.php
30 Sep 2019 12:23:25|30|pritirm@forstarfoods.com|DailyCatchEntry_New.php
30 Sep 2019 12:23:27|30|pritirm@forstarfoods.com|DailyCatchEntry_New.php
30 Sep 2019 12:23:28|30|pritirm@forstarfoods.com|DailyCatchEntry_New.php
30 Sep 2019 12:23:33|30|pritirm@forstarfoods.com|DailyCatchEntry_New.php
30 Sep 2019 12:23:40|30|pritirm@forstarfoods.com|DailyCatchEntry_New.php
30 Sep 2019 12:23:42|30|pritirm@forstarfoods.com|CatchEntryDeclaredItem.php
30 Sep 2019 12:23:49|20|shiji@forstarfoods.com|SupplierAccount.php
30 Sep 2019 12:23:54|20|shiji@forstarfoods.com|SupplierAccount.php
30 Sep 2019 12:24:20|30|pritirm@forstarfoods.com|DailyCatchEntry_New.php
30 Sep 2019 12:24:23|30|pritirm@forstarfoods.com|DailyCatchEntry_New.php
30 Sep 2019 12:24:25|30|pritirm@forstarfoods.com|DailyCatchEntry_New.php
30 Sep 2019 12:24:32|30|pritirm@forstarfoods.com|DailyCatchEntry_New.php
30 Sep 2019 12:24:33|30|pritirm@forstarfoods.com|DailyCatchEntry_New.php
30 Sep 2019 12:24:35|20|shiji@forstarfoods.com|SupplierAccount.php
30 Sep 2019 12:24:35|30|pritirm@forstarfoods.com|DailyCatchEntry_New.php
30 Sep 2019 12:24:36|30|pritirm@forstarfoods.com|DailyCatchEntry_New.php
30 Sep 2019 12:24:37|30|pritirm@forstarfoods.com|DailyCatchEntry_New.php
30 Sep 2019 12:24:38|30|pritirm@forstarfoods.com|DailyCatchEntry_New.php
30 Sep 2019 12:24:39|20|shiji@forstarfoods.com|SupplierAccount.php
30 Sep 2019 12:24:43|30|pritirm@forstarfoods.com|DailyCatchEntry_New.php
30 Sep 2019 12:24:45|30|pritirm@forstarfoods.com|DailyCatchEntry_New.php
30 Sep 2019 12:24:46|30|pritirm@forstarfoods.com|CatchEntryDeclaredItem.php
30 Sep 2019 12:24:53|30|pritirm@forstarfoods.com|DailyCatchEntry_New.php
30 Sep 2019 12:24:55|30|pritirm@forstarfoods.com|DailyCatchEntry_New.php
30 Sep 2019 12:24:58|30|pritirm@forstarfoods.com|DailyCatchEntry_New.php
30 Sep 2019 12:24:59|30|pritirm@forstarfoods.com|DailyCatchEntry_New.php
30 Sep 2019 12:25:00|30|pritirm@forstarfoods.com|DailyCatchEntry_New.php
30 Sep 2019 12:25:01|30|pritirm@forstarfoods.com|DailyCatchEntry_New.php
30 Sep 2019 12:25:03|30|pritirm@forstarfoods.com|DailyCatchEntry_New.php
30 Sep 2019 12:25:04|30|pritirm@forstarfoods.com|DailyCatchEntry_New.php
30 Sep 2019 12:25:10|30|pritirm@forstarfoods.com|DailyCatchEntry_New.php
30 Sep 2019 12:25:13|30|pritirm@forstarfoods.com|DailyCatchEntry_New.php
30 Sep 2019 12:25:14|30|pritirm@forstarfoods.com|CatchEntryDeclaredItem.php
30 Sep 2019 12:25:18|30|pritirm@forstarfoods.com|DailyCatchEntry_New.php
30 Sep 2019 12:25:20|30|pritirm@forstarfoods.com|DailyCatchEntry_New.php
30 Sep 2019 12:25:27|30|pritirm@forstarfoods.com|DailyCatchEntry_New.php
30 Sep 2019 12:25:29|30|pritirm@forstarfoods.com|DailyCatchEntry_New.php
30 Sep 2019 12:25:30|30|pritirm@forstarfoods.com|DailyCatchEntry_New.php
30 Sep 2019 12:25:31|30|pritirm@forstarfoods.com|DailyCatchEntry_New.php
30 Sep 2019 12:25:32|30|pritirm@forstarfoods.com|DailyCatchEntry_New.php
30 Sep 2019 12:25:34|30|pritirm@forstarfoods.com|DailyCatchEntry_New.php
30 Sep 2019 12:25:42|30|pritirm@forstarfoods.com|DailyCatchEntry_New.php
30 Sep 2019 12:25:45|30|pritirm@forstarfoods.com|DailyCatchEntry_New.php
30 Sep 2019 12:25:46|30|pritirm@forstarfoods.com|CatchEntryDeclaredItem.php
30 Sep 2019 12:25:58|30|pritirm@forstarfoods.com|DailyCatchEntry_New.php
30 Sep 2019 12:25:59|30|pritirm@forstarfoods.com|DailyCatchEntry_New.php
30 Sep 2019 12:26:03|30|pritirm@forstarfoods.com|DailyCatchEntry_New.php
30 Sep 2019 12:26:04|30|pritirm@forstarfoods.com|DailyCatchEntry_New.php
30 Sep 2019 12:26:05|30|pritirm@forstarfoods.com|DailyCatchEntry_New.php
30 Sep 2019 12:26:07|30|pritirm@forstarfoods.com|DailyCatchEntry_New.php
30 Sep 2019 12:26:08|30|pritirm@forstarfoods.com|DailyCatchEntry_New.php
30 Sep 2019 12:26:09|30|pritirm@forstarfoods.com|DailyCatchEntry_New.php
30 Sep 2019 12:26:10|30|pritirm@forstarfoods.com|DailyCatchEntry_New.php
30 Sep 2019 12:26:20|30|pritirm@forstarfoods.com|DailyCatchEntry_New.php
30 Sep 2019 12:26:28|30|pritirm@forstarfoods.com|DailyCatchEntry_New.php
30 Sep 2019 12:26:37|30|pritirm@forstarfoods.com|CatchEntryDeclaredItem.php
30 Sep 2019 12:26:45|30|pritirm@forstarfoods.com|DailyCatchEntry_New.php
30 Sep 2019 12:26:47|30|pritirm@forstarfoods.com|DailyCatchEntry_New.php
30 Sep 2019 12:26:50|30|pritirm@forstarfoods.com|DailyCatchEntry_New.php
30 Sep 2019 12:26:51|30|pritirm@forstarfoods.com|DailyCatchEntry_New.php
30 Sep 2019 12:26:52|30|pritirm@forstarfoods.com|DailyCatchEntry_New.php
30 Sep 2019 12:26:54|30|pritirm@forstarfoods.com|DailyCatchEntry_New.php
30 Sep 2019 12:26:55|30|pritirm@forstarfoods.com|DailyCatchEntry_New.php
30 Sep 2019 12:26:56|30|pritirm@forstarfoods.com|DailyCatchEntry_New.php
30 Sep 2019 12:27:00|30|pritirm@forstarfoods.com|DailyCatchEntry_New.php
30 Sep 2019 12:27:03|30|pritirm@forstarfoods.com|DailyCatchEntry_New.php
30 Sep 2019 12:27:05|30|pritirm@forstarfoods.com|CatchEntryDeclaredItem.php
30 Sep 2019 12:27:09|30|pritirm@forstarfoods.com|DailyCatchEntry_New.php
30 Sep 2019 12:27:11|30|pritirm@forstarfoods.com|DailyCatchEntry_New.php
30 Sep 2019 12:27:13|30|pritirm@forstarfoods.com|DailyCatchEntry_New.php
30 Sep 2019 12:27:15|30|pritirm@forstarfoods.com|DailyCatchEntry_New.php
30 Sep 2019 12:27:16|30|pritirm@forstarfoods.com|DailyCatchEntry_New.php
30 Sep 2019 12:27:17|30|pritirm@forstarfoods.com|DailyCatchEntry_New.php
30 Sep 2019 12:27:18|30|pritirm@forstarfoods.com|DailyCatchEntry_New.php
30 Sep 2019 12:27:20|30|pritirm@forstarfoods.com|DailyCatchEntry_New.php
30 Sep 2019 12:27:35|30|pritirm@forstarfoods.com|DailyCatchEntry_New.php
30 Sep 2019 12:27:38|30|pritirm@forstarfoods.com|DailyCatchEntry_New.php
30 Sep 2019 12:27:39|30|pritirm@forstarfoods.com|CatchEntryDeclaredItem.php
30 Sep 2019 12:27:44|30|pritirm@forstarfoods.com|DailyCatchEntry_New.php
30 Sep 2019 12:27:46|30|pritirm@forstarfoods.com|DailyCatchEntry_New.php
30 Sep 2019 12:27:49|30|pritirm@forstarfoods.com|DailyCatchEntry_New.php
30 Sep 2019 12:27:50|30|pritirm@forstarfoods.com|DailyCatchEntry_New.php
30 Sep 2019 12:27:51|30|pritirm@forstarfoods.com|DailyCatchEntry_New.php
30 Sep 2019 12:27:53|30|pritirm@forstarfoods.com|DailyCatchEntry_New.php
30 Sep 2019 12:27:54|30|pritirm@forstarfoods.com|DailyCatchEntry_New.php
30 Sep 2019 12:27:55|30|pritirm@forstarfoods.com|DailyCatchEntry_New.php
30 Sep 2019 12:28:00|30|pritirm@forstarfoods.com|DailyCatchEntry_New.php
30 Sep 2019 12:28:01|30|pritirm@forstarfoods.com|DailyCatchEntry_New.php
30 Sep 2019 12:28:02|30|pritirm@forstarfoods.com|DailyCatchEntry_New.php
30 Sep 2019 12:28:03|30|pritirm@forstarfoods.com|DailyCatchEntry_New.php
30 Sep 2019 12:28:05|30|pritirm@forstarfoods.com|DailyCatchEntry_New.php
30 Sep 2019 12:28:06|30|pritirm@forstarfoods.com|DailyCatchEntry_New.php
30 Sep 2019 12:28:08|30|pritirm@forstarfoods.com|DailyCatchEntry_New.php
30 Sep 2019 12:28:11|30|pritirm@forstarfoods.com|DailyCatchEntry_New.php
30 Sep 2019 12:28:12|30|pritirm@forstarfoods.com|CatchEntryDeclaredItem.php
30 Sep 2019 12:29:59|20|shiji@forstarfoods.com|SupplierAccount.php
30 Sep 2019 12:30:03|20|shiji@forstarfoods.com|SupplierAccount.php
30 Sep 2019 12:31:12|30|pritirm@forstarfoods.com|DailyCatchEntry_New.php
30 Sep 2019 12:31:12|20|shiji@forstarfoods.com|SupplierAccount.php
30 Sep 2019 12:31:16|20|shiji@forstarfoods.com|SupplierAccount.php
30 Sep 2019 12:31:38|20|shiji@forstarfoods.com|SupplierAccount.php
30 Sep 2019 12:31:42|20|shiji@forstarfoods.com|SupplierAccount.php
30 Sep 2019 12:31:52|30|pritirm@forstarfoods.com|DailyCatchEntry_New.php
30 Sep 2019 12:31:53|30|pritirm@forstarfoods.com|DailyCatchEntry_New.php
30 Sep 2019 12:31:54|30|pritirm@forstarfoods.com|DailyCatchEntry_New.php
30 Sep 2019 12:31:59|30|pritirm@forstarfoods.com|DailyCatchEntry_New.php
30 Sep 2019 12:32:07|30|pritirm@forstarfoods.com|DailyCatchEntry_New.php
30 Sep 2019 12:32:08|30|pritirm@forstarfoods.com|CatchEntryDeclaredItem.php
30 Sep 2019 12:32:17|30|pritirm@forstarfoods.com|DailyCatchEntry_New.php
30 Sep 2019 12:32:19|30|pritirm@forstarfoods.com|DailyCatchEntry_New.php
30 Sep 2019 12:32:20|30|pritirm@forstarfoods.com|DailyCatchEntry_New.php
30 Sep 2019 12:32:27|30|pritirm@forstarfoods.com|DailyCatchEntry_New.php
30 Sep 2019 12:32:27|20|shiji@forstarfoods.com|SupplierAccount.php
30 Sep 2019 12:32:28|30|pritirm@forstarfoods.com|DailyCatchEntry_New.php
30 Sep 2019 12:32:31|30|pritirm@forstarfoods.com|DailyCatchEntry_New.php
30 Sep 2019 12:32:31|20|shiji@forstarfoods.com|SupplierAccount.php
30 Sep 2019 12:32:32|30|pritirm@forstarfoods.com|DailyCatchEntry_New.php
30 Sep 2019 12:32:33|30|pritirm@forstarfoods.com|DailyCatchEntry_New.php
30 Sep 2019 12:32:34|30|pritirm@forstarfoods.com|DailyCatchEntry_New.php
30 Sep 2019 12:32:36|30|pritirm@forstarfoods.com|DailyCatchEntry_New.php
30 Sep 2019 12:32:37|30|pritirm@forstarfoods.com|DailyCatchEntry_New.php
30 Sep 2019 12:32:38|30|pritirm@forstarfoods.com|DailyCatchEntry_New.php
30 Sep 2019 12:32:42|30|pritirm@forstarfoods.com|DailyCatchEntry_New.php
30 Sep 2019 12:32:43|30|pritirm@forstarfoods.com|CatchEntryDeclaredItem.php
30 Sep 2019 12:32:45|30|pritirm@forstarfoods.com|DailyCatchEntry_New.php
30 Sep 2019 12:32:47|30|pritirm@forstarfoods.com|DailyCatchEntry_New.php
30 Sep 2019 12:32:55|30|pritirm@forstarfoods.com|DailyCatchEntry_New.php
30 Sep 2019 12:32:56|30|pritirm@forstarfoods.com|DailyCatchEntry_New.php
30 Sep 2019 12:32:57|30|pritirm@forstarfoods.com|DailyCatchEntry_New.php
30 Sep 2019 12:32:58|30|pritirm@forstarfoods.com|DailyCatchEntry_New.php
30 Sep 2019 12:33:00|30|pritirm@forstarfoods.com|DailyCatchEntry_New.php
30 Sep 2019 12:33:01|30|pritirm@forstarfoods.com|DailyCatchEntry_New.php
30 Sep 2019 12:33:03|30|pritirm@forstarfoods.com|DailyCatchEntry_New.php
30 Sep 2019 12:33:06|30|pritirm@forstarfoods.com|DailyCatchEntry_New.php
30 Sep 2019 12:33:07|30|pritirm@forstarfoods.com|CatchEntryDeclaredItem.php
30 Sep 2019 12:33:10|30|pritirm@forstarfoods.com|DailyCatchEntry_New.php
30 Sep 2019 12:33:11|30|pritirm@forstarfoods.com|DailyCatchEntry_New.php
30 Sep 2019 12:33:12|30|pritirm@forstarfoods.com|DailyCatchEntry_New.php
30 Sep 2019 12:33:13|20|shiji@forstarfoods.com|SupplierAccount.php
30 Sep 2019 12:33:13|30|pritirm@forstarfoods.com|DailyCatchEntry_New.php
30 Sep 2019 12:33:15|30|pritirm@forstarfoods.com|DailyCatchEntry_New.php
30 Sep 2019 12:33:16|30|pritirm@forstarfoods.com|DailyCatchEntry_New.php
30 Sep 2019 12:33:16|20|shiji@forstarfoods.com|SupplierAccount.php
30 Sep 2019 12:33:17|30|pritirm@forstarfoods.com|DailyCatchEntry_New.php
30 Sep 2019 12:33:18|30|pritirm@forstarfoods.com|DailyCatchEntry_New.php
30 Sep 2019 12:33:26|30|pritirm@forstarfoods.com|DailyCatchEntry_New.php
30 Sep 2019 12:33:30|30|pritirm@forstarfoods.com|DailyCatchEntry_New.php
30 Sep 2019 12:33:31|30|pritirm@forstarfoods.com|CatchEntryDeclaredItem.php
30 Sep 2019 12:33:33|30|pritirm@forstarfoods.com|DailyCatchEntry_New.php
30 Sep 2019 12:33:35|30|pritirm@forstarfoods.com|DailyCatchEntry_New.php
30 Sep 2019 12:33:45|30|pritirm@forstarfoods.com|DailyCatchEntry_New.php
30 Sep 2019 12:33:46|30|pritirm@forstarfoods.com|DailyCatchEntry_New.php
30 Sep 2019 12:33:47|30|pritirm@forstarfoods.com|DailyCatchEntry_New.php
30 Sep 2019 12:33:48|30|pritirm@forstarfoods.com|DailyCatchEntry_New.php
30 Sep 2019 12:33:49|30|pritirm@forstarfoods.com|DailyCatchEntry_New.php
30 Sep 2019 12:33:51|30|pritirm@forstarfoods.com|DailyCatchEntry_New.php
30 Sep 2019 12:33:57|30|pritirm@forstarfoods.com|DailyCatchEntry_New.php
30 Sep 2019 12:34:00|30|pritirm@forstarfoods.com|DailyCatchEntry_New.php
30 Sep 2019 12:34:01|20|shiji@forstarfoods.com|SupplierAccount.php
30 Sep 2019 12:34:02|30|pritirm@forstarfoods.com|CatchEntryDeclaredItem.php
30 Sep 2019 12:34:07|20|shiji@forstarfoods.com|SupplierAccount.php
30 Sep 2019 12:34:07|30|pritirm@forstarfoods.com|DailyCatchEntry_New.php
30 Sep 2019 12:34:09|30|pritirm@forstarfoods.com|DailyCatchEntry_New.php
30 Sep 2019 12:34:12|30|pritirm@forstarfoods.com|DailyCatchEntry_New.php
30 Sep 2019 12:34:14|30|pritirm@forstarfoods.com|DailyCatchEntry_New.php
30 Sep 2019 12:34:15|30|pritirm@forstarfoods.com|DailyCatchEntry_New.php
30 Sep 2019 12:34:16|30|pritirm@forstarfoods.com|DailyCatchEntry_New.php
30 Sep 2019 12:34:17|30|pritirm@forstarfoods.com|DailyCatchEntry_New.php
30 Sep 2019 12:34:19|30|pritirm@forstarfoods.com|DailyCatchEntry_New.php
30 Sep 2019 12:34:34|30|pritirm@forstarfoods.com|DailyCatchEntry_New.php
30 Sep 2019 12:34:35|30|pritirm@forstarfoods.com|DailyCatchEntry_New.php
30 Sep 2019 12:34:37|30|pritirm@forstarfoods.com|CatchEntryDeclaredItem.php
30 Sep 2019 12:34:41|30|pritirm@forstarfoods.com|DailyCatchEntry_New.php
30 Sep 2019 12:34:43|30|pritirm@forstarfoods.com|DailyCatchEntry_New.php
30 Sep 2019 12:34:44|30|pritirm@forstarfoods.com|DailyCatchEntry_New.php
30 Sep 2019 12:34:45|30|pritirm@forstarfoods.com|DailyCatchEntry_New.php
30 Sep 2019 12:34:57|30|pritirm@forstarfoods.com|DailyCatchEntry_New.php
30 Sep 2019 12:34:59|30|pritirm@forstarfoods.com|CatchEntryDeclaredItem.php
30 Sep 2019 12:35:11|30|pritirm@forstarfoods.com|DailyCatchEntry_New.php
30 Sep 2019 12:35:13|30|pritirm@forstarfoods.com|DailyCatchEntry_New.php
30 Sep 2019 12:35:15|30|pritirm@forstarfoods.com|DailyCatchEntry_New.php
30 Sep 2019 12:35:19|30|pritirm@forstarfoods.com|DailyCatchEntry_New.php
30 Sep 2019 12:35:20|30|pritirm@forstarfoods.com|DailyCatchEntry_New.php
30 Sep 2019 12:35:21|30|pritirm@forstarfoods.com|DailyCatchEntry_New.php
30 Sep 2019 12:35:23|30|pritirm@forstarfoods.com|DailyCatchEntry_New.php
30 Sep 2019 12:35:24|30|pritirm@forstarfoods.com|DailyCatchEntry_New.php
30 Sep 2019 12:35:25|30|pritirm@forstarfoods.com|DailyCatchEntry_New.php
30 Sep 2019 12:35:28|30|pritirm@forstarfoods.com|DailyCatchEntry_New.php
30 Sep 2019 12:35:30|30|pritirm@forstarfoods.com|DailyCatchEntry_New.php
30 Sep 2019 12:35:31|30|pritirm@forstarfoods.com|CatchEntryDeclaredItem.php
30 Sep 2019 12:35:35|30|pritirm@forstarfoods.com|DailyCatchEntry_New.php
30 Sep 2019 12:35:37|30|pritirm@forstarfoods.com|DailyCatchEntry_New.php
30 Sep 2019 12:35:40|30|pritirm@forstarfoods.com|DailyCatchEntry_New.php
30 Sep 2019 12:35:41|30|pritirm@forstarfoods.com|DailyCatchEntry_New.php
30 Sep 2019 12:35:42|30|pritirm@forstarfoods.com|DailyCatchEntry_New.php
30 Sep 2019 12:35:44|30|pritirm@forstarfoods.com|DailyCatchEntry_New.php
30 Sep 2019 12:35:45|30|pritirm@forstarfoods.com|DailyCatchEntry_New.php
30 Sep 2019 12:35:46|30|pritirm@forstarfoods.com|DailyCatchEntry_New.php
30 Sep 2019 12:35:54|30|pritirm@forstarfoods.com|DailyCatchEntry_New.php
30 Sep 2019 12:35:57|30|pritirm@forstarfoods.com|DailyCatchEntry_New.php
30 Sep 2019 12:35:58|30|pritirm@forstarfoods.com|CatchEntryDeclaredItem.php
30 Sep 2019 12:36:00|30|pritirm@forstarfoods.com|DailyCatchEntry_New.php
30 Sep 2019 12:36:02|30|pritirm@forstarfoods.com|DailyCatchEntry_New.php
30 Sep 2019 12:36:06|30|pritirm@forstarfoods.com|DailyCatchEntry_New.php
30 Sep 2019 12:36:07|30|pritirm@forstarfoods.com|DailyCatchEntry_New.php
30 Sep 2019 12:36:08|30|pritirm@forstarfoods.com|DailyCatchEntry_New.php
30 Sep 2019 12:36:09|30|pritirm@forstarfoods.com|DailyCatchEntry_New.php
30 Sep 2019 12:36:11|30|pritirm@forstarfoods.com|DailyCatchEntry_New.php
30 Sep 2019 12:36:12|30|pritirm@forstarfoods.com|DailyCatchEntry_New.php
30 Sep 2019 12:36:13|30|pritirm@forstarfoods.com|DailyCatchEntry_New.php
30 Sep 2019 12:36:21|30|pritirm@forstarfoods.com|DailyCatchEntry_New.php
30 Sep 2019 12:36:24|30|pritirm@forstarfoods.com|DailyCatchEntry_New.php
30 Sep 2019 12:36:25|30|pritirm@forstarfoods.com|CatchEntryDeclaredItem.php
30 Sep 2019 12:36:28|30|pritirm@forstarfoods.com|DailyCatchEntry_New.php
30 Sep 2019 12:36:30|30|pritirm@forstarfoods.com|DailyCatchEntry_New.php
30 Sep 2019 12:36:33|30|pritirm@forstarfoods.com|DailyCatchEntry_New.php
30 Sep 2019 12:36:34|30|pritirm@forstarfoods.com|DailyCatchEntry_New.php
30 Sep 2019 12:36:36|30|pritirm@forstarfoods.com|DailyCatchEntry_New.php
30 Sep 2019 12:36:37|30|pritirm@forstarfoods.com|DailyCatchEntry_New.php
30 Sep 2019 12:36:38|30|pritirm@forstarfoods.com|DailyCatchEntry_New.php
30 Sep 2019 12:36:40|30|pritirm@forstarfoods.com|DailyCatchEntry_New.php
30 Sep 2019 12:36:41|30|pritirm@forstarfoods.com|DailyCatchEntry_New.php
30 Sep 2019 12:36:45|30|pritirm@forstarfoods.com|DailyCatchEntry_New.php
30 Sep 2019 12:36:46|30|pritirm@forstarfoods.com|CatchEntryDeclaredItem.php
30 Sep 2019 12:36:50|30|pritirm@forstarfoods.com|DailyCatchEntry_New.php
30 Sep 2019 12:36:53|30|pritirm@forstarfoods.com|DailyCatchEntry_New.php
30 Sep 2019 12:36:59|30|pritirm@forstarfoods.com|DailyCatchEntry_New.php
30 Sep 2019 12:37:01|30|pritirm@forstarfoods.com|DailyCatchEntry_New.php
30 Sep 2019 12:37:02|30|pritirm@forstarfoods.com|DailyCatchEntry_New.php
30 Sep 2019 12:37:03|30|pritirm@forstarfoods.com|DailyCatchEntry_New.php
30 Sep 2019 12:37:04|30|pritirm@forstarfoods.com|DailyCatchEntry_New.php
30 Sep 2019 12:37:06|30|pritirm@forstarfoods.com|DailyCatchEntry_New.php
30 Sep 2019 12:37:07|30|pritirm@forstarfoods.com|DailyCatchEntry_New.php
30 Sep 2019 12:37:10|30|pritirm@forstarfoods.com|DailyCatchEntry_New.php
30 Sep 2019 12:37:11|30|pritirm@forstarfoods.com|CatchEntryDeclaredItem.php
30 Sep 2019 12:37:15|30|pritirm@forstarfoods.com|DailyCatchEntry_New.php
30 Sep 2019 12:37:18|30|pritirm@forstarfoods.com|DailyCatchEntry_New.php
30 Sep 2019 12:37:20|30|pritirm@forstarfoods.com|DailyCatchEntry_New.php
30 Sep 2019 12:37:22|30|pritirm@forstarfoods.com|DailyCatchEntry_New.php
30 Sep 2019 12:37:23|30|pritirm@forstarfoods.com|DailyCatchEntry_New.php
30 Sep 2019 12:37:24|30|pritirm@forstarfoods.com|DailyCatchEntry_New.php
30 Sep 2019 12:37:25|30|pritirm@forstarfoods.com|DailyCatchEntry_New.php
30 Sep 2019 12:37:27|30|pritirm@forstarfoods.com|DailyCatchEntry_New.php
30 Sep 2019 12:37:32|30|pritirm@forstarfoods.com|DailyCatchEntry_New.php
30 Sep 2019 12:37:36|30|pritirm@forstarfoods.com|DailyCatchEntry_New.php
30 Sep 2019 12:37:37|30|pritirm@forstarfoods.com|CatchEntryDeclaredItem.php
30 Sep 2019 12:37:39|30|pritirm@forstarfoods.com|DailyCatchEntry_New.php
30 Sep 2019 12:37:41|30|pritirm@forstarfoods.com|DailyCatchEntry_New.php
30 Sep 2019 12:37:43|30|pritirm@forstarfoods.com|DailyCatchEntry_New.php
30 Sep 2019 12:37:44|30|pritirm@forstarfoods.com|DailyCatchEntry_New.php
30 Sep 2019 12:37:46|30|pritirm@forstarfoods.com|DailyCatchEntry_New.php
30 Sep 2019 12:37:47|30|pritirm@forstarfoods.com|DailyCatchEntry_New.php
30 Sep 2019 12:37:48|30|pritirm@forstarfoods.com|DailyCatchEntry_New.php
30 Sep 2019 12:37:49|30|pritirm@forstarfoods.com|DailyCatchEntry_New.php
30 Sep 2019 12:37:51|30|pritirm@forstarfoods.com|DailyCatchEntry_New.php
30 Sep 2019 12:37:53|30|pritirm@forstarfoods.com|DailyCatchEntry_New.php
30 Sep 2019 12:37:55|30|pritirm@forstarfoods.com|CatchEntryDeclaredItem.php
30 Sep 2019 12:38:04|30|pritirm@forstarfoods.com|DailyCatchEntry_New.php
30 Sep 2019 12:38:05|30|pritirm@forstarfoods.com|DailyCatchEntry_New.php
30 Sep 2019 12:38:06|30|pritirm@forstarfoods.com|DailyCatchEntry_New.php
30 Sep 2019 12:38:11|30|pritirm@forstarfoods.com|DailyCatchEntry_New.php
30 Sep 2019 12:38:15|30|pritirm@forstarfoods.com|DailyCatchEntry_New.php
30 Sep 2019 12:38:16|30|pritirm@forstarfoods.com|CatchEntryDeclaredItem.php
30 Sep 2019 12:38:23|30|pritirm@forstarfoods.com|DailyCatchEntry_New.php
30 Sep 2019 12:38:25|30|pritirm@forstarfoods.com|DailyCatchEntry_New.php
30 Sep 2019 12:38:27|30|pritirm@forstarfoods.com|DailyCatchEntry_New.php
30 Sep 2019 12:38:29|30|pritirm@forstarfoods.com|DailyCatchEntry_New.php
30 Sep 2019 12:38:31|30|pritirm@forstarfoods.com|DailyCatchEntry_New.php
30 Sep 2019 12:38:32|30|pritirm@forstarfoods.com|DailyCatchEntry_New.php
30 Sep 2019 12:38:33|30|pritirm@forstarfoods.com|DailyCatchEntry_New.php
30 Sep 2019 12:38:34|30|pritirm@forstarfoods.com|DailyCatchEntry_New.php
30 Sep 2019 12:38:36|30|pritirm@forstarfoods.com|DailyCatchEntry_New.php
30 Sep 2019 12:38:38|30|pritirm@forstarfoods.com|DailyCatchEntry_New.php
30 Sep 2019 12:38:42|30|pritirm@forstarfoods.com|DailyCatchEntry_New.php
30 Sep 2019 12:38:43|30|pritirm@forstarfoods.com|CatchEntryDeclaredItem.php
30 Sep 2019 12:38:47|30|pritirm@forstarfoods.com|DailyCatchEntry_New.php
30 Sep 2019 12:38:49|30|pritirm@forstarfoods.com|DailyCatchEntry_New.php
30 Sep 2019 12:38:52|30|pritirm@forstarfoods.com|DailyCatchEntry_New.php
30 Sep 2019 12:38:53|30|pritirm@forstarfoods.com|DailyCatchEntry_New.php
30 Sep 2019 12:38:55|30|pritirm@forstarfoods.com|DailyCatchEntry_New.php
30 Sep 2019 12:38:56|30|pritirm@forstarfoods.com|DailyCatchEntry_New.php
30 Sep 2019 12:38:57|30|pritirm@forstarfoods.com|DailyCatchEntry_New.php
30 Sep 2019 12:38:58|30|pritirm@forstarfoods.com|DailyCatchEntry_New.php
30 Sep 2019 12:39:00|30|pritirm@forstarfoods.com|DailyCatchEntry_New.php
30 Sep 2019 12:39:02|30|pritirm@forstarfoods.com|DailyCatchEntry_New.php
30 Sep 2019 12:39:05|30|pritirm@forstarfoods.com|CatchEntryDeclaredItem.php
30 Sep 2019 12:39:07|30|pritirm@forstarfoods.com|DailyCatchEntry_New.php
30 Sep 2019 12:39:09|30|pritirm@forstarfoods.com|DailyCatchEntry_New.php
30 Sep 2019 12:39:11|30|pritirm@forstarfoods.com|DailyCatchEntry_New.php
30 Sep 2019 12:39:13|30|pritirm@forstarfoods.com|DailyCatchEntry_New.php
30 Sep 2019 12:39:14|30|pritirm@forstarfoods.com|DailyCatchEntry_New.php
30 Sep 2019 12:39:15|30|pritirm@forstarfoods.com|DailyCatchEntry_New.php
30 Sep 2019 12:39:16|30|pritirm@forstarfoods.com|DailyCatchEntry_New.php
30 Sep 2019 12:39:18|30|pritirm@forstarfoods.com|DailyCatchEntry_New.php
30 Sep 2019 12:39:19|30|pritirm@forstarfoods.com|DailyCatchEntry_New.php
30 Sep 2019 12:39:20|30|pritirm@forstarfoods.com|DailyCatchEntry_New.php
30 Sep 2019 12:39:21|30|pritirm@forstarfoods.com|DailyCatchEntry_New.php
30 Sep 2019 12:39:23|30|pritirm@forstarfoods.com|DailyCatchEntry_New.php
30 Sep 2019 12:39:24|30|pritirm@forstarfoods.com|DailyCatchEntry_New.php
30 Sep 2019 12:39:25|30|pritirm@forstarfoods.com|DailyCatchEntry_New.php
30 Sep 2019 12:39:26|30|pritirm@forstarfoods.com|DailyCatchEntry_New.php
30 Sep 2019 12:39:28|30|pritirm@forstarfoods.com|DailyCatchEntry_New.php
30 Sep 2019 12:39:29|30|pritirm@forstarfoods.com|DailyCatchEntry_New.php
30 Sep 2019 12:39:30|30|pritirm@forstarfoods.com|DailyCatchEntry_New.php
30 Sep 2019 12:39:31|30|pritirm@forstarfoods.com|DailyCatchEntry_New.php
30 Sep 2019 12:39:34|30|pritirm@forstarfoods.com|DailyCatchEntry_New.php
30 Sep 2019 12:39:35|30|pritirm@forstarfoods.com|CatchEntryDeclaredItem.php
30 Sep 2019 12:39:39|30|pritirm@forstarfoods.com|DailyCatchEntry_New.php
30 Sep 2019 12:39:41|30|pritirm@forstarfoods.com|DailyCatchEntry_New.php
30 Sep 2019 12:39:43|30|pritirm@forstarfoods.com|DailyCatchEntry_New.php
30 Sep 2019 12:39:44|30|pritirm@forstarfoods.com|DailyCatchEntry_New.php
30 Sep 2019 12:39:45|30|pritirm@forstarfoods.com|DailyCatchEntry_New.php
30 Sep 2019 12:39:47|30|pritirm@forstarfoods.com|DailyCatchEntry_New.php
30 Sep 2019 12:39:48|30|pritirm@forstarfoods.com|DailyCatchEntry_New.php
30 Sep 2019 12:39:49|30|pritirm@forstarfoods.com|DailyCatchEntry_New.php
30 Sep 2019 12:39:50|30|pritirm@forstarfoods.com|DailyCatchEntry_New.php
30 Sep 2019 12:39:53|30|pritirm@forstarfoods.com|DailyCatchEntry_New.php
30 Sep 2019 12:39:54|30|pritirm@forstarfoods.com|CatchEntryDeclaredItem.php
30 Sep 2019 12:39:58|30|pritirm@forstarfoods.com|DailyCatchEntry_New.php
30 Sep 2019 12:39:59|30|pritirm@forstarfoods.com|DailyCatchEntry_New.php
30 Sep 2019 12:40:02|30|pritirm@forstarfoods.com|DailyCatchEntry_New.php
30 Sep 2019 12:40:03|30|pritirm@forstarfoods.com|DailyCatchEntry_New.php
30 Sep 2019 12:40:05|30|pritirm@forstarfoods.com|DailyCatchEntry_New.php
30 Sep 2019 12:40:06|30|pritirm@forstarfoods.com|DailyCatchEntry_New.php
30 Sep 2019 12:40:07|30|pritirm@forstarfoods.com|DailyCatchEntry_New.php
30 Sep 2019 12:40:08|30|pritirm@forstarfoods.com|DailyCatchEntry_New.php
30 Sep 2019 12:40:13|30|pritirm@forstarfoods.com|DailyCatchEntry_New.php
30 Sep 2019 12:40:16|30|pritirm@forstarfoods.com|DailyCatchEntry_New.php
30 Sep 2019 12:40:17|30|pritirm@forstarfoods.com|CatchEntryDeclaredItem.php
30 Sep 2019 12:41:14|30|pritirm@forstarfoods.com|DailyCatchEntry_New.php
30 Sep 2019 12:41:21|20|shiji@forstarfoods.com|SupplierAccount.php
30 Sep 2019 12:41:25|20|shiji@forstarfoods.com|SupplierAccount.php
30 Sep 2019 12:41:36|30|pritirm@forstarfoods.com|DailyCatchReport.php
30 Sep 2019 12:41:42|30|pritirm@forstarfoods.com|DailyCatchReport.php
30 Sep 2019 12:41:45|30|pritirm@forstarfoods.com|DailyCatchReport.php
30 Sep 2019 12:41:47|30|pritirm@forstarfoods.com|DailyCatchReport.php
30 Sep 2019 12:41:49|30|pritirm@forstarfoods.com|DailyCatchReport.php
30 Sep 2019 12:41:50|30|pritirm@forstarfoods.com|DailyCatchReport.php
30 Sep 2019 12:41:51|30|pritirm@forstarfoods.com|PrintDailyCatchReportMemo.php
30 Sep 2019 12:42:00|30|pritirm@forstarfoods.com|DailyCatchReport.php
30 Sep 2019 12:42:01|30|pritirm@forstarfoods.com|DailyCatchReport.php
30 Sep 2019 12:42:03|30|pritirm@forstarfoods.com|DailyCatchReport.php
30 Sep 2019 12:42:11|30|pritirm@forstarfoods.com|DailyCatchReport.php
30 Sep 2019 12:42:12|30|pritirm@forstarfoods.com|DailyCatchReport.php
30 Sep 2019 12:42:14|30|pritirm@forstarfoods.com|DailyCatchReport.php
30 Sep 2019 12:42:15|30|pritirm@forstarfoods.com|DailyCatchReport.php
30 Sep 2019 12:42:19|20|shiji@forstarfoods.com|SupplierAccount.php
30 Sep 2019 12:42:31|30|pritirm@forstarfoods.com|DailyCatchReport.php
30 Sep 2019 12:42:33|30|pritirm@forstarfoods.com|DailyCatchReport.php
30 Sep 2019 12:42:34|30|pritirm@forstarfoods.com|DailyCatchReport.php
30 Sep 2019 12:42:42|30|pritirm@forstarfoods.com|PrintDailyCatchReportMemo.php
30 Sep 2019 12:43:28|30|pritirm@forstarfoods.com|DailyCatchReport.php
30 Sep 2019 12:43:30|30|pritirm@forstarfoods.com|DailyCatchReport.php
30 Sep 2019 12:43:31|30|pritirm@forstarfoods.com|DailyCatchReport.php
30 Sep 2019 12:43:35|30|pritirm@forstarfoods.com|DailyCatchReport.php
30 Sep 2019 12:43:36|30|pritirm@forstarfoods.com|DailyCatchReport.php
30 Sep 2019 12:43:38|30|pritirm@forstarfoods.com|DailyCatchReport.php
30 Sep 2019 12:43:39|30|pritirm@forstarfoods.com|DailyCatchReport.php
30 Sep 2019 12:43:44|30|pritirm@forstarfoods.com|DailyCatchReport.php
30 Sep 2019 12:43:46|30|pritirm@forstarfoods.com|DailyCatchReport.php
30 Sep 2019 12:43:47|30|pritirm@forstarfoods.com|DailyCatchReport.php
30 Sep 2019 12:44:06|30|pritirm@forstarfoods.com|PrintDailyCatchReportMemo.php
30 Sep 2019 12:45:08|30|pritirm@forstarfoods.com|DailyCatchReport.php
30 Sep 2019 12:45:10|30|pritirm@forstarfoods.com|DailyCatchReport.php
30 Sep 2019 12:45:11|30|pritirm@forstarfoods.com|DailyCatchReport.php
30 Sep 2019 12:46:31|30|pritirm@forstarfoods.com|DailyCatchReport.php
30 Sep 2019 12:46:33|30|pritirm@forstarfoods.com|DailyCatchReport.php
30 Sep 2019 12:46:34|30|pritirm@forstarfoods.com|DailyCatchReport.php
30 Sep 2019 12:46:36|30|pritirm@forstarfoods.com|DailyCatchReport.php
30 Sep 2019 12:46:41|30|pritirm@forstarfoods.com|DailyCatchReport.php
30 Sep 2019 12:46:42|30|pritirm@forstarfoods.com|DailyCatchReport.php
30 Sep 2019 12:46:43|30|pritirm@forstarfoods.com|DailyCatchReport.php
30 Sep 2019 12:50:29|30|pritirm@forstarfoods.com|PrintDailyCatchReportMemo.php
30 Sep 2019 12:51:11|20|shiji@forstarfoods.com|SettlementSummary.php
30 Sep 2019 12:51:13|20|shiji@forstarfoods.com|SettlementSummary.php
30 Sep 2019 12:51:37|20|shiji@forstarfoods.com|SettlementSummary.php
30 Sep 2019 12:51:40|20|shiji@forstarfoods.com|SupplierPayments.php
30 Sep 2019 12:51:41|20|shiji@forstarfoods.com|SupplierPayments.php
30 Sep 2019 12:51:43|20|shiji@forstarfoods.com|SupplierPayments.php
30 Sep 2019 12:51:49|20|shiji@forstarfoods.com|SupplierAccount.php
30 Sep 2019 12:51:59|20|shiji@forstarfoods.com|SupplierAccount.php
30 Sep 2019 12:52:04|20|shiji@forstarfoods.com|SupplierAccount.php
30 Sep 2019 12:52:21|20|shiji@forstarfoods.com|SupplierAccount.php
30 Sep 2019 12:52:27|20|shiji@forstarfoods.com|SupplierAccount.php
30 Sep 2019 12:52:29|30|pritirm@forstarfoods.com|DailyCatchSummary.php
30 Sep 2019 12:52:33|30|pritirm@forstarfoods.com|DailyCatchSummary.php
30 Sep 2019 12:52:39|30|pritirm@forstarfoods.com|DailyCatchSummary.php
30 Sep 2019 12:52:44|30|pritirm@forstarfoods.com|DailyCatchSummary.php
30 Sep 2019 12:52:47|30|pritirm@forstarfoods.com|DailyCatchSummary.php
30 Sep 2019 12:52:50|30|pritirm@forstarfoods.com|DailyCatchSummary.php
30 Sep 2019 12:52:55|30|pritirm@forstarfoods.com|DailyCatchSummary.php
30 Sep 2019 12:53:05|30|pritirm@forstarfoods.com|DailyCatchSummary.php
30 Sep 2019 12:53:30|30|pritirm@forstarfoods.com|DailyCatchReport.php
30 Sep 2019 12:53:37|30|pritirm@forstarfoods.com|DailyCatchReport.php
30 Sep 2019 12:53:40|30|pritirm@forstarfoods.com|DailyCatchReport.php
30 Sep 2019 12:53:42|30|pritirm@forstarfoods.com|DailyCatchReport.php
30 Sep 2019 12:53:44|30|pritirm@forstarfoods.com|DailyCatchReport.php
30 Sep 2019 12:53:45|30|pritirm@forstarfoods.com|DailyCatchReport.php
30 Sep 2019 12:53:50|30|pritirm@forstarfoods.com|PrintDailyCatchReportMemo.php
30 Sep 2019 12:54:13|30|pritirm@forstarfoods.com|PrintDailyCatchReportMemo.php
30 Sep 2019 12:54:31|30|pritirm@forstarfoods.com|DailyCatchReport.php
30 Sep 2019 12:54:33|30|pritirm@forstarfoods.com|DailyCatchReport.php
30 Sep 2019 12:54:34|30|pritirm@forstarfoods.com|DailyCatchReport.php
30 Sep 2019 12:55:01|30|pritirm@forstarfoods.com|DailyCatchReport.php
30 Sep 2019 12:55:02|30|pritirm@forstarfoods.com|DailyCatchReport.php
30 Sep 2019 12:55:04|30|pritirm@forstarfoods.com|DailyCatchReport.php
30 Sep 2019 12:55:05|30|pritirm@forstarfoods.com|DailyCatchReport.php
30 Sep 2019 12:55:10|30|pritirm@forstarfoods.com|DailyCatchReport.php
30 Sep 2019 12:55:12|30|pritirm@forstarfoods.com|DailyCatchReport.php
30 Sep 2019 12:55:13|30|pritirm@forstarfoods.com|DailyCatchReport.php
30 Sep 2019 12:55:23|30|pritirm@forstarfoods.com|PrintDailyCatchReportMemo.php
30 Sep 2019 12:55:23|20|shiji@forstarfoods.com|SupplierAccount.php
30 Sep 2019 12:55:28|20|shiji@forstarfoods.com|SupplierAccount.php
30 Sep 2019 12:55:55|30|pritirm@forstarfoods.com|PrintDailyCatchReportMemo.php
30 Sep 2019 12:56:01|30|pritirm@forstarfoods.com|DailyCatchReport.php
30 Sep 2019 12:56:03|30|pritirm@forstarfoods.com|DailyCatchReport.php
30 Sep 2019 12:56:04|30|pritirm@forstarfoods.com|DailyCatchReport.php
30 Sep 2019 12:56:09|30|pritirm@forstarfoods.com|SupplierAccount.php
30 Sep 2019 12:56:28|30|pritirm@forstarfoods.com|SupplierAccount.php
30 Sep 2019 12:56:33|30|pritirm@forstarfoods.com|SupplierAccount.php
30 Sep 2019 12:56:35|30|pritirm@forstarfoods.com|SupplierAccount.php
30 Sep 2019 12:56:40|30|pritirm@forstarfoods.com|SupplierAccount.php
30 Sep 2019 12:56:42|20|shiji@forstarfoods.com|SupplierAccount.php
30 Sep 2019 12:56:49|30|pritirm@forstarfoods.com|SupplierAccount.php
30 Sep 2019 12:57:36|30|pritirm@forstarfoods.com|SupplierAccount.php
30 Sep 2019 12:57:43|30|pritirm@forstarfoods.com|SupplierAccount.php
30 Sep 2019 12:57:56|30|pritirm@forstarfoods.com|SupplierAccount.php
30 Sep 2019 12:58:05|30|pritirm@forstarfoods.com|SupplierAccount.php
30 Sep 2019 12:58:46|30|pritirm@forstarfoods.com|SupplierAccount.php
30 Sep 2019 12:59:27|30|pritirm@forstarfoods.com|SupplierAccount.php
30 Sep 2019 12:59:34|30|pritirm@forstarfoods.com|SupplierAccount.php
30 Sep 2019 12:59:38|30|pritirm@forstarfoods.com|SupplierAccount.php
30 Sep 2019 13:00:33|30|pritirm@forstarfoods.com|SupplierAccount.php
30 Sep 2019 13:00:40|30|pritirm@forstarfoods.com|SupplierAccount.php
30 Sep 2019 13:00:43|30|pritirm@forstarfoods.com|SupplierAccount.php
30 Sep 2019 13:01:27|30|pritirm@forstarfoods.com|SupplierAccount.php
30 Sep 2019 13:01:42|30|pritirm@forstarfoods.com|PurchaseReport.php
30 Sep 2019 13:01:51|30|pritirm@forstarfoods.com|PurchaseReport.php
30 Sep 2019 13:01:55|30|pritirm@forstarfoods.com|PrintPurchaseSettlementMemo.php
30 Sep 2019 13:02:16|30|pritirm@forstarfoods.com|PurchaseReport.php
30 Sep 2019 13:02:20|30|pritirm@forstarfoods.com|PrintPurchaseSettlementMemo.php
30 Sep 2019 13:02:35|30|pritirm@forstarfoods.com|PurchaseReport.php
30 Sep 2019 13:02:40|30|pritirm@forstarfoods.com|PrintPurchaseSettlementMemo.php
30 Sep 2019 13:02:55|30|pritirm@forstarfoods.com|PurchaseReport.php
30 Sep 2019 13:03:04|30|pritirm@forstarfoods.com|PrintPurchaseSettlementMemo.php
30 Sep 2019 13:03:19|30|pritirm@forstarfoods.com|PurchaseReport.php
30 Sep 2019 13:03:24|30|pritirm@forstarfoods.com|PrintPurchaseSettlementMemo.php
30 Sep 2019 13:04:12|20|shiji@forstarfoods.com|SupplierAccount.php
30 Sep 2019 13:05:23|20|shiji@forstarfoods.com|SupplierAccount.php
30 Sep 2019 13:05:29|20|shiji@forstarfoods.com|SupplierAccount.php
30 Sep 2019 13:07:27|20|shiji@forstarfoods.com|SupplierAccount.php
30 Sep 2019 13:09:02|20|shiji@forstarfoods.com|SupplierAccount.php
30 Sep 2019 13:12:56|20|shiji@forstarfoods.com|SupplierAccount.php
30 Sep 2019 13:13:02|20|shiji@forstarfoods.com|SupplierAccount.php
30 Sep 2019 13:17:11|20|shiji@forstarfoods.com|SupplierAccount.php
30 Sep 2019 13:17:16|20|shiji@forstarfoods.com|SupplierAccount.php
30 Sep 2019 13:18:07|30|pritirm@forstarfoods.com|DailyCatchSummary.php
30 Sep 2019 13:18:11|30|pritirm@forstarfoods.com|DailyCatchSummary.php
30 Sep 2019 13:18:21|30|pritirm@forstarfoods.com|DailyCatchSummary.php
30 Sep 2019 13:18:26|30|pritirm@forstarfoods.com|DailyCatchSummary.php
30 Sep 2019 13:18:32|30|pritirm@forstarfoods.com|DailyCatchSummary.php
30 Sep 2019 13:18:35|30|pritirm@forstarfoods.com|DailyCatchSummary.php
30 Sep 2019 13:18:44|30|pritirm@forstarfoods.com|DailyCatchSummary.php
30 Sep 2019 13:19:24|30|pritirm@forstarfoods.com|DailyCatchSummary.php
30 Sep 2019 13:19:50|30|pritirm@forstarfoods.com|DailyCatchSummary.php
30 Sep 2019 13:19:54|30|pritirm@forstarfoods.com|DailyCatchSummary.php
30 Sep 2019 13:21:40|20|shiji@forstarfoods.com|SupplierAccount.php
30 Sep 2019 13:21:50|20|shiji@forstarfoods.com|SupplierAccount.php
30 Sep 2019 13:23:25|20|shiji@forstarfoods.com|SupplierAccount.php
30 Sep 2019 13:23:32|20|shiji@forstarfoods.com|SupplierAccount.php
30 Sep 2019 13:24:42|20|shiji@forstarfoods.com|SupplierAccount.php
30 Sep 2019 13:24:47|20|shiji@forstarfoods.com|SupplierAccount.php
30 Sep 2019 13:26:22|20|shiji@forstarfoods.com|SupplierAccount.php
30 Sep 2019 13:26:28|20|shiji@forstarfoods.com|SupplierAccount.php
30 Sep 2019 13:27:13|20|shiji@forstarfoods.com|SupplierAccount.php
30 Sep 2019 13:27:17|20|shiji@forstarfoods.com|SupplierAccount.php
30 Sep 2019 13:28:00|20|shiji@forstarfoods.com|SupplierAccount.php
30 Sep 2019 13:28:03|20|shiji@forstarfoods.com|SettlementSummary.php
30 Sep 2019 13:28:22|20|shiji@forstarfoods.com|SettlementSummary.php
30 Sep 2019 13:28:24|20|shiji@forstarfoods.com|SupplierPayments.php
30 Sep 2019 13:28:26|20|shiji@forstarfoods.com|SupplierPayments.php
30 Sep 2019 13:28:27|20|shiji@forstarfoods.com|SupplierPayments.php
30 Sep 2019 13:28:31|20|shiji@forstarfoods.com|SupplierAccount.php
30 Sep 2019 13:28:47|20|shiji@forstarfoods.com|SupplierAccount.php
30 Sep 2019 13:28:58|20|shiji@forstarfoods.com|SupplierAccount.php
30 Sep 2019 13:29:23|20|shiji@forstarfoods.com|SupplierAccount.php
30 Sep 2019 13:29:26|20|shiji@forstarfoods.com|SupplierAccount.php
30 Sep 2019 13:33:33|20|shiji@forstarfoods.com|SupplierAccount.php
30 Sep 2019 13:33:38|20|shiji@forstarfoods.com|SupplierAccount.php
30 Sep 2019 13:34:11|30|pritirm@forstarfoods.com|DailyCatchEntry_New.php
30 Sep 2019 13:34:39|20|shiji@forstarfoods.com|SupplierAccount.php
30 Sep 2019 13:34:44|20|shiji@forstarfoods.com|SupplierAccount.php
30 Sep 2019 13:36:40|20|shiji@forstarfoods.com|SupplierAccount.php
30 Sep 2019 13:36:43|20|shiji@forstarfoods.com|SettlementSummary.php
30 Sep 2019 13:37:04|20|shiji@forstarfoods.com|SettlementSummary.php
30 Sep 2019 13:37:06|20|shiji@forstarfoods.com|SupplierPayments.php
30 Sep 2019 13:37:08|20|shiji@forstarfoods.com|SupplierPayments.php
30 Sep 2019 13:37:09|20|shiji@forstarfoods.com|SupplierPayments.php
30 Sep 2019 13:57:23|20|shiji@forstarfoods.com|SupplierAccount.php
30 Sep 2019 13:57:33|20|shiji@forstarfoods.com|SupplierAccount.php
30 Sep 2019 13:57:41|20|shiji@forstarfoods.com|SupplierAccount.php
30 Sep 2019 13:58:09|20|shiji@forstarfoods.com|SupplierAccount.php
30 Sep 2019 13:58:49|20|shiji@forstarfoods.com|SupplierAccount.php
30 Sep 2019 13:58:53|20|shiji@forstarfoods.com|SupplierAccount.php
30 Sep 2019 14:01:03|20|shiji@forstarfoods.com|SupplierAccount.php
30 Sep 2019 14:01:11|20|shiji@forstarfoods.com|SupplierAccount.php
30 Sep 2019 14:02:00|30|pritirm@forstarfoods.com|DailyCatchEntry_New.php
30 Sep 2019 14:02:02|30|pritirm@forstarfoods.com|DailyCatchEntry_New.php
30 Sep 2019 14:02:03|30|pritirm@forstarfoods.com|DailyCatchEntry_New.php
30 Sep 2019 14:02:05|30|pritirm@forstarfoods.com|DailyCatchEntry_New.php
30 Sep 2019 14:02:06|30|pritirm@forstarfoods.com|CatchEntryDeclaredItem.php
30 Sep 2019 14:02:07|30|pritirm@forstarfoods.com|DailyCatchEntry_New.php
30 Sep 2019 14:02:09|20|shiji@forstarfoods.com|SupplierAccount.php
30 Sep 2019 14:02:14|30|pritirm@forstarfoods.com|DailyCatchEntry_New.php
30 Sep 2019 14:02:15|30|pritirm@forstarfoods.com|DailyCatchEntry_New.php
30 Sep 2019 14:02:16|30|pritirm@forstarfoods.com|DailyCatchEntry_New.php
30 Sep 2019 14:02:47|20|shiji@forstarfoods.com|SupplierAccount.php
30 Sep 2019 14:03:42|20|shiji@forstarfoods.com|SupplierAccount.php
30 Sep 2019 14:03:50|20|shiji@forstarfoods.com|SupplierAccount.php
30 Sep 2019 14:05:04|20|shiji@forstarfoods.com|SupplierAccount.php
30 Sep 2019 14:05:09|20|shiji@forstarfoods.com|SupplierAccount.php
30 Sep 2019 14:06:54|20|shiji@forstarfoods.com|SupplierAccount.php
30 Sep 2019 14:07:01|20|shiji@forstarfoods.com|SupplierAccount.php
30 Sep 2019 14:07:02|30|pritirm@forstarfoods.com|DailyCatchEntry_New.php
30 Sep 2019 14:09:23|20|shiji@forstarfoods.com|SupplierAccount.php
30 Sep 2019 14:09:37|20|shiji@forstarfoods.com|SupplierAccount.php
30 Sep 2019 14:11:58|20|shiji@forstarfoods.com|SupplierAccount.php
30 Sep 2019 14:12:04|30|pritirm@forstarfoods.com|DailyCatchEntry_New.php
30 Sep 2019 14:12:05|20|shiji@forstarfoods.com|SupplierAccount.php
30 Sep 2019 14:14:20|20|shiji@forstarfoods.com|SupplierAccount.php
30 Sep 2019 14:15:49|20|shiji@forstarfoods.com|SupplierAccount.php
30 Sep 2019 14:16:39|20|shiji@forstarfoods.com|SupplierAccount.php
30 Sep 2019 14:16:56|30|pritirm@forstarfoods.com|DailyCatchEntry_New.php
30 Sep 2019 14:16:57|30|pritirm@forstarfoods.com|DailyCatchEntry_New.php
30 Sep 2019 14:16:58|30|pritirm@forstarfoods.com|DailyCatchEntry_New.php
30 Sep 2019 14:16:59|30|pritirm@forstarfoods.com|DailyCatchEntry_New.php
30 Sep 2019 14:17:01|30|pritirm@forstarfoods.com|DailyCatchEntry_New.php
30 Sep 2019 14:17:02|30|pritirm@forstarfoods.com|DailyCatchEntry_New.php
30 Sep 2019 14:17:03|30|pritirm@forstarfoods.com|DailyCatchEntry_New.php
30 Sep 2019 14:17:05|30|pritirm@forstarfoods.com|DailyCatchEntry_New.php
30 Sep 2019 14:17:06|30|pritirm@forstarfoods.com|DailyCatchEntry_New.php
30 Sep 2019 14:17:07|30|pritirm@forstarfoods.com|DailyCatchEntry_New.php
30 Sep 2019 14:17:20|30|pritirm@forstarfoods.com|DailyCatchEntry_New.php
30 Sep 2019 14:17:22|30|pritirm@forstarfoods.com|CatchEntryDeclaredItem.php
30 Sep 2019 14:17:34|30|pritirm@forstarfoods.com|DailyCatchEntry_New.php
30 Sep 2019 14:17:49|30|pritirm@forstarfoods.com|DailyCatchEntry_New.php
30 Sep 2019 14:17:50|30|pritirm@forstarfoods.com|DailyCatchEntry_New.php
30 Sep 2019 14:18:01|30|pritirm@forstarfoods.com|DailyCatchEntry_New.php
30 Sep 2019 14:18:04|30|pritirm@forstarfoods.com|DailyCatchEntry_New.php
30 Sep 2019 14:18:27|30|pritirm@forstarfoods.com|DailyCatchEntry_New.php
30 Sep 2019 14:18:28|30|pritirm@forstarfoods.com|DailyCatchEntry_New.php
30 Sep 2019 14:18:30|30|pritirm@forstarfoods.com|DailyCatchEntry_New.php
30 Sep 2019 14:18:31|30|pritirm@forstarfoods.com|DailyCatchEntry_New.php
30 Sep 2019 14:18:32|30|pritirm@forstarfoods.com|DailyCatchEntry_New.php
30 Sep 2019 14:18:33|30|pritirm@forstarfoods.com|DailyCatchEntry_New.php
30 Sep 2019 14:18:35|30|pritirm@forstarfoods.com|DailyCatchEntry_New.php
30 Sep 2019 14:18:37|30|pritirm@forstarfoods.com|DailyCatchEntry_New.php
30 Sep 2019 14:18:38|30|pritirm@forstarfoods.com|CatchEntryDeclaredItem.php
30 Sep 2019 14:18:44|30|pritirm@forstarfoods.com|DailyCatchEntry_New.php
30 Sep 2019 14:18:45|30|pritirm@forstarfoods.com|DailyCatchEntry_New.php
30 Sep 2019 14:18:49|30|pritirm@forstarfoods.com|DailyCatchEntry_New.php
30 Sep 2019 14:18:50|30|pritirm@forstarfoods.com|DailyCatchEntry_New.php
30 Sep 2019 14:18:52|30|pritirm@forstarfoods.com|DailyCatchEntry_New.php
30 Sep 2019 14:18:53|30|pritirm@forstarfoods.com|DailyCatchEntry_New.php
30 Sep 2019 14:18:54|30|pritirm@forstarfoods.com|DailyCatchEntry_New.php
30 Sep 2019 14:18:55|30|pritirm@forstarfoods.com|DailyCatchEntry_New.php
30 Sep 2019 14:18:57|30|pritirm@forstarfoods.com|DailyCatchEntry_New.php
30 Sep 2019 14:18:59|30|pritirm@forstarfoods.com|DailyCatchEntry_New.php
30 Sep 2019 14:19:00|30|pritirm@forstarfoods.com|CatchEntryDeclaredItem.php
30 Sep 2019 14:19:05|30|pritirm@forstarfoods.com|DailyCatchEntry_New.php
30 Sep 2019 14:19:06|30|pritirm@forstarfoods.com|DailyCatchEntry_New.php