
24 Aug 2019 11:53:25|20|shiji@forstarfoods.com|DailyCatchEntry_New.php
24 Aug 2019 11:53:26|30|pritirm@forstarfoods.com|DailyCatchReport.php
24 Aug 2019 11:53:27|30|pritirm@forstarfoods.com|DailyCatchReport.php
24 Aug 2019 11:53:28|30|pritirm@forstarfoods.com|DailyCatchReport.php
24 Aug 2019 11:53:30|20|shiji@forstarfoods.com|DailyCatchEntry_New.php
24 Aug 2019 11:53:32|20|shiji@forstarfoods.com|DailyCatchEntry_New.php
24 Aug 2019 11:53:34|20|shiji@forstarfoods.com|DailyCatchEntry_New.php
24 Aug 2019 11:53:35|20|shiji@forstarfoods.com|DailyCatchEntry_New.php
24 Aug 2019 11:53:36|20|shiji@forstarfoods.com|CatchEntryDeclaredItem.php
24 Aug 2019 11:53:37|20|shiji@forstarfoods.com|DailyCatchEntry_New.php
24 Aug 2019 11:53:54|20|shiji@forstarfoods.com|DailyCatchEntry_New.php
24 Aug 2019 11:53:55|30|pritirm@forstarfoods.com|SupplierAccount.php
24 Aug 2019 11:53:55|20|shiji@forstarfoods.com|DailyCatchEntry_New.php
24 Aug 2019 11:53:56|20|shiji@forstarfoods.com|DailyCatchEntry_New.php
24 Aug 2019 11:53:57|20|shiji@forstarfoods.com|DailyCatchEntry_New.php
24 Aug 2019 11:53:59|20|shiji@forstarfoods.com|DailyCatchEntry_New.php
24 Aug 2019 11:54:00|20|shiji@forstarfoods.com|DailyCatchEntry_New.php
24 Aug 2019 11:54:01|20|shiji@forstarfoods.com|DailyCatchEntry_New.php
24 Aug 2019 11:54:02|30|pritirm@forstarfoods.com|SupplierAccount.php
24 Aug 2019 11:54:02|20|shiji@forstarfoods.com|DailyCatchEntry_New.php
24 Aug 2019 11:54:05|30|pritirm@forstarfoods.com|SupplierAccount.php
24 Aug 2019 11:54:08|30|pritirm@forstarfoods.com|SupplierAccount.php
24 Aug 2019 11:54:19|30|pritirm@forstarfoods.com|SupplierAccount.php
24 Aug 2019 11:54:20|20|shiji@forstarfoods.com|DailyCatchEntry_New.php
24 Aug 2019 11:54:41|20|shiji@forstarfoods.com|DailyCatchEntry_New.php
24 Aug 2019 11:54:45|20|shiji@forstarfoods.com|DailyCatchEntry_New.php
24 Aug 2019 11:54:47|20|shiji@forstarfoods.com|CatchEntryDeclaredItem.php
24 Aug 2019 11:55:17|20|shiji@forstarfoods.com|DailyCatchEntry_New.php
24 Aug 2019 11:55:19|20|shiji@forstarfoods.com|DailyCatchEntry_New.php
24 Aug 2019 11:55:20|20|shiji@forstarfoods.com|DailyCatchEntry_New.php
24 Aug 2019 11:55:21|30|pritirm@forstarfoods.com|SupplierAccount.php
24 Aug 2019 11:55:23|20|shiji@forstarfoods.com|DailyCatchEntry_New.php
24 Aug 2019 11:55:26|20|shiji@forstarfoods.com|DailyCatchEntry_New.php
24 Aug 2019 11:55:27|30|pritirm@forstarfoods.com|SupplierAccount.php
24 Aug 2019 11:55:29|20|shiji@forstarfoods.com|DailyCatchEntry_New.php
24 Aug 2019 11:55:31|20|shiji@forstarfoods.com|DailyCatchEntry_New.php
24 Aug 2019 11:55:32|20|shiji@forstarfoods.com|DailyCatchEntry_New.php
24 Aug 2019 11:55:33|20|shiji@forstarfoods.com|DailyCatchEntry_New.php
24 Aug 2019 11:55:34|20|shiji@forstarfoods.com|DailyCatchEntry_New.php
24 Aug 2019 11:55:36|20|shiji@forstarfoods.com|DailyCatchEntry_New.php
24 Aug 2019 11:55:37|20|shiji@forstarfoods.com|DailyCatchEntry_New.php
24 Aug 2019 11:55:38|20|shiji@forstarfoods.com|DailyCatchEntry_New.php
24 Aug 2019 11:55:39|20|shiji@forstarfoods.com|DailyCatchEntry_New.php
24 Aug 2019 11:55:40|20|shiji@forstarfoods.com|DailyCatchEntry_New.php
24 Aug 2019 11:55:42|20|shiji@forstarfoods.com|DailyCatchEntry_New.php
24 Aug 2019 11:55:43|20|shiji@forstarfoods.com|DailyCatchEntry_New.php
24 Aug 2019 11:55:44|20|shiji@forstarfoods.com|DailyCatchEntry_New.php
24 Aug 2019 11:55:45|20|shiji@forstarfoods.com|DailyCatchEntry_New.php
24 Aug 2019 11:55:47|20|shiji@forstarfoods.com|DailyCatchEntry_New.php
24 Aug 2019 11:55:48|20|shiji@forstarfoods.com|DailyCatchEntry_New.php
24 Aug 2019 11:56:43|30|pritirm@forstarfoods.com|SupplierAccount.php
24 Aug 2019 11:56:51|30|pritirm@forstarfoods.com|PurchaseReport.php
24 Aug 2019 11:57:00|30|pritirm@forstarfoods.com|PurchaseReport.php
24 Aug 2019 11:57:06|30|pritirm@forstarfoods.com|PrintPurchaseSettlementMemo.php
24 Aug 2019 11:57:17|20|shiji@forstarfoods.com|DailyCatchEntry_New.php
24 Aug 2019 11:57:19|20|shiji@forstarfoods.com|DailyCatchEntry_New.php
24 Aug 2019 11:57:21|20|shiji@forstarfoods.com|CatchEntryDeclaredItem.php
24 Aug 2019 11:57:24|30|pritirm@forstarfoods.com|PurchaseReport.php
24 Aug 2019 11:57:28|30|pritirm@forstarfoods.com|PrintPurchaseSettlementMemo.php
24 Aug 2019 11:58:00|20|shiji@forstarfoods.com|DailyCatchEntry_New.php
24 Aug 2019 11:58:01|20|shiji@forstarfoods.com|DailyCatchEntry_New.php
24 Aug 2019 11:58:02|20|shiji@forstarfoods.com|DailyCatchEntry_New.php
24 Aug 2019 11:58:12|20|shiji@forstarfoods.com|DailyCatchEntry_New.php
24 Aug 2019 11:58:17|20|shiji@forstarfoods.com|DailyCatchEntry_New.php
24 Aug 2019 11:58:18|20|shiji@forstarfoods.com|CatchEntryDeclaredItem.php
24 Aug 2019 11:58:29|20|shiji@forstarfoods.com|DailyCatchEntry_New.php
24 Aug 2019 11:58:30|20|shiji@forstarfoods.com|DailyCatchEntry_New.php
24 Aug 2019 11:58:31|20|shiji@forstarfoods.com|DailyCatchEntry_New.php
24 Aug 2019 11:58:33|20|shiji@forstarfoods.com|DailyCatchEntry_New.php
24 Aug 2019 11:58:34|20|shiji@forstarfoods.com|DailyCatchEntry_New.php
24 Aug 2019 11:58:35|20|shiji@forstarfoods.com|DailyCatchEntry_New.php
24 Aug 2019 11:58:36|20|shiji@forstarfoods.com|DailyCatchEntry_New.php
24 Aug 2019 11:58:49|20|shiji@forstarfoods.com|DailyCatchEntry_New.php
24 Aug 2019 11:58:51|20|shiji@forstarfoods.com|DailyCatchEntry_New.php
24 Aug 2019 11:58:52|20|shiji@forstarfoods.com|DailyCatchEntry_New.php
24 Aug 2019 11:58:55|20|shiji@forstarfoods.com|DailyCatchEntry_New.php
24 Aug 2019 11:58:59|20|shiji@forstarfoods.com|DailyCatchEntry_New.php
24 Aug 2019 11:59:04|20|shiji@forstarfoods.com|DailyCatchEntry_New.php
24 Aug 2019 11:59:05|20|shiji@forstarfoods.com|DailyCatchEntry_New.php
24 Aug 2019 11:59:06|20|shiji@forstarfoods.com|DailyCatchEntry_New.php
24 Aug 2019 11:59:08|20|shiji@forstarfoods.com|DailyCatchEntry_New.php
24 Aug 2019 11:59:09|20|shiji@forstarfoods.com|DailyCatchEntry_New.php
24 Aug 2019 11:59:10|20|shiji@forstarfoods.com|DailyCatchEntry_New.php
24 Aug 2019 11:59:49|20|shiji@forstarfoods.com|DailyCatchEntry_New.php
24 Aug 2019 11:59:51|20|shiji@forstarfoods.com|DailyCatchEntry_New.php
24 Aug 2019 11:59:53|20|shiji@forstarfoods.com|CatchEntryDeclaredItem.php
24 Aug 2019 12:00:20|20|shiji@forstarfoods.com|DailyCatchEntry_New.php
24 Aug 2019 12:00:21|20|shiji@forstarfoods.com|DailyCatchEntry_New.php
24 Aug 2019 12:00:22|20|shiji@forstarfoods.com|DailyCatchEntry_New.php
24 Aug 2019 12:00:43|20|shiji@forstarfoods.com|DailyCatchEntry_New.php
24 Aug 2019 12:00:49|20|shiji@forstarfoods.com|DailyCatchEntry_New.php
24 Aug 2019 12:00:50|20|shiji@forstarfoods.com|CatchEntryDeclaredItem.php
24 Aug 2019 12:01:50|20|shiji@forstarfoods.com|DailyCatchEntry_New.php
24 Aug 2019 12:01:52|20|shiji@forstarfoods.com|CatchEntryDeclaredItem.php
24 Aug 2019 12:02:03|20|shiji@forstarfoods.com|DailyCatchEntry_New.php
24 Aug 2019 12:02:04|20|shiji@forstarfoods.com|DailyCatchEntry_New.php
24 Aug 2019 12:02:05|20|shiji@forstarfoods.com|DailyCatchEntry_New.php
24 Aug 2019 12:02:07|20|shiji@forstarfoods.com|DailyCatchEntry_New.php
24 Aug 2019 12:02:08|20|shiji@forstarfoods.com|DailyCatchEntry_New.php
24 Aug 2019 12:02:09|20|shiji@forstarfoods.com|DailyCatchEntry_New.php
24 Aug 2019 12:02:28|20|shiji@forstarfoods.com|DailyCatchEntry_New.php
24 Aug 2019 12:02:31|20|shiji@forstarfoods.com|DailyCatchEntry_New.php
24 Aug 2019 12:02:34|20|shiji@forstarfoods.com|DailyCatchEntry_New.php
24 Aug 2019 12:02:36|20|shiji@forstarfoods.com|DailyCatchEntry_New.php
24 Aug 2019 12:02:37|20|shiji@forstarfoods.com|DailyCatchEntry_New.php
24 Aug 2019 12:02:38|20|shiji@forstarfoods.com|DailyCatchEntry_New.php
24 Aug 2019 12:02:40|20|shiji@forstarfoods.com|DailyCatchEntry_New.php
24 Aug 2019 12:02:41|20|shiji@forstarfoods.com|DailyCatchEntry_New.php
24 Aug 2019 12:02:42|20|shiji@forstarfoods.com|DailyCatchEntry_New.php
24 Aug 2019 12:02:43|20|shiji@forstarfoods.com|DailyCatchEntry_New.php
24 Aug 2019 12:02:45|20|shiji@forstarfoods.com|DailyCatchEntry_New.php
24 Aug 2019 12:02:46|20|shiji@forstarfoods.com|DailyCatchEntry_New.php
24 Aug 2019 12:02:47|20|shiji@forstarfoods.com|DailyCatchEntry_New.php
24 Aug 2019 12:02:48|20|shiji@forstarfoods.com|DailyCatchEntry_New.php
24 Aug 2019 12:02:53|20|shiji@forstarfoods.com|DailyCatchEntry_New.php
24 Aug 2019 12:02:54|20|shiji@forstarfoods.com|CatchEntryDeclaredItem.php
24 Aug 2019 12:03:18|20|shiji@forstarfoods.com|DailyCatchEntry_New.php
24 Aug 2019 12:03:20|20|shiji@forstarfoods.com|DailyCatchEntry_New.php
24 Aug 2019 12:03:21|20|shiji@forstarfoods.com|DailyCatchEntry_New.php
24 Aug 2019 12:03:25|20|shiji@forstarfoods.com|DailyCatchEntry_New.php
24 Aug 2019 12:03:37|20|shiji@forstarfoods.com|DailyCatchEntry_New.php
24 Aug 2019 12:03:38|20|shiji@forstarfoods.com|DailyCatchEntry_New.php
24 Aug 2019 12:03:40|20|shiji@forstarfoods.com|CatchEntryDeclaredItem.php
24 Aug 2019 12:03:50|20|shiji@forstarfoods.com|DailyCatchEntry_New.php
24 Aug 2019 12:03:52|20|shiji@forstarfoods.com|DailyCatchEntry_New.php
24 Aug 2019 12:03:53|20|shiji@forstarfoods.com|DailyCatchEntry_New.php
24 Aug 2019 12:03:54|20|shiji@forstarfoods.com|DailyCatchEntry_New.php
24 Aug 2019 12:03:55|20|shiji@forstarfoods.com|DailyCatchEntry_New.php
24 Aug 2019 12:03:57|20|shiji@forstarfoods.com|DailyCatchEntry_New.php
24 Aug 2019 12:04:06|20|shiji@forstarfoods.com|DailyCatchEntry_New.php
24 Aug 2019 12:04:08|20|shiji@forstarfoods.com|DailyCatchEntry_New.php
24 Aug 2019 12:04:10|20|shiji@forstarfoods.com|DailyCatchEntry_New.php
24 Aug 2019 12:04:13|20|shiji@forstarfoods.com|DailyCatchEntry_New.php
24 Aug 2019 12:04:14|20|shiji@forstarfoods.com|DailyCatchEntry_New.php
24 Aug 2019 12:04:15|20|shiji@forstarfoods.com|DailyCatchEntry_New.php
24 Aug 2019 12:04:17|20|shiji@forstarfoods.com|DailyCatchEntry_New.php
24 Aug 2019 12:04:18|20|shiji@forstarfoods.com|DailyCatchEntry_New.php
24 Aug 2019 12:04:19|20|shiji@forstarfoods.com|DailyCatchEntry_New.php
24 Aug 2019 12:04:33|20|shiji@forstarfoods.com|DailyCatchEntry_New.php
24 Aug 2019 12:04:36|20|shiji@forstarfoods.com|DailyCatchEntry_New.php
24 Aug 2019 12:04:37|20|shiji@forstarfoods.com|CatchEntryDeclaredItem.php
24 Aug 2019 12:04:46|20|shiji@forstarfoods.com|DailyCatchEntry_New.php
24 Aug 2019 12:04:50|20|shiji@forstarfoods.com|DailyCatchEntry_New.php
24 Aug 2019 12:04:52|20|shiji@forstarfoods.com|DailyCatchEntry_New.php
24 Aug 2019 12:04:53|20|shiji@forstarfoods.com|DailyCatchEntry_New.php
24 Aug 2019 12:04:55|20|shiji@forstarfoods.com|DailyCatchEntry_New.php
24 Aug 2019 12:04:56|20|shiji@forstarfoods.com|DailyCatchEntry_New.php
24 Aug 2019 12:04:57|20|shiji@forstarfoods.com|DailyCatchEntry_New.php
24 Aug 2019 12:04:58|20|shiji@forstarfoods.com|DailyCatchEntry_New.php
24 Aug 2019 12:05:00|20|shiji@forstarfoods.com|DailyCatchEntry_New.php
24 Aug 2019 12:05:01|30|pritirm@forstarfoods.com|PurchaseReport.php
24 Aug 2019 12:05:04|20|shiji@forstarfoods.com|DailyCatchEntry_New.php
24 Aug 2019 12:05:06|20|shiji@forstarfoods.com|CatchEntryDeclaredItem.php
24 Aug 2019 12:05:24|20|shiji@forstarfoods.com|DailyCatchEntry_New.php
24 Aug 2019 12:05:25|20|shiji@forstarfoods.com|DailyCatchEntry_New.php
24 Aug 2019 12:05:27|20|shiji@forstarfoods.com|DailyCatchEntry_New.php
24 Aug 2019 12:05:28|20|shiji@forstarfoods.com|DailyCatchEntry_New.php
24 Aug 2019 12:05:29|20|shiji@forstarfoods.com|DailyCatchEntry_New.php
24 Aug 2019 12:05:30|20|shiji@forstarfoods.com|DailyCatchEntry_New.php
24 Aug 2019 12:07:04|20|shiji@forstarfoods.com|DailyCatchEntry_New.php
24 Aug 2019 12:07:08|20|shiji@forstarfoods.com|DailyCatchEntry_New.php
24 Aug 2019 12:07:09|20|shiji@forstarfoods.com|CatchEntryDeclaredItem.php
24 Aug 2019 12:07:18|20|shiji@forstarfoods.com|DailyCatchEntry_New.php
24 Aug 2019 12:07:20|20|shiji@forstarfoods.com|DailyCatchEntry_New.php
24 Aug 2019 12:07:21|20|shiji@forstarfoods.com|DailyCatchEntry_New.php
24 Aug 2019 12:07:22|20|shiji@forstarfoods.com|DailyCatchEntry_New.php
24 Aug 2019 12:07:23|20|shiji@forstarfoods.com|DailyCatchEntry_New.php
24 Aug 2019 12:07:25|20|shiji@forstarfoods.com|DailyCatchEntry_New.php
24 Aug 2019 12:07:34|20|shiji@forstarfoods.com|DailyCatchEntry_New.php
24 Aug 2019 12:07:37|20|shiji@forstarfoods.com|DailyCatchEntry_New.php
24 Aug 2019 12:07:39|20|shiji@forstarfoods.com|DailyCatchEntry_New.php
24 Aug 2019 12:07:45|20|shiji@forstarfoods.com|DailyCatchEntry_New.php
24 Aug 2019 12:07:46|20|shiji@forstarfoods.com|DailyCatchEntry_New.php
24 Aug 2019 12:07:47|20|shiji@forstarfoods.com|DailyCatchEntry_New.php
24 Aug 2019 12:07:49|20|shiji@forstarfoods.com|DailyCatchEntry_New.php
24 Aug 2019 12:07:50|20|shiji@forstarfoods.com|DailyCatchEntry_New.php
24 Aug 2019 12:07:51|20|shiji@forstarfoods.com|DailyCatchEntry_New.php
24 Aug 2019 12:08:21|20|shiji@forstarfoods.com|DailyCatchEntry_New.php
24 Aug 2019 12:08:24|20|shiji@forstarfoods.com|DailyCatchEntry_New.php
24 Aug 2019 12:08:25|20|shiji@forstarfoods.com|CatchEntryDeclaredItem.php
24 Aug 2019 12:08:36|20|shiji@forstarfoods.com|DailyCatchEntry_New.php
24 Aug 2019 12:08:38|20|shiji@forstarfoods.com|DailyCatchEntry_New.php
24 Aug 2019 12:08:40|20|shiji@forstarfoods.com|DailyCatchEntry_New.php
24 Aug 2019 12:08:42|20|shiji@forstarfoods.com|DailyCatchEntry_New.php
24 Aug 2019 12:08:43|20|shiji@forstarfoods.com|DailyCatchEntry_New.php
24 Aug 2019 12:08:44|20|shiji@forstarfoods.com|DailyCatchEntry_New.php
24 Aug 2019 12:08:45|20|shiji@forstarfoods.com|DailyCatchEntry_New.php
24 Aug 2019 12:08:47|20|shiji@forstarfoods.com|DailyCatchEntry_New.php
24 Aug 2019 12:08:48|20|shiji@forstarfoods.com|DailyCatchEntry_New.php
24 Aug 2019 12:08:51|20|shiji@forstarfoods.com|DailyCatchEntry_New.php
24 Aug 2019 12:09:14|20|shiji@forstarfoods.com|DailyCatchEntry_New.php
24 Aug 2019 12:09:15|20|shiji@forstarfoods.com|CatchEntryDeclaredItem.php
24 Aug 2019 12:09:19|20|shiji@forstarfoods.com|DailyCatchEntry_New.php
24 Aug 2019 12:09:21|20|shiji@forstarfoods.com|DailyCatchEntry_New.php
24 Aug 2019 12:09:22|20|shiji@forstarfoods.com|DailyCatchEntry_New.php
24 Aug 2019 12:09:25|20|shiji@forstarfoods.com|DailyCatchEntry_New.php
24 Aug 2019 12:09:32|20|shiji@forstarfoods.com|DailyCatchEntry_New.php
24 Aug 2019 12:09:33|20|shiji@forstarfoods.com|CatchEntryDeclaredItem.php
24 Aug 2019 12:10:10|20|shiji@forstarfoods.com|DailyCatchEntry_New.php
24 Aug 2019 12:10:11|20|shiji@forstarfoods.com|DailyCatchEntry_New.php
24 Aug 2019 12:10:13|20|shiji@forstarfoods.com|DailyCatchEntry_New.php
24 Aug 2019 12:10:14|20|shiji@forstarfoods.com|DailyCatchEntry_New.php
24 Aug 2019 12:10:15|20|shiji@forstarfoods.com|DailyCatchEntry_New.php
24 Aug 2019 12:10:16|20|shiji@forstarfoods.com|DailyCatchEntry_New.php
24 Aug 2019 12:10:28|20|shiji@forstarfoods.com|DailyCatchEntry_New.php
24 Aug 2019 12:10:31|20|shiji@forstarfoods.com|DailyCatchEntry_New.php
24 Aug 2019 12:10:34|20|shiji@forstarfoods.com|DailyCatchEntry_New.php
24 Aug 2019 12:10:37|20|shiji@forstarfoods.com|DailyCatchEntry_New.php
24 Aug 2019 12:10:38|20|shiji@forstarfoods.com|DailyCatchEntry_New.php
24 Aug 2019 12:10:39|20|shiji@forstarfoods.com|DailyCatchEntry_New.php
24 Aug 2019 12:10:40|20|shiji@forstarfoods.com|DailyCatchEntry_New.php
24 Aug 2019 12:10:42|20|shiji@forstarfoods.com|DailyCatchEntry_New.php
24 Aug 2019 12:10:43|20|shiji@forstarfoods.com|DailyCatchEntry_New.php
24 Aug 2019 12:11:58|20|shiji@forstarfoods.com|DailyCatchEntry_New.php
24 Aug 2019 12:12:00|20|shiji@forstarfoods.com|DailyCatchEntry_New.php
24 Aug 2019 12:12:01|20|shiji@forstarfoods.com|CatchEntryDeclaredItem.php
24 Aug 2019 12:12:18|20|shiji@forstarfoods.com|DailyCatchEntry_New.php
24 Aug 2019 12:12:21|20|shiji@forstarfoods.com|DailyCatchEntry_New.php
24 Aug 2019 12:13:13|20|shiji@forstarfoods.com|DailyCatchEntry_New.php
24 Aug 2019 12:13:15|20|shiji@forstarfoods.com|DailyCatchEntry_New.php
24 Aug 2019 12:13:16|20|shiji@forstarfoods.com|DailyCatchEntry_New.php
24 Aug 2019 12:13:17|20|shiji@forstarfoods.com|DailyCatchEntry_New.php
24 Aug 2019 12:13:18|20|shiji@forstarfoods.com|DailyCatchEntry_New.php
24 Aug 2019 12:13:20|20|shiji@forstarfoods.com|DailyCatchEntry_New.php
24 Aug 2019 12:13:21|20|shiji@forstarfoods.com|DailyCatchEntry_New.php
24 Aug 2019 12:13:24|20|shiji@forstarfoods.com|DailyCatchEntry_New.php
24 Aug 2019 12:13:26|20|shiji@forstarfoods.com|CatchEntryDeclaredItem.php
24 Aug 2019 12:13:41|20|shiji@forstarfoods.com|DailyCatchEntry_New.php
24 Aug 2019 12:14:22|20|shiji@forstarfoods.com|DailyCatchEntry_New.php
24 Aug 2019 12:14:23|20|shiji@forstarfoods.com|DailyCatchEntry_New.php
24 Aug 2019 12:14:25|20|shiji@forstarfoods.com|DailyCatchEntry_New.php
24 Aug 2019 12:14:34|20|shiji@forstarfoods.com|DailyCatchEntry_New.php
24 Aug 2019 12:14:51|20|shiji@forstarfoods.com|DailyCatchEntry_New.php
24 Aug 2019 12:14:52|20|shiji@forstarfoods.com|CatchEntryDeclaredItem.php
24 Aug 2019 12:15:05|20|shiji@forstarfoods.com|DailyCatchEntry_New.php
24 Aug 2019 12:15:06|20|shiji@forstarfoods.com|DailyCatchEntry_New.php
24 Aug 2019 12:15:07|20|shiji@forstarfoods.com|DailyCatchEntry_New.php
24 Aug 2019 12:15:09|20|shiji@forstarfoods.com|DailyCatchEntry_New.php
24 Aug 2019 12:15:10|20|shiji@forstarfoods.com|DailyCatchEntry_New.php
24 Aug 2019 12:15:11|20|shiji@forstarfoods.com|DailyCatchEntry_New.php
24 Aug 2019 12:15:21|20|shiji@forstarfoods.com|DailyCatchEntry_New.php
24 Aug 2019 12:15:23|20|shiji@forstarfoods.com|DailyCatchEntry_New.php
24 Aug 2019 12:15:25|20|shiji@forstarfoods.com|DailyCatchEntry_New.php
24 Aug 2019 12:15:28|20|shiji@forstarfoods.com|DailyCatchEntry_New.php
24 Aug 2019 12:15:29|20|shiji@forstarfoods.com|DailyCatchEntry_New.php
24 Aug 2019 12:15:30|20|shiji@forstarfoods.com|DailyCatchEntry_New.php
24 Aug 2019 12:15:32|20|shiji@forstarfoods.com|DailyCatchEntry_New.php
24 Aug 2019 12:15:33|20|shiji@forstarfoods.com|DailyCatchEntry_New.php
24 Aug 2019 12:15:34|20|shiji@forstarfoods.com|DailyCatchEntry_New.php
24 Aug 2019 12:15:38|20|shiji@forstarfoods.com|DailyCatchEntry_New.php
24 Aug 2019 12:15:44|20|shiji@forstarfoods.com|DailyCatchEntry_New.php
24 Aug 2019 12:15:45|20|shiji@forstarfoods.com|CatchEntryDeclaredItem.php
24 Aug 2019 12:16:00|20|shiji@forstarfoods.com|DailyCatchEntry_New.php
24 Aug 2019 12:16:02|20|shiji@forstarfoods.com|DailyCatchEntry_New.php
24 Aug 2019 12:16:03|20|shiji@forstarfoods.com|DailyCatchEntry_New.php
24 Aug 2019 12:16:06|20|shiji@forstarfoods.com|DailyCatchEntry_New.php
24 Aug 2019 12:16:15|20|shiji@forstarfoods.com|DailyCatchEntry_New.php
24 Aug 2019 12:16:16|20|shiji@forstarfoods.com|CatchEntryDeclaredItem.php
24 Aug 2019 12:16:24|20|shiji@forstarfoods.com|DailyCatchEntry_New.php
24 Aug 2019 12:16:25|20|shiji@forstarfoods.com|DailyCatchEntry_New.php
24 Aug 2019 12:16:27|20|shiji@forstarfoods.com|DailyCatchEntry_New.php
24 Aug 2019 12:16:28|20|shiji@forstarfoods.com|DailyCatchEntry_New.php
24 Aug 2019 12:16:29|20|shiji@forstarfoods.com|DailyCatchEntry_New.php
24 Aug 2019 12:16:30|20|shiji@forstarfoods.com|DailyCatchEntry_New.php
24 Aug 2019 12:16:37|20|shiji@forstarfoods.com|DailyCatchEntry_New.php
24 Aug 2019 12:16:39|20|shiji@forstarfoods.com|DailyCatchEntry_New.php
24 Aug 2019 12:16:41|20|shiji@forstarfoods.com|DailyCatchEntry_New.php
24 Aug 2019 12:16:44|20|shiji@forstarfoods.com|DailyCatchEntry_New.php
24 Aug 2019 12:16:46|20|shiji@forstarfoods.com|DailyCatchEntry_New.php
24 Aug 2019 12:16:47|20|shiji@forstarfoods.com|DailyCatchEntry_New.php
24 Aug 2019 12:16:48|20|shiji@forstarfoods.com|DailyCatchEntry_New.php
24 Aug 2019 12:16:49|20|shiji@forstarfoods.com|DailyCatchEntry_New.php
24 Aug 2019 12:16:51|20|shiji@forstarfoods.com|DailyCatchEntry_New.php
24 Aug 2019 12:16:54|20|shiji@forstarfoods.com|DailyCatchEntry_New.php
24 Aug 2019 12:17:01|20|shiji@forstarfoods.com|DailyCatchEntry_New.php
24 Aug 2019 12:17:02|20|shiji@forstarfoods.com|CatchEntryDeclaredItem.php
24 Aug 2019 12:17:05|20|shiji@forstarfoods.com|DailyCatchEntry_New.php
24 Aug 2019 12:17:06|20|shiji@forstarfoods.com|DailyCatchEntry_New.php
24 Aug 2019 12:17:07|20|shiji@forstarfoods.com|DailyCatchEntry_New.php
24 Aug 2019 12:17:09|20|shiji@forstarfoods.com|DailyCatchEntry_New.php
24 Aug 2019 12:17:13|20|shiji@forstarfoods.com|DailyCatchEntry_New.php
24 Aug 2019 12:17:15|20|shiji@forstarfoods.com|CatchEntryDeclaredItem.php
24 Aug 2019 12:17:23|20|shiji@forstarfoods.com|DailyCatchEntry_New.php
24 Aug 2019 12:17:24|20|shiji@forstarfoods.com|DailyCatchEntry_New.php
24 Aug 2019 12:17:25|20|shiji@forstarfoods.com|DailyCatchEntry_New.php
24 Aug 2019 12:17:26|20|shiji@forstarfoods.com|DailyCatchEntry_New.php
24 Aug 2019 12:17:28|20|shiji@forstarfoods.com|DailyCatchEntry_New.php
24 Aug 2019 12:17:29|20|shiji@forstarfoods.com|DailyCatchEntry_New.php
24 Aug 2019 12:17:38|20|shiji@forstarfoods.com|DailyCatchEntry_New.php
24 Aug 2019 12:17:40|20|shiji@forstarfoods.com|DailyCatchEntry_New.php
24 Aug 2019 12:17:43|20|shiji@forstarfoods.com|DailyCatchEntry_New.php
24 Aug 2019 12:17:45|20|shiji@forstarfoods.com|DailyCatchEntry_New.php
24 Aug 2019 12:17:47|20|shiji@forstarfoods.com|DailyCatchEntry_New.php
24 Aug 2019 12:17:48|20|shiji@forstarfoods.com|DailyCatchEntry_New.php
24 Aug 2019 12:17:49|20|shiji@forstarfoods.com|DailyCatchEntry_New.php
24 Aug 2019 12:17:50|20|shiji@forstarfoods.com|DailyCatchEntry_New.php
24 Aug 2019 12:17:52|20|shiji@forstarfoods.com|DailyCatchEntry_New.php
24 Aug 2019 12:17:57|20|shiji@forstarfoods.com|DailyCatchEntry_New.php
24 Aug 2019 12:18:07|20|shiji@forstarfoods.com|DailyCatchEntry_New.php
24 Aug 2019 12:18:09|20|shiji@forstarfoods.com|DailyCatchEntry_New.php
24 Aug 2019 12:18:11|20|shiji@forstarfoods.com|DailyCatchEntry_New.php
24 Aug 2019 12:18:14|20|shiji@forstarfoods.com|DailyCatchEntry_New.php
24 Aug 2019 12:18:16|20|shiji@forstarfoods.com|DailyCatchEntry_New.php
24 Aug 2019 12:18:17|20|shiji@forstarfoods.com|DailyCatchEntry_New.php
24 Aug 2019 12:18:18|20|shiji@forstarfoods.com|DailyCatchEntry_New.php
24 Aug 2019 12:18:20|20|shiji@forstarfoods.com|CatchEntryDeclaredItem.php
24 Aug 2019 12:18:21|20|shiji@forstarfoods.com|DailyCatchEntry_New.php
24 Aug 2019 12:19:05|20|shiji@forstarfoods.com|DailyCatchEntry_New.php
24 Aug 2019 12:19:06|20|shiji@forstarfoods.com|DailyCatchEntry_New.php
24 Aug 2019 12:19:08|20|shiji@forstarfoods.com|DailyCatchEntry_New.php
24 Aug 2019 12:19:13|20|shiji@forstarfoods.com|DailyCatchEntry_New.php
24 Aug 2019 12:19:17|20|shiji@forstarfoods.com|DailyCatchEntry_New.php
24 Aug 2019 12:19:18|20|shiji@forstarfoods.com|CatchEntryDeclaredItem.php
24 Aug 2019 12:19:45|20|shiji@forstarfoods.com|DailyCatchEntry_New.php
24 Aug 2019 12:19:46|20|shiji@forstarfoods.com|DailyCatchEntry_New.php
24 Aug 2019 12:19:48|20|shiji@forstarfoods.com|DailyCatchEntry_New.php
24 Aug 2019 12:19:49|20|shiji@forstarfoods.com|DailyCatchEntry_New.php
24 Aug 2019 12:19:52|20|shiji@forstarfoods.com|DailyCatchEntry_New.php
24 Aug 2019 12:19:55|20|shiji@forstarfoods.com|DailyCatchEntry_New.php
24 Aug 2019 12:19:57|20|shiji@forstarfoods.com|DailyCatchEntry_New.php
24 Aug 2019 12:19:58|20|shiji@forstarfoods.com|DailyCatchEntry_New.php
24 Aug 2019 12:19:59|20|shiji@forstarfoods.com|DailyCatchEntry_New.php
24 Aug 2019 12:20:00|20|shiji@forstarfoods.com|DailyCatchEntry_New.php
24 Aug 2019 12:20:02|20|shiji@forstarfoods.com|DailyCatchEntry_New.php
24 Aug 2019 12:20:03|20|shiji@forstarfoods.com|DailyCatchEntry_New.php
24 Aug 2019 12:20:04|20|shiji@forstarfoods.com|DailyCatchEntry_New.php
24 Aug 2019 12:20:05|20|shiji@forstarfoods.com|DailyCatchEntry_New.php
24 Aug 2019 12:20:06|20|shiji@forstarfoods.com|DailyCatchEntry_New.php
24 Aug 2019 12:20:08|20|shiji@forstarfoods.com|DailyCatchEntry_New.php
24 Aug 2019 12:20:09|20|shiji@forstarfoods.com|DailyCatchEntry_New.php
24 Aug 2019 12:20:10|20|shiji@forstarfoods.com|DailyCatchEntry_New.php
24 Aug 2019 12:20:11|20|shiji@forstarfoods.com|DailyCatchEntry_New.php
24 Aug 2019 12:20:13|20|shiji@forstarfoods.com|DailyCatchEntry_New.php
24 Aug 2019 12:20:14|20|shiji@forstarfoods.com|DailyCatchEntry_New.php
24 Aug 2019 12:20:15|20|shiji@forstarfoods.com|DailyCatchEntry_New.php
24 Aug 2019 12:20:16|20|shiji@forstarfoods.com|DailyCatchEntry_New.php
24 Aug 2019 12:20:18|20|shiji@forstarfoods.com|DailyCatchEntry_New.php
24 Aug 2019 12:20:19|20|shiji@forstarfoods.com|DailyCatchEntry_New.php
24 Aug 2019 12:20:20|20|shiji@forstarfoods.com|DailyCatchEntry_New.php
24 Aug 2019 12:20:21|20|shiji@forstarfoods.com|DailyCatchEntry_New.php
24 Aug 2019 12:20:23|20|shiji@forstarfoods.com|DailyCatchEntry_New.php
24 Aug 2019 12:20:24|20|shiji@forstarfoods.com|DailyCatchEntry_New.php
24 Aug 2019 12:20:59|20|shiji@forstarfoods.com|DailyCatchEntry_New.php
24 Aug 2019 12:21:01|20|shiji@forstarfoods.com|DailyCatchEntry_New.php
24 Aug 2019 12:21:03|20|shiji@forstarfoods.com|CatchEntryDeclaredItem.php
24 Aug 2019 12:21:10|20|shiji@forstarfoods.com|DailyCatchEntry_New.php
24 Aug 2019 12:21:11|20|shiji@forstarfoods.com|DailyCatchEntry_New.php
24 Aug 2019 12:21:13|20|shiji@forstarfoods.com|DailyCatchEntry_New.php
24 Aug 2019 12:21:16|20|shiji@forstarfoods.com|DailyCatchEntry_New.php
24 Aug 2019 12:21:20|20|shiji@forstarfoods.com|DailyCatchEntry_New.php
24 Aug 2019 12:21:22|20|shiji@forstarfoods.com|CatchEntryDeclaredItem.php
24 Aug 2019 12:21:31|20|shiji@forstarfoods.com|DailyCatchEntry_New.php
24 Aug 2019 12:21:32|20|shiji@forstarfoods.com|DailyCatchEntry_New.php
24 Aug 2019 12:21:33|20|shiji@forstarfoods.com|DailyCatchEntry_New.php
24 Aug 2019 12:21:35|20|shiji@forstarfoods.com|DailyCatchEntry_New.php
24 Aug 2019 12:21:36|20|shiji@forstarfoods.com|DailyCatchEntry_New.php
24 Aug 2019 12:21:37|20|shiji@forstarfoods.com|DailyCatchEntry_New.php
24 Aug 2019 12:21:42|20|shiji@forstarfoods.com|DailyCatchEntry_New.php
24 Aug 2019 12:21:43|20|shiji@forstarfoods.com|DailyCatchEntry_New.php
24 Aug 2019 12:21:44|20|shiji@forstarfoods.com|DailyCatchEntry_New.php
24 Aug 2019 12:21:47|20|shiji@forstarfoods.com|DailyCatchEntry_New.php
24 Aug 2019 12:21:49|20|shiji@forstarfoods.com|DailyCatchEntry_New.php
24 Aug 2019 12:21:52|20|shiji@forstarfoods.com|DailyCatchEntry_New.php
24 Aug 2019 12:21:53|20|shiji@forstarfoods.com|DailyCatchEntry_New.php
24 Aug 2019 12:21:54|20|shiji@forstarfoods.com|DailyCatchEntry_New.php
24 Aug 2019 12:21:55|20|shiji@forstarfoods.com|DailyCatchEntry_New.php
24 Aug 2019 12:21:56|20|shiji@forstarfoods.com|DailyCatchEntry_New.php
24 Aug 2019 12:21:58|20|shiji@forstarfoods.com|DailyCatchEntry_New.php
24 Aug 2019 12:22:14|20|shiji@forstarfoods.com|DailyCatchEntry_New.php
24 Aug 2019 12:22:16|20|shiji@forstarfoods.com|DailyCatchEntry_New.php
24 Aug 2019 12:22:17|20|shiji@forstarfoods.com|CatchEntryDeclaredItem.php
24 Aug 2019 12:23:16|20|shiji@forstarfoods.com|DailyCatchEntry_New.php
24 Aug 2019 12:28:17|20|shiji@forstarfoods.com|DailyCatchEntry_New.php
24 Aug 2019 12:33:19|20|shiji@forstarfoods.com|DailyCatchEntry_New.php
24 Aug 2019 12:38:20|20|shiji@forstarfoods.com|DailyCatchEntry_New.php
24 Aug 2019 12:43:22|20|shiji@forstarfoods.com|DailyCatchEntry_New.php
24 Aug 2019 12:48:23|20|shiji@forstarfoods.com|DailyCatchEntry_New.php
24 Aug 2019 12:53:25|20|shiji@forstarfoods.com|DailyCatchEntry_New.php
24 Aug 2019 12:58:27|20|shiji@forstarfoods.com|DailyCatchEntry_New.php
24 Aug 2019 13:03:29|20|shiji@forstarfoods.com|DailyCatchEntry_New.php
24 Aug 2019 13:08:31|20|shiji@forstarfoods.com|DailyCatchEntry_New.php
24 Aug 2019 13:13:33|20|shiji@forstarfoods.com|DailyCatchEntry_New.php
24 Aug 2019 13:14:58|20|shiji@forstarfoods.com|ProcessorsAccounts.php
24 Aug 2019 13:15:06|20|shiji@forstarfoods.com|ProcessorsAccounts.php
24 Aug 2019 13:15:09|20|shiji@forstarfoods.com|ProcessorsAccounts.php
24 Aug 2019 13:15:17|20|shiji@forstarfoods.com|ProcessorsAccounts.php
24 Aug 2019 13:15:33|20|shiji@forstarfoods.com|ProcessorsAccounts.php
24 Aug 2019 13:19:30|20|shiji@forstarfoods.com|ProcessorsAccounts.php
24 Aug 2019 13:19:36|20|shiji@forstarfoods.com|ProcessorsAccounts.php
24 Aug 2019 14:20:21|28|pratiksha@forstarfoods.com|Home.php
24 Aug 2019 14:20:28|28|pratiksha@forstarfoods.com|ManageGatePass.php
24 Aug 2019 14:20:32|28|pratiksha@forstarfoods.com|ManageGatePass.php
24 Aug 2019 14:20:45|28|pratiksha@forstarfoods.com|ManageGatePass.php
24 Aug 2019 14:20:56|28|pratiksha@forstarfoods.com|ManageGatePass.php
24 Aug 2019 14:21:18|28|pratiksha@forstarfoods.com|ManageGatePass.php
24 Aug 2019 14:21:20|28|pratiksha@forstarfoods.com|ManageGatePass.php
24 Aug 2019 14:21:25|28|pratiksha@forstarfoods.com|ManageGatePass.php
24 Aug 2019 14:21:28|28|pratiksha@forstarfoods.com|ManageGatePass.php
24 Aug 2019 14:21:30|28|pratiksha@forstarfoods.com|ManageGatePass.php
24 Aug 2019 14:21:35|28|pratiksha@forstarfoods.com|PrintGatePass.php
24 Aug 2019 14:22:32|28|pratiksha@forstarfoods.com|ManageGatePass.php
24 Aug 2019 14:23:33|28|pratiksha@forstarfoods.com|ManageGatePass.php
24 Aug 2019 14:24:35|28|pratiksha@forstarfoods.com|ManageGatePass.php
24 Aug 2019 14:25:36|28|pratiksha@forstarfoods.com|ManageGatePass.php
24 Aug 2019 14:26:37|28|pratiksha@forstarfoods.com|ManageGatePass.php
24 Aug 2019 14:27:39|28|pratiksha@forstarfoods.com|ManageGatePass.php
24 Aug 2019 14:28:40|28|pratiksha@forstarfoods.com|ManageGatePass.php
24 Aug 2019 14:29:42|28|pratiksha@forstarfoods.com|ManageGatePass.php
24 Aug 2019 14:30:43|28|pratiksha@forstarfoods.com|ManageGatePass.php
24 Aug 2019 14:31:44|28|pratiksha@forstarfoods.com|ManageGatePass.php
24 Aug 2019 14:32:46|28|pratiksha@forstarfoods.com|ManageGatePass.php
24 Aug 2019 14:33:47|28|pratiksha@forstarfoods.com|ManageGatePass.php
24 Aug 2019 14:34:50|28|pratiksha@forstarfoods.com|ManageGatePass.php
24 Aug 2019 14:35:53|28|pratiksha@forstarfoods.com|ManageGatePass.php
24 Aug 2019 14:36:56|28|pratiksha@forstarfoods.com|ManageGatePass.php
24 Aug 2019 14:37:33|28|pratiksha@forstarfoods.com|ManageGatePass.php
24 Aug 2019 14:37:37|28|pratiksha@forstarfoods.com|ManageGatePass.php
24 Aug 2019 14:37:40|28|pratiksha@forstarfoods.com|ManageGatePass.php
24 Aug 2019 14:38:13|28|pratiksha@forstarfoods.com|ManageGatePass.php
24 Aug 2019 14:38:17|28|pratiksha@forstarfoods.com|ManageGatePass.php
24 Aug 2019 14:38:19|28|pratiksha@forstarfoods.com|ManageGatePass.php
24 Aug 2019 14:38:23|28|pratiksha@forstarfoods.com|ManageGatePass.php
24 Aug 2019 14:38:26|28|pratiksha@forstarfoods.com|ManageGatePass.php
24 Aug 2019 14:38:36|28|pratiksha@forstarfoods.com|PrintGatePass.php
24 Aug 2019 14:39:27|28|pratiksha@forstarfoods.com|ManageGatePass.php
24 Aug 2019 14:40:29|28|pratiksha@forstarfoods.com|ManageGatePass.php
24 Aug 2019 14:41:31|28|pratiksha@forstarfoods.com|ManageGatePass.php
24 Aug 2019 14:42:32|28|pratiksha@forstarfoods.com|ManageGatePass.php
24 Aug 2019 14:42:38|28|pratiksha@forstarfoods.com|ManageGatePass.php
24 Aug 2019 14:42:42|28|pratiksha@forstarfoods.com|ManageGatePass.php
24 Aug 2019 14:42:43|28|pratiksha@forstarfoods.com|ManageGatePass.php
24 Aug 2019 14:43:23|28|pratiksha@forstarfoods.com|PrintGatePass.php
24 Aug 2019 14:43:32|28|pratiksha@forstarfoods.com|ManageGatePass.php
24 Aug 2019 14:44:34|28|pratiksha@forstarfoods.com|ManageGatePass.php
24 Aug 2019 14:45:36|28|pratiksha@forstarfoods.com|ManageGatePass.php
24 Aug 2019 14:46:39|28|pratiksha@forstarfoods.com|ManageGatePass.php
24 Aug 2019 14:47:40|28|pratiksha@forstarfoods.com|ManageGatePass.php
24 Aug 2019 14:48:43|28|pratiksha@forstarfoods.com|ManageGatePass.php
24 Aug 2019 14:49:45|28|pratiksha@forstarfoods.com|ManageGatePass.php
24 Aug 2019 14:50:48|28|pratiksha@forstarfoods.com|ManageGatePass.php
24 Aug 2019 14:51:07|28|pratiksha@forstarfoods.com|ManageGatePass.php
24 Aug 2019 14:51:11|28|pratiksha@forstarfoods.com|ManageGatePass.php
24 Aug 2019 14:51:13|28|pratiksha@forstarfoods.com|ManageGatePass.php
24 Aug 2019 14:51:53|28|pratiksha@forstarfoods.com|ManageGatePass.php
24 Aug 2019 14:52:05|28|pratiksha@forstarfoods.com|ManageGatePass.php
24 Aug 2019 14:52:08|28|pratiksha@forstarfoods.com|ManageGatePass.php
24 Aug 2019 14:52:12|28|pratiksha@forstarfoods.com|ManageGatePass.php
24 Aug 2019 14:52:14|28|pratiksha@forstarfoods.com|ManageGatePass.php
24 Aug 2019 14:52:17|28|pratiksha@forstarfoods.com|PrintGatePass.php
24 Aug 2019 14:53:15|28|pratiksha@forstarfoods.com|ManageGatePass.php
24 Aug 2019 14:54:16|28|pratiksha@forstarfoods.com|ManageGatePass.php
24 Aug 2019 14:55:18|28|pratiksha@forstarfoods.com|ManageGatePass.php
24 Aug 2019 14:56:19|28|pratiksha@forstarfoods.com|ManageGatePass.php
24 Aug 2019 14:57:21|28|pratiksha@forstarfoods.com|ManageGatePass.php
24 Aug 2019 14:58:22|28|pratiksha@forstarfoods.com|ManageGatePass.php
24 Aug 2019 14:59:23|28|pratiksha@forstarfoods.com|ManageGatePass.php
24 Aug 2019 15:00:25|28|pratiksha@forstarfoods.com|ManageGatePass.php
24 Aug 2019 15:01:26|28|pratiksha@forstarfoods.com|ManageGatePass.php
24 Aug 2019 15:02:27|28|pratiksha@forstarfoods.com|ManageGatePass.php
24 Aug 2019 15:03:29|28|pratiksha@forstarfoods.com|ManageGatePass.php
24 Aug 2019 15:04:30|28|pratiksha@forstarfoods.com|ManageGatePass.php
24 Aug 2019 15:05:31|28|pratiksha@forstarfoods.com|ManageGatePass.php
24 Aug 2019 15:06:32|28|pratiksha@forstarfoods.com|ManageGatePass.php
24 Aug 2019 15:07:34|28|pratiksha@forstarfoods.com|ManageGatePass.php
24 Aug 2019 15:08:35|28|pratiksha@forstarfoods.com|ManageGatePass.php
24 Aug 2019 15:09:36|28|pratiksha@forstarfoods.com|ManageGatePass.php
24 Aug 2019 15:10:38|28|pratiksha@forstarfoods.com|ManageGatePass.php
24 Aug 2019 15:11:39|28|pratiksha@forstarfoods.com|ManageGatePass.php
24 Aug 2019 15:12:40|28|pratiksha@forstarfoods.com|ManageGatePass.php
24 Aug 2019 15:13:42|28|pratiksha@forstarfoods.com|ManageGatePass.php
24 Aug 2019 15:14:43|28|pratiksha@forstarfoods.com|ManageGatePass.php
24 Aug 2019 15:15:44|28|pratiksha@forstarfoods.com|ManageGatePass.php
24 Aug 2019 15:16:46|28|pratiksha@forstarfoods.com|ManageGatePass.php
24 Aug 2019 15:17:47|28|pratiksha@forstarfoods.com|ManageGatePass.php
24 Aug 2019 15:18:48|28|pratiksha@forstarfoods.com|ManageGatePass.php
24 Aug 2019 15:19:50|28|pratiksha@forstarfoods.com|ManageGatePass.php
24 Aug 2019 15:20:51|28|pratiksha@forstarfoods.com|ManageGatePass.php
24 Aug 2019 15:21:52|28|pratiksha@forstarfoods.com|ManageGatePass.php
24 Aug 2019 15:22:54|28|pratiksha@forstarfoods.com|ManageGatePass.php
24 Aug 2019 15:23:55|28|pratiksha@forstarfoods.com|ManageGatePass.php
24 Aug 2019 15:24:56|28|pratiksha@forstarfoods.com|ManageGatePass.php
24 Aug 2019 15:25:58|28|pratiksha@forstarfoods.com|ManageGatePass.php
24 Aug 2019 15:26:59|28|pratiksha@forstarfoods.com|ManageGatePass.php
24 Aug 2019 15:28:00|28|pratiksha@forstarfoods.com|ManageGatePass.php
24 Aug 2019 15:29:02|28|pratiksha@forstarfoods.com|ManageGatePass.php
24 Aug 2019 15:30:03|28|pratiksha@forstarfoods.com|ManageGatePass.php
24 Aug 2019 15:31:04|28|pratiksha@forstarfoods.com|ManageGatePass.php
24 Aug 2019 15:31:08|28|pratiksha@forstarfoods.com|ManageGatePass.php
24 Aug 2019 15:31:13|28|pratiksha@forstarfoods.com|ManageGatePass.php
24 Aug 2019 15:31:14|28|pratiksha@forstarfoods.com|ManageGatePass.php
24 Aug 2019 15:32:04|28|pratiksha@forstarfoods.com|ManageGatePass.php
24 Aug 2019 15:32:07|28|pratiksha@forstarfoods.com|ManageGatePass.php
24 Aug 2019 15:32:10|28|pratiksha@forstarfoods.com|ManageGatePass.php
24 Aug 2019 15:32:14|28|pratiksha@forstarfoods.com|ManageGatePass.php
24 Aug 2019 15:32:17|28|pratiksha@forstarfoods.com|ManageGatePass.php
24 Aug 2019 15:32:20|28|pratiksha@forstarfoods.com|PrintGatePass.php
24 Aug 2019 15:33:18|28|pratiksha@forstarfoods.com|ManageGatePass.php
24 Aug 2019 15:34:19|28|pratiksha@forstarfoods.com|ManageGatePass.php
24 Aug 2019 15:35:21|28|pratiksha@forstarfoods.com|ManageGatePass.php
24 Aug 2019 15:36:25|28|pratiksha@forstarfoods.com|ManageGatePass.php
24 Aug 2019 15:37:28|28|pratiksha@forstarfoods.com|ManageGatePass.php
24 Aug 2019 15:38:31|28|pratiksha@forstarfoods.com|ManageGatePass.php
24 Aug 2019 15:39:32|28|pratiksha@forstarfoods.com|ManageGatePass.php
24 Aug 2019 15:40:35|28|pratiksha@forstarfoods.com|ManageGatePass.php
24 Aug 2019 15:41:39|28|pratiksha@forstarfoods.com|ManageGatePass.php
24 Aug 2019 15:42:41|28|pratiksha@forstarfoods.com|ManageGatePass.php
24 Aug 2019 15:43:43|28|pratiksha@forstarfoods.com|ManageGatePass.php
24 Aug 2019 15:44:46|28|pratiksha@forstarfoods.com|ManageGatePass.php
24 Aug 2019 15:45:49|28|pratiksha@forstarfoods.com|ManageGatePass.php
24 Aug 2019 15:46:51|28|pratiksha@forstarfoods.com|ManageGatePass.php
24 Aug 2019 15:47:53|28|pratiksha@forstarfoods.com|ManageGatePass.php
24 Aug 2019 15:48:56|28|pratiksha@forstarfoods.com|ManageGatePass.php
24 Aug 2019 15:49:59|28|pratiksha@forstarfoods.com|ManageGatePass.php
24 Aug 2019 15:51:03|28|pratiksha@forstarfoods.com|ManageGatePass.php
24 Aug 2019 15:52:05|28|pratiksha@forstarfoods.com|ManageGatePass.php
26 Aug 2019 09:52:02|20|shiji@forstarfoods.com|Home.php
26 Aug 2019 09:52:07|20|shiji@forstarfoods.com|DailyCatchEntry_New.php
26 Aug 2019 09:52:10|20|shiji@forstarfoods.com|DailyCatchEntry_New.php
26 Aug 2019 09:52:11|20|shiji@forstarfoods.com|DailyCatchEntry_New.php
26 Aug 2019 09:52:13|20|shiji@forstarfoods.com|DailyCatchEntry_New.php
26 Aug 2019 09:52:14|20|shiji@forstarfoods.com|DailyCatchEntry_New.php
26 Aug 2019 09:52:15|20|shiji@forstarfoods.com|CatchEntryDeclaredItem.php
26 Aug 2019 09:52:16|20|shiji@forstarfoods.com|DailyCatchEntry_New.php
26 Aug 2019 09:52:19|20|shiji@forstarfoods.com|DailyCatchEntry_New.php
26 Aug 2019 09:52:20|20|shiji@forstarfoods.com|DailyCatchEntry_New.php
26 Aug 2019 09:52:21|20|shiji@forstarfoods.com|DailyCatchEntry_New.php
26 Aug 2019 09:52:22|20|shiji@forstarfoods.com|DailyCatchEntry_New.php
26 Aug 2019 09:52:24|20|shiji@forstarfoods.com|DailyCatchEntry_New.php
26 Aug 2019 09:52:28|20|shiji@forstarfoods.com|DailyCatchEntry_New.php
26 Aug 2019 09:52:29|20|shiji@forstarfoods.com|DailyCatchEntry_New.php
26 Aug 2019 09:52:30|20|shiji@forstarfoods.com|DailyCatchEntry_New.php
26 Aug 2019 09:52:31|20|shiji@forstarfoods.com|DailyCatchEntry_New.php
26 Aug 2019 09:52:39|20|shiji@forstarfoods.com|DailyCatchEntry_New.php
26 Aug 2019 09:52:40|20|shiji@forstarfoods.com|CatchEntryDeclaredItem.php
26 Aug 2019 09:52:59|20|shiji@forstarfoods.com|DailyCatchEntry_New.php
26 Aug 2019 09:53:01|20|shiji@forstarfoods.com|DailyCatchEntry_New.php
26 Aug 2019 09:53:02|20|shiji@forstarfoods.com|DailyCatchEntry_New.php
26 Aug 2019 09:53:37|20|shiji@forstarfoods.com|DailyCatchEntry_New.php
26 Aug 2019 09:53:39|20|shiji@forstarfoods.com|DailyCatchEntry_New.php
26 Aug 2019 09:53:42|20|shiji@forstarfoods.com|DailyCatchEntry_New.php
26 Aug 2019 09:53:46|20|shiji@forstarfoods.com|DailyCatchEntry_New.php
26 Aug 2019 09:53:47|20|shiji@forstarfoods.com|DailyCatchEntry_New.php
26 Aug 2019 09:53:49|20|shiji@forstarfoods.com|DailyCatchEntry_New.php
26 Aug 2019 09:53:50|20|shiji@forstarfoods.com|DailyCatchEntry_New.php
26 Aug 2019 09:53:51|20|shiji@forstarfoods.com|DailyCatchEntry_New.php
26 Aug 2019 09:53:52|20|shiji@forstarfoods.com|DailyCatchEntry_New.php
26 Aug 2019 09:55:53|20|shiji@forstarfoods.com|DailyCatchEntry_New.php
26 Aug 2019 09:55:54|20|shiji@forstarfoods.com|DailyCatchEntry_New.php
26 Aug 2019 09:56:38|20|shiji@forstarfoods.com|DailyCatchEntry_New.php
26 Aug 2019 09:56:39|20|shiji@forstarfoods.com|DailyCatchEntry_New.php
26 Aug 2019 09:56:58|20|shiji@forstarfoods.com|DailyCatchEntry_New.php
26 Aug 2019 09:57:00|20|shiji@forstarfoods.com|DailyCatchEntry_New.php
26 Aug 2019 09:57:02|20|shiji@forstarfoods.com|CatchEntryDeclaredItem.php
26 Aug 2019 09:57:11|20|shiji@forstarfoods.com|DailyCatchEntry_New.php
26 Aug 2019 09:57:15|20|shiji@forstarfoods.com|DailyCatchEntry_New.php
26 Aug 2019 09:57:17|20|shiji@forstarfoods.com|DailyCatchEntry_New.php
26 Aug 2019 09:57:19|20|shiji@forstarfoods.com|DailyCatchEntry_New.php
26 Aug 2019 09:57:21|20|shiji@forstarfoods.com|DailyCatchEntry_New.php
26 Aug 2019 09:57:22|20|shiji@forstarfoods.com|DailyCatchEntry_New.php
26 Aug 2019 09:57:23|20|shiji@forstarfoods.com|DailyCatchEntry_New.php
26 Aug 2019 09:57:24|20|shiji@forstarfoods.com|DailyCatchEntry_New.php
26 Aug 2019 09:57:26|20|shiji@forstarfoods.com|DailyCatchEntry_New.php
26 Aug 2019 09:57:33|20|shiji@forstarfoods.com|DailyCatchEntry_New.php
26 Aug 2019 09:57:35|20|shiji@forstarfoods.com|DailyCatchEntry_New.php
26 Aug 2019 09:57:36|20|shiji@forstarfoods.com|CatchEntryDeclaredItem.php
26 Aug 2019 09:57:46|20|shiji@forstarfoods.com|DailyCatchEntry_New.php
26 Aug 2019 09:57:47|20|shiji@forstarfoods.com|DailyCatchEntry_New.php
26 Aug 2019 09:57:49|20|shiji@forstarfoods.com|DailyCatchEntry_New.php
26 Aug 2019 09:57:50|20|shiji@forstarfoods.com|DailyCatchEntry_New.php
26 Aug 2019 09:57:57|20|shiji@forstarfoods.com|DailyCatchEntry_New.php
26 Aug 2019 09:57:59|20|shiji@forstarfoods.com|CatchEntryDeclaredItem.php
26 Aug 2019 09:58:17|20|shiji@forstarfoods.com|DailyCatchEntry_New.php
26 Aug 2019 09:58:19|20|shiji@forstarfoods.com|DailyCatchEntry_New.php
26 Aug 2019 09:58:21|20|shiji@forstarfoods.com|DailyCatchEntry_New.php
26 Aug 2019 09:58:23|20|shiji@forstarfoods.com|DailyCatchEntry_New.php
26 Aug 2019 09:58:24|20|shiji@forstarfoods.com|DailyCatchEntry_New.php
26 Aug 2019 09:58:26|20|shiji@forstarfoods.com|DailyCatchEntry_New.php
26 Aug 2019 09:58:27|20|shiji@forstarfoods.com|DailyCatchEntry_New.php
26 Aug 2019 09:58:28|20|shiji@forstarfoods.com|DailyCatchEntry_New.php
26 Aug 2019 09:58:29|20|shiji@forstarfoods.com|DailyCatchEntry_New.php
26 Aug 2019 09:59:00|20|shiji@forstarfoods.com|DailyCatchEntry_New.php
26 Aug 2019 09:59:02|20|shiji@forstarfoods.com|DailyCatchEntry_New.php
26 Aug 2019 09:59:03|20|shiji@forstarfoods.com|CatchEntryDeclaredItem.php
26 Aug 2019 09:59:12|20|shiji@forstarfoods.com|DailyCatchEntry_New.php
26 Aug 2019 09:59:14|20|shiji@forstarfoods.com|DailyCatchEntry_New.php
26 Aug 2019 09:59:16|20|shiji@forstarfoods.com|DailyCatchEntry_New.php
26 Aug 2019 09:59:17|20|shiji@forstarfoods.com|DailyCatchEntry_New.php
26 Aug 2019 09:59:18|20|shiji@forstarfoods.com|DailyCatchEntry_New.php
26 Aug 2019 09:59:19|20|shiji@forstarfoods.com|DailyCatchEntry_New.php
26 Aug 2019 09:59:21|20|shiji@forstarfoods.com|DailyCatchEntry_New.php
26 Aug 2019 09:59:22|20|shiji@forstarfoods.com|DailyCatchEntry_New.php
26 Aug 2019 09:59:23|20|shiji@forstarfoods.com|DailyCatchEntry_New.php
26 Aug 2019 09:59:50|20|shiji@forstarfoods.com|DailyCatchEntry_New.php
26 Aug 2019 09:59:51|20|shiji@forstarfoods.com|CatchEntryDeclaredItem.php
26 Aug 2019 10:00:06|20|shiji@forstarfoods.com|DailyCatchEntry_New.php
26 Aug 2019 10:00:07|20|shiji@forstarfoods.com|DailyCatchEntry_New.php
26 Aug 2019 10:00:08|20|shiji@forstarfoods.com|DailyCatchEntry_New.php
26 Aug 2019 10:00:11|20|shiji@forstarfoods.com|DailyCatchEntry_New.php
26 Aug 2019 10:00:16|20|shiji@forstarfoods.com|DailyCatchEntry_New.php
26 Aug 2019 10:00:17|20|shiji@forstarfoods.com|CatchEntryDeclaredItem.php
26 Aug 2019 10:00:31|20|shiji@forstarfoods.com|DailyCatchEntry_New.php
26 Aug 2019 10:02:13|20|shiji@forstarfoods.com|DailyCatchEntry_New.php
26 Aug 2019 10:02:38|20|shiji@forstarfoods.com|DailyCatchEntry_New.php
26 Aug 2019 10:02:53|20|shiji@forstarfoods.com|DailyCatchEntry_New.php
26 Aug 2019 10:02:56|20|shiji@forstarfoods.com|DailyCatchEntry_New.php
26 Aug 2019 10:03:02|20|shiji@forstarfoods.com|DailyCatchEntry_New.php
26 Aug 2019 10:03:04|20|shiji@forstarfoods.com|DailyCatchEntry_New.php
26 Aug 2019 10:03:05|20|shiji@forstarfoods.com|DailyCatchEntry_New.php
26 Aug 2019 10:03:06|20|shiji@forstarfoods.com|DailyCatchEntry_New.php
26 Aug 2019 10:03:07|20|shiji@forstarfoods.com|DailyCatchEntry_New.php
26 Aug 2019 10:03:09|20|shiji@forstarfoods.com|DailyCatchEntry_New.php
26 Aug 2019 10:03:10|20|shiji@forstarfoods.com|DailyCatchEntry_New.php
26 Aug 2019 10:03:11|20|shiji@forstarfoods.com|DailyCatchEntry_New.php
26 Aug 2019 10:03:12|20|shiji@forstarfoods.com|DailyCatchEntry_New.php
26 Aug 2019 10:03:14|20|shiji@forstarfoods.com|DailyCatchEntry_New.php
26 Aug 2019 10:03:15|20|shiji@forstarfoods.com|DailyCatchEntry_New.php
26 Aug 2019 10:03:16|20|shiji@forstarfoods.com|DailyCatchEntry_New.php
26 Aug 2019 10:03:17|20|shiji@forstarfoods.com|DailyCatchEntry_New.php
26 Aug 2019 10:03:19|20|shiji@forstarfoods.com|DailyCatchEntry_New.php
26 Aug 2019 10:03:20|20|shiji@forstarfoods.com|DailyCatchEntry_New.php
26 Aug 2019 10:03:21|20|shiji@forstarfoods.com|DailyCatchEntry_New.php
26 Aug 2019 10:03:22|20|shiji@forstarfoods.com|DailyCatchEntry_New.php
26 Aug 2019 10:03:23|20|shiji@forstarfoods.com|DailyCatchEntry_New.php
26 Aug 2019 10:03:25|20|shiji@forstarfoods.com|DailyCatchEntry_New.php
26 Aug 2019 10:03:26|20|shiji@forstarfoods.com|DailyCatchEntry_New.php
26 Aug 2019 10:03:27|20|shiji@forstarfoods.com|DailyCatchEntry_New.php
26 Aug 2019 10:03:28|20|shiji@forstarfoods.com|DailyCatchEntry_New.php
26 Aug 2019 10:03:30|20|shiji@forstarfoods.com|DailyCatchEntry_New.php
26 Aug 2019 10:03:31|20|shiji@forstarfoods.com|DailyCatchEntry_New.php
26 Aug 2019 10:04:03|20|shiji@forstarfoods.com|DailyCatchEntry_New.php
26 Aug 2019 10:04:05|20|shiji@forstarfoods.com|DailyCatchEntry_New.php
26 Aug 2019 10:04:07|20|shiji@forstarfoods.com|CatchEntryDeclaredItem.php
26 Aug 2019 10:04:09|20|shiji@forstarfoods.com|DailyCatchEntry_New.php
26 Aug 2019 10:04:12|20|shiji@forstarfoods.com|DailyCatchEntry_New.php
26 Aug 2019 10:04:15|20|shiji@forstarfoods.com|DailyCatchEntry_New.php
26 Aug 2019 10:04:17|20|shiji@forstarfoods.com|DailyCatchEntry_New.php
26 Aug 2019 10:04:18|20|shiji@forstarfoods.com|DailyCatchEntry_New.php
26 Aug 2019 10:04:19|20|shiji@forstarfoods.com|DailyCatchEntry_New.php
26 Aug 2019 10:04:20|20|shiji@forstarfoods.com|DailyCatchEntry_New.php
26 Aug 2019 10:04:22|20|shiji@forstarfoods.com|DailyCatchEntry_New.php
26 Aug 2019 10:04:23|20|shiji@forstarfoods.com|DailyCatchEntry_New.php
26 Aug 2019 10:04:24|20|shiji@forstarfoods.com|DailyCatchEntry_New.php
26 Aug 2019 10:04:27|20|shiji@forstarfoods.com|DailyCatchEntry_New.php
26 Aug 2019 10:04:31|20|shiji@forstarfoods.com|DailyCatchEntry_New.php
26 Aug 2019 10:04:32|20|shiji@forstarfoods.com|CatchEntryDeclaredItem.php
26 Aug 2019 10:04:41|20|shiji@forstarfoods.com|DailyCatchReport.php
26 Aug 2019 10:04:45|20|shiji@forstarfoods.com|DailyCatchEntry_New.php
26 Aug 2019 10:04:47|20|shiji@forstarfoods.com|DailyCatchEntry_New.php
26 Aug 2019 10:04:49|20|shiji@forstarfoods.com|DailyCatchEntry_New.php
26 Aug 2019 10:04:51|20|shiji@forstarfoods.com|DailyCatchEntry_New.php
26 Aug 2019 10:04:52|20|shiji@forstarfoods.com|DailyCatchEntry_New.php
26 Aug 2019 10:04:53|20|shiji@forstarfoods.com|CatchEntryDeclaredItem.php
26 Aug 2019 10:04:54|20|shiji@forstarfoods.com|DailyCatchEntry_New.php
26 Aug 2019 10:04:56|20|shiji@forstarfoods.com|DailyCatchEntry_New.php
26 Aug 2019 10:04:57|20|shiji@forstarfoods.com|DailyCatchEntry_New.php
26 Aug 2019 10:04:58|20|shiji@forstarfoods.com|DailyCatchEntry_New.php
26 Aug 2019 10:05:09|20|shiji@forstarfoods.com|DailyCatchEntry_New.php
26 Aug 2019 10:05:15|20|shiji@forstarfoods.com|DailyCatchEntry_New.php
26 Aug 2019 10:05:16|20|shiji@forstarfoods.com|CatchEntryDeclaredItem.php
26 Aug 2019 10:05:31|20|shiji@forstarfoods.com|DailyCatchEntry_New.php
26 Aug 2019 10:05:32|20|shiji@forstarfoods.com|DailyCatchEntry_New.php
26 Aug 2019 10:05:34|20|shiji@forstarfoods.com|DailyCatchEntry_New.php
26 Aug 2019 10:05:36|20|shiji@forstarfoods.com|DailyCatchEntry_New.php
26 Aug 2019 10:05:38|20|shiji@forstarfoods.com|DailyCatchEntry_New.php
26 Aug 2019 10:05:41|20|shiji@forstarfoods.com|DailyCatchEntry_New.php
26 Aug 2019 10:05:42|20|shiji@forstarfoods.com|DailyCatchEntry_New.php
26 Aug 2019 10:05:44|20|shiji@forstarfoods.com|DailyCatchEntry_New.php
26 Aug 2019 10:05:45|20|shiji@forstarfoods.com|DailyCatchEntry_New.php
26 Aug 2019 10:05:46|20|shiji@forstarfoods.com|DailyCatchEntry_New.php
26 Aug 2019 10:05:47|20|shiji@forstarfoods.com|DailyCatchEntry_New.php
26 Aug 2019 10:05:49|20|shiji@forstarfoods.com|DailyCatchEntry_New.php
26 Aug 2019 10:05:50|20|shiji@forstarfoods.com|DailyCatchEntry_New.php
26 Aug 2019 10:05:51|20|shiji@forstarfoods.com|DailyCatchEntry_New.php
26 Aug 2019 10:05:52|20|shiji@forstarfoods.com|DailyCatchEntry_New.php
26 Aug 2019 10:05:54|20|shiji@forstarfoods.com|DailyCatchEntry_New.php
26 Aug 2019 10:05:55|20|shiji@forstarfoods.com|DailyCatchEntry_New.php
26 Aug 2019 10:05:56|20|shiji@forstarfoods.com|DailyCatchEntry_New.php
26 Aug 2019 10:05:57|20|shiji@forstarfoods.com|DailyCatchEntry_New.php
26 Aug 2019 10:05:59|20|shiji@forstarfoods.com|DailyCatchEntry_New.php
26 Aug 2019 10:06:00|20|shiji@forstarfoods.com|DailyCatchEntry_New.php
26 Aug 2019 10:06:09|20|shiji@forstarfoods.com|DailyCatchEntry_New.php
26 Aug 2019 10:06:29|20|shiji@forstarfoods.com|DailyCatchEntry_New.php
26 Aug 2019 10:06:31|20|shiji@forstarfoods.com|DailyCatchEntry_New.php
26 Aug 2019 10:06:33|20|shiji@forstarfoods.com|CatchEntryDeclaredItem.php
26 Aug 2019 10:06:39|20|shiji@forstarfoods.com|DailyCatchEntry_New.php
26 Aug 2019 10:06:40|20|shiji@forstarfoods.com|DailyCatchEntry_New.php
26 Aug 2019 10:06:41|20|shiji@forstarfoods.com|DailyCatchEntry_New.php
26 Aug 2019 10:06:45|20|shiji@forstarfoods.com|DailyCatchEntry_New.php
26 Aug 2019 10:06:48|20|shiji@forstarfoods.com|DailyCatchEntry_New.php
26 Aug 2019 10:06:49|20|shiji@forstarfoods.com|CatchEntryDeclaredItem.php
26 Aug 2019 10:07:04|20|shiji@forstarfoods.com|DailyCatchEntry_New.php
26 Aug 2019 10:07:06|20|shiji@forstarfoods.com|DailyCatchEntry_New.php
26 Aug 2019 10:07:08|20|shiji@forstarfoods.com|DailyCatchEntry_New.php
26 Aug 2019 10:07:12|20|shiji@forstarfoods.com|DailyCatchEntry_New.php
26 Aug 2019 10:07:13|20|shiji@forstarfoods.com|DailyCatchEntry_New.php
26 Aug 2019 10:07:14|20|shiji@forstarfoods.com|DailyCatchEntry_New.php
26 Aug 2019 10:07:15|20|shiji@forstarfoods.com|DailyCatchEntry_New.php
26 Aug 2019 10:07:17|20|shiji@forstarfoods.com|DailyCatchEntry_New.php
26 Aug 2019 10:07:18|20|shiji@forstarfoods.com|DailyCatchEntry_New.php
26 Aug 2019 10:07:19|20|shiji@forstarfoods.com|DailyCatchEntry_New.php
26 Aug 2019 10:07:20|20|shiji@forstarfoods.com|DailyCatchEntry_New.php
26 Aug 2019 10:07:22|20|shiji@forstarfoods.com|DailyCatchEntry_New.php
26 Aug 2019 10:07:23|20|shiji@forstarfoods.com|DailyCatchEntry_New.php
26 Aug 2019 10:07:24|20|shiji@forstarfoods.com|DailyCatchEntry_New.php
26 Aug 2019 10:07:25|20|shiji@forstarfoods.com|DailyCatchEntry_New.php
26 Aug 2019 10:07:27|20|shiji@forstarfoods.com|DailyCatchEntry_New.php
26 Aug 2019 10:07:28|20|shiji@forstarfoods.com|DailyCatchEntry_New.php
26 Aug 2019 10:07:29|20|shiji@forstarfoods.com|DailyCatchEntry_New.php
26 Aug 2019 10:07:30|20|shiji@forstarfoods.com|DailyCatchEntry_New.php
26 Aug 2019 10:07:32|20|shiji@forstarfoods.com|DailyCatchEntry_New.php
26 Aug 2019 10:07:33|20|shiji@forstarfoods.com|DailyCatchEntry_New.php
26 Aug 2019 10:07:34|20|shiji@forstarfoods.com|DailyCatchEntry_New.php
26 Aug 2019 10:07:35|20|shiji@forstarfoods.com|DailyCatchEntry_New.php
26 Aug 2019 10:07:37|20|shiji@forstarfoods.com|DailyCatchEntry_New.php
26 Aug 2019 10:07:38|20|shiji@forstarfoods.com|DailyCatchEntry_New.php
26 Aug 2019 10:07:39|20|shiji@forstarfoods.com|DailyCatchEntry_New.php
26 Aug 2019 10:07:40|20|shiji@forstarfoods.com|DailyCatchEntry_New.php
26 Aug 2019 10:07:41|20|shiji@forstarfoods.com|DailyCatchEntry_New.php
26 Aug 2019 10:07:43|20|shiji@forstarfoods.com|DailyCatchEntry_New.php
26 Aug 2019 10:07:44|20|shiji@forstarfoods.com|DailyCatchEntry_New.php
26 Aug 2019 10:07:45|20|shiji@forstarfoods.com|DailyCatchEntry_New.php
26 Aug 2019 10:07:46|20|shiji@forstarfoods.com|DailyCatchEntry_New.php