
19 Jan 2019 15:12:24|20|shiji@forstarfoods.com|DailyCatchEntry_New.php
19 Jan 2019 15:12:25|20|shiji@forstarfoods.com|DailyCatchEntry_New.php
19 Jan 2019 15:12:40|20|shiji@forstarfoods.com|DailyCatchEntry_New.php
19 Jan 2019 15:12:42|20|shiji@forstarfoods.com|DailyCatchEntry_New.php
19 Jan 2019 15:12:44|20|shiji@forstarfoods.com|CatchEntryDeclaredItem.php
19 Jan 2019 15:12:56|20|shiji@forstarfoods.com|DailyCatchEntry_New.php
19 Jan 2019 15:12:58|20|shiji@forstarfoods.com|DailyCatchEntry_New.php
19 Jan 2019 15:13:03|20|shiji@forstarfoods.com|DailyCatchEntry_New.php
19 Jan 2019 15:13:04|20|shiji@forstarfoods.com|DailyCatchEntry_New.php
19 Jan 2019 15:13:06|20|shiji@forstarfoods.com|DailyCatchEntry_New.php
19 Jan 2019 15:13:07|20|shiji@forstarfoods.com|DailyCatchEntry_New.php
19 Jan 2019 15:13:08|20|shiji@forstarfoods.com|DailyCatchEntry_New.php
19 Jan 2019 15:13:09|20|shiji@forstarfoods.com|DailyCatchEntry_New.php
19 Jan 2019 15:13:10|20|shiji@forstarfoods.com|DailyCatchEntry_New.php
19 Jan 2019 15:13:12|20|shiji@forstarfoods.com|DailyCatchEntry_New.php
19 Jan 2019 15:13:13|20|shiji@forstarfoods.com|DailyCatchEntry_New.php
19 Jan 2019 15:13:14|20|shiji@forstarfoods.com|DailyCatchEntry_New.php
19 Jan 2019 15:13:15|20|shiji@forstarfoods.com|DailyCatchEntry_New.php
19 Jan 2019 15:13:17|20|shiji@forstarfoods.com|DailyCatchEntry_New.php
19 Jan 2019 15:13:18|20|shiji@forstarfoods.com|DailyCatchEntry_New.php
19 Jan 2019 15:13:19|20|shiji@forstarfoods.com|DailyCatchEntry_New.php
19 Jan 2019 15:13:20|20|shiji@forstarfoods.com|DailyCatchEntry_New.php
19 Jan 2019 15:13:22|20|shiji@forstarfoods.com|DailyCatchEntry_New.php
19 Jan 2019 15:13:23|20|shiji@forstarfoods.com|DailyCatchEntry_New.php
19 Jan 2019 15:13:24|20|shiji@forstarfoods.com|DailyCatchEntry_New.php
19 Jan 2019 15:13:25|20|shiji@forstarfoods.com|DailyCatchEntry_New.php
19 Jan 2019 15:13:27|20|shiji@forstarfoods.com|DailyCatchEntry_New.php
19 Jan 2019 15:13:28|20|shiji@forstarfoods.com|DailyCatchEntry_New.php
19 Jan 2019 15:13:30|20|shiji@forstarfoods.com|DailyCatchEntry_New.php
19 Jan 2019 15:13:31|20|shiji@forstarfoods.com|CatchEntryDeclaredItem.php
19 Jan 2019 15:13:48|20|shiji@forstarfoods.com|DailyCatchEntry_New.php
19 Jan 2019 15:13:50|20|shiji@forstarfoods.com|DailyCatchEntry_New.php
19 Jan 2019 15:13:53|20|shiji@forstarfoods.com|DailyCatchEntry_New.php
19 Jan 2019 15:13:54|20|shiji@forstarfoods.com|DailyCatchEntry_New.php
19 Jan 2019 15:13:55|20|shiji@forstarfoods.com|DailyCatchEntry_New.php
19 Jan 2019 15:13:56|20|shiji@forstarfoods.com|DailyCatchEntry_New.php
19 Jan 2019 15:13:58|20|shiji@forstarfoods.com|DailyCatchEntry_New.php
19 Jan 2019 15:13:59|20|shiji@forstarfoods.com|DailyCatchEntry_New.php
19 Jan 2019 15:14:00|20|shiji@forstarfoods.com|DailyCatchEntry_New.php
19 Jan 2019 15:14:01|20|shiji@forstarfoods.com|DailyCatchEntry_New.php
19 Jan 2019 15:14:03|20|shiji@forstarfoods.com|DailyCatchEntry_New.php
19 Jan 2019 15:14:04|20|shiji@forstarfoods.com|DailyCatchEntry_New.php
19 Jan 2019 15:14:05|20|shiji@forstarfoods.com|DailyCatchEntry_New.php
19 Jan 2019 15:14:06|20|shiji@forstarfoods.com|DailyCatchEntry_New.php
19 Jan 2019 15:14:08|20|shiji@forstarfoods.com|DailyCatchEntry_New.php
19 Jan 2019 15:14:09|20|shiji@forstarfoods.com|DailyCatchEntry_New.php
19 Jan 2019 15:14:10|20|shiji@forstarfoods.com|DailyCatchEntry_New.php
19 Jan 2019 15:14:11|20|shiji@forstarfoods.com|DailyCatchEntry_New.php
19 Jan 2019 15:14:13|20|shiji@forstarfoods.com|DailyCatchEntry_New.php
19 Jan 2019 15:14:15|20|shiji@forstarfoods.com|DailyCatchEntry_New.php
19 Jan 2019 15:14:16|20|shiji@forstarfoods.com|CatchEntryDeclaredItem.php
19 Jan 2019 15:14:30|20|shiji@forstarfoods.com|DailyCatchEntry_New.php
19 Jan 2019 15:14:32|20|shiji@forstarfoods.com|DailyCatchEntry_New.php
19 Jan 2019 15:14:37|20|shiji@forstarfoods.com|DailyCatchEntry_New.php
19 Jan 2019 15:14:38|20|shiji@forstarfoods.com|DailyCatchEntry_New.php
19 Jan 2019 15:14:39|20|shiji@forstarfoods.com|DailyCatchEntry_New.php
19 Jan 2019 15:14:40|20|shiji@forstarfoods.com|DailyCatchEntry_New.php
19 Jan 2019 15:14:42|20|shiji@forstarfoods.com|DailyCatchEntry_New.php
19 Jan 2019 15:14:43|20|shiji@forstarfoods.com|DailyCatchEntry_New.php
19 Jan 2019 15:14:44|20|shiji@forstarfoods.com|DailyCatchEntry_New.php
19 Jan 2019 15:14:45|20|shiji@forstarfoods.com|DailyCatchEntry_New.php
19 Jan 2019 15:14:47|20|shiji@forstarfoods.com|DailyCatchEntry_New.php
19 Jan 2019 15:14:48|20|shiji@forstarfoods.com|DailyCatchEntry_New.php
19 Jan 2019 15:14:49|20|shiji@forstarfoods.com|DailyCatchEntry_New.php
19 Jan 2019 15:14:50|20|shiji@forstarfoods.com|DailyCatchEntry_New.php
19 Jan 2019 15:14:52|20|shiji@forstarfoods.com|DailyCatchEntry_New.php
19 Jan 2019 15:14:53|20|shiji@forstarfoods.com|DailyCatchEntry_New.php
19 Jan 2019 15:14:54|20|shiji@forstarfoods.com|DailyCatchEntry_New.php
19 Jan 2019 15:14:55|20|shiji@forstarfoods.com|DailyCatchEntry_New.php
19 Jan 2019 15:14:57|20|shiji@forstarfoods.com|DailyCatchEntry_New.php
19 Jan 2019 15:14:58|20|shiji@forstarfoods.com|DailyCatchEntry_New.php
19 Jan 2019 15:14:59|20|shiji@forstarfoods.com|DailyCatchEntry_New.php
19 Jan 2019 15:15:00|20|shiji@forstarfoods.com|DailyCatchEntry_New.php
19 Jan 2019 15:15:01|20|shiji@forstarfoods.com|DailyCatchEntry_New.php
19 Jan 2019 15:15:03|20|shiji@forstarfoods.com|DailyCatchEntry_New.php
19 Jan 2019 15:15:04|20|shiji@forstarfoods.com|DailyCatchEntry_New.php
19 Jan 2019 15:15:07|20|shiji@forstarfoods.com|DailyCatchEntry_New.php
19 Jan 2019 15:15:08|20|shiji@forstarfoods.com|CatchEntryDeclaredItem.php
19 Jan 2019 15:15:19|20|shiji@forstarfoods.com|DailyCatchEntry_New.php
19 Jan 2019 15:15:21|20|shiji@forstarfoods.com|DailyCatchEntry_New.php
19 Jan 2019 15:15:25|20|shiji@forstarfoods.com|DailyCatchEntry_New.php
19 Jan 2019 15:15:27|20|shiji@forstarfoods.com|DailyCatchEntry_New.php
19 Jan 2019 15:15:28|20|shiji@forstarfoods.com|DailyCatchEntry_New.php
19 Jan 2019 15:15:29|20|shiji@forstarfoods.com|DailyCatchEntry_New.php
19 Jan 2019 15:15:30|20|shiji@forstarfoods.com|DailyCatchEntry_New.php
19 Jan 2019 15:15:32|20|shiji@forstarfoods.com|DailyCatchEntry_New.php
19 Jan 2019 15:15:33|20|shiji@forstarfoods.com|DailyCatchEntry_New.php
19 Jan 2019 15:15:34|20|shiji@forstarfoods.com|DailyCatchEntry_New.php
19 Jan 2019 15:15:35|20|shiji@forstarfoods.com|DailyCatchEntry_New.php
19 Jan 2019 15:15:37|20|shiji@forstarfoods.com|DailyCatchEntry_New.php
19 Jan 2019 15:15:38|20|shiji@forstarfoods.com|DailyCatchEntry_New.php
19 Jan 2019 15:15:39|20|shiji@forstarfoods.com|DailyCatchEntry_New.php
19 Jan 2019 15:15:40|20|shiji@forstarfoods.com|DailyCatchEntry_New.php
19 Jan 2019 15:15:43|20|shiji@forstarfoods.com|DailyCatchEntry_New.php
19 Jan 2019 15:15:44|20|shiji@forstarfoods.com|CatchEntryDeclaredItem.php
19 Jan 2019 15:16:02|20|shiji@forstarfoods.com|DailyCatchEntry_New.php
19 Jan 2019 15:16:04|20|shiji@forstarfoods.com|DailyCatchEntry_New.php
19 Jan 2019 15:16:07|20|shiji@forstarfoods.com|DailyCatchEntry_New.php
19 Jan 2019 15:16:08|20|shiji@forstarfoods.com|DailyCatchEntry_New.php
19 Jan 2019 15:16:10|20|shiji@forstarfoods.com|DailyCatchEntry_New.php
19 Jan 2019 15:16:11|20|shiji@forstarfoods.com|DailyCatchEntry_New.php
19 Jan 2019 15:16:12|20|shiji@forstarfoods.com|DailyCatchEntry_New.php
19 Jan 2019 15:16:13|20|shiji@forstarfoods.com|DailyCatchEntry_New.php
19 Jan 2019 15:16:15|20|shiji@forstarfoods.com|DailyCatchEntry_New.php
19 Jan 2019 15:16:16|20|shiji@forstarfoods.com|DailyCatchEntry_New.php
19 Jan 2019 15:16:17|20|shiji@forstarfoods.com|DailyCatchEntry_New.php
19 Jan 2019 15:16:18|20|shiji@forstarfoods.com|DailyCatchEntry_New.php
19 Jan 2019 15:16:20|20|shiji@forstarfoods.com|DailyCatchEntry_New.php
19 Jan 2019 15:16:21|20|shiji@forstarfoods.com|DailyCatchEntry_New.php
19 Jan 2019 15:16:22|20|shiji@forstarfoods.com|DailyCatchEntry_New.php
19 Jan 2019 15:16:25|20|shiji@forstarfoods.com|DailyCatchEntry_New.php
19 Jan 2019 15:16:27|20|shiji@forstarfoods.com|CatchEntryDeclaredItem.php
19 Jan 2019 15:16:38|20|shiji@forstarfoods.com|DailyCatchEntry_New.php
19 Jan 2019 15:16:41|20|shiji@forstarfoods.com|DailyCatchEntry_New.php
19 Jan 2019 15:16:44|20|shiji@forstarfoods.com|DailyCatchEntry_New.php
19 Jan 2019 15:16:45|20|shiji@forstarfoods.com|DailyCatchEntry_New.php
19 Jan 2019 15:16:46|20|shiji@forstarfoods.com|DailyCatchEntry_New.php
19 Jan 2019 15:16:48|20|shiji@forstarfoods.com|DailyCatchEntry_New.php
19 Jan 2019 15:16:49|20|shiji@forstarfoods.com|DailyCatchEntry_New.php
19 Jan 2019 15:16:50|20|shiji@forstarfoods.com|DailyCatchEntry_New.php
19 Jan 2019 15:16:51|20|shiji@forstarfoods.com|DailyCatchEntry_New.php
19 Jan 2019 15:16:54|20|shiji@forstarfoods.com|DailyCatchEntry_New.php
19 Jan 2019 15:16:55|20|shiji@forstarfoods.com|DailyCatchEntry_New.php
19 Jan 2019 15:16:56|20|shiji@forstarfoods.com|DailyCatchEntry_New.php
19 Jan 2019 15:16:57|20|shiji@forstarfoods.com|DailyCatchEntry_New.php
19 Jan 2019 15:16:59|20|shiji@forstarfoods.com|DailyCatchEntry_New.php
19 Jan 2019 15:17:00|20|shiji@forstarfoods.com|DailyCatchEntry_New.php
19 Jan 2019 15:17:02|20|shiji@forstarfoods.com|DailyCatchEntry_New.php
19 Jan 2019 15:17:04|20|shiji@forstarfoods.com|DailyCatchEntry_New.php
19 Jan 2019 15:17:05|20|shiji@forstarfoods.com|DailyCatchEntry_New.php
19 Jan 2019 15:17:07|20|shiji@forstarfoods.com|DailyCatchEntry_New.php
19 Jan 2019 15:17:08|20|shiji@forstarfoods.com|CatchEntryDeclaredItem.php
19 Jan 2019 15:17:17|20|shiji@forstarfoods.com|DailyCatchEntry_New.php
19 Jan 2019 15:17:20|20|shiji@forstarfoods.com|DailyCatchEntry_New.php
19 Jan 2019 15:17:22|20|shiji@forstarfoods.com|DailyCatchEntry_New.php
19 Jan 2019 15:17:23|20|shiji@forstarfoods.com|DailyCatchEntry_New.php
19 Jan 2019 15:17:25|20|shiji@forstarfoods.com|DailyCatchEntry_New.php
19 Jan 2019 15:17:26|20|shiji@forstarfoods.com|DailyCatchEntry_New.php
19 Jan 2019 15:17:27|20|shiji@forstarfoods.com|DailyCatchEntry_New.php
19 Jan 2019 15:17:28|20|shiji@forstarfoods.com|DailyCatchEntry_New.php
19 Jan 2019 15:17:30|20|shiji@forstarfoods.com|DailyCatchEntry_New.php
19 Jan 2019 15:17:31|20|shiji@forstarfoods.com|DailyCatchEntry_New.php
19 Jan 2019 15:17:32|20|shiji@forstarfoods.com|DailyCatchEntry_New.php
19 Jan 2019 15:17:33|20|shiji@forstarfoods.com|DailyCatchEntry_New.php
19 Jan 2019 15:17:35|20|shiji@forstarfoods.com|DailyCatchEntry_New.php
19 Jan 2019 15:17:36|20|shiji@forstarfoods.com|DailyCatchEntry_New.php
19 Jan 2019 15:17:37|20|shiji@forstarfoods.com|DailyCatchEntry_New.php
19 Jan 2019 15:17:38|20|shiji@forstarfoods.com|DailyCatchEntry_New.php
19 Jan 2019 15:17:40|20|shiji@forstarfoods.com|DailyCatchEntry_New.php
19 Jan 2019 15:17:41|20|shiji@forstarfoods.com|DailyCatchEntry_New.php
19 Jan 2019 15:17:42|20|shiji@forstarfoods.com|DailyCatchEntry_New.php
19 Jan 2019 15:19:11|20|shiji@forstarfoods.com|DailyCatchEntry_New.php
19 Jan 2019 15:19:13|20|shiji@forstarfoods.com|CatchEntryDeclaredItem.php
19 Jan 2019 15:21:53|20|shiji@forstarfoods.com|DailyCatchEntry_New.php
19 Jan 2019 15:23:46|20|shiji@forstarfoods.com|DailyCatchEntry_New.php
19 Jan 2019 15:23:49|20|shiji@forstarfoods.com|DailyCatchEntry_New.php
19 Jan 2019 15:23:52|20|shiji@forstarfoods.com|DailyCatchEntry_New.php
19 Jan 2019 15:23:53|20|shiji@forstarfoods.com|DailyCatchEntry_New.php
19 Jan 2019 15:23:54|20|shiji@forstarfoods.com|DailyCatchEntry_New.php
19 Jan 2019 15:23:56|20|shiji@forstarfoods.com|DailyCatchEntry_New.php
19 Jan 2019 15:23:57|20|shiji@forstarfoods.com|DailyCatchEntry_New.php
19 Jan 2019 15:23:58|20|shiji@forstarfoods.com|DailyCatchEntry_New.php
19 Jan 2019 15:23:59|20|shiji@forstarfoods.com|DailyCatchEntry_New.php
19 Jan 2019 15:24:00|20|shiji@forstarfoods.com|DailyCatchEntry_New.php
19 Jan 2019 15:24:02|20|shiji@forstarfoods.com|DailyCatchEntry_New.php
19 Jan 2019 15:24:03|20|shiji@forstarfoods.com|DailyCatchEntry_New.php
19 Jan 2019 15:24:04|20|shiji@forstarfoods.com|DailyCatchEntry_New.php
19 Jan 2019 15:24:05|20|shiji@forstarfoods.com|DailyCatchEntry_New.php
19 Jan 2019 15:24:07|20|shiji@forstarfoods.com|DailyCatchEntry_New.php
19 Jan 2019 15:24:08|20|shiji@forstarfoods.com|DailyCatchEntry_New.php
19 Jan 2019 15:24:17|20|shiji@forstarfoods.com|DailyCatchEntry_New.php
19 Jan 2019 15:24:18|20|shiji@forstarfoods.com|DailyCatchEntry_New.php
19 Jan 2019 15:24:20|20|shiji@forstarfoods.com|DailyCatchEntry_New.php
19 Jan 2019 15:24:22|20|shiji@forstarfoods.com|DailyCatchEntry_New.php
19 Jan 2019 15:24:35|20|shiji@forstarfoods.com|CatchEntryDeclaredItem.php
19 Jan 2019 15:24:46|20|shiji@forstarfoods.com|DailyCatchEntry_New.php
19 Jan 2019 15:24:48|20|shiji@forstarfoods.com|DailyCatchEntry_New.php
19 Jan 2019 15:24:49|20|shiji@forstarfoods.com|DailyCatchEntry_New.php
19 Jan 2019 15:24:59|20|shiji@forstarfoods.com|DailyCatchEntry_New.php
19 Jan 2019 15:25:23|24|shashikala@forstarfoods.com|Home.php
19 Jan 2019 15:25:33|20|shiji@forstarfoods.com|DailyCatchEntry_New.php
19 Jan 2019 15:25:35|20|shiji@forstarfoods.com|CatchEntryDeclaredItem.php
19 Jan 2019 15:25:37|24|shashikala@forstarfoods.com|DailyPreProcess.php
19 Jan 2019 15:25:44|24|shashikala@forstarfoods.com|DailyPreProcess.php
19 Jan 2019 15:25:48|20|shiji@forstarfoods.com|DailyCatchEntry_New.php
19 Jan 2019 15:25:55|24|shashikala@forstarfoods.com|DailyPreProcess.php
19 Jan 2019 15:25:56|20|shiji@forstarfoods.com|DailyCatchEntry_New.php
19 Jan 2019 15:25:58|24|shashikala@forstarfoods.com|DailyPreProcess.php
19 Jan 2019 15:25:59|20|shiji@forstarfoods.com|DailyCatchEntry_New.php
19 Jan 2019 15:26:02|20|shiji@forstarfoods.com|DailyCatchEntry_New.php
19 Jan 2019 15:26:03|20|shiji@forstarfoods.com|DailyCatchEntry_New.php
19 Jan 2019 15:26:04|20|shiji@forstarfoods.com|DailyCatchEntry_New.php
19 Jan 2019 15:26:05|24|shashikala@forstarfoods.com|DailyPreProcess.php
19 Jan 2019 15:26:06|20|shiji@forstarfoods.com|DailyCatchEntry_New.php
19 Jan 2019 15:26:07|24|shashikala@forstarfoods.com|DailyPreProcess.php
19 Jan 2019 15:26:07|20|shiji@forstarfoods.com|DailyCatchEntry_New.php
19 Jan 2019 15:26:08|20|shiji@forstarfoods.com|DailyCatchEntry_New.php
19 Jan 2019 15:26:09|20|shiji@forstarfoods.com|DailyCatchEntry_New.php
19 Jan 2019 15:26:11|20|shiji@forstarfoods.com|DailyCatchEntry_New.php
19 Jan 2019 15:26:12|20|shiji@forstarfoods.com|DailyCatchEntry_New.php
19 Jan 2019 15:26:13|20|shiji@forstarfoods.com|DailyCatchEntry_New.php
19 Jan 2019 15:26:14|20|shiji@forstarfoods.com|DailyCatchEntry_New.php
19 Jan 2019 15:26:16|20|shiji@forstarfoods.com|DailyCatchEntry_New.php
19 Jan 2019 15:26:17|20|shiji@forstarfoods.com|DailyCatchEntry_New.php
19 Jan 2019 15:26:18|20|shiji@forstarfoods.com|DailyCatchEntry_New.php
19 Jan 2019 15:26:19|20|shiji@forstarfoods.com|DailyCatchEntry_New.php
19 Jan 2019 15:26:21|20|shiji@forstarfoods.com|DailyCatchEntry_New.php
19 Jan 2019 15:26:29|20|shiji@forstarfoods.com|DailyCatchEntry_New.php
19 Jan 2019 15:26:32|20|shiji@forstarfoods.com|DailyCatchEntry_New.php
19 Jan 2019 15:26:33|20|shiji@forstarfoods.com|CatchEntryDeclaredItem.php
19 Jan 2019 15:26:54|20|shiji@forstarfoods.com|DailyCatchEntry_New.php
19 Jan 2019 15:27:01|20|shiji@forstarfoods.com|DailyCatchEntry_New.php
19 Jan 2019 15:27:04|20|shiji@forstarfoods.com|DailyCatchEntry_New.php
19 Jan 2019 15:27:16|20|shiji@forstarfoods.com|DailyCatchEntry_New.php
19 Jan 2019 15:27:17|20|shiji@forstarfoods.com|DailyCatchEntry_New.php
19 Jan 2019 15:27:18|20|shiji@forstarfoods.com|DailyCatchEntry_New.php
19 Jan 2019 15:27:19|20|shiji@forstarfoods.com|DailyCatchEntry_New.php
19 Jan 2019 15:27:21|20|shiji@forstarfoods.com|DailyCatchEntry_New.php
19 Jan 2019 15:27:22|20|shiji@forstarfoods.com|DailyCatchEntry_New.php
19 Jan 2019 15:27:23|20|shiji@forstarfoods.com|DailyCatchEntry_New.php
19 Jan 2019 15:27:24|20|shiji@forstarfoods.com|DailyCatchEntry_New.php
19 Jan 2019 15:27:26|20|shiji@forstarfoods.com|DailyCatchEntry_New.php
19 Jan 2019 15:27:27|20|shiji@forstarfoods.com|DailyCatchEntry_New.php
19 Jan 2019 15:27:28|20|shiji@forstarfoods.com|DailyCatchEntry_New.php
19 Jan 2019 15:27:29|20|shiji@forstarfoods.com|DailyCatchEntry_New.php
19 Jan 2019 15:27:31|20|shiji@forstarfoods.com|DailyCatchEntry_New.php
19 Jan 2019 15:27:32|20|shiji@forstarfoods.com|DailyCatchEntry_New.php
19 Jan 2019 15:27:33|20|shiji@forstarfoods.com|DailyCatchEntry_New.php
19 Jan 2019 15:27:34|20|shiji@forstarfoods.com|DailyCatchEntry_New.php
19 Jan 2019 15:27:35|20|shiji@forstarfoods.com|DailyCatchEntry_New.php
19 Jan 2019 15:27:38|20|shiji@forstarfoods.com|DailyCatchEntry_New.php
19 Jan 2019 15:27:39|20|shiji@forstarfoods.com|CatchEntryDeclaredItem.php
19 Jan 2019 15:28:08|24|shashikala@forstarfoods.com|DailyPreProcess.php
19 Jan 2019 15:28:28|24|shashikala@forstarfoods.com|DailyPreProcess.php
19 Jan 2019 15:28:35|24|shashikala@forstarfoods.com|DailyPreProcess.php
19 Jan 2019 15:28:36|24|shashikala@forstarfoods.com|DailyPreProcess.php
19 Jan 2019 15:29:17|24|shashikala@forstarfoods.com|DailyPreProcess.php
19 Jan 2019 15:29:29|24|shashikala@forstarfoods.com|DailyRMCB.php
19 Jan 2019 15:29:38|24|shashikala@forstarfoods.com|DailyRMCB.php
19 Jan 2019 15:29:42|24|shashikala@forstarfoods.com|DailyRMCB.php
19 Jan 2019 15:29:51|24|shashikala@forstarfoods.com|DailyRMCB.php
19 Jan 2019 15:29:59|24|shashikala@forstarfoods.com|DailyRMCB.php
19 Jan 2019 15:31:46|24|shashikala@forstarfoods.com|DailyRMCB.php
19 Jan 2019 15:31:50|24|shashikala@forstarfoods.com|DailyRMCB.php
19 Jan 2019 15:31:55|24|shashikala@forstarfoods.com|DailyRMCB.php
19 Jan 2019 15:31:55|20|shiji@forstarfoods.com|DailyCatchEntry_New.php
19 Jan 2019 15:32:00|24|shashikala@forstarfoods.com|DailyRMCB.php
19 Jan 2019 15:32:13|20|shiji@forstarfoods.com|DailyCatchReport.php
19 Jan 2019 15:32:23|20|shiji@forstarfoods.com|DailyCatchReport.php
19 Jan 2019 15:32:27|20|shiji@forstarfoods.com|DailyCatchReport.php
19 Jan 2019 15:32:29|20|shiji@forstarfoods.com|DailyCatchReport.php
19 Jan 2019 15:32:31|20|shiji@forstarfoods.com|DailyCatchReport.php
19 Jan 2019 15:32:32|20|shiji@forstarfoods.com|DailyCatchReport.php
19 Jan 2019 15:32:38|20|shiji@forstarfoods.com|PrintDailyCatchReportMemo.php
19 Jan 2019 15:33:06|20|shiji@forstarfoods.com|DailyCatchReport.php
19 Jan 2019 15:33:07|20|shiji@forstarfoods.com|DailyCatchReport.php
19 Jan 2019 15:33:09|20|shiji@forstarfoods.com|DailyCatchReport.php
19 Jan 2019 15:33:16|20|shiji@forstarfoods.com|DailyCatchReport.php
19 Jan 2019 15:33:17|20|shiji@forstarfoods.com|DailyCatchReport.php
19 Jan 2019 15:33:19|20|shiji@forstarfoods.com|DailyCatchReport.php
19 Jan 2019 15:33:20|20|shiji@forstarfoods.com|DailyCatchReport.php
19 Jan 2019 15:33:23|20|shiji@forstarfoods.com|DailyCatchReport.php
19 Jan 2019 15:33:25|20|shiji@forstarfoods.com|DailyCatchReport.php
19 Jan 2019 15:33:26|20|shiji@forstarfoods.com|DailyCatchReport.php
19 Jan 2019 15:33:31|20|shiji@forstarfoods.com|PrintDailyCatchReportMemo.php
19 Jan 2019 15:34:30|24|shashikala@forstarfoods.com|DailyRMCB.php
19 Jan 2019 15:34:36|24|shashikala@forstarfoods.com|DailyRMCB.php
19 Jan 2019 15:37:32|20|shiji@forstarfoods.com|DailyCatchReport.php
19 Jan 2019 15:37:34|20|shiji@forstarfoods.com|DailyCatchReport.php
19 Jan 2019 15:37:35|20|shiji@forstarfoods.com|DailyCatchReport.php
19 Jan 2019 15:37:40|20|shiji@forstarfoods.com|DailyCatchReport.php
19 Jan 2019 15:37:41|20|shiji@forstarfoods.com|DailyCatchReport.php
19 Jan 2019 15:37:43|20|shiji@forstarfoods.com|DailyCatchReport.php
19 Jan 2019 15:37:44|20|shiji@forstarfoods.com|DailyCatchReport.php
19 Jan 2019 15:37:46|20|shiji@forstarfoods.com|DailyCatchReport.php
19 Jan 2019 15:37:48|20|shiji@forstarfoods.com|DailyCatchReport.php
19 Jan 2019 15:37:49|20|shiji@forstarfoods.com|DailyCatchReport.php
19 Jan 2019 15:37:53|20|shiji@forstarfoods.com|PrintDailyCatchReportMemo.php
19 Jan 2019 15:39:10|20|shiji@forstarfoods.com|DailyCatchReport.php
19 Jan 2019 15:39:11|20|shiji@forstarfoods.com|DailyCatchReport.php
19 Jan 2019 15:39:12|20|shiji@forstarfoods.com|DailyCatchReport.php
19 Jan 2019 15:39:23|20|shiji@forstarfoods.com|DailyCatchReport.php
19 Jan 2019 15:39:24|20|shiji@forstarfoods.com|DailyCatchReport.php
19 Jan 2019 15:39:26|20|shiji@forstarfoods.com|DailyCatchReport.php
19 Jan 2019 15:39:27|20|shiji@forstarfoods.com|DailyCatchReport.php
19 Jan 2019 15:39:29|20|shiji@forstarfoods.com|DailyCatchReport.php
19 Jan 2019 15:39:31|20|shiji@forstarfoods.com|DailyCatchReport.php
19 Jan 2019 15:39:32|20|shiji@forstarfoods.com|DailyCatchReport.php
19 Jan 2019 15:40:00|20|shiji@forstarfoods.com|PrintDailyCatchReportMemo.php
19 Jan 2019 15:41:45|20|shiji@forstarfoods.com|DailyCatchEntry_New.php
19 Jan 2019 15:41:49|20|shiji@forstarfoods.com|DailyCatchEntry_New.php
19 Jan 2019 15:41:50|20|shiji@forstarfoods.com|DailyCatchEntry_New.php
19 Jan 2019 15:41:51|20|shiji@forstarfoods.com|DailyCatchEntry_New.php
19 Jan 2019 15:41:53|20|shiji@forstarfoods.com|DailyCatchEntry_New.php
19 Jan 2019 15:41:54|20|shiji@forstarfoods.com|DailyCatchEntry_New.php
19 Jan 2019 15:41:55|20|shiji@forstarfoods.com|DailyCatchEntry_New.php
19 Jan 2019 15:41:56|20|shiji@forstarfoods.com|DailyCatchEntry_New.php
19 Jan 2019 15:41:58|20|shiji@forstarfoods.com|DailyCatchEntry_New.php
19 Jan 2019 15:41:59|20|shiji@forstarfoods.com|DailyCatchEntry_New.php
19 Jan 2019 15:42:00|20|shiji@forstarfoods.com|DailyCatchEntry_New.php
19 Jan 2019 15:42:01|20|shiji@forstarfoods.com|DailyCatchEntry_New.php
19 Jan 2019 15:42:06|20|shiji@forstarfoods.com|DailyCatchEntry_New.php
19 Jan 2019 15:42:08|20|shiji@forstarfoods.com|DailyCatchEntry_New.php
19 Jan 2019 15:42:09|20|shiji@forstarfoods.com|DailyCatchEntry_New.php
19 Jan 2019 15:42:11|20|shiji@forstarfoods.com|CatchEntryDeclaredItem.php
19 Jan 2019 15:42:12|20|shiji@forstarfoods.com|DailyCatchEntry_New.php
19 Jan 2019 15:42:13|20|shiji@forstarfoods.com|CatchEntryDeclaredItem.php
19 Jan 2019 15:42:15|20|shiji@forstarfoods.com|DailyCatchEntry_New.php
19 Jan 2019 15:42:18|20|shiji@forstarfoods.com|DailyCatchEntry_New.php
19 Jan 2019 15:42:21|20|shiji@forstarfoods.com|DailyCatchEntry_New.php
19 Jan 2019 15:42:28|20|shiji@forstarfoods.com|DailyCatchReport.php
19 Jan 2019 15:43:01|24|shashikala@forstarfoods.com|DailyRMCB.php
19 Jan 2019 15:43:05|24|shashikala@forstarfoods.com|DailyRMCB.php
19 Jan 2019 15:43:15|24|shashikala@forstarfoods.com|DailyRMCB.php
19 Jan 2019 15:43:25|24|shashikala@forstarfoods.com|DailyRMCB.php
19 Jan 2019 15:43:59|24|shashikala@forstarfoods.com|DailyRMCB.php
19 Jan 2019 15:44:03|24|shashikala@forstarfoods.com|DailyRMCB.php
19 Jan 2019 15:45:20|24|shashikala@forstarfoods.com|DailyRMCB.php
19 Jan 2019 15:47:01|20|shiji@forstarfoods.com|DailyCatchReport.php
19 Jan 2019 15:47:16|24|shashikala@forstarfoods.com|DailyRMCB.php
19 Jan 2019 15:47:20|20|shiji@forstarfoods.com|DailyCatchReport.php
19 Jan 2019 15:47:22|20|shiji@forstarfoods.com|DailyCatchReport.php
19 Jan 2019 15:47:22|24|shashikala@forstarfoods.com|DailyRMCB.php
19 Jan 2019 15:47:24|20|shiji@forstarfoods.com|DailyCatchReport.php
19 Jan 2019 15:47:25|20|shiji@forstarfoods.com|DailyCatchReport.php
19 Jan 2019 15:47:29|24|shashikala@forstarfoods.com|DailyRMCB.php
19 Jan 2019 15:48:27|24|shashikala@forstarfoods.com|DailyRMCB.php
19 Jan 2019 15:48:32|24|shashikala@forstarfoods.com|DailyRMCB.php
19 Jan 2019 15:48:32|20|shiji@forstarfoods.com|DailyCatchReport.php
19 Jan 2019 15:48:34|20|shiji@forstarfoods.com|DailyCatchReport.php
19 Jan 2019 15:48:35|20|shiji@forstarfoods.com|DailyCatchReport.php
19 Jan 2019 15:48:45|20|shiji@forstarfoods.com|DailyCatchReport.php
19 Jan 2019 15:48:46|20|shiji@forstarfoods.com|DailyCatchReport.php
19 Jan 2019 15:48:48|20|shiji@forstarfoods.com|DailyCatchReport.php
19 Jan 2019 15:48:49|20|shiji@forstarfoods.com|DailyCatchReport.php
19 Jan 2019 15:48:52|20|shiji@forstarfoods.com|DailyCatchReport.php
19 Jan 2019 15:48:53|20|shiji@forstarfoods.com|DailyCatchReport.php
19 Jan 2019 15:48:55|20|shiji@forstarfoods.com|DailyCatchReport.php
19 Jan 2019 15:48:58|20|shiji@forstarfoods.com|PrintDailyCatchReportMemo.php
19 Jan 2019 15:51:25|20|shiji@forstarfoods.com|DailyCatchReport.php
19 Jan 2019 15:51:26|20|shiji@forstarfoods.com|DailyCatchReport.php
19 Jan 2019 15:51:27|20|shiji@forstarfoods.com|DailyCatchReport.php
19 Jan 2019 15:51:35|20|shiji@forstarfoods.com|DailyCatchReport.php
19 Jan 2019 15:51:36|20|shiji@forstarfoods.com|DailyCatchReport.php
19 Jan 2019 15:51:38|20|shiji@forstarfoods.com|DailyCatchReport.php
19 Jan 2019 15:51:39|20|shiji@forstarfoods.com|DailyCatchReport.php
19 Jan 2019 15:51:41|20|shiji@forstarfoods.com|DailyCatchReport.php
19 Jan 2019 15:51:42|20|shiji@forstarfoods.com|DailyCatchReport.php
19 Jan 2019 15:51:44|20|shiji@forstarfoods.com|DailyCatchReport.php
19 Jan 2019 15:51:47|20|shiji@forstarfoods.com|PrintDailyCatchReportMemo.php
19 Jan 2019 15:53:13|24|shashikala@forstarfoods.com|DailyRMCB.php
19 Jan 2019 15:53:16|24|shashikala@forstarfoods.com|DailyRMCB.php
19 Jan 2019 15:53:26|24|shashikala@forstarfoods.com|DailyRMCB.php
19 Jan 2019 15:53:46|24|shashikala@forstarfoods.com|DailyRMCB.php
19 Jan 2019 15:53:50|24|shashikala@forstarfoods.com|DailyRMCB.php
19 Jan 2019 15:53:56|24|shashikala@forstarfoods.com|DailyRMCB.php
19 Jan 2019 15:54:03|24|shashikala@forstarfoods.com|DailyRMCB.php
19 Jan 2019 15:54:19|20|shiji@forstarfoods.com|PrintDailyCatchReportMemo.php
19 Jan 2019 15:54:46|24|shashikala@forstarfoods.com|DailyRMCB.php
19 Jan 2019 15:54:46|20|shiji@forstarfoods.com|DailyCatchReport.php
19 Jan 2019 15:54:47|20|shiji@forstarfoods.com|DailyCatchReport.php
19 Jan 2019 15:54:49|20|shiji@forstarfoods.com|DailyCatchReport.php
19 Jan 2019 15:54:51|24|shashikala@forstarfoods.com|DailyRMCB.php
19 Jan 2019 15:55:00|24|shashikala@forstarfoods.com|Home.php
19 Jan 2019 15:55:56|20|shiji@forstarfoods.com|SupplierAccount.php
19 Jan 2019 15:56:42|20|shiji@forstarfoods.com|SupplierAccount.php
19 Jan 2019 15:56:49|20|shiji@forstarfoods.com|SupplierAccount.php
19 Jan 2019 15:56:52|20|shiji@forstarfoods.com|SupplierAccount.php
19 Jan 2019 15:56:57|20|shiji@forstarfoods.com|SupplierAccount.php
19 Jan 2019 15:59:48|20|shiji@forstarfoods.com|SupplierAccount.php
19 Jan 2019 16:00:02|20|shiji@forstarfoods.com|SupplierAccount.php
19 Jan 2019 16:00:10|20|shiji@forstarfoods.com|SupplierAccount.php
19 Jan 2019 16:02:03|20|shiji@forstarfoods.com|SupplierAccount.php
19 Jan 2019 16:02:20|20|shiji@forstarfoods.com|SupplierAccount.php
19 Jan 2019 16:02:24|20|shiji@forstarfoods.com|SupplierAccount.php
19 Jan 2019 16:04:18|20|shiji@forstarfoods.com|SupplierAccount.php
19 Jan 2019 16:04:24|20|shiji@forstarfoods.com|SupplierAccount.php
19 Jan 2019 16:04:29|20|shiji@forstarfoods.com|SupplierAccount.php
19 Jan 2019 16:05:33|20|shiji@forstarfoods.com|SupplierAccount.php
19 Jan 2019 16:05:43|20|shiji@forstarfoods.com|SupplierAccount.php
19 Jan 2019 16:05:47|20|shiji@forstarfoods.com|SupplierAccount.php
19 Jan 2019 16:06:08|20|shiji@forstarfoods.com|SupplierAccount.php
19 Jan 2019 16:06:14|20|shiji@forstarfoods.com|SupplierAccount.php
19 Jan 2019 16:06:30|20|shiji@forstarfoods.com|SupplierAccount.php
19 Jan 2019 16:07:47|20|shiji@forstarfoods.com|DailyCatchSummary.php
19 Jan 2019 16:07:50|20|shiji@forstarfoods.com|DailyCatchSummary.php
19 Jan 2019 16:12:38|20|shiji@forstarfoods.com|DailyCatchSummary.php
19 Jan 2019 16:12:43|20|shiji@forstarfoods.com|DailyCatchSummary.php
19 Jan 2019 16:12:53|20|shiji@forstarfoods.com|DailyCatchSummary.php
19 Jan 2019 16:12:58|20|shiji@forstarfoods.com|DailyCatchSummary.php
19 Jan 2019 16:17:12|29|kavitha@forstarfoods.com|Home.php
19 Jan 2019 16:17:49|29|kavitha@forstarfoods.com|SupplierAccount.php
19 Jan 2019 16:17:58|29|kavitha@forstarfoods.com|SupplierAccount.php
19 Jan 2019 16:18:03|29|kavitha@forstarfoods.com|SupplierAccount.php
19 Jan 2019 16:18:18|29|kavitha@forstarfoods.com|SupplierAccount.php
19 Jan 2019 16:18:31|29|kavitha@forstarfoods.com|SupplierAccount.php
19 Jan 2019 16:18:36|29|kavitha@forstarfoods.com|SupplierAccount.php
19 Jan 2019 16:22:12|28|pratiksha@forstarfoods.com|Home.php
19 Jan 2019 16:22:17|28|pratiksha@forstarfoods.com|ManageGatePass.php
19 Jan 2019 16:22:31|20|shiji@forstarfoods.com|DailyCatchSummary.php
19 Jan 2019 16:22:34|28|pratiksha@forstarfoods.com|ManageGatePass.php
19 Jan 2019 16:22:37|28|pratiksha@forstarfoods.com|ManageGatePass.php
19 Jan 2019 16:22:39|28|pratiksha@forstarfoods.com|ManageGatePass.php
19 Jan 2019 16:22:57|20|shiji@forstarfoods.com|DailyCatchSummary.php
19 Jan 2019 16:22:58|29|kavitha@forstarfoods.com|SupplierAccount.php
19 Jan 2019 16:23:07|29|kavitha@forstarfoods.com|SupplierAccount.php
19 Jan 2019 16:23:20|28|pratiksha@forstarfoods.com|ManageGatePass.php
19 Jan 2019 16:23:23|28|pratiksha@forstarfoods.com|ManageGatePass.php
19 Jan 2019 16:23:27|28|pratiksha@forstarfoods.com|ManageGatePass.php
19 Jan 2019 16:23:38|28|pratiksha@forstarfoods.com|ManageGatePass.php
19 Jan 2019 16:23:41|28|pratiksha@forstarfoods.com|ManageGatePass.php
19 Jan 2019 16:23:44|28|pratiksha@forstarfoods.com|PrintGatePass.php
19 Jan 2019 16:24:42|28|pratiksha@forstarfoods.com|ManageGatePass.php
19 Jan 2019 16:25:30|20|shiji@forstarfoods.com|DailyCatchSummary.php
19 Jan 2019 16:25:37|20|shiji@forstarfoods.com|DailyCatchSummary.php
19 Jan 2019 16:25:43|28|pratiksha@forstarfoods.com|ManageGatePass.php
19 Jan 2019 16:26:44|28|pratiksha@forstarfoods.com|ManageGatePass.php
19 Jan 2019 16:27:46|28|pratiksha@forstarfoods.com|ManageGatePass.php
19 Jan 2019 16:27:47|20|shiji@forstarfoods.com|DailyCatchSummary.php
19 Jan 2019 16:27:49|20|shiji@forstarfoods.com|DailyCatchSummary.php
19 Jan 2019 16:27:56|20|shiji@forstarfoods.com|DailyCatchSummary.php
19 Jan 2019 16:28:36|20|shiji@forstarfoods.com|DailyCatchSummary.php
19 Jan 2019 16:28:47|28|pratiksha@forstarfoods.com|ManageGatePass.php
19 Jan 2019 16:28:54|20|shiji@forstarfoods.com|DailyCatchSummary.php
19 Jan 2019 16:28:58|20|shiji@forstarfoods.com|DailyCatchSummary.php
19 Jan 2019 16:29:48|28|pratiksha@forstarfoods.com|ManageGatePass.php
19 Jan 2019 16:30:50|28|pratiksha@forstarfoods.com|ManageGatePass.php
19 Jan 2019 16:31:50|20|shiji@forstarfoods.com|DailyCatchSummary.php
19 Jan 2019 16:31:51|28|pratiksha@forstarfoods.com|ManageGatePass.php
19 Jan 2019 16:31:56|20|shiji@forstarfoods.com|DailyCatchSummary.php
19 Jan 2019 16:31:58|20|shiji@forstarfoods.com|DailyCatchSummary.php
19 Jan 2019 16:32:52|28|pratiksha@forstarfoods.com|ManageGatePass.php
19 Jan 2019 16:33:54|28|pratiksha@forstarfoods.com|ManageGatePass.php
19 Jan 2019 16:34:55|28|pratiksha@forstarfoods.com|ManageGatePass.php
19 Jan 2019 16:35:56|28|pratiksha@forstarfoods.com|ManageGatePass.php
19 Jan 2019 16:36:57|28|pratiksha@forstarfoods.com|ManageGatePass.php
19 Jan 2019 16:37:59|28|pratiksha@forstarfoods.com|ManageGatePass.php
19 Jan 2019 16:39:00|28|pratiksha@forstarfoods.com|ManageGatePass.php
19 Jan 2019 16:40:01|28|pratiksha@forstarfoods.com|ManageGatePass.php
19 Jan 2019 16:41:02|28|pratiksha@forstarfoods.com|ManageGatePass.php
19 Jan 2019 16:41:47|28|pratiksha@forstarfoods.com|ManageGatePass.php
19 Jan 2019 16:41:52|28|pratiksha@forstarfoods.com|ManageGatePass.php
19 Jan 2019 16:41:56|28|pratiksha@forstarfoods.com|ManageGatePass.php
19 Jan 2019 16:41:57|28|pratiksha@forstarfoods.com|ManageGatePass.php
19 Jan 2019 16:42:19|28|pratiksha@forstarfoods.com|ManageGatePass.php
19 Jan 2019 16:42:21|28|pratiksha@forstarfoods.com|ManageGatePass.php
19 Jan 2019 16:43:23|28|pratiksha@forstarfoods.com|ManageGatePass.php
19 Jan 2019 16:43:46|28|pratiksha@forstarfoods.com|ManageGatePass.php
19 Jan 2019 16:43:50|28|pratiksha@forstarfoods.com|ManageGatePass.php
19 Jan 2019 16:43:53|28|pratiksha@forstarfoods.com|ManageGatePass.php
19 Jan 2019 16:43:58|28|pratiksha@forstarfoods.com|PrintGatePass.php
19 Jan 2019 16:44:05|28|pratiksha@forstarfoods.com|ManageGatePass.php
19 Jan 2019 16:44:10|28|pratiksha@forstarfoods.com|ManageGatePass.php
19 Jan 2019 16:44:12|28|pratiksha@forstarfoods.com|ManageGatePass.php
19 Jan 2019 16:44:45|28|pratiksha@forstarfoods.com|ManageGatePass.php
19 Jan 2019 16:44:48|28|pratiksha@forstarfoods.com|ManageGatePass.php
19 Jan 2019 16:44:51|28|pratiksha@forstarfoods.com|ManageGatePass.php
19 Jan 2019 16:44:55|28|pratiksha@forstarfoods.com|ManageGatePass.php
19 Jan 2019 16:44:57|28|pratiksha@forstarfoods.com|ManageGatePass.php
19 Jan 2019 16:45:01|28|pratiksha@forstarfoods.com|PrintGatePass.php
19 Jan 2019 16:45:08|28|pratiksha@forstarfoods.com|ManageGatePass.php
19 Jan 2019 16:45:11|28|pratiksha@forstarfoods.com|ManageGatePass.php
19 Jan 2019 16:45:13|28|pratiksha@forstarfoods.com|ManageGatePass.php
19 Jan 2019 16:45:41|28|pratiksha@forstarfoods.com|ManageGatePass.php
19 Jan 2019 16:45:44|28|pratiksha@forstarfoods.com|ManageGatePass.php
19 Jan 2019 16:45:58|28|pratiksha@forstarfoods.com|ManageGatePass.php
19 Jan 2019 16:46:01|28|pratiksha@forstarfoods.com|ManageGatePass.php
19 Jan 2019 16:46:06|28|pratiksha@forstarfoods.com|ManageGatePass.php
19 Jan 2019 16:46:13|28|pratiksha@forstarfoods.com|PrintGatePass.php
19 Jan 2019 16:47:07|28|pratiksha@forstarfoods.com|ManageGatePass.php
19 Jan 2019 16:48:08|28|pratiksha@forstarfoods.com|ManageGatePass.php
19 Jan 2019 16:49:10|28|pratiksha@forstarfoods.com|ManageGatePass.php
19 Jan 2019 16:50:11|28|pratiksha@forstarfoods.com|ManageGatePass.php
19 Jan 2019 16:50:49|20|shiji@forstarfoods.com|DailyCatchSummary.php
19 Jan 2019 16:50:52|20|shiji@forstarfoods.com|DailyCatchSummary.php
19 Jan 2019 16:50:57|20|shiji@forstarfoods.com|DailyCatchSummary.php
19 Jan 2019 16:51:01|20|shiji@forstarfoods.com|DailyCatchSummary.php
19 Jan 2019 16:51:12|28|pratiksha@forstarfoods.com|ManageGatePass.php
19 Jan 2019 16:52:13|28|pratiksha@forstarfoods.com|ManageGatePass.php
19 Jan 2019 16:52:42|20|shiji@forstarfoods.com|DailyCatchSummary.php
19 Jan 2019 16:52:44|20|shiji@forstarfoods.com|DailyCatchSummary.php
19 Jan 2019 16:53:14|28|pratiksha@forstarfoods.com|ManageGatePass.php
19 Jan 2019 16:54:16|28|pratiksha@forstarfoods.com|ManageGatePass.php
19 Jan 2019 16:54:57|28|pratiksha@forstarfoods.com|ManageGatePass.php
19 Jan 2019 16:55:01|28|pratiksha@forstarfoods.com|ManageGatePass.php
19 Jan 2019 16:55:03|28|pratiksha@forstarfoods.com|ManageGatePass.php
19 Jan 2019 16:55:09|28|pratiksha@forstarfoods.com|ManageGatePass.php
19 Jan 2019 16:56:03|28|pratiksha@forstarfoods.com|ManageGatePass.php
19 Jan 2019 16:56:07|28|pratiksha@forstarfoods.com|ManageGatePass.php
19 Jan 2019 16:56:17|28|pratiksha@forstarfoods.com|ManageGatePass.php
19 Jan 2019 16:56:21|28|pratiksha@forstarfoods.com|ManageGatePass.php
19 Jan 2019 16:56:24|28|pratiksha@forstarfoods.com|ManageGatePass.php
19 Jan 2019 16:56:26|28|pratiksha@forstarfoods.com|PrintGatePass.php
19 Jan 2019 16:57:25|28|pratiksha@forstarfoods.com|ManageGatePass.php
19 Jan 2019 16:58:26|28|pratiksha@forstarfoods.com|ManageGatePass.php
19 Jan 2019 16:59:28|28|pratiksha@forstarfoods.com|ManageGatePass.php
19 Jan 2019 17:00:29|28|pratiksha@forstarfoods.com|ManageGatePass.php
19 Jan 2019 17:01:30|28|pratiksha@forstarfoods.com|ManageGatePass.php
19 Jan 2019 17:02:32|28|pratiksha@forstarfoods.com|ManageGatePass.php
19 Jan 2019 17:03:33|28|pratiksha@forstarfoods.com|ManageGatePass.php
19 Jan 2019 17:04:34|28|pratiksha@forstarfoods.com|ManageGatePass.php
19 Jan 2019 17:05:35|28|pratiksha@forstarfoods.com|ManageGatePass.php
19 Jan 2019 17:06:37|28|pratiksha@forstarfoods.com|ManageGatePass.php
19 Jan 2019 17:07:38|28|pratiksha@forstarfoods.com|ManageGatePass.php
19 Jan 2019 17:08:39|28|pratiksha@forstarfoods.com|ManageGatePass.php
19 Jan 2019 17:09:41|28|pratiksha@forstarfoods.com|ManageGatePass.php
19 Jan 2019 17:10:42|28|pratiksha@forstarfoods.com|ManageGatePass.php
19 Jan 2019 17:11:01|20|shiji@forstarfoods.com|SupplierAccount.php
19 Jan 2019 17:11:08|20|shiji@forstarfoods.com|SupplierAccount.php
19 Jan 2019 17:11:13|20|shiji@forstarfoods.com|SupplierAccount.php
19 Jan 2019 17:11:23|20|shiji@forstarfoods.com|SupplierAccount.php
19 Jan 2019 17:11:28|20|shiji@forstarfoods.com|SupplierAccount.php
19 Jan 2019 17:11:45|28|pratiksha@forstarfoods.com|ManageGatePass.php
19 Jan 2019 17:12:12|20|shiji@forstarfoods.com|SupplierAccount.php
19 Jan 2019 17:12:20|20|shiji@forstarfoods.com|SupplierAccount.php
19 Jan 2019 17:12:48|28|pratiksha@forstarfoods.com|ManageGatePass.php
19 Jan 2019 17:13:50|28|pratiksha@forstarfoods.com|ManageGatePass.php
19 Jan 2019 17:14:54|28|pratiksha@forstarfoods.com|ManageGatePass.php
19 Jan 2019 17:15:57|28|pratiksha@forstarfoods.com|ManageGatePass.php
19 Jan 2019 17:16:59|28|pratiksha@forstarfoods.com|ManageGatePass.php
19 Jan 2019 17:18:04|28|pratiksha@forstarfoods.com|ManageGatePass.php
19 Jan 2019 17:19:06|28|pratiksha@forstarfoods.com|ManageGatePass.php
19 Jan 2019 17:20:09|28|pratiksha@forstarfoods.com|ManageGatePass.php
19 Jan 2019 17:21:12|28|pratiksha@forstarfoods.com|ManageGatePass.php
19 Jan 2019 17:22:15|28|pratiksha@forstarfoods.com|ManageGatePass.php
19 Jan 2019 17:23:19|28|pratiksha@forstarfoods.com|ManageGatePass.php
19 Jan 2019 17:24:16|20|shiji@forstarfoods.com|SupplierAccount.php
19 Jan 2019 17:24:22|28|pratiksha@forstarfoods.com|ManageGatePass.php
19 Jan 2019 17:24:46|20|shiji@forstarfoods.com|Home.php
19 Jan 2019 17:25:06|20|shiji@forstarfoods.com|DailyCatchSummary.php
19 Jan 2019 17:25:09|20|shiji@forstarfoods.com|DailyCatchSummary.php
19 Jan 2019 17:25:25|28|pratiksha@forstarfoods.com|ManageGatePass.php
19 Jan 2019 17:25:38|20|shiji@forstarfoods.com|DailyCatchSummary.php
19 Jan 2019 17:25:41|20|shiji@forstarfoods.com|DailyCatchSummary.php
19 Jan 2019 17:25:50|20|shiji@forstarfoods.com|DailyCatchSummary.php
19 Jan 2019 17:25:59|20|shiji@forstarfoods.com|DailyCatchSummary.php
19 Jan 2019 17:26:18|20|shiji@forstarfoods.com|DailyCatchSummary.php
19 Jan 2019 17:26:27|28|pratiksha@forstarfoods.com|ManageGatePass.php
19 Jan 2019 17:27:30|28|pratiksha@forstarfoods.com|ManageGatePass.php
19 Jan 2019 17:28:32|28|pratiksha@forstarfoods.com|ManageGatePass.php
19 Jan 2019 17:29:35|28|pratiksha@forstarfoods.com|ManageGatePass.php
19 Jan 2019 17:30:26|31|rekha@foresee.com|Home.php
19 Jan 2019 17:30:30|31|rekha@foresee.com|Home.php
19 Jan 2019 17:30:40|28|pratiksha@forstarfoods.com|ManageGatePass.php
19 Jan 2019 17:31:42|28|pratiksha@forstarfoods.com|ManageGatePass.php
19 Jan 2019 17:32:45|28|pratiksha@forstarfoods.com|ManageGatePass.php
19 Jan 2019 17:33:47|28|pratiksha@forstarfoods.com|ManageGatePass.php
19 Jan 2019 17:34:51|28|pratiksha@forstarfoods.com|ManageGatePass.php
19 Jan 2019 17:35:54|28|pratiksha@forstarfoods.com|ManageGatePass.php
19 Jan 2019 17:36:58|28|pratiksha@forstarfoods.com|ManageGatePass.php
19 Jan 2019 17:38:00|20|shiji@forstarfoods.com|DailyCatchSummary.php
19 Jan 2019 17:38:01|28|pratiksha@forstarfoods.com|ManageGatePass.php
19 Jan 2019 17:38:03|20|shiji@forstarfoods.com|DailyCatchSummary.php
19 Jan 2019 17:38:10|20|shiji@forstarfoods.com|DailyCatchSummary.php
19 Jan 2019 17:38:12|20|shiji@forstarfoods.com|DailyCatchSummary.php
19 Jan 2019 17:38:19|20|shiji@forstarfoods.com|DailyCatchSummary.php
19 Jan 2019 17:38:31|20|shiji@forstarfoods.com|DailyCatchSummary.php
19 Jan 2019 17:38:33|20|shiji@forstarfoods.com|DailyCatchSummary.php
19 Jan 2019 17:38:43|20|shiji@forstarfoods.com|DailyCatchSummary.php
19 Jan 2019 17:38:46|20|shiji@forstarfoods.com|DailyCatchSummary.php
19 Jan 2019 17:39:02|28|pratiksha@forstarfoods.com|ManageGatePass.php
19 Jan 2019 17:40:03|28|pratiksha@forstarfoods.com|ManageGatePass.php
19 Jan 2019 17:41:05|28|pratiksha@forstarfoods.com|ManageGatePass.php
19 Jan 2019 17:42:06|28|pratiksha@forstarfoods.com|ManageGatePass.php
19 Jan 2019 17:43:07|28|pratiksha@forstarfoods.com|ManageGatePass.php
19 Jan 2019 17:44:08|28|pratiksha@forstarfoods.com|ManageGatePass.php
19 Jan 2019 17:45:10|28|pratiksha@forstarfoods.com|ManageGatePass.php
19 Jan 2019 17:46:13|28|pratiksha@forstarfoods.com|ManageGatePass.php
19 Jan 2019 17:47:15|28|pratiksha@forstarfoods.com|ManageGatePass.php
19 Jan 2019 17:48:16|28|pratiksha@forstarfoods.com|ManageGatePass.php
19 Jan 2019 17:49:17|28|pratiksha@forstarfoods.com|ManageGatePass.php
19 Jan 2019 17:50:19|28|pratiksha@forstarfoods.com|ManageGatePass.php
19 Jan 2019 17:51:20|28|pratiksha@forstarfoods.com|ManageGatePass.php
19 Jan 2019 17:52:24|28|pratiksha@forstarfoods.com|ManageGatePass.php
19 Jan 2019 17:53:25|28|pratiksha@forstarfoods.com|ManageGatePass.php
19 Jan 2019 17:54:26|28|pratiksha@forstarfoods.com|ManageGatePass.php
19 Jan 2019 17:55:28|28|pratiksha@forstarfoods.com|ManageGatePass.php
19 Jan 2019 17:56:29|28|pratiksha@forstarfoods.com|ManageGatePass.php
19 Jan 2019 17:57:30|28|pratiksha@forstarfoods.com|ManageGatePass.php
19 Jan 2019 17:58:32|28|pratiksha@forstarfoods.com|ManageGatePass.php
19 Jan 2019 17:59:33|28|pratiksha@forstarfoods.com|ManageGatePass.php
19 Jan 2019 18:00:34|28|pratiksha@forstarfoods.com|ManageGatePass.php
21 Jan 2019 10:19:01|20|shiji@forstarfoods.com|Home.php
21 Jan 2019 10:20:19|20|shiji@forstarfoods.com|DailyCatchEntry_New.php
21 Jan 2019 10:20:23|20|shiji@forstarfoods.com|DailyCatchEntry_New.php
21 Jan 2019 10:20:25|20|shiji@forstarfoods.com|DailyCatchEntry_New.php
21 Jan 2019 10:20:26|20|shiji@forstarfoods.com|DailyCatchEntry_New.php
21 Jan 2019 10:20:27|20|shiji@forstarfoods.com|DailyCatchEntry_New.php
21 Jan 2019 10:20:29|20|shiji@forstarfoods.com|CatchEntryDeclaredItem.php
21 Jan 2019 10:20:30|20|shiji@forstarfoods.com|DailyCatchEntry_New.php
21 Jan 2019 10:20:47|20|shiji@forstarfoods.com|DailyCatchEntry_New.php
21 Jan 2019 10:20:48|20|shiji@forstarfoods.com|DailyCatchEntry_New.php
21 Jan 2019 10:20:49|20|shiji@forstarfoods.com|DailyCatchEntry_New.php
21 Jan 2019 10:20:50|20|shiji@forstarfoods.com|DailyCatchEntry_New.php
21 Jan 2019 10:20:52|20|shiji@forstarfoods.com|DailyCatchEntry_New.php
21 Jan 2019 10:21:24|20|shiji@forstarfoods.com|DailyCatchEntry_New.php
21 Jan 2019 10:21:26|20|shiji@forstarfoods.com|DailyCatchEntry_New.php
21 Jan 2019 10:21:27|20|shiji@forstarfoods.com|DailyCatchEntry_New.php
21 Jan 2019 10:21:32|20|shiji@forstarfoods.com|DailyCatchEntry_New.php
21 Jan 2019 10:21:39|20|shiji@forstarfoods.com|DailyCatchEntry_New.php
21 Jan 2019 10:21:41|20|shiji@forstarfoods.com|CatchEntryDeclaredItem.php
21 Jan 2019 10:21:58|20|shiji@forstarfoods.com|DailyCatchEntry_New.php
21 Jan 2019 10:22:00|20|shiji@forstarfoods.com|DailyCatchEntry_New.php
21 Jan 2019 10:22:01|20|shiji@forstarfoods.com|DailyCatchEntry_New.php
21 Jan 2019 10:22:22|20|shiji@forstarfoods.com|DailyCatchEntry_New.php
21 Jan 2019 10:22:26|20|shiji@forstarfoods.com|DailyCatchEntry_New.php
21 Jan 2019 10:22:30|20|shiji@forstarfoods.com|DailyCatchEntry_New.php
21 Jan 2019 10:22:31|20|shiji@forstarfoods.com|DailyCatchEntry_New.php
21 Jan 2019 10:22:33|20|shiji@forstarfoods.com|DailyCatchEntry_New.php
21 Jan 2019 10:22:34|20|shiji@forstarfoods.com|DailyCatchEntry_New.php
21 Jan 2019 10:22:35|20|shiji@forstarfoods.com|DailyCatchEntry_New.php
21 Jan 2019 10:22:36|20|shiji@forstarfoods.com|DailyCatchEntry_New.php
21 Jan 2019 10:22:38|20|shiji@forstarfoods.com|DailyCatchEntry_New.php
21 Jan 2019 10:22:39|20|shiji@forstarfoods.com|DailyCatchEntry_New.php
21 Jan 2019 10:22:40|20|shiji@forstarfoods.com|DailyCatchEntry_New.php
21 Jan 2019 10:22:41|20|shiji@forstarfoods.com|DailyCatchEntry_New.php
21 Jan 2019 10:22:42|20|shiji@forstarfoods.com|DailyCatchEntry_New.php
21 Jan 2019 10:22:44|20|shiji@forstarfoods.com|DailyCatchEntry_New.php
21 Jan 2019 10:22:45|20|shiji@forstarfoods.com|DailyCatchEntry_New.php
21 Jan 2019 10:22:46|20|shiji@forstarfoods.com|DailyCatchEntry_New.php
21 Jan 2019 10:22:48|20|shiji@forstarfoods.com|DailyCatchEntry_New.php
21 Jan 2019 10:22:49|20|shiji@forstarfoods.com|DailyCatchEntry_New.php
21 Jan 2019 10:22:50|20|shiji@forstarfoods.com|DailyCatchEntry_New.php
21 Jan 2019 10:22:51|20|shiji@forstarfoods.com|DailyCatchEntry_New.php
21 Jan 2019 10:22:52|20|shiji@forstarfoods.com|DailyCatchEntry_New.php
21 Jan 2019 10:22:54|20|shiji@forstarfoods.com|DailyCatchEntry_New.php
21 Jan 2019 10:22:55|20|shiji@forstarfoods.com|DailyCatchEntry_New.php
21 Jan 2019 10:22:56|20|shiji@forstarfoods.com|DailyCatchEntry_New.php
21 Jan 2019 10:22:57|20|shiji@forstarfoods.com|DailyCatchEntry_New.php
21 Jan 2019 10:22:59|20|shiji@forstarfoods.com|DailyCatchEntry_New.php
21 Jan 2019 10:23:00|20|shiji@forstarfoods.com|DailyCatchEntry_New.php
21 Jan 2019 10:23:01|20|shiji@forstarfoods.com|DailyCatchEntry_New.php
21 Jan 2019 10:23:02|20|shiji@forstarfoods.com|DailyCatchEntry_New.php
21 Jan 2019 10:23:04|20|shiji@forstarfoods.com|DailyCatchEntry_New.php
21 Jan 2019 10:23:05|20|shiji@forstarfoods.com|DailyCatchEntry_New.php
21 Jan 2019 10:23:06|20|shiji@forstarfoods.com|DailyCatchEntry_New.php
21 Jan 2019 10:23:07|20|shiji@forstarfoods.com|DailyCatchEntry_New.php
21 Jan 2019 10:23:09|20|shiji@forstarfoods.com|DailyCatchEntry_New.php
21 Jan 2019 10:23:10|20|shiji@forstarfoods.com|DailyCatchEntry_New.php
21 Jan 2019 10:23:11|20|shiji@forstarfoods.com|DailyCatchEntry_New.php
21 Jan 2019 10:23:12|20|shiji@forstarfoods.com|DailyCatchEntry_New.php
21 Jan 2019 10:23:13|20|shiji@forstarfoods.com|DailyCatchEntry_New.php
21 Jan 2019 10:23:15|20|shiji@forstarfoods.com|DailyCatchEntry_New.php
21 Jan 2019 10:23:16|20|shiji@forstarfoods.com|DailyCatchEntry_New.php
21 Jan 2019 10:24:29|20|shiji@forstarfoods.com|DailyCatchEntry_New.php
21 Jan 2019 10:24:41|20|shiji@forstarfoods.com|DailyCatchEntry_New.php
21 Jan 2019 10:24:43|20|shiji@forstarfoods.com|CatchEntryDeclaredItem.php
21 Jan 2019 10:24:49|20|shiji@forstarfoods.com|DailyCatchEntry_New.php
21 Jan 2019 10:24:52|20|shiji@forstarfoods.com|DailyCatchEntry_New.php
21 Jan 2019 10:25:20|20|shiji@forstarfoods.com|DailyCatchEntry_New.php
21 Jan 2019 10:25:22|20|shiji@forstarfoods.com|DailyCatchEntry_New.php
21 Jan 2019 10:25:23|20|shiji@forstarfoods.com|DailyCatchEntry_New.php
21 Jan 2019 10:25:24|20|shiji@forstarfoods.com|DailyCatchEntry_New.php
21 Jan 2019 10:25:25|20|shiji@forstarfoods.com|DailyCatchEntry_New.php
21 Jan 2019 10:25:27|20|shiji@forstarfoods.com|DailyCatchEntry_New.php
21 Jan 2019 10:25:28|20|shiji@forstarfoods.com|DailyCatchEntry_New.php
21 Jan 2019 10:25:29|20|shiji@forstarfoods.com|DailyCatchEntry_New.php
21 Jan 2019 10:25:30|20|shiji@forstarfoods.com|DailyCatchEntry_New.php
21 Jan 2019 10:25:32|20|shiji@forstarfoods.com|DailyCatchEntry_New.php
21 Jan 2019 10:25:33|20|shiji@forstarfoods.com|DailyCatchEntry_New.php
21 Jan 2019 10:25:34|20|shiji@forstarfoods.com|DailyCatchEntry_New.php
21 Jan 2019 10:25:35|20|shiji@forstarfoods.com|DailyCatchEntry_New.php
21 Jan 2019 10:25:37|20|shiji@forstarfoods.com|DailyCatchEntry_New.php
21 Jan 2019 10:25:38|20|shiji@forstarfoods.com|DailyCatchEntry_New.php
21 Jan 2019 10:25:39|20|shiji@forstarfoods.com|DailyCatchEntry_New.php
21 Jan 2019 10:25:40|20|shiji@forstarfoods.com|DailyCatchEntry_New.php
21 Jan 2019 10:26:02|20|shiji@forstarfoods.com|DailyCatchEntry_New.php
21 Jan 2019 10:26:04|20|shiji@forstarfoods.com|DailyCatchEntry_New.php
21 Jan 2019 10:26:06|20|shiji@forstarfoods.com|CatchEntryDeclaredItem.php
21 Jan 2019 10:28:27|20|shiji@forstarfoods.com|DailyCatchEntry_New.php
21 Jan 2019 10:28:28|20|shiji@forstarfoods.com|DailyCatchEntry_New.php
21 Jan 2019 10:28:30|20|shiji@forstarfoods.com|DailyCatchEntry_New.php
21 Jan 2019 10:28:36|20|shiji@forstarfoods.com|DailyCatchEntry_New.php
21 Jan 2019 10:28:43|20|shiji@forstarfoods.com|DailyCatchEntry_New.php
21 Jan 2019 10:28:44|20|shiji@forstarfoods.com|CatchEntryDeclaredItem.php
21 Jan 2019 10:28:49|20|shiji@forstarfoods.com|DailyCatchEntry_New.php
21 Jan 2019 10:29:21|20|shiji@forstarfoods.com|DailyCatchEntry_New.php
21 Jan 2019 10:29:23|20|shiji@forstarfoods.com|DailyCatchEntry_New.php
21 Jan 2019 10:29:24|20|shiji@forstarfoods.com|DailyCatchEntry_New.php
21 Jan 2019 10:29:40|20|shiji@forstarfoods.com|DailyCatchEntry_New.php
21 Jan 2019 10:29:44|20|shiji@forstarfoods.com|DailyCatchEntry_New.php
21 Jan 2019 10:29:49|20|shiji@forstarfoods.com|DailyCatchEntry_New.php
21 Jan 2019 10:29:51|20|shiji@forstarfoods.com|DailyCatchEntry_New.php
21 Jan 2019 10:29:52|20|shiji@forstarfoods.com|DailyCatchEntry_New.php
21 Jan 2019 10:29:53|20|shiji@forstarfoods.com|DailyCatchEntry_New.php
21 Jan 2019 10:29:54|20|shiji@forstarfoods.com|DailyCatchEntry_New.php
21 Jan 2019 10:29:56|20|shiji@forstarfoods.com|DailyCatchEntry_New.php
21 Jan 2019 10:29:57|20|shiji@forstarfoods.com|DailyCatchEntry_New.php
21 Jan 2019 10:29:58|20|shiji@forstarfoods.com|DailyCatchEntry_New.php
21 Jan 2019 10:29:59|20|shiji@forstarfoods.com|DailyCatchEntry_New.php
21 Jan 2019 10:30:01|20|shiji@forstarfoods.com|DailyCatchEntry_New.php
21 Jan 2019 10:30:02|20|shiji@forstarfoods.com|DailyCatchEntry_New.php
21 Jan 2019 10:30:03|20|shiji@forstarfoods.com|DailyCatchEntry_New.php
21 Jan 2019 10:30:04|20|shiji@forstarfoods.com|DailyCatchEntry_New.php
21 Jan 2019 10:30:05|20|shiji@forstarfoods.com|DailyCatchEntry_New.php
21 Jan 2019 10:30:07|20|shiji@forstarfoods.com|DailyCatchEntry_New.php
21 Jan 2019 10:30:08|20|shiji@forstarfoods.com|DailyCatchEntry_New.php
21 Jan 2019 10:30:09|20|shiji@forstarfoods.com|DailyCatchEntry_New.php
21 Jan 2019 10:30:10|20|shiji@forstarfoods.com|DailyCatchEntry_New.php
21 Jan 2019 10:30:12|20|shiji@forstarfoods.com|DailyCatchEntry_New.php
21 Jan 2019 10:30:13|20|shiji@forstarfoods.com|DailyCatchEntry_New.php
21 Jan 2019 10:30:14|20|shiji@forstarfoods.com|DailyCatchEntry_New.php
21 Jan 2019 10:30:15|20|shiji@forstarfoods.com|DailyCatchEntry_New.php
21 Jan 2019 10:30:16|20|shiji@forstarfoods.com|DailyCatchEntry_New.php
21 Jan 2019 10:30:18|20|shiji@forstarfoods.com|DailyCatchEntry_New.php
21 Jan 2019 10:30:42|20|shiji@forstarfoods.com|DailyCatchEntry_New.php
21 Jan 2019 10:34:49|20|shiji@forstarfoods.com|DailyCatchEntry_New.php
21 Jan 2019 10:34:52|20|shiji@forstarfoods.com|DailyCatchEntry_New.php
21 Jan 2019 10:34:53|20|shiji@forstarfoods.com|CatchEntryDeclaredItem.php
21 Jan 2019 10:34:55|20|shiji@forstarfoods.com|DailyCatchEntry_New.php
21 Jan 2019 10:34:58|20|shiji@forstarfoods.com|DailyCatchEntry_New.php
21 Jan 2019 10:35:00|20|shiji@forstarfoods.com|DailyCatchEntry_New.php
21 Jan 2019 10:35:03|20|shiji@forstarfoods.com|DailyCatchEntry_New.php
21 Jan 2019 10:35:04|20|shiji@forstarfoods.com|DailyCatchEntry_New.php
21 Jan 2019 10:35:05|20|shiji@forstarfoods.com|DailyCatchEntry_New.php
21 Jan 2019 10:35:07|20|shiji@forstarfoods.com|DailyCatchEntry_New.php
21 Jan 2019 10:35:08|20|shiji@forstarfoods.com|DailyCatchEntry_New.php
21 Jan 2019 10:35:09|20|shiji@forstarfoods.com|DailyCatchEntry_New.php
21 Jan 2019 10:35:10|20|shiji@forstarfoods.com|DailyCatchEntry_New.php
21 Jan 2019 10:35:11|20|shiji@forstarfoods.com|DailyCatchEntry_New.php
21 Jan 2019 10:35:13|20|shiji@forstarfoods.com|DailyCatchEntry_New.php
21 Jan 2019 10:35:14|20|shiji@forstarfoods.com|DailyCatchEntry_New.php
21 Jan 2019 10:35:15|20|shiji@forstarfoods.com|DailyCatchEntry_New.php
21 Jan 2019 10:35:16|20|shiji@forstarfoods.com|DailyCatchEntry_New.php
21 Jan 2019 10:35:38|20|shiji@forstarfoods.com|DailyCatchEntry_New.php
21 Jan 2019 10:35:40|20|shiji@forstarfoods.com|DailyCatchEntry_New.php
21 Jan 2019 10:35:41|20|shiji@forstarfoods.com|CatchEntryDeclaredItem.php
21 Jan 2019 10:35:43|20|shiji@forstarfoods.com|DailyCatchEntry_New.php
21 Jan 2019 10:35:58|20|shiji@forstarfoods.com|DailyCatchEntry_New.php
21 Jan 2019 10:36:02|20|shiji@forstarfoods.com|DailyCatchEntry_New.php
21 Jan 2019 10:36:05|20|shiji@forstarfoods.com|DailyCatchEntry_New.php
21 Jan 2019 10:36:06|20|shiji@forstarfoods.com|DailyCatchEntry_New.php