
6 Feb 2019 11:56:19|20|shiji@forstarfoods.com|DailyCatchEntry_New.php
6 Feb 2019 11:56:20|20|shiji@forstarfoods.com|DailyCatchEntry_New.php
6 Feb 2019 11:56:22|20|shiji@forstarfoods.com|DailyCatchEntry_New.php
6 Feb 2019 11:56:23|20|shiji@forstarfoods.com|DailyCatchEntry_New.php
6 Feb 2019 11:56:26|20|shiji@forstarfoods.com|DailyCatchEntry_New.php
6 Feb 2019 11:56:27|20|shiji@forstarfoods.com|CatchEntryDeclaredItem.php
6 Feb 2019 11:56:36|30|pritirm@forstarfoods.com|DailyCatchEntry_New.php
6 Feb 2019 11:56:42|20|shiji@forstarfoods.com|DailyCatchEntry_New.php
6 Feb 2019 11:56:45|20|shiji@forstarfoods.com|DailyCatchEntry_New.php
6 Feb 2019 11:56:50|20|shiji@forstarfoods.com|DailyCatchEntry_New.php
6 Feb 2019 11:56:52|20|shiji@forstarfoods.com|DailyCatchEntry_New.php
6 Feb 2019 11:56:53|20|shiji@forstarfoods.com|DailyCatchEntry_New.php
6 Feb 2019 11:56:54|20|shiji@forstarfoods.com|DailyCatchEntry_New.php
6 Feb 2019 11:56:55|20|shiji@forstarfoods.com|DailyCatchEntry_New.php
6 Feb 2019 11:56:57|20|shiji@forstarfoods.com|DailyCatchEntry_New.php
6 Feb 2019 11:56:58|20|shiji@forstarfoods.com|DailyCatchEntry_New.php
6 Feb 2019 11:56:59|20|shiji@forstarfoods.com|DailyCatchEntry_New.php
6 Feb 2019 11:57:00|20|shiji@forstarfoods.com|DailyCatchEntry_New.php
6 Feb 2019 11:57:01|20|shiji@forstarfoods.com|DailyCatchEntry_New.php
6 Feb 2019 11:57:03|20|shiji@forstarfoods.com|DailyCatchEntry_New.php
6 Feb 2019 11:57:04|20|shiji@forstarfoods.com|DailyCatchEntry_New.php
6 Feb 2019 11:57:05|20|shiji@forstarfoods.com|DailyCatchEntry_New.php
6 Feb 2019 11:57:06|20|shiji@forstarfoods.com|DailyCatchEntry_New.php
6 Feb 2019 11:57:08|20|shiji@forstarfoods.com|DailyCatchEntry_New.php
6 Feb 2019 11:57:09|20|shiji@forstarfoods.com|DailyCatchEntry_New.php
6 Feb 2019 11:57:10|20|shiji@forstarfoods.com|DailyCatchEntry_New.php
6 Feb 2019 11:57:13|20|shiji@forstarfoods.com|DailyCatchEntry_New.php
6 Feb 2019 11:57:14|20|shiji@forstarfoods.com|CatchEntryDeclaredItem.php
6 Feb 2019 11:57:32|20|shiji@forstarfoods.com|DailyCatchEntry_New.php
6 Feb 2019 11:57:35|20|shiji@forstarfoods.com|DailyCatchEntry_New.php
6 Feb 2019 11:57:39|20|shiji@forstarfoods.com|DailyCatchEntry_New.php
6 Feb 2019 11:57:40|20|shiji@forstarfoods.com|DailyCatchEntry_New.php
6 Feb 2019 11:57:42|20|shiji@forstarfoods.com|DailyCatchEntry_New.php
6 Feb 2019 11:57:43|20|shiji@forstarfoods.com|DailyCatchEntry_New.php
6 Feb 2019 11:57:44|20|shiji@forstarfoods.com|DailyCatchEntry_New.php
6 Feb 2019 11:57:45|20|shiji@forstarfoods.com|DailyCatchEntry_New.php
6 Feb 2019 11:57:47|20|shiji@forstarfoods.com|DailyCatchEntry_New.php
6 Feb 2019 11:57:48|20|shiji@forstarfoods.com|DailyCatchEntry_New.php
6 Feb 2019 11:57:49|20|shiji@forstarfoods.com|DailyCatchEntry_New.php
6 Feb 2019 11:57:50|20|shiji@forstarfoods.com|DailyCatchEntry_New.php
6 Feb 2019 11:57:52|20|shiji@forstarfoods.com|DailyCatchEntry_New.php
6 Feb 2019 11:57:53|20|shiji@forstarfoods.com|DailyCatchEntry_New.php
6 Feb 2019 11:57:54|20|shiji@forstarfoods.com|DailyCatchEntry_New.php
6 Feb 2019 11:57:56|20|shiji@forstarfoods.com|DailyCatchEntry_New.php
6 Feb 2019 11:57:58|20|shiji@forstarfoods.com|CatchEntryDeclaredItem.php
6 Feb 2019 11:58:06|20|shiji@forstarfoods.com|DailyCatchEntry_New.php
6 Feb 2019 11:58:09|20|shiji@forstarfoods.com|DailyCatchEntry_New.php
6 Feb 2019 11:58:12|20|shiji@forstarfoods.com|DailyCatchEntry_New.php
6 Feb 2019 11:58:13|20|shiji@forstarfoods.com|DailyCatchEntry_New.php
6 Feb 2019 11:58:15|20|shiji@forstarfoods.com|DailyCatchEntry_New.php
6 Feb 2019 11:58:16|20|shiji@forstarfoods.com|DailyCatchEntry_New.php
6 Feb 2019 11:58:17|20|shiji@forstarfoods.com|DailyCatchEntry_New.php
6 Feb 2019 11:58:18|20|shiji@forstarfoods.com|DailyCatchEntry_New.php
6 Feb 2019 11:58:20|20|shiji@forstarfoods.com|DailyCatchEntry_New.php
6 Feb 2019 11:58:21|20|shiji@forstarfoods.com|DailyCatchEntry_New.php
6 Feb 2019 11:58:22|20|shiji@forstarfoods.com|DailyCatchEntry_New.php
6 Feb 2019 11:58:23|20|shiji@forstarfoods.com|DailyCatchEntry_New.php
6 Feb 2019 11:58:24|20|shiji@forstarfoods.com|DailyCatchEntry_New.php
6 Feb 2019 11:58:26|20|shiji@forstarfoods.com|DailyCatchEntry_New.php
6 Feb 2019 11:58:41|20|shiji@forstarfoods.com|DailyCatchEntry_New.php
6 Feb 2019 11:58:42|20|shiji@forstarfoods.com|DailyCatchEntry_New.php
6 Feb 2019 11:58:43|20|shiji@forstarfoods.com|DailyCatchEntry_New.php
6 Feb 2019 12:01:37|30|pritirm@forstarfoods.com|DailyCatchEntry_New.php
6 Feb 2019 12:04:59|20|shiji@forstarfoods.com|DailyCatchEntry_New.php
6 Feb 2019 12:05:01|20|shiji@forstarfoods.com|DailyCatchEntry_New.php
6 Feb 2019 12:05:02|20|shiji@forstarfoods.com|CatchEntryDeclaredItem.php
6 Feb 2019 12:05:04|20|shiji@forstarfoods.com|DailyCatchEntry_New.php
6 Feb 2019 12:05:05|20|shiji@forstarfoods.com|DailyCatchEntry_New.php
6 Feb 2019 12:05:06|20|shiji@forstarfoods.com|DailyCatchEntry_New.php
6 Feb 2019 12:05:11|20|shiji@forstarfoods.com|DailyCatchEntry_New.php
6 Feb 2019 12:05:17|20|shiji@forstarfoods.com|DailyCatchEntry_New.php
6 Feb 2019 12:05:18|20|shiji@forstarfoods.com|CatchEntryDeclaredItem.php
6 Feb 2019 12:05:31|20|shiji@forstarfoods.com|DailyCatchEntry_New.php
6 Feb 2019 12:05:35|20|shiji@forstarfoods.com|DailyCatchEntry_New.php
6 Feb 2019 12:05:37|20|shiji@forstarfoods.com|DailyCatchEntry_New.php
6 Feb 2019 12:05:40|20|shiji@forstarfoods.com|DailyCatchEntry_New.php
6 Feb 2019 12:05:42|20|shiji@forstarfoods.com|DailyCatchEntry_New.php
6 Feb 2019 12:05:43|20|shiji@forstarfoods.com|DailyCatchEntry_New.php
6 Feb 2019 12:05:44|20|shiji@forstarfoods.com|DailyCatchEntry_New.php
6 Feb 2019 12:05:45|20|shiji@forstarfoods.com|DailyCatchEntry_New.php
6 Feb 2019 12:05:47|20|shiji@forstarfoods.com|DailyCatchEntry_New.php
6 Feb 2019 12:05:48|20|shiji@forstarfoods.com|DailyCatchEntry_New.php
6 Feb 2019 12:05:49|20|shiji@forstarfoods.com|DailyCatchEntry_New.php
6 Feb 2019 12:05:50|20|shiji@forstarfoods.com|DailyCatchEntry_New.php
6 Feb 2019 12:05:52|20|shiji@forstarfoods.com|DailyCatchEntry_New.php
6 Feb 2019 12:05:53|20|shiji@forstarfoods.com|DailyCatchEntry_New.php
6 Feb 2019 12:05:54|20|shiji@forstarfoods.com|DailyCatchEntry_New.php
6 Feb 2019 12:05:55|20|shiji@forstarfoods.com|DailyCatchEntry_New.php
6 Feb 2019 12:05:57|20|shiji@forstarfoods.com|DailyCatchEntry_New.php
6 Feb 2019 12:06:10|20|shiji@forstarfoods.com|DailyCatchEntry_New.php
6 Feb 2019 12:06:13|20|shiji@forstarfoods.com|DailyCatchEntry_New.php
6 Feb 2019 12:06:14|20|shiji@forstarfoods.com|CatchEntryDeclaredItem.php
6 Feb 2019 12:06:24|20|shiji@forstarfoods.com|DailyCatchEntry_New.php
6 Feb 2019 12:06:27|20|shiji@forstarfoods.com|DailyCatchEntry_New.php
6 Feb 2019 12:06:30|20|shiji@forstarfoods.com|DailyCatchEntry_New.php
6 Feb 2019 12:06:31|20|shiji@forstarfoods.com|DailyCatchEntry_New.php
6 Feb 2019 12:06:33|20|shiji@forstarfoods.com|DailyCatchEntry_New.php
6 Feb 2019 12:06:34|20|shiji@forstarfoods.com|DailyCatchEntry_New.php
6 Feb 2019 12:06:35|20|shiji@forstarfoods.com|DailyCatchEntry_New.php
6 Feb 2019 12:06:37|20|shiji@forstarfoods.com|DailyCatchEntry_New.php
6 Feb 2019 12:06:38|20|shiji@forstarfoods.com|DailyCatchEntry_New.php
6 Feb 2019 12:06:39|30|pritirm@forstarfoods.com|DailyCatchEntry_New.php
6 Feb 2019 12:06:39|20|shiji@forstarfoods.com|DailyCatchEntry_New.php
6 Feb 2019 12:06:40|20|shiji@forstarfoods.com|DailyCatchEntry_New.php
6 Feb 2019 12:06:41|20|shiji@forstarfoods.com|DailyCatchEntry_New.php
6 Feb 2019 12:06:43|20|shiji@forstarfoods.com|DailyCatchEntry_New.php
6 Feb 2019 12:06:44|20|shiji@forstarfoods.com|DailyCatchEntry_New.php
6 Feb 2019 12:06:45|20|shiji@forstarfoods.com|DailyCatchEntry_New.php
6 Feb 2019 12:06:46|20|shiji@forstarfoods.com|DailyCatchEntry_New.php
6 Feb 2019 12:06:48|20|shiji@forstarfoods.com|DailyCatchEntry_New.php
6 Feb 2019 12:06:49|20|shiji@forstarfoods.com|DailyCatchEntry_New.php
6 Feb 2019 12:06:50|20|shiji@forstarfoods.com|DailyCatchEntry_New.php
6 Feb 2019 12:06:51|20|shiji@forstarfoods.com|DailyCatchEntry_New.php
6 Feb 2019 12:06:53|20|shiji@forstarfoods.com|DailyCatchEntry_New.php
6 Feb 2019 12:06:54|20|shiji@forstarfoods.com|DailyCatchEntry_New.php
6 Feb 2019 12:06:55|20|shiji@forstarfoods.com|DailyCatchEntry_New.php
6 Feb 2019 12:06:58|20|shiji@forstarfoods.com|DailyCatchEntry_New.php
6 Feb 2019 12:07:00|20|shiji@forstarfoods.com|CatchEntryDeclaredItem.php
6 Feb 2019 12:07:13|20|shiji@forstarfoods.com|DailyCatchEntry_New.php
6 Feb 2019 12:07:16|20|shiji@forstarfoods.com|DailyCatchEntry_New.php
6 Feb 2019 12:07:19|20|shiji@forstarfoods.com|DailyCatchEntry_New.php
6 Feb 2019 12:07:21|20|shiji@forstarfoods.com|DailyCatchEntry_New.php
6 Feb 2019 12:07:22|20|shiji@forstarfoods.com|DailyCatchEntry_New.php
6 Feb 2019 12:07:23|20|shiji@forstarfoods.com|DailyCatchEntry_New.php
6 Feb 2019 12:07:24|20|shiji@forstarfoods.com|DailyCatchEntry_New.php
6 Feb 2019 12:07:26|20|shiji@forstarfoods.com|DailyCatchEntry_New.php
6 Feb 2019 12:07:27|20|shiji@forstarfoods.com|DailyCatchEntry_New.php
6 Feb 2019 12:07:28|20|shiji@forstarfoods.com|DailyCatchEntry_New.php
6 Feb 2019 12:07:29|20|shiji@forstarfoods.com|DailyCatchEntry_New.php
6 Feb 2019 12:07:30|20|shiji@forstarfoods.com|DailyCatchEntry_New.php
6 Feb 2019 12:07:32|20|shiji@forstarfoods.com|DailyCatchEntry_New.php
6 Feb 2019 12:07:33|20|shiji@forstarfoods.com|DailyCatchEntry_New.php
6 Feb 2019 12:07:34|20|shiji@forstarfoods.com|DailyCatchEntry_New.php
6 Feb 2019 12:07:35|20|shiji@forstarfoods.com|DailyCatchEntry_New.php
6 Feb 2019 12:07:37|20|shiji@forstarfoods.com|DailyCatchEntry_New.php
6 Feb 2019 12:07:38|20|shiji@forstarfoods.com|DailyCatchEntry_New.php
6 Feb 2019 12:07:39|20|shiji@forstarfoods.com|DailyCatchEntry_New.php
6 Feb 2019 12:07:42|20|shiji@forstarfoods.com|DailyCatchEntry_New.php
6 Feb 2019 12:07:43|20|shiji@forstarfoods.com|CatchEntryDeclaredItem.php
6 Feb 2019 12:07:54|20|shiji@forstarfoods.com|DailyCatchEntry_New.php
6 Feb 2019 12:07:59|20|shiji@forstarfoods.com|DailyCatchEntry_New.php
6 Feb 2019 12:08:09|20|shiji@forstarfoods.com|DailyCatchEntry_New.php
6 Feb 2019 12:08:10|20|shiji@forstarfoods.com|DailyCatchEntry_New.php
6 Feb 2019 12:08:12|20|shiji@forstarfoods.com|DailyCatchEntry_New.php
6 Feb 2019 12:08:13|20|shiji@forstarfoods.com|DailyCatchEntry_New.php
6 Feb 2019 12:08:14|20|shiji@forstarfoods.com|DailyCatchEntry_New.php
6 Feb 2019 12:08:15|20|shiji@forstarfoods.com|DailyCatchEntry_New.php
6 Feb 2019 12:08:16|20|shiji@forstarfoods.com|DailyCatchEntry_New.php
6 Feb 2019 12:08:18|20|shiji@forstarfoods.com|DailyCatchEntry_New.php
6 Feb 2019 12:08:19|20|shiji@forstarfoods.com|DailyCatchEntry_New.php
6 Feb 2019 12:08:20|20|shiji@forstarfoods.com|DailyCatchEntry_New.php
6 Feb 2019 12:08:21|20|shiji@forstarfoods.com|DailyCatchEntry_New.php
6 Feb 2019 12:08:23|20|shiji@forstarfoods.com|DailyCatchEntry_New.php
6 Feb 2019 12:08:24|20|shiji@forstarfoods.com|DailyCatchEntry_New.php
6 Feb 2019 12:08:25|20|shiji@forstarfoods.com|DailyCatchEntry_New.php
6 Feb 2019 12:08:26|20|shiji@forstarfoods.com|DailyCatchEntry_New.php
6 Feb 2019 12:08:27|20|shiji@forstarfoods.com|DailyCatchEntry_New.php
6 Feb 2019 12:08:29|20|shiji@forstarfoods.com|DailyCatchEntry_New.php
6 Feb 2019 12:08:31|20|shiji@forstarfoods.com|DailyCatchEntry_New.php
6 Feb 2019 12:08:32|20|shiji@forstarfoods.com|CatchEntryDeclaredItem.php
6 Feb 2019 12:08:50|20|shiji@forstarfoods.com|DailyCatchEntry_New.php
6 Feb 2019 12:08:54|20|shiji@forstarfoods.com|DailyCatchEntry_New.php
6 Feb 2019 12:08:57|20|shiji@forstarfoods.com|DailyCatchEntry_New.php
6 Feb 2019 12:08:58|20|shiji@forstarfoods.com|DailyCatchEntry_New.php
6 Feb 2019 12:09:00|20|shiji@forstarfoods.com|DailyCatchEntry_New.php
6 Feb 2019 12:09:01|20|shiji@forstarfoods.com|DailyCatchEntry_New.php
6 Feb 2019 12:09:02|20|shiji@forstarfoods.com|DailyCatchEntry_New.php
6 Feb 2019 12:09:03|20|shiji@forstarfoods.com|DailyCatchEntry_New.php
6 Feb 2019 12:09:05|20|shiji@forstarfoods.com|DailyCatchEntry_New.php
6 Feb 2019 12:09:06|20|shiji@forstarfoods.com|DailyCatchEntry_New.php
6 Feb 2019 12:09:07|20|shiji@forstarfoods.com|DailyCatchEntry_New.php
6 Feb 2019 12:09:08|20|shiji@forstarfoods.com|DailyCatchEntry_New.php
6 Feb 2019 12:09:09|20|shiji@forstarfoods.com|DailyCatchEntry_New.php
6 Feb 2019 12:09:11|20|shiji@forstarfoods.com|DailyCatchEntry_New.php
6 Feb 2019 12:09:12|20|shiji@forstarfoods.com|DailyCatchEntry_New.php
6 Feb 2019 12:09:13|20|shiji@forstarfoods.com|DailyCatchEntry_New.php
6 Feb 2019 12:09:15|20|shiji@forstarfoods.com|DailyCatchEntry_New.php
6 Feb 2019 12:09:17|20|shiji@forstarfoods.com|DailyCatchEntry_New.php
6 Feb 2019 12:09:18|20|shiji@forstarfoods.com|CatchEntryDeclaredItem.php
6 Feb 2019 12:09:39|20|shiji@forstarfoods.com|DailyCatchEntry_New.php
6 Feb 2019 12:09:42|20|shiji@forstarfoods.com|DailyCatchEntry_New.php
6 Feb 2019 12:09:45|20|shiji@forstarfoods.com|DailyCatchEntry_New.php
6 Feb 2019 12:09:46|20|shiji@forstarfoods.com|DailyCatchEntry_New.php
6 Feb 2019 12:09:48|20|shiji@forstarfoods.com|DailyCatchEntry_New.php
6 Feb 2019 12:09:49|20|shiji@forstarfoods.com|DailyCatchEntry_New.php
6 Feb 2019 12:09:50|20|shiji@forstarfoods.com|DailyCatchEntry_New.php
6 Feb 2019 12:09:51|20|shiji@forstarfoods.com|DailyCatchEntry_New.php
6 Feb 2019 12:09:53|20|shiji@forstarfoods.com|DailyCatchEntry_New.php
6 Feb 2019 12:09:54|20|shiji@forstarfoods.com|DailyCatchEntry_New.php
6 Feb 2019 12:09:55|20|shiji@forstarfoods.com|DailyCatchEntry_New.php
6 Feb 2019 12:09:56|20|shiji@forstarfoods.com|DailyCatchEntry_New.php
6 Feb 2019 12:09:58|20|shiji@forstarfoods.com|DailyCatchEntry_New.php
6 Feb 2019 12:09:59|20|shiji@forstarfoods.com|DailyCatchEntry_New.php
6 Feb 2019 12:10:00|20|shiji@forstarfoods.com|DailyCatchEntry_New.php
6 Feb 2019 12:10:01|20|shiji@forstarfoods.com|DailyCatchEntry_New.php
6 Feb 2019 12:10:03|20|shiji@forstarfoods.com|DailyCatchEntry_New.php
6 Feb 2019 12:10:04|20|shiji@forstarfoods.com|DailyCatchEntry_New.php
6 Feb 2019 12:10:05|20|shiji@forstarfoods.com|DailyCatchEntry_New.php
6 Feb 2019 12:10:12|20|shiji@forstarfoods.com|DailyCatchEntry_New.php
6 Feb 2019 12:10:15|20|shiji@forstarfoods.com|DailyCatchEntry_New.php
6 Feb 2019 12:10:16|20|shiji@forstarfoods.com|CatchEntryDeclaredItem.php
6 Feb 2019 12:10:29|20|shiji@forstarfoods.com|DailyCatchEntry_New.php
6 Feb 2019 12:10:30|20|shiji@forstarfoods.com|DailyCatchEntry_New.php
6 Feb 2019 12:10:32|20|shiji@forstarfoods.com|DailyCatchEntry_New.php
6 Feb 2019 12:10:34|20|shiji@forstarfoods.com|DailyCatchEntry_New.php
6 Feb 2019 12:10:40|20|shiji@forstarfoods.com|DailyCatchEntry_New.php
6 Feb 2019 12:10:41|20|shiji@forstarfoods.com|CatchEntryDeclaredItem.php
6 Feb 2019 12:10:58|20|shiji@forstarfoods.com|DailyCatchEntry_New.php
6 Feb 2019 12:11:05|20|shiji@forstarfoods.com|DailyCatchEntry_New.php
6 Feb 2019 12:11:08|20|shiji@forstarfoods.com|DailyCatchEntry_New.php
6 Feb 2019 12:11:12|20|shiji@forstarfoods.com|DailyCatchEntry_New.php
6 Feb 2019 12:11:13|20|shiji@forstarfoods.com|DailyCatchEntry_New.php
6 Feb 2019 12:11:14|20|shiji@forstarfoods.com|DailyCatchEntry_New.php
6 Feb 2019 12:11:15|20|shiji@forstarfoods.com|DailyCatchEntry_New.php
6 Feb 2019 12:11:16|20|shiji@forstarfoods.com|DailyCatchEntry_New.php
6 Feb 2019 12:11:18|20|shiji@forstarfoods.com|DailyCatchEntry_New.php
6 Feb 2019 12:11:19|20|shiji@forstarfoods.com|DailyCatchEntry_New.php
6 Feb 2019 12:11:20|20|shiji@forstarfoods.com|DailyCatchEntry_New.php
6 Feb 2019 12:11:21|20|shiji@forstarfoods.com|DailyCatchEntry_New.php
6 Feb 2019 12:11:23|20|shiji@forstarfoods.com|DailyCatchEntry_New.php
6 Feb 2019 12:11:24|20|shiji@forstarfoods.com|DailyCatchEntry_New.php
6 Feb 2019 12:11:25|20|shiji@forstarfoods.com|DailyCatchEntry_New.php
6 Feb 2019 12:11:26|20|shiji@forstarfoods.com|DailyCatchEntry_New.php
6 Feb 2019 12:11:27|20|shiji@forstarfoods.com|DailyCatchEntry_New.php
6 Feb 2019 12:11:29|20|shiji@forstarfoods.com|DailyCatchEntry_New.php
6 Feb 2019 12:11:30|20|shiji@forstarfoods.com|DailyCatchEntry_New.php
6 Feb 2019 12:11:40|30|pritirm@forstarfoods.com|DailyCatchEntry_New.php
6 Feb 2019 12:12:19|20|shiji@forstarfoods.com|DailyCatchEntry_New.php
6 Feb 2019 12:12:22|20|shiji@forstarfoods.com|DailyCatchEntry_New.php
6 Feb 2019 12:12:23|20|shiji@forstarfoods.com|CatchEntryDeclaredItem.php
6 Feb 2019 12:12:32|20|shiji@forstarfoods.com|DailyCatchEntry_New.php
6 Feb 2019 12:12:36|20|shiji@forstarfoods.com|DailyCatchEntry_New.php
6 Feb 2019 12:12:40|20|shiji@forstarfoods.com|DailyCatchEntry_New.php
6 Feb 2019 12:12:41|20|shiji@forstarfoods.com|DailyCatchEntry_New.php
6 Feb 2019 12:12:42|20|shiji@forstarfoods.com|DailyCatchEntry_New.php
6 Feb 2019 12:12:44|20|shiji@forstarfoods.com|DailyCatchEntry_New.php
6 Feb 2019 12:12:45|20|shiji@forstarfoods.com|DailyCatchEntry_New.php
6 Feb 2019 12:12:46|20|shiji@forstarfoods.com|DailyCatchEntry_New.php
6 Feb 2019 12:12:47|20|shiji@forstarfoods.com|DailyCatchEntry_New.php
6 Feb 2019 12:12:49|20|shiji@forstarfoods.com|DailyCatchEntry_New.php
6 Feb 2019 12:12:50|20|shiji@forstarfoods.com|DailyCatchEntry_New.php
6 Feb 2019 12:12:51|20|shiji@forstarfoods.com|DailyCatchEntry_New.php
6 Feb 2019 12:12:52|20|shiji@forstarfoods.com|DailyCatchEntry_New.php
6 Feb 2019 12:12:54|20|shiji@forstarfoods.com|DailyCatchEntry_New.php
6 Feb 2019 12:12:55|20|shiji@forstarfoods.com|DailyCatchEntry_New.php
6 Feb 2019 12:12:56|20|shiji@forstarfoods.com|DailyCatchEntry_New.php
6 Feb 2019 12:12:57|20|shiji@forstarfoods.com|DailyCatchEntry_New.php
6 Feb 2019 12:12:58|20|shiji@forstarfoods.com|DailyCatchEntry_New.php
6 Feb 2019 12:13:00|20|shiji@forstarfoods.com|DailyCatchEntry_New.php
6 Feb 2019 12:13:01|20|shiji@forstarfoods.com|DailyCatchEntry_New.php
6 Feb 2019 12:13:02|20|shiji@forstarfoods.com|DailyCatchEntry_New.php
6 Feb 2019 12:13:03|20|shiji@forstarfoods.com|DailyCatchEntry_New.php
6 Feb 2019 12:13:05|20|shiji@forstarfoods.com|DailyCatchEntry_New.php
6 Feb 2019 12:13:06|20|shiji@forstarfoods.com|DailyCatchEntry_New.php
6 Feb 2019 12:13:07|20|shiji@forstarfoods.com|DailyCatchEntry_New.php
6 Feb 2019 12:13:10|20|shiji@forstarfoods.com|DailyCatchEntry_New.php
6 Feb 2019 12:13:11|20|shiji@forstarfoods.com|CatchEntryDeclaredItem.php
6 Feb 2019 12:13:23|20|shiji@forstarfoods.com|DailyCatchEntry_New.php
6 Feb 2019 12:13:26|20|shiji@forstarfoods.com|DailyCatchEntry_New.php
6 Feb 2019 12:13:28|20|shiji@forstarfoods.com|DailyCatchEntry_New.php
6 Feb 2019 12:13:30|20|shiji@forstarfoods.com|DailyCatchEntry_New.php
6 Feb 2019 12:13:31|20|shiji@forstarfoods.com|DailyCatchEntry_New.php
6 Feb 2019 12:13:32|20|shiji@forstarfoods.com|DailyCatchEntry_New.php
6 Feb 2019 12:13:33|20|shiji@forstarfoods.com|DailyCatchEntry_New.php
6 Feb 2019 12:13:35|20|shiji@forstarfoods.com|DailyCatchEntry_New.php
6 Feb 2019 12:13:36|20|shiji@forstarfoods.com|DailyCatchEntry_New.php
6 Feb 2019 12:13:37|20|shiji@forstarfoods.com|DailyCatchEntry_New.php
6 Feb 2019 12:13:38|20|shiji@forstarfoods.com|DailyCatchEntry_New.php
6 Feb 2019 12:13:39|20|shiji@forstarfoods.com|DailyCatchEntry_New.php
6 Feb 2019 12:13:41|20|shiji@forstarfoods.com|DailyCatchEntry_New.php
6 Feb 2019 12:13:42|20|shiji@forstarfoods.com|DailyCatchEntry_New.php
6 Feb 2019 12:13:43|20|shiji@forstarfoods.com|DailyCatchEntry_New.php
6 Feb 2019 12:13:44|20|shiji@forstarfoods.com|DailyCatchEntry_New.php
6 Feb 2019 12:13:46|20|shiji@forstarfoods.com|DailyCatchEntry_New.php
6 Feb 2019 12:13:47|20|shiji@forstarfoods.com|DailyCatchEntry_New.php
6 Feb 2019 12:13:48|20|shiji@forstarfoods.com|DailyCatchEntry_New.php
6 Feb 2019 12:13:57|20|shiji@forstarfoods.com|DailyCatchEntry_New.php
6 Feb 2019 12:13:58|20|shiji@forstarfoods.com|CatchEntryDeclaredItem.php
6 Feb 2019 12:14:01|20|shiji@forstarfoods.com|DailyCatchEntry_New.php
6 Feb 2019 12:14:02|20|shiji@forstarfoods.com|DailyCatchEntry_New.php
6 Feb 2019 12:14:03|20|shiji@forstarfoods.com|DailyCatchEntry_New.php
6 Feb 2019 12:14:06|20|shiji@forstarfoods.com|DailyCatchEntry_New.php
6 Feb 2019 12:14:10|20|shiji@forstarfoods.com|DailyCatchEntry_New.php
6 Feb 2019 12:14:12|20|shiji@forstarfoods.com|CatchEntryDeclaredItem.php
6 Feb 2019 12:14:44|20|shiji@forstarfoods.com|DailyCatchEntry_New.php
6 Feb 2019 12:14:48|20|shiji@forstarfoods.com|DailyCatchEntry_New.php
6 Feb 2019 12:14:51|20|shiji@forstarfoods.com|DailyCatchEntry_New.php
6 Feb 2019 12:14:57|20|shiji@forstarfoods.com|DailyCatchEntry_New.php
6 Feb 2019 12:14:59|20|shiji@forstarfoods.com|DailyCatchEntry_New.php
6 Feb 2019 12:15:00|20|shiji@forstarfoods.com|DailyCatchEntry_New.php
6 Feb 2019 12:15:01|20|shiji@forstarfoods.com|DailyCatchEntry_New.php
6 Feb 2019 12:15:02|20|shiji@forstarfoods.com|DailyCatchEntry_New.php
6 Feb 2019 12:15:04|20|shiji@forstarfoods.com|DailyCatchEntry_New.php
6 Feb 2019 12:15:16|20|shiji@forstarfoods.com|DailyCatchEntry_New.php
6 Feb 2019 12:16:41|30|pritirm@forstarfoods.com|DailyCatchEntry_New.php
6 Feb 2019 12:19:24|20|shiji@forstarfoods.com|DailyCatchEntry_New.php
6 Feb 2019 12:19:25|20|shiji@forstarfoods.com|DailyCatchEntry_New.php
6 Feb 2019 12:19:26|20|shiji@forstarfoods.com|DailyCatchEntry_New.php
6 Feb 2019 12:19:28|20|shiji@forstarfoods.com|DailyCatchEntry_New.php
6 Feb 2019 12:19:29|20|shiji@forstarfoods.com|DailyCatchEntry_New.php
6 Feb 2019 12:19:30|20|shiji@forstarfoods.com|DailyCatchEntry_New.php
6 Feb 2019 12:19:31|20|shiji@forstarfoods.com|DailyCatchEntry_New.php
6 Feb 2019 12:19:33|20|shiji@forstarfoods.com|DailyCatchEntry_New.php
6 Feb 2019 12:19:44|20|shiji@forstarfoods.com|DailyCatchEntry_New.php
6 Feb 2019 12:19:47|20|shiji@forstarfoods.com|DailyCatchEntry_New.php
6 Feb 2019 12:19:48|20|shiji@forstarfoods.com|CatchEntryDeclaredItem.php
6 Feb 2019 12:20:04|20|shiji@forstarfoods.com|DailyCatchEntry_New.php
6 Feb 2019 12:20:07|20|shiji@forstarfoods.com|DailyCatchEntry_New.php
6 Feb 2019 12:20:09|20|shiji@forstarfoods.com|DailyCatchEntry_New.php
6 Feb 2019 12:20:13|20|shiji@forstarfoods.com|DailyCatchEntry_New.php
6 Feb 2019 12:20:14|20|shiji@forstarfoods.com|DailyCatchEntry_New.php
6 Feb 2019 12:20:16|20|shiji@forstarfoods.com|DailyCatchEntry_New.php
6 Feb 2019 12:20:17|20|shiji@forstarfoods.com|DailyCatchEntry_New.php
6 Feb 2019 12:20:18|20|shiji@forstarfoods.com|DailyCatchEntry_New.php
6 Feb 2019 12:20:19|20|shiji@forstarfoods.com|DailyCatchEntry_New.php
6 Feb 2019 12:20:21|20|shiji@forstarfoods.com|DailyCatchEntry_New.php
6 Feb 2019 12:20:22|20|shiji@forstarfoods.com|DailyCatchEntry_New.php
6 Feb 2019 12:20:23|20|shiji@forstarfoods.com|DailyCatchEntry_New.php
6 Feb 2019 12:20:24|20|shiji@forstarfoods.com|DailyCatchEntry_New.php
6 Feb 2019 12:20:25|20|shiji@forstarfoods.com|DailyCatchEntry_New.php
6 Feb 2019 12:20:27|20|shiji@forstarfoods.com|DailyCatchEntry_New.php
6 Feb 2019 12:20:28|20|shiji@forstarfoods.com|DailyCatchEntry_New.php
6 Feb 2019 12:20:29|20|shiji@forstarfoods.com|DailyCatchEntry_New.php
6 Feb 2019 12:20:30|20|shiji@forstarfoods.com|DailyCatchEntry_New.php
6 Feb 2019 12:20:35|20|shiji@forstarfoods.com|DailyCatchEntry_New.php
6 Feb 2019 12:20:37|20|shiji@forstarfoods.com|DailyCatchEntry_New.php
6 Feb 2019 12:20:39|20|shiji@forstarfoods.com|DailyCatchEntry_New.php
6 Feb 2019 12:20:48|20|shiji@forstarfoods.com|DailyCatchEntry_New.php
6 Feb 2019 12:20:49|20|shiji@forstarfoods.com|CatchEntryDeclaredItem.php
6 Feb 2019 12:21:01|20|shiji@forstarfoods.com|DailyCatchEntry_New.php
6 Feb 2019 12:21:03|20|shiji@forstarfoods.com|DailyCatchEntry_New.php
6 Feb 2019 12:21:07|20|shiji@forstarfoods.com|DailyCatchEntry_New.php
6 Feb 2019 12:21:09|20|shiji@forstarfoods.com|DailyCatchEntry_New.php
6 Feb 2019 12:21:10|20|shiji@forstarfoods.com|DailyCatchEntry_New.php
6 Feb 2019 12:21:11|20|shiji@forstarfoods.com|DailyCatchEntry_New.php
6 Feb 2019 12:21:12|20|shiji@forstarfoods.com|DailyCatchEntry_New.php
6 Feb 2019 12:21:13|20|shiji@forstarfoods.com|DailyCatchEntry_New.php
6 Feb 2019 12:21:15|20|shiji@forstarfoods.com|DailyCatchEntry_New.php
6 Feb 2019 12:21:16|20|shiji@forstarfoods.com|DailyCatchEntry_New.php
6 Feb 2019 12:21:17|20|shiji@forstarfoods.com|DailyCatchEntry_New.php
6 Feb 2019 12:21:18|20|shiji@forstarfoods.com|DailyCatchEntry_New.php
6 Feb 2019 12:21:20|20|shiji@forstarfoods.com|DailyCatchEntry_New.php
6 Feb 2019 12:21:21|20|shiji@forstarfoods.com|DailyCatchEntry_New.php
6 Feb 2019 12:21:22|20|shiji@forstarfoods.com|DailyCatchEntry_New.php
6 Feb 2019 12:21:23|20|shiji@forstarfoods.com|DailyCatchEntry_New.php
6 Feb 2019 12:21:25|20|shiji@forstarfoods.com|DailyCatchEntry_New.php
6 Feb 2019 12:21:26|20|shiji@forstarfoods.com|DailyCatchEntry_New.php
6 Feb 2019 12:21:27|20|shiji@forstarfoods.com|DailyCatchEntry_New.php
6 Feb 2019 12:21:30|20|shiji@forstarfoods.com|DailyCatchEntry_New.php
6 Feb 2019 12:21:31|20|shiji@forstarfoods.com|CatchEntryDeclaredItem.php
6 Feb 2019 12:21:42|20|shiji@forstarfoods.com|DailyCatchEntry_New.php
6 Feb 2019 12:21:43|30|pritirm@forstarfoods.com|DailyCatchEntry_New.php
6 Feb 2019 12:21:44|20|shiji@forstarfoods.com|DailyCatchEntry_New.php
6 Feb 2019 12:21:47|20|shiji@forstarfoods.com|DailyCatchEntry_New.php
6 Feb 2019 12:21:48|20|shiji@forstarfoods.com|DailyCatchEntry_New.php
6 Feb 2019 12:21:49|20|shiji@forstarfoods.com|DailyCatchEntry_New.php
6 Feb 2019 12:21:50|20|shiji@forstarfoods.com|DailyCatchEntry_New.php
6 Feb 2019 12:21:52|20|shiji@forstarfoods.com|DailyCatchEntry_New.php
6 Feb 2019 12:21:53|20|shiji@forstarfoods.com|DailyCatchEntry_New.php
6 Feb 2019 12:21:54|20|shiji@forstarfoods.com|DailyCatchEntry_New.php
6 Feb 2019 12:21:55|20|shiji@forstarfoods.com|DailyCatchEntry_New.php
6 Feb 2019 12:21:57|20|shiji@forstarfoods.com|DailyCatchEntry_New.php
6 Feb 2019 12:21:58|20|shiji@forstarfoods.com|DailyCatchEntry_New.php
6 Feb 2019 12:21:59|20|shiji@forstarfoods.com|DailyCatchEntry_New.php
6 Feb 2019 12:22:00|20|shiji@forstarfoods.com|DailyCatchEntry_New.php
6 Feb 2019 12:22:02|20|shiji@forstarfoods.com|DailyCatchEntry_New.php
6 Feb 2019 12:22:03|20|shiji@forstarfoods.com|DailyCatchEntry_New.php
6 Feb 2019 12:22:04|20|shiji@forstarfoods.com|DailyCatchEntry_New.php
6 Feb 2019 12:22:05|20|shiji@forstarfoods.com|DailyCatchEntry_New.php
6 Feb 2019 12:22:06|20|shiji@forstarfoods.com|DailyCatchEntry_New.php
6 Feb 2019 12:22:36|20|shiji@forstarfoods.com|DailyCatchEntry_New.php
6 Feb 2019 12:22:38|20|shiji@forstarfoods.com|CatchEntryDeclaredItem.php
6 Feb 2019 12:22:42|20|shiji@forstarfoods.com|DailyCatchReport.php
6 Feb 2019 12:24:04|20|shiji@forstarfoods.com|DailyCatchReport.php
6 Feb 2019 12:24:08|20|shiji@forstarfoods.com|DailyCatchReport.php
6 Feb 2019 12:24:10|20|shiji@forstarfoods.com|DailyCatchReport.php
6 Feb 2019 12:24:12|20|shiji@forstarfoods.com|DailyCatchReport.php
6 Feb 2019 12:24:13|20|shiji@forstarfoods.com|DailyCatchReport.php
6 Feb 2019 12:24:33|20|shiji@forstarfoods.com|DailyCatchReport.php
6 Feb 2019 12:24:34|20|shiji@forstarfoods.com|DailyCatchReport.php
6 Feb 2019 12:24:36|20|shiji@forstarfoods.com|DailyCatchReport.php
6 Feb 2019 12:24:37|20|shiji@forstarfoods.com|DailyCatchReport.php
6 Feb 2019 12:24:39|20|shiji@forstarfoods.com|DailyCatchReport.php
6 Feb 2019 12:24:41|20|shiji@forstarfoods.com|DailyCatchReport.php
6 Feb 2019 12:24:42|20|shiji@forstarfoods.com|DailyCatchReport.php
6 Feb 2019 12:24:53|20|shiji@forstarfoods.com|DailyCatchReport.php
6 Feb 2019 12:24:55|20|shiji@forstarfoods.com|DailyCatchReport.php
6 Feb 2019 12:24:56|20|shiji@forstarfoods.com|DailyCatchReport.php
6 Feb 2019 12:24:57|20|shiji@forstarfoods.com|DailyCatchReport.php
6 Feb 2019 12:25:00|20|shiji@forstarfoods.com|DailyCatchReport.php
6 Feb 2019 12:25:01|20|shiji@forstarfoods.com|DailyCatchReport.php
6 Feb 2019 12:25:03|20|shiji@forstarfoods.com|DailyCatchReport.php
6 Feb 2019 12:25:17|20|shiji@forstarfoods.com|DailyCatchReport.php
6 Feb 2019 12:25:19|20|shiji@forstarfoods.com|DailyCatchReport.php
6 Feb 2019 12:25:20|20|shiji@forstarfoods.com|DailyCatchReport.php
6 Feb 2019 12:25:22|20|shiji@forstarfoods.com|DailyCatchReport.php
6 Feb 2019 12:25:24|20|shiji@forstarfoods.com|DailyCatchReport.php
6 Feb 2019 12:25:25|20|shiji@forstarfoods.com|DailyCatchReport.php
6 Feb 2019 12:25:27|20|shiji@forstarfoods.com|DailyCatchReport.php
6 Feb 2019 12:26:44|30|pritirm@forstarfoods.com|DailyCatchEntry_New.php
6 Feb 2019 12:31:45|30|pritirm@forstarfoods.com|DailyCatchEntry_New.php
6 Feb 2019 12:31:56|20|shiji@forstarfoods.com|DailyCatchReport.php
6 Feb 2019 12:31:58|20|shiji@forstarfoods.com|DailyCatchReport.php
6 Feb 2019 12:32:00|20|shiji@forstarfoods.com|DailyCatchReport.php
6 Feb 2019 12:32:01|20|shiji@forstarfoods.com|DailyCatchReport.php
6 Feb 2019 12:32:05|20|shiji@forstarfoods.com|PrintDailyCatchReportMemo.php
6 Feb 2019 12:36:46|30|pritirm@forstarfoods.com|DailyCatchEntry_New.php
6 Feb 2019 12:37:21|20|shiji@forstarfoods.com|PrintDailyCatchReportMemo.php
6 Feb 2019 12:38:07|20|shiji@forstarfoods.com|DailyCatchReport.php
6 Feb 2019 12:38:09|20|shiji@forstarfoods.com|DailyCatchReport.php
6 Feb 2019 12:38:10|20|shiji@forstarfoods.com|DailyCatchReport.php
6 Feb 2019 12:38:18|20|shiji@forstarfoods.com|DailyCatchReport.php
6 Feb 2019 12:38:19|20|shiji@forstarfoods.com|DailyCatchReport.php
6 Feb 2019 12:38:21|20|shiji@forstarfoods.com|DailyCatchReport.php
6 Feb 2019 12:38:22|20|shiji@forstarfoods.com|DailyCatchReport.php
6 Feb 2019 12:38:24|20|shiji@forstarfoods.com|DailyCatchReport.php
6 Feb 2019 12:38:26|20|shiji@forstarfoods.com|DailyCatchReport.php
6 Feb 2019 12:38:27|20|shiji@forstarfoods.com|DailyCatchReport.php
6 Feb 2019 12:38:33|20|shiji@forstarfoods.com|DailyCatchReport.php
6 Feb 2019 12:38:35|20|shiji@forstarfoods.com|DailyCatchReport.php
6 Feb 2019 12:38:37|20|shiji@forstarfoods.com|DailyCatchReport.php
6 Feb 2019 12:38:38|20|shiji@forstarfoods.com|DailyCatchReport.php
6 Feb 2019 12:38:40|20|shiji@forstarfoods.com|PrintDailyCatchReportMemo.php
6 Feb 2019 12:39:23|20|shiji@forstarfoods.com|PrintDailyCatchReportMemo.php
6 Feb 2019 12:41:48|30|pritirm@forstarfoods.com|DailyCatchEntry_New.php
6 Feb 2019 12:46:49|30|pritirm@forstarfoods.com|DailyCatchEntry_New.php
6 Feb 2019 12:47:23|20|shiji@forstarfoods.com|DailyCatchReport.php
6 Feb 2019 12:47:24|20|shiji@forstarfoods.com|DailyCatchReport.php
6 Feb 2019 12:47:26|20|shiji@forstarfoods.com|DailyCatchReport.php
6 Feb 2019 12:47:34|20|shiji@forstarfoods.com|DailyCatchReport.php
6 Feb 2019 12:47:35|20|shiji@forstarfoods.com|DailyCatchReport.php
6 Feb 2019 12:47:37|20|shiji@forstarfoods.com|DailyCatchReport.php
6 Feb 2019 12:47:38|20|shiji@forstarfoods.com|DailyCatchReport.php
6 Feb 2019 12:47:41|20|shiji@forstarfoods.com|DailyCatchReport.php
6 Feb 2019 12:47:43|20|shiji@forstarfoods.com|DailyCatchReport.php
6 Feb 2019 12:47:45|20|shiji@forstarfoods.com|DailyCatchReport.php
6 Feb 2019 12:47:46|20|shiji@forstarfoods.com|DailyCatchReport.php
6 Feb 2019 12:47:48|20|shiji@forstarfoods.com|PrintDailyCatchReportMemo.php
6 Feb 2019 12:48:10|20|shiji@forstarfoods.com|PrintDailyCatchReportMemo.php
6 Feb 2019 12:50:27|20|shiji@forstarfoods.com|DailyCatchReport.php
6 Feb 2019 12:50:28|20|shiji@forstarfoods.com|DailyCatchReport.php
6 Feb 2019 12:50:30|20|shiji@forstarfoods.com|DailyCatchReport.php
6 Feb 2019 12:50:37|20|shiji@forstarfoods.com|DailyCatchReport.php
6 Feb 2019 12:50:38|20|shiji@forstarfoods.com|DailyCatchReport.php
6 Feb 2019 12:50:40|20|shiji@forstarfoods.com|DailyCatchReport.php
6 Feb 2019 12:50:41|20|shiji@forstarfoods.com|DailyCatchReport.php
6 Feb 2019 12:50:48|20|shiji@forstarfoods.com|DailyCatchReport.php
6 Feb 2019 12:50:49|20|shiji@forstarfoods.com|DailyCatchReport.php
6 Feb 2019 12:50:51|20|shiji@forstarfoods.com|DailyCatchReport.php
6 Feb 2019 12:50:52|20|shiji@forstarfoods.com|PrintDailyCatchReportMemo.php
6 Feb 2019 12:50:56|20|shiji@forstarfoods.com|PrintDailyCatchReportMemo.php
6 Feb 2019 12:51:50|30|pritirm@forstarfoods.com|DailyCatchEntry_New.php
6 Feb 2019 12:52:55|20|shiji@forstarfoods.com|DailyCatchEntry_New.php
6 Feb 2019 12:52:59|20|shiji@forstarfoods.com|DailyCatchEntry_New.php
6 Feb 2019 12:53:00|20|shiji@forstarfoods.com|DailyCatchEntry_New.php
6 Feb 2019 12:53:01|20|shiji@forstarfoods.com|DailyCatchEntry_New.php
6 Feb 2019 12:53:03|20|shiji@forstarfoods.com|DailyCatchEntry_New.php
6 Feb 2019 12:53:04|20|shiji@forstarfoods.com|DailyCatchEntry_New.php
6 Feb 2019 12:53:05|20|shiji@forstarfoods.com|DailyCatchEntry_New.php
6 Feb 2019 12:53:06|20|shiji@forstarfoods.com|DailyCatchEntry_New.php
6 Feb 2019 12:53:08|20|shiji@forstarfoods.com|DailyCatchEntry_New.php
6 Feb 2019 12:53:09|20|shiji@forstarfoods.com|DailyCatchEntry_New.php
6 Feb 2019 12:53:10|20|shiji@forstarfoods.com|DailyCatchEntry_New.php
6 Feb 2019 12:53:11|20|shiji@forstarfoods.com|DailyCatchEntry_New.php
6 Feb 2019 12:53:33|20|shiji@forstarfoods.com|DailyCatchEntry_New.php
6 Feb 2019 12:53:36|20|shiji@forstarfoods.com|DailyCatchEntry_New.php
6 Feb 2019 12:53:37|20|shiji@forstarfoods.com|DailyCatchEntry_New.php
6 Feb 2019 12:53:38|20|shiji@forstarfoods.com|CatchEntryDeclaredItem.php
6 Feb 2019 12:53:39|20|shiji@forstarfoods.com|DailyCatchEntry_New.php
6 Feb 2019 12:53:41|20|shiji@forstarfoods.com|CatchEntryDeclaredItem.php
6 Feb 2019 12:53:42|20|shiji@forstarfoods.com|DailyCatchEntry_New.php
6 Feb 2019 12:53:44|20|shiji@forstarfoods.com|DailyCatchEntry_New.php
6 Feb 2019 12:53:46|20|shiji@forstarfoods.com|CatchEntryDeclaredItem.php
6 Feb 2019 12:53:56|20|shiji@forstarfoods.com|DailyCatchEntry_New.php
6 Feb 2019 12:53:58|20|shiji@forstarfoods.com|DailyCatchEntry_New.php
6 Feb 2019 12:54:10|20|shiji@forstarfoods.com|DailyCatchEntry_New.php
6 Feb 2019 12:54:12|20|shiji@forstarfoods.com|DailyCatchEntry_New.php
6 Feb 2019 12:54:15|20|shiji@forstarfoods.com|DailyCatchEntry_New.php
6 Feb 2019 12:54:20|20|shiji@forstarfoods.com|DailyCatchReport.php
6 Feb 2019 12:54:36|20|shiji@forstarfoods.com|DailyCatchReport.php
6 Feb 2019 12:54:42|20|shiji@forstarfoods.com|DailyCatchReport.php
6 Feb 2019 12:54:44|20|shiji@forstarfoods.com|DailyCatchReport.php
6 Feb 2019 12:54:46|20|shiji@forstarfoods.com|DailyCatchReport.php
6 Feb 2019 12:54:47|20|shiji@forstarfoods.com|DailyCatchReport.php
6 Feb 2019 12:54:48|20|shiji@forstarfoods.com|PrintDailyCatchReportMemo.php
6 Feb 2019 12:55:03|20|shiji@forstarfoods.com|PrintDailyCatchReportMemo.php
6 Feb 2019 12:55:34|20|shiji@forstarfoods.com|DailyCatchReport.php
6 Feb 2019 12:55:36|20|shiji@forstarfoods.com|DailyCatchReport.php
6 Feb 2019 12:55:37|20|shiji@forstarfoods.com|DailyCatchReport.php
6 Feb 2019 12:55:42|20|shiji@forstarfoods.com|DailyCatchReport.php
6 Feb 2019 12:55:43|20|shiji@forstarfoods.com|DailyCatchReport.php
6 Feb 2019 12:55:45|20|shiji@forstarfoods.com|DailyCatchReport.php
6 Feb 2019 12:55:46|20|shiji@forstarfoods.com|DailyCatchReport.php
6 Feb 2019 12:55:48|20|shiji@forstarfoods.com|DailyCatchReport.php
6 Feb 2019 12:55:50|20|shiji@forstarfoods.com|DailyCatchReport.php
6 Feb 2019 12:55:51|20|shiji@forstarfoods.com|DailyCatchReport.php
6 Feb 2019 12:55:52|20|shiji@forstarfoods.com|PrintDailyCatchReportMemo.php
6 Feb 2019 12:56:02|20|shiji@forstarfoods.com|PrintDailyCatchReportMemo.php
6 Feb 2019 12:56:40|20|shiji@forstarfoods.com|DailyCatchReport.php
6 Feb 2019 12:56:41|20|shiji@forstarfoods.com|DailyCatchReport.php
6 Feb 2019 12:56:42|20|shiji@forstarfoods.com|DailyCatchReport.php
6 Feb 2019 12:56:49|20|shiji@forstarfoods.com|DailyCatchReport.php
6 Feb 2019 12:56:51|20|shiji@forstarfoods.com|DailyCatchReport.php
6 Feb 2019 12:56:52|30|pritirm@forstarfoods.com|DailyCatchEntry_New.php
6 Feb 2019 12:56:52|20|shiji@forstarfoods.com|DailyCatchReport.php
6 Feb 2019 12:56:53|20|shiji@forstarfoods.com|DailyCatchReport.php
6 Feb 2019 12:56:57|20|shiji@forstarfoods.com|DailyCatchReport.php
6 Feb 2019 12:56:59|20|shiji@forstarfoods.com|DailyCatchReport.php
6 Feb 2019 12:57:01|20|shiji@forstarfoods.com|DailyCatchReport.php
6 Feb 2019 12:57:02|20|shiji@forstarfoods.com|DailyCatchReport.php
6 Feb 2019 12:57:06|20|shiji@forstarfoods.com|PrintDailyCatchReportMemo.php
6 Feb 2019 12:57:34|20|shiji@forstarfoods.com|PrintDailyCatchReportMemo.php
6 Feb 2019 13:01:48|20|shiji@forstarfoods.com|DailyCatchReport.php
6 Feb 2019 13:01:49|20|shiji@forstarfoods.com|DailyCatchReport.php
6 Feb 2019 13:01:51|20|shiji@forstarfoods.com|DailyCatchReport.php
6 Feb 2019 13:01:53|30|pritirm@forstarfoods.com|DailyCatchEntry_New.php
6 Feb 2019 13:06:55|30|pritirm@forstarfoods.com|DailyCatchEntry_New.php
6 Feb 2019 13:11:57|30|pritirm@forstarfoods.com|DailyCatchEntry_New.php
6 Feb 2019 13:16:58|30|pritirm@forstarfoods.com|DailyCatchEntry_New.php
6 Feb 2019 13:22:00|30|pritirm@forstarfoods.com|DailyCatchEntry_New.php
6 Feb 2019 13:27:01|30|pritirm@forstarfoods.com|DailyCatchEntry_New.php
6 Feb 2019 13:32:03|30|pritirm@forstarfoods.com|DailyCatchEntry_New.php
6 Feb 2019 13:37:04|30|pritirm@forstarfoods.com|DailyCatchEntry_New.php
6 Feb 2019 13:42:06|30|pritirm@forstarfoods.com|DailyCatchEntry_New.php
6 Feb 2019 13:47:08|30|pritirm@forstarfoods.com|DailyCatchEntry_New.php
6 Feb 2019 13:48:04|28|pratiksha@forstarfoods.com|Home.php
6 Feb 2019 13:48:12|28|pratiksha@forstarfoods.com|ManageGatePass.php
6 Feb 2019 13:48:15|28|pratiksha@forstarfoods.com|ManageGatePass.php
6 Feb 2019 13:51:22|28|pratiksha@forstarfoods.com|ManageGatePass.php
6 Feb 2019 13:51:25|28|pratiksha@forstarfoods.com|ManageGatePass.php
6 Feb 2019 13:51:59|28|pratiksha@forstarfoods.com|ManageGatePass.php
6 Feb 2019 13:52:01|28|pratiksha@forstarfoods.com|ManageGatePass.php
6 Feb 2019 13:52:04|28|pratiksha@forstarfoods.com|ManageGatePass.php
6 Feb 2019 13:52:08|28|pratiksha@forstarfoods.com|ManageGatePass.php
6 Feb 2019 13:52:10|30|pritirm@forstarfoods.com|DailyCatchEntry_New.php
6 Feb 2019 13:52:11|28|pratiksha@forstarfoods.com|ManageGatePass.php
6 Feb 2019 13:52:14|28|pratiksha@forstarfoods.com|PrintGatePass.php
6 Feb 2019 13:53:12|28|pratiksha@forstarfoods.com|ManageGatePass.php
6 Feb 2019 13:54:13|28|pratiksha@forstarfoods.com|ManageGatePass.php
6 Feb 2019 13:55:15|28|pratiksha@forstarfoods.com|ManageGatePass.php
6 Feb 2019 13:56:16|28|pratiksha@forstarfoods.com|ManageGatePass.php
6 Feb 2019 13:57:11|30|pritirm@forstarfoods.com|DailyCatchEntry_New.php
6 Feb 2019 13:57:17|28|pratiksha@forstarfoods.com|ManageGatePass.php
6 Feb 2019 13:58:19|28|pratiksha@forstarfoods.com|ManageGatePass.php
6 Feb 2019 13:59:20|28|pratiksha@forstarfoods.com|ManageGatePass.php
6 Feb 2019 14:00:21|28|pratiksha@forstarfoods.com|ManageGatePass.php
6 Feb 2019 14:01:23|28|pratiksha@forstarfoods.com|ManageGatePass.php
6 Feb 2019 14:02:13|30|pritirm@forstarfoods.com|DailyCatchEntry_New.php
6 Feb 2019 14:02:24|28|pratiksha@forstarfoods.com|ManageGatePass.php
6 Feb 2019 14:03:25|28|pratiksha@forstarfoods.com|ManageGatePass.php
6 Feb 2019 14:04:27|28|pratiksha@forstarfoods.com|ManageGatePass.php
6 Feb 2019 14:05:28|28|pratiksha@forstarfoods.com|ManageGatePass.php
6 Feb 2019 14:06:29|28|pratiksha@forstarfoods.com|ManageGatePass.php
6 Feb 2019 14:07:14|30|pritirm@forstarfoods.com|DailyCatchEntry_New.php
6 Feb 2019 14:07:31|28|pratiksha@forstarfoods.com|ManageGatePass.php
6 Feb 2019 14:08:32|28|pratiksha@forstarfoods.com|ManageGatePass.php
6 Feb 2019 14:09:33|28|pratiksha@forstarfoods.com|ManageGatePass.php
6 Feb 2019 14:10:35|28|pratiksha@forstarfoods.com|ManageGatePass.php
6 Feb 2019 14:11:36|28|pratiksha@forstarfoods.com|ManageGatePass.php
6 Feb 2019 14:12:16|30|pritirm@forstarfoods.com|DailyCatchEntry_New.php
6 Feb 2019 14:12:37|28|pratiksha@forstarfoods.com|ManageGatePass.php
6 Feb 2019 14:13:40|28|pratiksha@forstarfoods.com|ManageGatePass.php
6 Feb 2019 14:14:43|28|pratiksha@forstarfoods.com|ManageGatePass.php
6 Feb 2019 14:15:46|28|pratiksha@forstarfoods.com|ManageGatePass.php
6 Feb 2019 14:16:48|28|pratiksha@forstarfoods.com|ManageGatePass.php
6 Feb 2019 14:17:18|30|pritirm@forstarfoods.com|DailyCatchEntry_New.php
6 Feb 2019 14:17:50|28|pratiksha@forstarfoods.com|ManageGatePass.php
6 Feb 2019 14:18:55|28|pratiksha@forstarfoods.com|ManageGatePass.php
6 Feb 2019 14:19:58|28|pratiksha@forstarfoods.com|ManageGatePass.php
6 Feb 2019 14:21:00|28|pratiksha@forstarfoods.com|ManageGatePass.php
6 Feb 2019 14:21:49|20|shiji@forstarfoods.com|SupplierAccount.php
6 Feb 2019 14:22:03|28|pratiksha@forstarfoods.com|ManageGatePass.php
6 Feb 2019 14:22:20|30|pritirm@forstarfoods.com|DailyCatchEntry_New.php
6 Feb 2019 14:22:49|20|shiji@forstarfoods.com|SupplierAccount.php
6 Feb 2019 14:22:56|20|shiji@forstarfoods.com|SupplierAccount.php
6 Feb 2019 14:23:04|20|shiji@forstarfoods.com|SupplierAccount.php
6 Feb 2019 14:23:06|28|pratiksha@forstarfoods.com|ManageGatePass.php
6 Feb 2019 14:24:08|28|pratiksha@forstarfoods.com|ManageGatePass.php
6 Feb 2019 14:25:12|28|pratiksha@forstarfoods.com|ManageGatePass.php
6 Feb 2019 14:26:16|28|pratiksha@forstarfoods.com|ManageGatePass.php
6 Feb 2019 14:26:59|20|shiji@forstarfoods.com|SupplierAccount.php
6 Feb 2019 14:27:20|28|pratiksha@forstarfoods.com|ManageGatePass.php
6 Feb 2019 14:27:22|30|pritirm@forstarfoods.com|DailyCatchEntry_New.php
6 Feb 2019 14:27:38|20|shiji@forstarfoods.com|SupplierAccount.php
6 Feb 2019 14:28:22|28|pratiksha@forstarfoods.com|ManageGatePass.php
6 Feb 2019 14:29:25|28|pratiksha@forstarfoods.com|ManageGatePass.php
6 Feb 2019 14:30:28|28|pratiksha@forstarfoods.com|ManageGatePass.php
6 Feb 2019 14:30:59|20|shiji@forstarfoods.com|SupplierAccount.php
6 Feb 2019 14:31:31|28|pratiksha@forstarfoods.com|ManageGatePass.php
6 Feb 2019 14:32:23|30|pritirm@forstarfoods.com|DailyCatchEntry_New.php
6 Feb 2019 14:32:33|28|pratiksha@forstarfoods.com|ManageGatePass.php
6 Feb 2019 14:32:40|20|shiji@forstarfoods.com|SupplierAccount.php
6 Feb 2019 14:33:36|28|pratiksha@forstarfoods.com|ManageGatePass.php
6 Feb 2019 14:33:39|29|kavitha@forstarfoods.com|Home.php
6 Feb 2019 14:33:47|29|kavitha@forstarfoods.com|DailyCatchReport.php
6 Feb 2019 14:34:39|28|pratiksha@forstarfoods.com|ManageGatePass.php
6 Feb 2019 14:34:58|29|kavitha@forstarfoods.com|DailyCatchReport.php
6 Feb 2019 14:35:01|29|kavitha@forstarfoods.com|DailyCatchReport.php
6 Feb 2019 14:35:08|29|kavitha@forstarfoods.com|DailyCatchReport.php
6 Feb 2019 14:35:10|20|shiji@forstarfoods.com|SupplierAccount.php
6 Feb 2019 14:35:10|29|kavitha@forstarfoods.com|DailyCatchReport.php
6 Feb 2019 14:35:11|29|kavitha@forstarfoods.com|DailyCatchReport.php
6 Feb 2019 14:35:41|28|pratiksha@forstarfoods.com|ManageGatePass.php
6 Feb 2019 14:35:44|20|shiji@forstarfoods.com|SupplierAccount.php
6 Feb 2019 14:35:47|20|shiji@forstarfoods.com|SettlementSummary.php
6 Feb 2019 14:36:43|28|pratiksha@forstarfoods.com|ManageGatePass.php
6 Feb 2019 14:37:25|30|pritirm@forstarfoods.com|DailyCatchEntry_New.php
6 Feb 2019 14:37:46|28|pratiksha@forstarfoods.com|ManageGatePass.php
6 Feb 2019 14:37:49|29|kavitha@forstarfoods.com|DailyCatchReport.php
6 Feb 2019 14:37:50|29|kavitha@forstarfoods.com|DailyCatchReport.php
6 Feb 2019 14:37:52|29|kavitha@forstarfoods.com|DailyCatchReport.php
6 Feb 2019 14:37:53|29|kavitha@forstarfoods.com|DailyCatchReport.php
6 Feb 2019 14:38:02|29|kavitha@forstarfoods.com|DailyCatchReport.php
6 Feb 2019 14:38:03|29|kavitha@forstarfoods.com|DailyCatchReport.php
6 Feb 2019 14:38:05|29|kavitha@forstarfoods.com|DailyCatchReport.php
6 Feb 2019 14:38:40|29|kavitha@forstarfoods.com|DailyCatchReport.php
6 Feb 2019 14:38:41|29|kavitha@forstarfoods.com|DailyCatchReport.php
6 Feb 2019 14:38:42|29|kavitha@forstarfoods.com|DailyCatchReport.php
6 Feb 2019 14:38:49|28|pratiksha@forstarfoods.com|ManageGatePass.php
6 Feb 2019 14:38:53|29|kavitha@forstarfoods.com|DailyCatchReport.php
6 Feb 2019 14:38:55|29|kavitha@forstarfoods.com|DailyCatchReport.php
6 Feb 2019 14:38:56|29|kavitha@forstarfoods.com|DailyCatchReport.php
6 Feb 2019 14:38:58|29|kavitha@forstarfoods.com|DailyCatchReport.php
6 Feb 2019 14:39:00|29|kavitha@forstarfoods.com|DailyCatchReport.php
6 Feb 2019 14:39:01|29|kavitha@forstarfoods.com|DailyCatchReport.php
6 Feb 2019 14:39:03|29|kavitha@forstarfoods.com|DailyCatchReport.php
6 Feb 2019 14:39:07|29|kavitha@forstarfoods.com|DailyCatchReport.php
6 Feb 2019 14:39:09|29|kavitha@forstarfoods.com|DailyCatchReport.php
6 Feb 2019 14:39:10|29|kavitha@forstarfoods.com|DailyCatchReport.php
6 Feb 2019 14:39:14|29|kavitha@forstarfoods.com|DailyCatchReport.php
6 Feb 2019 14:39:15|29|kavitha@forstarfoods.com|DailyCatchReport.php
6 Feb 2019 14:39:16|29|kavitha@forstarfoods.com|DailyCatchReport.php
6 Feb 2019 14:39:46|29|kavitha@forstarfoods.com|DailyCatchReport.php
6 Feb 2019 14:39:47|29|kavitha@forstarfoods.com|DailyCatchReport.php
6 Feb 2019 14:39:49|29|kavitha@forstarfoods.com|DailyCatchReport.php
6 Feb 2019 14:39:53|28|pratiksha@forstarfoods.com|ManageGatePass.php
6 Feb 2019 14:39:58|20|shiji@forstarfoods.com|SettlementSummary.php
6 Feb 2019 14:40:00|29|kavitha@forstarfoods.com|DailyCatchReport.php
6 Feb 2019 14:40:00|20|shiji@forstarfoods.com|SupplierPayments.php
6 Feb 2019 14:40:01|29|kavitha@forstarfoods.com|DailyCatchReport.php
6 Feb 2019 14:40:02|20|shiji@forstarfoods.com|SupplierPayments.php
6 Feb 2019 14:40:03|29|kavitha@forstarfoods.com|DailyCatchReport.php
6 Feb 2019 14:40:03|20|shiji@forstarfoods.com|SupplierPayments.php
6 Feb 2019 14:40:04|29|kavitha@forstarfoods.com|DailyCatchReport.php
6 Feb 2019 14:40:05|20|shiji@forstarfoods.com|PurchaseStatement.php
6 Feb 2019 14:40:11|29|kavitha@forstarfoods.com|DailyCatchReport.php
6 Feb 2019 14:40:13|29|kavitha@forstarfoods.com|DailyCatchReport.php
6 Feb 2019 14:40:14|29|kavitha@forstarfoods.com|DailyCatchReport.php
6 Feb 2019 14:40:17|20|shiji@forstarfoods.com|PurchaseStatement.php
6 Feb 2019 14:40:22|20|shiji@forstarfoods.com|PurchaseStatement.php
6 Feb 2019 14:40:56|28|pratiksha@forstarfoods.com|ManageGatePass.php
6 Feb 2019 14:40:57|20|shiji@forstarfoods.com|PurchaseStatement.php
6 Feb 2019 14:41:05|20|shiji@forstarfoods.com|PurchaseStatement.php
6 Feb 2019 14:41:08|20|shiji@forstarfoods.com|PrintPurchaseStatement.php
6 Feb 2019 14:41:38|29|kavitha@forstarfoods.com|DailyCatchEntry_New.php
6 Feb 2019 14:41:43|29|kavitha@forstarfoods.com|DailyCatchEntry_New.php
6 Feb 2019 14:41:44|29|kavitha@forstarfoods.com|DailyCatchEntry_New.php
6 Feb 2019 14:41:45|29|kavitha@forstarfoods.com|DailyCatchEntry_New.php
6 Feb 2019 14:41:47|29|kavitha@forstarfoods.com|DailyCatchEntry_New.php
6 Feb 2019 14:41:48|29|kavitha@forstarfoods.com|DailyCatchEntry_New.php
6 Feb 2019 14:41:49|29|kavitha@forstarfoods.com|DailyCatchEntry_New.php
6 Feb 2019 14:41:50|29|kavitha@forstarfoods.com|DailyCatchEntry_New.php
6 Feb 2019 14:41:52|29|kavitha@forstarfoods.com|DailyCatchEntry_New.php
6 Feb 2019 14:41:54|29|kavitha@forstarfoods.com|DailyCatchEntry_New.php
6 Feb 2019 14:41:58|28|pratiksha@forstarfoods.com|ManageGatePass.php
6 Feb 2019 14:42:03|29|kavitha@forstarfoods.com|DailyCatchEntry_New.php
6 Feb 2019 14:42:05|29|kavitha@forstarfoods.com|DailyCatchEntry_New.php
6 Feb 2019 14:42:12|29|kavitha@forstarfoods.com|DailyCatchEntry_New.php
6 Feb 2019 14:42:26|30|pritirm@forstarfoods.com|DailyCatchEntry_New.php
6 Feb 2019 14:42:40|29|kavitha@forstarfoods.com|DailyCatchEntry_New.php
6 Feb 2019 14:42:42|29|kavitha@forstarfoods.com|DailyCatchEntry_New.php
6 Feb 2019 14:42:43|29|kavitha@forstarfoods.com|DailyCatchEntry_New.php
6 Feb 2019 14:42:45|29|kavitha@forstarfoods.com|CatchEntryDeclaredItem.php
6 Feb 2019 14:42:46|29|kavitha@forstarfoods.com|DailyCatchEntry_New.php
6 Feb 2019 14:42:47|29|kavitha@forstarfoods.com|CatchEntryDeclaredItem.php
6 Feb 2019 14:42:56|29|kavitha@forstarfoods.com|DailyCatchEntry_New.php
6 Feb 2019 14:42:58|29|kavitha@forstarfoods.com|DailyCatchEntry_New.php
6 Feb 2019 14:43:01|28|pratiksha@forstarfoods.com|ManageGatePass.php
6 Feb 2019 14:43:02|29|kavitha@forstarfoods.com|DailyCatchEntry_New.php
6 Feb 2019 14:43:06|29|kavitha@forstarfoods.com|DailyCatchEntry_New.php
6 Feb 2019 14:43:09|29|kavitha@forstarfoods.com|DailyCatchEntry_New.php
6 Feb 2019 14:44:04|28|pratiksha@forstarfoods.com|ManageGatePass.php
6 Feb 2019 14:45:06|28|pratiksha@forstarfoods.com|ManageGatePass.php
6 Feb 2019 14:45:31|20|shiji@forstarfoods.com|SupplierAccount.php
6 Feb 2019 14:45:41|20|shiji@forstarfoods.com|SupplierAccount.php
6 Feb 2019 14:45:46|20|shiji@forstarfoods.com|SupplierAccount.php
6 Feb 2019 14:45:55|20|shiji@forstarfoods.com|SupplierAccount.php
6 Feb 2019 14:46:08|28|pratiksha@forstarfoods.com|ManageGatePass.php
6 Feb 2019 14:47:09|28|pratiksha@forstarfoods.com|ManageGatePass.php
6 Feb 2019 14:47:28|30|pritirm@forstarfoods.com|DailyCatchEntry_New.php
6 Feb 2019 14:48:10|28|pratiksha@forstarfoods.com|ManageGatePass.php
6 Feb 2019 14:48:19|29|kavitha@forstarfoods.com|DailyCatchEntry_New.php
6 Feb 2019 14:48:22|29|kavitha@forstarfoods.com|DailyCatchEntry_New.php
6 Feb 2019 14:48:23|29|kavitha@forstarfoods.com|DailyCatchEntry_New.php
6 Feb 2019 14:48:24|29|kavitha@forstarfoods.com|CatchEntryDeclaredItem.php
6 Feb 2019 14:48:25|29|kavitha@forstarfoods.com|DailyCatchEntry_New.php
6 Feb 2019 14:48:25|20|shiji@forstarfoods.com|SupplierAccount.php
6 Feb 2019 14:48:27|29|kavitha@forstarfoods.com|CatchEntryDeclaredItem.php
6 Feb 2019 14:48:32|20|shiji@forstarfoods.com|SupplierAccount.php
6 Feb 2019 14:48:36|29|kavitha@forstarfoods.com|DailyCatchEntry_New.php
6 Feb 2019 14:48:40|29|kavitha@forstarfoods.com|DailyCatchEntry_New.php
6 Feb 2019 14:48:46|29|kavitha@forstarfoods.com|DailyCatchEntry_New.php
6 Feb 2019 14:48:48|29|kavitha@forstarfoods.com|DailyCatchEntry_New.php
6 Feb 2019 14:48:52|29|kavitha@forstarfoods.com|DailyCatchEntry_New.php
6 Feb 2019 14:49:14|28|pratiksha@forstarfoods.com|ManageGatePass.php
6 Feb 2019 14:49:38|29|kavitha@forstarfoods.com|DailyCatchReport.php
6 Feb 2019 14:49:51|29|kavitha@forstarfoods.com|DailyCatchReport.php
6 Feb 2019 14:49:53|29|kavitha@forstarfoods.com|DailyCatchReport.php
6 Feb 2019 14:49:59|29|kavitha@forstarfoods.com|DailyCatchReport.php
6 Feb 2019 14:50:01|29|kavitha@forstarfoods.com|DailyCatchReport.php
6 Feb 2019 14:50:02|29|kavitha@forstarfoods.com|DailyCatchReport.php
6 Feb 2019 14:50:05|29|kavitha@forstarfoods.com|DailyCatchReport.php
6 Feb 2019 14:50:06|29|kavitha@forstarfoods.com|DailyCatchReport.php
6 Feb 2019 14:50:08|29|kavitha@forstarfoods.com|DailyCatchReport.php
6 Feb 2019 14:50:10|29|kavitha@forstarfoods.com|DailyCatchReport.php
6 Feb 2019 14:50:12|29|kavitha@forstarfoods.com|DailyCatchReport.php
6 Feb 2019 14:50:13|29|kavitha@forstarfoods.com|DailyCatchReport.php
6 Feb 2019 14:50:17|28|pratiksha@forstarfoods.com|ManageGatePass.php
6 Feb 2019 14:51:01|20|shiji@forstarfoods.com|SupplierAccount.php
6 Feb 2019 14:51:15|29|kavitha@forstarfoods.com|DailyCatchReport.php
6 Feb 2019 14:51:17|29|kavitha@forstarfoods.com|DailyCatchReport.php
6 Feb 2019 14:51:18|29|kavitha@forstarfoods.com|DailyCatchReport.php
6 Feb 2019 14:51:21|28|pratiksha@forstarfoods.com|ManageGatePass.php
6 Feb 2019 14:52:21|20|shiji@forstarfoods.com|SupplierAccount.php
6 Feb 2019 14:52:23|28|pratiksha@forstarfoods.com|ManageGatePass.php
6 Feb 2019 14:52:27|20|shiji@forstarfoods.com|SettlementSummary.php
6 Feb 2019 14:52:30|30|pritirm@forstarfoods.com|DailyCatchEntry_New.php
6 Feb 2019 14:52:35|20|shiji@forstarfoods.com|SettlementSummary.php
6 Feb 2019 14:52:37|20|shiji@forstarfoods.com|SupplierPayments.php
6 Feb 2019 14:52:39|20|shiji@forstarfoods.com|SupplierPayments.php
6 Feb 2019 14:52:40|20|shiji@forstarfoods.com|SupplierPayments.php
6 Feb 2019 14:52:43|20|shiji@forstarfoods.com|PurchaseStatement.php
6 Feb 2019 14:53:25|20|shiji@forstarfoods.com|PurchaseStatement.php
6 Feb 2019 14:53:26|28|pratiksha@forstarfoods.com|ManageGatePass.php
6 Feb 2019 14:53:32|20|shiji@forstarfoods.com|PurchaseStatement.php