
10 Sep 2020 11:06:42|20|shiji@forstarfoods.com|DailyCatchEntry_New.php
10 Sep 2020 11:06:43|20|shiji@forstarfoods.com|DailyCatchEntry_New.php
10 Sep 2020 11:06:44|20|shiji@forstarfoods.com|DailyCatchEntry_New.php
10 Sep 2020 11:06:46|20|shiji@forstarfoods.com|DailyCatchEntry_New.php
10 Sep 2020 11:06:47|20|shiji@forstarfoods.com|DailyCatchEntry_New.php
10 Sep 2020 11:06:48|20|shiji@forstarfoods.com|DailyCatchEntry_New.php
10 Sep 2020 11:06:49|20|shiji@forstarfoods.com|DailyCatchEntry_New.php
10 Sep 2020 11:06:50|20|shiji@forstarfoods.com|DailyCatchEntry_New.php
10 Sep 2020 11:06:52|20|shiji@forstarfoods.com|DailyCatchEntry_New.php
10 Sep 2020 11:06:53|20|shiji@forstarfoods.com|DailyCatchEntry_New.php
10 Sep 2020 11:06:54|20|shiji@forstarfoods.com|DailyCatchEntry_New.php
10 Sep 2020 11:06:55|20|shiji@forstarfoods.com|DailyCatchEntry_New.php
10 Sep 2020 11:06:57|20|shiji@forstarfoods.com|DailyCatchEntry_New.php
10 Sep 2020 11:06:58|20|shiji@forstarfoods.com|DailyCatchEntry_New.php
10 Sep 2020 11:06:59|20|shiji@forstarfoods.com|DailyCatchEntry_New.php
10 Sep 2020 11:07:38|20|shiji@forstarfoods.com|DailyCatchEntry_New.php
10 Sep 2020 11:07:57|20|shiji@forstarfoods.com|DailyCatchEntry_New.php
10 Sep 2020 11:08:00|20|shiji@forstarfoods.com|DailyCatchEntry_New.php
10 Sep 2020 11:08:01|20|shiji@forstarfoods.com|CatchEntryDeclaredItem.php
10 Sep 2020 11:08:15|20|shiji@forstarfoods.com|DailyCatchEntry_New.php
10 Sep 2020 11:08:17|20|shiji@forstarfoods.com|DailyCatchEntry_New.php
10 Sep 2020 11:08:19|20|shiji@forstarfoods.com|DailyCatchEntry_New.php
10 Sep 2020 11:08:21|20|shiji@forstarfoods.com|DailyCatchEntry_New.php
10 Sep 2020 11:08:22|20|shiji@forstarfoods.com|DailyCatchEntry_New.php
10 Sep 2020 11:08:23|20|shiji@forstarfoods.com|DailyCatchEntry_New.php
10 Sep 2020 11:08:24|20|shiji@forstarfoods.com|DailyCatchEntry_New.php
10 Sep 2020 11:08:25|20|shiji@forstarfoods.com|DailyCatchEntry_New.php
10 Sep 2020 11:08:27|20|shiji@forstarfoods.com|DailyCatchEntry_New.php
10 Sep 2020 11:08:28|20|shiji@forstarfoods.com|DailyCatchEntry_New.php
10 Sep 2020 11:09:38|20|shiji@forstarfoods.com|DailyCatchEntry_New.php
10 Sep 2020 11:09:55|20|shiji@forstarfoods.com|DailyCatchEntry_New.php
10 Sep 2020 11:09:57|20|shiji@forstarfoods.com|DailyCatchEntry_New.php
10 Sep 2020 11:09:59|20|shiji@forstarfoods.com|CatchEntryDeclaredItem.php
10 Sep 2020 11:10:11|20|shiji@forstarfoods.com|DailyCatchEntry_New.php
10 Sep 2020 11:10:13|20|shiji@forstarfoods.com|DailyCatchEntry_New.php
10 Sep 2020 11:10:18|20|shiji@forstarfoods.com|DailyCatchEntry_New.php
10 Sep 2020 11:10:20|20|shiji@forstarfoods.com|DailyCatchEntry_New.php
10 Sep 2020 11:10:21|20|shiji@forstarfoods.com|DailyCatchEntry_New.php
10 Sep 2020 11:10:22|20|shiji@forstarfoods.com|DailyCatchEntry_New.php
10 Sep 2020 11:10:23|20|shiji@forstarfoods.com|DailyCatchEntry_New.php
10 Sep 2020 11:10:25|20|shiji@forstarfoods.com|DailyCatchEntry_New.php
10 Sep 2020 11:10:26|20|shiji@forstarfoods.com|DailyCatchEntry_New.php
10 Sep 2020 11:10:27|20|shiji@forstarfoods.com|DailyCatchEntry_New.php
10 Sep 2020 11:10:28|20|shiji@forstarfoods.com|DailyCatchEntry_New.php
10 Sep 2020 11:10:31|20|shiji@forstarfoods.com|DailyCatchEntry_New.php
10 Sep 2020 11:10:33|20|shiji@forstarfoods.com|CatchEntryDeclaredItem.php
10 Sep 2020 11:10:55|20|shiji@forstarfoods.com|DailyCatchEntry_New.php
10 Sep 2020 11:10:58|20|shiji@forstarfoods.com|DailyCatchEntry_New.php
10 Sep 2020 11:11:00|20|shiji@forstarfoods.com|DailyCatchEntry_New.php
10 Sep 2020 11:11:02|20|shiji@forstarfoods.com|DailyCatchEntry_New.php
10 Sep 2020 11:11:03|20|shiji@forstarfoods.com|DailyCatchEntry_New.php
10 Sep 2020 11:11:04|20|shiji@forstarfoods.com|DailyCatchEntry_New.php
10 Sep 2020 11:11:05|20|shiji@forstarfoods.com|DailyCatchEntry_New.php
10 Sep 2020 11:11:07|20|shiji@forstarfoods.com|DailyCatchEntry_New.php
10 Sep 2020 11:11:08|20|shiji@forstarfoods.com|DailyCatchEntry_New.php
10 Sep 2020 11:11:09|20|shiji@forstarfoods.com|DailyCatchEntry_New.php
10 Sep 2020 11:11:10|20|shiji@forstarfoods.com|DailyCatchEntry_New.php
10 Sep 2020 11:11:12|20|shiji@forstarfoods.com|DailyCatchEntry_New.php
10 Sep 2020 11:11:13|20|shiji@forstarfoods.com|DailyCatchEntry_New.php
10 Sep 2020 11:11:14|20|shiji@forstarfoods.com|DailyCatchEntry_New.php
10 Sep 2020 11:11:15|20|shiji@forstarfoods.com|DailyCatchEntry_New.php
10 Sep 2020 11:11:16|20|shiji@forstarfoods.com|DailyCatchEntry_New.php
10 Sep 2020 11:11:18|20|shiji@forstarfoods.com|DailyCatchEntry_New.php
10 Sep 2020 11:11:19|20|shiji@forstarfoods.com|DailyCatchEntry_New.php
10 Sep 2020 11:11:32|20|shiji@forstarfoods.com|DailyCatchEntry_New.php
10 Sep 2020 11:11:36|20|shiji@forstarfoods.com|DailyCatchEntry_New.php
10 Sep 2020 11:11:38|20|shiji@forstarfoods.com|CatchEntryDeclaredItem.php
10 Sep 2020 11:11:45|20|shiji@forstarfoods.com|DailyCatchEntry_New.php
10 Sep 2020 11:11:50|20|shiji@forstarfoods.com|DailyCatchEntry_New.php
10 Sep 2020 11:11:56|20|shiji@forstarfoods.com|DailyCatchEntry_New.php
10 Sep 2020 11:11:57|20|shiji@forstarfoods.com|DailyCatchEntry_New.php
10 Sep 2020 11:11:59|20|shiji@forstarfoods.com|DailyCatchEntry_New.php
10 Sep 2020 11:12:00|20|shiji@forstarfoods.com|DailyCatchEntry_New.php
10 Sep 2020 11:12:01|20|shiji@forstarfoods.com|DailyCatchEntry_New.php
10 Sep 2020 11:12:02|20|shiji@forstarfoods.com|DailyCatchEntry_New.php
10 Sep 2020 11:12:04|20|shiji@forstarfoods.com|DailyCatchEntry_New.php
10 Sep 2020 11:12:05|20|shiji@forstarfoods.com|DailyCatchEntry_New.php
10 Sep 2020 11:12:16|20|shiji@forstarfoods.com|DailyCatchEntry_New.php
10 Sep 2020 11:12:19|20|shiji@forstarfoods.com|DailyCatchEntry_New.php
10 Sep 2020 11:12:20|20|shiji@forstarfoods.com|CatchEntryDeclaredItem.php
10 Sep 2020 11:12:25|20|shiji@forstarfoods.com|DailyCatchEntry_New.php
10 Sep 2020 11:12:26|20|shiji@forstarfoods.com|DailyCatchEntry_New.php
10 Sep 2020 11:12:27|20|shiji@forstarfoods.com|DailyCatchEntry_New.php
10 Sep 2020 11:12:29|20|shiji@forstarfoods.com|DailyCatchEntry_New.php
10 Sep 2020 11:12:33|20|shiji@forstarfoods.com|DailyCatchEntry_New.php
10 Sep 2020 11:12:35|20|shiji@forstarfoods.com|CatchEntryDeclaredItem.php
10 Sep 2020 11:12:40|20|shiji@forstarfoods.com|DailyCatchEntry_New.php
10 Sep 2020 11:12:51|20|shiji@forstarfoods.com|DailyCatchEntry_New.php
10 Sep 2020 11:12:54|20|shiji@forstarfoods.com|DailyCatchEntry_New.php
10 Sep 2020 11:12:57|20|shiji@forstarfoods.com|DailyCatchEntry_New.php
10 Sep 2020 11:13:00|20|shiji@forstarfoods.com|DailyCatchEntry_New.php
10 Sep 2020 11:13:01|20|shiji@forstarfoods.com|DailyCatchEntry_New.php
10 Sep 2020 11:13:02|20|shiji@forstarfoods.com|DailyCatchEntry_New.php
10 Sep 2020 11:13:04|20|shiji@forstarfoods.com|DailyCatchEntry_New.php
10 Sep 2020 11:13:05|20|shiji@forstarfoods.com|DailyCatchEntry_New.php
10 Sep 2020 11:13:06|20|shiji@forstarfoods.com|DailyCatchEntry_New.php
10 Sep 2020 11:13:07|20|shiji@forstarfoods.com|DailyCatchEntry_New.php
10 Sep 2020 11:13:09|20|shiji@forstarfoods.com|DailyCatchEntry_New.php
10 Sep 2020 11:13:10|20|shiji@forstarfoods.com|DailyCatchEntry_New.php
10 Sep 2020 11:13:11|20|shiji@forstarfoods.com|DailyCatchEntry_New.php
10 Sep 2020 11:13:12|20|shiji@forstarfoods.com|DailyCatchEntry_New.php
10 Sep 2020 11:13:14|20|shiji@forstarfoods.com|DailyCatchEntry_New.php
10 Sep 2020 11:13:15|20|shiji@forstarfoods.com|DailyCatchEntry_New.php
10 Sep 2020 11:13:16|20|shiji@forstarfoods.com|DailyCatchEntry_New.php
10 Sep 2020 11:13:17|20|shiji@forstarfoods.com|DailyCatchEntry_New.php
10 Sep 2020 11:13:18|20|shiji@forstarfoods.com|DailyCatchEntry_New.php
10 Sep 2020 11:13:20|20|shiji@forstarfoods.com|DailyCatchEntry_New.php
10 Sep 2020 11:13:21|20|shiji@forstarfoods.com|DailyCatchEntry_New.php
10 Sep 2020 11:13:22|20|shiji@forstarfoods.com|DailyCatchEntry_New.php
10 Sep 2020 11:13:23|20|shiji@forstarfoods.com|DailyCatchEntry_New.php
10 Sep 2020 11:13:25|20|shiji@forstarfoods.com|DailyCatchEntry_New.php
10 Sep 2020 11:13:26|20|shiji@forstarfoods.com|DailyCatchEntry_New.php
10 Sep 2020 11:13:27|20|shiji@forstarfoods.com|DailyCatchEntry_New.php
10 Sep 2020 11:13:28|20|shiji@forstarfoods.com|DailyCatchEntry_New.php
10 Sep 2020 11:15:18|20|shiji@forstarfoods.com|DailyCatchEntry_New.php
10 Sep 2020 11:15:20|20|shiji@forstarfoods.com|DailyCatchEntry_New.php
10 Sep 2020 11:15:23|20|shiji@forstarfoods.com|CatchEntryDeclaredItem.php
10 Sep 2020 11:15:29|20|shiji@forstarfoods.com|DailyCatchEntry_New.php
10 Sep 2020 11:15:32|20|shiji@forstarfoods.com|DailyCatchEntry_New.php
10 Sep 2020 11:15:38|20|shiji@forstarfoods.com|DailyCatchEntry_New.php
10 Sep 2020 11:15:39|20|shiji@forstarfoods.com|DailyCatchEntry_New.php
10 Sep 2020 11:15:40|20|shiji@forstarfoods.com|DailyCatchEntry_New.php
10 Sep 2020 11:15:41|20|shiji@forstarfoods.com|DailyCatchEntry_New.php
10 Sep 2020 11:15:43|20|shiji@forstarfoods.com|DailyCatchEntry_New.php
10 Sep 2020 11:15:44|20|shiji@forstarfoods.com|DailyCatchEntry_New.php
10 Sep 2020 11:15:45|20|shiji@forstarfoods.com|DailyCatchEntry_New.php
10 Sep 2020 11:15:46|20|shiji@forstarfoods.com|DailyCatchEntry_New.php
10 Sep 2020 11:15:48|20|shiji@forstarfoods.com|DailyCatchEntry_New.php
10 Sep 2020 11:15:49|20|shiji@forstarfoods.com|DailyCatchEntry_New.php
10 Sep 2020 11:15:50|20|shiji@forstarfoods.com|DailyCatchEntry_New.php
10 Sep 2020 11:15:51|20|shiji@forstarfoods.com|DailyCatchEntry_New.php
10 Sep 2020 11:15:52|20|shiji@forstarfoods.com|DailyCatchEntry_New.php
10 Sep 2020 11:15:54|20|shiji@forstarfoods.com|DailyCatchEntry_New.php
10 Sep 2020 11:15:55|20|shiji@forstarfoods.com|DailyCatchEntry_New.php
10 Sep 2020 11:15:56|20|shiji@forstarfoods.com|DailyCatchEntry_New.php
10 Sep 2020 11:15:57|20|shiji@forstarfoods.com|DailyCatchEntry_New.php
10 Sep 2020 11:15:59|20|shiji@forstarfoods.com|DailyCatchEntry_New.php
10 Sep 2020 11:16:00|20|shiji@forstarfoods.com|DailyCatchEntry_New.php
10 Sep 2020 11:16:01|20|shiji@forstarfoods.com|DailyCatchEntry_New.php
10 Sep 2020 11:16:02|20|shiji@forstarfoods.com|DailyCatchEntry_New.php
10 Sep 2020 11:16:03|20|shiji@forstarfoods.com|DailyCatchEntry_New.php
10 Sep 2020 11:16:05|20|shiji@forstarfoods.com|DailyCatchEntry_New.php
10 Sep 2020 11:16:06|20|shiji@forstarfoods.com|DailyCatchEntry_New.php
10 Sep 2020 11:16:07|20|shiji@forstarfoods.com|DailyCatchEntry_New.php
10 Sep 2020 11:16:10|20|shiji@forstarfoods.com|DailyCatchEntry_New.php
10 Sep 2020 11:23:24|20|shiji@forstarfoods.com|CatchEntryDeclaredItem.php
10 Sep 2020 11:23:25|20|shiji@forstarfoods.com|DailyCatchEntry_New.php
10 Sep 2020 11:28:27|20|shiji@forstarfoods.com|DailyCatchEntry_New.php
10 Sep 2020 11:33:28|20|shiji@forstarfoods.com|DailyCatchEntry_New.php
10 Sep 2020 11:38:29|20|shiji@forstarfoods.com|DailyCatchEntry_New.php
10 Sep 2020 12:05:02|30|pritirm@forstarfoods.com|Home.php
10 Sep 2020 12:05:12|30|pritirm@forstarfoods.com|DailyCatchEntry_New.php
10 Sep 2020 12:05:16|30|pritirm@forstarfoods.com|DailyCatchEntry_New.php
10 Sep 2020 12:05:18|30|pritirm@forstarfoods.com|DailyCatchEntry_New.php
10 Sep 2020 12:05:19|30|pritirm@forstarfoods.com|DailyCatchEntry_New.php
10 Sep 2020 12:05:20|30|pritirm@forstarfoods.com|DailyCatchEntry_New.php
10 Sep 2020 12:05:22|30|pritirm@forstarfoods.com|CatchEntryDeclaredItem.php
10 Sep 2020 12:05:23|30|pritirm@forstarfoods.com|DailyCatchEntry_New.php
10 Sep 2020 12:05:27|30|pritirm@forstarfoods.com|DailyCatchEntry_New.php
10 Sep 2020 12:05:28|30|pritirm@forstarfoods.com|DailyCatchEntry_New.php
10 Sep 2020 12:05:29|30|pritirm@forstarfoods.com|DailyCatchEntry_New.php
10 Sep 2020 12:05:31|30|pritirm@forstarfoods.com|DailyCatchEntry_New.php
10 Sep 2020 12:05:32|30|pritirm@forstarfoods.com|DailyCatchEntry_New.php
10 Sep 2020 12:06:38|30|pritirm@forstarfoods.com|DailyCatchEntry_New.php
10 Sep 2020 12:06:39|30|pritirm@forstarfoods.com|DailyCatchEntry_New.php
10 Sep 2020 12:06:40|30|pritirm@forstarfoods.com|DailyCatchEntry_New.php
10 Sep 2020 12:06:44|30|pritirm@forstarfoods.com|DailyCatchEntry_New.php
10 Sep 2020 12:06:47|30|pritirm@forstarfoods.com|DailyCatchEntry_New.php
10 Sep 2020 12:06:49|30|pritirm@forstarfoods.com|CatchEntryDeclaredItem.php
10 Sep 2020 12:07:07|30|pritirm@forstarfoods.com|DailyCatchEntry_New.php
10 Sep 2020 12:07:10|30|pritirm@forstarfoods.com|DailyCatchEntry_New.php
10 Sep 2020 12:07:11|30|pritirm@forstarfoods.com|DailyCatchEntry_New.php
10 Sep 2020 12:07:21|30|pritirm@forstarfoods.com|DailyCatchEntry_New.php
10 Sep 2020 12:07:24|30|pritirm@forstarfoods.com|DailyCatchEntry_New.php
10 Sep 2020 12:07:35|30|pritirm@forstarfoods.com|DailyCatchEntry_New.php
10 Sep 2020 12:07:36|30|pritirm@forstarfoods.com|DailyCatchEntry_New.php
10 Sep 2020 12:07:37|30|pritirm@forstarfoods.com|DailyCatchEntry_New.php
10 Sep 2020 12:07:39|30|pritirm@forstarfoods.com|DailyCatchEntry_New.php
10 Sep 2020 12:07:40|30|pritirm@forstarfoods.com|DailyCatchEntry_New.php
10 Sep 2020 12:07:41|30|pritirm@forstarfoods.com|DailyCatchEntry_New.php
10 Sep 2020 12:07:42|30|pritirm@forstarfoods.com|DailyCatchEntry_New.php
10 Sep 2020 12:07:44|30|pritirm@forstarfoods.com|DailyCatchEntry_New.php
10 Sep 2020 12:07:45|30|pritirm@forstarfoods.com|DailyCatchEntry_New.php
10 Sep 2020 12:07:46|30|pritirm@forstarfoods.com|DailyCatchEntry_New.php
10 Sep 2020 12:07:47|30|pritirm@forstarfoods.com|DailyCatchEntry_New.php
10 Sep 2020 12:07:48|30|pritirm@forstarfoods.com|DailyCatchEntry_New.php
10 Sep 2020 12:07:50|30|pritirm@forstarfoods.com|DailyCatchEntry_New.php
10 Sep 2020 12:07:51|30|pritirm@forstarfoods.com|DailyCatchEntry_New.php
10 Sep 2020 12:07:52|30|pritirm@forstarfoods.com|DailyCatchEntry_New.php
10 Sep 2020 12:07:55|30|pritirm@forstarfoods.com|DailyCatchEntry_New.php
10 Sep 2020 12:07:56|30|pritirm@forstarfoods.com|CatchEntryDeclaredItem.php
10 Sep 2020 12:08:01|30|pritirm@forstarfoods.com|DailyCatchEntry_New.php
10 Sep 2020 12:08:03|30|pritirm@forstarfoods.com|DailyCatchEntry_New.php
10 Sep 2020 12:08:05|30|pritirm@forstarfoods.com|DailyCatchEntry_New.php
10 Sep 2020 12:08:06|30|pritirm@forstarfoods.com|DailyCatchEntry_New.php
10 Sep 2020 12:08:07|30|pritirm@forstarfoods.com|DailyCatchEntry_New.php
10 Sep 2020 12:08:09|30|pritirm@forstarfoods.com|DailyCatchEntry_New.php
10 Sep 2020 12:08:10|30|pritirm@forstarfoods.com|DailyCatchEntry_New.php
10 Sep 2020 12:08:11|30|pritirm@forstarfoods.com|DailyCatchEntry_New.php
10 Sep 2020 12:08:12|30|pritirm@forstarfoods.com|DailyCatchEntry_New.php
10 Sep 2020 12:08:14|30|pritirm@forstarfoods.com|DailyCatchEntry_New.php
10 Sep 2020 12:08:15|30|pritirm@forstarfoods.com|DailyCatchEntry_New.php
10 Sep 2020 12:08:16|30|pritirm@forstarfoods.com|DailyCatchEntry_New.php
10 Sep 2020 12:08:17|30|pritirm@forstarfoods.com|DailyCatchEntry_New.php
10 Sep 2020 12:08:19|30|pritirm@forstarfoods.com|DailyCatchEntry_New.php
10 Sep 2020 12:08:20|30|pritirm@forstarfoods.com|DailyCatchEntry_New.php
10 Sep 2020 12:08:21|30|pritirm@forstarfoods.com|DailyCatchEntry_New.php
10 Sep 2020 12:08:22|30|pritirm@forstarfoods.com|DailyCatchEntry_New.php
10 Sep 2020 12:08:23|30|pritirm@forstarfoods.com|DailyCatchEntry_New.php
10 Sep 2020 12:08:25|30|pritirm@forstarfoods.com|DailyCatchEntry_New.php
10 Sep 2020 12:08:27|30|pritirm@forstarfoods.com|DailyCatchEntry_New.php
10 Sep 2020 12:08:28|30|pritirm@forstarfoods.com|CatchEntryDeclaredItem.php
10 Sep 2020 12:08:36|30|pritirm@forstarfoods.com|DailyCatchEntry_New.php
10 Sep 2020 12:08:39|30|pritirm@forstarfoods.com|DailyCatchEntry_New.php
10 Sep 2020 12:08:42|30|pritirm@forstarfoods.com|DailyCatchEntry_New.php
10 Sep 2020 12:08:43|30|pritirm@forstarfoods.com|DailyCatchEntry_New.php
10 Sep 2020 12:08:44|30|pritirm@forstarfoods.com|DailyCatchEntry_New.php
10 Sep 2020 12:08:45|30|pritirm@forstarfoods.com|DailyCatchEntry_New.php
10 Sep 2020 12:08:46|30|pritirm@forstarfoods.com|DailyCatchEntry_New.php
10 Sep 2020 12:08:48|30|pritirm@forstarfoods.com|DailyCatchEntry_New.php
10 Sep 2020 12:08:49|30|pritirm@forstarfoods.com|DailyCatchEntry_New.php
10 Sep 2020 12:08:50|30|pritirm@forstarfoods.com|DailyCatchEntry_New.php
10 Sep 2020 12:08:51|30|pritirm@forstarfoods.com|DailyCatchEntry_New.php
10 Sep 2020 12:08:53|30|pritirm@forstarfoods.com|DailyCatchEntry_New.php
10 Sep 2020 12:08:54|30|pritirm@forstarfoods.com|DailyCatchEntry_New.php
10 Sep 2020 12:08:55|30|pritirm@forstarfoods.com|DailyCatchEntry_New.php
10 Sep 2020 12:08:56|30|pritirm@forstarfoods.com|DailyCatchEntry_New.php
10 Sep 2020 12:08:58|30|pritirm@forstarfoods.com|DailyCatchEntry_New.php
10 Sep 2020 12:08:59|30|pritirm@forstarfoods.com|DailyCatchEntry_New.php
10 Sep 2020 12:09:00|30|pritirm@forstarfoods.com|DailyCatchEntry_New.php
10 Sep 2020 12:09:01|30|pritirm@forstarfoods.com|DailyCatchEntry_New.php
10 Sep 2020 12:09:05|30|pritirm@forstarfoods.com|DailyCatchEntry_New.php
10 Sep 2020 12:09:06|30|pritirm@forstarfoods.com|CatchEntryDeclaredItem.php
10 Sep 2020 12:09:08|30|pritirm@forstarfoods.com|DailyCatchEntry_New.php
10 Sep 2020 12:09:10|30|pritirm@forstarfoods.com|DailyCatchEntry_New.php
10 Sep 2020 12:09:13|30|pritirm@forstarfoods.com|DailyCatchEntry_New.php
10 Sep 2020 12:09:14|30|pritirm@forstarfoods.com|DailyCatchEntry_New.php
10 Sep 2020 12:09:15|30|pritirm@forstarfoods.com|DailyCatchEntry_New.php
10 Sep 2020 12:09:17|30|pritirm@forstarfoods.com|DailyCatchEntry_New.php
10 Sep 2020 12:09:18|30|pritirm@forstarfoods.com|DailyCatchEntry_New.php
10 Sep 2020 12:09:19|30|pritirm@forstarfoods.com|DailyCatchEntry_New.php
10 Sep 2020 12:09:20|30|pritirm@forstarfoods.com|DailyCatchEntry_New.php
10 Sep 2020 12:09:22|30|pritirm@forstarfoods.com|DailyCatchEntry_New.php
10 Sep 2020 12:09:23|30|pritirm@forstarfoods.com|DailyCatchEntry_New.php
10 Sep 2020 12:09:24|30|pritirm@forstarfoods.com|DailyCatchEntry_New.php
10 Sep 2020 12:09:25|30|pritirm@forstarfoods.com|DailyCatchEntry_New.php
10 Sep 2020 12:09:27|30|pritirm@forstarfoods.com|DailyCatchEntry_New.php
10 Sep 2020 12:09:28|30|pritirm@forstarfoods.com|DailyCatchEntry_New.php
10 Sep 2020 12:09:29|30|pritirm@forstarfoods.com|DailyCatchEntry_New.php
10 Sep 2020 12:09:30|30|pritirm@forstarfoods.com|DailyCatchEntry_New.php
10 Sep 2020 12:09:32|30|pritirm@forstarfoods.com|DailyCatchEntry_New.php
10 Sep 2020 12:09:33|30|pritirm@forstarfoods.com|DailyCatchEntry_New.php
10 Sep 2020 12:09:34|30|pritirm@forstarfoods.com|DailyCatchEntry_New.php
10 Sep 2020 12:09:35|30|pritirm@forstarfoods.com|DailyCatchEntry_New.php
10 Sep 2020 12:09:38|30|pritirm@forstarfoods.com|DailyCatchEntry_New.php
10 Sep 2020 12:09:40|30|pritirm@forstarfoods.com|CatchEntryDeclaredItem.php
10 Sep 2020 12:09:42|30|pritirm@forstarfoods.com|DailyCatchEntry_New.php
10 Sep 2020 12:09:45|30|pritirm@forstarfoods.com|DailyCatchEntry_New.php
10 Sep 2020 12:09:48|30|pritirm@forstarfoods.com|DailyCatchEntry_New.php
10 Sep 2020 12:09:49|30|pritirm@forstarfoods.com|DailyCatchEntry_New.php
10 Sep 2020 12:09:50|30|pritirm@forstarfoods.com|DailyCatchEntry_New.php
10 Sep 2020 12:09:51|30|pritirm@forstarfoods.com|DailyCatchEntry_New.php
10 Sep 2020 12:09:53|30|pritirm@forstarfoods.com|DailyCatchEntry_New.php
10 Sep 2020 12:09:54|30|pritirm@forstarfoods.com|DailyCatchEntry_New.php
10 Sep 2020 12:09:55|30|pritirm@forstarfoods.com|DailyCatchEntry_New.php
10 Sep 2020 12:09:56|30|pritirm@forstarfoods.com|DailyCatchEntry_New.php
10 Sep 2020 12:09:58|30|pritirm@forstarfoods.com|DailyCatchEntry_New.php
10 Sep 2020 12:09:59|30|pritirm@forstarfoods.com|DailyCatchEntry_New.php
10 Sep 2020 12:10:00|30|pritirm@forstarfoods.com|DailyCatchEntry_New.php
10 Sep 2020 12:10:01|30|pritirm@forstarfoods.com|DailyCatchEntry_New.php
10 Sep 2020 12:10:03|30|pritirm@forstarfoods.com|DailyCatchEntry_New.php
10 Sep 2020 12:10:04|30|pritirm@forstarfoods.com|DailyCatchEntry_New.php
10 Sep 2020 12:10:05|30|pritirm@forstarfoods.com|DailyCatchEntry_New.php
10 Sep 2020 12:10:06|30|pritirm@forstarfoods.com|DailyCatchEntry_New.php
10 Sep 2020 12:10:07|30|pritirm@forstarfoods.com|DailyCatchEntry_New.php
10 Sep 2020 12:10:10|30|pritirm@forstarfoods.com|DailyCatchEntry_New.php
10 Sep 2020 12:10:11|30|pritirm@forstarfoods.com|CatchEntryDeclaredItem.php
10 Sep 2020 12:10:15|30|pritirm@forstarfoods.com|DailyCatchEntry_New.php
10 Sep 2020 12:10:17|30|pritirm@forstarfoods.com|DailyCatchEntry_New.php
10 Sep 2020 12:10:18|30|pritirm@forstarfoods.com|DailyCatchEntry_New.php
10 Sep 2020 12:10:20|30|pritirm@forstarfoods.com|DailyCatchEntry_New.php
10 Sep 2020 12:10:21|30|pritirm@forstarfoods.com|DailyCatchEntry_New.php
10 Sep 2020 12:10:22|30|pritirm@forstarfoods.com|DailyCatchEntry_New.php
10 Sep 2020 12:10:24|30|pritirm@forstarfoods.com|DailyCatchEntry_New.php
10 Sep 2020 12:10:25|30|pritirm@forstarfoods.com|DailyCatchEntry_New.php
10 Sep 2020 12:10:26|30|pritirm@forstarfoods.com|DailyCatchEntry_New.php
10 Sep 2020 12:10:27|30|pritirm@forstarfoods.com|DailyCatchEntry_New.php
10 Sep 2020 12:10:29|30|pritirm@forstarfoods.com|DailyCatchEntry_New.php
10 Sep 2020 12:10:30|30|pritirm@forstarfoods.com|DailyCatchEntry_New.php
10 Sep 2020 12:10:31|30|pritirm@forstarfoods.com|DailyCatchEntry_New.php
10 Sep 2020 12:10:32|30|pritirm@forstarfoods.com|DailyCatchEntry_New.php
10 Sep 2020 12:10:33|30|pritirm@forstarfoods.com|DailyCatchEntry_New.php
10 Sep 2020 12:10:35|30|pritirm@forstarfoods.com|DailyCatchEntry_New.php
10 Sep 2020 12:10:36|30|pritirm@forstarfoods.com|DailyCatchEntry_New.php
10 Sep 2020 12:10:37|30|pritirm@forstarfoods.com|DailyCatchEntry_New.php
10 Sep 2020 12:10:38|30|pritirm@forstarfoods.com|DailyCatchEntry_New.php
10 Sep 2020 12:10:40|30|pritirm@forstarfoods.com|DailyCatchEntry_New.php
10 Sep 2020 12:10:42|30|pritirm@forstarfoods.com|DailyCatchEntry_New.php
10 Sep 2020 12:10:44|30|pritirm@forstarfoods.com|CatchEntryDeclaredItem.php
10 Sep 2020 12:10:46|30|pritirm@forstarfoods.com|DailyCatchEntry_New.php
10 Sep 2020 12:10:48|30|pritirm@forstarfoods.com|DailyCatchEntry_New.php
10 Sep 2020 12:10:50|30|pritirm@forstarfoods.com|DailyCatchEntry_New.php
10 Sep 2020 12:10:51|30|pritirm@forstarfoods.com|DailyCatchEntry_New.php
10 Sep 2020 12:10:52|30|pritirm@forstarfoods.com|DailyCatchEntry_New.php
10 Sep 2020 12:10:54|30|pritirm@forstarfoods.com|DailyCatchEntry_New.php
10 Sep 2020 12:10:55|30|pritirm@forstarfoods.com|DailyCatchEntry_New.php
10 Sep 2020 12:10:56|30|pritirm@forstarfoods.com|DailyCatchEntry_New.php
10 Sep 2020 12:10:57|30|pritirm@forstarfoods.com|DailyCatchEntry_New.php
10 Sep 2020 12:10:59|30|pritirm@forstarfoods.com|DailyCatchEntry_New.php
10 Sep 2020 12:11:00|30|pritirm@forstarfoods.com|DailyCatchEntry_New.php
10 Sep 2020 12:11:01|30|pritirm@forstarfoods.com|DailyCatchEntry_New.php
10 Sep 2020 12:11:02|30|pritirm@forstarfoods.com|DailyCatchEntry_New.php
10 Sep 2020 12:11:04|30|pritirm@forstarfoods.com|DailyCatchEntry_New.php
10 Sep 2020 12:11:05|30|pritirm@forstarfoods.com|DailyCatchEntry_New.php
10 Sep 2020 12:11:07|30|pritirm@forstarfoods.com|DailyCatchEntry_New.php
10 Sep 2020 12:11:09|30|pritirm@forstarfoods.com|CatchEntryDeclaredItem.php
10 Sep 2020 12:13:30|30|pritirm@forstarfoods.com|DailyCatchEntry_New.php
10 Sep 2020 12:13:31|30|pritirm@forstarfoods.com|DailyCatchEntry_New.php
10 Sep 2020 12:13:32|30|pritirm@forstarfoods.com|DailyCatchEntry_New.php
10 Sep 2020 12:13:38|30|pritirm@forstarfoods.com|DailyCatchEntry_New.php
10 Sep 2020 12:13:42|30|pritirm@forstarfoods.com|DailyCatchEntry_New.php
10 Sep 2020 12:13:44|30|pritirm@forstarfoods.com|CatchEntryDeclaredItem.php
10 Sep 2020 12:13:48|30|pritirm@forstarfoods.com|DailyCatchEntry_New.php
10 Sep 2020 12:13:49|30|pritirm@forstarfoods.com|DailyCatchEntry_New.php
10 Sep 2020 12:13:53|30|pritirm@forstarfoods.com|DailyCatchEntry_New.php
10 Sep 2020 12:13:54|30|pritirm@forstarfoods.com|DailyCatchEntry_New.php
10 Sep 2020 12:13:56|30|pritirm@forstarfoods.com|DailyCatchEntry_New.php
10 Sep 2020 12:13:57|30|pritirm@forstarfoods.com|DailyCatchEntry_New.php
10 Sep 2020 12:13:58|30|pritirm@forstarfoods.com|CatchEntryDeclaredItem.php
10 Sep 2020 12:13:59|30|pritirm@forstarfoods.com|DailyCatchEntry_New.php
10 Sep 2020 12:14:01|30|pritirm@forstarfoods.com|DailyCatchEntry_New.php
10 Sep 2020 12:14:02|30|pritirm@forstarfoods.com|DailyCatchEntry_New.php
10 Sep 2020 12:14:03|30|pritirm@forstarfoods.com|DailyCatchEntry_New.php
10 Sep 2020 12:14:05|30|pritirm@forstarfoods.com|DailyCatchEntry_New.php
10 Sep 2020 12:14:06|30|pritirm@forstarfoods.com|DailyCatchEntry_New.php
10 Sep 2020 12:14:13|30|pritirm@forstarfoods.com|DailyCatchEntry_New.php
10 Sep 2020 12:14:14|30|pritirm@forstarfoods.com|DailyCatchEntry_New.php
10 Sep 2020 12:14:15|30|pritirm@forstarfoods.com|DailyCatchEntry_New.php
10 Sep 2020 12:14:53|30|pritirm@forstarfoods.com|DailyCatchEntry_New.php
10 Sep 2020 12:14:56|30|pritirm@forstarfoods.com|DailyCatchEntry_New.php
10 Sep 2020 12:14:57|30|pritirm@forstarfoods.com|CatchEntryDeclaredItem.php
10 Sep 2020 12:15:06|30|pritirm@forstarfoods.com|DailyCatchEntry_New.php
10 Sep 2020 12:15:07|30|pritirm@forstarfoods.com|DailyCatchEntry_New.php
10 Sep 2020 12:15:09|30|pritirm@forstarfoods.com|DailyCatchEntry_New.php
10 Sep 2020 12:15:27|30|pritirm@forstarfoods.com|DailyCatchEntry_New.php
10 Sep 2020 12:15:31|30|pritirm@forstarfoods.com|DailyCatchEntry_New.php
10 Sep 2020 12:15:36|30|pritirm@forstarfoods.com|DailyCatchEntry_New.php
10 Sep 2020 12:15:37|30|pritirm@forstarfoods.com|DailyCatchEntry_New.php
10 Sep 2020 12:15:39|30|pritirm@forstarfoods.com|DailyCatchEntry_New.php
10 Sep 2020 12:15:40|30|pritirm@forstarfoods.com|DailyCatchEntry_New.php
10 Sep 2020 12:15:41|30|pritirm@forstarfoods.com|DailyCatchEntry_New.php
10 Sep 2020 12:15:42|30|pritirm@forstarfoods.com|DailyCatchEntry_New.php
10 Sep 2020 12:15:44|30|pritirm@forstarfoods.com|DailyCatchEntry_New.php
10 Sep 2020 12:15:45|30|pritirm@forstarfoods.com|DailyCatchEntry_New.php
10 Sep 2020 12:15:46|30|pritirm@forstarfoods.com|DailyCatchEntry_New.php
10 Sep 2020 12:15:47|30|pritirm@forstarfoods.com|DailyCatchEntry_New.php
10 Sep 2020 12:15:49|30|pritirm@forstarfoods.com|DailyCatchEntry_New.php
10 Sep 2020 12:15:50|30|pritirm@forstarfoods.com|DailyCatchEntry_New.php
10 Sep 2020 12:15:51|30|pritirm@forstarfoods.com|DailyCatchEntry_New.php
10 Sep 2020 12:15:52|30|pritirm@forstarfoods.com|DailyCatchEntry_New.php
10 Sep 2020 12:15:53|30|pritirm@forstarfoods.com|DailyCatchEntry_New.php
10 Sep 2020 12:15:56|30|pritirm@forstarfoods.com|DailyCatchEntry_New.php
10 Sep 2020 12:15:57|30|pritirm@forstarfoods.com|CatchEntryDeclaredItem.php
10 Sep 2020 12:16:02|30|pritirm@forstarfoods.com|DailyCatchEntry_New.php
10 Sep 2020 12:16:04|30|pritirm@forstarfoods.com|DailyCatchEntry_New.php
10 Sep 2020 12:16:06|30|pritirm@forstarfoods.com|DailyCatchEntry_New.php
10 Sep 2020 12:16:08|30|pritirm@forstarfoods.com|DailyCatchEntry_New.php
10 Sep 2020 12:16:09|30|pritirm@forstarfoods.com|DailyCatchEntry_New.php
10 Sep 2020 12:16:10|30|pritirm@forstarfoods.com|DailyCatchEntry_New.php
10 Sep 2020 12:16:11|30|pritirm@forstarfoods.com|DailyCatchEntry_New.php
10 Sep 2020 12:16:13|30|pritirm@forstarfoods.com|DailyCatchEntry_New.php
10 Sep 2020 12:16:14|30|pritirm@forstarfoods.com|DailyCatchEntry_New.php
10 Sep 2020 12:16:15|30|pritirm@forstarfoods.com|DailyCatchEntry_New.php
10 Sep 2020 12:16:16|30|pritirm@forstarfoods.com|DailyCatchEntry_New.php
10 Sep 2020 12:16:18|30|pritirm@forstarfoods.com|DailyCatchEntry_New.php
10 Sep 2020 12:16:19|30|pritirm@forstarfoods.com|DailyCatchEntry_New.php
10 Sep 2020 12:16:20|30|pritirm@forstarfoods.com|DailyCatchEntry_New.php
10 Sep 2020 12:16:21|30|pritirm@forstarfoods.com|DailyCatchEntry_New.php
10 Sep 2020 12:16:23|30|pritirm@forstarfoods.com|DailyCatchEntry_New.php
10 Sep 2020 12:16:24|30|pritirm@forstarfoods.com|DailyCatchEntry_New.php
10 Sep 2020 12:16:25|30|pritirm@forstarfoods.com|DailyCatchEntry_New.php
10 Sep 2020 12:16:26|30|pritirm@forstarfoods.com|DailyCatchEntry_New.php
10 Sep 2020 12:16:32|30|pritirm@forstarfoods.com|DailyCatchEntry_New.php
10 Sep 2020 12:16:33|30|pritirm@forstarfoods.com|CatchEntryDeclaredItem.php
10 Sep 2020 12:16:40|30|pritirm@forstarfoods.com|DailyCatchEntry_New.php
10 Sep 2020 12:16:42|30|pritirm@forstarfoods.com|DailyCatchEntry_New.php
10 Sep 2020 12:16:45|30|pritirm@forstarfoods.com|DailyCatchEntry_New.php
10 Sep 2020 12:16:46|30|pritirm@forstarfoods.com|DailyCatchEntry_New.php
10 Sep 2020 12:16:48|30|pritirm@forstarfoods.com|DailyCatchEntry_New.php
10 Sep 2020 12:16:49|30|pritirm@forstarfoods.com|DailyCatchEntry_New.php
10 Sep 2020 12:16:50|30|pritirm@forstarfoods.com|DailyCatchEntry_New.php
10 Sep 2020 12:16:51|30|pritirm@forstarfoods.com|DailyCatchEntry_New.php
10 Sep 2020 12:16:53|30|pritirm@forstarfoods.com|DailyCatchEntry_New.php
10 Sep 2020 12:16:54|30|pritirm@forstarfoods.com|DailyCatchEntry_New.php
10 Sep 2020 12:16:55|30|pritirm@forstarfoods.com|DailyCatchEntry_New.php
10 Sep 2020 12:16:56|30|pritirm@forstarfoods.com|DailyCatchEntry_New.php
10 Sep 2020 12:16:58|30|pritirm@forstarfoods.com|DailyCatchEntry_New.php
10 Sep 2020 12:16:59|30|pritirm@forstarfoods.com|DailyCatchEntry_New.php
10 Sep 2020 12:17:00|30|pritirm@forstarfoods.com|DailyCatchEntry_New.php
10 Sep 2020 12:17:01|30|pritirm@forstarfoods.com|DailyCatchEntry_New.php
10 Sep 2020 12:17:02|30|pritirm@forstarfoods.com|DailyCatchEntry_New.php
10 Sep 2020 12:17:04|30|pritirm@forstarfoods.com|DailyCatchEntry_New.php
10 Sep 2020 12:17:05|30|pritirm@forstarfoods.com|DailyCatchEntry_New.php
10 Sep 2020 12:17:07|30|pritirm@forstarfoods.com|DailyCatchEntry_New.php
10 Sep 2020 12:17:09|30|pritirm@forstarfoods.com|CatchEntryDeclaredItem.php
10 Sep 2020 12:17:13|30|pritirm@forstarfoods.com|DailyCatchEntry_New.php
10 Sep 2020 12:17:16|30|pritirm@forstarfoods.com|DailyCatchEntry_New.php
10 Sep 2020 12:17:18|30|pritirm@forstarfoods.com|DailyCatchEntry_New.php
10 Sep 2020 12:17:19|30|pritirm@forstarfoods.com|DailyCatchEntry_New.php
10 Sep 2020 12:17:21|30|pritirm@forstarfoods.com|DailyCatchEntry_New.php
10 Sep 2020 12:17:22|30|pritirm@forstarfoods.com|DailyCatchEntry_New.php
10 Sep 2020 12:17:23|30|pritirm@forstarfoods.com|DailyCatchEntry_New.php
10 Sep 2020 12:17:24|30|pritirm@forstarfoods.com|DailyCatchEntry_New.php
10 Sep 2020 12:17:26|30|pritirm@forstarfoods.com|DailyCatchEntry_New.php
10 Sep 2020 12:17:27|30|pritirm@forstarfoods.com|DailyCatchEntry_New.php
10 Sep 2020 12:17:28|30|pritirm@forstarfoods.com|DailyCatchEntry_New.php
10 Sep 2020 12:17:29|30|pritirm@forstarfoods.com|DailyCatchEntry_New.php
10 Sep 2020 12:17:31|30|pritirm@forstarfoods.com|DailyCatchEntry_New.php
10 Sep 2020 12:17:32|30|pritirm@forstarfoods.com|DailyCatchEntry_New.php
10 Sep 2020 12:17:33|30|pritirm@forstarfoods.com|DailyCatchEntry_New.php
10 Sep 2020 12:17:34|30|pritirm@forstarfoods.com|DailyCatchEntry_New.php
10 Sep 2020 12:17:36|30|pritirm@forstarfoods.com|DailyCatchEntry_New.php
10 Sep 2020 12:17:37|30|pritirm@forstarfoods.com|DailyCatchEntry_New.php
10 Sep 2020 12:17:38|30|pritirm@forstarfoods.com|DailyCatchEntry_New.php
10 Sep 2020 12:17:40|30|pritirm@forstarfoods.com|DailyCatchEntry_New.php
10 Sep 2020 12:17:42|30|pritirm@forstarfoods.com|CatchEntryDeclaredItem.php
10 Sep 2020 12:23:15|20|shiji@forstarfoods.com|Home.php
10 Sep 2020 12:23:45|20|shiji@forstarfoods.com|DailyCatchReport.php
10 Sep 2020 12:23:55|20|shiji@forstarfoods.com|DailyCatchReport.php
10 Sep 2020 12:23:59|20|shiji@forstarfoods.com|DailyCatchReport.php
10 Sep 2020 12:24:01|20|shiji@forstarfoods.com|DailyCatchReport.php
10 Sep 2020 12:24:03|20|shiji@forstarfoods.com|DailyCatchReport.php
10 Sep 2020 12:24:04|20|shiji@forstarfoods.com|DailyCatchReport.php
10 Sep 2020 12:24:06|20|shiji@forstarfoods.com|PrintDailyCatchReportMemo.php
10 Sep 2020 12:24:49|20|shiji@forstarfoods.com|PrintDailyCatchReportMemo.php
10 Sep 2020 12:37:19|20|shiji@forstarfoods.com|DailyCatchReport.php
10 Sep 2020 12:37:21|20|shiji@forstarfoods.com|DailyCatchReport.php
10 Sep 2020 12:37:22|20|shiji@forstarfoods.com|DailyCatchReport.php
10 Sep 2020 12:37:28|20|shiji@forstarfoods.com|SupplierAccount.php
10 Sep 2020 12:37:35|20|shiji@forstarfoods.com|SupplierAccount.php
10 Sep 2020 12:37:38|20|shiji@forstarfoods.com|SupplierAccount.php
10 Sep 2020 12:37:41|20|shiji@forstarfoods.com|SupplierAccount.php
10 Sep 2020 12:37:46|20|shiji@forstarfoods.com|SupplierAccount.php
10 Sep 2020 12:38:25|20|shiji@forstarfoods.com|SupplierAccount.php
10 Sep 2020 12:42:58|20|shiji@forstarfoods.com|DailyCatchSummary.php
10 Sep 2020 12:43:02|20|shiji@forstarfoods.com|DailyCatchSummary.php
10 Sep 2020 12:43:11|20|shiji@forstarfoods.com|DailyCatchSummary.php
10 Sep 2020 12:43:13|20|shiji@forstarfoods.com|DailyCatchSummary.php
10 Sep 2020 12:43:26|20|shiji@forstarfoods.com|DailyCatchSummary.php
10 Sep 2020 12:43:36|20|shiji@forstarfoods.com|DailyCatchSummary.php
10 Sep 2020 12:44:08|20|shiji@forstarfoods.com|DailyCatchReport.php
10 Sep 2020 12:44:15|20|shiji@forstarfoods.com|DailyCatchReport.php
10 Sep 2020 12:44:22|20|shiji@forstarfoods.com|DailyCatchReport.php
10 Sep 2020 12:44:25|20|shiji@forstarfoods.com|DailyCatchReport.php
10 Sep 2020 12:44:26|20|shiji@forstarfoods.com|DailyCatchReport.php
10 Sep 2020 12:44:28|20|shiji@forstarfoods.com|DailyCatchReport.php
10 Sep 2020 12:44:29|20|shiji@forstarfoods.com|PrintDailyCatchReportMemo.php
10 Sep 2020 12:46:07|20|shiji@forstarfoods.com|SupplierAccount.php
10 Sep 2020 12:46:19|20|shiji@forstarfoods.com|SupplierAccount.php
10 Sep 2020 12:46:28|20|shiji@forstarfoods.com|SupplierAccount.php
10 Sep 2020 12:46:31|20|shiji@forstarfoods.com|SupplierAccount.php
10 Sep 2020 12:46:36|20|shiji@forstarfoods.com|SupplierAccount.php
10 Sep 2020 12:48:14|30|pritirm@forstarfoods.com|Home.php
10 Sep 2020 12:49:27|30|pritirm@forstarfoods.com|DailyCatchEntry_New.php
10 Sep 2020 12:49:32|30|pritirm@forstarfoods.com|DailyCatchEntry_New.php
10 Sep 2020 12:49:33|30|pritirm@forstarfoods.com|DailyCatchEntry_New.php
10 Sep 2020 12:49:35|30|pritirm@forstarfoods.com|DailyCatchEntry_New.php
10 Sep 2020 12:49:36|30|pritirm@forstarfoods.com|DailyCatchEntry_New.php
10 Sep 2020 12:49:37|30|pritirm@forstarfoods.com|CatchEntryDeclaredItem.php
10 Sep 2020 12:49:38|30|pritirm@forstarfoods.com|DailyCatchEntry_New.php
10 Sep 2020 12:49:41|30|pritirm@forstarfoods.com|DailyCatchEntry_New.php
10 Sep 2020 12:49:42|30|pritirm@forstarfoods.com|DailyCatchEntry_New.php
10 Sep 2020 12:49:43|30|pritirm@forstarfoods.com|DailyCatchEntry_New.php
10 Sep 2020 12:49:45|30|pritirm@forstarfoods.com|DailyCatchEntry_New.php
10 Sep 2020 12:49:46|30|pritirm@forstarfoods.com|DailyCatchEntry_New.php
10 Sep 2020 12:49:48|30|pritirm@forstarfoods.com|DailyCatchEntry_New.php
10 Sep 2020 12:49:49|30|pritirm@forstarfoods.com|DailyCatchEntry_New.php
10 Sep 2020 12:49:50|30|pritirm@forstarfoods.com|DailyCatchEntry_New.php
10 Sep 2020 12:49:54|30|pritirm@forstarfoods.com|DailyCatchEntry_New.php
10 Sep 2020 12:49:57|30|pritirm@forstarfoods.com|DailyCatchEntry_New.php
10 Sep 2020 12:49:58|30|pritirm@forstarfoods.com|CatchEntryDeclaredItem.php
10 Sep 2020 12:50:11|30|pritirm@forstarfoods.com|DailyCatchEntry_New.php
10 Sep 2020 12:50:13|30|pritirm@forstarfoods.com|DailyCatchEntry_New.php
10 Sep 2020 12:50:14|30|pritirm@forstarfoods.com|DailyCatchEntry_New.php
10 Sep 2020 12:51:01|30|pritirm@forstarfoods.com|DailyCatchEntry_New.php
10 Sep 2020 12:51:13|30|pritirm@forstarfoods.com|DailyCatchEntry_New.php
10 Sep 2020 12:51:22|30|pritirm@forstarfoods.com|DailyCatchEntry_New.php
10 Sep 2020 12:51:24|30|pritirm@forstarfoods.com|DailyCatchEntry_New.php
10 Sep 2020 12:51:25|30|pritirm@forstarfoods.com|DailyCatchEntry_New.php
10 Sep 2020 12:51:26|30|pritirm@forstarfoods.com|DailyCatchEntry_New.php
10 Sep 2020 12:51:27|30|pritirm@forstarfoods.com|DailyCatchEntry_New.php
10 Sep 2020 12:51:29|30|pritirm@forstarfoods.com|DailyCatchEntry_New.php
10 Sep 2020 12:51:30|30|pritirm@forstarfoods.com|DailyCatchEntry_New.php
10 Sep 2020 12:51:31|30|pritirm@forstarfoods.com|DailyCatchEntry_New.php
10 Sep 2020 12:51:32|30|pritirm@forstarfoods.com|DailyCatchEntry_New.php
10 Sep 2020 12:51:33|30|pritirm@forstarfoods.com|DailyCatchEntry_New.php
10 Sep 2020 12:51:35|30|pritirm@forstarfoods.com|DailyCatchEntry_New.php
10 Sep 2020 12:51:36|30|pritirm@forstarfoods.com|DailyCatchEntry_New.php
10 Sep 2020 12:51:37|30|pritirm@forstarfoods.com|DailyCatchEntry_New.php
10 Sep 2020 12:51:38|30|pritirm@forstarfoods.com|DailyCatchEntry_New.php
10 Sep 2020 12:51:40|30|pritirm@forstarfoods.com|DailyCatchEntry_New.php
10 Sep 2020 12:51:50|30|pritirm@forstarfoods.com|DailyCatchEntry_New.php
10 Sep 2020 12:51:51|30|pritirm@forstarfoods.com|CatchEntryDeclaredItem.php
10 Sep 2020 12:51:55|30|pritirm@forstarfoods.com|DailyCatchEntry_New.php
10 Sep 2020 12:51:57|30|pritirm@forstarfoods.com|DailyCatchEntry_New.php
10 Sep 2020 12:51:59|30|pritirm@forstarfoods.com|DailyCatchEntry_New.php
10 Sep 2020 12:52:00|30|pritirm@forstarfoods.com|DailyCatchEntry_New.php
10 Sep 2020 12:52:02|30|pritirm@forstarfoods.com|DailyCatchEntry_New.php
10 Sep 2020 12:52:03|30|pritirm@forstarfoods.com|DailyCatchEntry_New.php
10 Sep 2020 12:52:04|30|pritirm@forstarfoods.com|DailyCatchEntry_New.php
10 Sep 2020 12:52:05|30|pritirm@forstarfoods.com|DailyCatchEntry_New.php
10 Sep 2020 12:52:06|30|pritirm@forstarfoods.com|DailyCatchEntry_New.php
10 Sep 2020 12:52:08|30|pritirm@forstarfoods.com|DailyCatchEntry_New.php
10 Sep 2020 12:52:09|30|pritirm@forstarfoods.com|DailyCatchEntry_New.php
10 Sep 2020 12:52:10|30|pritirm@forstarfoods.com|DailyCatchEntry_New.php
10 Sep 2020 12:52:11|30|pritirm@forstarfoods.com|DailyCatchEntry_New.php
10 Sep 2020 12:52:13|30|pritirm@forstarfoods.com|DailyCatchEntry_New.php
10 Sep 2020 12:52:14|30|pritirm@forstarfoods.com|DailyCatchEntry_New.php
10 Sep 2020 12:52:15|30|pritirm@forstarfoods.com|DailyCatchEntry_New.php
10 Sep 2020 12:52:16|30|pritirm@forstarfoods.com|DailyCatchEntry_New.php
10 Sep 2020 12:52:18|30|pritirm@forstarfoods.com|DailyCatchEntry_New.php
10 Sep 2020 12:52:19|30|pritirm@forstarfoods.com|DailyCatchEntry_New.php
10 Sep 2020 12:52:22|30|pritirm@forstarfoods.com|DailyCatchEntry_New.php
10 Sep 2020 12:52:23|30|pritirm@forstarfoods.com|CatchEntryDeclaredItem.php
10 Sep 2020 12:52:50|30|pritirm@forstarfoods.com|DailyCatchEntry_New.php
10 Sep 2020 12:52:52|30|pritirm@forstarfoods.com|DailyCatchEntry_New.php
10 Sep 2020 12:52:55|30|pritirm@forstarfoods.com|DailyCatchEntry_New.php
10 Sep 2020 12:52:56|30|pritirm@forstarfoods.com|DailyCatchEntry_New.php
10 Sep 2020 12:52:57|30|pritirm@forstarfoods.com|DailyCatchEntry_New.php
10 Sep 2020 12:52:59|30|pritirm@forstarfoods.com|DailyCatchEntry_New.php
10 Sep 2020 12:53:00|30|pritirm@forstarfoods.com|DailyCatchEntry_New.php
10 Sep 2020 12:53:01|30|pritirm@forstarfoods.com|DailyCatchEntry_New.php
10 Sep 2020 12:53:02|30|pritirm@forstarfoods.com|DailyCatchEntry_New.php
10 Sep 2020 12:53:03|30|pritirm@forstarfoods.com|DailyCatchEntry_New.php
10 Sep 2020 12:53:05|30|pritirm@forstarfoods.com|DailyCatchEntry_New.php
10 Sep 2020 12:53:06|30|pritirm@forstarfoods.com|DailyCatchEntry_New.php
10 Sep 2020 12:53:07|30|pritirm@forstarfoods.com|DailyCatchEntry_New.php
10 Sep 2020 12:53:08|30|pritirm@forstarfoods.com|DailyCatchEntry_New.php
10 Sep 2020 12:53:10|30|pritirm@forstarfoods.com|DailyCatchEntry_New.php
10 Sep 2020 12:53:11|30|pritirm@forstarfoods.com|DailyCatchEntry_New.php
10 Sep 2020 12:53:12|30|pritirm@forstarfoods.com|DailyCatchEntry_New.php
10 Sep 2020 12:53:13|30|pritirm@forstarfoods.com|DailyCatchEntry_New.php
10 Sep 2020 12:53:15|30|pritirm@forstarfoods.com|DailyCatchEntry_New.php
10 Sep 2020 12:53:18|30|pritirm@forstarfoods.com|DailyCatchEntry_New.php
10 Sep 2020 12:53:19|30|pritirm@forstarfoods.com|CatchEntryDeclaredItem.php
10 Sep 2020 12:53:22|30|pritirm@forstarfoods.com|DailyCatchEntry_New.php
10 Sep 2020 12:53:27|30|pritirm@forstarfoods.com|DailyCatchEntry_New.php
10 Sep 2020 12:53:31|30|pritirm@forstarfoods.com|DailyCatchEntry_New.php
10 Sep 2020 12:53:32|30|pritirm@forstarfoods.com|DailyCatchEntry_New.php
10 Sep 2020 12:53:34|30|pritirm@forstarfoods.com|DailyCatchEntry_New.php
10 Sep 2020 12:53:35|30|pritirm@forstarfoods.com|DailyCatchEntry_New.php
10 Sep 2020 12:53:36|30|pritirm@forstarfoods.com|DailyCatchEntry_New.php
10 Sep 2020 12:53:37|30|pritirm@forstarfoods.com|DailyCatchEntry_New.php
10 Sep 2020 12:53:38|30|pritirm@forstarfoods.com|DailyCatchEntry_New.php
10 Sep 2020 12:53:40|30|pritirm@forstarfoods.com|DailyCatchEntry_New.php
10 Sep 2020 12:53:41|30|pritirm@forstarfoods.com|DailyCatchEntry_New.php
10 Sep 2020 12:53:42|30|pritirm@forstarfoods.com|DailyCatchEntry_New.php
10 Sep 2020 12:53:43|30|pritirm@forstarfoods.com|DailyCatchEntry_New.php
10 Sep 2020 12:53:45|30|pritirm@forstarfoods.com|DailyCatchEntry_New.php
10 Sep 2020 12:53:46|30|pritirm@forstarfoods.com|DailyCatchEntry_New.php
10 Sep 2020 12:53:47|30|pritirm@forstarfoods.com|DailyCatchEntry_New.php
10 Sep 2020 12:53:48|30|pritirm@forstarfoods.com|DailyCatchEntry_New.php
10 Sep 2020 12:53:50|30|pritirm@forstarfoods.com|DailyCatchEntry_New.php
10 Sep 2020 12:53:51|30|pritirm@forstarfoods.com|DailyCatchEntry_New.php
10 Sep 2020 12:54:00|30|pritirm@forstarfoods.com|DailyCatchEntry_New.php
10 Sep 2020 12:54:01|30|pritirm@forstarfoods.com|CatchEntryDeclaredItem.php
10 Sep 2020 12:54:34|30|pritirm@forstarfoods.com|DailyCatchEntry_New.php
10 Sep 2020 12:54:59|30|pritirm@forstarfoods.com|DailyCatchEntry_New.php
10 Sep 2020 12:55:00|30|pritirm@forstarfoods.com|DailyCatchEntry_New.php
10 Sep 2020 12:55:01|30|pritirm@forstarfoods.com|DailyCatchEntry_New.php
10 Sep 2020 12:55:06|30|pritirm@forstarfoods.com|DailyCatchEntry_New.php
10 Sep 2020 12:55:08|30|pritirm@forstarfoods.com|DailyCatchEntry_New.php
10 Sep 2020 12:55:10|30|pritirm@forstarfoods.com|CatchEntryDeclaredItem.php
10 Sep 2020 12:55:17|30|pritirm@forstarfoods.com|DailyCatchEntry_New.php
10 Sep 2020 12:55:36|30|pritirm@forstarfoods.com|DailyCatchEntry_New.php
10 Sep 2020 12:55:38|30|pritirm@forstarfoods.com|DailyCatchEntry_New.php
10 Sep 2020 12:55:41|30|pritirm@forstarfoods.com|DailyCatchEntry_New.php
10 Sep 2020 12:55:42|30|pritirm@forstarfoods.com|DailyCatchEntry_New.php
10 Sep 2020 12:55:43|30|pritirm@forstarfoods.com|DailyCatchEntry_New.php
10 Sep 2020 12:55:44|30|pritirm@forstarfoods.com|DailyCatchEntry_New.php
10 Sep 2020 12:55:45|30|pritirm@forstarfoods.com|DailyCatchEntry_New.php
10 Sep 2020 12:55:47|30|pritirm@forstarfoods.com|DailyCatchEntry_New.php
10 Sep 2020 12:55:48|30|pritirm@forstarfoods.com|DailyCatchEntry_New.php
10 Sep 2020 12:55:49|30|pritirm@forstarfoods.com|DailyCatchEntry_New.php
10 Sep 2020 12:55:50|30|pritirm@forstarfoods.com|DailyCatchEntry_New.php
10 Sep 2020 12:55:52|30|pritirm@forstarfoods.com|DailyCatchEntry_New.php
10 Sep 2020 12:55:53|30|pritirm@forstarfoods.com|DailyCatchEntry_New.php
10 Sep 2020 12:55:54|30|pritirm@forstarfoods.com|DailyCatchEntry_New.php
10 Sep 2020 12:55:55|30|pritirm@forstarfoods.com|DailyCatchEntry_New.php
10 Sep 2020 12:55:57|30|pritirm@forstarfoods.com|DailyCatchEntry_New.php
10 Sep 2020 12:56:12|30|pritirm@forstarfoods.com|DailyCatchEntry_New.php
10 Sep 2020 12:56:17|30|pritirm@forstarfoods.com|DailyCatchEntry_New.php
10 Sep 2020 12:56:19|30|pritirm@forstarfoods.com|CatchEntryDeclaredItem.php
10 Sep 2020 12:56:22|30|pritirm@forstarfoods.com|DailyCatchEntry_New.php
10 Sep 2020 12:56:24|30|pritirm@forstarfoods.com|DailyCatchEntry_New.php
10 Sep 2020 12:56:26|30|pritirm@forstarfoods.com|DailyCatchEntry_New.php
10 Sep 2020 12:56:27|30|pritirm@forstarfoods.com|DailyCatchEntry_New.php
10 Sep 2020 12:56:28|30|pritirm@forstarfoods.com|DailyCatchEntry_New.php
10 Sep 2020 12:56:30|30|pritirm@forstarfoods.com|DailyCatchEntry_New.php
10 Sep 2020 12:56:31|30|pritirm@forstarfoods.com|DailyCatchEntry_New.php
10 Sep 2020 12:56:32|30|pritirm@forstarfoods.com|DailyCatchEntry_New.php
10 Sep 2020 12:56:33|30|pritirm@forstarfoods.com|DailyCatchEntry_New.php
10 Sep 2020 12:56:34|30|pritirm@forstarfoods.com|DailyCatchEntry_New.php
10 Sep 2020 12:56:36|30|pritirm@forstarfoods.com|DailyCatchEntry_New.php
10 Sep 2020 12:56:37|30|pritirm@forstarfoods.com|DailyCatchEntry_New.php
10 Sep 2020 12:56:38|30|pritirm@forstarfoods.com|DailyCatchEntry_New.php
10 Sep 2020 12:56:39|30|pritirm@forstarfoods.com|DailyCatchEntry_New.php
10 Sep 2020 12:56:41|30|pritirm@forstarfoods.com|DailyCatchEntry_New.php
10 Sep 2020 12:56:42|30|pritirm@forstarfoods.com|DailyCatchEntry_New.php
10 Sep 2020 12:56:43|30|pritirm@forstarfoods.com|DailyCatchEntry_New.php
10 Sep 2020 12:56:44|30|pritirm@forstarfoods.com|DailyCatchEntry_New.php
10 Sep 2020 12:56:46|30|pritirm@forstarfoods.com|DailyCatchEntry_New.php
10 Sep 2020 12:56:49|30|pritirm@forstarfoods.com|DailyCatchEntry_New.php
10 Sep 2020 12:56:51|30|pritirm@forstarfoods.com|CatchEntryDeclaredItem.php
10 Sep 2020 12:56:56|30|pritirm@forstarfoods.com|DailyCatchEntry_New.php
10 Sep 2020 12:56:58|30|pritirm@forstarfoods.com|DailyCatchEntry_New.php
10 Sep 2020 12:57:01|30|pritirm@forstarfoods.com|DailyCatchEntry_New.php
10 Sep 2020 12:57:02|30|pritirm@forstarfoods.com|DailyCatchEntry_New.php
10 Sep 2020 12:57:04|30|pritirm@forstarfoods.com|DailyCatchEntry_New.php
10 Sep 2020 12:57:05|30|pritirm@forstarfoods.com|DailyCatchEntry_New.php
10 Sep 2020 12:57:06|30|pritirm@forstarfoods.com|DailyCatchEntry_New.php
10 Sep 2020 12:57:07|30|pritirm@forstarfoods.com|DailyCatchEntry_New.php
10 Sep 2020 12:57:09|30|pritirm@forstarfoods.com|DailyCatchEntry_New.php
10 Sep 2020 12:57:10|30|pritirm@forstarfoods.com|DailyCatchEntry_New.php
10 Sep 2020 12:57:11|30|pritirm@forstarfoods.com|DailyCatchEntry_New.php
10 Sep 2020 12:57:12|30|pritirm@forstarfoods.com|DailyCatchEntry_New.php
10 Sep 2020 12:57:14|30|pritirm@forstarfoods.com|DailyCatchEntry_New.php
10 Sep 2020 12:57:15|30|pritirm@forstarfoods.com|DailyCatchEntry_New.php
10 Sep 2020 12:57:16|30|pritirm@forstarfoods.com|DailyCatchEntry_New.php
10 Sep 2020 12:57:17|30|pritirm@forstarfoods.com|DailyCatchEntry_New.php
10 Sep 2020 12:57:19|30|pritirm@forstarfoods.com|DailyCatchEntry_New.php
10 Sep 2020 12:57:20|30|pritirm@forstarfoods.com|DailyCatchEntry_New.php
10 Sep 2020 12:57:21|30|pritirm@forstarfoods.com|DailyCatchEntry_New.php
10 Sep 2020 12:57:25|30|pritirm@forstarfoods.com|DailyCatchEntry_New.php
10 Sep 2020 12:57:26|30|pritirm@forstarfoods.com|CatchEntryDeclaredItem.php
10 Sep 2020 12:57:30|30|pritirm@forstarfoods.com|DailyCatchEntry_New.php
10 Sep 2020 12:57:31|30|pritirm@forstarfoods.com|DailyCatchEntry_New.php
10 Sep 2020 12:57:34|30|pritirm@forstarfoods.com|DailyCatchEntry_New.php
10 Sep 2020 12:57:35|30|pritirm@forstarfoods.com|DailyCatchEntry_New.php
10 Sep 2020 12:57:37|30|pritirm@forstarfoods.com|DailyCatchEntry_New.php
10 Sep 2020 12:57:38|30|pritirm@forstarfoods.com|DailyCatchEntry_New.php
10 Sep 2020 12:57:39|30|pritirm@forstarfoods.com|DailyCatchEntry_New.php
10 Sep 2020 12:57:40|30|pritirm@forstarfoods.com|DailyCatchEntry_New.php
10 Sep 2020 12:57:42|30|pritirm@forstarfoods.com|DailyCatchEntry_New.php
10 Sep 2020 12:57:43|30|pritirm@forstarfoods.com|DailyCatchEntry_New.php
10 Sep 2020 12:57:44|30|pritirm@forstarfoods.com|DailyCatchEntry_New.php
10 Sep 2020 12:57:45|30|pritirm@forstarfoods.com|DailyCatchEntry_New.php
10 Sep 2020 12:57:46|30|pritirm@forstarfoods.com|DailyCatchEntry_New.php
10 Sep 2020 12:57:48|30|pritirm@forstarfoods.com|DailyCatchEntry_New.php
10 Sep 2020 12:57:49|30|pritirm@forstarfoods.com|DailyCatchEntry_New.php
10 Sep 2020 12:57:50|30|pritirm@forstarfoods.com|DailyCatchEntry_New.php
10 Sep 2020 12:57:51|30|pritirm@forstarfoods.com|DailyCatchEntry_New.php
10 Sep 2020 12:57:55|30|pritirm@forstarfoods.com|DailyCatchEntry_New.php
10 Sep 2020 12:57:58|30|pritirm@forstarfoods.com|CatchEntryDeclaredItem.php
10 Sep 2020 12:58:03|30|pritirm@forstarfoods.com|DailyCatchEntry_New.php
10 Sep 2020 12:58:05|30|pritirm@forstarfoods.com|DailyCatchEntry_New.php
10 Sep 2020 12:58:08|30|pritirm@forstarfoods.com|DailyCatchEntry_New.php
10 Sep 2020 12:58:09|30|pritirm@forstarfoods.com|DailyCatchEntry_New.php
10 Sep 2020 12:58:10|30|pritirm@forstarfoods.com|DailyCatchEntry_New.php
10 Sep 2020 12:58:12|30|pritirm@forstarfoods.com|DailyCatchEntry_New.php
10 Sep 2020 12:58:13|30|pritirm@forstarfoods.com|DailyCatchEntry_New.php
10 Sep 2020 12:58:14|30|pritirm@forstarfoods.com|DailyCatchEntry_New.php
10 Sep 2020 12:58:15|30|pritirm@forstarfoods.com|DailyCatchEntry_New.php
10 Sep 2020 12:58:17|30|pritirm@forstarfoods.com|DailyCatchEntry_New.php
10 Sep 2020 12:58:18|30|pritirm@forstarfoods.com|DailyCatchEntry_New.php
10 Sep 2020 12:58:19|30|pritirm@forstarfoods.com|DailyCatchEntry_New.php
10 Sep 2020 12:58:20|30|pritirm@forstarfoods.com|DailyCatchEntry_New.php
10 Sep 2020 12:58:22|30|pritirm@forstarfoods.com|DailyCatchEntry_New.php
10 Sep 2020 12:58:23|30|pritirm@forstarfoods.com|DailyCatchEntry_New.php
10 Sep 2020 12:58:24|30|pritirm@forstarfoods.com|DailyCatchEntry_New.php
10 Sep 2020 12:58:25|30|pritirm@forstarfoods.com|DailyCatchEntry_New.php
10 Sep 2020 12:58:27|30|pritirm@forstarfoods.com|DailyCatchEntry_New.php
10 Sep 2020 12:58:30|30|pritirm@forstarfoods.com|DailyCatchEntry_New.php
10 Sep 2020 12:58:34|30|pritirm@forstarfoods.com|DailyCatchEntry_New.php
10 Sep 2020 12:58:36|30|pritirm@forstarfoods.com|CatchEntryDeclaredItem.php
10 Sep 2020 12:58:41|30|pritirm@forstarfoods.com|DailyCatchEntry_New.php
10 Sep 2020 12:58:42|30|pritirm@forstarfoods.com|DailyCatchEntry_New.php
10 Sep 2020 12:58:43|30|pritirm@forstarfoods.com|DailyCatchEntry_New.php
10 Sep 2020 12:58:44|30|pritirm@forstarfoods.com|DailyCatchEntry_New.php
10 Sep 2020 12:58:59|30|pritirm@forstarfoods.com|DailyCatchEntry_New.php
10 Sep 2020 12:59:00|30|pritirm@forstarfoods.com|CatchEntryDeclaredItem.php
10 Sep 2020 12:59:24|30|pritirm@forstarfoods.com|DailyCatchEntry_New.php
10 Sep 2020 12:59:26|30|pritirm@forstarfoods.com|DailyCatchEntry_New.php
10 Sep 2020 12:59:27|30|pritirm@forstarfoods.com|DailyCatchEntry_New.php
10 Sep 2020 12:59:31|30|pritirm@forstarfoods.com|DailyCatchEntry_New.php
10 Sep 2020 12:59:33|30|pritirm@forstarfoods.com|DailyCatchEntry_New.php
10 Sep 2020 12:59:35|30|pritirm@forstarfoods.com|DailyCatchEntry_New.php
10 Sep 2020 12:59:36|30|pritirm@forstarfoods.com|DailyCatchEntry_New.php
10 Sep 2020 12:59:37|30|pritirm@forstarfoods.com|DailyCatchEntry_New.php
10 Sep 2020 12:59:39|30|pritirm@forstarfoods.com|DailyCatchEntry_New.php
10 Sep 2020 12:59:40|30|pritirm@forstarfoods.com|DailyCatchEntry_New.php
10 Sep 2020 12:59:41|30|pritirm@forstarfoods.com|DailyCatchEntry_New.php
10 Sep 2020 12:59:42|30|pritirm@forstarfoods.com|DailyCatchEntry_New.php
10 Sep 2020 12:59:44|30|pritirm@forstarfoods.com|DailyCatchEntry_New.php
10 Sep 2020 12:59:45|30|pritirm@forstarfoods.com|DailyCatchEntry_New.php
10 Sep 2020 12:59:46|30|pritirm@forstarfoods.com|DailyCatchEntry_New.php
10 Sep 2020 12:59:47|30|pritirm@forstarfoods.com|DailyCatchEntry_New.php
10 Sep 2020 12:59:49|30|pritirm@forstarfoods.com|DailyCatchEntry_New.php
10 Sep 2020 12:59:50|30|pritirm@forstarfoods.com|DailyCatchEntry_New.php
10 Sep 2020 12:59:51|30|pritirm@forstarfoods.com|DailyCatchEntry_New.php
10 Sep 2020 12:59:52|30|pritirm@forstarfoods.com|DailyCatchEntry_New.php
10 Sep 2020 12:59:53|30|pritirm@forstarfoods.com|DailyCatchEntry_New.php
10 Sep 2020 12:59:55|30|pritirm@forstarfoods.com|DailyCatchEntry_New.php
10 Sep 2020 12:59:56|30|pritirm@forstarfoods.com|DailyCatchEntry_New.php
10 Sep 2020 12:59:57|30|pritirm@forstarfoods.com|DailyCatchEntry_New.php
10 Sep 2020 12:59:58|30|pritirm@forstarfoods.com|DailyCatchEntry_New.php
10 Sep 2020 13:00:00|30|pritirm@forstarfoods.com|DailyCatchEntry_New.php