
18 Jun 2020 10:21:20|20|shiji@forstarfoods.com|DailyCatchReport.php
18 Jun 2020 10:21:32|20|shiji@forstarfoods.com|DailyCatchReport.php
18 Jun 2020 10:21:37|20|shiji@forstarfoods.com|DailyCatchReport.php
18 Jun 2020 10:21:39|20|shiji@forstarfoods.com|DailyCatchReport.php
18 Jun 2020 10:21:40|20|shiji@forstarfoods.com|DailyCatchReport.php
18 Jun 2020 10:21:41|20|shiji@forstarfoods.com|DailyCatchReport.php
18 Jun 2020 10:22:15|20|shiji@forstarfoods.com|DailyCatchReport.php
18 Jun 2020 10:22:17|20|shiji@forstarfoods.com|DailyCatchReport.php
18 Jun 2020 10:22:18|20|shiji@forstarfoods.com|DailyCatchReport.php
18 Jun 2020 10:22:20|20|shiji@forstarfoods.com|DailyCatchReport.php
18 Jun 2020 10:22:27|20|shiji@forstarfoods.com|DailyCatchReport.php
18 Jun 2020 10:22:29|20|shiji@forstarfoods.com|DailyCatchReport.php
18 Jun 2020 10:22:30|20|shiji@forstarfoods.com|DailyCatchReport.php
18 Jun 2020 10:23:09|20|shiji@forstarfoods.com|DailyCatchReport.php
18 Jun 2020 10:23:10|20|shiji@forstarfoods.com|DailyCatchReport.php
18 Jun 2020 10:23:12|20|shiji@forstarfoods.com|DailyCatchReport.php
18 Jun 2020 10:23:13|20|shiji@forstarfoods.com|DailyCatchReport.php
18 Jun 2020 10:23:15|20|shiji@forstarfoods.com|DailyCatchReport.php
18 Jun 2020 10:23:17|20|shiji@forstarfoods.com|DailyCatchReport.php
18 Jun 2020 10:23:18|20|shiji@forstarfoods.com|DailyCatchReport.php
18 Jun 2020 10:23:31|20|shiji@forstarfoods.com|DailyCatchReport.php
18 Jun 2020 10:23:33|20|shiji@forstarfoods.com|DailyCatchReport.php
18 Jun 2020 10:23:34|20|shiji@forstarfoods.com|DailyCatchReport.php
18 Jun 2020 10:23:35|20|shiji@forstarfoods.com|DailyCatchReport.php
18 Jun 2020 10:23:38|20|shiji@forstarfoods.com|DailyCatchReport.php
18 Jun 2020 10:23:39|20|shiji@forstarfoods.com|DailyCatchReport.php
18 Jun 2020 10:23:41|20|shiji@forstarfoods.com|DailyCatchReport.php
18 Jun 2020 10:24:14|20|shiji@forstarfoods.com|DailyCatchReport.php
18 Jun 2020 10:24:15|20|shiji@forstarfoods.com|DailyCatchReport.php
18 Jun 2020 10:24:17|20|shiji@forstarfoods.com|DailyCatchReport.php
18 Jun 2020 10:24:18|20|shiji@forstarfoods.com|DailyCatchReport.php
18 Jun 2020 10:24:20|20|shiji@forstarfoods.com|DailyCatchReport.php
18 Jun 2020 10:24:22|20|shiji@forstarfoods.com|DailyCatchReport.php
18 Jun 2020 10:24:23|20|shiji@forstarfoods.com|DailyCatchReport.php
18 Jun 2020 10:24:25|29|kavitha@forstarfoods.com|PurchaseReport.php
18 Jun 2020 10:24:31|29|kavitha@forstarfoods.com|PrintPurchaseSettlementMemo.php
18 Jun 2020 10:24:57|20|shiji@forstarfoods.com|DailyCatchReport.php
18 Jun 2020 10:24:58|20|shiji@forstarfoods.com|DailyCatchReport.php
18 Jun 2020 10:25:00|20|shiji@forstarfoods.com|DailyCatchReport.php
18 Jun 2020 10:25:01|20|shiji@forstarfoods.com|DailyCatchReport.php
18 Jun 2020 10:25:03|20|shiji@forstarfoods.com|DailyCatchReport.php
18 Jun 2020 10:25:05|20|shiji@forstarfoods.com|DailyCatchReport.php
18 Jun 2020 10:25:06|20|shiji@forstarfoods.com|DailyCatchReport.php
18 Jun 2020 10:25:24|20|shiji@forstarfoods.com|DailyCatchReport.php
18 Jun 2020 10:25:26|20|shiji@forstarfoods.com|DailyCatchReport.php
18 Jun 2020 10:25:27|20|shiji@forstarfoods.com|DailyCatchReport.php
18 Jun 2020 10:25:46|20|shiji@forstarfoods.com|DailyCatchReport.php
18 Jun 2020 10:25:47|20|shiji@forstarfoods.com|DailyCatchReport.php
18 Jun 2020 10:25:49|20|shiji@forstarfoods.com|DailyCatchReport.php
18 Jun 2020 10:25:50|20|shiji@forstarfoods.com|DailyCatchReport.php
18 Jun 2020 10:26:15|20|shiji@forstarfoods.com|PrintDailyCatchReportMemo.php
18 Jun 2020 10:33:23|20|shiji@forstarfoods.com|DailyCatchReport.php
18 Jun 2020 10:33:24|20|shiji@forstarfoods.com|DailyCatchReport.php
18 Jun 2020 10:33:26|20|shiji@forstarfoods.com|DailyCatchReport.php
18 Jun 2020 10:33:27|20|shiji@forstarfoods.com|DailyCatchReport.php
18 Jun 2020 10:33:29|20|shiji@forstarfoods.com|DailyCatchReport.php
18 Jun 2020 10:33:31|20|shiji@forstarfoods.com|DailyCatchReport.php
18 Jun 2020 10:33:32|20|shiji@forstarfoods.com|DailyCatchReport.php
18 Jun 2020 10:33:51|20|shiji@forstarfoods.com|DailyCatchReport.php
18 Jun 2020 10:33:52|20|shiji@forstarfoods.com|DailyCatchReport.php
18 Jun 2020 10:33:54|20|shiji@forstarfoods.com|DailyCatchReport.php
18 Jun 2020 10:33:55|20|shiji@forstarfoods.com|DailyCatchReport.php
18 Jun 2020 10:33:59|20|shiji@forstarfoods.com|DailyCatchReport.php
18 Jun 2020 10:34:01|20|shiji@forstarfoods.com|DailyCatchReport.php
18 Jun 2020 10:34:02|20|shiji@forstarfoods.com|DailyCatchReport.php
18 Jun 2020 10:38:52|20|shiji@forstarfoods.com|DailyCatchReport.php
18 Jun 2020 10:38:54|20|shiji@forstarfoods.com|DailyCatchReport.php
18 Jun 2020 10:38:55|20|shiji@forstarfoods.com|DailyCatchReport.php
18 Jun 2020 10:38:57|20|shiji@forstarfoods.com|DailyCatchReport.php
18 Jun 2020 10:38:59|20|shiji@forstarfoods.com|DailyCatchReport.php
18 Jun 2020 10:39:00|20|shiji@forstarfoods.com|DailyCatchReport.php
18 Jun 2020 10:39:01|20|shiji@forstarfoods.com|DailyCatchReport.php
18 Jun 2020 10:39:05|20|shiji@forstarfoods.com|PrintDailyCatchReportMemo.php
18 Jun 2020 10:48:21|20|shiji@forstarfoods.com|DailyCatchSummary.php
18 Jun 2020 10:48:24|20|shiji@forstarfoods.com|DailyCatchSummary.php
18 Jun 2020 10:48:42|20|shiji@forstarfoods.com|DailyCatchSummary.php
18 Jun 2020 10:48:46|20|shiji@forstarfoods.com|DailyCatchSummary.php
18 Jun 2020 10:49:02|20|shiji@forstarfoods.com|DailyCatchSummary.php
18 Jun 2020 10:49:08|20|shiji@forstarfoods.com|DailyCatchSummary.php
18 Jun 2020 10:49:31|20|shiji@forstarfoods.com|DailyCatchSummary.php
18 Jun 2020 10:50:00|30|pritirm@forstarfoods.com|DailyCatchEntry_New.php
18 Jun 2020 10:50:04|30|pritirm@forstarfoods.com|DailyCatchEntry_New.php
18 Jun 2020 10:50:06|30|pritirm@forstarfoods.com|DailyCatchEntry_New.php
18 Jun 2020 10:50:07|30|pritirm@forstarfoods.com|DailyCatchEntry_New.php
18 Jun 2020 10:50:08|30|pritirm@forstarfoods.com|DailyCatchEntry_New.php
18 Jun 2020 10:50:10|30|pritirm@forstarfoods.com|CatchEntryDeclaredItem.php
18 Jun 2020 10:50:11|30|pritirm@forstarfoods.com|DailyCatchEntry_New.php
18 Jun 2020 10:50:13|30|pritirm@forstarfoods.com|DailyCatchEntry_New.php
18 Jun 2020 10:50:14|30|pritirm@forstarfoods.com|DailyCatchEntry_New.php
18 Jun 2020 10:50:16|30|pritirm@forstarfoods.com|DailyCatchEntry_New.php
18 Jun 2020 10:50:17|30|pritirm@forstarfoods.com|DailyCatchEntry_New.php
18 Jun 2020 10:50:18|30|pritirm@forstarfoods.com|DailyCatchEntry_New.php
18 Jun 2020 10:50:21|30|pritirm@forstarfoods.com|DailyCatchEntry_New.php
18 Jun 2020 10:50:22|30|pritirm@forstarfoods.com|DailyCatchEntry_New.php
18 Jun 2020 10:50:23|30|pritirm@forstarfoods.com|DailyCatchEntry_New.php
18 Jun 2020 10:50:28|30|pritirm@forstarfoods.com|DailyCatchEntry_New.php
18 Jun 2020 10:50:38|30|pritirm@forstarfoods.com|DailyCatchEntry_New.php
18 Jun 2020 10:50:39|30|pritirm@forstarfoods.com|CatchEntryDeclaredItem.php
18 Jun 2020 10:50:48|30|pritirm@forstarfoods.com|DailyCatchEntry_New.php
18 Jun 2020 10:50:50|30|pritirm@forstarfoods.com|DailyCatchEntry_New.php
18 Jun 2020 10:50:51|30|pritirm@forstarfoods.com|DailyCatchEntry_New.php
18 Jun 2020 10:50:58|30|pritirm@forstarfoods.com|DailyCatchEntry_New.php
18 Jun 2020 10:51:00|30|pritirm@forstarfoods.com|DailyCatchEntry_New.php
18 Jun 2020 10:51:04|30|pritirm@forstarfoods.com|DailyCatchEntry_New.php
18 Jun 2020 10:51:06|30|pritirm@forstarfoods.com|DailyCatchEntry_New.php
18 Jun 2020 10:51:07|30|pritirm@forstarfoods.com|DailyCatchEntry_New.php
18 Jun 2020 10:51:08|30|pritirm@forstarfoods.com|DailyCatchEntry_New.php
18 Jun 2020 10:51:09|30|pritirm@forstarfoods.com|DailyCatchEntry_New.php
18 Jun 2020 10:51:11|30|pritirm@forstarfoods.com|DailyCatchEntry_New.php
18 Jun 2020 10:51:16|30|pritirm@forstarfoods.com|DailyCatchEntry_New.php
18 Jun 2020 10:51:18|30|pritirm@forstarfoods.com|DailyCatchEntry_New.php
18 Jun 2020 10:51:20|30|pritirm@forstarfoods.com|CatchEntryDeclaredItem.php
18 Jun 2020 10:51:22|30|pritirm@forstarfoods.com|DailyCatchEntry_New.php
18 Jun 2020 10:51:25|30|pritirm@forstarfoods.com|DailyCatchEntry_New.php
18 Jun 2020 10:51:27|30|pritirm@forstarfoods.com|DailyCatchEntry_New.php
18 Jun 2020 10:51:28|30|pritirm@forstarfoods.com|DailyCatchEntry_New.php
18 Jun 2020 10:51:30|30|pritirm@forstarfoods.com|DailyCatchEntry_New.php
18 Jun 2020 10:51:31|30|pritirm@forstarfoods.com|DailyCatchEntry_New.php
18 Jun 2020 10:51:32|30|pritirm@forstarfoods.com|DailyCatchEntry_New.php
18 Jun 2020 10:51:33|30|pritirm@forstarfoods.com|DailyCatchEntry_New.php
18 Jun 2020 10:51:39|30|pritirm@forstarfoods.com|DailyCatchEntry_New.php
18 Jun 2020 10:51:41|30|pritirm@forstarfoods.com|DailyCatchEntry_New.php
18 Jun 2020 10:51:42|30|pritirm@forstarfoods.com|CatchEntryDeclaredItem.php
18 Jun 2020 10:51:48|30|pritirm@forstarfoods.com|DailyCatchEntry_New.php
18 Jun 2020 10:51:50|30|pritirm@forstarfoods.com|DailyCatchEntry_New.php
18 Jun 2020 10:51:52|30|pritirm@forstarfoods.com|DailyCatchEntry_New.php
18 Jun 2020 10:51:53|30|pritirm@forstarfoods.com|DailyCatchEntry_New.php
18 Jun 2020 10:51:54|30|pritirm@forstarfoods.com|DailyCatchEntry_New.php
18 Jun 2020 10:51:56|30|pritirm@forstarfoods.com|DailyCatchEntry_New.php
18 Jun 2020 10:51:57|30|pritirm@forstarfoods.com|DailyCatchEntry_New.php
18 Jun 2020 10:51:58|30|pritirm@forstarfoods.com|DailyCatchEntry_New.php
18 Jun 2020 10:52:00|30|pritirm@forstarfoods.com|DailyCatchEntry_New.php
18 Jun 2020 10:52:03|30|pritirm@forstarfoods.com|DailyCatchEntry_New.php
18 Jun 2020 10:52:05|30|pritirm@forstarfoods.com|CatchEntryDeclaredItem.php
18 Jun 2020 10:52:48|30|pritirm@forstarfoods.com|DailyCatchEntry_New.php
18 Jun 2020 10:52:49|30|pritirm@forstarfoods.com|DailyCatchEntry_New.php
18 Jun 2020 10:52:50|30|pritirm@forstarfoods.com|DailyCatchEntry_New.php
18 Jun 2020 10:53:01|30|pritirm@forstarfoods.com|DailyCatchEntry_New.php
18 Jun 2020 10:53:10|30|pritirm@forstarfoods.com|DailyCatchEntry_New.php
18 Jun 2020 10:53:11|30|pritirm@forstarfoods.com|CatchEntryDeclaredItem.php
18 Jun 2020 10:53:23|30|pritirm@forstarfoods.com|DailyCatchEntry_New.php
18 Jun 2020 10:53:28|30|pritirm@forstarfoods.com|DailyCatchEntry_New.php
18 Jun 2020 10:53:31|30|pritirm@forstarfoods.com|DailyCatchEntry_New.php
18 Jun 2020 10:53:36|30|pritirm@forstarfoods.com|DailyCatchEntry_New.php
18 Jun 2020 10:53:37|30|pritirm@forstarfoods.com|DailyCatchEntry_New.php
18 Jun 2020 10:53:38|30|pritirm@forstarfoods.com|DailyCatchEntry_New.php
18 Jun 2020 10:53:39|30|pritirm@forstarfoods.com|DailyCatchEntry_New.php
18 Jun 2020 10:53:41|30|pritirm@forstarfoods.com|DailyCatchEntry_New.php
18 Jun 2020 10:53:42|30|pritirm@forstarfoods.com|DailyCatchEntry_New.php
18 Jun 2020 10:53:48|30|pritirm@forstarfoods.com|DailyCatchEntry_New.php
18 Jun 2020 10:53:51|30|pritirm@forstarfoods.com|DailyCatchEntry_New.php
18 Jun 2020 10:53:53|30|pritirm@forstarfoods.com|CatchEntryDeclaredItem.php
18 Jun 2020 10:53:55|30|pritirm@forstarfoods.com|DailyCatchEntry_New.php
18 Jun 2020 10:53:57|30|pritirm@forstarfoods.com|DailyCatchEntry_New.php
18 Jun 2020 10:53:59|30|pritirm@forstarfoods.com|DailyCatchEntry_New.php
18 Jun 2020 10:54:00|30|pritirm@forstarfoods.com|DailyCatchEntry_New.php
18 Jun 2020 10:54:02|30|pritirm@forstarfoods.com|DailyCatchEntry_New.php
18 Jun 2020 10:54:03|30|pritirm@forstarfoods.com|DailyCatchEntry_New.php
18 Jun 2020 10:54:04|30|pritirm@forstarfoods.com|DailyCatchEntry_New.php
18 Jun 2020 10:54:05|30|pritirm@forstarfoods.com|DailyCatchEntry_New.php
18 Jun 2020 10:54:09|30|pritirm@forstarfoods.com|DailyCatchEntry_New.php
18 Jun 2020 10:54:11|30|pritirm@forstarfoods.com|DailyCatchEntry_New.php
18 Jun 2020 10:54:12|30|pritirm@forstarfoods.com|CatchEntryDeclaredItem.php
18 Jun 2020 10:54:19|30|pritirm@forstarfoods.com|DailyCatchEntry_New.php
18 Jun 2020 10:54:21|30|pritirm@forstarfoods.com|DailyCatchEntry_New.php
18 Jun 2020 10:54:23|30|pritirm@forstarfoods.com|DailyCatchEntry_New.php
18 Jun 2020 10:54:24|30|pritirm@forstarfoods.com|DailyCatchEntry_New.php
18 Jun 2020 10:54:25|30|pritirm@forstarfoods.com|DailyCatchEntry_New.php
18 Jun 2020 10:54:27|30|pritirm@forstarfoods.com|DailyCatchEntry_New.php
18 Jun 2020 10:54:28|30|pritirm@forstarfoods.com|DailyCatchEntry_New.php
18 Jun 2020 10:54:29|30|pritirm@forstarfoods.com|DailyCatchEntry_New.php
18 Jun 2020 10:54:31|30|pritirm@forstarfoods.com|DailyCatchEntry_New.php
18 Jun 2020 10:54:33|30|pritirm@forstarfoods.com|DailyCatchEntry_New.php
18 Jun 2020 10:54:34|30|pritirm@forstarfoods.com|CatchEntryDeclaredItem.php
18 Jun 2020 10:54:41|30|pritirm@forstarfoods.com|DailyCatchEntry_New.php
18 Jun 2020 10:54:43|30|pritirm@forstarfoods.com|DailyCatchEntry_New.php
18 Jun 2020 10:54:45|30|pritirm@forstarfoods.com|DailyCatchEntry_New.php
18 Jun 2020 10:54:46|30|pritirm@forstarfoods.com|DailyCatchEntry_New.php
18 Jun 2020 10:54:47|30|pritirm@forstarfoods.com|DailyCatchEntry_New.php
18 Jun 2020 10:54:48|30|pritirm@forstarfoods.com|DailyCatchEntry_New.php
18 Jun 2020 10:54:49|30|pritirm@forstarfoods.com|DailyCatchEntry_New.php
18 Jun 2020 10:54:51|30|pritirm@forstarfoods.com|DailyCatchEntry_New.php
18 Jun 2020 10:54:57|30|pritirm@forstarfoods.com|DailyCatchEntry_New.php
18 Jun 2020 10:54:59|30|pritirm@forstarfoods.com|DailyCatchEntry_New.php
18 Jun 2020 10:55:00|30|pritirm@forstarfoods.com|CatchEntryDeclaredItem.php
18 Jun 2020 10:55:06|30|pritirm@forstarfoods.com|DailyCatchEntry_New.php
18 Jun 2020 10:55:07|30|pritirm@forstarfoods.com|DailyCatchEntry_New.php
18 Jun 2020 10:55:09|30|pritirm@forstarfoods.com|DailyCatchEntry_New.php
18 Jun 2020 10:55:12|30|pritirm@forstarfoods.com|DailyCatchEntry_New.php
18 Jun 2020 10:55:13|30|pritirm@forstarfoods.com|DailyCatchEntry_New.php
18 Jun 2020 10:55:14|30|pritirm@forstarfoods.com|DailyCatchEntry_New.php
18 Jun 2020 10:55:16|30|pritirm@forstarfoods.com|DailyCatchEntry_New.php
18 Jun 2020 10:55:17|30|pritirm@forstarfoods.com|DailyCatchEntry_New.php
18 Jun 2020 10:55:18|30|pritirm@forstarfoods.com|DailyCatchEntry_New.php
18 Jun 2020 10:55:20|30|pritirm@forstarfoods.com|DailyCatchEntry_New.php
18 Jun 2020 10:55:22|30|pritirm@forstarfoods.com|DailyCatchEntry_New.php
18 Jun 2020 10:55:24|30|pritirm@forstarfoods.com|CatchEntryDeclaredItem.php
18 Jun 2020 10:55:26|30|pritirm@forstarfoods.com|DailyCatchEntry_New.php
18 Jun 2020 10:55:27|30|pritirm@forstarfoods.com|DailyCatchEntry_New.php
18 Jun 2020 10:55:30|30|pritirm@forstarfoods.com|DailyCatchEntry_New.php
18 Jun 2020 10:55:31|30|pritirm@forstarfoods.com|DailyCatchEntry_New.php
18 Jun 2020 10:55:32|30|pritirm@forstarfoods.com|DailyCatchEntry_New.php
18 Jun 2020 10:55:34|30|pritirm@forstarfoods.com|DailyCatchEntry_New.php
18 Jun 2020 10:55:35|30|pritirm@forstarfoods.com|DailyCatchEntry_New.php
18 Jun 2020 10:55:36|30|pritirm@forstarfoods.com|DailyCatchEntry_New.php
18 Jun 2020 10:55:44|30|pritirm@forstarfoods.com|DailyCatchEntry_New.php
18 Jun 2020 10:55:46|30|pritirm@forstarfoods.com|DailyCatchEntry_New.php
18 Jun 2020 10:55:47|30|pritirm@forstarfoods.com|CatchEntryDeclaredItem.php
18 Jun 2020 10:55:56|30|pritirm@forstarfoods.com|DailyCatchEntry_New.php
18 Jun 2020 10:55:58|30|pritirm@forstarfoods.com|DailyCatchEntry_New.php
18 Jun 2020 10:55:59|30|pritirm@forstarfoods.com|DailyCatchEntry_New.php
18 Jun 2020 10:56:00|30|pritirm@forstarfoods.com|DailyCatchEntry_New.php
18 Jun 2020 10:56:09|30|pritirm@forstarfoods.com|DailyCatchEntry_New.php
18 Jun 2020 10:56:11|30|pritirm@forstarfoods.com|CatchEntryDeclaredItem.php
18 Jun 2020 10:56:21|30|pritirm@forstarfoods.com|DailyCatchEntry_New.php
18 Jun 2020 10:56:23|30|pritirm@forstarfoods.com|DailyCatchEntry_New.php
18 Jun 2020 10:56:25|30|pritirm@forstarfoods.com|DailyCatchEntry_New.php
18 Jun 2020 10:56:28|30|pritirm@forstarfoods.com|DailyCatchEntry_New.php
18 Jun 2020 10:56:29|30|pritirm@forstarfoods.com|DailyCatchEntry_New.php
18 Jun 2020 10:56:31|30|pritirm@forstarfoods.com|DailyCatchEntry_New.php
18 Jun 2020 10:56:32|30|pritirm@forstarfoods.com|DailyCatchEntry_New.php
18 Jun 2020 10:56:33|30|pritirm@forstarfoods.com|DailyCatchEntry_New.php
18 Jun 2020 10:56:34|30|pritirm@forstarfoods.com|DailyCatchEntry_New.php
18 Jun 2020 10:56:39|30|pritirm@forstarfoods.com|DailyCatchEntry_New.php
18 Jun 2020 10:56:41|30|pritirm@forstarfoods.com|DailyCatchEntry_New.php
18 Jun 2020 10:56:42|30|pritirm@forstarfoods.com|CatchEntryDeclaredItem.php
18 Jun 2020 10:56:46|30|pritirm@forstarfoods.com|DailyCatchEntry_New.php
18 Jun 2020 10:56:48|30|pritirm@forstarfoods.com|DailyCatchEntry_New.php
18 Jun 2020 10:56:51|30|pritirm@forstarfoods.com|DailyCatchEntry_New.php
18 Jun 2020 10:56:52|30|pritirm@forstarfoods.com|DailyCatchEntry_New.php
18 Jun 2020 10:56:53|30|pritirm@forstarfoods.com|DailyCatchEntry_New.php
18 Jun 2020 10:56:55|30|pritirm@forstarfoods.com|DailyCatchEntry_New.php
18 Jun 2020 10:56:56|30|pritirm@forstarfoods.com|DailyCatchEntry_New.php
18 Jun 2020 10:56:57|30|pritirm@forstarfoods.com|DailyCatchEntry_New.php
18 Jun 2020 10:57:04|30|pritirm@forstarfoods.com|DailyCatchEntry_New.php
18 Jun 2020 10:57:07|30|pritirm@forstarfoods.com|DailyCatchEntry_New.php
18 Jun 2020 10:57:08|30|pritirm@forstarfoods.com|CatchEntryDeclaredItem.php
18 Jun 2020 10:57:10|30|pritirm@forstarfoods.com|DailyCatchEntry_New.php
18 Jun 2020 10:57:12|30|pritirm@forstarfoods.com|DailyCatchEntry_New.php
18 Jun 2020 10:57:14|30|pritirm@forstarfoods.com|DailyCatchEntry_New.php
18 Jun 2020 10:57:15|30|pritirm@forstarfoods.com|DailyCatchEntry_New.php
18 Jun 2020 10:57:16|30|pritirm@forstarfoods.com|DailyCatchEntry_New.php
18 Jun 2020 10:57:17|30|pritirm@forstarfoods.com|DailyCatchEntry_New.php
18 Jun 2020 10:57:19|30|pritirm@forstarfoods.com|DailyCatchEntry_New.php
18 Jun 2020 10:57:20|30|pritirm@forstarfoods.com|DailyCatchEntry_New.php
18 Jun 2020 10:57:21|30|pritirm@forstarfoods.com|DailyCatchEntry_New.php
18 Jun 2020 10:57:23|30|pritirm@forstarfoods.com|DailyCatchEntry_New.php
18 Jun 2020 10:57:24|30|pritirm@forstarfoods.com|CatchEntryDeclaredItem.php
18 Jun 2020 10:57:28|30|pritirm@forstarfoods.com|DailyCatchEntry_New.php
18 Jun 2020 10:57:30|30|pritirm@forstarfoods.com|DailyCatchEntry_New.php
18 Jun 2020 10:57:32|30|pritirm@forstarfoods.com|DailyCatchEntry_New.php
18 Jun 2020 10:57:34|30|pritirm@forstarfoods.com|DailyCatchEntry_New.php
18 Jun 2020 10:57:35|30|pritirm@forstarfoods.com|DailyCatchEntry_New.php
18 Jun 2020 10:57:36|30|pritirm@forstarfoods.com|DailyCatchEntry_New.php
18 Jun 2020 10:57:37|30|pritirm@forstarfoods.com|DailyCatchEntry_New.php
18 Jun 2020 10:57:39|30|pritirm@forstarfoods.com|DailyCatchEntry_New.php
18 Jun 2020 10:57:43|30|pritirm@forstarfoods.com|DailyCatchEntry_New.php
18 Jun 2020 10:57:45|30|pritirm@forstarfoods.com|DailyCatchEntry_New.php
18 Jun 2020 10:57:47|30|pritirm@forstarfoods.com|CatchEntryDeclaredItem.php
18 Jun 2020 11:00:07|30|pritirm@forstarfoods.com|DailyCatchEntry_New.php
18 Jun 2020 11:05:09|30|pritirm@forstarfoods.com|DailyCatchEntry_New.php
18 Jun 2020 11:06:48|30|pritirm@forstarfoods.com|DailyCatchEntry_New.php
18 Jun 2020 11:06:52|30|pritirm@forstarfoods.com|DailyCatchEntry_New.php
18 Jun 2020 11:06:54|30|pritirm@forstarfoods.com|DailyCatchEntry_New.php
18 Jun 2020 11:06:55|30|pritirm@forstarfoods.com|DailyCatchEntry_New.php
18 Jun 2020 11:06:56|30|pritirm@forstarfoods.com|DailyCatchEntry_New.php
18 Jun 2020 11:06:58|30|pritirm@forstarfoods.com|CatchEntryDeclaredItem.php
18 Jun 2020 11:06:59|30|pritirm@forstarfoods.com|DailyCatchEntry_New.php
18 Jun 2020 11:07:02|30|pritirm@forstarfoods.com|DailyCatchEntry_New.php
18 Jun 2020 11:07:04|30|pritirm@forstarfoods.com|DailyCatchEntry_New.php
18 Jun 2020 11:07:05|30|pritirm@forstarfoods.com|DailyCatchEntry_New.php
18 Jun 2020 11:07:06|30|pritirm@forstarfoods.com|DailyCatchEntry_New.php
18 Jun 2020 11:07:07|30|pritirm@forstarfoods.com|DailyCatchEntry_New.php
18 Jun 2020 11:07:09|30|pritirm@forstarfoods.com|DailyCatchEntry_New.php
18 Jun 2020 11:07:10|30|pritirm@forstarfoods.com|DailyCatchEntry_New.php
18 Jun 2020 11:07:12|30|pritirm@forstarfoods.com|DailyCatchEntry_New.php
18 Jun 2020 11:07:13|30|pritirm@forstarfoods.com|DailyCatchEntry_New.php
18 Jun 2020 11:07:22|30|pritirm@forstarfoods.com|DailyCatchEntry_New.php
18 Jun 2020 11:07:23|30|pritirm@forstarfoods.com|CatchEntryDeclaredItem.php
18 Jun 2020 11:07:35|30|pritirm@forstarfoods.com|DailyCatchEntry_New.php
18 Jun 2020 11:07:36|30|pritirm@forstarfoods.com|DailyCatchEntry_New.php
18 Jun 2020 11:07:37|30|pritirm@forstarfoods.com|DailyCatchEntry_New.php
18 Jun 2020 11:07:54|30|pritirm@forstarfoods.com|DailyCatchEntry_New.php
18 Jun 2020 11:07:56|30|pritirm@forstarfoods.com|DailyCatchEntry_New.php
18 Jun 2020 11:08:16|30|pritirm@forstarfoods.com|DailyCatchEntry_New.php
18 Jun 2020 11:08:17|30|pritirm@forstarfoods.com|DailyCatchEntry_New.php
18 Jun 2020 11:08:19|30|pritirm@forstarfoods.com|DailyCatchEntry_New.php
18 Jun 2020 11:08:20|30|pritirm@forstarfoods.com|DailyCatchEntry_New.php
18 Jun 2020 11:08:21|30|pritirm@forstarfoods.com|DailyCatchEntry_New.php
18 Jun 2020 11:08:22|30|pritirm@forstarfoods.com|DailyCatchEntry_New.php
18 Jun 2020 11:08:25|30|pritirm@forstarfoods.com|DailyCatchEntry_New.php
18 Jun 2020 11:08:27|30|pritirm@forstarfoods.com|DailyCatchEntry_New.php
18 Jun 2020 11:08:28|30|pritirm@forstarfoods.com|CatchEntryDeclaredItem.php
18 Jun 2020 11:08:34|30|pritirm@forstarfoods.com|DailyCatchEntry_New.php
18 Jun 2020 11:08:35|30|pritirm@forstarfoods.com|DailyCatchEntry_New.php
18 Jun 2020 11:08:37|30|pritirm@forstarfoods.com|DailyCatchEntry_New.php
18 Jun 2020 11:08:39|30|pritirm@forstarfoods.com|DailyCatchEntry_New.php
18 Jun 2020 11:08:40|30|pritirm@forstarfoods.com|DailyCatchEntry_New.php
18 Jun 2020 11:08:41|30|pritirm@forstarfoods.com|DailyCatchEntry_New.php
18 Jun 2020 11:08:42|30|pritirm@forstarfoods.com|DailyCatchEntry_New.php
18 Jun 2020 11:08:44|30|pritirm@forstarfoods.com|DailyCatchEntry_New.php
18 Jun 2020 11:08:51|30|pritirm@forstarfoods.com|DailyCatchEntry_New.php
18 Jun 2020 11:08:53|30|pritirm@forstarfoods.com|DailyCatchEntry_New.php
18 Jun 2020 11:08:54|30|pritirm@forstarfoods.com|CatchEntryDeclaredItem.php
18 Jun 2020 11:08:58|30|pritirm@forstarfoods.com|DailyCatchEntry_New.php
18 Jun 2020 11:09:00|30|pritirm@forstarfoods.com|DailyCatchEntry_New.php
18 Jun 2020 11:09:02|30|pritirm@forstarfoods.com|DailyCatchEntry_New.php
18 Jun 2020 11:09:04|30|pritirm@forstarfoods.com|DailyCatchEntry_New.php
18 Jun 2020 11:09:05|30|pritirm@forstarfoods.com|DailyCatchEntry_New.php
18 Jun 2020 11:09:06|30|pritirm@forstarfoods.com|DailyCatchEntry_New.php
18 Jun 2020 11:09:07|30|pritirm@forstarfoods.com|DailyCatchEntry_New.php
18 Jun 2020 11:09:09|30|pritirm@forstarfoods.com|DailyCatchEntry_New.php
18 Jun 2020 11:09:10|30|pritirm@forstarfoods.com|DailyCatchEntry_New.php
18 Jun 2020 11:09:11|30|pritirm@forstarfoods.com|DailyCatchEntry_New.php
18 Jun 2020 11:09:12|30|pritirm@forstarfoods.com|DailyCatchEntry_New.php
18 Jun 2020 11:09:14|30|pritirm@forstarfoods.com|DailyCatchEntry_New.php
18 Jun 2020 11:09:15|30|pritirm@forstarfoods.com|DailyCatchEntry_New.php
18 Jun 2020 11:09:17|30|pritirm@forstarfoods.com|DailyCatchEntry_New.php
18 Jun 2020 11:09:19|30|pritirm@forstarfoods.com|CatchEntryDeclaredItem.php
18 Jun 2020 11:09:23|30|pritirm@forstarfoods.com|DailyCatchEntry_New.php
18 Jun 2020 11:09:25|30|pritirm@forstarfoods.com|DailyCatchEntry_New.php
18 Jun 2020 11:09:27|30|pritirm@forstarfoods.com|DailyCatchEntry_New.php
18 Jun 2020 11:09:28|30|pritirm@forstarfoods.com|DailyCatchEntry_New.php
18 Jun 2020 11:09:29|30|pritirm@forstarfoods.com|DailyCatchEntry_New.php
18 Jun 2020 11:09:31|30|pritirm@forstarfoods.com|DailyCatchEntry_New.php
18 Jun 2020 11:09:32|30|pritirm@forstarfoods.com|DailyCatchEntry_New.php
18 Jun 2020 11:09:33|30|pritirm@forstarfoods.com|DailyCatchEntry_New.php
18 Jun 2020 11:09:43|30|pritirm@forstarfoods.com|DailyCatchEntry_New.php
18 Jun 2020 11:09:45|30|pritirm@forstarfoods.com|DailyCatchEntry_New.php
18 Jun 2020 11:09:46|30|pritirm@forstarfoods.com|CatchEntryDeclaredItem.php
18 Jun 2020 11:09:49|30|pritirm@forstarfoods.com|DailyCatchEntry_New.php
18 Jun 2020 11:09:51|30|pritirm@forstarfoods.com|DailyCatchEntry_New.php
18 Jun 2020 11:09:55|30|pritirm@forstarfoods.com|DailyCatchEntry_New.php
18 Jun 2020 11:09:57|30|pritirm@forstarfoods.com|DailyCatchEntry_New.php
18 Jun 2020 11:09:58|30|pritirm@forstarfoods.com|DailyCatchEntry_New.php
18 Jun 2020 11:09:59|30|pritirm@forstarfoods.com|DailyCatchEntry_New.php
18 Jun 2020 11:10:00|30|pritirm@forstarfoods.com|DailyCatchEntry_New.php
18 Jun 2020 11:10:01|30|pritirm@forstarfoods.com|DailyCatchEntry_New.php
18 Jun 2020 11:10:03|30|pritirm@forstarfoods.com|DailyCatchEntry_New.php
18 Jun 2020 11:10:06|30|pritirm@forstarfoods.com|DailyCatchEntry_New.php
18 Jun 2020 11:10:07|30|pritirm@forstarfoods.com|CatchEntryDeclaredItem.php
18 Jun 2020 11:10:09|30|pritirm@forstarfoods.com|DailyCatchEntry_New.php
18 Jun 2020 11:10:11|30|pritirm@forstarfoods.com|DailyCatchEntry_New.php
18 Jun 2020 11:10:13|30|pritirm@forstarfoods.com|DailyCatchEntry_New.php
18 Jun 2020 11:10:14|30|pritirm@forstarfoods.com|DailyCatchEntry_New.php
18 Jun 2020 11:10:16|30|pritirm@forstarfoods.com|DailyCatchEntry_New.php
18 Jun 2020 11:10:17|30|pritirm@forstarfoods.com|DailyCatchEntry_New.php
18 Jun 2020 11:10:18|30|pritirm@forstarfoods.com|DailyCatchEntry_New.php
18 Jun 2020 11:10:19|30|pritirm@forstarfoods.com|DailyCatchEntry_New.php
18 Jun 2020 11:10:25|30|pritirm@forstarfoods.com|DailyCatchEntry_New.php
18 Jun 2020 11:10:28|30|pritirm@forstarfoods.com|DailyCatchEntry_New.php
18 Jun 2020 11:10:29|30|pritirm@forstarfoods.com|CatchEntryDeclaredItem.php
18 Jun 2020 11:10:32|30|pritirm@forstarfoods.com|DailyCatchEntry_New.php
18 Jun 2020 11:10:33|30|pritirm@forstarfoods.com|DailyCatchEntry_New.php
18 Jun 2020 11:10:37|30|pritirm@forstarfoods.com|DailyCatchEntry_New.php
18 Jun 2020 11:10:38|30|pritirm@forstarfoods.com|DailyCatchEntry_New.php
18 Jun 2020 11:10:39|30|pritirm@forstarfoods.com|DailyCatchEntry_New.php
18 Jun 2020 11:10:41|30|pritirm@forstarfoods.com|DailyCatchEntry_New.php
18 Jun 2020 11:10:42|30|pritirm@forstarfoods.com|DailyCatchEntry_New.php
18 Jun 2020 11:10:43|30|pritirm@forstarfoods.com|DailyCatchEntry_New.php
18 Jun 2020 11:10:46|30|pritirm@forstarfoods.com|DailyCatchEntry_New.php
18 Jun 2020 11:10:48|30|pritirm@forstarfoods.com|DailyCatchEntry_New.php
18 Jun 2020 11:10:50|30|pritirm@forstarfoods.com|CatchEntryDeclaredItem.php
18 Jun 2020 11:10:54|30|pritirm@forstarfoods.com|DailyCatchEntry_New.php
18 Jun 2020 11:10:55|30|pritirm@forstarfoods.com|DailyCatchEntry_New.php
18 Jun 2020 11:11:02|30|pritirm@forstarfoods.com|DailyCatchEntry_New.php
18 Jun 2020 11:11:03|30|pritirm@forstarfoods.com|DailyCatchEntry_New.php
18 Jun 2020 11:11:05|30|pritirm@forstarfoods.com|DailyCatchEntry_New.php
18 Jun 2020 11:11:06|30|pritirm@forstarfoods.com|DailyCatchEntry_New.php
18 Jun 2020 11:11:07|30|pritirm@forstarfoods.com|DailyCatchEntry_New.php
18 Jun 2020 11:11:08|30|pritirm@forstarfoods.com|DailyCatchEntry_New.php
18 Jun 2020 11:11:14|30|pritirm@forstarfoods.com|DailyCatchEntry_New.php
18 Jun 2020 11:11:16|30|pritirm@forstarfoods.com|DailyCatchEntry_New.php
18 Jun 2020 11:11:18|30|pritirm@forstarfoods.com|CatchEntryDeclaredItem.php
18 Jun 2020 11:11:19|30|pritirm@forstarfoods.com|DailyCatchEntry_New.php
18 Jun 2020 11:11:22|30|pritirm@forstarfoods.com|DailyCatchEntry_New.php
18 Jun 2020 11:11:27|30|pritirm@forstarfoods.com|DailyCatchEntry_New.php
18 Jun 2020 11:11:28|30|pritirm@forstarfoods.com|DailyCatchEntry_New.php
18 Jun 2020 11:11:29|30|pritirm@forstarfoods.com|DailyCatchEntry_New.php
18 Jun 2020 11:11:30|30|pritirm@forstarfoods.com|DailyCatchEntry_New.php
18 Jun 2020 11:11:32|30|pritirm@forstarfoods.com|DailyCatchEntry_New.php
18 Jun 2020 11:11:33|30|pritirm@forstarfoods.com|DailyCatchEntry_New.php
18 Jun 2020 11:11:35|30|pritirm@forstarfoods.com|DailyCatchEntry_New.php
18 Jun 2020 11:11:39|30|pritirm@forstarfoods.com|DailyCatchEntry_New.php
18 Jun 2020 11:11:40|30|pritirm@forstarfoods.com|CatchEntryDeclaredItem.php
18 Jun 2020 11:11:42|30|pritirm@forstarfoods.com|DailyCatchEntry_New.php
18 Jun 2020 11:11:44|30|pritirm@forstarfoods.com|DailyCatchEntry_New.php
18 Jun 2020 11:11:47|30|pritirm@forstarfoods.com|DailyCatchEntry_New.php
18 Jun 2020 11:11:48|30|pritirm@forstarfoods.com|DailyCatchEntry_New.php
18 Jun 2020 11:11:49|30|pritirm@forstarfoods.com|DailyCatchEntry_New.php
18 Jun 2020 11:11:51|30|pritirm@forstarfoods.com|DailyCatchEntry_New.php
18 Jun 2020 11:11:52|30|pritirm@forstarfoods.com|DailyCatchEntry_New.php
18 Jun 2020 11:11:53|30|pritirm@forstarfoods.com|DailyCatchEntry_New.php
18 Jun 2020 11:11:54|30|pritirm@forstarfoods.com|DailyCatchEntry_New.php
18 Jun 2020 11:12:01|30|pritirm@forstarfoods.com|DailyCatchEntry_New.php
18 Jun 2020 11:12:03|30|pritirm@forstarfoods.com|DailyCatchEntry_New.php
18 Jun 2020 11:12:04|30|pritirm@forstarfoods.com|CatchEntryDeclaredItem.php
18 Jun 2020 11:12:06|30|pritirm@forstarfoods.com|DailyCatchEntry_New.php
18 Jun 2020 11:12:08|30|pritirm@forstarfoods.com|DailyCatchEntry_New.php
18 Jun 2020 11:12:11|30|pritirm@forstarfoods.com|DailyCatchEntry_New.php
18 Jun 2020 11:12:12|30|pritirm@forstarfoods.com|DailyCatchEntry_New.php
18 Jun 2020 11:12:13|30|pritirm@forstarfoods.com|DailyCatchEntry_New.php
18 Jun 2020 11:12:14|30|pritirm@forstarfoods.com|DailyCatchEntry_New.php
18 Jun 2020 11:12:16|30|pritirm@forstarfoods.com|DailyCatchEntry_New.php
18 Jun 2020 11:12:17|30|pritirm@forstarfoods.com|DailyCatchEntry_New.php
18 Jun 2020 11:12:19|30|pritirm@forstarfoods.com|DailyCatchEntry_New.php
18 Jun 2020 11:12:22|30|pritirm@forstarfoods.com|DailyCatchEntry_New.php
18 Jun 2020 11:12:24|30|pritirm@forstarfoods.com|CatchEntryDeclaredItem.php
18 Jun 2020 11:12:27|30|pritirm@forstarfoods.com|DailyCatchEntry_New.php
18 Jun 2020 11:12:29|30|pritirm@forstarfoods.com|DailyCatchEntry_New.php
18 Jun 2020 11:12:32|30|pritirm@forstarfoods.com|DailyCatchEntry_New.php
18 Jun 2020 11:12:33|30|pritirm@forstarfoods.com|DailyCatchEntry_New.php
18 Jun 2020 11:12:34|30|pritirm@forstarfoods.com|DailyCatchEntry_New.php
18 Jun 2020 11:12:35|30|pritirm@forstarfoods.com|DailyCatchEntry_New.php
18 Jun 2020 11:12:37|30|pritirm@forstarfoods.com|DailyCatchEntry_New.php
18 Jun 2020 11:12:38|30|pritirm@forstarfoods.com|DailyCatchEntry_New.php
18 Jun 2020 11:12:42|30|pritirm@forstarfoods.com|DailyCatchEntry_New.php
18 Jun 2020 11:12:45|30|pritirm@forstarfoods.com|DailyCatchEntry_New.php
18 Jun 2020 11:12:46|30|pritirm@forstarfoods.com|CatchEntryDeclaredItem.php
18 Jun 2020 11:12:54|30|pritirm@forstarfoods.com|DailyCatchEntry_New.php
18 Jun 2020 11:12:56|30|pritirm@forstarfoods.com|DailyCatchEntry_New.php
18 Jun 2020 11:12:57|30|pritirm@forstarfoods.com|DailyCatchEntry_New.php
18 Jun 2020 11:13:02|30|pritirm@forstarfoods.com|DailyCatchEntry_New.php
18 Jun 2020 11:13:05|30|pritirm@forstarfoods.com|DailyCatchEntry_New.php
18 Jun 2020 11:13:06|30|pritirm@forstarfoods.com|CatchEntryDeclaredItem.php
18 Jun 2020 11:13:13|30|pritirm@forstarfoods.com|DailyCatchEntry_New.php
18 Jun 2020 11:13:16|30|pritirm@forstarfoods.com|DailyCatchEntry_New.php
18 Jun 2020 11:13:18|30|pritirm@forstarfoods.com|DailyCatchEntry_New.php
18 Jun 2020 11:13:19|30|pritirm@forstarfoods.com|DailyCatchEntry_New.php
18 Jun 2020 11:13:21|30|pritirm@forstarfoods.com|DailyCatchEntry_New.php
18 Jun 2020 11:13:22|30|pritirm@forstarfoods.com|CatchEntryDeclaredItem.php
18 Jun 2020 11:13:23|30|pritirm@forstarfoods.com|DailyCatchEntry_New.php
18 Jun 2020 11:13:25|30|pritirm@forstarfoods.com|DailyCatchEntry_New.php
18 Jun 2020 11:13:26|30|pritirm@forstarfoods.com|DailyCatchEntry_New.php
18 Jun 2020 11:13:28|30|pritirm@forstarfoods.com|DailyCatchEntry_New.php
18 Jun 2020 11:13:29|30|pritirm@forstarfoods.com|DailyCatchEntry_New.php
18 Jun 2020 11:13:30|30|pritirm@forstarfoods.com|DailyCatchEntry_New.php
18 Jun 2020 11:13:33|30|pritirm@forstarfoods.com|DailyCatchEntry_New.php
18 Jun 2020 11:13:34|30|pritirm@forstarfoods.com|DailyCatchEntry_New.php
18 Jun 2020 11:13:35|30|pritirm@forstarfoods.com|DailyCatchEntry_New.php
18 Jun 2020 11:13:36|30|pritirm@forstarfoods.com|DailyCatchEntry_New.php
18 Jun 2020 11:13:40|30|pritirm@forstarfoods.com|DailyCatchEntry_New.php
18 Jun 2020 11:13:41|30|pritirm@forstarfoods.com|CatchEntryDeclaredItem.php
18 Jun 2020 11:13:50|30|pritirm@forstarfoods.com|DailyCatchEntry_New.php
18 Jun 2020 11:13:52|30|pritirm@forstarfoods.com|DailyCatchEntry_New.php
18 Jun 2020 11:13:53|30|pritirm@forstarfoods.com|DailyCatchEntry_New.php
18 Jun 2020 11:14:03|30|pritirm@forstarfoods.com|DailyCatchEntry_New.php
18 Jun 2020 11:14:06|30|pritirm@forstarfoods.com|DailyCatchEntry_New.php
18 Jun 2020 11:14:11|30|pritirm@forstarfoods.com|DailyCatchEntry_New.php
18 Jun 2020 11:14:12|30|pritirm@forstarfoods.com|DailyCatchEntry_New.php
18 Jun 2020 11:14:13|30|pritirm@forstarfoods.com|DailyCatchEntry_New.php
18 Jun 2020 11:14:14|30|pritirm@forstarfoods.com|DailyCatchEntry_New.php
18 Jun 2020 11:14:15|30|pritirm@forstarfoods.com|DailyCatchEntry_New.php
18 Jun 2020 11:14:17|30|pritirm@forstarfoods.com|DailyCatchEntry_New.php
18 Jun 2020 11:14:18|30|pritirm@forstarfoods.com|DailyCatchEntry_New.php
18 Jun 2020 11:14:20|30|pritirm@forstarfoods.com|DailyCatchEntry_New.php
18 Jun 2020 11:14:22|30|pritirm@forstarfoods.com|CatchEntryDeclaredItem.php
18 Jun 2020 11:14:26|30|pritirm@forstarfoods.com|DailyCatchEntry_New.php
18 Jun 2020 11:14:28|30|pritirm@forstarfoods.com|DailyCatchEntry_New.php
18 Jun 2020 11:14:31|30|pritirm@forstarfoods.com|DailyCatchEntry_New.php
18 Jun 2020 11:14:32|30|pritirm@forstarfoods.com|DailyCatchEntry_New.php
18 Jun 2020 11:14:33|30|pritirm@forstarfoods.com|DailyCatchEntry_New.php
18 Jun 2020 11:14:34|30|pritirm@forstarfoods.com|DailyCatchEntry_New.php
18 Jun 2020 11:14:36|30|pritirm@forstarfoods.com|DailyCatchEntry_New.php
18 Jun 2020 11:14:37|30|pritirm@forstarfoods.com|DailyCatchEntry_New.php
18 Jun 2020 11:14:43|30|pritirm@forstarfoods.com|DailyCatchEntry_New.php
18 Jun 2020 11:14:47|30|pritirm@forstarfoods.com|DailyCatchEntry_New.php
18 Jun 2020 11:14:48|30|pritirm@forstarfoods.com|CatchEntryDeclaredItem.php
18 Jun 2020 11:14:51|30|pritirm@forstarfoods.com|DailyCatchEntry_New.php
18 Jun 2020 11:14:53|30|pritirm@forstarfoods.com|DailyCatchEntry_New.php
18 Jun 2020 11:14:55|30|pritirm@forstarfoods.com|DailyCatchEntry_New.php
18 Jun 2020 11:14:56|30|pritirm@forstarfoods.com|DailyCatchEntry_New.php
18 Jun 2020 11:14:58|30|pritirm@forstarfoods.com|DailyCatchEntry_New.php
18 Jun 2020 11:14:59|30|pritirm@forstarfoods.com|DailyCatchEntry_New.php
18 Jun 2020 11:15:00|30|pritirm@forstarfoods.com|DailyCatchEntry_New.php
18 Jun 2020 11:15:01|30|pritirm@forstarfoods.com|DailyCatchEntry_New.php
18 Jun 2020 11:15:03|30|pritirm@forstarfoods.com|DailyCatchEntry_New.php
18 Jun 2020 11:15:05|30|pritirm@forstarfoods.com|DailyCatchEntry_New.php
18 Jun 2020 11:15:06|30|pritirm@forstarfoods.com|CatchEntryDeclaredItem.php
18 Jun 2020 11:15:10|30|pritirm@forstarfoods.com|DailyCatchEntry_New.php
18 Jun 2020 11:15:12|30|pritirm@forstarfoods.com|DailyCatchEntry_New.php
18 Jun 2020 11:15:14|30|pritirm@forstarfoods.com|DailyCatchEntry_New.php
18 Jun 2020 11:15:16|30|pritirm@forstarfoods.com|DailyCatchEntry_New.php
18 Jun 2020 11:15:17|30|pritirm@forstarfoods.com|DailyCatchEntry_New.php
18 Jun 2020 11:15:18|30|pritirm@forstarfoods.com|DailyCatchEntry_New.php
18 Jun 2020 11:15:19|30|pritirm@forstarfoods.com|DailyCatchEntry_New.php
18 Jun 2020 11:15:21|30|pritirm@forstarfoods.com|DailyCatchEntry_New.php
18 Jun 2020 11:15:26|30|pritirm@forstarfoods.com|DailyCatchEntry_New.php
18 Jun 2020 11:15:28|30|pritirm@forstarfoods.com|DailyCatchEntry_New.php
18 Jun 2020 11:15:29|30|pritirm@forstarfoods.com|CatchEntryDeclaredItem.php
18 Jun 2020 11:15:36|30|pritirm@forstarfoods.com|DailyCatchReport.php
18 Jun 2020 11:15:43|30|pritirm@forstarfoods.com|DailyCatchReport.php
18 Jun 2020 11:15:57|30|pritirm@forstarfoods.com|DailyCatchReport.php
18 Jun 2020 11:16:05|30|pritirm@forstarfoods.com|DailyCatchReport.php
18 Jun 2020 11:16:06|30|pritirm@forstarfoods.com|DailyCatchReport.php
18 Jun 2020 11:16:08|30|pritirm@forstarfoods.com|DailyCatchReport.php
18 Jun 2020 11:16:26|30|pritirm@forstarfoods.com|PrintDailyCatchReportMemo.php
18 Jun 2020 11:16:48|30|pritirm@forstarfoods.com|DailyCatchReport.php
18 Jun 2020 11:16:50|30|pritirm@forstarfoods.com|DailyCatchReport.php
18 Jun 2020 11:16:51|30|pritirm@forstarfoods.com|DailyCatchReport.php
18 Jun 2020 11:16:54|30|pritirm@forstarfoods.com|DailyCatchReport.php
18 Jun 2020 11:16:55|30|pritirm@forstarfoods.com|DailyCatchReport.php
18 Jun 2020 11:16:57|30|pritirm@forstarfoods.com|DailyCatchReport.php
18 Jun 2020 11:16:58|30|pritirm@forstarfoods.com|DailyCatchReport.php
18 Jun 2020 11:17:00|30|pritirm@forstarfoods.com|DailyCatchReport.php
18 Jun 2020 11:17:01|30|pritirm@forstarfoods.com|DailyCatchReport.php
18 Jun 2020 11:17:03|30|pritirm@forstarfoods.com|DailyCatchReport.php
18 Jun 2020 11:17:06|30|pritirm@forstarfoods.com|PrintDailyCatchReportMemo.php
18 Jun 2020 11:17:34|30|pritirm@forstarfoods.com|DailyCatchReport.php
18 Jun 2020 11:17:36|30|pritirm@forstarfoods.com|DailyCatchReport.php
18 Jun 2020 11:17:37|30|pritirm@forstarfoods.com|DailyCatchReport.php
18 Jun 2020 11:17:42|30|pritirm@forstarfoods.com|DailyCatchReport.php
18 Jun 2020 11:17:43|30|pritirm@forstarfoods.com|DailyCatchReport.php
18 Jun 2020 11:17:45|30|pritirm@forstarfoods.com|DailyCatchReport.php
18 Jun 2020 11:17:46|30|pritirm@forstarfoods.com|DailyCatchReport.php
18 Jun 2020 11:17:49|30|pritirm@forstarfoods.com|DailyCatchReport.php
18 Jun 2020 11:17:51|30|pritirm@forstarfoods.com|DailyCatchReport.php
18 Jun 2020 11:17:52|30|pritirm@forstarfoods.com|DailyCatchReport.php
18 Jun 2020 11:17:57|30|pritirm@forstarfoods.com|PrintDailyCatchReportMemo.php
18 Jun 2020 11:18:16|30|pritirm@forstarfoods.com|DailyCatchReport.php
18 Jun 2020 11:18:17|30|pritirm@forstarfoods.com|DailyCatchReport.php
18 Jun 2020 11:18:18|30|pritirm@forstarfoods.com|DailyCatchReport.php
18 Jun 2020 11:18:26|30|pritirm@forstarfoods.com|DailyCatchReport.php
18 Jun 2020 11:18:27|30|pritirm@forstarfoods.com|DailyCatchReport.php
18 Jun 2020 11:18:30|30|pritirm@forstarfoods.com|DailyCatchReport.php
18 Jun 2020 11:18:31|30|pritirm@forstarfoods.com|DailyCatchReport.php
18 Jun 2020 11:18:33|30|pritirm@forstarfoods.com|DailyCatchReport.php
18 Jun 2020 11:18:37|30|pritirm@forstarfoods.com|PrintDailyCatchReportMemo.php
18 Jun 2020 11:19:25|30|pritirm@forstarfoods.com|DailyCatchReport.php
18 Jun 2020 11:19:26|30|pritirm@forstarfoods.com|DailyCatchReport.php
18 Jun 2020 11:19:28|30|pritirm@forstarfoods.com|DailyCatchReport.php
18 Jun 2020 11:19:33|30|pritirm@forstarfoods.com|DailyCatchReport.php
18 Jun 2020 11:19:34|30|pritirm@forstarfoods.com|DailyCatchReport.php
18 Jun 2020 11:19:36|30|pritirm@forstarfoods.com|DailyCatchReport.php
18 Jun 2020 11:19:37|30|pritirm@forstarfoods.com|DailyCatchReport.php
18 Jun 2020 11:19:42|30|pritirm@forstarfoods.com|DailyCatchReport.php
18 Jun 2020 11:19:44|30|pritirm@forstarfoods.com|DailyCatchReport.php
18 Jun 2020 11:19:45|30|pritirm@forstarfoods.com|DailyCatchReport.php
18 Jun 2020 11:19:50|30|pritirm@forstarfoods.com|PrintDailyCatchReportMemo.php
18 Jun 2020 11:20:03|30|pritirm@forstarfoods.com|DailyCatchReport.php
18 Jun 2020 11:20:05|30|pritirm@forstarfoods.com|DailyCatchReport.php
18 Jun 2020 11:20:06|30|pritirm@forstarfoods.com|DailyCatchReport.php
18 Jun 2020 11:20:11|30|pritirm@forstarfoods.com|SupplierAccount.php
18 Jun 2020 11:20:21|30|pritirm@forstarfoods.com|SupplierAccount.php
18 Jun 2020 11:20:34|30|pritirm@forstarfoods.com|SupplierAccount.php
18 Jun 2020 11:21:09|30|pritirm@forstarfoods.com|SupplierAccount.php
18 Jun 2020 11:21:21|30|pritirm@forstarfoods.com|SupplierAccount.php
18 Jun 2020 11:21:44|30|pritirm@forstarfoods.com|SupplierAccount.php
18 Jun 2020 11:21:54|30|pritirm@forstarfoods.com|SupplierAccount.php
18 Jun 2020 11:21:58|30|pritirm@forstarfoods.com|SupplierAccount.php
18 Jun 2020 11:22:40|30|pritirm@forstarfoods.com|SupplierAccount.php
18 Jun 2020 11:22:48|30|pritirm@forstarfoods.com|SupplierAccount.php
18 Jun 2020 11:23:36|30|pritirm@forstarfoods.com|SupplierAccount.php
18 Jun 2020 11:23:51|30|pritirm@forstarfoods.com|SupplierAccount.php
18 Jun 2020 11:24:01|30|pritirm@forstarfoods.com|SupplierAccount.php
18 Jun 2020 11:28:10|30|pritirm@forstarfoods.com|SupplierAccount.php
18 Jun 2020 11:28:19|30|pritirm@forstarfoods.com|SupplierAccount.php
18 Jun 2020 11:28:22|30|pritirm@forstarfoods.com|SupplierAccount.php
18 Jun 2020 11:28:53|30|pritirm@forstarfoods.com|SupplierAccount.php
18 Jun 2020 11:29:17|30|pritirm@forstarfoods.com|SupplierAccount.php
18 Jun 2020 11:29:21|30|pritirm@forstarfoods.com|SettlementSummary.php
18 Jun 2020 11:29:46|30|pritirm@forstarfoods.com|SettlementSummary.php
18 Jun 2020 11:29:48|30|pritirm@forstarfoods.com|SupplierPayments.php
18 Jun 2020 11:29:50|30|pritirm@forstarfoods.com|SupplierPayments.php
18 Jun 2020 11:29:51|30|pritirm@forstarfoods.com|SupplierPayments.php
18 Jun 2020 11:29:52|30|pritirm@forstarfoods.com|SupplierAccount.php
18 Jun 2020 11:30:00|30|pritirm@forstarfoods.com|SupplierAccount.php
18 Jun 2020 11:30:03|30|pritirm@forstarfoods.com|SupplierAccount.php
18 Jun 2020 11:30:07|30|pritirm@forstarfoods.com|SupplierAccount.php
18 Jun 2020 11:30:12|30|pritirm@forstarfoods.com|SupplierAccount.php
18 Jun 2020 11:30:16|30|pritirm@forstarfoods.com|SettlementSummary.php
18 Jun 2020 11:30:22|30|pritirm@forstarfoods.com|SettlementSummary.php
18 Jun 2020 11:30:25|30|pritirm@forstarfoods.com|SupplierPayments.php
18 Jun 2020 11:30:26|30|pritirm@forstarfoods.com|SupplierPayments.php
18 Jun 2020 11:30:27|30|pritirm@forstarfoods.com|SupplierPayments.php
18 Jun 2020 11:30:30|30|pritirm@forstarfoods.com|SupplierAccount.php
18 Jun 2020 11:30:36|30|pritirm@forstarfoods.com|SupplierAccount.php
18 Jun 2020 11:30:43|30|pritirm@forstarfoods.com|SupplierAccount.php
18 Jun 2020 11:30:47|30|pritirm@forstarfoods.com|SupplierAccount.php
18 Jun 2020 11:31:11|30|pritirm@forstarfoods.com|PurchaseReport.php
18 Jun 2020 11:31:28|30|pritirm@forstarfoods.com|PurchaseReport.php
18 Jun 2020 11:31:36|30|pritirm@forstarfoods.com|PrintPurchaseSettlementMemo.php
18 Jun 2020 11:31:51|30|pritirm@forstarfoods.com|PurchaseReport.php
18 Jun 2020 11:31:56|30|pritirm@forstarfoods.com|PrintPurchaseSettlementMemo.php
18 Jun 2020 11:32:08|30|pritirm@forstarfoods.com|PurchaseReport.php
18 Jun 2020 11:32:13|30|pritirm@forstarfoods.com|PrintPurchaseSettlementMemo.php
18 Jun 2020 11:32:31|30|pritirm@forstarfoods.com|PurchaseReport.php
18 Jun 2020 11:32:45|30|pritirm@forstarfoods.com|PrintPurchaseSettlementMemo.php
18 Jun 2020 11:33:10|30|pritirm@forstarfoods.com|PurchaseReport.php
18 Jun 2020 11:33:14|30|pritirm@forstarfoods.com|PrintPurchaseSettlementMemo.php
18 Jun 2020 12:07:07|20|shiji@forstarfoods.com|DailyCatchEntry_New.php
18 Jun 2020 12:07:10|20|shiji@forstarfoods.com|DailyCatchEntry_New.php
18 Jun 2020 12:07:12|20|shiji@forstarfoods.com|DailyCatchEntry_New.php
18 Jun 2020 12:07:13|20|shiji@forstarfoods.com|DailyCatchEntry_New.php
18 Jun 2020 12:07:14|20|shiji@forstarfoods.com|DailyCatchEntry_New.php
18 Jun 2020 12:07:16|20|shiji@forstarfoods.com|CatchEntryDeclaredItem.php
18 Jun 2020 12:07:17|20|shiji@forstarfoods.com|DailyCatchEntry_New.php
18 Jun 2020 12:07:18|20|shiji@forstarfoods.com|DailyCatchEntry_New.php
18 Jun 2020 12:07:19|20|shiji@forstarfoods.com|DailyCatchEntry_New.php
18 Jun 2020 12:07:20|20|shiji@forstarfoods.com|DailyCatchEntry_New.php
18 Jun 2020 12:07:22|20|shiji@forstarfoods.com|DailyCatchEntry_New.php
18 Jun 2020 12:07:23|20|shiji@forstarfoods.com|DailyCatchEntry_New.php
18 Jun 2020 12:07:24|20|shiji@forstarfoods.com|DailyCatchEntry_New.php
18 Jun 2020 12:07:25|20|shiji@forstarfoods.com|DailyCatchEntry_New.php
18 Jun 2020 12:07:27|20|shiji@forstarfoods.com|DailyCatchEntry_New.php
18 Jun 2020 12:07:33|20|shiji@forstarfoods.com|DailyCatchEntry_New.php
18 Jun 2020 12:07:38|20|shiji@forstarfoods.com|DailyCatchEntry_New.php
18 Jun 2020 12:07:40|20|shiji@forstarfoods.com|CatchEntryDeclaredItem.php
18 Jun 2020 12:07:51|20|shiji@forstarfoods.com|DailyCatchEntry_New.php
18 Jun 2020 12:07:53|20|shiji@forstarfoods.com|DailyCatchEntry_New.php
18 Jun 2020 12:07:54|20|shiji@forstarfoods.com|DailyCatchEntry_New.php
18 Jun 2020 12:07:55|20|shiji@forstarfoods.com|DailyCatchEntry_New.php
18 Jun 2020 12:07:56|20|shiji@forstarfoods.com|DailyCatchEntry_New.php
18 Jun 2020 12:07:58|20|shiji@forstarfoods.com|DailyCatchEntry_New.php
18 Jun 2020 12:08:39|20|shiji@forstarfoods.com|DailyCatchEntry_New.php
18 Jun 2020 12:08:40|20|shiji@forstarfoods.com|DailyCatchEntry_New.php
18 Jun 2020 12:08:43|20|shiji@forstarfoods.com|DailyCatchEntry_New.php
18 Jun 2020 12:08:48|20|shiji@forstarfoods.com|DailyCatchEntry_New.php
18 Jun 2020 12:08:49|20|shiji@forstarfoods.com|DailyCatchEntry_New.php
18 Jun 2020 12:08:50|20|shiji@forstarfoods.com|DailyCatchEntry_New.php
18 Jun 2020 12:08:52|20|shiji@forstarfoods.com|DailyCatchEntry_New.php
18 Jun 2020 12:08:53|20|shiji@forstarfoods.com|DailyCatchEntry_New.php
18 Jun 2020 12:08:54|20|shiji@forstarfoods.com|DailyCatchEntry_New.php
18 Jun 2020 12:09:04|20|shiji@forstarfoods.com|DailyCatchEntry_New.php
18 Jun 2020 12:09:06|20|shiji@forstarfoods.com|DailyCatchEntry_New.php
18 Jun 2020 12:09:07|20|shiji@forstarfoods.com|CatchEntryDeclaredItem.php
18 Jun 2020 12:09:17|20|shiji@forstarfoods.com|DailyCatchEntry_New.php
18 Jun 2020 12:09:19|20|shiji@forstarfoods.com|DailyCatchEntry_New.php
18 Jun 2020 12:09:21|20|shiji@forstarfoods.com|DailyCatchEntry_New.php
18 Jun 2020 12:09:22|20|shiji@forstarfoods.com|DailyCatchEntry_New.php
18 Jun 2020 12:09:23|20|shiji@forstarfoods.com|DailyCatchEntry_New.php
18 Jun 2020 12:09:25|20|shiji@forstarfoods.com|DailyCatchEntry_New.php
18 Jun 2020 12:09:26|20|shiji@forstarfoods.com|DailyCatchEntry_New.php
18 Jun 2020 12:09:27|20|shiji@forstarfoods.com|DailyCatchEntry_New.php
18 Jun 2020 12:09:28|20|shiji@forstarfoods.com|DailyCatchEntry_New.php
18 Jun 2020 12:09:31|20|shiji@forstarfoods.com|DailyCatchEntry_New.php
18 Jun 2020 12:09:32|20|shiji@forstarfoods.com|CatchEntryDeclaredItem.php
18 Jun 2020 12:09:39|20|shiji@forstarfoods.com|DailyCatchEntry_New.php
18 Jun 2020 12:09:42|20|shiji@forstarfoods.com|DailyCatchEntry_New.php
18 Jun 2020 12:09:45|20|shiji@forstarfoods.com|DailyCatchEntry_New.php
18 Jun 2020 12:09:47|20|shiji@forstarfoods.com|DailyCatchEntry_New.php
18 Jun 2020 12:09:48|20|shiji@forstarfoods.com|DailyCatchEntry_New.php
18 Jun 2020 12:09:49|20|shiji@forstarfoods.com|DailyCatchEntry_New.php
18 Jun 2020 12:09:50|20|shiji@forstarfoods.com|DailyCatchEntry_New.php
18 Jun 2020 12:09:52|20|shiji@forstarfoods.com|DailyCatchEntry_New.php
18 Jun 2020 12:09:53|20|shiji@forstarfoods.com|DailyCatchEntry_New.php
18 Jun 2020 12:09:55|20|shiji@forstarfoods.com|DailyCatchEntry_New.php
18 Jun 2020 12:09:56|20|shiji@forstarfoods.com|CatchEntryDeclaredItem.php
18 Jun 2020 12:10:03|20|shiji@forstarfoods.com|DailyCatchEntry_New.php
18 Jun 2020 12:10:06|20|shiji@forstarfoods.com|DailyCatchEntry_New.php
18 Jun 2020 12:10:08|20|shiji@forstarfoods.com|DailyCatchEntry_New.php
18 Jun 2020 12:10:09|20|shiji@forstarfoods.com|DailyCatchEntry_New.php
18 Jun 2020 12:10:10|20|shiji@forstarfoods.com|DailyCatchEntry_New.php
18 Jun 2020 12:10:11|20|shiji@forstarfoods.com|DailyCatchEntry_New.php
18 Jun 2020 12:10:13|20|shiji@forstarfoods.com|DailyCatchEntry_New.php
18 Jun 2020 12:10:14|20|shiji@forstarfoods.com|DailyCatchEntry_New.php
18 Jun 2020 12:10:15|20|shiji@forstarfoods.com|DailyCatchEntry_New.php
18 Jun 2020 12:10:18|20|shiji@forstarfoods.com|DailyCatchEntry_New.php
18 Jun 2020 12:10:19|20|shiji@forstarfoods.com|CatchEntryDeclaredItem.php
18 Jun 2020 12:10:24|20|shiji@forstarfoods.com|DailyCatchEntry_New.php
18 Jun 2020 12:10:26|20|shiji@forstarfoods.com|DailyCatchEntry_New.php
18 Jun 2020 12:10:27|20|shiji@forstarfoods.com|DailyCatchEntry_New.php
18 Jun 2020 12:10:40|20|shiji@forstarfoods.com|DailyCatchEntry_New.php
18 Jun 2020 12:10:45|20|shiji@forstarfoods.com|DailyCatchEntry_New.php
18 Jun 2020 12:10:46|20|shiji@forstarfoods.com|CatchEntryDeclaredItem.php
18 Jun 2020 12:10:53|20|shiji@forstarfoods.com|DailyCatchEntry_New.php
18 Jun 2020 12:10:54|20|shiji@forstarfoods.com|DailyCatchEntry_New.php
18 Jun 2020 12:10:55|20|shiji@forstarfoods.com|DailyCatchEntry_New.php
18 Jun 2020 12:10:57|20|shiji@forstarfoods.com|DailyCatchEntry_New.php
18 Jun 2020 12:10:58|20|shiji@forstarfoods.com|DailyCatchEntry_New.php
18 Jun 2020 12:10:59|20|shiji@forstarfoods.com|DailyCatchEntry_New.php
18 Jun 2020 12:11:07|20|shiji@forstarfoods.com|DailyCatchEntry_New.php
18 Jun 2020 12:11:09|20|shiji@forstarfoods.com|DailyCatchEntry_New.php
18 Jun 2020 12:11:11|20|shiji@forstarfoods.com|DailyCatchEntry_New.php
18 Jun 2020 12:11:13|20|shiji@forstarfoods.com|DailyCatchEntry_New.php
18 Jun 2020 12:11:14|20|shiji@forstarfoods.com|DailyCatchEntry_New.php
18 Jun 2020 12:11:16|20|shiji@forstarfoods.com|DailyCatchEntry_New.php
18 Jun 2020 12:11:17|20|shiji@forstarfoods.com|DailyCatchEntry_New.php
18 Jun 2020 12:11:18|20|shiji@forstarfoods.com|DailyCatchEntry_New.php
18 Jun 2020 12:11:19|20|shiji@forstarfoods.com|DailyCatchEntry_New.php
18 Jun 2020 12:11:27|20|shiji@forstarfoods.com|DailyCatchEntry_New.php
18 Jun 2020 12:11:30|20|shiji@forstarfoods.com|DailyCatchEntry_New.php
18 Jun 2020 12:11:31|20|shiji@forstarfoods.com|CatchEntryDeclaredItem.php
18 Jun 2020 12:11:39|20|shiji@forstarfoods.com|DailyCatchEntry_New.php
18 Jun 2020 12:11:43|20|shiji@forstarfoods.com|DailyCatchEntry_New.php
18 Jun 2020 12:11:45|20|shiji@forstarfoods.com|DailyCatchEntry_New.php
18 Jun 2020 12:11:46|20|shiji@forstarfoods.com|DailyCatchEntry_New.php
18 Jun 2020 12:11:47|20|shiji@forstarfoods.com|DailyCatchEntry_New.php
18 Jun 2020 12:11:49|20|shiji@forstarfoods.com|DailyCatchEntry_New.php
18 Jun 2020 12:11:50|20|shiji@forstarfoods.com|DailyCatchEntry_New.php
18 Jun 2020 12:11:51|20|shiji@forstarfoods.com|DailyCatchEntry_New.php
18 Jun 2020 12:11:52|20|shiji@forstarfoods.com|DailyCatchEntry_New.php
18 Jun 2020 12:12:05|20|shiji@forstarfoods.com|DailyCatchEntry_New.php
18 Jun 2020 12:12:09|20|shiji@forstarfoods.com|CatchEntryDeclaredItem.php
18 Jun 2020 12:12:12|20|shiji@forstarfoods.com|DailyCatchEntry_New.php
18 Jun 2020 12:12:13|20|shiji@forstarfoods.com|DailyCatchEntry_New.php
18 Jun 2020 12:12:16|20|shiji@forstarfoods.com|DailyCatchEntry_New.php
18 Jun 2020 12:12:18|20|shiji@forstarfoods.com|DailyCatchEntry_New.php
18 Jun 2020 12:12:19|20|shiji@forstarfoods.com|DailyCatchEntry_New.php
18 Jun 2020 12:12:20|20|shiji@forstarfoods.com|DailyCatchEntry_New.php
18 Jun 2020 12:12:22|20|shiji@forstarfoods.com|DailyCatchEntry_New.php
18 Jun 2020 12:12:23|20|shiji@forstarfoods.com|DailyCatchEntry_New.php
18 Jun 2020 12:12:24|20|shiji@forstarfoods.com|DailyCatchEntry_New.php
18 Jun 2020 12:12:28|20|shiji@forstarfoods.com|DailyCatchEntry_New.php
18 Jun 2020 12:12:31|20|shiji@forstarfoods.com|DailyCatchEntry_New.php
18 Jun 2020 12:12:33|20|shiji@forstarfoods.com|CatchEntryDeclaredItem.php
18 Jun 2020 12:12:42|20|shiji@forstarfoods.com|DailyCatchEntry_New.php
18 Jun 2020 12:12:43|20|shiji@forstarfoods.com|DailyCatchEntry_New.php
18 Jun 2020 12:12:45|20|shiji@forstarfoods.com|DailyCatchEntry_New.php
18 Jun 2020 12:12:50|20|shiji@forstarfoods.com|DailyCatchEntry_New.php
18 Jun 2020 12:13:00|20|shiji@forstarfoods.com|DailyCatchEntry_New.php