
23 Jun 2020 11:30:42|30|pritirm@forstarfoods.com|SupplierAccount.php
23 Jun 2020 11:31:12|30|pritirm@forstarfoods.com|SupplierAccount.php
23 Jun 2020 11:32:15|30|pritirm@forstarfoods.com|SettlementSummary.php
23 Jun 2020 11:32:22|30|pritirm@forstarfoods.com|SettlementSummary.php
23 Jun 2020 11:32:25|30|pritirm@forstarfoods.com|SupplierPayments.php
23 Jun 2020 11:32:26|30|pritirm@forstarfoods.com|SupplierPayments.php
23 Jun 2020 11:32:27|30|pritirm@forstarfoods.com|SupplierPayments.php
23 Jun 2020 11:32:31|30|pritirm@forstarfoods.com|SupplierAccount.php
23 Jun 2020 11:32:53|30|pritirm@forstarfoods.com|SupplierAccount.php
23 Jun 2020 11:32:59|30|pritirm@forstarfoods.com|SupplierAccount.php
23 Jun 2020 11:33:10|30|pritirm@forstarfoods.com|SupplierAccount.php
23 Jun 2020 11:33:20|30|pritirm@forstarfoods.com|SettlementSummary.php
23 Jun 2020 11:33:26|30|pritirm@forstarfoods.com|SettlementSummary.php
23 Jun 2020 11:33:29|30|pritirm@forstarfoods.com|SupplierPayments.php
23 Jun 2020 11:33:30|30|pritirm@forstarfoods.com|SupplierPayments.php
23 Jun 2020 11:33:31|30|pritirm@forstarfoods.com|SupplierPayments.php
23 Jun 2020 11:33:32|30|pritirm@forstarfoods.com|SupplierAccount.php
23 Jun 2020 11:33:39|30|pritirm@forstarfoods.com|SupplierAccount.php
23 Jun 2020 11:33:43|30|pritirm@forstarfoods.com|SupplierAccount.php
23 Jun 2020 11:33:57|30|pritirm@forstarfoods.com|SupplierAccount.php
23 Jun 2020 11:34:01|30|pritirm@forstarfoods.com|SupplierAccount.php
23 Jun 2020 11:34:46|30|pritirm@forstarfoods.com|SupplierAccount.php
23 Jun 2020 11:35:35|30|pritirm@forstarfoods.com|SettlementSummary.php
23 Jun 2020 11:35:49|30|pritirm@forstarfoods.com|SupplierAccount.php
23 Jun 2020 11:36:00|30|pritirm@forstarfoods.com|SupplierAccount.php
23 Jun 2020 11:36:07|30|pritirm@forstarfoods.com|SupplierAccount.php
23 Jun 2020 11:36:10|30|pritirm@forstarfoods.com|SupplierAccount.php
23 Jun 2020 11:36:16|30|pritirm@forstarfoods.com|SupplierAccount.php
23 Jun 2020 11:36:43|30|pritirm@forstarfoods.com|SupplierAccount.php
23 Jun 2020 11:37:02|30|pritirm@forstarfoods.com|PurchaseReport.php
23 Jun 2020 11:37:14|30|pritirm@forstarfoods.com|PurchaseReport.php
23 Jun 2020 11:37:18|30|pritirm@forstarfoods.com|PrintPurchaseSettlementMemo.php
23 Jun 2020 11:37:37|30|pritirm@forstarfoods.com|PurchaseReport.php
23 Jun 2020 11:37:40|30|pritirm@forstarfoods.com|PrintPurchaseSettlementMemo.php
23 Jun 2020 11:37:51|30|pritirm@forstarfoods.com|PurchaseReport.php
23 Jun 2020 11:37:55|30|pritirm@forstarfoods.com|PrintPurchaseSettlementMemo.php
23 Jun 2020 11:38:09|30|pritirm@forstarfoods.com|PurchaseReport.php
23 Jun 2020 11:38:13|30|pritirm@forstarfoods.com|PrintPurchaseSettlementMemo.php
23 Jun 2020 11:53:27|20|shiji@forstarfoods.com|ProcessorsAccounts.php
23 Jun 2020 11:53:34|20|shiji@forstarfoods.com|ProcessorsAccounts.php
23 Jun 2020 11:56:08|20|shiji@forstarfoods.com|ProcessorsAccounts.php
23 Jun 2020 12:03:14|20|shiji@forstarfoods.com|DailyCatchSummary.php
23 Jun 2020 12:03:17|20|shiji@forstarfoods.com|DailyCatchSummary.php
23 Jun 2020 12:03:27|20|shiji@forstarfoods.com|DailyCatchSummary.php
23 Jun 2020 12:03:30|20|shiji@forstarfoods.com|DailyCatchSummary.php
23 Jun 2020 12:03:34|20|shiji@forstarfoods.com|DailyCatchSummary.php
23 Jun 2020 12:03:40|20|shiji@forstarfoods.com|DailyCatchSummary.php
23 Jun 2020 12:05:16|20|shiji@forstarfoods.com|DailyCatchSummary.php
23 Jun 2020 12:05:24|20|shiji@forstarfoods.com|DailyCatchSummary.php
23 Jun 2020 12:05:26|20|shiji@forstarfoods.com|DailyCatchSummary.php
23 Jun 2020 12:05:55|20|shiji@forstarfoods.com|DailyCatchSummary.php
23 Jun 2020 12:24:49|20|shiji@forstarfoods.com|DailyCatchSummary.php
23 Jun 2020 12:25:09|20|shiji@forstarfoods.com|DailyCatchSummary.php
23 Jun 2020 12:25:17|20|shiji@forstarfoods.com|DailyCatchSummary.php
23 Jun 2020 12:25:20|20|shiji@forstarfoods.com|DailyCatchSummary.php
23 Jun 2020 12:25:24|20|shiji@forstarfoods.com|DailyCatchSummary.php
23 Jun 2020 12:25:30|20|shiji@forstarfoods.com|DailyCatchSummary.php
23 Jun 2020 12:25:33|20|shiji@forstarfoods.com|PrintDailyCatchSummary.php
23 Jun 2020 12:26:35|20|shiji@forstarfoods.com|DailyCatchSummary.php
23 Jun 2020 12:33:47|30|pritirm@forstarfoods.com|PurchaseStatement.php
23 Jun 2020 12:33:55|30|pritirm@forstarfoods.com|PurchaseStatement.php
23 Jun 2020 12:33:59|30|pritirm@forstarfoods.com|PurchaseStatement.php
23 Jun 2020 12:34:02|30|pritirm@forstarfoods.com|PrintPurchaseStatement.php
23 Jun 2020 12:34:30|30|pritirm@forstarfoods.com|PurchaseStatement.php
23 Jun 2020 12:34:37|30|pritirm@forstarfoods.com|PurchaseStatement.php
23 Jun 2020 12:34:40|30|pritirm@forstarfoods.com|PrintPurchaseStatement.php
23 Jun 2020 12:35:46|30|pritirm@forstarfoods.com|PurchaseStatement.php
23 Jun 2020 12:35:57|30|pritirm@forstarfoods.com|SupplierAccount.php
23 Jun 2020 12:36:19|30|pritirm@forstarfoods.com|SupplierAccount.php
23 Jun 2020 12:36:24|30|pritirm@forstarfoods.com|SupplierAccount.php
23 Jun 2020 12:36:28|30|pritirm@forstarfoods.com|SupplierAccount.php
23 Jun 2020 12:36:33|30|pritirm@forstarfoods.com|SettlementSummary.php
23 Jun 2020 12:36:40|30|pritirm@forstarfoods.com|SettlementSummary.php
23 Jun 2020 12:36:42|30|pritirm@forstarfoods.com|SupplierPayments.php
23 Jun 2020 12:36:43|30|pritirm@forstarfoods.com|SupplierPayments.php
23 Jun 2020 12:36:45|30|pritirm@forstarfoods.com|SupplierPayments.php
23 Jun 2020 12:36:46|30|pritirm@forstarfoods.com|SupplierAccount.php
23 Jun 2020 12:36:52|30|pritirm@forstarfoods.com|SupplierAccount.php
23 Jun 2020 12:36:59|30|pritirm@forstarfoods.com|SupplierAccount.php
23 Jun 2020 12:37:05|30|pritirm@forstarfoods.com|SupplierAccount.php
23 Jun 2020 12:37:10|30|pritirm@forstarfoods.com|SettlementSummary.php
23 Jun 2020 12:37:32|30|pritirm@forstarfoods.com|SettlementSummary.php
23 Jun 2020 12:37:34|30|pritirm@forstarfoods.com|SupplierPayments.php
23 Jun 2020 12:37:36|30|pritirm@forstarfoods.com|SupplierPayments.php
23 Jun 2020 12:37:37|30|pritirm@forstarfoods.com|SupplierPayments.php
23 Jun 2020 12:37:40|30|pritirm@forstarfoods.com|PurchaseStatement.php
23 Jun 2020 12:37:57|30|pritirm@forstarfoods.com|PurchaseStatement.php
23 Jun 2020 12:38:01|30|pritirm@forstarfoods.com|PurchaseStatement.php
23 Jun 2020 12:38:05|30|pritirm@forstarfoods.com|PrintPurchaseStatement.php
23 Jun 2020 12:38:23|30|pritirm@forstarfoods.com|PurchaseStatement.php
23 Jun 2020 12:38:25|30|pritirm@forstarfoods.com|PrintPurchaseStatement.php
23 Jun 2020 14:27:37|30|pritirm@forstarfoods.com|DailyCatchEntry_New.php
23 Jun 2020 14:27:42|30|pritirm@forstarfoods.com|DailyCatchEntry_New.php
23 Jun 2020 14:27:44|30|pritirm@forstarfoods.com|DailyCatchEntry_New.php
23 Jun 2020 14:27:45|30|pritirm@forstarfoods.com|DailyCatchEntry_New.php
23 Jun 2020 14:27:46|30|pritirm@forstarfoods.com|DailyCatchEntry_New.php
23 Jun 2020 14:27:47|30|pritirm@forstarfoods.com|CatchEntryDeclaredItem.php
23 Jun 2020 14:27:49|30|pritirm@forstarfoods.com|DailyCatchEntry_New.php
23 Jun 2020 14:27:50|30|pritirm@forstarfoods.com|DailyCatchEntry_New.php
23 Jun 2020 14:27:52|30|pritirm@forstarfoods.com|DailyCatchEntry_New.php
23 Jun 2020 14:27:53|30|pritirm@forstarfoods.com|DailyCatchEntry_New.php
23 Jun 2020 14:27:54|30|pritirm@forstarfoods.com|DailyCatchEntry_New.php
23 Jun 2020 14:27:55|30|pritirm@forstarfoods.com|DailyCatchEntry_New.php
23 Jun 2020 14:27:57|30|pritirm@forstarfoods.com|DailyCatchEntry_New.php
23 Jun 2020 14:27:58|30|pritirm@forstarfoods.com|DailyCatchEntry_New.php
23 Jun 2020 14:27:59|30|pritirm@forstarfoods.com|DailyCatchEntry_New.php
23 Jun 2020 14:28:01|30|pritirm@forstarfoods.com|DailyCatchEntry_New.php
23 Jun 2020 14:28:05|30|pritirm@forstarfoods.com|DailyCatchEntry_New.php
23 Jun 2020 14:28:06|30|pritirm@forstarfoods.com|CatchEntryDeclaredItem.php
23 Jun 2020 14:28:16|30|pritirm@forstarfoods.com|DailyCatchEntry_New.php
23 Jun 2020 14:28:18|30|pritirm@forstarfoods.com|DailyCatchEntry_New.php
23 Jun 2020 14:28:19|30|pritirm@forstarfoods.com|DailyCatchEntry_New.php
23 Jun 2020 14:28:30|30|pritirm@forstarfoods.com|DailyCatchEntry_New.php
23 Jun 2020 14:28:33|30|pritirm@forstarfoods.com|DailyCatchEntry_New.php
23 Jun 2020 14:28:46|30|pritirm@forstarfoods.com|DailyCatchEntry_New.php
23 Jun 2020 14:28:48|30|pritirm@forstarfoods.com|DailyCatchEntry_New.php
23 Jun 2020 14:28:49|30|pritirm@forstarfoods.com|DailyCatchEntry_New.php
23 Jun 2020 14:28:50|30|pritirm@forstarfoods.com|DailyCatchEntry_New.php
23 Jun 2020 14:28:51|30|pritirm@forstarfoods.com|DailyCatchEntry_New.php
23 Jun 2020 14:28:53|30|pritirm@forstarfoods.com|DailyCatchEntry_New.php
23 Jun 2020 14:28:54|30|pritirm@forstarfoods.com|DailyCatchEntry_New.php
23 Jun 2020 14:28:56|30|pritirm@forstarfoods.com|DailyCatchEntry_New.php
23 Jun 2020 14:28:58|30|pritirm@forstarfoods.com|CatchEntryDeclaredItem.php
23 Jun 2020 14:29:04|30|pritirm@forstarfoods.com|DailyCatchEntry_New.php
23 Jun 2020 14:29:05|30|pritirm@forstarfoods.com|DailyCatchEntry_New.php
23 Jun 2020 14:29:08|30|pritirm@forstarfoods.com|DailyCatchEntry_New.php
23 Jun 2020 14:29:09|30|pritirm@forstarfoods.com|DailyCatchEntry_New.php
23 Jun 2020 14:29:10|30|pritirm@forstarfoods.com|DailyCatchEntry_New.php
23 Jun 2020 14:29:11|30|pritirm@forstarfoods.com|DailyCatchEntry_New.php
23 Jun 2020 14:29:13|30|pritirm@forstarfoods.com|DailyCatchEntry_New.php
23 Jun 2020 14:29:14|30|pritirm@forstarfoods.com|DailyCatchEntry_New.php
23 Jun 2020 14:29:15|30|pritirm@forstarfoods.com|DailyCatchEntry_New.php
23 Jun 2020 14:29:17|30|pritirm@forstarfoods.com|DailyCatchEntry_New.php
23 Jun 2020 14:29:19|30|pritirm@forstarfoods.com|CatchEntryDeclaredItem.php
23 Jun 2020 14:29:23|30|pritirm@forstarfoods.com|DailyCatchEntry_New.php
23 Jun 2020 14:29:25|30|pritirm@forstarfoods.com|DailyCatchEntry_New.php
23 Jun 2020 14:29:27|30|pritirm@forstarfoods.com|DailyCatchEntry_New.php
23 Jun 2020 14:29:28|30|pritirm@forstarfoods.com|DailyCatchEntry_New.php
23 Jun 2020 14:29:30|30|pritirm@forstarfoods.com|DailyCatchEntry_New.php
23 Jun 2020 14:29:31|30|pritirm@forstarfoods.com|DailyCatchEntry_New.php
23 Jun 2020 14:29:32|30|pritirm@forstarfoods.com|DailyCatchEntry_New.php
23 Jun 2020 14:29:33|30|pritirm@forstarfoods.com|DailyCatchEntry_New.php
23 Jun 2020 14:29:42|30|pritirm@forstarfoods.com|DailyCatchEntry_New.php
23 Jun 2020 14:29:44|30|pritirm@forstarfoods.com|DailyCatchEntry_New.php
23 Jun 2020 14:29:47|30|pritirm@forstarfoods.com|CatchEntryDeclaredItem.php
23 Jun 2020 14:29:50|30|pritirm@forstarfoods.com|DailyCatchEntry_New.php
23 Jun 2020 14:29:52|30|pritirm@forstarfoods.com|DailyCatchEntry_New.php
23 Jun 2020 14:29:54|30|pritirm@forstarfoods.com|DailyCatchEntry_New.php
23 Jun 2020 14:29:55|30|pritirm@forstarfoods.com|DailyCatchEntry_New.php
23 Jun 2020 14:29:56|30|pritirm@forstarfoods.com|DailyCatchEntry_New.php
23 Jun 2020 14:29:57|30|pritirm@forstarfoods.com|DailyCatchEntry_New.php
23 Jun 2020 14:29:59|30|pritirm@forstarfoods.com|DailyCatchEntry_New.php
23 Jun 2020 14:30:00|30|pritirm@forstarfoods.com|DailyCatchEntry_New.php
23 Jun 2020 14:30:05|30|pritirm@forstarfoods.com|DailyCatchEntry_New.php
23 Jun 2020 14:30:08|30|pritirm@forstarfoods.com|DailyCatchEntry_New.php
23 Jun 2020 14:30:09|30|pritirm@forstarfoods.com|CatchEntryDeclaredItem.php
23 Jun 2020 14:30:11|30|pritirm@forstarfoods.com|DailyCatchEntry_New.php
23 Jun 2020 14:30:13|30|pritirm@forstarfoods.com|DailyCatchEntry_New.php
23 Jun 2020 14:30:15|30|pritirm@forstarfoods.com|DailyCatchEntry_New.php
23 Jun 2020 14:30:16|30|pritirm@forstarfoods.com|DailyCatchEntry_New.php
23 Jun 2020 14:30:17|30|pritirm@forstarfoods.com|DailyCatchEntry_New.php
23 Jun 2020 14:30:19|30|pritirm@forstarfoods.com|DailyCatchEntry_New.php
23 Jun 2020 14:30:20|30|pritirm@forstarfoods.com|DailyCatchEntry_New.php
23 Jun 2020 14:30:21|30|pritirm@forstarfoods.com|DailyCatchEntry_New.php
23 Jun 2020 14:30:24|30|pritirm@forstarfoods.com|DailyCatchEntry_New.php
23 Jun 2020 14:30:26|30|pritirm@forstarfoods.com|DailyCatchEntry_New.php
23 Jun 2020 14:30:27|30|pritirm@forstarfoods.com|CatchEntryDeclaredItem.php
23 Jun 2020 14:30:32|30|pritirm@forstarfoods.com|DailyCatchEntry_New.php
23 Jun 2020 14:30:33|30|pritirm@forstarfoods.com|DailyCatchEntry_New.php
23 Jun 2020 14:30:35|30|pritirm@forstarfoods.com|DailyCatchEntry_New.php
23 Jun 2020 14:30:36|30|pritirm@forstarfoods.com|DailyCatchEntry_New.php
23 Jun 2020 14:30:38|30|pritirm@forstarfoods.com|DailyCatchEntry_New.php
23 Jun 2020 14:30:39|30|pritirm@forstarfoods.com|DailyCatchEntry_New.php
23 Jun 2020 14:30:40|30|pritirm@forstarfoods.com|DailyCatchEntry_New.php
23 Jun 2020 14:30:41|30|pritirm@forstarfoods.com|DailyCatchEntry_New.php
23 Jun 2020 14:30:43|30|pritirm@forstarfoods.com|DailyCatchEntry_New.php
23 Jun 2020 14:30:46|30|pritirm@forstarfoods.com|DailyCatchEntry_New.php
23 Jun 2020 14:30:47|30|pritirm@forstarfoods.com|CatchEntryDeclaredItem.php
23 Jun 2020 14:30:51|30|pritirm@forstarfoods.com|DailyCatchEntry_New.php
23 Jun 2020 14:30:53|30|pritirm@forstarfoods.com|DailyCatchEntry_New.php
23 Jun 2020 14:30:55|30|pritirm@forstarfoods.com|DailyCatchEntry_New.php
23 Jun 2020 14:30:56|30|pritirm@forstarfoods.com|DailyCatchEntry_New.php
23 Jun 2020 14:30:57|30|pritirm@forstarfoods.com|DailyCatchEntry_New.php
23 Jun 2020 14:30:58|30|pritirm@forstarfoods.com|DailyCatchEntry_New.php
23 Jun 2020 14:31:00|30|pritirm@forstarfoods.com|DailyCatchEntry_New.php
23 Jun 2020 14:31:01|30|pritirm@forstarfoods.com|DailyCatchEntry_New.php
23 Jun 2020 14:31:04|30|pritirm@forstarfoods.com|DailyCatchEntry_New.php
23 Jun 2020 14:31:06|30|pritirm@forstarfoods.com|DailyCatchEntry_New.php
23 Jun 2020 14:31:07|30|pritirm@forstarfoods.com|CatchEntryDeclaredItem.php
23 Jun 2020 14:31:14|30|pritirm@forstarfoods.com|DailyCatchEntry_New.php
23 Jun 2020 14:31:15|30|pritirm@forstarfoods.com|DailyCatchEntry_New.php
23 Jun 2020 14:31:16|30|pritirm@forstarfoods.com|DailyCatchEntry_New.php
23 Jun 2020 14:31:18|30|pritirm@forstarfoods.com|DailyCatchEntry_New.php
23 Jun 2020 14:31:21|30|pritirm@forstarfoods.com|DailyCatchEntry_New.php
23 Jun 2020 14:31:22|30|pritirm@forstarfoods.com|CatchEntryDeclaredItem.php
23 Jun 2020 14:31:33|30|pritirm@forstarfoods.com|DailyCatchEntry_New.php
23 Jun 2020 14:31:43|30|pritirm@forstarfoods.com|DailyCatchEntry_New.php
23 Jun 2020 14:31:47|30|pritirm@forstarfoods.com|DailyCatchEntry_New.php
23 Jun 2020 14:31:49|30|pritirm@forstarfoods.com|DailyCatchEntry_New.php
23 Jun 2020 14:31:50|30|pritirm@forstarfoods.com|DailyCatchEntry_New.php
23 Jun 2020 14:31:51|30|pritirm@forstarfoods.com|DailyCatchEntry_New.php
23 Jun 2020 14:31:52|30|pritirm@forstarfoods.com|DailyCatchEntry_New.php
23 Jun 2020 14:31:54|30|pritirm@forstarfoods.com|DailyCatchEntry_New.php
23 Jun 2020 14:31:55|30|pritirm@forstarfoods.com|DailyCatchEntry_New.php
23 Jun 2020 14:31:56|30|pritirm@forstarfoods.com|DailyCatchEntry_New.php
23 Jun 2020 14:31:58|30|pritirm@forstarfoods.com|DailyCatchEntry_New.php
23 Jun 2020 14:31:59|30|pritirm@forstarfoods.com|CatchEntryDeclaredItem.php
23 Jun 2020 14:32:03|30|pritirm@forstarfoods.com|DailyCatchEntry_New.php
23 Jun 2020 14:32:05|30|pritirm@forstarfoods.com|DailyCatchEntry_New.php
23 Jun 2020 14:32:07|30|pritirm@forstarfoods.com|DailyCatchEntry_New.php
23 Jun 2020 14:32:08|30|pritirm@forstarfoods.com|DailyCatchEntry_New.php
23 Jun 2020 14:32:09|30|pritirm@forstarfoods.com|DailyCatchEntry_New.php
23 Jun 2020 14:32:10|30|pritirm@forstarfoods.com|DailyCatchEntry_New.php
23 Jun 2020 14:32:12|30|pritirm@forstarfoods.com|DailyCatchEntry_New.php
23 Jun 2020 14:32:13|30|pritirm@forstarfoods.com|DailyCatchEntry_New.php
23 Jun 2020 14:32:14|30|pritirm@forstarfoods.com|DailyCatchEntry_New.php
23 Jun 2020 14:32:17|30|pritirm@forstarfoods.com|DailyCatchEntry_New.php
23 Jun 2020 14:32:18|30|pritirm@forstarfoods.com|CatchEntryDeclaredItem.php
23 Jun 2020 14:32:22|30|pritirm@forstarfoods.com|DailyCatchEntry_New.php
23 Jun 2020 14:32:23|30|pritirm@forstarfoods.com|DailyCatchEntry_New.php
23 Jun 2020 14:32:25|30|pritirm@forstarfoods.com|DailyCatchEntry_New.php
23 Jun 2020 14:32:26|30|pritirm@forstarfoods.com|DailyCatchEntry_New.php
23 Jun 2020 14:32:27|30|pritirm@forstarfoods.com|DailyCatchEntry_New.php
23 Jun 2020 14:32:28|30|pritirm@forstarfoods.com|DailyCatchEntry_New.php
23 Jun 2020 14:32:30|30|pritirm@forstarfoods.com|DailyCatchEntry_New.php
23 Jun 2020 14:32:31|30|pritirm@forstarfoods.com|DailyCatchEntry_New.php
23 Jun 2020 14:32:40|30|pritirm@forstarfoods.com|DailyCatchEntry_New.php
23 Jun 2020 14:32:42|30|pritirm@forstarfoods.com|DailyCatchEntry_New.php
23 Jun 2020 14:32:43|30|pritirm@forstarfoods.com|CatchEntryDeclaredItem.php
23 Jun 2020 14:32:44|30|pritirm@forstarfoods.com|DailyCatchEntry_New.php
23 Jun 2020 14:32:49|30|pritirm@forstarfoods.com|DailyCatchReport.php
23 Jun 2020 14:32:57|30|pritirm@forstarfoods.com|DailyCatchReport.php
23 Jun 2020 14:33:00|30|pritirm@forstarfoods.com|DailyCatchReport.php
23 Jun 2020 14:33:02|30|pritirm@forstarfoods.com|DailyCatchReport.php
23 Jun 2020 14:33:03|30|pritirm@forstarfoods.com|DailyCatchReport.php
23 Jun 2020 14:33:11|30|pritirm@forstarfoods.com|DailyCatchReport.php
23 Jun 2020 14:33:13|30|pritirm@forstarfoods.com|DailyCatchReport.php
23 Jun 2020 14:33:14|30|pritirm@forstarfoods.com|DailyCatchReport.php
23 Jun 2020 14:33:18|30|pritirm@forstarfoods.com|PrintDailyCatchReportMemo.php
23 Jun 2020 14:33:41|30|pritirm@forstarfoods.com|DailyCatchReport.php
23 Jun 2020 14:33:42|30|pritirm@forstarfoods.com|DailyCatchReport.php
23 Jun 2020 14:33:44|30|pritirm@forstarfoods.com|DailyCatchReport.php
23 Jun 2020 14:33:46|30|pritirm@forstarfoods.com|DailyCatchReport.php
23 Jun 2020 14:33:48|30|pritirm@forstarfoods.com|DailyCatchReport.php
23 Jun 2020 14:33:49|30|pritirm@forstarfoods.com|DailyCatchReport.php
23 Jun 2020 14:33:51|30|pritirm@forstarfoods.com|DailyCatchReport.php
23 Jun 2020 14:33:56|30|pritirm@forstarfoods.com|DailyCatchReport.php
23 Jun 2020 14:33:58|30|pritirm@forstarfoods.com|DailyCatchReport.php
23 Jun 2020 14:33:59|30|pritirm@forstarfoods.com|DailyCatchReport.php
23 Jun 2020 14:34:03|30|pritirm@forstarfoods.com|PrintDailyCatchReportMemo.php
23 Jun 2020 14:34:22|30|pritirm@forstarfoods.com|DailyCatchReport.php
23 Jun 2020 14:34:23|30|pritirm@forstarfoods.com|DailyCatchReport.php
23 Jun 2020 14:34:24|30|pritirm@forstarfoods.com|DailyCatchReport.php
23 Jun 2020 14:34:26|30|pritirm@forstarfoods.com|SupplierAccount.php
23 Jun 2020 14:34:53|30|pritirm@forstarfoods.com|SupplierAccount.php
23 Jun 2020 14:35:02|30|pritirm@forstarfoods.com|SupplierAccount.php
23 Jun 2020 14:35:08|30|pritirm@forstarfoods.com|SupplierAccount.php
23 Jun 2020 14:35:32|30|pritirm@forstarfoods.com|SupplierAccount.php
23 Jun 2020 14:36:06|20|shiji@forstarfoods.com|DailyCatchEntry_New.php
23 Jun 2020 14:36:10|20|shiji@forstarfoods.com|DailyCatchEntry_New.php
23 Jun 2020 14:36:12|20|shiji@forstarfoods.com|DailyCatchEntry_New.php
23 Jun 2020 14:36:13|20|shiji@forstarfoods.com|DailyCatchEntry_New.php
23 Jun 2020 14:36:14|20|shiji@forstarfoods.com|DailyCatchEntry_New.php
23 Jun 2020 14:36:15|20|shiji@forstarfoods.com|CatchEntryDeclaredItem.php
23 Jun 2020 14:36:17|20|shiji@forstarfoods.com|DailyCatchEntry_New.php
23 Jun 2020 14:36:22|20|shiji@forstarfoods.com|DailyCatchEntry_New.php
23 Jun 2020 14:36:24|20|shiji@forstarfoods.com|DailyCatchEntry_New.php
23 Jun 2020 14:36:25|20|shiji@forstarfoods.com|DailyCatchEntry_New.php
23 Jun 2020 14:36:47|20|shiji@forstarfoods.com|DailyCatchEntry_New.php
23 Jun 2020 14:37:01|20|shiji@forstarfoods.com|DailyCatchEntry_New.php
23 Jun 2020 14:37:02|20|shiji@forstarfoods.com|CatchEntryDeclaredItem.php
23 Jun 2020 14:37:15|20|shiji@forstarfoods.com|DailyCatchEntry_New.php
23 Jun 2020 14:37:17|20|shiji@forstarfoods.com|DailyCatchEntry_New.php
23 Jun 2020 14:37:18|20|shiji@forstarfoods.com|DailyCatchEntry_New.php
23 Jun 2020 14:37:19|20|shiji@forstarfoods.com|DailyCatchEntry_New.php
23 Jun 2020 14:37:20|20|shiji@forstarfoods.com|DailyCatchEntry_New.php
23 Jun 2020 14:37:22|20|shiji@forstarfoods.com|DailyCatchEntry_New.php
23 Jun 2020 14:37:29|30|pritirm@forstarfoods.com|SupplierAccount.php
23 Jun 2020 14:37:35|30|pritirm@forstarfoods.com|SupplierAccount.php
23 Jun 2020 14:37:39|30|pritirm@forstarfoods.com|SupplierAccount.php
23 Jun 2020 14:37:44|20|shiji@forstarfoods.com|DailyCatchEntry_New.php
23 Jun 2020 14:37:47|20|shiji@forstarfoods.com|DailyCatchEntry_New.php
23 Jun 2020 14:37:49|20|shiji@forstarfoods.com|DailyCatchEntry_New.php
23 Jun 2020 14:37:54|20|shiji@forstarfoods.com|DailyCatchEntry_New.php
23 Jun 2020 14:37:55|20|shiji@forstarfoods.com|DailyCatchEntry_New.php
23 Jun 2020 14:37:56|20|shiji@forstarfoods.com|DailyCatchEntry_New.php
23 Jun 2020 14:37:58|20|shiji@forstarfoods.com|DailyCatchEntry_New.php
23 Jun 2020 14:37:59|20|shiji@forstarfoods.com|DailyCatchEntry_New.php
23 Jun 2020 14:38:00|20|shiji@forstarfoods.com|DailyCatchEntry_New.php
23 Jun 2020 14:38:04|20|shiji@forstarfoods.com|DailyCatchEntry_New.php
23 Jun 2020 14:38:09|20|shiji@forstarfoods.com|DailyCatchEntry_New.php
23 Jun 2020 14:38:10|20|shiji@forstarfoods.com|CatchEntryDeclaredItem.php
23 Jun 2020 14:38:16|20|shiji@forstarfoods.com|DailyCatchEntry_New.php
23 Jun 2020 14:38:19|20|shiji@forstarfoods.com|DailyCatchEntry_New.php
23 Jun 2020 14:38:21|20|shiji@forstarfoods.com|DailyCatchEntry_New.php
23 Jun 2020 14:38:23|20|shiji@forstarfoods.com|DailyCatchEntry_New.php
23 Jun 2020 14:38:24|20|shiji@forstarfoods.com|DailyCatchEntry_New.php
23 Jun 2020 14:38:25|20|shiji@forstarfoods.com|CatchEntryDeclaredItem.php
23 Jun 2020 14:38:26|20|shiji@forstarfoods.com|DailyCatchEntry_New.php
23 Jun 2020 14:38:28|20|shiji@forstarfoods.com|DailyCatchEntry_New.php
23 Jun 2020 14:38:29|20|shiji@forstarfoods.com|DailyCatchEntry_New.php
23 Jun 2020 14:38:30|20|shiji@forstarfoods.com|DailyCatchEntry_New.php
23 Jun 2020 14:38:31|20|shiji@forstarfoods.com|DailyCatchEntry_New.php
23 Jun 2020 14:38:33|20|shiji@forstarfoods.com|DailyCatchEntry_New.php
23 Jun 2020 14:38:34|20|shiji@forstarfoods.com|DailyCatchEntry_New.php
23 Jun 2020 14:38:35|20|shiji@forstarfoods.com|DailyCatchEntry_New.php
23 Jun 2020 14:38:37|20|shiji@forstarfoods.com|DailyCatchEntry_New.php
23 Jun 2020 14:38:38|20|shiji@forstarfoods.com|DailyCatchEntry_New.php
23 Jun 2020 14:38:39|20|shiji@forstarfoods.com|DailyCatchEntry_New.php
23 Jun 2020 14:38:46|20|shiji@forstarfoods.com|DailyCatchEntry_New.php
23 Jun 2020 14:38:47|20|shiji@forstarfoods.com|DailyCatchEntry_New.php
23 Jun 2020 14:38:48|20|shiji@forstarfoods.com|DailyCatchEntry_New.php
23 Jun 2020 14:38:54|20|shiji@forstarfoods.com|DailyCatchEntry_New.php
23 Jun 2020 14:38:59|20|shiji@forstarfoods.com|DailyCatchEntry_New.php
23 Jun 2020 14:39:00|20|shiji@forstarfoods.com|CatchEntryDeclaredItem.php
23 Jun 2020 14:39:10|20|shiji@forstarfoods.com|DailyCatchEntry_New.php
23 Jun 2020 14:39:11|20|shiji@forstarfoods.com|DailyCatchEntry_New.php
23 Jun 2020 14:39:12|20|shiji@forstarfoods.com|DailyCatchEntry_New.php
23 Jun 2020 14:39:13|20|shiji@forstarfoods.com|DailyCatchEntry_New.php
23 Jun 2020 14:39:15|20|shiji@forstarfoods.com|DailyCatchEntry_New.php
23 Jun 2020 14:39:16|20|shiji@forstarfoods.com|DailyCatchEntry_New.php
23 Jun 2020 14:39:27|20|shiji@forstarfoods.com|DailyCatchEntry_New.php
23 Jun 2020 14:39:29|20|shiji@forstarfoods.com|DailyCatchEntry_New.php
23 Jun 2020 14:39:32|20|shiji@forstarfoods.com|DailyCatchEntry_New.php
23 Jun 2020 14:39:38|20|shiji@forstarfoods.com|DailyCatchEntry_New.php
23 Jun 2020 14:39:39|20|shiji@forstarfoods.com|DailyCatchEntry_New.php
23 Jun 2020 14:39:40|20|shiji@forstarfoods.com|DailyCatchEntry_New.php
23 Jun 2020 14:39:42|20|shiji@forstarfoods.com|DailyCatchEntry_New.php
23 Jun 2020 14:39:43|20|shiji@forstarfoods.com|DailyCatchEntry_New.php
23 Jun 2020 14:39:44|20|shiji@forstarfoods.com|DailyCatchEntry_New.php
23 Jun 2020 14:39:51|30|pritirm@forstarfoods.com|SupplierAccount.php
23 Jun 2020 14:39:51|20|shiji@forstarfoods.com|DailyCatchEntry_New.php
23 Jun 2020 14:39:53|20|shiji@forstarfoods.com|DailyCatchEntry_New.php
23 Jun 2020 14:39:54|30|pritirm@forstarfoods.com|SettlementSummary.php
23 Jun 2020 14:39:54|20|shiji@forstarfoods.com|CatchEntryDeclaredItem.php
23 Jun 2020 14:40:02|30|pritirm@forstarfoods.com|SettlementSummary.php
23 Jun 2020 14:40:02|20|shiji@forstarfoods.com|DailyCatchEntry_New.php
23 Jun 2020 14:40:04|30|pritirm@forstarfoods.com|SupplierPayments.php
23 Jun 2020 14:40:05|20|shiji@forstarfoods.com|DailyCatchEntry_New.php
23 Jun 2020 14:40:05|30|pritirm@forstarfoods.com|SupplierPayments.php
23 Jun 2020 14:40:07|30|pritirm@forstarfoods.com|SupplierPayments.php
23 Jun 2020 14:40:08|20|shiji@forstarfoods.com|DailyCatchEntry_New.php
23 Jun 2020 14:40:09|20|shiji@forstarfoods.com|DailyCatchEntry_New.php
23 Jun 2020 14:40:09|30|pritirm@forstarfoods.com|PurchaseReport.php
23 Jun 2020 14:40:11|20|shiji@forstarfoods.com|DailyCatchEntry_New.php
23 Jun 2020 14:40:12|20|shiji@forstarfoods.com|DailyCatchEntry_New.php
23 Jun 2020 14:40:13|20|shiji@forstarfoods.com|DailyCatchEntry_New.php
23 Jun 2020 14:40:15|20|shiji@forstarfoods.com|DailyCatchEntry_New.php
23 Jun 2020 14:40:16|20|shiji@forstarfoods.com|DailyCatchEntry_New.php
23 Jun 2020 14:40:18|20|shiji@forstarfoods.com|DailyCatchEntry_New.php
23 Jun 2020 14:40:19|20|shiji@forstarfoods.com|CatchEntryDeclaredItem.php
23 Jun 2020 14:40:26|30|pritirm@forstarfoods.com|PurchaseReport.php
23 Jun 2020 14:40:28|20|shiji@forstarfoods.com|DailyCatchEntry_New.php
23 Jun 2020 14:40:30|20|shiji@forstarfoods.com|DailyCatchEntry_New.php
23 Jun 2020 14:40:30|30|pritirm@forstarfoods.com|PrintPurchaseSettlementMemo.php
23 Jun 2020 14:40:33|20|shiji@forstarfoods.com|DailyCatchEntry_New.php
23 Jun 2020 14:40:34|20|shiji@forstarfoods.com|DailyCatchEntry_New.php
23 Jun 2020 14:40:35|20|shiji@forstarfoods.com|DailyCatchEntry_New.php
23 Jun 2020 14:40:37|20|shiji@forstarfoods.com|DailyCatchEntry_New.php
23 Jun 2020 14:40:38|20|shiji@forstarfoods.com|DailyCatchEntry_New.php
23 Jun 2020 14:40:39|20|shiji@forstarfoods.com|DailyCatchEntry_New.php
23 Jun 2020 14:40:40|20|shiji@forstarfoods.com|DailyCatchEntry_New.php
23 Jun 2020 14:40:43|20|shiji@forstarfoods.com|DailyCatchEntry_New.php
23 Jun 2020 14:40:45|20|shiji@forstarfoods.com|CatchEntryDeclaredItem.php
23 Jun 2020 14:40:45|30|pritirm@forstarfoods.com|PurchaseReport.php
23 Jun 2020 14:40:48|30|pritirm@forstarfoods.com|PrintPurchaseSettlementMemo.php
23 Jun 2020 14:40:53|20|shiji@forstarfoods.com|DailyCatchEntry_New.php
23 Jun 2020 14:40:56|20|shiji@forstarfoods.com|DailyCatchEntry_New.php
23 Jun 2020 14:40:59|20|shiji@forstarfoods.com|DailyCatchEntry_New.php
23 Jun 2020 14:41:00|20|shiji@forstarfoods.com|DailyCatchEntry_New.php
23 Jun 2020 14:41:01|20|shiji@forstarfoods.com|DailyCatchEntry_New.php
23 Jun 2020 14:41:02|20|shiji@forstarfoods.com|DailyCatchEntry_New.php
23 Jun 2020 14:41:04|20|shiji@forstarfoods.com|DailyCatchEntry_New.php
23 Jun 2020 14:41:05|20|shiji@forstarfoods.com|DailyCatchEntry_New.php
23 Jun 2020 14:41:06|20|shiji@forstarfoods.com|DailyCatchEntry_New.php
23 Jun 2020 14:41:09|20|shiji@forstarfoods.com|DailyCatchEntry_New.php
23 Jun 2020 14:41:10|20|shiji@forstarfoods.com|CatchEntryDeclaredItem.php
23 Jun 2020 14:41:19|20|shiji@forstarfoods.com|DailyCatchEntry_New.php
23 Jun 2020 14:41:22|20|shiji@forstarfoods.com|DailyCatchEntry_New.php
23 Jun 2020 14:41:26|20|shiji@forstarfoods.com|DailyCatchEntry_New.php
23 Jun 2020 14:41:27|20|shiji@forstarfoods.com|DailyCatchEntry_New.php
23 Jun 2020 14:41:28|20|shiji@forstarfoods.com|DailyCatchEntry_New.php
23 Jun 2020 14:41:29|20|shiji@forstarfoods.com|DailyCatchEntry_New.php
23 Jun 2020 14:41:31|20|shiji@forstarfoods.com|DailyCatchEntry_New.php
23 Jun 2020 14:41:32|20|shiji@forstarfoods.com|DailyCatchEntry_New.php
23 Jun 2020 14:41:33|20|shiji@forstarfoods.com|DailyCatchEntry_New.php
23 Jun 2020 14:41:36|20|shiji@forstarfoods.com|DailyCatchEntry_New.php
23 Jun 2020 14:41:37|20|shiji@forstarfoods.com|CatchEntryDeclaredItem.php
23 Jun 2020 14:41:46|20|shiji@forstarfoods.com|DailyCatchEntry_New.php
23 Jun 2020 14:41:48|20|shiji@forstarfoods.com|DailyCatchEntry_New.php
23 Jun 2020 14:41:51|20|shiji@forstarfoods.com|DailyCatchEntry_New.php
23 Jun 2020 14:41:52|20|shiji@forstarfoods.com|DailyCatchEntry_New.php
23 Jun 2020 14:41:53|20|shiji@forstarfoods.com|DailyCatchEntry_New.php
23 Jun 2020 14:41:54|20|shiji@forstarfoods.com|DailyCatchEntry_New.php
23 Jun 2020 14:41:56|20|shiji@forstarfoods.com|DailyCatchEntry_New.php
23 Jun 2020 14:41:57|20|shiji@forstarfoods.com|DailyCatchEntry_New.php
23 Jun 2020 14:41:58|20|shiji@forstarfoods.com|DailyCatchEntry_New.php
23 Jun 2020 14:42:01|20|shiji@forstarfoods.com|DailyCatchEntry_New.php
23 Jun 2020 14:42:02|20|shiji@forstarfoods.com|CatchEntryDeclaredItem.php
23 Jun 2020 14:42:10|20|shiji@forstarfoods.com|DailyCatchEntry_New.php
23 Jun 2020 14:42:12|20|shiji@forstarfoods.com|DailyCatchEntry_New.php
23 Jun 2020 14:42:15|20|shiji@forstarfoods.com|DailyCatchEntry_New.php
23 Jun 2020 14:42:16|20|shiji@forstarfoods.com|DailyCatchEntry_New.php
23 Jun 2020 14:42:17|20|shiji@forstarfoods.com|DailyCatchEntry_New.php
23 Jun 2020 14:42:19|20|shiji@forstarfoods.com|DailyCatchEntry_New.php
23 Jun 2020 14:42:20|20|shiji@forstarfoods.com|DailyCatchEntry_New.php
23 Jun 2020 14:42:21|20|shiji@forstarfoods.com|DailyCatchEntry_New.php
23 Jun 2020 14:42:22|20|shiji@forstarfoods.com|DailyCatchEntry_New.php
23 Jun 2020 14:42:25|20|shiji@forstarfoods.com|DailyCatchEntry_New.php
23 Jun 2020 14:42:26|20|shiji@forstarfoods.com|CatchEntryDeclaredItem.php
23 Jun 2020 14:42:33|20|shiji@forstarfoods.com|DailyCatchEntry_New.php
23 Jun 2020 14:42:36|20|shiji@forstarfoods.com|DailyCatchEntry_New.php
23 Jun 2020 14:42:38|20|shiji@forstarfoods.com|DailyCatchEntry_New.php
23 Jun 2020 14:42:39|20|shiji@forstarfoods.com|DailyCatchEntry_New.php
23 Jun 2020 14:42:40|20|shiji@forstarfoods.com|DailyCatchEntry_New.php
23 Jun 2020 14:42:42|20|shiji@forstarfoods.com|DailyCatchEntry_New.php
23 Jun 2020 14:42:43|20|shiji@forstarfoods.com|DailyCatchEntry_New.php
23 Jun 2020 14:42:44|20|shiji@forstarfoods.com|DailyCatchEntry_New.php
23 Jun 2020 14:42:45|20|shiji@forstarfoods.com|DailyCatchEntry_New.php
23 Jun 2020 14:42:50|20|shiji@forstarfoods.com|DailyCatchEntry_New.php
23 Jun 2020 14:42:51|20|shiji@forstarfoods.com|CatchEntryDeclaredItem.php
23 Jun 2020 14:43:21|20|shiji@forstarfoods.com|DailyCatchEntry_New.php
23 Jun 2020 14:43:42|30|pritirm@forstarfoods.com|PurchaseStatement.php
23 Jun 2020 14:43:49|30|pritirm@forstarfoods.com|PurchaseStatement.php
23 Jun 2020 14:43:53|30|pritirm@forstarfoods.com|PurchaseStatement.php
23 Jun 2020 14:43:57|30|pritirm@forstarfoods.com|PrintPurchaseStatement.php
23 Jun 2020 14:48:23|20|shiji@forstarfoods.com|DailyCatchEntry_New.php
23 Jun 2020 14:53:24|20|shiji@forstarfoods.com|DailyCatchEntry_New.php
23 Jun 2020 14:58:25|20|shiji@forstarfoods.com|DailyCatchEntry_New.php
23 Jun 2020 15:03:27|20|shiji@forstarfoods.com|DailyCatchEntry_New.php
23 Jun 2020 15:03:33|20|shiji@forstarfoods.com|DailyCatchReport.php
23 Jun 2020 15:03:42|20|shiji@forstarfoods.com|DailyCatchReport.php
23 Jun 2020 15:03:46|20|shiji@forstarfoods.com|DailyCatchReport.php
23 Jun 2020 15:03:47|20|shiji@forstarfoods.com|DailyCatchReport.php
23 Jun 2020 15:03:48|20|shiji@forstarfoods.com|DailyCatchReport.php
23 Jun 2020 15:03:50|20|shiji@forstarfoods.com|PrintDailyCatchReportMemo.php
23 Jun 2020 15:04:18|20|shiji@forstarfoods.com|PrintDailyCatchReportMemo.php
23 Jun 2020 15:04:30|20|shiji@forstarfoods.com|DailyCatchReport.php
23 Jun 2020 15:04:31|20|shiji@forstarfoods.com|DailyCatchReport.php
23 Jun 2020 15:04:33|20|shiji@forstarfoods.com|DailyCatchReport.php
23 Jun 2020 15:11:46|20|shiji@forstarfoods.com|DailyCatchReport.php
23 Jun 2020 15:11:48|20|shiji@forstarfoods.com|DailyCatchReport.php
23 Jun 2020 15:11:50|20|shiji@forstarfoods.com|DailyCatchReport.php
23 Jun 2020 15:11:51|20|shiji@forstarfoods.com|DailyCatchReport.php
23 Jun 2020 15:11:54|20|shiji@forstarfoods.com|DailyCatchReport.php
23 Jun 2020 15:11:55|20|shiji@forstarfoods.com|DailyCatchReport.php
23 Jun 2020 15:11:56|20|shiji@forstarfoods.com|DailyCatchReport.php
23 Jun 2020 15:12:00|20|shiji@forstarfoods.com|PrintDailyCatchReportMemo.php
23 Jun 2020 15:12:57|20|shiji@forstarfoods.com|PrintDailyCatchReportMemo.php
23 Jun 2020 15:13:35|20|shiji@forstarfoods.com|DailyCatchReport.php
23 Jun 2020 15:13:36|20|shiji@forstarfoods.com|DailyCatchReport.php
23 Jun 2020 15:13:38|20|shiji@forstarfoods.com|DailyCatchReport.php
23 Jun 2020 15:13:41|20|shiji@forstarfoods.com|DailyCatchReport.php
23 Jun 2020 15:13:42|20|shiji@forstarfoods.com|DailyCatchReport.php
23 Jun 2020 15:13:44|20|shiji@forstarfoods.com|DailyCatchReport.php
23 Jun 2020 15:13:45|20|shiji@forstarfoods.com|DailyCatchReport.php
23 Jun 2020 15:13:47|20|shiji@forstarfoods.com|PrintDailyCatchReportMemo.php
23 Jun 2020 15:14:11|20|shiji@forstarfoods.com|DailyCatchEntry_New.php
23 Jun 2020 15:15:00|20|shiji@forstarfoods.com|DailyCatchReport.php
23 Jun 2020 15:15:11|20|shiji@forstarfoods.com|DailyCatchReport.php
23 Jun 2020 15:15:14|20|shiji@forstarfoods.com|DailyCatchReport.php
23 Jun 2020 15:15:16|20|shiji@forstarfoods.com|DailyCatchReport.php
23 Jun 2020 15:15:17|20|shiji@forstarfoods.com|DailyCatchReport.php
23 Jun 2020 15:15:23|20|shiji@forstarfoods.com|DailyCatchEntry_New.php
23 Jun 2020 15:15:27|20|shiji@forstarfoods.com|DailyCatchEntry_New.php
23 Jun 2020 15:15:28|20|shiji@forstarfoods.com|DailyCatchEntry_New.php
23 Jun 2020 15:15:29|20|shiji@forstarfoods.com|DailyCatchEntry_New.php
23 Jun 2020 15:15:32|20|shiji@forstarfoods.com|DailyCatchEntry_New.php
23 Jun 2020 15:15:33|20|shiji@forstarfoods.com|DailyCatchEntry_New.php
23 Jun 2020 15:15:35|20|shiji@forstarfoods.com|DailyCatchEntry_New.php
23 Jun 2020 15:15:40|20|shiji@forstarfoods.com|DailyCatchEntry_New.php
23 Jun 2020 15:15:43|20|shiji@forstarfoods.com|DailyCatchEntry_New.php
23 Jun 2020 15:15:44|20|shiji@forstarfoods.com|DailyCatchEntry_New.php
23 Jun 2020 15:15:46|20|shiji@forstarfoods.com|CatchEntryDeclaredItem.php
23 Jun 2020 15:15:47|20|shiji@forstarfoods.com|DailyCatchEntry_New.php
23 Jun 2020 15:15:48|20|shiji@forstarfoods.com|CatchEntryDeclaredItem.php
23 Jun 2020 15:16:40|20|shiji@forstarfoods.com|DailyCatchSummary.php
23 Jun 2020 15:16:43|20|shiji@forstarfoods.com|DailyCatchSummary.php
23 Jun 2020 15:16:49|20|shiji@forstarfoods.com|DailyCatchSummary.php
23 Jun 2020 15:16:52|20|shiji@forstarfoods.com|DailyCatchSummary.php
23 Jun 2020 15:16:56|20|shiji@forstarfoods.com|DailyCatchSummary.php
23 Jun 2020 15:17:00|20|shiji@forstarfoods.com|DailyCatchSummary.php
23 Jun 2020 15:17:40|20|shiji@forstarfoods.com|DailyCatchSummary.php
23 Jun 2020 15:17:42|20|shiji@forstarfoods.com|DailyCatchSummary.php
23 Jun 2020 15:17:51|20|shiji@forstarfoods.com|DailyCatchEntry_New.php
23 Jun 2020 15:17:55|20|shiji@forstarfoods.com|DailyCatchEntry_New.php
23 Jun 2020 15:17:56|20|shiji@forstarfoods.com|DailyCatchEntry_New.php
23 Jun 2020 15:17:58|20|shiji@forstarfoods.com|DailyCatchEntry_New.php
23 Jun 2020 15:17:59|20|shiji@forstarfoods.com|DailyCatchEntry_New.php
23 Jun 2020 15:18:00|20|shiji@forstarfoods.com|CatchEntryDeclaredItem.php
23 Jun 2020 15:18:01|20|shiji@forstarfoods.com|DailyCatchEntry_New.php
23 Jun 2020 15:18:04|20|shiji@forstarfoods.com|DailyCatchEntry_New.php
23 Jun 2020 15:18:05|20|shiji@forstarfoods.com|DailyCatchEntry_New.php
23 Jun 2020 15:18:06|20|shiji@forstarfoods.com|DailyCatchEntry_New.php
23 Jun 2020 15:18:14|20|shiji@forstarfoods.com|DailyCatchEntry_New.php
23 Jun 2020 15:18:19|20|shiji@forstarfoods.com|DailyCatchEntry_New.php
23 Jun 2020 15:18:21|20|shiji@forstarfoods.com|DailyCatchEntry_New.php
23 Jun 2020 15:18:22|20|shiji@forstarfoods.com|DailyCatchEntry_New.php
23 Jun 2020 15:18:23|20|shiji@forstarfoods.com|DailyCatchEntry_New.php
23 Jun 2020 15:18:24|20|shiji@forstarfoods.com|DailyCatchEntry_New.php
23 Jun 2020 15:18:26|20|shiji@forstarfoods.com|DailyCatchEntry_New.php
23 Jun 2020 15:18:30|20|shiji@forstarfoods.com|DailyCatchEntry_New.php
23 Jun 2020 15:18:33|20|shiji@forstarfoods.com|DailyCatchEntry_New.php
23 Jun 2020 15:18:34|20|shiji@forstarfoods.com|DailyCatchEntry_New.php
23 Jun 2020 15:18:36|20|shiji@forstarfoods.com|CatchEntryDeclaredItem.php
23 Jun 2020 15:18:37|20|shiji@forstarfoods.com|DailyCatchEntry_New.php
23 Jun 2020 15:18:38|20|shiji@forstarfoods.com|CatchEntryDeclaredItem.php
23 Jun 2020 15:18:44|20|shiji@forstarfoods.com|DailyCatchEntry_New.php
23 Jun 2020 15:18:45|20|shiji@forstarfoods.com|DailyCatchEntry_New.php
23 Jun 2020 15:18:56|20|shiji@forstarfoods.com|DailyCatchEntry_New.php
23 Jun 2020 15:19:00|20|shiji@forstarfoods.com|DailyCatchEntry_New.php
23 Jun 2020 15:19:03|20|shiji@forstarfoods.com|DailyCatchEntry_New.php
23 Jun 2020 15:19:07|20|shiji@forstarfoods.com|DailyCatchEntry_New.php
23 Jun 2020 15:19:14|20|shiji@forstarfoods.com|DailyCatchReport.php
23 Jun 2020 15:19:26|20|shiji@forstarfoods.com|DailyCatchReport.php
23 Jun 2020 15:19:29|20|shiji@forstarfoods.com|DailyCatchReport.php
23 Jun 2020 15:19:31|20|shiji@forstarfoods.com|DailyCatchReport.php
23 Jun 2020 15:19:32|20|shiji@forstarfoods.com|DailyCatchReport.php
23 Jun 2020 15:19:33|20|shiji@forstarfoods.com|PrintDailyCatchReportMemo.php
23 Jun 2020 15:19:56|20|shiji@forstarfoods.com|PrintDailyCatchReportMemo.php
23 Jun 2020 15:20:06|20|shiji@forstarfoods.com|PrintDailyCatchReportMemo.php
23 Jun 2020 15:20:27|20|shiji@forstarfoods.com|PrintDailyCatchReportMemo.php
23 Jun 2020 15:40:58|20|shiji@forstarfoods.com|Home.php
23 Jun 2020 15:41:13|20|shiji@forstarfoods.com|SupplierAccount.php
23 Jun 2020 15:41:19|20|shiji@forstarfoods.com|SupplierAccount.php
23 Jun 2020 15:41:23|20|shiji@forstarfoods.com|SupplierAccount.php
23 Jun 2020 15:41:31|20|shiji@forstarfoods.com|SupplierAccount.php
23 Jun 2020 15:41:37|20|shiji@forstarfoods.com|SupplierAccount.php
23 Jun 2020 15:42:06|20|shiji@forstarfoods.com|SupplierAccount.php
23 Jun 2020 15:42:12|20|shiji@forstarfoods.com|SupplierAccount.php
23 Jun 2020 15:42:17|20|shiji@forstarfoods.com|SupplierAccount.php
23 Jun 2020 15:42:33|20|shiji@forstarfoods.com|SupplierAccount.php
23 Jun 2020 15:42:38|20|shiji@forstarfoods.com|DailyCatchReport.php
23 Jun 2020 15:42:50|20|shiji@forstarfoods.com|DailyCatchReport.php
23 Jun 2020 15:42:53|20|shiji@forstarfoods.com|DailyCatchReport.php
23 Jun 2020 15:42:54|20|shiji@forstarfoods.com|DailyCatchReport.php
23 Jun 2020 15:42:56|20|shiji@forstarfoods.com|DailyCatchReport.php
23 Jun 2020 15:43:00|20|shiji@forstarfoods.com|DailyCatchReport.php
23 Jun 2020 15:43:01|20|shiji@forstarfoods.com|DailyCatchReport.php
23 Jun 2020 15:43:03|20|shiji@forstarfoods.com|DailyCatchReport.php
23 Jun 2020 15:43:04|20|shiji@forstarfoods.com|SupplierAccount.php
23 Jun 2020 15:43:10|20|shiji@forstarfoods.com|SupplierAccount.php
23 Jun 2020 15:43:13|20|shiji@forstarfoods.com|SupplierAccount.php
23 Jun 2020 15:43:17|20|shiji@forstarfoods.com|SupplierAccount.php
23 Jun 2020 15:44:18|20|shiji@forstarfoods.com|SupplierAccount.php
23 Jun 2020 15:50:23|20|shiji@forstarfoods.com|Home.php
23 Jun 2020 15:50:34|20|shiji@forstarfoods.com|DailyCatchReport.php
23 Jun 2020 15:50:45|20|shiji@forstarfoods.com|DailyCatchReport.php
23 Jun 2020 15:50:48|20|shiji@forstarfoods.com|DailyCatchReport.php
23 Jun 2020 15:50:50|20|shiji@forstarfoods.com|DailyCatchReport.php
23 Jun 2020 15:50:51|20|shiji@forstarfoods.com|DailyCatchReport.php
23 Jun 2020 15:50:53|20|shiji@forstarfoods.com|PrintDailyCatchReportMemo.php
23 Jun 2020 15:51:05|20|shiji@forstarfoods.com|PrintDailyCatchReportMemo.php
23 Jun 2020 15:53:16|20|shiji@forstarfoods.com|Home.php
23 Jun 2020 15:53:22|20|shiji@forstarfoods.com|DailyCatchReport.php
23 Jun 2020 15:53:33|20|shiji@forstarfoods.com|DailyCatchReport.php
23 Jun 2020 15:53:39|20|shiji@forstarfoods.com|DailyCatchReport.php
23 Jun 2020 15:53:42|20|shiji@forstarfoods.com|DailyCatchReport.php
23 Jun 2020 15:53:43|20|shiji@forstarfoods.com|DailyCatchReport.php
23 Jun 2020 15:53:45|20|shiji@forstarfoods.com|DailyCatchReport.php
23 Jun 2020 15:53:49|20|shiji@forstarfoods.com|DailyCatchReport.php
23 Jun 2020 15:53:52|20|shiji@forstarfoods.com|DailyCatchReport.php
23 Jun 2020 15:53:54|20|shiji@forstarfoods.com|DailyCatchReport.php
23 Jun 2020 15:53:55|20|shiji@forstarfoods.com|DailyCatchReport.php
23 Jun 2020 15:54:00|20|shiji@forstarfoods.com|PrintDailyCatchReportMemo.php
23 Jun 2020 15:54:17|20|shiji@forstarfoods.com|DailyCatchEntry_New.php
23 Jun 2020 15:54:41|20|shiji@forstarfoods.com|DailyCatchEntry_New.php
23 Jun 2020 15:54:44|20|shiji@forstarfoods.com|DailyCatchEntry_New.php
23 Jun 2020 15:54:45|20|shiji@forstarfoods.com|DailyCatchEntry_New.php
23 Jun 2020 15:54:47|20|shiji@forstarfoods.com|CatchEntryDeclaredItem.php
23 Jun 2020 15:54:48|20|shiji@forstarfoods.com|DailyCatchEntry_New.php
23 Jun 2020 15:54:49|20|shiji@forstarfoods.com|CatchEntryDeclaredItem.php
23 Jun 2020 15:54:56|20|shiji@forstarfoods.com|DailyCatchEntry_New.php
23 Jun 2020 15:54:58|20|shiji@forstarfoods.com|CatchEntryDeclaredItem.php
23 Jun 2020 15:55:01|20|shiji@forstarfoods.com|DailyCatchEntry_New.php
23 Jun 2020 15:55:03|20|shiji@forstarfoods.com|DailyCatchEntry_New.php
23 Jun 2020 15:55:05|20|shiji@forstarfoods.com|DailyCatchEntry_New.php
23 Jun 2020 15:55:15|20|shiji@forstarfoods.com|DailyCatchReport.php
23 Jun 2020 15:55:24|20|shiji@forstarfoods.com|DailyCatchReport.php
23 Jun 2020 15:55:29|20|shiji@forstarfoods.com|DailyCatchReport.php
23 Jun 2020 15:55:31|20|shiji@forstarfoods.com|DailyCatchReport.php
23 Jun 2020 15:55:33|20|shiji@forstarfoods.com|DailyCatchReport.php
23 Jun 2020 15:55:35|20|shiji@forstarfoods.com|DailyCatchReport.php
23 Jun 2020 15:55:36|20|shiji@forstarfoods.com|DailyCatchReport.php
23 Jun 2020 15:55:39|20|shiji@forstarfoods.com|PrintDailyCatchReportMemo.php
23 Jun 2020 15:56:17|20|shiji@forstarfoods.com|PrintDailyCatchReportMemo.php
23 Jun 2020 16:32:30|20|shiji@forstarfoods.com|Home.php
23 Jun 2020 16:32:34|20|shiji@forstarfoods.com|Home.php
23 Jun 2020 16:32:40|20|shiji@forstarfoods.com|SupplierAccount.php
23 Jun 2020 16:33:36|20|shiji@forstarfoods.com|SupplierAccount.php
23 Jun 2020 16:33:48|20|shiji@forstarfoods.com|DailyCatchReport.php
23 Jun 2020 16:33:58|20|shiji@forstarfoods.com|DailyCatchReport.php
23 Jun 2020 16:34:02|20|shiji@forstarfoods.com|DailyCatchReport.php
23 Jun 2020 16:34:04|20|shiji@forstarfoods.com|DailyCatchReport.php
23 Jun 2020 16:34:06|20|shiji@forstarfoods.com|DailyCatchReport.php
23 Jun 2020 16:34:07|20|shiji@forstarfoods.com|DailyCatchReport.php
23 Jun 2020 16:34:11|20|shiji@forstarfoods.com|DailyCatchReport.php
23 Jun 2020 16:34:13|20|shiji@forstarfoods.com|DailyCatchReport.php
23 Jun 2020 16:34:14|20|shiji@forstarfoods.com|DailyCatchReport.php
23 Jun 2020 16:34:18|20|shiji@forstarfoods.com|SupplierAccount.php
23 Jun 2020 16:34:25|20|shiji@forstarfoods.com|SupplierAccount.php
23 Jun 2020 16:34:29|20|shiji@forstarfoods.com|SupplierAccount.php
23 Jun 2020 16:34:33|20|shiji@forstarfoods.com|SupplierAccount.php
23 Jun 2020 16:34:38|20|shiji@forstarfoods.com|SupplierAccount.php
23 Jun 2020 16:35:40|20|shiji@forstarfoods.com|SupplierAccount.php
23 Jun 2020 16:35:50|20|shiji@forstarfoods.com|SupplierAccount.php
23 Jun 2020 16:35:54|20|shiji@forstarfoods.com|SupplierAccount.php
23 Jun 2020 16:36:33|20|shiji@forstarfoods.com|SupplierAccount.php
23 Jun 2020 16:36:38|20|shiji@forstarfoods.com|SupplierAccount.php
23 Jun 2020 16:36:47|20|shiji@forstarfoods.com|SupplierAccount.php
23 Jun 2020 16:36:50|20|shiji@forstarfoods.com|SupplierAccount.php
23 Jun 2020 16:37:00|20|shiji@forstarfoods.com|DailyCatchReport.php
23 Jun 2020 16:37:09|20|shiji@forstarfoods.com|DailyCatchReport.php
23 Jun 2020 16:37:12|20|shiji@forstarfoods.com|DailyCatchReport.php
23 Jun 2020 16:37:14|20|shiji@forstarfoods.com|DailyCatchReport.php
23 Jun 2020 16:37:15|20|shiji@forstarfoods.com|DailyCatchReport.php
23 Jun 2020 16:37:17|20|shiji@forstarfoods.com|DailyCatchReport.php
23 Jun 2020 16:37:19|20|shiji@forstarfoods.com|DailyCatchReport.php
23 Jun 2020 16:37:20|20|shiji@forstarfoods.com|DailyCatchReport.php
23 Jun 2020 16:37:22|20|shiji@forstarfoods.com|SupplierAccount.php
23 Jun 2020 16:37:28|20|shiji@forstarfoods.com|SupplierAccount.php
23 Jun 2020 16:37:33|20|shiji@forstarfoods.com|SupplierAccount.php
23 Jun 2020 16:37:36|20|shiji@forstarfoods.com|SupplierAccount.php
23 Jun 2020 16:37:41|20|shiji@forstarfoods.com|SupplierAccount.php
23 Jun 2020 16:38:00|20|shiji@forstarfoods.com|SupplierAccount.php
23 Jun 2020 17:36:11|30|pritirm@forstarfoods.com|Home.php
23 Jun 2020 17:46:08|30|pritirm@forstarfoods.com|Home.php
24 Jun 2020 09:39:58|30|pritirm@forstarfoods.com|Home.php
24 Jun 2020 10:09:34|20|shiji@forstarfoods.com|Home.php
24 Jun 2020 10:22:08|20|shiji@forstarfoods.com|Home.php
24 Jun 2020 10:24:03|20|shiji@forstarfoods.com|DailyCatchEntry_New.php
24 Jun 2020 10:24:13|20|shiji@forstarfoods.com|DailyCatchSummary.php
24 Jun 2020 10:28:15|20|shiji@forstarfoods.com|DailyCatchSummary.php
24 Jun 2020 10:28:21|20|shiji@forstarfoods.com|DailyCatchSummary.php
24 Jun 2020 10:28:24|20|shiji@forstarfoods.com|DailyCatchSummary.php
24 Jun 2020 10:28:35|20|shiji@forstarfoods.com|DailyCatchSummary.php
24 Jun 2020 10:28:35|30|pritirm@forstarfoods.com|DailyCatchEntry_New.php
24 Jun 2020 10:28:39|20|shiji@forstarfoods.com|DailyCatchSummary.php
24 Jun 2020 10:29:11|30|pritirm@forstarfoods.com|DailyCatchEntry_New.php
24 Jun 2020 10:29:13|30|pritirm@forstarfoods.com|DailyCatchEntry_New.php
24 Jun 2020 10:29:14|30|pritirm@forstarfoods.com|DailyCatchEntry_New.php
24 Jun 2020 10:29:15|30|pritirm@forstarfoods.com|DailyCatchEntry_New.php
24 Jun 2020 10:29:16|30|pritirm@forstarfoods.com|CatchEntryDeclaredItem.php
24 Jun 2020 10:29:17|30|pritirm@forstarfoods.com|DailyCatchEntry_New.php
24 Jun 2020 10:29:20|30|pritirm@forstarfoods.com|DailyCatchEntry_New.php
24 Jun 2020 10:29:21|30|pritirm@forstarfoods.com|DailyCatchEntry_New.php
24 Jun 2020 10:29:23|30|pritirm@forstarfoods.com|DailyCatchEntry_New.php
24 Jun 2020 10:29:24|30|pritirm@forstarfoods.com|DailyCatchEntry_New.php
24 Jun 2020 10:29:25|30|pritirm@forstarfoods.com|DailyCatchEntry_New.php
24 Jun 2020 10:29:27|30|pritirm@forstarfoods.com|DailyCatchEntry_New.php
24 Jun 2020 10:29:28|30|pritirm@forstarfoods.com|DailyCatchEntry_New.php
24 Jun 2020 10:29:29|30|pritirm@forstarfoods.com|DailyCatchEntry_New.php
24 Jun 2020 10:29:37|30|pritirm@forstarfoods.com|DailyCatchEntry_New.php
24 Jun 2020 10:29:45|30|pritirm@forstarfoods.com|DailyCatchEntry_New.php
24 Jun 2020 10:29:46|30|pritirm@forstarfoods.com|CatchEntryDeclaredItem.php
24 Jun 2020 10:30:08|30|pritirm@forstarfoods.com|DailyCatchEntry_New.php
24 Jun 2020 10:30:10|30|pritirm@forstarfoods.com|DailyCatchEntry_New.php
24 Jun 2020 10:30:11|30|pritirm@forstarfoods.com|DailyCatchEntry_New.php
24 Jun 2020 10:30:16|30|pritirm@forstarfoods.com|DailyCatchEntry_New.php
24 Jun 2020 10:30:18|30|pritirm@forstarfoods.com|DailyCatchEntry_New.php
24 Jun 2020 10:30:30|30|pritirm@forstarfoods.com|DailyCatchEntry_New.php
24 Jun 2020 10:30:31|30|pritirm@forstarfoods.com|DailyCatchEntry_New.php
24 Jun 2020 10:30:33|30|pritirm@forstarfoods.com|DailyCatchEntry_New.php
24 Jun 2020 10:30:34|30|pritirm@forstarfoods.com|DailyCatchEntry_New.php
24 Jun 2020 10:30:35|30|pritirm@forstarfoods.com|DailyCatchEntry_New.php
24 Jun 2020 10:30:36|30|pritirm@forstarfoods.com|DailyCatchEntry_New.php
24 Jun 2020 10:30:40|30|pritirm@forstarfoods.com|DailyCatchEntry_New.php
24 Jun 2020 10:30:43|30|pritirm@forstarfoods.com|DailyCatchEntry_New.php
24 Jun 2020 10:30:44|30|pritirm@forstarfoods.com|CatchEntryDeclaredItem.php
24 Jun 2020 10:30:51|30|pritirm@forstarfoods.com|DailyCatchEntry_New.php
24 Jun 2020 10:30:53|30|pritirm@forstarfoods.com|DailyCatchEntry_New.php
24 Jun 2020 10:30:55|30|pritirm@forstarfoods.com|DailyCatchEntry_New.php
24 Jun 2020 10:30:57|30|pritirm@forstarfoods.com|DailyCatchEntry_New.php
24 Jun 2020 10:30:58|30|pritirm@forstarfoods.com|DailyCatchEntry_New.php
24 Jun 2020 10:30:59|30|pritirm@forstarfoods.com|DailyCatchEntry_New.php
24 Jun 2020 10:31:00|30|pritirm@forstarfoods.com|DailyCatchEntry_New.php
24 Jun 2020 10:31:01|30|pritirm@forstarfoods.com|DailyCatchEntry_New.php
24 Jun 2020 10:31:03|20|shiji@forstarfoods.com|DailyCatchSummary.php
24 Jun 2020 10:31:06|30|pritirm@forstarfoods.com|DailyCatchEntry_New.php
24 Jun 2020 10:31:06|20|shiji@forstarfoods.com|DailyCatchSummary.php
24 Jun 2020 10:31:08|30|pritirm@forstarfoods.com|DailyCatchEntry_New.php
24 Jun 2020 10:31:09|30|pritirm@forstarfoods.com|CatchEntryDeclaredItem.php
24 Jun 2020 10:31:34|30|pritirm@forstarfoods.com|DailyCatchEntry_New.php
24 Jun 2020 10:31:35|30|pritirm@forstarfoods.com|DailyCatchEntry_New.php
24 Jun 2020 10:31:36|30|pritirm@forstarfoods.com|DailyCatchEntry_New.php
24 Jun 2020 10:31:37|30|pritirm@forstarfoods.com|DailyCatchEntry_New.php
24 Jun 2020 10:31:55|30|pritirm@forstarfoods.com|DailyCatchEntry_New.php
24 Jun 2020 10:31:56|30|pritirm@forstarfoods.com|CatchEntryDeclaredItem.php
24 Jun 2020 10:32:04|30|pritirm@forstarfoods.com|DailyCatchEntry_New.php
24 Jun 2020 10:32:07|30|pritirm@forstarfoods.com|DailyCatchEntry_New.php
24 Jun 2020 10:32:08|20|shiji@forstarfoods.com|DailyCatchSummary.php
24 Jun 2020 10:32:09|30|pritirm@forstarfoods.com|DailyCatchEntry_New.php
24 Jun 2020 10:32:10|30|pritirm@forstarfoods.com|DailyCatchEntry_New.php
24 Jun 2020 10:32:11|20|shiji@forstarfoods.com|DailyCatchSummary.php
24 Jun 2020 10:32:11|30|pritirm@forstarfoods.com|DailyCatchEntry_New.php
24 Jun 2020 10:32:12|30|pritirm@forstarfoods.com|CatchEntryDeclaredItem.php
24 Jun 2020 10:32:14|30|pritirm@forstarfoods.com|DailyCatchEntry_New.php
24 Jun 2020 10:32:15|30|pritirm@forstarfoods.com|DailyCatchEntry_New.php
24 Jun 2020 10:32:17|30|pritirm@forstarfoods.com|DailyCatchEntry_New.php
24 Jun 2020 10:32:18|30|pritirm@forstarfoods.com|DailyCatchEntry_New.php
24 Jun 2020 10:32:19|30|pritirm@forstarfoods.com|DailyCatchEntry_New.php
24 Jun 2020 10:32:20|30|pritirm@forstarfoods.com|DailyCatchEntry_New.php
24 Jun 2020 10:32:22|30|pritirm@forstarfoods.com|DailyCatchEntry_New.php
24 Jun 2020 10:32:23|30|pritirm@forstarfoods.com|DailyCatchEntry_New.php
24 Jun 2020 10:32:25|30|pritirm@forstarfoods.com|DailyCatchEntry_New.php
24 Jun 2020 10:32:26|30|pritirm@forstarfoods.com|DailyCatchEntry_New.php
24 Jun 2020 10:32:31|30|pritirm@forstarfoods.com|DailyCatchEntry_New.php
24 Jun 2020 10:32:32|30|pritirm@forstarfoods.com|CatchEntryDeclaredItem.php
24 Jun 2020 10:32:37|20|shiji@forstarfoods.com|DailyCatchSummary.php
24 Jun 2020 10:32:40|20|shiji@forstarfoods.com|DailyCatchSummary.php
24 Jun 2020 10:32:54|30|pritirm@forstarfoods.com|DailyCatchEntry_New.php
24 Jun 2020 10:32:56|30|pritirm@forstarfoods.com|DailyCatchEntry_New.php
24 Jun 2020 10:32:57|30|pritirm@forstarfoods.com|DailyCatchEntry_New.php
24 Jun 2020 10:33:02|30|pritirm@forstarfoods.com|DailyCatchEntry_New.php
24 Jun 2020 10:33:04|30|pritirm@forstarfoods.com|DailyCatchEntry_New.php
24 Jun 2020 10:33:09|30|pritirm@forstarfoods.com|DailyCatchEntry_New.php
24 Jun 2020 10:33:10|30|pritirm@forstarfoods.com|DailyCatchEntry_New.php
24 Jun 2020 10:33:11|20|shiji@forstarfoods.com|DailyCatchSummary.php
24 Jun 2020 10:33:11|30|pritirm@forstarfoods.com|DailyCatchEntry_New.php
24 Jun 2020 10:33:12|30|pritirm@forstarfoods.com|DailyCatchEntry_New.php
24 Jun 2020 10:33:13|30|pritirm@forstarfoods.com|DailyCatchEntry_New.php