
14 Sep 2020 11:38:47|20|shiji@forstarfoods.com|DailyCatchEntry_New.php
14 Sep 2020 11:38:48|20|shiji@forstarfoods.com|DailyCatchEntry_New.php
14 Sep 2020 11:38:49|20|shiji@forstarfoods.com|DailyCatchEntry_New.php
14 Sep 2020 11:38:50|20|shiji@forstarfoods.com|DailyCatchEntry_New.php
14 Sep 2020 11:38:52|20|shiji@forstarfoods.com|DailyCatchEntry_New.php
14 Sep 2020 11:38:53|20|shiji@forstarfoods.com|DailyCatchEntry_New.php
14 Sep 2020 11:38:54|20|shiji@forstarfoods.com|DailyCatchEntry_New.php
14 Sep 2020 11:38:55|20|shiji@forstarfoods.com|DailyCatchEntry_New.php
14 Sep 2020 11:38:57|20|shiji@forstarfoods.com|DailyCatchEntry_New.php
14 Sep 2020 11:38:58|20|shiji@forstarfoods.com|DailyCatchEntry_New.php
14 Sep 2020 11:38:59|20|shiji@forstarfoods.com|DailyCatchEntry_New.php
14 Sep 2020 11:39:00|20|shiji@forstarfoods.com|DailyCatchEntry_New.php
14 Sep 2020 11:39:02|20|shiji@forstarfoods.com|DailyCatchEntry_New.php
14 Sep 2020 11:39:03|20|shiji@forstarfoods.com|DailyCatchEntry_New.php
14 Sep 2020 11:39:04|20|shiji@forstarfoods.com|DailyCatchEntry_New.php
14 Sep 2020 11:39:05|20|shiji@forstarfoods.com|DailyCatchEntry_New.php
14 Sep 2020 11:39:08|20|shiji@forstarfoods.com|DailyCatchEntry_New.php
14 Sep 2020 11:39:09|20|shiji@forstarfoods.com|CatchEntryDeclaredItem.php
14 Sep 2020 11:39:16|20|shiji@forstarfoods.com|DailyCatchEntry_New.php
14 Sep 2020 11:39:19|20|shiji@forstarfoods.com|DailyCatchEntry_New.php
14 Sep 2020 11:39:21|20|shiji@forstarfoods.com|DailyCatchEntry_New.php
14 Sep 2020 11:39:22|20|shiji@forstarfoods.com|DailyCatchEntry_New.php
14 Sep 2020 11:39:23|20|shiji@forstarfoods.com|DailyCatchEntry_New.php
14 Sep 2020 11:39:25|20|shiji@forstarfoods.com|DailyCatchEntry_New.php
14 Sep 2020 11:39:26|20|shiji@forstarfoods.com|DailyCatchEntry_New.php
14 Sep 2020 11:39:27|20|shiji@forstarfoods.com|DailyCatchEntry_New.php
14 Sep 2020 11:39:28|20|shiji@forstarfoods.com|DailyCatchEntry_New.php
14 Sep 2020 11:39:30|20|shiji@forstarfoods.com|DailyCatchEntry_New.php
14 Sep 2020 11:39:31|20|shiji@forstarfoods.com|DailyCatchEntry_New.php
14 Sep 2020 11:39:32|20|shiji@forstarfoods.com|DailyCatchEntry_New.php
14 Sep 2020 11:39:33|20|shiji@forstarfoods.com|DailyCatchEntry_New.php
14 Sep 2020 11:39:34|20|shiji@forstarfoods.com|DailyCatchEntry_New.php
14 Sep 2020 11:39:36|20|shiji@forstarfoods.com|DailyCatchEntry_New.php
14 Sep 2020 11:39:37|20|shiji@forstarfoods.com|DailyCatchEntry_New.php
14 Sep 2020 11:39:38|20|shiji@forstarfoods.com|DailyCatchEntry_New.php
14 Sep 2020 11:39:39|20|shiji@forstarfoods.com|DailyCatchEntry_New.php
14 Sep 2020 11:39:41|20|shiji@forstarfoods.com|DailyCatchEntry_New.php
14 Sep 2020 11:39:42|20|shiji@forstarfoods.com|DailyCatchEntry_New.php
14 Sep 2020 11:40:19|20|shiji@forstarfoods.com|DailyCatchEntry_New.php
14 Sep 2020 11:40:22|20|shiji@forstarfoods.com|DailyCatchEntry_New.php
14 Sep 2020 11:40:25|20|shiji@forstarfoods.com|CatchEntryDeclaredItem.php
14 Sep 2020 11:40:28|20|shiji@forstarfoods.com|DailyCatchEntry_New.php
14 Sep 2020 11:40:29|20|shiji@forstarfoods.com|DailyCatchEntry_New.php
14 Sep 2020 11:40:30|20|shiji@forstarfoods.com|DailyCatchEntry_New.php
14 Sep 2020 11:40:33|20|shiji@forstarfoods.com|DailyCatchEntry_New.php
14 Sep 2020 11:40:37|20|shiji@forstarfoods.com|DailyCatchEntry_New.php
14 Sep 2020 11:40:38|20|shiji@forstarfoods.com|DailyCatchEntry_New.php
14 Sep 2020 11:40:40|20|shiji@forstarfoods.com|CatchEntryDeclaredItem.php
14 Sep 2020 11:40:41|20|shiji@forstarfoods.com|CatchEntryDeclaredItem.php
14 Sep 2020 11:40:59|20|shiji@forstarfoods.com|DailyCatchEntry_New.php
14 Sep 2020 11:41:01|20|shiji@forstarfoods.com|DailyCatchEntry_New.php
14 Sep 2020 11:41:02|20|shiji@forstarfoods.com|DailyCatchEntry_New.php
14 Sep 2020 11:41:07|20|shiji@forstarfoods.com|DailyCatchEntry_New.php
14 Sep 2020 11:41:09|20|shiji@forstarfoods.com|DailyCatchEntry_New.php
14 Sep 2020 11:41:10|20|shiji@forstarfoods.com|DailyCatchEntry_New.php
14 Sep 2020 11:41:11|20|shiji@forstarfoods.com|DailyCatchEntry_New.php
14 Sep 2020 11:41:13|20|shiji@forstarfoods.com|DailyCatchEntry_New.php
14 Sep 2020 11:41:14|20|shiji@forstarfoods.com|DailyCatchEntry_New.php
14 Sep 2020 11:41:15|20|shiji@forstarfoods.com|DailyCatchEntry_New.php
14 Sep 2020 11:41:16|20|shiji@forstarfoods.com|DailyCatchEntry_New.php
14 Sep 2020 11:41:18|20|shiji@forstarfoods.com|DailyCatchEntry_New.php
14 Sep 2020 11:41:19|20|shiji@forstarfoods.com|DailyCatchEntry_New.php
14 Sep 2020 11:41:20|20|shiji@forstarfoods.com|DailyCatchEntry_New.php
14 Sep 2020 11:41:21|20|shiji@forstarfoods.com|DailyCatchEntry_New.php
14 Sep 2020 11:41:22|20|shiji@forstarfoods.com|DailyCatchEntry_New.php
14 Sep 2020 11:41:24|20|shiji@forstarfoods.com|DailyCatchEntry_New.php
14 Sep 2020 11:41:25|20|shiji@forstarfoods.com|DailyCatchEntry_New.php
14 Sep 2020 11:41:26|20|shiji@forstarfoods.com|DailyCatchEntry_New.php
14 Sep 2020 11:41:27|20|shiji@forstarfoods.com|DailyCatchEntry_New.php
14 Sep 2020 11:41:29|20|shiji@forstarfoods.com|DailyCatchEntry_New.php
14 Sep 2020 11:41:30|20|shiji@forstarfoods.com|DailyCatchEntry_New.php
14 Sep 2020 11:41:31|20|shiji@forstarfoods.com|DailyCatchEntry_New.php
14 Sep 2020 11:41:32|20|shiji@forstarfoods.com|DailyCatchEntry_New.php
14 Sep 2020 11:41:34|20|shiji@forstarfoods.com|DailyCatchEntry_New.php
14 Sep 2020 11:41:35|20|shiji@forstarfoods.com|DailyCatchEntry_New.php
14 Sep 2020 11:41:36|20|shiji@forstarfoods.com|DailyCatchEntry_New.php
14 Sep 2020 11:41:37|20|shiji@forstarfoods.com|DailyCatchEntry_New.php
14 Sep 2020 11:44:09|20|shiji@forstarfoods.com|DailyCatchEntry_New.php
14 Sep 2020 11:44:12|20|shiji@forstarfoods.com|DailyCatchEntry_New.php
14 Sep 2020 11:44:13|20|shiji@forstarfoods.com|CatchEntryDeclaredItem.php
14 Sep 2020 11:44:16|20|shiji@forstarfoods.com|DailyCatchEntry_New.php
14 Sep 2020 11:44:17|20|shiji@forstarfoods.com|DailyCatchEntry_New.php
14 Sep 2020 11:44:18|20|shiji@forstarfoods.com|DailyCatchEntry_New.php
14 Sep 2020 11:44:20|20|shiji@forstarfoods.com|DailyCatchEntry_New.php
14 Sep 2020 11:44:24|20|shiji@forstarfoods.com|DailyCatchEntry_New.php
14 Sep 2020 11:44:25|20|shiji@forstarfoods.com|CatchEntryDeclaredItem.php
14 Sep 2020 11:44:43|20|shiji@forstarfoods.com|DailyCatchEntry_New.php
14 Sep 2020 11:44:44|20|shiji@forstarfoods.com|DailyCatchEntry_New.php
14 Sep 2020 11:44:46|20|shiji@forstarfoods.com|DailyCatchEntry_New.php
14 Sep 2020 11:44:50|20|shiji@forstarfoods.com|DailyCatchEntry_New.php
14 Sep 2020 11:44:54|20|shiji@forstarfoods.com|DailyCatchEntry_New.php
14 Sep 2020 11:44:56|20|shiji@forstarfoods.com|DailyCatchEntry_New.php
14 Sep 2020 11:44:58|20|shiji@forstarfoods.com|DailyCatchEntry_New.php
14 Sep 2020 11:44:59|20|shiji@forstarfoods.com|DailyCatchEntry_New.php
14 Sep 2020 11:45:00|20|shiji@forstarfoods.com|DailyCatchEntry_New.php
14 Sep 2020 11:45:01|20|shiji@forstarfoods.com|DailyCatchEntry_New.php
14 Sep 2020 11:45:03|20|shiji@forstarfoods.com|DailyCatchEntry_New.php
14 Sep 2020 11:45:04|20|shiji@forstarfoods.com|DailyCatchEntry_New.php
14 Sep 2020 11:45:05|20|shiji@forstarfoods.com|DailyCatchEntry_New.php
14 Sep 2020 11:45:06|20|shiji@forstarfoods.com|DailyCatchEntry_New.php
14 Sep 2020 11:45:08|20|shiji@forstarfoods.com|DailyCatchEntry_New.php
14 Sep 2020 11:45:09|20|shiji@forstarfoods.com|DailyCatchEntry_New.php
14 Sep 2020 11:45:10|20|shiji@forstarfoods.com|DailyCatchEntry_New.php
14 Sep 2020 11:45:11|20|shiji@forstarfoods.com|DailyCatchEntry_New.php
14 Sep 2020 11:45:13|20|shiji@forstarfoods.com|DailyCatchEntry_New.php
14 Sep 2020 11:45:14|20|shiji@forstarfoods.com|DailyCatchEntry_New.php
14 Sep 2020 11:45:15|20|shiji@forstarfoods.com|DailyCatchEntry_New.php
14 Sep 2020 11:45:16|20|shiji@forstarfoods.com|DailyCatchEntry_New.php
14 Sep 2020 11:45:17|20|shiji@forstarfoods.com|DailyCatchEntry_New.php
14 Sep 2020 11:45:19|20|shiji@forstarfoods.com|DailyCatchEntry_New.php
14 Sep 2020 11:45:20|20|shiji@forstarfoods.com|DailyCatchEntry_New.php
14 Sep 2020 11:45:21|20|shiji@forstarfoods.com|DailyCatchEntry_New.php
14 Sep 2020 11:45:22|20|shiji@forstarfoods.com|DailyCatchEntry_New.php
14 Sep 2020 11:45:24|20|shiji@forstarfoods.com|DailyCatchEntry_New.php
14 Sep 2020 11:45:25|20|shiji@forstarfoods.com|DailyCatchEntry_New.php
14 Sep 2020 11:45:31|20|shiji@forstarfoods.com|DailyCatchEntry_New.php
14 Sep 2020 11:45:33|20|shiji@forstarfoods.com|DailyCatchEntry_New.php
14 Sep 2020 11:45:35|20|shiji@forstarfoods.com|CatchEntryDeclaredItem.php
14 Sep 2020 11:45:36|20|shiji@forstarfoods.com|DailyCatchEntry_New.php
14 Sep 2020 11:45:37|20|shiji@forstarfoods.com|DailyCatchEntry_New.php
14 Sep 2020 11:45:39|20|shiji@forstarfoods.com|DailyCatchEntry_New.php
14 Sep 2020 11:45:40|20|shiji@forstarfoods.com|DailyCatchEntry_New.php
14 Sep 2020 11:45:45|20|shiji@forstarfoods.com|DailyCatchEntry_New.php
14 Sep 2020 11:45:46|20|shiji@forstarfoods.com|CatchEntryDeclaredItem.php
14 Sep 2020 11:46:01|20|shiji@forstarfoods.com|DailyCatchEntry_New.php
14 Sep 2020 11:46:04|20|shiji@forstarfoods.com|DailyCatchEntry_New.php
14 Sep 2020 11:46:06|20|shiji@forstarfoods.com|DailyCatchEntry_New.php
14 Sep 2020 11:46:09|20|shiji@forstarfoods.com|DailyCatchEntry_New.php
14 Sep 2020 11:46:13|20|shiji@forstarfoods.com|DailyCatchEntry_New.php
14 Sep 2020 11:46:14|20|shiji@forstarfoods.com|DailyCatchEntry_New.php
14 Sep 2020 11:46:15|20|shiji@forstarfoods.com|DailyCatchEntry_New.php
14 Sep 2020 11:46:16|20|shiji@forstarfoods.com|DailyCatchEntry_New.php
14 Sep 2020 11:46:18|20|shiji@forstarfoods.com|DailyCatchEntry_New.php
14 Sep 2020 11:46:19|20|shiji@forstarfoods.com|DailyCatchEntry_New.php
14 Sep 2020 11:46:20|20|shiji@forstarfoods.com|DailyCatchEntry_New.php
14 Sep 2020 11:46:21|20|shiji@forstarfoods.com|DailyCatchEntry_New.php
14 Sep 2020 11:46:23|20|shiji@forstarfoods.com|DailyCatchEntry_New.php
14 Sep 2020 11:46:24|20|shiji@forstarfoods.com|DailyCatchEntry_New.php
14 Sep 2020 11:46:25|20|shiji@forstarfoods.com|DailyCatchEntry_New.php
14 Sep 2020 11:46:26|20|shiji@forstarfoods.com|DailyCatchEntry_New.php
14 Sep 2020 11:46:27|20|shiji@forstarfoods.com|DailyCatchEntry_New.php
14 Sep 2020 11:46:29|20|shiji@forstarfoods.com|DailyCatchEntry_New.php
14 Sep 2020 11:46:30|20|shiji@forstarfoods.com|DailyCatchEntry_New.php
14 Sep 2020 11:46:31|20|shiji@forstarfoods.com|DailyCatchEntry_New.php
14 Sep 2020 11:46:32|20|shiji@forstarfoods.com|DailyCatchEntry_New.php
14 Sep 2020 11:46:34|20|shiji@forstarfoods.com|DailyCatchEntry_New.php
14 Sep 2020 11:46:35|20|shiji@forstarfoods.com|DailyCatchEntry_New.php
14 Sep 2020 11:46:36|20|shiji@forstarfoods.com|DailyCatchEntry_New.php
14 Sep 2020 11:46:37|20|shiji@forstarfoods.com|DailyCatchEntry_New.php
14 Sep 2020 11:46:39|20|shiji@forstarfoods.com|DailyCatchEntry_New.php
14 Sep 2020 11:46:40|20|shiji@forstarfoods.com|DailyCatchEntry_New.php
14 Sep 2020 11:46:41|20|shiji@forstarfoods.com|DailyCatchEntry_New.php
14 Sep 2020 11:47:03|20|shiji@forstarfoods.com|DailyCatchEntry_New.php
14 Sep 2020 11:47:06|20|shiji@forstarfoods.com|DailyCatchEntry_New.php
14 Sep 2020 11:47:07|20|shiji@forstarfoods.com|CatchEntryDeclaredItem.php
14 Sep 2020 11:47:09|20|shiji@forstarfoods.com|DailyCatchEntry_New.php
14 Sep 2020 11:47:10|20|shiji@forstarfoods.com|DailyCatchEntry_New.php
14 Sep 2020 11:47:12|20|shiji@forstarfoods.com|DailyCatchEntry_New.php
14 Sep 2020 11:47:21|20|shiji@forstarfoods.com|DailyCatchEntry_New.php
14 Sep 2020 11:47:25|20|shiji@forstarfoods.com|DailyCatchEntry_New.php
14 Sep 2020 11:47:26|20|shiji@forstarfoods.com|CatchEntryDeclaredItem.php
14 Sep 2020 11:47:42|20|shiji@forstarfoods.com|DailyCatchEntry_New.php
14 Sep 2020 11:47:44|20|shiji@forstarfoods.com|DailyCatchEntry_New.php
14 Sep 2020 11:47:47|20|shiji@forstarfoods.com|DailyCatchEntry_New.php
14 Sep 2020 11:47:49|20|shiji@forstarfoods.com|DailyCatchEntry_New.php
14 Sep 2020 11:47:51|20|shiji@forstarfoods.com|DailyCatchEntry_New.php
14 Sep 2020 11:47:52|20|shiji@forstarfoods.com|DailyCatchEntry_New.php
14 Sep 2020 11:47:53|20|shiji@forstarfoods.com|DailyCatchEntry_New.php
14 Sep 2020 11:47:54|20|shiji@forstarfoods.com|DailyCatchEntry_New.php
14 Sep 2020 11:47:56|20|shiji@forstarfoods.com|DailyCatchEntry_New.php
14 Sep 2020 11:47:57|20|shiji@forstarfoods.com|DailyCatchEntry_New.php
14 Sep 2020 11:47:58|20|shiji@forstarfoods.com|DailyCatchEntry_New.php
14 Sep 2020 11:47:59|20|shiji@forstarfoods.com|DailyCatchEntry_New.php
14 Sep 2020 11:48:01|20|shiji@forstarfoods.com|DailyCatchEntry_New.php
14 Sep 2020 11:48:02|20|shiji@forstarfoods.com|DailyCatchEntry_New.php
14 Sep 2020 11:48:03|20|shiji@forstarfoods.com|DailyCatchEntry_New.php
14 Sep 2020 11:48:04|20|shiji@forstarfoods.com|DailyCatchEntry_New.php
14 Sep 2020 11:48:05|20|shiji@forstarfoods.com|DailyCatchEntry_New.php
14 Sep 2020 11:48:07|20|shiji@forstarfoods.com|DailyCatchEntry_New.php
14 Sep 2020 11:48:08|20|shiji@forstarfoods.com|DailyCatchEntry_New.php
14 Sep 2020 11:48:09|20|shiji@forstarfoods.com|DailyCatchEntry_New.php
14 Sep 2020 11:48:10|20|shiji@forstarfoods.com|DailyCatchEntry_New.php
14 Sep 2020 11:48:12|20|shiji@forstarfoods.com|DailyCatchEntry_New.php
14 Sep 2020 11:48:13|20|shiji@forstarfoods.com|DailyCatchEntry_New.php
14 Sep 2020 11:48:14|20|shiji@forstarfoods.com|DailyCatchEntry_New.php
14 Sep 2020 11:48:15|20|shiji@forstarfoods.com|DailyCatchEntry_New.php
14 Sep 2020 11:48:17|20|shiji@forstarfoods.com|DailyCatchEntry_New.php
14 Sep 2020 11:48:18|20|shiji@forstarfoods.com|DailyCatchEntry_New.php
14 Sep 2020 11:50:10|20|shiji@forstarfoods.com|DailyCatchEntry_New.php
14 Sep 2020 11:50:13|20|shiji@forstarfoods.com|DailyCatchEntry_New.php
14 Sep 2020 11:50:14|20|shiji@forstarfoods.com|CatchEntryDeclaredItem.php
14 Sep 2020 11:50:16|20|shiji@forstarfoods.com|DailyCatchEntry_New.php
14 Sep 2020 11:50:18|20|shiji@forstarfoods.com|DailyCatchEntry_New.php
14 Sep 2020 11:50:21|20|shiji@forstarfoods.com|DailyCatchEntry_New.php
14 Sep 2020 11:50:23|20|shiji@forstarfoods.com|DailyCatchEntry_New.php
14 Sep 2020 11:50:24|20|shiji@forstarfoods.com|DailyCatchEntry_New.php
14 Sep 2020 11:50:25|20|shiji@forstarfoods.com|DailyCatchEntry_New.php
14 Sep 2020 11:50:26|20|shiji@forstarfoods.com|DailyCatchEntry_New.php
14 Sep 2020 11:50:28|20|shiji@forstarfoods.com|DailyCatchEntry_New.php
14 Sep 2020 11:50:29|20|shiji@forstarfoods.com|DailyCatchEntry_New.php
14 Sep 2020 11:50:30|20|shiji@forstarfoods.com|DailyCatchEntry_New.php
14 Sep 2020 11:50:31|20|shiji@forstarfoods.com|DailyCatchEntry_New.php
14 Sep 2020 11:50:33|20|shiji@forstarfoods.com|DailyCatchEntry_New.php
14 Sep 2020 11:50:34|20|shiji@forstarfoods.com|DailyCatchEntry_New.php
14 Sep 2020 11:50:35|20|shiji@forstarfoods.com|DailyCatchEntry_New.php
14 Sep 2020 11:50:36|20|shiji@forstarfoods.com|DailyCatchEntry_New.php
14 Sep 2020 11:50:38|20|shiji@forstarfoods.com|DailyCatchEntry_New.php
14 Sep 2020 11:50:39|20|shiji@forstarfoods.com|DailyCatchEntry_New.php
14 Sep 2020 11:50:40|20|shiji@forstarfoods.com|DailyCatchEntry_New.php
14 Sep 2020 11:50:41|20|shiji@forstarfoods.com|DailyCatchEntry_New.php
14 Sep 2020 11:50:43|20|shiji@forstarfoods.com|DailyCatchEntry_New.php
14 Sep 2020 11:50:44|20|shiji@forstarfoods.com|DailyCatchEntry_New.php
14 Sep 2020 11:50:45|20|shiji@forstarfoods.com|DailyCatchEntry_New.php
14 Sep 2020 11:50:46|20|shiji@forstarfoods.com|DailyCatchEntry_New.php
14 Sep 2020 11:50:47|20|shiji@forstarfoods.com|DailyCatchEntry_New.php
14 Sep 2020 11:50:49|20|shiji@forstarfoods.com|DailyCatchEntry_New.php
14 Sep 2020 11:50:53|20|shiji@forstarfoods.com|DailyCatchEntry_New.php
14 Sep 2020 11:50:54|20|shiji@forstarfoods.com|DailyCatchEntry_New.php
14 Sep 2020 11:51:06|20|shiji@forstarfoods.com|DailyCatchEntry_New.php
14 Sep 2020 11:56:07|20|shiji@forstarfoods.com|DailyCatchEntry_New.php
14 Sep 2020 12:01:08|20|shiji@forstarfoods.com|DailyCatchEntry_New.php
14 Sep 2020 12:04:16|20|shiji@forstarfoods.com|DailyCatchEntry_New.php
14 Sep 2020 12:04:19|20|shiji@forstarfoods.com|DailyCatchEntry_New.php
14 Sep 2020 12:04:20|20|shiji@forstarfoods.com|CatchEntryDeclaredItem.php
14 Sep 2020 12:04:26|20|shiji@forstarfoods.com|DailyCatchEntry_New.php
14 Sep 2020 12:04:29|20|shiji@forstarfoods.com|DailyCatchEntry_New.php
14 Sep 2020 12:04:32|20|shiji@forstarfoods.com|DailyCatchEntry_New.php
14 Sep 2020 12:04:33|20|shiji@forstarfoods.com|DailyCatchEntry_New.php
14 Sep 2020 12:04:34|20|shiji@forstarfoods.com|DailyCatchEntry_New.php
14 Sep 2020 12:04:35|20|shiji@forstarfoods.com|DailyCatchEntry_New.php
14 Sep 2020 12:04:37|20|shiji@forstarfoods.com|DailyCatchEntry_New.php
14 Sep 2020 12:04:38|20|shiji@forstarfoods.com|DailyCatchEntry_New.php
14 Sep 2020 12:04:39|20|shiji@forstarfoods.com|DailyCatchEntry_New.php
14 Sep 2020 12:04:40|20|shiji@forstarfoods.com|DailyCatchEntry_New.php
14 Sep 2020 12:04:41|20|shiji@forstarfoods.com|DailyCatchEntry_New.php
14 Sep 2020 12:04:43|20|shiji@forstarfoods.com|DailyCatchEntry_New.php
14 Sep 2020 12:04:44|20|shiji@forstarfoods.com|DailyCatchEntry_New.php
14 Sep 2020 12:04:45|20|shiji@forstarfoods.com|DailyCatchEntry_New.php
14 Sep 2020 12:04:46|20|shiji@forstarfoods.com|DailyCatchEntry_New.php
14 Sep 2020 12:04:48|20|shiji@forstarfoods.com|DailyCatchEntry_New.php
14 Sep 2020 12:04:49|20|shiji@forstarfoods.com|DailyCatchEntry_New.php
14 Sep 2020 12:04:50|20|shiji@forstarfoods.com|DailyCatchEntry_New.php
14 Sep 2020 12:04:51|20|shiji@forstarfoods.com|DailyCatchEntry_New.php
14 Sep 2020 12:04:53|20|shiji@forstarfoods.com|DailyCatchEntry_New.php
14 Sep 2020 12:04:58|20|shiji@forstarfoods.com|DailyCatchEntry_New.php
14 Sep 2020 12:05:01|20|shiji@forstarfoods.com|DailyCatchEntry_New.php
14 Sep 2020 12:05:03|20|shiji@forstarfoods.com|CatchEntryDeclaredItem.php
14 Sep 2020 12:05:05|20|shiji@forstarfoods.com|DailyCatchEntry_New.php
14 Sep 2020 12:05:07|20|shiji@forstarfoods.com|DailyCatchEntry_New.php
14 Sep 2020 12:05:08|20|shiji@forstarfoods.com|DailyCatchEntry_New.php
14 Sep 2020 12:05:10|20|shiji@forstarfoods.com|DailyCatchEntry_New.php
14 Sep 2020 12:05:13|20|shiji@forstarfoods.com|DailyCatchEntry_New.php
14 Sep 2020 12:05:14|20|shiji@forstarfoods.com|CatchEntryDeclaredItem.php
14 Sep 2020 12:06:10|20|shiji@forstarfoods.com|DailyCatchEntry_New.php
14 Sep 2020 12:06:33|20|shiji@forstarfoods.com|DailyCatchEntry_New.php
14 Sep 2020 12:06:35|20|shiji@forstarfoods.com|DailyCatchEntry_New.php
14 Sep 2020 12:06:37|20|shiji@forstarfoods.com|DailyCatchEntry_New.php
14 Sep 2020 12:06:40|20|shiji@forstarfoods.com|DailyCatchEntry_New.php
14 Sep 2020 12:06:41|20|shiji@forstarfoods.com|DailyCatchEntry_New.php
14 Sep 2020 12:06:42|20|shiji@forstarfoods.com|DailyCatchEntry_New.php
14 Sep 2020 12:06:43|20|shiji@forstarfoods.com|DailyCatchEntry_New.php
14 Sep 2020 12:06:44|20|shiji@forstarfoods.com|DailyCatchEntry_New.php
14 Sep 2020 12:06:46|20|shiji@forstarfoods.com|DailyCatchEntry_New.php
14 Sep 2020 12:06:47|20|shiji@forstarfoods.com|DailyCatchEntry_New.php
14 Sep 2020 12:06:48|20|shiji@forstarfoods.com|DailyCatchEntry_New.php
14 Sep 2020 12:06:49|20|shiji@forstarfoods.com|DailyCatchEntry_New.php
14 Sep 2020 12:06:51|20|shiji@forstarfoods.com|DailyCatchEntry_New.php
14 Sep 2020 12:06:52|20|shiji@forstarfoods.com|DailyCatchEntry_New.php
14 Sep 2020 12:06:53|20|shiji@forstarfoods.com|DailyCatchEntry_New.php
14 Sep 2020 12:06:54|20|shiji@forstarfoods.com|DailyCatchEntry_New.php
14 Sep 2020 12:06:56|20|shiji@forstarfoods.com|DailyCatchEntry_New.php
14 Sep 2020 12:06:57|20|shiji@forstarfoods.com|DailyCatchEntry_New.php
14 Sep 2020 12:06:58|20|shiji@forstarfoods.com|DailyCatchEntry_New.php
14 Sep 2020 12:06:59|20|shiji@forstarfoods.com|DailyCatchEntry_New.php
14 Sep 2020 12:07:01|20|shiji@forstarfoods.com|DailyCatchEntry_New.php
14 Sep 2020 12:07:02|20|shiji@forstarfoods.com|DailyCatchEntry_New.php
14 Sep 2020 12:07:03|20|shiji@forstarfoods.com|DailyCatchEntry_New.php
14 Sep 2020 12:07:04|20|shiji@forstarfoods.com|DailyCatchEntry_New.php
14 Sep 2020 12:07:05|20|shiji@forstarfoods.com|DailyCatchEntry_New.php
14 Sep 2020 12:07:07|20|shiji@forstarfoods.com|DailyCatchEntry_New.php
14 Sep 2020 12:07:08|20|shiji@forstarfoods.com|DailyCatchEntry_New.php
14 Sep 2020 12:07:52|20|shiji@forstarfoods.com|DailyCatchEntry_New.php
14 Sep 2020 12:07:55|20|shiji@forstarfoods.com|DailyCatchEntry_New.php
14 Sep 2020 12:07:56|20|shiji@forstarfoods.com|CatchEntryDeclaredItem.php
14 Sep 2020 12:07:58|20|shiji@forstarfoods.com|DailyCatchEntry_New.php
14 Sep 2020 12:08:01|20|shiji@forstarfoods.com|DailyCatchEntry_New.php
14 Sep 2020 12:08:04|20|shiji@forstarfoods.com|DailyCatchEntry_New.php
14 Sep 2020 12:08:05|20|shiji@forstarfoods.com|DailyCatchEntry_New.php
14 Sep 2020 12:08:06|20|shiji@forstarfoods.com|DailyCatchEntry_New.php
14 Sep 2020 12:08:07|20|shiji@forstarfoods.com|DailyCatchEntry_New.php
14 Sep 2020 12:08:08|20|shiji@forstarfoods.com|DailyCatchEntry_New.php
14 Sep 2020 12:08:10|20|shiji@forstarfoods.com|DailyCatchEntry_New.php
14 Sep 2020 12:08:11|20|shiji@forstarfoods.com|DailyCatchEntry_New.php
14 Sep 2020 12:08:12|20|shiji@forstarfoods.com|DailyCatchEntry_New.php
14 Sep 2020 12:08:17|20|shiji@forstarfoods.com|DailyCatchEntry_New.php
14 Sep 2020 12:08:20|20|shiji@forstarfoods.com|DailyCatchEntry_New.php
14 Sep 2020 12:08:21|20|shiji@forstarfoods.com|CatchEntryDeclaredItem.php
14 Sep 2020 12:08:24|20|shiji@forstarfoods.com|DailyCatchEntry_New.php
14 Sep 2020 12:08:25|20|shiji@forstarfoods.com|DailyCatchEntry_New.php
14 Sep 2020 12:08:26|20|shiji@forstarfoods.com|DailyCatchEntry_New.php
14 Sep 2020 12:08:27|20|shiji@forstarfoods.com|DailyCatchEntry_New.php
14 Sep 2020 12:08:31|20|shiji@forstarfoods.com|DailyCatchEntry_New.php
14 Sep 2020 12:08:33|20|shiji@forstarfoods.com|CatchEntryDeclaredItem.php
14 Sep 2020 12:08:49|20|shiji@forstarfoods.com|DailyCatchEntry_New.php
14 Sep 2020 12:08:51|20|shiji@forstarfoods.com|DailyCatchEntry_New.php
14 Sep 2020 12:08:53|20|shiji@forstarfoods.com|DailyCatchEntry_New.php
14 Sep 2020 12:08:55|20|shiji@forstarfoods.com|DailyCatchEntry_New.php
14 Sep 2020 12:08:57|20|shiji@forstarfoods.com|DailyCatchEntry_New.php
14 Sep 2020 12:08:58|20|shiji@forstarfoods.com|DailyCatchEntry_New.php
14 Sep 2020 12:08:59|20|shiji@forstarfoods.com|DailyCatchEntry_New.php
14 Sep 2020 12:09:00|20|shiji@forstarfoods.com|DailyCatchEntry_New.php
14 Sep 2020 12:09:02|20|shiji@forstarfoods.com|DailyCatchEntry_New.php
14 Sep 2020 12:09:03|20|shiji@forstarfoods.com|DailyCatchEntry_New.php
14 Sep 2020 12:09:04|20|shiji@forstarfoods.com|DailyCatchEntry_New.php
14 Sep 2020 12:09:05|20|shiji@forstarfoods.com|DailyCatchEntry_New.php
14 Sep 2020 12:09:06|20|shiji@forstarfoods.com|DailyCatchEntry_New.php
14 Sep 2020 12:09:08|20|shiji@forstarfoods.com|DailyCatchEntry_New.php
14 Sep 2020 12:09:09|20|shiji@forstarfoods.com|DailyCatchEntry_New.php
14 Sep 2020 12:09:10|20|shiji@forstarfoods.com|DailyCatchEntry_New.php
14 Sep 2020 12:09:11|20|shiji@forstarfoods.com|DailyCatchEntry_New.php
14 Sep 2020 12:09:13|20|shiji@forstarfoods.com|DailyCatchEntry_New.php
14 Sep 2020 12:09:14|20|shiji@forstarfoods.com|DailyCatchEntry_New.php
14 Sep 2020 12:09:41|20|shiji@forstarfoods.com|DailyCatchEntry_New.php
14 Sep 2020 12:09:44|20|shiji@forstarfoods.com|DailyCatchEntry_New.php
14 Sep 2020 12:09:45|20|shiji@forstarfoods.com|CatchEntryDeclaredItem.php
14 Sep 2020 12:09:50|20|shiji@forstarfoods.com|DailyCatchEntry_New.php
14 Sep 2020 12:09:52|20|shiji@forstarfoods.com|DailyCatchEntry_New.php
14 Sep 2020 12:09:55|20|shiji@forstarfoods.com|DailyCatchEntry_New.php
14 Sep 2020 12:09:56|20|shiji@forstarfoods.com|DailyCatchEntry_New.php
14 Sep 2020 12:09:57|20|shiji@forstarfoods.com|DailyCatchEntry_New.php
14 Sep 2020 12:09:58|20|shiji@forstarfoods.com|DailyCatchEntry_New.php
14 Sep 2020 12:09:59|20|shiji@forstarfoods.com|DailyCatchEntry_New.php
14 Sep 2020 12:10:01|20|shiji@forstarfoods.com|DailyCatchEntry_New.php
14 Sep 2020 12:10:02|20|shiji@forstarfoods.com|DailyCatchEntry_New.php
14 Sep 2020 12:10:03|20|shiji@forstarfoods.com|DailyCatchEntry_New.php
14 Sep 2020 12:10:04|20|shiji@forstarfoods.com|DailyCatchEntry_New.php
14 Sep 2020 12:10:06|20|shiji@forstarfoods.com|DailyCatchEntry_New.php
14 Sep 2020 12:10:07|20|shiji@forstarfoods.com|DailyCatchEntry_New.php
14 Sep 2020 12:10:08|20|shiji@forstarfoods.com|DailyCatchEntry_New.php
14 Sep 2020 12:10:09|20|shiji@forstarfoods.com|DailyCatchEntry_New.php
14 Sep 2020 12:10:11|20|shiji@forstarfoods.com|DailyCatchEntry_New.php
14 Sep 2020 12:10:12|20|shiji@forstarfoods.com|DailyCatchEntry_New.php
14 Sep 2020 12:10:13|20|shiji@forstarfoods.com|DailyCatchEntry_New.php
14 Sep 2020 12:10:14|20|shiji@forstarfoods.com|DailyCatchEntry_New.php
14 Sep 2020 12:10:15|20|shiji@forstarfoods.com|DailyCatchEntry_New.php
14 Sep 2020 12:10:21|20|shiji@forstarfoods.com|DailyCatchEntry_New.php
14 Sep 2020 12:10:24|20|shiji@forstarfoods.com|DailyCatchEntry_New.php
14 Sep 2020 12:10:25|20|shiji@forstarfoods.com|CatchEntryDeclaredItem.php
14 Sep 2020 12:10:27|20|shiji@forstarfoods.com|DailyCatchEntry_New.php
14 Sep 2020 12:10:30|20|shiji@forstarfoods.com|DailyCatchEntry_New.php
14 Sep 2020 12:10:31|20|shiji@forstarfoods.com|DailyCatchEntry_New.php
14 Sep 2020 12:10:33|20|shiji@forstarfoods.com|DailyCatchEntry_New.php
14 Sep 2020 12:10:34|20|shiji@forstarfoods.com|DailyCatchEntry_New.php
14 Sep 2020 12:10:35|20|shiji@forstarfoods.com|DailyCatchEntry_New.php
14 Sep 2020 12:10:36|20|shiji@forstarfoods.com|DailyCatchEntry_New.php
14 Sep 2020 12:10:37|20|shiji@forstarfoods.com|DailyCatchEntry_New.php
14 Sep 2020 12:10:39|20|shiji@forstarfoods.com|DailyCatchEntry_New.php
14 Sep 2020 12:10:40|20|shiji@forstarfoods.com|DailyCatchEntry_New.php
14 Sep 2020 12:10:41|20|shiji@forstarfoods.com|DailyCatchEntry_New.php
14 Sep 2020 12:10:42|20|shiji@forstarfoods.com|DailyCatchEntry_New.php
14 Sep 2020 12:10:44|20|shiji@forstarfoods.com|DailyCatchEntry_New.php
14 Sep 2020 12:10:45|20|shiji@forstarfoods.com|DailyCatchEntry_New.php
14 Sep 2020 12:10:46|20|shiji@forstarfoods.com|DailyCatchEntry_New.php
14 Sep 2020 12:10:47|20|shiji@forstarfoods.com|DailyCatchEntry_New.php
14 Sep 2020 12:10:48|20|shiji@forstarfoods.com|DailyCatchEntry_New.php
14 Sep 2020 12:10:50|20|shiji@forstarfoods.com|DailyCatchEntry_New.php
14 Sep 2020 12:10:56|20|shiji@forstarfoods.com|DailyCatchEntry_New.php
14 Sep 2020 12:17:01|29|kavitha@forstarfoods.com|Home.php
14 Sep 2020 12:17:19|29|kavitha@forstarfoods.com|SettlementSummary.php
14 Sep 2020 12:17:24|20|shiji@forstarfoods.com|DailyCatchEntry_New.php
14 Sep 2020 12:17:25|20|shiji@forstarfoods.com|DailyCatchEntry_New.php
14 Sep 2020 12:17:26|20|shiji@forstarfoods.com|CatchEntryDeclaredItem.php
14 Sep 2020 12:17:34|29|kavitha@forstarfoods.com|SettlementSummary.php
14 Sep 2020 12:18:02|29|kavitha@forstarfoods.com|SettlementSummary.php
14 Sep 2020 12:18:09|29|kavitha@forstarfoods.com|SettlementSummary.php
14 Sep 2020 12:18:18|29|kavitha@forstarfoods.com|SettlementSummary.php
14 Sep 2020 12:18:50|29|kavitha@forstarfoods.com|SettlementSummary.php
14 Sep 2020 12:18:52|29|kavitha@forstarfoods.com|SupplierPayments.php
14 Sep 2020 12:18:54|29|kavitha@forstarfoods.com|SupplierPayments.php
14 Sep 2020 12:18:55|29|kavitha@forstarfoods.com|SupplierPayments.php
14 Sep 2020 12:18:59|29|kavitha@forstarfoods.com|SettlementSummary.php
14 Sep 2020 12:19:14|29|kavitha@forstarfoods.com|SettlementSummary.php
14 Sep 2020 12:19:21|29|kavitha@forstarfoods.com|SettlementSummary.php
14 Sep 2020 12:19:31|29|kavitha@forstarfoods.com|SettlementSummary.php
14 Sep 2020 12:19:50|29|kavitha@forstarfoods.com|SettlementSummary.php
14 Sep 2020 12:19:53|29|kavitha@forstarfoods.com|SupplierPayments.php
14 Sep 2020 12:19:54|29|kavitha@forstarfoods.com|SupplierPayments.php
14 Sep 2020 12:19:55|29|kavitha@forstarfoods.com|SupplierPayments.php
14 Sep 2020 12:19:58|29|kavitha@forstarfoods.com|PurchaseStatement.php
14 Sep 2020 12:20:22|29|kavitha@forstarfoods.com|PurchaseStatement.php
14 Sep 2020 12:20:29|29|kavitha@forstarfoods.com|PurchaseStatement.php
14 Sep 2020 12:20:35|29|kavitha@forstarfoods.com|PurchaseStatement.php
14 Sep 2020 12:20:56|29|kavitha@forstarfoods.com|PurchaseStatement.php
14 Sep 2020 12:20:59|29|kavitha@forstarfoods.com|PrintPurchaseStatement.php
14 Sep 2020 12:22:11|29|kavitha@forstarfoods.com|PurchaseStatement.php
14 Sep 2020 12:22:19|29|kavitha@forstarfoods.com|PurchaseStatement.php
14 Sep 2020 12:22:27|20|shiji@forstarfoods.com|DailyCatchEntry_New.php
14 Sep 2020 12:22:28|29|kavitha@forstarfoods.com|PurchaseStatement.php
14 Sep 2020 12:22:33|29|kavitha@forstarfoods.com|PurchaseStatement.php
14 Sep 2020 12:22:37|29|kavitha@forstarfoods.com|PrintPurchaseStatement.php
14 Sep 2020 12:27:28|20|shiji@forstarfoods.com|DailyCatchEntry_New.php
14 Sep 2020 12:32:30|20|shiji@forstarfoods.com|DailyCatchEntry_New.php
14 Sep 2020 12:32:52|20|shiji@forstarfoods.com|DailyCatchReport.php
14 Sep 2020 12:33:00|20|shiji@forstarfoods.com|DailyCatchReport.php
14 Sep 2020 12:33:03|20|shiji@forstarfoods.com|DailyCatchReport.php
14 Sep 2020 12:33:05|20|shiji@forstarfoods.com|DailyCatchReport.php
14 Sep 2020 12:33:06|20|shiji@forstarfoods.com|DailyCatchReport.php
14 Sep 2020 12:33:19|20|shiji@forstarfoods.com|PrintDailyCatchReportMemo.php
14 Sep 2020 12:34:05|20|shiji@forstarfoods.com|SupplierAccount.php
14 Sep 2020 12:34:37|20|shiji@forstarfoods.com|SupplierAccount.php
14 Sep 2020 12:34:44|20|shiji@forstarfoods.com|SupplierAccount.php
14 Sep 2020 12:34:48|20|shiji@forstarfoods.com|SupplierAccount.php
14 Sep 2020 12:34:53|20|shiji@forstarfoods.com|SupplierAccount.php
14 Sep 2020 12:43:45|20|shiji@forstarfoods.com|SupplierAccount.php
14 Sep 2020 12:44:18|30|pritirm@forstarfoods.com|Home.php
14 Sep 2020 12:44:25|30|pritirm@forstarfoods.com|DailyCatchSummary.php
14 Sep 2020 12:44:28|30|pritirm@forstarfoods.com|DailyCatchSummary.php
14 Sep 2020 12:44:30|20|shiji@forstarfoods.com|SupplierAccount.php
14 Sep 2020 12:46:20|20|shiji@forstarfoods.com|SupplierAccount.php
14 Sep 2020 12:46:31|30|pritirm@forstarfoods.com|DailyCatchSummary.php
14 Sep 2020 12:46:38|30|pritirm@forstarfoods.com|DailyCatchSummary.php
14 Sep 2020 12:46:42|30|pritirm@forstarfoods.com|DailyCatchSummary.php
14 Sep 2020 12:47:05|30|pritirm@forstarfoods.com|DailyCatchSummary.php
14 Sep 2020 12:47:12|30|pritirm@forstarfoods.com|DailyCatchSummary.php
14 Sep 2020 12:49:27|30|pritirm@forstarfoods.com|DailyCatchSummary.php
14 Sep 2020 12:49:45|30|pritirm@forstarfoods.com|PrintDailyCatchSummary.php
14 Sep 2020 12:50:00|30|pritirm@forstarfoods.com|DailyCatchSummary.php
14 Sep 2020 12:50:12|30|pritirm@forstarfoods.com|DailyCatchSummary.php
14 Sep 2020 12:51:41|30|pritirm@forstarfoods.com|PrintDailyCatchSummary.php
14 Sep 2020 12:52:03|30|pritirm@forstarfoods.com|DailyCatchSummary.php
14 Sep 2020 12:52:15|30|pritirm@forstarfoods.com|DailyCatchSummary.php
14 Sep 2020 12:52:25|30|pritirm@forstarfoods.com|DailyCatchSummary.php
14 Sep 2020 12:52:30|30|pritirm@forstarfoods.com|PrintDailyCatchSummary.php
14 Sep 2020 12:53:33|30|pritirm@forstarfoods.com|DailyCatchSummary.php
14 Sep 2020 12:53:37|30|pritirm@forstarfoods.com|DailyCatchSummary.php
14 Sep 2020 12:57:56|20|shiji@forstarfoods.com|SupplierAccount.php
14 Sep 2020 12:58:13|20|shiji@forstarfoods.com|SupplierAccount.php
14 Sep 2020 12:58:18|20|shiji@forstarfoods.com|SupplierAccount.php
14 Sep 2020 13:01:21|20|shiji@forstarfoods.com|SupplierAccount.php
14 Sep 2020 13:01:34|20|shiji@forstarfoods.com|SupplierAccount.php
14 Sep 2020 13:01:48|20|shiji@forstarfoods.com|SupplierAccount.php
14 Sep 2020 13:01:56|20|shiji@forstarfoods.com|SupplierAccount.php
14 Sep 2020 13:02:00|20|shiji@forstarfoods.com|SupplierAccount.php
14 Sep 2020 13:02:47|20|shiji@forstarfoods.com|SupplierAccount.php
14 Sep 2020 13:02:57|20|shiji@forstarfoods.com|SupplierAccount.php
14 Sep 2020 13:03:39|20|shiji@forstarfoods.com|SupplierAccount.php
14 Sep 2020 13:04:43|20|shiji@forstarfoods.com|SupplierAccount.php
14 Sep 2020 13:04:48|20|shiji@forstarfoods.com|SupplierAccount.php
14 Sep 2020 13:06:32|20|shiji@forstarfoods.com|SupplierAccount.php
14 Sep 2020 13:06:54|20|shiji@forstarfoods.com|SupplierAccount.php
14 Sep 2020 13:06:58|20|shiji@forstarfoods.com|SupplierAccount.php
14 Sep 2020 13:07:20|20|shiji@forstarfoods.com|SupplierAccount.php
14 Sep 2020 13:08:00|20|shiji@forstarfoods.com|SupplierAccount.php
14 Sep 2020 13:08:05|20|shiji@forstarfoods.com|SupplierAccount.php
14 Sep 2020 13:08:48|20|shiji@forstarfoods.com|SupplierAccount.php
14 Sep 2020 13:09:34|20|shiji@forstarfoods.com|SupplierAccount.php
14 Sep 2020 13:09:39|20|shiji@forstarfoods.com|SupplierAccount.php
14 Sep 2020 13:09:59|20|shiji@forstarfoods.com|SupplierAccount.php
14 Sep 2020 13:10:09|20|shiji@forstarfoods.com|SupplierAccount.php
14 Sep 2020 13:11:42|20|shiji@forstarfoods.com|SupplierAccount.php
14 Sep 2020 13:11:55|20|shiji@forstarfoods.com|SupplierAccount.php
14 Sep 2020 13:12:22|20|shiji@forstarfoods.com|SupplierAccount.php
14 Sep 2020 13:12:28|20|shiji@forstarfoods.com|SupplierAccount.php
14 Sep 2020 13:13:00|20|shiji@forstarfoods.com|SupplierAccount.php
14 Sep 2020 13:13:06|20|shiji@forstarfoods.com|SupplierAccount.php
14 Sep 2020 13:14:23|20|shiji@forstarfoods.com|SupplierAccount.php
14 Sep 2020 13:14:43|20|shiji@forstarfoods.com|SupplierAccount.php
14 Sep 2020 13:15:52|20|shiji@forstarfoods.com|SupplierAccount.php
14 Sep 2020 13:16:03|20|shiji@forstarfoods.com|SupplierAccount.php
14 Sep 2020 13:16:06|20|shiji@forstarfoods.com|SupplierAccount.php
14 Sep 2020 13:16:33|20|shiji@forstarfoods.com|SupplierAccount.php
14 Sep 2020 13:16:35|30|pritirm@forstarfoods.com|DailyCatchSummary.php
14 Sep 2020 13:16:43|30|pritirm@forstarfoods.com|DailyCatchSummary.php
14 Sep 2020 13:17:16|20|shiji@forstarfoods.com|SettlementSummary.php
14 Sep 2020 13:17:25|20|shiji@forstarfoods.com|SettlementSummary.php
14 Sep 2020 13:17:27|20|shiji@forstarfoods.com|SupplierPayments.php
14 Sep 2020 13:17:29|20|shiji@forstarfoods.com|SupplierPayments.php
14 Sep 2020 13:17:30|20|shiji@forstarfoods.com|SupplierPayments.php
14 Sep 2020 13:24:21|20|shiji@forstarfoods.com|DailyCatchSummary.php
14 Sep 2020 13:24:23|20|shiji@forstarfoods.com|DailyCatchSummary.php
14 Sep 2020 13:24:32|20|shiji@forstarfoods.com|DailyCatchSummary.php
14 Sep 2020 13:24:36|20|shiji@forstarfoods.com|DailyCatchSummary.php
14 Sep 2020 13:24:45|20|shiji@forstarfoods.com|DailyCatchSummary.php
14 Sep 2020 13:24:54|20|shiji@forstarfoods.com|DailyCatchSummary.php
14 Sep 2020 13:24:58|20|shiji@forstarfoods.com|DailyCatchSummary.php
14 Sep 2020 13:25:15|20|shiji@forstarfoods.com|DailyCatchSummary.php
14 Sep 2020 13:25:18|20|shiji@forstarfoods.com|DailyCatchSummary.php
14 Sep 2020 13:25:41|20|shiji@forstarfoods.com|DailyCatchSummary.php
14 Sep 2020 13:25:44|20|shiji@forstarfoods.com|DailyCatchSummary.php
14 Sep 2020 13:27:36|20|shiji@forstarfoods.com|DailyCatchReport.php
14 Sep 2020 13:27:48|20|shiji@forstarfoods.com|DailyCatchReport.php
14 Sep 2020 13:27:51|20|shiji@forstarfoods.com|DailyCatchReport.php
14 Sep 2020 13:27:53|20|shiji@forstarfoods.com|DailyCatchReport.php
14 Sep 2020 13:27:54|20|shiji@forstarfoods.com|DailyCatchReport.php
14 Sep 2020 13:27:56|20|shiji@forstarfoods.com|PrintDailyCatchReportMemo.php
14 Sep 2020 13:31:39|20|shiji@forstarfoods.com|DailyCatchReport.php
14 Sep 2020 13:31:41|20|shiji@forstarfoods.com|DailyCatchReport.php
14 Sep 2020 13:31:42|20|shiji@forstarfoods.com|DailyCatchReport.php
14 Sep 2020 13:31:54|20|shiji@forstarfoods.com|DailyCatchReport.php
14 Sep 2020 13:31:56|20|shiji@forstarfoods.com|DailyCatchReport.php
14 Sep 2020 13:31:57|20|shiji@forstarfoods.com|DailyCatchReport.php
14 Sep 2020 13:31:59|20|shiji@forstarfoods.com|DailyCatchReport.php
14 Sep 2020 13:32:06|20|shiji@forstarfoods.com|DailyCatchReport.php
14 Sep 2020 13:32:08|20|shiji@forstarfoods.com|DailyCatchReport.php
14 Sep 2020 13:32:09|20|shiji@forstarfoods.com|DailyCatchReport.php
14 Sep 2020 13:32:13|20|shiji@forstarfoods.com|DailyCatchReport.php
14 Sep 2020 13:32:15|20|shiji@forstarfoods.com|DailyCatchReport.php
14 Sep 2020 13:32:17|20|shiji@forstarfoods.com|DailyCatchReport.php
14 Sep 2020 13:32:18|20|shiji@forstarfoods.com|DailyCatchReport.php
14 Sep 2020 13:32:20|20|shiji@forstarfoods.com|PrintDailyCatchReportMemo.php
14 Sep 2020 13:32:31|30|pritirm@forstarfoods.com|DailyCatchSummary.php
14 Sep 2020 13:32:40|20|shiji@forstarfoods.com|DailyCatchEntry_New.php
14 Sep 2020 13:32:40|30|pritirm@forstarfoods.com|DailyCatchSummary.php
14 Sep 2020 13:32:43|30|pritirm@forstarfoods.com|DailyCatchSummary.php
14 Sep 2020 13:32:46|20|shiji@forstarfoods.com|DailyCatchEntry_New.php
14 Sep 2020 13:32:47|20|shiji@forstarfoods.com|DailyCatchEntry_New.php
14 Sep 2020 13:32:48|20|shiji@forstarfoods.com|DailyCatchEntry_New.php
14 Sep 2020 13:32:53|20|shiji@forstarfoods.com|DailyCatchEntry_New.php
14 Sep 2020 13:32:55|20|shiji@forstarfoods.com|DailyCatchEntry_New.php
14 Sep 2020 13:32:56|20|shiji@forstarfoods.com|DailyCatchEntry_New.php
14 Sep 2020 13:33:01|20|shiji@forstarfoods.com|DailyCatchEntry_New.php
14 Sep 2020 13:33:04|20|shiji@forstarfoods.com|DailyCatchEntry_New.php
14 Sep 2020 13:33:05|20|shiji@forstarfoods.com|DailyCatchEntry_New.php
14 Sep 2020 13:33:06|20|shiji@forstarfoods.com|CatchEntryDeclaredItem.php
14 Sep 2020 13:33:07|20|shiji@forstarfoods.com|DailyCatchEntry_New.php
14 Sep 2020 13:33:09|20|shiji@forstarfoods.com|CatchEntryDeclaredItem.php
14 Sep 2020 13:33:10|20|shiji@forstarfoods.com|DailyCatchEntry_New.php
14 Sep 2020 13:33:12|20|shiji@forstarfoods.com|DailyCatchEntry_New.php
14 Sep 2020 13:33:14|20|shiji@forstarfoods.com|CatchEntryDeclaredItem.php
14 Sep 2020 13:33:22|20|shiji@forstarfoods.com|DailyCatchEntry_New.php
14 Sep 2020 13:33:25|20|shiji@forstarfoods.com|DailyCatchEntry_New.php
14 Sep 2020 13:33:27|30|pritirm@forstarfoods.com|DailyCatchSummary.php
14 Sep 2020 13:33:41|20|shiji@forstarfoods.com|DailyCatchEntry_New.php
14 Sep 2020 13:33:45|20|shiji@forstarfoods.com|DailyCatchEntry_New.php
14 Sep 2020 13:35:39|20|shiji@forstarfoods.com|DailyCatchEntry_New.php
14 Sep 2020 13:55:55|20|shiji@forstarfoods.com|DailyCatchEntry_New.php
14 Sep 2020 14:12:17|20|shiji@forstarfoods.com|Home.php
14 Sep 2020 14:12:57|24|shashikala@forstarfoods.com|Home.php
14 Sep 2020 14:13:31|20|shiji@forstarfoods.com|DailyCatchReport.php
14 Sep 2020 14:13:54|20|shiji@forstarfoods.com|DailyCatchReport.php
14 Sep 2020 14:13:57|20|shiji@forstarfoods.com|DailyCatchReport.php
14 Sep 2020 14:13:59|20|shiji@forstarfoods.com|DailyCatchReport.php
14 Sep 2020 14:14:00|20|shiji@forstarfoods.com|DailyCatchReport.php
14 Sep 2020 14:14:02|20|shiji@forstarfoods.com|PrintDailyCatchReportMemo.php
14 Sep 2020 14:16:59|20|shiji@forstarfoods.com|PrintDailyCatchReportMemo.php
14 Sep 2020 14:17:20|20|shiji@forstarfoods.com|DailyCatchEntry_New.php
14 Sep 2020 14:17:28|20|shiji@forstarfoods.com|DailyCatchEntry_New.php
14 Sep 2020 14:17:29|20|shiji@forstarfoods.com|DailyCatchEntry_New.php
14 Sep 2020 14:17:30|20|shiji@forstarfoods.com|DailyCatchEntry_New.php
14 Sep 2020 14:17:32|20|shiji@forstarfoods.com|DailyCatchEntry_New.php
14 Sep 2020 14:17:34|20|shiji@forstarfoods.com|DailyCatchEntry_New.php
14 Sep 2020 14:17:35|20|shiji@forstarfoods.com|DailyCatchEntry_New.php
14 Sep 2020 14:17:45|20|shiji@forstarfoods.com|DailyCatchEntry_New.php
14 Sep 2020 14:17:50|20|shiji@forstarfoods.com|DailyCatchEntry_New.php
14 Sep 2020 14:17:52|20|shiji@forstarfoods.com|DailyCatchEntry_New.php
14 Sep 2020 14:17:53|20|shiji@forstarfoods.com|CatchEntryDeclaredItem.php
14 Sep 2020 14:17:54|20|shiji@forstarfoods.com|DailyCatchEntry_New.php
14 Sep 2020 14:17:55|20|shiji@forstarfoods.com|CatchEntryDeclaredItem.php
14 Sep 2020 14:17:57|20|shiji@forstarfoods.com|DailyCatchEntry_New.php
14 Sep 2020 14:17:59|20|shiji@forstarfoods.com|DailyCatchEntry_New.php
14 Sep 2020 14:18:01|20|shiji@forstarfoods.com|CatchEntryDeclaredItem.php
14 Sep 2020 14:18:06|20|shiji@forstarfoods.com|DailyCatchEntry_New.php
14 Sep 2020 14:18:10|20|shiji@forstarfoods.com|DailyCatchEntry_New.php
14 Sep 2020 14:18:33|20|shiji@forstarfoods.com|DailyCatchEntry_New.php
14 Sep 2020 14:18:35|20|shiji@forstarfoods.com|DailyCatchEntry_New.php
14 Sep 2020 14:18:41|20|shiji@forstarfoods.com|DailyCatchEntry_New.php
14 Sep 2020 14:18:52|20|shiji@forstarfoods.com|DailyCatchEntry_New.php
14 Sep 2020 14:18:53|20|shiji@forstarfoods.com|DailyCatchEntry_New.php
14 Sep 2020 14:18:54|20|shiji@forstarfoods.com|DailyCatchEntry_New.php
14 Sep 2020 14:28:33|20|shiji@forstarfoods.com|DailyCatchEntry_New.php
14 Sep 2020 14:28:36|20|shiji@forstarfoods.com|DailyCatchEntry_New.php
14 Sep 2020 14:28:37|20|shiji@forstarfoods.com|DailyCatchEntry_New.php
14 Sep 2020 14:28:39|20|shiji@forstarfoods.com|CatchEntryDeclaredItem.php
14 Sep 2020 14:28:40|20|shiji@forstarfoods.com|DailyCatchEntry_New.php
14 Sep 2020 14:28:41|20|shiji@forstarfoods.com|CatchEntryDeclaredItem.php
14 Sep 2020 14:28:49|20|shiji@forstarfoods.com|DailyCatchEntry_New.php
14 Sep 2020 14:28:52|20|shiji@forstarfoods.com|DailyCatchEntry_New.php
14 Sep 2020 14:28:53|20|shiji@forstarfoods.com|CatchEntryDeclaredItem.php
14 Sep 2020 14:29:02|20|shiji@forstarfoods.com|DailyCatchEntry_New.php
14 Sep 2020 14:29:05|20|shiji@forstarfoods.com|DailyCatchEntry_New.php
14 Sep 2020 14:29:16|20|shiji@forstarfoods.com|DailyCatchEntry_New.php
14 Sep 2020 14:29:20|20|shiji@forstarfoods.com|DailyCatchEntry_New.php
14 Sep 2020 14:29:23|20|shiji@forstarfoods.com|DailyCatchEntry_New.php
14 Sep 2020 14:29:34|20|shiji@forstarfoods.com|DailyCatchEntry_New.php
14 Sep 2020 14:29:47|20|shiji@forstarfoods.com|DailyCatchEntry_New.php
14 Sep 2020 14:29:50|20|shiji@forstarfoods.com|DailyCatchEntry_New.php
14 Sep 2020 14:29:51|20|shiji@forstarfoods.com|DailyCatchEntry_New.php
14 Sep 2020 14:29:53|20|shiji@forstarfoods.com|CatchEntryDeclaredItem.php
14 Sep 2020 14:29:54|20|shiji@forstarfoods.com|DailyCatchEntry_New.php
14 Sep 2020 14:29:55|20|shiji@forstarfoods.com|CatchEntryDeclaredItem.php
14 Sep 2020 14:31:01|20|shiji@forstarfoods.com|DailyCatchEntry_New.php
14 Sep 2020 14:31:06|20|shiji@forstarfoods.com|DailyCatchEntry_New.php
14 Sep 2020 14:31:08|20|shiji@forstarfoods.com|CatchEntryDeclaredItem.php
14 Sep 2020 14:31:20|20|shiji@forstarfoods.com|DailyCatchEntry_New.php
14 Sep 2020 14:31:22|20|shiji@forstarfoods.com|DailyCatchEntry_New.php
14 Sep 2020 14:31:34|20|shiji@forstarfoods.com|DailyCatchEntry_New.php
14 Sep 2020 14:31:37|20|shiji@forstarfoods.com|DailyCatchEntry_New.php
14 Sep 2020 14:31:40|20|shiji@forstarfoods.com|DailyCatchEntry_New.php
14 Sep 2020 14:32:06|20|shiji@forstarfoods.com|DailyCatchEntry_New.php
14 Sep 2020 14:32:08|20|shiji@forstarfoods.com|DailyCatchEntry_New.php
14 Sep 2020 14:32:09|20|shiji@forstarfoods.com|DailyCatchEntry_New.php
14 Sep 2020 14:32:50|20|shiji@forstarfoods.com|DailyCatchEntry_New.php
14 Sep 2020 14:32:52|20|shiji@forstarfoods.com|DailyCatchEntry_New.php
14 Sep 2020 14:32:54|20|shiji@forstarfoods.com|DailyCatchEntry_New.php
14 Sep 2020 14:34:03|20|shiji@forstarfoods.com|DailyCatchEntry_New.php
14 Sep 2020 14:34:04|20|shiji@forstarfoods.com|DailyCatchEntry_New.php
14 Sep 2020 14:34:05|20|shiji@forstarfoods.com|DailyCatchEntry_New.php
14 Sep 2020 14:34:22|20|shiji@forstarfoods.com|DailyCatchEntry_New.php
14 Sep 2020 14:34:25|20|shiji@forstarfoods.com|DailyCatchEntry_New.php
14 Sep 2020 14:34:26|20|shiji@forstarfoods.com|DailyCatchEntry_New.php
14 Sep 2020 14:34:27|20|shiji@forstarfoods.com|CatchEntryDeclaredItem.php
14 Sep 2020 14:34:28|20|shiji@forstarfoods.com|DailyCatchEntry_New.php
14 Sep 2020 14:34:30|20|shiji@forstarfoods.com|CatchEntryDeclaredItem.php
14 Sep 2020 14:34:31|20|shiji@forstarfoods.com|DailyCatchEntry_New.php
14 Sep 2020 14:34:34|20|shiji@forstarfoods.com|DailyCatchEntry_New.php
14 Sep 2020 14:34:35|20|shiji@forstarfoods.com|CatchEntryDeclaredItem.php
14 Sep 2020 14:34:42|20|shiji@forstarfoods.com|DailyCatchEntry_New.php
14 Sep 2020 14:34:45|20|shiji@forstarfoods.com|DailyCatchEntry_New.php
14 Sep 2020 14:35:11|20|shiji@forstarfoods.com|DailyCatchEntry_New.php
14 Sep 2020 14:35:13|20|shiji@forstarfoods.com|DailyCatchEntry_New.php
14 Sep 2020 14:35:22|20|shiji@forstarfoods.com|DailyCatchEntry_New.php
14 Sep 2020 14:35:43|20|shiji@forstarfoods.com|DailyCatchEntry_New.php
14 Sep 2020 14:35:44|20|shiji@forstarfoods.com|DailyCatchEntry_New.php
14 Sep 2020 14:35:48|20|shiji@forstarfoods.com|DailyCatchEntry_New.php
14 Sep 2020 14:40:12|20|shiji@forstarfoods.com|DailyCatchEntry_New.php
14 Sep 2020 14:40:13|20|shiji@forstarfoods.com|DailyCatchEntry_New.php
14 Sep 2020 14:40:15|20|shiji@forstarfoods.com|DailyCatchEntry_New.php
14 Sep 2020 14:41:26|20|shiji@forstarfoods.com|DailyCatchEntry_New.php
14 Sep 2020 14:41:27|20|shiji@forstarfoods.com|DailyCatchEntry_New.php
14 Sep 2020 14:41:33|20|shiji@forstarfoods.com|DailyCatchEntry_New.php
14 Sep 2020 14:42:20|20|shiji@forstarfoods.com|DailyCatchEntry_New.php
14 Sep 2020 14:42:21|20|shiji@forstarfoods.com|DailyCatchEntry_New.php
14 Sep 2020 14:42:23|20|shiji@forstarfoods.com|DailyCatchEntry_New.php
14 Sep 2020 14:57:27|20|shiji@forstarfoods.com|DailyCatchReport.php
14 Sep 2020 14:59:23|20|shiji@forstarfoods.com|DailyCatchReport.php
14 Sep 2020 14:59:26|20|shiji@forstarfoods.com|DailyCatchReport.php
14 Sep 2020 14:59:28|20|shiji@forstarfoods.com|DailyCatchReport.php
14 Sep 2020 14:59:30|20|shiji@forstarfoods.com|DailyCatchReport.php
14 Sep 2020 14:59:31|20|shiji@forstarfoods.com|DailyCatchReport.php
14 Sep 2020 14:59:33|20|shiji@forstarfoods.com|PrintDailyCatchReportMemo.php
14 Sep 2020 15:00:10|20|shiji@forstarfoods.com|DailyCatchReport.php
14 Sep 2020 15:00:12|20|shiji@forstarfoods.com|DailyCatchReport.php
14 Sep 2020 15:00:13|20|shiji@forstarfoods.com|DailyCatchReport.php
14 Sep 2020 15:00:22|20|shiji@forstarfoods.com|DailyCatchReport.php
14 Sep 2020 15:00:23|20|shiji@forstarfoods.com|DailyCatchReport.php
14 Sep 2020 15:00:25|20|shiji@forstarfoods.com|DailyCatchReport.php
14 Sep 2020 15:00:26|20|shiji@forstarfoods.com|DailyCatchReport.php
14 Sep 2020 15:00:28|20|shiji@forstarfoods.com|DailyCatchReport.php
14 Sep 2020 15:00:30|20|shiji@forstarfoods.com|DailyCatchReport.php
14 Sep 2020 15:00:31|20|shiji@forstarfoods.com|DailyCatchReport.php
14 Sep 2020 15:00:32|20|shiji@forstarfoods.com|PrintDailyCatchReportMemo.php
14 Sep 2020 15:01:06|20|shiji@forstarfoods.com|DailyCatchReport.php
14 Sep 2020 15:01:08|20|shiji@forstarfoods.com|DailyCatchReport.php
14 Sep 2020 15:01:09|20|shiji@forstarfoods.com|DailyCatchReport.php
14 Sep 2020 15:01:14|20|shiji@forstarfoods.com|DailyCatchReport.php
14 Sep 2020 15:01:15|20|shiji@forstarfoods.com|DailyCatchReport.php
14 Sep 2020 15:01:17|20|shiji@forstarfoods.com|DailyCatchReport.php
14 Sep 2020 15:01:18|20|shiji@forstarfoods.com|DailyCatchReport.php
14 Sep 2020 15:01:20|20|shiji@forstarfoods.com|DailyCatchReport.php
14 Sep 2020 15:01:22|20|shiji@forstarfoods.com|DailyCatchReport.php
14 Sep 2020 15:01:23|20|shiji@forstarfoods.com|DailyCatchReport.php
14 Sep 2020 15:01:25|20|shiji@forstarfoods.com|PrintDailyCatchReportMemo.php
14 Sep 2020 15:01:51|20|shiji@forstarfoods.com|DailyCatchReport.php
14 Sep 2020 15:01:52|20|shiji@forstarfoods.com|DailyCatchReport.php
14 Sep 2020 15:01:54|20|shiji@forstarfoods.com|DailyCatchReport.php
14 Sep 2020 15:01:59|20|shiji@forstarfoods.com|DailyCatchReport.php
14 Sep 2020 15:02:00|20|shiji@forstarfoods.com|DailyCatchReport.php
14 Sep 2020 15:02:02|20|shiji@forstarfoods.com|DailyCatchReport.php
14 Sep 2020 15:02:03|20|shiji@forstarfoods.com|DailyCatchReport.php
14 Sep 2020 15:02:05|20|shiji@forstarfoods.com|DailyCatchReport.php
14 Sep 2020 15:02:07|20|shiji@forstarfoods.com|DailyCatchReport.php
14 Sep 2020 15:02:08|20|shiji@forstarfoods.com|DailyCatchReport.php
14 Sep 2020 15:02:09|20|shiji@forstarfoods.com|PrintDailyCatchReportMemo.php
14 Sep 2020 15:02:33|20|shiji@forstarfoods.com|DailyCatchReport.php
14 Sep 2020 15:02:34|20|shiji@forstarfoods.com|DailyCatchReport.php
14 Sep 2020 15:02:36|20|shiji@forstarfoods.com|DailyCatchReport.php
14 Sep 2020 15:02:43|20|shiji@forstarfoods.com|DailyCatchReport.php
14 Sep 2020 15:02:45|20|shiji@forstarfoods.com|DailyCatchReport.php
14 Sep 2020 15:02:46|20|shiji@forstarfoods.com|DailyCatchReport.php
14 Sep 2020 15:02:48|20|shiji@forstarfoods.com|DailyCatchReport.php
14 Sep 2020 15:02:50|20|shiji@forstarfoods.com|DailyCatchReport.php
14 Sep 2020 15:02:51|20|shiji@forstarfoods.com|DailyCatchReport.php
14 Sep 2020 15:02:53|20|shiji@forstarfoods.com|DailyCatchReport.php
14 Sep 2020 15:02:54|20|shiji@forstarfoods.com|PrintDailyCatchReportMemo.php
14 Sep 2020 15:03:41|20|shiji@forstarfoods.com|DailyCatchReport.php
14 Sep 2020 15:03:43|20|shiji@forstarfoods.com|DailyCatchReport.php
14 Sep 2020 15:03:44|20|shiji@forstarfoods.com|DailyCatchReport.php
14 Sep 2020 15:03:51|20|shiji@forstarfoods.com|DailyCatchReport.php
14 Sep 2020 15:03:52|20|shiji@forstarfoods.com|DailyCatchReport.php
14 Sep 2020 15:03:54|20|shiji@forstarfoods.com|DailyCatchReport.php
14 Sep 2020 15:03:55|20|shiji@forstarfoods.com|DailyCatchReport.php
14 Sep 2020 15:03:57|20|shiji@forstarfoods.com|DailyCatchReport.php
14 Sep 2020 15:03:58|20|shiji@forstarfoods.com|DailyCatchReport.php
14 Sep 2020 15:04:00|20|shiji@forstarfoods.com|DailyCatchReport.php
14 Sep 2020 15:04:03|20|shiji@forstarfoods.com|PrintDailyCatchReportMemo.php
14 Sep 2020 15:04:25|20|shiji@forstarfoods.com|DailyCatchReport.php
14 Sep 2020 15:04:26|20|shiji@forstarfoods.com|DailyCatchReport.php
14 Sep 2020 15:04:28|20|shiji@forstarfoods.com|DailyCatchReport.php
14 Sep 2020 15:04:37|20|shiji@forstarfoods.com|DailyCatchReport.php
14 Sep 2020 15:04:38|20|shiji@forstarfoods.com|DailyCatchReport.php
14 Sep 2020 15:04:40|20|shiji@forstarfoods.com|DailyCatchReport.php
14 Sep 2020 15:04:41|20|shiji@forstarfoods.com|DailyCatchReport.php
14 Sep 2020 15:04:43|20|shiji@forstarfoods.com|DailyCatchReport.php
14 Sep 2020 15:04:45|20|shiji@forstarfoods.com|DailyCatchReport.php
14 Sep 2020 15:04:46|20|shiji@forstarfoods.com|DailyCatchReport.php
14 Sep 2020 15:04:48|20|shiji@forstarfoods.com|PrintDailyCatchReportMemo.php
14 Sep 2020 15:05:35|20|shiji@forstarfoods.com|DailyCatchReport.php
14 Sep 2020 15:05:37|20|shiji@forstarfoods.com|DailyCatchReport.php
14 Sep 2020 15:05:38|20|shiji@forstarfoods.com|DailyCatchReport.php
14 Sep 2020 15:05:54|20|shiji@forstarfoods.com|DailyCatchReport.php
14 Sep 2020 15:05:55|20|shiji@forstarfoods.com|DailyCatchReport.php
14 Sep 2020 15:05:57|20|shiji@forstarfoods.com|DailyCatchReport.php
14 Sep 2020 15:05:58|20|shiji@forstarfoods.com|DailyCatchReport.php
14 Sep 2020 15:06:00|20|shiji@forstarfoods.com|DailyCatchReport.php
14 Sep 2020 15:06:02|20|shiji@forstarfoods.com|DailyCatchReport.php
14 Sep 2020 15:06:03|20|shiji@forstarfoods.com|DailyCatchReport.php
14 Sep 2020 15:06:05|20|shiji@forstarfoods.com|PrintDailyCatchReportMemo.php
14 Sep 2020 15:06:21|20|shiji@forstarfoods.com|DailyCatchReport.php
14 Sep 2020 15:06:22|20|shiji@forstarfoods.com|DailyCatchReport.php
14 Sep 2020 15:06:23|20|shiji@forstarfoods.com|DailyCatchReport.php
14 Sep 2020 15:06:30|20|shiji@forstarfoods.com|DailyCatchReport.php
14 Sep 2020 15:06:32|20|shiji@forstarfoods.com|DailyCatchReport.php
14 Sep 2020 15:06:33|20|shiji@forstarfoods.com|DailyCatchReport.php
14 Sep 2020 15:06:35|20|shiji@forstarfoods.com|DailyCatchReport.php
14 Sep 2020 15:06:37|20|shiji@forstarfoods.com|DailyCatchReport.php
14 Sep 2020 15:06:38|20|shiji@forstarfoods.com|DailyCatchReport.php
14 Sep 2020 15:06:40|20|shiji@forstarfoods.com|DailyCatchReport.php