
3 Jul 2020 12:07:57|20|shiji@forstarfoods.com|DailyCatchEntry_New.php
3 Jul 2020 12:07:59|20|shiji@forstarfoods.com|DailyCatchEntry_New.php
3 Jul 2020 12:08:00|20|shiji@forstarfoods.com|DailyCatchEntry_New.php
3 Jul 2020 12:08:01|20|shiji@forstarfoods.com|DailyCatchEntry_New.php
3 Jul 2020 12:09:04|20|shiji@forstarfoods.com|DailyCatchEntry_New.php
3 Jul 2020 12:10:42|20|shiji@forstarfoods.com|DailyCatchEntry_New.php
3 Jul 2020 12:10:43|20|shiji@forstarfoods.com|DailyCatchEntry_New.php
3 Jul 2020 12:14:05|20|shiji@forstarfoods.com|DailyCatchEntry_New.php
3 Jul 2020 12:14:36|20|shiji@forstarfoods.com|DailyCatchEntry_New.php
3 Jul 2020 12:14:39|20|shiji@forstarfoods.com|DailyCatchEntry_New.php
3 Jul 2020 12:14:40|20|shiji@forstarfoods.com|CatchEntryDeclaredItem.php
3 Jul 2020 12:14:57|20|shiji@forstarfoods.com|DailyCatchEntry_New.php
3 Jul 2020 12:14:58|20|shiji@forstarfoods.com|DailyCatchEntry_New.php
3 Jul 2020 12:14:59|20|shiji@forstarfoods.com|DailyCatchEntry_New.php
3 Jul 2020 12:15:09|20|shiji@forstarfoods.com|DailyCatchEntry_New.php
3 Jul 2020 12:15:17|20|shiji@forstarfoods.com|DailyCatchEntry_New.php
3 Jul 2020 12:15:18|20|shiji@forstarfoods.com|CatchEntryDeclaredItem.php
3 Jul 2020 12:15:37|20|shiji@forstarfoods.com|DailyCatchEntry_New.php
3 Jul 2020 12:15:39|20|shiji@forstarfoods.com|DailyCatchEntry_New.php
3 Jul 2020 12:15:41|20|shiji@forstarfoods.com|DailyCatchEntry_New.php
3 Jul 2020 12:15:46|20|shiji@forstarfoods.com|DailyCatchEntry_New.php
3 Jul 2020 12:15:47|20|shiji@forstarfoods.com|DailyCatchEntry_New.php
3 Jul 2020 12:15:48|20|shiji@forstarfoods.com|DailyCatchEntry_New.php
3 Jul 2020 12:15:49|20|shiji@forstarfoods.com|DailyCatchEntry_New.php
3 Jul 2020 12:15:51|20|shiji@forstarfoods.com|DailyCatchEntry_New.php
3 Jul 2020 12:15:52|20|shiji@forstarfoods.com|DailyCatchEntry_New.php
3 Jul 2020 12:19:07|20|shiji@forstarfoods.com|DailyCatchEntry_New.php
3 Jul 2020 12:19:28|20|shiji@forstarfoods.com|DailyCatchEntry_New.php
3 Jul 2020 12:19:31|20|shiji@forstarfoods.com|DailyCatchEntry_New.php
3 Jul 2020 12:19:32|20|shiji@forstarfoods.com|CatchEntryDeclaredItem.php
3 Jul 2020 12:19:35|20|shiji@forstarfoods.com|DailyCatchEntry_New.php
3 Jul 2020 12:19:37|20|shiji@forstarfoods.com|DailyCatchEntry_New.php
3 Jul 2020 12:19:40|20|shiji@forstarfoods.com|DailyCatchEntry_New.php
3 Jul 2020 12:19:41|20|shiji@forstarfoods.com|DailyCatchEntry_New.php
3 Jul 2020 12:19:42|20|shiji@forstarfoods.com|DailyCatchEntry_New.php
3 Jul 2020 12:19:43|20|shiji@forstarfoods.com|DailyCatchEntry_New.php
3 Jul 2020 12:19:45|20|shiji@forstarfoods.com|DailyCatchEntry_New.php
3 Jul 2020 12:19:46|20|shiji@forstarfoods.com|DailyCatchEntry_New.php
3 Jul 2020 12:19:47|20|shiji@forstarfoods.com|DailyCatchEntry_New.php
3 Jul 2020 12:19:48|20|shiji@forstarfoods.com|DailyCatchEntry_New.php
3 Jul 2020 12:19:50|20|shiji@forstarfoods.com|DailyCatchEntry_New.php
3 Jul 2020 12:19:51|20|shiji@forstarfoods.com|DailyCatchEntry_New.php
3 Jul 2020 12:22:07|20|shiji@forstarfoods.com|DailyCatchEntry_New.php
3 Jul 2020 12:22:09|20|shiji@forstarfoods.com|DailyCatchEntry_New.php
3 Jul 2020 12:22:10|20|shiji@forstarfoods.com|CatchEntryDeclaredItem.php
3 Jul 2020 12:24:08|20|shiji@forstarfoods.com|DailyCatchEntry_New.php
3 Jul 2020 12:29:09|20|shiji@forstarfoods.com|DailyCatchEntry_New.php
3 Jul 2020 12:34:11|20|shiji@forstarfoods.com|DailyCatchEntry_New.php
3 Jul 2020 12:39:12|20|shiji@forstarfoods.com|DailyCatchEntry_New.php
3 Jul 2020 12:39:31|20|shiji@forstarfoods.com|DailyCatchSummary.php
3 Jul 2020 12:39:43|20|shiji@forstarfoods.com|DailyCatchSummary.php
3 Jul 2020 12:39:49|20|shiji@forstarfoods.com|DailyCatchSummary.php
3 Jul 2020 12:39:52|20|shiji@forstarfoods.com|DailyCatchSummary.php
3 Jul 2020 12:40:01|20|shiji@forstarfoods.com|DailyCatchSummary.php
3 Jul 2020 12:54:30|20|shiji@forstarfoods.com|DailyCatchReport.php
3 Jul 2020 12:54:39|20|shiji@forstarfoods.com|DailyCatchReport.php
3 Jul 2020 12:54:42|20|shiji@forstarfoods.com|DailyCatchReport.php
3 Jul 2020 12:54:44|20|shiji@forstarfoods.com|DailyCatchReport.php
3 Jul 2020 12:54:45|20|shiji@forstarfoods.com|DailyCatchReport.php
3 Jul 2020 12:54:47|20|shiji@forstarfoods.com|PrintDailyCatchReportMemo.php
3 Jul 2020 12:54:52|20|shiji@forstarfoods.com|PrintDailyCatchReportMemo.php
3 Jul 2020 12:55:58|20|shiji@forstarfoods.com|PrintDailyCatchReportMemo.php
3 Jul 2020 12:55:59|20|shiji@forstarfoods.com|PrintDailyCatchReportMemo.php
3 Jul 2020 12:57:01|20|shiji@forstarfoods.com|PrintDailyCatchReportMemo.php
3 Jul 2020 12:57:55|20|shiji@forstarfoods.com|DailyCatchReport.php
3 Jul 2020 12:57:57|20|shiji@forstarfoods.com|DailyCatchReport.php
3 Jul 2020 12:57:58|20|shiji@forstarfoods.com|DailyCatchReport.php
3 Jul 2020 12:58:05|20|shiji@forstarfoods.com|DailyCatchReport.php
3 Jul 2020 12:58:06|20|shiji@forstarfoods.com|DailyCatchReport.php
3 Jul 2020 12:58:08|20|shiji@forstarfoods.com|DailyCatchReport.php
3 Jul 2020 12:58:09|20|shiji@forstarfoods.com|DailyCatchReport.php
3 Jul 2020 12:58:27|20|shiji@forstarfoods.com|PrintDailyCatchReportMemo.php
3 Jul 2020 12:59:20|20|shiji@forstarfoods.com|PrintDailyCatchReportMemo.php
3 Jul 2020 12:59:59|20|shiji@forstarfoods.com|DailyCatchReport.php
3 Jul 2020 13:00:01|20|shiji@forstarfoods.com|DailyCatchReport.php
3 Jul 2020 13:00:02|20|shiji@forstarfoods.com|DailyCatchReport.php
3 Jul 2020 13:00:09|20|shiji@forstarfoods.com|DailyCatchReport.php
3 Jul 2020 13:00:10|20|shiji@forstarfoods.com|DailyCatchReport.php
3 Jul 2020 13:00:12|20|shiji@forstarfoods.com|DailyCatchReport.php
3 Jul 2020 13:00:13|20|shiji@forstarfoods.com|DailyCatchReport.php
3 Jul 2020 13:00:15|20|shiji@forstarfoods.com|PrintDailyCatchReportMemo.php
3 Jul 2020 13:01:16|29|kavitha@forstarfoods.com|SettlementSummary.php
3 Jul 2020 13:01:21|20|shiji@forstarfoods.com|PrintDailyCatchReportMemo.php
3 Jul 2020 13:01:34|29|kavitha@forstarfoods.com|SettlementSummary.php
3 Jul 2020 13:01:40|29|kavitha@forstarfoods.com|SettlementSummary.php
3 Jul 2020 13:02:08|29|kavitha@forstarfoods.com|SettlementSummary.php
3 Jul 2020 13:02:10|29|kavitha@forstarfoods.com|SupplierPayments.php
3 Jul 2020 13:02:12|29|kavitha@forstarfoods.com|SupplierPayments.php
3 Jul 2020 13:02:13|29|kavitha@forstarfoods.com|SupplierPayments.php
3 Jul 2020 13:02:31|20|shiji@forstarfoods.com|DailyCatchReport.php
3 Jul 2020 13:02:32|29|kavitha@forstarfoods.com|PurchaseStatement.php
3 Jul 2020 13:02:33|20|shiji@forstarfoods.com|DailyCatchReport.php
3 Jul 2020 13:02:34|20|shiji@forstarfoods.com|DailyCatchReport.php
3 Jul 2020 13:02:48|29|kavitha@forstarfoods.com|PurchaseStatement.php
3 Jul 2020 13:02:51|29|kavitha@forstarfoods.com|PurchaseStatement.php
3 Jul 2020 13:02:55|29|kavitha@forstarfoods.com|PurchaseStatement.php
3 Jul 2020 13:02:58|29|kavitha@forstarfoods.com|PrintPurchaseStatement.php
3 Jul 2020 13:05:03|29|kavitha@forstarfoods.com|PurchaseReport.php
3 Jul 2020 13:05:08|29|kavitha@forstarfoods.com|PurchaseStatement.php
3 Jul 2020 13:05:25|29|kavitha@forstarfoods.com|PurchaseStatement.php
3 Jul 2020 13:05:33|29|kavitha@forstarfoods.com|SettlementSummary.php
3 Jul 2020 13:05:44|29|kavitha@forstarfoods.com|SettlementSummary.php
3 Jul 2020 13:05:50|29|kavitha@forstarfoods.com|SettlementSummary.php
3 Jul 2020 13:05:55|29|kavitha@forstarfoods.com|SettlementSummary.php
3 Jul 2020 13:07:11|29|kavitha@forstarfoods.com|SettlementSummary.php
3 Jul 2020 13:07:14|29|kavitha@forstarfoods.com|SupplierPayments.php
3 Jul 2020 13:07:15|29|kavitha@forstarfoods.com|SupplierPayments.php
3 Jul 2020 13:07:16|29|kavitha@forstarfoods.com|SupplierPayments.php
3 Jul 2020 13:07:19|29|kavitha@forstarfoods.com|PurchaseStatement.php
3 Jul 2020 13:07:32|29|kavitha@forstarfoods.com|PurchaseStatement.php
3 Jul 2020 13:07:38|29|kavitha@forstarfoods.com|PurchaseStatement.php
3 Jul 2020 13:07:46|29|kavitha@forstarfoods.com|PurchaseStatement.php
3 Jul 2020 13:07:48|29|kavitha@forstarfoods.com|PrintPurchaseStatement.php
3 Jul 2020 14:01:47|20|shiji@forstarfoods.com|SupplierAccount.php
3 Jul 2020 14:02:07|20|shiji@forstarfoods.com|SupplierAccount.php
3 Jul 2020 14:02:11|20|shiji@forstarfoods.com|SupplierAccount.php
3 Jul 2020 14:02:14|20|shiji@forstarfoods.com|SupplierAccount.php
3 Jul 2020 14:02:19|20|shiji@forstarfoods.com|SupplierAccount.php
3 Jul 2020 14:03:30|20|shiji@forstarfoods.com|SupplierAccount.php
3 Jul 2020 14:03:40|20|shiji@forstarfoods.com|SupplierAccount.php
3 Jul 2020 14:03:43|20|shiji@forstarfoods.com|SupplierAccount.php
3 Jul 2020 14:04:19|20|shiji@forstarfoods.com|SupplierAccount.php
3 Jul 2020 14:04:26|20|shiji@forstarfoods.com|SupplierAccount.php
3 Jul 2020 14:04:30|20|shiji@forstarfoods.com|SupplierAccount.php
3 Jul 2020 14:04:50|20|shiji@forstarfoods.com|SupplierAccount.php
3 Jul 2020 14:04:57|20|shiji@forstarfoods.com|SupplierAccount.php
3 Jul 2020 14:05:03|20|shiji@forstarfoods.com|SupplierAccount.php
3 Jul 2020 14:05:35|20|shiji@forstarfoods.com|SupplierAccount.php
3 Jul 2020 14:05:44|20|shiji@forstarfoods.com|SupplierAccount.php
3 Jul 2020 14:06:16|20|shiji@forstarfoods.com|SupplierAccount.php
3 Jul 2020 14:06:23|20|shiji@forstarfoods.com|SupplierAccount.php
3 Jul 2020 14:06:27|20|shiji@forstarfoods.com|SupplierAccount.php
3 Jul 2020 14:06:48|20|shiji@forstarfoods.com|SupplierAccount.php
3 Jul 2020 14:06:51|20|shiji@forstarfoods.com|SupplierAccount.php
3 Jul 2020 14:07:05|20|shiji@forstarfoods.com|SupplierAccount.php
3 Jul 2020 14:07:18|20|shiji@forstarfoods.com|SupplierAccount.php
3 Jul 2020 14:07:21|20|shiji@forstarfoods.com|SupplierAccount.php
3 Jul 2020 14:07:54|20|shiji@forstarfoods.com|SupplierAccount.php
3 Jul 2020 14:16:21|20|shiji@forstarfoods.com|SettlementSummary.php
3 Jul 2020 14:16:29|20|shiji@forstarfoods.com|SettlementSummary.php
3 Jul 2020 14:16:31|20|shiji@forstarfoods.com|SupplierPayments.php
3 Jul 2020 14:16:33|20|shiji@forstarfoods.com|SettlementSummary.php
3 Jul 2020 14:16:39|20|shiji@forstarfoods.com|SettlementSummary.php
3 Jul 2020 14:16:45|20|shiji@forstarfoods.com|SettlementSummary.php
3 Jul 2020 14:16:47|20|shiji@forstarfoods.com|SupplierPayments.php
3 Jul 2020 14:16:49|20|shiji@forstarfoods.com|SupplierPayments.php
3 Jul 2020 14:16:50|20|shiji@forstarfoods.com|SupplierPayments.php
3 Jul 2020 14:16:56|20|shiji@forstarfoods.com|ProcessorsAccounts.php
3 Jul 2020 14:17:05|20|shiji@forstarfoods.com|ProcessorsAccounts.php
3 Jul 2020 14:17:11|20|shiji@forstarfoods.com|ProcessorsAccounts.php
3 Jul 2020 14:17:19|20|shiji@forstarfoods.com|ProcessorsAccounts.php
3 Jul 2020 14:17:24|20|shiji@forstarfoods.com|ProcessorsAccounts.php
3 Jul 2020 14:32:06|20|shiji@forstarfoods.com|DailyCatchReport.php
3 Jul 2020 14:32:17|20|shiji@forstarfoods.com|DailyCatchReport.php
3 Jul 2020 14:32:22|20|shiji@forstarfoods.com|DailyCatchReport.php
3 Jul 2020 14:32:24|20|shiji@forstarfoods.com|DailyCatchReport.php
3 Jul 2020 14:32:25|20|shiji@forstarfoods.com|DailyCatchReport.php
3 Jul 2020 14:32:26|20|shiji@forstarfoods.com|DailyCatchReport.php
3 Jul 2020 14:32:28|20|shiji@forstarfoods.com|PrintDailyCatchReportMemo.php
3 Jul 2020 14:33:44|20|shiji@forstarfoods.com|DailyCatchEntry_New.php
3 Jul 2020 14:33:49|20|shiji@forstarfoods.com|DailyCatchEntry_New.php
3 Jul 2020 14:33:50|20|shiji@forstarfoods.com|DailyCatchEntry_New.php
3 Jul 2020 14:33:51|20|shiji@forstarfoods.com|DailyCatchEntry_New.php
3 Jul 2020 14:33:53|20|shiji@forstarfoods.com|DailyCatchEntry_New.php
3 Jul 2020 14:33:54|20|shiji@forstarfoods.com|DailyCatchEntry_New.php
3 Jul 2020 14:33:55|20|shiji@forstarfoods.com|DailyCatchEntry_New.php
3 Jul 2020 14:33:56|20|shiji@forstarfoods.com|DailyCatchEntry_New.php
3 Jul 2020 14:33:58|20|shiji@forstarfoods.com|DailyCatchEntry_New.php
3 Jul 2020 14:33:59|20|shiji@forstarfoods.com|DailyCatchEntry_New.php
3 Jul 2020 14:34:04|20|shiji@forstarfoods.com|DailyCatchEntry_New.php
3 Jul 2020 14:34:07|20|shiji@forstarfoods.com|DailyCatchEntry_New.php
3 Jul 2020 14:34:08|20|shiji@forstarfoods.com|DailyCatchEntry_New.php
3 Jul 2020 14:34:10|20|shiji@forstarfoods.com|CatchEntryDeclaredItem.php
3 Jul 2020 14:34:11|20|shiji@forstarfoods.com|DailyCatchEntry_New.php
3 Jul 2020 14:34:12|20|shiji@forstarfoods.com|CatchEntryDeclaredItem.php
3 Jul 2020 14:34:21|20|shiji@forstarfoods.com|DailyCatchEntry_New.php
3 Jul 2020 14:34:23|20|shiji@forstarfoods.com|DailyCatchEntry_New.php
3 Jul 2020 14:34:26|20|shiji@forstarfoods.com|DailyCatchEntry_New.php
3 Jul 2020 14:35:05|20|shiji@forstarfoods.com|DailyCatchReport.php
3 Jul 2020 14:35:24|20|shiji@forstarfoods.com|DailyCatchReport.php
3 Jul 2020 14:35:29|20|shiji@forstarfoods.com|DailyCatchReport.php
3 Jul 2020 14:35:31|20|shiji@forstarfoods.com|DailyCatchReport.php
3 Jul 2020 14:35:33|20|shiji@forstarfoods.com|DailyCatchReport.php
3 Jul 2020 14:35:34|20|shiji@forstarfoods.com|DailyCatchReport.php
3 Jul 2020 14:35:35|20|shiji@forstarfoods.com|PrintDailyCatchReportMemo.php
3 Jul 2020 14:36:09|20|shiji@forstarfoods.com|PrintDailyCatchReportMemo.php
3 Jul 2020 14:36:48|20|shiji@forstarfoods.com|DailyCatchReport.php
3 Jul 2020 14:36:50|20|shiji@forstarfoods.com|DailyCatchReport.php
3 Jul 2020 14:36:51|20|shiji@forstarfoods.com|DailyCatchReport.php
3 Jul 2020 14:38:17|20|shiji@forstarfoods.com|DailyCatchReport.php
3 Jul 2020 14:38:19|20|shiji@forstarfoods.com|DailyCatchReport.php
3 Jul 2020 14:38:21|20|shiji@forstarfoods.com|DailyCatchReport.php
3 Jul 2020 14:38:23|20|shiji@forstarfoods.com|DailyCatchReport.php
3 Jul 2020 14:38:24|20|shiji@forstarfoods.com|DailyCatchReport.php
3 Jul 2020 14:38:29|20|shiji@forstarfoods.com|PrintDailyCatchReportMemo.php
3 Jul 2020 14:39:11|20|shiji@forstarfoods.com|DailyCatchEntry_New.php
3 Jul 2020 14:39:24|20|shiji@forstarfoods.com|DailyCatchEntry_New.php
3 Jul 2020 14:39:26|20|shiji@forstarfoods.com|DailyCatchEntry_New.php
3 Jul 2020 14:39:28|20|shiji@forstarfoods.com|DailyCatchEntry_New.php
3 Jul 2020 14:39:29|20|shiji@forstarfoods.com|CatchEntryDeclaredItem.php
3 Jul 2020 14:39:30|20|shiji@forstarfoods.com|DailyCatchEntry_New.php
3 Jul 2020 14:39:31|20|shiji@forstarfoods.com|CatchEntryDeclaredItem.php
3 Jul 2020 14:39:34|20|shiji@forstarfoods.com|DailyCatchEntry_New.php
3 Jul 2020 14:39:37|20|shiji@forstarfoods.com|DailyCatchEntry_New.php
3 Jul 2020 14:39:39|20|shiji@forstarfoods.com|DailyCatchEntry_New.php
3 Jul 2020 14:40:16|20|shiji@forstarfoods.com|DailyCatchReport.php
3 Jul 2020 14:40:24|20|shiji@forstarfoods.com|DailyCatchReport.php
3 Jul 2020 14:40:26|20|shiji@forstarfoods.com|DailyCatchReport.php
3 Jul 2020 14:40:28|20|shiji@forstarfoods.com|DailyCatchReport.php
3 Jul 2020 14:40:29|20|shiji@forstarfoods.com|DailyCatchReport.php
3 Jul 2020 14:40:32|20|shiji@forstarfoods.com|PrintDailyCatchReportMemo.php
3 Jul 2020 14:40:46|20|shiji@forstarfoods.com|PrintDailyCatchReportMemo.php
3 Jul 2020 14:41:25|20|shiji@forstarfoods.com|DailyCatchReport.php
3 Jul 2020 14:41:26|20|shiji@forstarfoods.com|DailyCatchReport.php
3 Jul 2020 14:41:28|20|shiji@forstarfoods.com|DailyCatchReport.php
3 Jul 2020 14:42:46|20|shiji@forstarfoods.com|PrintDailyCatchReportMemo.php
3 Jul 2020 14:43:12|20|shiji@forstarfoods.com|DailyCatchReport.php
3 Jul 2020 14:43:13|20|shiji@forstarfoods.com|DailyCatchReport.php
3 Jul 2020 14:43:15|20|shiji@forstarfoods.com|DailyCatchReport.php
3 Jul 2020 14:43:16|20|shiji@forstarfoods.com|DailyCatchReport.php
3 Jul 2020 14:43:21|20|shiji@forstarfoods.com|DailyCatchReport.php
3 Jul 2020 14:43:23|20|shiji@forstarfoods.com|DailyCatchReport.php
3 Jul 2020 14:43:24|20|shiji@forstarfoods.com|DailyCatchReport.php
3 Jul 2020 14:43:26|20|shiji@forstarfoods.com|DailyCatchReport.php
3 Jul 2020 14:43:27|20|shiji@forstarfoods.com|PrintDailyCatchReportMemo.php
3 Jul 2020 14:44:03|20|shiji@forstarfoods.com|PrintDailyCatchReportMemo.php
3 Jul 2020 14:44:45|20|shiji@forstarfoods.com|DailyCatchReport.php
3 Jul 2020 14:44:46|20|shiji@forstarfoods.com|DailyCatchReport.php
3 Jul 2020 14:44:47|20|shiji@forstarfoods.com|DailyCatchReport.php
3 Jul 2020 14:44:55|20|shiji@forstarfoods.com|DailyCatchReport.php
3 Jul 2020 14:44:57|20|shiji@forstarfoods.com|DailyCatchReport.php
3 Jul 2020 14:44:58|20|shiji@forstarfoods.com|DailyCatchReport.php
3 Jul 2020 14:44:59|20|shiji@forstarfoods.com|DailyCatchReport.php
3 Jul 2020 14:45:02|20|shiji@forstarfoods.com|DailyCatchReport.php
3 Jul 2020 14:45:03|20|shiji@forstarfoods.com|DailyCatchReport.php
3 Jul 2020 14:45:04|20|shiji@forstarfoods.com|DailyCatchReport.php
3 Jul 2020 14:45:06|20|shiji@forstarfoods.com|PrintDailyCatchReportMemo.php
3 Jul 2020 14:45:29|20|shiji@forstarfoods.com|PrintDailyCatchReportMemo.php
3 Jul 2020 14:46:08|20|shiji@forstarfoods.com|DailyCatchReport.php
3 Jul 2020 14:46:10|20|shiji@forstarfoods.com|DailyCatchReport.php
3 Jul 2020 14:46:11|20|shiji@forstarfoods.com|DailyCatchReport.php
3 Jul 2020 14:46:13|20|shiji@forstarfoods.com|DailyCatchEntry_New.php
3 Jul 2020 14:46:36|20|shiji@forstarfoods.com|DailyCatchEntry_New.php
3 Jul 2020 14:46:38|20|shiji@forstarfoods.com|DailyCatchEntry_New.php
3 Jul 2020 14:46:39|20|shiji@forstarfoods.com|DailyCatchEntry_New.php
3 Jul 2020 14:46:41|20|shiji@forstarfoods.com|DailyCatchEntry_New.php
3 Jul 2020 14:46:42|20|shiji@forstarfoods.com|DailyCatchEntry_New.php
3 Jul 2020 14:46:43|20|shiji@forstarfoods.com|DailyCatchEntry_New.php
3 Jul 2020 14:46:52|20|shiji@forstarfoods.com|DailyCatchEntry_New.php
3 Jul 2020 14:46:54|20|shiji@forstarfoods.com|DailyCatchEntry_New.php
3 Jul 2020 14:46:56|20|shiji@forstarfoods.com|DailyCatchEntry_New.php
3 Jul 2020 14:46:57|20|shiji@forstarfoods.com|CatchEntryDeclaredItem.php
3 Jul 2020 14:46:58|20|shiji@forstarfoods.com|DailyCatchEntry_New.php
3 Jul 2020 14:46:59|20|shiji@forstarfoods.com|CatchEntryDeclaredItem.php
3 Jul 2020 14:48:55|20|shiji@forstarfoods.com|DailyCatchEntry_New.php
3 Jul 2020 14:48:58|20|shiji@forstarfoods.com|DailyCatchEntry_New.php
3 Jul 2020 14:48:59|20|shiji@forstarfoods.com|CatchEntryDeclaredItem.php
3 Jul 2020 14:49:11|20|shiji@forstarfoods.com|DailyCatchEntry_New.php
3 Jul 2020 14:49:14|20|shiji@forstarfoods.com|DailyCatchEntry_New.php
3 Jul 2020 14:49:26|20|shiji@forstarfoods.com|DailyCatchEntry_New.php
3 Jul 2020 14:49:29|20|shiji@forstarfoods.com|DailyCatchEntry_New.php
3 Jul 2020 14:49:32|20|shiji@forstarfoods.com|DailyCatchEntry_New.php
3 Jul 2020 14:50:06|20|shiji@forstarfoods.com|DailyCatchEntry_New.php
3 Jul 2020 14:50:09|20|shiji@forstarfoods.com|DailyCatchEntry_New.php
3 Jul 2020 14:50:10|20|shiji@forstarfoods.com|DailyCatchEntry_New.php
3 Jul 2020 14:50:12|20|shiji@forstarfoods.com|CatchEntryDeclaredItem.php
3 Jul 2020 14:50:13|20|shiji@forstarfoods.com|DailyCatchEntry_New.php
3 Jul 2020 14:50:14|20|shiji@forstarfoods.com|CatchEntryDeclaredItem.php
3 Jul 2020 14:50:57|20|shiji@forstarfoods.com|DailyCatchEntry_New.php
3 Jul 2020 14:51:00|20|shiji@forstarfoods.com|DailyCatchEntry_New.php
3 Jul 2020 14:51:01|20|shiji@forstarfoods.com|CatchEntryDeclaredItem.php
3 Jul 2020 14:51:13|20|shiji@forstarfoods.com|DailyCatchEntry_New.php
3 Jul 2020 14:51:15|20|shiji@forstarfoods.com|DailyCatchEntry_New.php
3 Jul 2020 14:51:27|20|shiji@forstarfoods.com|DailyCatchEntry_New.php
3 Jul 2020 14:51:30|20|shiji@forstarfoods.com|DailyCatchEntry_New.php
3 Jul 2020 14:51:33|20|shiji@forstarfoods.com|DailyCatchEntry_New.php
3 Jul 2020 14:51:48|20|shiji@forstarfoods.com|DailyCatchEntry_New.php
3 Jul 2020 14:51:51|20|shiji@forstarfoods.com|DailyCatchEntry_New.php
3 Jul 2020 14:51:52|20|shiji@forstarfoods.com|DailyCatchEntry_New.php
3 Jul 2020 14:51:53|20|shiji@forstarfoods.com|CatchEntryDeclaredItem.php
3 Jul 2020 14:51:54|20|shiji@forstarfoods.com|DailyCatchEntry_New.php
3 Jul 2020 14:51:56|20|shiji@forstarfoods.com|CatchEntryDeclaredItem.php
3 Jul 2020 14:52:43|20|shiji@forstarfoods.com|DailyCatchEntry_New.php
3 Jul 2020 14:52:45|20|shiji@forstarfoods.com|DailyCatchEntry_New.php
3 Jul 2020 14:52:46|20|shiji@forstarfoods.com|CatchEntryDeclaredItem.php
3 Jul 2020 14:52:56|20|shiji@forstarfoods.com|DailyCatchEntry_New.php
3 Jul 2020 14:52:59|20|shiji@forstarfoods.com|DailyCatchEntry_New.php
3 Jul 2020 14:53:07|20|shiji@forstarfoods.com|DailyCatchEntry_New.php
3 Jul 2020 14:53:09|20|shiji@forstarfoods.com|DailyCatchEntry_New.php
3 Jul 2020 14:53:15|20|shiji@forstarfoods.com|DailyCatchEntry_New.php
3 Jul 2020 14:53:22|20|shiji@forstarfoods.com|DailyCatchReport.php
3 Jul 2020 14:53:33|20|shiji@forstarfoods.com|DailyCatchReport.php
3 Jul 2020 14:53:39|20|shiji@forstarfoods.com|DailyCatchReport.php
3 Jul 2020 14:53:42|20|shiji@forstarfoods.com|DailyCatchReport.php
3 Jul 2020 14:53:44|20|shiji@forstarfoods.com|DailyCatchReport.php
3 Jul 2020 14:53:45|20|shiji@forstarfoods.com|DailyCatchReport.php
3 Jul 2020 14:53:46|20|shiji@forstarfoods.com|PrintDailyCatchReportMemo.php
3 Jul 2020 14:58:08|20|shiji@forstarfoods.com|PrintDailyCatchReportMemo.php
3 Jul 2020 15:08:33|20|shiji@forstarfoods.com|DailyCatchReport.php
3 Jul 2020 15:08:35|20|shiji@forstarfoods.com|DailyCatchReport.php
3 Jul 2020 15:08:36|20|shiji@forstarfoods.com|DailyCatchReport.php
3 Jul 2020 15:09:24|20|shiji@forstarfoods.com|DailyCatchReport.php
3 Jul 2020 15:09:25|20|shiji@forstarfoods.com|DailyCatchReport.php
3 Jul 2020 15:09:27|20|shiji@forstarfoods.com|DailyCatchReport.php
3 Jul 2020 15:09:28|20|shiji@forstarfoods.com|DailyCatchReport.php
3 Jul 2020 15:09:30|20|shiji@forstarfoods.com|DailyCatchReport.php
3 Jul 2020 15:09:32|20|shiji@forstarfoods.com|DailyCatchReport.php
3 Jul 2020 15:09:33|20|shiji@forstarfoods.com|DailyCatchReport.php
3 Jul 2020 15:09:36|20|shiji@forstarfoods.com|PrintDailyCatchReportMemo.php
3 Jul 2020 15:11:10|20|shiji@forstarfoods.com|PrintDailyCatchReportMemo.php
3 Jul 2020 15:23:53|24|shashikala@forstarfoods.com|Home.php
3 Jul 2020 15:24:32|24|shashikala@forstarfoods.com|DailyPreProcess.php
3 Jul 2020 15:24:41|24|shashikala@forstarfoods.com|DailyPreProcess.php
3 Jul 2020 15:24:46|24|shashikala@forstarfoods.com|DailyPreProcess.php
3 Jul 2020 15:24:49|24|shashikala@forstarfoods.com|DailyPreProcess.php
3 Jul 2020 15:24:56|24|shashikala@forstarfoods.com|DailyPreProcess.php
3 Jul 2020 15:24:57|24|shashikala@forstarfoods.com|DailyPreProcess.php
3 Jul 2020 15:28:16|24|shashikala@forstarfoods.com|DailyPreProcess.php
3 Jul 2020 16:03:48|24|shashikala@forstarfoods.com|DailyPreProcess.php
3 Jul 2020 16:03:53|24|shashikala@forstarfoods.com|DailyPreProcess.php
3 Jul 2020 16:03:55|24|shashikala@forstarfoods.com|DailyPreProcess.php
3 Jul 2020 16:04:02|20|shiji@forstarfoods.com|PrintDailyCatchReportMemo.php
3 Jul 2020 16:04:14|20|shiji@forstarfoods.com|DailyCatchReport.php
3 Jul 2020 16:04:16|20|shiji@forstarfoods.com|DailyCatchReport.php
3 Jul 2020 16:04:17|20|shiji@forstarfoods.com|DailyCatchReport.php
3 Jul 2020 16:04:19|20|shiji@forstarfoods.com|SupplierAccount.php
3 Jul 2020 16:04:43|20|shiji@forstarfoods.com|SupplierAccount.php
3 Jul 2020 16:04:48|20|shiji@forstarfoods.com|SupplierAccount.php
3 Jul 2020 16:07:33|24|shashikala@forstarfoods.com|DailyPreProcess.php
3 Jul 2020 16:09:00|24|shashikala@forstarfoods.com|DailyRMCB.php
3 Jul 2020 16:09:13|24|shashikala@forstarfoods.com|DailyRMCB.php
3 Jul 2020 16:09:17|24|shashikala@forstarfoods.com|DailyRMCB.php
3 Jul 2020 16:09:22|24|shashikala@forstarfoods.com|DailyRMCB.php
3 Jul 2020 16:10:10|24|shashikala@forstarfoods.com|DailyRMCB.php
3 Jul 2020 16:10:15|24|shashikala@forstarfoods.com|DailyRMCB.php
3 Jul 2020 16:13:49|24|shashikala@forstarfoods.com|DailyRMCB.php
3 Jul 2020 16:13:53|24|shashikala@forstarfoods.com|DailyRMCB.php
3 Jul 2020 16:13:56|24|shashikala@forstarfoods.com|DailyRMCB.php
3 Jul 2020 16:14:30|20|shiji@forstarfoods.com|SupplierAccount.php
3 Jul 2020 16:14:35|20|shiji@forstarfoods.com|SupplierAccount.php
3 Jul 2020 16:15:30|20|shiji@forstarfoods.com|SupplierAccount.php
3 Jul 2020 16:15:50|20|shiji@forstarfoods.com|SupplierAccount.php
3 Jul 2020 16:15:56|20|shiji@forstarfoods.com|SupplierAccount.php
3 Jul 2020 16:16:05|20|shiji@forstarfoods.com|SupplierAccount.php
3 Jul 2020 16:16:39|24|shashikala@forstarfoods.com|DailyRMCB.php
3 Jul 2020 16:16:42|24|shashikala@forstarfoods.com|DailyRMCB.php
3 Jul 2020 16:16:48|24|shashikala@forstarfoods.com|DailyPreProcess.php
3 Jul 2020 16:16:53|20|shiji@forstarfoods.com|SupplierAccount.php
3 Jul 2020 16:17:00|24|shashikala@forstarfoods.com|Home.php
3 Jul 2020 16:17:01|20|shiji@forstarfoods.com|SupplierAccount.php
3 Jul 2020 16:17:11|24|shashikala@forstarfoods.com|DailyPreProcess.php
3 Jul 2020 16:17:19|24|shashikala@forstarfoods.com|DailyPreProcess.php
3 Jul 2020 16:17:28|24|shashikala@forstarfoods.com|DailyPreProcess.php
3 Jul 2020 16:17:33|24|shashikala@forstarfoods.com|DailyPreProcess.php
3 Jul 2020 16:17:34|24|shashikala@forstarfoods.com|DailyPreProcess.php
3 Jul 2020 16:17:37|20|shiji@forstarfoods.com|SupplierAccount.php
3 Jul 2020 16:17:45|20|shiji@forstarfoods.com|SupplierAccount.php
3 Jul 2020 16:17:57|20|shiji@forstarfoods.com|SupplierAccount.php
3 Jul 2020 16:18:02|20|shiji@forstarfoods.com|SupplierAccount.php
3 Jul 2020 16:18:18|20|shiji@forstarfoods.com|SupplierAccount.php
3 Jul 2020 16:18:22|20|shiji@forstarfoods.com|SupplierAccount.php
3 Jul 2020 16:18:40|20|shiji@forstarfoods.com|SupplierAccount.php
3 Jul 2020 16:18:46|20|shiji@forstarfoods.com|SupplierAccount.php
3 Jul 2020 16:18:49|20|shiji@forstarfoods.com|SupplierAccount.php
3 Jul 2020 16:19:09|20|shiji@forstarfoods.com|SupplierAccount.php
3 Jul 2020 16:20:23|24|shashikala@forstarfoods.com|DailyPreProcess.php
3 Jul 2020 16:20:30|24|shashikala@forstarfoods.com|DailyPreProcess.php
3 Jul 2020 16:20:33|24|shashikala@forstarfoods.com|DailyPreProcess.php
3 Jul 2020 16:20:49|24|shashikala@forstarfoods.com|DailyPreProcess.php
3 Jul 2020 16:20:51|24|shashikala@forstarfoods.com|DailyPreProcess.php
3 Jul 2020 16:26:31|24|shashikala@forstarfoods.com|DailyPreProcess.php
3 Jul 2020 16:27:24|24|shashikala@forstarfoods.com|DailyRMCB.php
3 Jul 2020 16:27:39|24|shashikala@forstarfoods.com|DailyRMCB.php
3 Jul 2020 16:27:42|24|shashikala@forstarfoods.com|DailyRMCB.php
3 Jul 2020 16:27:50|24|shashikala@forstarfoods.com|DailyRMCB.php
3 Jul 2020 16:27:55|24|shashikala@forstarfoods.com|DailyRMCB.php
3 Jul 2020 16:28:34|24|shashikala@forstarfoods.com|DailyRMCB.php
3 Jul 2020 16:28:42|24|shashikala@forstarfoods.com|DailyRMCB.php
3 Jul 2020 16:28:49|24|shashikala@forstarfoods.com|DailyRMCB.php
3 Jul 2020 16:28:54|24|shashikala@forstarfoods.com|DailyRMCB.php
3 Jul 2020 16:34:02|24|shashikala@forstarfoods.com|DailyRMCB.php
3 Jul 2020 16:34:05|24|shashikala@forstarfoods.com|DailyRMCB.php
3 Jul 2020 16:34:28|24|shashikala@forstarfoods.com|DailyPreProcess.php
3 Jul 2020 16:34:39|24|shashikala@forstarfoods.com|DailyPreProcess.php
3 Jul 2020 16:34:44|24|shashikala@forstarfoods.com|DailyPreProcess.php
3 Jul 2020 16:34:47|24|shashikala@forstarfoods.com|DailyPreProcess.php
3 Jul 2020 16:37:34|24|shashikala@forstarfoods.com|DailyPreProcess.php
3 Jul 2020 16:37:36|24|shashikala@forstarfoods.com|DailyPreProcess.php
3 Jul 2020 16:43:02|24|shashikala@forstarfoods.com|DailyPreProcess.php
3 Jul 2020 16:46:34|24|shashikala@forstarfoods.com|DailyPreProcess.php
3 Jul 2020 16:46:40|24|shashikala@forstarfoods.com|DailyPreProcess.php
3 Jul 2020 16:46:46|24|shashikala@forstarfoods.com|DailyPreProcess.php
3 Jul 2020 16:46:47|24|shashikala@forstarfoods.com|DailyPreProcess.php
3 Jul 2020 16:49:28|24|shashikala@forstarfoods.com|DailyPreProcess.php
3 Jul 2020 16:49:33|24|shashikala@forstarfoods.com|DailyPreProcess.php
3 Jul 2020 16:49:40|24|shashikala@forstarfoods.com|DailyPreProcess.php
3 Jul 2020 16:49:41|24|shashikala@forstarfoods.com|DailyPreProcess.php
3 Jul 2020 17:00:58|24|shashikala@forstarfoods.com|DailyPreProcess.php
3 Jul 2020 17:12:55|20|shiji@forstarfoods.com|DailyCatchReport.php
3 Jul 2020 17:40:25|24|shashikala@forstarfoods.com|DailyRMCB.php
3 Jul 2020 17:42:18|24|shashikala@forstarfoods.com|DailyRMCB.php
3 Jul 2020 17:42:24|24|shashikala@forstarfoods.com|DailyRMCB.php
3 Jul 2020 17:42:30|24|shashikala@forstarfoods.com|DailyRMCB.php
3 Jul 2020 17:50:46|24|shashikala@forstarfoods.com|DailyRMCB.php
3 Jul 2020 17:50:55|24|shashikala@forstarfoods.com|DailyRMCB.php
3 Jul 2020 17:51:01|24|shashikala@forstarfoods.com|DailyRMCB.php
3 Jul 2020 17:51:06|24|shashikala@forstarfoods.com|DailyRMCB.php
3 Jul 2020 17:51:10|24|shashikala@forstarfoods.com|DailyRMCB.php
3 Jul 2020 17:51:38|24|shashikala@forstarfoods.com|DailyRMCB.php
3 Jul 2020 17:51:49|24|shashikala@forstarfoods.com|DailyRMCB.php
3 Jul 2020 17:51:53|24|shashikala@forstarfoods.com|Home.php
4 Jul 2020 10:27:56|20|shiji@forstarfoods.com|Home.php
4 Jul 2020 10:28:06|20|shiji@forstarfoods.com|DailyCatchReport.php
4 Jul 2020 10:35:14|20|shiji@forstarfoods.com|DailyCatchEntry_New.php
4 Jul 2020 10:35:29|20|shiji@forstarfoods.com|DailyCatchEntry_New.php
4 Jul 2020 10:35:30|20|shiji@forstarfoods.com|DailyCatchEntry_New.php
4 Jul 2020 10:35:31|20|shiji@forstarfoods.com|DailyCatchEntry_New.php
4 Jul 2020 10:35:32|20|shiji@forstarfoods.com|DailyCatchEntry_New.php
4 Jul 2020 10:35:34|20|shiji@forstarfoods.com|DailyCatchEntry_New.php
4 Jul 2020 10:35:35|20|shiji@forstarfoods.com|DailyCatchEntry_New.php
4 Jul 2020 10:35:43|20|shiji@forstarfoods.com|DailyCatchEntry_New.php
4 Jul 2020 10:35:46|20|shiji@forstarfoods.com|DailyCatchEntry_New.php
4 Jul 2020 10:35:47|20|shiji@forstarfoods.com|DailyCatchEntry_New.php
4 Jul 2020 10:35:48|20|shiji@forstarfoods.com|CatchEntryDeclaredItem.php
4 Jul 2020 10:35:49|20|shiji@forstarfoods.com|DailyCatchEntry_New.php
4 Jul 2020 10:35:51|20|shiji@forstarfoods.com|CatchEntryDeclaredItem.php
4 Jul 2020 10:37:02|20|shiji@forstarfoods.com|DailyCatchEntry_New.php
4 Jul 2020 10:37:04|20|shiji@forstarfoods.com|DailyCatchEntry_New.php
4 Jul 2020 10:37:05|20|shiji@forstarfoods.com|CatchEntryDeclaredItem.php
4 Jul 2020 10:37:18|20|shiji@forstarfoods.com|DailyCatchEntry_New.php
4 Jul 2020 10:37:21|20|shiji@forstarfoods.com|DailyCatchEntry_New.php
4 Jul 2020 10:38:39|20|shiji@forstarfoods.com|DailyCatchEntry_New.php
4 Jul 2020 10:38:42|20|shiji@forstarfoods.com|DailyCatchEntry_New.php
4 Jul 2020 10:39:07|20|shiji@forstarfoods.com|DailyCatchEntry_New.php
4 Jul 2020 10:39:27|20|shiji@forstarfoods.com|DailyCatchReport.php
4 Jul 2020 10:39:35|20|shiji@forstarfoods.com|DailyCatchReport.php
4 Jul 2020 10:39:38|20|shiji@forstarfoods.com|DailyCatchReport.php
4 Jul 2020 10:39:39|20|shiji@forstarfoods.com|DailyCatchReport.php
4 Jul 2020 10:39:41|20|shiji@forstarfoods.com|DailyCatchReport.php
4 Jul 2020 10:39:43|20|shiji@forstarfoods.com|PrintDailyCatchReportMemo.php
4 Jul 2020 10:40:35|20|shiji@forstarfoods.com|PrintDailyCatchReportMemo.php
4 Jul 2020 10:41:10|20|shiji@forstarfoods.com|DailyCatchReport.php
4 Jul 2020 10:41:12|20|shiji@forstarfoods.com|DailyCatchReport.php
4 Jul 2020 10:41:13|20|shiji@forstarfoods.com|DailyCatchReport.php
4 Jul 2020 10:41:19|20|shiji@forstarfoods.com|DailyCatchReport.php
4 Jul 2020 10:41:21|20|shiji@forstarfoods.com|DailyCatchReport.php
4 Jul 2020 10:41:22|20|shiji@forstarfoods.com|DailyCatchReport.php
4 Jul 2020 10:41:24|20|shiji@forstarfoods.com|DailyCatchReport.php
4 Jul 2020 10:41:26|20|shiji@forstarfoods.com|DailyCatchReport.php
4 Jul 2020 10:41:28|20|shiji@forstarfoods.com|DailyCatchReport.php
4 Jul 2020 10:41:29|20|shiji@forstarfoods.com|DailyCatchReport.php
4 Jul 2020 10:41:32|20|shiji@forstarfoods.com|PrintDailyCatchReportMemo.php
4 Jul 2020 10:43:17|20|shiji@forstarfoods.com|DailyCatchEntry_New.php
4 Jul 2020 10:43:21|20|shiji@forstarfoods.com|DailyCatchEntry_New.php
4 Jul 2020 10:43:22|20|shiji@forstarfoods.com|DailyCatchEntry_New.php
4 Jul 2020 10:43:24|20|shiji@forstarfoods.com|DailyCatchEntry_New.php
4 Jul 2020 10:43:25|20|shiji@forstarfoods.com|DailyCatchEntry_New.php
4 Jul 2020 10:43:26|20|shiji@forstarfoods.com|DailyCatchEntry_New.php
4 Jul 2020 10:43:27|20|shiji@forstarfoods.com|DailyCatchEntry_New.php
4 Jul 2020 10:43:34|20|shiji@forstarfoods.com|DailyCatchEntry_New.php
4 Jul 2020 10:43:37|20|shiji@forstarfoods.com|DailyCatchEntry_New.php
4 Jul 2020 10:43:38|20|shiji@forstarfoods.com|DailyCatchEntry_New.php
4 Jul 2020 10:43:40|20|shiji@forstarfoods.com|CatchEntryDeclaredItem.php
4 Jul 2020 10:43:41|20|shiji@forstarfoods.com|DailyCatchEntry_New.php
4 Jul 2020 10:43:42|20|shiji@forstarfoods.com|CatchEntryDeclaredItem.php
4 Jul 2020 10:43:52|20|shiji@forstarfoods.com|DailyCatchEntry_New.php
4 Jul 2020 10:43:54|20|shiji@forstarfoods.com|DailyCatchEntry_New.php
4 Jul 2020 10:43:56|20|shiji@forstarfoods.com|CatchEntryDeclaredItem.php
4 Jul 2020 10:44:10|20|shiji@forstarfoods.com|DailyCatchEntry_New.php
4 Jul 2020 10:44:12|20|shiji@forstarfoods.com|DailyCatchEntry_New.php
4 Jul 2020 10:44:21|20|shiji@forstarfoods.com|DailyCatchEntry_New.php
4 Jul 2020 10:44:24|20|shiji@forstarfoods.com|DailyCatchEntry_New.php
4 Jul 2020 10:44:27|20|shiji@forstarfoods.com|DailyCatchEntry_New.php
4 Jul 2020 10:45:45|20|shiji@forstarfoods.com|DailyCatchReport.php
4 Jul 2020 10:45:52|20|shiji@forstarfoods.com|DailyCatchReport.php
4 Jul 2020 10:45:55|20|shiji@forstarfoods.com|DailyCatchReport.php
4 Jul 2020 10:45:56|20|shiji@forstarfoods.com|DailyCatchReport.php
4 Jul 2020 10:45:58|20|shiji@forstarfoods.com|DailyCatchReport.php
4 Jul 2020 10:45:59|20|shiji@forstarfoods.com|DailyCatchReport.php
4 Jul 2020 10:46:01|20|shiji@forstarfoods.com|PrintDailyCatchReportMemo.php
4 Jul 2020 10:46:27|20|shiji@forstarfoods.com|PrintDailyCatchReportMemo.php
4 Jul 2020 11:03:02|20|shiji@forstarfoods.com|DailyCatchReport.php
4 Jul 2020 11:03:03|20|shiji@forstarfoods.com|DailyCatchReport.php
4 Jul 2020 11:03:05|20|shiji@forstarfoods.com|DailyCatchReport.php
4 Jul 2020 11:03:16|20|shiji@forstarfoods.com|SupplierAccount.php
4 Jul 2020 11:03:22|20|shiji@forstarfoods.com|SupplierAccount.php
4 Jul 2020 11:03:26|20|shiji@forstarfoods.com|SupplierAccount.php
4 Jul 2020 11:03:29|20|shiji@forstarfoods.com|SupplierAccount.php
4 Jul 2020 11:03:34|20|shiji@forstarfoods.com|SupplierAccount.php
4 Jul 2020 11:04:15|20|shiji@forstarfoods.com|SupplierAccount.php
4 Jul 2020 11:04:19|20|shiji@forstarfoods.com|SupplierAccount.php
4 Jul 2020 11:04:41|20|shiji@forstarfoods.com|SupplierAccount.php
4 Jul 2020 11:04:51|20|shiji@forstarfoods.com|SettlementSummary.php
4 Jul 2020 11:04:53|20|shiji@forstarfoods.com|SettlementSummary.php
4 Jul 2020 11:04:56|20|shiji@forstarfoods.com|SettlementSummary.php
4 Jul 2020 11:05:02|20|shiji@forstarfoods.com|SettlementSummary.php
4 Jul 2020 11:05:04|20|shiji@forstarfoods.com|SupplierPayments.php
4 Jul 2020 11:05:06|20|shiji@forstarfoods.com|SupplierPayments.php
4 Jul 2020 11:05:07|20|shiji@forstarfoods.com|SupplierPayments.php
4 Jul 2020 11:32:00|20|shiji@forstarfoods.com|ProcessorsAccounts.php
4 Jul 2020 11:32:10|20|shiji@forstarfoods.com|ProcessorsAccounts.php
4 Jul 2020 11:32:18|20|shiji@forstarfoods.com|PreProcessingReport.php
4 Jul 2020 11:32:46|20|shiji@forstarfoods.com|PreProcessingReport.php
4 Jul 2020 11:32:53|20|shiji@forstarfoods.com|PreProcessingReport.php
4 Jul 2020 11:33:12|20|shiji@forstarfoods.com|PreProcessingReport.php
4 Jul 2020 11:33:17|20|shiji@forstarfoods.com|PreProcessingReport.php
4 Jul 2020 11:33:30|20|shiji@forstarfoods.com|PreProcessingReport.php
4 Jul 2020 11:33:35|20|shiji@forstarfoods.com|PreProcessingReport.php
4 Jul 2020 11:33:40|20|shiji@forstarfoods.com|PreProcessingReport.php
4 Jul 2020 11:34:03|20|shiji@forstarfoods.com|PreProcessingReport.php
4 Jul 2020 11:34:05|20|shiji@forstarfoods.com|PreProcessingReport.php
4 Jul 2020 11:34:08|20|shiji@forstarfoods.com|PreProcessingReport.php
4 Jul 2020 11:34:22|20|shiji@forstarfoods.com|PreProcessingReport.php
4 Jul 2020 11:34:28|20|shiji@forstarfoods.com|PreProcessingReport.php
4 Jul 2020 11:34:30|20|shiji@forstarfoods.com|PreProcessingReport.php
4 Jul 2020 11:35:53|20|shiji@forstarfoods.com|PreProcessingReport.php
4 Jul 2020 11:35:59|20|shiji@forstarfoods.com|PreProcessingReport.php
4 Jul 2020 11:36:05|20|shiji@forstarfoods.com|PreProcessingReport.php
4 Jul 2020 12:15:37|20|shiji@forstarfoods.com|DailyCatchEntry_New.php
4 Jul 2020 12:15:39|20|shiji@forstarfoods.com|DailyCatchEntry_New.php
4 Jul 2020 12:15:41|20|shiji@forstarfoods.com|DailyCatchEntry_New.php
4 Jul 2020 12:15:42|20|shiji@forstarfoods.com|DailyCatchEntry_New.php
4 Jul 2020 12:15:44|20|shiji@forstarfoods.com|DailyCatchEntry_New.php
4 Jul 2020 12:15:45|20|shiji@forstarfoods.com|CatchEntryDeclaredItem.php
4 Jul 2020 12:15:46|20|shiji@forstarfoods.com|DailyCatchEntry_New.php
4 Jul 2020 12:17:36|20|shiji@forstarfoods.com|DailyCatchEntry_New.php
4 Jul 2020 12:17:37|20|shiji@forstarfoods.com|DailyCatchEntry_New.php
4 Jul 2020 12:17:38|20|shiji@forstarfoods.com|DailyCatchEntry_New.php
4 Jul 2020 12:17:40|20|shiji@forstarfoods.com|DailyCatchEntry_New.php
4 Jul 2020 12:17:53|20|shiji@forstarfoods.com|DailyCatchEntry_New.php
4 Jul 2020 12:17:54|20|shiji@forstarfoods.com|CatchEntryDeclaredItem.php
4 Jul 2020 12:18:05|20|shiji@forstarfoods.com|DailyCatchEntry_New.php
4 Jul 2020 12:18:06|20|shiji@forstarfoods.com|CatchEntryDeclaredItem.php
4 Jul 2020 12:18:22|20|shiji@forstarfoods.com|DailyCatchEntry_New.php
4 Jul 2020 12:18:24|20|shiji@forstarfoods.com|DailyCatchEntry_New.php
4 Jul 2020 12:18:25|20|shiji@forstarfoods.com|DailyCatchEntry_New.php
4 Jul 2020 12:18:26|20|shiji@forstarfoods.com|DailyCatchEntry_New.php
4 Jul 2020 12:18:27|20|shiji@forstarfoods.com|DailyCatchEntry_New.php
4 Jul 2020 12:18:37|20|shiji@forstarfoods.com|DailyCatchEntry_New.php
4 Jul 2020 12:18:40|20|shiji@forstarfoods.com|DailyCatchEntry_New.php
4 Jul 2020 12:18:41|20|shiji@forstarfoods.com|DailyCatchEntry_New.php
4 Jul 2020 12:18:43|20|shiji@forstarfoods.com|DailyCatchEntry_New.php
4 Jul 2020 12:18:44|20|shiji@forstarfoods.com|DailyCatchEntry_New.php
4 Jul 2020 12:18:45|20|shiji@forstarfoods.com|DailyCatchEntry_New.php
4 Jul 2020 12:18:46|20|shiji@forstarfoods.com|DailyCatchEntry_New.php
4 Jul 2020 12:18:51|20|shiji@forstarfoods.com|DailyCatchEntry_New.php
4 Jul 2020 12:18:53|20|shiji@forstarfoods.com|DailyCatchEntry_New.php
4 Jul 2020 12:18:55|20|shiji@forstarfoods.com|DailyCatchEntry_New.php
4 Jul 2020 12:18:59|20|shiji@forstarfoods.com|DailyCatchEntry_New.php
4 Jul 2020 12:19:00|20|shiji@forstarfoods.com|DailyCatchEntry_New.php
4 Jul 2020 12:19:02|20|shiji@forstarfoods.com|DailyCatchEntry_New.php
4 Jul 2020 12:19:03|20|shiji@forstarfoods.com|DailyCatchEntry_New.php
4 Jul 2020 12:19:04|20|shiji@forstarfoods.com|DailyCatchEntry_New.php
4 Jul 2020 12:19:05|20|shiji@forstarfoods.com|DailyCatchEntry_New.php
4 Jul 2020 12:19:17|20|shiji@forstarfoods.com|DailyCatchEntry_New.php
4 Jul 2020 12:19:19|20|shiji@forstarfoods.com|DailyCatchEntry_New.php
4 Jul 2020 12:19:20|20|shiji@forstarfoods.com|CatchEntryDeclaredItem.php
4 Jul 2020 12:19:28|20|shiji@forstarfoods.com|DailyCatchEntry_New.php
4 Jul 2020 12:19:29|20|shiji@forstarfoods.com|DailyCatchEntry_New.php
4 Jul 2020 12:19:31|20|shiji@forstarfoods.com|DailyCatchEntry_New.php
4 Jul 2020 12:19:33|20|shiji@forstarfoods.com|DailyCatchEntry_New.php
4 Jul 2020 12:19:41|20|shiji@forstarfoods.com|DailyCatchEntry_New.php
4 Jul 2020 12:19:42|20|shiji@forstarfoods.com|CatchEntryDeclaredItem.php
4 Jul 2020 12:19:52|20|shiji@forstarfoods.com|DailyCatchEntry_New.php
4 Jul 2020 12:19:53|20|shiji@forstarfoods.com|DailyCatchEntry_New.php
4 Jul 2020 12:19:54|20|shiji@forstarfoods.com|DailyCatchEntry_New.php
4 Jul 2020 12:19:56|20|shiji@forstarfoods.com|DailyCatchEntry_New.php
4 Jul 2020 12:19:57|20|shiji@forstarfoods.com|DailyCatchEntry_New.php
4 Jul 2020 12:19:58|20|shiji@forstarfoods.com|DailyCatchEntry_New.php
4 Jul 2020 12:20:02|20|shiji@forstarfoods.com|DailyCatchEntry_New.php
4 Jul 2020 12:20:03|20|shiji@forstarfoods.com|DailyCatchEntry_New.php
4 Jul 2020 12:20:04|20|shiji@forstarfoods.com|DailyCatchEntry_New.php
4 Jul 2020 12:20:06|20|shiji@forstarfoods.com|DailyCatchEntry_New.php
4 Jul 2020 12:20:09|20|shiji@forstarfoods.com|DailyCatchEntry_New.php
4 Jul 2020 12:20:11|20|shiji@forstarfoods.com|DailyCatchEntry_New.php
4 Jul 2020 12:20:12|20|shiji@forstarfoods.com|DailyCatchEntry_New.php
4 Jul 2020 12:20:13|20|shiji@forstarfoods.com|DailyCatchEntry_New.php
4 Jul 2020 12:20:15|20|shiji@forstarfoods.com|DailyCatchEntry_New.php
4 Jul 2020 12:20:16|20|shiji@forstarfoods.com|DailyCatchEntry_New.php
4 Jul 2020 12:20:17|20|shiji@forstarfoods.com|DailyCatchEntry_New.php
4 Jul 2020 12:20:34|20|shiji@forstarfoods.com|DailyCatchEntry_New.php
4 Jul 2020 12:20:38|20|shiji@forstarfoods.com|DailyCatchEntry_New.php
4 Jul 2020 12:20:40|20|shiji@forstarfoods.com|CatchEntryDeclaredItem.php
4 Jul 2020 12:20:42|20|shiji@forstarfoods.com|DailyCatchEntry_New.php
4 Jul 2020 12:20:44|20|shiji@forstarfoods.com|DailyCatchEntry_New.php
4 Jul 2020 12:20:46|20|shiji@forstarfoods.com|DailyCatchEntry_New.php
4 Jul 2020 12:20:47|20|shiji@forstarfoods.com|DailyCatchEntry_New.php
4 Jul 2020 12:20:54|20|shiji@forstarfoods.com|DailyCatchEntry_New.php
4 Jul 2020 12:21:18|20|shiji@forstarfoods.com|DailyCatchEntry_New.php
4 Jul 2020 12:21:22|20|shiji@forstarfoods.com|DailyCatchEntry_New.php
4 Jul 2020 12:21:23|20|shiji@forstarfoods.com|CatchEntryDeclaredItem.php
4 Jul 2020 12:21:33|20|shiji@forstarfoods.com|DailyCatchEntry_New.php
4 Jul 2020 12:21:34|20|shiji@forstarfoods.com|DailyCatchEntry_New.php
4 Jul 2020 12:21:36|20|shiji@forstarfoods.com|DailyCatchEntry_New.php
4 Jul 2020 12:21:37|20|shiji@forstarfoods.com|DailyCatchEntry_New.php
4 Jul 2020 12:21:38|20|shiji@forstarfoods.com|DailyCatchEntry_New.php
4 Jul 2020 12:21:39|20|shiji@forstarfoods.com|DailyCatchEntry_New.php
4 Jul 2020 12:21:49|20|shiji@forstarfoods.com|DailyCatchEntry_New.php
4 Jul 2020 12:21:50|20|shiji@forstarfoods.com|DailyCatchEntry_New.php
4 Jul 2020 12:21:51|20|shiji@forstarfoods.com|DailyCatchEntry_New.php
4 Jul 2020 12:21:54|20|shiji@forstarfoods.com|DailyCatchEntry_New.php
4 Jul 2020 12:21:56|20|shiji@forstarfoods.com|DailyCatchEntry_New.php
4 Jul 2020 12:21:58|20|shiji@forstarfoods.com|DailyCatchEntry_New.php
4 Jul 2020 12:21:59|20|shiji@forstarfoods.com|DailyCatchEntry_New.php
4 Jul 2020 12:22:01|20|shiji@forstarfoods.com|DailyCatchEntry_New.php
4 Jul 2020 12:22:02|20|shiji@forstarfoods.com|DailyCatchEntry_New.php
4 Jul 2020 12:22:03|20|shiji@forstarfoods.com|DailyCatchEntry_New.php
4 Jul 2020 12:22:04|20|shiji@forstarfoods.com|DailyCatchEntry_New.php
4 Jul 2020 12:22:08|20|shiji@forstarfoods.com|DailyCatchEntry_New.php
4 Jul 2020 12:22:11|20|shiji@forstarfoods.com|DailyCatchEntry_New.php
4 Jul 2020 12:22:16|20|shiji@forstarfoods.com|CatchEntryDeclaredItem.php
4 Jul 2020 12:22:34|20|shiji@forstarfoods.com|DailyCatchReport.php
4 Jul 2020 12:22:38|20|shiji@forstarfoods.com|DailyCatchEntry_New.php
4 Jul 2020 12:22:41|20|shiji@forstarfoods.com|DailyCatchEntry_New.php
4 Jul 2020 12:22:43|20|shiji@forstarfoods.com|DailyCatchEntry_New.php
4 Jul 2020 12:22:44|20|shiji@forstarfoods.com|DailyCatchEntry_New.php
4 Jul 2020 12:22:45|20|shiji@forstarfoods.com|DailyCatchEntry_New.php
4 Jul 2020 12:22:46|20|shiji@forstarfoods.com|CatchEntryDeclaredItem.php
4 Jul 2020 12:22:47|20|shiji@forstarfoods.com|DailyCatchEntry_New.php
4 Jul 2020 12:27:43|20|shiji@forstarfoods.com|DailyCatchEntry_New.php
4 Jul 2020 12:29:11|20|shiji@forstarfoods.com|DailyCatchReport.php
4 Jul 2020 12:29:15|20|shiji@forstarfoods.com|DailyCatchEntry_New.php
4 Jul 2020 12:29:17|20|shiji@forstarfoods.com|DailyCatchEntry_New.php
4 Jul 2020 12:29:19|20|shiji@forstarfoods.com|DailyCatchEntry_New.php
4 Jul 2020 12:29:20|20|shiji@forstarfoods.com|DailyCatchEntry_New.php
4 Jul 2020 12:29:22|20|shiji@forstarfoods.com|DailyCatchEntry_New.php
4 Jul 2020 12:29:23|20|shiji@forstarfoods.com|CatchEntryDeclaredItem.php
4 Jul 2020 12:29:24|20|shiji@forstarfoods.com|DailyCatchEntry_New.php
4 Jul 2020 12:29:26|20|shiji@forstarfoods.com|DailyCatchEntry_New.php
4 Jul 2020 12:29:27|20|shiji@forstarfoods.com|DailyCatchEntry_New.php
4 Jul 2020 12:29:29|20|shiji@forstarfoods.com|DailyCatchEntry_New.php
4 Jul 2020 12:29:32|20|shiji@forstarfoods.com|DailyCatchEntry_New.php
4 Jul 2020 12:29:37|20|shiji@forstarfoods.com|DailyCatchEntry_New.php
4 Jul 2020 12:29:39|20|shiji@forstarfoods.com|CatchEntryDeclaredItem.php
4 Jul 2020 12:29:52|20|shiji@forstarfoods.com|DailyCatchEntry_New.php
4 Jul 2020 12:29:53|20|shiji@forstarfoods.com|DailyCatchEntry_New.php
4 Jul 2020 12:29:54|20|shiji@forstarfoods.com|DailyCatchEntry_New.php
4 Jul 2020 12:29:56|20|shiji@forstarfoods.com|DailyCatchEntry_New.php
4 Jul 2020 12:29:57|20|shiji@forstarfoods.com|DailyCatchEntry_New.php
4 Jul 2020 12:29:58|20|shiji@forstarfoods.com|DailyCatchEntry_New.php
4 Jul 2020 12:30:08|20|shiji@forstarfoods.com|DailyCatchEntry_New.php
4 Jul 2020 12:30:09|20|shiji@forstarfoods.com|DailyCatchEntry_New.php
4 Jul 2020 12:30:19|20|shiji@forstarfoods.com|DailyCatchEntry_New.php
4 Jul 2020 12:30:20|20|shiji@forstarfoods.com|DailyCatchEntry_New.php
4 Jul 2020 12:30:22|20|shiji@forstarfoods.com|DailyCatchEntry_New.php
4 Jul 2020 12:30:23|20|shiji@forstarfoods.com|DailyCatchEntry_New.php
4 Jul 2020 12:30:24|20|shiji@forstarfoods.com|DailyCatchEntry_New.php
4 Jul 2020 12:30:26|20|shiji@forstarfoods.com|DailyCatchEntry_New.php
4 Jul 2020 12:30:28|20|shiji@forstarfoods.com|DailyCatchEntry_New.php
4 Jul 2020 12:30:29|20|shiji@forstarfoods.com|DailyCatchEntry_New.php
4 Jul 2020 12:30:38|20|shiji@forstarfoods.com|DailyCatchEntry_New.php
4 Jul 2020 12:30:43|20|shiji@forstarfoods.com|DailyCatchEntry_New.php
4 Jul 2020 12:30:44|20|shiji@forstarfoods.com|DailyCatchEntry_New.php
4 Jul 2020 12:30:45|20|shiji@forstarfoods.com|DailyCatchEntry_New.php
4 Jul 2020 12:30:46|20|shiji@forstarfoods.com|DailyCatchEntry_New.php
4 Jul 2020 12:30:48|20|shiji@forstarfoods.com|DailyCatchEntry_New.php
4 Jul 2020 12:30:49|20|shiji@forstarfoods.com|DailyCatchEntry_New.php
4 Jul 2020 12:30:52|20|shiji@forstarfoods.com|DailyCatchEntry_New.php
4 Jul 2020 12:30:57|20|shiji@forstarfoods.com|DailyCatchEntry_New.php
4 Jul 2020 12:30:58|20|shiji@forstarfoods.com|CatchEntryDeclaredItem.php
4 Jul 2020 12:31:01|20|shiji@forstarfoods.com|DailyCatchEntry_New.php
4 Jul 2020 12:31:02|20|shiji@forstarfoods.com|DailyCatchEntry_New.php
4 Jul 2020 12:31:04|20|shiji@forstarfoods.com|DailyCatchEntry_New.php
4 Jul 2020 12:31:07|20|shiji@forstarfoods.com|DailyCatchEntry_New.php
4 Jul 2020 12:31:14|20|shiji@forstarfoods.com|DailyCatchEntry_New.php
4 Jul 2020 12:31:15|20|shiji@forstarfoods.com|CatchEntryDeclaredItem.php
4 Jul 2020 12:31:23|20|shiji@forstarfoods.com|DailyCatchEntry_New.php
4 Jul 2020 12:31:24|20|shiji@forstarfoods.com|DailyCatchEntry_New.php
4 Jul 2020 12:31:26|20|shiji@forstarfoods.com|DailyCatchEntry_New.php
4 Jul 2020 12:31:27|20|shiji@forstarfoods.com|DailyCatchEntry_New.php
4 Jul 2020 12:31:28|20|shiji@forstarfoods.com|DailyCatchEntry_New.php
4 Jul 2020 12:31:29|20|shiji@forstarfoods.com|DailyCatchEntry_New.php
4 Jul 2020 12:31:40|20|shiji@forstarfoods.com|DailyCatchEntry_New.php
4 Jul 2020 12:31:43|20|shiji@forstarfoods.com|DailyCatchEntry_New.php
4 Jul 2020 12:31:45|20|shiji@forstarfoods.com|DailyCatchEntry_New.php
4 Jul 2020 12:31:48|20|shiji@forstarfoods.com|DailyCatchEntry_New.php
4 Jul 2020 12:31:49|20|shiji@forstarfoods.com|DailyCatchEntry_New.php
4 Jul 2020 12:31:50|20|shiji@forstarfoods.com|DailyCatchEntry_New.php
4 Jul 2020 12:31:51|20|shiji@forstarfoods.com|DailyCatchEntry_New.php
4 Jul 2020 12:31:53|20|shiji@forstarfoods.com|DailyCatchEntry_New.php
4 Jul 2020 12:31:54|20|shiji@forstarfoods.com|DailyCatchEntry_New.php
4 Jul 2020 12:31:58|20|shiji@forstarfoods.com|DailyCatchEntry_New.php
4 Jul 2020 12:32:33|20|shiji@forstarfoods.com|DailyCatchEntry_New.php
4 Jul 2020 12:32:35|20|shiji@forstarfoods.com|CatchEntryDeclaredItem.php
4 Jul 2020 12:32:42|20|shiji@forstarfoods.com|DailyCatchEntry_New.php
4 Jul 2020 12:32:45|20|shiji@forstarfoods.com|DailyCatchEntry_New.php
4 Jul 2020 12:32:48|20|shiji@forstarfoods.com|DailyCatchEntry_New.php
4 Jul 2020 12:32:49|20|shiji@forstarfoods.com|DailyCatchEntry_New.php
4 Jul 2020 12:32:50|20|shiji@forstarfoods.com|DailyCatchEntry_New.php
4 Jul 2020 12:32:51|20|shiji@forstarfoods.com|DailyCatchEntry_New.php
4 Jul 2020 12:33:14|20|shiji@forstarfoods.com|DailyCatchEntry_New.php
4 Jul 2020 12:33:16|20|shiji@forstarfoods.com|DailyCatchEntry_New.php
4 Jul 2020 12:33:17|20|shiji@forstarfoods.com|DailyCatchEntry_New.php
4 Jul 2020 12:33:19|20|shiji@forstarfoods.com|DailyCatchEntry_New.php
4 Jul 2020 12:33:21|20|shiji@forstarfoods.com|CatchEntryDeclaredItem.php
4 Jul 2020 12:33:30|20|shiji@forstarfoods.com|DailyCatchEntry_New.php
4 Jul 2020 12:33:32|20|shiji@forstarfoods.com|DailyCatchEntry_New.php
4 Jul 2020 12:33:35|20|shiji@forstarfoods.com|DailyCatchEntry_New.php
4 Jul 2020 12:33:36|20|shiji@forstarfoods.com|DailyCatchEntry_New.php
4 Jul 2020 12:33:37|20|shiji@forstarfoods.com|DailyCatchEntry_New.php
4 Jul 2020 12:33:39|20|shiji@forstarfoods.com|DailyCatchEntry_New.php
4 Jul 2020 12:33:40|20|shiji@forstarfoods.com|DailyCatchEntry_New.php
4 Jul 2020 12:33:41|20|shiji@forstarfoods.com|DailyCatchEntry_New.php
4 Jul 2020 12:33:42|20|shiji@forstarfoods.com|DailyCatchEntry_New.php
4 Jul 2020 12:33:45|20|shiji@forstarfoods.com|DailyCatchEntry_New.php
4 Jul 2020 12:33:46|20|shiji@forstarfoods.com|CatchEntryDeclaredItem.php
4 Jul 2020 12:33:53|20|shiji@forstarfoods.com|DailyCatchEntry_New.php
4 Jul 2020 12:33:56|20|shiji@forstarfoods.com|DailyCatchEntry_New.php
4 Jul 2020 12:33:58|20|shiji@forstarfoods.com|DailyCatchEntry_New.php
4 Jul 2020 12:33:59|20|shiji@forstarfoods.com|DailyCatchEntry_New.php
4 Jul 2020 12:34:00|20|shiji@forstarfoods.com|DailyCatchEntry_New.php
4 Jul 2020 12:34:01|20|shiji@forstarfoods.com|DailyCatchEntry_New.php
4 Jul 2020 12:34:03|20|shiji@forstarfoods.com|DailyCatchEntry_New.php
4 Jul 2020 12:34:04|20|shiji@forstarfoods.com|DailyCatchEntry_New.php
4 Jul 2020 12:34:05|20|shiji@forstarfoods.com|DailyCatchEntry_New.php
4 Jul 2020 12:34:08|20|shiji@forstarfoods.com|DailyCatchEntry_New.php
4 Jul 2020 12:34:09|20|shiji@forstarfoods.com|CatchEntryDeclaredItem.php
4 Jul 2020 12:34:16|20|shiji@forstarfoods.com|DailyCatchEntry_New.php
4 Jul 2020 12:34:18|20|shiji@forstarfoods.com|DailyCatchEntry_New.php
4 Jul 2020 12:34:19|20|shiji@forstarfoods.com|DailyCatchEntry_New.php
4 Jul 2020 12:34:21|20|shiji@forstarfoods.com|DailyCatchEntry_New.php
4 Jul 2020 12:34:22|20|shiji@forstarfoods.com|DailyCatchEntry_New.php
4 Jul 2020 12:34:23|20|shiji@forstarfoods.com|DailyCatchEntry_New.php
4 Jul 2020 12:34:24|20|shiji@forstarfoods.com|DailyCatchEntry_New.php
4 Jul 2020 12:34:26|20|shiji@forstarfoods.com|DailyCatchEntry_New.php
4 Jul 2020 12:34:27|20|shiji@forstarfoods.com|DailyCatchEntry_New.php
4 Jul 2020 12:34:32|20|shiji@forstarfoods.com|DailyCatchEntry_New.php
4 Jul 2020 12:34:33|20|shiji@forstarfoods.com|DailyCatchEntry_New.php
4 Jul 2020 12:34:34|20|shiji@forstarfoods.com|DailyCatchEntry_New.php
4 Jul 2020 12:34:37|20|shiji@forstarfoods.com|DailyCatchEntry_New.php
4 Jul 2020 12:34:38|20|shiji@forstarfoods.com|CatchEntryDeclaredItem.php
4 Jul 2020 12:34:41|20|shiji@forstarfoods.com|DailyCatchEntry_New.php
4 Jul 2020 12:34:43|20|shiji@forstarfoods.com|DailyCatchEntry_New.php
4 Jul 2020 12:34:44|20|shiji@forstarfoods.com|DailyCatchEntry_New.php
4 Jul 2020 12:34:45|20|shiji@forstarfoods.com|DailyCatchEntry_New.php
4 Jul 2020 12:34:53|20|shiji@forstarfoods.com|DailyCatchEntry_New.php
4 Jul 2020 12:34:55|20|shiji@forstarfoods.com|CatchEntryDeclaredItem.php
4 Jul 2020 12:35:05|20|shiji@forstarfoods.com|DailyCatchEntry_New.php
4 Jul 2020 12:35:06|20|shiji@forstarfoods.com|DailyCatchEntry_New.php