
8 Oct 2020 17:01:11|20|shiji@forstarfoods.com|DailyCatchEntry_New.php
8 Oct 2020 17:01:12|20|shiji@forstarfoods.com|DailyCatchEntry_New.php
8 Oct 2020 17:01:14|20|shiji@forstarfoods.com|DailyCatchEntry_New.php
8 Oct 2020 17:01:15|20|shiji@forstarfoods.com|DailyCatchEntry_New.php
8 Oct 2020 17:01:23|20|shiji@forstarfoods.com|DailyCatchEntry_New.php
8 Oct 2020 17:01:25|20|shiji@forstarfoods.com|DailyCatchEntry_New.php
8 Oct 2020 17:01:26|20|shiji@forstarfoods.com|CatchEntryDeclaredItem.php
8 Oct 2020 17:01:30|20|shiji@forstarfoods.com|DailyCatchEntry_New.php
8 Oct 2020 17:01:31|20|shiji@forstarfoods.com|DailyCatchEntry_New.php
8 Oct 2020 17:01:33|20|shiji@forstarfoods.com|DailyCatchEntry_New.php
8 Oct 2020 17:01:44|20|shiji@forstarfoods.com|DailyCatchEntry_New.php
8 Oct 2020 17:01:57|20|shiji@forstarfoods.com|DailyCatchEntry_New.php
8 Oct 2020 17:01:58|20|shiji@forstarfoods.com|CatchEntryDeclaredItem.php
8 Oct 2020 17:02:12|20|shiji@forstarfoods.com|DailyCatchEntry_New.php
8 Oct 2020 17:02:19|20|shiji@forstarfoods.com|DailyCatchEntry_New.php
8 Oct 2020 17:02:21|20|shiji@forstarfoods.com|DailyCatchEntry_New.php
8 Oct 2020 17:02:24|20|shiji@forstarfoods.com|DailyCatchEntry_New.php
8 Oct 2020 17:02:25|20|shiji@forstarfoods.com|DailyCatchEntry_New.php
8 Oct 2020 17:02:26|20|shiji@forstarfoods.com|DailyCatchEntry_New.php
8 Oct 2020 17:02:28|20|shiji@forstarfoods.com|DailyCatchEntry_New.php
8 Oct 2020 17:02:29|20|shiji@forstarfoods.com|DailyCatchEntry_New.php
8 Oct 2020 17:02:30|20|shiji@forstarfoods.com|DailyCatchEntry_New.php
8 Oct 2020 17:02:31|20|shiji@forstarfoods.com|DailyCatchEntry_New.php
8 Oct 2020 17:02:32|20|shiji@forstarfoods.com|DailyCatchEntry_New.php
8 Oct 2020 17:02:34|20|shiji@forstarfoods.com|DailyCatchEntry_New.php
8 Oct 2020 17:02:35|20|shiji@forstarfoods.com|DailyCatchEntry_New.php
8 Oct 2020 17:02:36|20|shiji@forstarfoods.com|DailyCatchEntry_New.php
8 Oct 2020 17:02:37|20|shiji@forstarfoods.com|DailyCatchEntry_New.php
8 Oct 2020 17:02:39|20|shiji@forstarfoods.com|DailyCatchEntry_New.php
8 Oct 2020 17:02:40|20|shiji@forstarfoods.com|DailyCatchEntry_New.php
8 Oct 2020 17:02:41|20|shiji@forstarfoods.com|DailyCatchEntry_New.php
8 Oct 2020 17:02:42|20|shiji@forstarfoods.com|DailyCatchEntry_New.php
8 Oct 2020 17:02:43|20|shiji@forstarfoods.com|DailyCatchEntry_New.php
8 Oct 2020 17:02:46|20|shiji@forstarfoods.com|DailyCatchEntry_New.php
8 Oct 2020 17:02:47|20|shiji@forstarfoods.com|CatchEntryDeclaredItem.php
8 Oct 2020 17:02:58|20|shiji@forstarfoods.com|DailyCatchEntry_New.php
8 Oct 2020 17:03:00|20|shiji@forstarfoods.com|DailyCatchEntry_New.php
8 Oct 2020 17:03:03|20|shiji@forstarfoods.com|DailyCatchEntry_New.php
8 Oct 2020 17:03:04|20|shiji@forstarfoods.com|DailyCatchEntry_New.php
8 Oct 2020 17:03:05|20|shiji@forstarfoods.com|DailyCatchEntry_New.php
8 Oct 2020 17:03:07|20|shiji@forstarfoods.com|DailyCatchEntry_New.php
8 Oct 2020 17:03:08|20|shiji@forstarfoods.com|DailyCatchEntry_New.php
8 Oct 2020 17:03:09|20|shiji@forstarfoods.com|DailyCatchEntry_New.php
8 Oct 2020 17:03:10|20|shiji@forstarfoods.com|DailyCatchEntry_New.php
8 Oct 2020 17:03:11|20|shiji@forstarfoods.com|DailyCatchEntry_New.php
8 Oct 2020 17:03:13|20|shiji@forstarfoods.com|DailyCatchEntry_New.php
8 Oct 2020 17:03:14|20|shiji@forstarfoods.com|DailyCatchEntry_New.php
8 Oct 2020 17:03:15|20|shiji@forstarfoods.com|DailyCatchEntry_New.php
8 Oct 2020 17:03:16|20|shiji@forstarfoods.com|DailyCatchEntry_New.php
8 Oct 2020 17:03:18|20|shiji@forstarfoods.com|DailyCatchEntry_New.php
8 Oct 2020 17:03:19|20|shiji@forstarfoods.com|DailyCatchEntry_New.php
8 Oct 2020 17:03:20|20|shiji@forstarfoods.com|DailyCatchEntry_New.php
8 Oct 2020 17:03:21|20|shiji@forstarfoods.com|DailyCatchEntry_New.php
8 Oct 2020 17:03:23|20|shiji@forstarfoods.com|DailyCatchEntry_New.php
8 Oct 2020 17:03:25|20|shiji@forstarfoods.com|DailyCatchEntry_New.php
8 Oct 2020 17:03:26|20|shiji@forstarfoods.com|CatchEntryDeclaredItem.php
8 Oct 2020 17:04:37|20|shiji@forstarfoods.com|DailyCatchEntry_New.php
8 Oct 2020 17:04:41|20|shiji@forstarfoods.com|DailyCatchEntry_New.php
8 Oct 2020 17:04:46|20|shiji@forstarfoods.com|DailyCatchEntry_New.php
8 Oct 2020 17:04:47|20|shiji@forstarfoods.com|DailyCatchEntry_New.php
8 Oct 2020 17:04:49|20|shiji@forstarfoods.com|DailyCatchEntry_New.php
8 Oct 2020 17:04:50|20|shiji@forstarfoods.com|DailyCatchEntry_New.php
8 Oct 2020 17:04:51|20|shiji@forstarfoods.com|DailyCatchEntry_New.php
8 Oct 2020 17:04:52|20|shiji@forstarfoods.com|DailyCatchEntry_New.php
8 Oct 2020 17:04:54|20|shiji@forstarfoods.com|DailyCatchEntry_New.php
8 Oct 2020 17:04:55|20|shiji@forstarfoods.com|DailyCatchEntry_New.php
8 Oct 2020 17:04:56|20|shiji@forstarfoods.com|DailyCatchEntry_New.php
8 Oct 2020 17:04:57|20|shiji@forstarfoods.com|DailyCatchEntry_New.php
8 Oct 2020 17:04:58|20|shiji@forstarfoods.com|DailyCatchEntry_New.php
8 Oct 2020 17:05:00|20|shiji@forstarfoods.com|DailyCatchEntry_New.php
8 Oct 2020 17:05:01|20|shiji@forstarfoods.com|DailyCatchEntry_New.php
8 Oct 2020 17:05:02|20|shiji@forstarfoods.com|DailyCatchEntry_New.php
8 Oct 2020 17:05:03|20|shiji@forstarfoods.com|DailyCatchEntry_New.php
8 Oct 2020 17:05:05|20|shiji@forstarfoods.com|DailyCatchEntry_New.php
8 Oct 2020 17:05:06|20|shiji@forstarfoods.com|DailyCatchEntry_New.php
8 Oct 2020 17:05:09|20|shiji@forstarfoods.com|DailyCatchEntry_New.php
8 Oct 2020 17:05:10|20|shiji@forstarfoods.com|CatchEntryDeclaredItem.php
8 Oct 2020 17:05:23|20|shiji@forstarfoods.com|DailyCatchEntry_New.php
8 Oct 2020 17:05:26|20|shiji@forstarfoods.com|DailyCatchEntry_New.php
8 Oct 2020 17:05:33|20|shiji@forstarfoods.com|DailyCatchEntry_New.php
8 Oct 2020 17:05:35|20|shiji@forstarfoods.com|DailyCatchEntry_New.php
8 Oct 2020 17:05:36|20|shiji@forstarfoods.com|DailyCatchEntry_New.php
8 Oct 2020 17:05:37|20|shiji@forstarfoods.com|DailyCatchEntry_New.php
8 Oct 2020 17:05:38|20|shiji@forstarfoods.com|DailyCatchEntry_New.php
8 Oct 2020 17:05:39|20|shiji@forstarfoods.com|DailyCatchEntry_New.php
8 Oct 2020 17:05:41|20|shiji@forstarfoods.com|DailyCatchEntry_New.php
8 Oct 2020 17:05:42|20|shiji@forstarfoods.com|DailyCatchEntry_New.php
8 Oct 2020 17:05:43|20|shiji@forstarfoods.com|DailyCatchEntry_New.php
8 Oct 2020 17:05:44|20|shiji@forstarfoods.com|DailyCatchEntry_New.php
8 Oct 2020 17:05:46|20|shiji@forstarfoods.com|DailyCatchEntry_New.php
8 Oct 2020 17:05:47|20|shiji@forstarfoods.com|DailyCatchEntry_New.php
8 Oct 2020 17:05:48|20|shiji@forstarfoods.com|DailyCatchEntry_New.php
8 Oct 2020 17:05:49|20|shiji@forstarfoods.com|DailyCatchEntry_New.php
8 Oct 2020 17:05:51|20|shiji@forstarfoods.com|DailyCatchEntry_New.php
8 Oct 2020 17:05:52|20|shiji@forstarfoods.com|DailyCatchEntry_New.php
8 Oct 2020 17:05:56|20|shiji@forstarfoods.com|DailyCatchEntry_New.php
8 Oct 2020 17:06:12|20|shiji@forstarfoods.com|DailyCatchEntry_New.php
8 Oct 2020 17:06:14|20|shiji@forstarfoods.com|CatchEntryDeclaredItem.php
8 Oct 2020 17:06:26|20|shiji@forstarfoods.com|DailyCatchEntry_New.php
8 Oct 2020 17:11:27|20|shiji@forstarfoods.com|DailyCatchEntry_New.php
8 Oct 2020 17:16:28|20|shiji@forstarfoods.com|DailyCatchEntry_New.php
8 Oct 2020 17:21:30|20|shiji@forstarfoods.com|DailyCatchEntry_New.php
8 Oct 2020 17:26:31|20|shiji@forstarfoods.com|DailyCatchEntry_New.php
8 Oct 2020 17:31:32|20|shiji@forstarfoods.com|DailyCatchEntry_New.php
8 Oct 2020 17:36:34|20|shiji@forstarfoods.com|DailyCatchEntry_New.php
8 Oct 2020 17:41:35|20|shiji@forstarfoods.com|DailyCatchEntry_New.php
8 Oct 2020 17:46:36|20|shiji@forstarfoods.com|DailyCatchEntry_New.php
8 Oct 2020 17:51:38|20|shiji@forstarfoods.com|DailyCatchEntry_New.php
9 Oct 2020 10:25:10|20|shiji@forstarfoods.com|Home.php
9 Oct 2020 10:29:25|20|shiji@forstarfoods.com|DailyCatchSummary.php
9 Oct 2020 10:29:29|20|shiji@forstarfoods.com|DailyCatchSummary.php
9 Oct 2020 10:29:40|20|shiji@forstarfoods.com|DailyCatchSummary.php
9 Oct 2020 10:29:46|20|shiji@forstarfoods.com|DailyCatchSummary.php
9 Oct 2020 10:29:53|20|shiji@forstarfoods.com|DailyCatchSummary.php
9 Oct 2020 10:29:56|20|shiji@forstarfoods.com|DailyCatchSummary.php
9 Oct 2020 10:30:00|20|shiji@forstarfoods.com|DailyCatchSummary.php
9 Oct 2020 10:30:48|20|shiji@forstarfoods.com|PurchaseStatement.php
9 Oct 2020 10:31:04|20|shiji@forstarfoods.com|PurchaseStatement.php
9 Oct 2020 10:31:07|20|shiji@forstarfoods.com|PurchaseStatement.php
9 Oct 2020 10:31:10|20|shiji@forstarfoods.com|PurchaseStatement.php
9 Oct 2020 10:31:13|20|shiji@forstarfoods.com|PrintPurchaseStatement.php
9 Oct 2020 10:34:37|20|shiji@forstarfoods.com|SettlementSummary.php
9 Oct 2020 10:34:45|20|shiji@forstarfoods.com|SettlementSummary.php
9 Oct 2020 10:34:51|20|shiji@forstarfoods.com|SettlementSummary.php
9 Oct 2020 10:36:14|20|shiji@forstarfoods.com|SettlementSummary.php
9 Oct 2020 10:36:17|20|shiji@forstarfoods.com|SupplierPayments.php
9 Oct 2020 10:36:18|20|shiji@forstarfoods.com|SupplierPayments.php
9 Oct 2020 10:36:19|20|shiji@forstarfoods.com|SupplierPayments.php
9 Oct 2020 10:36:27|20|shiji@forstarfoods.com|PurchaseStatement.php
9 Oct 2020 10:38:50|20|shiji@forstarfoods.com|PurchaseStatement.php
9 Oct 2020 10:38:53|20|shiji@forstarfoods.com|PurchaseStatement.php
9 Oct 2020 10:38:56|20|shiji@forstarfoods.com|PurchaseStatement.php
9 Oct 2020 10:38:58|20|shiji@forstarfoods.com|PrintPurchaseStatement.php
9 Oct 2020 10:41:24|20|shiji@forstarfoods.com|PurchaseStatement.php
9 Oct 2020 10:41:28|20|shiji@forstarfoods.com|PurchaseStatement.php
9 Oct 2020 10:41:32|20|shiji@forstarfoods.com|PurchaseStatement.php
9 Oct 2020 10:41:35|20|shiji@forstarfoods.com|PurchaseStatement.php
9 Oct 2020 10:41:37|20|shiji@forstarfoods.com|PrintPurchaseStatement.php
9 Oct 2020 11:13:30|20|shiji@forstarfoods.com|DailyCatchEntry_New.php
9 Oct 2020 11:13:34|20|shiji@forstarfoods.com|DailyCatchEntry_New.php
9 Oct 2020 11:13:35|20|shiji@forstarfoods.com|DailyCatchEntry_New.php
9 Oct 2020 11:13:37|20|shiji@forstarfoods.com|DailyCatchEntry_New.php
9 Oct 2020 11:13:38|20|shiji@forstarfoods.com|DailyCatchEntry_New.php
9 Oct 2020 11:13:39|20|shiji@forstarfoods.com|CatchEntryDeclaredItem.php
9 Oct 2020 11:13:40|20|shiji@forstarfoods.com|DailyCatchEntry_New.php
9 Oct 2020 11:13:48|20|shiji@forstarfoods.com|DailyCatchEntry_New.php
9 Oct 2020 11:13:50|20|shiji@forstarfoods.com|DailyCatchEntry_New.php
9 Oct 2020 11:13:51|20|shiji@forstarfoods.com|DailyCatchEntry_New.php
9 Oct 2020 11:13:52|20|shiji@forstarfoods.com|DailyCatchEntry_New.php
9 Oct 2020 11:13:53|20|shiji@forstarfoods.com|DailyCatchEntry_New.php
9 Oct 2020 11:13:55|20|shiji@forstarfoods.com|DailyCatchEntry_New.php
9 Oct 2020 11:13:56|20|shiji@forstarfoods.com|DailyCatchEntry_New.php
9 Oct 2020 11:13:57|20|shiji@forstarfoods.com|DailyCatchEntry_New.php
9 Oct 2020 11:14:15|20|shiji@forstarfoods.com|DailyCatchEntry_New.php
9 Oct 2020 11:14:19|20|shiji@forstarfoods.com|DailyCatchEntry_New.php
9 Oct 2020 11:14:20|20|shiji@forstarfoods.com|CatchEntryDeclaredItem.php
9 Oct 2020 11:14:49|20|shiji@forstarfoods.com|DailyCatchEntry_New.php
9 Oct 2020 11:14:51|20|shiji@forstarfoods.com|DailyCatchEntry_New.php
9 Oct 2020 11:14:52|20|shiji@forstarfoods.com|DailyCatchEntry_New.php
9 Oct 2020 11:14:53|20|shiji@forstarfoods.com|DailyCatchEntry_New.php
9 Oct 2020 11:14:56|20|shiji@forstarfoods.com|DailyCatchEntry_New.php
9 Oct 2020 11:15:00|20|shiji@forstarfoods.com|DailyCatchEntry_New.php
9 Oct 2020 11:15:01|20|shiji@forstarfoods.com|DailyCatchEntry_New.php
9 Oct 2020 11:15:03|20|shiji@forstarfoods.com|DailyCatchEntry_New.php
9 Oct 2020 11:15:04|20|shiji@forstarfoods.com|DailyCatchEntry_New.php
9 Oct 2020 11:15:05|20|shiji@forstarfoods.com|DailyCatchEntry_New.php
9 Oct 2020 11:15:06|20|shiji@forstarfoods.com|DailyCatchEntry_New.php
9 Oct 2020 11:15:08|20|shiji@forstarfoods.com|DailyCatchEntry_New.php
9 Oct 2020 11:15:09|20|shiji@forstarfoods.com|DailyCatchEntry_New.php
9 Oct 2020 11:15:10|20|shiji@forstarfoods.com|DailyCatchEntry_New.php
9 Oct 2020 11:15:11|20|shiji@forstarfoods.com|DailyCatchEntry_New.php
9 Oct 2020 11:15:13|20|shiji@forstarfoods.com|DailyCatchEntry_New.php
9 Oct 2020 11:15:14|20|shiji@forstarfoods.com|DailyCatchEntry_New.php
9 Oct 2020 11:15:15|20|shiji@forstarfoods.com|DailyCatchEntry_New.php
9 Oct 2020 11:15:16|20|shiji@forstarfoods.com|DailyCatchEntry_New.php
9 Oct 2020 11:15:18|20|shiji@forstarfoods.com|DailyCatchEntry_New.php
9 Oct 2020 11:15:19|20|shiji@forstarfoods.com|DailyCatchEntry_New.php
9 Oct 2020 11:15:40|20|shiji@forstarfoods.com|DailyCatchEntry_New.php
9 Oct 2020 11:15:45|20|shiji@forstarfoods.com|DailyCatchEntry_New.php
9 Oct 2020 11:15:46|20|shiji@forstarfoods.com|CatchEntryDeclaredItem.php
9 Oct 2020 11:15:48|20|shiji@forstarfoods.com|DailyCatchEntry_New.php
9 Oct 2020 11:15:51|20|shiji@forstarfoods.com|DailyCatchEntry_New.php
9 Oct 2020 11:15:53|20|shiji@forstarfoods.com|DailyCatchEntry_New.php
9 Oct 2020 11:15:54|20|shiji@forstarfoods.com|DailyCatchEntry_New.php
9 Oct 2020 11:15:55|20|shiji@forstarfoods.com|DailyCatchEntry_New.php
9 Oct 2020 11:15:56|20|shiji@forstarfoods.com|DailyCatchEntry_New.php
9 Oct 2020 11:15:58|20|shiji@forstarfoods.com|DailyCatchEntry_New.php
9 Oct 2020 11:15:59|20|shiji@forstarfoods.com|DailyCatchEntry_New.php
9 Oct 2020 11:16:00|20|shiji@forstarfoods.com|DailyCatchEntry_New.php
9 Oct 2020 11:16:01|20|shiji@forstarfoods.com|DailyCatchEntry_New.php
9 Oct 2020 11:16:04|20|shiji@forstarfoods.com|DailyCatchEntry_New.php
9 Oct 2020 11:16:07|20|shiji@forstarfoods.com|DailyCatchEntry_New.php
9 Oct 2020 11:16:08|20|shiji@forstarfoods.com|CatchEntryDeclaredItem.php
9 Oct 2020 11:16:11|20|shiji@forstarfoods.com|DailyCatchEntry_New.php
9 Oct 2020 11:16:12|20|shiji@forstarfoods.com|DailyCatchEntry_New.php
9 Oct 2020 11:16:14|20|shiji@forstarfoods.com|DailyCatchEntry_New.php
9 Oct 2020 11:16:26|20|shiji@forstarfoods.com|DailyCatchEntry_New.php
9 Oct 2020 11:16:33|20|shiji@forstarfoods.com|DailyCatchEntry_New.php
9 Oct 2020 11:16:39|20|shiji@forstarfoods.com|DailyCatchEntry_New.php
9 Oct 2020 11:16:41|20|shiji@forstarfoods.com|CatchEntryDeclaredItem.php
9 Oct 2020 11:16:59|20|shiji@forstarfoods.com|DailyCatchEntry_New.php
9 Oct 2020 11:17:00|20|shiji@forstarfoods.com|DailyCatchEntry_New.php
9 Oct 2020 11:17:03|20|shiji@forstarfoods.com|DailyCatchEntry_New.php
9 Oct 2020 11:17:06|20|shiji@forstarfoods.com|DailyCatchEntry_New.php
9 Oct 2020 11:17:07|20|shiji@forstarfoods.com|DailyCatchEntry_New.php
9 Oct 2020 11:17:09|20|shiji@forstarfoods.com|DailyCatchEntry_New.php
9 Oct 2020 11:17:10|20|shiji@forstarfoods.com|DailyCatchEntry_New.php
9 Oct 2020 11:17:11|20|shiji@forstarfoods.com|DailyCatchEntry_New.php
9 Oct 2020 11:17:12|20|shiji@forstarfoods.com|DailyCatchEntry_New.php
9 Oct 2020 11:17:14|20|shiji@forstarfoods.com|DailyCatchEntry_New.php
9 Oct 2020 11:17:15|20|shiji@forstarfoods.com|DailyCatchEntry_New.php
9 Oct 2020 11:17:16|20|shiji@forstarfoods.com|DailyCatchEntry_New.php
9 Oct 2020 11:17:17|20|shiji@forstarfoods.com|DailyCatchEntry_New.php
9 Oct 2020 11:17:18|20|shiji@forstarfoods.com|DailyCatchEntry_New.php
9 Oct 2020 11:17:20|20|shiji@forstarfoods.com|DailyCatchEntry_New.php
9 Oct 2020 11:17:21|20|shiji@forstarfoods.com|DailyCatchEntry_New.php
9 Oct 2020 11:17:22|20|shiji@forstarfoods.com|DailyCatchEntry_New.php
9 Oct 2020 11:17:23|20|shiji@forstarfoods.com|DailyCatchEntry_New.php
9 Oct 2020 11:17:25|20|shiji@forstarfoods.com|DailyCatchEntry_New.php
9 Oct 2020 11:17:26|20|shiji@forstarfoods.com|DailyCatchEntry_New.php
9 Oct 2020 11:17:27|20|shiji@forstarfoods.com|DailyCatchEntry_New.php
9 Oct 2020 11:17:28|20|shiji@forstarfoods.com|DailyCatchEntry_New.php
9 Oct 2020 11:17:30|20|shiji@forstarfoods.com|DailyCatchEntry_New.php
9 Oct 2020 11:17:31|20|shiji@forstarfoods.com|DailyCatchEntry_New.php
9 Oct 2020 11:17:32|20|shiji@forstarfoods.com|DailyCatchEntry_New.php
9 Oct 2020 11:17:33|20|shiji@forstarfoods.com|DailyCatchEntry_New.php
9 Oct 2020 11:17:34|20|shiji@forstarfoods.com|DailyCatchEntry_New.php
9 Oct 2020 11:17:36|20|shiji@forstarfoods.com|DailyCatchEntry_New.php
9 Oct 2020 11:17:37|20|shiji@forstarfoods.com|DailyCatchEntry_New.php
9 Oct 2020 11:17:38|20|shiji@forstarfoods.com|DailyCatchEntry_New.php
9 Oct 2020 11:17:39|20|shiji@forstarfoods.com|DailyCatchEntry_New.php
9 Oct 2020 11:17:41|20|shiji@forstarfoods.com|DailyCatchEntry_New.php
9 Oct 2020 11:17:42|20|shiji@forstarfoods.com|DailyCatchEntry_New.php
9 Oct 2020 11:17:43|20|shiji@forstarfoods.com|DailyCatchEntry_New.php
9 Oct 2020 11:17:44|20|shiji@forstarfoods.com|DailyCatchEntry_New.php
9 Oct 2020 11:17:45|20|shiji@forstarfoods.com|DailyCatchEntry_New.php
9 Oct 2020 11:17:47|20|shiji@forstarfoods.com|DailyCatchEntry_New.php
9 Oct 2020 11:17:48|20|shiji@forstarfoods.com|DailyCatchEntry_New.php
9 Oct 2020 11:17:49|20|shiji@forstarfoods.com|DailyCatchEntry_New.php
9 Oct 2020 11:17:50|20|shiji@forstarfoods.com|DailyCatchEntry_New.php
9 Oct 2020 11:17:52|20|shiji@forstarfoods.com|DailyCatchEntry_New.php
9 Oct 2020 11:17:53|20|shiji@forstarfoods.com|DailyCatchEntry_New.php
9 Oct 2020 11:17:54|20|shiji@forstarfoods.com|DailyCatchEntry_New.php
9 Oct 2020 11:17:55|20|shiji@forstarfoods.com|DailyCatchEntry_New.php
9 Oct 2020 11:17:57|20|shiji@forstarfoods.com|DailyCatchEntry_New.php
9 Oct 2020 11:17:58|20|shiji@forstarfoods.com|DailyCatchEntry_New.php
9 Oct 2020 11:17:59|20|shiji@forstarfoods.com|DailyCatchEntry_New.php
9 Oct 2020 11:18:00|20|shiji@forstarfoods.com|DailyCatchEntry_New.php
9 Oct 2020 11:18:02|20|shiji@forstarfoods.com|DailyCatchEntry_New.php
9 Oct 2020 11:18:03|20|shiji@forstarfoods.com|DailyCatchEntry_New.php
9 Oct 2020 11:18:04|20|shiji@forstarfoods.com|DailyCatchEntry_New.php
9 Oct 2020 11:18:36|20|shiji@forstarfoods.com|DailyCatchEntry_New.php
9 Oct 2020 11:22:28|20|shiji@forstarfoods.com|DailyCatchEntry_New.php
9 Oct 2020 11:22:32|20|shiji@forstarfoods.com|DailyCatchEntry_New.php
9 Oct 2020 11:22:33|20|shiji@forstarfoods.com|DailyCatchEntry_New.php
9 Oct 2020 11:22:37|20|shiji@forstarfoods.com|DailyCatchEntry_New.php
9 Oct 2020 11:22:39|20|shiji@forstarfoods.com|DailyCatchEntry_New.php
9 Oct 2020 11:22:40|20|shiji@forstarfoods.com|DailyCatchEntry_New.php
9 Oct 2020 11:22:41|20|shiji@forstarfoods.com|DailyCatchEntry_New.php
9 Oct 2020 11:22:42|20|shiji@forstarfoods.com|CatchEntryDeclaredItem.php
9 Oct 2020 11:22:44|20|shiji@forstarfoods.com|DailyCatchEntry_New.php
9 Oct 2020 11:22:45|20|shiji@forstarfoods.com|DailyCatchEntry_New.php
9 Oct 2020 11:22:47|20|shiji@forstarfoods.com|DailyCatchEntry_New.php
9 Oct 2020 11:22:48|20|shiji@forstarfoods.com|DailyCatchEntry_New.php
9 Oct 2020 11:22:49|20|shiji@forstarfoods.com|DailyCatchEntry_New.php
9 Oct 2020 11:22:53|20|shiji@forstarfoods.com|DailyCatchEntry_New.php
9 Oct 2020 11:22:54|20|shiji@forstarfoods.com|DailyCatchEntry_New.php
9 Oct 2020 11:22:56|20|shiji@forstarfoods.com|CatchEntryDeclaredItem.php
9 Oct 2020 11:22:57|20|shiji@forstarfoods.com|CatchEntryDeclaredItem.php
9 Oct 2020 11:23:08|20|shiji@forstarfoods.com|DailyCatchEntry_New.php
9 Oct 2020 11:23:13|20|shiji@forstarfoods.com|DailyCatchEntry_New.php
9 Oct 2020 11:23:17|20|shiji@forstarfoods.com|DailyCatchEntry_New.php
9 Oct 2020 11:23:18|20|shiji@forstarfoods.com|DailyCatchEntry_New.php
9 Oct 2020 11:23:19|20|shiji@forstarfoods.com|DailyCatchEntry_New.php
9 Oct 2020 11:23:21|20|shiji@forstarfoods.com|DailyCatchEntry_New.php
9 Oct 2020 11:23:25|20|shiji@forstarfoods.com|DailyCatchEntry_New.php
9 Oct 2020 11:23:26|20|shiji@forstarfoods.com|DailyCatchEntry_New.php
9 Oct 2020 11:23:28|20|shiji@forstarfoods.com|DailyCatchEntry_New.php
9 Oct 2020 11:23:29|20|shiji@forstarfoods.com|DailyCatchEntry_New.php
9 Oct 2020 11:23:30|20|shiji@forstarfoods.com|DailyCatchEntry_New.php
9 Oct 2020 11:23:31|20|shiji@forstarfoods.com|DailyCatchEntry_New.php
9 Oct 2020 11:23:32|20|shiji@forstarfoods.com|DailyCatchEntry_New.php
9 Oct 2020 11:23:34|20|shiji@forstarfoods.com|DailyCatchEntry_New.php
9 Oct 2020 11:23:35|20|shiji@forstarfoods.com|DailyCatchEntry_New.php
9 Oct 2020 11:23:36|20|shiji@forstarfoods.com|DailyCatchEntry_New.php
9 Oct 2020 11:23:37|20|shiji@forstarfoods.com|DailyCatchEntry_New.php
9 Oct 2020 11:23:39|20|shiji@forstarfoods.com|DailyCatchEntry_New.php
9 Oct 2020 11:23:40|20|shiji@forstarfoods.com|DailyCatchEntry_New.php
9 Oct 2020 11:23:41|20|shiji@forstarfoods.com|DailyCatchEntry_New.php
9 Oct 2020 11:23:42|20|shiji@forstarfoods.com|DailyCatchEntry_New.php
9 Oct 2020 11:23:43|20|shiji@forstarfoods.com|DailyCatchEntry_New.php
9 Oct 2020 11:23:45|20|shiji@forstarfoods.com|DailyCatchEntry_New.php
9 Oct 2020 11:23:46|20|shiji@forstarfoods.com|DailyCatchEntry_New.php
9 Oct 2020 11:23:47|20|shiji@forstarfoods.com|DailyCatchEntry_New.php
9 Oct 2020 11:23:48|20|shiji@forstarfoods.com|DailyCatchEntry_New.php
9 Oct 2020 11:23:50|20|shiji@forstarfoods.com|DailyCatchEntry_New.php
9 Oct 2020 11:23:51|20|shiji@forstarfoods.com|DailyCatchEntry_New.php
9 Oct 2020 11:23:52|20|shiji@forstarfoods.com|DailyCatchEntry_New.php
9 Oct 2020 11:23:53|20|shiji@forstarfoods.com|DailyCatchEntry_New.php
9 Oct 2020 11:23:55|20|shiji@forstarfoods.com|DailyCatchEntry_New.php
9 Oct 2020 11:23:56|20|shiji@forstarfoods.com|DailyCatchEntry_New.php
9 Oct 2020 11:23:57|20|shiji@forstarfoods.com|DailyCatchEntry_New.php
9 Oct 2020 11:23:58|20|shiji@forstarfoods.com|DailyCatchEntry_New.php
9 Oct 2020 11:24:00|20|shiji@forstarfoods.com|DailyCatchEntry_New.php
9 Oct 2020 11:24:02|20|shiji@forstarfoods.com|DailyCatchEntry_New.php
9 Oct 2020 11:24:04|20|shiji@forstarfoods.com|CatchEntryDeclaredItem.php
9 Oct 2020 11:24:07|20|shiji@forstarfoods.com|DailyCatchEntry_New.php
9 Oct 2020 11:24:10|20|shiji@forstarfoods.com|DailyCatchEntry_New.php
9 Oct 2020 11:24:12|20|shiji@forstarfoods.com|DailyCatchEntry_New.php
9 Oct 2020 11:24:13|20|shiji@forstarfoods.com|DailyCatchEntry_New.php
9 Oct 2020 11:24:15|20|shiji@forstarfoods.com|DailyCatchEntry_New.php
9 Oct 2020 11:24:16|20|shiji@forstarfoods.com|DailyCatchEntry_New.php
9 Oct 2020 11:24:17|20|shiji@forstarfoods.com|DailyCatchEntry_New.php
9 Oct 2020 11:24:18|20|shiji@forstarfoods.com|DailyCatchEntry_New.php
9 Oct 2020 11:24:19|20|shiji@forstarfoods.com|DailyCatchEntry_New.php
9 Oct 2020 11:24:21|20|shiji@forstarfoods.com|DailyCatchEntry_New.php
9 Oct 2020 11:24:22|20|shiji@forstarfoods.com|DailyCatchEntry_New.php
9 Oct 2020 11:24:23|20|shiji@forstarfoods.com|DailyCatchEntry_New.php
9 Oct 2020 11:24:24|20|shiji@forstarfoods.com|DailyCatchEntry_New.php
9 Oct 2020 11:24:26|20|shiji@forstarfoods.com|DailyCatchEntry_New.php
9 Oct 2020 11:24:27|20|shiji@forstarfoods.com|DailyCatchEntry_New.php
9 Oct 2020 11:24:28|20|shiji@forstarfoods.com|DailyCatchEntry_New.php
9 Oct 2020 11:24:29|20|shiji@forstarfoods.com|DailyCatchEntry_New.php
9 Oct 2020 11:24:31|20|shiji@forstarfoods.com|DailyCatchEntry_New.php
9 Oct 2020 11:24:32|20|shiji@forstarfoods.com|DailyCatchEntry_New.php
9 Oct 2020 11:24:33|20|shiji@forstarfoods.com|DailyCatchEntry_New.php
9 Oct 2020 11:24:34|20|shiji@forstarfoods.com|DailyCatchEntry_New.php
9 Oct 2020 11:24:35|20|shiji@forstarfoods.com|DailyCatchEntry_New.php
9 Oct 2020 11:24:37|20|shiji@forstarfoods.com|DailyCatchEntry_New.php
9 Oct 2020 11:24:38|20|shiji@forstarfoods.com|DailyCatchEntry_New.php
9 Oct 2020 11:24:39|20|shiji@forstarfoods.com|DailyCatchEntry_New.php
9 Oct 2020 11:24:40|20|shiji@forstarfoods.com|DailyCatchEntry_New.php
9 Oct 2020 11:24:52|20|shiji@forstarfoods.com|DailyCatchEntry_New.php
9 Oct 2020 11:24:54|20|shiji@forstarfoods.com|DailyCatchEntry_New.php
9 Oct 2020 11:24:55|20|shiji@forstarfoods.com|CatchEntryDeclaredItem.php
9 Oct 2020 11:25:00|20|shiji@forstarfoods.com|DailyCatchEntry_New.php
9 Oct 2020 11:25:03|20|shiji@forstarfoods.com|DailyCatchEntry_New.php
9 Oct 2020 11:25:04|20|shiji@forstarfoods.com|DailyCatchEntry_New.php
9 Oct 2020 11:25:06|20|shiji@forstarfoods.com|DailyCatchEntry_New.php
9 Oct 2020 11:25:07|20|shiji@forstarfoods.com|DailyCatchEntry_New.php
9 Oct 2020 11:25:08|20|shiji@forstarfoods.com|DailyCatchEntry_New.php
9 Oct 2020 11:25:09|20|shiji@forstarfoods.com|DailyCatchEntry_New.php
9 Oct 2020 11:25:10|20|shiji@forstarfoods.com|DailyCatchEntry_New.php
9 Oct 2020 11:25:12|20|shiji@forstarfoods.com|DailyCatchEntry_New.php
9 Oct 2020 11:25:13|20|shiji@forstarfoods.com|DailyCatchEntry_New.php
9 Oct 2020 11:25:14|20|shiji@forstarfoods.com|DailyCatchEntry_New.php
9 Oct 2020 11:25:15|20|shiji@forstarfoods.com|DailyCatchEntry_New.php
9 Oct 2020 11:25:17|20|shiji@forstarfoods.com|DailyCatchEntry_New.php
9 Oct 2020 11:25:18|20|shiji@forstarfoods.com|DailyCatchEntry_New.php
9 Oct 2020 11:25:19|20|shiji@forstarfoods.com|DailyCatchEntry_New.php
9 Oct 2020 11:25:20|20|shiji@forstarfoods.com|DailyCatchEntry_New.php
9 Oct 2020 11:25:22|20|shiji@forstarfoods.com|DailyCatchEntry_New.php
9 Oct 2020 11:25:24|20|shiji@forstarfoods.com|DailyCatchEntry_New.php
9 Oct 2020 11:25:25|20|shiji@forstarfoods.com|CatchEntryDeclaredItem.php
9 Oct 2020 11:25:27|20|shiji@forstarfoods.com|DailyCatchEntry_New.php
9 Oct 2020 11:25:28|20|shiji@forstarfoods.com|DailyCatchEntry_New.php
9 Oct 2020 11:25:29|20|shiji@forstarfoods.com|DailyCatchEntry_New.php
9 Oct 2020 11:25:31|20|shiji@forstarfoods.com|DailyCatchEntry_New.php
9 Oct 2020 11:25:35|20|shiji@forstarfoods.com|DailyCatchEntry_New.php
9 Oct 2020 11:25:37|20|shiji@forstarfoods.com|CatchEntryDeclaredItem.php
9 Oct 2020 11:25:44|20|shiji@forstarfoods.com|DailyCatchEntry_New.php
9 Oct 2020 11:25:50|20|shiji@forstarfoods.com|DailyCatchEntry_New.php
9 Oct 2020 11:25:53|20|shiji@forstarfoods.com|DailyCatchEntry_New.php
9 Oct 2020 11:25:55|20|shiji@forstarfoods.com|DailyCatchEntry_New.php
9 Oct 2020 11:25:57|20|shiji@forstarfoods.com|DailyCatchEntry_New.php
9 Oct 2020 11:25:58|20|shiji@forstarfoods.com|DailyCatchEntry_New.php
9 Oct 2020 11:25:59|20|shiji@forstarfoods.com|DailyCatchEntry_New.php
9 Oct 2020 11:26:00|20|shiji@forstarfoods.com|DailyCatchEntry_New.php
9 Oct 2020 11:26:02|20|shiji@forstarfoods.com|DailyCatchEntry_New.php
9 Oct 2020 11:26:03|20|shiji@forstarfoods.com|DailyCatchEntry_New.php
9 Oct 2020 11:26:04|20|shiji@forstarfoods.com|DailyCatchEntry_New.php
9 Oct 2020 11:26:05|20|shiji@forstarfoods.com|DailyCatchEntry_New.php
9 Oct 2020 11:26:07|20|shiji@forstarfoods.com|DailyCatchEntry_New.php
9 Oct 2020 11:26:08|20|shiji@forstarfoods.com|DailyCatchEntry_New.php
9 Oct 2020 11:26:09|20|shiji@forstarfoods.com|DailyCatchEntry_New.php
9 Oct 2020 11:26:10|20|shiji@forstarfoods.com|DailyCatchEntry_New.php
9 Oct 2020 11:26:11|20|shiji@forstarfoods.com|DailyCatchEntry_New.php
9 Oct 2020 11:26:13|20|shiji@forstarfoods.com|DailyCatchEntry_New.php
9 Oct 2020 11:26:14|20|shiji@forstarfoods.com|DailyCatchEntry_New.php
9 Oct 2020 11:26:15|20|shiji@forstarfoods.com|DailyCatchEntry_New.php
9 Oct 2020 11:26:16|20|shiji@forstarfoods.com|DailyCatchEntry_New.php
9 Oct 2020 11:26:18|20|shiji@forstarfoods.com|DailyCatchEntry_New.php
9 Oct 2020 11:26:19|20|shiji@forstarfoods.com|DailyCatchEntry_New.php
9 Oct 2020 11:26:20|20|shiji@forstarfoods.com|DailyCatchEntry_New.php
9 Oct 2020 11:26:21|20|shiji@forstarfoods.com|DailyCatchEntry_New.php
9 Oct 2020 11:26:23|20|shiji@forstarfoods.com|DailyCatchEntry_New.php
9 Oct 2020 11:26:24|20|shiji@forstarfoods.com|DailyCatchEntry_New.php
9 Oct 2020 11:26:25|20|shiji@forstarfoods.com|DailyCatchEntry_New.php
9 Oct 2020 11:26:26|20|shiji@forstarfoods.com|DailyCatchEntry_New.php
9 Oct 2020 11:26:27|20|shiji@forstarfoods.com|DailyCatchEntry_New.php
9 Oct 2020 11:26:29|20|shiji@forstarfoods.com|DailyCatchEntry_New.php
9 Oct 2020 11:26:30|20|shiji@forstarfoods.com|DailyCatchEntry_New.php
9 Oct 2020 11:26:31|20|shiji@forstarfoods.com|DailyCatchEntry_New.php
9 Oct 2020 11:26:32|20|shiji@forstarfoods.com|DailyCatchEntry_New.php
9 Oct 2020 11:26:34|20|shiji@forstarfoods.com|DailyCatchEntry_New.php
9 Oct 2020 11:26:35|20|shiji@forstarfoods.com|DailyCatchEntry_New.php
9 Oct 2020 11:26:58|20|shiji@forstarfoods.com|DailyCatchEntry_New.php
9 Oct 2020 11:27:01|20|shiji@forstarfoods.com|DailyCatchEntry_New.php
9 Oct 2020 11:27:02|20|shiji@forstarfoods.com|CatchEntryDeclaredItem.php
9 Oct 2020 11:27:04|20|shiji@forstarfoods.com|DailyCatchEntry_New.php
9 Oct 2020 11:27:07|20|shiji@forstarfoods.com|DailyCatchEntry_New.php
9 Oct 2020 11:27:09|20|shiji@forstarfoods.com|DailyCatchEntry_New.php
9 Oct 2020 11:27:10|20|shiji@forstarfoods.com|DailyCatchEntry_New.php
9 Oct 2020 11:27:11|20|shiji@forstarfoods.com|DailyCatchEntry_New.php
9 Oct 2020 11:27:12|20|shiji@forstarfoods.com|DailyCatchEntry_New.php
9 Oct 2020 11:27:14|20|shiji@forstarfoods.com|DailyCatchEntry_New.php
9 Oct 2020 11:27:15|20|shiji@forstarfoods.com|DailyCatchEntry_New.php
9 Oct 2020 11:27:16|20|shiji@forstarfoods.com|DailyCatchEntry_New.php
9 Oct 2020 11:27:17|20|shiji@forstarfoods.com|DailyCatchEntry_New.php
9 Oct 2020 11:27:20|20|shiji@forstarfoods.com|DailyCatchEntry_New.php
9 Oct 2020 11:27:22|20|shiji@forstarfoods.com|DailyCatchEntry_New.php
9 Oct 2020 11:27:23|20|shiji@forstarfoods.com|CatchEntryDeclaredItem.php
9 Oct 2020 11:27:26|20|shiji@forstarfoods.com|DailyCatchEntry_New.php
9 Oct 2020 11:27:28|20|shiji@forstarfoods.com|DailyCatchEntry_New.php
9 Oct 2020 11:27:30|20|shiji@forstarfoods.com|DailyCatchEntry_New.php
9 Oct 2020 11:27:32|20|shiji@forstarfoods.com|DailyCatchEntry_New.php
9 Oct 2020 11:27:33|20|shiji@forstarfoods.com|DailyCatchEntry_New.php
9 Oct 2020 11:27:34|20|shiji@forstarfoods.com|DailyCatchEntry_New.php
9 Oct 2020 11:27:35|20|shiji@forstarfoods.com|DailyCatchEntry_New.php
9 Oct 2020 11:27:37|20|shiji@forstarfoods.com|DailyCatchEntry_New.php
9 Oct 2020 11:27:38|20|shiji@forstarfoods.com|DailyCatchEntry_New.php
9 Oct 2020 11:27:39|20|shiji@forstarfoods.com|DailyCatchEntry_New.php
9 Oct 2020 11:27:40|20|shiji@forstarfoods.com|DailyCatchEntry_New.php
9 Oct 2020 11:27:41|20|shiji@forstarfoods.com|DailyCatchEntry_New.php
9 Oct 2020 11:27:43|20|shiji@forstarfoods.com|DailyCatchEntry_New.php
9 Oct 2020 11:27:44|20|shiji@forstarfoods.com|DailyCatchEntry_New.php
9 Oct 2020 11:27:45|20|shiji@forstarfoods.com|DailyCatchEntry_New.php
9 Oct 2020 11:27:46|20|shiji@forstarfoods.com|DailyCatchEntry_New.php
9 Oct 2020 11:27:48|20|shiji@forstarfoods.com|DailyCatchEntry_New.php
9 Oct 2020 11:27:49|20|shiji@forstarfoods.com|DailyCatchEntry_New.php
9 Oct 2020 11:27:50|20|shiji@forstarfoods.com|DailyCatchEntry_New.php
9 Oct 2020 11:27:51|20|shiji@forstarfoods.com|DailyCatchEntry_New.php
9 Oct 2020 11:27:53|20|shiji@forstarfoods.com|DailyCatchEntry_New.php
9 Oct 2020 11:27:54|20|shiji@forstarfoods.com|DailyCatchEntry_New.php
9 Oct 2020 11:27:55|20|shiji@forstarfoods.com|DailyCatchEntry_New.php
9 Oct 2020 11:27:56|20|shiji@forstarfoods.com|DailyCatchEntry_New.php
9 Oct 2020 11:27:57|20|shiji@forstarfoods.com|DailyCatchEntry_New.php
9 Oct 2020 11:27:59|20|shiji@forstarfoods.com|DailyCatchEntry_New.php
9 Oct 2020 11:28:00|20|shiji@forstarfoods.com|DailyCatchEntry_New.php
9 Oct 2020 11:28:46|20|shiji@forstarfoods.com|DailyCatchEntry_New.php
9 Oct 2020 11:28:49|20|shiji@forstarfoods.com|DailyCatchEntry_New.php
9 Oct 2020 11:28:50|20|shiji@forstarfoods.com|CatchEntryDeclaredItem.php
9 Oct 2020 11:29:00|20|shiji@forstarfoods.com|DailyCatchEntry_New.php
9 Oct 2020 11:29:03|20|shiji@forstarfoods.com|DailyCatchEntry_New.php
9 Oct 2020 11:29:07|20|shiji@forstarfoods.com|DailyCatchEntry_New.php
9 Oct 2020 11:29:08|20|shiji@forstarfoods.com|DailyCatchEntry_New.php
9 Oct 2020 11:29:10|20|shiji@forstarfoods.com|DailyCatchEntry_New.php
9 Oct 2020 11:29:11|20|shiji@forstarfoods.com|DailyCatchEntry_New.php
9 Oct 2020 11:29:12|20|shiji@forstarfoods.com|DailyCatchEntry_New.php
9 Oct 2020 11:29:13|20|shiji@forstarfoods.com|DailyCatchEntry_New.php
9 Oct 2020 11:29:15|20|shiji@forstarfoods.com|DailyCatchEntry_New.php
9 Oct 2020 11:29:16|20|shiji@forstarfoods.com|DailyCatchEntry_New.php
9 Oct 2020 11:29:17|20|shiji@forstarfoods.com|DailyCatchEntry_New.php
9 Oct 2020 11:29:18|20|shiji@forstarfoods.com|DailyCatchEntry_New.php
9 Oct 2020 11:29:20|20|shiji@forstarfoods.com|DailyCatchEntry_New.php
9 Oct 2020 11:29:21|20|shiji@forstarfoods.com|DailyCatchEntry_New.php
9 Oct 2020 11:29:22|20|shiji@forstarfoods.com|DailyCatchEntry_New.php
9 Oct 2020 11:29:23|20|shiji@forstarfoods.com|DailyCatchEntry_New.php
9 Oct 2020 11:29:25|20|shiji@forstarfoods.com|DailyCatchEntry_New.php
9 Oct 2020 11:29:28|20|shiji@forstarfoods.com|DailyCatchEntry_New.php
9 Oct 2020 11:29:29|20|shiji@forstarfoods.com|CatchEntryDeclaredItem.php
9 Oct 2020 11:29:31|20|shiji@forstarfoods.com|DailyCatchEntry_New.php
9 Oct 2020 11:29:32|20|shiji@forstarfoods.com|DailyCatchEntry_New.php
9 Oct 2020 11:29:33|20|shiji@forstarfoods.com|DailyCatchEntry_New.php
9 Oct 2020 11:29:37|20|shiji@forstarfoods.com|DailyCatchEntry_New.php
9 Oct 2020 11:29:39|20|shiji@forstarfoods.com|DailyCatchEntry_New.php
9 Oct 2020 11:29:41|20|shiji@forstarfoods.com|CatchEntryDeclaredItem.php
9 Oct 2020 11:29:49|20|shiji@forstarfoods.com|DailyCatchEntry_New.php
9 Oct 2020 11:29:53|20|shiji@forstarfoods.com|DailyCatchEntry_New.php
9 Oct 2020 11:30:00|20|shiji@forstarfoods.com|DailyCatchEntry_New.php
9 Oct 2020 11:30:02|20|shiji@forstarfoods.com|DailyCatchEntry_New.php
9 Oct 2020 11:30:05|20|shiji@forstarfoods.com|DailyCatchEntry_New.php
9 Oct 2020 11:30:06|20|shiji@forstarfoods.com|DailyCatchEntry_New.php
9 Oct 2020 11:30:07|20|shiji@forstarfoods.com|DailyCatchEntry_New.php
9 Oct 2020 11:30:08|20|shiji@forstarfoods.com|DailyCatchEntry_New.php
9 Oct 2020 11:30:10|20|shiji@forstarfoods.com|DailyCatchEntry_New.php
9 Oct 2020 11:30:11|20|shiji@forstarfoods.com|DailyCatchEntry_New.php
9 Oct 2020 11:30:12|20|shiji@forstarfoods.com|DailyCatchEntry_New.php
9 Oct 2020 11:30:13|20|shiji@forstarfoods.com|DailyCatchEntry_New.php
9 Oct 2020 11:30:14|20|shiji@forstarfoods.com|DailyCatchEntry_New.php
9 Oct 2020 11:30:16|20|shiji@forstarfoods.com|DailyCatchEntry_New.php
9 Oct 2020 11:30:17|20|shiji@forstarfoods.com|DailyCatchEntry_New.php
9 Oct 2020 11:30:18|20|shiji@forstarfoods.com|DailyCatchEntry_New.php
9 Oct 2020 11:30:19|20|shiji@forstarfoods.com|DailyCatchEntry_New.php
9 Oct 2020 11:30:21|20|shiji@forstarfoods.com|DailyCatchEntry_New.php
9 Oct 2020 11:30:22|20|shiji@forstarfoods.com|DailyCatchEntry_New.php
9 Oct 2020 11:30:23|20|shiji@forstarfoods.com|DailyCatchEntry_New.php
9 Oct 2020 11:30:24|20|shiji@forstarfoods.com|DailyCatchEntry_New.php
9 Oct 2020 11:30:26|20|shiji@forstarfoods.com|DailyCatchEntry_New.php
9 Oct 2020 11:30:27|20|shiji@forstarfoods.com|DailyCatchEntry_New.php
9 Oct 2020 11:30:28|20|shiji@forstarfoods.com|DailyCatchEntry_New.php
9 Oct 2020 11:30:29|20|shiji@forstarfoods.com|DailyCatchEntry_New.php
9 Oct 2020 11:30:31|20|shiji@forstarfoods.com|DailyCatchEntry_New.php
9 Oct 2020 11:30:32|20|shiji@forstarfoods.com|DailyCatchEntry_New.php
9 Oct 2020 11:30:33|20|shiji@forstarfoods.com|DailyCatchEntry_New.php
9 Oct 2020 11:30:34|20|shiji@forstarfoods.com|DailyCatchEntry_New.php
9 Oct 2020 11:30:35|20|shiji@forstarfoods.com|DailyCatchEntry_New.php
9 Oct 2020 11:30:37|20|shiji@forstarfoods.com|DailyCatchEntry_New.php
9 Oct 2020 11:30:38|20|shiji@forstarfoods.com|DailyCatchEntry_New.php
9 Oct 2020 11:30:39|20|shiji@forstarfoods.com|DailyCatchEntry_New.php
9 Oct 2020 11:30:40|20|shiji@forstarfoods.com|DailyCatchEntry_New.php
9 Oct 2020 11:30:42|20|shiji@forstarfoods.com|DailyCatchEntry_New.php
9 Oct 2020 11:30:43|20|shiji@forstarfoods.com|DailyCatchEntry_New.php
9 Oct 2020 11:30:44|20|shiji@forstarfoods.com|DailyCatchEntry_New.php
9 Oct 2020 11:30:45|20|shiji@forstarfoods.com|DailyCatchEntry_New.php
9 Oct 2020 11:30:47|20|shiji@forstarfoods.com|DailyCatchEntry_New.php
9 Oct 2020 11:30:48|20|shiji@forstarfoods.com|DailyCatchEntry_New.php
9 Oct 2020 11:30:57|20|shiji@forstarfoods.com|DailyCatchEntry_New.php
9 Oct 2020 11:30:59|20|shiji@forstarfoods.com|DailyCatchEntry_New.php
9 Oct 2020 11:31:00|20|shiji@forstarfoods.com|CatchEntryDeclaredItem.php
9 Oct 2020 11:31:02|20|shiji@forstarfoods.com|DailyCatchEntry_New.php
9 Oct 2020 11:31:04|20|shiji@forstarfoods.com|DailyCatchEntry_New.php
9 Oct 2020 11:31:07|20|shiji@forstarfoods.com|DailyCatchEntry_New.php
9 Oct 2020 11:31:08|20|shiji@forstarfoods.com|DailyCatchEntry_New.php
9 Oct 2020 11:31:09|20|shiji@forstarfoods.com|DailyCatchEntry_New.php
9 Oct 2020 11:31:10|20|shiji@forstarfoods.com|DailyCatchEntry_New.php
9 Oct 2020 11:31:12|20|shiji@forstarfoods.com|DailyCatchEntry_New.php
9 Oct 2020 11:31:13|20|shiji@forstarfoods.com|DailyCatchEntry_New.php
9 Oct 2020 11:31:14|20|shiji@forstarfoods.com|DailyCatchEntry_New.php
9 Oct 2020 11:31:15|20|shiji@forstarfoods.com|DailyCatchEntry_New.php
9 Oct 2020 11:31:16|20|shiji@forstarfoods.com|DailyCatchEntry_New.php
9 Oct 2020 11:31:18|20|shiji@forstarfoods.com|DailyCatchEntry_New.php
9 Oct 2020 11:31:19|20|shiji@forstarfoods.com|DailyCatchEntry_New.php
9 Oct 2020 11:31:20|20|shiji@forstarfoods.com|DailyCatchEntry_New.php
9 Oct 2020 11:31:21|20|shiji@forstarfoods.com|DailyCatchEntry_New.php
9 Oct 2020 11:31:23|20|shiji@forstarfoods.com|DailyCatchEntry_New.php
9 Oct 2020 11:31:24|20|shiji@forstarfoods.com|DailyCatchEntry_New.php
9 Oct 2020 11:31:25|20|shiji@forstarfoods.com|DailyCatchEntry_New.php
9 Oct 2020 11:31:26|20|shiji@forstarfoods.com|DailyCatchEntry_New.php
9 Oct 2020 11:31:28|20|shiji@forstarfoods.com|DailyCatchEntry_New.php
9 Oct 2020 11:31:29|20|shiji@forstarfoods.com|DailyCatchEntry_New.php
9 Oct 2020 11:31:30|20|shiji@forstarfoods.com|DailyCatchEntry_New.php
9 Oct 2020 11:31:31|20|shiji@forstarfoods.com|DailyCatchEntry_New.php
9 Oct 2020 11:31:33|20|shiji@forstarfoods.com|DailyCatchEntry_New.php
9 Oct 2020 11:31:34|20|shiji@forstarfoods.com|DailyCatchEntry_New.php
9 Oct 2020 11:31:35|20|shiji@forstarfoods.com|DailyCatchEntry_New.php
9 Oct 2020 11:32:03|20|shiji@forstarfoods.com|DailyCatchEntry_New.php
9 Oct 2020 11:32:06|20|shiji@forstarfoods.com|DailyCatchEntry_New.php
9 Oct 2020 11:32:07|20|shiji@forstarfoods.com|CatchEntryDeclaredItem.php
9 Oct 2020 11:32:10|20|shiji@forstarfoods.com|DailyCatchEntry_New.php
9 Oct 2020 11:32:12|20|shiji@forstarfoods.com|DailyCatchEntry_New.php
9 Oct 2020 11:32:14|20|shiji@forstarfoods.com|DailyCatchEntry_New.php
9 Oct 2020 11:32:15|20|shiji@forstarfoods.com|DailyCatchEntry_New.php
9 Oct 2020 11:32:17|20|shiji@forstarfoods.com|DailyCatchEntry_New.php
9 Oct 2020 11:32:18|20|shiji@forstarfoods.com|DailyCatchEntry_New.php
9 Oct 2020 11:32:19|20|shiji@forstarfoods.com|DailyCatchEntry_New.php
9 Oct 2020 11:32:20|20|shiji@forstarfoods.com|DailyCatchEntry_New.php
9 Oct 2020 11:32:22|20|shiji@forstarfoods.com|DailyCatchEntry_New.php
9 Oct 2020 11:32:23|20|shiji@forstarfoods.com|DailyCatchEntry_New.php
9 Oct 2020 11:32:24|20|shiji@forstarfoods.com|DailyCatchEntry_New.php
9 Oct 2020 11:32:25|20|shiji@forstarfoods.com|DailyCatchEntry_New.php
9 Oct 2020 11:32:27|20|shiji@forstarfoods.com|DailyCatchEntry_New.php
9 Oct 2020 11:32:28|20|shiji@forstarfoods.com|DailyCatchEntry_New.php
9 Oct 2020 11:32:29|20|shiji@forstarfoods.com|DailyCatchEntry_New.php
9 Oct 2020 11:32:30|20|shiji@forstarfoods.com|DailyCatchEntry_New.php
9 Oct 2020 11:32:32|20|shiji@forstarfoods.com|DailyCatchEntry_New.php
9 Oct 2020 11:32:33|20|shiji@forstarfoods.com|DailyCatchEntry_New.php
9 Oct 2020 11:32:34|20|shiji@forstarfoods.com|DailyCatchEntry_New.php
9 Oct 2020 11:32:35|20|shiji@forstarfoods.com|DailyCatchEntry_New.php
9 Oct 2020 11:32:37|20|shiji@forstarfoods.com|DailyCatchEntry_New.php
9 Oct 2020 11:32:38|20|shiji@forstarfoods.com|DailyCatchEntry_New.php
9 Oct 2020 11:32:39|20|shiji@forstarfoods.com|DailyCatchEntry_New.php
9 Oct 2020 11:32:40|20|shiji@forstarfoods.com|DailyCatchEntry_New.php
9 Oct 2020 11:32:41|20|shiji@forstarfoods.com|DailyCatchEntry_New.php
9 Oct 2020 11:32:43|20|shiji@forstarfoods.com|DailyCatchEntry_New.php
9 Oct 2020 11:32:44|20|shiji@forstarfoods.com|DailyCatchEntry_New.php
9 Oct 2020 11:32:49|20|shiji@forstarfoods.com|DailyCatchEntry_New.php
9 Oct 2020 11:32:51|20|shiji@forstarfoods.com|DailyCatchEntry_New.php
9 Oct 2020 11:32:52|20|shiji@forstarfoods.com|CatchEntryDeclaredItem.php
9 Oct 2020 11:32:59|20|shiji@forstarfoods.com|DailyCatchEntry_New.php
9 Oct 2020 11:33:00|20|shiji@forstarfoods.com|DailyCatchEntry_New.php
9 Oct 2020 11:33:01|20|shiji@forstarfoods.com|DailyCatchEntry_New.php
9 Oct 2020 11:33:03|20|shiji@forstarfoods.com|DailyCatchEntry_New.php
9 Oct 2020 11:33:04|20|shiji@forstarfoods.com|DailyCatchEntry_New.php
9 Oct 2020 11:33:09|20|shiji@forstarfoods.com|DailyCatchEntry_New.php
9 Oct 2020 11:33:10|20|shiji@forstarfoods.com|CatchEntryDeclaredItem.php
9 Oct 2020 11:33:30|20|shiji@forstarfoods.com|DailyCatchEntry_New.php
9 Oct 2020 11:33:34|20|shiji@forstarfoods.com|DailyCatchEntry_New.php
9 Oct 2020 11:33:36|20|shiji@forstarfoods.com|DailyCatchEntry_New.php
9 Oct 2020 11:33:40|20|shiji@forstarfoods.com|DailyCatchEntry_New.php
9 Oct 2020 11:33:42|20|shiji@forstarfoods.com|DailyCatchEntry_New.php
9 Oct 2020 11:33:43|20|shiji@forstarfoods.com|DailyCatchEntry_New.php
9 Oct 2020 11:33:44|20|shiji@forstarfoods.com|DailyCatchEntry_New.php
9 Oct 2020 11:33:45|20|shiji@forstarfoods.com|DailyCatchEntry_New.php
9 Oct 2020 11:33:46|20|shiji@forstarfoods.com|DailyCatchEntry_New.php
9 Oct 2020 11:33:48|20|shiji@forstarfoods.com|DailyCatchEntry_New.php
9 Oct 2020 11:33:49|20|shiji@forstarfoods.com|DailyCatchEntry_New.php
9 Oct 2020 11:33:50|20|shiji@forstarfoods.com|DailyCatchEntry_New.php
9 Oct 2020 11:33:51|20|shiji@forstarfoods.com|DailyCatchEntry_New.php
9 Oct 2020 11:33:53|20|shiji@forstarfoods.com|DailyCatchEntry_New.php
9 Oct 2020 11:33:54|20|shiji@forstarfoods.com|DailyCatchEntry_New.php
9 Oct 2020 11:33:55|20|shiji@forstarfoods.com|DailyCatchEntry_New.php
9 Oct 2020 11:33:56|20|shiji@forstarfoods.com|DailyCatchEntry_New.php
9 Oct 2020 11:33:58|20|shiji@forstarfoods.com|DailyCatchEntry_New.php
9 Oct 2020 11:33:59|20|shiji@forstarfoods.com|DailyCatchEntry_New.php
9 Oct 2020 11:34:01|20|shiji@forstarfoods.com|DailyCatchEntry_New.php
9 Oct 2020 11:34:03|20|shiji@forstarfoods.com|DailyCatchEntry_New.php
9 Oct 2020 11:34:04|20|shiji@forstarfoods.com|CatchEntryDeclaredItem.php
9 Oct 2020 11:35:23|20|shiji@forstarfoods.com|DailyCatchEntry_New.php
9 Oct 2020 11:35:26|20|shiji@forstarfoods.com|DailyCatchEntry_New.php
9 Oct 2020 11:35:28|20|shiji@forstarfoods.com|DailyCatchEntry_New.php
9 Oct 2020 11:35:29|20|shiji@forstarfoods.com|DailyCatchEntry_New.php
9 Oct 2020 11:35:30|20|shiji@forstarfoods.com|DailyCatchEntry_New.php
9 Oct 2020 11:35:31|20|shiji@forstarfoods.com|DailyCatchEntry_New.php
9 Oct 2020 11:35:33|20|shiji@forstarfoods.com|DailyCatchEntry_New.php
9 Oct 2020 11:35:34|20|shiji@forstarfoods.com|DailyCatchEntry_New.php
9 Oct 2020 11:35:35|20|shiji@forstarfoods.com|DailyCatchEntry_New.php
9 Oct 2020 11:35:36|20|shiji@forstarfoods.com|DailyCatchEntry_New.php
9 Oct 2020 11:35:37|20|shiji@forstarfoods.com|DailyCatchEntry_New.php
9 Oct 2020 11:35:39|20|shiji@forstarfoods.com|DailyCatchEntry_New.php
9 Oct 2020 11:35:40|20|shiji@forstarfoods.com|DailyCatchEntry_New.php
9 Oct 2020 11:35:41|20|shiji@forstarfoods.com|DailyCatchEntry_New.php
9 Oct 2020 11:35:42|20|shiji@forstarfoods.com|DailyCatchEntry_New.php
9 Oct 2020 11:35:44|20|shiji@forstarfoods.com|DailyCatchEntry_New.php
9 Oct 2020 11:35:45|20|shiji@forstarfoods.com|DailyCatchEntry_New.php
9 Oct 2020 11:35:46|20|shiji@forstarfoods.com|DailyCatchEntry_New.php
9 Oct 2020 11:35:59|20|shiji@forstarfoods.com|DailyCatchEntry_New.php
9 Oct 2020 11:36:01|20|shiji@forstarfoods.com|DailyCatchEntry_New.php
9 Oct 2020 11:36:05|20|shiji@forstarfoods.com|DailyCatchEntry_New.php
9 Oct 2020 11:36:06|20|shiji@forstarfoods.com|DailyCatchEntry_New.php
9 Oct 2020 11:36:07|20|shiji@forstarfoods.com|DailyCatchEntry_New.php
9 Oct 2020 11:36:09|20|shiji@forstarfoods.com|DailyCatchEntry_New.php
9 Oct 2020 11:36:10|20|shiji@forstarfoods.com|DailyCatchEntry_New.php
9 Oct 2020 11:36:11|20|shiji@forstarfoods.com|DailyCatchEntry_New.php
9 Oct 2020 11:36:12|20|shiji@forstarfoods.com|DailyCatchEntry_New.php
9 Oct 2020 11:36:14|20|shiji@forstarfoods.com|DailyCatchEntry_New.php
9 Oct 2020 11:36:15|20|shiji@forstarfoods.com|DailyCatchEntry_New.php
9 Oct 2020 11:36:16|20|shiji@forstarfoods.com|DailyCatchEntry_New.php
9 Oct 2020 11:36:17|20|shiji@forstarfoods.com|DailyCatchEntry_New.php
9 Oct 2020 11:36:18|20|shiji@forstarfoods.com|DailyCatchEntry_New.php
9 Oct 2020 11:36:20|20|shiji@forstarfoods.com|DailyCatchEntry_New.php
9 Oct 2020 11:36:21|20|shiji@forstarfoods.com|DailyCatchEntry_New.php
9 Oct 2020 11:36:22|20|shiji@forstarfoods.com|DailyCatchEntry_New.php
9 Oct 2020 11:36:23|20|shiji@forstarfoods.com|DailyCatchEntry_New.php
9 Oct 2020 11:36:47|20|shiji@forstarfoods.com|DailyCatchEntry_New.php
9 Oct 2020 11:36:50|20|shiji@forstarfoods.com|DailyCatchEntry_New.php
9 Oct 2020 11:36:52|20|shiji@forstarfoods.com|CatchEntryDeclaredItem.php
9 Oct 2020 11:36:55|20|shiji@forstarfoods.com|DailyCatchEntry_New.php
9 Oct 2020 11:36:57|20|shiji@forstarfoods.com|DailyCatchEntry_New.php
9 Oct 2020 11:36:59|20|shiji@forstarfoods.com|DailyCatchEntry_New.php
9 Oct 2020 11:37:01|20|shiji@forstarfoods.com|DailyCatchEntry_New.php
9 Oct 2020 11:37:02|20|shiji@forstarfoods.com|DailyCatchEntry_New.php
9 Oct 2020 11:37:03|20|shiji@forstarfoods.com|DailyCatchEntry_New.php
9 Oct 2020 11:37:04|20|shiji@forstarfoods.com|DailyCatchEntry_New.php
9 Oct 2020 11:37:05|20|shiji@forstarfoods.com|DailyCatchEntry_New.php
9 Oct 2020 11:37:07|20|shiji@forstarfoods.com|DailyCatchEntry_New.php
9 Oct 2020 11:37:08|20|shiji@forstarfoods.com|DailyCatchEntry_New.php
9 Oct 2020 11:37:09|20|shiji@forstarfoods.com|DailyCatchEntry_New.php
9 Oct 2020 11:37:10|20|shiji@forstarfoods.com|DailyCatchEntry_New.php
9 Oct 2020 11:37:12|20|shiji@forstarfoods.com|DailyCatchEntry_New.php
9 Oct 2020 11:37:13|20|shiji@forstarfoods.com|DailyCatchEntry_New.php
9 Oct 2020 11:37:14|20|shiji@forstarfoods.com|DailyCatchEntry_New.php
9 Oct 2020 11:37:15|20|shiji@forstarfoods.com|DailyCatchEntry_New.php
9 Oct 2020 11:37:17|20|shiji@forstarfoods.com|DailyCatchEntry_New.php
9 Oct 2020 11:37:18|20|shiji@forstarfoods.com|DailyCatchEntry_New.php
9 Oct 2020 11:37:19|20|shiji@forstarfoods.com|DailyCatchEntry_New.php
9 Oct 2020 11:37:20|20|shiji@forstarfoods.com|DailyCatchEntry_New.php
9 Oct 2020 11:37:22|20|shiji@forstarfoods.com|DailyCatchEntry_New.php
9 Oct 2020 11:37:23|20|shiji@forstarfoods.com|DailyCatchEntry_New.php
9 Oct 2020 11:37:24|20|shiji@forstarfoods.com|DailyCatchEntry_New.php
9 Oct 2020 11:37:25|20|shiji@forstarfoods.com|DailyCatchEntry_New.php
9 Oct 2020 11:37:26|20|shiji@forstarfoods.com|DailyCatchEntry_New.php
9 Oct 2020 11:37:28|20|shiji@forstarfoods.com|DailyCatchEntry_New.php
9 Oct 2020 11:37:29|20|shiji@forstarfoods.com|DailyCatchEntry_New.php
9 Oct 2020 11:37:35|20|shiji@forstarfoods.com|DailyCatchEntry_New.php
9 Oct 2020 11:37:36|20|shiji@forstarfoods.com|CatchEntryDeclaredItem.php
9 Oct 2020 11:38:04|20|shiji@forstarfoods.com|DailyCatchEntry_New.php
9 Oct 2020 11:43:05|20|shiji@forstarfoods.com|DailyCatchEntry_New.php
9 Oct 2020 11:55:21|20|shiji@forstarfoods.com|DailyCatchEntry_New.php
9 Oct 2020 11:55:25|20|shiji@forstarfoods.com|DailyCatchSummary.php
9 Oct 2020 11:55:29|20|shiji@forstarfoods.com|DailyCatchSummary.php
9 Oct 2020 11:55:47|20|shiji@forstarfoods.com|DailyCatchSummary.php
9 Oct 2020 11:55:52|20|shiji@forstarfoods.com|DailyCatchSummary.php
9 Oct 2020 11:56:00|20|shiji@forstarfoods.com|DailyCatchSummary.php
9 Oct 2020 11:56:04|20|shiji@forstarfoods.com|DailyCatchSummary.php
9 Oct 2020 11:59:43|20|shiji@forstarfoods.com|DailyCatchSummary.php
9 Oct 2020 11:59:46|20|shiji@forstarfoods.com|DailyCatchSummary.php
9 Oct 2020 12:00:13|20|shiji@forstarfoods.com|DailyCatchSummary.php
9 Oct 2020 12:00:16|20|shiji@forstarfoods.com|DailyCatchSummary.php
9 Oct 2020 12:00:20|20|shiji@forstarfoods.com|DailyCatchSummary.php
9 Oct 2020 12:00:22|20|shiji@forstarfoods.com|DailyCatchSummary.php
9 Oct 2020 12:08:33|20|shiji@forstarfoods.com|DailyCatchEntry_New.php
9 Oct 2020 12:08:36|20|shiji@forstarfoods.com|DailyCatchEntry_New.php
9 Oct 2020 12:08:37|20|shiji@forstarfoods.com|DailyCatchEntry_New.php
9 Oct 2020 12:08:39|20|shiji@forstarfoods.com|DailyCatchEntry_New.php
9 Oct 2020 12:08:40|20|shiji@forstarfoods.com|DailyCatchEntry_New.php
9 Oct 2020 12:08:41|20|shiji@forstarfoods.com|CatchEntryDeclaredItem.php
9 Oct 2020 12:08:42|20|shiji@forstarfoods.com|DailyCatchEntry_New.php
9 Oct 2020 12:08:55|20|shiji@forstarfoods.com|DailyCatchEntry_New.php
9 Oct 2020 12:08:56|20|shiji@forstarfoods.com|DailyCatchEntry_New.php
9 Oct 2020 12:08:57|20|shiji@forstarfoods.com|DailyCatchEntry_New.php
9 Oct 2020 12:08:59|20|shiji@forstarfoods.com|DailyCatchEntry_New.php
9 Oct 2020 12:09:00|20|shiji@forstarfoods.com|DailyCatchEntry_New.php
9 Oct 2020 12:09:01|20|shiji@forstarfoods.com|DailyCatchEntry_New.php
9 Oct 2020 12:09:03|20|shiji@forstarfoods.com|DailyCatchEntry_New.php
9 Oct 2020 12:09:04|20|shiji@forstarfoods.com|DailyCatchEntry_New.php
9 Oct 2020 12:09:14|20|shiji@forstarfoods.com|DailyCatchEntry_New.php
9 Oct 2020 12:09:21|20|shiji@forstarfoods.com|DailyCatchEntry_New.php
9 Oct 2020 12:09:22|20|shiji@forstarfoods.com|CatchEntryDeclaredItem.php
9 Oct 2020 12:09:35|20|shiji@forstarfoods.com|DailyCatchEntry_New.php
9 Oct 2020 12:09:37|20|shiji@forstarfoods.com|DailyCatchEntry_New.php
9 Oct 2020 12:09:38|20|shiji@forstarfoods.com|DailyCatchEntry_New.php
9 Oct 2020 12:09:41|20|shiji@forstarfoods.com|DailyCatchEntry_New.php
9 Oct 2020 12:09:43|20|shiji@forstarfoods.com|DailyCatchEntry_New.php
9 Oct 2020 12:10:08|20|shiji@forstarfoods.com|DailyCatchEntry_New.php
9 Oct 2020 12:10:09|20|shiji@forstarfoods.com|DailyCatchEntry_New.php
9 Oct 2020 12:10:10|20|shiji@forstarfoods.com|DailyCatchEntry_New.php
9 Oct 2020 12:10:11|20|shiji@forstarfoods.com|DailyCatchEntry_New.php
9 Oct 2020 12:10:13|20|shiji@forstarfoods.com|DailyCatchEntry_New.php
9 Oct 2020 12:10:14|20|shiji@forstarfoods.com|DailyCatchEntry_New.php
9 Oct 2020 12:10:15|20|shiji@forstarfoods.com|DailyCatchEntry_New.php
9 Oct 2020 12:10:16|20|shiji@forstarfoods.com|DailyCatchEntry_New.php
9 Oct 2020 12:10:17|20|shiji@forstarfoods.com|DailyCatchEntry_New.php
9 Oct 2020 12:10:19|20|shiji@forstarfoods.com|DailyCatchEntry_New.php
9 Oct 2020 12:10:25|20|shiji@forstarfoods.com|DailyCatchEntry_New.php
9 Oct 2020 12:10:27|20|shiji@forstarfoods.com|DailyCatchEntry_New.php
9 Oct 2020 12:10:29|20|shiji@forstarfoods.com|CatchEntryDeclaredItem.php
9 Oct 2020 12:10:45|20|shiji@forstarfoods.com|DailyCatchEntry_New.php
9 Oct 2020 12:10:47|20|shiji@forstarfoods.com|DailyCatchEntry_New.php
9 Oct 2020 12:10:51|20|shiji@forstarfoods.com|DailyCatchEntry_New.php
9 Oct 2020 12:10:52|20|shiji@forstarfoods.com|DailyCatchEntry_New.php
9 Oct 2020 12:10:53|20|shiji@forstarfoods.com|DailyCatchEntry_New.php
9 Oct 2020 12:10:54|20|shiji@forstarfoods.com|DailyCatchEntry_New.php
9 Oct 2020 12:10:55|20|shiji@forstarfoods.com|DailyCatchEntry_New.php
9 Oct 2020 12:10:57|20|shiji@forstarfoods.com|DailyCatchEntry_New.php
9 Oct 2020 12:10:58|20|shiji@forstarfoods.com|DailyCatchEntry_New.php
9 Oct 2020 12:11:02|20|shiji@forstarfoods.com|DailyCatchEntry_New.php
9 Oct 2020 12:11:03|20|shiji@forstarfoods.com|CatchEntryDeclaredItem.php
9 Oct 2020 12:11:08|20|shiji@forstarfoods.com|DailyCatchEntry_New.php
9 Oct 2020 12:11:10|20|shiji@forstarfoods.com|DailyCatchEntry_New.php
9 Oct 2020 12:11:16|20|shiji@forstarfoods.com|DailyCatchEntry_New.php
9 Oct 2020 12:11:17|20|shiji@forstarfoods.com|DailyCatchEntry_New.php