
28 Aug 2020 10:25:01|20|shiji@forstarfoods.com|DailyCatchEntry_New.php
28 Aug 2020 10:25:02|20|shiji@forstarfoods.com|DailyCatchEntry_New.php
28 Aug 2020 10:25:15|20|shiji@forstarfoods.com|DailyCatchEntry_New.php
28 Aug 2020 10:25:17|20|shiji@forstarfoods.com|DailyCatchEntry_New.php
28 Aug 2020 10:25:19|20|shiji@forstarfoods.com|DailyCatchEntry_New.php
28 Aug 2020 10:25:25|20|shiji@forstarfoods.com|DailyCatchEntry_New.php
28 Aug 2020 10:25:26|20|shiji@forstarfoods.com|DailyCatchEntry_New.php
28 Aug 2020 10:25:27|20|shiji@forstarfoods.com|DailyCatchEntry_New.php
28 Aug 2020 10:25:29|20|shiji@forstarfoods.com|DailyCatchEntry_New.php
28 Aug 2020 10:25:30|20|shiji@forstarfoods.com|DailyCatchEntry_New.php
28 Aug 2020 10:25:31|20|shiji@forstarfoods.com|DailyCatchEntry_New.php
28 Aug 2020 10:27:10|20|shiji@forstarfoods.com|DailyCatchEntry_New.php
28 Aug 2020 10:27:12|20|shiji@forstarfoods.com|DailyCatchEntry_New.php
28 Aug 2020 10:27:14|20|shiji@forstarfoods.com|CatchEntryDeclaredItem.php
28 Aug 2020 10:27:23|20|shiji@forstarfoods.com|DailyCatchEntry_New.php
28 Aug 2020 10:27:25|20|shiji@forstarfoods.com|DailyCatchEntry_New.php
28 Aug 2020 10:27:31|20|shiji@forstarfoods.com|DailyCatchEntry_New.php
28 Aug 2020 10:27:33|20|shiji@forstarfoods.com|DailyCatchEntry_New.php
28 Aug 2020 10:27:34|20|shiji@forstarfoods.com|DailyCatchEntry_New.php
28 Aug 2020 10:27:35|20|shiji@forstarfoods.com|DailyCatchEntry_New.php
28 Aug 2020 10:27:38|20|shiji@forstarfoods.com|DailyCatchEntry_New.php
28 Aug 2020 10:27:39|20|shiji@forstarfoods.com|DailyCatchEntry_New.php
28 Aug 2020 10:27:41|20|shiji@forstarfoods.com|DailyCatchEntry_New.php
28 Aug 2020 10:27:43|20|shiji@forstarfoods.com|DailyCatchEntry_New.php
28 Aug 2020 10:27:44|20|shiji@forstarfoods.com|CatchEntryDeclaredItem.php
28 Aug 2020 10:27:52|20|shiji@forstarfoods.com|DailyCatchEntry_New.php
28 Aug 2020 10:27:54|20|shiji@forstarfoods.com|DailyCatchEntry_New.php
28 Aug 2020 10:27:56|20|shiji@forstarfoods.com|DailyCatchEntry_New.php
28 Aug 2020 10:27:57|20|shiji@forstarfoods.com|DailyCatchEntry_New.php
28 Aug 2020 10:27:59|20|shiji@forstarfoods.com|DailyCatchEntry_New.php
28 Aug 2020 10:28:00|20|shiji@forstarfoods.com|DailyCatchEntry_New.php
28 Aug 2020 10:28:01|20|shiji@forstarfoods.com|DailyCatchEntry_New.php
28 Aug 2020 10:28:02|20|shiji@forstarfoods.com|DailyCatchEntry_New.php
28 Aug 2020 10:28:03|20|shiji@forstarfoods.com|DailyCatchEntry_New.php
28 Aug 2020 10:28:10|20|shiji@forstarfoods.com|DailyCatchEntry_New.php
28 Aug 2020 10:28:11|20|shiji@forstarfoods.com|CatchEntryDeclaredItem.php
28 Aug 2020 10:28:23|20|shiji@forstarfoods.com|DailyCatchEntry_New.php
28 Aug 2020 10:28:39|20|shiji@forstarfoods.com|DailyCatchEntry_New.php
28 Aug 2020 10:28:41|20|shiji@forstarfoods.com|DailyCatchEntry_New.php
28 Aug 2020 10:28:43|20|shiji@forstarfoods.com|DailyCatchEntry_New.php
28 Aug 2020 10:28:44|20|shiji@forstarfoods.com|DailyCatchEntry_New.php
28 Aug 2020 10:28:45|20|shiji@forstarfoods.com|DailyCatchEntry_New.php
28 Aug 2020 10:28:46|20|shiji@forstarfoods.com|DailyCatchEntry_New.php
28 Aug 2020 10:28:48|20|shiji@forstarfoods.com|DailyCatchEntry_New.php
28 Aug 2020 10:28:49|20|shiji@forstarfoods.com|DailyCatchEntry_New.php
28 Aug 2020 10:28:51|20|shiji@forstarfoods.com|DailyCatchEntry_New.php
28 Aug 2020 10:28:52|20|shiji@forstarfoods.com|CatchEntryDeclaredItem.php
28 Aug 2020 10:28:57|20|shiji@forstarfoods.com|DailyCatchEntry_New.php
28 Aug 2020 10:29:06|20|shiji@forstarfoods.com|DailyCatchEntry_New.php
28 Aug 2020 10:29:07|20|shiji@forstarfoods.com|DailyCatchEntry_New.php
28 Aug 2020 10:29:08|20|shiji@forstarfoods.com|DailyCatchEntry_New.php
28 Aug 2020 10:29:09|20|shiji@forstarfoods.com|DailyCatchEntry_New.php
28 Aug 2020 10:29:11|20|shiji@forstarfoods.com|DailyCatchEntry_New.php
28 Aug 2020 10:29:12|20|shiji@forstarfoods.com|DailyCatchEntry_New.php
28 Aug 2020 10:29:49|20|shiji@forstarfoods.com|DailyCatchReport.php
28 Aug 2020 10:29:57|20|shiji@forstarfoods.com|DailyCatchReport.php
28 Aug 2020 10:30:46|20|shiji@forstarfoods.com|Home.php
28 Aug 2020 10:30:53|20|shiji@forstarfoods.com|DailyCatchReport.php
28 Aug 2020 10:31:02|20|shiji@forstarfoods.com|DailyCatchReport.php
28 Aug 2020 10:31:13|20|shiji@forstarfoods.com|DailyCatchSummary.php
28 Aug 2020 10:31:16|20|shiji@forstarfoods.com|DailyCatchSummary.php
28 Aug 2020 10:31:21|20|shiji@forstarfoods.com|DailyCatchSummary.php
28 Aug 2020 10:31:24|20|shiji@forstarfoods.com|DailyCatchSummary.php
28 Aug 2020 10:31:32|20|shiji@forstarfoods.com|DailyCatchSummary.php
28 Aug 2020 10:32:11|30|pritirm@forstarfoods.com|Home.php
28 Aug 2020 10:32:22|30|pritirm@forstarfoods.com|SupplierAccount.php
28 Aug 2020 10:32:49|30|pritirm@forstarfoods.com|SupplierAccount.php
28 Aug 2020 10:32:53|30|pritirm@forstarfoods.com|SupplierAccount.php
28 Aug 2020 10:32:58|30|pritirm@forstarfoods.com|SupplierAccount.php
28 Aug 2020 10:33:06|30|pritirm@forstarfoods.com|SupplierAccount.php
28 Aug 2020 10:33:11|30|pritirm@forstarfoods.com|SupplierAccount.php
28 Aug 2020 10:33:39|20|shiji@forstarfoods.com|DailyCatchSummary.php
28 Aug 2020 10:33:41|20|shiji@forstarfoods.com|DailyCatchSummary.php
28 Aug 2020 10:35:48|20|shiji@forstarfoods.com|DailyCatchEntry_New.php
28 Aug 2020 10:35:59|20|shiji@forstarfoods.com|DailyCatchEntry_New.php
28 Aug 2020 10:36:00|20|shiji@forstarfoods.com|DailyCatchEntry_New.php
28 Aug 2020 10:36:02|20|shiji@forstarfoods.com|DailyCatchEntry_New.php
28 Aug 2020 10:36:03|20|shiji@forstarfoods.com|DailyCatchEntry_New.php
28 Aug 2020 10:36:04|20|shiji@forstarfoods.com|CatchEntryDeclaredItem.php
28 Aug 2020 10:36:05|20|shiji@forstarfoods.com|DailyCatchEntry_New.php
28 Aug 2020 10:36:15|20|shiji@forstarfoods.com|DailyCatchEntry_New.php
28 Aug 2020 10:36:16|20|shiji@forstarfoods.com|DailyCatchEntry_New.php
28 Aug 2020 10:36:18|20|shiji@forstarfoods.com|DailyCatchEntry_New.php
28 Aug 2020 10:36:19|20|shiji@forstarfoods.com|DailyCatchEntry_New.php
28 Aug 2020 10:36:20|20|shiji@forstarfoods.com|DailyCatchEntry_New.php
28 Aug 2020 10:36:27|20|shiji@forstarfoods.com|DailyCatchEntry_New.php
28 Aug 2020 10:36:28|20|shiji@forstarfoods.com|DailyCatchEntry_New.php
28 Aug 2020 10:36:29|20|shiji@forstarfoods.com|DailyCatchEntry_New.php
28 Aug 2020 10:36:49|20|shiji@forstarfoods.com|DailyCatchEntry_New.php
28 Aug 2020 10:36:54|20|shiji@forstarfoods.com|DailyCatchEntry_New.php
28 Aug 2020 10:36:55|20|shiji@forstarfoods.com|CatchEntryDeclaredItem.php
28 Aug 2020 10:37:13|20|shiji@forstarfoods.com|DailyCatchEntry_New.php
28 Aug 2020 10:37:14|20|shiji@forstarfoods.com|DailyCatchEntry_New.php
28 Aug 2020 10:37:15|20|shiji@forstarfoods.com|DailyCatchEntry_New.php
28 Aug 2020 10:37:17|20|shiji@forstarfoods.com|DailyCatchEntry_New.php
28 Aug 2020 10:37:18|20|shiji@forstarfoods.com|DailyCatchEntry_New.php
28 Aug 2020 10:37:19|20|shiji@forstarfoods.com|DailyCatchEntry_New.php
28 Aug 2020 10:37:28|20|shiji@forstarfoods.com|DailyCatchEntry_New.php
28 Aug 2020 10:37:29|20|shiji@forstarfoods.com|DailyCatchEntry_New.php
28 Aug 2020 10:37:31|20|shiji@forstarfoods.com|DailyCatchEntry_New.php
28 Aug 2020 10:37:37|20|shiji@forstarfoods.com|DailyCatchEntry_New.php
28 Aug 2020 10:37:38|20|shiji@forstarfoods.com|DailyCatchEntry_New.php
28 Aug 2020 10:37:39|20|shiji@forstarfoods.com|DailyCatchEntry_New.php
28 Aug 2020 10:37:40|20|shiji@forstarfoods.com|DailyCatchEntry_New.php
28 Aug 2020 10:37:42|20|shiji@forstarfoods.com|DailyCatchEntry_New.php
28 Aug 2020 10:37:43|20|shiji@forstarfoods.com|DailyCatchEntry_New.php
28 Aug 2020 10:37:46|20|shiji@forstarfoods.com|DailyCatchEntry_New.php
28 Aug 2020 10:37:48|20|shiji@forstarfoods.com|DailyCatchEntry_New.php
28 Aug 2020 10:37:50|20|shiji@forstarfoods.com|CatchEntryDeclaredItem.php
28 Aug 2020 10:38:21|20|shiji@forstarfoods.com|DailyCatchEntry_New.php
28 Aug 2020 10:38:22|30|pritirm@forstarfoods.com|SupplierAccount.php
28 Aug 2020 10:38:23|20|shiji@forstarfoods.com|DailyCatchEntry_New.php
28 Aug 2020 10:38:28|20|shiji@forstarfoods.com|DailyCatchEntry_New.php
28 Aug 2020 10:38:29|20|shiji@forstarfoods.com|DailyCatchEntry_New.php
28 Aug 2020 10:38:30|20|shiji@forstarfoods.com|DailyCatchEntry_New.php
28 Aug 2020 10:38:31|20|shiji@forstarfoods.com|DailyCatchEntry_New.php
28 Aug 2020 10:38:33|20|shiji@forstarfoods.com|DailyCatchEntry_New.php
28 Aug 2020 10:38:34|20|shiji@forstarfoods.com|DailyCatchEntry_New.php
28 Aug 2020 10:38:36|20|shiji@forstarfoods.com|DailyCatchEntry_New.php
28 Aug 2020 10:38:38|20|shiji@forstarfoods.com|DailyCatchEntry_New.php
28 Aug 2020 10:38:39|20|shiji@forstarfoods.com|CatchEntryDeclaredItem.php
28 Aug 2020 10:38:50|20|shiji@forstarfoods.com|DailyCatchEntry_New.php
28 Aug 2020 10:38:52|20|shiji@forstarfoods.com|DailyCatchEntry_New.php
28 Aug 2020 10:38:55|20|shiji@forstarfoods.com|DailyCatchEntry_New.php
28 Aug 2020 10:38:56|20|shiji@forstarfoods.com|DailyCatchEntry_New.php
28 Aug 2020 10:38:58|30|pritirm@forstarfoods.com|SupplierAccount.php
28 Aug 2020 10:38:58|20|shiji@forstarfoods.com|DailyCatchEntry_New.php
28 Aug 2020 10:38:59|20|shiji@forstarfoods.com|DailyCatchEntry_New.php
28 Aug 2020 10:39:00|20|shiji@forstarfoods.com|DailyCatchEntry_New.php
28 Aug 2020 10:39:01|20|shiji@forstarfoods.com|DailyCatchEntry_New.php
28 Aug 2020 10:39:03|20|shiji@forstarfoods.com|DailyCatchEntry_New.php
28 Aug 2020 10:39:05|20|shiji@forstarfoods.com|DailyCatchEntry_New.php
28 Aug 2020 10:39:06|20|shiji@forstarfoods.com|CatchEntryDeclaredItem.php
28 Aug 2020 10:39:16|20|shiji@forstarfoods.com|DailyCatchEntry_New.php
28 Aug 2020 10:39:18|20|shiji@forstarfoods.com|DailyCatchEntry_New.php
28 Aug 2020 10:39:20|20|shiji@forstarfoods.com|DailyCatchEntry_New.php
28 Aug 2020 10:39:22|20|shiji@forstarfoods.com|DailyCatchEntry_New.php
28 Aug 2020 10:39:23|20|shiji@forstarfoods.com|DailyCatchEntry_New.php
28 Aug 2020 10:39:24|20|shiji@forstarfoods.com|DailyCatchEntry_New.php
28 Aug 2020 10:39:25|20|shiji@forstarfoods.com|DailyCatchEntry_New.php
28 Aug 2020 10:39:27|20|shiji@forstarfoods.com|DailyCatchEntry_New.php
28 Aug 2020 10:39:28|20|shiji@forstarfoods.com|DailyCatchEntry_New.php
28 Aug 2020 10:39:30|20|shiji@forstarfoods.com|DailyCatchEntry_New.php
28 Aug 2020 10:39:32|20|shiji@forstarfoods.com|CatchEntryDeclaredItem.php
28 Aug 2020 10:39:35|20|shiji@forstarfoods.com|DailyCatchReport.php
28 Aug 2020 10:39:41|20|shiji@forstarfoods.com|DailyCatchReport.php
28 Aug 2020 10:39:44|20|shiji@forstarfoods.com|DailyCatchReport.php
28 Aug 2020 10:39:46|20|shiji@forstarfoods.com|DailyCatchReport.php
28 Aug 2020 10:39:47|20|shiji@forstarfoods.com|DailyCatchReport.php
28 Aug 2020 10:39:50|20|shiji@forstarfoods.com|PrintDailyCatchReportMemo.php
28 Aug 2020 10:40:24|20|shiji@forstarfoods.com|DailyCatchEntry_New.php
28 Aug 2020 10:40:27|20|shiji@forstarfoods.com|DailyCatchEntry_New.php
28 Aug 2020 10:40:29|20|shiji@forstarfoods.com|DailyCatchEntry_New.php
28 Aug 2020 10:40:31|20|shiji@forstarfoods.com|DailyCatchEntry_New.php
28 Aug 2020 10:40:32|20|shiji@forstarfoods.com|DailyCatchEntry_New.php
28 Aug 2020 10:40:33|20|shiji@forstarfoods.com|CatchEntryDeclaredItem.php
28 Aug 2020 10:40:34|20|shiji@forstarfoods.com|DailyCatchEntry_New.php
28 Aug 2020 10:40:49|20|shiji@forstarfoods.com|DailyCatchEntry_New.php
28 Aug 2020 10:40:50|20|shiji@forstarfoods.com|DailyCatchEntry_New.php
28 Aug 2020 10:40:51|20|shiji@forstarfoods.com|DailyCatchEntry_New.php
28 Aug 2020 10:40:53|20|shiji@forstarfoods.com|DailyCatchEntry_New.php
28 Aug 2020 10:40:54|20|shiji@forstarfoods.com|DailyCatchEntry_New.php
28 Aug 2020 10:40:55|20|shiji@forstarfoods.com|DailyCatchEntry_New.php
28 Aug 2020 10:40:56|20|shiji@forstarfoods.com|DailyCatchEntry_New.php
28 Aug 2020 10:40:58|20|shiji@forstarfoods.com|DailyCatchEntry_New.php
28 Aug 2020 10:40:59|20|shiji@forstarfoods.com|DailyCatchEntry_New.php
28 Aug 2020 10:41:03|20|shiji@forstarfoods.com|DailyCatchEntry_New.php
28 Aug 2020 10:41:05|20|shiji@forstarfoods.com|CatchEntryDeclaredItem.php
28 Aug 2020 10:41:13|20|shiji@forstarfoods.com|DailyCatchEntry_New.php
28 Aug 2020 10:41:14|20|shiji@forstarfoods.com|DailyCatchEntry_New.php
28 Aug 2020 10:41:15|20|shiji@forstarfoods.com|DailyCatchEntry_New.php
28 Aug 2020 10:41:16|20|shiji@forstarfoods.com|DailyCatchEntry_New.php
28 Aug 2020 10:41:17|20|shiji@forstarfoods.com|DailyCatchEntry_New.php
28 Aug 2020 10:41:19|20|shiji@forstarfoods.com|DailyCatchEntry_New.php
28 Aug 2020 10:41:26|20|shiji@forstarfoods.com|DailyCatchEntry_New.php
28 Aug 2020 10:41:27|20|shiji@forstarfoods.com|DailyCatchEntry_New.php
28 Aug 2020 10:41:30|20|shiji@forstarfoods.com|DailyCatchEntry_New.php
28 Aug 2020 10:41:34|20|shiji@forstarfoods.com|DailyCatchEntry_New.php
28 Aug 2020 10:41:35|20|shiji@forstarfoods.com|DailyCatchEntry_New.php
28 Aug 2020 10:41:37|20|shiji@forstarfoods.com|DailyCatchEntry_New.php
28 Aug 2020 10:41:38|20|shiji@forstarfoods.com|DailyCatchEntry_New.php
28 Aug 2020 10:41:39|20|shiji@forstarfoods.com|DailyCatchEntry_New.php
28 Aug 2020 10:41:40|20|shiji@forstarfoods.com|DailyCatchEntry_New.php
28 Aug 2020 10:41:46|20|shiji@forstarfoods.com|DailyCatchEntry_New.php
28 Aug 2020 10:41:48|20|shiji@forstarfoods.com|DailyCatchEntry_New.php
28 Aug 2020 10:41:50|20|shiji@forstarfoods.com|CatchEntryDeclaredItem.php
28 Aug 2020 10:41:59|20|shiji@forstarfoods.com|DailyCatchEntry_New.php
28 Aug 2020 10:42:02|20|shiji@forstarfoods.com|DailyCatchEntry_New.php
28 Aug 2020 10:42:04|20|shiji@forstarfoods.com|DailyCatchEntry_New.php
28 Aug 2020 10:42:05|20|shiji@forstarfoods.com|DailyCatchEntry_New.php
28 Aug 2020 10:42:06|20|shiji@forstarfoods.com|DailyCatchEntry_New.php
28 Aug 2020 10:42:08|20|shiji@forstarfoods.com|DailyCatchEntry_New.php
28 Aug 2020 10:42:09|20|shiji@forstarfoods.com|DailyCatchEntry_New.php
28 Aug 2020 10:42:10|20|shiji@forstarfoods.com|DailyCatchEntry_New.php
28 Aug 2020 10:42:11|20|shiji@forstarfoods.com|DailyCatchEntry_New.php
28 Aug 2020 10:42:37|20|shiji@forstarfoods.com|DailyCatchEntry_New.php
28 Aug 2020 10:42:38|20|shiji@forstarfoods.com|CatchEntryDeclaredItem.php
28 Aug 2020 10:42:46|30|pritirm@forstarfoods.com|SupplierAccount.php
28 Aug 2020 10:42:51|30|pritirm@forstarfoods.com|SupplierAccount.php
28 Aug 2020 10:42:55|30|pritirm@forstarfoods.com|SupplierAccount.php
28 Aug 2020 10:42:58|30|pritirm@forstarfoods.com|SettlementSummary.php
28 Aug 2020 10:43:05|30|pritirm@forstarfoods.com|SettlementSummary.php
28 Aug 2020 10:43:07|30|pritirm@forstarfoods.com|SupplierPayments.php
28 Aug 2020 10:43:09|30|pritirm@forstarfoods.com|SupplierPayments.php
28 Aug 2020 10:43:10|30|pritirm@forstarfoods.com|SupplierPayments.php
28 Aug 2020 10:43:23|30|pritirm@forstarfoods.com|PurchaseReport.php
28 Aug 2020 10:43:30|30|pritirm@forstarfoods.com|PurchaseStatement.php
28 Aug 2020 10:43:40|30|pritirm@forstarfoods.com|PurchaseStatement.php
28 Aug 2020 10:43:44|30|pritirm@forstarfoods.com|PurchaseStatement.php
28 Aug 2020 10:43:46|30|pritirm@forstarfoods.com|PrintPurchaseStatement.php
28 Aug 2020 10:45:29|20|shiji@forstarfoods.com|DailyCatchEntry_New.php
28 Aug 2020 10:48:27|30|pritirm@forstarfoods.com|SupplierAccount.php
28 Aug 2020 10:48:39|30|pritirm@forstarfoods.com|SupplierAccount.php
28 Aug 2020 10:48:43|30|pritirm@forstarfoods.com|SupplierAccount.php
28 Aug 2020 10:49:01|30|pritirm@forstarfoods.com|DailyCatchReport.php
28 Aug 2020 10:49:09|30|pritirm@forstarfoods.com|DailyCatchReport.php
28 Aug 2020 10:49:12|30|pritirm@forstarfoods.com|DailyCatchReport.php
28 Aug 2020 10:49:14|30|pritirm@forstarfoods.com|DailyCatchReport.php
28 Aug 2020 10:49:15|30|pritirm@forstarfoods.com|DailyCatchReport.php
28 Aug 2020 10:49:17|30|pritirm@forstarfoods.com|DailyCatchReport.php
28 Aug 2020 10:49:19|30|pritirm@forstarfoods.com|DailyCatchReport.php
28 Aug 2020 10:49:20|30|pritirm@forstarfoods.com|DailyCatchReport.php
28 Aug 2020 10:49:23|30|pritirm@forstarfoods.com|PrintDailyCatchReportMemo.php
28 Aug 2020 10:49:57|30|pritirm@forstarfoods.com|DailyCatchReport.php
28 Aug 2020 10:49:58|30|pritirm@forstarfoods.com|DailyCatchReport.php
28 Aug 2020 10:50:00|30|pritirm@forstarfoods.com|DailyCatchReport.php
28 Aug 2020 10:50:04|30|pritirm@forstarfoods.com|SupplierAccount.php
28 Aug 2020 10:50:10|30|pritirm@forstarfoods.com|SupplierAccount.php
28 Aug 2020 10:50:13|30|pritirm@forstarfoods.com|SupplierAccount.php
28 Aug 2020 10:50:20|30|pritirm@forstarfoods.com|SupplierAccount.php
28 Aug 2020 10:50:23|30|pritirm@forstarfoods.com|SupplierAccount.php
28 Aug 2020 10:50:28|30|pritirm@forstarfoods.com|SupplierAccount.php
28 Aug 2020 10:50:31|20|shiji@forstarfoods.com|DailyCatchEntry_New.php
28 Aug 2020 10:53:15|30|pritirm@forstarfoods.com|SupplierAccount.php
28 Aug 2020 10:53:31|30|pritirm@forstarfoods.com|DailyCatchReport.php
28 Aug 2020 10:53:41|30|pritirm@forstarfoods.com|DailyCatchReport.php
28 Aug 2020 10:53:43|30|pritirm@forstarfoods.com|DailyCatchReport.php
28 Aug 2020 10:53:45|30|pritirm@forstarfoods.com|DailyCatchReport.php
28 Aug 2020 10:53:47|30|pritirm@forstarfoods.com|DailyCatchReport.php
28 Aug 2020 10:53:48|30|pritirm@forstarfoods.com|DailyCatchReport.php
28 Aug 2020 10:53:53|30|pritirm@forstarfoods.com|PrintDailyCatchReportMemo.php
28 Aug 2020 10:54:20|30|pritirm@forstarfoods.com|DailyCatchReport.php
28 Aug 2020 10:54:22|30|pritirm@forstarfoods.com|DailyCatchReport.php
28 Aug 2020 10:54:23|30|pritirm@forstarfoods.com|DailyCatchReport.php
28 Aug 2020 10:54:29|30|pritirm@forstarfoods.com|DailyCatchReport.php
28 Aug 2020 10:54:30|30|pritirm@forstarfoods.com|DailyCatchReport.php
28 Aug 2020 10:54:32|30|pritirm@forstarfoods.com|DailyCatchReport.php
28 Aug 2020 10:54:33|30|pritirm@forstarfoods.com|DailyCatchReport.php
28 Aug 2020 10:54:40|30|pritirm@forstarfoods.com|DailyCatchReport.php
28 Aug 2020 10:54:42|30|pritirm@forstarfoods.com|DailyCatchReport.php
28 Aug 2020 10:54:43|30|pritirm@forstarfoods.com|DailyCatchReport.php
28 Aug 2020 10:55:04|30|pritirm@forstarfoods.com|PrintDailyCatchReportMemo.php
28 Aug 2020 10:55:31|30|pritirm@forstarfoods.com|DailyCatchReport.php
28 Aug 2020 10:55:32|20|shiji@forstarfoods.com|DailyCatchEntry_New.php
28 Aug 2020 10:55:33|30|pritirm@forstarfoods.com|DailyCatchReport.php
28 Aug 2020 10:55:34|30|pritirm@forstarfoods.com|DailyCatchReport.php
28 Aug 2020 10:55:50|30|pritirm@forstarfoods.com|DailyCatchReport.php
28 Aug 2020 10:55:51|30|pritirm@forstarfoods.com|DailyCatchReport.php
28 Aug 2020 10:55:53|30|pritirm@forstarfoods.com|DailyCatchReport.php
28 Aug 2020 10:55:54|30|pritirm@forstarfoods.com|DailyCatchReport.php
28 Aug 2020 10:55:58|30|pritirm@forstarfoods.com|DailyCatchReport.php
28 Aug 2020 10:55:59|30|pritirm@forstarfoods.com|DailyCatchReport.php
28 Aug 2020 10:56:00|30|pritirm@forstarfoods.com|DailyCatchReport.php
28 Aug 2020 10:56:10|30|pritirm@forstarfoods.com|PrintDailyCatchReportMemo.php
28 Aug 2020 10:56:39|30|pritirm@forstarfoods.com|DailyCatchReport.php
28 Aug 2020 10:56:40|30|pritirm@forstarfoods.com|DailyCatchReport.php
28 Aug 2020 10:56:42|30|pritirm@forstarfoods.com|DailyCatchReport.php
28 Aug 2020 10:56:52|30|pritirm@forstarfoods.com|DailyCatchReport.php
28 Aug 2020 10:56:53|30|pritirm@forstarfoods.com|DailyCatchReport.php
28 Aug 2020 10:56:55|30|pritirm@forstarfoods.com|DailyCatchReport.php
28 Aug 2020 10:56:56|30|pritirm@forstarfoods.com|DailyCatchReport.php
28 Aug 2020 10:56:59|30|pritirm@forstarfoods.com|DailyCatchReport.php
28 Aug 2020 10:57:01|30|pritirm@forstarfoods.com|DailyCatchReport.php
28 Aug 2020 10:57:02|30|pritirm@forstarfoods.com|DailyCatchReport.php
28 Aug 2020 10:57:06|30|pritirm@forstarfoods.com|PrintDailyCatchReportMemo.php
28 Aug 2020 10:58:23|30|pritirm@forstarfoods.com|DailyCatchReport.php
28 Aug 2020 10:58:25|30|pritirm@forstarfoods.com|DailyCatchReport.php
28 Aug 2020 10:58:26|30|pritirm@forstarfoods.com|DailyCatchReport.php
28 Aug 2020 10:58:33|30|pritirm@forstarfoods.com|DailyCatchReport.php
28 Aug 2020 10:58:35|30|pritirm@forstarfoods.com|DailyCatchReport.php
28 Aug 2020 10:58:36|30|pritirm@forstarfoods.com|DailyCatchReport.php
28 Aug 2020 10:58:38|30|pritirm@forstarfoods.com|DailyCatchReport.php
28 Aug 2020 10:58:41|30|pritirm@forstarfoods.com|DailyCatchReport.php
28 Aug 2020 10:58:43|30|pritirm@forstarfoods.com|DailyCatchReport.php
28 Aug 2020 10:58:44|30|pritirm@forstarfoods.com|DailyCatchReport.php
28 Aug 2020 10:59:01|30|pritirm@forstarfoods.com|PrintDailyCatchReportMemo.php
28 Aug 2020 10:59:58|30|pritirm@forstarfoods.com|DailyCatchReport.php
28 Aug 2020 10:59:59|30|pritirm@forstarfoods.com|DailyCatchReport.php
28 Aug 2020 11:00:00|30|pritirm@forstarfoods.com|DailyCatchReport.php
28 Aug 2020 11:00:11|30|pritirm@forstarfoods.com|DailyCatchReport.php
28 Aug 2020 11:00:12|30|pritirm@forstarfoods.com|DailyCatchReport.php
28 Aug 2020 11:00:14|30|pritirm@forstarfoods.com|DailyCatchReport.php
28 Aug 2020 11:00:15|30|pritirm@forstarfoods.com|DailyCatchReport.php
28 Aug 2020 11:00:18|30|pritirm@forstarfoods.com|DailyCatchReport.php
28 Aug 2020 11:00:19|20|shiji@forstarfoods.com|DailyCatchEntry_New.php
28 Aug 2020 11:00:20|30|pritirm@forstarfoods.com|DailyCatchReport.php
28 Aug 2020 11:00:21|30|pritirm@forstarfoods.com|DailyCatchReport.php
28 Aug 2020 11:00:23|30|pritirm@forstarfoods.com|PrintDailyCatchReportMemo.php
28 Aug 2020 11:00:23|20|shiji@forstarfoods.com|DailyCatchEntry_New.php
28 Aug 2020 11:00:24|20|shiji@forstarfoods.com|DailyCatchEntry_New.php
28 Aug 2020 11:00:26|20|shiji@forstarfoods.com|DailyCatchEntry_New.php
28 Aug 2020 11:00:27|20|shiji@forstarfoods.com|DailyCatchEntry_New.php
28 Aug 2020 11:00:28|20|shiji@forstarfoods.com|DailyCatchEntry_New.php
28 Aug 2020 11:00:29|20|shiji@forstarfoods.com|DailyCatchEntry_New.php
28 Aug 2020 11:00:30|20|shiji@forstarfoods.com|DailyCatchEntry_New.php
28 Aug 2020 11:00:32|20|shiji@forstarfoods.com|DailyCatchEntry_New.php
28 Aug 2020 11:00:33|20|shiji@forstarfoods.com|DailyCatchEntry_New.php
28 Aug 2020 11:00:39|20|shiji@forstarfoods.com|DailyCatchEntry_New.php
28 Aug 2020 11:00:42|20|shiji@forstarfoods.com|DailyCatchEntry_New.php
28 Aug 2020 11:00:43|20|shiji@forstarfoods.com|DailyCatchEntry_New.php
28 Aug 2020 11:00:44|20|shiji@forstarfoods.com|CatchEntryDeclaredItem.php
28 Aug 2020 11:00:45|20|shiji@forstarfoods.com|DailyCatchEntry_New.php
28 Aug 2020 11:00:47|20|shiji@forstarfoods.com|CatchEntryDeclaredItem.php
28 Aug 2020 11:00:56|30|pritirm@forstarfoods.com|DailyCatchReport.php
28 Aug 2020 11:00:57|30|pritirm@forstarfoods.com|DailyCatchReport.php
28 Aug 2020 11:00:59|30|pritirm@forstarfoods.com|DailyCatchReport.php
28 Aug 2020 11:01:07|30|pritirm@forstarfoods.com|DailyCatchReport.php
28 Aug 2020 11:01:10|30|pritirm@forstarfoods.com|DailyCatchReport.php
28 Aug 2020 11:01:11|30|pritirm@forstarfoods.com|DailyCatchReport.php
28 Aug 2020 11:01:11|20|shiji@forstarfoods.com|DailyCatchEntry_New.php
28 Aug 2020 11:01:12|30|pritirm@forstarfoods.com|DailyCatchReport.php
28 Aug 2020 11:01:13|20|shiji@forstarfoods.com|DailyCatchEntry_New.php
28 Aug 2020 11:01:16|20|shiji@forstarfoods.com|DailyCatchEntry_New.php
28 Aug 2020 11:01:18|30|pritirm@forstarfoods.com|PrintDailyCatchReportMemo.php
28 Aug 2020 11:01:28|20|shiji@forstarfoods.com|DailyCatchReport.php
28 Aug 2020 11:01:35|20|shiji@forstarfoods.com|DailyCatchReport.php
28 Aug 2020 11:01:38|20|shiji@forstarfoods.com|DailyCatchReport.php
28 Aug 2020 11:01:39|20|shiji@forstarfoods.com|DailyCatchReport.php
28 Aug 2020 11:01:41|20|shiji@forstarfoods.com|DailyCatchReport.php
28 Aug 2020 11:01:42|20|shiji@forstarfoods.com|PrintDailyCatchReportMemo.php
28 Aug 2020 11:01:43|30|pritirm@forstarfoods.com|DailyCatchReport.php
28 Aug 2020 11:01:45|30|pritirm@forstarfoods.com|DailyCatchReport.php
28 Aug 2020 11:01:46|30|pritirm@forstarfoods.com|DailyCatchReport.php
28 Aug 2020 11:01:55|30|pritirm@forstarfoods.com|DailyCatchReport.php
28 Aug 2020 11:01:56|30|pritirm@forstarfoods.com|DailyCatchReport.php
28 Aug 2020 11:01:58|30|pritirm@forstarfoods.com|DailyCatchReport.php
28 Aug 2020 11:01:59|30|pritirm@forstarfoods.com|DailyCatchReport.php
28 Aug 2020 11:02:03|30|pritirm@forstarfoods.com|DailyCatchReport.php
28 Aug 2020 11:02:04|30|pritirm@forstarfoods.com|DailyCatchReport.php
28 Aug 2020 11:02:05|30|pritirm@forstarfoods.com|DailyCatchReport.php
28 Aug 2020 11:02:10|30|pritirm@forstarfoods.com|PrintDailyCatchReportMemo.php
28 Aug 2020 11:02:27|30|pritirm@forstarfoods.com|DailyCatchReport.php
28 Aug 2020 11:02:28|30|pritirm@forstarfoods.com|DailyCatchReport.php
28 Aug 2020 11:02:30|30|pritirm@forstarfoods.com|DailyCatchReport.php
28 Aug 2020 11:02:35|30|pritirm@forstarfoods.com|DailyCatchReport.php
28 Aug 2020 11:02:36|30|pritirm@forstarfoods.com|DailyCatchReport.php
28 Aug 2020 11:02:38|30|pritirm@forstarfoods.com|DailyCatchReport.php
28 Aug 2020 11:02:39|30|pritirm@forstarfoods.com|DailyCatchReport.php
28 Aug 2020 11:02:41|30|pritirm@forstarfoods.com|DailyCatchReport.php
28 Aug 2020 11:02:43|30|pritirm@forstarfoods.com|DailyCatchReport.php
28 Aug 2020 11:02:44|30|pritirm@forstarfoods.com|DailyCatchReport.php
28 Aug 2020 11:02:47|30|pritirm@forstarfoods.com|PrintDailyCatchReportMemo.php
28 Aug 2020 11:03:26|20|shiji@forstarfoods.com|PrintDailyCatchReportMemo.php
28 Aug 2020 11:04:20|30|pritirm@forstarfoods.com|DailyCatchReport.php
28 Aug 2020 11:04:22|30|pritirm@forstarfoods.com|DailyCatchReport.php
28 Aug 2020 11:04:23|30|pritirm@forstarfoods.com|DailyCatchReport.php
28 Aug 2020 11:04:31|30|pritirm@forstarfoods.com|DailyCatchReport.php
28 Aug 2020 11:04:37|30|pritirm@forstarfoods.com|DailyCatchReport.php
28 Aug 2020 11:04:38|30|pritirm@forstarfoods.com|DailyCatchReport.php
28 Aug 2020 11:04:39|30|pritirm@forstarfoods.com|DailyCatchReport.php
28 Aug 2020 11:04:42|30|pritirm@forstarfoods.com|PrintDailyCatchReportMemo.php
28 Aug 2020 11:05:17|30|pritirm@forstarfoods.com|DailyCatchReport.php
28 Aug 2020 11:05:19|30|pritirm@forstarfoods.com|DailyCatchReport.php
28 Aug 2020 11:05:20|30|pritirm@forstarfoods.com|DailyCatchReport.php
28 Aug 2020 11:05:26|30|pritirm@forstarfoods.com|DailyCatchReport.php
28 Aug 2020 11:05:27|30|pritirm@forstarfoods.com|DailyCatchReport.php
28 Aug 2020 11:05:29|30|pritirm@forstarfoods.com|DailyCatchReport.php
28 Aug 2020 11:05:30|30|pritirm@forstarfoods.com|DailyCatchReport.php
28 Aug 2020 11:05:32|30|pritirm@forstarfoods.com|DailyCatchReport.php
28 Aug 2020 11:05:33|30|pritirm@forstarfoods.com|DailyCatchReport.php
28 Aug 2020 11:05:35|30|pritirm@forstarfoods.com|DailyCatchReport.php
28 Aug 2020 11:05:37|30|pritirm@forstarfoods.com|PrintDailyCatchReportMemo.php
28 Aug 2020 11:05:59|30|pritirm@forstarfoods.com|DailyCatchReport.php
28 Aug 2020 11:06:01|30|pritirm@forstarfoods.com|DailyCatchReport.php
28 Aug 2020 11:06:02|30|pritirm@forstarfoods.com|DailyCatchReport.php
28 Aug 2020 11:06:11|30|pritirm@forstarfoods.com|DailyCatchReport.php
28 Aug 2020 11:06:12|30|pritirm@forstarfoods.com|DailyCatchReport.php
28 Aug 2020 11:06:14|30|pritirm@forstarfoods.com|DailyCatchReport.php
28 Aug 2020 11:06:15|30|pritirm@forstarfoods.com|DailyCatchReport.php
28 Aug 2020 11:06:18|30|pritirm@forstarfoods.com|DailyCatchReport.php
28 Aug 2020 11:06:20|30|pritirm@forstarfoods.com|DailyCatchReport.php
28 Aug 2020 11:06:21|30|pritirm@forstarfoods.com|DailyCatchReport.php
28 Aug 2020 11:06:35|30|pritirm@forstarfoods.com|DailyCatchReport.php
28 Aug 2020 11:06:36|30|pritirm@forstarfoods.com|DailyCatchReport.php
28 Aug 2020 11:06:38|30|pritirm@forstarfoods.com|DailyCatchReport.php
28 Aug 2020 11:07:03|20|shiji@forstarfoods.com|DailyCatchReport.php
28 Aug 2020 11:07:05|20|shiji@forstarfoods.com|DailyCatchReport.php
28 Aug 2020 11:07:06|20|shiji@forstarfoods.com|DailyCatchReport.php
28 Aug 2020 11:07:11|20|shiji@forstarfoods.com|SupplierAccount.php
28 Aug 2020 11:07:19|20|shiji@forstarfoods.com|SupplierAccount.php
28 Aug 2020 11:07:23|20|shiji@forstarfoods.com|SupplierAccount.php
28 Aug 2020 11:07:27|20|shiji@forstarfoods.com|SupplierAccount.php
28 Aug 2020 11:07:31|20|shiji@forstarfoods.com|SupplierAccount.php
28 Aug 2020 11:07:34|30|pritirm@forstarfoods.com|DailyCatchReport.php
28 Aug 2020 11:07:35|30|pritirm@forstarfoods.com|DailyCatchReport.php
28 Aug 2020 11:07:37|30|pritirm@forstarfoods.com|DailyCatchReport.php
28 Aug 2020 11:07:38|30|pritirm@forstarfoods.com|DailyCatchReport.php
28 Aug 2020 11:07:40|30|pritirm@forstarfoods.com|DailyCatchReport.php
28 Aug 2020 11:07:42|30|pritirm@forstarfoods.com|DailyCatchReport.php
28 Aug 2020 11:07:43|30|pritirm@forstarfoods.com|DailyCatchReport.php
28 Aug 2020 11:07:46|30|pritirm@forstarfoods.com|PrintDailyCatchReportMemo.php
28 Aug 2020 11:07:54|20|shiji@forstarfoods.com|SupplierAccount.php
28 Aug 2020 11:08:08|30|pritirm@forstarfoods.com|DailyCatchReport.php
28 Aug 2020 11:08:09|30|pritirm@forstarfoods.com|DailyCatchReport.php
28 Aug 2020 11:08:10|30|pritirm@forstarfoods.com|DailyCatchReport.php
28 Aug 2020 11:08:18|30|pritirm@forstarfoods.com|DailyCatchReport.php
28 Aug 2020 11:08:19|30|pritirm@forstarfoods.com|DailyCatchReport.php
28 Aug 2020 11:08:21|30|pritirm@forstarfoods.com|DailyCatchReport.php
28 Aug 2020 11:08:22|30|pritirm@forstarfoods.com|DailyCatchReport.php
28 Aug 2020 11:08:25|30|pritirm@forstarfoods.com|DailyCatchReport.php
28 Aug 2020 11:08:27|30|pritirm@forstarfoods.com|DailyCatchReport.php
28 Aug 2020 11:08:28|30|pritirm@forstarfoods.com|DailyCatchReport.php
28 Aug 2020 11:08:34|30|pritirm@forstarfoods.com|PrintDailyCatchReportMemo.php
28 Aug 2020 11:08:38|20|shiji@forstarfoods.com|SettlementSummary.php
28 Aug 2020 11:08:52|20|shiji@forstarfoods.com|SettlementSummary.php
28 Aug 2020 11:08:54|20|shiji@forstarfoods.com|SupplierPayments.php
28 Aug 2020 11:08:56|20|shiji@forstarfoods.com|SupplierPayments.php
28 Aug 2020 11:08:57|20|shiji@forstarfoods.com|SupplierPayments.php
28 Aug 2020 11:09:00|20|shiji@forstarfoods.com|SettlementSummary.php
28 Aug 2020 11:09:09|20|shiji@forstarfoods.com|SettlementSummary.php
28 Aug 2020 11:09:15|20|shiji@forstarfoods.com|SettlementSummary.php
28 Aug 2020 11:09:21|30|pritirm@forstarfoods.com|DailyCatchReport.php
28 Aug 2020 11:09:23|30|pritirm@forstarfoods.com|DailyCatchReport.php
28 Aug 2020 11:09:24|30|pritirm@forstarfoods.com|DailyCatchReport.php
28 Aug 2020 11:09:28|30|pritirm@forstarfoods.com|DailyCatchReport.php
28 Aug 2020 11:09:30|30|pritirm@forstarfoods.com|DailyCatchReport.php
28 Aug 2020 11:09:31|30|pritirm@forstarfoods.com|DailyCatchReport.php
28 Aug 2020 11:09:33|30|pritirm@forstarfoods.com|DailyCatchReport.php
28 Aug 2020 11:09:33|20|shiji@forstarfoods.com|SettlementSummary.php
28 Aug 2020 11:09:35|30|pritirm@forstarfoods.com|DailyCatchReport.php
28 Aug 2020 11:09:35|20|shiji@forstarfoods.com|SupplierPayments.php
28 Aug 2020 11:09:36|30|pritirm@forstarfoods.com|DailyCatchReport.php
28 Aug 2020 11:09:37|20|shiji@forstarfoods.com|SupplierPayments.php
28 Aug 2020 11:09:37|30|pritirm@forstarfoods.com|DailyCatchReport.php
28 Aug 2020 11:09:38|20|shiji@forstarfoods.com|SupplierPayments.php
28 Aug 2020 11:09:40|30|pritirm@forstarfoods.com|PrintDailyCatchReportMemo.php
28 Aug 2020 11:10:05|30|pritirm@forstarfoods.com|DailyCatchReport.php
28 Aug 2020 11:10:06|30|pritirm@forstarfoods.com|DailyCatchReport.php
28 Aug 2020 11:10:08|30|pritirm@forstarfoods.com|DailyCatchReport.php
28 Aug 2020 11:10:14|30|pritirm@forstarfoods.com|DailyCatchReport.php
28 Aug 2020 11:10:15|30|pritirm@forstarfoods.com|DailyCatchReport.php
28 Aug 2020 11:10:17|30|pritirm@forstarfoods.com|DailyCatchReport.php
28 Aug 2020 11:10:18|30|pritirm@forstarfoods.com|DailyCatchReport.php
28 Aug 2020 11:10:20|30|pritirm@forstarfoods.com|DailyCatchReport.php
28 Aug 2020 11:10:22|30|pritirm@forstarfoods.com|DailyCatchReport.php
28 Aug 2020 11:10:23|30|pritirm@forstarfoods.com|DailyCatchReport.php
28 Aug 2020 11:10:28|30|pritirm@forstarfoods.com|PrintDailyCatchReportMemo.php
28 Aug 2020 11:11:38|30|pritirm@forstarfoods.com|DailyRates.php
28 Aug 2020 11:11:44|30|pritirm@forstarfoods.com|DailyCatchEntry_New.php
28 Aug 2020 11:11:53|30|pritirm@forstarfoods.com|DailyCatchEntry_New.php
28 Aug 2020 11:11:54|30|pritirm@forstarfoods.com|DailyCatchEntry_New.php
28 Aug 2020 11:11:55|30|pritirm@forstarfoods.com|DailyCatchEntry_New.php
28 Aug 2020 11:12:01|30|pritirm@forstarfoods.com|DailyCatchEntry_New.php
28 Aug 2020 11:12:02|30|pritirm@forstarfoods.com|DailyCatchEntry_New.php
28 Aug 2020 11:12:04|30|pritirm@forstarfoods.com|DailyCatchEntry_New.php
28 Aug 2020 11:12:06|30|pritirm@forstarfoods.com|DailyCatchEntry_New.php
28 Aug 2020 11:12:07|30|pritirm@forstarfoods.com|DailyCatchEntry_New.php
28 Aug 2020 11:12:08|30|pritirm@forstarfoods.com|DailyCatchEntry_New.php
28 Aug 2020 11:12:16|30|pritirm@forstarfoods.com|DailyCatchEntry_New.php
28 Aug 2020 11:12:19|30|pritirm@forstarfoods.com|DailyCatchEntry_New.php
28 Aug 2020 11:12:20|30|pritirm@forstarfoods.com|DailyCatchEntry_New.php
28 Aug 2020 11:12:21|30|pritirm@forstarfoods.com|CatchEntryDeclaredItem.php
28 Aug 2020 11:12:22|30|pritirm@forstarfoods.com|DailyCatchEntry_New.php
28 Aug 2020 11:12:24|30|pritirm@forstarfoods.com|CatchEntryDeclaredItem.php
28 Aug 2020 11:12:28|30|pritirm@forstarfoods.com|DailyCatchEntry_New.php
28 Aug 2020 11:12:31|30|pritirm@forstarfoods.com|DailyCatchEntry_New.php
28 Aug 2020 11:12:33|30|pritirm@forstarfoods.com|DailyCatchEntry_New.php
28 Aug 2020 11:12:39|30|pritirm@forstarfoods.com|DailyCatchReport.php
28 Aug 2020 11:12:42|30|pritirm@forstarfoods.com|DailyCatchReport.php
28 Aug 2020 11:12:49|30|pritirm@forstarfoods.com|DailyCatchReport.php
28 Aug 2020 11:12:51|30|pritirm@forstarfoods.com|DailyCatchReport.php
28 Aug 2020 11:12:53|30|pritirm@forstarfoods.com|DailyCatchReport.php
28 Aug 2020 11:12:54|30|pritirm@forstarfoods.com|DailyCatchReport.php
28 Aug 2020 11:13:00|30|pritirm@forstarfoods.com|DailyCatchReport.php
28 Aug 2020 11:13:02|30|pritirm@forstarfoods.com|DailyCatchReport.php
28 Aug 2020 11:13:03|30|pritirm@forstarfoods.com|DailyCatchReport.php
28 Aug 2020 11:13:07|30|pritirm@forstarfoods.com|PrintDailyCatchReportMemo.php
28 Aug 2020 11:13:32|30|pritirm@forstarfoods.com|DailyCatchReport.php
28 Aug 2020 11:13:33|30|pritirm@forstarfoods.com|DailyCatchReport.php
28 Aug 2020 11:13:35|30|pritirm@forstarfoods.com|DailyCatchReport.php
28 Aug 2020 11:13:39|30|pritirm@forstarfoods.com|DailyCatchReport.php
28 Aug 2020 11:13:40|30|pritirm@forstarfoods.com|DailyCatchReport.php
28 Aug 2020 11:13:42|30|pritirm@forstarfoods.com|DailyCatchReport.php
28 Aug 2020 11:13:43|30|pritirm@forstarfoods.com|DailyCatchReport.php
28 Aug 2020 11:13:46|30|pritirm@forstarfoods.com|DailyCatchReport.php
28 Aug 2020 11:13:48|30|pritirm@forstarfoods.com|DailyCatchReport.php
28 Aug 2020 11:13:49|30|pritirm@forstarfoods.com|DailyCatchReport.php
28 Aug 2020 11:13:53|30|pritirm@forstarfoods.com|PrintDailyCatchReportMemo.php
28 Aug 2020 11:14:31|30|pritirm@forstarfoods.com|DailyCatchReport.php
28 Aug 2020 11:14:33|30|pritirm@forstarfoods.com|DailyCatchReport.php
28 Aug 2020 11:14:34|30|pritirm@forstarfoods.com|DailyCatchReport.php
28 Aug 2020 11:14:41|30|pritirm@forstarfoods.com|DailyCatchReport.php
28 Aug 2020 11:14:42|30|pritirm@forstarfoods.com|DailyCatchReport.php
28 Aug 2020 11:14:44|30|pritirm@forstarfoods.com|DailyCatchReport.php
28 Aug 2020 11:14:45|30|pritirm@forstarfoods.com|DailyCatchReport.php
28 Aug 2020 11:14:50|30|pritirm@forstarfoods.com|PrintDailyCatchReportMemo.php
28 Aug 2020 11:15:34|30|pritirm@forstarfoods.com|PrintDailyCatchReportMemo.php
28 Aug 2020 11:16:10|30|pritirm@forstarfoods.com|DailyCatchReport.php
28 Aug 2020 11:16:12|30|pritirm@forstarfoods.com|DailyCatchReport.php
28 Aug 2020 11:16:13|30|pritirm@forstarfoods.com|DailyCatchReport.php
28 Aug 2020 11:16:15|30|pritirm@forstarfoods.com|DailyCatchReport.php
28 Aug 2020 11:16:17|30|pritirm@forstarfoods.com|DailyCatchReport.php
28 Aug 2020 11:16:18|30|pritirm@forstarfoods.com|DailyCatchReport.php
28 Aug 2020 11:16:21|30|pritirm@forstarfoods.com|PrintDailyCatchReportMemo.php
28 Aug 2020 11:16:46|30|pritirm@forstarfoods.com|DailyCatchReport.php
28 Aug 2020 11:16:48|30|pritirm@forstarfoods.com|DailyCatchReport.php
28 Aug 2020 11:16:49|30|pritirm@forstarfoods.com|DailyCatchReport.php
28 Aug 2020 11:16:57|30|pritirm@forstarfoods.com|DailyCatchReport.php
28 Aug 2020 11:16:58|30|pritirm@forstarfoods.com|DailyCatchReport.php
28 Aug 2020 11:17:00|30|pritirm@forstarfoods.com|DailyCatchReport.php
28 Aug 2020 11:17:01|30|pritirm@forstarfoods.com|DailyCatchReport.php
28 Aug 2020 11:17:04|30|pritirm@forstarfoods.com|DailyCatchReport.php
28 Aug 2020 11:17:05|30|pritirm@forstarfoods.com|DailyCatchReport.php
28 Aug 2020 11:17:06|30|pritirm@forstarfoods.com|DailyCatchReport.php
28 Aug 2020 11:17:15|30|pritirm@forstarfoods.com|PrintDailyCatchReportMemo.php
28 Aug 2020 11:17:55|30|pritirm@forstarfoods.com|DailyCatchReport.php
28 Aug 2020 11:17:57|30|pritirm@forstarfoods.com|DailyCatchReport.php
28 Aug 2020 11:17:58|30|pritirm@forstarfoods.com|DailyCatchReport.php
28 Aug 2020 11:18:02|30|pritirm@forstarfoods.com|DailyCatchReport.php
28 Aug 2020 11:18:04|30|pritirm@forstarfoods.com|DailyCatchReport.php
28 Aug 2020 11:18:05|30|pritirm@forstarfoods.com|DailyCatchReport.php
28 Aug 2020 11:18:07|30|pritirm@forstarfoods.com|DailyCatchReport.php
28 Aug 2020 11:18:15|30|pritirm@forstarfoods.com|DailyCatchReport.php
28 Aug 2020 11:18:17|30|pritirm@forstarfoods.com|DailyCatchReport.php
28 Aug 2020 11:18:18|30|pritirm@forstarfoods.com|DailyCatchReport.php
28 Aug 2020 11:18:20|30|pritirm@forstarfoods.com|PrintDailyCatchReportMemo.php
28 Aug 2020 11:18:30|30|pritirm@forstarfoods.com|DailyCatchReport.php
28 Aug 2020 11:18:31|30|pritirm@forstarfoods.com|DailyCatchReport.php
28 Aug 2020 11:18:33|30|pritirm@forstarfoods.com|DailyCatchReport.php
28 Aug 2020 11:18:42|30|pritirm@forstarfoods.com|SupplierAccount.php
28 Aug 2020 11:19:00|30|pritirm@forstarfoods.com|SupplierAccount.php
28 Aug 2020 11:19:03|30|pritirm@forstarfoods.com|SupplierAccount.php
28 Aug 2020 11:19:07|30|pritirm@forstarfoods.com|SupplierAccount.php
28 Aug 2020 11:19:12|30|pritirm@forstarfoods.com|SupplierAccount.php
28 Aug 2020 11:21:06|30|pritirm@forstarfoods.com|SupplierAccount.php
28 Aug 2020 11:21:16|30|pritirm@forstarfoods.com|SupplierAccount.php
28 Aug 2020 11:23:53|30|pritirm@forstarfoods.com|SupplierAccount.php
28 Aug 2020 11:24:00|30|pritirm@forstarfoods.com|SupplierAccount.php
28 Aug 2020 11:30:37|30|pritirm@forstarfoods.com|SupplierAccount.php
28 Aug 2020 11:30:46|30|pritirm@forstarfoods.com|SupplierAccount.php
28 Aug 2020 11:32:14|30|pritirm@forstarfoods.com|SupplierAccount.php
28 Aug 2020 11:32:20|30|pritirm@forstarfoods.com|SupplierAccount.php
28 Aug 2020 11:34:59|30|pritirm@forstarfoods.com|SupplierAccount.php
28 Aug 2020 11:35:11|30|pritirm@forstarfoods.com|SupplierAccount.php
28 Aug 2020 11:36:47|30|pritirm@forstarfoods.com|SupplierAccount.php
28 Aug 2020 11:36:55|30|pritirm@forstarfoods.com|SupplierAccount.php
28 Aug 2020 11:37:47|30|pritirm@forstarfoods.com|SupplierAccount.php
28 Aug 2020 11:38:06|30|pritirm@forstarfoods.com|DailyCatchReport.php
28 Aug 2020 11:38:12|30|pritirm@forstarfoods.com|DailyCatchReport.php
28 Aug 2020 11:38:15|30|pritirm@forstarfoods.com|DailyCatchReport.php
28 Aug 2020 11:38:16|30|pritirm@forstarfoods.com|DailyCatchReport.php
28 Aug 2020 11:38:18|30|pritirm@forstarfoods.com|DailyCatchReport.php
28 Aug 2020 11:38:20|30|pritirm@forstarfoods.com|DailyCatchReport.php
28 Aug 2020 11:38:21|30|pritirm@forstarfoods.com|DailyCatchReport.php
28 Aug 2020 11:38:23|30|pritirm@forstarfoods.com|DailyCatchReport.php
28 Aug 2020 11:38:24|30|pritirm@forstarfoods.com|PrintDailyCatchReportMemo.php
28 Aug 2020 11:38:50|30|pritirm@forstarfoods.com|SupplierAccount.php
28 Aug 2020 11:38:57|30|pritirm@forstarfoods.com|SupplierAccount.php
28 Aug 2020 11:39:01|30|pritirm@forstarfoods.com|SupplierAccount.php
28 Aug 2020 11:39:05|30|pritirm@forstarfoods.com|SupplierAccount.php
28 Aug 2020 11:39:08|30|pritirm@forstarfoods.com|SupplierAccount.php
28 Aug 2020 11:39:14|30|pritirm@forstarfoods.com|SupplierAccount.php
28 Aug 2020 11:39:28|30|pritirm@forstarfoods.com|SupplierAccount.php
28 Aug 2020 11:39:35|30|pritirm@forstarfoods.com|SupplierAccount.php
28 Aug 2020 11:39:39|30|pritirm@forstarfoods.com|SupplierAccount.php
28 Aug 2020 11:41:10|30|pritirm@forstarfoods.com|SupplierAccount.php
28 Aug 2020 11:41:17|30|pritirm@forstarfoods.com|SupplierAccount.php
28 Aug 2020 11:42:22|30|pritirm@forstarfoods.com|SupplierAccount.php
28 Aug 2020 11:42:28|30|pritirm@forstarfoods.com|SupplierAccount.php
28 Aug 2020 11:43:25|30|pritirm@forstarfoods.com|SupplierAccount.php
28 Aug 2020 11:43:32|30|pritirm@forstarfoods.com|SupplierAccount.php
28 Aug 2020 11:44:40|30|pritirm@forstarfoods.com|SupplierAccount.php
28 Aug 2020 11:44:44|30|pritirm@forstarfoods.com|SupplierAccount.php
28 Aug 2020 11:45:56|30|pritirm@forstarfoods.com|SupplierAccount.php
28 Aug 2020 11:46:02|30|pritirm@forstarfoods.com|SupplierAccount.php
28 Aug 2020 11:46:34|30|pritirm@forstarfoods.com|SupplierAccount.php
28 Aug 2020 11:46:40|30|pritirm@forstarfoods.com|SupplierAccount.php
28 Aug 2020 11:46:44|30|pritirm@forstarfoods.com|SupplierAccount.php
28 Aug 2020 11:46:47|30|pritirm@forstarfoods.com|SupplierAccount.php
28 Aug 2020 11:47:32|30|pritirm@forstarfoods.com|SupplierAccount.php
28 Aug 2020 11:47:36|30|pritirm@forstarfoods.com|SupplierAccount.php
28 Aug 2020 11:48:02|30|pritirm@forstarfoods.com|SupplierAccount.php
28 Aug 2020 11:48:10|30|pritirm@forstarfoods.com|SupplierAccount.php
28 Aug 2020 11:48:13|30|pritirm@forstarfoods.com|SupplierAccount.php
28 Aug 2020 11:49:03|30|pritirm@forstarfoods.com|SupplierAccount.php
28 Aug 2020 11:49:12|30|pritirm@forstarfoods.com|SupplierAccount.php
28 Aug 2020 11:49:35|30|pritirm@forstarfoods.com|SupplierAccount.php
28 Aug 2020 11:49:39|30|pritirm@forstarfoods.com|SupplierAccount.php
28 Aug 2020 11:49:43|30|pritirm@forstarfoods.com|SupplierAccount.php
28 Aug 2020 11:50:35|30|pritirm@forstarfoods.com|SupplierAccount.php
28 Aug 2020 11:50:43|30|pritirm@forstarfoods.com|SupplierAccount.php
28 Aug 2020 11:50:47|30|pritirm@forstarfoods.com|SupplierAccount.php
28 Aug 2020 11:51:10|24|shashikala@forstarfoods.com|Home.php
28 Aug 2020 11:51:14|30|pritirm@forstarfoods.com|SupplierAccount.php
28 Aug 2020 11:51:35|24|shashikala@forstarfoods.com|DailyPreProcess.php
28 Aug 2020 11:51:46|24|shashikala@forstarfoods.com|DailyPreProcess.php
28 Aug 2020 11:51:53|24|shashikala@forstarfoods.com|DailyPreProcess.php
28 Aug 2020 11:51:56|24|shashikala@forstarfoods.com|DailyPreProcess.php
28 Aug 2020 11:52:01|24|shashikala@forstarfoods.com|DailyPreProcess.php
28 Aug 2020 11:52:03|24|shashikala@forstarfoods.com|DailyPreProcess.php
28 Aug 2020 12:02:23|24|shashikala@forstarfoods.com|DailyPreProcess.php
28 Aug 2020 12:02:47|24|shashikala@forstarfoods.com|DailyPreProcess.php
28 Aug 2020 12:02:53|24|shashikala@forstarfoods.com|DailyPreProcess.php
28 Aug 2020 12:02:54|24|shashikala@forstarfoods.com|DailyPreProcess.php
28 Aug 2020 12:05:05|30|pritirm@forstarfoods.com|PurchaseReport.php
28 Aug 2020 12:05:23|30|pritirm@forstarfoods.com|PurchaseReport.php
28 Aug 2020 12:05:28|30|pritirm@forstarfoods.com|PrintPurchaseSettlementMemo.php
28 Aug 2020 12:05:42|30|pritirm@forstarfoods.com|PurchaseReport.php
28 Aug 2020 12:05:45|30|pritirm@forstarfoods.com|PrintPurchaseSettlementMemo.php
28 Aug 2020 12:05:57|30|pritirm@forstarfoods.com|PurchaseReport.php
28 Aug 2020 12:06:01|30|pritirm@forstarfoods.com|PrintPurchaseSettlementMemo.php
28 Aug 2020 12:06:12|30|pritirm@forstarfoods.com|PurchaseReport.php
28 Aug 2020 12:06:14|30|pritirm@forstarfoods.com|PurchaseReport.php
28 Aug 2020 12:06:29|30|pritirm@forstarfoods.com|PrintPurchaseSettlementMemo.php
28 Aug 2020 12:06:56|24|shashikala@forstarfoods.com|DailyPreProcess.php
28 Aug 2020 12:07:02|30|pritirm@forstarfoods.com|PurchaseReport.php
28 Aug 2020 12:07:08|30|pritirm@forstarfoods.com|PrintPurchaseSettlementMemo.php
28 Aug 2020 12:07:20|30|pritirm@forstarfoods.com|PurchaseReport.php
28 Aug 2020 12:07:23|24|shashikala@forstarfoods.com|DailyRMCB.php
28 Aug 2020 12:07:24|30|pritirm@forstarfoods.com|PrintPurchaseSettlementMemo.php
28 Aug 2020 12:07:29|24|shashikala@forstarfoods.com|DailyRMCB.php
28 Aug 2020 12:07:31|24|shashikala@forstarfoods.com|DailyRMCB.php
28 Aug 2020 12:07:36|24|shashikala@forstarfoods.com|DailyRMCB.php
28 Aug 2020 12:07:46|30|pritirm@forstarfoods.com|PurchaseReport.php
28 Aug 2020 12:07:50|30|pritirm@forstarfoods.com|PrintPurchaseSettlementMemo.php
28 Aug 2020 12:08:00|30|pritirm@forstarfoods.com|PurchaseReport.php
28 Aug 2020 12:08:04|30|pritirm@forstarfoods.com|PrintPurchaseSettlementMemo.php
28 Aug 2020 12:08:24|30|pritirm@forstarfoods.com|PurchaseReport.php
28 Aug 2020 12:08:28|30|pritirm@forstarfoods.com|PrintPurchaseSettlementMemo.php
28 Aug 2020 12:08:38|30|pritirm@forstarfoods.com|PurchaseReport.php
28 Aug 2020 12:08:42|30|pritirm@forstarfoods.com|PrintPurchaseSettlementMemo.php
28 Aug 2020 12:08:43|24|shashikala@forstarfoods.com|DailyRMCB.php
28 Aug 2020 12:08:48|24|shashikala@forstarfoods.com|DailyRMCB.php
28 Aug 2020 12:08:53|30|pritirm@forstarfoods.com|PurchaseReport.php
28 Aug 2020 12:08:54|24|shashikala@forstarfoods.com|DailyRMCB.php
28 Aug 2020 12:08:56|30|pritirm@forstarfoods.com|PrintPurchaseSettlementMemo.php
28 Aug 2020 12:08:59|24|shashikala@forstarfoods.com|DailyRMCB.php
28 Aug 2020 12:09:03|24|shashikala@forstarfoods.com|DailyRMCB.php
28 Aug 2020 12:09:11|30|pritirm@forstarfoods.com|PurchaseReport.php
28 Aug 2020 12:09:15|30|pritirm@forstarfoods.com|PrintPurchaseSettlementMemo.php
28 Aug 2020 12:09:42|30|pritirm@forstarfoods.com|PurchaseReport.php
28 Aug 2020 12:09:46|30|pritirm@forstarfoods.com|PrintPurchaseSettlementMemo.php
28 Aug 2020 12:10:00|30|pritirm@forstarfoods.com|PurchaseReport.php
28 Aug 2020 12:10:03|30|pritirm@forstarfoods.com|PrintPurchaseSettlementMemo.php
28 Aug 2020 12:10:17|30|pritirm@forstarfoods.com|PurchaseReport.php
28 Aug 2020 12:10:21|30|pritirm@forstarfoods.com|PrintPurchaseSettlementMemo.php
28 Aug 2020 12:10:34|30|pritirm@forstarfoods.com|PurchaseReport.php
28 Aug 2020 12:10:38|30|pritirm@forstarfoods.com|PrintPurchaseSettlementMemo.php
28 Aug 2020 12:10:50|30|pritirm@forstarfoods.com|PurchaseReport.php
28 Aug 2020 12:10:53|30|pritirm@forstarfoods.com|PrintPurchaseSettlementMemo.php
28 Aug 2020 12:11:05|30|pritirm@forstarfoods.com|PurchaseReport.php
28 Aug 2020 12:11:08|30|pritirm@forstarfoods.com|PrintPurchaseSettlementMemo.php
28 Aug 2020 12:11:11|24|shashikala@forstarfoods.com|DailyRMCB.php
28 Aug 2020 12:11:14|24|shashikala@forstarfoods.com|DailyRMCB.php
28 Aug 2020 12:11:18|30|pritirm@forstarfoods.com|PurchaseReport.php
28 Aug 2020 12:11:21|30|pritirm@forstarfoods.com|PrintPurchaseSettlementMemo.php
28 Aug 2020 12:11:33|30|pritirm@forstarfoods.com|PurchaseReport.php
28 Aug 2020 12:11:37|30|pritirm@forstarfoods.com|PrintPurchaseSettlementMemo.php
28 Aug 2020 12:11:50|30|pritirm@forstarfoods.com|PurchaseReport.php
28 Aug 2020 12:11:52|24|shashikala@forstarfoods.com|DailyPreProcess.php
28 Aug 2020 12:11:55|30|pritirm@forstarfoods.com|PrintPurchaseSettlementMemo.php
28 Aug 2020 12:12:00|24|shashikala@forstarfoods.com|DailyPreProcess.php
28 Aug 2020 12:12:07|30|pritirm@forstarfoods.com|PurchaseReport.php
28 Aug 2020 12:12:08|24|shashikala@forstarfoods.com|DailyPreProcess.php
28 Aug 2020 12:12:10|30|pritirm@forstarfoods.com|PrintPurchaseSettlementMemo.php
28 Aug 2020 12:12:13|24|shashikala@forstarfoods.com|DailyPreProcess.php
28 Aug 2020 12:12:14|24|shashikala@forstarfoods.com|DailyPreProcess.php
28 Aug 2020 12:17:10|24|shashikala@forstarfoods.com|DailyPreProcess.php
28 Aug 2020 12:17:17|24|shashikala@forstarfoods.com|DailyPreProcess.php
28 Aug 2020 12:17:20|24|shashikala@forstarfoods.com|DailyPreProcess.php
28 Aug 2020 12:17:50|24|shashikala@forstarfoods.com|DailyPreProcess.php
28 Aug 2020 12:17:52|24|shashikala@forstarfoods.com|DailyPreProcess.php
28 Aug 2020 12:27:08|24|shashikala@forstarfoods.com|DailyPreProcess.php
28 Aug 2020 12:27:28|24|shashikala@forstarfoods.com|DailyRMCB.php
28 Aug 2020 12:27:41|24|shashikala@forstarfoods.com|DailyRMCB.php
28 Aug 2020 12:27:43|24|shashikala@forstarfoods.com|DailyRMCB.php
28 Aug 2020 12:27:51|24|shashikala@forstarfoods.com|DailyRMCB.php
28 Aug 2020 12:27:54|24|shashikala@forstarfoods.com|DailyRMCB.php
28 Aug 2020 12:28:51|24|shashikala@forstarfoods.com|DailyRMCB.php
28 Aug 2020 12:28:56|24|shashikala@forstarfoods.com|DailyRMCB.php
28 Aug 2020 12:29:07|24|shashikala@forstarfoods.com|DailyRMCB.php
28 Aug 2020 12:29:20|24|shashikala@forstarfoods.com|DailyRMCB.php
28 Aug 2020 12:31:29|24|shashikala@forstarfoods.com|DailyRMCB.php
28 Aug 2020 12:31:33|24|shashikala@forstarfoods.com|DailyRMCB.php
28 Aug 2020 12:31:37|24|shashikala@forstarfoods.com|Home.php
28 Aug 2020 12:32:17|24|shashikala@forstarfoods.com|DailyPreProcess.php
28 Aug 2020 12:34:10|24|shashikala@forstarfoods.com|DailyPreProcess.php
28 Aug 2020 12:34:19|24|shashikala@forstarfoods.com|DailyPreProcess.php
28 Aug 2020 12:34:23|24|shashikala@forstarfoods.com|DailyPreProcess.php
28 Aug 2020 12:35:56|24|shashikala@forstarfoods.com|DailyPreProcess.php
28 Aug 2020 12:35:57|24|shashikala@forstarfoods.com|DailyPreProcess.php
28 Aug 2020 12:41:24|24|shashikala@forstarfoods.com|DailyPreProcess.php
28 Aug 2020 12:41:45|24|shashikala@forstarfoods.com|DailyPreProcess.php
28 Aug 2020 12:41:51|24|shashikala@forstarfoods.com|DailyPreProcess.php
28 Aug 2020 12:41:53|24|shashikala@forstarfoods.com|DailyPreProcess.php
28 Aug 2020 12:54:26|20|shiji@forstarfoods.com|DailyCatchReport.php
28 Aug 2020 12:54:31|24|shashikala@forstarfoods.com|DailyPreProcess.php
28 Aug 2020 12:54:42|20|shiji@forstarfoods.com|DailyCatchReport.php
28 Aug 2020 12:54:45|20|shiji@forstarfoods.com|DailyCatchReport.php
28 Aug 2020 12:54:45|24|shashikala@forstarfoods.com|DailyRMCB.php
28 Aug 2020 12:54:47|20|shiji@forstarfoods.com|DailyCatchReport.php
28 Aug 2020 12:54:48|20|shiji@forstarfoods.com|DailyCatchReport.php
28 Aug 2020 12:54:49|20|shiji@forstarfoods.com|PrintDailyCatchReportMemo.php
28 Aug 2020 12:54:56|24|shashikala@forstarfoods.com|DailyRMCB.php
28 Aug 2020 12:54:58|24|shashikala@forstarfoods.com|DailyRMCB.php
28 Aug 2020 12:55:04|24|shashikala@forstarfoods.com|DailyRMCB.php
28 Aug 2020 12:55:32|20|shiji@forstarfoods.com|DailyCatchEntry_New.php
28 Aug 2020 12:55:37|20|shiji@forstarfoods.com|DailyCatchEntry_New.php
28 Aug 2020 12:55:38|20|shiji@forstarfoods.com|DailyCatchEntry_New.php
28 Aug 2020 12:55:39|20|shiji@forstarfoods.com|DailyCatchEntry_New.php
28 Aug 2020 12:55:51|20|shiji@forstarfoods.com|DailyCatchEntry_New.php
28 Aug 2020 12:55:54|20|shiji@forstarfoods.com|DailyCatchEntry_New.php
28 Aug 2020 12:55:55|20|shiji@forstarfoods.com|DailyCatchEntry_New.php
28 Aug 2020 12:55:56|20|shiji@forstarfoods.com|CatchEntryDeclaredItem.php
28 Aug 2020 12:55:57|20|shiji@forstarfoods.com|DailyCatchEntry_New.php
28 Aug 2020 12:55:59|20|shiji@forstarfoods.com|CatchEntryDeclaredItem.php
28 Aug 2020 12:56:41|20|shiji@forstarfoods.com|DailyCatchEntry_New.php
28 Aug 2020 12:56:43|20|shiji@forstarfoods.com|DailyCatchEntry_New.php
28 Aug 2020 12:56:45|20|shiji@forstarfoods.com|CatchEntryDeclaredItem.php
28 Aug 2020 12:56:57|20|shiji@forstarfoods.com|DailyCatchEntry_New.php
28 Aug 2020 12:56:59|20|shiji@forstarfoods.com|DailyCatchEntry_New.php
28 Aug 2020 12:57:18|20|shiji@forstarfoods.com|DailyCatchEntry_New.php
28 Aug 2020 12:57:20|20|shiji@forstarfoods.com|DailyCatchEntry_New.php
28 Aug 2020 12:57:23|20|shiji@forstarfoods.com|DailyCatchEntry_New.php