
17 Feb 2020 10:48:26|24|shashikala@forstarfoods.com|DailyPreProcess.php
17 Feb 2020 10:48:30|24|shashikala@forstarfoods.com|DailyPreProcess.php
17 Feb 2020 10:48:33|30|pritirm@forstarfoods.com|DailyCatchSummary.php
17 Feb 2020 10:48:36|24|shashikala@forstarfoods.com|DailyPreProcess.php
17 Feb 2020 10:48:37|20|shiji@forstarfoods.com|DailyCatchEntry_New.php
17 Feb 2020 10:48:38|24|shashikala@forstarfoods.com|DailyPreProcess.php
17 Feb 2020 10:48:38|30|pritirm@forstarfoods.com|DailyCatchSummary.php
17 Feb 2020 10:48:38|20|shiji@forstarfoods.com|DailyCatchEntry_New.php
17 Feb 2020 10:48:40|20|shiji@forstarfoods.com|DailyCatchEntry_New.php
17 Feb 2020 10:48:41|20|shiji@forstarfoods.com|DailyCatchEntry_New.php
17 Feb 2020 10:48:42|30|pritirm@forstarfoods.com|DailyCatchSummary.php
17 Feb 2020 10:48:42|20|shiji@forstarfoods.com|DailyCatchEntry_New.php
17 Feb 2020 10:48:43|20|shiji@forstarfoods.com|DailyCatchEntry_New.php
17 Feb 2020 10:48:44|20|shiji@forstarfoods.com|DailyCatchEntry_New.php
17 Feb 2020 10:48:46|20|shiji@forstarfoods.com|DailyCatchEntry_New.php
17 Feb 2020 10:48:47|20|shiji@forstarfoods.com|DailyCatchEntry_New.php
17 Feb 2020 10:48:48|20|shiji@forstarfoods.com|DailyCatchEntry_New.php
17 Feb 2020 10:48:49|20|shiji@forstarfoods.com|DailyCatchEntry_New.php
17 Feb 2020 10:48:51|20|shiji@forstarfoods.com|DailyCatchEntry_New.php
17 Feb 2020 10:48:52|20|shiji@forstarfoods.com|DailyCatchEntry_New.php
17 Feb 2020 10:48:53|30|pritirm@forstarfoods.com|DailyCatchSummary.php
17 Feb 2020 10:48:53|20|shiji@forstarfoods.com|DailyCatchEntry_New.php
17 Feb 2020 10:48:54|20|shiji@forstarfoods.com|DailyCatchEntry_New.php
17 Feb 2020 10:48:56|20|shiji@forstarfoods.com|DailyCatchEntry_New.php
17 Feb 2020 10:48:57|20|shiji@forstarfoods.com|DailyCatchEntry_New.php
17 Feb 2020 10:48:58|20|shiji@forstarfoods.com|DailyCatchEntry_New.php
17 Feb 2020 10:49:17|30|pritirm@forstarfoods.com|DailyCatchSummary.php
17 Feb 2020 10:49:26|30|pritirm@forstarfoods.com|DailyCatchSummary.php
17 Feb 2020 10:49:29|24|shashikala@forstarfoods.com|DailyPreProcess.php
17 Feb 2020 10:49:31|30|pritirm@forstarfoods.com|DailyCatchSummary.php
17 Feb 2020 10:49:47|24|shashikala@forstarfoods.com|DailyPreProcess.php
17 Feb 2020 10:49:50|24|shashikala@forstarfoods.com|DailyPreProcess.php
17 Feb 2020 10:49:54|30|pritirm@forstarfoods.com|DailyCatchSummary.php
17 Feb 2020 10:49:56|24|shashikala@forstarfoods.com|DailyPreProcess.php
17 Feb 2020 10:49:58|24|shashikala@forstarfoods.com|DailyPreProcess.php
17 Feb 2020 10:50:08|30|pritirm@forstarfoods.com|DailyCatchSummary.php
17 Feb 2020 10:50:11|20|shiji@forstarfoods.com|DailyCatchEntry_New.php
17 Feb 2020 10:50:16|30|pritirm@forstarfoods.com|DailyCatchSummary.php
17 Feb 2020 10:50:31|30|pritirm@forstarfoods.com|DailyCatchSummary.php
17 Feb 2020 10:50:31|24|shashikala@forstarfoods.com|DailyPreProcess.php
17 Feb 2020 10:50:38|30|pritirm@forstarfoods.com|DailyCatchSummary.php
17 Feb 2020 10:50:48|30|pritirm@forstarfoods.com|DailyCatchSummary.php
17 Feb 2020 10:50:54|30|pritirm@forstarfoods.com|DailyCatchSummary.php
17 Feb 2020 10:51:14|30|pritirm@forstarfoods.com|DailyCatchSummary.php
17 Feb 2020 10:51:21|30|pritirm@forstarfoods.com|DailyCatchSummary.php
17 Feb 2020 10:51:26|30|pritirm@forstarfoods.com|DailyCatchSummary.php
17 Feb 2020 10:51:32|20|shiji@forstarfoods.com|DailyCatchEntry_New.php
17 Feb 2020 10:51:39|30|pritirm@forstarfoods.com|DailyCatchSummary.php
17 Feb 2020 10:51:51|20|shiji@forstarfoods.com|DailyCatchEntry_New.php
17 Feb 2020 10:51:54|20|shiji@forstarfoods.com|DailyCatchEntry_New.php
17 Feb 2020 10:51:56|20|shiji@forstarfoods.com|CatchEntryDeclaredItem.php
17 Feb 2020 10:51:57|30|pritirm@forstarfoods.com|DailyCatchSummary.php
17 Feb 2020 10:52:02|30|pritirm@forstarfoods.com|DailyCatchSummary.php
17 Feb 2020 10:52:02|20|shiji@forstarfoods.com|DailyCatchEntry_New.php
17 Feb 2020 10:52:05|20|shiji@forstarfoods.com|DailyCatchEntry_New.php
17 Feb 2020 10:52:08|20|shiji@forstarfoods.com|DailyCatchEntry_New.php
17 Feb 2020 10:52:09|20|shiji@forstarfoods.com|DailyCatchEntry_New.php
17 Feb 2020 10:52:10|20|shiji@forstarfoods.com|DailyCatchEntry_New.php
17 Feb 2020 10:52:12|20|shiji@forstarfoods.com|DailyCatchEntry_New.php
17 Feb 2020 10:52:13|20|shiji@forstarfoods.com|DailyCatchEntry_New.php
17 Feb 2020 10:52:13|30|pritirm@forstarfoods.com|DailyCatchSummary.php
17 Feb 2020 10:52:14|20|shiji@forstarfoods.com|DailyCatchEntry_New.php
17 Feb 2020 10:52:15|20|shiji@forstarfoods.com|DailyCatchEntry_New.php
17 Feb 2020 10:52:16|20|shiji@forstarfoods.com|DailyCatchEntry_New.php
17 Feb 2020 10:52:18|20|shiji@forstarfoods.com|DailyCatchEntry_New.php
17 Feb 2020 10:52:19|20|shiji@forstarfoods.com|DailyCatchEntry_New.php
17 Feb 2020 10:52:20|20|shiji@forstarfoods.com|DailyCatchEntry_New.php
17 Feb 2020 10:52:21|20|shiji@forstarfoods.com|DailyCatchEntry_New.php
17 Feb 2020 10:52:23|20|shiji@forstarfoods.com|DailyCatchEntry_New.php
17 Feb 2020 10:52:24|20|shiji@forstarfoods.com|DailyCatchEntry_New.php
17 Feb 2020 10:52:25|20|shiji@forstarfoods.com|DailyCatchEntry_New.php
17 Feb 2020 10:52:26|30|pritirm@forstarfoods.com|DailyCatchSummary.php
17 Feb 2020 10:52:26|20|shiji@forstarfoods.com|DailyCatchEntry_New.php
17 Feb 2020 10:52:31|30|pritirm@forstarfoods.com|DailyCatchSummary.php
17 Feb 2020 10:52:42|30|pritirm@forstarfoods.com|DailyCatchSummary.php
17 Feb 2020 10:52:55|20|shiji@forstarfoods.com|DailyCatchEntry_New.php
17 Feb 2020 10:53:00|24|shashikala@forstarfoods.com|DailyRMCB.php
17 Feb 2020 10:53:02|30|pritirm@forstarfoods.com|DailyCatchSummary.php
17 Feb 2020 10:53:06|24|shashikala@forstarfoods.com|DailyRMCB.php
17 Feb 2020 10:53:09|24|shashikala@forstarfoods.com|DailyRMCB.php
17 Feb 2020 10:53:14|30|pritirm@forstarfoods.com|DailyCatchSummary.php
17 Feb 2020 10:53:14|24|shashikala@forstarfoods.com|DailyRMCB.php
17 Feb 2020 10:53:14|20|shiji@forstarfoods.com|DailyCatchEntry_New.php
17 Feb 2020 10:53:16|20|shiji@forstarfoods.com|CatchEntryDeclaredItem.php
17 Feb 2020 10:53:24|30|pritirm@forstarfoods.com|DailyCatchSummary.php
17 Feb 2020 10:53:36|30|pritirm@forstarfoods.com|DailyCatchSummary.php
17 Feb 2020 10:53:42|20|shiji@forstarfoods.com|DailyCatchEntry_New.php
17 Feb 2020 10:53:43|30|pritirm@forstarfoods.com|DailyCatchSummary.php
17 Feb 2020 10:53:43|20|shiji@forstarfoods.com|DailyCatchEntry_New.php
17 Feb 2020 10:53:44|20|shiji@forstarfoods.com|DailyCatchEntry_New.php
17 Feb 2020 10:53:45|24|shashikala@forstarfoods.com|DailyRMCB.php
17 Feb 2020 10:53:47|20|shiji@forstarfoods.com|DailyCatchEntry_New.php
17 Feb 2020 10:53:49|24|shashikala@forstarfoods.com|DailyRMCB.php
17 Feb 2020 10:53:52|20|shiji@forstarfoods.com|DailyCatchEntry_New.php
17 Feb 2020 10:53:53|30|pritirm@forstarfoods.com|DailyCatchSummary.php
17 Feb 2020 10:53:53|20|shiji@forstarfoods.com|CatchEntryDeclaredItem.php
17 Feb 2020 10:53:56|24|shashikala@forstarfoods.com|DailyRMCB.php
17 Feb 2020 10:54:02|24|shashikala@forstarfoods.com|DailyRMCB.php
17 Feb 2020 10:54:11|30|pritirm@forstarfoods.com|DailyCatchSummary.php
17 Feb 2020 10:54:17|20|shiji@forstarfoods.com|DailyCatchEntry_New.php
17 Feb 2020 10:54:20|20|shiji@forstarfoods.com|DailyCatchEntry_New.php
17 Feb 2020 10:54:22|20|shiji@forstarfoods.com|DailyCatchEntry_New.php
17 Feb 2020 10:54:25|20|shiji@forstarfoods.com|DailyCatchEntry_New.php
17 Feb 2020 10:54:27|30|pritirm@forstarfoods.com|DailyCatchSummary.php
17 Feb 2020 10:54:28|20|shiji@forstarfoods.com|DailyCatchEntry_New.php
17 Feb 2020 10:54:32|30|pritirm@forstarfoods.com|DailyCatchSummary.php
17 Feb 2020 10:54:38|20|shiji@forstarfoods.com|DailyCatchEntry_New.php
17 Feb 2020 10:54:39|20|shiji@forstarfoods.com|DailyCatchEntry_New.php
17 Feb 2020 10:54:41|20|shiji@forstarfoods.com|DailyCatchEntry_New.php
17 Feb 2020 10:54:42|20|shiji@forstarfoods.com|DailyCatchEntry_New.php
17 Feb 2020 10:54:43|20|shiji@forstarfoods.com|DailyCatchEntry_New.php
17 Feb 2020 10:54:44|20|shiji@forstarfoods.com|DailyCatchEntry_New.php
17 Feb 2020 10:54:45|30|pritirm@forstarfoods.com|DailyCatchSummary.php
17 Feb 2020 10:54:45|20|shiji@forstarfoods.com|DailyCatchEntry_New.php
17 Feb 2020 10:54:47|20|shiji@forstarfoods.com|DailyCatchEntry_New.php
17 Feb 2020 10:54:48|20|shiji@forstarfoods.com|DailyCatchEntry_New.php
17 Feb 2020 10:54:49|20|shiji@forstarfoods.com|DailyCatchEntry_New.php
17 Feb 2020 10:54:50|20|shiji@forstarfoods.com|DailyCatchEntry_New.php
17 Feb 2020 10:54:52|20|shiji@forstarfoods.com|DailyCatchEntry_New.php
17 Feb 2020 10:54:53|20|shiji@forstarfoods.com|DailyCatchEntry_New.php
17 Feb 2020 10:54:54|20|shiji@forstarfoods.com|DailyCatchEntry_New.php
17 Feb 2020 10:54:55|20|shiji@forstarfoods.com|DailyCatchEntry_New.php
17 Feb 2020 10:54:57|20|shiji@forstarfoods.com|DailyCatchEntry_New.php
17 Feb 2020 10:54:58|20|shiji@forstarfoods.com|DailyCatchEntry_New.php
17 Feb 2020 10:54:59|20|shiji@forstarfoods.com|DailyCatchEntry_New.php
17 Feb 2020 10:55:00|30|pritirm@forstarfoods.com|DailyCatchSummary.php
17 Feb 2020 10:55:08|30|pritirm@forstarfoods.com|DailyCatchSummary.php
17 Feb 2020 10:55:12|20|shiji@forstarfoods.com|DailyCatchEntry_New.php
17 Feb 2020 10:55:33|30|pritirm@forstarfoods.com|DailyCatchSummary.php
17 Feb 2020 10:55:38|30|pritirm@forstarfoods.com|DailyCatchSummary.php
17 Feb 2020 10:55:52|30|pritirm@forstarfoods.com|DailyCatchSummary.php
17 Feb 2020 10:56:06|30|pritirm@forstarfoods.com|DailyCatchSummary.php
17 Feb 2020 10:56:29|30|pritirm@forstarfoods.com|DailyCatchSummary.php
17 Feb 2020 10:56:37|30|pritirm@forstarfoods.com|DailyCatchSummary.php
17 Feb 2020 10:56:50|30|pritirm@forstarfoods.com|DailyCatchSummary.php
17 Feb 2020 10:57:06|30|pritirm@forstarfoods.com|DailyCatchSummary.php
17 Feb 2020 10:57:14|30|pritirm@forstarfoods.com|DailyCatchSummary.php
17 Feb 2020 10:57:18|30|pritirm@forstarfoods.com|DailyCatchSummary.php
17 Feb 2020 10:57:31|30|pritirm@forstarfoods.com|DailyCatchSummary.php
17 Feb 2020 10:57:37|30|pritirm@forstarfoods.com|DailyCatchSummary.php
17 Feb 2020 10:57:53|30|pritirm@forstarfoods.com|DailyCatchSummary.php
17 Feb 2020 10:57:59|30|pritirm@forstarfoods.com|DailyCatchSummary.php
17 Feb 2020 10:58:12|30|pritirm@forstarfoods.com|DailyCatchSummary.php
17 Feb 2020 10:58:21|24|shashikala@forstarfoods.com|DailyRMCB.php
17 Feb 2020 10:58:22|30|pritirm@forstarfoods.com|DailyCatchSummary.php
17 Feb 2020 10:58:27|30|pritirm@forstarfoods.com|DailyCatchSummary.php
17 Feb 2020 10:58:45|30|pritirm@forstarfoods.com|DailyCatchSummary.php
17 Feb 2020 10:59:00|30|pritirm@forstarfoods.com|DailyCatchSummary.php
17 Feb 2020 10:59:06|30|pritirm@forstarfoods.com|DailyCatchSummary.php
17 Feb 2020 10:59:09|24|shashikala@forstarfoods.com|DailyRMCB.php
17 Feb 2020 10:59:18|30|pritirm@forstarfoods.com|DailyCatchSummary.php
17 Feb 2020 10:59:33|30|pritirm@forstarfoods.com|DailyCatchSummary.php
17 Feb 2020 10:59:37|30|pritirm@forstarfoods.com|DailyCatchSummary.php
17 Feb 2020 10:59:43|24|shashikala@forstarfoods.com|DailyRMCB.php
17 Feb 2020 10:59:54|30|pritirm@forstarfoods.com|DailyCatchSummary.php
17 Feb 2020 11:00:06|30|pritirm@forstarfoods.com|DailyCatchSummary.php
17 Feb 2020 11:00:12|30|pritirm@forstarfoods.com|DailyCatchSummary.php
17 Feb 2020 11:00:13|20|shiji@forstarfoods.com|DailyCatchEntry_New.php
17 Feb 2020 11:01:06|24|shashikala@forstarfoods.com|DailyPreProcess.php
17 Feb 2020 11:01:35|24|shashikala@forstarfoods.com|DailyPreProcess.php
17 Feb 2020 11:01:54|24|shashikala@forstarfoods.com|DailyPreProcess.php
17 Feb 2020 11:02:15|24|shashikala@forstarfoods.com|DailyPreProcess.php
17 Feb 2020 11:02:16|24|shashikala@forstarfoods.com|DailyPreProcess.php
17 Feb 2020 11:03:24|30|pritirm@forstarfoods.com|DailyCatchSummary.php
17 Feb 2020 11:03:31|30|pritirm@forstarfoods.com|DailyCatchSummary.php
17 Feb 2020 11:03:59|30|pritirm@forstarfoods.com|DailyCatchSummary.php
17 Feb 2020 11:04:04|30|pritirm@forstarfoods.com|DailyCatchSummary.php
17 Feb 2020 11:04:21|24|shashikala@forstarfoods.com|DailyPreProcess.php
17 Feb 2020 11:04:24|30|pritirm@forstarfoods.com|DailyCatchSummary.php
17 Feb 2020 11:04:25|20|shiji@forstarfoods.com|DailyCatchEntry_New.php
17 Feb 2020 11:04:29|20|shiji@forstarfoods.com|DailyCatchEntry_New.php
17 Feb 2020 11:04:31|20|shiji@forstarfoods.com|CatchEntryDeclaredItem.php
17 Feb 2020 11:04:31|24|shashikala@forstarfoods.com|DailyPreProcess.php
17 Feb 2020 11:04:35|24|shashikala@forstarfoods.com|DailyPreProcess.php
17 Feb 2020 11:04:38|30|pritirm@forstarfoods.com|DailyCatchSummary.php
17 Feb 2020 11:04:41|30|pritirm@forstarfoods.com|DailyCatchSummary.php
17 Feb 2020 11:04:42|24|shashikala@forstarfoods.com|DailyPreProcess.php
17 Feb 2020 11:04:43|24|shashikala@forstarfoods.com|DailyPreProcess.php
17 Feb 2020 11:05:00|30|pritirm@forstarfoods.com|DailyCatchSummary.php
17 Feb 2020 11:05:15|20|shiji@forstarfoods.com|DailyCatchEntry_New.php
17 Feb 2020 11:05:23|24|shashikala@forstarfoods.com|DailyPreProcess.php
17 Feb 2020 11:05:28|30|pritirm@forstarfoods.com|DailyCatchSummary.php
17 Feb 2020 11:05:35|30|pritirm@forstarfoods.com|DailyCatchSummary.php
17 Feb 2020 11:05:52|30|pritirm@forstarfoods.com|DailyCatchSummary.php
17 Feb 2020 11:05:55|30|pritirm@forstarfoods.com|DailyCatchSummary.php
17 Feb 2020 11:05:55|24|shashikala@forstarfoods.com|DailyRMCB.php
17 Feb 2020 11:06:03|24|shashikala@forstarfoods.com|DailyRMCB.php
17 Feb 2020 11:06:05|24|shashikala@forstarfoods.com|DailyRMCB.php
17 Feb 2020 11:06:07|30|pritirm@forstarfoods.com|DailyCatchSummary.php
17 Feb 2020 11:06:11|24|shashikala@forstarfoods.com|DailyRMCB.php
17 Feb 2020 11:06:13|30|pritirm@forstarfoods.com|DailyCatchSummary.php
17 Feb 2020 11:06:15|24|shashikala@forstarfoods.com|DailyRMCB.php
17 Feb 2020 11:06:32|30|pritirm@forstarfoods.com|DailyCatchSummary.php
17 Feb 2020 11:06:54|30|pritirm@forstarfoods.com|DailyCatchSummary.php
17 Feb 2020 11:07:06|30|pritirm@forstarfoods.com|DailyCatchSummary.php
17 Feb 2020 11:07:16|30|pritirm@forstarfoods.com|DailyCatchSummary.php
17 Feb 2020 11:07:28|24|shashikala@forstarfoods.com|DailyRMCB.php
17 Feb 2020 11:07:34|24|shashikala@forstarfoods.com|DailyRMCB.php
17 Feb 2020 11:07:38|24|shashikala@forstarfoods.com|DailyRMCB.php
17 Feb 2020 11:07:56|24|shashikala@forstarfoods.com|DailyRMCB.php
17 Feb 2020 11:08:01|30|pritirm@forstarfoods.com|DailyCatchSummary.php
17 Feb 2020 11:08:06|30|pritirm@forstarfoods.com|DailyCatchSummary.php
17 Feb 2020 11:08:09|30|pritirm@forstarfoods.com|DailyCatchSummary.php
17 Feb 2020 11:08:26|30|pritirm@forstarfoods.com|DailyCatchSummary.php
17 Feb 2020 11:08:41|30|pritirm@forstarfoods.com|DailyCatchSummary.php
17 Feb 2020 11:08:48|30|pritirm@forstarfoods.com|DailyCatchSummary.php
17 Feb 2020 11:09:07|30|pritirm@forstarfoods.com|DailyCatchSummary.php
17 Feb 2020 11:09:15|30|pritirm@forstarfoods.com|DailyCatchSummary.php
17 Feb 2020 11:09:28|24|shashikala@forstarfoods.com|DailyRMCB.php
17 Feb 2020 11:09:30|30|pritirm@forstarfoods.com|DailyCatchSummary.php
17 Feb 2020 11:09:31|24|shashikala@forstarfoods.com|DailyRMCB.php
17 Feb 2020 11:09:44|24|shashikala@forstarfoods.com|DailyPreProcess.php
17 Feb 2020 11:10:03|30|pritirm@forstarfoods.com|DailyCatchSummary.php
17 Feb 2020 11:10:07|24|shashikala@forstarfoods.com|DailyPreProcess.php
17 Feb 2020 11:10:12|24|shashikala@forstarfoods.com|DailyPreProcess.php
17 Feb 2020 11:10:16|24|shashikala@forstarfoods.com|DailyPreProcess.php
17 Feb 2020 11:10:16|20|shiji@forstarfoods.com|DailyCatchEntry_New.php
17 Feb 2020 11:10:17|30|pritirm@forstarfoods.com|DailyCatchSummary.php
17 Feb 2020 11:10:20|24|shashikala@forstarfoods.com|DailyPreProcess.php
17 Feb 2020 11:10:22|24|shashikala@forstarfoods.com|DailyPreProcess.php
17 Feb 2020 11:10:32|30|pritirm@forstarfoods.com|DailyCatchSummary.php
17 Feb 2020 11:10:44|30|pritirm@forstarfoods.com|DailyCatchSummary.php
17 Feb 2020 11:11:31|30|pritirm@forstarfoods.com|DailyCatchSummary.php
17 Feb 2020 11:11:41|24|shashikala@forstarfoods.com|DailyPreProcess.php
17 Feb 2020 11:11:54|24|shashikala@forstarfoods.com|DailyPreProcess.php
17 Feb 2020 11:11:57|24|shashikala@forstarfoods.com|DailyPreProcess.php
17 Feb 2020 11:12:03|24|shashikala@forstarfoods.com|DailyPreProcess.php
17 Feb 2020 11:12:05|24|shashikala@forstarfoods.com|DailyPreProcess.php
17 Feb 2020 11:12:34|24|shashikala@forstarfoods.com|DailyPreProcess.php
17 Feb 2020 11:12:43|30|pritirm@forstarfoods.com|DailyCatchSummary.php
17 Feb 2020 11:12:56|30|pritirm@forstarfoods.com|DailyCatchSummary.php
17 Feb 2020 11:12:58|24|shashikala@forstarfoods.com|DailyPreProcess.php
17 Feb 2020 11:13:03|24|shashikala@forstarfoods.com|DailyPreProcess.php
17 Feb 2020 11:13:05|24|shashikala@forstarfoods.com|DailyPreProcess.php
17 Feb 2020 11:13:05|30|pritirm@forstarfoods.com|DailyCatchSummary.php
17 Feb 2020 11:13:25|30|pritirm@forstarfoods.com|DailyCatchSummary.php
17 Feb 2020 11:13:33|30|pritirm@forstarfoods.com|DailyCatchSummary.php
17 Feb 2020 11:14:13|24|shashikala@forstarfoods.com|DailyPreProcess.php
17 Feb 2020 11:14:27|24|shashikala@forstarfoods.com|DailyRMCB.php
17 Feb 2020 11:14:33|24|shashikala@forstarfoods.com|DailyRMCB.php
17 Feb 2020 11:14:37|24|shashikala@forstarfoods.com|DailyRMCB.php
17 Feb 2020 11:14:37|30|pritirm@forstarfoods.com|DailyCatchSummary.php
17 Feb 2020 11:14:42|30|pritirm@forstarfoods.com|DailyCatchSummary.php
17 Feb 2020 11:14:42|24|shashikala@forstarfoods.com|DailyRMCB.php
17 Feb 2020 11:15:17|20|shiji@forstarfoods.com|DailyCatchEntry_New.php
17 Feb 2020 11:15:26|24|shashikala@forstarfoods.com|DailyRMCB.php
17 Feb 2020 11:15:26|30|pritirm@forstarfoods.com|DailyCatchSummary.php
17 Feb 2020 11:15:29|24|shashikala@forstarfoods.com|DailyRMCB.php
17 Feb 2020 11:15:33|24|shashikala@forstarfoods.com|DailyRMCB.php
17 Feb 2020 11:15:34|30|pritirm@forstarfoods.com|DailyCatchSummary.php
17 Feb 2020 11:15:38|24|shashikala@forstarfoods.com|DailyRMCB.php
17 Feb 2020 11:15:42|24|shashikala@forstarfoods.com|DailyRMCB.php
17 Feb 2020 11:15:49|30|pritirm@forstarfoods.com|DailyCatchSummary.php
17 Feb 2020 11:15:53|30|pritirm@forstarfoods.com|DailyCatchSummary.php
17 Feb 2020 11:16:10|30|pritirm@forstarfoods.com|DailyCatchSummary.php
17 Feb 2020 11:16:21|24|shashikala@forstarfoods.com|DailyRMCB.php
17 Feb 2020 11:16:25|24|shashikala@forstarfoods.com|DailyRMCB.php
17 Feb 2020 11:16:27|30|pritirm@forstarfoods.com|DailyCatchSummary.php
17 Feb 2020 11:16:42|30|pritirm@forstarfoods.com|DailyCatchSummary.php
17 Feb 2020 11:16:50|30|pritirm@forstarfoods.com|DailyCatchSummary.php
17 Feb 2020 11:16:55|30|pritirm@forstarfoods.com|DailyCatchSummary.php
17 Feb 2020 11:17:07|30|pritirm@forstarfoods.com|DailyCatchSummary.php
17 Feb 2020 11:17:11|30|pritirm@forstarfoods.com|DailyCatchSummary.php
17 Feb 2020 11:17:15|30|pritirm@forstarfoods.com|DailyCatchSummary.php
17 Feb 2020 11:17:28|24|shashikala@forstarfoods.com|DailyPreProcess.php
17 Feb 2020 11:17:34|24|shashikala@forstarfoods.com|DailyPreProcess.php
17 Feb 2020 11:17:38|30|pritirm@forstarfoods.com|DailyCatchSummary.php
17 Feb 2020 11:17:42|30|pritirm@forstarfoods.com|DailyCatchSummary.php
17 Feb 2020 11:17:44|24|shashikala@forstarfoods.com|DailyPreProcess.php
17 Feb 2020 11:17:51|24|shashikala@forstarfoods.com|DailyPreProcess.php
17 Feb 2020 11:17:53|24|shashikala@forstarfoods.com|DailyPreProcess.php
17 Feb 2020 11:17:55|30|pritirm@forstarfoods.com|DailyCatchSummary.php
17 Feb 2020 11:18:06|30|pritirm@forstarfoods.com|DailyCatchSummary.php
17 Feb 2020 11:18:19|30|pritirm@forstarfoods.com|DailyCatchSummary.php
17 Feb 2020 11:18:33|30|pritirm@forstarfoods.com|DailyCatchSummary.php
17 Feb 2020 11:18:38|30|pritirm@forstarfoods.com|DailyCatchSummary.php
17 Feb 2020 11:18:50|30|pritirm@forstarfoods.com|DailyCatchSummary.php
17 Feb 2020 11:18:54|30|pritirm@forstarfoods.com|DailyCatchSummary.php
17 Feb 2020 11:19:09|30|pritirm@forstarfoods.com|DailyCatchSummary.php
17 Feb 2020 11:19:15|30|pritirm@forstarfoods.com|DailyCatchSummary.php
17 Feb 2020 11:19:33|30|pritirm@forstarfoods.com|DailyCatchSummary.php
17 Feb 2020 11:19:41|30|pritirm@forstarfoods.com|DailyCatchSummary.php
17 Feb 2020 11:19:45|30|pritirm@forstarfoods.com|DailyCatchSummary.php
17 Feb 2020 11:19:48|24|shashikala@forstarfoods.com|DailyPreProcess.php
17 Feb 2020 11:19:56|24|shashikala@forstarfoods.com|DailyPreProcess.php
17 Feb 2020 11:19:59|24|shashikala@forstarfoods.com|DailyPreProcess.php
17 Feb 2020 11:20:03|24|shashikala@forstarfoods.com|DailyPreProcess.php
17 Feb 2020 11:20:05|24|shashikala@forstarfoods.com|DailyPreProcess.php
17 Feb 2020 11:20:07|30|pritirm@forstarfoods.com|DailyCatchSummary.php
17 Feb 2020 11:20:14|30|pritirm@forstarfoods.com|DailyCatchSummary.php
17 Feb 2020 11:20:18|20|shiji@forstarfoods.com|DailyCatchEntry_New.php
17 Feb 2020 11:20:27|30|pritirm@forstarfoods.com|DailyCatchSummary.php
17 Feb 2020 11:20:31|30|pritirm@forstarfoods.com|DailyCatchSummary.php
17 Feb 2020 11:20:41|30|pritirm@forstarfoods.com|DailyCatchSummary.php
17 Feb 2020 11:20:53|30|pritirm@forstarfoods.com|DailyCatchSummary.php
17 Feb 2020 11:20:58|30|pritirm@forstarfoods.com|DailyCatchSummary.php
17 Feb 2020 11:21:13|30|pritirm@forstarfoods.com|DailyCatchSummary.php
17 Feb 2020 11:21:16|30|pritirm@forstarfoods.com|DailyCatchSummary.php
17 Feb 2020 11:21:32|30|pritirm@forstarfoods.com|DailyCatchSummary.php
17 Feb 2020 11:22:00|30|pritirm@forstarfoods.com|DailyCatchSummary.php
17 Feb 2020 11:22:15|30|pritirm@forstarfoods.com|DailyCatchSummary.php
17 Feb 2020 11:22:21|30|pritirm@forstarfoods.com|DailyCatchSummary.php
17 Feb 2020 11:22:44|30|pritirm@forstarfoods.com|DailyCatchSummary.php
17 Feb 2020 11:23:01|30|pritirm@forstarfoods.com|DailyCatchSummary.php
17 Feb 2020 11:23:09|30|pritirm@forstarfoods.com|DailyCatchSummary.php
17 Feb 2020 11:23:13|30|pritirm@forstarfoods.com|DailyCatchSummary.php
17 Feb 2020 11:23:21|30|pritirm@forstarfoods.com|DailyCatchSummary.php
17 Feb 2020 11:23:30|30|pritirm@forstarfoods.com|DailyCatchSummary.php
17 Feb 2020 11:23:40|30|pritirm@forstarfoods.com|DailyCatchSummary.php
17 Feb 2020 11:24:00|30|pritirm@forstarfoods.com|DailyCatchSummary.php
17 Feb 2020 11:25:20|20|shiji@forstarfoods.com|DailyCatchEntry_New.php
17 Feb 2020 11:25:41|30|pritirm@forstarfoods.com|DailyCatchSummary.php
17 Feb 2020 11:26:58|24|shashikala@forstarfoods.com|DailyPreProcess.php
17 Feb 2020 11:27:05|24|shashikala@forstarfoods.com|DailyPreProcess.php
17 Feb 2020 11:27:08|24|shashikala@forstarfoods.com|DailyPreProcess.php
17 Feb 2020 11:27:14|24|shashikala@forstarfoods.com|DailyPreProcess.php
17 Feb 2020 11:27:15|24|shashikala@forstarfoods.com|DailyPreProcess.php
17 Feb 2020 11:27:15|30|pritirm@forstarfoods.com|DailyCatchSummary.php
17 Feb 2020 11:27:27|30|pritirm@forstarfoods.com|DailyCatchSummary.php
17 Feb 2020 11:27:30|30|pritirm@forstarfoods.com|DailyCatchSummary.php
17 Feb 2020 11:27:39|30|pritirm@forstarfoods.com|DailyCatchSummary.php
17 Feb 2020 11:28:26|30|pritirm@forstarfoods.com|DailyCatchSummary.php
17 Feb 2020 11:28:41|30|pritirm@forstarfoods.com|DailyCatchSummary.php
17 Feb 2020 11:28:48|30|pritirm@forstarfoods.com|DailyCatchSummary.php
17 Feb 2020 11:28:58|30|pritirm@forstarfoods.com|DailyCatchSummary.php
17 Feb 2020 11:29:12|30|pritirm@forstarfoods.com|DailyCatchSummary.php
17 Feb 2020 11:29:33|30|pritirm@forstarfoods.com|DailyCatchSummary.php
17 Feb 2020 11:29:39|30|pritirm@forstarfoods.com|DailyCatchSummary.php
17 Feb 2020 11:30:02|30|pritirm@forstarfoods.com|DailyCatchSummary.php
17 Feb 2020 11:30:21|20|shiji@forstarfoods.com|DailyCatchEntry_New.php
17 Feb 2020 11:30:52|30|pritirm@forstarfoods.com|DailyCatchSummary.php
17 Feb 2020 11:31:02|30|pritirm@forstarfoods.com|DailyCatchSummary.php
17 Feb 2020 11:31:08|24|shashikala@forstarfoods.com|DailyPreProcess.php
17 Feb 2020 11:32:16|30|pritirm@forstarfoods.com|DailyCatchSummary.php
17 Feb 2020 11:32:19|24|shashikala@forstarfoods.com|DailyRMCB.php
17 Feb 2020 11:32:36|24|shashikala@forstarfoods.com|DailyRMCB.php
17 Feb 2020 11:32:40|24|shashikala@forstarfoods.com|DailyRMCB.php
17 Feb 2020 11:32:46|24|shashikala@forstarfoods.com|DailyRMCB.php
17 Feb 2020 11:33:23|24|shashikala@forstarfoods.com|DailyRMCB.php
17 Feb 2020 11:33:26|24|shashikala@forstarfoods.com|DailyRMCB.php
17 Feb 2020 11:33:30|24|shashikala@forstarfoods.com|DailyRMCB.php
17 Feb 2020 11:33:41|24|shashikala@forstarfoods.com|DailyRMCB.php
17 Feb 2020 11:33:45|24|shashikala@forstarfoods.com|DailyRMCB.php
17 Feb 2020 11:34:21|30|pritirm@forstarfoods.com|DailyCatchSummary.php
17 Feb 2020 11:34:26|30|pritirm@forstarfoods.com|DailyCatchSummary.php
17 Feb 2020 11:35:10|30|pritirm@forstarfoods.com|DailyCatchSummary.php
17 Feb 2020 11:35:16|30|pritirm@forstarfoods.com|DailyCatchSummary.php
17 Feb 2020 11:35:22|20|shiji@forstarfoods.com|DailyCatchEntry_New.php
17 Feb 2020 11:35:29|30|pritirm@forstarfoods.com|DailyCatchSummary.php
17 Feb 2020 11:35:38|30|pritirm@forstarfoods.com|DailyCatchSummary.php
17 Feb 2020 11:35:48|30|pritirm@forstarfoods.com|DailyCatchSummary.php
17 Feb 2020 11:35:51|30|pritirm@forstarfoods.com|DailyCatchSummary.php
17 Feb 2020 11:35:55|24|shashikala@forstarfoods.com|DailyRMCB.php
17 Feb 2020 11:35:55|30|pritirm@forstarfoods.com|DailyCatchSummary.php
17 Feb 2020 11:36:00|24|shashikala@forstarfoods.com|DailyRMCB.php
17 Feb 2020 11:36:05|24|shashikala@forstarfoods.com|Home.php
17 Feb 2020 11:36:14|30|pritirm@forstarfoods.com|DailyCatchSummary.php
17 Feb 2020 11:36:19|24|shashikala@forstarfoods.com|DailyPreProcess.php
17 Feb 2020 11:36:26|24|shashikala@forstarfoods.com|DailyPreProcess.php
17 Feb 2020 11:36:30|30|pritirm@forstarfoods.com|DailyCatchSummary.php
17 Feb 2020 11:36:31|24|shashikala@forstarfoods.com|DailyPreProcess.php
17 Feb 2020 11:36:38|30|pritirm@forstarfoods.com|DailyCatchSummary.php
17 Feb 2020 11:36:39|24|shashikala@forstarfoods.com|DailyPreProcess.php
17 Feb 2020 11:36:40|24|shashikala@forstarfoods.com|DailyPreProcess.php
17 Feb 2020 11:36:42|30|pritirm@forstarfoods.com|DailyCatchSummary.php
17 Feb 2020 11:36:54|30|pritirm@forstarfoods.com|DailyCatchSummary.php
17 Feb 2020 11:37:11|30|pritirm@forstarfoods.com|DailyCatchSummary.php
17 Feb 2020 11:37:36|30|pritirm@forstarfoods.com|DailyCatchSummary.php
17 Feb 2020 11:37:50|30|pritirm@forstarfoods.com|DailyCatchSummary.php
17 Feb 2020 11:38:05|30|pritirm@forstarfoods.com|DailyCatchSummary.php
17 Feb 2020 11:38:15|30|pritirm@forstarfoods.com|DailyCatchSummary.php
17 Feb 2020 11:38:27|30|pritirm@forstarfoods.com|DailyCatchSummary.php
17 Feb 2020 11:38:50|30|pritirm@forstarfoods.com|DailyCatchSummary.php
17 Feb 2020 11:38:55|30|pritirm@forstarfoods.com|DailyCatchSummary.php
17 Feb 2020 11:39:04|30|pritirm@forstarfoods.com|DailyCatchSummary.php
17 Feb 2020 11:39:07|30|pritirm@forstarfoods.com|DailyCatchSummary.php
17 Feb 2020 11:39:15|30|pritirm@forstarfoods.com|DailyCatchSummary.php
17 Feb 2020 11:39:28|30|pritirm@forstarfoods.com|DailyCatchSummary.php
17 Feb 2020 11:39:39|30|pritirm@forstarfoods.com|DailyCatchSummary.php
17 Feb 2020 11:39:46|30|pritirm@forstarfoods.com|DailyCatchSummary.php
17 Feb 2020 11:39:58|30|pritirm@forstarfoods.com|DailyCatchSummary.php
17 Feb 2020 11:40:08|30|pritirm@forstarfoods.com|DailyCatchSummary.php
17 Feb 2020 11:40:13|30|pritirm@forstarfoods.com|DailyCatchSummary.php
17 Feb 2020 11:40:24|20|shiji@forstarfoods.com|DailyCatchEntry_New.php
17 Feb 2020 11:40:24|30|pritirm@forstarfoods.com|DailyCatchSummary.php
17 Feb 2020 11:40:28|30|pritirm@forstarfoods.com|DailyCatchSummary.php
17 Feb 2020 11:40:30|30|pritirm@forstarfoods.com|DailyCatchSummary.php
17 Feb 2020 11:40:51|30|pritirm@forstarfoods.com|DailyCatchSummary.php
17 Feb 2020 11:40:56|24|shashikala@forstarfoods.com|DailyPreProcess.php
17 Feb 2020 11:40:57|30|pritirm@forstarfoods.com|DailyCatchSummary.php
17 Feb 2020 11:41:04|30|pritirm@forstarfoods.com|DailyCatchSummary.php
17 Feb 2020 11:41:11|24|shashikala@forstarfoods.com|DailyPreProcess.php
17 Feb 2020 11:41:13|30|pritirm@forstarfoods.com|DailyCatchSummary.php
17 Feb 2020 11:41:15|24|shashikala@forstarfoods.com|DailyPreProcess.php
17 Feb 2020 11:41:26|24|shashikala@forstarfoods.com|DailyPreProcess.php
17 Feb 2020 11:41:27|24|shashikala@forstarfoods.com|DailyPreProcess.php
17 Feb 2020 11:41:32|30|pritirm@forstarfoods.com|DailyCatchSummary.php
17 Feb 2020 11:41:38|30|pritirm@forstarfoods.com|DailyCatchSummary.php
17 Feb 2020 11:41:43|30|pritirm@forstarfoods.com|DailyCatchSummary.php
17 Feb 2020 11:42:12|30|pritirm@forstarfoods.com|DailyCatchSummary.php
17 Feb 2020 11:42:18|30|pritirm@forstarfoods.com|DailyCatchSummary.php
17 Feb 2020 11:42:29|30|pritirm@forstarfoods.com|DailyCatchSummary.php
17 Feb 2020 11:42:34|30|pritirm@forstarfoods.com|DailyCatchSummary.php
17 Feb 2020 11:42:49|30|pritirm@forstarfoods.com|DailyCatchSummary.php
17 Feb 2020 11:42:49|24|shashikala@forstarfoods.com|DailyPreProcess.php
17 Feb 2020 11:42:55|30|pritirm@forstarfoods.com|DailyCatchSummary.php
17 Feb 2020 11:42:57|24|shashikala@forstarfoods.com|DailyPreProcess.php
17 Feb 2020 11:43:00|30|pritirm@forstarfoods.com|DailyCatchSummary.php
17 Feb 2020 11:43:01|24|shashikala@forstarfoods.com|DailyPreProcess.php
17 Feb 2020 11:43:06|24|shashikala@forstarfoods.com|DailyPreProcess.php
17 Feb 2020 11:43:08|24|shashikala@forstarfoods.com|DailyPreProcess.php
17 Feb 2020 11:43:16|30|pritirm@forstarfoods.com|DailyCatchSummary.php
17 Feb 2020 11:43:25|30|pritirm@forstarfoods.com|DailyCatchSummary.php
17 Feb 2020 11:43:29|30|pritirm@forstarfoods.com|DailyCatchSummary.php
17 Feb 2020 11:43:40|30|pritirm@forstarfoods.com|DailyCatchSummary.php
17 Feb 2020 11:43:53|30|pritirm@forstarfoods.com|DailyCatchSummary.php
17 Feb 2020 11:44:02|30|pritirm@forstarfoods.com|DailyCatchSummary.php
17 Feb 2020 11:44:04|24|shashikala@forstarfoods.com|DailyPreProcess.php
17 Feb 2020 11:44:15|30|pritirm@forstarfoods.com|DailyCatchSummary.php
17 Feb 2020 11:44:17|24|shashikala@forstarfoods.com|DailyPreProcess.php
17 Feb 2020 11:44:27|24|shashikala@forstarfoods.com|DailyPreProcess.php
17 Feb 2020 11:44:29|30|pritirm@forstarfoods.com|DailyCatchSummary.php
17 Feb 2020 11:44:33|24|shashikala@forstarfoods.com|DailyPreProcess.php
17 Feb 2020 11:44:35|24|shashikala@forstarfoods.com|DailyPreProcess.php
17 Feb 2020 11:44:36|30|pritirm@forstarfoods.com|DailyCatchSummary.php
17 Feb 2020 11:45:12|30|pritirm@forstarfoods.com|DailyCatchSummary.php
17 Feb 2020 11:45:19|24|shashikala@forstarfoods.com|DailyPreProcess.php
17 Feb 2020 11:45:20|30|pritirm@forstarfoods.com|DailyCatchSummary.php
17 Feb 2020 11:45:25|20|shiji@forstarfoods.com|DailyCatchEntry_New.php
17 Feb 2020 11:45:28|30|pritirm@forstarfoods.com|DailyCatchSummary.php
17 Feb 2020 11:45:34|30|pritirm@forstarfoods.com|DailyCatchSummary.php
17 Feb 2020 11:45:55|30|pritirm@forstarfoods.com|DailyCatchSummary.php
17 Feb 2020 11:46:08|24|shashikala@forstarfoods.com|DailyRMCB.php
17 Feb 2020 11:46:11|30|pritirm@forstarfoods.com|DailyCatchSummary.php
17 Feb 2020 11:46:16|24|shashikala@forstarfoods.com|DailyRMCB.php
17 Feb 2020 11:46:18|30|pritirm@forstarfoods.com|DailyCatchSummary.php
17 Feb 2020 11:46:21|24|shashikala@forstarfoods.com|DailyRMCB.php
17 Feb 2020 11:46:25|24|shashikala@forstarfoods.com|DailyRMCB.php
17 Feb 2020 11:46:29|24|shashikala@forstarfoods.com|DailyRMCB.php
17 Feb 2020 11:46:36|30|pritirm@forstarfoods.com|DailyCatchSummary.php
17 Feb 2020 11:46:40|30|pritirm@forstarfoods.com|DailyCatchSummary.php
17 Feb 2020 11:46:45|30|pritirm@forstarfoods.com|DailyCatchSummary.php
17 Feb 2020 11:46:51|30|pritirm@forstarfoods.com|DailyCatchSummary.php
17 Feb 2020 11:46:57|30|pritirm@forstarfoods.com|DailyCatchSummary.php
17 Feb 2020 11:47:01|30|pritirm@forstarfoods.com|DailyCatchSummary.php
17 Feb 2020 11:47:16|30|pritirm@forstarfoods.com|DailyCatchSummary.php
17 Feb 2020 11:47:23|30|pritirm@forstarfoods.com|DailyCatchSummary.php
17 Feb 2020 11:47:30|30|pritirm@forstarfoods.com|DailyCatchSummary.php
17 Feb 2020 11:47:45|30|pritirm@forstarfoods.com|DailyCatchSummary.php
17 Feb 2020 11:47:49|30|pritirm@forstarfoods.com|DailyCatchSummary.php
17 Feb 2020 11:47:53|24|shashikala@forstarfoods.com|DailyRMCB.php
17 Feb 2020 11:47:57|24|shashikala@forstarfoods.com|DailyRMCB.php
17 Feb 2020 11:48:04|24|shashikala@forstarfoods.com|DailyRMCB.php
17 Feb 2020 11:48:09|24|shashikala@forstarfoods.com|DailyRMCB.php
17 Feb 2020 11:48:33|30|pritirm@forstarfoods.com|DailyCatchSummary.php
17 Feb 2020 11:48:38|24|shashikala@forstarfoods.com|DailyRMCB.php
17 Feb 2020 11:48:41|30|pritirm@forstarfoods.com|DailyCatchSummary.php
17 Feb 2020 11:48:42|24|shashikala@forstarfoods.com|DailyRMCB.php
17 Feb 2020 11:49:06|30|pritirm@forstarfoods.com|DailyCatchSummary.php
17 Feb 2020 11:49:15|24|shashikala@forstarfoods.com|DailyPreProcess.php
17 Feb 2020 11:49:41|24|shashikala@forstarfoods.com|DailyPreProcess.php
17 Feb 2020 11:50:26|20|shiji@forstarfoods.com|DailyCatchEntry_New.php
17 Feb 2020 11:51:47|24|shashikala@forstarfoods.com|DailyRMCB.php
17 Feb 2020 11:51:53|24|shashikala@forstarfoods.com|DailyRMCB.php
17 Feb 2020 11:52:06|24|shashikala@forstarfoods.com|DailyRMCB.php
17 Feb 2020 11:52:12|24|shashikala@forstarfoods.com|DailyRMCB.php
17 Feb 2020 11:52:45|24|shashikala@forstarfoods.com|DailyRMCB.php
17 Feb 2020 11:52:48|24|shashikala@forstarfoods.com|DailyRMCB.php
17 Feb 2020 11:52:54|24|shashikala@forstarfoods.com|DailyRMCB.php
17 Feb 2020 11:53:00|24|shashikala@forstarfoods.com|DailyRMCB.php
17 Feb 2020 11:53:06|24|shashikala@forstarfoods.com|DailyRMCB.php
17 Feb 2020 11:55:28|20|shiji@forstarfoods.com|DailyCatchEntry_New.php
17 Feb 2020 11:57:51|24|shashikala@forstarfoods.com|DailyRMCB.php
17 Feb 2020 11:57:55|24|shashikala@forstarfoods.com|DailyRMCB.php
17 Feb 2020 11:58:04|24|shashikala@forstarfoods.com|DailyRMCB.php
17 Feb 2020 11:58:21|24|shashikala@forstarfoods.com|DailyRMCB.php
17 Feb 2020 11:58:24|24|shashikala@forstarfoods.com|DailyRMCB.php
17 Feb 2020 11:58:34|24|shashikala@forstarfoods.com|Home.php
17 Feb 2020 12:00:29|20|shiji@forstarfoods.com|DailyCatchEntry_New.php
17 Feb 2020 12:05:30|20|shiji@forstarfoods.com|DailyCatchEntry_New.php
17 Feb 2020 12:09:17|20|shiji@forstarfoods.com|DailyCatchSummary.php
17 Feb 2020 12:09:20|20|shiji@forstarfoods.com|DailyCatchSummary.php
17 Feb 2020 12:09:52|20|shiji@forstarfoods.com|DailyCatchSummary.php
17 Feb 2020 12:09:57|20|shiji@forstarfoods.com|DailyCatchSummary.php
17 Feb 2020 12:10:16|20|shiji@forstarfoods.com|DailyCatchSummary.php
17 Feb 2020 12:10:32|20|shiji@forstarfoods.com|DailyCatchSummary.php
17 Feb 2020 12:11:35|20|shiji@forstarfoods.com|DailyCatchSummary.php
17 Feb 2020 12:11:41|20|shiji@forstarfoods.com|DailyCatchSummary.php
17 Feb 2020 12:11:59|20|shiji@forstarfoods.com|DailyCatchSummary.php
17 Feb 2020 12:12:03|20|shiji@forstarfoods.com|DailyCatchSummary.php
17 Feb 2020 12:29:41|24|shashikala@forstarfoods.com|Home.php
17 Feb 2020 12:30:00|24|shashikala@forstarfoods.com|DailyPreProcess.php
17 Feb 2020 12:30:07|24|shashikala@forstarfoods.com|DailyPreProcess.php
17 Feb 2020 12:39:15|24|shashikala@forstarfoods.com|DailyPreProcess.php
17 Feb 2020 12:39:18|24|shashikala@forstarfoods.com|DailyPreProcess.php
17 Feb 2020 12:39:26|24|shashikala@forstarfoods.com|DailyPreProcess.php
17 Feb 2020 12:39:28|24|shashikala@forstarfoods.com|DailyPreProcess.php
17 Feb 2020 12:40:05|24|shashikala@forstarfoods.com|DailyPreProcess.php
17 Feb 2020 12:40:22|24|shashikala@forstarfoods.com|DailyPreProcess.php
17 Feb 2020 12:40:25|24|shashikala@forstarfoods.com|DailyPreProcess.php
17 Feb 2020 12:49:58|24|shashikala@forstarfoods.com|Home.php
17 Feb 2020 13:12:25|20|shiji@forstarfoods.com|DailyCatchEntry_New.php
17 Feb 2020 13:12:31|20|shiji@forstarfoods.com|DailyCatchEntry_New.php
17 Feb 2020 13:12:33|20|shiji@forstarfoods.com|DailyCatchEntry_New.php
17 Feb 2020 13:12:34|20|shiji@forstarfoods.com|DailyCatchEntry_New.php
17 Feb 2020 13:12:35|20|shiji@forstarfoods.com|DailyCatchEntry_New.php
17 Feb 2020 13:12:36|20|shiji@forstarfoods.com|DailyCatchEntry_New.php
17 Feb 2020 13:12:38|20|shiji@forstarfoods.com|DailyCatchEntry_New.php
17 Feb 2020 13:12:44|20|shiji@forstarfoods.com|DailyCatchEntry_New.php
17 Feb 2020 13:12:47|20|shiji@forstarfoods.com|DailyCatchEntry_New.php
17 Feb 2020 13:12:48|20|shiji@forstarfoods.com|DailyCatchEntry_New.php
17 Feb 2020 13:12:49|20|shiji@forstarfoods.com|CatchEntryDeclaredItem.php
17 Feb 2020 13:12:51|20|shiji@forstarfoods.com|DailyCatchEntry_New.php
17 Feb 2020 13:12:52|20|shiji@forstarfoods.com|CatchEntryDeclaredItem.php
17 Feb 2020 13:13:51|20|shiji@forstarfoods.com|DailyCatchEntry_New.php
17 Feb 2020 13:13:53|20|shiji@forstarfoods.com|DailyCatchEntry_New.php
17 Feb 2020 13:13:57|20|shiji@forstarfoods.com|DailyCatchEntry_New.php
17 Feb 2020 13:14:11|20|shiji@forstarfoods.com|DailyCatchEntry_New.php
17 Feb 2020 13:14:14|20|shiji@forstarfoods.com|DailyCatchEntry_New.php
17 Feb 2020 13:14:15|20|shiji@forstarfoods.com|DailyCatchEntry_New.php
17 Feb 2020 13:14:16|20|shiji@forstarfoods.com|CatchEntryDeclaredItem.php
17 Feb 2020 13:14:17|20|shiji@forstarfoods.com|DailyCatchEntry_New.php
17 Feb 2020 13:14:19|20|shiji@forstarfoods.com|CatchEntryDeclaredItem.php
17 Feb 2020 13:14:29|20|shiji@forstarfoods.com|DailyCatchEntry_New.php
17 Feb 2020 13:14:31|20|shiji@forstarfoods.com|DailyCatchEntry_New.php
17 Feb 2020 13:14:34|20|shiji@forstarfoods.com|DailyCatchEntry_New.php
17 Feb 2020 13:15:07|20|shiji@forstarfoods.com|DailyCatchEntry_New.php
17 Feb 2020 13:15:08|20|shiji@forstarfoods.com|DailyCatchEntry_New.php
17 Feb 2020 13:15:09|20|shiji@forstarfoods.com|DailyCatchEntry_New.php
17 Feb 2020 13:15:18|20|shiji@forstarfoods.com|DailyCatchEntry_New.php
17 Feb 2020 13:15:21|20|shiji@forstarfoods.com|DailyCatchEntry_New.php
17 Feb 2020 13:15:22|20|shiji@forstarfoods.com|DailyCatchEntry_New.php
17 Feb 2020 13:15:23|20|shiji@forstarfoods.com|CatchEntryDeclaredItem.php
17 Feb 2020 13:15:25|20|shiji@forstarfoods.com|DailyCatchEntry_New.php
17 Feb 2020 13:15:26|20|shiji@forstarfoods.com|CatchEntryDeclaredItem.php
17 Feb 2020 13:15:31|20|shiji@forstarfoods.com|DailyCatchEntry_New.php
17 Feb 2020 13:15:34|20|shiji@forstarfoods.com|DailyCatchEntry_New.php
17 Feb 2020 13:15:37|20|shiji@forstarfoods.com|DailyCatchEntry_New.php
17 Feb 2020 13:15:44|20|shiji@forstarfoods.com|DailyCatchEntry_New.php
17 Feb 2020 13:15:46|20|shiji@forstarfoods.com|DailyCatchEntry_New.php
17 Feb 2020 13:15:48|20|shiji@forstarfoods.com|DailyCatchEntry_New.php
17 Feb 2020 13:15:49|20|shiji@forstarfoods.com|CatchEntryDeclaredItem.php
17 Feb 2020 13:15:50|20|shiji@forstarfoods.com|DailyCatchEntry_New.php
17 Feb 2020 13:15:51|20|shiji@forstarfoods.com|CatchEntryDeclaredItem.php
17 Feb 2020 13:16:03|20|shiji@forstarfoods.com|DailyCatchEntry_New.php
17 Feb 2020 13:16:06|20|shiji@forstarfoods.com|DailyCatchEntry_New.php
17 Feb 2020 13:16:09|20|shiji@forstarfoods.com|DailyCatchEntry_New.php
17 Feb 2020 13:16:23|20|shiji@forstarfoods.com|DailyCatchEntry_New.php
17 Feb 2020 13:16:24|20|shiji@forstarfoods.com|DailyCatchEntry_New.php
17 Feb 2020 13:16:58|20|shiji@forstarfoods.com|DailyCatchEntry_New.php
17 Feb 2020 13:17:30|20|shiji@forstarfoods.com|DailyCatchEntry_New.php
17 Feb 2020 13:17:33|20|shiji@forstarfoods.com|DailyCatchEntry_New.php
17 Feb 2020 13:17:34|20|shiji@forstarfoods.com|DailyCatchEntry_New.php
17 Feb 2020 13:17:35|20|shiji@forstarfoods.com|CatchEntryDeclaredItem.php
17 Feb 2020 13:17:36|20|shiji@forstarfoods.com|DailyCatchEntry_New.php
17 Feb 2020 13:17:38|20|shiji@forstarfoods.com|CatchEntryDeclaredItem.php
17 Feb 2020 13:17:46|20|shiji@forstarfoods.com|DailyCatchEntry_New.php
17 Feb 2020 13:17:48|20|shiji@forstarfoods.com|DailyCatchEntry_New.php
17 Feb 2020 13:17:57|20|shiji@forstarfoods.com|DailyCatchEntry_New.php
17 Feb 2020 13:23:21|20|shiji@forstarfoods.com|DailyCatchReport.php
17 Feb 2020 13:23:29|20|shiji@forstarfoods.com|DailyCatchReport.php
17 Feb 2020 13:23:32|20|shiji@forstarfoods.com|DailyCatchReport.php
17 Feb 2020 13:23:34|20|shiji@forstarfoods.com|DailyCatchReport.php
17 Feb 2020 13:23:36|20|shiji@forstarfoods.com|DailyCatchReport.php
17 Feb 2020 13:23:37|20|shiji@forstarfoods.com|DailyCatchReport.php
17 Feb 2020 13:23:40|20|shiji@forstarfoods.com|PrintDailyCatchReportMemo.php
17 Feb 2020 13:33:10|20|shiji@forstarfoods.com|DailyCatchReport.php
17 Feb 2020 13:33:12|20|shiji@forstarfoods.com|DailyCatchReport.php
17 Feb 2020 13:33:13|20|shiji@forstarfoods.com|DailyCatchReport.php
17 Feb 2020 13:33:22|20|shiji@forstarfoods.com|DailyCatchReport.php
17 Feb 2020 13:33:23|20|shiji@forstarfoods.com|DailyCatchReport.php
17 Feb 2020 13:33:25|20|shiji@forstarfoods.com|DailyCatchReport.php
17 Feb 2020 13:33:26|20|shiji@forstarfoods.com|DailyCatchReport.php
17 Feb 2020 13:33:52|20|shiji@forstarfoods.com|DailyCatchReport.php
17 Feb 2020 13:33:54|20|shiji@forstarfoods.com|DailyCatchReport.php
17 Feb 2020 13:33:55|20|shiji@forstarfoods.com|DailyCatchReport.php
17 Feb 2020 13:33:58|20|shiji@forstarfoods.com|PrintDailyCatchReportMemo.php
17 Feb 2020 13:35:51|20|shiji@forstarfoods.com|DailyCatchReport.php
17 Feb 2020 13:35:53|20|shiji@forstarfoods.com|DailyCatchReport.php
17 Feb 2020 13:35:54|20|shiji@forstarfoods.com|DailyCatchReport.php
17 Feb 2020 13:36:05|20|shiji@forstarfoods.com|DailyCatchReport.php
17 Feb 2020 13:36:06|20|shiji@forstarfoods.com|DailyCatchReport.php
17 Feb 2020 13:36:08|20|shiji@forstarfoods.com|DailyCatchReport.php
17 Feb 2020 13:36:09|20|shiji@forstarfoods.com|DailyCatchReport.php
17 Feb 2020 13:36:11|20|shiji@forstarfoods.com|DailyCatchReport.php
17 Feb 2020 13:36:13|20|shiji@forstarfoods.com|DailyCatchReport.php
17 Feb 2020 13:36:14|20|shiji@forstarfoods.com|DailyCatchReport.php
17 Feb 2020 13:36:16|20|shiji@forstarfoods.com|PrintDailyCatchReportMemo.php
17 Feb 2020 13:36:53|20|shiji@forstarfoods.com|DailyCatchReport.php
17 Feb 2020 13:36:55|20|shiji@forstarfoods.com|DailyCatchReport.php
17 Feb 2020 13:36:56|20|shiji@forstarfoods.com|DailyCatchReport.php
17 Feb 2020 13:37:12|20|shiji@forstarfoods.com|DailyCatchReport.php
17 Feb 2020 13:37:13|20|shiji@forstarfoods.com|DailyCatchReport.php
17 Feb 2020 13:37:15|20|shiji@forstarfoods.com|DailyCatchReport.php
17 Feb 2020 13:37:16|20|shiji@forstarfoods.com|DailyCatchReport.php
17 Feb 2020 13:37:18|20|shiji@forstarfoods.com|DailyCatchReport.php
17 Feb 2020 13:37:20|20|shiji@forstarfoods.com|DailyCatchReport.php
17 Feb 2020 13:37:21|20|shiji@forstarfoods.com|DailyCatchReport.php
17 Feb 2020 13:37:23|20|shiji@forstarfoods.com|PrintDailyCatchReportMemo.php
17 Feb 2020 13:37:44|20|shiji@forstarfoods.com|DailyCatchReport.php
17 Feb 2020 13:37:46|20|shiji@forstarfoods.com|DailyCatchReport.php
17 Feb 2020 13:37:47|20|shiji@forstarfoods.com|DailyCatchReport.php
17 Feb 2020 13:38:01|20|shiji@forstarfoods.com|DailyCatchReport.php
17 Feb 2020 13:38:03|20|shiji@forstarfoods.com|DailyCatchReport.php
17 Feb 2020 13:38:05|20|shiji@forstarfoods.com|DailyCatchReport.php
17 Feb 2020 13:38:06|20|shiji@forstarfoods.com|DailyCatchReport.php
17 Feb 2020 13:38:17|20|shiji@forstarfoods.com|DailyCatchReport.php
17 Feb 2020 13:38:19|20|shiji@forstarfoods.com|DailyCatchReport.php
17 Feb 2020 13:38:20|20|shiji@forstarfoods.com|DailyCatchReport.php
17 Feb 2020 13:38:21|20|shiji@forstarfoods.com|PrintDailyCatchReportMemo.php
17 Feb 2020 13:39:03|20|shiji@forstarfoods.com|DailyCatchReport.php
17 Feb 2020 13:39:05|20|shiji@forstarfoods.com|DailyCatchReport.php
17 Feb 2020 13:39:06|20|shiji@forstarfoods.com|DailyCatchReport.php
17 Feb 2020 13:39:13|20|shiji@forstarfoods.com|DailyCatchReport.php
17 Feb 2020 13:39:14|20|shiji@forstarfoods.com|DailyCatchReport.php
17 Feb 2020 13:39:16|20|shiji@forstarfoods.com|DailyCatchReport.php
17 Feb 2020 13:39:17|20|shiji@forstarfoods.com|DailyCatchReport.php
17 Feb 2020 13:39:19|20|shiji@forstarfoods.com|DailyCatchReport.php
17 Feb 2020 13:39:21|20|shiji@forstarfoods.com|DailyCatchReport.php
17 Feb 2020 13:39:22|20|shiji@forstarfoods.com|DailyCatchReport.php
17 Feb 2020 13:39:24|20|shiji@forstarfoods.com|PrintDailyCatchReportMemo.php
17 Feb 2020 13:40:03|20|shiji@forstarfoods.com|DailyCatchReport.php
17 Feb 2020 13:40:04|20|shiji@forstarfoods.com|DailyCatchReport.php
17 Feb 2020 13:40:06|20|shiji@forstarfoods.com|DailyCatchReport.php
17 Feb 2020 13:40:13|20|shiji@forstarfoods.com|DailyCatchReport.php
17 Feb 2020 13:40:14|20|shiji@forstarfoods.com|DailyCatchReport.php
17 Feb 2020 13:40:16|20|shiji@forstarfoods.com|DailyCatchReport.php
17 Feb 2020 13:40:17|20|shiji@forstarfoods.com|DailyCatchReport.php
17 Feb 2020 13:40:19|20|shiji@forstarfoods.com|PrintDailyCatchReportMemo.php
17 Feb 2020 13:40:33|20|shiji@forstarfoods.com|DailyCatchReport.php
17 Feb 2020 13:40:35|20|shiji@forstarfoods.com|DailyCatchReport.php
17 Feb 2020 13:40:36|20|shiji@forstarfoods.com|DailyCatchReport.php
17 Feb 2020 14:36:01|20|shiji@forstarfoods.com|SupplierAccount.php
17 Feb 2020 14:36:29|20|shiji@forstarfoods.com|SupplierAccount.php
17 Feb 2020 14:36:34|20|shiji@forstarfoods.com|SupplierAccount.php
17 Feb 2020 14:36:37|20|shiji@forstarfoods.com|SupplierAccount.php
17 Feb 2020 14:36:41|20|shiji@forstarfoods.com|SupplierAccount.php
17 Feb 2020 14:46:45|20|shiji@forstarfoods.com|SupplierAccount.php
17 Feb 2020 14:46:51|20|shiji@forstarfoods.com|SupplierAccount.php
17 Feb 2020 14:46:56|20|shiji@forstarfoods.com|SupplierAccount.php
17 Feb 2020 14:47:14|20|shiji@forstarfoods.com|SupplierAccount.php
17 Feb 2020 14:47:19|20|shiji@forstarfoods.com|SupplierAccount.php
17 Feb 2020 14:48:17|20|shiji@forstarfoods.com|SupplierAccount.php
17 Feb 2020 14:48:34|20|shiji@forstarfoods.com|SupplierAccount.php
17 Feb 2020 14:48:39|20|shiji@forstarfoods.com|SupplierAccount.php
17 Feb 2020 14:49:22|20|shiji@forstarfoods.com|SupplierAccount.php
17 Feb 2020 14:49:26|20|shiji@forstarfoods.com|SupplierAccount.php
17 Feb 2020 14:49:43|20|shiji@forstarfoods.com|SupplierAccount.php
17 Feb 2020 14:49:52|20|shiji@forstarfoods.com|SupplierAccount.php
17 Feb 2020 14:49:55|20|shiji@forstarfoods.com|SupplierAccount.php
17 Feb 2020 14:50:53|20|shiji@forstarfoods.com|SupplierAccount.php
17 Feb 2020 14:50:57|20|shiji@forstarfoods.com|SupplierAccount.php
17 Feb 2020 14:51:19|20|shiji@forstarfoods.com|SupplierAccount.php
17 Feb 2020 14:52:18|20|shiji@forstarfoods.com|PurchaseReport.php
17 Feb 2020 14:52:26|20|shiji@forstarfoods.com|PurchaseReport.php
17 Feb 2020 14:52:35|20|shiji@forstarfoods.com|PrintPurchaseSettlementMemo.php
17 Feb 2020 14:54:05|20|shiji@forstarfoods.com|PurchaseReport.php
17 Feb 2020 14:54:14|20|shiji@forstarfoods.com|PurchaseReport.php
17 Feb 2020 14:54:24|20|shiji@forstarfoods.com|PrintPurchaseSettlementMemo.php
17 Feb 2020 14:55:34|20|shiji@forstarfoods.com|PurchaseReport.php
17 Feb 2020 14:55:42|20|shiji@forstarfoods.com|PrintPurchaseSettlementMemo.php
17 Feb 2020 15:03:52|20|shiji@forstarfoods.com|PurchaseReport.php
17 Feb 2020 15:04:00|20|shiji@forstarfoods.com|PrintPurchaseSettlementMemo.php
17 Feb 2020 15:05:19|20|shiji@forstarfoods.com|PurchaseReport.php
17 Feb 2020 15:05:26|20|shiji@forstarfoods.com|PrintPurchaseSettlementMemo.php
17 Feb 2020 15:06:34|20|shiji@forstarfoods.com|PurchaseReport.php
17 Feb 2020 15:06:43|20|shiji@forstarfoods.com|PrintPurchaseSettlementMemo.php
17 Feb 2020 15:08:10|20|shiji@forstarfoods.com|PurchaseReport.php
17 Feb 2020 15:08:16|20|shiji@forstarfoods.com|PurchaseReport.php
17 Feb 2020 15:08:42|20|shiji@forstarfoods.com|PrintPurchaseSettlementMemo.php
17 Feb 2020 15:49:18|20|shiji@forstarfoods.com|PrintPurchaseSettlementMemo.php
18 Feb 2020 09:56:07|30|pritirm@forstarfoods.com|Home.php
18 Feb 2020 10:33:56|20|shiji@forstarfoods.com|Home.php
18 Feb 2020 10:34:19|20|shiji@forstarfoods.com|DailyCatchEntry_New.php
18 Feb 2020 10:34:34|20|shiji@forstarfoods.com|DailyCatchEntry_New.php
18 Feb 2020 10:34:35|20|shiji@forstarfoods.com|DailyCatchEntry_New.php
18 Feb 2020 10:34:37|20|shiji@forstarfoods.com|DailyCatchEntry_New.php
18 Feb 2020 10:34:38|20|shiji@forstarfoods.com|DailyCatchEntry_New.php
18 Feb 2020 10:34:39|20|shiji@forstarfoods.com|CatchEntryDeclaredItem.php
18 Feb 2020 10:34:40|20|shiji@forstarfoods.com|DailyCatchEntry_New.php
18 Feb 2020 10:34:51|20|shiji@forstarfoods.com|DailyCatchEntry_New.php
18 Feb 2020 10:34:52|20|shiji@forstarfoods.com|DailyCatchEntry_New.php
18 Feb 2020 10:34:53|20|shiji@forstarfoods.com|DailyCatchEntry_New.php
18 Feb 2020 10:34:58|20|shiji@forstarfoods.com|DailyCatchEntry_New.php
18 Feb 2020 10:35:04|20|shiji@forstarfoods.com|DailyCatchEntry_New.php
18 Feb 2020 10:35:06|20|shiji@forstarfoods.com|CatchEntryDeclaredItem.php
18 Feb 2020 10:35:32|20|shiji@forstarfoods.com|DailyCatchEntry_New.php
18 Feb 2020 10:35:34|20|shiji@forstarfoods.com|DailyCatchEntry_New.php
18 Feb 2020 10:35:35|20|shiji@forstarfoods.com|DailyCatchEntry_New.php
18 Feb 2020 10:35:41|20|shiji@forstarfoods.com|DailyCatchEntry_New.php
18 Feb 2020 10:35:44|20|shiji@forstarfoods.com|DailyCatchEntry_New.php
18 Feb 2020 10:35:48|20|shiji@forstarfoods.com|DailyCatchEntry_New.php
18 Feb 2020 10:35:49|20|shiji@forstarfoods.com|DailyCatchEntry_New.php
18 Feb 2020 10:35:50|20|shiji@forstarfoods.com|DailyCatchEntry_New.php
18 Feb 2020 10:35:51|20|shiji@forstarfoods.com|DailyCatchEntry_New.php
18 Feb 2020 10:35:53|20|shiji@forstarfoods.com|DailyCatchEntry_New.php
18 Feb 2020 10:35:54|20|shiji@forstarfoods.com|DailyCatchEntry_New.php
18 Feb 2020 10:35:55|20|shiji@forstarfoods.com|DailyCatchEntry_New.php
18 Feb 2020 10:35:56|20|shiji@forstarfoods.com|DailyCatchEntry_New.php
18 Feb 2020 10:35:57|20|shiji@forstarfoods.com|DailyCatchEntry_New.php
18 Feb 2020 10:35:59|20|shiji@forstarfoods.com|DailyCatchEntry_New.php
18 Feb 2020 10:36:00|20|shiji@forstarfoods.com|DailyCatchEntry_New.php
18 Feb 2020 10:36:01|20|shiji@forstarfoods.com|DailyCatchEntry_New.php
18 Feb 2020 10:36:02|20|shiji@forstarfoods.com|DailyCatchEntry_New.php
18 Feb 2020 10:36:04|20|shiji@forstarfoods.com|DailyCatchEntry_New.php
18 Feb 2020 10:36:05|20|shiji@forstarfoods.com|DailyCatchEntry_New.php
18 Feb 2020 10:36:06|20|shiji@forstarfoods.com|DailyCatchEntry_New.php
18 Feb 2020 10:36:07|20|shiji@forstarfoods.com|DailyCatchEntry_New.php
18 Feb 2020 10:36:09|20|shiji@forstarfoods.com|DailyCatchEntry_New.php
18 Feb 2020 10:36:10|20|shiji@forstarfoods.com|DailyCatchEntry_New.php
18 Feb 2020 10:36:11|20|shiji@forstarfoods.com|DailyCatchEntry_New.php
18 Feb 2020 10:36:12|20|shiji@forstarfoods.com|DailyCatchEntry_New.php
18 Feb 2020 10:36:14|20|shiji@forstarfoods.com|DailyCatchEntry_New.php
18 Feb 2020 10:36:15|20|shiji@forstarfoods.com|DailyCatchEntry_New.php
18 Feb 2020 10:36:16|20|shiji@forstarfoods.com|DailyCatchEntry_New.php
18 Feb 2020 10:36:17|20|shiji@forstarfoods.com|DailyCatchEntry_New.php
18 Feb 2020 10:36:18|20|shiji@forstarfoods.com|DailyCatchEntry_New.php
18 Feb 2020 10:36:20|20|shiji@forstarfoods.com|DailyCatchEntry_New.php
18 Feb 2020 10:36:21|20|shiji@forstarfoods.com|DailyCatchEntry_New.php
18 Feb 2020 10:38:15|20|shiji@forstarfoods.com|DailyCatchEntry_New.php
18 Feb 2020 10:38:18|20|shiji@forstarfoods.com|DailyCatchEntry_New.php
18 Feb 2020 10:38:20|20|shiji@forstarfoods.com|CatchEntryDeclaredItem.php
18 Feb 2020 10:38:23|20|shiji@forstarfoods.com|DailyCatchEntry_New.php
18 Feb 2020 10:38:25|20|shiji@forstarfoods.com|DailyCatchEntry_New.php
18 Feb 2020 10:38:30|20|shiji@forstarfoods.com|DailyCatchEntry_New.php
18 Feb 2020 10:38:31|20|shiji@forstarfoods.com|DailyCatchEntry_New.php
18 Feb 2020 10:38:33|20|shiji@forstarfoods.com|DailyCatchEntry_New.php
18 Feb 2020 10:38:34|20|shiji@forstarfoods.com|DailyCatchEntry_New.php
18 Feb 2020 10:38:35|20|shiji@forstarfoods.com|DailyCatchEntry_New.php