
25 Jul 2020 10:13:52|28|pratiksha@forstarfoods.com|ManageGatePass.php
25 Jul 2020 10:14:52|28|pratiksha@forstarfoods.com|ManageGatePass.php
25 Jul 2020 10:15:53|28|pratiksha@forstarfoods.com|ManageGatePass.php
25 Jul 2020 10:16:27|30|pritirm@forstarfoods.com|SupplierAccount.php
25 Jul 2020 10:16:31|30|pritirm@forstarfoods.com|PurchaseReport.php
25 Jul 2020 10:16:40|30|pritirm@forstarfoods.com|PurchaseReport.php
25 Jul 2020 10:16:54|28|pratiksha@forstarfoods.com|ManageGatePass.php
25 Jul 2020 10:17:07|30|pritirm@forstarfoods.com|PrintPurchaseSettlementMemo.php
25 Jul 2020 10:17:54|28|pratiksha@forstarfoods.com|ManageGatePass.php
25 Jul 2020 10:18:55|28|pratiksha@forstarfoods.com|ManageGatePass.php
25 Jul 2020 10:19:56|28|pratiksha@forstarfoods.com|ManageGatePass.php
25 Jul 2020 10:20:57|28|pratiksha@forstarfoods.com|ManageGatePass.php
25 Jul 2020 10:21:57|28|pratiksha@forstarfoods.com|ManageGatePass.php
25 Jul 2020 10:22:58|28|pratiksha@forstarfoods.com|ManageGatePass.php
25 Jul 2020 10:23:58|28|pratiksha@forstarfoods.com|ManageGatePass.php
25 Jul 2020 10:24:59|28|pratiksha@forstarfoods.com|ManageGatePass.php
25 Jul 2020 10:26:00|28|pratiksha@forstarfoods.com|ManageGatePass.php
25 Jul 2020 10:27:01|28|pratiksha@forstarfoods.com|ManageGatePass.php
25 Jul 2020 10:28:01|28|pratiksha@forstarfoods.com|ManageGatePass.php
25 Jul 2020 10:29:02|28|pratiksha@forstarfoods.com|ManageGatePass.php
25 Jul 2020 10:30:06|28|pratiksha@forstarfoods.com|ManageGatePass.php
25 Jul 2020 10:31:18|28|pratiksha@forstarfoods.com|ManageGatePass.php
25 Jul 2020 10:32:24|28|pratiksha@forstarfoods.com|ManageGatePass.php
25 Jul 2020 10:32:44|20|shiji@forstarfoods.com|PrintDailyCatchReportMemo.php
25 Jul 2020 10:33:18|20|shiji@forstarfoods.com|DailyCatchSummary.php
25 Jul 2020 10:33:21|20|shiji@forstarfoods.com|DailyCatchSummary.php
25 Jul 2020 10:33:30|28|pratiksha@forstarfoods.com|ManageGatePass.php
25 Jul 2020 10:33:43|20|shiji@forstarfoods.com|DailyCatchSummary.php
25 Jul 2020 10:33:46|20|shiji@forstarfoods.com|DailyCatchSummary.php
25 Jul 2020 10:33:52|20|shiji@forstarfoods.com|DailyCatchSummary.php
25 Jul 2020 10:33:57|20|shiji@forstarfoods.com|DailyCatchSummary.php
25 Jul 2020 10:34:03|20|shiji@forstarfoods.com|DailyCatchSummary.php
25 Jul 2020 10:34:34|28|pratiksha@forstarfoods.com|ManageGatePass.php
25 Jul 2020 10:34:34|20|shiji@forstarfoods.com|DailyCatchSummary.php
25 Jul 2020 10:34:37|20|shiji@forstarfoods.com|DailyCatchSummary.php
25 Jul 2020 10:34:52|20|shiji@forstarfoods.com|DailyCatchSummary.php
25 Jul 2020 10:34:55|20|shiji@forstarfoods.com|DailyCatchSummary.php
25 Jul 2020 10:35:05|20|shiji@forstarfoods.com|DailyCatchSummary.php
25 Jul 2020 10:35:07|20|shiji@forstarfoods.com|DailyCatchSummary.php
25 Jul 2020 10:35:29|20|shiji@forstarfoods.com|DailyCatchSummary.php
25 Jul 2020 10:35:38|20|shiji@forstarfoods.com|DailyCatchSummary.php
25 Jul 2020 10:35:41|20|shiji@forstarfoods.com|DailyCatchSummary.php
25 Jul 2020 10:35:42|28|pratiksha@forstarfoods.com|ManageGatePass.php
25 Jul 2020 10:35:50|20|shiji@forstarfoods.com|DailyCatchSummary.php
25 Jul 2020 10:35:52|20|shiji@forstarfoods.com|DailyCatchSummary.php
25 Jul 2020 10:36:48|28|pratiksha@forstarfoods.com|ManageGatePass.php
25 Jul 2020 10:37:12|20|shiji@forstarfoods.com|DailyCatchSummary.php
25 Jul 2020 10:37:15|20|shiji@forstarfoods.com|DailyCatchSummary.php
25 Jul 2020 10:37:19|20|shiji@forstarfoods.com|DailyCatchSummary.php
25 Jul 2020 10:37:31|20|shiji@forstarfoods.com|DailyCatchSummary.php
25 Jul 2020 10:37:34|20|shiji@forstarfoods.com|DailyCatchSummary.php
25 Jul 2020 10:37:42|20|shiji@forstarfoods.com|DailyCatchSummary.php
25 Jul 2020 10:37:44|20|shiji@forstarfoods.com|DailyCatchSummary.php
25 Jul 2020 10:37:57|28|pratiksha@forstarfoods.com|ManageGatePass.php
25 Jul 2020 10:38:09|20|shiji@forstarfoods.com|DailyCatchSummary.php
25 Jul 2020 10:38:12|20|shiji@forstarfoods.com|DailyCatchSummary.php
25 Jul 2020 10:38:43|20|shiji@forstarfoods.com|DailyCatchSummary.php
25 Jul 2020 10:38:46|20|shiji@forstarfoods.com|DailyCatchSummary.php
25 Jul 2020 10:39:04|28|pratiksha@forstarfoods.com|ManageGatePass.php
25 Jul 2020 10:39:14|20|shiji@forstarfoods.com|DailyCatchSummary.php
25 Jul 2020 10:39:41|20|shiji@forstarfoods.com|DailyCatchSummary.php
25 Jul 2020 10:39:44|20|shiji@forstarfoods.com|DailyCatchSummary.php
25 Jul 2020 10:40:00|20|shiji@forstarfoods.com|DailyCatchSummary.php
25 Jul 2020 10:40:03|20|shiji@forstarfoods.com|DailyCatchSummary.php
25 Jul 2020 10:40:11|28|pratiksha@forstarfoods.com|ManageGatePass.php
25 Jul 2020 10:40:42|20|shiji@forstarfoods.com|DailyCatchSummary.php
25 Jul 2020 10:40:45|20|shiji@forstarfoods.com|DailyCatchSummary.php
25 Jul 2020 10:41:16|20|shiji@forstarfoods.com|DailyCatchSummary.php
25 Jul 2020 10:41:17|28|pratiksha@forstarfoods.com|ManageGatePass.php
25 Jul 2020 10:41:18|20|shiji@forstarfoods.com|DailyCatchSummary.php
25 Jul 2020 10:41:45|20|shiji@forstarfoods.com|DailyCatchSummary.php
25 Jul 2020 10:41:48|20|shiji@forstarfoods.com|DailyCatchSummary.php
25 Jul 2020 10:42:01|20|shiji@forstarfoods.com|DailyCatchSummary.php
25 Jul 2020 10:42:04|20|shiji@forstarfoods.com|DailyCatchSummary.php
25 Jul 2020 10:42:13|20|shiji@forstarfoods.com|DailyCatchSummary.php
25 Jul 2020 10:42:16|20|shiji@forstarfoods.com|DailyCatchSummary.php
25 Jul 2020 10:42:23|28|pratiksha@forstarfoods.com|ManageGatePass.php
25 Jul 2020 10:42:59|20|shiji@forstarfoods.com|DailyCatchSummary.php
25 Jul 2020 10:43:01|20|shiji@forstarfoods.com|DailyCatchSummary.php
25 Jul 2020 10:43:26|28|pratiksha@forstarfoods.com|ManageGatePass.php
25 Jul 2020 10:44:33|28|pratiksha@forstarfoods.com|ManageGatePass.php
25 Jul 2020 10:45:42|28|pratiksha@forstarfoods.com|ManageGatePass.php
25 Jul 2020 10:46:51|28|pratiksha@forstarfoods.com|ManageGatePass.php
25 Jul 2020 10:48:00|28|pratiksha@forstarfoods.com|ManageGatePass.php
25 Jul 2020 10:49:08|28|pratiksha@forstarfoods.com|ManageGatePass.php
25 Jul 2020 10:50:15|28|pratiksha@forstarfoods.com|ManageGatePass.php
25 Jul 2020 10:51:26|28|pratiksha@forstarfoods.com|ManageGatePass.php
25 Jul 2020 10:52:30|28|pratiksha@forstarfoods.com|ManageGatePass.php
25 Jul 2020 10:53:36|28|pratiksha@forstarfoods.com|ManageGatePass.php
25 Jul 2020 10:54:41|28|pratiksha@forstarfoods.com|ManageGatePass.php
25 Jul 2020 10:55:48|28|pratiksha@forstarfoods.com|ManageGatePass.php
25 Jul 2020 10:55:56|20|shiji@forstarfoods.com|DailyCatchEntry_New.php
25 Jul 2020 10:55:59|20|shiji@forstarfoods.com|DailyCatchEntry_New.php
25 Jul 2020 10:56:01|20|shiji@forstarfoods.com|DailyCatchEntry_New.php
25 Jul 2020 10:56:02|20|shiji@forstarfoods.com|DailyCatchEntry_New.php
25 Jul 2020 10:56:03|20|shiji@forstarfoods.com|DailyCatchEntry_New.php
25 Jul 2020 10:56:05|20|shiji@forstarfoods.com|CatchEntryDeclaredItem.php
25 Jul 2020 10:56:06|20|shiji@forstarfoods.com|DailyCatchEntry_New.php
25 Jul 2020 10:56:52|28|pratiksha@forstarfoods.com|ManageGatePass.php
25 Jul 2020 10:57:59|28|pratiksha@forstarfoods.com|ManageGatePass.php
25 Jul 2020 10:59:03|28|pratiksha@forstarfoods.com|ManageGatePass.php
25 Jul 2020 11:00:06|28|pratiksha@forstarfoods.com|ManageGatePass.php
25 Jul 2020 11:01:01|20|shiji@forstarfoods.com|DailyCatchEntry_New.php
25 Jul 2020 11:01:14|28|pratiksha@forstarfoods.com|ManageGatePass.php
25 Jul 2020 11:02:22|28|pratiksha@forstarfoods.com|ManageGatePass.php
25 Jul 2020 11:03:27|28|pratiksha@forstarfoods.com|ManageGatePass.php
25 Jul 2020 11:04:32|28|pratiksha@forstarfoods.com|ManageGatePass.php
25 Jul 2020 11:05:35|28|pratiksha@forstarfoods.com|ManageGatePass.php
25 Jul 2020 11:06:02|20|shiji@forstarfoods.com|DailyCatchEntry_New.php
25 Jul 2020 11:06:37|28|pratiksha@forstarfoods.com|ManageGatePass.php
25 Jul 2020 11:07:43|28|pratiksha@forstarfoods.com|ManageGatePass.php
25 Jul 2020 11:08:47|28|pratiksha@forstarfoods.com|ManageGatePass.php
25 Jul 2020 11:09:51|28|pratiksha@forstarfoods.com|ManageGatePass.php
25 Jul 2020 11:10:54|28|pratiksha@forstarfoods.com|ManageGatePass.php
25 Jul 2020 11:11:04|20|shiji@forstarfoods.com|DailyCatchEntry_New.php
25 Jul 2020 11:11:58|28|pratiksha@forstarfoods.com|ManageGatePass.php
25 Jul 2020 11:13:00|28|pratiksha@forstarfoods.com|ManageGatePass.php
25 Jul 2020 11:14:07|28|pratiksha@forstarfoods.com|ManageGatePass.php
25 Jul 2020 11:15:12|28|pratiksha@forstarfoods.com|ManageGatePass.php
25 Jul 2020 11:16:05|20|shiji@forstarfoods.com|DailyCatchEntry_New.php
25 Jul 2020 11:16:17|28|pratiksha@forstarfoods.com|ManageGatePass.php
25 Jul 2020 11:17:21|28|pratiksha@forstarfoods.com|ManageGatePass.php
25 Jul 2020 11:18:23|28|pratiksha@forstarfoods.com|ManageGatePass.php
25 Jul 2020 11:19:29|28|pratiksha@forstarfoods.com|ManageGatePass.php
25 Jul 2020 11:20:32|28|pratiksha@forstarfoods.com|ManageGatePass.php
25 Jul 2020 11:21:06|20|shiji@forstarfoods.com|DailyCatchEntry_New.php
25 Jul 2020 11:21:36|28|pratiksha@forstarfoods.com|ManageGatePass.php
25 Jul 2020 11:22:39|28|pratiksha@forstarfoods.com|ManageGatePass.php
25 Jul 2020 11:23:40|28|pratiksha@forstarfoods.com|ManageGatePass.php
25 Jul 2020 11:24:42|28|pratiksha@forstarfoods.com|ManageGatePass.php
25 Jul 2020 11:24:47|20|shiji@forstarfoods.com|DailyCatchEntry_New.php
25 Jul 2020 11:24:48|20|shiji@forstarfoods.com|DailyCatchEntry_New.php
25 Jul 2020 11:24:50|20|shiji@forstarfoods.com|DailyCatchEntry_New.php
25 Jul 2020 11:24:51|20|shiji@forstarfoods.com|DailyCatchEntry_New.php
25 Jul 2020 11:25:05|20|shiji@forstarfoods.com|DailyCatchEntry_New.php
25 Jul 2020 11:25:06|20|shiji@forstarfoods.com|CatchEntryDeclaredItem.php
25 Jul 2020 11:25:18|20|shiji@forstarfoods.com|DailyCatchEntry_New.php
25 Jul 2020 11:25:19|20|shiji@forstarfoods.com|DailyCatchEntry_New.php
25 Jul 2020 11:25:21|20|shiji@forstarfoods.com|DailyCatchEntry_New.php
25 Jul 2020 11:25:22|20|shiji@forstarfoods.com|DailyCatchEntry_New.php
25 Jul 2020 11:25:23|20|shiji@forstarfoods.com|DailyCatchEntry_New.php
25 Jul 2020 11:25:24|20|shiji@forstarfoods.com|DailyCatchEntry_New.php
25 Jul 2020 11:25:28|20|shiji@forstarfoods.com|DailyCatchEntry_New.php
25 Jul 2020 11:25:29|20|shiji@forstarfoods.com|DailyCatchEntry_New.php
25 Jul 2020 11:25:32|20|shiji@forstarfoods.com|DailyCatchEntry_New.php
25 Jul 2020 11:25:46|28|pratiksha@forstarfoods.com|ManageGatePass.php
25 Jul 2020 11:26:00|20|shiji@forstarfoods.com|DailyCatchEntry_New.php
25 Jul 2020 11:26:02|20|shiji@forstarfoods.com|DailyCatchEntry_New.php
25 Jul 2020 11:26:03|20|shiji@forstarfoods.com|DailyCatchEntry_New.php
25 Jul 2020 11:26:04|20|shiji@forstarfoods.com|DailyCatchEntry_New.php
25 Jul 2020 11:26:05|20|shiji@forstarfoods.com|DailyCatchEntry_New.php
25 Jul 2020 11:26:07|20|shiji@forstarfoods.com|DailyCatchEntry_New.php
25 Jul 2020 11:26:08|20|shiji@forstarfoods.com|DailyCatchEntry_New.php
25 Jul 2020 11:26:48|28|pratiksha@forstarfoods.com|ManageGatePass.php
25 Jul 2020 11:27:19|20|shiji@forstarfoods.com|DailyCatchEntry_New.php
25 Jul 2020 11:27:22|20|shiji@forstarfoods.com|DailyCatchEntry_New.php
25 Jul 2020 11:27:23|20|shiji@forstarfoods.com|CatchEntryDeclaredItem.php
25 Jul 2020 11:27:33|20|shiji@forstarfoods.com|DailyCatchEntry_New.php
25 Jul 2020 11:27:35|20|shiji@forstarfoods.com|DailyCatchEntry_New.php
25 Jul 2020 11:27:37|20|shiji@forstarfoods.com|DailyCatchEntry_New.php
25 Jul 2020 11:27:38|20|shiji@forstarfoods.com|DailyCatchEntry_New.php
25 Jul 2020 11:27:40|20|shiji@forstarfoods.com|DailyCatchEntry_New.php
25 Jul 2020 11:27:41|20|shiji@forstarfoods.com|DailyCatchEntry_New.php
25 Jul 2020 11:27:42|20|shiji@forstarfoods.com|DailyCatchEntry_New.php
25 Jul 2020 11:27:43|20|shiji@forstarfoods.com|DailyCatchEntry_New.php
25 Jul 2020 11:27:45|20|shiji@forstarfoods.com|DailyCatchEntry_New.php
25 Jul 2020 11:27:47|20|shiji@forstarfoods.com|DailyCatchEntry_New.php
25 Jul 2020 11:27:48|20|shiji@forstarfoods.com|CatchEntryDeclaredItem.php
25 Jul 2020 11:27:51|28|pratiksha@forstarfoods.com|ManageGatePass.php
25 Jul 2020 11:27:58|20|shiji@forstarfoods.com|DailyCatchReport.php
25 Jul 2020 11:28:01|20|shiji@forstarfoods.com|DailyCatchEntry_New.php
25 Jul 2020 11:28:05|20|shiji@forstarfoods.com|DailyCatchEntry_New.php
25 Jul 2020 11:28:07|20|shiji@forstarfoods.com|DailyCatchEntry_New.php
25 Jul 2020 11:28:08|20|shiji@forstarfoods.com|DailyCatchEntry_New.php
25 Jul 2020 11:28:09|20|shiji@forstarfoods.com|DailyCatchEntry_New.php
25 Jul 2020 11:28:10|20|shiji@forstarfoods.com|CatchEntryDeclaredItem.php
25 Jul 2020 11:28:12|20|shiji@forstarfoods.com|DailyCatchEntry_New.php
25 Jul 2020 11:28:24|20|shiji@forstarfoods.com|DailyCatchEntry_New.php
25 Jul 2020 11:28:25|20|shiji@forstarfoods.com|DailyCatchEntry_New.php
25 Jul 2020 11:28:26|20|shiji@forstarfoods.com|DailyCatchEntry_New.php
25 Jul 2020 11:28:27|20|shiji@forstarfoods.com|DailyCatchEntry_New.php
25 Jul 2020 11:28:29|20|shiji@forstarfoods.com|DailyCatchEntry_New.php
25 Jul 2020 11:28:33|20|shiji@forstarfoods.com|DailyCatchEntry_New.php
25 Jul 2020 11:28:34|20|shiji@forstarfoods.com|DailyCatchEntry_New.php
25 Jul 2020 11:28:35|20|shiji@forstarfoods.com|DailyCatchEntry_New.php
25 Jul 2020 11:28:46|20|shiji@forstarfoods.com|DailyCatchEntry_New.php
25 Jul 2020 11:28:52|20|shiji@forstarfoods.com|DailyCatchEntry_New.php
25 Jul 2020 11:28:53|20|shiji@forstarfoods.com|CatchEntryDeclaredItem.php
25 Jul 2020 11:28:55|28|pratiksha@forstarfoods.com|ManageGatePass.php
25 Jul 2020 11:30:03|28|pratiksha@forstarfoods.com|ManageGatePass.php
25 Jul 2020 11:30:15|20|shiji@forstarfoods.com|DailyCatchEntry_New.php
25 Jul 2020 11:30:16|20|shiji@forstarfoods.com|DailyCatchEntry_New.php
25 Jul 2020 11:30:18|20|shiji@forstarfoods.com|DailyCatchEntry_New.php
25 Jul 2020 11:30:19|20|shiji@forstarfoods.com|DailyCatchEntry_New.php
25 Jul 2020 11:30:20|20|shiji@forstarfoods.com|DailyCatchEntry_New.php
25 Jul 2020 11:30:21|20|shiji@forstarfoods.com|DailyCatchEntry_New.php
25 Jul 2020 11:30:29|20|shiji@forstarfoods.com|DailyCatchEntry_New.php
25 Jul 2020 11:30:31|20|shiji@forstarfoods.com|DailyCatchEntry_New.php
25 Jul 2020 11:30:33|20|shiji@forstarfoods.com|DailyCatchEntry_New.php
25 Jul 2020 11:30:35|20|shiji@forstarfoods.com|DailyCatchEntry_New.php
25 Jul 2020 11:30:37|20|shiji@forstarfoods.com|DailyCatchEntry_New.php
25 Jul 2020 11:30:45|20|shiji@forstarfoods.com|DailyCatchEntry_New.php
25 Jul 2020 11:30:46|20|shiji@forstarfoods.com|DailyCatchEntry_New.php
25 Jul 2020 11:30:47|20|shiji@forstarfoods.com|DailyCatchEntry_New.php
25 Jul 2020 11:30:48|20|shiji@forstarfoods.com|DailyCatchEntry_New.php
25 Jul 2020 11:30:50|20|shiji@forstarfoods.com|DailyCatchEntry_New.php
25 Jul 2020 11:30:51|20|shiji@forstarfoods.com|DailyCatchEntry_New.php
25 Jul 2020 11:30:52|20|shiji@forstarfoods.com|DailyCatchEntry_New.php
25 Jul 2020 11:30:53|20|shiji@forstarfoods.com|DailyCatchEntry_New.php
25 Jul 2020 11:30:55|20|shiji@forstarfoods.com|DailyCatchEntry_New.php
25 Jul 2020 11:30:56|20|shiji@forstarfoods.com|DailyCatchEntry_New.php
25 Jul 2020 11:30:57|20|shiji@forstarfoods.com|DailyCatchEntry_New.php
25 Jul 2020 11:31:00|20|shiji@forstarfoods.com|DailyCatchEntry_New.php
25 Jul 2020 11:31:01|20|shiji@forstarfoods.com|CatchEntryDeclaredItem.php
25 Jul 2020 11:31:04|28|pratiksha@forstarfoods.com|ManageGatePass.php
25 Jul 2020 11:31:06|20|shiji@forstarfoods.com|DailyCatchEntry_New.php
25 Jul 2020 11:31:07|20|shiji@forstarfoods.com|DailyCatchEntry_New.php
25 Jul 2020 11:31:08|20|shiji@forstarfoods.com|DailyCatchEntry_New.php
25 Jul 2020 11:31:19|20|shiji@forstarfoods.com|DailyCatchEntry_New.php
25 Jul 2020 11:31:24|20|shiji@forstarfoods.com|DailyCatchEntry_New.php
25 Jul 2020 11:31:25|20|shiji@forstarfoods.com|CatchEntryDeclaredItem.php
25 Jul 2020 11:31:46|20|shiji@forstarfoods.com|DailyCatchEntry_New.php
25 Jul 2020 11:31:47|20|shiji@forstarfoods.com|DailyCatchEntry_New.php
25 Jul 2020 11:31:48|20|shiji@forstarfoods.com|DailyCatchEntry_New.php
25 Jul 2020 11:31:50|20|shiji@forstarfoods.com|DailyCatchEntry_New.php
25 Jul 2020 11:31:51|20|shiji@forstarfoods.com|DailyCatchEntry_New.php
25 Jul 2020 11:31:52|20|shiji@forstarfoods.com|DailyCatchEntry_New.php
25 Jul 2020 11:32:09|28|pratiksha@forstarfoods.com|ManageGatePass.php
25 Jul 2020 11:32:12|20|shiji@forstarfoods.com|DailyCatchEntry_New.php
25 Jul 2020 11:32:13|20|shiji@forstarfoods.com|DailyCatchEntry_New.php
25 Jul 2020 11:32:18|20|shiji@forstarfoods.com|DailyCatchEntry_New.php
25 Jul 2020 11:32:22|20|shiji@forstarfoods.com|DailyCatchEntry_New.php
25 Jul 2020 11:32:23|20|shiji@forstarfoods.com|DailyCatchEntry_New.php
25 Jul 2020 11:32:24|20|shiji@forstarfoods.com|DailyCatchEntry_New.php
25 Jul 2020 11:32:26|20|shiji@forstarfoods.com|DailyCatchEntry_New.php
25 Jul 2020 11:32:27|20|shiji@forstarfoods.com|DailyCatchEntry_New.php
25 Jul 2020 11:32:28|20|shiji@forstarfoods.com|DailyCatchEntry_New.php
25 Jul 2020 11:32:31|20|shiji@forstarfoods.com|DailyCatchEntry_New.php
25 Jul 2020 11:32:34|20|shiji@forstarfoods.com|DailyCatchEntry_New.php
25 Jul 2020 11:32:36|20|shiji@forstarfoods.com|CatchEntryDeclaredItem.php
25 Jul 2020 11:32:40|20|shiji@forstarfoods.com|DailyCatchEntry_New.php
25 Jul 2020 11:32:41|20|shiji@forstarfoods.com|DailyCatchEntry_New.php
25 Jul 2020 11:32:43|20|shiji@forstarfoods.com|DailyCatchEntry_New.php
25 Jul 2020 11:32:53|20|shiji@forstarfoods.com|DailyCatchEntry_New.php
25 Jul 2020 11:33:07|20|shiji@forstarfoods.com|DailyCatchEntry_New.php
25 Jul 2020 11:33:10|28|pratiksha@forstarfoods.com|ManageGatePass.php
25 Jul 2020 11:33:31|20|shiji@forstarfoods.com|DailyCatchEntry_New.php
25 Jul 2020 11:33:33|20|shiji@forstarfoods.com|CatchEntryDeclaredItem.php
25 Jul 2020 11:33:42|20|shiji@forstarfoods.com|DailyCatchEntry_New.php
25 Jul 2020 11:33:43|20|shiji@forstarfoods.com|DailyCatchEntry_New.php
25 Jul 2020 11:33:44|20|shiji@forstarfoods.com|DailyCatchEntry_New.php
25 Jul 2020 11:33:45|20|shiji@forstarfoods.com|DailyCatchEntry_New.php
25 Jul 2020 11:33:47|20|shiji@forstarfoods.com|DailyCatchEntry_New.php
25 Jul 2020 11:33:48|20|shiji@forstarfoods.com|DailyCatchEntry_New.php
25 Jul 2020 11:34:02|20|shiji@forstarfoods.com|DailyCatchEntry_New.php
25 Jul 2020 11:34:04|20|shiji@forstarfoods.com|DailyCatchEntry_New.php
25 Jul 2020 11:34:05|20|shiji@forstarfoods.com|DailyCatchEntry_New.php
25 Jul 2020 11:34:08|20|shiji@forstarfoods.com|DailyCatchEntry_New.php
25 Jul 2020 11:34:11|20|shiji@forstarfoods.com|DailyCatchEntry_New.php
25 Jul 2020 11:34:13|20|shiji@forstarfoods.com|DailyCatchEntry_New.php
25 Jul 2020 11:34:14|20|shiji@forstarfoods.com|DailyCatchEntry_New.php
25 Jul 2020 11:34:14|28|pratiksha@forstarfoods.com|ManageGatePass.php
25 Jul 2020 11:34:15|20|shiji@forstarfoods.com|DailyCatchEntry_New.php
25 Jul 2020 11:34:17|20|shiji@forstarfoods.com|DailyCatchEntry_New.php
25 Jul 2020 11:34:18|20|shiji@forstarfoods.com|DailyCatchEntry_New.php
25 Jul 2020 11:34:19|20|shiji@forstarfoods.com|DailyCatchEntry_New.php
25 Jul 2020 11:34:29|20|shiji@forstarfoods.com|DailyCatchEntry_New.php
25 Jul 2020 11:34:32|20|shiji@forstarfoods.com|DailyCatchEntry_New.php
25 Jul 2020 11:34:33|20|shiji@forstarfoods.com|CatchEntryDeclaredItem.php
25 Jul 2020 11:34:50|20|shiji@forstarfoods.com|DailyCatchEntry_New.php
25 Jul 2020 11:34:52|20|shiji@forstarfoods.com|DailyCatchEntry_New.php
25 Jul 2020 11:34:55|20|shiji@forstarfoods.com|DailyCatchEntry_New.php
25 Jul 2020 11:34:56|20|shiji@forstarfoods.com|DailyCatchEntry_New.php
25 Jul 2020 11:34:57|20|shiji@forstarfoods.com|DailyCatchEntry_New.php
25 Jul 2020 11:34:58|20|shiji@forstarfoods.com|DailyCatchEntry_New.php
25 Jul 2020 11:35:00|20|shiji@forstarfoods.com|DailyCatchEntry_New.php
25 Jul 2020 11:35:01|20|shiji@forstarfoods.com|DailyCatchEntry_New.php
25 Jul 2020 11:35:02|20|shiji@forstarfoods.com|DailyCatchEntry_New.php
25 Jul 2020 11:35:05|20|shiji@forstarfoods.com|DailyCatchEntry_New.php
25 Jul 2020 11:35:06|20|shiji@forstarfoods.com|CatchEntryDeclaredItem.php
25 Jul 2020 11:35:15|20|shiji@forstarfoods.com|DailyCatchEntry_New.php
25 Jul 2020 11:35:17|20|shiji@forstarfoods.com|DailyCatchEntry_New.php
25 Jul 2020 11:35:18|28|pratiksha@forstarfoods.com|ManageGatePass.php
25 Jul 2020 11:35:19|20|shiji@forstarfoods.com|DailyCatchEntry_New.php
25 Jul 2020 11:35:20|20|shiji@forstarfoods.com|DailyCatchEntry_New.php
25 Jul 2020 11:35:22|20|shiji@forstarfoods.com|DailyCatchEntry_New.php
25 Jul 2020 11:35:23|20|shiji@forstarfoods.com|DailyCatchEntry_New.php
25 Jul 2020 11:35:24|20|shiji@forstarfoods.com|DailyCatchEntry_New.php
25 Jul 2020 11:35:25|20|shiji@forstarfoods.com|DailyCatchEntry_New.php
25 Jul 2020 11:35:26|20|shiji@forstarfoods.com|DailyCatchEntry_New.php
25 Jul 2020 11:35:31|20|shiji@forstarfoods.com|DailyCatchEntry_New.php
25 Jul 2020 11:35:32|20|shiji@forstarfoods.com|CatchEntryDeclaredItem.php
25 Jul 2020 11:35:35|20|shiji@forstarfoods.com|DailyCatchEntry_New.php
25 Jul 2020 11:35:36|20|shiji@forstarfoods.com|DailyCatchEntry_New.php
25 Jul 2020 11:35:37|20|shiji@forstarfoods.com|DailyCatchEntry_New.php
25 Jul 2020 11:35:42|20|shiji@forstarfoods.com|DailyCatchEntry_New.php
25 Jul 2020 11:35:49|20|shiji@forstarfoods.com|DailyCatchEntry_New.php
25 Jul 2020 11:35:50|20|shiji@forstarfoods.com|CatchEntryDeclaredItem.php
25 Jul 2020 11:36:00|20|shiji@forstarfoods.com|DailyCatchEntry_New.php
25 Jul 2020 11:36:02|20|shiji@forstarfoods.com|DailyCatchEntry_New.php
25 Jul 2020 11:36:03|20|shiji@forstarfoods.com|DailyCatchEntry_New.php
25 Jul 2020 11:36:04|20|shiji@forstarfoods.com|DailyCatchEntry_New.php
25 Jul 2020 11:36:05|20|shiji@forstarfoods.com|DailyCatchEntry_New.php
25 Jul 2020 11:36:07|20|shiji@forstarfoods.com|DailyCatchEntry_New.php
25 Jul 2020 11:36:11|20|shiji@forstarfoods.com|DailyCatchEntry_New.php
25 Jul 2020 11:36:13|20|shiji@forstarfoods.com|DailyCatchEntry_New.php
25 Jul 2020 11:36:15|20|shiji@forstarfoods.com|DailyCatchEntry_New.php
25 Jul 2020 11:36:17|20|shiji@forstarfoods.com|DailyCatchEntry_New.php
25 Jul 2020 11:36:19|20|shiji@forstarfoods.com|DailyCatchEntry_New.php
25 Jul 2020 11:36:20|20|shiji@forstarfoods.com|DailyCatchEntry_New.php
25 Jul 2020 11:36:21|20|shiji@forstarfoods.com|DailyCatchEntry_New.php
25 Jul 2020 11:36:22|28|pratiksha@forstarfoods.com|ManageGatePass.php
25 Jul 2020 11:36:22|20|shiji@forstarfoods.com|DailyCatchEntry_New.php
25 Jul 2020 11:36:24|20|shiji@forstarfoods.com|DailyCatchEntry_New.php
25 Jul 2020 11:36:27|20|shiji@forstarfoods.com|DailyCatchEntry_New.php
25 Jul 2020 11:36:30|20|shiji@forstarfoods.com|DailyCatchEntry_New.php
25 Jul 2020 11:36:32|20|shiji@forstarfoods.com|CatchEntryDeclaredItem.php
25 Jul 2020 11:36:36|20|shiji@forstarfoods.com|DailyCatchEntry_New.php
25 Jul 2020 11:36:37|20|shiji@forstarfoods.com|DailyCatchEntry_New.php
25 Jul 2020 11:36:38|20|shiji@forstarfoods.com|DailyCatchEntry_New.php
25 Jul 2020 11:36:46|20|shiji@forstarfoods.com|DailyCatchEntry_New.php
25 Jul 2020 11:36:51|20|shiji@forstarfoods.com|DailyCatchEntry_New.php
25 Jul 2020 11:36:53|20|shiji@forstarfoods.com|CatchEntryDeclaredItem.php
25 Jul 2020 11:37:04|20|shiji@forstarfoods.com|DailyCatchEntry_New.php
25 Jul 2020 11:37:06|20|shiji@forstarfoods.com|DailyCatchEntry_New.php
25 Jul 2020 11:37:07|20|shiji@forstarfoods.com|DailyCatchEntry_New.php
25 Jul 2020 11:37:08|20|shiji@forstarfoods.com|DailyCatchEntry_New.php
25 Jul 2020 11:37:10|20|shiji@forstarfoods.com|DailyCatchEntry_New.php
25 Jul 2020 11:37:11|20|shiji@forstarfoods.com|DailyCatchEntry_New.php
25 Jul 2020 11:37:19|20|shiji@forstarfoods.com|DailyCatchEntry_New.php
25 Jul 2020 11:37:22|20|shiji@forstarfoods.com|DailyCatchEntry_New.php
25 Jul 2020 11:37:24|20|shiji@forstarfoods.com|DailyCatchEntry_New.php
25 Jul 2020 11:37:24|28|pratiksha@forstarfoods.com|ManageGatePass.php
25 Jul 2020 11:37:28|20|shiji@forstarfoods.com|DailyCatchEntry_New.php
25 Jul 2020 11:37:30|20|shiji@forstarfoods.com|DailyCatchEntry_New.php
25 Jul 2020 11:37:31|20|shiji@forstarfoods.com|DailyCatchEntry_New.php
25 Jul 2020 11:37:32|20|shiji@forstarfoods.com|DailyCatchEntry_New.php
25 Jul 2020 11:37:33|20|shiji@forstarfoods.com|DailyCatchEntry_New.php
25 Jul 2020 11:37:35|20|shiji@forstarfoods.com|DailyCatchEntry_New.php
25 Jul 2020 11:37:39|20|shiji@forstarfoods.com|DailyCatchEntry_New.php
25 Jul 2020 11:37:41|20|shiji@forstarfoods.com|DailyCatchEntry_New.php
25 Jul 2020 11:37:42|20|shiji@forstarfoods.com|CatchEntryDeclaredItem.php
25 Jul 2020 11:38:08|20|shiji@forstarfoods.com|DailyCatchEntry_New.php
25 Jul 2020 11:38:26|28|pratiksha@forstarfoods.com|ManageGatePass.php
25 Jul 2020 11:39:30|28|pratiksha@forstarfoods.com|ManageGatePass.php
25 Jul 2020 11:40:33|28|pratiksha@forstarfoods.com|ManageGatePass.php
25 Jul 2020 11:41:35|28|pratiksha@forstarfoods.com|ManageGatePass.php
25 Jul 2020 11:42:37|28|pratiksha@forstarfoods.com|ManageGatePass.php
25 Jul 2020 11:43:09|20|shiji@forstarfoods.com|DailyCatchEntry_New.php
25 Jul 2020 11:43:39|28|pratiksha@forstarfoods.com|ManageGatePass.php
25 Jul 2020 11:44:46|28|pratiksha@forstarfoods.com|ManageGatePass.php
25 Jul 2020 11:45:50|28|pratiksha@forstarfoods.com|ManageGatePass.php
25 Jul 2020 11:46:53|28|pratiksha@forstarfoods.com|ManageGatePass.php
25 Jul 2020 11:47:59|28|pratiksha@forstarfoods.com|ManageGatePass.php
25 Jul 2020 11:48:11|20|shiji@forstarfoods.com|DailyCatchEntry_New.php
25 Jul 2020 11:49:01|28|pratiksha@forstarfoods.com|ManageGatePass.php
25 Jul 2020 11:50:02|28|pratiksha@forstarfoods.com|ManageGatePass.php
25 Jul 2020 11:51:05|28|pratiksha@forstarfoods.com|ManageGatePass.php
25 Jul 2020 11:52:10|28|pratiksha@forstarfoods.com|ManageGatePass.php
25 Jul 2020 11:53:12|20|shiji@forstarfoods.com|DailyCatchEntry_New.php
25 Jul 2020 11:53:12|28|pratiksha@forstarfoods.com|ManageGatePass.php
25 Jul 2020 11:54:16|28|pratiksha@forstarfoods.com|ManageGatePass.php
25 Jul 2020 11:55:18|28|pratiksha@forstarfoods.com|ManageGatePass.php
25 Jul 2020 11:56:20|28|pratiksha@forstarfoods.com|ManageGatePass.php
25 Jul 2020 11:57:24|28|pratiksha@forstarfoods.com|ManageGatePass.php
25 Jul 2020 11:58:13|20|shiji@forstarfoods.com|DailyCatchEntry_New.php
25 Jul 2020 11:58:27|28|pratiksha@forstarfoods.com|ManageGatePass.php
25 Jul 2020 11:59:29|28|pratiksha@forstarfoods.com|ManageGatePass.php
25 Jul 2020 12:00:34|28|pratiksha@forstarfoods.com|ManageGatePass.php
25 Jul 2020 12:01:35|28|pratiksha@forstarfoods.com|ManageGatePass.php
25 Jul 2020 12:02:40|28|pratiksha@forstarfoods.com|ManageGatePass.php
25 Jul 2020 12:03:15|20|shiji@forstarfoods.com|DailyCatchEntry_New.php
25 Jul 2020 12:03:43|28|pratiksha@forstarfoods.com|ManageGatePass.php
25 Jul 2020 12:04:48|28|pratiksha@forstarfoods.com|ManageGatePass.php
25 Jul 2020 12:05:51|28|pratiksha@forstarfoods.com|ManageGatePass.php
25 Jul 2020 12:06:54|28|pratiksha@forstarfoods.com|ManageGatePass.php
25 Jul 2020 12:08:00|28|pratiksha@forstarfoods.com|ManageGatePass.php
25 Jul 2020 12:08:16|20|shiji@forstarfoods.com|DailyCatchEntry_New.php
25 Jul 2020 12:09:03|28|pratiksha@forstarfoods.com|ManageGatePass.php
25 Jul 2020 12:10:08|28|pratiksha@forstarfoods.com|ManageGatePass.php
25 Jul 2020 12:11:11|28|pratiksha@forstarfoods.com|ManageGatePass.php
25 Jul 2020 12:12:13|28|pratiksha@forstarfoods.com|ManageGatePass.php
25 Jul 2020 12:13:16|28|pratiksha@forstarfoods.com|ManageGatePass.php
25 Jul 2020 12:13:17|20|shiji@forstarfoods.com|DailyCatchEntry_New.php
25 Jul 2020 12:14:18|28|pratiksha@forstarfoods.com|ManageGatePass.php
25 Jul 2020 12:15:22|28|pratiksha@forstarfoods.com|ManageGatePass.php
25 Jul 2020 12:16:25|28|pratiksha@forstarfoods.com|ManageGatePass.php
25 Jul 2020 12:17:30|28|pratiksha@forstarfoods.com|ManageGatePass.php
25 Jul 2020 12:18:18|20|shiji@forstarfoods.com|DailyCatchEntry_New.php
25 Jul 2020 12:18:31|28|pratiksha@forstarfoods.com|ManageGatePass.php
25 Jul 2020 12:19:34|28|pratiksha@forstarfoods.com|ManageGatePass.php
25 Jul 2020 12:20:37|28|pratiksha@forstarfoods.com|ManageGatePass.php
25 Jul 2020 12:21:41|28|pratiksha@forstarfoods.com|ManageGatePass.php
25 Jul 2020 12:22:45|28|pratiksha@forstarfoods.com|ManageGatePass.php
25 Jul 2020 12:23:20|20|shiji@forstarfoods.com|DailyCatchEntry_New.php
25 Jul 2020 12:23:50|28|pratiksha@forstarfoods.com|ManageGatePass.php
25 Jul 2020 12:24:55|28|pratiksha@forstarfoods.com|ManageGatePass.php
25 Jul 2020 12:25:58|28|pratiksha@forstarfoods.com|ManageGatePass.php
25 Jul 2020 12:27:05|28|pratiksha@forstarfoods.com|ManageGatePass.php
25 Jul 2020 12:28:07|28|pratiksha@forstarfoods.com|ManageGatePass.php
25 Jul 2020 12:28:21|20|shiji@forstarfoods.com|DailyCatchEntry_New.php
25 Jul 2020 12:29:09|28|pratiksha@forstarfoods.com|ManageGatePass.php
25 Jul 2020 12:30:12|28|pratiksha@forstarfoods.com|ManageGatePass.php
25 Jul 2020 12:31:17|28|pratiksha@forstarfoods.com|ManageGatePass.php
25 Jul 2020 12:31:29|20|shiji@forstarfoods.com|DailyCatchSummary.php
25 Jul 2020 12:31:32|20|shiji@forstarfoods.com|DailyCatchSummary.php
25 Jul 2020 12:31:49|20|shiji@forstarfoods.com|DailyCatchSummary.php
25 Jul 2020 12:31:52|20|shiji@forstarfoods.com|DailyCatchSummary.php
25 Jul 2020 12:31:58|20|shiji@forstarfoods.com|DailyCatchSummary.php
25 Jul 2020 12:32:03|20|shiji@forstarfoods.com|DailyCatchSummary.php
25 Jul 2020 12:32:19|28|pratiksha@forstarfoods.com|ManageGatePass.php
25 Jul 2020 12:33:24|28|pratiksha@forstarfoods.com|ManageGatePass.php
25 Jul 2020 12:34:25|28|pratiksha@forstarfoods.com|ManageGatePass.php
25 Jul 2020 12:35:09|20|shiji@forstarfoods.com|DailyCatchSummary.php
25 Jul 2020 12:35:12|20|shiji@forstarfoods.com|DailyCatchSummary.php
25 Jul 2020 12:35:15|20|shiji@forstarfoods.com|DailyCatchSummary.php
25 Jul 2020 12:35:29|28|pratiksha@forstarfoods.com|ManageGatePass.php
25 Jul 2020 12:36:35|28|pratiksha@forstarfoods.com|ManageGatePass.php
25 Jul 2020 12:36:57|20|shiji@forstarfoods.com|DailyCatchSummary.php
25 Jul 2020 12:37:05|20|shiji@forstarfoods.com|DailyCatchSummary.php
25 Jul 2020 12:37:08|20|shiji@forstarfoods.com|DailyCatchSummary.php
25 Jul 2020 12:37:27|20|shiji@forstarfoods.com|DailyCatchSummary.php
25 Jul 2020 12:37:29|20|shiji@forstarfoods.com|DailyCatchSummary.php
25 Jul 2020 12:37:36|20|shiji@forstarfoods.com|DailyCatchSummary.php
25 Jul 2020 12:37:40|28|pratiksha@forstarfoods.com|ManageGatePass.php
25 Jul 2020 12:37:49|20|shiji@forstarfoods.com|DailyCatchSummary.php
25 Jul 2020 12:38:03|20|shiji@forstarfoods.com|DailyCatchSummary.php
25 Jul 2020 12:38:05|20|shiji@forstarfoods.com|DailyCatchSummary.php
25 Jul 2020 12:38:41|28|pratiksha@forstarfoods.com|ManageGatePass.php
25 Jul 2020 12:38:59|20|shiji@forstarfoods.com|DailyCatchSummary.php
25 Jul 2020 12:39:01|20|shiji@forstarfoods.com|DailyCatchSummary.php
25 Jul 2020 12:39:43|28|pratiksha@forstarfoods.com|ManageGatePass.php
25 Jul 2020 12:39:56|20|shiji@forstarfoods.com|DailyCatchSummary.php
25 Jul 2020 12:39:59|20|shiji@forstarfoods.com|DailyCatchSummary.php
25 Jul 2020 12:40:01|20|shiji@forstarfoods.com|DailyCatchSummary.php
25 Jul 2020 12:40:45|28|pratiksha@forstarfoods.com|ManageGatePass.php
25 Jul 2020 12:41:19|20|shiji@forstarfoods.com|DailyCatchSummary.php
25 Jul 2020 12:41:22|20|shiji@forstarfoods.com|DailyCatchSummary.php
25 Jul 2020 12:41:49|28|pratiksha@forstarfoods.com|ManageGatePass.php
25 Jul 2020 12:42:54|28|pratiksha@forstarfoods.com|ManageGatePass.php
25 Jul 2020 12:43:58|28|pratiksha@forstarfoods.com|ManageGatePass.php
25 Jul 2020 12:45:02|28|pratiksha@forstarfoods.com|ManageGatePass.php
25 Jul 2020 12:46:06|28|pratiksha@forstarfoods.com|ManageGatePass.php
25 Jul 2020 12:47:11|28|pratiksha@forstarfoods.com|ManageGatePass.php
25 Jul 2020 12:48:14|28|pratiksha@forstarfoods.com|ManageGatePass.php
25 Jul 2020 12:49:20|28|pratiksha@forstarfoods.com|ManageGatePass.php
25 Jul 2020 12:50:23|28|pratiksha@forstarfoods.com|ManageGatePass.php
25 Jul 2020 12:51:27|28|pratiksha@forstarfoods.com|ManageGatePass.php
25 Jul 2020 12:52:29|28|pratiksha@forstarfoods.com|ManageGatePass.php
25 Jul 2020 12:53:35|28|pratiksha@forstarfoods.com|ManageGatePass.php
25 Jul 2020 12:54:39|28|pratiksha@forstarfoods.com|ManageGatePass.php
25 Jul 2020 12:55:41|28|pratiksha@forstarfoods.com|ManageGatePass.php
25 Jul 2020 12:56:46|28|pratiksha@forstarfoods.com|ManageGatePass.php
25 Jul 2020 12:57:50|28|pratiksha@forstarfoods.com|ManageGatePass.php
25 Jul 2020 12:58:54|28|pratiksha@forstarfoods.com|ManageGatePass.php
25 Jul 2020 12:59:58|28|pratiksha@forstarfoods.com|ManageGatePass.php
25 Jul 2020 13:01:00|28|pratiksha@forstarfoods.com|ManageGatePass.php
25 Jul 2020 13:02:00|20|shiji@forstarfoods.com|DailyCatchSummary.php
25 Jul 2020 13:02:02|28|pratiksha@forstarfoods.com|ManageGatePass.php
25 Jul 2020 13:02:07|20|shiji@forstarfoods.com|DailyCatchSummary.php
25 Jul 2020 13:02:11|20|shiji@forstarfoods.com|DailyCatchSummary.php
25 Jul 2020 13:02:21|20|shiji@forstarfoods.com|DailyCatchSummary.php
25 Jul 2020 13:02:24|20|shiji@forstarfoods.com|DailyCatchSummary.php
25 Jul 2020 13:03:07|28|pratiksha@forstarfoods.com|ManageGatePass.php
25 Jul 2020 13:03:29|20|shiji@forstarfoods.com|DailyCatchSummary.php
25 Jul 2020 13:03:34|20|shiji@forstarfoods.com|DailyCatchSummary.php
25 Jul 2020 13:04:09|28|pratiksha@forstarfoods.com|ManageGatePass.php
25 Jul 2020 13:04:31|20|shiji@forstarfoods.com|DailyCatchSummary.php
25 Jul 2020 13:04:33|20|shiji@forstarfoods.com|DailyCatchSummary.php
25 Jul 2020 13:05:13|28|pratiksha@forstarfoods.com|ManageGatePass.php
25 Jul 2020 13:05:56|20|shiji@forstarfoods.com|DailyCatchSummary.php
25 Jul 2020 13:05:59|20|shiji@forstarfoods.com|DailyCatchSummary.php
25 Jul 2020 13:06:20|28|pratiksha@forstarfoods.com|ManageGatePass.php
25 Jul 2020 13:06:55|20|shiji@forstarfoods.com|DailyCatchSummary.php
25 Jul 2020 13:07:00|20|shiji@forstarfoods.com|DailyCatchSummary.php
25 Jul 2020 13:07:11|20|shiji@forstarfoods.com|DailyCatchSummary.php
25 Jul 2020 13:07:24|28|pratiksha@forstarfoods.com|ManageGatePass.php
25 Jul 2020 13:08:07|20|shiji@forstarfoods.com|DailyCatchSummary.php
25 Jul 2020 13:08:09|20|shiji@forstarfoods.com|DailyCatchSummary.php
25 Jul 2020 13:08:29|28|pratiksha@forstarfoods.com|ManageGatePass.php
25 Jul 2020 13:08:51|20|shiji@forstarfoods.com|DailyCatchSummary.php
25 Jul 2020 13:08:53|20|shiji@forstarfoods.com|DailyCatchSummary.php
25 Jul 2020 13:09:22|20|shiji@forstarfoods.com|DailyCatchSummary.php
25 Jul 2020 13:09:25|20|shiji@forstarfoods.com|DailyCatchSummary.php
25 Jul 2020 13:09:32|20|shiji@forstarfoods.com|DailyCatchSummary.php
25 Jul 2020 13:09:33|28|pratiksha@forstarfoods.com|ManageGatePass.php
25 Jul 2020 13:10:06|20|shiji@forstarfoods.com|DailyCatchSummary.php
25 Jul 2020 13:10:39|28|pratiksha@forstarfoods.com|ManageGatePass.php
25 Jul 2020 13:11:41|28|pratiksha@forstarfoods.com|ManageGatePass.php
25 Jul 2020 13:12:14|20|shiji@forstarfoods.com|DailyCatchSummary.php
25 Jul 2020 13:12:17|20|shiji@forstarfoods.com|DailyCatchSummary.php
25 Jul 2020 13:12:46|28|pratiksha@forstarfoods.com|ManageGatePass.php
25 Jul 2020 13:13:34|20|shiji@forstarfoods.com|DailyCatchSummary.php
25 Jul 2020 13:13:37|20|shiji@forstarfoods.com|DailyCatchSummary.php
25 Jul 2020 13:13:48|28|pratiksha@forstarfoods.com|ManageGatePass.php
25 Jul 2020 13:14:53|28|pratiksha@forstarfoods.com|ManageGatePass.php
25 Jul 2020 13:15:58|28|pratiksha@forstarfoods.com|ManageGatePass.php
25 Jul 2020 13:17:00|28|pratiksha@forstarfoods.com|ManageGatePass.php
25 Jul 2020 13:18:04|28|pratiksha@forstarfoods.com|ManageGatePass.php
25 Jul 2020 13:19:07|28|pratiksha@forstarfoods.com|ManageGatePass.php
25 Jul 2020 13:20:11|28|pratiksha@forstarfoods.com|ManageGatePass.php
25 Jul 2020 13:21:16|28|pratiksha@forstarfoods.com|ManageGatePass.php
25 Jul 2020 13:22:18|28|pratiksha@forstarfoods.com|ManageGatePass.php
25 Jul 2020 13:23:23|28|pratiksha@forstarfoods.com|ManageGatePass.php
25 Jul 2020 13:24:17|20|shiji@forstarfoods.com|ProcessorsAccounts.php
25 Jul 2020 13:24:27|28|pratiksha@forstarfoods.com|ManageGatePass.php
25 Jul 2020 13:24:32|20|shiji@forstarfoods.com|ProcessorsAccounts.php
25 Jul 2020 13:24:39|20|shiji@forstarfoods.com|ProcessorsAccounts.php
25 Jul 2020 13:24:46|20|shiji@forstarfoods.com|ProcessorsAccounts.php
25 Jul 2020 13:25:05|20|shiji@forstarfoods.com|ProcessorsAccounts.php
25 Jul 2020 13:25:13|20|shiji@forstarfoods.com|ProcessorsAccounts.php
25 Jul 2020 13:25:30|28|pratiksha@forstarfoods.com|ManageGatePass.php
25 Jul 2020 13:25:35|20|shiji@forstarfoods.com|ProcessorsAccounts.php
25 Jul 2020 13:25:37|20|shiji@forstarfoods.com|ProcessorsAccounts.php
25 Jul 2020 13:25:53|20|shiji@forstarfoods.com|ProcessorsAccounts.php
25 Jul 2020 13:26:08|20|shiji@forstarfoods.com|ProcessorsAccounts.php
25 Jul 2020 13:26:13|20|shiji@forstarfoods.com|ProcessorsAccounts.php
25 Jul 2020 13:26:36|28|pratiksha@forstarfoods.com|ManageGatePass.php
25 Jul 2020 13:27:39|28|pratiksha@forstarfoods.com|ManageGatePass.php
25 Jul 2020 13:28:18|20|shiji@forstarfoods.com|ProcessorsAccounts.php
25 Jul 2020 13:28:27|20|shiji@forstarfoods.com|ProcessorsAccounts.php
25 Jul 2020 13:28:29|20|shiji@forstarfoods.com|ProcessorsAccounts.php
25 Jul 2020 13:28:43|28|pratiksha@forstarfoods.com|ManageGatePass.php
25 Jul 2020 13:29:11|20|shiji@forstarfoods.com|ProcessorsAccounts.php
25 Jul 2020 13:29:25|20|shiji@forstarfoods.com|ProcessorsAccounts.php
25 Jul 2020 13:29:46|28|pratiksha@forstarfoods.com|ManageGatePass.php
25 Jul 2020 13:30:13|20|shiji@forstarfoods.com|ProcessorsAccounts.php
25 Jul 2020 13:30:44|20|shiji@forstarfoods.com|ProcessorsAccounts.php
25 Jul 2020 13:30:53|28|pratiksha@forstarfoods.com|ManageGatePass.php
25 Jul 2020 13:31:55|28|pratiksha@forstarfoods.com|ManageGatePass.php
25 Jul 2020 13:32:57|28|pratiksha@forstarfoods.com|ManageGatePass.php
25 Jul 2020 13:34:00|28|pratiksha@forstarfoods.com|ManageGatePass.php
25 Jul 2020 13:35:04|28|pratiksha@forstarfoods.com|ManageGatePass.php
25 Jul 2020 13:36:06|28|pratiksha@forstarfoods.com|ManageGatePass.php
25 Jul 2020 13:37:11|28|pratiksha@forstarfoods.com|ManageGatePass.php
25 Jul 2020 13:38:13|28|pratiksha@forstarfoods.com|ManageGatePass.php
25 Jul 2020 13:39:17|28|pratiksha@forstarfoods.com|ManageGatePass.php
25 Jul 2020 13:40:21|28|pratiksha@forstarfoods.com|ManageGatePass.php
25 Jul 2020 13:41:24|28|pratiksha@forstarfoods.com|ManageGatePass.php
25 Jul 2020 13:42:27|28|pratiksha@forstarfoods.com|ManageGatePass.php
25 Jul 2020 13:43:30|28|pratiksha@forstarfoods.com|ManageGatePass.php
25 Jul 2020 13:44:32|28|pratiksha@forstarfoods.com|ManageGatePass.php
25 Jul 2020 13:45:36|28|pratiksha@forstarfoods.com|ManageGatePass.php
25 Jul 2020 13:46:40|28|pratiksha@forstarfoods.com|ManageGatePass.php
25 Jul 2020 13:47:47|28|pratiksha@forstarfoods.com|ManageGatePass.php
25 Jul 2020 13:48:49|28|pratiksha@forstarfoods.com|ManageGatePass.php
25 Jul 2020 13:49:53|28|pratiksha@forstarfoods.com|ManageGatePass.php
25 Jul 2020 13:50:58|28|pratiksha@forstarfoods.com|ManageGatePass.php
25 Jul 2020 13:52:01|28|pratiksha@forstarfoods.com|ManageGatePass.php
25 Jul 2020 13:53:03|28|pratiksha@forstarfoods.com|ManageGatePass.php
25 Jul 2020 13:54:09|28|pratiksha@forstarfoods.com|ManageGatePass.php
25 Jul 2020 13:55:12|28|pratiksha@forstarfoods.com|ManageGatePass.php
25 Jul 2020 13:56:15|28|pratiksha@forstarfoods.com|ManageGatePass.php
25 Jul 2020 13:57:16|28|pratiksha@forstarfoods.com|ManageGatePass.php
25 Jul 2020 13:58:20|28|pratiksha@forstarfoods.com|ManageGatePass.php
25 Jul 2020 13:59:25|28|pratiksha@forstarfoods.com|ManageGatePass.php
25 Jul 2020 14:00:28|28|pratiksha@forstarfoods.com|ManageGatePass.php
25 Jul 2020 14:01:34|28|pratiksha@forstarfoods.com|ManageGatePass.php
25 Jul 2020 14:02:35|28|pratiksha@forstarfoods.com|ManageGatePass.php
25 Jul 2020 14:03:39|28|pratiksha@forstarfoods.com|ManageGatePass.php
25 Jul 2020 14:04:44|28|pratiksha@forstarfoods.com|ManageGatePass.php
25 Jul 2020 14:05:47|28|pratiksha@forstarfoods.com|ManageGatePass.php
25 Jul 2020 14:06:50|28|pratiksha@forstarfoods.com|ManageGatePass.php
25 Jul 2020 14:07:31|20|shiji@forstarfoods.com|Home.php
25 Jul 2020 14:07:36|20|shiji@forstarfoods.com|ProcessorsAccounts.php
25 Jul 2020 14:07:53|28|pratiksha@forstarfoods.com|ManageGatePass.php
25 Jul 2020 14:08:57|28|pratiksha@forstarfoods.com|ManageGatePass.php
25 Jul 2020 14:09:58|28|pratiksha@forstarfoods.com|ManageGatePass.php
25 Jul 2020 14:11:00|28|pratiksha@forstarfoods.com|ManageGatePass.php
25 Jul 2020 14:12:02|28|pratiksha@forstarfoods.com|ManageGatePass.php
25 Jul 2020 14:13:06|28|pratiksha@forstarfoods.com|ManageGatePass.php
25 Jul 2020 14:14:07|28|pratiksha@forstarfoods.com|ManageGatePass.php
25 Jul 2020 14:15:11|28|pratiksha@forstarfoods.com|ManageGatePass.php
25 Jul 2020 14:16:15|28|pratiksha@forstarfoods.com|ManageGatePass.php
25 Jul 2020 14:17:17|28|pratiksha@forstarfoods.com|ManageGatePass.php
25 Jul 2020 14:18:20|28|pratiksha@forstarfoods.com|ManageGatePass.php
25 Jul 2020 14:19:25|28|pratiksha@forstarfoods.com|ManageGatePass.php
25 Jul 2020 14:20:28|28|pratiksha@forstarfoods.com|ManageGatePass.php
25 Jul 2020 14:21:32|28|pratiksha@forstarfoods.com|ManageGatePass.php
25 Jul 2020 14:22:37|28|pratiksha@forstarfoods.com|ManageGatePass.php
25 Jul 2020 14:23:41|28|pratiksha@forstarfoods.com|ManageGatePass.php
25 Jul 2020 14:24:44|28|pratiksha@forstarfoods.com|ManageGatePass.php
25 Jul 2020 14:25:48|28|pratiksha@forstarfoods.com|ManageGatePass.php
25 Jul 2020 14:26:51|28|pratiksha@forstarfoods.com|ManageGatePass.php
25 Jul 2020 14:27:56|28|pratiksha@forstarfoods.com|ManageGatePass.php
25 Jul 2020 14:29:00|28|pratiksha@forstarfoods.com|ManageGatePass.php
25 Jul 2020 14:30:02|28|pratiksha@forstarfoods.com|ManageGatePass.php
25 Jul 2020 14:31:03|28|pratiksha@forstarfoods.com|ManageGatePass.php
25 Jul 2020 14:32:06|28|pratiksha@forstarfoods.com|ManageGatePass.php
25 Jul 2020 14:33:11|28|pratiksha@forstarfoods.com|ManageGatePass.php
25 Jul 2020 14:34:15|28|pratiksha@forstarfoods.com|ManageGatePass.php
25 Jul 2020 14:35:17|28|pratiksha@forstarfoods.com|ManageGatePass.php
25 Jul 2020 14:36:20|28|pratiksha@forstarfoods.com|ManageGatePass.php
25 Jul 2020 14:42:52|28|pratiksha@forstarfoods.com|ManageGatePass.php
25 Jul 2020 14:43:53|28|pratiksha@forstarfoods.com|ManageGatePass.php
25 Jul 2020 14:44:57|28|pratiksha@forstarfoods.com|ManageGatePass.php
25 Jul 2020 14:46:01|28|pratiksha@forstarfoods.com|ManageGatePass.php
25 Jul 2020 14:47:06|28|pratiksha@forstarfoods.com|ManageGatePass.php
25 Jul 2020 14:48:10|28|pratiksha@forstarfoods.com|ManageGatePass.php
25 Jul 2020 14:49:11|28|pratiksha@forstarfoods.com|ManageGatePass.php
25 Jul 2020 14:50:13|28|pratiksha@forstarfoods.com|ManageGatePass.php
25 Jul 2020 14:51:16|28|pratiksha@forstarfoods.com|ManageGatePass.php
25 Jul 2020 14:52:19|28|pratiksha@forstarfoods.com|ManageGatePass.php
25 Jul 2020 14:53:22|28|pratiksha@forstarfoods.com|ManageGatePass.php
25 Jul 2020 14:54:26|28|pratiksha@forstarfoods.com|ManageGatePass.php
25 Jul 2020 14:55:33|28|pratiksha@forstarfoods.com|ManageGatePass.php
25 Jul 2020 14:56:37|28|pratiksha@forstarfoods.com|ManageGatePass.php
25 Jul 2020 14:57:41|28|pratiksha@forstarfoods.com|ManageGatePass.php
25 Jul 2020 14:58:45|28|pratiksha@forstarfoods.com|ManageGatePass.php
25 Jul 2020 14:59:47|28|pratiksha@forstarfoods.com|ManageGatePass.php
25 Jul 2020 15:00:53|28|pratiksha@forstarfoods.com|ManageGatePass.php
25 Jul 2020 15:02:03|28|pratiksha@forstarfoods.com|ManageGatePass.php
25 Jul 2020 15:03:07|28|pratiksha@forstarfoods.com|ManageGatePass.php
25 Jul 2020 15:04:11|28|pratiksha@forstarfoods.com|ManageGatePass.php
25 Jul 2020 15:05:14|28|pratiksha@forstarfoods.com|ManageGatePass.php
25 Jul 2020 15:06:16|28|pratiksha@forstarfoods.com|ManageGatePass.php
25 Jul 2020 15:07:22|28|pratiksha@forstarfoods.com|ManageGatePass.php
25 Jul 2020 15:08:26|28|pratiksha@forstarfoods.com|ManageGatePass.php
25 Jul 2020 15:09:31|28|pratiksha@forstarfoods.com|ManageGatePass.php
25 Jul 2020 15:10:39|28|pratiksha@forstarfoods.com|ManageGatePass.php
25 Jul 2020 15:11:43|28|pratiksha@forstarfoods.com|ManageGatePass.php
25 Jul 2020 15:12:47|28|pratiksha@forstarfoods.com|ManageGatePass.php
25 Jul 2020 15:13:52|28|pratiksha@forstarfoods.com|ManageGatePass.php
25 Jul 2020 15:14:52|28|pratiksha@forstarfoods.com|ManageGatePass.php
25 Jul 2020 15:15:53|28|pratiksha@forstarfoods.com|ManageGatePass.php
25 Jul 2020 15:16:54|28|pratiksha@forstarfoods.com|ManageGatePass.php
25 Jul 2020 15:17:54|28|pratiksha@forstarfoods.com|ManageGatePass.php
25 Jul 2020 15:18:55|28|pratiksha@forstarfoods.com|ManageGatePass.php
25 Jul 2020 15:19:56|28|pratiksha@forstarfoods.com|ManageGatePass.php
25 Jul 2020 15:20:56|28|pratiksha@forstarfoods.com|ManageGatePass.php
25 Jul 2020 15:21:57|28|pratiksha@forstarfoods.com|ManageGatePass.php
25 Jul 2020 15:22:58|28|pratiksha@forstarfoods.com|ManageGatePass.php
25 Jul 2020 15:23:58|28|pratiksha@forstarfoods.com|ManageGatePass.php
25 Jul 2020 15:24:59|28|pratiksha@forstarfoods.com|ManageGatePass.php
25 Jul 2020 15:26:00|28|pratiksha@forstarfoods.com|ManageGatePass.php
25 Jul 2020 15:27:00|28|pratiksha@forstarfoods.com|ManageGatePass.php
25 Jul 2020 15:28:01|28|pratiksha@forstarfoods.com|ManageGatePass.php
25 Jul 2020 15:29:02|28|pratiksha@forstarfoods.com|ManageGatePass.php
25 Jul 2020 15:30:02|28|pratiksha@forstarfoods.com|ManageGatePass.php
25 Jul 2020 15:30:15|20|shiji@forstarfoods.com|DailyCatchReport.php
25 Jul 2020 15:30:41|20|shiji@forstarfoods.com|DailyCatchReport.php
25 Jul 2020 15:30:48|20|shiji@forstarfoods.com|DailyCatchReport.php
25 Jul 2020 15:30:50|20|shiji@forstarfoods.com|DailyCatchReport.php
25 Jul 2020 15:30:52|20|shiji@forstarfoods.com|DailyCatchReport.php
25 Jul 2020 15:30:53|20|shiji@forstarfoods.com|DailyCatchReport.php
25 Jul 2020 15:30:57|20|shiji@forstarfoods.com|PrintDailyCatchReportMemo.php
25 Jul 2020 15:31:03|28|pratiksha@forstarfoods.com|ManageGatePass.php
25 Jul 2020 15:31:20|20|shiji@forstarfoods.com|PrintDailyCatchReportMemo.php
25 Jul 2020 15:32:03|28|pratiksha@forstarfoods.com|ManageGatePass.php
25 Jul 2020 15:32:50|20|shiji@forstarfoods.com|DailyCatchReport.php
25 Jul 2020 15:32:52|20|shiji@forstarfoods.com|DailyCatchReport.php
25 Jul 2020 15:32:53|20|shiji@forstarfoods.com|DailyCatchReport.php
25 Jul 2020 15:32:58|20|shiji@forstarfoods.com|DailyCatchReport.php
25 Jul 2020 15:32:59|20|shiji@forstarfoods.com|DailyCatchReport.php
25 Jul 2020 15:33:01|20|shiji@forstarfoods.com|DailyCatchReport.php
25 Jul 2020 15:33:02|20|shiji@forstarfoods.com|DailyCatchReport.php
25 Jul 2020 15:33:04|28|pratiksha@forstarfoods.com|ManageGatePass.php
25 Jul 2020 15:34:05|28|pratiksha@forstarfoods.com|ManageGatePass.php
25 Jul 2020 15:34:50|20|shiji@forstarfoods.com|DailyCatchEntry_New.php
25 Jul 2020 15:34:57|20|shiji@forstarfoods.com|DailyCatchEntry_New.php
25 Jul 2020 15:34:58|20|shiji@forstarfoods.com|DailyCatchEntry_New.php
25 Jul 2020 15:34:59|20|shiji@forstarfoods.com|DailyCatchEntry_New.php
25 Jul 2020 15:35:01|20|shiji@forstarfoods.com|DailyCatchEntry_New.php
25 Jul 2020 15:35:02|20|shiji@forstarfoods.com|DailyCatchEntry_New.php
25 Jul 2020 15:35:03|20|shiji@forstarfoods.com|DailyCatchEntry_New.php
25 Jul 2020 15:35:05|28|pratiksha@forstarfoods.com|ManageGatePass.php
25 Jul 2020 15:35:15|20|shiji@forstarfoods.com|DailyCatchEntry_New.php
25 Jul 2020 15:35:16|20|shiji@forstarfoods.com|DailyCatchEntry_New.php
25 Jul 2020 15:35:17|20|shiji@forstarfoods.com|DailyCatchEntry_New.php
25 Jul 2020 15:35:28|20|shiji@forstarfoods.com|DailyCatchEntry_New.php
25 Jul 2020 15:35:29|20|shiji@forstarfoods.com|DailyCatchEntry_New.php
25 Jul 2020 15:35:30|20|shiji@forstarfoods.com|DailyCatchEntry_New.php
25 Jul 2020 15:35:32|20|shiji@forstarfoods.com|DailyCatchEntry_New.php
25 Jul 2020 15:35:34|20|shiji@forstarfoods.com|DailyCatchEntry_New.php
25 Jul 2020 15:35:45|20|shiji@forstarfoods.com|DailyCatchEntry_New.php
25 Jul 2020 15:35:47|20|shiji@forstarfoods.com|DailyCatchEntry_New.php
25 Jul 2020 15:35:49|20|shiji@forstarfoods.com|DailyCatchEntry_New.php
25 Jul 2020 15:35:50|20|shiji@forstarfoods.com|CatchEntryDeclaredItem.php
25 Jul 2020 15:35:51|20|shiji@forstarfoods.com|DailyCatchEntry_New.php
25 Jul 2020 15:35:53|20|shiji@forstarfoods.com|CatchEntryDeclaredItem.php
25 Jul 2020 15:36:06|28|pratiksha@forstarfoods.com|ManageGatePass.php
25 Jul 2020 15:36:28|20|shiji@forstarfoods.com|DailyCatchEntry_New.php
25 Jul 2020 15:36:31|20|shiji@forstarfoods.com|DailyCatchEntry_New.php
25 Jul 2020 15:36:32|20|shiji@forstarfoods.com|CatchEntryDeclaredItem.php
25 Jul 2020 15:36:44|20|shiji@forstarfoods.com|DailyCatchEntry_New.php
25 Jul 2020 15:36:46|20|shiji@forstarfoods.com|DailyCatchEntry_New.php
25 Jul 2020 15:36:52|20|shiji@forstarfoods.com|DailyCatchEntry_New.php
25 Jul 2020 15:36:55|20|shiji@forstarfoods.com|DailyCatchEntry_New.php
25 Jul 2020 15:36:56|20|shiji@forstarfoods.com|CatchEntryDeclaredItem.php
25 Jul 2020 15:37:03|20|shiji@forstarfoods.com|DailyCatchEntry_New.php
25 Jul 2020 15:37:05|20|shiji@forstarfoods.com|DailyCatchEntry_New.php
25 Jul 2020 15:37:07|28|pratiksha@forstarfoods.com|ManageGatePass.php
25 Jul 2020 15:37:08|20|shiji@forstarfoods.com|DailyCatchEntry_New.php
25 Jul 2020 15:37:20|20|shiji@forstarfoods.com|DailyCatchEntry_New.php
25 Jul 2020 15:37:23|20|shiji@forstarfoods.com|DailyCatchEntry_New.php
25 Jul 2020 15:37:27|20|shiji@forstarfoods.com|DailyCatchEntry_New.php
25 Jul 2020 15:37:42|20|shiji@forstarfoods.com|DailyCatchReport.php
25 Jul 2020 15:37:50|20|shiji@forstarfoods.com|DailyCatchReport.php
25 Jul 2020 15:37:53|20|shiji@forstarfoods.com|DailyCatchReport.php
25 Jul 2020 15:37:56|20|shiji@forstarfoods.com|DailyCatchReport.php
25 Jul 2020 15:37:57|20|shiji@forstarfoods.com|DailyCatchReport.php
25 Jul 2020 15:37:59|20|shiji@forstarfoods.com|DailyCatchReport.php
25 Jul 2020 15:38:00|20|shiji@forstarfoods.com|PrintDailyCatchReportMemo.php
25 Jul 2020 15:38:07|28|pratiksha@forstarfoods.com|ManageGatePass.php
25 Jul 2020 15:38:12|20|shiji@forstarfoods.com|PrintDailyCatchReportMemo.php
25 Jul 2020 15:38:44|20|shiji@forstarfoods.com|DailyCatchReport.php
25 Jul 2020 15:38:45|20|shiji@forstarfoods.com|DailyCatchReport.php
25 Jul 2020 15:38:47|20|shiji@forstarfoods.com|DailyCatchReport.php
25 Jul 2020 15:38:55|20|shiji@forstarfoods.com|DailyCatchReport.php
25 Jul 2020 15:38:57|20|shiji@forstarfoods.com|DailyCatchReport.php
25 Jul 2020 15:39:01|20|shiji@forstarfoods.com|DailyCatchReport.php
25 Jul 2020 15:39:03|20|shiji@forstarfoods.com|DailyCatchReport.php
25 Jul 2020 15:39:04|20|shiji@forstarfoods.com|DailyCatchReport.php
25 Jul 2020 15:39:08|28|pratiksha@forstarfoods.com|ManageGatePass.php
25 Jul 2020 15:39:08|20|shiji@forstarfoods.com|PrintDailyCatchReportMemo.php
25 Jul 2020 15:39:27|20|shiji@forstarfoods.com|PrintDailyCatchReportMemo.php
25 Jul 2020 15:39:59|20|shiji@forstarfoods.com|DailyCatchReport.php
25 Jul 2020 15:40:01|20|shiji@forstarfoods.com|DailyCatchReport.php
25 Jul 2020 15:40:02|20|shiji@forstarfoods.com|DailyCatchReport.php
25 Jul 2020 15:40:07|20|shiji@forstarfoods.com|DailyCatchReport.php
25 Jul 2020 15:40:08|20|shiji@forstarfoods.com|DailyCatchReport.php
25 Jul 2020 15:40:08|28|pratiksha@forstarfoods.com|ManageGatePass.php
25 Jul 2020 15:40:10|20|shiji@forstarfoods.com|DailyCatchReport.php
25 Jul 2020 15:40:11|20|shiji@forstarfoods.com|DailyCatchReport.php
25 Jul 2020 15:41:09|28|pratiksha@forstarfoods.com|ManageGatePass.php
25 Jul 2020 15:41:15|20|shiji@forstarfoods.com|DailyCatchReport.php
25 Jul 2020 15:41:17|20|shiji@forstarfoods.com|DailyCatchReport.php
25 Jul 2020 15:41:18|20|shiji@forstarfoods.com|DailyCatchReport.php
25 Jul 2020 15:41:25|20|shiji@forstarfoods.com|DailyCatchReport.php