
11 Jan 2020 16:27:27|29|kavitha@forstarfoods.com|DailyCatchSummary.php
11 Jan 2020 16:28:04|29|kavitha@forstarfoods.com|DailyCatchSummary.php
11 Jan 2020 16:37:01|29|kavitha@forstarfoods.com|DailyCatchSummary.php
11 Jan 2020 16:37:05|29|kavitha@forstarfoods.com|DailyCatchSummary.php
11 Jan 2020 16:38:23|29|kavitha@forstarfoods.com|DailyCatchSummary.php
11 Jan 2020 16:38:35|29|kavitha@forstarfoods.com|DailyCatchSummary.php
11 Jan 2020 16:39:17|29|kavitha@forstarfoods.com|DailyCatchSummary.php
11 Jan 2020 16:39:22|29|kavitha@forstarfoods.com|DailyCatchSummary.php
11 Jan 2020 16:39:37|29|kavitha@forstarfoods.com|PrintDailyCatchSummary.php
11 Jan 2020 16:42:30|29|kavitha@forstarfoods.com|DailyCatchSummary.php
11 Jan 2020 16:42:34|29|kavitha@forstarfoods.com|DailyCatchSummary.php
11 Jan 2020 16:43:09|29|kavitha@forstarfoods.com|PrintDailyCatchSummary.php
11 Jan 2020 16:44:04|29|kavitha@forstarfoods.com|DailyCatchSummary.php
11 Jan 2020 16:44:10|29|kavitha@forstarfoods.com|DailyCatchSummary.php
11 Jan 2020 17:12:51|20|shiji@forstarfoods.com|DailyCatchReport.php
11 Jan 2020 17:14:01|20|shiji@forstarfoods.com|DailyCatchReport.php
11 Jan 2020 17:14:04|20|shiji@forstarfoods.com|DailyCatchReport.php
11 Jan 2020 17:14:05|20|shiji@forstarfoods.com|DailyCatchReport.php
11 Jan 2020 17:14:07|20|shiji@forstarfoods.com|DailyCatchReport.php
11 Jan 2020 17:14:09|20|shiji@forstarfoods.com|PrintDailyCatchReportMemo.php
11 Jan 2020 17:14:33|20|shiji@forstarfoods.com|DailyCatchReport.php
11 Jan 2020 17:14:34|20|shiji@forstarfoods.com|DailyCatchReport.php
11 Jan 2020 17:14:35|20|shiji@forstarfoods.com|DailyCatchReport.php
11 Jan 2020 17:14:44|20|shiji@forstarfoods.com|DailyCatchReport.php
11 Jan 2020 17:14:47|20|shiji@forstarfoods.com|DailyCatchReport.php
11 Jan 2020 17:14:49|20|shiji@forstarfoods.com|DailyCatchReport.php
11 Jan 2020 17:14:50|20|shiji@forstarfoods.com|DailyCatchReport.php
11 Jan 2020 17:14:52|20|shiji@forstarfoods.com|DailyCatchReport.php
11 Jan 2020 17:14:55|20|shiji@forstarfoods.com|PrintDailyCatchReportMemo.php
11 Jan 2020 17:15:23|20|shiji@forstarfoods.com|DailyCatchReport.php
11 Jan 2020 17:15:24|20|shiji@forstarfoods.com|DailyCatchReport.php
11 Jan 2020 17:15:26|20|shiji@forstarfoods.com|DailyCatchReport.php
11 Jan 2020 17:15:37|20|shiji@forstarfoods.com|DailyCatchReport.php
11 Jan 2020 17:15:38|20|shiji@forstarfoods.com|DailyCatchReport.php
11 Jan 2020 17:15:40|20|shiji@forstarfoods.com|DailyCatchReport.php
11 Jan 2020 17:15:41|20|shiji@forstarfoods.com|DailyCatchReport.php
11 Jan 2020 17:15:43|20|shiji@forstarfoods.com|DailyCatchReport.php
11 Jan 2020 17:15:44|20|shiji@forstarfoods.com|DailyCatchReport.php
11 Jan 2020 17:15:46|20|shiji@forstarfoods.com|DailyCatchReport.php
11 Jan 2020 17:15:50|20|shiji@forstarfoods.com|PrintDailyCatchReportMemo.php
11 Jan 2020 17:16:03|20|shiji@forstarfoods.com|DailyCatchReport.php
11 Jan 2020 17:16:05|20|shiji@forstarfoods.com|DailyCatchReport.php
11 Jan 2020 17:16:06|20|shiji@forstarfoods.com|DailyCatchReport.php
11 Jan 2020 17:16:09|20|shiji@forstarfoods.com|SupplierAccount.php
11 Jan 2020 17:16:16|20|shiji@forstarfoods.com|SupplierAccount.php
11 Jan 2020 17:16:20|20|shiji@forstarfoods.com|SupplierAccount.php
11 Jan 2020 17:16:25|20|shiji@forstarfoods.com|SupplierAccount.php
11 Jan 2020 17:16:28|20|shiji@forstarfoods.com|SupplierAccount.php
11 Jan 2020 17:16:53|20|shiji@forstarfoods.com|SupplierAccount.php
11 Jan 2020 17:16:58|20|shiji@forstarfoods.com|SupplierAccount.php
11 Jan 2020 17:17:08|20|shiji@forstarfoods.com|SupplierAccount.php
11 Jan 2020 17:18:15|20|shiji@forstarfoods.com|SupplierAccount.php
11 Jan 2020 17:18:24|20|shiji@forstarfoods.com|SupplierAccount.php
11 Jan 2020 17:18:27|20|shiji@forstarfoods.com|SupplierAccount.php
11 Jan 2020 17:19:51|20|shiji@forstarfoods.com|SupplierAccount.php
11 Jan 2020 17:19:54|20|shiji@forstarfoods.com|SupplierAccount.php
11 Jan 2020 17:20:21|20|shiji@forstarfoods.com|SupplierAccount.php
11 Jan 2020 17:20:47|20|shiji@forstarfoods.com|PurchaseReport.php
11 Jan 2020 17:20:59|20|shiji@forstarfoods.com|PurchaseReport.php
11 Jan 2020 17:21:06|20|shiji@forstarfoods.com|PrintPurchaseSettlementMemo.php
11 Jan 2020 17:22:09|20|shiji@forstarfoods.com|PurchaseReport.php
11 Jan 2020 17:22:14|20|shiji@forstarfoods.com|PurchaseReport.php
11 Jan 2020 17:22:22|20|shiji@forstarfoods.com|PurchaseReport.php
11 Jan 2020 17:22:27|20|shiji@forstarfoods.com|PurchaseReport.php
11 Jan 2020 17:22:32|20|shiji@forstarfoods.com|PrintPurchaseSettlementMemo.php
11 Jan 2020 17:23:30|20|shiji@forstarfoods.com|PurchaseReport.php
11 Jan 2020 17:23:37|20|shiji@forstarfoods.com|PrintPurchaseSettlementMemo.php
13 Jan 2020 09:54:01|30|pritirm@forstarfoods.com|Home.php
13 Jan 2020 09:56:00|20|shiji@forstarfoods.com|Home.php
13 Jan 2020 09:56:07|20|shiji@forstarfoods.com|DailyCatchSummary.php
13 Jan 2020 09:56:28|20|shiji@forstarfoods.com|DailyCatchSummary.php
13 Jan 2020 09:56:44|20|shiji@forstarfoods.com|DailyCatchSummary.php
13 Jan 2020 09:56:48|20|shiji@forstarfoods.com|DailyCatchSummary.php
13 Jan 2020 09:56:53|20|shiji@forstarfoods.com|DailyCatchSummary.php
13 Jan 2020 09:56:58|20|shiji@forstarfoods.com|DailyCatchSummary.php
13 Jan 2020 09:57:04|20|shiji@forstarfoods.com|DailyCatchSummary.php
13 Jan 2020 09:59:28|20|shiji@forstarfoods.com|DailyCatchSummary.php
13 Jan 2020 09:59:33|20|shiji@forstarfoods.com|DailyCatchSummary.php
13 Jan 2020 10:00:15|20|shiji@forstarfoods.com|DailyCatchSummary.php
13 Jan 2020 10:00:20|20|shiji@forstarfoods.com|DailyCatchSummary.php
13 Jan 2020 10:00:53|20|shiji@forstarfoods.com|DailyCatchSummary.php
13 Jan 2020 10:01:03|20|shiji@forstarfoods.com|DailyCatchSummary.php
13 Jan 2020 10:01:33|20|shiji@forstarfoods.com|DailyCatchSummary.php
13 Jan 2020 10:01:54|20|shiji@forstarfoods.com|DailyCatchSummary.php
13 Jan 2020 10:01:58|20|shiji@forstarfoods.com|DailyCatchSummary.php
13 Jan 2020 10:09:25|20|shiji@forstarfoods.com|DailyCatchSummary.php
13 Jan 2020 10:09:29|20|shiji@forstarfoods.com|DailyCatchSummary.php
13 Jan 2020 10:10:13|20|shiji@forstarfoods.com|DailyCatchSummary.php
13 Jan 2020 10:10:17|20|shiji@forstarfoods.com|DailyCatchSummary.php
13 Jan 2020 10:10:44|20|shiji@forstarfoods.com|DailyCatchSummary.php
13 Jan 2020 10:10:49|20|shiji@forstarfoods.com|DailyCatchSummary.php
13 Jan 2020 10:11:16|20|shiji@forstarfoods.com|DailyCatchSummary.php
13 Jan 2020 10:11:27|20|shiji@forstarfoods.com|DailyCatchSummary.php
13 Jan 2020 10:11:31|20|shiji@forstarfoods.com|DailyCatchSummary.php
13 Jan 2020 10:12:11|20|shiji@forstarfoods.com|DailyCatchSummary.php
13 Jan 2020 10:12:16|20|shiji@forstarfoods.com|DailyCatchSummary.php
13 Jan 2020 10:13:09|20|shiji@forstarfoods.com|DailyCatchSummary.php
13 Jan 2020 10:13:22|20|shiji@forstarfoods.com|DailyCatchSummary.php
13 Jan 2020 10:13:25|20|shiji@forstarfoods.com|DailyCatchSummary.php
13 Jan 2020 10:14:14|20|shiji@forstarfoods.com|DailyCatchSummary.php
13 Jan 2020 10:14:25|20|shiji@forstarfoods.com|DailyCatchSummary.php
13 Jan 2020 10:14:27|20|shiji@forstarfoods.com|DailyCatchSummary.php
13 Jan 2020 10:15:05|20|shiji@forstarfoods.com|DailyCatchSummary.php
13 Jan 2020 10:15:19|20|shiji@forstarfoods.com|DailyCatchSummary.php
13 Jan 2020 10:35:30|20|shiji@forstarfoods.com|DailyCatchSummary.php
13 Jan 2020 10:35:44|20|shiji@forstarfoods.com|DailyCatchSummary.php
13 Jan 2020 10:35:48|20|shiji@forstarfoods.com|DailyCatchSummary.php
13 Jan 2020 10:48:10|20|shiji@forstarfoods.com|DailyCatchEntry_New.php
13 Jan 2020 10:48:13|20|shiji@forstarfoods.com|DailyCatchEntry_New.php
13 Jan 2020 10:48:15|20|shiji@forstarfoods.com|DailyCatchEntry_New.php
13 Jan 2020 10:48:16|20|shiji@forstarfoods.com|DailyCatchEntry_New.php
13 Jan 2020 10:48:17|20|shiji@forstarfoods.com|DailyCatchEntry_New.php
13 Jan 2020 10:48:19|20|shiji@forstarfoods.com|CatchEntryDeclaredItem.php
13 Jan 2020 10:48:20|20|shiji@forstarfoods.com|DailyCatchEntry_New.php
13 Jan 2020 10:48:21|20|shiji@forstarfoods.com|DailyCatchEntry_New.php
13 Jan 2020 10:48:23|20|shiji@forstarfoods.com|DailyCatchEntry_New.php
13 Jan 2020 10:48:24|20|shiji@forstarfoods.com|DailyCatchEntry_New.php
13 Jan 2020 10:48:46|20|shiji@forstarfoods.com|DailyCatchEntry_New.php
13 Jan 2020 10:48:50|20|shiji@forstarfoods.com|DailyCatchEntry_New.php
13 Jan 2020 10:48:51|20|shiji@forstarfoods.com|CatchEntryDeclaredItem.php
13 Jan 2020 10:48:53|20|shiji@forstarfoods.com|DailyCatchEntry_New.php
13 Jan 2020 10:48:54|20|shiji@forstarfoods.com|CatchEntryDeclaredItem.php
13 Jan 2020 10:49:14|20|shiji@forstarfoods.com|DailyCatchEntry_New.php
13 Jan 2020 10:49:15|20|shiji@forstarfoods.com|DailyCatchEntry_New.php
13 Jan 2020 10:49:17|20|shiji@forstarfoods.com|DailyCatchEntry_New.php
13 Jan 2020 10:49:20|20|shiji@forstarfoods.com|DailyCatchEntry_New.php
13 Jan 2020 10:49:23|20|shiji@forstarfoods.com|DailyCatchEntry_New.php
13 Jan 2020 10:49:27|20|shiji@forstarfoods.com|DailyCatchEntry_New.php
13 Jan 2020 10:49:28|20|shiji@forstarfoods.com|DailyCatchEntry_New.php
13 Jan 2020 10:49:30|20|shiji@forstarfoods.com|DailyCatchEntry_New.php
13 Jan 2020 10:49:31|20|shiji@forstarfoods.com|DailyCatchEntry_New.php
13 Jan 2020 10:49:32|20|shiji@forstarfoods.com|DailyCatchEntry_New.php
13 Jan 2020 10:49:33|20|shiji@forstarfoods.com|DailyCatchEntry_New.php
13 Jan 2020 10:49:35|20|shiji@forstarfoods.com|DailyCatchEntry_New.php
13 Jan 2020 10:49:36|20|shiji@forstarfoods.com|DailyCatchEntry_New.php
13 Jan 2020 10:49:37|20|shiji@forstarfoods.com|DailyCatchEntry_New.php
13 Jan 2020 10:49:38|20|shiji@forstarfoods.com|DailyCatchEntry_New.php
13 Jan 2020 10:49:40|20|shiji@forstarfoods.com|DailyCatchEntry_New.php
13 Jan 2020 10:49:41|20|shiji@forstarfoods.com|DailyCatchEntry_New.php
13 Jan 2020 10:49:42|20|shiji@forstarfoods.com|DailyCatchEntry_New.php
13 Jan 2020 10:49:43|20|shiji@forstarfoods.com|DailyCatchEntry_New.php
13 Jan 2020 10:49:45|20|shiji@forstarfoods.com|DailyCatchEntry_New.php
13 Jan 2020 10:49:46|20|shiji@forstarfoods.com|DailyCatchEntry_New.php
13 Jan 2020 10:49:47|20|shiji@forstarfoods.com|DailyCatchEntry_New.php
13 Jan 2020 10:49:48|20|shiji@forstarfoods.com|DailyCatchEntry_New.php
13 Jan 2020 10:49:50|20|shiji@forstarfoods.com|DailyCatchEntry_New.php
13 Jan 2020 10:49:51|20|shiji@forstarfoods.com|DailyCatchEntry_New.php
13 Jan 2020 10:49:52|20|shiji@forstarfoods.com|DailyCatchEntry_New.php
13 Jan 2020 10:49:53|20|shiji@forstarfoods.com|DailyCatchEntry_New.php
13 Jan 2020 10:49:55|20|shiji@forstarfoods.com|DailyCatchEntry_New.php
13 Jan 2020 10:49:56|20|shiji@forstarfoods.com|DailyCatchEntry_New.php
13 Jan 2020 10:50:39|20|shiji@forstarfoods.com|DailyCatchEntry_New.php
13 Jan 2020 10:50:42|20|shiji@forstarfoods.com|DailyCatchEntry_New.php
13 Jan 2020 10:50:44|20|shiji@forstarfoods.com|CatchEntryDeclaredItem.php
13 Jan 2020 10:50:48|20|shiji@forstarfoods.com|DailyCatchEntry_New.php
13 Jan 2020 10:50:50|20|shiji@forstarfoods.com|DailyCatchEntry_New.php
13 Jan 2020 10:50:52|20|shiji@forstarfoods.com|DailyCatchEntry_New.php
13 Jan 2020 10:50:53|20|shiji@forstarfoods.com|DailyCatchEntry_New.php
13 Jan 2020 10:50:55|20|shiji@forstarfoods.com|DailyCatchEntry_New.php
13 Jan 2020 10:50:56|20|shiji@forstarfoods.com|DailyCatchEntry_New.php
13 Jan 2020 10:50:57|20|shiji@forstarfoods.com|DailyCatchEntry_New.php
13 Jan 2020 10:50:58|20|shiji@forstarfoods.com|DailyCatchEntry_New.php
13 Jan 2020 10:51:00|20|shiji@forstarfoods.com|DailyCatchEntry_New.php
13 Jan 2020 10:51:01|20|shiji@forstarfoods.com|DailyCatchEntry_New.php
13 Jan 2020 10:51:09|20|shiji@forstarfoods.com|DailyCatchEntry_New.php
13 Jan 2020 10:51:16|20|shiji@forstarfoods.com|DailyCatchEntry_New.php
13 Jan 2020 10:51:18|20|shiji@forstarfoods.com|DailyCatchEntry_New.php
13 Jan 2020 10:51:20|20|shiji@forstarfoods.com|DailyCatchEntry_New.php
13 Jan 2020 10:53:34|20|shiji@forstarfoods.com|DailyCatchEntry_New.php
13 Jan 2020 10:53:36|20|shiji@forstarfoods.com|DailyCatchEntry_New.php
13 Jan 2020 10:53:37|20|shiji@forstarfoods.com|DailyCatchEntry_New.php
13 Jan 2020 10:53:38|20|shiji@forstarfoods.com|DailyCatchEntry_New.php
13 Jan 2020 10:53:39|20|shiji@forstarfoods.com|CatchEntryDeclaredItem.php
13 Jan 2020 10:53:41|20|shiji@forstarfoods.com|DailyCatchEntry_New.php
13 Jan 2020 10:53:42|20|shiji@forstarfoods.com|DailyCatchEntry_New.php
13 Jan 2020 10:53:44|20|shiji@forstarfoods.com|DailyCatchEntry_New.php
13 Jan 2020 10:53:45|20|shiji@forstarfoods.com|DailyCatchEntry_New.php
13 Jan 2020 10:53:46|20|shiji@forstarfoods.com|DailyCatchEntry_New.php
13 Jan 2020 10:53:47|20|shiji@forstarfoods.com|DailyCatchEntry_New.php
13 Jan 2020 10:53:50|20|shiji@forstarfoods.com|DailyCatchEntry_New.php
13 Jan 2020 10:53:51|20|shiji@forstarfoods.com|DailyCatchEntry_New.php
13 Jan 2020 10:53:52|20|shiji@forstarfoods.com|DailyCatchEntry_New.php
13 Jan 2020 10:53:58|20|shiji@forstarfoods.com|DailyCatchEntry_New.php
13 Jan 2020 10:54:04|20|shiji@forstarfoods.com|DailyCatchEntry_New.php
13 Jan 2020 10:54:05|20|shiji@forstarfoods.com|CatchEntryDeclaredItem.php
13 Jan 2020 10:54:19|20|shiji@forstarfoods.com|DailyCatchEntry_New.php
13 Jan 2020 10:54:22|20|shiji@forstarfoods.com|DailyCatchEntry_New.php
13 Jan 2020 10:54:23|20|shiji@forstarfoods.com|DailyCatchEntry_New.php
13 Jan 2020 10:54:26|20|shiji@forstarfoods.com|DailyCatchEntry_New.php
13 Jan 2020 10:54:28|20|shiji@forstarfoods.com|DailyCatchEntry_New.php
13 Jan 2020 10:54:31|20|shiji@forstarfoods.com|DailyCatchEntry_New.php
13 Jan 2020 10:54:32|20|shiji@forstarfoods.com|DailyCatchEntry_New.php
13 Jan 2020 10:54:33|20|shiji@forstarfoods.com|DailyCatchEntry_New.php
13 Jan 2020 10:54:35|20|shiji@forstarfoods.com|DailyCatchEntry_New.php
13 Jan 2020 10:54:36|20|shiji@forstarfoods.com|DailyCatchEntry_New.php
13 Jan 2020 10:54:37|20|shiji@forstarfoods.com|DailyCatchEntry_New.php
13 Jan 2020 10:54:38|20|shiji@forstarfoods.com|DailyCatchEntry_New.php
13 Jan 2020 10:54:40|20|shiji@forstarfoods.com|DailyCatchEntry_New.php
13 Jan 2020 10:54:41|20|shiji@forstarfoods.com|DailyCatchEntry_New.php
13 Jan 2020 10:54:42|20|shiji@forstarfoods.com|DailyCatchEntry_New.php
13 Jan 2020 10:54:43|20|shiji@forstarfoods.com|DailyCatchEntry_New.php
13 Jan 2020 10:54:45|20|shiji@forstarfoods.com|DailyCatchEntry_New.php
13 Jan 2020 10:54:46|20|shiji@forstarfoods.com|DailyCatchEntry_New.php
13 Jan 2020 10:54:47|20|shiji@forstarfoods.com|DailyCatchEntry_New.php
13 Jan 2020 10:54:48|20|shiji@forstarfoods.com|DailyCatchEntry_New.php
13 Jan 2020 10:54:50|20|shiji@forstarfoods.com|DailyCatchEntry_New.php
13 Jan 2020 10:54:51|20|shiji@forstarfoods.com|DailyCatchEntry_New.php
13 Jan 2020 10:54:52|20|shiji@forstarfoods.com|DailyCatchEntry_New.php
13 Jan 2020 10:54:53|20|shiji@forstarfoods.com|DailyCatchEntry_New.php
13 Jan 2020 10:54:55|20|shiji@forstarfoods.com|DailyCatchEntry_New.php
13 Jan 2020 10:54:56|20|shiji@forstarfoods.com|DailyCatchEntry_New.php
13 Jan 2020 10:54:57|20|shiji@forstarfoods.com|DailyCatchEntry_New.php
13 Jan 2020 10:54:58|20|shiji@forstarfoods.com|DailyCatchEntry_New.php
13 Jan 2020 10:55:00|20|shiji@forstarfoods.com|DailyCatchEntry_New.php
13 Jan 2020 10:55:04|20|shiji@forstarfoods.com|DailyCatchEntry_New.php
13 Jan 2020 10:55:06|20|shiji@forstarfoods.com|DailyCatchEntry_New.php
13 Jan 2020 10:55:08|20|shiji@forstarfoods.com|CatchEntryDeclaredItem.php
13 Jan 2020 10:55:12|20|shiji@forstarfoods.com|DailyCatchEntry_New.php
13 Jan 2020 10:55:14|20|shiji@forstarfoods.com|DailyCatchEntry_New.php
13 Jan 2020 10:55:16|20|shiji@forstarfoods.com|DailyCatchEntry_New.php
13 Jan 2020 10:55:17|20|shiji@forstarfoods.com|DailyCatchEntry_New.php
13 Jan 2020 10:55:19|20|shiji@forstarfoods.com|DailyCatchEntry_New.php
13 Jan 2020 10:55:20|20|shiji@forstarfoods.com|DailyCatchEntry_New.php
13 Jan 2020 10:55:21|20|shiji@forstarfoods.com|DailyCatchEntry_New.php
13 Jan 2020 10:55:22|20|shiji@forstarfoods.com|DailyCatchEntry_New.php
13 Jan 2020 10:55:24|20|shiji@forstarfoods.com|DailyCatchEntry_New.php
13 Jan 2020 10:55:25|20|shiji@forstarfoods.com|DailyCatchEntry_New.php
13 Jan 2020 10:55:26|20|shiji@forstarfoods.com|DailyCatchEntry_New.php
13 Jan 2020 10:55:27|20|shiji@forstarfoods.com|DailyCatchEntry_New.php
13 Jan 2020 10:55:29|20|shiji@forstarfoods.com|DailyCatchEntry_New.php
13 Jan 2020 10:55:30|20|shiji@forstarfoods.com|DailyCatchEntry_New.php
13 Jan 2020 10:55:31|20|shiji@forstarfoods.com|DailyCatchEntry_New.php
13 Jan 2020 10:55:32|20|shiji@forstarfoods.com|DailyCatchEntry_New.php
13 Jan 2020 10:55:34|20|shiji@forstarfoods.com|DailyCatchEntry_New.php
13 Jan 2020 10:55:35|20|shiji@forstarfoods.com|DailyCatchEntry_New.php
13 Jan 2020 10:55:36|20|shiji@forstarfoods.com|DailyCatchEntry_New.php
13 Jan 2020 10:55:39|20|shiji@forstarfoods.com|DailyCatchEntry_New.php
13 Jan 2020 10:55:40|20|shiji@forstarfoods.com|CatchEntryDeclaredItem.php
13 Jan 2020 10:55:42|20|shiji@forstarfoods.com|DailyCatchEntry_New.php
13 Jan 2020 10:55:43|20|shiji@forstarfoods.com|DailyCatchEntry_New.php
13 Jan 2020 10:55:44|20|shiji@forstarfoods.com|DailyCatchEntry_New.php
13 Jan 2020 10:55:46|20|shiji@forstarfoods.com|DailyCatchEntry_New.php
13 Jan 2020 10:55:55|20|shiji@forstarfoods.com|DailyCatchEntry_New.php
13 Jan 2020 10:55:56|20|shiji@forstarfoods.com|CatchEntryDeclaredItem.php
13 Jan 2020 10:56:10|20|shiji@forstarfoods.com|DailyCatchEntry_New.php
13 Jan 2020 10:56:21|20|shiji@forstarfoods.com|DailyCatchEntry_New.php
13 Jan 2020 10:56:32|20|shiji@forstarfoods.com|DailyCatchEntry_New.php
13 Jan 2020 10:56:35|20|shiji@forstarfoods.com|DailyCatchEntry_New.php
13 Jan 2020 10:56:37|20|shiji@forstarfoods.com|DailyCatchEntry_New.php
13 Jan 2020 10:56:39|20|shiji@forstarfoods.com|DailyCatchEntry_New.php
13 Jan 2020 10:56:40|20|shiji@forstarfoods.com|DailyCatchEntry_New.php
13 Jan 2020 10:56:41|20|shiji@forstarfoods.com|DailyCatchEntry_New.php
13 Jan 2020 10:56:42|20|shiji@forstarfoods.com|DailyCatchEntry_New.php
13 Jan 2020 10:56:44|20|shiji@forstarfoods.com|DailyCatchEntry_New.php
13 Jan 2020 10:56:45|20|shiji@forstarfoods.com|DailyCatchEntry_New.php
13 Jan 2020 10:56:46|20|shiji@forstarfoods.com|DailyCatchEntry_New.php
13 Jan 2020 10:56:47|20|shiji@forstarfoods.com|DailyCatchEntry_New.php
13 Jan 2020 10:56:49|20|shiji@forstarfoods.com|DailyCatchEntry_New.php
13 Jan 2020 10:56:50|20|shiji@forstarfoods.com|DailyCatchEntry_New.php
13 Jan 2020 10:56:51|20|shiji@forstarfoods.com|DailyCatchEntry_New.php
13 Jan 2020 10:56:52|20|shiji@forstarfoods.com|DailyCatchEntry_New.php
13 Jan 2020 10:56:54|20|shiji@forstarfoods.com|DailyCatchEntry_New.php
13 Jan 2020 10:56:55|20|shiji@forstarfoods.com|DailyCatchEntry_New.php
13 Jan 2020 10:56:56|20|shiji@forstarfoods.com|DailyCatchEntry_New.php
13 Jan 2020 10:57:04|20|shiji@forstarfoods.com|DailyCatchEntry_New.php
13 Jan 2020 10:57:11|20|shiji@forstarfoods.com|DailyCatchEntry_New.php
13 Jan 2020 10:57:16|20|shiji@forstarfoods.com|DailyCatchEntry_New.php
13 Jan 2020 10:57:18|20|shiji@forstarfoods.com|CatchEntryDeclaredItem.php
13 Jan 2020 10:57:19|20|shiji@forstarfoods.com|DailyCatchEntry_New.php
13 Jan 2020 10:57:20|20|shiji@forstarfoods.com|DailyCatchEntry_New.php
13 Jan 2020 10:57:22|20|shiji@forstarfoods.com|DailyCatchEntry_New.php
13 Jan 2020 10:57:58|20|shiji@forstarfoods.com|DailyCatchEntry_New.php
13 Jan 2020 10:58:08|20|shiji@forstarfoods.com|DailyCatchEntry_New.php
13 Jan 2020 10:58:09|20|shiji@forstarfoods.com|CatchEntryDeclaredItem.php
13 Jan 2020 10:58:24|20|shiji@forstarfoods.com|DailyCatchEntry_New.php
13 Jan 2020 10:58:26|20|shiji@forstarfoods.com|DailyCatchEntry_New.php
13 Jan 2020 10:58:27|20|shiji@forstarfoods.com|DailyCatchEntry_New.php
13 Jan 2020 10:58:29|20|shiji@forstarfoods.com|DailyCatchEntry_New.php
13 Jan 2020 10:58:32|20|shiji@forstarfoods.com|DailyCatchEntry_New.php
13 Jan 2020 10:58:34|20|shiji@forstarfoods.com|DailyCatchEntry_New.php
13 Jan 2020 10:58:35|20|shiji@forstarfoods.com|DailyCatchEntry_New.php
13 Jan 2020 10:58:36|20|shiji@forstarfoods.com|DailyCatchEntry_New.php
13 Jan 2020 10:58:38|20|shiji@forstarfoods.com|DailyCatchEntry_New.php
13 Jan 2020 10:58:39|20|shiji@forstarfoods.com|DailyCatchEntry_New.php
13 Jan 2020 10:58:40|20|shiji@forstarfoods.com|DailyCatchEntry_New.php
13 Jan 2020 10:58:41|20|shiji@forstarfoods.com|DailyCatchEntry_New.php
13 Jan 2020 10:58:43|20|shiji@forstarfoods.com|DailyCatchEntry_New.php
13 Jan 2020 10:58:44|20|shiji@forstarfoods.com|DailyCatchEntry_New.php
13 Jan 2020 10:58:45|20|shiji@forstarfoods.com|DailyCatchEntry_New.php
13 Jan 2020 10:58:46|20|shiji@forstarfoods.com|DailyCatchEntry_New.php
13 Jan 2020 10:58:56|20|shiji@forstarfoods.com|DailyCatchEntry_New.php
13 Jan 2020 10:58:58|20|shiji@forstarfoods.com|DailyCatchEntry_New.php
13 Jan 2020 11:03:21|20|shiji@forstarfoods.com|DailyCatchEntry_New.php
13 Jan 2020 11:03:23|20|shiji@forstarfoods.com|DailyCatchEntry_New.php
13 Jan 2020 11:03:25|20|shiji@forstarfoods.com|CatchEntryDeclaredItem.php
13 Jan 2020 11:03:28|20|shiji@forstarfoods.com|DailyCatchEntry_New.php
13 Jan 2020 11:03:31|20|shiji@forstarfoods.com|DailyCatchEntry_New.php
13 Jan 2020 11:03:32|20|shiji@forstarfoods.com|DailyCatchEntry_New.php
13 Jan 2020 11:03:34|20|shiji@forstarfoods.com|DailyCatchEntry_New.php
13 Jan 2020 11:03:36|20|shiji@forstarfoods.com|DailyCatchEntry_New.php
13 Jan 2020 11:03:37|20|shiji@forstarfoods.com|DailyCatchEntry_New.php
13 Jan 2020 11:03:38|20|shiji@forstarfoods.com|DailyCatchEntry_New.php
13 Jan 2020 11:03:39|20|shiji@forstarfoods.com|DailyCatchEntry_New.php
13 Jan 2020 11:03:41|20|shiji@forstarfoods.com|DailyCatchEntry_New.php
13 Jan 2020 11:03:42|20|shiji@forstarfoods.com|DailyCatchEntry_New.php
13 Jan 2020 11:03:43|20|shiji@forstarfoods.com|DailyCatchEntry_New.php
13 Jan 2020 11:03:44|20|shiji@forstarfoods.com|DailyCatchEntry_New.php
13 Jan 2020 11:03:46|20|shiji@forstarfoods.com|DailyCatchEntry_New.php
13 Jan 2020 11:03:47|20|shiji@forstarfoods.com|DailyCatchEntry_New.php
13 Jan 2020 11:03:48|20|shiji@forstarfoods.com|DailyCatchEntry_New.php
13 Jan 2020 11:03:49|20|shiji@forstarfoods.com|DailyCatchEntry_New.php
13 Jan 2020 11:03:51|20|shiji@forstarfoods.com|DailyCatchEntry_New.php
13 Jan 2020 11:03:52|20|shiji@forstarfoods.com|DailyCatchEntry_New.php
13 Jan 2020 11:03:53|20|shiji@forstarfoods.com|DailyCatchEntry_New.php
13 Jan 2020 11:03:54|20|shiji@forstarfoods.com|DailyCatchEntry_New.php
13 Jan 2020 11:04:06|20|shiji@forstarfoods.com|DailyCatchEntry_New.php
13 Jan 2020 11:04:09|20|shiji@forstarfoods.com|DailyCatchEntry_New.php
13 Jan 2020 11:04:11|20|shiji@forstarfoods.com|CatchEntryDeclaredItem.php
13 Jan 2020 11:04:14|20|shiji@forstarfoods.com|DailyCatchEntry_New.php
13 Jan 2020 11:04:16|20|shiji@forstarfoods.com|DailyCatchEntry_New.php
13 Jan 2020 11:04:19|20|shiji@forstarfoods.com|DailyCatchEntry_New.php
13 Jan 2020 11:04:20|20|shiji@forstarfoods.com|DailyCatchEntry_New.php
13 Jan 2020 11:04:21|20|shiji@forstarfoods.com|DailyCatchEntry_New.php
13 Jan 2020 11:04:22|20|shiji@forstarfoods.com|DailyCatchEntry_New.php
13 Jan 2020 11:04:23|20|shiji@forstarfoods.com|DailyCatchEntry_New.php
13 Jan 2020 11:04:25|20|shiji@forstarfoods.com|DailyCatchEntry_New.php
13 Jan 2020 11:04:26|20|shiji@forstarfoods.com|DailyCatchEntry_New.php
13 Jan 2020 11:04:27|20|shiji@forstarfoods.com|DailyCatchEntry_New.php
13 Jan 2020 11:04:44|20|shiji@forstarfoods.com|DailyCatchEntry_New.php
13 Jan 2020 11:05:18|20|shiji@forstarfoods.com|DailyCatchEntry_New.php
13 Jan 2020 11:05:19|20|shiji@forstarfoods.com|CatchEntryDeclaredItem.php
13 Jan 2020 11:05:42|20|shiji@forstarfoods.com|ProcessorsAccounts.php
13 Jan 2020 11:05:47|20|shiji@forstarfoods.com|ProcessorsAccounts.php
13 Jan 2020 11:05:53|20|shiji@forstarfoods.com|ProcessorsAccounts.php
13 Jan 2020 11:06:09|20|shiji@forstarfoods.com|ProcessorsAccounts.php
13 Jan 2020 11:08:38|20|shiji@forstarfoods.com|ProcessorsAccounts.php
13 Jan 2020 11:08:44|20|shiji@forstarfoods.com|ProcessorsAccounts.php
13 Jan 2020 11:08:47|20|shiji@forstarfoods.com|ProcessorsAccounts.php
13 Jan 2020 11:08:56|20|shiji@forstarfoods.com|ProcessorsAccounts.php
13 Jan 2020 11:09:00|20|shiji@forstarfoods.com|ProcessorsAccounts.php
13 Jan 2020 11:09:04|20|shiji@forstarfoods.com|ProcessorsAccounts.php
13 Jan 2020 11:09:09|20|shiji@forstarfoods.com|ProcessorsAccounts.php
13 Jan 2020 11:09:23|20|shiji@forstarfoods.com|ProcessorsAccounts.php
13 Jan 2020 11:09:36|20|shiji@forstarfoods.com|ProcessorsAccounts.php
13 Jan 2020 11:09:40|20|shiji@forstarfoods.com|ProcessorsAccounts.php
13 Jan 2020 11:09:49|20|shiji@forstarfoods.com|ProcessorsAccounts.php
13 Jan 2020 11:10:05|20|shiji@forstarfoods.com|ProcessorsAccounts.php
13 Jan 2020 11:10:13|20|shiji@forstarfoods.com|ProcessorsAccounts.php
13 Jan 2020 11:10:20|20|shiji@forstarfoods.com|ProcessorsAccounts.php
13 Jan 2020 11:10:43|20|shiji@forstarfoods.com|ProcessorsAccounts.php
13 Jan 2020 11:10:47|20|shiji@forstarfoods.com|ProcessorsAccounts.php
13 Jan 2020 11:10:56|20|shiji@forstarfoods.com|ProcessorsAccounts.php
13 Jan 2020 11:11:05|20|shiji@forstarfoods.com|ProcessorsAccounts.php
13 Jan 2020 11:11:08|20|shiji@forstarfoods.com|ProcessorsAccounts.php
13 Jan 2020 11:11:13|20|shiji@forstarfoods.com|ProcessorsAccounts.php
13 Jan 2020 11:11:20|20|shiji@forstarfoods.com|ProcessorsAccounts.php
13 Jan 2020 11:11:24|20|shiji@forstarfoods.com|ProcessorsAccounts.php
13 Jan 2020 11:11:33|20|shiji@forstarfoods.com|ProcessorsAccounts.php
13 Jan 2020 11:11:37|20|shiji@forstarfoods.com|ProcessorsAccounts.php
13 Jan 2020 11:11:41|20|shiji@forstarfoods.com|ProcessorsAccounts.php
13 Jan 2020 11:11:50|20|shiji@forstarfoods.com|ProcessorsAccounts.php
13 Jan 2020 11:11:54|20|shiji@forstarfoods.com|ProcessorsAccounts.php
13 Jan 2020 11:12:04|20|shiji@forstarfoods.com|ProcessorsAccounts.php
13 Jan 2020 11:12:07|20|shiji@forstarfoods.com|ProcessorsAccounts.php
13 Jan 2020 11:12:12|20|shiji@forstarfoods.com|ProcessorsAccounts.php
13 Jan 2020 11:12:16|20|shiji@forstarfoods.com|ProcessorsAccounts.php
13 Jan 2020 11:12:17|20|shiji@forstarfoods.com|ProcessorsAccounts.php
13 Jan 2020 11:12:49|20|shiji@forstarfoods.com|ProcessorsAccounts.php
13 Jan 2020 11:13:04|20|shiji@forstarfoods.com|ProcessorsAccounts.php
13 Jan 2020 11:14:35|20|shiji@forstarfoods.com|ProcessorsAccounts.php
13 Jan 2020 11:16:22|24|shashikala@forstarfoods.com|Home.php
13 Jan 2020 11:16:30|24|shashikala@forstarfoods.com|Home.php
13 Jan 2020 11:16:35|24|shashikala@forstarfoods.com|Home.php
13 Jan 2020 11:16:39|24|shashikala@forstarfoods.com|DailyPreProcess.php
13 Jan 2020 11:17:18|20|shiji@forstarfoods.com|ProcessorsAccounts.php
13 Jan 2020 11:17:50|24|shashikala@forstarfoods.com|DailyPreProcess.php
13 Jan 2020 11:18:22|24|shashikala@forstarfoods.com|DailyPreProcess.php
13 Jan 2020 11:18:25|24|shashikala@forstarfoods.com|DailyPreProcess.php
13 Jan 2020 11:18:55|20|shiji@forstarfoods.com|ProcessorsAccounts.php
13 Jan 2020 11:19:05|20|shiji@forstarfoods.com|ProcessorsAccounts.php
13 Jan 2020 11:19:21|20|shiji@forstarfoods.com|ProcessorsAccounts.php
13 Jan 2020 11:19:42|20|shiji@forstarfoods.com|ProcessorsAccounts.php
13 Jan 2020 11:19:51|20|shiji@forstarfoods.com|ProcessorsAccounts.php
13 Jan 2020 11:20:03|20|shiji@forstarfoods.com|ProcessorsAccounts.php
13 Jan 2020 11:21:30|20|shiji@forstarfoods.com|ProcessorsAccounts.php
13 Jan 2020 11:21:34|20|shiji@forstarfoods.com|ProcessorsAccounts.php
13 Jan 2020 11:21:40|20|shiji@forstarfoods.com|ProcessorsAccounts.php
13 Jan 2020 11:22:17|20|shiji@forstarfoods.com|ProcessorsAccounts.php
13 Jan 2020 11:22:21|20|shiji@forstarfoods.com|ProcessorsAccounts.php
13 Jan 2020 11:23:06|20|shiji@forstarfoods.com|ProcessorsAccounts.php
13 Jan 2020 11:23:11|20|shiji@forstarfoods.com|ProcessorsAccounts.php
13 Jan 2020 11:23:16|20|shiji@forstarfoods.com|ProcessorsAccounts.php
13 Jan 2020 11:23:31|20|shiji@forstarfoods.com|ProcessorsAccounts.php
13 Jan 2020 11:23:35|20|shiji@forstarfoods.com|ProcessorsAccounts.php
13 Jan 2020 11:23:46|20|shiji@forstarfoods.com|ProcessorsAccounts.php
13 Jan 2020 11:23:48|20|shiji@forstarfoods.com|ProcessorsAccounts.php
13 Jan 2020 11:23:52|20|shiji@forstarfoods.com|ProcessorsAccounts.php
13 Jan 2020 11:24:01|20|shiji@forstarfoods.com|ProcessorsAccounts.php
13 Jan 2020 11:24:05|20|shiji@forstarfoods.com|ProcessorsAccounts.php
13 Jan 2020 11:24:52|20|shiji@forstarfoods.com|ProcessorsAccounts.php
13 Jan 2020 11:24:56|20|shiji@forstarfoods.com|ProcessorsAccounts.php
13 Jan 2020 11:25:00|20|shiji@forstarfoods.com|ProcessorsAccounts.php
13 Jan 2020 11:25:27|20|shiji@forstarfoods.com|ProcessorsAccounts.php
13 Jan 2020 11:25:30|20|shiji@forstarfoods.com|ProcessorsAccounts.php
13 Jan 2020 11:26:14|20|shiji@forstarfoods.com|ProcessorsAccounts.php
13 Jan 2020 11:26:17|20|shiji@forstarfoods.com|ProcessorsAccounts.php
13 Jan 2020 11:26:22|20|shiji@forstarfoods.com|ProcessorsAccounts.php
13 Jan 2020 11:32:39|20|shiji@forstarfoods.com|ProcessorsAccounts.php
13 Jan 2020 11:32:43|20|shiji@forstarfoods.com|ProcessorsAccounts.php
13 Jan 2020 11:33:01|20|shiji@forstarfoods.com|ProcessorsAccounts.php
13 Jan 2020 11:33:04|20|shiji@forstarfoods.com|ProcessorsAccounts.php
13 Jan 2020 11:33:08|20|shiji@forstarfoods.com|ProcessorsAccounts.php
13 Jan 2020 11:33:16|20|shiji@forstarfoods.com|ProcessorsAccounts.php
13 Jan 2020 11:33:19|20|shiji@forstarfoods.com|ProcessorsAccounts.php
13 Jan 2020 11:33:47|20|shiji@forstarfoods.com|ProcessorsAccounts.php
13 Jan 2020 11:33:50|20|shiji@forstarfoods.com|ProcessorsAccounts.php
13 Jan 2020 11:33:57|20|shiji@forstarfoods.com|ProcessorsAccounts.php
13 Jan 2020 11:34:02|20|shiji@forstarfoods.com|ProcessorsAccounts.php
13 Jan 2020 11:34:09|20|shiji@forstarfoods.com|ProcessorsAccounts.php
13 Jan 2020 11:34:13|20|shiji@forstarfoods.com|ProcessorsAccounts.php
13 Jan 2020 11:35:00|20|shiji@forstarfoods.com|ProcessorsAccounts.php
13 Jan 2020 11:35:04|20|shiji@forstarfoods.com|ProcessorsAccounts.php
13 Jan 2020 11:35:07|20|shiji@forstarfoods.com|ProcessorsAccounts.php
13 Jan 2020 11:35:31|20|shiji@forstarfoods.com|ProcessorsAccounts.php
13 Jan 2020 11:35:37|20|shiji@forstarfoods.com|ProcessorsAccounts.php
13 Jan 2020 11:36:00|20|shiji@forstarfoods.com|ProcessorsAccounts.php
13 Jan 2020 11:36:03|20|shiji@forstarfoods.com|ProcessorsAccounts.php
13 Jan 2020 11:36:07|20|shiji@forstarfoods.com|ProcessorsAccounts.php
13 Jan 2020 11:36:11|20|shiji@forstarfoods.com|ProcessorsAccounts.php
13 Jan 2020 11:36:22|20|shiji@forstarfoods.com|ProcessorsAccounts.php
13 Jan 2020 11:36:25|20|shiji@forstarfoods.com|ProcessorsAccounts.php
13 Jan 2020 11:36:35|20|shiji@forstarfoods.com|ProcessorsAccounts.php
13 Jan 2020 11:36:45|20|shiji@forstarfoods.com|ProcessorsAccounts.php
13 Jan 2020 11:36:49|20|shiji@forstarfoods.com|ProcessorsAccounts.php
13 Jan 2020 11:36:53|20|shiji@forstarfoods.com|ProcessorsAccounts.php
13 Jan 2020 11:37:02|20|shiji@forstarfoods.com|ProcessorsAccounts.php
13 Jan 2020 11:37:05|20|shiji@forstarfoods.com|ProcessorsAccounts.php
13 Jan 2020 11:37:16|20|shiji@forstarfoods.com|ProcessorsAccounts.php
13 Jan 2020 11:37:19|20|shiji@forstarfoods.com|ProcessorsAccounts.php
13 Jan 2020 11:37:23|20|shiji@forstarfoods.com|ProcessorsAccounts.php
13 Jan 2020 11:37:26|20|shiji@forstarfoods.com|ProcessorsAccounts.php
13 Jan 2020 11:37:47|20|shiji@forstarfoods.com|ProcessorsAccounts.php
13 Jan 2020 11:37:54|20|shiji@forstarfoods.com|ProcessorsAccounts.php
13 Jan 2020 11:39:32|20|shiji@forstarfoods.com|ProcessorsAccounts.php
13 Jan 2020 11:39:43|20|shiji@forstarfoods.com|ProcessorsAccounts.php
13 Jan 2020 11:39:46|20|shiji@forstarfoods.com|ProcessorsAccounts.php
13 Jan 2020 11:39:56|20|shiji@forstarfoods.com|ProcessorsAccounts.php
13 Jan 2020 11:40:01|20|shiji@forstarfoods.com|ProcessorsAccounts.php
13 Jan 2020 11:40:06|20|shiji@forstarfoods.com|ProcessorsAccounts.php
13 Jan 2020 11:40:30|20|shiji@forstarfoods.com|ProcessorsAccounts.php
13 Jan 2020 11:40:46|20|shiji@forstarfoods.com|ProcessorsAccounts.php
13 Jan 2020 11:40:50|20|shiji@forstarfoods.com|ProcessorsAccounts.php
13 Jan 2020 11:42:50|20|shiji@forstarfoods.com|ProcessorsAccounts.php
13 Jan 2020 11:42:55|20|shiji@forstarfoods.com|ProcessorsAccounts.php
13 Jan 2020 11:43:09|20|shiji@forstarfoods.com|ProcessorsAccounts.php
13 Jan 2020 11:43:51|20|shiji@forstarfoods.com|ProcessorsAccounts.php
13 Jan 2020 11:43:54|20|shiji@forstarfoods.com|ProcessorsAccounts.php
13 Jan 2020 11:43:58|20|shiji@forstarfoods.com|ProcessorsAccounts.php
13 Jan 2020 11:44:14|20|shiji@forstarfoods.com|ProcessorsAccounts.php
13 Jan 2020 11:44:17|20|shiji@forstarfoods.com|ProcessorsAccounts.php
13 Jan 2020 11:44:47|20|shiji@forstarfoods.com|ProcessorsAccounts.php
13 Jan 2020 11:44:50|20|shiji@forstarfoods.com|ProcessorsAccounts.php
13 Jan 2020 11:44:54|20|shiji@forstarfoods.com|ProcessorsAccounts.php
13 Jan 2020 11:45:03|20|shiji@forstarfoods.com|ProcessorsAccounts.php
13 Jan 2020 11:45:07|20|shiji@forstarfoods.com|ProcessorsAccounts.php
13 Jan 2020 12:03:15|20|shiji@forstarfoods.com|ProcessorsAccounts.php
13 Jan 2020 12:03:18|20|shiji@forstarfoods.com|ProcessorsAccounts.php
13 Jan 2020 12:03:26|20|shiji@forstarfoods.com|ProcessorsAccounts.php
13 Jan 2020 12:03:35|20|shiji@forstarfoods.com|ProcessorsAccounts.php
13 Jan 2020 12:03:38|20|shiji@forstarfoods.com|ProcessorsAccounts.php
13 Jan 2020 12:03:58|20|shiji@forstarfoods.com|ProcessorsAccounts.php
13 Jan 2020 12:04:01|20|shiji@forstarfoods.com|ProcessorsAccounts.php
13 Jan 2020 12:04:05|20|shiji@forstarfoods.com|ProcessorsAccounts.php
13 Jan 2020 12:04:13|20|shiji@forstarfoods.com|ProcessorsAccounts.php
13 Jan 2020 12:04:17|20|shiji@forstarfoods.com|ProcessorsAccounts.php
13 Jan 2020 12:05:55|20|shiji@forstarfoods.com|ProcessorsAccounts.php
13 Jan 2020 12:05:59|20|shiji@forstarfoods.com|ProcessorsAccounts.php
13 Jan 2020 12:06:03|20|shiji@forstarfoods.com|ProcessorsAccounts.php
13 Jan 2020 12:06:13|20|shiji@forstarfoods.com|ProcessorsAccounts.php
13 Jan 2020 12:06:16|20|shiji@forstarfoods.com|ProcessorsAccounts.php
13 Jan 2020 12:07:04|20|shiji@forstarfoods.com|ProcessorsAccounts.php
13 Jan 2020 12:07:08|20|shiji@forstarfoods.com|ProcessorsAccounts.php
13 Jan 2020 12:07:13|20|shiji@forstarfoods.com|ProcessorsAccounts.php
13 Jan 2020 12:07:21|20|shiji@forstarfoods.com|ProcessorsAccounts.php
13 Jan 2020 12:07:28|20|shiji@forstarfoods.com|ProcessorsAccounts.php
13 Jan 2020 12:07:32|20|shiji@forstarfoods.com|ProcessorsAccounts.php
13 Jan 2020 12:08:15|20|shiji@forstarfoods.com|ProcessorsAccounts.php
13 Jan 2020 12:08:19|20|shiji@forstarfoods.com|ProcessorsAccounts.php
13 Jan 2020 12:08:24|20|shiji@forstarfoods.com|ProcessorsAccounts.php
13 Jan 2020 12:08:28|20|shiji@forstarfoods.com|ProcessorsAccounts.php
13 Jan 2020 12:08:38|20|shiji@forstarfoods.com|ProcessorsAccounts.php
13 Jan 2020 12:08:42|20|shiji@forstarfoods.com|ProcessorsAccounts.php
13 Jan 2020 12:09:55|20|shiji@forstarfoods.com|ProcessorsAccounts.php
13 Jan 2020 12:09:59|20|shiji@forstarfoods.com|ProcessorsAccounts.php
13 Jan 2020 12:10:03|20|shiji@forstarfoods.com|ProcessorsAccounts.php
13 Jan 2020 12:10:08|20|shiji@forstarfoods.com|ProcessorsAccounts.php
13 Jan 2020 12:10:22|20|shiji@forstarfoods.com|ProcessorsAccounts.php
13 Jan 2020 12:10:26|20|shiji@forstarfoods.com|ProcessorsAccounts.php
13 Jan 2020 12:10:42|20|shiji@forstarfoods.com|ProcessorsAccounts.php
13 Jan 2020 12:10:45|20|shiji@forstarfoods.com|ProcessorsAccounts.php
13 Jan 2020 12:10:49|20|shiji@forstarfoods.com|ProcessorsAccounts.php
13 Jan 2020 12:10:53|20|shiji@forstarfoods.com|ProcessorsAccounts.php
13 Jan 2020 12:11:58|20|shiji@forstarfoods.com|ProcessorsAccounts.php
13 Jan 2020 12:12:02|20|shiji@forstarfoods.com|ProcessorsAccounts.php
13 Jan 2020 12:12:13|20|shiji@forstarfoods.com|ProcessorsAccounts.php
13 Jan 2020 12:12:17|20|shiji@forstarfoods.com|ProcessorsAccounts.php
13 Jan 2020 12:12:22|20|shiji@forstarfoods.com|ProcessorsAccounts.php
13 Jan 2020 12:12:26|20|shiji@forstarfoods.com|ProcessorsAccounts.php
13 Jan 2020 12:19:15|20|shiji@forstarfoods.com|ProcessorsAccounts.php
13 Jan 2020 12:19:18|20|shiji@forstarfoods.com|ProcessorsAccounts.php
13 Jan 2020 12:19:30|20|shiji@forstarfoods.com|ProcessorsAccounts.php
13 Jan 2020 12:19:33|20|shiji@forstarfoods.com|ProcessorsAccounts.php
13 Jan 2020 12:19:37|20|shiji@forstarfoods.com|ProcessorsAccounts.php
13 Jan 2020 12:19:40|20|shiji@forstarfoods.com|ProcessorsAccounts.php
13 Jan 2020 12:24:08|20|shiji@forstarfoods.com|ProcessorsAccounts.php
13 Jan 2020 12:24:14|20|shiji@forstarfoods.com|ProcessorsAccounts.php
13 Jan 2020 12:24:26|20|shiji@forstarfoods.com|ProcessorsAccounts.php
13 Jan 2020 12:24:30|20|shiji@forstarfoods.com|ProcessorsAccounts.php
13 Jan 2020 12:24:34|20|shiji@forstarfoods.com|ProcessorsAccounts.php
13 Jan 2020 12:24:46|20|shiji@forstarfoods.com|PreProcessingReport.php
13 Jan 2020 12:28:26|20|shiji@forstarfoods.com|ProcessorsAccounts.php
13 Jan 2020 12:28:32|20|shiji@forstarfoods.com|ProcessorsAccounts.php
13 Jan 2020 12:28:38|20|shiji@forstarfoods.com|ProcessorsAccounts.php
13 Jan 2020 12:28:44|20|shiji@forstarfoods.com|ProcessorsAccounts.php
13 Jan 2020 12:29:22|20|shiji@forstarfoods.com|ProcessorsAccounts.php
13 Jan 2020 12:29:25|20|shiji@forstarfoods.com|ProcessorsAccounts.php
13 Jan 2020 12:29:52|20|shiji@forstarfoods.com|ProcessorsAccounts.php
13 Jan 2020 12:32:21|20|shiji@forstarfoods.com|ProcessorsAccounts.php
13 Jan 2020 12:32:47|20|shiji@forstarfoods.com|ProcessorsAccounts.php
13 Jan 2020 12:33:35|20|shiji@forstarfoods.com|ProcessorsAccounts.php
13 Jan 2020 12:33:38|20|shiji@forstarfoods.com|ProcessorsAccounts.php
13 Jan 2020 12:45:59|20|shiji@forstarfoods.com|SupplierAccount.php
13 Jan 2020 12:46:11|20|shiji@forstarfoods.com|SupplierAccount.php
13 Jan 2020 12:46:18|20|shiji@forstarfoods.com|SupplierAccount.php
13 Jan 2020 12:46:22|20|shiji@forstarfoods.com|SupplierAccount.php
13 Jan 2020 12:46:29|20|shiji@forstarfoods.com|SupplierAccount.php
13 Jan 2020 13:31:00|20|shiji@forstarfoods.com|DailyCatchSummary.php
13 Jan 2020 13:31:03|20|shiji@forstarfoods.com|DailyCatchSummary.php
13 Jan 2020 13:31:15|20|shiji@forstarfoods.com|DailyCatchSummary.php
13 Jan 2020 13:31:19|20|shiji@forstarfoods.com|DailyCatchSummary.php
13 Jan 2020 13:31:34|20|shiji@forstarfoods.com|DailyCatchSummary.php
13 Jan 2020 13:31:40|20|shiji@forstarfoods.com|DailyCatchSummary.php
13 Jan 2020 13:32:03|20|shiji@forstarfoods.com|DailyCatchSummary.php
13 Jan 2020 13:32:07|20|shiji@forstarfoods.com|DailyCatchSummary.php
13 Jan 2020 13:48:16|20|shiji@forstarfoods.com|DailyCatchSummary.php
13 Jan 2020 13:49:12|20|shiji@forstarfoods.com|DailyCatchSummary.php
13 Jan 2020 13:49:15|20|shiji@forstarfoods.com|DailyCatchSummary.php
13 Jan 2020 13:51:30|20|shiji@forstarfoods.com|DailyCatchSummary.php
13 Jan 2020 14:12:55|20|shiji@forstarfoods.com|DailyCatchSummary.php
13 Jan 2020 14:13:12|20|shiji@forstarfoods.com|DailyCatchSummary.php
13 Jan 2020 14:13:20|20|shiji@forstarfoods.com|DailyCatchSummary.php
13 Jan 2020 14:13:27|20|shiji@forstarfoods.com|DailyCatchSummary.php
13 Jan 2020 14:13:38|20|shiji@forstarfoods.com|DailyCatchSummary.php
13 Jan 2020 14:15:39|20|shiji@forstarfoods.com|DailyCatchSummary.php
13 Jan 2020 14:16:20|20|shiji@forstarfoods.com|DailyCatchSummary.php
13 Jan 2020 14:16:23|20|shiji@forstarfoods.com|DailyCatchSummary.php
13 Jan 2020 14:16:32|20|shiji@forstarfoods.com|DailyCatchSummary.php
13 Jan 2020 14:16:36|20|shiji@forstarfoods.com|DailyCatchSummary.php
13 Jan 2020 14:16:52|20|shiji@forstarfoods.com|DailyCatchSummary.php
13 Jan 2020 14:17:47|20|shiji@forstarfoods.com|DailyCatchSummary.php
13 Jan 2020 14:17:51|20|shiji@forstarfoods.com|DailyCatchSummary.php
13 Jan 2020 14:18:03|20|shiji@forstarfoods.com|DailyCatchSummary.php
13 Jan 2020 14:18:07|20|shiji@forstarfoods.com|DailyCatchSummary.php
13 Jan 2020 15:07:58|20|shiji@forstarfoods.com|DailyCatchReport.php
13 Jan 2020 15:16:56|20|shiji@forstarfoods.com|DailyCatchReport.php
13 Jan 2020 15:16:59|20|shiji@forstarfoods.com|DailyCatchReport.php
13 Jan 2020 15:17:01|20|shiji@forstarfoods.com|DailyCatchReport.php
13 Jan 2020 15:17:03|20|shiji@forstarfoods.com|DailyCatchReport.php
13 Jan 2020 15:17:04|20|shiji@forstarfoods.com|DailyCatchReport.php
13 Jan 2020 15:17:09|20|shiji@forstarfoods.com|PrintDailyCatchReportMemo.php
13 Jan 2020 15:17:31|20|shiji@forstarfoods.com|DailyCatchReport.php
13 Jan 2020 15:17:33|20|shiji@forstarfoods.com|DailyCatchReport.php
13 Jan 2020 15:17:34|20|shiji@forstarfoods.com|DailyCatchReport.php
13 Jan 2020 15:18:10|20|shiji@forstarfoods.com|DailyCatchReport.php
13 Jan 2020 15:18:11|20|shiji@forstarfoods.com|DailyCatchReport.php
13 Jan 2020 15:18:14|20|shiji@forstarfoods.com|DailyCatchReport.php
13 Jan 2020 15:18:15|20|shiji@forstarfoods.com|DailyCatchReport.php
13 Jan 2020 15:18:17|20|shiji@forstarfoods.com|DailyCatchReport.php
13 Jan 2020 15:18:18|20|shiji@forstarfoods.com|PrintDailyCatchReportMemo.php
13 Jan 2020 15:18:46|20|shiji@forstarfoods.com|DailyCatchReport.php
13 Jan 2020 15:18:48|20|shiji@forstarfoods.com|DailyCatchReport.php
13 Jan 2020 15:18:49|20|shiji@forstarfoods.com|DailyCatchReport.php
13 Jan 2020 15:18:56|20|shiji@forstarfoods.com|DailyCatchReport.php
13 Jan 2020 15:18:58|20|shiji@forstarfoods.com|DailyCatchReport.php
13 Jan 2020 15:19:00|20|shiji@forstarfoods.com|DailyCatchReport.php
13 Jan 2020 15:19:01|20|shiji@forstarfoods.com|DailyCatchReport.php
13 Jan 2020 15:19:03|20|shiji@forstarfoods.com|PrintDailyCatchReportMemo.php
13 Jan 2020 15:19:17|20|shiji@forstarfoods.com|DailyCatchReport.php
13 Jan 2020 15:19:19|20|shiji@forstarfoods.com|DailyCatchReport.php
13 Jan 2020 15:19:20|20|shiji@forstarfoods.com|DailyCatchReport.php
13 Jan 2020 15:20:18|20|shiji@forstarfoods.com|DailyCatchReport.php
13 Jan 2020 15:20:20|20|shiji@forstarfoods.com|DailyCatchReport.php
13 Jan 2020 15:20:21|20|shiji@forstarfoods.com|DailyCatchReport.php
13 Jan 2020 15:20:23|20|shiji@forstarfoods.com|DailyCatchReport.php
13 Jan 2020 15:20:24|20|shiji@forstarfoods.com|PrintDailyCatchReportMemo.php
13 Jan 2020 15:20:58|20|shiji@forstarfoods.com|DailyCatchReport.php
13 Jan 2020 15:21:00|20|shiji@forstarfoods.com|DailyCatchReport.php
13 Jan 2020 15:21:01|20|shiji@forstarfoods.com|DailyCatchReport.php
13 Jan 2020 15:27:25|29|kavitha@forstarfoods.com|Home.php
13 Jan 2020 15:28:50|29|kavitha@forstarfoods.com|DailyCatchSummary.php
13 Jan 2020 15:28:53|29|kavitha@forstarfoods.com|DailyCatchSummary.php
13 Jan 2020 15:29:18|29|kavitha@forstarfoods.com|DailyCatchSummary.php
13 Jan 2020 15:29:23|29|kavitha@forstarfoods.com|DailyCatchSummary.php
13 Jan 2020 15:29:40|29|kavitha@forstarfoods.com|DailyCatchSummary.php
13 Jan 2020 15:29:56|29|kavitha@forstarfoods.com|DailyCatchSummary.php
13 Jan 2020 15:29:58|29|kavitha@forstarfoods.com|DailyCatchSummary.php
13 Jan 2020 15:30:03|29|kavitha@forstarfoods.com|DailyCatchSummary.php
13 Jan 2020 15:30:15|29|kavitha@forstarfoods.com|DailyCatchSummary.php
13 Jan 2020 15:31:01|29|kavitha@forstarfoods.com|DailyCatchSummary.php
13 Jan 2020 15:31:30|29|kavitha@forstarfoods.com|DailyCatchSummary.php
13 Jan 2020 15:31:34|29|kavitha@forstarfoods.com|DailyCatchSummary.php
13 Jan 2020 15:31:42|29|kavitha@forstarfoods.com|PrintDailyCatchSummary.php
13 Jan 2020 15:37:01|29|kavitha@forstarfoods.com|DailyCatchSummary.php
13 Jan 2020 15:37:07|29|kavitha@forstarfoods.com|DailyCatchSummary.php
13 Jan 2020 15:37:41|29|kavitha@forstarfoods.com|PrintDailyCatchSummary.php
13 Jan 2020 15:39:09|29|kavitha@forstarfoods.com|DailyCatchSummary.php
13 Jan 2020 15:39:22|29|kavitha@forstarfoods.com|DailyCatchSummary.php
13 Jan 2020 15:41:25|29|kavitha@forstarfoods.com|DailyCatchSummary.php
13 Jan 2020 15:41:29|29|kavitha@forstarfoods.com|DailyCatchSummary.php
13 Jan 2020 15:41:40|29|kavitha@forstarfoods.com|PrintDailyCatchSummary.php
13 Jan 2020 15:42:07|29|kavitha@forstarfoods.com|DailyCatchSummary.php
13 Jan 2020 15:42:12|29|kavitha@forstarfoods.com|DailyCatchSummary.php
13 Jan 2020 15:42:16|29|kavitha@forstarfoods.com|DailyCatchSummary.php
13 Jan 2020 15:42:30|29|kavitha@forstarfoods.com|DailyCatchSummary.php
13 Jan 2020 15:42:33|29|kavitha@forstarfoods.com|DailyCatchSummary.php
13 Jan 2020 15:42:49|29|kavitha@forstarfoods.com|DailyCatchSummary.php
13 Jan 2020 15:42:54|29|kavitha@forstarfoods.com|DailyCatchSummary.php
13 Jan 2020 15:43:07|29|kavitha@forstarfoods.com|PrintDailyCatchSummary.php
13 Jan 2020 16:02:46|20|shiji@forstarfoods.com|SupplierAccount.php
13 Jan 2020 16:03:30|20|shiji@forstarfoods.com|SupplierAccount.php
13 Jan 2020 16:03:34|20|shiji@forstarfoods.com|SupplierAccount.php
13 Jan 2020 16:03:37|20|shiji@forstarfoods.com|SupplierAccount.php
13 Jan 2020 16:03:41|20|shiji@forstarfoods.com|SupplierAccount.php
13 Jan 2020 16:04:02|20|shiji@forstarfoods.com|SupplierAccount.php
13 Jan 2020 16:04:08|20|shiji@forstarfoods.com|SupplierAccount.php
13 Jan 2020 16:05:14|20|shiji@forstarfoods.com|SupplierAccount.php
13 Jan 2020 16:05:19|20|shiji@forstarfoods.com|SupplierAccount.php
13 Jan 2020 16:05:23|20|shiji@forstarfoods.com|SupplierAccount.php
13 Jan 2020 16:05:35|20|shiji@forstarfoods.com|SupplierAccount.php
13 Jan 2020 16:05:39|20|shiji@forstarfoods.com|SupplierAccount.php
13 Jan 2020 16:05:42|20|shiji@forstarfoods.com|SupplierAccount.php
13 Jan 2020 16:06:08|20|shiji@forstarfoods.com|SupplierAccount.php
13 Jan 2020 16:06:16|20|shiji@forstarfoods.com|PurchaseReport.php
13 Jan 2020 16:06:31|20|shiji@forstarfoods.com|PurchaseReport.php
13 Jan 2020 16:06:38|20|shiji@forstarfoods.com|PurchaseReport.php
13 Jan 2020 16:06:45|20|shiji@forstarfoods.com|PurchaseReport.php
13 Jan 2020 16:06:53|20|shiji@forstarfoods.com|PrintPurchaseSettlementMemo.php
13 Jan 2020 16:07:10|20|shiji@forstarfoods.com|PurchaseReport.php
13 Jan 2020 16:07:17|20|shiji@forstarfoods.com|PrintPurchaseSettlementMemo.php
13 Jan 2020 16:07:46|20|shiji@forstarfoods.com|PurchaseReport.php
13 Jan 2020 16:08:03|20|shiji@forstarfoods.com|PurchaseReport.php
13 Jan 2020 16:08:08|20|shiji@forstarfoods.com|PrintPurchaseSettlementMemo.php
13 Jan 2020 16:08:56|20|shiji@forstarfoods.com|PurchaseReport.php
13 Jan 2020 16:09:10|20|shiji@forstarfoods.com|PurchaseReport.php
13 Jan 2020 16:09:16|20|shiji@forstarfoods.com|PrintPurchaseSettlementMemo.php
13 Jan 2020 16:09:33|20|shiji@forstarfoods.com|DailyCatchReport.php
13 Jan 2020 16:09:41|20|shiji@forstarfoods.com|DailyCatchReport.php
13 Jan 2020 16:09:53|20|shiji@forstarfoods.com|DailyCatchReport.php
13 Jan 2020 16:09:55|20|shiji@forstarfoods.com|DailyCatchReport.php
13 Jan 2020 16:09:56|20|shiji@forstarfoods.com|DailyCatchReport.php
13 Jan 2020 16:10:02|20|shiji@forstarfoods.com|PrintDailyCatchReportMemo.php
13 Jan 2020 16:10:11|20|shiji@forstarfoods.com|SupplierAccount.php
13 Jan 2020 16:10:18|20|shiji@forstarfoods.com|SupplierAccount.php
13 Jan 2020 16:10:21|20|shiji@forstarfoods.com|SupplierAccount.php
13 Jan 2020 16:10:24|20|shiji@forstarfoods.com|SupplierAccount.php
13 Jan 2020 16:10:28|20|shiji@forstarfoods.com|SupplierAccount.php
13 Jan 2020 16:10:38|20|shiji@forstarfoods.com|SettlementSummary.php
13 Jan 2020 16:10:48|20|shiji@forstarfoods.com|SettlementSummary.php
13 Jan 2020 16:10:51|20|shiji@forstarfoods.com|SupplierPayments.php
13 Jan 2020 16:10:52|20|shiji@forstarfoods.com|SupplierPayments.php
13 Jan 2020 16:10:54|20|shiji@forstarfoods.com|SupplierPayments.php
13 Jan 2020 16:10:56|20|shiji@forstarfoods.com|PurchaseReport.php
13 Jan 2020 16:11:27|20|shiji@forstarfoods.com|PurchaseReport.php
13 Jan 2020 16:11:34|20|shiji@forstarfoods.com|PrintPurchaseSettlementMemo.php
13 Jan 2020 16:23:34|30|pritirm@forstarfoods.com|Home.php
13 Jan 2020 16:23:55|30|pritirm@forstarfoods.com|DailyCatchSummary.php
13 Jan 2020 16:23:57|30|pritirm@forstarfoods.com|DailyCatchSummary.php
13 Jan 2020 16:24:06|30|pritirm@forstarfoods.com|DailyCatchSummary.php
13 Jan 2020 16:24:10|30|pritirm@forstarfoods.com|DailyCatchSummary.php
13 Jan 2020 16:24:14|30|pritirm@forstarfoods.com|DailyCatchSummary.php
13 Jan 2020 16:24:22|30|pritirm@forstarfoods.com|DailyCatchSummary.php
13 Jan 2020 16:57:35|20|shiji@forstarfoods.com|PreProcessingReport.php
13 Jan 2020 16:57:50|20|shiji@forstarfoods.com|PreProcessingReport.php
13 Jan 2020 16:58:16|20|shiji@forstarfoods.com|PreProcessingReport.php
13 Jan 2020 16:58:32|20|shiji@forstarfoods.com|PrintPreProcessingReport.php
13 Jan 2020 16:59:33|20|shiji@forstarfoods.com|PreProcessingReport.php
13 Jan 2020 16:59:46|20|shiji@forstarfoods.com|PrintPreProcessingReport.php
13 Jan 2020 17:36:25|20|shiji@forstarfoods.com|SupplierAccount.php
14 Jan 2020 10:17:49|30|pritirm@forstarfoods.com|Home.php
14 Jan 2020 10:18:06|20|shiji@forstarfoods.com|Home.php
14 Jan 2020 10:18:12|20|shiji@forstarfoods.com|DailyCatchSummary.php
14 Jan 2020 10:18:15|20|shiji@forstarfoods.com|DailyCatchSummary.php
14 Jan 2020 10:18:31|20|shiji@forstarfoods.com|DailyCatchSummary.php
14 Jan 2020 10:18:34|20|shiji@forstarfoods.com|DailyCatchSummary.php
14 Jan 2020 10:18:50|20|shiji@forstarfoods.com|DailyCatchSummary.php
14 Jan 2020 10:18:57|20|shiji@forstarfoods.com|DailyCatchSummary.php
14 Jan 2020 10:19:03|20|shiji@forstarfoods.com|DailyCatchSummary.php
14 Jan 2020 10:20:32|20|shiji@forstarfoods.com|DailyCatchSummary.php
14 Jan 2020 10:20:35|20|shiji@forstarfoods.com|DailyCatchSummary.php
14 Jan 2020 10:25:06|30|pritirm@forstarfoods.com|DailyCatchSummary.php
14 Jan 2020 10:25:17|30|pritirm@forstarfoods.com|DailyCatchSummary.php
14 Jan 2020 10:25:53|30|pritirm@forstarfoods.com|DailyCatchSummary.php
14 Jan 2020 10:30:16|30|pritirm@forstarfoods.com|DailyCatchSummary.php
14 Jan 2020 10:30:21|30|pritirm@forstarfoods.com|DailyCatchSummary.php
14 Jan 2020 10:30:25|30|pritirm@forstarfoods.com|DailyCatchSummary.php
14 Jan 2020 10:30:34|30|pritirm@forstarfoods.com|DailyCatchSummary.php
14 Jan 2020 10:36:50|20|shiji@forstarfoods.com|DailyCatchSummary.php
14 Jan 2020 10:36:54|20|shiji@forstarfoods.com|DailyCatchSummary.php
14 Jan 2020 10:37:22|20|shiji@forstarfoods.com|DailyCatchSummary.php
14 Jan 2020 10:37:27|20|shiji@forstarfoods.com|DailyCatchSummary.php
14 Jan 2020 10:37:33|20|shiji@forstarfoods.com|DailyCatchSummary.php
14 Jan 2020 10:38:10|20|shiji@forstarfoods.com|DailyCatchSummary.php
14 Jan 2020 10:38:13|20|shiji@forstarfoods.com|DailyCatchSummary.php
14 Jan 2020 10:38:32|20|shiji@forstarfoods.com|DailyCatchSummary.php
14 Jan 2020 10:38:35|20|shiji@forstarfoods.com|DailyCatchSummary.php
14 Jan 2020 10:39:34|30|pritirm@forstarfoods.com|DailyCatchSummary.php
14 Jan 2020 10:39:39|30|pritirm@forstarfoods.com|DailyCatchSummary.php
14 Jan 2020 10:40:27|30|pritirm@forstarfoods.com|DailyCatchSummary.php
14 Jan 2020 10:40:32|30|pritirm@forstarfoods.com|DailyCatchSummary.php
14 Jan 2020 10:41:02|30|pritirm@forstarfoods.com|DailyCatchSummary.php
14 Jan 2020 10:41:07|30|pritirm@forstarfoods.com|DailyCatchSummary.php
14 Jan 2020 10:41:44|30|pritirm@forstarfoods.com|DailyCatchSummary.php
14 Jan 2020 10:42:07|30|pritirm@forstarfoods.com|DailyCatchSummary.php
14 Jan 2020 10:42:20|30|pritirm@forstarfoods.com|DailyCatchSummary.php
14 Jan 2020 10:42:39|30|pritirm@forstarfoods.com|DailyCatchSummary.php
14 Jan 2020 10:42:41|30|pritirm@forstarfoods.com|DailyCatchSummary.php
14 Jan 2020 10:43:10|30|pritirm@forstarfoods.com|DailyCatchSummary.php
14 Jan 2020 10:43:14|30|pritirm@forstarfoods.com|DailyCatchSummary.php
14 Jan 2020 10:47:56|30|pritirm@forstarfoods.com|DailyCatchSummary.php
14 Jan 2020 10:48:53|30|pritirm@forstarfoods.com|DailyCatchSummary.php
14 Jan 2020 10:55:20|30|pritirm@forstarfoods.com|DailyCatchSummary.php
14 Jan 2020 10:55:24|30|pritirm@forstarfoods.com|DailyCatchSummary.php