
2 Oct 2020 16:22:29|20|shiji@forstarfoods.com|ProcessorsAccounts.php
2 Oct 2020 16:22:33|20|shiji@forstarfoods.com|ProcessorsAccounts.php
2 Oct 2020 16:22:37|20|shiji@forstarfoods.com|ProcessorsAccounts.php
2 Oct 2020 16:22:41|20|shiji@forstarfoods.com|ProcessorsAccounts.php
2 Oct 2020 16:22:49|20|shiji@forstarfoods.com|ProcessorsAccounts.php
2 Oct 2020 16:23:47|20|shiji@forstarfoods.com|ProcessorsAccounts.php
2 Oct 2020 16:23:50|20|shiji@forstarfoods.com|ProcessorsAccounts.php
2 Oct 2020 16:24:14|20|shiji@forstarfoods.com|ProcessorsAccounts.php
2 Oct 2020 16:24:21|20|shiji@forstarfoods.com|ProcessorsAccounts.php
2 Oct 2020 16:24:46|20|shiji@forstarfoods.com|ProcessorsAccounts.php
2 Oct 2020 16:24:50|20|shiji@forstarfoods.com|ProcessorsAccounts.php
2 Oct 2020 16:25:11|20|shiji@forstarfoods.com|ProcessorsAccounts.php
2 Oct 2020 16:25:15|20|shiji@forstarfoods.com|ProcessorsAccounts.php
2 Oct 2020 16:25:28|20|shiji@forstarfoods.com|ProcessorsAccounts.php
2 Oct 2020 16:25:37|20|shiji@forstarfoods.com|ProcessorsAccounts.php
2 Oct 2020 16:25:41|20|shiji@forstarfoods.com|ProcessorsAccounts.php
2 Oct 2020 16:25:46|20|shiji@forstarfoods.com|ProcessorsAccounts.php
2 Oct 2020 16:25:51|20|shiji@forstarfoods.com|ProcessorsAccounts.php
2 Oct 2020 16:25:56|20|shiji@forstarfoods.com|ProcessorsAccounts.php
2 Oct 2020 16:26:06|20|shiji@forstarfoods.com|ProcessorsAccounts.php
2 Oct 2020 16:26:44|20|shiji@forstarfoods.com|ProcessorsAccounts.php
2 Oct 2020 16:26:49|20|shiji@forstarfoods.com|ProcessorsAccounts.php
2 Oct 2020 16:27:09|20|shiji@forstarfoods.com|ProcessorsAccounts.php
2 Oct 2020 16:27:13|20|shiji@forstarfoods.com|ProcessorsAccounts.php
2 Oct 2020 16:27:35|20|shiji@forstarfoods.com|ProcessorsAccounts.php
2 Oct 2020 16:27:39|20|shiji@forstarfoods.com|ProcessorsAccounts.php
2 Oct 2020 16:28:01|20|shiji@forstarfoods.com|ProcessorsAccounts.php
2 Oct 2020 16:28:04|20|shiji@forstarfoods.com|ProcessorsAccounts.php
2 Oct 2020 16:28:17|20|shiji@forstarfoods.com|ProcessorsAccounts.php
2 Oct 2020 16:28:36|20|shiji@forstarfoods.com|ProcessorsAccounts.php
2 Oct 2020 16:28:47|20|shiji@forstarfoods.com|ProcessorsAccounts.php
2 Oct 2020 16:28:50|20|shiji@forstarfoods.com|ProcessorsAccounts.php
2 Oct 2020 16:29:13|20|shiji@forstarfoods.com|ProcessorsAccounts.php
2 Oct 2020 16:29:18|20|shiji@forstarfoods.com|ProcessorsAccounts.php
2 Oct 2020 16:29:44|20|shiji@forstarfoods.com|ProcessorsAccounts.php
2 Oct 2020 16:29:59|20|shiji@forstarfoods.com|ProcessorsAccounts.php
2 Oct 2020 16:30:03|20|shiji@forstarfoods.com|ProcessorsAccounts.php
2 Oct 2020 16:30:04|20|shiji@forstarfoods.com|ProcessorsAccounts.php
2 Oct 2020 16:30:58|20|shiji@forstarfoods.com|ProcessorsAccounts.php
2 Oct 2020 16:31:02|20|shiji@forstarfoods.com|ProcessorsAccounts.php
2 Oct 2020 16:31:25|20|shiji@forstarfoods.com|ProcessorsAccounts.php
2 Oct 2020 16:31:34|20|shiji@forstarfoods.com|PreProcessingReport.php
2 Oct 2020 16:37:09|20|shiji@forstarfoods.com|PreProcessingReport.php
2 Oct 2020 16:37:36|20|shiji@forstarfoods.com|PreProcessingReport.php
2 Oct 2020 16:37:45|20|shiji@forstarfoods.com|PrintPreProcessingReport.php
2 Oct 2020 16:39:12|20|shiji@forstarfoods.com|PreProcessingReport.php
2 Oct 2020 16:39:16|20|shiji@forstarfoods.com|PreProcessingReport.php
2 Oct 2020 16:39:28|20|shiji@forstarfoods.com|PrintPreProcessingReport.php
2 Oct 2020 16:41:14|20|shiji@forstarfoods.com|PreProcessingReport.php
2 Oct 2020 16:41:20|20|shiji@forstarfoods.com|PreProcessingReport.php
2 Oct 2020 16:41:24|20|shiji@forstarfoods.com|PrintPreProcessingReport.php
2 Oct 2020 16:43:22|20|shiji@forstarfoods.com|PreProcessingReport.php
2 Oct 2020 16:43:28|20|shiji@forstarfoods.com|PreProcessingReport.php
2 Oct 2020 16:43:39|20|shiji@forstarfoods.com|PrintPreProcessingReport.php
2 Oct 2020 17:03:35|20|shiji@forstarfoods.com|DailyCatchSummary.php
2 Oct 2020 17:03:40|20|shiji@forstarfoods.com|DailyCatchSummary.php
2 Oct 2020 17:03:47|20|shiji@forstarfoods.com|DailyCatchSummary.php
2 Oct 2020 17:03:50|20|shiji@forstarfoods.com|DailyCatchSummary.php
2 Oct 2020 17:13:04|30|pritirm@forstarfoods.com|DailyCatchSummary.php
2 Oct 2020 17:13:13|30|pritirm@forstarfoods.com|DailyCatchSummary.php
2 Oct 2020 17:13:17|30|pritirm@forstarfoods.com|DailyCatchSummary.php
2 Oct 2020 17:13:23|30|pritirm@forstarfoods.com|DailyCatchSummary.php
2 Oct 2020 17:13:47|30|pritirm@forstarfoods.com|DailyCatchSummary.php
2 Oct 2020 17:13:49|30|pritirm@forstarfoods.com|DailyCatchSummary.php
2 Oct 2020 17:14:11|30|pritirm@forstarfoods.com|DailyCatchSummary.php
2 Oct 2020 17:14:14|30|pritirm@forstarfoods.com|DailyCatchSummary.php
3 Oct 2020 10:30:42|20|shiji@forstarfoods.com|Home.php
3 Oct 2020 10:30:58|20|shiji@forstarfoods.com|PurchaseStatement.php
3 Oct 2020 10:31:13|20|shiji@forstarfoods.com|PurchaseStatement.php
3 Oct 2020 10:32:19|20|shiji@forstarfoods.com|PurchaseStatement.php
3 Oct 2020 10:32:25|20|shiji@forstarfoods.com|PurchaseStatement.php
3 Oct 2020 10:34:17|20|shiji@forstarfoods.com|PrintPurchaseStatement.php
3 Oct 2020 10:35:27|20|shiji@forstarfoods.com|SettlementSummary.php
3 Oct 2020 10:35:44|20|shiji@forstarfoods.com|SettlementSummary.php
3 Oct 2020 10:35:53|20|shiji@forstarfoods.com|SettlementSummary.php
3 Oct 2020 10:36:03|20|shiji@forstarfoods.com|SettlementSummary.php
3 Oct 2020 10:36:05|20|shiji@forstarfoods.com|SupplierPayments.php
3 Oct 2020 10:36:07|20|shiji@forstarfoods.com|SupplierPayments.php
3 Oct 2020 10:36:08|20|shiji@forstarfoods.com|SupplierPayments.php
3 Oct 2020 10:36:13|20|shiji@forstarfoods.com|PurchaseStatement.php
3 Oct 2020 10:36:25|20|shiji@forstarfoods.com|PurchaseStatement.php
3 Oct 2020 10:36:28|20|shiji@forstarfoods.com|PurchaseStatement.php
3 Oct 2020 10:36:31|20|shiji@forstarfoods.com|PurchaseStatement.php
3 Oct 2020 10:36:33|20|shiji@forstarfoods.com|PrintPurchaseStatement.php
3 Oct 2020 10:57:42|20|shiji@forstarfoods.com|PurchaseStatement.php
3 Oct 2020 10:57:46|20|shiji@forstarfoods.com|PurchaseStatement.php
3 Oct 2020 10:57:50|20|shiji@forstarfoods.com|PurchaseStatement.php
3 Oct 2020 10:57:53|20|shiji@forstarfoods.com|PurchaseStatement.php
3 Oct 2020 10:57:56|20|shiji@forstarfoods.com|PrintPurchaseStatement.php
3 Oct 2020 10:58:14|20|shiji@forstarfoods.com|PurchaseStatement.php
3 Oct 2020 10:58:17|20|shiji@forstarfoods.com|PurchaseStatement.php
3 Oct 2020 10:58:21|20|shiji@forstarfoods.com|PurchaseStatement.php
3 Oct 2020 10:58:26|20|shiji@forstarfoods.com|PrintPurchaseStatement.php
3 Oct 2020 11:04:23|20|shiji@forstarfoods.com|PurchaseStatement.php
3 Oct 2020 11:04:27|20|shiji@forstarfoods.com|PurchaseStatement.php
3 Oct 2020 11:04:30|20|shiji@forstarfoods.com|PurchaseStatement.php
3 Oct 2020 11:04:33|20|shiji@forstarfoods.com|PrintPurchaseStatement.php
3 Oct 2020 11:12:03|20|shiji@forstarfoods.com|PurchaseStatement.php
3 Oct 2020 11:12:07|20|shiji@forstarfoods.com|PurchaseStatement.php
3 Oct 2020 11:12:10|20|shiji@forstarfoods.com|PurchaseStatement.php
3 Oct 2020 11:12:13|20|shiji@forstarfoods.com|PrintPurchaseStatement.php
3 Oct 2020 11:25:39|20|shiji@forstarfoods.com|PrintPurchaseStatement.php
3 Oct 2020 11:25:51|20|shiji@forstarfoods.com|PurchaseStatement.php
3 Oct 2020 11:25:55|20|shiji@forstarfoods.com|PurchaseStatement.php
3 Oct 2020 11:26:02|20|shiji@forstarfoods.com|PurchaseStatement.php
3 Oct 2020 11:26:04|20|shiji@forstarfoods.com|PrintPurchaseStatement.php
3 Oct 2020 11:28:04|30|pritirm@forstarfoods.com|Home.php
3 Oct 2020 11:28:23|30|pritirm@forstarfoods.com|DailyCatchEntry_New.php
3 Oct 2020 11:28:29|30|pritirm@forstarfoods.com|DailyCatchEntry_New.php
3 Oct 2020 11:28:31|30|pritirm@forstarfoods.com|DailyCatchEntry_New.php
3 Oct 2020 11:28:32|30|pritirm@forstarfoods.com|DailyCatchEntry_New.php
3 Oct 2020 11:28:34|30|pritirm@forstarfoods.com|DailyCatchEntry_New.php
3 Oct 2020 11:28:35|30|pritirm@forstarfoods.com|CatchEntryDeclaredItem.php
3 Oct 2020 11:28:36|30|pritirm@forstarfoods.com|DailyCatchEntry_New.php
3 Oct 2020 11:28:39|30|pritirm@forstarfoods.com|DailyCatchEntry_New.php
3 Oct 2020 11:28:41|30|pritirm@forstarfoods.com|DailyCatchEntry_New.php
3 Oct 2020 11:28:42|30|pritirm@forstarfoods.com|DailyCatchEntry_New.php
3 Oct 2020 11:28:43|30|pritirm@forstarfoods.com|DailyCatchEntry_New.php
3 Oct 2020 11:28:44|30|pritirm@forstarfoods.com|DailyCatchEntry_New.php
3 Oct 2020 11:28:46|30|pritirm@forstarfoods.com|DailyCatchEntry_New.php
3 Oct 2020 11:28:47|30|pritirm@forstarfoods.com|DailyCatchEntry_New.php
3 Oct 2020 11:28:48|30|pritirm@forstarfoods.com|DailyCatchEntry_New.php
3 Oct 2020 11:28:50|30|pritirm@forstarfoods.com|DailyCatchEntry_New.php
3 Oct 2020 11:28:56|30|pritirm@forstarfoods.com|DailyCatchEntry_New.php
3 Oct 2020 11:28:57|30|pritirm@forstarfoods.com|CatchEntryDeclaredItem.php
3 Oct 2020 11:29:09|30|pritirm@forstarfoods.com|DailyCatchEntry_New.php
3 Oct 2020 11:29:10|30|pritirm@forstarfoods.com|DailyCatchEntry_New.php
3 Oct 2020 11:29:12|30|pritirm@forstarfoods.com|DailyCatchEntry_New.php
3 Oct 2020 11:29:28|30|pritirm@forstarfoods.com|DailyCatchEntry_New.php
3 Oct 2020 11:29:31|30|pritirm@forstarfoods.com|DailyCatchEntry_New.php
3 Oct 2020 11:29:38|30|pritirm@forstarfoods.com|DailyCatchEntry_New.php
3 Oct 2020 11:29:39|30|pritirm@forstarfoods.com|DailyCatchEntry_New.php
3 Oct 2020 11:29:40|30|pritirm@forstarfoods.com|DailyCatchEntry_New.php
3 Oct 2020 11:29:42|30|pritirm@forstarfoods.com|DailyCatchEntry_New.php
3 Oct 2020 11:29:43|30|pritirm@forstarfoods.com|DailyCatchEntry_New.php
3 Oct 2020 11:29:44|30|pritirm@forstarfoods.com|DailyCatchEntry_New.php
3 Oct 2020 11:29:49|30|pritirm@forstarfoods.com|DailyCatchEntry_New.php
3 Oct 2020 11:29:52|30|pritirm@forstarfoods.com|DailyCatchEntry_New.php
3 Oct 2020 11:29:54|30|pritirm@forstarfoods.com|CatchEntryDeclaredItem.php
3 Oct 2020 11:30:01|30|pritirm@forstarfoods.com|DailyCatchEntry_New.php
3 Oct 2020 11:30:03|30|pritirm@forstarfoods.com|DailyCatchEntry_New.php
3 Oct 2020 11:30:09|30|pritirm@forstarfoods.com|DailyCatchEntry_New.php
3 Oct 2020 11:30:10|30|pritirm@forstarfoods.com|DailyCatchEntry_New.php
3 Oct 2020 11:30:12|30|pritirm@forstarfoods.com|DailyCatchEntry_New.php
3 Oct 2020 11:30:13|30|pritirm@forstarfoods.com|DailyCatchEntry_New.php
3 Oct 2020 11:30:14|30|pritirm@forstarfoods.com|DailyCatchEntry_New.php
3 Oct 2020 11:30:15|30|pritirm@forstarfoods.com|DailyCatchEntry_New.php
3 Oct 2020 11:30:29|30|pritirm@forstarfoods.com|DailyCatchEntry_New.php
3 Oct 2020 11:30:33|30|pritirm@forstarfoods.com|DailyCatchEntry_New.php
3 Oct 2020 11:30:35|30|pritirm@forstarfoods.com|CatchEntryDeclaredItem.php
3 Oct 2020 11:30:37|30|pritirm@forstarfoods.com|DailyCatchEntry_New.php
3 Oct 2020 11:30:40|30|pritirm@forstarfoods.com|DailyCatchEntry_New.php
3 Oct 2020 11:30:42|30|pritirm@forstarfoods.com|DailyCatchEntry_New.php
3 Oct 2020 11:30:43|30|pritirm@forstarfoods.com|DailyCatchEntry_New.php
3 Oct 2020 11:30:45|30|pritirm@forstarfoods.com|DailyCatchEntry_New.php
3 Oct 2020 11:30:46|30|pritirm@forstarfoods.com|DailyCatchEntry_New.php
3 Oct 2020 11:30:47|30|pritirm@forstarfoods.com|DailyCatchEntry_New.php
3 Oct 2020 11:30:48|30|pritirm@forstarfoods.com|DailyCatchEntry_New.php
3 Oct 2020 11:30:53|30|pritirm@forstarfoods.com|DailyCatchEntry_New.php
3 Oct 2020 11:30:56|30|pritirm@forstarfoods.com|DailyCatchEntry_New.php
3 Oct 2020 11:30:58|30|pritirm@forstarfoods.com|CatchEntryDeclaredItem.php
3 Oct 2020 11:31:03|30|pritirm@forstarfoods.com|DailyCatchEntry_New.php
3 Oct 2020 11:31:05|30|pritirm@forstarfoods.com|DailyCatchEntry_New.php
3 Oct 2020 11:31:08|30|pritirm@forstarfoods.com|DailyCatchEntry_New.php
3 Oct 2020 11:31:11|30|pritirm@forstarfoods.com|DailyCatchEntry_New.php
3 Oct 2020 11:31:12|30|pritirm@forstarfoods.com|DailyCatchEntry_New.php
3 Oct 2020 11:31:14|30|pritirm@forstarfoods.com|DailyCatchEntry_New.php
3 Oct 2020 11:31:15|30|pritirm@forstarfoods.com|DailyCatchEntry_New.php
3 Oct 2020 11:31:16|30|pritirm@forstarfoods.com|DailyCatchEntry_New.php
3 Oct 2020 11:31:17|30|pritirm@forstarfoods.com|DailyCatchEntry_New.php
3 Oct 2020 11:31:36|30|pritirm@forstarfoods.com|DailyCatchEntry_New.php
3 Oct 2020 11:31:38|30|pritirm@forstarfoods.com|DailyCatchEntry_New.php
3 Oct 2020 11:31:39|30|pritirm@forstarfoods.com|CatchEntryDeclaredItem.php
3 Oct 2020 11:31:42|30|pritirm@forstarfoods.com|DailyCatchEntry_New.php
3 Oct 2020 11:31:44|30|pritirm@forstarfoods.com|DailyCatchEntry_New.php
3 Oct 2020 11:31:50|30|pritirm@forstarfoods.com|DailyCatchEntry_New.php
3 Oct 2020 11:31:51|30|pritirm@forstarfoods.com|DailyCatchEntry_New.php
3 Oct 2020 11:31:53|30|pritirm@forstarfoods.com|DailyCatchEntry_New.php
3 Oct 2020 11:31:54|30|pritirm@forstarfoods.com|DailyCatchEntry_New.php
3 Oct 2020 11:31:55|30|pritirm@forstarfoods.com|DailyCatchEntry_New.php
3 Oct 2020 11:31:56|30|pritirm@forstarfoods.com|DailyCatchEntry_New.php
3 Oct 2020 11:31:59|30|pritirm@forstarfoods.com|DailyCatchEntry_New.php
3 Oct 2020 11:32:02|30|pritirm@forstarfoods.com|DailyCatchEntry_New.php
3 Oct 2020 11:32:03|30|pritirm@forstarfoods.com|CatchEntryDeclaredItem.php
3 Oct 2020 11:32:06|30|pritirm@forstarfoods.com|DailyCatchEntry_New.php
3 Oct 2020 11:32:08|30|pritirm@forstarfoods.com|DailyCatchEntry_New.php
3 Oct 2020 11:32:10|30|pritirm@forstarfoods.com|DailyCatchEntry_New.php
3 Oct 2020 11:32:11|30|pritirm@forstarfoods.com|DailyCatchEntry_New.php
3 Oct 2020 11:32:12|30|pritirm@forstarfoods.com|DailyCatchEntry_New.php
3 Oct 2020 11:32:13|30|pritirm@forstarfoods.com|DailyCatchEntry_New.php
3 Oct 2020 11:32:15|30|pritirm@forstarfoods.com|DailyCatchEntry_New.php
3 Oct 2020 11:32:16|30|pritirm@forstarfoods.com|DailyCatchEntry_New.php
3 Oct 2020 11:32:27|30|pritirm@forstarfoods.com|DailyCatchEntry_New.php
3 Oct 2020 11:32:30|30|pritirm@forstarfoods.com|DailyCatchEntry_New.php
3 Oct 2020 11:32:31|30|pritirm@forstarfoods.com|CatchEntryDeclaredItem.php
3 Oct 2020 11:32:35|30|pritirm@forstarfoods.com|DailyCatchReport.php
3 Oct 2020 11:32:42|30|pritirm@forstarfoods.com|DailyCatchReport.php
3 Oct 2020 11:32:45|30|pritirm@forstarfoods.com|DailyCatchReport.php
3 Oct 2020 11:32:47|20|shiji@forstarfoods.com|PurchaseStatement.php
3 Oct 2020 11:32:50|30|pritirm@forstarfoods.com|DailyCatchReport.php
3 Oct 2020 11:32:50|20|shiji@forstarfoods.com|PurchaseStatement.php
3 Oct 2020 11:32:51|30|pritirm@forstarfoods.com|DailyCatchReport.php
3 Oct 2020 11:32:53|30|pritirm@forstarfoods.com|DailyCatchReport.php
3 Oct 2020 11:32:54|30|pritirm@forstarfoods.com|PrintDailyCatchReportMemo.php
3 Oct 2020 11:33:00|20|shiji@forstarfoods.com|PurchaseStatement.php
3 Oct 2020 11:33:08|20|shiji@forstarfoods.com|PrintPurchaseStatement.php
3 Oct 2020 11:33:22|30|pritirm@forstarfoods.com|DailyCatchReport.php
3 Oct 2020 11:33:23|30|pritirm@forstarfoods.com|DailyCatchReport.php
3 Oct 2020 11:33:25|30|pritirm@forstarfoods.com|DailyCatchReport.php
3 Oct 2020 11:33:27|30|pritirm@forstarfoods.com|SupplierAccount.php
3 Oct 2020 11:33:33|30|pritirm@forstarfoods.com|SupplierAccount.php
3 Oct 2020 11:33:36|30|pritirm@forstarfoods.com|SupplierAccount.php
3 Oct 2020 11:33:39|30|pritirm@forstarfoods.com|SupplierAccount.php
3 Oct 2020 11:33:43|30|pritirm@forstarfoods.com|SupplierAccount.php
3 Oct 2020 11:34:30|30|pritirm@forstarfoods.com|SupplierAccount.php
3 Oct 2020 11:34:40|30|pritirm@forstarfoods.com|PurchaseReport.php
3 Oct 2020 11:34:51|20|shiji@forstarfoods.com|PurchaseStatement.php
3 Oct 2020 11:34:52|30|pritirm@forstarfoods.com|PurchaseReport.php
3 Oct 2020 11:34:54|20|shiji@forstarfoods.com|PurchaseStatement.php
3 Oct 2020 11:34:56|30|pritirm@forstarfoods.com|PrintPurchaseSettlementMemo.php
3 Oct 2020 11:34:57|20|shiji@forstarfoods.com|PurchaseStatement.php
3 Oct 2020 11:35:00|20|shiji@forstarfoods.com|PrintPurchaseStatement.php
3 Oct 2020 11:42:15|20|shiji@forstarfoods.com|PurchaseStatement.php
3 Oct 2020 11:42:19|20|shiji@forstarfoods.com|PrintPurchaseStatement.php
3 Oct 2020 11:46:23|20|shiji@forstarfoods.com|PurchaseStatement.php
3 Oct 2020 11:46:27|20|shiji@forstarfoods.com|PurchaseStatement.php
3 Oct 2020 11:46:30|20|shiji@forstarfoods.com|PurchaseStatement.php
3 Oct 2020 11:46:33|20|shiji@forstarfoods.com|PrintPurchaseStatement.php
3 Oct 2020 11:52:25|20|shiji@forstarfoods.com|PurchaseStatement.php
3 Oct 2020 11:52:30|20|shiji@forstarfoods.com|PrintPurchaseStatement.php
3 Oct 2020 12:07:51|20|shiji@forstarfoods.com|DailyCatchSummary.php
3 Oct 2020 12:07:54|20|shiji@forstarfoods.com|DailyCatchSummary.php
3 Oct 2020 12:08:09|20|shiji@forstarfoods.com|DailyCatchSummary.php
3 Oct 2020 12:08:11|20|shiji@forstarfoods.com|DailyCatchSummary.php
3 Oct 2020 12:08:17|20|shiji@forstarfoods.com|DailyCatchSummary.php
3 Oct 2020 12:08:23|20|shiji@forstarfoods.com|DailyCatchSummary.php
3 Oct 2020 12:08:28|20|shiji@forstarfoods.com|DailyCatchSummary.php
3 Oct 2020 12:08:47|20|shiji@forstarfoods.com|DailyCatchSummary.php
3 Oct 2020 12:08:50|20|shiji@forstarfoods.com|DailyCatchSummary.php
3 Oct 2020 12:09:43|20|shiji@forstarfoods.com|DailyCatchSummary.php
3 Oct 2020 12:09:47|20|shiji@forstarfoods.com|DailyCatchSummary.php
3 Oct 2020 12:09:59|20|shiji@forstarfoods.com|DailyCatchSummary.php
3 Oct 2020 12:17:13|20|shiji@forstarfoods.com|DailyCatchEntry_New.php
3 Oct 2020 12:17:24|20|shiji@forstarfoods.com|DailyCatchEntry_New.php
3 Oct 2020 12:17:26|20|shiji@forstarfoods.com|DailyCatchEntry_New.php
3 Oct 2020 12:17:27|20|shiji@forstarfoods.com|DailyCatchEntry_New.php
3 Oct 2020 12:17:28|20|shiji@forstarfoods.com|DailyCatchEntry_New.php
3 Oct 2020 12:17:29|20|shiji@forstarfoods.com|CatchEntryDeclaredItem.php
3 Oct 2020 12:17:31|20|shiji@forstarfoods.com|DailyCatchEntry_New.php
3 Oct 2020 12:17:34|20|shiji@forstarfoods.com|DailyCatchEntry_New.php
3 Oct 2020 12:17:35|20|shiji@forstarfoods.com|DailyCatchEntry_New.php
3 Oct 2020 12:17:36|20|shiji@forstarfoods.com|DailyCatchEntry_New.php
3 Oct 2020 12:17:37|20|shiji@forstarfoods.com|DailyCatchEntry_New.php
3 Oct 2020 12:17:39|20|shiji@forstarfoods.com|DailyCatchEntry_New.php
3 Oct 2020 12:17:41|20|shiji@forstarfoods.com|DailyCatchEntry_New.php
3 Oct 2020 12:17:42|20|shiji@forstarfoods.com|DailyCatchEntry_New.php
3 Oct 2020 12:17:44|20|shiji@forstarfoods.com|DailyCatchEntry_New.php
3 Oct 2020 12:17:47|20|shiji@forstarfoods.com|DailyCatchEntry_New.php
3 Oct 2020 12:17:53|20|shiji@forstarfoods.com|DailyCatchEntry_New.php
3 Oct 2020 12:17:54|20|shiji@forstarfoods.com|CatchEntryDeclaredItem.php
3 Oct 2020 12:18:49|20|shiji@forstarfoods.com|DailyCatchEntry_New.php
3 Oct 2020 12:18:53|20|shiji@forstarfoods.com|DailyCatchEntry_New.php
3 Oct 2020 12:18:54|20|shiji@forstarfoods.com|DailyCatchEntry_New.php
3 Oct 2020 12:19:03|20|shiji@forstarfoods.com|DailyCatchEntry_New.php
3 Oct 2020 12:19:05|20|shiji@forstarfoods.com|DailyCatchEntry_New.php
3 Oct 2020 12:19:12|20|shiji@forstarfoods.com|DailyCatchEntry_New.php
3 Oct 2020 12:22:26|20|shiji@forstarfoods.com|DailyCatchEntry_New.php
3 Oct 2020 12:26:30|20|shiji@forstarfoods.com|DailyCatchEntry_New.php
3 Oct 2020 12:27:18|20|shiji@forstarfoods.com|DailyCatchEntry_New.php
3 Oct 2020 12:27:21|20|shiji@forstarfoods.com|DailyCatchEntry_New.php
3 Oct 2020 12:27:22|20|shiji@forstarfoods.com|CatchEntryDeclaredItem.php
3 Oct 2020 12:27:27|20|shiji@forstarfoods.com|DailyCatchEntry_New.php
3 Oct 2020 12:27:35|20|shiji@forstarfoods.com|DailyCatchReport.php
3 Oct 2020 12:27:54|20|shiji@forstarfoods.com|DailyCatchEntry_New.php
3 Oct 2020 12:27:57|20|shiji@forstarfoods.com|DailyCatchEntry_New.php
3 Oct 2020 12:27:59|20|shiji@forstarfoods.com|DailyCatchEntry_New.php
3 Oct 2020 12:28:00|20|shiji@forstarfoods.com|DailyCatchEntry_New.php
3 Oct 2020 12:28:01|20|shiji@forstarfoods.com|DailyCatchEntry_New.php
3 Oct 2020 12:28:03|20|shiji@forstarfoods.com|CatchEntryDeclaredItem.php
3 Oct 2020 12:28:04|20|shiji@forstarfoods.com|DailyCatchEntry_New.php
3 Oct 2020 12:28:06|20|shiji@forstarfoods.com|DailyCatchEntry_New.php
3 Oct 2020 12:28:07|20|shiji@forstarfoods.com|DailyCatchEntry_New.php
3 Oct 2020 12:28:08|20|shiji@forstarfoods.com|DailyCatchEntry_New.php
3 Oct 2020 12:28:09|20|shiji@forstarfoods.com|DailyCatchEntry_New.php
3 Oct 2020 12:28:10|20|shiji@forstarfoods.com|DailyCatchEntry_New.php
3 Oct 2020 12:28:12|20|shiji@forstarfoods.com|DailyCatchEntry_New.php
3 Oct 2020 12:28:13|20|shiji@forstarfoods.com|DailyCatchEntry_New.php
3 Oct 2020 12:28:14|20|shiji@forstarfoods.com|DailyCatchEntry_New.php
3 Oct 2020 12:28:19|20|shiji@forstarfoods.com|DailyCatchEntry_New.php
3 Oct 2020 12:28:20|20|shiji@forstarfoods.com|DailyCatchEntry_New.php
3 Oct 2020 12:28:21|20|shiji@forstarfoods.com|DailyCatchEntry_New.php
3 Oct 2020 12:28:24|20|shiji@forstarfoods.com|DailyCatchEntry_New.php
3 Oct 2020 12:28:29|20|shiji@forstarfoods.com|DailyCatchEntry_New.php
3 Oct 2020 12:28:30|20|shiji@forstarfoods.com|CatchEntryDeclaredItem.php
3 Oct 2020 12:28:48|20|shiji@forstarfoods.com|DailyCatchEntry_New.php
3 Oct 2020 12:28:49|20|shiji@forstarfoods.com|DailyCatchEntry_New.php
3 Oct 2020 12:28:51|20|shiji@forstarfoods.com|DailyCatchEntry_New.php
3 Oct 2020 12:28:53|20|shiji@forstarfoods.com|DailyCatchEntry_New.php
3 Oct 2020 12:28:55|20|shiji@forstarfoods.com|DailyCatchEntry_New.php
3 Oct 2020 12:29:00|20|shiji@forstarfoods.com|DailyCatchEntry_New.php
3 Oct 2020 12:29:01|20|shiji@forstarfoods.com|DailyCatchEntry_New.php
3 Oct 2020 12:29:02|20|shiji@forstarfoods.com|DailyCatchEntry_New.php
3 Oct 2020 12:29:03|20|shiji@forstarfoods.com|DailyCatchEntry_New.php
3 Oct 2020 12:29:05|20|shiji@forstarfoods.com|DailyCatchEntry_New.php
3 Oct 2020 12:29:06|20|shiji@forstarfoods.com|DailyCatchEntry_New.php
3 Oct 2020 12:29:07|20|shiji@forstarfoods.com|DailyCatchEntry_New.php
3 Oct 2020 12:29:08|20|shiji@forstarfoods.com|DailyCatchEntry_New.php
3 Oct 2020 12:29:09|20|shiji@forstarfoods.com|DailyCatchEntry_New.php
3 Oct 2020 12:29:11|20|shiji@forstarfoods.com|DailyCatchEntry_New.php
3 Oct 2020 12:29:12|20|shiji@forstarfoods.com|DailyCatchEntry_New.php
3 Oct 2020 12:29:13|20|shiji@forstarfoods.com|DailyCatchEntry_New.php
3 Oct 2020 12:29:14|20|shiji@forstarfoods.com|DailyCatchEntry_New.php
3 Oct 2020 12:29:16|20|shiji@forstarfoods.com|DailyCatchEntry_New.php
3 Oct 2020 12:29:17|20|shiji@forstarfoods.com|DailyCatchEntry_New.php
3 Oct 2020 12:29:18|20|shiji@forstarfoods.com|DailyCatchEntry_New.php
3 Oct 2020 12:29:19|20|shiji@forstarfoods.com|DailyCatchEntry_New.php
3 Oct 2020 12:29:21|20|shiji@forstarfoods.com|DailyCatchEntry_New.php
3 Oct 2020 12:29:22|20|shiji@forstarfoods.com|DailyCatchEntry_New.php
3 Oct 2020 12:29:23|20|shiji@forstarfoods.com|DailyCatchEntry_New.php
3 Oct 2020 12:29:24|20|shiji@forstarfoods.com|DailyCatchEntry_New.php
3 Oct 2020 12:29:25|20|shiji@forstarfoods.com|DailyCatchEntry_New.php
3 Oct 2020 12:29:27|20|shiji@forstarfoods.com|DailyCatchEntry_New.php
3 Oct 2020 12:29:28|20|shiji@forstarfoods.com|DailyCatchEntry_New.php
3 Oct 2020 12:29:29|20|shiji@forstarfoods.com|DailyCatchEntry_New.php
3 Oct 2020 12:29:30|20|shiji@forstarfoods.com|DailyCatchEntry_New.php
3 Oct 2020 12:29:32|20|shiji@forstarfoods.com|DailyCatchEntry_New.php
3 Oct 2020 12:29:33|20|shiji@forstarfoods.com|DailyCatchEntry_New.php
3 Oct 2020 12:29:34|20|shiji@forstarfoods.com|DailyCatchEntry_New.php
3 Oct 2020 12:29:35|20|shiji@forstarfoods.com|DailyCatchEntry_New.php
3 Oct 2020 12:29:37|20|shiji@forstarfoods.com|DailyCatchEntry_New.php
3 Oct 2020 12:29:38|20|shiji@forstarfoods.com|DailyCatchEntry_New.php
3 Oct 2020 12:30:17|20|shiji@forstarfoods.com|DailyCatchEntry_New.php
3 Oct 2020 12:30:20|20|shiji@forstarfoods.com|DailyCatchEntry_New.php
3 Oct 2020 12:30:21|20|shiji@forstarfoods.com|CatchEntryDeclaredItem.php
3 Oct 2020 12:30:23|20|shiji@forstarfoods.com|DailyCatchEntry_New.php
3 Oct 2020 12:30:24|20|shiji@forstarfoods.com|DailyCatchEntry_New.php
3 Oct 2020 12:30:26|20|shiji@forstarfoods.com|DailyCatchEntry_New.php
3 Oct 2020 12:30:27|20|shiji@forstarfoods.com|DailyCatchEntry_New.php
3 Oct 2020 12:30:31|20|shiji@forstarfoods.com|DailyCatchEntry_New.php
3 Oct 2020 12:30:32|20|shiji@forstarfoods.com|CatchEntryDeclaredItem.php
3 Oct 2020 12:30:50|20|shiji@forstarfoods.com|DailyCatchEntry_New.php
3 Oct 2020 12:30:54|20|shiji@forstarfoods.com|DailyCatchEntry_New.php
3 Oct 2020 12:30:57|20|shiji@forstarfoods.com|DailyCatchEntry_New.php
3 Oct 2020 12:30:59|20|shiji@forstarfoods.com|DailyCatchEntry_New.php
3 Oct 2020 12:31:02|20|shiji@forstarfoods.com|DailyCatchEntry_New.php
3 Oct 2020 12:31:03|20|shiji@forstarfoods.com|DailyCatchEntry_New.php
3 Oct 2020 12:31:04|20|shiji@forstarfoods.com|DailyCatchEntry_New.php
3 Oct 2020 12:31:05|20|shiji@forstarfoods.com|DailyCatchEntry_New.php
3 Oct 2020 12:31:06|20|shiji@forstarfoods.com|DailyCatchEntry_New.php
3 Oct 2020 12:31:08|20|shiji@forstarfoods.com|DailyCatchEntry_New.php
3 Oct 2020 12:31:09|20|shiji@forstarfoods.com|DailyCatchEntry_New.php
3 Oct 2020 12:31:10|20|shiji@forstarfoods.com|DailyCatchEntry_New.php
3 Oct 2020 12:31:11|20|shiji@forstarfoods.com|DailyCatchEntry_New.php
3 Oct 2020 12:31:13|20|shiji@forstarfoods.com|DailyCatchEntry_New.php
3 Oct 2020 12:31:14|20|shiji@forstarfoods.com|DailyCatchEntry_New.php
3 Oct 2020 12:31:15|20|shiji@forstarfoods.com|DailyCatchEntry_New.php
3 Oct 2020 12:31:16|20|shiji@forstarfoods.com|DailyCatchEntry_New.php
3 Oct 2020 12:31:18|20|shiji@forstarfoods.com|DailyCatchEntry_New.php
3 Oct 2020 12:31:19|20|shiji@forstarfoods.com|DailyCatchEntry_New.php
3 Oct 2020 12:31:20|20|shiji@forstarfoods.com|DailyCatchEntry_New.php
3 Oct 2020 12:31:21|20|shiji@forstarfoods.com|DailyCatchEntry_New.php
3 Oct 2020 12:31:23|20|shiji@forstarfoods.com|DailyCatchEntry_New.php
3 Oct 2020 12:31:24|20|shiji@forstarfoods.com|DailyCatchEntry_New.php
3 Oct 2020 12:31:25|20|shiji@forstarfoods.com|DailyCatchEntry_New.php
3 Oct 2020 12:31:26|20|shiji@forstarfoods.com|DailyCatchEntry_New.php
3 Oct 2020 12:31:27|20|shiji@forstarfoods.com|DailyCatchEntry_New.php
3 Oct 2020 12:31:29|20|shiji@forstarfoods.com|DailyCatchEntry_New.php
3 Oct 2020 12:31:30|20|shiji@forstarfoods.com|DailyCatchEntry_New.php
3 Oct 2020 12:32:11|20|shiji@forstarfoods.com|DailyCatchEntry_New.php
3 Oct 2020 12:32:17|20|shiji@forstarfoods.com|DailyCatchEntry_New.php
3 Oct 2020 12:32:19|20|shiji@forstarfoods.com|CatchEntryDeclaredItem.php
3 Oct 2020 12:32:24|20|shiji@forstarfoods.com|DailyCatchEntry_New.php
3 Oct 2020 12:32:26|20|shiji@forstarfoods.com|DailyCatchEntry_New.php
3 Oct 2020 12:32:29|20|shiji@forstarfoods.com|DailyCatchEntry_New.php
3 Oct 2020 12:32:30|20|shiji@forstarfoods.com|DailyCatchEntry_New.php
3 Oct 2020 12:32:31|20|shiji@forstarfoods.com|DailyCatchEntry_New.php
3 Oct 2020 12:32:32|20|shiji@forstarfoods.com|DailyCatchEntry_New.php
3 Oct 2020 12:32:34|20|shiji@forstarfoods.com|DailyCatchEntry_New.php
3 Oct 2020 12:32:35|20|shiji@forstarfoods.com|DailyCatchEntry_New.php
3 Oct 2020 12:32:36|20|shiji@forstarfoods.com|DailyCatchEntry_New.php
3 Oct 2020 12:32:37|20|shiji@forstarfoods.com|DailyCatchEntry_New.php
3 Oct 2020 12:32:39|20|shiji@forstarfoods.com|DailyCatchEntry_New.php
3 Oct 2020 12:32:40|20|shiji@forstarfoods.com|DailyCatchEntry_New.php
3 Oct 2020 12:32:41|20|shiji@forstarfoods.com|DailyCatchEntry_New.php
3 Oct 2020 12:32:42|20|shiji@forstarfoods.com|DailyCatchEntry_New.php
3 Oct 2020 12:32:44|20|shiji@forstarfoods.com|DailyCatchEntry_New.php
3 Oct 2020 12:32:45|20|shiji@forstarfoods.com|DailyCatchEntry_New.php
3 Oct 2020 12:32:46|20|shiji@forstarfoods.com|DailyCatchEntry_New.php
3 Oct 2020 12:32:47|20|shiji@forstarfoods.com|DailyCatchEntry_New.php
3 Oct 2020 12:32:48|20|shiji@forstarfoods.com|DailyCatchEntry_New.php
3 Oct 2020 12:32:50|20|shiji@forstarfoods.com|DailyCatchEntry_New.php
3 Oct 2020 12:32:51|20|shiji@forstarfoods.com|DailyCatchEntry_New.php
3 Oct 2020 12:32:52|20|shiji@forstarfoods.com|DailyCatchEntry_New.php
3 Oct 2020 12:32:53|20|shiji@forstarfoods.com|DailyCatchEntry_New.php
3 Oct 2020 12:32:55|20|shiji@forstarfoods.com|DailyCatchEntry_New.php
3 Oct 2020 12:32:56|20|shiji@forstarfoods.com|DailyCatchEntry_New.php
3 Oct 2020 12:32:57|20|shiji@forstarfoods.com|DailyCatchEntry_New.php
3 Oct 2020 12:32:58|20|shiji@forstarfoods.com|DailyCatchEntry_New.php
3 Oct 2020 12:33:00|20|shiji@forstarfoods.com|DailyCatchEntry_New.php
3 Oct 2020 12:33:01|20|shiji@forstarfoods.com|DailyCatchEntry_New.php
3 Oct 2020 12:33:02|20|shiji@forstarfoods.com|DailyCatchEntry_New.php
3 Oct 2020 12:33:03|20|shiji@forstarfoods.com|DailyCatchEntry_New.php
3 Oct 2020 12:33:05|20|shiji@forstarfoods.com|DailyCatchEntry_New.php
3 Oct 2020 12:33:06|20|shiji@forstarfoods.com|DailyCatchEntry_New.php
3 Oct 2020 12:33:07|20|shiji@forstarfoods.com|DailyCatchEntry_New.php
3 Oct 2020 12:33:08|20|shiji@forstarfoods.com|DailyCatchEntry_New.php
3 Oct 2020 12:35:36|20|shiji@forstarfoods.com|DailyCatchEntry_New.php
3 Oct 2020 12:36:03|20|shiji@forstarfoods.com|DailyCatchEntry_New.php
3 Oct 2020 12:36:05|20|shiji@forstarfoods.com|CatchEntryDeclaredItem.php
3 Oct 2020 12:36:13|20|shiji@forstarfoods.com|DailyCatchEntry_New.php
3 Oct 2020 12:36:15|20|shiji@forstarfoods.com|DailyCatchEntry_New.php
3 Oct 2020 12:36:19|20|shiji@forstarfoods.com|DailyCatchEntry_New.php
3 Oct 2020 12:36:20|20|shiji@forstarfoods.com|DailyCatchEntry_New.php
3 Oct 2020 12:36:21|20|shiji@forstarfoods.com|DailyCatchEntry_New.php
3 Oct 2020 12:36:22|20|shiji@forstarfoods.com|DailyCatchEntry_New.php
3 Oct 2020 12:36:24|20|shiji@forstarfoods.com|DailyCatchEntry_New.php
3 Oct 2020 12:36:25|20|shiji@forstarfoods.com|DailyCatchEntry_New.php
3 Oct 2020 12:36:26|20|shiji@forstarfoods.com|DailyCatchEntry_New.php
3 Oct 2020 12:36:27|20|shiji@forstarfoods.com|DailyCatchEntry_New.php
3 Oct 2020 12:36:54|20|shiji@forstarfoods.com|DailyCatchEntry_New.php
3 Oct 2020 12:36:56|20|shiji@forstarfoods.com|DailyCatchEntry_New.php
3 Oct 2020 12:36:58|20|shiji@forstarfoods.com|CatchEntryDeclaredItem.php
3 Oct 2020 12:37:18|20|shiji@forstarfoods.com|DailyCatchEntry_New.php
3 Oct 2020 12:37:38|20|shiji@forstarfoods.com|DailyCatchEntry_New.php
3 Oct 2020 12:37:41|20|shiji@forstarfoods.com|DailyCatchEntry_New.php
3 Oct 2020 12:37:42|20|shiji@forstarfoods.com|DailyCatchEntry_New.php
3 Oct 2020 12:37:43|20|shiji@forstarfoods.com|DailyCatchEntry_New.php
3 Oct 2020 12:37:44|20|shiji@forstarfoods.com|DailyCatchEntry_New.php
3 Oct 2020 12:37:46|20|shiji@forstarfoods.com|DailyCatchEntry_New.php
3 Oct 2020 12:37:47|20|shiji@forstarfoods.com|DailyCatchEntry_New.php
3 Oct 2020 12:37:48|20|shiji@forstarfoods.com|DailyCatchEntry_New.php
3 Oct 2020 12:37:49|20|shiji@forstarfoods.com|DailyCatchEntry_New.php
3 Oct 2020 12:38:05|20|shiji@forstarfoods.com|DailyCatchEntry_New.php
3 Oct 2020 12:38:11|20|shiji@forstarfoods.com|DailyCatchEntry_New.php
3 Oct 2020 12:38:12|20|shiji@forstarfoods.com|DailyCatchEntry_New.php
3 Oct 2020 12:38:13|20|shiji@forstarfoods.com|DailyCatchEntry_New.php
3 Oct 2020 12:38:19|20|shiji@forstarfoods.com|Home.php
3 Oct 2020 12:38:25|20|shiji@forstarfoods.com|DailyCatchEntry_New.php
3 Oct 2020 12:38:30|20|shiji@forstarfoods.com|DailyCatchEntry_New.php
3 Oct 2020 12:38:31|20|shiji@forstarfoods.com|DailyCatchEntry_New.php
3 Oct 2020 12:38:33|20|shiji@forstarfoods.com|DailyCatchEntry_New.php
3 Oct 2020 12:38:36|20|shiji@forstarfoods.com|DailyCatchEntry_New.php
3 Oct 2020 12:38:37|20|shiji@forstarfoods.com|DailyCatchEntry_New.php
3 Oct 2020 12:38:39|20|shiji@forstarfoods.com|DailyCatchEntry_New.php
3 Oct 2020 12:39:05|20|shiji@forstarfoods.com|DailyCatchEntry_New.php
3 Oct 2020 12:39:07|20|shiji@forstarfoods.com|DailyCatchEntry_New.php
3 Oct 2020 12:39:08|20|shiji@forstarfoods.com|DailyCatchEntry_New.php
3 Oct 2020 12:39:10|20|shiji@forstarfoods.com|DailyCatchEntry_New.php
3 Oct 2020 12:39:11|20|shiji@forstarfoods.com|CatchEntryDeclaredItem.php
3 Oct 2020 12:39:12|20|shiji@forstarfoods.com|DailyCatchEntry_New.php
3 Oct 2020 12:39:14|20|shiji@forstarfoods.com|DailyCatchEntry_New.php
3 Oct 2020 12:39:15|20|shiji@forstarfoods.com|DailyCatchEntry_New.php
3 Oct 2020 12:39:16|20|shiji@forstarfoods.com|DailyCatchEntry_New.php
3 Oct 2020 12:40:17|20|shiji@forstarfoods.com|DailyCatchEntry_New.php
3 Oct 2020 12:40:28|20|shiji@forstarfoods.com|DailyCatchEntry_New.php
3 Oct 2020 12:40:32|20|shiji@forstarfoods.com|DailyCatchEntry_New.php
3 Oct 2020 12:40:33|20|shiji@forstarfoods.com|CatchEntryDeclaredItem.php
3 Oct 2020 12:40:52|20|shiji@forstarfoods.com|DailyCatchEntry_New.php
3 Oct 2020 12:40:53|20|shiji@forstarfoods.com|DailyCatchEntry_New.php
3 Oct 2020 12:40:54|20|shiji@forstarfoods.com|DailyCatchEntry_New.php
3 Oct 2020 12:40:57|20|shiji@forstarfoods.com|DailyCatchEntry_New.php
3 Oct 2020 12:40:59|20|shiji@forstarfoods.com|DailyCatchEntry_New.php
3 Oct 2020 12:41:03|20|shiji@forstarfoods.com|DailyCatchEntry_New.php
3 Oct 2020 12:41:04|20|shiji@forstarfoods.com|DailyCatchEntry_New.php
3 Oct 2020 12:41:05|20|shiji@forstarfoods.com|DailyCatchEntry_New.php
3 Oct 2020 12:41:07|20|shiji@forstarfoods.com|DailyCatchEntry_New.php
3 Oct 2020 12:41:08|20|shiji@forstarfoods.com|DailyCatchEntry_New.php
3 Oct 2020 12:41:09|20|shiji@forstarfoods.com|DailyCatchEntry_New.php
3 Oct 2020 12:41:10|20|shiji@forstarfoods.com|DailyCatchEntry_New.php
3 Oct 2020 12:41:12|20|shiji@forstarfoods.com|DailyCatchEntry_New.php
3 Oct 2020 12:41:13|20|shiji@forstarfoods.com|DailyCatchEntry_New.php
3 Oct 2020 12:41:14|20|shiji@forstarfoods.com|DailyCatchEntry_New.php
3 Oct 2020 12:41:15|20|shiji@forstarfoods.com|DailyCatchEntry_New.php
3 Oct 2020 12:41:17|20|shiji@forstarfoods.com|DailyCatchEntry_New.php
3 Oct 2020 12:41:18|20|shiji@forstarfoods.com|DailyCatchEntry_New.php
3 Oct 2020 12:41:19|20|shiji@forstarfoods.com|DailyCatchEntry_New.php
3 Oct 2020 12:41:20|20|shiji@forstarfoods.com|DailyCatchEntry_New.php
3 Oct 2020 12:41:21|20|shiji@forstarfoods.com|DailyCatchEntry_New.php
3 Oct 2020 12:41:23|20|shiji@forstarfoods.com|DailyCatchEntry_New.php
3 Oct 2020 12:41:24|20|shiji@forstarfoods.com|DailyCatchEntry_New.php
3 Oct 2020 12:41:25|20|shiji@forstarfoods.com|DailyCatchEntry_New.php
3 Oct 2020 12:41:26|20|shiji@forstarfoods.com|DailyCatchEntry_New.php
3 Oct 2020 12:41:28|20|shiji@forstarfoods.com|DailyCatchEntry_New.php
3 Oct 2020 12:41:29|20|shiji@forstarfoods.com|DailyCatchEntry_New.php
3 Oct 2020 12:41:30|20|shiji@forstarfoods.com|DailyCatchEntry_New.php
3 Oct 2020 12:41:31|20|shiji@forstarfoods.com|DailyCatchEntry_New.php
3 Oct 2020 12:41:38|20|shiji@forstarfoods.com|DailyCatchEntry_New.php
3 Oct 2020 12:41:41|20|shiji@forstarfoods.com|DailyCatchEntry_New.php
3 Oct 2020 12:41:43|20|shiji@forstarfoods.com|CatchEntryDeclaredItem.php
3 Oct 2020 12:41:45|20|shiji@forstarfoods.com|DailyCatchEntry_New.php
3 Oct 2020 12:41:47|20|shiji@forstarfoods.com|DailyCatchEntry_New.php
3 Oct 2020 12:41:49|20|shiji@forstarfoods.com|DailyCatchEntry_New.php
3 Oct 2020 12:41:51|20|shiji@forstarfoods.com|DailyCatchEntry_New.php
3 Oct 2020 12:41:52|20|shiji@forstarfoods.com|DailyCatchEntry_New.php
3 Oct 2020 12:41:53|20|shiji@forstarfoods.com|DailyCatchEntry_New.php
3 Oct 2020 12:41:54|20|shiji@forstarfoods.com|DailyCatchEntry_New.php
3 Oct 2020 12:41:55|20|shiji@forstarfoods.com|DailyCatchEntry_New.php
3 Oct 2020 12:41:57|20|shiji@forstarfoods.com|DailyCatchEntry_New.php
3 Oct 2020 12:41:58|20|shiji@forstarfoods.com|DailyCatchEntry_New.php
3 Oct 2020 12:41:59|20|shiji@forstarfoods.com|DailyCatchEntry_New.php
3 Oct 2020 12:42:00|20|shiji@forstarfoods.com|DailyCatchEntry_New.php
3 Oct 2020 12:42:02|20|shiji@forstarfoods.com|DailyCatchEntry_New.php
3 Oct 2020 12:42:03|20|shiji@forstarfoods.com|DailyCatchEntry_New.php
3 Oct 2020 12:42:04|20|shiji@forstarfoods.com|DailyCatchEntry_New.php
3 Oct 2020 12:42:05|20|shiji@forstarfoods.com|DailyCatchEntry_New.php
3 Oct 2020 12:42:07|20|shiji@forstarfoods.com|DailyCatchEntry_New.php
3 Oct 2020 12:42:08|20|shiji@forstarfoods.com|DailyCatchEntry_New.php
3 Oct 2020 12:42:09|20|shiji@forstarfoods.com|DailyCatchEntry_New.php
3 Oct 2020 12:42:10|20|shiji@forstarfoods.com|DailyCatchEntry_New.php
3 Oct 2020 12:42:12|20|shiji@forstarfoods.com|DailyCatchEntry_New.php
3 Oct 2020 12:42:13|20|shiji@forstarfoods.com|DailyCatchEntry_New.php
3 Oct 2020 12:42:14|20|shiji@forstarfoods.com|DailyCatchEntry_New.php
3 Oct 2020 12:42:15|20|shiji@forstarfoods.com|DailyCatchEntry_New.php
3 Oct 2020 12:42:17|20|shiji@forstarfoods.com|DailyCatchEntry_New.php
3 Oct 2020 12:42:18|20|shiji@forstarfoods.com|DailyCatchEntry_New.php
3 Oct 2020 12:42:45|20|shiji@forstarfoods.com|DailyCatchEntry_New.php
3 Oct 2020 12:42:47|20|shiji@forstarfoods.com|DailyCatchEntry_New.php
3 Oct 2020 12:42:49|20|shiji@forstarfoods.com|CatchEntryDeclaredItem.php
3 Oct 2020 12:42:52|20|shiji@forstarfoods.com|DailyCatchEntry_New.php
3 Oct 2020 12:42:54|20|shiji@forstarfoods.com|DailyCatchEntry_New.php
3 Oct 2020 12:42:56|20|shiji@forstarfoods.com|DailyCatchEntry_New.php
3 Oct 2020 12:42:58|20|shiji@forstarfoods.com|DailyCatchEntry_New.php
3 Oct 2020 12:42:59|20|shiji@forstarfoods.com|DailyCatchEntry_New.php
3 Oct 2020 12:43:00|20|shiji@forstarfoods.com|DailyCatchEntry_New.php
3 Oct 2020 12:43:01|20|shiji@forstarfoods.com|DailyCatchEntry_New.php
3 Oct 2020 12:43:03|20|shiji@forstarfoods.com|DailyCatchEntry_New.php
3 Oct 2020 12:43:04|20|shiji@forstarfoods.com|DailyCatchEntry_New.php
3 Oct 2020 12:43:05|20|shiji@forstarfoods.com|DailyCatchEntry_New.php
3 Oct 2020 12:43:06|20|shiji@forstarfoods.com|DailyCatchEntry_New.php
3 Oct 2020 12:43:07|20|shiji@forstarfoods.com|DailyCatchEntry_New.php
3 Oct 2020 12:43:09|20|shiji@forstarfoods.com|DailyCatchEntry_New.php
3 Oct 2020 12:43:10|20|shiji@forstarfoods.com|DailyCatchEntry_New.php
3 Oct 2020 12:43:11|20|shiji@forstarfoods.com|DailyCatchEntry_New.php
3 Oct 2020 12:43:12|20|shiji@forstarfoods.com|DailyCatchEntry_New.php
3 Oct 2020 12:43:14|20|shiji@forstarfoods.com|DailyCatchEntry_New.php
3 Oct 2020 12:43:15|20|shiji@forstarfoods.com|DailyCatchEntry_New.php
3 Oct 2020 12:43:16|20|shiji@forstarfoods.com|DailyCatchEntry_New.php
3 Oct 2020 12:43:17|20|shiji@forstarfoods.com|DailyCatchEntry_New.php
3 Oct 2020 12:43:19|20|shiji@forstarfoods.com|DailyCatchEntry_New.php
3 Oct 2020 12:43:20|20|shiji@forstarfoods.com|DailyCatchEntry_New.php
3 Oct 2020 12:43:21|20|shiji@forstarfoods.com|DailyCatchEntry_New.php
3 Oct 2020 12:43:22|20|shiji@forstarfoods.com|DailyCatchEntry_New.php
3 Oct 2020 12:43:24|20|shiji@forstarfoods.com|DailyCatchEntry_New.php
3 Oct 2020 12:43:25|20|shiji@forstarfoods.com|DailyCatchEntry_New.php
3 Oct 2020 12:43:26|20|shiji@forstarfoods.com|DailyCatchEntry_New.php
3 Oct 2020 12:43:27|20|shiji@forstarfoods.com|DailyCatchEntry_New.php
3 Oct 2020 12:43:28|20|shiji@forstarfoods.com|DailyCatchEntry_New.php
3 Oct 2020 12:43:30|20|shiji@forstarfoods.com|DailyCatchEntry_New.php
3 Oct 2020 12:43:31|20|shiji@forstarfoods.com|DailyCatchEntry_New.php
3 Oct 2020 12:43:32|20|shiji@forstarfoods.com|DailyCatchEntry_New.php
3 Oct 2020 12:43:33|20|shiji@forstarfoods.com|DailyCatchEntry_New.php
3 Oct 2020 12:43:35|20|shiji@forstarfoods.com|DailyCatchEntry_New.php
3 Oct 2020 12:43:44|20|shiji@forstarfoods.com|DailyCatchEntry_New.php
3 Oct 2020 12:43:47|20|shiji@forstarfoods.com|DailyCatchEntry_New.php
3 Oct 2020 12:43:48|20|shiji@forstarfoods.com|CatchEntryDeclaredItem.php
3 Oct 2020 12:43:53|20|shiji@forstarfoods.com|DailyCatchEntry_New.php
3 Oct 2020 12:43:54|20|shiji@forstarfoods.com|DailyCatchEntry_New.php
3 Oct 2020 12:43:55|20|shiji@forstarfoods.com|DailyCatchEntry_New.php
3 Oct 2020 12:43:56|20|shiji@forstarfoods.com|DailyCatchEntry_New.php
3 Oct 2020 12:43:57|20|shiji@forstarfoods.com|DailyCatchEntry_New.php
3 Oct 2020 12:43:59|20|shiji@forstarfoods.com|DailyCatchEntry_New.php
3 Oct 2020 12:44:00|20|shiji@forstarfoods.com|DailyCatchEntry_New.php
3 Oct 2020 12:44:01|20|shiji@forstarfoods.com|DailyCatchEntry_New.php
3 Oct 2020 12:44:02|20|shiji@forstarfoods.com|DailyCatchEntry_New.php
3 Oct 2020 12:44:04|20|shiji@forstarfoods.com|DailyCatchEntry_New.php
3 Oct 2020 12:44:05|20|shiji@forstarfoods.com|DailyCatchEntry_New.php
3 Oct 2020 12:44:06|20|shiji@forstarfoods.com|DailyCatchEntry_New.php
3 Oct 2020 12:44:07|20|shiji@forstarfoods.com|DailyCatchEntry_New.php
3 Oct 2020 12:44:08|20|shiji@forstarfoods.com|DailyCatchEntry_New.php
3 Oct 2020 12:44:10|20|shiji@forstarfoods.com|DailyCatchEntry_New.php
3 Oct 2020 12:44:11|20|shiji@forstarfoods.com|DailyCatchEntry_New.php
3 Oct 2020 12:44:17|20|shiji@forstarfoods.com|DailyCatchEntry_New.php
3 Oct 2020 12:44:32|20|shiji@forstarfoods.com|DailyCatchEntry_New.php
3 Oct 2020 12:44:39|20|shiji@forstarfoods.com|DailyCatchEntry_New.php
3 Oct 2020 12:44:40|20|shiji@forstarfoods.com|CatchEntryDeclaredItem.php
3 Oct 2020 12:44:43|20|shiji@forstarfoods.com|DailyCatchEntry_New.php
3 Oct 2020 12:44:45|20|shiji@forstarfoods.com|DailyCatchEntry_New.php
3 Oct 2020 12:44:46|20|shiji@forstarfoods.com|DailyCatchEntry_New.php
3 Oct 2020 12:45:14|20|shiji@forstarfoods.com|DailyCatchEntry_New.php
3 Oct 2020 12:45:23|20|shiji@forstarfoods.com|DailyCatchEntry_New.php
3 Oct 2020 12:45:28|20|shiji@forstarfoods.com|DailyCatchEntry_New.php
3 Oct 2020 12:45:29|20|shiji@forstarfoods.com|CatchEntryDeclaredItem.php
3 Oct 2020 12:45:46|20|shiji@forstarfoods.com|DailyCatchEntry_New.php
3 Oct 2020 12:45:48|20|shiji@forstarfoods.com|DailyCatchEntry_New.php
3 Oct 2020 12:45:59|20|shiji@forstarfoods.com|DailyCatchEntry_New.php
3 Oct 2020 12:46:01|20|shiji@forstarfoods.com|DailyCatchEntry_New.php
3 Oct 2020 12:46:02|20|shiji@forstarfoods.com|DailyCatchEntry_New.php
3 Oct 2020 12:46:03|20|shiji@forstarfoods.com|DailyCatchEntry_New.php
3 Oct 2020 12:46:05|20|shiji@forstarfoods.com|DailyCatchEntry_New.php
3 Oct 2020 12:46:06|20|shiji@forstarfoods.com|DailyCatchEntry_New.php
3 Oct 2020 12:46:07|20|shiji@forstarfoods.com|DailyCatchEntry_New.php
3 Oct 2020 12:46:08|20|shiji@forstarfoods.com|DailyCatchEntry_New.php
3 Oct 2020 12:46:09|20|shiji@forstarfoods.com|DailyCatchEntry_New.php
3 Oct 2020 12:46:11|20|shiji@forstarfoods.com|DailyCatchEntry_New.php
3 Oct 2020 12:46:12|20|shiji@forstarfoods.com|DailyCatchEntry_New.php
3 Oct 2020 12:46:13|20|shiji@forstarfoods.com|DailyCatchEntry_New.php
3 Oct 2020 12:46:14|20|shiji@forstarfoods.com|DailyCatchEntry_New.php
3 Oct 2020 12:46:16|20|shiji@forstarfoods.com|DailyCatchEntry_New.php
3 Oct 2020 12:46:17|20|shiji@forstarfoods.com|DailyCatchEntry_New.php
3 Oct 2020 12:46:18|20|shiji@forstarfoods.com|DailyCatchEntry_New.php
3 Oct 2020 12:46:19|20|shiji@forstarfoods.com|DailyCatchEntry_New.php
3 Oct 2020 12:46:21|20|shiji@forstarfoods.com|DailyCatchEntry_New.php
3 Oct 2020 12:46:22|20|shiji@forstarfoods.com|DailyCatchEntry_New.php
3 Oct 2020 12:46:23|20|shiji@forstarfoods.com|DailyCatchEntry_New.php
3 Oct 2020 12:46:24|20|shiji@forstarfoods.com|DailyCatchEntry_New.php
3 Oct 2020 12:46:26|20|shiji@forstarfoods.com|DailyCatchEntry_New.php
3 Oct 2020 12:46:27|20|shiji@forstarfoods.com|DailyCatchEntry_New.php
3 Oct 2020 12:46:28|20|shiji@forstarfoods.com|DailyCatchEntry_New.php
3 Oct 2020 12:46:29|20|shiji@forstarfoods.com|DailyCatchEntry_New.php
3 Oct 2020 12:46:31|20|shiji@forstarfoods.com|DailyCatchEntry_New.php
3 Oct 2020 12:46:32|20|shiji@forstarfoods.com|DailyCatchEntry_New.php
3 Oct 2020 12:46:33|20|shiji@forstarfoods.com|DailyCatchEntry_New.php
3 Oct 2020 12:46:34|20|shiji@forstarfoods.com|DailyCatchEntry_New.php
3 Oct 2020 12:46:35|20|shiji@forstarfoods.com|DailyCatchEntry_New.php
3 Oct 2020 12:46:37|20|shiji@forstarfoods.com|DailyCatchEntry_New.php
3 Oct 2020 12:46:38|20|shiji@forstarfoods.com|DailyCatchEntry_New.php
3 Oct 2020 12:46:39|20|shiji@forstarfoods.com|DailyCatchEntry_New.php
3 Oct 2020 12:46:40|20|shiji@forstarfoods.com|DailyCatchEntry_New.php
3 Oct 2020 12:46:42|20|shiji@forstarfoods.com|DailyCatchEntry_New.php
3 Oct 2020 12:46:43|20|shiji@forstarfoods.com|DailyCatchEntry_New.php
3 Oct 2020 12:46:44|20|shiji@forstarfoods.com|DailyCatchEntry_New.php
3 Oct 2020 12:47:13|20|shiji@forstarfoods.com|DailyCatchEntry_New.php
3 Oct 2020 12:47:16|20|shiji@forstarfoods.com|DailyCatchEntry_New.php
3 Oct 2020 12:47:20|20|shiji@forstarfoods.com|CatchEntryDeclaredItem.php
3 Oct 2020 12:47:24|20|shiji@forstarfoods.com|DailyCatchEntry_New.php
3 Oct 2020 12:47:25|20|shiji@forstarfoods.com|DailyCatchEntry_New.php
3 Oct 2020 12:47:26|20|shiji@forstarfoods.com|DailyCatchEntry_New.php
3 Oct 2020 12:47:31|20|shiji@forstarfoods.com|DailyCatchEntry_New.php
3 Oct 2020 12:47:34|20|shiji@forstarfoods.com|DailyCatchEntry_New.php
3 Oct 2020 12:47:35|20|shiji@forstarfoods.com|CatchEntryDeclaredItem.php
3 Oct 2020 12:47:51|20|shiji@forstarfoods.com|DailyCatchEntry_New.php
3 Oct 2020 12:47:53|20|shiji@forstarfoods.com|DailyCatchEntry_New.php
3 Oct 2020 12:47:56|20|shiji@forstarfoods.com|DailyCatchEntry_New.php
3 Oct 2020 12:47:58|20|shiji@forstarfoods.com|DailyCatchEntry_New.php
3 Oct 2020 12:47:59|20|shiji@forstarfoods.com|DailyCatchEntry_New.php
3 Oct 2020 12:48:00|20|shiji@forstarfoods.com|DailyCatchEntry_New.php
3 Oct 2020 12:48:01|20|shiji@forstarfoods.com|DailyCatchEntry_New.php
3 Oct 2020 12:48:02|20|shiji@forstarfoods.com|DailyCatchEntry_New.php
3 Oct 2020 12:48:04|20|shiji@forstarfoods.com|DailyCatchEntry_New.php
3 Oct 2020 12:48:05|20|shiji@forstarfoods.com|DailyCatchEntry_New.php
3 Oct 2020 12:48:06|20|shiji@forstarfoods.com|DailyCatchEntry_New.php
3 Oct 2020 12:48:07|20|shiji@forstarfoods.com|DailyCatchEntry_New.php
3 Oct 2020 12:48:09|20|shiji@forstarfoods.com|DailyCatchEntry_New.php
3 Oct 2020 12:48:10|20|shiji@forstarfoods.com|DailyCatchEntry_New.php
3 Oct 2020 12:48:11|20|shiji@forstarfoods.com|DailyCatchEntry_New.php
3 Oct 2020 12:48:12|20|shiji@forstarfoods.com|DailyCatchEntry_New.php
3 Oct 2020 12:48:14|20|shiji@forstarfoods.com|DailyCatchEntry_New.php
3 Oct 2020 12:48:56|20|shiji@forstarfoods.com|DailyCatchEntry_New.php
3 Oct 2020 12:48:59|20|shiji@forstarfoods.com|DailyCatchEntry_New.php
3 Oct 2020 12:49:01|20|shiji@forstarfoods.com|CatchEntryDeclaredItem.php
3 Oct 2020 12:49:04|20|shiji@forstarfoods.com|DailyCatchEntry_New.php
3 Oct 2020 12:49:06|20|shiji@forstarfoods.com|DailyCatchEntry_New.php
3 Oct 2020 12:49:08|20|shiji@forstarfoods.com|DailyCatchEntry_New.php
3 Oct 2020 12:49:09|20|shiji@forstarfoods.com|DailyCatchEntry_New.php
3 Oct 2020 12:49:11|20|shiji@forstarfoods.com|DailyCatchEntry_New.php
3 Oct 2020 12:49:12|20|shiji@forstarfoods.com|DailyCatchEntry_New.php
3 Oct 2020 12:49:13|20|shiji@forstarfoods.com|DailyCatchEntry_New.php
3 Oct 2020 12:49:14|20|shiji@forstarfoods.com|DailyCatchEntry_New.php
3 Oct 2020 12:49:15|20|shiji@forstarfoods.com|DailyCatchEntry_New.php
3 Oct 2020 12:49:17|20|shiji@forstarfoods.com|DailyCatchEntry_New.php
3 Oct 2020 12:49:18|20|shiji@forstarfoods.com|DailyCatchEntry_New.php
3 Oct 2020 12:49:19|20|shiji@forstarfoods.com|DailyCatchEntry_New.php
3 Oct 2020 12:49:20|20|shiji@forstarfoods.com|DailyCatchEntry_New.php
3 Oct 2020 12:49:22|20|shiji@forstarfoods.com|DailyCatchEntry_New.php
3 Oct 2020 12:49:23|20|shiji@forstarfoods.com|DailyCatchEntry_New.php
3 Oct 2020 12:49:24|20|shiji@forstarfoods.com|DailyCatchEntry_New.php
3 Oct 2020 12:49:25|20|shiji@forstarfoods.com|DailyCatchEntry_New.php
3 Oct 2020 12:49:27|20|shiji@forstarfoods.com|DailyCatchEntry_New.php
3 Oct 2020 12:49:28|20|shiji@forstarfoods.com|DailyCatchEntry_New.php
3 Oct 2020 12:49:29|20|shiji@forstarfoods.com|DailyCatchEntry_New.php
3 Oct 2020 12:49:30|20|shiji@forstarfoods.com|DailyCatchEntry_New.php
3 Oct 2020 12:49:31|20|shiji@forstarfoods.com|DailyCatchEntry_New.php
3 Oct 2020 12:49:33|20|shiji@forstarfoods.com|DailyCatchEntry_New.php
3 Oct 2020 12:49:34|20|shiji@forstarfoods.com|DailyCatchEntry_New.php
3 Oct 2020 12:49:35|20|shiji@forstarfoods.com|DailyCatchEntry_New.php
3 Oct 2020 12:49:38|20|shiji@forstarfoods.com|DailyCatchEntry_New.php
3 Oct 2020 12:49:39|20|shiji@forstarfoods.com|DailyCatchEntry_New.php
3 Oct 2020 12:50:27|20|shiji@forstarfoods.com|DailyCatchEntry_New.php
3 Oct 2020 12:50:29|20|shiji@forstarfoods.com|DailyCatchEntry_New.php
3 Oct 2020 12:50:31|20|shiji@forstarfoods.com|CatchEntryDeclaredItem.php
3 Oct 2020 12:50:37|20|shiji@forstarfoods.com|DailyCatchEntry_New.php
3 Oct 2020 12:50:40|20|shiji@forstarfoods.com|DailyCatchEntry_New.php
3 Oct 2020 12:50:43|20|shiji@forstarfoods.com|DailyCatchEntry_New.php
3 Oct 2020 12:50:44|20|shiji@forstarfoods.com|DailyCatchEntry_New.php
3 Oct 2020 12:50:46|20|shiji@forstarfoods.com|DailyCatchEntry_New.php
3 Oct 2020 12:50:47|20|shiji@forstarfoods.com|DailyCatchEntry_New.php
3 Oct 2020 12:50:48|20|shiji@forstarfoods.com|DailyCatchEntry_New.php
3 Oct 2020 12:50:49|20|shiji@forstarfoods.com|DailyCatchEntry_New.php
3 Oct 2020 12:50:50|20|shiji@forstarfoods.com|DailyCatchEntry_New.php
3 Oct 2020 12:50:52|20|shiji@forstarfoods.com|DailyCatchEntry_New.php
3 Oct 2020 12:50:53|20|shiji@forstarfoods.com|DailyCatchEntry_New.php
3 Oct 2020 12:50:54|20|shiji@forstarfoods.com|DailyCatchEntry_New.php
3 Oct 2020 12:50:55|20|shiji@forstarfoods.com|DailyCatchEntry_New.php
3 Oct 2020 12:50:57|20|shiji@forstarfoods.com|DailyCatchEntry_New.php
3 Oct 2020 12:50:58|20|shiji@forstarfoods.com|DailyCatchEntry_New.php
3 Oct 2020 12:50:59|20|shiji@forstarfoods.com|DailyCatchEntry_New.php
3 Oct 2020 12:51:00|20|shiji@forstarfoods.com|DailyCatchEntry_New.php
3 Oct 2020 12:51:02|20|shiji@forstarfoods.com|DailyCatchEntry_New.php
3 Oct 2020 12:51:03|20|shiji@forstarfoods.com|DailyCatchEntry_New.php
3 Oct 2020 12:51:04|20|shiji@forstarfoods.com|DailyCatchEntry_New.php
3 Oct 2020 12:51:05|20|shiji@forstarfoods.com|DailyCatchEntry_New.php
3 Oct 2020 12:51:07|20|shiji@forstarfoods.com|DailyCatchEntry_New.php
3 Oct 2020 12:51:08|20|shiji@forstarfoods.com|DailyCatchEntry_New.php
3 Oct 2020 12:51:09|20|shiji@forstarfoods.com|DailyCatchEntry_New.php
3 Oct 2020 12:51:10|20|shiji@forstarfoods.com|DailyCatchEntry_New.php
3 Oct 2020 12:51:12|20|shiji@forstarfoods.com|DailyCatchEntry_New.php
3 Oct 2020 12:51:13|20|shiji@forstarfoods.com|DailyCatchEntry_New.php
3 Oct 2020 12:51:14|20|shiji@forstarfoods.com|DailyCatchEntry_New.php
3 Oct 2020 12:51:15|20|shiji@forstarfoods.com|DailyCatchEntry_New.php
3 Oct 2020 12:51:16|20|shiji@forstarfoods.com|DailyCatchEntry_New.php
3 Oct 2020 12:51:21|20|shiji@forstarfoods.com|DailyCatchEntry_New.php
3 Oct 2020 12:51:24|20|shiji@forstarfoods.com|DailyCatchEntry_New.php
3 Oct 2020 12:51:25|20|shiji@forstarfoods.com|CatchEntryDeclaredItem.php
3 Oct 2020 12:51:30|20|shiji@forstarfoods.com|DailyCatchEntry_New.php
3 Oct 2020 12:51:32|20|shiji@forstarfoods.com|DailyCatchEntry_New.php
3 Oct 2020 12:51:33|20|shiji@forstarfoods.com|DailyCatchEntry_New.php
3 Oct 2020 12:51:40|20|shiji@forstarfoods.com|DailyCatchEntry_New.php
3 Oct 2020 12:51:44|20|shiji@forstarfoods.com|DailyCatchEntry_New.php
3 Oct 2020 12:51:46|20|shiji@forstarfoods.com|CatchEntryDeclaredItem.php
3 Oct 2020 12:52:00|20|shiji@forstarfoods.com|DailyCatchEntry_New.php
3 Oct 2020 12:52:03|20|shiji@forstarfoods.com|DailyCatchEntry_New.php
3 Oct 2020 12:52:05|20|shiji@forstarfoods.com|DailyCatchEntry_New.php
3 Oct 2020 12:52:07|20|shiji@forstarfoods.com|DailyCatchEntry_New.php
3 Oct 2020 12:52:08|20|shiji@forstarfoods.com|DailyCatchEntry_New.php
3 Oct 2020 12:52:10|20|shiji@forstarfoods.com|DailyCatchEntry_New.php
3 Oct 2020 12:52:11|20|shiji@forstarfoods.com|DailyCatchEntry_New.php
3 Oct 2020 12:52:12|20|shiji@forstarfoods.com|DailyCatchEntry_New.php
3 Oct 2020 12:52:13|20|shiji@forstarfoods.com|DailyCatchEntry_New.php
3 Oct 2020 12:52:15|20|shiji@forstarfoods.com|DailyCatchEntry_New.php
3 Oct 2020 12:52:16|20|shiji@forstarfoods.com|DailyCatchEntry_New.php