
6 Jun 2020 11:15:40|30|pritirm@forstarfoods.com|DailyCatchEntry_New.php
6 Jun 2020 11:15:41|30|pritirm@forstarfoods.com|CatchEntryDeclaredItem.php
6 Jun 2020 11:15:42|30|pritirm@forstarfoods.com|DailyCatchEntry_New.php
6 Jun 2020 11:15:44|30|pritirm@forstarfoods.com|DailyCatchEntry_New.php
6 Jun 2020 11:15:45|30|pritirm@forstarfoods.com|DailyCatchEntry_New.php
6 Jun 2020 11:15:47|30|pritirm@forstarfoods.com|DailyCatchEntry_New.php
6 Jun 2020 11:15:48|30|pritirm@forstarfoods.com|DailyCatchEntry_New.php
6 Jun 2020 11:15:49|30|pritirm@forstarfoods.com|DailyCatchEntry_New.php
6 Jun 2020 11:15:50|30|pritirm@forstarfoods.com|DailyCatchEntry_New.php
6 Jun 2020 11:15:52|30|pritirm@forstarfoods.com|DailyCatchEntry_New.php
6 Jun 2020 11:15:53|30|pritirm@forstarfoods.com|DailyCatchEntry_New.php
6 Jun 2020 11:15:59|30|pritirm@forstarfoods.com|DailyCatchEntry_New.php
6 Jun 2020 11:16:04|30|pritirm@forstarfoods.com|DailyCatchEntry_New.php
6 Jun 2020 11:16:05|30|pritirm@forstarfoods.com|CatchEntryDeclaredItem.php
6 Jun 2020 11:16:15|30|pritirm@forstarfoods.com|DailyCatchEntry_New.php
6 Jun 2020 11:16:17|30|pritirm@forstarfoods.com|DailyCatchEntry_New.php
6 Jun 2020 11:16:18|30|pritirm@forstarfoods.com|DailyCatchEntry_New.php
6 Jun 2020 11:16:37|30|pritirm@forstarfoods.com|DailyCatchEntry_New.php
6 Jun 2020 11:16:39|30|pritirm@forstarfoods.com|DailyCatchEntry_New.php
6 Jun 2020 11:16:44|30|pritirm@forstarfoods.com|DailyCatchEntry_New.php
6 Jun 2020 11:16:46|30|pritirm@forstarfoods.com|DailyCatchEntry_New.php
6 Jun 2020 11:16:47|30|pritirm@forstarfoods.com|DailyCatchEntry_New.php
6 Jun 2020 11:16:48|30|pritirm@forstarfoods.com|DailyCatchEntry_New.php
6 Jun 2020 11:16:49|30|pritirm@forstarfoods.com|DailyCatchEntry_New.php
6 Jun 2020 11:16:51|30|pritirm@forstarfoods.com|DailyCatchEntry_New.php
6 Jun 2020 11:16:52|30|pritirm@forstarfoods.com|DailyCatchEntry_New.php
6 Jun 2020 11:16:55|30|pritirm@forstarfoods.com|DailyCatchEntry_New.php
6 Jun 2020 11:16:56|30|pritirm@forstarfoods.com|CatchEntryDeclaredItem.php
6 Jun 2020 11:17:27|30|pritirm@forstarfoods.com|DailyCatchEntry_New.php
6 Jun 2020 11:17:30|30|pritirm@forstarfoods.com|DailyCatchEntry_New.php
6 Jun 2020 11:17:33|30|pritirm@forstarfoods.com|DailyCatchEntry_New.php
6 Jun 2020 11:17:34|30|pritirm@forstarfoods.com|DailyCatchEntry_New.php
6 Jun 2020 11:17:36|30|pritirm@forstarfoods.com|DailyCatchEntry_New.php
6 Jun 2020 11:17:37|30|pritirm@forstarfoods.com|DailyCatchEntry_New.php
6 Jun 2020 11:17:38|30|pritirm@forstarfoods.com|DailyCatchEntry_New.php
6 Jun 2020 11:17:39|30|pritirm@forstarfoods.com|DailyCatchEntry_New.php
6 Jun 2020 11:17:41|30|pritirm@forstarfoods.com|DailyCatchEntry_New.php
6 Jun 2020 11:17:43|30|pritirm@forstarfoods.com|DailyCatchEntry_New.php
6 Jun 2020 11:17:44|30|pritirm@forstarfoods.com|CatchEntryDeclaredItem.php
6 Jun 2020 11:17:47|30|pritirm@forstarfoods.com|DailyCatchEntry_New.php
6 Jun 2020 11:17:49|30|pritirm@forstarfoods.com|DailyCatchEntry_New.php
6 Jun 2020 11:17:52|30|pritirm@forstarfoods.com|DailyCatchEntry_New.php
6 Jun 2020 11:17:54|30|pritirm@forstarfoods.com|DailyCatchEntry_New.php
6 Jun 2020 11:17:55|30|pritirm@forstarfoods.com|DailyCatchEntry_New.php
6 Jun 2020 11:17:56|30|pritirm@forstarfoods.com|DailyCatchEntry_New.php
6 Jun 2020 11:17:57|30|pritirm@forstarfoods.com|DailyCatchEntry_New.php
6 Jun 2020 11:17:59|30|pritirm@forstarfoods.com|DailyCatchEntry_New.php
6 Jun 2020 11:18:06|30|pritirm@forstarfoods.com|DailyCatchEntry_New.php
6 Jun 2020 11:18:10|30|pritirm@forstarfoods.com|DailyCatchEntry_New.php
6 Jun 2020 11:18:11|30|pritirm@forstarfoods.com|CatchEntryDeclaredItem.php
6 Jun 2020 11:18:17|30|pritirm@forstarfoods.com|DailyCatchEntry_New.php
6 Jun 2020 11:18:19|30|pritirm@forstarfoods.com|DailyCatchEntry_New.php
6 Jun 2020 11:18:21|30|pritirm@forstarfoods.com|DailyCatchEntry_New.php
6 Jun 2020 11:18:22|30|pritirm@forstarfoods.com|DailyCatchEntry_New.php
6 Jun 2020 11:18:24|30|pritirm@forstarfoods.com|DailyCatchEntry_New.php
6 Jun 2020 11:18:25|30|pritirm@forstarfoods.com|DailyCatchEntry_New.php
6 Jun 2020 11:18:26|30|pritirm@forstarfoods.com|DailyCatchEntry_New.php
6 Jun 2020 11:18:27|30|pritirm@forstarfoods.com|DailyCatchEntry_New.php
6 Jun 2020 11:18:29|30|pritirm@forstarfoods.com|DailyCatchEntry_New.php
6 Jun 2020 11:18:31|30|pritirm@forstarfoods.com|DailyCatchEntry_New.php
6 Jun 2020 11:18:32|30|pritirm@forstarfoods.com|CatchEntryDeclaredItem.php
6 Jun 2020 11:18:35|30|pritirm@forstarfoods.com|DailyCatchEntry_New.php
6 Jun 2020 11:18:37|30|pritirm@forstarfoods.com|DailyCatchEntry_New.php
6 Jun 2020 11:18:40|30|pritirm@forstarfoods.com|DailyCatchEntry_New.php
6 Jun 2020 11:18:41|30|pritirm@forstarfoods.com|DailyCatchEntry_New.php
6 Jun 2020 11:18:42|30|pritirm@forstarfoods.com|DailyCatchEntry_New.php
6 Jun 2020 11:18:44|30|pritirm@forstarfoods.com|DailyCatchEntry_New.php
6 Jun 2020 11:18:45|30|pritirm@forstarfoods.com|DailyCatchEntry_New.php
6 Jun 2020 11:18:46|30|pritirm@forstarfoods.com|DailyCatchEntry_New.php
6 Jun 2020 11:18:48|30|pritirm@forstarfoods.com|DailyCatchEntry_New.php
6 Jun 2020 11:18:52|30|pritirm@forstarfoods.com|DailyCatchEntry_New.php
6 Jun 2020 11:18:53|30|pritirm@forstarfoods.com|CatchEntryDeclaredItem.php
6 Jun 2020 11:18:57|30|pritirm@forstarfoods.com|DailyCatchEntry_New.php
6 Jun 2020 11:18:59|30|pritirm@forstarfoods.com|DailyCatchEntry_New.php
6 Jun 2020 11:19:01|30|pritirm@forstarfoods.com|DailyCatchEntry_New.php
6 Jun 2020 11:19:03|30|pritirm@forstarfoods.com|DailyCatchEntry_New.php
6 Jun 2020 11:19:04|30|pritirm@forstarfoods.com|DailyCatchEntry_New.php
6 Jun 2020 11:19:05|30|pritirm@forstarfoods.com|DailyCatchEntry_New.php
6 Jun 2020 11:19:06|30|pritirm@forstarfoods.com|DailyCatchEntry_New.php
6 Jun 2020 11:19:08|30|pritirm@forstarfoods.com|DailyCatchEntry_New.php
6 Jun 2020 11:19:15|30|pritirm@forstarfoods.com|DailyCatchEntry_New.php
6 Jun 2020 11:19:17|30|pritirm@forstarfoods.com|DailyCatchEntry_New.php
6 Jun 2020 11:19:19|30|pritirm@forstarfoods.com|CatchEntryDeclaredItem.php
6 Jun 2020 11:19:23|30|pritirm@forstarfoods.com|DailyCatchEntry_New.php
6 Jun 2020 11:19:25|30|pritirm@forstarfoods.com|DailyCatchEntry_New.php
6 Jun 2020 11:19:29|30|pritirm@forstarfoods.com|DailyCatchEntry_New.php
6 Jun 2020 11:19:30|30|pritirm@forstarfoods.com|DailyCatchEntry_New.php
6 Jun 2020 11:19:32|30|pritirm@forstarfoods.com|DailyCatchEntry_New.php
6 Jun 2020 11:19:33|30|pritirm@forstarfoods.com|DailyCatchEntry_New.php
6 Jun 2020 11:19:34|30|pritirm@forstarfoods.com|DailyCatchEntry_New.php
6 Jun 2020 11:19:35|30|pritirm@forstarfoods.com|DailyCatchEntry_New.php
6 Jun 2020 11:19:38|30|pritirm@forstarfoods.com|DailyCatchEntry_New.php
6 Jun 2020 11:19:42|30|pritirm@forstarfoods.com|DailyCatchEntry_New.php
6 Jun 2020 11:19:44|30|pritirm@forstarfoods.com|CatchEntryDeclaredItem.php
6 Jun 2020 11:19:47|30|pritirm@forstarfoods.com|DailyCatchEntry_New.php
6 Jun 2020 11:19:50|30|pritirm@forstarfoods.com|DailyCatchEntry_New.php
6 Jun 2020 11:19:52|30|pritirm@forstarfoods.com|DailyCatchEntry_New.php
6 Jun 2020 11:19:54|30|pritirm@forstarfoods.com|DailyCatchEntry_New.php
6 Jun 2020 11:19:55|30|pritirm@forstarfoods.com|DailyCatchEntry_New.php
6 Jun 2020 11:19:56|30|pritirm@forstarfoods.com|DailyCatchEntry_New.php
6 Jun 2020 11:19:57|30|pritirm@forstarfoods.com|DailyCatchEntry_New.php
6 Jun 2020 11:19:59|30|pritirm@forstarfoods.com|DailyCatchEntry_New.php
6 Jun 2020 11:20:07|30|pritirm@forstarfoods.com|DailyCatchEntry_New.php
6 Jun 2020 11:20:09|30|pritirm@forstarfoods.com|DailyCatchEntry_New.php
6 Jun 2020 11:20:10|30|pritirm@forstarfoods.com|CatchEntryDeclaredItem.php
6 Jun 2020 11:20:13|30|pritirm@forstarfoods.com|DailyCatchReport.php
6 Jun 2020 11:20:23|30|pritirm@forstarfoods.com|DailyCatchReport.php
6 Jun 2020 11:20:25|30|pritirm@forstarfoods.com|DailyCatchReport.php
6 Jun 2020 11:20:27|30|pritirm@forstarfoods.com|DailyCatchReport.php
6 Jun 2020 11:20:29|30|pritirm@forstarfoods.com|DailyCatchReport.php
6 Jun 2020 11:20:30|30|pritirm@forstarfoods.com|DailyCatchReport.php
6 Jun 2020 11:20:37|30|pritirm@forstarfoods.com|PrintDailyCatchReportMemo.php
6 Jun 2020 11:21:30|30|pritirm@forstarfoods.com|DailyCatchEntry_New.php
6 Jun 2020 11:21:35|30|pritirm@forstarfoods.com|DailyCatchEntry_New.php
6 Jun 2020 11:21:37|30|pritirm@forstarfoods.com|DailyCatchEntry_New.php
6 Jun 2020 11:21:38|30|pritirm@forstarfoods.com|DailyCatchEntry_New.php
6 Jun 2020 11:21:41|30|pritirm@forstarfoods.com|DailyCatchEntry_New.php
6 Jun 2020 11:21:42|30|pritirm@forstarfoods.com|DailyCatchEntry_New.php
6 Jun 2020 11:21:43|30|pritirm@forstarfoods.com|DailyCatchEntry_New.php
6 Jun 2020 11:21:47|30|pritirm@forstarfoods.com|DailyCatchEntry_New.php
6 Jun 2020 11:21:50|30|pritirm@forstarfoods.com|DailyCatchEntry_New.php
6 Jun 2020 11:21:51|30|pritirm@forstarfoods.com|DailyCatchEntry_New.php
6 Jun 2020 11:21:52|30|pritirm@forstarfoods.com|CatchEntryDeclaredItem.php
6 Jun 2020 11:21:53|30|pritirm@forstarfoods.com|DailyCatchEntry_New.php
6 Jun 2020 11:21:55|30|pritirm@forstarfoods.com|CatchEntryDeclaredItem.php
6 Jun 2020 11:22:00|30|pritirm@forstarfoods.com|DailyCatchEntry_New.php
6 Jun 2020 11:22:02|30|pritirm@forstarfoods.com|DailyCatchEntry_New.php
6 Jun 2020 11:22:05|30|pritirm@forstarfoods.com|DailyCatchEntry_New.php
6 Jun 2020 11:22:13|30|pritirm@forstarfoods.com|DailyCatchReport.php
6 Jun 2020 11:22:20|30|pritirm@forstarfoods.com|DailyCatchReport.php
6 Jun 2020 11:22:22|30|pritirm@forstarfoods.com|DailyCatchReport.php
6 Jun 2020 11:22:24|30|pritirm@forstarfoods.com|DailyCatchReport.php
6 Jun 2020 11:22:26|20|shiji@forstarfoods.com|DailyCatchEntry_New.php
6 Jun 2020 11:22:26|30|pritirm@forstarfoods.com|DailyCatchReport.php
6 Jun 2020 11:22:27|30|pritirm@forstarfoods.com|DailyCatchReport.php
6 Jun 2020 11:22:29|20|shiji@forstarfoods.com|DailyCatchEntry_New.php
6 Jun 2020 11:22:31|30|pritirm@forstarfoods.com|PrintDailyCatchReportMemo.php
6 Jun 2020 11:22:31|20|shiji@forstarfoods.com|DailyCatchEntry_New.php
6 Jun 2020 11:22:32|20|shiji@forstarfoods.com|DailyCatchEntry_New.php
6 Jun 2020 11:22:34|20|shiji@forstarfoods.com|DailyCatchEntry_New.php
6 Jun 2020 11:22:35|20|shiji@forstarfoods.com|CatchEntryDeclaredItem.php
6 Jun 2020 11:22:36|20|shiji@forstarfoods.com|DailyCatchEntry_New.php
6 Jun 2020 11:22:45|20|shiji@forstarfoods.com|DailyCatchEntry_New.php
6 Jun 2020 11:22:46|20|shiji@forstarfoods.com|DailyCatchEntry_New.php
6 Jun 2020 11:22:47|20|shiji@forstarfoods.com|DailyCatchEntry_New.php
6 Jun 2020 11:23:00|30|pritirm@forstarfoods.com|DailyCatchReport.php
6 Jun 2020 11:23:02|30|pritirm@forstarfoods.com|DailyCatchReport.php
6 Jun 2020 11:23:03|30|pritirm@forstarfoods.com|DailyCatchReport.php
6 Jun 2020 11:23:07|30|pritirm@forstarfoods.com|DailyCatchReport.php
6 Jun 2020 11:23:08|30|pritirm@forstarfoods.com|DailyCatchReport.php
6 Jun 2020 11:23:10|30|pritirm@forstarfoods.com|DailyCatchReport.php
6 Jun 2020 11:23:11|30|pritirm@forstarfoods.com|DailyCatchReport.php
6 Jun 2020 11:23:14|30|pritirm@forstarfoods.com|DailyCatchReport.php
6 Jun 2020 11:23:16|30|pritirm@forstarfoods.com|DailyCatchReport.php
6 Jun 2020 11:23:18|30|pritirm@forstarfoods.com|DailyCatchReport.php
6 Jun 2020 11:23:19|30|pritirm@forstarfoods.com|DailyCatchReport.php
6 Jun 2020 11:24:39|20|shiji@forstarfoods.com|DailyCatchEntry_New.php
6 Jun 2020 11:24:45|20|shiji@forstarfoods.com|DailyCatchEntry_New.php
6 Jun 2020 11:24:47|20|shiji@forstarfoods.com|CatchEntryDeclaredItem.php
6 Jun 2020 11:25:11|20|shiji@forstarfoods.com|DailyCatchEntry_New.php
6 Jun 2020 11:25:12|20|shiji@forstarfoods.com|DailyCatchEntry_New.php
6 Jun 2020 11:25:14|20|shiji@forstarfoods.com|DailyCatchEntry_New.php
6 Jun 2020 11:25:15|20|shiji@forstarfoods.com|DailyCatchEntry_New.php
6 Jun 2020 11:25:16|20|shiji@forstarfoods.com|DailyCatchEntry_New.php
6 Jun 2020 11:25:17|20|shiji@forstarfoods.com|DailyCatchEntry_New.php
6 Jun 2020 11:25:20|24|shashikala@forstarfoods.com|Home.php
6 Jun 2020 11:25:24|24|shashikala@forstarfoods.com|Home.php
6 Jun 2020 11:25:26|20|shiji@forstarfoods.com|DailyCatchEntry_New.php
6 Jun 2020 11:25:27|20|shiji@forstarfoods.com|DailyCatchEntry_New.php
6 Jun 2020 11:25:30|20|shiji@forstarfoods.com|DailyCatchEntry_New.php
6 Jun 2020 11:25:31|30|pritirm@forstarfoods.com|PrintDailyCatchReportMemo.php
6 Jun 2020 11:25:35|20|shiji@forstarfoods.com|DailyCatchEntry_New.php
6 Jun 2020 11:25:36|20|shiji@forstarfoods.com|DailyCatchEntry_New.php
6 Jun 2020 11:25:37|20|shiji@forstarfoods.com|DailyCatchEntry_New.php
6 Jun 2020 11:25:38|20|shiji@forstarfoods.com|DailyCatchEntry_New.php
6 Jun 2020 11:25:40|20|shiji@forstarfoods.com|DailyCatchEntry_New.php
6 Jun 2020 11:25:41|20|shiji@forstarfoods.com|DailyCatchEntry_New.php
6 Jun 2020 11:25:42|30|pritirm@forstarfoods.com|PrintDailyCatchReportMemo.php
6 Jun 2020 11:25:50|30|pritirm@forstarfoods.com|DailyCatchReport.php
6 Jun 2020 11:25:51|30|pritirm@forstarfoods.com|DailyCatchReport.php
6 Jun 2020 11:25:52|30|pritirm@forstarfoods.com|DailyCatchReport.php
6 Jun 2020 11:25:56|20|shiji@forstarfoods.com|DailyCatchEntry_New.php
6 Jun 2020 11:25:58|20|shiji@forstarfoods.com|DailyCatchEntry_New.php
6 Jun 2020 11:25:59|20|shiji@forstarfoods.com|CatchEntryDeclaredItem.php
6 Jun 2020 11:26:04|30|pritirm@forstarfoods.com|DailyCatchReport.php
6 Jun 2020 11:26:07|30|pritirm@forstarfoods.com|DailyCatchReport.php
6 Jun 2020 11:26:07|20|shiji@forstarfoods.com|DailyCatchEntry_New.php
6 Jun 2020 11:26:08|30|pritirm@forstarfoods.com|DailyCatchReport.php
6 Jun 2020 11:26:10|20|shiji@forstarfoods.com|DailyCatchEntry_New.php
6 Jun 2020 11:26:10|30|pritirm@forstarfoods.com|DailyCatchReport.php
6 Jun 2020 11:26:11|30|pritirm@forstarfoods.com|DailyCatchReport.php
6 Jun 2020 11:26:12|20|shiji@forstarfoods.com|DailyCatchEntry_New.php
6 Jun 2020 11:26:13|20|shiji@forstarfoods.com|DailyCatchEntry_New.php
6 Jun 2020 11:26:14|20|shiji@forstarfoods.com|DailyCatchEntry_New.php
6 Jun 2020 11:26:15|20|shiji@forstarfoods.com|DailyCatchEntry_New.php
6 Jun 2020 11:26:16|20|shiji@forstarfoods.com|DailyCatchEntry_New.php
6 Jun 2020 11:26:18|20|shiji@forstarfoods.com|DailyCatchEntry_New.php
6 Jun 2020 11:26:19|20|shiji@forstarfoods.com|DailyCatchEntry_New.php
6 Jun 2020 11:26:21|30|pritirm@forstarfoods.com|DailyCatchReport.php
6 Jun 2020 11:26:21|20|shiji@forstarfoods.com|DailyCatchEntry_New.php
6 Jun 2020 11:26:22|30|pritirm@forstarfoods.com|DailyCatchReport.php
6 Jun 2020 11:26:22|20|shiji@forstarfoods.com|CatchEntryDeclaredItem.php
6 Jun 2020 11:26:24|30|pritirm@forstarfoods.com|DailyCatchReport.php
6 Jun 2020 11:26:25|30|pritirm@forstarfoods.com|PrintDailyCatchReportMemo.php
6 Jun 2020 11:26:30|20|shiji@forstarfoods.com|DailyCatchEntry_New.php
6 Jun 2020 11:26:32|20|shiji@forstarfoods.com|DailyCatchEntry_New.php
6 Jun 2020 11:26:34|20|shiji@forstarfoods.com|DailyCatchEntry_New.php
6 Jun 2020 11:26:35|20|shiji@forstarfoods.com|DailyCatchEntry_New.php
6 Jun 2020 11:26:36|30|pritirm@forstarfoods.com|DailyCatchReport.php
6 Jun 2020 11:26:36|20|shiji@forstarfoods.com|DailyCatchEntry_New.php
6 Jun 2020 11:26:37|20|shiji@forstarfoods.com|DailyCatchEntry_New.php
6 Jun 2020 11:26:38|30|pritirm@forstarfoods.com|DailyCatchReport.php
6 Jun 2020 11:26:39|30|pritirm@forstarfoods.com|DailyCatchReport.php
6 Jun 2020 11:26:51|30|pritirm@forstarfoods.com|DailyCatchReport.php
6 Jun 2020 11:26:52|30|pritirm@forstarfoods.com|DailyCatchReport.php
6 Jun 2020 11:26:54|30|pritirm@forstarfoods.com|DailyCatchReport.php
6 Jun 2020 11:26:55|30|pritirm@forstarfoods.com|DailyCatchReport.php
6 Jun 2020 11:27:14|30|pritirm@forstarfoods.com|DailyCatchReport.php
6 Jun 2020 11:27:15|30|pritirm@forstarfoods.com|DailyCatchReport.php
6 Jun 2020 11:27:17|30|pritirm@forstarfoods.com|DailyCatchReport.php
6 Jun 2020 11:27:19|30|pritirm@forstarfoods.com|PrintDailyCatchReportMemo.php
6 Jun 2020 11:27:23|20|shiji@forstarfoods.com|DailyCatchEntry_New.php
6 Jun 2020 11:27:25|20|shiji@forstarfoods.com|DailyCatchEntry_New.php
6 Jun 2020 11:27:26|20|shiji@forstarfoods.com|DailyCatchEntry_New.php
6 Jun 2020 11:27:28|20|shiji@forstarfoods.com|DailyCatchEntry_New.php
6 Jun 2020 11:27:28|24|shashikala@forstarfoods.com|DailyRMCB.php
6 Jun 2020 11:27:29|20|shiji@forstarfoods.com|CatchEntryDeclaredItem.php
6 Jun 2020 11:27:31|20|shiji@forstarfoods.com|DailyCatchEntry_New.php
6 Jun 2020 11:27:33|30|pritirm@forstarfoods.com|DailyCatchReport.php
6 Jun 2020 11:27:35|30|pritirm@forstarfoods.com|DailyCatchReport.php
6 Jun 2020 11:27:36|24|shashikala@forstarfoods.com|DailyRMCB.php
6 Jun 2020 11:27:36|30|pritirm@forstarfoods.com|DailyCatchReport.php
6 Jun 2020 11:27:40|24|shashikala@forstarfoods.com|DailyRMCB.php
6 Jun 2020 11:27:42|30|pritirm@forstarfoods.com|DailyCatchReport.php
6 Jun 2020 11:27:42|20|shiji@forstarfoods.com|DailyCatchEntry_New.php
6 Jun 2020 11:27:43|30|pritirm@forstarfoods.com|DailyCatchReport.php
6 Jun 2020 11:27:44|20|shiji@forstarfoods.com|DailyCatchEntry_New.php
6 Jun 2020 11:27:45|20|shiji@forstarfoods.com|DailyCatchEntry_New.php
6 Jun 2020 11:27:45|30|pritirm@forstarfoods.com|DailyCatchReport.php
6 Jun 2020 11:27:46|30|pritirm@forstarfoods.com|DailyCatchReport.php
6 Jun 2020 11:27:48|30|pritirm@forstarfoods.com|DailyCatchReport.php
6 Jun 2020 11:27:49|20|shiji@forstarfoods.com|DailyCatchEntry_New.php
6 Jun 2020 11:27:50|30|pritirm@forstarfoods.com|DailyCatchReport.php
6 Jun 2020 11:27:50|24|shashikala@forstarfoods.com|DailyRMCB.php
6 Jun 2020 11:27:51|30|pritirm@forstarfoods.com|DailyCatchReport.php
6 Jun 2020 11:27:53|30|pritirm@forstarfoods.com|PrintDailyCatchReportMemo.php
6 Jun 2020 11:27:56|20|shiji@forstarfoods.com|DailyCatchEntry_New.php
6 Jun 2020 11:27:57|20|shiji@forstarfoods.com|CatchEntryDeclaredItem.php
6 Jun 2020 11:28:15|20|shiji@forstarfoods.com|DailyCatchEntry_New.php
6 Jun 2020 11:28:16|20|shiji@forstarfoods.com|DailyCatchEntry_New.php
6 Jun 2020 11:28:17|20|shiji@forstarfoods.com|DailyCatchEntry_New.php
6 Jun 2020 11:28:18|20|shiji@forstarfoods.com|DailyCatchEntry_New.php
6 Jun 2020 11:28:20|20|shiji@forstarfoods.com|DailyCatchEntry_New.php
6 Jun 2020 11:28:21|20|shiji@forstarfoods.com|DailyCatchEntry_New.php
6 Jun 2020 11:28:26|20|shiji@forstarfoods.com|DailyCatchEntry_New.php
6 Jun 2020 11:28:28|20|shiji@forstarfoods.com|DailyCatchEntry_New.php
6 Jun 2020 11:28:29|24|shashikala@forstarfoods.com|DailyRMCB.php
6 Jun 2020 11:28:30|20|shiji@forstarfoods.com|DailyCatchEntry_New.php
6 Jun 2020 11:28:34|24|shashikala@forstarfoods.com|DailyRMCB.php
6 Jun 2020 11:28:34|20|shiji@forstarfoods.com|DailyCatchEntry_New.php
6 Jun 2020 11:28:35|20|shiji@forstarfoods.com|DailyCatchEntry_New.php
6 Jun 2020 11:28:37|20|shiji@forstarfoods.com|DailyCatchEntry_New.php
6 Jun 2020 11:28:37|24|shashikala@forstarfoods.com|DailyRMCB.php
6 Jun 2020 11:28:38|20|shiji@forstarfoods.com|DailyCatchEntry_New.php
6 Jun 2020 11:28:39|30|pritirm@forstarfoods.com|DailyCatchReport.php
6 Jun 2020 11:28:39|20|shiji@forstarfoods.com|DailyCatchEntry_New.php
6 Jun 2020 11:28:40|20|shiji@forstarfoods.com|DailyCatchEntry_New.php
6 Jun 2020 11:28:41|30|pritirm@forstarfoods.com|DailyCatchReport.php
6 Jun 2020 11:28:42|24|shashikala@forstarfoods.com|DailyRMCB.php
6 Jun 2020 11:28:42|30|pritirm@forstarfoods.com|DailyCatchReport.php
6 Jun 2020 11:28:45|24|shashikala@forstarfoods.com|DailyRMCB.php
6 Jun 2020 11:28:46|20|shiji@forstarfoods.com|DailyCatchEntry_New.php
6 Jun 2020 11:28:47|30|pritirm@forstarfoods.com|SupplierAccount.php
6 Jun 2020 11:28:49|20|shiji@forstarfoods.com|DailyCatchEntry_New.php
6 Jun 2020 11:28:50|20|shiji@forstarfoods.com|CatchEntryDeclaredItem.php
6 Jun 2020 11:28:55|30|pritirm@forstarfoods.com|SupplierAccount.php
6 Jun 2020 11:28:59|30|pritirm@forstarfoods.com|SupplierAccount.php
6 Jun 2020 11:29:00|20|shiji@forstarfoods.com|DailyCatchEntry_New.php
6 Jun 2020 11:29:02|30|pritirm@forstarfoods.com|SupplierAccount.php
6 Jun 2020 11:29:04|20|shiji@forstarfoods.com|DailyCatchEntry_New.php
6 Jun 2020 11:29:06|20|shiji@forstarfoods.com|DailyCatchEntry_New.php
6 Jun 2020 11:29:07|30|pritirm@forstarfoods.com|SupplierAccount.php
6 Jun 2020 11:29:07|20|shiji@forstarfoods.com|DailyCatchEntry_New.php
6 Jun 2020 11:29:08|20|shiji@forstarfoods.com|DailyCatchEntry_New.php
6 Jun 2020 11:29:09|20|shiji@forstarfoods.com|DailyCatchEntry_New.php
6 Jun 2020 11:29:11|20|shiji@forstarfoods.com|DailyCatchEntry_New.php
6 Jun 2020 11:29:12|20|shiji@forstarfoods.com|DailyCatchEntry_New.php
6 Jun 2020 11:29:14|20|shiji@forstarfoods.com|DailyCatchEntry_New.php
6 Jun 2020 11:29:16|20|shiji@forstarfoods.com|DailyCatchEntry_New.php
6 Jun 2020 11:29:17|20|shiji@forstarfoods.com|CatchEntryDeclaredItem.php
6 Jun 2020 11:29:21|20|shiji@forstarfoods.com|DailyCatchEntry_New.php
6 Jun 2020 11:29:22|20|shiji@forstarfoods.com|DailyCatchEntry_New.php
6 Jun 2020 11:29:23|20|shiji@forstarfoods.com|DailyCatchEntry_New.php
6 Jun 2020 11:29:34|24|shashikala@forstarfoods.com|DailyRMCB.php
6 Jun 2020 11:29:38|24|shashikala@forstarfoods.com|DailyRMCB.php
6 Jun 2020 11:29:44|20|shiji@forstarfoods.com|DailyCatchEntry_New.php
6 Jun 2020 11:29:51|20|shiji@forstarfoods.com|DailyCatchEntry_New.php
6 Jun 2020 11:29:52|20|shiji@forstarfoods.com|CatchEntryDeclaredItem.php
6 Jun 2020 11:30:02|20|shiji@forstarfoods.com|DailyCatchEntry_New.php
6 Jun 2020 11:30:03|20|shiji@forstarfoods.com|DailyCatchEntry_New.php
6 Jun 2020 11:30:04|20|shiji@forstarfoods.com|DailyCatchEntry_New.php
6 Jun 2020 11:30:05|30|pritirm@forstarfoods.com|SupplierAccount.php
6 Jun 2020 11:30:06|20|shiji@forstarfoods.com|DailyCatchEntry_New.php
6 Jun 2020 11:30:07|20|shiji@forstarfoods.com|DailyCatchEntry_New.php
6 Jun 2020 11:30:08|20|shiji@forstarfoods.com|DailyCatchEntry_New.php
6 Jun 2020 11:30:15|30|pritirm@forstarfoods.com|SupplierAccount.php
6 Jun 2020 11:30:20|30|pritirm@forstarfoods.com|SupplierAccount.php
6 Jun 2020 11:30:23|20|shiji@forstarfoods.com|DailyCatchEntry_New.php
6 Jun 2020 11:30:24|20|shiji@forstarfoods.com|DailyCatchEntry_New.php
6 Jun 2020 11:30:28|20|shiji@forstarfoods.com|DailyCatchEntry_New.php
6 Jun 2020 11:30:40|20|shiji@forstarfoods.com|DailyCatchEntry_New.php
6 Jun 2020 11:30:41|20|shiji@forstarfoods.com|DailyCatchEntry_New.php
6 Jun 2020 11:30:42|20|shiji@forstarfoods.com|DailyCatchEntry_New.php
6 Jun 2020 11:30:44|20|shiji@forstarfoods.com|DailyCatchEntry_New.php
6 Jun 2020 11:30:45|20|shiji@forstarfoods.com|DailyCatchEntry_New.php
6 Jun 2020 11:30:46|20|shiji@forstarfoods.com|DailyCatchEntry_New.php
6 Jun 2020 11:30:57|30|pritirm@forstarfoods.com|SupplierAccount.php
6 Jun 2020 11:31:00|20|shiji@forstarfoods.com|DailyCatchEntry_New.php
6 Jun 2020 11:31:03|30|pritirm@forstarfoods.com|SupplierAccount.php
6 Jun 2020 11:31:06|30|pritirm@forstarfoods.com|SupplierAccount.php
6 Jun 2020 11:31:13|20|shiji@forstarfoods.com|DailyCatchEntry_New.php
6 Jun 2020 11:31:15|20|shiji@forstarfoods.com|CatchEntryDeclaredItem.php
6 Jun 2020 11:31:24|20|shiji@forstarfoods.com|DailyCatchEntry_New.php
6 Jun 2020 11:31:27|20|shiji@forstarfoods.com|DailyCatchEntry_New.php
6 Jun 2020 11:31:29|30|pritirm@forstarfoods.com|SupplierAccount.php
6 Jun 2020 11:31:30|20|shiji@forstarfoods.com|DailyCatchEntry_New.php
6 Jun 2020 11:31:31|20|shiji@forstarfoods.com|DailyCatchEntry_New.php
6 Jun 2020 11:31:33|20|shiji@forstarfoods.com|DailyCatchEntry_New.php
6 Jun 2020 11:31:34|20|shiji@forstarfoods.com|DailyCatchEntry_New.php
6 Jun 2020 11:31:35|20|shiji@forstarfoods.com|DailyCatchEntry_New.php
6 Jun 2020 11:31:35|30|pritirm@forstarfoods.com|SupplierAccount.php
6 Jun 2020 11:31:36|24|shashikala@forstarfoods.com|DailyRMCB.php
6 Jun 2020 11:31:36|20|shiji@forstarfoods.com|DailyCatchEntry_New.php
6 Jun 2020 11:31:38|20|shiji@forstarfoods.com|DailyCatchEntry_New.php
6 Jun 2020 11:31:39|30|pritirm@forstarfoods.com|SupplierAccount.php
6 Jun 2020 11:31:41|20|shiji@forstarfoods.com|DailyCatchEntry_New.php
6 Jun 2020 11:31:42|20|shiji@forstarfoods.com|CatchEntryDeclaredItem.php
6 Jun 2020 11:32:19|30|pritirm@forstarfoods.com|SupplierAccount.php
6 Jun 2020 11:32:27|30|pritirm@forstarfoods.com|SupplierAccount.php
6 Jun 2020 11:32:32|20|shiji@forstarfoods.com|DailyCatchEntry_New.php
6 Jun 2020 11:32:33|30|pritirm@forstarfoods.com|SupplierAccount.php
6 Jun 2020 11:32:37|30|pritirm@forstarfoods.com|SupplierAccount.php
6 Jun 2020 11:34:04|30|pritirm@forstarfoods.com|SupplierAccount.php
6 Jun 2020 11:34:10|30|pritirm@forstarfoods.com|PurchaseReport.php
6 Jun 2020 11:34:18|30|pritirm@forstarfoods.com|PurchaseReport.php
6 Jun 2020 11:34:24|30|pritirm@forstarfoods.com|PrintPurchaseSettlementMemo.php
6 Jun 2020 11:34:50|30|pritirm@forstarfoods.com|PurchaseReport.php
6 Jun 2020 11:34:54|30|pritirm@forstarfoods.com|PrintPurchaseSettlementMemo.php
6 Jun 2020 11:35:08|30|pritirm@forstarfoods.com|PurchaseReport.php
6 Jun 2020 11:35:13|30|pritirm@forstarfoods.com|PrintPurchaseSettlementMemo.php
6 Jun 2020 11:35:22|30|pritirm@forstarfoods.com|PurchaseReport.php
6 Jun 2020 11:35:26|30|pritirm@forstarfoods.com|PrintPurchaseSettlementMemo.php
6 Jun 2020 11:35:38|30|pritirm@forstarfoods.com|PurchaseReport.php
6 Jun 2020 11:35:42|30|pritirm@forstarfoods.com|PrintPurchaseSettlementMemo.php
6 Jun 2020 11:36:15|24|shashikala@forstarfoods.com|Home.php
6 Jun 2020 11:36:19|24|shashikala@forstarfoods.com|Home.php
6 Jun 2020 11:36:28|24|shashikala@forstarfoods.com|DailyRMCB.php
6 Jun 2020 11:36:38|24|shashikala@forstarfoods.com|DailyRMCB.php
6 Jun 2020 11:36:43|24|shashikala@forstarfoods.com|DailyRMCB.php
6 Jun 2020 11:37:01|24|shashikala@forstarfoods.com|DailyRMCB.php
6 Jun 2020 11:37:34|20|shiji@forstarfoods.com|DailyCatchEntry_New.php
6 Jun 2020 11:37:53|24|shashikala@forstarfoods.com|DailyRMCB.php
6 Jun 2020 11:37:58|24|shashikala@forstarfoods.com|DailyRMCB.php
6 Jun 2020 11:38:02|24|shashikala@forstarfoods.com|DailyRMCB.php
6 Jun 2020 11:38:11|24|shashikala@forstarfoods.com|DailyRMCB.php
6 Jun 2020 11:38:16|24|shashikala@forstarfoods.com|DailyRMCB.php
6 Jun 2020 11:38:49|24|shashikala@forstarfoods.com|DailyRMCB.php
6 Jun 2020 11:38:54|24|shashikala@forstarfoods.com|DailyRMCB.php
6 Jun 2020 11:39:28|24|shashikala@forstarfoods.com|Home.php
6 Jun 2020 11:39:34|24|shashikala@forstarfoods.com|Home.php
6 Jun 2020 11:39:41|24|shashikala@forstarfoods.com|DailyRMCB.php
6 Jun 2020 11:39:51|24|shashikala@forstarfoods.com|DailyRMCB.php
6 Jun 2020 11:39:55|24|shashikala@forstarfoods.com|DailyRMCB.php
6 Jun 2020 11:40:01|24|shashikala@forstarfoods.com|DailyRMCB.php
6 Jun 2020 11:40:05|24|shashikala@forstarfoods.com|DailyRMCB.php
6 Jun 2020 11:41:02|24|shashikala@forstarfoods.com|DailyRMCB.php
6 Jun 2020 11:41:06|24|shashikala@forstarfoods.com|DailyRMCB.php
6 Jun 2020 11:41:23|24|shashikala@forstarfoods.com|DailyRMCB.php
6 Jun 2020 11:42:35|20|shiji@forstarfoods.com|DailyCatchEntry_New.php
6 Jun 2020 11:43:08|24|shashikala@forstarfoods.com|DailyRMCB.php
6 Jun 2020 11:44:35|24|shashikala@forstarfoods.com|DailyRMCB.php
6 Jun 2020 11:44:43|24|shashikala@forstarfoods.com|DailyRMCB.php
6 Jun 2020 11:44:52|24|shashikala@forstarfoods.com|Home.php
6 Jun 2020 11:45:03|24|shashikala@forstarfoods.com|Home.php
6 Jun 2020 11:45:12|24|shashikala@forstarfoods.com|DailyPreProcess.php
6 Jun 2020 11:45:20|24|shashikala@forstarfoods.com|DailyPreProcess.php
6 Jun 2020 11:45:33|24|shashikala@forstarfoods.com|DailyPreProcess.php
6 Jun 2020 11:45:39|24|shashikala@forstarfoods.com|DailyPreProcess.php
6 Jun 2020 11:45:40|24|shashikala@forstarfoods.com|DailyPreProcess.php
6 Jun 2020 11:47:36|20|shiji@forstarfoods.com|DailyCatchEntry_New.php
6 Jun 2020 11:52:10|24|shashikala@forstarfoods.com|DailyPreProcess.php
6 Jun 2020 11:52:16|24|shashikala@forstarfoods.com|DailyPreProcess.php
6 Jun 2020 11:52:22|24|shashikala@forstarfoods.com|DailyPreProcess.php
6 Jun 2020 11:52:38|24|shashikala@forstarfoods.com|DailyPreProcess.php
6 Jun 2020 11:52:38|20|shiji@forstarfoods.com|DailyCatchEntry_New.php
6 Jun 2020 11:52:39|24|shashikala@forstarfoods.com|DailyPreProcess.php
6 Jun 2020 11:54:09|20|shiji@forstarfoods.com|DailyCatchSummary.php
6 Jun 2020 11:54:12|20|shiji@forstarfoods.com|DailyCatchSummary.php
6 Jun 2020 11:54:24|20|shiji@forstarfoods.com|DailyCatchSummary.php
6 Jun 2020 11:54:27|20|shiji@forstarfoods.com|DailyCatchSummary.php
6 Jun 2020 11:54:33|20|shiji@forstarfoods.com|DailyCatchSummary.php
6 Jun 2020 11:54:39|20|shiji@forstarfoods.com|DailyCatchSummary.php
6 Jun 2020 12:05:44|24|shashikala@forstarfoods.com|DailyPreProcess.php
6 Jun 2020 12:05:52|24|shashikala@forstarfoods.com|DailyPreProcess.php
6 Jun 2020 12:05:55|24|shashikala@forstarfoods.com|DailyPreProcess.php
6 Jun 2020 12:06:04|24|shashikala@forstarfoods.com|DailyPreProcess.php
6 Jun 2020 12:06:05|24|shashikala@forstarfoods.com|DailyPreProcess.php
6 Jun 2020 12:07:30|24|shashikala@forstarfoods.com|DailyPreProcess.php
6 Jun 2020 12:08:58|24|shashikala@forstarfoods.com|DailyRMCB.php
6 Jun 2020 12:09:12|24|shashikala@forstarfoods.com|DailyRMCB.php
6 Jun 2020 12:09:16|24|shashikala@forstarfoods.com|DailyRMCB.php
6 Jun 2020 12:09:57|20|shiji@forstarfoods.com|DailyCatchSummary.php
6 Jun 2020 12:10:05|24|shashikala@forstarfoods.com|DailyRMCB.php
6 Jun 2020 12:10:08|24|shashikala@forstarfoods.com|DailyRMCB.php
6 Jun 2020 12:10:09|20|shiji@forstarfoods.com|DailyCatchSummary.php
6 Jun 2020 12:10:17|20|shiji@forstarfoods.com|DailyCatchSummary.php
6 Jun 2020 12:10:20|20|shiji@forstarfoods.com|DailyCatchSummary.php
6 Jun 2020 12:12:35|24|shashikala@forstarfoods.com|DailyRMCB.php
6 Jun 2020 12:12:39|24|shashikala@forstarfoods.com|DailyRMCB.php
6 Jun 2020 12:12:55|24|shashikala@forstarfoods.com|DailyRMCB.php
6 Jun 2020 12:13:00|24|shashikala@forstarfoods.com|DailyRMCB.php
6 Jun 2020 12:14:41|24|shashikala@forstarfoods.com|DailyRMCB.php
6 Jun 2020 12:14:48|24|shashikala@forstarfoods.com|DailyRMCB.php
6 Jun 2020 12:15:03|24|shashikala@forstarfoods.com|DailyPreProcess.php
6 Jun 2020 12:15:11|24|shashikala@forstarfoods.com|DailyPreProcess.php
6 Jun 2020 12:15:21|24|shashikala@forstarfoods.com|DailyPreProcess.php
6 Jun 2020 12:15:24|24|shashikala@forstarfoods.com|DailyPreProcess.php
6 Jun 2020 12:15:34|24|shashikala@forstarfoods.com|DailyPreProcess.php
6 Jun 2020 12:15:36|24|shashikala@forstarfoods.com|DailyPreProcess.php
6 Jun 2020 12:19:45|24|shashikala@forstarfoods.com|DailyPreProcess.php
6 Jun 2020 12:19:53|24|shashikala@forstarfoods.com|DailyPreProcess.php
6 Jun 2020 12:19:56|24|shashikala@forstarfoods.com|DailyPreProcess.php
6 Jun 2020 12:20:00|24|shashikala@forstarfoods.com|DailyPreProcess.php
6 Jun 2020 12:20:02|24|shashikala@forstarfoods.com|DailyPreProcess.php
6 Jun 2020 12:22:28|24|shashikala@forstarfoods.com|DailyPreProcess.php
6 Jun 2020 12:22:36|24|shashikala@forstarfoods.com|DailyPreProcess.php
6 Jun 2020 12:22:39|24|shashikala@forstarfoods.com|DailyPreProcess.php
6 Jun 2020 12:22:46|24|shashikala@forstarfoods.com|DailyPreProcess.php
6 Jun 2020 12:22:48|24|shashikala@forstarfoods.com|DailyPreProcess.php
6 Jun 2020 12:23:13|30|pritirm@forstarfoods.com|SupplierAccount.php
6 Jun 2020 12:23:19|30|pritirm@forstarfoods.com|SupplierAccount.php
6 Jun 2020 12:23:23|30|pritirm@forstarfoods.com|SupplierAccount.php
6 Jun 2020 12:23:30|30|pritirm@forstarfoods.com|SupplierAccount.php
6 Jun 2020 12:23:34|30|pritirm@forstarfoods.com|SettlementSummary.php
6 Jun 2020 12:23:44|30|pritirm@forstarfoods.com|SettlementSummary.php
6 Jun 2020 12:23:47|30|pritirm@forstarfoods.com|SupplierPayments.php
6 Jun 2020 12:23:48|30|pritirm@forstarfoods.com|SupplierPayments.php
6 Jun 2020 12:23:50|30|pritirm@forstarfoods.com|SupplierPayments.php
6 Jun 2020 12:23:52|30|pritirm@forstarfoods.com|PurchaseStatement.php
6 Jun 2020 12:23:58|30|pritirm@forstarfoods.com|PurchaseStatement.php
6 Jun 2020 12:24:01|30|pritirm@forstarfoods.com|PurchaseStatement.php
6 Jun 2020 12:24:04|30|pritirm@forstarfoods.com|PrintPurchaseStatement.php
6 Jun 2020 12:25:15|24|shashikala@forstarfoods.com|DailyPreProcess.php
6 Jun 2020 12:25:34|24|shashikala@forstarfoods.com|DailyPreProcess.php
6 Jun 2020 12:25:42|24|shashikala@forstarfoods.com|DailyPreProcess.php
6 Jun 2020 12:25:43|24|shashikala@forstarfoods.com|DailyPreProcess.php
6 Jun 2020 12:28:11|24|shashikala@forstarfoods.com|DailyPreProcess.php
6 Jun 2020 12:30:18|24|shashikala@forstarfoods.com|DailyRMCB.php
6 Jun 2020 12:30:25|24|shashikala@forstarfoods.com|DailyRMCB.php
6 Jun 2020 12:30:28|24|shashikala@forstarfoods.com|DailyRMCB.php
6 Jun 2020 12:30:34|24|shashikala@forstarfoods.com|DailyRMCB.php
6 Jun 2020 12:31:08|24|shashikala@forstarfoods.com|DailyRMCB.php
6 Jun 2020 12:31:17|24|shashikala@forstarfoods.com|DailyRMCB.php
6 Jun 2020 12:31:21|24|shashikala@forstarfoods.com|DailyRMCB.php
6 Jun 2020 12:31:27|24|shashikala@forstarfoods.com|DailyRMCB.php
6 Jun 2020 12:31:31|24|shashikala@forstarfoods.com|DailyRMCB.php
6 Jun 2020 12:32:55|24|shashikala@forstarfoods.com|DailyRMCB.php
6 Jun 2020 12:32:58|24|shashikala@forstarfoods.com|DailyRMCB.php
6 Jun 2020 12:33:12|24|shashikala@forstarfoods.com|DailyPreProcess.php
6 Jun 2020 12:39:24|24|shashikala@forstarfoods.com|DailyPreProcess.php
6 Jun 2020 12:39:32|24|shashikala@forstarfoods.com|DailyPreProcess.php
6 Jun 2020 12:39:36|24|shashikala@forstarfoods.com|DailyPreProcess.php
6 Jun 2020 12:39:38|24|shashikala@forstarfoods.com|DailyPreProcess.php
6 Jun 2020 12:40:14|20|shiji@forstarfoods.com|DailyCatchSummary.php
6 Jun 2020 12:40:21|20|shiji@forstarfoods.com|DailyCatchSummary.php
6 Jun 2020 12:41:14|24|shashikala@forstarfoods.com|DailyPreProcess.php
6 Jun 2020 12:41:21|24|shashikala@forstarfoods.com|DailyPreProcess.php
6 Jun 2020 12:41:24|24|shashikala@forstarfoods.com|DailyPreProcess.php
6 Jun 2020 12:41:48|24|shashikala@forstarfoods.com|DailyPreProcess.php
6 Jun 2020 12:41:50|24|shashikala@forstarfoods.com|DailyPreProcess.php
6 Jun 2020 12:47:37|20|shiji@forstarfoods.com|DailyCatchSummary.php
6 Jun 2020 12:47:37|24|shashikala@forstarfoods.com|DailyPreProcess.php
6 Jun 2020 12:47:42|20|shiji@forstarfoods.com|DailyCatchSummary.php
6 Jun 2020 12:47:49|24|shashikala@forstarfoods.com|DailyPreProcess.php
6 Jun 2020 12:47:57|24|shashikala@forstarfoods.com|DailyPreProcess.php
6 Jun 2020 12:48:01|24|shashikala@forstarfoods.com|DailyPreProcess.php
6 Jun 2020 12:48:05|24|shashikala@forstarfoods.com|DailyPreProcess.php
6 Jun 2020 12:48:11|20|shiji@forstarfoods.com|DailyCatchSummary.php
6 Jun 2020 12:48:13|24|shashikala@forstarfoods.com|DailyPreProcess.php
6 Jun 2020 12:48:14|20|shiji@forstarfoods.com|DailyCatchSummary.php
6 Jun 2020 12:48:20|24|shashikala@forstarfoods.com|DailyPreProcess.php
6 Jun 2020 12:49:01|24|shashikala@forstarfoods.com|DailyPreProcess.php
6 Jun 2020 12:49:07|24|shashikala@forstarfoods.com|DailyPreProcess.php
6 Jun 2020 12:49:09|24|shashikala@forstarfoods.com|DailyPreProcess.php
6 Jun 2020 12:50:09|20|shiji@forstarfoods.com|DailyCatchSummary.php
6 Jun 2020 12:50:12|20|shiji@forstarfoods.com|DailyCatchSummary.php
6 Jun 2020 12:50:42|20|shiji@forstarfoods.com|DailyCatchReport.php
6 Jun 2020 12:50:51|20|shiji@forstarfoods.com|DailyCatchReport.php
6 Jun 2020 12:50:55|20|shiji@forstarfoods.com|DailyCatchReport.php
6 Jun 2020 12:50:57|20|shiji@forstarfoods.com|DailyCatchReport.php
6 Jun 2020 12:50:59|20|shiji@forstarfoods.com|DailyCatchReport.php
6 Jun 2020 12:51:00|20|shiji@forstarfoods.com|DailyCatchReport.php
6 Jun 2020 12:51:13|20|shiji@forstarfoods.com|PrintDailyCatchReportMemo.php
6 Jun 2020 12:51:30|20|shiji@forstarfoods.com|DailyCatchSummary.php
6 Jun 2020 12:51:33|20|shiji@forstarfoods.com|DailyCatchSummary.php
6 Jun 2020 12:51:34|24|shashikala@forstarfoods.com|DailyPreProcess.php
6 Jun 2020 12:51:42|24|shashikala@forstarfoods.com|DailyPreProcess.php
6 Jun 2020 12:51:42|20|shiji@forstarfoods.com|DailyCatchSummary.php
6 Jun 2020 12:51:45|20|shiji@forstarfoods.com|DailyCatchSummary.php
6 Jun 2020 12:51:55|20|shiji@forstarfoods.com|DailyCatchSummary.php
6 Jun 2020 12:51:56|24|shashikala@forstarfoods.com|DailyPreProcess.php
6 Jun 2020 12:52:00|20|shiji@forstarfoods.com|DailyCatchSummary.php
6 Jun 2020 12:52:03|24|shashikala@forstarfoods.com|DailyPreProcess.php
6 Jun 2020 12:52:05|24|shashikala@forstarfoods.com|DailyPreProcess.php
6 Jun 2020 12:52:43|20|shiji@forstarfoods.com|DailyCatchSummary.php
6 Jun 2020 12:52:45|20|shiji@forstarfoods.com|DailyCatchSummary.php
6 Jun 2020 12:53:15|20|shiji@forstarfoods.com|DailyCatchReport.php
6 Jun 2020 12:53:23|20|shiji@forstarfoods.com|DailyCatchReport.php
6 Jun 2020 12:53:28|20|shiji@forstarfoods.com|DailyCatchReport.php
6 Jun 2020 12:53:30|20|shiji@forstarfoods.com|DailyCatchReport.php
6 Jun 2020 12:53:31|20|shiji@forstarfoods.com|DailyCatchReport.php
6 Jun 2020 12:53:33|20|shiji@forstarfoods.com|DailyCatchReport.php
6 Jun 2020 12:54:56|24|shashikala@forstarfoods.com|DailyPreProcess.php
6 Jun 2020 12:55:04|24|shashikala@forstarfoods.com|DailyPreProcess.php
6 Jun 2020 12:55:07|24|shashikala@forstarfoods.com|DailyPreProcess.php
6 Jun 2020 12:55:17|24|shashikala@forstarfoods.com|DailyPreProcess.php
6 Jun 2020 12:55:19|24|shashikala@forstarfoods.com|DailyPreProcess.php
6 Jun 2020 12:55:55|24|shashikala@forstarfoods.com|DailyPreProcess.php
6 Jun 2020 12:59:39|24|shashikala@forstarfoods.com|DailyRMCB.php
6 Jun 2020 12:59:52|24|shashikala@forstarfoods.com|DailyRMCB.php
6 Jun 2020 12:59:55|24|shashikala@forstarfoods.com|DailyRMCB.php
6 Jun 2020 13:00:02|24|shashikala@forstarfoods.com|DailyRMCB.php
6 Jun 2020 13:00:05|24|shashikala@forstarfoods.com|DailyRMCB.php
6 Jun 2020 13:00:36|24|shashikala@forstarfoods.com|DailyRMCB.php
6 Jun 2020 13:00:58|24|shashikala@forstarfoods.com|DailyRMCB.php
6 Jun 2020 13:01:01|24|shashikala@forstarfoods.com|DailyRMCB.php
6 Jun 2020 13:01:07|24|shashikala@forstarfoods.com|DailyRMCB.php
6 Jun 2020 13:01:26|24|shashikala@forstarfoods.com|DailyRMCB.php
6 Jun 2020 13:01:30|24|shashikala@forstarfoods.com|DailyRMCB.php
6 Jun 2020 13:01:34|24|shashikala@forstarfoods.com|DailyPreProcess.php
6 Jun 2020 13:01:51|24|shashikala@forstarfoods.com|DailyPreProcess.php
6 Jun 2020 13:01:57|24|shashikala@forstarfoods.com|DailyPreProcess.php
6 Jun 2020 13:02:04|24|shashikala@forstarfoods.com|DailyPreProcess.php
6 Jun 2020 13:02:05|24|shashikala@forstarfoods.com|DailyPreProcess.php
6 Jun 2020 13:02:29|24|shashikala@forstarfoods.com|DailyPreProcess.php
6 Jun 2020 13:02:45|24|shashikala@forstarfoods.com|DailyPreProcess.php
6 Jun 2020 13:02:50|24|shashikala@forstarfoods.com|DailyPreProcess.php
6 Jun 2020 13:04:56|24|shashikala@forstarfoods.com|DailyPreProcess.php
6 Jun 2020 13:04:57|24|shashikala@forstarfoods.com|DailyPreProcess.php
6 Jun 2020 13:06:20|24|shashikala@forstarfoods.com|DailyPreProcess.php
6 Jun 2020 13:06:32|24|shashikala@forstarfoods.com|DailyRMCB.php
6 Jun 2020 13:06:39|24|shashikala@forstarfoods.com|DailyRMCB.php
6 Jun 2020 13:06:42|24|shashikala@forstarfoods.com|DailyRMCB.php
6 Jun 2020 13:06:47|24|shashikala@forstarfoods.com|DailyRMCB.php
6 Jun 2020 13:06:51|24|shashikala@forstarfoods.com|DailyRMCB.php
6 Jun 2020 13:07:21|24|shashikala@forstarfoods.com|DailyRMCB.php
6 Jun 2020 13:07:32|24|shashikala@forstarfoods.com|DailyRMCB.php
6 Jun 2020 13:07:35|24|shashikala@forstarfoods.com|DailyRMCB.php
6 Jun 2020 13:07:44|24|shashikala@forstarfoods.com|DailyRMCB.php
6 Jun 2020 13:08:09|24|shashikala@forstarfoods.com|DailyRMCB.php
6 Jun 2020 13:08:12|24|shashikala@forstarfoods.com|DailyRMCB.php
6 Jun 2020 13:08:16|24|shashikala@forstarfoods.com|Home.php
6 Jun 2020 13:08:23|24|shashikala@forstarfoods.com|DailyPreProcess.php
6 Jun 2020 13:08:39|24|shashikala@forstarfoods.com|DailyPreProcess.php
6 Jun 2020 13:08:44|24|shashikala@forstarfoods.com|DailyPreProcess.php
6 Jun 2020 13:08:49|24|shashikala@forstarfoods.com|DailyPreProcess.php
6 Jun 2020 13:08:51|24|shashikala@forstarfoods.com|DailyPreProcess.php
6 Jun 2020 13:12:14|24|shashikala@forstarfoods.com|DailyPreProcess.php
6 Jun 2020 13:12:28|24|shashikala@forstarfoods.com|DailyPreProcess.php
6 Jun 2020 13:12:31|24|shashikala@forstarfoods.com|DailyPreProcess.php
6 Jun 2020 13:12:37|24|shashikala@forstarfoods.com|DailyPreProcess.php
6 Jun 2020 13:12:39|24|shashikala@forstarfoods.com|DailyPreProcess.php
6 Jun 2020 13:13:04|24|shashikala@forstarfoods.com|DailyPreProcess.php
6 Jun 2020 13:13:10|24|shashikala@forstarfoods.com|DailyPreProcess.php
6 Jun 2020 13:13:14|24|shashikala@forstarfoods.com|DailyPreProcess.php
6 Jun 2020 13:13:19|24|shashikala@forstarfoods.com|DailyPreProcess.php
6 Jun 2020 13:13:21|24|shashikala@forstarfoods.com|DailyPreProcess.php
6 Jun 2020 13:14:06|24|shashikala@forstarfoods.com|DailyPreProcess.php
6 Jun 2020 13:14:12|24|shashikala@forstarfoods.com|DailyRMCB.php
6 Jun 2020 13:14:22|24|shashikala@forstarfoods.com|DailyRMCB.php
6 Jun 2020 13:14:27|24|shashikala@forstarfoods.com|DailyRMCB.php
6 Jun 2020 13:14:32|24|shashikala@forstarfoods.com|DailyRMCB.php
6 Jun 2020 13:14:36|24|shashikala@forstarfoods.com|DailyRMCB.php
6 Jun 2020 13:15:04|24|shashikala@forstarfoods.com|DailyRMCB.php
6 Jun 2020 13:15:08|24|shashikala@forstarfoods.com|DailyRMCB.php
6 Jun 2020 13:15:18|24|shashikala@forstarfoods.com|DailyRMCB.php
6 Jun 2020 13:15:22|24|shashikala@forstarfoods.com|DailyRMCB.php
6 Jun 2020 13:16:13|24|shashikala@forstarfoods.com|DailyRMCB.php
6 Jun 2020 13:16:25|24|shashikala@forstarfoods.com|DailyRMCB.php
6 Jun 2020 13:16:29|24|shashikala@forstarfoods.com|DailyPreProcess.php
6 Jun 2020 13:16:37|24|shashikala@forstarfoods.com|DailyPreProcess.php
6 Jun 2020 13:16:43|24|shashikala@forstarfoods.com|DailyPreProcess.php
6 Jun 2020 13:16:47|24|shashikala@forstarfoods.com|DailyPreProcess.php
6 Jun 2020 13:16:52|24|shashikala@forstarfoods.com|DailyPreProcess.php
6 Jun 2020 13:16:54|24|shashikala@forstarfoods.com|DailyPreProcess.php
6 Jun 2020 13:25:37|24|shashikala@forstarfoods.com|DailyPreProcess.php
6 Jun 2020 13:27:09|24|shashikala@forstarfoods.com|DailyPreProcess.php
6 Jun 2020 13:27:17|24|shashikala@forstarfoods.com|DailyPreProcess.php
6 Jun 2020 13:27:18|24|shashikala@forstarfoods.com|DailyPreProcess.php
6 Jun 2020 13:30:46|24|shashikala@forstarfoods.com|DailyPreProcess.php
6 Jun 2020 13:30:59|24|shashikala@forstarfoods.com|DailyRMCB.php
6 Jun 2020 13:31:06|24|shashikala@forstarfoods.com|DailyRMCB.php
6 Jun 2020 13:31:09|24|shashikala@forstarfoods.com|DailyRMCB.php
6 Jun 2020 13:31:15|24|shashikala@forstarfoods.com|DailyRMCB.php
6 Jun 2020 13:32:14|24|shashikala@forstarfoods.com|DailyRMCB.php
6 Jun 2020 13:32:25|24|shashikala@forstarfoods.com|DailyRMCB.php
6 Jun 2020 13:32:28|24|shashikala@forstarfoods.com|DailyRMCB.php
6 Jun 2020 13:32:35|24|shashikala@forstarfoods.com|DailyRMCB.php
6 Jun 2020 13:32:38|24|shashikala@forstarfoods.com|DailyRMCB.php
6 Jun 2020 13:32:59|24|shashikala@forstarfoods.com|DailyRMCB.php
6 Jun 2020 13:33:04|24|shashikala@forstarfoods.com|DailyRMCB.php
6 Jun 2020 13:33:09|24|shashikala@forstarfoods.com|Home.php
6 Jun 2020 14:02:03|28|pratiksha@forstarfoods.com|Home.php
6 Jun 2020 14:02:42|28|pratiksha@forstarfoods.com|ManageGatePass.php
6 Jun 2020 14:02:51|28|pratiksha@forstarfoods.com|ManageGatePass.php
6 Jun 2020 14:03:37|28|pratiksha@forstarfoods.com|ManageGatePass.php
6 Jun 2020 14:03:39|28|pratiksha@forstarfoods.com|ManageGatePass.php
6 Jun 2020 14:03:41|28|pratiksha@forstarfoods.com|ManageGatePass.php
6 Jun 2020 14:04:47|28|pratiksha@forstarfoods.com|ManageGatePass.php
6 Jun 2020 14:04:49|28|pratiksha@forstarfoods.com|ManageGatePass.php
6 Jun 2020 14:04:52|28|pratiksha@forstarfoods.com|ManageGatePass.php
6 Jun 2020 14:04:57|28|pratiksha@forstarfoods.com|ManageGatePass.php
6 Jun 2020 14:04:59|28|pratiksha@forstarfoods.com|ManageGatePass.php
6 Jun 2020 14:05:03|28|pratiksha@forstarfoods.com|PrintGatePass.php
6 Jun 2020 14:06:01|28|pratiksha@forstarfoods.com|ManageGatePass.php
6 Jun 2020 14:07:02|28|pratiksha@forstarfoods.com|ManageGatePass.php
6 Jun 2020 14:08:02|28|pratiksha@forstarfoods.com|ManageGatePass.php
6 Jun 2020 14:09:03|28|pratiksha@forstarfoods.com|ManageGatePass.php
6 Jun 2020 14:10:04|28|pratiksha@forstarfoods.com|ManageGatePass.php
6 Jun 2020 14:11:04|28|pratiksha@forstarfoods.com|ManageGatePass.php
6 Jun 2020 14:12:05|28|pratiksha@forstarfoods.com|ManageGatePass.php
6 Jun 2020 14:13:06|28|pratiksha@forstarfoods.com|ManageGatePass.php
6 Jun 2020 14:14:06|28|pratiksha@forstarfoods.com|ManageGatePass.php
6 Jun 2020 14:15:07|28|pratiksha@forstarfoods.com|ManageGatePass.php
6 Jun 2020 14:16:08|28|pratiksha@forstarfoods.com|ManageGatePass.php
6 Jun 2020 14:17:08|28|pratiksha@forstarfoods.com|ManageGatePass.php
6 Jun 2020 14:18:09|28|pratiksha@forstarfoods.com|ManageGatePass.php
6 Jun 2020 14:19:10|28|pratiksha@forstarfoods.com|ManageGatePass.php
6 Jun 2020 14:20:10|28|pratiksha@forstarfoods.com|ManageGatePass.php
6 Jun 2020 14:20:55|20|shiji@forstarfoods.com|DailyCatchReport.php
6 Jun 2020 14:21:11|28|pratiksha@forstarfoods.com|ManageGatePass.php
6 Jun 2020 14:21:16|20|shiji@forstarfoods.com|DailyCatchReport.php
6 Jun 2020 14:21:18|20|shiji@forstarfoods.com|DailyCatchReport.php
6 Jun 2020 14:21:22|20|shiji@forstarfoods.com|DailyCatchReport.php
6 Jun 2020 14:21:24|20|shiji@forstarfoods.com|DailyCatchReport.php
6 Jun 2020 14:21:25|20|shiji@forstarfoods.com|DailyCatchReport.php
6 Jun 2020 14:22:12|28|pratiksha@forstarfoods.com|ManageGatePass.php
6 Jun 2020 14:22:59|20|shiji@forstarfoods.com|PrintDailyCatchReportMemo.php
6 Jun 2020 14:23:12|28|pratiksha@forstarfoods.com|ManageGatePass.php
6 Jun 2020 14:24:13|28|pratiksha@forstarfoods.com|ManageGatePass.php
6 Jun 2020 14:25:14|28|pratiksha@forstarfoods.com|ManageGatePass.php
6 Jun 2020 14:26:17|28|pratiksha@forstarfoods.com|ManageGatePass.php
6 Jun 2020 14:27:20|28|pratiksha@forstarfoods.com|ManageGatePass.php
6 Jun 2020 14:28:27|28|pratiksha@forstarfoods.com|ManageGatePass.php
6 Jun 2020 14:29:30|28|pratiksha@forstarfoods.com|ManageGatePass.php
6 Jun 2020 14:30:38|28|pratiksha@forstarfoods.com|ManageGatePass.php
6 Jun 2020 14:31:43|28|pratiksha@forstarfoods.com|ManageGatePass.php
6 Jun 2020 14:32:47|28|pratiksha@forstarfoods.com|ManageGatePass.php
6 Jun 2020 14:33:52|28|pratiksha@forstarfoods.com|ManageGatePass.php
6 Jun 2020 14:34:56|28|pratiksha@forstarfoods.com|ManageGatePass.php
6 Jun 2020 14:35:58|28|pratiksha@forstarfoods.com|ManageGatePass.php
6 Jun 2020 14:37:01|28|pratiksha@forstarfoods.com|ManageGatePass.php
6 Jun 2020 14:38:06|28|pratiksha@forstarfoods.com|ManageGatePass.php
6 Jun 2020 14:39:07|28|pratiksha@forstarfoods.com|ManageGatePass.php
6 Jun 2020 14:40:08|28|pratiksha@forstarfoods.com|ManageGatePass.php
6 Jun 2020 14:41:09|28|pratiksha@forstarfoods.com|ManageGatePass.php
6 Jun 2020 14:42:12|28|pratiksha@forstarfoods.com|ManageGatePass.php
6 Jun 2020 14:43:16|28|pratiksha@forstarfoods.com|ManageGatePass.php
6 Jun 2020 14:44:18|28|pratiksha@forstarfoods.com|ManageGatePass.php
6 Jun 2020 14:45:23|28|pratiksha@forstarfoods.com|ManageGatePass.php
6 Jun 2020 14:46:28|28|pratiksha@forstarfoods.com|ManageGatePass.php
6 Jun 2020 14:50:13|20|shiji@forstarfoods.com|PrintDailyCatchReportMemo.php
6 Jun 2020 14:51:00|20|shiji@forstarfoods.com|DailyCatchReport.php
6 Jun 2020 14:51:02|20|shiji@forstarfoods.com|DailyCatchReport.php
6 Jun 2020 14:51:03|20|shiji@forstarfoods.com|DailyCatchReport.php
6 Jun 2020 14:51:12|20|shiji@forstarfoods.com|DailyCatchReport.php
6 Jun 2020 14:51:13|20|shiji@forstarfoods.com|DailyCatchReport.php
6 Jun 2020 14:51:15|20|shiji@forstarfoods.com|DailyCatchReport.php
6 Jun 2020 14:51:16|20|shiji@forstarfoods.com|DailyCatchReport.php
6 Jun 2020 14:51:20|20|shiji@forstarfoods.com|PrintDailyCatchReportMemo.php
6 Jun 2020 14:52:07|20|shiji@forstarfoods.com|PrintDailyCatchReportMemo.php
6 Jun 2020 14:52:38|20|shiji@forstarfoods.com|DailyCatchReport.php
6 Jun 2020 14:52:40|20|shiji@forstarfoods.com|DailyCatchReport.php
6 Jun 2020 14:52:41|20|shiji@forstarfoods.com|DailyCatchReport.php
6 Jun 2020 14:52:46|20|shiji@forstarfoods.com|DailyCatchReport.php
6 Jun 2020 14:52:47|20|shiji@forstarfoods.com|DailyCatchReport.php
6 Jun 2020 14:52:49|20|shiji@forstarfoods.com|DailyCatchReport.php
6 Jun 2020 14:52:50|20|shiji@forstarfoods.com|DailyCatchReport.php
6 Jun 2020 14:52:52|20|shiji@forstarfoods.com|DailyCatchReport.php
6 Jun 2020 14:52:54|20|shiji@forstarfoods.com|DailyCatchReport.php
6 Jun 2020 14:52:55|20|shiji@forstarfoods.com|DailyCatchReport.php
6 Jun 2020 14:52:59|20|shiji@forstarfoods.com|PrintDailyCatchReportMemo.php
6 Jun 2020 14:53:39|20|shiji@forstarfoods.com|PrintDailyCatchReportMemo.php
6 Jun 2020 14:54:17|20|shiji@forstarfoods.com|DailyCatchReport.php
6 Jun 2020 14:54:19|20|shiji@forstarfoods.com|DailyCatchReport.php
6 Jun 2020 14:54:20|20|shiji@forstarfoods.com|DailyCatchReport.php
6 Jun 2020 14:54:34|30|pritirm@forstarfoods.com|DailyCatchSummary.php
6 Jun 2020 14:54:43|30|pritirm@forstarfoods.com|DailyCatchSummary.php
6 Jun 2020 14:54:57|30|pritirm@forstarfoods.com|DailyCatchSummary.php
6 Jun 2020 14:55:02|30|pritirm@forstarfoods.com|DailyCatchSummary.php
6 Jun 2020 14:55:04|30|pritirm@forstarfoods.com|DailyCatchSummary.php
6 Jun 2020 14:55:10|30|pritirm@forstarfoods.com|DailyCatchSummary.php
6 Jun 2020 14:55:22|30|pritirm@forstarfoods.com|DailyCatchSummary.php
6 Jun 2020 15:31:16|20|shiji@forstarfoods.com|SupplierAccount.php
6 Jun 2020 15:31:22|20|shiji@forstarfoods.com|SupplierAccount.php
6 Jun 2020 15:31:26|20|shiji@forstarfoods.com|SupplierAccount.php
6 Jun 2020 15:31:31|20|shiji@forstarfoods.com|SupplierAccount.php
6 Jun 2020 15:36:26|20|shiji@forstarfoods.com|SupplierAccount.php
6 Jun 2020 15:36:32|28|pratiksha@forstarfoods.com|Home.php
6 Jun 2020 15:37:44|28|pratiksha@forstarfoods.com|ManageGatePass.php
6 Jun 2020 15:37:48|20|shiji@forstarfoods.com|SupplierAccount.php
6 Jun 2020 15:37:50|28|pratiksha@forstarfoods.com|ManageGatePass.php
6 Jun 2020 15:37:53|20|shiji@forstarfoods.com|SupplierAccount.php
6 Jun 2020 15:38:14|20|shiji@forstarfoods.com|SupplierAccount.php
6 Jun 2020 15:38:21|20|shiji@forstarfoods.com|SupplierAccount.php
6 Jun 2020 15:38:35|28|pratiksha@forstarfoods.com|ManageGatePass.php
6 Jun 2020 15:38:38|28|pratiksha@forstarfoods.com|ManageGatePass.php
6 Jun 2020 15:39:05|20|shiji@forstarfoods.com|SupplierAccount.php
6 Jun 2020 15:39:05|28|pratiksha@forstarfoods.com|ManageGatePass.php
6 Jun 2020 15:39:08|28|pratiksha@forstarfoods.com|ManageGatePass.php
6 Jun 2020 15:39:11|28|pratiksha@forstarfoods.com|ManageGatePass.php
6 Jun 2020 15:39:13|20|shiji@forstarfoods.com|SettlementSummary.php
6 Jun 2020 15:39:21|28|pratiksha@forstarfoods.com|ManageGatePass.php
6 Jun 2020 15:39:23|20|shiji@forstarfoods.com|SettlementSummary.php
6 Jun 2020 15:39:26|20|shiji@forstarfoods.com|SupplierPayments.php
6 Jun 2020 15:39:27|20|shiji@forstarfoods.com|SupplierPayments.php
6 Jun 2020 15:39:27|28|pratiksha@forstarfoods.com|ManageGatePass.php
6 Jun 2020 15:39:28|20|shiji@forstarfoods.com|SupplierPayments.php
6 Jun 2020 15:39:38|28|pratiksha@forstarfoods.com|PrintGatePass.php
6 Jun 2020 15:40:06|20|shiji@forstarfoods.com|SettlementSummary.php
6 Jun 2020 15:40:15|20|shiji@forstarfoods.com|SettlementSummary.php
6 Jun 2020 15:40:19|20|shiji@forstarfoods.com|SettlementSummary.php
6 Jun 2020 15:40:29|28|pratiksha@forstarfoods.com|ManageGatePass.php
6 Jun 2020 15:41:29|28|pratiksha@forstarfoods.com|ManageGatePass.php
6 Jun 2020 15:42:30|28|pratiksha@forstarfoods.com|ManageGatePass.php
6 Jun 2020 15:43:31|28|pratiksha@forstarfoods.com|ManageGatePass.php
6 Jun 2020 15:44:31|28|pratiksha@forstarfoods.com|ManageGatePass.php
6 Jun 2020 15:45:32|28|pratiksha@forstarfoods.com|ManageGatePass.php
6 Jun 2020 15:46:32|28|pratiksha@forstarfoods.com|ManageGatePass.php