
10 Jun 2020 11:03:52|20|shiji@forstarfoods.com|DailyCatchEntry_New.php
10 Jun 2020 11:03:52|30|pritirm@forstarfoods.com|DailyCatchEntry_New.php
10 Jun 2020 11:03:54|30|pritirm@forstarfoods.com|CatchEntryDeclaredItem.php
10 Jun 2020 11:03:54|20|shiji@forstarfoods.com|DailyCatchEntry_New.php
10 Jun 2020 11:03:56|30|pritirm@forstarfoods.com|DailyCatchEntry_New.php
10 Jun 2020 11:03:58|30|pritirm@forstarfoods.com|DailyCatchEntry_New.php
10 Jun 2020 11:03:58|20|shiji@forstarfoods.com|DailyCatchEntry_New.php
10 Jun 2020 11:04:00|20|shiji@forstarfoods.com|CatchEntryDeclaredItem.php
10 Jun 2020 11:04:00|30|pritirm@forstarfoods.com|DailyCatchEntry_New.php
10 Jun 2020 11:04:01|30|pritirm@forstarfoods.com|DailyCatchEntry_New.php
10 Jun 2020 11:04:02|30|pritirm@forstarfoods.com|DailyCatchEntry_New.php
10 Jun 2020 11:04:04|30|pritirm@forstarfoods.com|DailyCatchEntry_New.php
10 Jun 2020 11:04:05|30|pritirm@forstarfoods.com|DailyCatchEntry_New.php
10 Jun 2020 11:04:06|30|pritirm@forstarfoods.com|DailyCatchEntry_New.php
10 Jun 2020 11:04:07|20|shiji@forstarfoods.com|DailyCatchEntry_New.php
10 Jun 2020 11:04:09|20|shiji@forstarfoods.com|DailyCatchEntry_New.php
10 Jun 2020 11:04:11|20|shiji@forstarfoods.com|DailyCatchEntry_New.php
10 Jun 2020 11:04:12|20|shiji@forstarfoods.com|DailyCatchEntry_New.php
10 Jun 2020 11:04:13|20|shiji@forstarfoods.com|DailyCatchEntry_New.php
10 Jun 2020 11:04:14|30|pritirm@forstarfoods.com|DailyCatchEntry_New.php
10 Jun 2020 11:04:14|20|shiji@forstarfoods.com|DailyCatchEntry_New.php
10 Jun 2020 11:04:16|30|pritirm@forstarfoods.com|DailyCatchEntry_New.php
10 Jun 2020 11:04:16|20|shiji@forstarfoods.com|DailyCatchEntry_New.php
10 Jun 2020 11:04:17|30|pritirm@forstarfoods.com|CatchEntryDeclaredItem.php
10 Jun 2020 11:04:18|20|shiji@forstarfoods.com|DailyCatchEntry_New.php
10 Jun 2020 11:04:19|20|shiji@forstarfoods.com|DailyCatchEntry_New.php
10 Jun 2020 11:04:21|20|shiji@forstarfoods.com|DailyCatchEntry_New.php
10 Jun 2020 11:04:22|20|shiji@forstarfoods.com|CatchEntryDeclaredItem.php
10 Jun 2020 11:04:22|30|pritirm@forstarfoods.com|DailyCatchEntry_New.php
10 Jun 2020 11:04:24|30|pritirm@forstarfoods.com|DailyCatchEntry_New.php
10 Jun 2020 11:04:25|30|pritirm@forstarfoods.com|DailyCatchEntry_New.php
10 Jun 2020 11:04:28|30|pritirm@forstarfoods.com|DailyCatchEntry_New.php
10 Jun 2020 11:04:28|20|shiji@forstarfoods.com|DailyCatchEntry_New.php
10 Jun 2020 11:04:29|30|pritirm@forstarfoods.com|DailyCatchEntry_New.php
10 Jun 2020 11:04:30|30|pritirm@forstarfoods.com|DailyCatchEntry_New.php
10 Jun 2020 11:04:31|20|shiji@forstarfoods.com|DailyCatchEntry_New.php
10 Jun 2020 11:04:31|30|pritirm@forstarfoods.com|DailyCatchEntry_New.php
10 Jun 2020 11:04:33|30|pritirm@forstarfoods.com|DailyCatchEntry_New.php
10 Jun 2020 11:04:34|20|shiji@forstarfoods.com|DailyCatchEntry_New.php
10 Jun 2020 11:04:34|30|pritirm@forstarfoods.com|DailyCatchEntry_New.php
10 Jun 2020 11:04:35|20|shiji@forstarfoods.com|DailyCatchEntry_New.php
10 Jun 2020 11:04:36|20|shiji@forstarfoods.com|DailyCatchEntry_New.php
10 Jun 2020 11:04:37|30|pritirm@forstarfoods.com|DailyCatchEntry_New.php
10 Jun 2020 11:04:37|20|shiji@forstarfoods.com|DailyCatchEntry_New.php
10 Jun 2020 11:04:39|20|shiji@forstarfoods.com|DailyCatchEntry_New.php
10 Jun 2020 11:04:40|30|pritirm@forstarfoods.com|DailyCatchEntry_New.php
10 Jun 2020 11:04:40|20|shiji@forstarfoods.com|DailyCatchEntry_New.php
10 Jun 2020 11:04:41|30|pritirm@forstarfoods.com|CatchEntryDeclaredItem.php
10 Jun 2020 11:04:41|20|shiji@forstarfoods.com|DailyCatchEntry_New.php
10 Jun 2020 11:04:43|20|shiji@forstarfoods.com|DailyCatchEntry_New.php
10 Jun 2020 11:04:44|30|pritirm@forstarfoods.com|DailyCatchEntry_New.php
10 Jun 2020 11:04:45|20|shiji@forstarfoods.com|CatchEntryDeclaredItem.php
10 Jun 2020 11:04:47|30|pritirm@forstarfoods.com|DailyCatchEntry_New.php
10 Jun 2020 11:04:49|30|pritirm@forstarfoods.com|DailyCatchEntry_New.php
10 Jun 2020 11:04:52|30|pritirm@forstarfoods.com|DailyCatchEntry_New.php
10 Jun 2020 11:04:52|20|shiji@forstarfoods.com|DailyCatchEntry_New.php
10 Jun 2020 11:04:53|30|pritirm@forstarfoods.com|DailyCatchEntry_New.php
10 Jun 2020 11:04:54|30|pritirm@forstarfoods.com|DailyCatchEntry_New.php
10 Jun 2020 11:04:54|20|shiji@forstarfoods.com|DailyCatchEntry_New.php
10 Jun 2020 11:04:55|30|pritirm@forstarfoods.com|DailyCatchEntry_New.php
10 Jun 2020 11:04:57|30|pritirm@forstarfoods.com|DailyCatchEntry_New.php
10 Jun 2020 11:04:58|30|pritirm@forstarfoods.com|DailyCatchEntry_New.php
10 Jun 2020 11:04:58|20|shiji@forstarfoods.com|DailyCatchEntry_New.php
10 Jun 2020 11:04:59|20|shiji@forstarfoods.com|DailyCatchEntry_New.php
10 Jun 2020 11:05:00|20|shiji@forstarfoods.com|DailyCatchEntry_New.php
10 Jun 2020 11:05:01|30|pritirm@forstarfoods.com|DailyCatchEntry_New.php
10 Jun 2020 11:05:02|20|shiji@forstarfoods.com|DailyCatchEntry_New.php
10 Jun 2020 11:05:03|30|pritirm@forstarfoods.com|DailyCatchEntry_New.php
10 Jun 2020 11:05:04|30|pritirm@forstarfoods.com|CatchEntryDeclaredItem.php
10 Jun 2020 11:05:07|20|shiji@forstarfoods.com|DailyCatchEntry_New.php
10 Jun 2020 11:05:09|20|shiji@forstarfoods.com|DailyCatchEntry_New.php
10 Jun 2020 11:05:10|30|pritirm@forstarfoods.com|DailyCatchEntry_New.php
10 Jun 2020 11:05:11|20|shiji@forstarfoods.com|DailyCatchEntry_New.php
10 Jun 2020 11:05:11|30|pritirm@forstarfoods.com|DailyCatchEntry_New.php
10 Jun 2020 11:05:12|20|shiji@forstarfoods.com|DailyCatchEntry_New.php
10 Jun 2020 11:05:13|30|pritirm@forstarfoods.com|DailyCatchEntry_New.php
10 Jun 2020 11:05:14|20|shiji@forstarfoods.com|DailyCatchEntry_New.php
10 Jun 2020 11:05:14|30|pritirm@forstarfoods.com|DailyCatchEntry_New.php
10 Jun 2020 11:05:15|20|shiji@forstarfoods.com|DailyCatchEntry_New.php
10 Jun 2020 11:05:16|20|shiji@forstarfoods.com|DailyCatchEntry_New.php
10 Jun 2020 11:05:18|30|pritirm@forstarfoods.com|DailyCatchEntry_New.php
10 Jun 2020 11:05:18|20|shiji@forstarfoods.com|DailyCatchEntry_New.php
10 Jun 2020 11:05:19|30|pritirm@forstarfoods.com|CatchEntryDeclaredItem.php
10 Jun 2020 11:05:20|20|shiji@forstarfoods.com|CatchEntryDeclaredItem.php
10 Jun 2020 11:05:26|30|pritirm@forstarfoods.com|DailyCatchEntry_New.php
10 Jun 2020 11:05:28|30|pritirm@forstarfoods.com|DailyCatchEntry_New.php
10 Jun 2020 11:05:29|20|shiji@forstarfoods.com|DailyCatchEntry_New.php
10 Jun 2020 11:05:30|30|pritirm@forstarfoods.com|DailyCatchEntry_New.php
10 Jun 2020 11:05:32|20|shiji@forstarfoods.com|DailyCatchEntry_New.php
10 Jun 2020 11:05:33|30|pritirm@forstarfoods.com|DailyCatchEntry_New.php
10 Jun 2020 11:05:34|20|shiji@forstarfoods.com|DailyCatchEntry_New.php
10 Jun 2020 11:05:34|30|pritirm@forstarfoods.com|DailyCatchEntry_New.php
10 Jun 2020 11:05:35|20|shiji@forstarfoods.com|DailyCatchEntry_New.php
10 Jun 2020 11:05:35|30|pritirm@forstarfoods.com|DailyCatchEntry_New.php
10 Jun 2020 11:05:36|20|shiji@forstarfoods.com|DailyCatchEntry_New.php
10 Jun 2020 11:05:37|30|pritirm@forstarfoods.com|DailyCatchEntry_New.php
10 Jun 2020 11:05:37|20|shiji@forstarfoods.com|DailyCatchEntry_New.php
10 Jun 2020 11:05:38|30|pritirm@forstarfoods.com|DailyCatchEntry_New.php
10 Jun 2020 11:05:39|20|shiji@forstarfoods.com|DailyCatchEntry_New.php
10 Jun 2020 11:05:39|30|pritirm@forstarfoods.com|DailyCatchEntry_New.php
10 Jun 2020 11:05:40|20|shiji@forstarfoods.com|DailyCatchEntry_New.php
10 Jun 2020 11:05:41|20|shiji@forstarfoods.com|DailyCatchEntry_New.php
10 Jun 2020 11:05:41|30|pritirm@forstarfoods.com|DailyCatchEntry_New.php
10 Jun 2020 11:05:42|20|shiji@forstarfoods.com|DailyCatchEntry_New.php
10 Jun 2020 11:05:43|20|shiji@forstarfoods.com|DailyCatchEntry_New.php
10 Jun 2020 11:05:44|30|pritirm@forstarfoods.com|DailyCatchEntry_New.php
10 Jun 2020 11:05:45|30|pritirm@forstarfoods.com|CatchEntryDeclaredItem.php
10 Jun 2020 11:05:47|20|shiji@forstarfoods.com|DailyCatchEntry_New.php
10 Jun 2020 11:05:48|20|shiji@forstarfoods.com|CatchEntryDeclaredItem.php
10 Jun 2020 11:05:48|30|pritirm@forstarfoods.com|DailyCatchEntry_New.php
10 Jun 2020 11:05:50|20|shiji@forstarfoods.com|DailyCatchEntry_New.php
10 Jun 2020 11:05:50|30|pritirm@forstarfoods.com|DailyCatchEntry_New.php
10 Jun 2020 11:05:51|20|shiji@forstarfoods.com|DailyCatchEntry_New.php
10 Jun 2020 11:05:52|30|pritirm@forstarfoods.com|DailyCatchEntry_New.php
10 Jun 2020 11:05:53|20|shiji@forstarfoods.com|DailyCatchEntry_New.php
10 Jun 2020 11:05:53|30|pritirm@forstarfoods.com|DailyCatchEntry_New.php
10 Jun 2020 11:05:54|20|shiji@forstarfoods.com|DailyCatchEntry_New.php
10 Jun 2020 11:05:55|30|pritirm@forstarfoods.com|DailyCatchEntry_New.php
10 Jun 2020 11:05:56|30|pritirm@forstarfoods.com|DailyCatchEntry_New.php
10 Jun 2020 11:05:57|30|pritirm@forstarfoods.com|DailyCatchEntry_New.php
10 Jun 2020 11:05:58|30|pritirm@forstarfoods.com|DailyCatchEntry_New.php
10 Jun 2020 11:06:04|30|pritirm@forstarfoods.com|DailyCatchEntry_New.php
10 Jun 2020 11:06:07|20|shiji@forstarfoods.com|DailyCatchEntry_New.php
10 Jun 2020 11:06:07|30|pritirm@forstarfoods.com|DailyCatchEntry_New.php
10 Jun 2020 11:06:08|20|shiji@forstarfoods.com|CatchEntryDeclaredItem.php
10 Jun 2020 11:06:08|30|pritirm@forstarfoods.com|CatchEntryDeclaredItem.php
10 Jun 2020 11:06:11|30|pritirm@forstarfoods.com|DailyCatchEntry_New.php
10 Jun 2020 11:06:12|30|pritirm@forstarfoods.com|DailyCatchEntry_New.php
10 Jun 2020 11:06:15|30|pritirm@forstarfoods.com|DailyCatchEntry_New.php
10 Jun 2020 11:06:16|30|pritirm@forstarfoods.com|DailyCatchEntry_New.php
10 Jun 2020 11:06:17|30|pritirm@forstarfoods.com|DailyCatchEntry_New.php
10 Jun 2020 11:06:18|30|pritirm@forstarfoods.com|DailyCatchEntry_New.php
10 Jun 2020 11:06:20|30|pritirm@forstarfoods.com|DailyCatchEntry_New.php
10 Jun 2020 11:06:21|30|pritirm@forstarfoods.com|DailyCatchEntry_New.php
10 Jun 2020 11:06:23|20|shiji@forstarfoods.com|DailyCatchEntry_New.php
10 Jun 2020 11:06:23|30|pritirm@forstarfoods.com|DailyCatchEntry_New.php
10 Jun 2020 11:06:24|20|shiji@forstarfoods.com|DailyCatchEntry_New.php
10 Jun 2020 11:06:25|20|shiji@forstarfoods.com|DailyCatchEntry_New.php
10 Jun 2020 11:06:25|30|pritirm@forstarfoods.com|DailyCatchEntry_New.php
10 Jun 2020 11:06:27|20|shiji@forstarfoods.com|DailyCatchEntry_New.php
10 Jun 2020 11:06:27|30|pritirm@forstarfoods.com|CatchEntryDeclaredItem.php
10 Jun 2020 11:06:28|20|shiji@forstarfoods.com|DailyCatchEntry_New.php
10 Jun 2020 11:06:29|20|shiji@forstarfoods.com|DailyCatchEntry_New.php
10 Jun 2020 11:06:30|30|pritirm@forstarfoods.com|DailyCatchEntry_New.php
10 Jun 2020 11:06:32|30|pritirm@forstarfoods.com|DailyCatchEntry_New.php
10 Jun 2020 11:06:33|20|shiji@forstarfoods.com|DailyCatchEntry_New.php
10 Jun 2020 11:06:34|30|pritirm@forstarfoods.com|DailyCatchEntry_New.php
10 Jun 2020 11:06:34|20|shiji@forstarfoods.com|DailyCatchEntry_New.php
10 Jun 2020 11:06:35|30|pritirm@forstarfoods.com|DailyCatchEntry_New.php
10 Jun 2020 11:06:37|30|pritirm@forstarfoods.com|DailyCatchEntry_New.php
10 Jun 2020 11:06:37|20|shiji@forstarfoods.com|DailyCatchEntry_New.php
10 Jun 2020 11:06:38|30|pritirm@forstarfoods.com|DailyCatchEntry_New.php
10 Jun 2020 11:06:39|30|pritirm@forstarfoods.com|DailyCatchEntry_New.php
10 Jun 2020 11:06:39|20|shiji@forstarfoods.com|DailyCatchEntry_New.php
10 Jun 2020 11:06:40|30|pritirm@forstarfoods.com|DailyCatchEntry_New.php
10 Jun 2020 11:06:41|20|shiji@forstarfoods.com|DailyCatchEntry_New.php
10 Jun 2020 11:06:42|20|shiji@forstarfoods.com|DailyCatchEntry_New.php
10 Jun 2020 11:06:43|20|shiji@forstarfoods.com|DailyCatchEntry_New.php
10 Jun 2020 11:06:44|20|shiji@forstarfoods.com|DailyCatchEntry_New.php
10 Jun 2020 11:06:46|20|shiji@forstarfoods.com|DailyCatchEntry_New.php
10 Jun 2020 11:06:48|30|pritirm@forstarfoods.com|DailyCatchEntry_New.php
10 Jun 2020 11:06:50|30|pritirm@forstarfoods.com|DailyCatchEntry_New.php
10 Jun 2020 11:06:52|30|pritirm@forstarfoods.com|CatchEntryDeclaredItem.php
10 Jun 2020 11:06:54|30|pritirm@forstarfoods.com|DailyCatchReport.php
10 Jun 2020 11:07:03|20|shiji@forstarfoods.com|DailyCatchEntry_New.php
10 Jun 2020 11:07:06|20|shiji@forstarfoods.com|DailyCatchEntry_New.php
10 Jun 2020 11:07:07|20|shiji@forstarfoods.com|CatchEntryDeclaredItem.php
10 Jun 2020 11:07:15|20|shiji@forstarfoods.com|DailyCatchEntry_New.php
10 Jun 2020 11:07:18|20|shiji@forstarfoods.com|DailyCatchEntry_New.php
10 Jun 2020 11:07:21|20|shiji@forstarfoods.com|DailyCatchEntry_New.php
10 Jun 2020 11:07:22|20|shiji@forstarfoods.com|DailyCatchEntry_New.php
10 Jun 2020 11:07:22|30|pritirm@forstarfoods.com|DailyCatchReport.php
10 Jun 2020 11:07:24|20|shiji@forstarfoods.com|DailyCatchEntry_New.php
10 Jun 2020 11:07:26|30|pritirm@forstarfoods.com|DailyCatchReport.php
10 Jun 2020 11:07:26|20|shiji@forstarfoods.com|DailyCatchEntry_New.php
10 Jun 2020 11:07:27|20|shiji@forstarfoods.com|DailyCatchEntry_New.php
10 Jun 2020 11:07:27|30|pritirm@forstarfoods.com|DailyCatchReport.php
10 Jun 2020 11:07:28|20|shiji@forstarfoods.com|DailyCatchEntry_New.php
10 Jun 2020 11:07:29|30|pritirm@forstarfoods.com|DailyCatchReport.php
10 Jun 2020 11:07:29|20|shiji@forstarfoods.com|DailyCatchEntry_New.php
10 Jun 2020 11:07:31|20|shiji@forstarfoods.com|DailyCatchEntry_New.php
10 Jun 2020 11:07:32|20|shiji@forstarfoods.com|DailyCatchEntry_New.php
10 Jun 2020 11:07:32|30|pritirm@forstarfoods.com|DailyCatchReport.php
10 Jun 2020 11:07:34|30|pritirm@forstarfoods.com|DailyCatchReport.php
10 Jun 2020 11:07:35|20|shiji@forstarfoods.com|DailyCatchEntry_New.php
10 Jun 2020 11:07:35|30|pritirm@forstarfoods.com|DailyCatchReport.php
10 Jun 2020 11:07:36|20|shiji@forstarfoods.com|CatchEntryDeclaredItem.php
10 Jun 2020 11:07:44|20|shiji@forstarfoods.com|DailyCatchEntry_New.php
10 Jun 2020 11:07:44|30|pritirm@forstarfoods.com|PrintDailyCatchReportMemo.php
10 Jun 2020 11:07:46|20|shiji@forstarfoods.com|DailyCatchEntry_New.php
10 Jun 2020 11:07:48|20|shiji@forstarfoods.com|DailyCatchEntry_New.php
10 Jun 2020 11:07:49|20|shiji@forstarfoods.com|DailyCatchEntry_New.php
10 Jun 2020 11:07:51|20|shiji@forstarfoods.com|DailyCatchEntry_New.php
10 Jun 2020 11:07:52|20|shiji@forstarfoods.com|DailyCatchEntry_New.php
10 Jun 2020 11:07:53|20|shiji@forstarfoods.com|DailyCatchEntry_New.php
10 Jun 2020 11:07:54|20|shiji@forstarfoods.com|DailyCatchEntry_New.php
10 Jun 2020 11:07:56|20|shiji@forstarfoods.com|DailyCatchEntry_New.php
10 Jun 2020 11:07:59|20|shiji@forstarfoods.com|DailyCatchEntry_New.php
10 Jun 2020 11:08:00|20|shiji@forstarfoods.com|CatchEntryDeclaredItem.php
10 Jun 2020 11:08:07|30|pritirm@forstarfoods.com|DailyCatchReport.php
10 Jun 2020 11:08:08|30|pritirm@forstarfoods.com|DailyCatchReport.php
10 Jun 2020 11:08:10|20|shiji@forstarfoods.com|DailyCatchEntry_New.php
10 Jun 2020 11:08:10|30|pritirm@forstarfoods.com|DailyCatchReport.php
10 Jun 2020 11:08:13|30|pritirm@forstarfoods.com|DailyCatchReport.php
10 Jun 2020 11:08:14|20|shiji@forstarfoods.com|DailyCatchEntry_New.php
10 Jun 2020 11:08:15|30|pritirm@forstarfoods.com|DailyCatchReport.php
10 Jun 2020 11:08:16|20|shiji@forstarfoods.com|DailyCatchEntry_New.php
10 Jun 2020 11:08:16|30|pritirm@forstarfoods.com|DailyCatchReport.php
10 Jun 2020 11:08:17|20|shiji@forstarfoods.com|DailyCatchEntry_New.php
10 Jun 2020 11:08:17|30|pritirm@forstarfoods.com|DailyCatchReport.php
10 Jun 2020 11:08:19|20|shiji@forstarfoods.com|DailyCatchEntry_New.php
10 Jun 2020 11:08:19|30|pritirm@forstarfoods.com|DailyCatchReport.php
10 Jun 2020 11:08:20|20|shiji@forstarfoods.com|DailyCatchEntry_New.php
10 Jun 2020 11:08:21|30|pritirm@forstarfoods.com|DailyCatchReport.php
10 Jun 2020 11:08:21|20|shiji@forstarfoods.com|DailyCatchEntry_New.php
10 Jun 2020 11:08:22|30|pritirm@forstarfoods.com|DailyCatchReport.php
10 Jun 2020 11:08:22|20|shiji@forstarfoods.com|DailyCatchEntry_New.php
10 Jun 2020 11:08:23|20|shiji@forstarfoods.com|DailyCatchEntry_New.php
10 Jun 2020 11:08:25|30|pritirm@forstarfoods.com|PrintDailyCatchReportMemo.php
10 Jun 2020 11:08:46|30|pritirm@forstarfoods.com|DailyCatchEntry_New.php
10 Jun 2020 11:08:51|30|pritirm@forstarfoods.com|DailyCatchEntry_New.php
10 Jun 2020 11:08:52|30|pritirm@forstarfoods.com|DailyCatchEntry_New.php
10 Jun 2020 11:08:53|30|pritirm@forstarfoods.com|DailyCatchEntry_New.php
10 Jun 2020 11:08:56|30|pritirm@forstarfoods.com|DailyCatchEntry_New.php
10 Jun 2020 11:08:57|30|pritirm@forstarfoods.com|DailyCatchEntry_New.php
10 Jun 2020 11:08:58|30|pritirm@forstarfoods.com|DailyCatchEntry_New.php
10 Jun 2020 11:09:02|30|pritirm@forstarfoods.com|DailyCatchEntry_New.php
10 Jun 2020 11:09:05|30|pritirm@forstarfoods.com|DailyCatchEntry_New.php
10 Jun 2020 11:09:06|30|pritirm@forstarfoods.com|DailyCatchEntry_New.php
10 Jun 2020 11:09:07|30|pritirm@forstarfoods.com|CatchEntryDeclaredItem.php
10 Jun 2020 11:09:08|30|pritirm@forstarfoods.com|DailyCatchEntry_New.php
10 Jun 2020 11:09:10|30|pritirm@forstarfoods.com|CatchEntryDeclaredItem.php
10 Jun 2020 11:09:11|30|pritirm@forstarfoods.com|DailyCatchEntry_New.php
10 Jun 2020 11:09:12|30|pritirm@forstarfoods.com|CatchEntryDeclaredItem.php
10 Jun 2020 11:09:14|30|pritirm@forstarfoods.com|DailyCatchEntry_New.php
10 Jun 2020 11:09:16|30|pritirm@forstarfoods.com|DailyCatchEntry_New.php
10 Jun 2020 11:09:18|30|pritirm@forstarfoods.com|DailyCatchEntry_New.php
10 Jun 2020 11:09:22|30|pritirm@forstarfoods.com|DailyCatchReport.php
10 Jun 2020 11:09:30|20|shiji@forstarfoods.com|DailyCatchEntry_New.php
10 Jun 2020 11:09:31|30|pritirm@forstarfoods.com|DailyCatchReport.php
10 Jun 2020 11:09:32|20|shiji@forstarfoods.com|CatchEntryDeclaredItem.php
10 Jun 2020 11:09:33|30|pritirm@forstarfoods.com|DailyCatchReport.php
10 Jun 2020 11:09:35|30|pritirm@forstarfoods.com|DailyCatchReport.php
10 Jun 2020 11:09:36|30|pritirm@forstarfoods.com|DailyCatchReport.php
10 Jun 2020 11:09:41|30|pritirm@forstarfoods.com|DailyCatchReport.php
10 Jun 2020 11:09:42|30|pritirm@forstarfoods.com|DailyCatchReport.php
10 Jun 2020 11:09:43|30|pritirm@forstarfoods.com|DailyCatchReport.php
10 Jun 2020 11:09:53|30|pritirm@forstarfoods.com|PrintDailyCatchReportMemo.php
10 Jun 2020 11:10:02|20|shiji@forstarfoods.com|DailyCatchSummary.php
10 Jun 2020 11:10:09|30|pritirm@forstarfoods.com|DailyCatchReport.php
10 Jun 2020 11:10:11|30|pritirm@forstarfoods.com|DailyCatchReport.php
10 Jun 2020 11:10:12|30|pritirm@forstarfoods.com|DailyCatchReport.php
10 Jun 2020 11:10:20|30|pritirm@forstarfoods.com|DailyCatchReport.php
10 Jun 2020 11:10:22|30|pritirm@forstarfoods.com|DailyCatchReport.php
10 Jun 2020 11:10:23|30|pritirm@forstarfoods.com|DailyCatchReport.php
10 Jun 2020 11:10:25|30|pritirm@forstarfoods.com|DailyCatchReport.php
10 Jun 2020 11:10:26|20|shiji@forstarfoods.com|DailyCatchSummary.php
10 Jun 2020 11:10:28|30|pritirm@forstarfoods.com|DailyCatchReport.php
10 Jun 2020 11:10:29|30|pritirm@forstarfoods.com|DailyCatchReport.php
10 Jun 2020 11:10:31|30|pritirm@forstarfoods.com|DailyCatchReport.php
10 Jun 2020 11:10:34|30|pritirm@forstarfoods.com|PrintDailyCatchReportMemo.php
10 Jun 2020 11:10:42|24|shashikala@forstarfoods.com|DailyPreProcess.php
10 Jun 2020 11:10:51|24|shashikala@forstarfoods.com|DailyPreProcess.php
10 Jun 2020 11:10:54|30|pritirm@forstarfoods.com|DailyCatchReport.php
10 Jun 2020 11:10:55|30|pritirm@forstarfoods.com|DailyCatchReport.php
10 Jun 2020 11:10:57|30|pritirm@forstarfoods.com|DailyCatchReport.php
10 Jun 2020 11:11:02|30|pritirm@forstarfoods.com|SupplierAccount.php
10 Jun 2020 11:11:27|30|pritirm@forstarfoods.com|SupplierAccount.php
10 Jun 2020 11:11:30|30|pritirm@forstarfoods.com|SupplierAccount.php
10 Jun 2020 11:11:33|30|pritirm@forstarfoods.com|SupplierAccount.php
10 Jun 2020 11:11:37|30|pritirm@forstarfoods.com|SupplierAccount.php
10 Jun 2020 11:11:52|20|shiji@forstarfoods.com|DailyCatchSummary.php
10 Jun 2020 11:11:58|20|shiji@forstarfoods.com|DailyCatchSummary.php
10 Jun 2020 11:12:07|20|shiji@forstarfoods.com|DailyCatchSummary.php
10 Jun 2020 11:12:19|20|shiji@forstarfoods.com|DailyCatchSummary.php
10 Jun 2020 11:12:22|30|pritirm@forstarfoods.com|SupplierAccount.php
10 Jun 2020 11:12:26|30|pritirm@forstarfoods.com|SupplierAccount.php
10 Jun 2020 11:12:29|30|pritirm@forstarfoods.com|SupplierAccount.php
10 Jun 2020 11:13:03|20|shiji@forstarfoods.com|PrintDailyCatchSummary.php
10 Jun 2020 11:13:08|30|pritirm@forstarfoods.com|SupplierAccount.php
10 Jun 2020 11:13:14|30|pritirm@forstarfoods.com|SupplierAccount.php
10 Jun 2020 11:13:41|30|pritirm@forstarfoods.com|SupplierAccount.php
10 Jun 2020 11:13:44|30|pritirm@forstarfoods.com|SettlementSummary.php
10 Jun 2020 11:13:51|30|pritirm@forstarfoods.com|SettlementSummary.php
10 Jun 2020 11:13:53|30|pritirm@forstarfoods.com|SupplierPayments.php
10 Jun 2020 11:13:55|30|pritirm@forstarfoods.com|SupplierPayments.php
10 Jun 2020 11:13:56|30|pritirm@forstarfoods.com|SupplierPayments.php
10 Jun 2020 11:13:57|30|pritirm@forstarfoods.com|PurchaseReport.php
10 Jun 2020 11:14:01|20|shiji@forstarfoods.com|DailyCatchSummary.php
10 Jun 2020 11:14:04|20|shiji@forstarfoods.com|DailyCatchSummary.php
10 Jun 2020 11:14:06|30|pritirm@forstarfoods.com|PurchaseReport.php
10 Jun 2020 11:14:12|20|shiji@forstarfoods.com|PrintDailyCatchSummary.php
10 Jun 2020 11:14:15|30|pritirm@forstarfoods.com|PrintPurchaseSettlementMemo.php
10 Jun 2020 11:14:22|20|shiji@forstarfoods.com|DailyCatchSummary.php
10 Jun 2020 11:14:30|30|pritirm@forstarfoods.com|PurchaseReport.php
10 Jun 2020 11:14:34|30|pritirm@forstarfoods.com|PrintPurchaseSettlementMemo.php
10 Jun 2020 11:14:47|30|pritirm@forstarfoods.com|PurchaseReport.php
10 Jun 2020 11:14:47|24|shashikala@forstarfoods.com|DailyPreProcess.php
10 Jun 2020 11:14:52|30|pritirm@forstarfoods.com|PrintPurchaseSettlementMemo.php
10 Jun 2020 11:14:55|24|shashikala@forstarfoods.com|DailyPreProcess.php
10 Jun 2020 11:15:31|30|pritirm@forstarfoods.com|PurchaseStatement.php
10 Jun 2020 11:15:37|30|pritirm@forstarfoods.com|PurchaseStatement.php
10 Jun 2020 11:15:44|24|shashikala@forstarfoods.com|DailyPreProcess.php
10 Jun 2020 11:15:45|24|shashikala@forstarfoods.com|DailyPreProcess.php
10 Jun 2020 11:15:58|30|pritirm@forstarfoods.com|PurchaseStatement.php
10 Jun 2020 11:16:05|30|pritirm@forstarfoods.com|PrintPurchaseStatement.php
10 Jun 2020 11:16:19|20|shiji@forstarfoods.com|DailyCatchSummary.php
10 Jun 2020 11:16:29|20|shiji@forstarfoods.com|DailyCatchSummary.php
10 Jun 2020 11:16:35|20|shiji@forstarfoods.com|DailyCatchSummary.php
10 Jun 2020 11:16:40|20|shiji@forstarfoods.com|DailyCatchSummary.php
10 Jun 2020 11:16:48|20|shiji@forstarfoods.com|DailyCatchSummary.php
10 Jun 2020 11:16:54|20|shiji@forstarfoods.com|DailyCatchSummary.php
10 Jun 2020 11:17:14|20|shiji@forstarfoods.com|DailyCatchSummary.php
10 Jun 2020 11:17:17|20|shiji@forstarfoods.com|PrintDailyCatchSummary.php
10 Jun 2020 11:17:53|20|shiji@forstarfoods.com|DailyCatchSummary.php
10 Jun 2020 11:18:06|20|shiji@forstarfoods.com|DailyCatchSummary.php
10 Jun 2020 11:18:17|20|shiji@forstarfoods.com|DailyCatchSummary.php
10 Jun 2020 11:18:25|20|shiji@forstarfoods.com|DailyCatchSummary.php
10 Jun 2020 11:18:29|20|shiji@forstarfoods.com|PrintDailyCatchSummary.php
10 Jun 2020 11:19:05|20|shiji@forstarfoods.com|DailyCatchSummary.php
10 Jun 2020 11:19:15|20|shiji@forstarfoods.com|DailyCatchSummary.php
10 Jun 2020 11:19:19|20|shiji@forstarfoods.com|DailyCatchSummary.php
10 Jun 2020 11:19:21|20|shiji@forstarfoods.com|DailyCatchSummary.php
10 Jun 2020 11:19:34|20|shiji@forstarfoods.com|PrintDailyCatchSummary.php
10 Jun 2020 11:19:45|20|shiji@forstarfoods.com|DailyCatchSummary.php
10 Jun 2020 11:19:50|20|shiji@forstarfoods.com|DailyCatchSummary.php
10 Jun 2020 11:19:52|20|shiji@forstarfoods.com|DailyCatchSummary.php
10 Jun 2020 11:19:57|20|shiji@forstarfoods.com|DailyCatchSummary.php
10 Jun 2020 11:20:06|20|shiji@forstarfoods.com|PrintDailyCatchSummary.php
10 Jun 2020 11:23:08|20|shiji@forstarfoods.com|DailyCatchSummary.php
10 Jun 2020 11:23:23|20|shiji@forstarfoods.com|DailyCatchSummary.php
10 Jun 2020 11:23:28|20|shiji@forstarfoods.com|DailyCatchSummary.php
10 Jun 2020 11:23:30|20|shiji@forstarfoods.com|DailyCatchSummary.php
10 Jun 2020 11:23:41|20|shiji@forstarfoods.com|PrintDailyCatchSummary.php
10 Jun 2020 11:26:07|20|shiji@forstarfoods.com|DailyCatchSummary.php
10 Jun 2020 11:26:10|30|pritirm@forstarfoods.com|SupplierAccount.php
10 Jun 2020 11:26:11|20|shiji@forstarfoods.com|DailyCatchSummary.php
10 Jun 2020 11:26:15|20|shiji@forstarfoods.com|DailyCatchSummary.php
10 Jun 2020 11:26:20|30|pritirm@forstarfoods.com|SupplierAccount.php
10 Jun 2020 11:26:46|20|shiji@forstarfoods.com|DailyCatchSummary.php
10 Jun 2020 11:26:52|20|shiji@forstarfoods.com|DailyCatchSummary.php
10 Jun 2020 11:26:59|20|shiji@forstarfoods.com|DailyCatchSummary.php
10 Jun 2020 11:27:07|20|shiji@forstarfoods.com|PrintDailyCatchSummary.php
10 Jun 2020 11:29:05|20|shiji@forstarfoods.com|DailyCatchSummary.php
10 Jun 2020 11:29:25|20|shiji@forstarfoods.com|DailyCatchSummary.php
10 Jun 2020 11:32:54|24|shashikala@forstarfoods.com|DailyPreProcess.php
10 Jun 2020 11:33:30|24|shashikala@forstarfoods.com|DailyPreProcess.php
10 Jun 2020 11:33:37|24|shashikala@forstarfoods.com|DailyPreProcess.php
10 Jun 2020 11:33:39|24|shashikala@forstarfoods.com|DailyPreProcess.php
10 Jun 2020 11:35:30|20|shiji@forstarfoods.com|DailyCatchSummary.php
10 Jun 2020 11:35:44|20|shiji@forstarfoods.com|DailyCatchSummary.php
10 Jun 2020 11:36:07|20|shiji@forstarfoods.com|DailyCatchSummary.php
10 Jun 2020 11:36:10|20|shiji@forstarfoods.com|DailyCatchSummary.php
10 Jun 2020 11:36:13|20|shiji@forstarfoods.com|DailyCatchSummary.php
10 Jun 2020 11:37:05|20|shiji@forstarfoods.com|DailyCatchSummary.php
10 Jun 2020 11:37:40|20|shiji@forstarfoods.com|DailyCatchSummary.php
10 Jun 2020 11:37:45|20|shiji@forstarfoods.com|DailyCatchSummary.php
10 Jun 2020 11:37:47|20|shiji@forstarfoods.com|DailyCatchSummary.php
10 Jun 2020 11:38:29|20|shiji@forstarfoods.com|DailyCatchSummary.php
10 Jun 2020 11:38:39|20|shiji@forstarfoods.com|DailyCatchSummary.php
10 Jun 2020 11:38:41|20|shiji@forstarfoods.com|DailyCatchSummary.php
10 Jun 2020 11:38:48|20|shiji@forstarfoods.com|DailyCatchSummary.php
10 Jun 2020 11:38:52|20|shiji@forstarfoods.com|PrintDailyCatchSummary.php
10 Jun 2020 11:40:28|24|shashikala@forstarfoods.com|DailyPreProcess.php
10 Jun 2020 11:42:14|24|shashikala@forstarfoods.com|DailyRMCB.php
10 Jun 2020 11:42:23|24|shashikala@forstarfoods.com|DailyRMCB.php
10 Jun 2020 11:42:26|24|shashikala@forstarfoods.com|DailyRMCB.php
10 Jun 2020 11:42:34|24|shashikala@forstarfoods.com|DailyRMCB.php
10 Jun 2020 11:42:38|24|shashikala@forstarfoods.com|DailyRMCB.php
10 Jun 2020 11:43:37|24|shashikala@forstarfoods.com|DailyRMCB.php
10 Jun 2020 11:43:40|24|shashikala@forstarfoods.com|DailyRMCB.php
10 Jun 2020 11:43:45|24|shashikala@forstarfoods.com|DailyRMCB.php
10 Jun 2020 11:43:56|24|shashikala@forstarfoods.com|DailyRMCB.php
10 Jun 2020 11:44:55|24|shashikala@forstarfoods.com|DailyRMCB.php
10 Jun 2020 11:44:58|24|shashikala@forstarfoods.com|DailyRMCB.php
10 Jun 2020 11:45:02|24|shashikala@forstarfoods.com|Home.php
10 Jun 2020 11:45:19|24|shashikala@forstarfoods.com|Home.php
10 Jun 2020 11:45:25|24|shashikala@forstarfoods.com|DailyPreProcess.php
10 Jun 2020 11:45:31|24|shashikala@forstarfoods.com|DailyPreProcess.php
10 Jun 2020 11:45:36|24|shashikala@forstarfoods.com|DailyPreProcess.php
10 Jun 2020 11:45:39|24|shashikala@forstarfoods.com|DailyPreProcess.php
10 Jun 2020 11:45:55|24|shashikala@forstarfoods.com|DailyPreProcess.php
10 Jun 2020 11:45:57|24|shashikala@forstarfoods.com|DailyPreProcess.php
10 Jun 2020 11:49:53|24|shashikala@forstarfoods.com|DailyPreProcess.php
10 Jun 2020 11:50:27|24|shashikala@forstarfoods.com|DailyPreProcess.php
10 Jun 2020 11:50:33|24|shashikala@forstarfoods.com|DailyPreProcess.php
10 Jun 2020 11:50:35|24|shashikala@forstarfoods.com|DailyPreProcess.php
10 Jun 2020 11:54:21|24|shashikala@forstarfoods.com|DailyPreProcess.php
10 Jun 2020 11:55:26|24|shashikala@forstarfoods.com|DailyRMCB.php
10 Jun 2020 11:55:37|24|shashikala@forstarfoods.com|DailyRMCB.php
10 Jun 2020 11:55:45|24|shashikala@forstarfoods.com|DailyRMCB.php
10 Jun 2020 11:55:58|24|shashikala@forstarfoods.com|DailyRMCB.php
10 Jun 2020 11:56:02|24|shashikala@forstarfoods.com|DailyRMCB.php
10 Jun 2020 11:56:38|24|shashikala@forstarfoods.com|DailyRMCB.php
10 Jun 2020 11:56:43|24|shashikala@forstarfoods.com|DailyRMCB.php
10 Jun 2020 11:56:47|24|shashikala@forstarfoods.com|DailyRMCB.php
10 Jun 2020 11:56:52|24|shashikala@forstarfoods.com|DailyRMCB.php
10 Jun 2020 11:57:37|24|shashikala@forstarfoods.com|DailyRMCB.php
10 Jun 2020 11:57:40|24|shashikala@forstarfoods.com|DailyRMCB.php
10 Jun 2020 11:57:45|24|shashikala@forstarfoods.com|Home.php
10 Jun 2020 11:57:51|24|shashikala@forstarfoods.com|DailyPreProcess.php
10 Jun 2020 11:58:08|24|shashikala@forstarfoods.com|DailyPreProcess.php
10 Jun 2020 11:58:15|24|shashikala@forstarfoods.com|DailyPreProcess.php
10 Jun 2020 11:58:19|24|shashikala@forstarfoods.com|DailyPreProcess.php
10 Jun 2020 11:58:27|24|shashikala@forstarfoods.com|DailyPreProcess.php
10 Jun 2020 11:58:28|24|shashikala@forstarfoods.com|DailyPreProcess.php
10 Jun 2020 12:02:03|24|shashikala@forstarfoods.com|DailyPreProcess.php
10 Jun 2020 12:02:12|24|shashikala@forstarfoods.com|DailyPreProcess.php
10 Jun 2020 12:02:15|24|shashikala@forstarfoods.com|DailyPreProcess.php
10 Jun 2020 12:02:19|24|shashikala@forstarfoods.com|DailyPreProcess.php
10 Jun 2020 12:02:21|24|shashikala@forstarfoods.com|DailyPreProcess.php
10 Jun 2020 12:04:45|24|shashikala@forstarfoods.com|DailyPreProcess.php
10 Jun 2020 12:06:48|24|shashikala@forstarfoods.com|DailyPreProcess.php
10 Jun 2020 12:06:55|24|shashikala@forstarfoods.com|DailyPreProcess.php
10 Jun 2020 12:06:57|24|shashikala@forstarfoods.com|DailyPreProcess.php
10 Jun 2020 12:10:31|24|shashikala@forstarfoods.com|DailyPreProcess.php
10 Jun 2020 12:12:19|24|shashikala@forstarfoods.com|Home.php
10 Jun 2020 12:12:28|24|shashikala@forstarfoods.com|DailyRMCB.php
10 Jun 2020 12:17:18|20|shiji@forstarfoods.com|DailyCatchSummary.php
10 Jun 2020 12:17:22|20|shiji@forstarfoods.com|DailyCatchSummary.php
10 Jun 2020 12:17:24|20|shiji@forstarfoods.com|DailyCatchSummary.php
10 Jun 2020 12:17:30|20|shiji@forstarfoods.com|DailyCatchSummary.php
10 Jun 2020 12:17:34|20|shiji@forstarfoods.com|DailyCatchSummary.php
10 Jun 2020 12:27:33|20|shiji@forstarfoods.com|DailyCatchSummary.php
10 Jun 2020 12:27:40|20|shiji@forstarfoods.com|DailyCatchSummary.php
10 Jun 2020 12:27:55|20|shiji@forstarfoods.com|DailyCatchSummary.php
10 Jun 2020 12:28:01|20|shiji@forstarfoods.com|DailyCatchSummary.php
10 Jun 2020 13:04:20|24|shashikala@forstarfoods.com|Home.php
10 Jun 2020 13:05:13|24|shashikala@forstarfoods.com|DailyRMCB.php
10 Jun 2020 13:05:20|24|shashikala@forstarfoods.com|DailyRMCB.php
10 Jun 2020 13:05:23|24|shashikala@forstarfoods.com|DailyRMCB.php
10 Jun 2020 13:05:28|24|shashikala@forstarfoods.com|DailyRMCB.php
10 Jun 2020 13:06:12|24|shashikala@forstarfoods.com|DailyRMCB.php
10 Jun 2020 13:06:18|24|shashikala@forstarfoods.com|DailyRMCB.php
10 Jun 2020 13:06:24|24|shashikala@forstarfoods.com|DailyRMCB.php
10 Jun 2020 13:06:30|24|shashikala@forstarfoods.com|DailyRMCB.php
10 Jun 2020 13:06:33|24|shashikala@forstarfoods.com|DailyRMCB.php
10 Jun 2020 13:07:14|24|shashikala@forstarfoods.com|DailyRMCB.php
10 Jun 2020 13:07:17|24|shashikala@forstarfoods.com|DailyRMCB.php
10 Jun 2020 13:07:22|24|shashikala@forstarfoods.com|Home.php
10 Jun 2020 13:42:21|24|shashikala@forstarfoods.com|DailyPreProcess.php
10 Jun 2020 13:42:29|24|shashikala@forstarfoods.com|DailyPreProcess.php
10 Jun 2020 13:42:47|24|shashikala@forstarfoods.com|DailyPreProcess.php
10 Jun 2020 13:42:50|24|shashikala@forstarfoods.com|DailyPreProcess.php
10 Jun 2020 13:42:57|24|shashikala@forstarfoods.com|DailyPreProcess.php
10 Jun 2020 13:42:59|24|shashikala@forstarfoods.com|DailyPreProcess.php
10 Jun 2020 13:46:10|24|shashikala@forstarfoods.com|DailyPreProcess.php
10 Jun 2020 13:46:16|24|shashikala@forstarfoods.com|DailyPreProcess.php
10 Jun 2020 13:46:27|24|shashikala@forstarfoods.com|DailyPreProcess.php
10 Jun 2020 13:46:32|24|shashikala@forstarfoods.com|DailyPreProcess.php
10 Jun 2020 13:46:33|24|shashikala@forstarfoods.com|DailyPreProcess.php
10 Jun 2020 13:47:04|24|shashikala@forstarfoods.com|DailyPreProcess.php
10 Jun 2020 13:47:12|24|shashikala@forstarfoods.com|DailyPreProcess.php
10 Jun 2020 13:47:16|24|shashikala@forstarfoods.com|DailyPreProcess.php
10 Jun 2020 13:47:19|24|shashikala@forstarfoods.com|DailyPreProcess.php
10 Jun 2020 13:47:21|24|shashikala@forstarfoods.com|DailyPreProcess.php
10 Jun 2020 13:51:08|24|shashikala@forstarfoods.com|DailyPreProcess.php
10 Jun 2020 13:51:42|24|shashikala@forstarfoods.com|DailyPreProcess.php
10 Jun 2020 13:51:48|24|shashikala@forstarfoods.com|DailyPreProcess.php
10 Jun 2020 13:51:49|24|shashikala@forstarfoods.com|DailyPreProcess.php
10 Jun 2020 14:00:31|24|shashikala@forstarfoods.com|DailyPreProcess.php
10 Jun 2020 15:25:52|20|shiji@forstarfoods.com|DailyCatchReport.php
10 Jun 2020 15:26:03|20|shiji@forstarfoods.com|DailyCatchReport.php
10 Jun 2020 15:26:08|20|shiji@forstarfoods.com|DailyCatchReport.php
10 Jun 2020 15:26:10|20|shiji@forstarfoods.com|DailyCatchReport.php
10 Jun 2020 15:26:12|20|shiji@forstarfoods.com|DailyCatchReport.php
10 Jun 2020 15:26:13|20|shiji@forstarfoods.com|DailyCatchReport.php
10 Jun 2020 15:26:15|20|shiji@forstarfoods.com|PrintDailyCatchReportMemo.php
10 Jun 2020 15:27:51|20|shiji@forstarfoods.com|DailyCatchEntry_New.php
10 Jun 2020 15:27:56|20|shiji@forstarfoods.com|DailyCatchEntry_New.php
10 Jun 2020 15:27:57|20|shiji@forstarfoods.com|DailyCatchEntry_New.php
10 Jun 2020 15:27:58|20|shiji@forstarfoods.com|DailyCatchEntry_New.php
10 Jun 2020 15:27:59|20|shiji@forstarfoods.com|DailyCatchEntry_New.php
10 Jun 2020 15:28:00|20|shiji@forstarfoods.com|DailyCatchEntry_New.php
10 Jun 2020 15:28:02|20|shiji@forstarfoods.com|DailyCatchEntry_New.php
10 Jun 2020 15:28:03|20|shiji@forstarfoods.com|DailyCatchEntry_New.php
10 Jun 2020 15:28:04|20|shiji@forstarfoods.com|DailyCatchEntry_New.php
10 Jun 2020 15:28:06|20|shiji@forstarfoods.com|DailyCatchEntry_New.php
10 Jun 2020 15:28:34|20|shiji@forstarfoods.com|DailyCatchEntry_New.php
10 Jun 2020 15:28:37|20|shiji@forstarfoods.com|DailyCatchEntry_New.php
10 Jun 2020 15:28:38|20|shiji@forstarfoods.com|DailyCatchEntry_New.php
10 Jun 2020 15:28:40|20|shiji@forstarfoods.com|CatchEntryDeclaredItem.php
10 Jun 2020 15:28:41|20|shiji@forstarfoods.com|DailyCatchEntry_New.php
10 Jun 2020 15:28:42|20|shiji@forstarfoods.com|CatchEntryDeclaredItem.php
10 Jun 2020 15:28:49|20|shiji@forstarfoods.com|DailyCatchEntry_New.php
10 Jun 2020 15:28:52|20|shiji@forstarfoods.com|DailyCatchEntry_New.php
10 Jun 2020 15:28:53|20|shiji@forstarfoods.com|CatchEntryDeclaredItem.php
10 Jun 2020 15:29:08|20|shiji@forstarfoods.com|DailyCatchEntry_New.php
10 Jun 2020 15:29:11|20|shiji@forstarfoods.com|DailyCatchEntry_New.php
10 Jun 2020 15:29:21|20|shiji@forstarfoods.com|DailyCatchEntry_New.php
10 Jun 2020 15:29:24|20|shiji@forstarfoods.com|DailyCatchEntry_New.php
10 Jun 2020 15:29:35|20|shiji@forstarfoods.com|DailyCatchEntry_New.php
10 Jun 2020 15:30:18|20|shiji@forstarfoods.com|DailyCatchReport.php
10 Jun 2020 15:30:43|20|shiji@forstarfoods.com|DailyCatchReport.php
10 Jun 2020 15:30:57|20|shiji@forstarfoods.com|DailyCatchReport.php
10 Jun 2020 15:30:59|20|shiji@forstarfoods.com|DailyCatchReport.php
10 Jun 2020 15:31:01|20|shiji@forstarfoods.com|DailyCatchReport.php
10 Jun 2020 15:31:02|20|shiji@forstarfoods.com|DailyCatchReport.php
10 Jun 2020 15:31:04|20|shiji@forstarfoods.com|PrintDailyCatchReportMemo.php
10 Jun 2020 15:31:37|20|shiji@forstarfoods.com|DailyCatchEntry_New.php
10 Jun 2020 15:31:43|20|shiji@forstarfoods.com|DailyCatchEntry_New.php
10 Jun 2020 15:31:44|20|shiji@forstarfoods.com|DailyCatchEntry_New.php
10 Jun 2020 15:31:45|20|shiji@forstarfoods.com|DailyCatchEntry_New.php
10 Jun 2020 15:31:46|20|shiji@forstarfoods.com|DailyCatchEntry_New.php
10 Jun 2020 15:31:48|20|shiji@forstarfoods.com|DailyCatchEntry_New.php
10 Jun 2020 15:31:49|20|shiji@forstarfoods.com|DailyCatchEntry_New.php
10 Jun 2020 15:31:52|20|shiji@forstarfoods.com|DailyCatchEntry_New.php
10 Jun 2020 15:31:53|20|shiji@forstarfoods.com|DailyCatchEntry_New.php
10 Jun 2020 15:31:55|20|shiji@forstarfoods.com|DailyCatchEntry_New.php
10 Jun 2020 15:31:56|20|shiji@forstarfoods.com|DailyCatchEntry_New.php
10 Jun 2020 15:31:57|20|shiji@forstarfoods.com|DailyCatchEntry_New.php
10 Jun 2020 15:31:58|20|shiji@forstarfoods.com|DailyCatchEntry_New.php
10 Jun 2020 15:32:05|20|shiji@forstarfoods.com|DailyCatchEntry_New.php
10 Jun 2020 15:32:07|20|shiji@forstarfoods.com|DailyCatchEntry_New.php
10 Jun 2020 15:32:09|20|shiji@forstarfoods.com|DailyCatchEntry_New.php
10 Jun 2020 15:32:10|20|shiji@forstarfoods.com|CatchEntryDeclaredItem.php
10 Jun 2020 15:32:11|20|shiji@forstarfoods.com|DailyCatchEntry_New.php
10 Jun 2020 15:32:12|20|shiji@forstarfoods.com|CatchEntryDeclaredItem.php
10 Jun 2020 15:32:16|20|shiji@forstarfoods.com|DailyCatchEntry_New.php
10 Jun 2020 15:32:19|20|shiji@forstarfoods.com|DailyCatchEntry_New.php
10 Jun 2020 15:32:22|20|shiji@forstarfoods.com|DailyCatchEntry_New.php
10 Jun 2020 15:32:30|20|shiji@forstarfoods.com|DailyCatchSummary.php
10 Jun 2020 15:32:35|20|shiji@forstarfoods.com|DailyCatchSummary.php
10 Jun 2020 15:32:38|20|shiji@forstarfoods.com|DailyCatchReport.php
10 Jun 2020 15:32:46|20|shiji@forstarfoods.com|DailyCatchReport.php
10 Jun 2020 15:32:51|20|shiji@forstarfoods.com|DailyCatchReport.php
10 Jun 2020 15:32:53|20|shiji@forstarfoods.com|DailyCatchReport.php
10 Jun 2020 15:32:55|20|shiji@forstarfoods.com|DailyCatchReport.php
10 Jun 2020 15:32:56|20|shiji@forstarfoods.com|DailyCatchReport.php
10 Jun 2020 15:33:00|20|shiji@forstarfoods.com|PrintDailyCatchReportMemo.php
10 Jun 2020 15:34:00|20|shiji@forstarfoods.com|PrintDailyCatchReportMemo.php
10 Jun 2020 15:34:36|20|shiji@forstarfoods.com|DailyCatchReport.php
10 Jun 2020 15:34:37|20|shiji@forstarfoods.com|DailyCatchReport.php
10 Jun 2020 15:34:39|20|shiji@forstarfoods.com|DailyCatchReport.php
10 Jun 2020 15:34:48|20|shiji@forstarfoods.com|DailyCatchReport.php
10 Jun 2020 15:34:49|20|shiji@forstarfoods.com|DailyCatchReport.php
10 Jun 2020 15:34:51|20|shiji@forstarfoods.com|DailyCatchReport.php
10 Jun 2020 15:34:52|20|shiji@forstarfoods.com|DailyCatchReport.php
10 Jun 2020 15:34:54|20|shiji@forstarfoods.com|DailyCatchReport.php
10 Jun 2020 15:34:56|20|shiji@forstarfoods.com|DailyCatchReport.php
10 Jun 2020 15:34:57|20|shiji@forstarfoods.com|DailyCatchReport.php
10 Jun 2020 15:34:59|20|shiji@forstarfoods.com|PrintDailyCatchReportMemo.php
10 Jun 2020 15:50:05|20|shiji@forstarfoods.com|PrintDailyCatchReportMemo.php
10 Jun 2020 15:50:55|20|shiji@forstarfoods.com|DailyCatchReport.php
10 Jun 2020 15:50:57|20|shiji@forstarfoods.com|DailyCatchReport.php
10 Jun 2020 15:50:58|20|shiji@forstarfoods.com|DailyCatchReport.php
10 Jun 2020 15:51:06|20|shiji@forstarfoods.com|DailyCatchReport.php
10 Jun 2020 15:51:08|20|shiji@forstarfoods.com|DailyCatchReport.php
10 Jun 2020 15:51:09|20|shiji@forstarfoods.com|DailyCatchReport.php
10 Jun 2020 15:51:11|20|shiji@forstarfoods.com|DailyCatchReport.php
10 Jun 2020 15:51:15|20|shiji@forstarfoods.com|DailyCatchReport.php
10 Jun 2020 15:51:17|20|shiji@forstarfoods.com|DailyCatchReport.php
10 Jun 2020 15:51:18|20|shiji@forstarfoods.com|DailyCatchReport.php
10 Jun 2020 15:51:20|20|shiji@forstarfoods.com|PrintDailyCatchReportMemo.php
10 Jun 2020 15:54:50|20|shiji@forstarfoods.com|PrintDailyCatchReportMemo.php
10 Jun 2020 15:55:22|20|shiji@forstarfoods.com|DailyCatchReport.php
10 Jun 2020 15:55:24|20|shiji@forstarfoods.com|DailyCatchReport.php
10 Jun 2020 15:55:25|20|shiji@forstarfoods.com|DailyCatchReport.php
10 Jun 2020 15:55:31|20|shiji@forstarfoods.com|DailyCatchReport.php
10 Jun 2020 15:55:33|20|shiji@forstarfoods.com|DailyCatchReport.php
10 Jun 2020 15:55:35|20|shiji@forstarfoods.com|DailyCatchReport.php
10 Jun 2020 15:55:36|20|shiji@forstarfoods.com|DailyCatchReport.php
10 Jun 2020 15:55:46|20|shiji@forstarfoods.com|DailyCatchReport.php
10 Jun 2020 15:55:47|20|shiji@forstarfoods.com|DailyCatchReport.php
10 Jun 2020 15:55:49|20|shiji@forstarfoods.com|DailyCatchReport.php
10 Jun 2020 15:56:02|20|shiji@forstarfoods.com|DailyCatchReport.php
10 Jun 2020 15:56:04|20|shiji@forstarfoods.com|DailyCatchReport.php
10 Jun 2020 15:56:06|20|shiji@forstarfoods.com|DailyCatchReport.php
10 Jun 2020 15:56:07|20|shiji@forstarfoods.com|DailyCatchReport.php
10 Jun 2020 15:56:11|20|shiji@forstarfoods.com|PrintDailyCatchReportMemo.php
10 Jun 2020 15:57:40|20|shiji@forstarfoods.com|PrintDailyCatchReportMemo.php
10 Jun 2020 16:02:18|20|shiji@forstarfoods.com|DailyCatchReport.php
10 Jun 2020 16:02:20|20|shiji@forstarfoods.com|DailyCatchReport.php
10 Jun 2020 16:02:21|20|shiji@forstarfoods.com|DailyCatchReport.php
10 Jun 2020 16:02:29|20|shiji@forstarfoods.com|DailyCatchReport.php
10 Jun 2020 16:02:31|20|shiji@forstarfoods.com|DailyCatchReport.php
10 Jun 2020 16:02:32|20|shiji@forstarfoods.com|DailyCatchReport.php
10 Jun 2020 16:02:34|20|shiji@forstarfoods.com|DailyCatchReport.php
10 Jun 2020 16:02:41|20|shiji@forstarfoods.com|DailyCatchReport.php
10 Jun 2020 16:02:43|20|shiji@forstarfoods.com|DailyCatchReport.php
10 Jun 2020 16:02:44|20|shiji@forstarfoods.com|DailyCatchReport.php
10 Jun 2020 16:02:50|20|shiji@forstarfoods.com|PrintDailyCatchReportMemo.php
10 Jun 2020 16:03:30|20|shiji@forstarfoods.com|DailyCatchEntry_New.php
10 Jun 2020 16:03:36|20|shiji@forstarfoods.com|DailyCatchEntry_New.php
10 Jun 2020 16:03:37|20|shiji@forstarfoods.com|DailyCatchEntry_New.php
10 Jun 2020 16:03:39|20|shiji@forstarfoods.com|DailyCatchEntry_New.php
10 Jun 2020 16:03:46|20|shiji@forstarfoods.com|DailyCatchEntry_New.php
10 Jun 2020 16:03:49|20|shiji@forstarfoods.com|DailyCatchEntry_New.php
10 Jun 2020 16:03:50|20|shiji@forstarfoods.com|DailyCatchEntry_New.php
10 Jun 2020 16:03:51|20|shiji@forstarfoods.com|CatchEntryDeclaredItem.php
10 Jun 2020 16:03:53|20|shiji@forstarfoods.com|DailyCatchEntry_New.php
10 Jun 2020 16:03:54|20|shiji@forstarfoods.com|CatchEntryDeclaredItem.php
10 Jun 2020 16:03:59|20|shiji@forstarfoods.com|DailyCatchEntry_New.php
10 Jun 2020 16:04:01|20|shiji@forstarfoods.com|DailyCatchEntry_New.php
10 Jun 2020 16:04:04|20|shiji@forstarfoods.com|DailyCatchEntry_New.php
10 Jun 2020 16:04:22|20|shiji@forstarfoods.com|DailyCatchReport.php
10 Jun 2020 16:04:35|20|shiji@forstarfoods.com|DailyCatchReport.php
10 Jun 2020 16:04:39|20|shiji@forstarfoods.com|DailyCatchReport.php
10 Jun 2020 16:04:42|20|shiji@forstarfoods.com|DailyCatchReport.php
10 Jun 2020 16:04:43|20|shiji@forstarfoods.com|DailyCatchReport.php
10 Jun 2020 16:04:45|20|shiji@forstarfoods.com|DailyCatchReport.php
10 Jun 2020 16:04:48|20|shiji@forstarfoods.com|PrintDailyCatchReportMemo.php
10 Jun 2020 16:05:14|20|shiji@forstarfoods.com|PrintDailyCatchReportMemo.php
10 Jun 2020 16:05:47|20|shiji@forstarfoods.com|DailyCatchReport.php
10 Jun 2020 16:05:48|20|shiji@forstarfoods.com|DailyCatchReport.php
10 Jun 2020 16:05:49|20|shiji@forstarfoods.com|DailyCatchReport.php
10 Jun 2020 16:05:54|20|shiji@forstarfoods.com|DailyCatchReport.php
10 Jun 2020 16:05:55|20|shiji@forstarfoods.com|DailyCatchReport.php
10 Jun 2020 16:05:57|20|shiji@forstarfoods.com|DailyCatchReport.php
10 Jun 2020 16:05:58|20|shiji@forstarfoods.com|DailyCatchReport.php
10 Jun 2020 16:06:01|20|shiji@forstarfoods.com|DailyCatchReport.php
10 Jun 2020 16:06:03|20|shiji@forstarfoods.com|DailyCatchReport.php
10 Jun 2020 16:06:04|20|shiji@forstarfoods.com|DailyCatchReport.php
10 Jun 2020 16:06:07|20|shiji@forstarfoods.com|PrintDailyCatchReportMemo.php
10 Jun 2020 16:06:25|20|shiji@forstarfoods.com|PrintDailyCatchReportMemo.php
10 Jun 2020 16:07:04|20|shiji@forstarfoods.com|DailyCatchReport.php
10 Jun 2020 16:07:06|20|shiji@forstarfoods.com|DailyCatchReport.php
10 Jun 2020 16:07:07|20|shiji@forstarfoods.com|DailyCatchReport.php
10 Jun 2020 16:22:43|20|shiji@forstarfoods.com|SupplierAccount.php
10 Jun 2020 16:22:50|20|shiji@forstarfoods.com|SupplierAccount.php
10 Jun 2020 16:22:54|20|shiji@forstarfoods.com|SupplierAccount.php
10 Jun 2020 16:22:57|20|shiji@forstarfoods.com|SupplierAccount.php
10 Jun 2020 16:23:01|20|shiji@forstarfoods.com|SupplierAccount.php
10 Jun 2020 16:34:13|24|shashikala@forstarfoods.com|Home.php
10 Jun 2020 16:34:36|24|shashikala@forstarfoods.com|DailyRMCB.php
10 Jun 2020 16:34:52|24|shashikala@forstarfoods.com|DailyRMCB.php
10 Jun 2020 16:34:55|24|shashikala@forstarfoods.com|DailyRMCB.php
10 Jun 2020 16:35:00|24|shashikala@forstarfoods.com|DailyRMCB.php
10 Jun 2020 16:36:02|24|shashikala@forstarfoods.com|DailyRMCB.php
10 Jun 2020 16:36:05|24|shashikala@forstarfoods.com|DailyRMCB.php
10 Jun 2020 16:36:09|24|shashikala@forstarfoods.com|DailyRMCB.php
10 Jun 2020 16:36:19|24|shashikala@forstarfoods.com|DailyRMCB.php
10 Jun 2020 16:36:23|24|shashikala@forstarfoods.com|DailyRMCB.php
10 Jun 2020 16:36:53|24|shashikala@forstarfoods.com|DailyRMCB.php
10 Jun 2020 16:36:59|24|shashikala@forstarfoods.com|DailyRMCB.php
10 Jun 2020 16:37:06|24|shashikala@forstarfoods.com|DailyRMCB.php
10 Jun 2020 16:38:01|24|shashikala@forstarfoods.com|DailyRMCB.php
10 Jun 2020 16:38:04|24|shashikala@forstarfoods.com|DailyRMCB.php
10 Jun 2020 16:38:10|24|shashikala@forstarfoods.com|DailyRMCB.php
10 Jun 2020 16:39:18|24|shashikala@forstarfoods.com|Home.php
10 Jun 2020 16:39:26|24|shashikala@forstarfoods.com|DailyPreProcess.php
10 Jun 2020 16:39:35|24|shashikala@forstarfoods.com|DailyPreProcess.php
10 Jun 2020 16:42:56|24|shashikala@forstarfoods.com|DailyPreProcess.php
10 Jun 2020 16:43:07|24|shashikala@forstarfoods.com|DailyPreProcess.php
10 Jun 2020 16:43:09|24|shashikala@forstarfoods.com|DailyPreProcess.php
10 Jun 2020 17:01:08|24|shashikala@forstarfoods.com|DailyPreProcess.php
10 Jun 2020 17:01:18|24|shashikala@forstarfoods.com|DailyPreProcess.php
10 Jun 2020 17:01:24|24|shashikala@forstarfoods.com|DailyPreProcess.php
10 Jun 2020 17:01:41|24|shashikala@forstarfoods.com|DailyPreProcess.php
10 Jun 2020 17:01:43|24|shashikala@forstarfoods.com|DailyPreProcess.php
10 Jun 2020 17:09:34|24|shashikala@forstarfoods.com|DailyPreProcess.php
10 Jun 2020 17:16:53|24|shashikala@forstarfoods.com|DailyRMCB.php
10 Jun 2020 17:24:55|24|shashikala@forstarfoods.com|Home.php
10 Jun 2020 17:25:32|24|shashikala@forstarfoods.com|DailyRMCB.php
10 Jun 2020 17:25:46|24|shashikala@forstarfoods.com|DailyRMCB.php
10 Jun 2020 17:25:49|24|shashikala@forstarfoods.com|DailyRMCB.php
10 Jun 2020 17:25:55|24|shashikala@forstarfoods.com|DailyRMCB.php
10 Jun 2020 17:26:51|24|shashikala@forstarfoods.com|DailyRMCB.php
10 Jun 2020 17:26:54|24|shashikala@forstarfoods.com|DailyRMCB.php
10 Jun 2020 17:26:58|24|shashikala@forstarfoods.com|DailyRMCB.php
10 Jun 2020 17:27:02|24|shashikala@forstarfoods.com|DailyRMCB.php
10 Jun 2020 17:27:06|24|shashikala@forstarfoods.com|DailyRMCB.php
10 Jun 2020 17:28:14|24|shashikala@forstarfoods.com|DailyRMCB.php
10 Jun 2020 17:28:19|24|shashikala@forstarfoods.com|DailyRMCB.php
10 Jun 2020 17:28:24|24|shashikala@forstarfoods.com|Home.php
10 Jun 2020 17:28:31|24|shashikala@forstarfoods.com|DailyPreProcess.php
10 Jun 2020 17:29:04|24|shashikala@forstarfoods.com|DailyPreProcess.php
10 Jun 2020 17:29:09|24|shashikala@forstarfoods.com|DailyPreProcess.php
10 Jun 2020 17:29:12|24|shashikala@forstarfoods.com|DailyPreProcess.php
10 Jun 2020 17:29:18|24|shashikala@forstarfoods.com|DailyPreProcess.php
10 Jun 2020 17:29:19|24|shashikala@forstarfoods.com|DailyPreProcess.php
10 Jun 2020 17:32:36|24|shashikala@forstarfoods.com|DailyPreProcess.php
10 Jun 2020 17:32:49|24|shashikala@forstarfoods.com|DailyPreProcess.php
10 Jun 2020 17:32:55|24|shashikala@forstarfoods.com|DailyPreProcess.php
10 Jun 2020 17:32:57|24|shashikala@forstarfoods.com|DailyPreProcess.php
10 Jun 2020 17:38:01|24|shashikala@forstarfoods.com|DailyPreProcess.php
10 Jun 2020 17:38:12|24|shashikala@forstarfoods.com|DailyRMCB.php
10 Jun 2020 17:38:21|24|shashikala@forstarfoods.com|DailyRMCB.php
10 Jun 2020 17:38:27|24|shashikala@forstarfoods.com|DailyRMCB.php
10 Jun 2020 17:38:33|24|shashikala@forstarfoods.com|DailyRMCB.php
10 Jun 2020 17:39:14|24|shashikala@forstarfoods.com|DailyRMCB.php
10 Jun 2020 17:39:19|24|shashikala@forstarfoods.com|DailyRMCB.php
10 Jun 2020 17:39:23|24|shashikala@forstarfoods.com|DailyRMCB.php
10 Jun 2020 17:39:28|24|shashikala@forstarfoods.com|DailyRMCB.php
10 Jun 2020 17:39:32|24|shashikala@forstarfoods.com|DailyRMCB.php
10 Jun 2020 17:40:26|24|shashikala@forstarfoods.com|DailyRMCB.php
10 Jun 2020 17:40:29|24|shashikala@forstarfoods.com|DailyRMCB.php
10 Jun 2020 17:40:34|24|shashikala@forstarfoods.com|Home.php
11 Jun 2020 10:16:54|20|shiji@forstarfoods.com|Home.php
11 Jun 2020 10:17:07|20|shiji@forstarfoods.com|SupplierAccount.php
11 Jun 2020 10:17:31|20|shiji@forstarfoods.com|SupplierAccount.php
11 Jun 2020 10:18:30|20|shiji@forstarfoods.com|SupplierAccount.php
11 Jun 2020 10:18:34|20|shiji@forstarfoods.com|SupplierAccount.php
11 Jun 2020 10:18:40|20|shiji@forstarfoods.com|SupplierAccount.php
11 Jun 2020 10:19:54|20|shiji@forstarfoods.com|SupplierAccount.php
11 Jun 2020 10:20:25|20|shiji@forstarfoods.com|SupplierAccount.php
11 Jun 2020 10:20:44|20|shiji@forstarfoods.com|SupplierAccount.php
11 Jun 2020 10:21:16|20|shiji@forstarfoods.com|SupplierAccount.php
11 Jun 2020 10:21:20|20|shiji@forstarfoods.com|SupplierAccount.php
11 Jun 2020 10:22:11|20|shiji@forstarfoods.com|SupplierAccount.php
11 Jun 2020 10:22:19|20|shiji@forstarfoods.com|SupplierAccount.php
11 Jun 2020 10:22:24|20|shiji@forstarfoods.com|SupplierAccount.php
11 Jun 2020 10:23:21|20|shiji@forstarfoods.com|SupplierAccount.php
11 Jun 2020 10:23:30|20|shiji@forstarfoods.com|SupplierAccount.php
11 Jun 2020 10:23:38|20|shiji@forstarfoods.com|SupplierAccount.php
11 Jun 2020 10:24:02|20|shiji@forstarfoods.com|SupplierAccount.php
11 Jun 2020 10:24:17|20|shiji@forstarfoods.com|SupplierAccount.php
11 Jun 2020 10:24:47|20|shiji@forstarfoods.com|SupplierAccount.php
11 Jun 2020 10:34:19|20|shiji@forstarfoods.com|SettlementSummary.php
11 Jun 2020 10:34:29|20|shiji@forstarfoods.com|SettlementSummary.php
11 Jun 2020 10:34:31|20|shiji@forstarfoods.com|SupplierPayments.php
11 Jun 2020 10:34:33|20|shiji@forstarfoods.com|SupplierPayments.php
11 Jun 2020 10:34:34|20|shiji@forstarfoods.com|SupplierPayments.php
11 Jun 2020 10:39:54|20|shiji@forstarfoods.com|SupplierMaster.php
11 Jun 2020 10:40:01|20|shiji@forstarfoods.com|SupplierMaster.php
11 Jun 2020 10:40:02|20|shiji@forstarfoods.com|SupplierMaster.php
11 Jun 2020 10:40:07|20|shiji@forstarfoods.com|SupplierMaster.php
11 Jun 2020 10:40:46|20|shiji@forstarfoods.com|DailyCatchSummary.php
11 Jun 2020 10:40:49|20|shiji@forstarfoods.com|DailyCatchSummary.php
11 Jun 2020 10:41:01|20|shiji@forstarfoods.com|DailyCatchSummary.php
11 Jun 2020 10:41:04|20|shiji@forstarfoods.com|DailyCatchSummary.php
11 Jun 2020 10:41:23|20|shiji@forstarfoods.com|DailyCatchEntry_New.php
11 Jun 2020 10:55:29|30|pritirm@forstarfoods.com|Home.php
11 Jun 2020 10:56:11|30|pritirm@forstarfoods.com|DailyCatchEntry_New.php
11 Jun 2020 10:56:18|30|pritirm@forstarfoods.com|DailyCatchEntry_New.php
11 Jun 2020 10:56:20|30|pritirm@forstarfoods.com|DailyCatchEntry_New.php
11 Jun 2020 10:56:21|30|pritirm@forstarfoods.com|DailyCatchEntry_New.php
11 Jun 2020 10:56:23|30|pritirm@forstarfoods.com|DailyCatchEntry_New.php
11 Jun 2020 10:56:24|30|pritirm@forstarfoods.com|CatchEntryDeclaredItem.php