
21 Dec 2020 16:26:05|20|shiji@forstarfoods.com|DailyCatchEntry_New.php
21 Dec 2020 16:26:06|20|shiji@forstarfoods.com|DailyCatchEntry_New.php
21 Dec 2020 16:26:08|20|shiji@forstarfoods.com|DailyCatchEntry_New.php
21 Dec 2020 16:26:09|20|shiji@forstarfoods.com|DailyCatchEntry_New.php
21 Dec 2020 16:26:10|20|shiji@forstarfoods.com|DailyCatchEntry_New.php
21 Dec 2020 16:26:13|20|shiji@forstarfoods.com|DailyCatchEntry_New.php
21 Dec 2020 16:26:14|20|shiji@forstarfoods.com|CatchEntryDeclaredItem.php
21 Dec 2020 16:26:37|20|shiji@forstarfoods.com|DailyCatchEntry_New.php
21 Dec 2020 16:26:39|20|shiji@forstarfoods.com|DailyCatchEntry_New.php
21 Dec 2020 16:26:43|20|shiji@forstarfoods.com|DailyCatchEntry_New.php
21 Dec 2020 16:26:44|20|shiji@forstarfoods.com|DailyCatchEntry_New.php
21 Dec 2020 16:26:45|20|shiji@forstarfoods.com|DailyCatchEntry_New.php
21 Dec 2020 16:26:46|20|shiji@forstarfoods.com|DailyCatchEntry_New.php
21 Dec 2020 16:26:48|20|shiji@forstarfoods.com|DailyCatchEntry_New.php
21 Dec 2020 16:26:49|20|shiji@forstarfoods.com|DailyCatchEntry_New.php
21 Dec 2020 16:26:50|20|shiji@forstarfoods.com|DailyCatchEntry_New.php
21 Dec 2020 16:26:51|20|shiji@forstarfoods.com|DailyCatchEntry_New.php
21 Dec 2020 16:26:52|20|shiji@forstarfoods.com|DailyCatchEntry_New.php
21 Dec 2020 16:26:54|20|shiji@forstarfoods.com|DailyCatchEntry_New.php
21 Dec 2020 16:26:55|20|shiji@forstarfoods.com|DailyCatchEntry_New.php
21 Dec 2020 16:26:56|20|shiji@forstarfoods.com|DailyCatchEntry_New.php
21 Dec 2020 16:26:57|20|shiji@forstarfoods.com|DailyCatchEntry_New.php
21 Dec 2020 16:26:59|20|shiji@forstarfoods.com|DailyCatchEntry_New.php
21 Dec 2020 16:27:21|20|shiji@forstarfoods.com|DailyCatchEntry_New.php
21 Dec 2020 16:27:22|20|shiji@forstarfoods.com|DailyCatchEntry_New.php
21 Dec 2020 16:27:23|20|shiji@forstarfoods.com|DailyCatchEntry_New.php
21 Dec 2020 16:27:25|20|shiji@forstarfoods.com|DailyCatchEntry_New.php
21 Dec 2020 16:27:26|20|shiji@forstarfoods.com|CatchEntryDeclaredItem.php
21 Dec 2020 16:27:28|20|shiji@forstarfoods.com|DailyCatchEntry_New.php
21 Dec 2020 16:27:30|20|shiji@forstarfoods.com|DailyCatchEntry_New.php
21 Dec 2020 16:27:31|20|shiji@forstarfoods.com|DailyCatchEntry_New.php
21 Dec 2020 16:27:32|20|shiji@forstarfoods.com|DailyCatchEntry_New.php
21 Dec 2020 16:27:50|20|shiji@forstarfoods.com|DailyCatchEntry_New.php
21 Dec 2020 16:27:56|20|shiji@forstarfoods.com|DailyCatchEntry_New.php
21 Dec 2020 16:27:57|20|shiji@forstarfoods.com|CatchEntryDeclaredItem.php
21 Dec 2020 16:28:09|20|shiji@forstarfoods.com|DailyCatchEntry_New.php
21 Dec 2020 16:28:22|20|shiji@forstarfoods.com|DailyCatchEntry_New.php
21 Dec 2020 16:28:25|20|shiji@forstarfoods.com|DailyCatchEntry_New.php
21 Dec 2020 16:28:27|20|shiji@forstarfoods.com|DailyCatchEntry_New.php
21 Dec 2020 16:28:28|20|shiji@forstarfoods.com|DailyCatchEntry_New.php
21 Dec 2020 16:28:29|20|shiji@forstarfoods.com|DailyCatchEntry_New.php
21 Dec 2020 16:28:30|20|shiji@forstarfoods.com|DailyCatchEntry_New.php
21 Dec 2020 16:28:32|20|shiji@forstarfoods.com|DailyCatchEntry_New.php
21 Dec 2020 16:28:33|20|shiji@forstarfoods.com|DailyCatchEntry_New.php
21 Dec 2020 16:28:34|20|shiji@forstarfoods.com|DailyCatchEntry_New.php
21 Dec 2020 16:28:35|20|shiji@forstarfoods.com|DailyCatchEntry_New.php
21 Dec 2020 16:28:36|20|shiji@forstarfoods.com|DailyCatchEntry_New.php
21 Dec 2020 16:28:38|20|shiji@forstarfoods.com|DailyCatchEntry_New.php
21 Dec 2020 16:28:39|20|shiji@forstarfoods.com|DailyCatchEntry_New.php
21 Dec 2020 16:28:40|20|shiji@forstarfoods.com|DailyCatchEntry_New.php
21 Dec 2020 16:28:41|20|shiji@forstarfoods.com|DailyCatchEntry_New.php
21 Dec 2020 16:28:43|20|shiji@forstarfoods.com|DailyCatchEntry_New.php
21 Dec 2020 16:28:44|20|shiji@forstarfoods.com|DailyCatchEntry_New.php
21 Dec 2020 16:28:45|20|shiji@forstarfoods.com|DailyCatchEntry_New.php
21 Dec 2020 16:28:46|20|shiji@forstarfoods.com|DailyCatchEntry_New.php
21 Dec 2020 16:28:48|20|shiji@forstarfoods.com|DailyCatchEntry_New.php
21 Dec 2020 16:28:49|20|shiji@forstarfoods.com|DailyCatchEntry_New.php
21 Dec 2020 16:28:50|20|shiji@forstarfoods.com|DailyCatchEntry_New.php
21 Dec 2020 16:28:51|20|shiji@forstarfoods.com|DailyCatchEntry_New.php
21 Dec 2020 16:30:16|20|shiji@forstarfoods.com|DailyCatchEntry_New.php
21 Dec 2020 16:30:17|20|shiji@forstarfoods.com|CatchEntryDeclaredItem.php
21 Dec 2020 16:32:34|20|shiji@forstarfoods.com|DailyCatchEntry_New.php
21 Dec 2020 16:33:18|20|shiji@forstarfoods.com|DailyCatchEntry_New.php
21 Dec 2020 16:33:21|20|shiji@forstarfoods.com|DailyCatchEntry_New.php
21 Dec 2020 16:33:25|20|shiji@forstarfoods.com|DailyCatchEntry_New.php
21 Dec 2020 16:33:26|20|shiji@forstarfoods.com|DailyCatchEntry_New.php
21 Dec 2020 16:33:27|20|shiji@forstarfoods.com|DailyCatchEntry_New.php
21 Dec 2020 16:33:28|20|shiji@forstarfoods.com|DailyCatchEntry_New.php
21 Dec 2020 16:33:30|20|shiji@forstarfoods.com|DailyCatchEntry_New.php
21 Dec 2020 16:33:31|20|shiji@forstarfoods.com|DailyCatchEntry_New.php
21 Dec 2020 16:33:32|20|shiji@forstarfoods.com|DailyCatchEntry_New.php
21 Dec 2020 16:33:33|20|shiji@forstarfoods.com|DailyCatchEntry_New.php
21 Dec 2020 16:33:35|20|shiji@forstarfoods.com|DailyCatchEntry_New.php
21 Dec 2020 16:33:36|20|shiji@forstarfoods.com|DailyCatchEntry_New.php
21 Dec 2020 16:33:37|20|shiji@forstarfoods.com|DailyCatchEntry_New.php
21 Dec 2020 16:33:38|20|shiji@forstarfoods.com|DailyCatchEntry_New.php
21 Dec 2020 16:33:40|20|shiji@forstarfoods.com|DailyCatchEntry_New.php
21 Dec 2020 16:33:41|20|shiji@forstarfoods.com|DailyCatchEntry_New.php
21 Dec 2020 16:34:01|20|shiji@forstarfoods.com|DailyCatchEntry_New.php
21 Dec 2020 16:34:02|20|shiji@forstarfoods.com|DailyCatchEntry_New.php
21 Dec 2020 16:34:03|20|shiji@forstarfoods.com|DailyCatchEntry_New.php
21 Dec 2020 16:34:05|20|shiji@forstarfoods.com|DailyCatchEntry_New.php
21 Dec 2020 16:34:07|20|shiji@forstarfoods.com|CatchEntryDeclaredItem.php
21 Dec 2020 16:34:28|20|shiji@forstarfoods.com|DailyCatchEntry_New.php
21 Dec 2020 16:34:31|20|shiji@forstarfoods.com|DailyCatchEntry_New.php
21 Dec 2020 16:34:36|20|shiji@forstarfoods.com|DailyCatchEntry_New.php
21 Dec 2020 16:34:38|20|shiji@forstarfoods.com|DailyCatchEntry_New.php
21 Dec 2020 16:34:39|20|shiji@forstarfoods.com|DailyCatchEntry_New.php
21 Dec 2020 16:34:40|20|shiji@forstarfoods.com|DailyCatchEntry_New.php
21 Dec 2020 16:34:41|20|shiji@forstarfoods.com|DailyCatchEntry_New.php
21 Dec 2020 16:34:42|20|shiji@forstarfoods.com|DailyCatchEntry_New.php
21 Dec 2020 16:34:44|20|shiji@forstarfoods.com|DailyCatchEntry_New.php
21 Dec 2020 16:34:45|20|shiji@forstarfoods.com|DailyCatchEntry_New.php
21 Dec 2020 16:34:46|20|shiji@forstarfoods.com|DailyCatchEntry_New.php
21 Dec 2020 16:34:47|20|shiji@forstarfoods.com|DailyCatchEntry_New.php
21 Dec 2020 16:34:49|20|shiji@forstarfoods.com|DailyCatchEntry_New.php
21 Dec 2020 16:34:50|20|shiji@forstarfoods.com|DailyCatchEntry_New.php
21 Dec 2020 16:34:51|20|shiji@forstarfoods.com|DailyCatchEntry_New.php
21 Dec 2020 16:34:52|20|shiji@forstarfoods.com|DailyCatchEntry_New.php
21 Dec 2020 16:34:54|20|shiji@forstarfoods.com|DailyCatchEntry_New.php
21 Dec 2020 16:34:55|20|shiji@forstarfoods.com|DailyCatchEntry_New.php
21 Dec 2020 16:34:56|20|shiji@forstarfoods.com|DailyCatchEntry_New.php
21 Dec 2020 16:35:31|20|shiji@forstarfoods.com|DailyCatchEntry_New.php
21 Dec 2020 16:35:32|20|shiji@forstarfoods.com|CatchEntryDeclaredItem.php
21 Dec 2020 16:35:44|20|shiji@forstarfoods.com|DailyCatchEntry_New.php
21 Dec 2020 16:35:46|20|shiji@forstarfoods.com|DailyCatchEntry_New.php
21 Dec 2020 16:35:54|20|shiji@forstarfoods.com|DailyCatchEntry_New.php
21 Dec 2020 16:35:55|20|shiji@forstarfoods.com|DailyCatchEntry_New.php
21 Dec 2020 16:35:56|20|shiji@forstarfoods.com|DailyCatchEntry_New.php
21 Dec 2020 16:35:58|20|shiji@forstarfoods.com|DailyCatchEntry_New.php
21 Dec 2020 16:35:59|20|shiji@forstarfoods.com|DailyCatchEntry_New.php
21 Dec 2020 16:36:00|20|shiji@forstarfoods.com|DailyCatchEntry_New.php
21 Dec 2020 16:36:01|20|shiji@forstarfoods.com|DailyCatchEntry_New.php
21 Dec 2020 16:36:03|20|shiji@forstarfoods.com|DailyCatchEntry_New.php
21 Dec 2020 16:36:04|20|shiji@forstarfoods.com|DailyCatchEntry_New.php
21 Dec 2020 16:36:05|20|shiji@forstarfoods.com|DailyCatchEntry_New.php
21 Dec 2020 16:36:06|20|shiji@forstarfoods.com|DailyCatchEntry_New.php
21 Dec 2020 16:36:08|20|shiji@forstarfoods.com|DailyCatchEntry_New.php
21 Dec 2020 16:36:09|20|shiji@forstarfoods.com|DailyCatchEntry_New.php
21 Dec 2020 16:36:10|20|shiji@forstarfoods.com|DailyCatchEntry_New.php
21 Dec 2020 16:36:11|20|shiji@forstarfoods.com|DailyCatchEntry_New.php
21 Dec 2020 16:36:13|20|shiji@forstarfoods.com|DailyCatchEntry_New.php
21 Dec 2020 16:36:14|20|shiji@forstarfoods.com|DailyCatchEntry_New.php
21 Dec 2020 16:36:16|20|shiji@forstarfoods.com|DailyCatchEntry_New.php
21 Dec 2020 16:36:18|20|shiji@forstarfoods.com|CatchEntryDeclaredItem.php
21 Dec 2020 16:36:30|20|shiji@forstarfoods.com|DailyCatchEntry_New.php
21 Dec 2020 16:36:32|20|shiji@forstarfoods.com|DailyCatchEntry_New.php
21 Dec 2020 16:36:34|20|shiji@forstarfoods.com|DailyCatchEntry_New.php
21 Dec 2020 16:36:36|20|shiji@forstarfoods.com|DailyCatchEntry_New.php
21 Dec 2020 16:36:37|20|shiji@forstarfoods.com|DailyCatchEntry_New.php
21 Dec 2020 16:36:38|20|shiji@forstarfoods.com|DailyCatchEntry_New.php
21 Dec 2020 16:36:39|20|shiji@forstarfoods.com|DailyCatchEntry_New.php
21 Dec 2020 16:36:41|20|shiji@forstarfoods.com|DailyCatchEntry_New.php
21 Dec 2020 16:36:42|20|shiji@forstarfoods.com|DailyCatchEntry_New.php
21 Dec 2020 16:36:43|20|shiji@forstarfoods.com|DailyCatchEntry_New.php
21 Dec 2020 16:36:44|20|shiji@forstarfoods.com|DailyCatchEntry_New.php
21 Dec 2020 16:36:46|20|shiji@forstarfoods.com|DailyCatchEntry_New.php
21 Dec 2020 16:36:47|20|shiji@forstarfoods.com|DailyCatchEntry_New.php
21 Dec 2020 16:36:48|20|shiji@forstarfoods.com|DailyCatchEntry_New.php
21 Dec 2020 16:36:49|20|shiji@forstarfoods.com|DailyCatchEntry_New.php
21 Dec 2020 16:36:50|20|shiji@forstarfoods.com|DailyCatchEntry_New.php
21 Dec 2020 16:36:52|20|shiji@forstarfoods.com|DailyCatchEntry_New.php
21 Dec 2020 16:36:53|20|shiji@forstarfoods.com|DailyCatchEntry_New.php
21 Dec 2020 16:36:54|20|shiji@forstarfoods.com|DailyCatchEntry_New.php
21 Dec 2020 16:36:57|20|shiji@forstarfoods.com|DailyCatchEntry_New.php
21 Dec 2020 16:36:58|20|shiji@forstarfoods.com|CatchEntryDeclaredItem.php
21 Dec 2020 16:37:00|20|shiji@forstarfoods.com|DailyCatchEntry_New.php
21 Dec 2020 16:37:01|20|shiji@forstarfoods.com|DailyCatchEntry_New.php
21 Dec 2020 16:37:02|20|shiji@forstarfoods.com|DailyCatchEntry_New.php
21 Dec 2020 16:37:12|20|shiji@forstarfoods.com|DailyCatchEntry_New.php
21 Dec 2020 16:37:21|20|shiji@forstarfoods.com|DailyCatchEntry_New.php
21 Dec 2020 16:37:22|20|shiji@forstarfoods.com|CatchEntryDeclaredItem.php
21 Dec 2020 16:37:33|20|shiji@forstarfoods.com|DailyCatchEntry_New.php
21 Dec 2020 16:37:35|20|shiji@forstarfoods.com|DailyCatchEntry_New.php
21 Dec 2020 16:37:38|20|shiji@forstarfoods.com|DailyCatchEntry_New.php
21 Dec 2020 16:37:41|20|shiji@forstarfoods.com|DailyCatchEntry_New.php
21 Dec 2020 16:37:43|20|shiji@forstarfoods.com|DailyCatchEntry_New.php
21 Dec 2020 16:37:44|20|shiji@forstarfoods.com|DailyCatchEntry_New.php
21 Dec 2020 16:37:45|20|shiji@forstarfoods.com|DailyCatchEntry_New.php
21 Dec 2020 16:37:47|20|shiji@forstarfoods.com|DailyCatchEntry_New.php
21 Dec 2020 16:37:48|20|shiji@forstarfoods.com|DailyCatchEntry_New.php
21 Dec 2020 16:37:49|20|shiji@forstarfoods.com|DailyCatchEntry_New.php
21 Dec 2020 16:37:50|20|shiji@forstarfoods.com|DailyCatchEntry_New.php
21 Dec 2020 16:37:51|20|shiji@forstarfoods.com|DailyCatchEntry_New.php
21 Dec 2020 16:37:53|20|shiji@forstarfoods.com|DailyCatchEntry_New.php
21 Dec 2020 16:37:54|20|shiji@forstarfoods.com|DailyCatchEntry_New.php
21 Dec 2020 16:37:55|20|shiji@forstarfoods.com|DailyCatchEntry_New.php
21 Dec 2020 16:37:56|20|shiji@forstarfoods.com|DailyCatchEntry_New.php
21 Dec 2020 16:37:58|20|shiji@forstarfoods.com|DailyCatchEntry_New.php
21 Dec 2020 16:37:59|20|shiji@forstarfoods.com|DailyCatchEntry_New.php
21 Dec 2020 16:38:00|20|shiji@forstarfoods.com|DailyCatchEntry_New.php
21 Dec 2020 16:38:01|20|shiji@forstarfoods.com|DailyCatchEntry_New.php
21 Dec 2020 16:38:03|20|shiji@forstarfoods.com|DailyCatchEntry_New.php
21 Dec 2020 16:38:07|20|shiji@forstarfoods.com|DailyCatchEntry_New.php
21 Dec 2020 16:38:08|20|shiji@forstarfoods.com|CatchEntryDeclaredItem.php
21 Dec 2020 16:38:17|20|shiji@forstarfoods.com|DailyCatchEntry_New.php
21 Dec 2020 16:38:20|20|shiji@forstarfoods.com|DailyCatchEntry_New.php
21 Dec 2020 16:38:23|20|shiji@forstarfoods.com|DailyCatchEntry_New.php
21 Dec 2020 16:38:24|20|shiji@forstarfoods.com|DailyCatchEntry_New.php
21 Dec 2020 16:38:25|20|shiji@forstarfoods.com|DailyCatchEntry_New.php
21 Dec 2020 16:38:26|20|shiji@forstarfoods.com|DailyCatchEntry_New.php
21 Dec 2020 16:38:28|20|shiji@forstarfoods.com|DailyCatchEntry_New.php
21 Dec 2020 16:38:29|20|shiji@forstarfoods.com|DailyCatchEntry_New.php
21 Dec 2020 16:38:30|20|shiji@forstarfoods.com|DailyCatchEntry_New.php
21 Dec 2020 16:38:31|20|shiji@forstarfoods.com|DailyCatchEntry_New.php
21 Dec 2020 16:38:32|20|shiji@forstarfoods.com|DailyCatchEntry_New.php
21 Dec 2020 16:38:34|20|shiji@forstarfoods.com|DailyCatchEntry_New.php
21 Dec 2020 16:38:35|20|shiji@forstarfoods.com|DailyCatchEntry_New.php
21 Dec 2020 16:38:36|20|shiji@forstarfoods.com|DailyCatchEntry_New.php
21 Dec 2020 16:38:37|20|shiji@forstarfoods.com|DailyCatchEntry_New.php
21 Dec 2020 16:38:39|20|shiji@forstarfoods.com|DailyCatchEntry_New.php
21 Dec 2020 16:38:40|20|shiji@forstarfoods.com|DailyCatchEntry_New.php
21 Dec 2020 16:38:41|20|shiji@forstarfoods.com|DailyCatchEntry_New.php
21 Dec 2020 16:38:42|20|shiji@forstarfoods.com|DailyCatchEntry_New.php
21 Dec 2020 16:38:45|20|shiji@forstarfoods.com|DailyCatchEntry_New.php
21 Dec 2020 16:38:47|20|shiji@forstarfoods.com|CatchEntryDeclaredItem.php
21 Dec 2020 16:38:58|20|shiji@forstarfoods.com|DailyCatchEntry_New.php
21 Dec 2020 16:39:01|20|shiji@forstarfoods.com|DailyCatchEntry_New.php
21 Dec 2020 16:39:03|20|shiji@forstarfoods.com|DailyCatchEntry_New.php
21 Dec 2020 16:39:05|20|shiji@forstarfoods.com|DailyCatchEntry_New.php
21 Dec 2020 16:39:06|20|shiji@forstarfoods.com|DailyCatchEntry_New.php
21 Dec 2020 16:39:07|20|shiji@forstarfoods.com|DailyCatchEntry_New.php
21 Dec 2020 16:39:08|20|shiji@forstarfoods.com|DailyCatchEntry_New.php
21 Dec 2020 16:39:09|20|shiji@forstarfoods.com|DailyCatchEntry_New.php
21 Dec 2020 16:39:11|20|shiji@forstarfoods.com|DailyCatchEntry_New.php
21 Dec 2020 16:39:12|20|shiji@forstarfoods.com|DailyCatchEntry_New.php
21 Dec 2020 16:39:13|20|shiji@forstarfoods.com|DailyCatchEntry_New.php
21 Dec 2020 16:39:14|20|shiji@forstarfoods.com|DailyCatchEntry_New.php
21 Dec 2020 16:39:16|20|shiji@forstarfoods.com|DailyCatchEntry_New.php
21 Dec 2020 16:39:17|20|shiji@forstarfoods.com|DailyCatchEntry_New.php
21 Dec 2020 16:39:18|20|shiji@forstarfoods.com|DailyCatchEntry_New.php
21 Dec 2020 16:39:19|20|shiji@forstarfoods.com|DailyCatchEntry_New.php
21 Dec 2020 16:39:20|20|shiji@forstarfoods.com|DailyCatchEntry_New.php
21 Dec 2020 16:39:22|20|shiji@forstarfoods.com|DailyCatchEntry_New.php
21 Dec 2020 16:39:23|20|shiji@forstarfoods.com|DailyCatchEntry_New.php
21 Dec 2020 16:39:24|20|shiji@forstarfoods.com|DailyCatchEntry_New.php
21 Dec 2020 16:39:25|20|shiji@forstarfoods.com|DailyCatchEntry_New.php
21 Dec 2020 16:39:27|20|shiji@forstarfoods.com|DailyCatchEntry_New.php
21 Dec 2020 16:39:28|20|shiji@forstarfoods.com|DailyCatchEntry_New.php
21 Dec 2020 16:39:30|20|shiji@forstarfoods.com|DailyCatchEntry_New.php
21 Dec 2020 16:39:32|20|shiji@forstarfoods.com|CatchEntryDeclaredItem.php
21 Dec 2020 16:39:41|20|shiji@forstarfoods.com|DailyCatchEntry_New.php
21 Dec 2020 16:39:44|20|shiji@forstarfoods.com|DailyCatchEntry_New.php
21 Dec 2020 16:39:47|20|shiji@forstarfoods.com|DailyCatchEntry_New.php
21 Dec 2020 16:39:48|20|shiji@forstarfoods.com|DailyCatchEntry_New.php
21 Dec 2020 16:39:49|20|shiji@forstarfoods.com|DailyCatchEntry_New.php
21 Dec 2020 16:39:51|20|shiji@forstarfoods.com|DailyCatchEntry_New.php
21 Dec 2020 16:39:52|20|shiji@forstarfoods.com|DailyCatchEntry_New.php
21 Dec 2020 16:39:53|20|shiji@forstarfoods.com|DailyCatchEntry_New.php
21 Dec 2020 16:39:54|20|shiji@forstarfoods.com|DailyCatchEntry_New.php
21 Dec 2020 16:39:55|20|shiji@forstarfoods.com|DailyCatchEntry_New.php
21 Dec 2020 16:39:57|20|shiji@forstarfoods.com|DailyCatchEntry_New.php
21 Dec 2020 16:39:58|20|shiji@forstarfoods.com|DailyCatchEntry_New.php
21 Dec 2020 16:39:59|20|shiji@forstarfoods.com|DailyCatchEntry_New.php
21 Dec 2020 16:40:00|20|shiji@forstarfoods.com|DailyCatchEntry_New.php
21 Dec 2020 16:40:02|20|shiji@forstarfoods.com|DailyCatchEntry_New.php
21 Dec 2020 16:40:03|20|shiji@forstarfoods.com|DailyCatchEntry_New.php
21 Dec 2020 16:40:04|20|shiji@forstarfoods.com|DailyCatchEntry_New.php
21 Dec 2020 16:40:05|20|shiji@forstarfoods.com|DailyCatchEntry_New.php
21 Dec 2020 16:40:07|20|shiji@forstarfoods.com|DailyCatchEntry_New.php
21 Dec 2020 16:40:10|20|shiji@forstarfoods.com|DailyCatchEntry_New.php
21 Dec 2020 16:40:11|20|shiji@forstarfoods.com|CatchEntryDeclaredItem.php
21 Dec 2020 16:40:20|20|shiji@forstarfoods.com|DailyCatchEntry_New.php
21 Dec 2020 16:40:22|20|shiji@forstarfoods.com|DailyCatchEntry_New.php
21 Dec 2020 16:40:25|20|shiji@forstarfoods.com|DailyCatchEntry_New.php
21 Dec 2020 16:40:26|20|shiji@forstarfoods.com|DailyCatchEntry_New.php
21 Dec 2020 16:40:27|20|shiji@forstarfoods.com|DailyCatchEntry_New.php
21 Dec 2020 16:40:28|20|shiji@forstarfoods.com|DailyCatchEntry_New.php
21 Dec 2020 16:40:30|20|shiji@forstarfoods.com|DailyCatchEntry_New.php
21 Dec 2020 16:40:31|20|shiji@forstarfoods.com|DailyCatchEntry_New.php
21 Dec 2020 16:40:32|20|shiji@forstarfoods.com|DailyCatchEntry_New.php
21 Dec 2020 16:40:33|20|shiji@forstarfoods.com|DailyCatchEntry_New.php
21 Dec 2020 16:40:34|20|shiji@forstarfoods.com|DailyCatchEntry_New.php
21 Dec 2020 16:40:36|20|shiji@forstarfoods.com|DailyCatchEntry_New.php
21 Dec 2020 16:40:37|20|shiji@forstarfoods.com|DailyCatchEntry_New.php
21 Dec 2020 16:40:38|20|shiji@forstarfoods.com|DailyCatchEntry_New.php
21 Dec 2020 16:40:39|20|shiji@forstarfoods.com|DailyCatchEntry_New.php
21 Dec 2020 16:40:41|20|shiji@forstarfoods.com|DailyCatchEntry_New.php
21 Dec 2020 16:40:42|20|shiji@forstarfoods.com|DailyCatchEntry_New.php
21 Dec 2020 16:40:43|20|shiji@forstarfoods.com|DailyCatchEntry_New.php
21 Dec 2020 16:40:44|20|shiji@forstarfoods.com|DailyCatchEntry_New.php
21 Dec 2020 16:40:47|20|shiji@forstarfoods.com|DailyCatchEntry_New.php
21 Dec 2020 16:40:49|20|shiji@forstarfoods.com|CatchEntryDeclaredItem.php
21 Dec 2020 16:40:58|20|shiji@forstarfoods.com|DailyCatchEntry_New.php
21 Dec 2020 16:41:00|20|shiji@forstarfoods.com|DailyCatchEntry_New.php
21 Dec 2020 16:41:03|20|shiji@forstarfoods.com|DailyCatchEntry_New.php
21 Dec 2020 16:41:04|20|shiji@forstarfoods.com|DailyCatchEntry_New.php
21 Dec 2020 16:41:06|20|shiji@forstarfoods.com|DailyCatchEntry_New.php
21 Dec 2020 16:41:07|20|shiji@forstarfoods.com|DailyCatchEntry_New.php
21 Dec 2020 16:41:08|20|shiji@forstarfoods.com|DailyCatchEntry_New.php
21 Dec 2020 16:41:09|20|shiji@forstarfoods.com|DailyCatchEntry_New.php
21 Dec 2020 16:41:10|20|shiji@forstarfoods.com|DailyCatchEntry_New.php
21 Dec 2020 16:41:12|20|shiji@forstarfoods.com|DailyCatchEntry_New.php
21 Dec 2020 16:41:13|20|shiji@forstarfoods.com|DailyCatchEntry_New.php
21 Dec 2020 16:41:14|20|shiji@forstarfoods.com|DailyCatchEntry_New.php
21 Dec 2020 16:41:15|20|shiji@forstarfoods.com|DailyCatchEntry_New.php
21 Dec 2020 16:41:17|20|shiji@forstarfoods.com|DailyCatchEntry_New.php
21 Dec 2020 16:41:18|20|shiji@forstarfoods.com|DailyCatchEntry_New.php
21 Dec 2020 16:41:19|20|shiji@forstarfoods.com|DailyCatchEntry_New.php
21 Dec 2020 16:41:20|20|shiji@forstarfoods.com|DailyCatchEntry_New.php
21 Dec 2020 16:41:22|20|shiji@forstarfoods.com|DailyCatchEntry_New.php
21 Dec 2020 16:41:23|20|shiji@forstarfoods.com|DailyCatchEntry_New.php
21 Dec 2020 16:41:31|20|shiji@forstarfoods.com|DailyCatchEntry_New.php
21 Dec 2020 16:41:32|20|shiji@forstarfoods.com|CatchEntryDeclaredItem.php
21 Dec 2020 16:41:49|20|shiji@forstarfoods.com|DailyCatchEntry_New.php
21 Dec 2020 16:41:51|20|shiji@forstarfoods.com|DailyCatchEntry_New.php
21 Dec 2020 16:41:55|20|shiji@forstarfoods.com|DailyCatchEntry_New.php
21 Dec 2020 16:41:57|20|shiji@forstarfoods.com|DailyCatchEntry_New.php
21 Dec 2020 16:41:58|20|shiji@forstarfoods.com|DailyCatchEntry_New.php
21 Dec 2020 16:41:59|20|shiji@forstarfoods.com|DailyCatchEntry_New.php
21 Dec 2020 16:42:00|20|shiji@forstarfoods.com|DailyCatchEntry_New.php
21 Dec 2020 16:42:01|20|shiji@forstarfoods.com|DailyCatchEntry_New.php
21 Dec 2020 16:42:03|20|shiji@forstarfoods.com|DailyCatchEntry_New.php
21 Dec 2020 16:42:04|20|shiji@forstarfoods.com|DailyCatchEntry_New.php
21 Dec 2020 16:42:05|20|shiji@forstarfoods.com|DailyCatchEntry_New.php
21 Dec 2020 16:42:06|20|shiji@forstarfoods.com|DailyCatchEntry_New.php
21 Dec 2020 16:42:08|20|shiji@forstarfoods.com|DailyCatchEntry_New.php
21 Dec 2020 16:42:09|20|shiji@forstarfoods.com|DailyCatchEntry_New.php
21 Dec 2020 16:42:10|20|shiji@forstarfoods.com|DailyCatchEntry_New.php
21 Dec 2020 16:42:11|20|shiji@forstarfoods.com|DailyCatchEntry_New.php
21 Dec 2020 16:42:13|20|shiji@forstarfoods.com|DailyCatchEntry_New.php
21 Dec 2020 16:42:14|20|shiji@forstarfoods.com|DailyCatchEntry_New.php
21 Dec 2020 16:42:15|20|shiji@forstarfoods.com|DailyCatchEntry_New.php
21 Dec 2020 16:42:18|20|shiji@forstarfoods.com|DailyCatchEntry_New.php
21 Dec 2020 16:42:19|20|shiji@forstarfoods.com|CatchEntryDeclaredItem.php
21 Dec 2020 16:42:27|20|shiji@forstarfoods.com|DailyCatchEntry_New.php
21 Dec 2020 16:42:29|20|shiji@forstarfoods.com|DailyCatchEntry_New.php
21 Dec 2020 16:42:33|20|shiji@forstarfoods.com|DailyCatchEntry_New.php
21 Dec 2020 16:42:34|20|shiji@forstarfoods.com|DailyCatchEntry_New.php
21 Dec 2020 16:42:35|20|shiji@forstarfoods.com|DailyCatchEntry_New.php
21 Dec 2020 16:42:36|20|shiji@forstarfoods.com|DailyCatchEntry_New.php
21 Dec 2020 16:42:38|20|shiji@forstarfoods.com|DailyCatchEntry_New.php
21 Dec 2020 16:42:39|20|shiji@forstarfoods.com|DailyCatchEntry_New.php
21 Dec 2020 16:42:40|20|shiji@forstarfoods.com|DailyCatchEntry_New.php
21 Dec 2020 16:42:41|20|shiji@forstarfoods.com|DailyCatchEntry_New.php
21 Dec 2020 16:42:43|20|shiji@forstarfoods.com|DailyCatchEntry_New.php
21 Dec 2020 16:42:44|20|shiji@forstarfoods.com|DailyCatchEntry_New.php
21 Dec 2020 16:42:45|20|shiji@forstarfoods.com|DailyCatchEntry_New.php
21 Dec 2020 16:43:24|20|shiji@forstarfoods.com|DailyCatchEntry_New.php
21 Dec 2020 16:43:25|20|shiji@forstarfoods.com|DailyCatchEntry_New.php
21 Dec 2020 16:43:26|20|shiji@forstarfoods.com|DailyCatchEntry_New.php
21 Dec 2020 16:43:29|20|shiji@forstarfoods.com|DailyCatchEntry_New.php
21 Dec 2020 16:43:30|20|shiji@forstarfoods.com|CatchEntryDeclaredItem.php
21 Dec 2020 16:43:42|20|shiji@forstarfoods.com|DailyCatchEntry_New.php
21 Dec 2020 16:43:44|20|shiji@forstarfoods.com|DailyCatchEntry_New.php
21 Dec 2020 16:43:47|20|shiji@forstarfoods.com|DailyCatchEntry_New.php
21 Dec 2020 16:43:48|20|shiji@forstarfoods.com|DailyCatchEntry_New.php
21 Dec 2020 16:43:49|20|shiji@forstarfoods.com|DailyCatchEntry_New.php
21 Dec 2020 16:43:51|20|shiji@forstarfoods.com|DailyCatchEntry_New.php
21 Dec 2020 16:43:52|20|shiji@forstarfoods.com|DailyCatchEntry_New.php
21 Dec 2020 16:43:53|20|shiji@forstarfoods.com|DailyCatchEntry_New.php
21 Dec 2020 16:43:54|20|shiji@forstarfoods.com|DailyCatchEntry_New.php
21 Dec 2020 16:43:55|20|shiji@forstarfoods.com|DailyCatchEntry_New.php
21 Dec 2020 16:43:57|20|shiji@forstarfoods.com|DailyCatchEntry_New.php
21 Dec 2020 16:43:58|20|shiji@forstarfoods.com|DailyCatchEntry_New.php
21 Dec 2020 16:43:59|20|shiji@forstarfoods.com|DailyCatchEntry_New.php
21 Dec 2020 16:44:00|20|shiji@forstarfoods.com|DailyCatchEntry_New.php
21 Dec 2020 16:44:02|20|shiji@forstarfoods.com|DailyCatchEntry_New.php
21 Dec 2020 16:44:05|20|shiji@forstarfoods.com|DailyCatchEntry_New.php
21 Dec 2020 16:44:06|20|shiji@forstarfoods.com|CatchEntryDeclaredItem.php
21 Dec 2020 16:47:47|20|shiji@forstarfoods.com|DailyCatchEntry_New.php
21 Dec 2020 16:52:49|20|shiji@forstarfoods.com|DailyCatchEntry_New.php
21 Dec 2020 16:57:50|20|shiji@forstarfoods.com|DailyCatchEntry_New.php
21 Dec 2020 17:02:52|20|shiji@forstarfoods.com|DailyCatchEntry_New.php
21 Dec 2020 17:07:53|20|shiji@forstarfoods.com|DailyCatchEntry_New.php
21 Dec 2020 17:12:54|20|shiji@forstarfoods.com|DailyCatchEntry_New.php
21 Dec 2020 17:17:56|20|shiji@forstarfoods.com|DailyCatchEntry_New.php
21 Dec 2020 17:22:57|20|shiji@forstarfoods.com|DailyCatchEntry_New.php
21 Dec 2020 17:27:59|20|shiji@forstarfoods.com|DailyCatchEntry_New.php
21 Dec 2020 17:33:00|20|shiji@forstarfoods.com|DailyCatchEntry_New.php
21 Dec 2020 17:38:02|20|shiji@forstarfoods.com|DailyCatchEntry_New.php
22 Dec 2020 10:27:39|20|shiji@forstarfoods.com|Home.php
22 Dec 2020 10:27:47|20|shiji@forstarfoods.com|DailyCatchReport.php
22 Dec 2020 10:27:55|20|shiji@forstarfoods.com|DailyCatchReport.php
22 Dec 2020 10:28:00|20|shiji@forstarfoods.com|DailyCatchReport.php
22 Dec 2020 10:28:03|20|shiji@forstarfoods.com|DailyCatchReport.php
22 Dec 2020 10:28:04|20|shiji@forstarfoods.com|DailyCatchReport.php
22 Dec 2020 10:28:06|20|shiji@forstarfoods.com|DailyCatchReport.php
22 Dec 2020 10:28:09|20|shiji@forstarfoods.com|PrintDailyCatchReportMemo.php
22 Dec 2020 10:28:10|20|shiji@forstarfoods.com|PrintDailyCatchReportMemo.php
22 Dec 2020 10:30:34|20|shiji@forstarfoods.com|DailyCatchEntry_New.php
22 Dec 2020 10:30:36|20|shiji@forstarfoods.com|DailyCatchEntry_New.php
22 Dec 2020 10:30:38|20|shiji@forstarfoods.com|DailyCatchEntry_New.php
22 Dec 2020 10:30:39|20|shiji@forstarfoods.com|DailyCatchEntry_New.php
22 Dec 2020 10:30:41|20|shiji@forstarfoods.com|DailyCatchEntry_New.php
22 Dec 2020 10:30:42|20|shiji@forstarfoods.com|CatchEntryDeclaredItem.php
22 Dec 2020 10:30:43|20|shiji@forstarfoods.com|DailyCatchEntry_New.php
22 Dec 2020 10:30:46|20|shiji@forstarfoods.com|DailyCatchEntry_New.php
22 Dec 2020 10:30:47|20|shiji@forstarfoods.com|DailyCatchEntry_New.php
22 Dec 2020 10:30:49|20|shiji@forstarfoods.com|DailyCatchEntry_New.php
22 Dec 2020 10:30:50|20|shiji@forstarfoods.com|DailyCatchEntry_New.php
22 Dec 2020 10:30:51|20|shiji@forstarfoods.com|DailyCatchEntry_New.php
22 Dec 2020 10:30:52|20|shiji@forstarfoods.com|DailyCatchEntry_New.php
22 Dec 2020 10:30:54|20|shiji@forstarfoods.com|DailyCatchEntry_New.php
22 Dec 2020 10:30:55|20|shiji@forstarfoods.com|DailyCatchEntry_New.php
22 Dec 2020 10:31:16|20|shiji@forstarfoods.com|DailyCatchEntry_New.php
22 Dec 2020 10:31:23|20|shiji@forstarfoods.com|DailyCatchEntry_New.php
22 Dec 2020 10:31:24|20|shiji@forstarfoods.com|CatchEntryDeclaredItem.php
22 Dec 2020 10:31:38|20|shiji@forstarfoods.com|DailyCatchEntry_New.php
22 Dec 2020 10:31:40|20|shiji@forstarfoods.com|DailyCatchEntry_New.php
22 Dec 2020 10:31:41|20|shiji@forstarfoods.com|DailyCatchEntry_New.php
22 Dec 2020 10:31:53|20|shiji@forstarfoods.com|DailyCatchEntry_New.php
22 Dec 2020 10:31:56|20|shiji@forstarfoods.com|DailyCatchEntry_New.php
22 Dec 2020 10:32:02|20|shiji@forstarfoods.com|DailyCatchEntry_New.php
22 Dec 2020 10:32:03|20|shiji@forstarfoods.com|DailyCatchEntry_New.php
22 Dec 2020 10:32:04|20|shiji@forstarfoods.com|DailyCatchEntry_New.php
22 Dec 2020 10:32:05|20|shiji@forstarfoods.com|DailyCatchEntry_New.php
22 Dec 2020 10:32:07|20|shiji@forstarfoods.com|DailyCatchEntry_New.php
22 Dec 2020 10:32:08|20|shiji@forstarfoods.com|DailyCatchEntry_New.php
22 Dec 2020 10:32:09|20|shiji@forstarfoods.com|DailyCatchEntry_New.php
22 Dec 2020 10:32:10|20|shiji@forstarfoods.com|DailyCatchEntry_New.php
22 Dec 2020 10:32:11|20|shiji@forstarfoods.com|DailyCatchEntry_New.php
22 Dec 2020 10:32:13|20|shiji@forstarfoods.com|DailyCatchEntry_New.php
22 Dec 2020 10:32:14|20|shiji@forstarfoods.com|DailyCatchEntry_New.php
22 Dec 2020 10:32:15|20|shiji@forstarfoods.com|DailyCatchEntry_New.php
22 Dec 2020 10:32:32|20|shiji@forstarfoods.com|DailyCatchEntry_New.php
22 Dec 2020 10:32:34|20|shiji@forstarfoods.com|DailyCatchEntry_New.php
22 Dec 2020 10:32:35|20|shiji@forstarfoods.com|CatchEntryDeclaredItem.php
22 Dec 2020 10:32:48|20|shiji@forstarfoods.com|DailyCatchEntry_New.php
22 Dec 2020 10:32:51|20|shiji@forstarfoods.com|DailyCatchEntry_New.php
22 Dec 2020 10:32:55|20|shiji@forstarfoods.com|DailyCatchEntry_New.php
22 Dec 2020 10:32:57|20|shiji@forstarfoods.com|DailyCatchEntry_New.php
22 Dec 2020 10:32:58|20|shiji@forstarfoods.com|DailyCatchEntry_New.php
22 Dec 2020 10:32:59|20|shiji@forstarfoods.com|DailyCatchEntry_New.php
22 Dec 2020 10:33:00|20|shiji@forstarfoods.com|DailyCatchEntry_New.php
22 Dec 2020 10:33:02|20|shiji@forstarfoods.com|DailyCatchEntry_New.php
22 Dec 2020 10:33:03|20|shiji@forstarfoods.com|DailyCatchEntry_New.php
22 Dec 2020 10:33:04|20|shiji@forstarfoods.com|DailyCatchEntry_New.php
22 Dec 2020 10:33:05|20|shiji@forstarfoods.com|DailyCatchEntry_New.php
22 Dec 2020 10:33:06|20|shiji@forstarfoods.com|DailyCatchEntry_New.php
22 Dec 2020 10:33:13|20|shiji@forstarfoods.com|DailyCatchEntry_New.php
22 Dec 2020 10:33:14|20|shiji@forstarfoods.com|DailyCatchEntry_New.php
22 Dec 2020 10:33:15|20|shiji@forstarfoods.com|DailyCatchEntry_New.php
22 Dec 2020 10:33:18|20|shiji@forstarfoods.com|DailyCatchEntry_New.php
22 Dec 2020 10:33:19|20|shiji@forstarfoods.com|CatchEntryDeclaredItem.php
22 Dec 2020 10:33:21|24|shashikala@forstarfoods.com|Home.php
22 Dec 2020 10:33:25|24|shashikala@forstarfoods.com|Home.php
22 Dec 2020 10:33:28|20|shiji@forstarfoods.com|DailyCatchEntry_New.php
22 Dec 2020 10:33:31|20|shiji@forstarfoods.com|DailyCatchEntry_New.php
22 Dec 2020 10:33:34|20|shiji@forstarfoods.com|DailyCatchEntry_New.php
22 Dec 2020 10:33:35|20|shiji@forstarfoods.com|DailyCatchEntry_New.php
22 Dec 2020 10:33:36|20|shiji@forstarfoods.com|DailyCatchEntry_New.php
22 Dec 2020 10:33:37|20|shiji@forstarfoods.com|DailyCatchEntry_New.php
22 Dec 2020 10:33:38|20|shiji@forstarfoods.com|DailyCatchEntry_New.php
22 Dec 2020 10:33:40|20|shiji@forstarfoods.com|DailyCatchEntry_New.php
22 Dec 2020 10:33:41|20|shiji@forstarfoods.com|DailyCatchEntry_New.php
22 Dec 2020 10:33:42|20|shiji@forstarfoods.com|DailyCatchEntry_New.php
22 Dec 2020 10:33:43|20|shiji@forstarfoods.com|DailyCatchEntry_New.php
22 Dec 2020 10:33:45|20|shiji@forstarfoods.com|DailyCatchEntry_New.php
22 Dec 2020 10:33:46|20|shiji@forstarfoods.com|DailyCatchEntry_New.php
22 Dec 2020 10:33:47|20|shiji@forstarfoods.com|DailyCatchEntry_New.php
22 Dec 2020 10:33:48|20|shiji@forstarfoods.com|DailyCatchEntry_New.php
22 Dec 2020 10:33:51|20|shiji@forstarfoods.com|DailyCatchEntry_New.php
22 Dec 2020 10:33:52|20|shiji@forstarfoods.com|CatchEntryDeclaredItem.php
22 Dec 2020 10:34:02|20|shiji@forstarfoods.com|DailyCatchEntry_New.php
22 Dec 2020 10:34:04|20|shiji@forstarfoods.com|DailyCatchEntry_New.php
22 Dec 2020 10:34:07|20|shiji@forstarfoods.com|DailyCatchEntry_New.php
22 Dec 2020 10:34:08|20|shiji@forstarfoods.com|DailyCatchEntry_New.php
22 Dec 2020 10:34:10|20|shiji@forstarfoods.com|DailyCatchEntry_New.php
22 Dec 2020 10:34:11|20|shiji@forstarfoods.com|DailyCatchEntry_New.php
22 Dec 2020 10:34:12|20|shiji@forstarfoods.com|DailyCatchEntry_New.php
22 Dec 2020 10:34:13|20|shiji@forstarfoods.com|DailyCatchEntry_New.php
22 Dec 2020 10:34:15|20|shiji@forstarfoods.com|DailyCatchEntry_New.php
22 Dec 2020 10:34:16|20|shiji@forstarfoods.com|DailyCatchEntry_New.php
22 Dec 2020 10:34:17|20|shiji@forstarfoods.com|DailyCatchEntry_New.php
22 Dec 2020 10:34:18|20|shiji@forstarfoods.com|DailyCatchEntry_New.php
22 Dec 2020 10:34:19|20|shiji@forstarfoods.com|DailyCatchEntry_New.php
22 Dec 2020 10:34:21|20|shiji@forstarfoods.com|DailyCatchEntry_New.php
22 Dec 2020 10:34:22|20|shiji@forstarfoods.com|DailyCatchEntry_New.php
22 Dec 2020 10:34:23|20|shiji@forstarfoods.com|DailyCatchEntry_New.php
22 Dec 2020 10:34:24|20|shiji@forstarfoods.com|DailyCatchEntry_New.php
22 Dec 2020 10:34:26|20|shiji@forstarfoods.com|DailyCatchEntry_New.php
22 Dec 2020 10:34:27|20|shiji@forstarfoods.com|DailyCatchEntry_New.php
22 Dec 2020 10:34:30|20|shiji@forstarfoods.com|DailyCatchEntry_New.php
22 Dec 2020 10:34:31|20|shiji@forstarfoods.com|CatchEntryDeclaredItem.php
22 Dec 2020 10:34:43|20|shiji@forstarfoods.com|DailyCatchEntry_New.php
22 Dec 2020 10:34:46|20|shiji@forstarfoods.com|DailyCatchEntry_New.php
22 Dec 2020 10:34:51|20|shiji@forstarfoods.com|DailyCatchEntry_New.php
22 Dec 2020 10:34:52|20|shiji@forstarfoods.com|DailyCatchEntry_New.php
22 Dec 2020 10:34:53|20|shiji@forstarfoods.com|DailyCatchEntry_New.php
22 Dec 2020 10:34:54|20|shiji@forstarfoods.com|DailyCatchEntry_New.php
22 Dec 2020 10:34:56|20|shiji@forstarfoods.com|DailyCatchEntry_New.php
22 Dec 2020 10:34:57|20|shiji@forstarfoods.com|DailyCatchEntry_New.php
22 Dec 2020 10:34:58|20|shiji@forstarfoods.com|DailyCatchEntry_New.php
22 Dec 2020 10:34:59|20|shiji@forstarfoods.com|DailyCatchEntry_New.php
22 Dec 2020 10:35:01|20|shiji@forstarfoods.com|DailyCatchEntry_New.php
22 Dec 2020 10:35:02|20|shiji@forstarfoods.com|DailyCatchEntry_New.php
22 Dec 2020 10:35:03|20|shiji@forstarfoods.com|DailyCatchEntry_New.php
22 Dec 2020 10:35:04|20|shiji@forstarfoods.com|DailyCatchEntry_New.php
22 Dec 2020 10:35:05|20|shiji@forstarfoods.com|DailyCatchEntry_New.php
22 Dec 2020 10:35:07|20|shiji@forstarfoods.com|DailyCatchEntry_New.php
22 Dec 2020 10:35:08|20|shiji@forstarfoods.com|DailyCatchEntry_New.php
22 Dec 2020 10:35:09|20|shiji@forstarfoods.com|DailyCatchEntry_New.php
22 Dec 2020 10:35:10|20|shiji@forstarfoods.com|DailyCatchEntry_New.php
22 Dec 2020 10:35:13|20|shiji@forstarfoods.com|DailyCatchEntry_New.php
22 Dec 2020 10:35:15|20|shiji@forstarfoods.com|CatchEntryDeclaredItem.php
22 Dec 2020 10:35:25|20|shiji@forstarfoods.com|DailyCatchEntry_New.php
22 Dec 2020 10:35:28|20|shiji@forstarfoods.com|DailyCatchEntry_New.php
22 Dec 2020 10:35:32|20|shiji@forstarfoods.com|DailyCatchEntry_New.php
22 Dec 2020 10:35:33|20|shiji@forstarfoods.com|DailyCatchEntry_New.php
22 Dec 2020 10:35:34|20|shiji@forstarfoods.com|DailyCatchEntry_New.php
22 Dec 2020 10:35:35|20|shiji@forstarfoods.com|DailyCatchEntry_New.php
22 Dec 2020 10:35:37|20|shiji@forstarfoods.com|DailyCatchEntry_New.php
22 Dec 2020 10:35:38|20|shiji@forstarfoods.com|DailyCatchEntry_New.php
22 Dec 2020 10:35:39|20|shiji@forstarfoods.com|DailyCatchEntry_New.php
22 Dec 2020 10:35:40|20|shiji@forstarfoods.com|DailyCatchEntry_New.php
22 Dec 2020 10:35:42|20|shiji@forstarfoods.com|DailyCatchEntry_New.php
22 Dec 2020 10:35:43|24|shashikala@forstarfoods.com|DailyPreProcess.php
22 Dec 2020 10:35:43|20|shiji@forstarfoods.com|DailyCatchEntry_New.php
22 Dec 2020 10:35:44|20|shiji@forstarfoods.com|DailyCatchEntry_New.php
22 Dec 2020 10:35:45|20|shiji@forstarfoods.com|DailyCatchEntry_New.php
22 Dec 2020 10:35:47|20|shiji@forstarfoods.com|DailyCatchEntry_New.php
22 Dec 2020 10:35:48|20|shiji@forstarfoods.com|DailyCatchEntry_New.php
22 Dec 2020 10:35:49|20|shiji@forstarfoods.com|DailyCatchEntry_New.php
22 Dec 2020 10:35:53|24|shashikala@forstarfoods.com|DailyPreProcess.php
22 Dec 2020 10:35:57|20|shiji@forstarfoods.com|DailyCatchEntry_New.php
22 Dec 2020 10:35:59|20|shiji@forstarfoods.com|DailyCatchEntry_New.php
22 Dec 2020 10:36:00|20|shiji@forstarfoods.com|DailyCatchEntry_New.php
22 Dec 2020 10:36:03|20|shiji@forstarfoods.com|DailyCatchEntry_New.php
22 Dec 2020 10:36:04|20|shiji@forstarfoods.com|CatchEntryDeclaredItem.php
22 Dec 2020 10:36:15|20|shiji@forstarfoods.com|DailyCatchEntry_New.php
22 Dec 2020 10:36:18|20|shiji@forstarfoods.com|DailyCatchEntry_New.php
22 Dec 2020 10:36:24|20|shiji@forstarfoods.com|DailyCatchEntry_New.php
22 Dec 2020 10:36:25|20|shiji@forstarfoods.com|DailyCatchEntry_New.php
22 Dec 2020 10:36:27|20|shiji@forstarfoods.com|DailyCatchEntry_New.php
22 Dec 2020 10:36:28|20|shiji@forstarfoods.com|DailyCatchEntry_New.php
22 Dec 2020 10:36:29|20|shiji@forstarfoods.com|DailyCatchEntry_New.php
22 Dec 2020 10:36:30|20|shiji@forstarfoods.com|DailyCatchEntry_New.php
22 Dec 2020 10:36:32|20|shiji@forstarfoods.com|DailyCatchEntry_New.php
22 Dec 2020 10:36:33|20|shiji@forstarfoods.com|DailyCatchEntry_New.php
22 Dec 2020 10:36:34|20|shiji@forstarfoods.com|DailyCatchEntry_New.php
22 Dec 2020 10:36:35|20|shiji@forstarfoods.com|DailyCatchEntry_New.php
22 Dec 2020 10:36:37|20|shiji@forstarfoods.com|DailyCatchEntry_New.php
22 Dec 2020 10:36:38|20|shiji@forstarfoods.com|DailyCatchEntry_New.php
22 Dec 2020 10:36:39|20|shiji@forstarfoods.com|DailyCatchEntry_New.php
22 Dec 2020 10:36:40|20|shiji@forstarfoods.com|DailyCatchEntry_New.php
22 Dec 2020 10:36:47|20|shiji@forstarfoods.com|DailyCatchEntry_New.php
22 Dec 2020 10:36:48|20|shiji@forstarfoods.com|DailyCatchEntry_New.php
22 Dec 2020 10:36:49|20|shiji@forstarfoods.com|DailyCatchEntry_New.php
22 Dec 2020 10:36:52|20|shiji@forstarfoods.com|DailyCatchEntry_New.php
22 Dec 2020 10:36:53|24|shashikala@forstarfoods.com|DailyPreProcess.php
22 Dec 2020 10:36:53|20|shiji@forstarfoods.com|CatchEntryDeclaredItem.php
22 Dec 2020 10:36:58|24|shashikala@forstarfoods.com|DailyPreProcess.php
22 Dec 2020 10:37:00|24|shashikala@forstarfoods.com|DailyPreProcess.php
22 Dec 2020 10:37:07|20|shiji@forstarfoods.com|DailyCatchEntry_New.php
22 Dec 2020 10:37:08|20|shiji@forstarfoods.com|DailyCatchEntry_New.php
22 Dec 2020 10:37:10|20|shiji@forstarfoods.com|DailyCatchEntry_New.php
22 Dec 2020 10:37:20|20|shiji@forstarfoods.com|DailyCatchEntry_New.php
22 Dec 2020 10:37:28|20|shiji@forstarfoods.com|DailyCatchEntry_New.php
22 Dec 2020 10:37:29|20|shiji@forstarfoods.com|CatchEntryDeclaredItem.php
22 Dec 2020 10:38:33|20|shiji@forstarfoods.com|DailyCatchEntry_New.php
22 Dec 2020 10:38:37|20|shiji@forstarfoods.com|DailyCatchEntry_New.php
22 Dec 2020 10:38:40|20|shiji@forstarfoods.com|DailyCatchEntry_New.php
22 Dec 2020 10:38:43|20|shiji@forstarfoods.com|DailyCatchEntry_New.php
22 Dec 2020 10:38:44|20|shiji@forstarfoods.com|DailyCatchEntry_New.php
22 Dec 2020 10:38:45|20|shiji@forstarfoods.com|DailyCatchEntry_New.php
22 Dec 2020 10:38:47|20|shiji@forstarfoods.com|DailyCatchEntry_New.php
22 Dec 2020 10:38:48|20|shiji@forstarfoods.com|DailyCatchEntry_New.php
22 Dec 2020 10:38:49|20|shiji@forstarfoods.com|DailyCatchEntry_New.php
22 Dec 2020 10:38:50|20|shiji@forstarfoods.com|DailyCatchEntry_New.php
22 Dec 2020 10:38:52|20|shiji@forstarfoods.com|DailyCatchEntry_New.php
22 Dec 2020 10:38:53|20|shiji@forstarfoods.com|DailyCatchEntry_New.php
22 Dec 2020 10:38:54|20|shiji@forstarfoods.com|DailyCatchEntry_New.php
22 Dec 2020 10:38:55|20|shiji@forstarfoods.com|DailyCatchEntry_New.php
22 Dec 2020 10:38:56|20|shiji@forstarfoods.com|DailyCatchEntry_New.php
22 Dec 2020 10:38:58|20|shiji@forstarfoods.com|DailyCatchEntry_New.php
22 Dec 2020 10:38:59|20|shiji@forstarfoods.com|DailyCatchEntry_New.php
22 Dec 2020 10:39:00|20|shiji@forstarfoods.com|DailyCatchEntry_New.php
22 Dec 2020 10:39:01|20|shiji@forstarfoods.com|DailyCatchEntry_New.php
22 Dec 2020 10:39:12|20|shiji@forstarfoods.com|DailyCatchEntry_New.php
22 Dec 2020 10:39:14|20|shiji@forstarfoods.com|DailyCatchEntry_New.php
22 Dec 2020 10:39:15|20|shiji@forstarfoods.com|CatchEntryDeclaredItem.php
22 Dec 2020 10:39:24|20|shiji@forstarfoods.com|DailyCatchEntry_New.php
22 Dec 2020 10:39:26|20|shiji@forstarfoods.com|DailyCatchEntry_New.php
22 Dec 2020 10:39:29|20|shiji@forstarfoods.com|DailyCatchEntry_New.php
22 Dec 2020 10:39:30|20|shiji@forstarfoods.com|DailyCatchEntry_New.php
22 Dec 2020 10:39:31|20|shiji@forstarfoods.com|DailyCatchEntry_New.php
22 Dec 2020 10:39:32|20|shiji@forstarfoods.com|DailyCatchEntry_New.php
22 Dec 2020 10:39:34|20|shiji@forstarfoods.com|DailyCatchEntry_New.php
22 Dec 2020 10:39:35|20|shiji@forstarfoods.com|DailyCatchEntry_New.php
22 Dec 2020 10:39:36|20|shiji@forstarfoods.com|DailyCatchEntry_New.php
22 Dec 2020 10:39:37|20|shiji@forstarfoods.com|DailyCatchEntry_New.php
22 Dec 2020 10:39:39|20|shiji@forstarfoods.com|DailyCatchEntry_New.php
22 Dec 2020 10:39:40|20|shiji@forstarfoods.com|DailyCatchEntry_New.php
22 Dec 2020 10:39:41|20|shiji@forstarfoods.com|DailyCatchEntry_New.php
22 Dec 2020 10:39:42|20|shiji@forstarfoods.com|DailyCatchEntry_New.php
22 Dec 2020 10:39:43|20|shiji@forstarfoods.com|DailyCatchEntry_New.php
22 Dec 2020 10:39:45|20|shiji@forstarfoods.com|DailyCatchEntry_New.php
22 Dec 2020 10:39:46|20|shiji@forstarfoods.com|DailyCatchEntry_New.php
22 Dec 2020 10:39:47|20|shiji@forstarfoods.com|DailyCatchEntry_New.php
22 Dec 2020 10:39:48|20|shiji@forstarfoods.com|DailyCatchEntry_New.php
22 Dec 2020 10:39:51|20|shiji@forstarfoods.com|DailyCatchEntry_New.php
22 Dec 2020 10:39:52|20|shiji@forstarfoods.com|CatchEntryDeclaredItem.php
22 Dec 2020 10:40:01|20|shiji@forstarfoods.com|DailyCatchEntry_New.php
22 Dec 2020 10:40:04|20|shiji@forstarfoods.com|DailyCatchEntry_New.php
22 Dec 2020 10:40:06|20|shiji@forstarfoods.com|DailyCatchEntry_New.php
22 Dec 2020 10:40:08|20|shiji@forstarfoods.com|DailyCatchEntry_New.php
22 Dec 2020 10:40:09|20|shiji@forstarfoods.com|DailyCatchEntry_New.php
22 Dec 2020 10:40:10|20|shiji@forstarfoods.com|DailyCatchEntry_New.php
22 Dec 2020 10:40:11|20|shiji@forstarfoods.com|DailyCatchEntry_New.php
22 Dec 2020 10:40:12|20|shiji@forstarfoods.com|DailyCatchEntry_New.php
22 Dec 2020 10:40:14|20|shiji@forstarfoods.com|DailyCatchEntry_New.php
22 Dec 2020 10:40:15|20|shiji@forstarfoods.com|DailyCatchEntry_New.php
22 Dec 2020 10:40:16|20|shiji@forstarfoods.com|DailyCatchEntry_New.php
22 Dec 2020 10:40:17|20|shiji@forstarfoods.com|DailyCatchEntry_New.php
22 Dec 2020 10:40:19|20|shiji@forstarfoods.com|DailyCatchEntry_New.php
22 Dec 2020 10:40:20|20|shiji@forstarfoods.com|DailyCatchEntry_New.php
22 Dec 2020 10:40:21|20|shiji@forstarfoods.com|DailyCatchEntry_New.php
22 Dec 2020 10:40:24|20|shiji@forstarfoods.com|DailyCatchEntry_New.php
22 Dec 2020 10:40:26|20|shiji@forstarfoods.com|CatchEntryDeclaredItem.php
22 Dec 2020 10:40:37|20|shiji@forstarfoods.com|DailyCatchEntry_New.php
22 Dec 2020 10:40:38|20|shiji@forstarfoods.com|DailyCatchEntry_New.php
22 Dec 2020 10:40:39|20|shiji@forstarfoods.com|DailyCatchEntry_New.php
22 Dec 2020 10:40:40|20|shiji@forstarfoods.com|DailyCatchEntry_New.php
22 Dec 2020 10:40:41|20|shiji@forstarfoods.com|DailyCatchEntry_New.php
22 Dec 2020 10:40:43|20|shiji@forstarfoods.com|DailyCatchEntry_New.php
22 Dec 2020 10:40:44|20|shiji@forstarfoods.com|DailyCatchEntry_New.php
22 Dec 2020 10:40:45|20|shiji@forstarfoods.com|DailyCatchEntry_New.php
22 Dec 2020 10:40:46|20|shiji@forstarfoods.com|DailyCatchEntry_New.php
22 Dec 2020 10:40:48|20|shiji@forstarfoods.com|DailyCatchEntry_New.php
22 Dec 2020 10:40:49|20|shiji@forstarfoods.com|DailyCatchEntry_New.php
22 Dec 2020 10:40:50|20|shiji@forstarfoods.com|DailyCatchEntry_New.php
22 Dec 2020 10:40:51|20|shiji@forstarfoods.com|DailyCatchEntry_New.php
22 Dec 2020 10:40:53|20|shiji@forstarfoods.com|DailyCatchEntry_New.php
22 Dec 2020 10:40:55|20|shiji@forstarfoods.com|DailyCatchEntry_New.php
22 Dec 2020 10:41:03|20|shiji@forstarfoods.com|DailyCatchEntry_New.php
22 Dec 2020 10:41:06|24|shashikala@forstarfoods.com|DailyPreProcess.php
22 Dec 2020 10:41:06|20|shiji@forstarfoods.com|DailyCatchEntry_New.php
22 Dec 2020 10:41:08|20|shiji@forstarfoods.com|CatchEntryDeclaredItem.php
22 Dec 2020 10:41:11|24|shashikala@forstarfoods.com|DailyPreProcess.php
22 Dec 2020 10:41:14|24|shashikala@forstarfoods.com|DailyPreProcess.php
22 Dec 2020 10:41:18|20|shiji@forstarfoods.com|DailyCatchEntry_New.php
22 Dec 2020 10:41:18|24|shashikala@forstarfoods.com|DailyPreProcess.php
22 Dec 2020 10:41:20|24|shashikala@forstarfoods.com|DailyPreProcess.php
22 Dec 2020 10:41:20|20|shiji@forstarfoods.com|DailyCatchEntry_New.php
22 Dec 2020 10:41:23|20|shiji@forstarfoods.com|DailyCatchEntry_New.php
22 Dec 2020 10:41:24|20|shiji@forstarfoods.com|DailyCatchEntry_New.php
22 Dec 2020 10:41:25|20|shiji@forstarfoods.com|DailyCatchEntry_New.php
22 Dec 2020 10:41:27|20|shiji@forstarfoods.com|DailyCatchEntry_New.php
22 Dec 2020 10:41:28|20|shiji@forstarfoods.com|DailyCatchEntry_New.php
22 Dec 2020 10:41:29|20|shiji@forstarfoods.com|DailyCatchEntry_New.php
22 Dec 2020 10:41:30|20|shiji@forstarfoods.com|DailyCatchEntry_New.php
22 Dec 2020 10:41:32|20|shiji@forstarfoods.com|DailyCatchEntry_New.php
22 Dec 2020 10:41:33|20|shiji@forstarfoods.com|DailyCatchEntry_New.php
22 Dec 2020 10:41:34|20|shiji@forstarfoods.com|DailyCatchEntry_New.php
22 Dec 2020 10:41:35|20|shiji@forstarfoods.com|DailyCatchEntry_New.php
22 Dec 2020 10:41:37|20|shiji@forstarfoods.com|DailyCatchEntry_New.php
22 Dec 2020 10:41:38|20|shiji@forstarfoods.com|DailyCatchEntry_New.php
22 Dec 2020 10:41:41|20|shiji@forstarfoods.com|DailyCatchEntry_New.php
22 Dec 2020 10:41:42|20|shiji@forstarfoods.com|CatchEntryDeclaredItem.php
22 Dec 2020 10:41:55|20|shiji@forstarfoods.com|DailyCatchEntry_New.php
22 Dec 2020 10:41:58|20|shiji@forstarfoods.com|DailyCatchEntry_New.php
22 Dec 2020 10:42:04|20|shiji@forstarfoods.com|DailyCatchEntry_New.php
22 Dec 2020 10:42:05|20|shiji@forstarfoods.com|DailyCatchEntry_New.php
22 Dec 2020 10:42:07|20|shiji@forstarfoods.com|DailyCatchEntry_New.php
22 Dec 2020 10:42:08|20|shiji@forstarfoods.com|DailyCatchEntry_New.php
22 Dec 2020 10:42:09|20|shiji@forstarfoods.com|DailyCatchEntry_New.php
22 Dec 2020 10:42:10|20|shiji@forstarfoods.com|DailyCatchEntry_New.php
22 Dec 2020 10:42:12|20|shiji@forstarfoods.com|DailyCatchEntry_New.php
22 Dec 2020 10:42:13|20|shiji@forstarfoods.com|DailyCatchEntry_New.php
22 Dec 2020 10:42:14|20|shiji@forstarfoods.com|DailyCatchEntry_New.php
22 Dec 2020 10:42:15|20|shiji@forstarfoods.com|DailyCatchEntry_New.php
22 Dec 2020 10:42:17|20|shiji@forstarfoods.com|DailyCatchEntry_New.php
22 Dec 2020 10:42:18|20|shiji@forstarfoods.com|DailyCatchEntry_New.php
22 Dec 2020 10:42:19|20|shiji@forstarfoods.com|DailyCatchEntry_New.php
22 Dec 2020 10:42:20|20|shiji@forstarfoods.com|DailyCatchEntry_New.php
22 Dec 2020 10:42:21|20|shiji@forstarfoods.com|DailyCatchEntry_New.php
22 Dec 2020 10:42:23|20|shiji@forstarfoods.com|DailyCatchEntry_New.php
22 Dec 2020 10:42:24|20|shiji@forstarfoods.com|DailyCatchEntry_New.php
22 Dec 2020 10:42:27|20|shiji@forstarfoods.com|DailyCatchEntry_New.php
22 Dec 2020 10:42:28|20|shiji@forstarfoods.com|CatchEntryDeclaredItem.php
22 Dec 2020 10:42:37|20|shiji@forstarfoods.com|DailyCatchEntry_New.php
22 Dec 2020 10:42:39|20|shiji@forstarfoods.com|DailyCatchEntry_New.php
22 Dec 2020 10:42:43|20|shiji@forstarfoods.com|DailyCatchEntry_New.php
22 Dec 2020 10:42:44|20|shiji@forstarfoods.com|DailyCatchEntry_New.php
22 Dec 2020 10:42:46|20|shiji@forstarfoods.com|DailyCatchEntry_New.php
22 Dec 2020 10:42:47|20|shiji@forstarfoods.com|DailyCatchEntry_New.php
22 Dec 2020 10:42:48|20|shiji@forstarfoods.com|DailyCatchEntry_New.php
22 Dec 2020 10:42:49|20|shiji@forstarfoods.com|DailyCatchEntry_New.php
22 Dec 2020 10:42:51|20|shiji@forstarfoods.com|DailyCatchEntry_New.php
22 Dec 2020 10:42:52|20|shiji@forstarfoods.com|DailyCatchEntry_New.php
22 Dec 2020 10:42:53|20|shiji@forstarfoods.com|DailyCatchEntry_New.php
22 Dec 2020 10:42:54|20|shiji@forstarfoods.com|DailyCatchEntry_New.php
22 Dec 2020 10:42:56|20|shiji@forstarfoods.com|DailyCatchEntry_New.php
22 Dec 2020 10:42:57|20|shiji@forstarfoods.com|DailyCatchEntry_New.php
22 Dec 2020 10:42:58|20|shiji@forstarfoods.com|DailyCatchEntry_New.php
22 Dec 2020 10:42:59|20|shiji@forstarfoods.com|DailyCatchEntry_New.php
22 Dec 2020 10:43:01|20|shiji@forstarfoods.com|DailyCatchEntry_New.php
22 Dec 2020 10:43:02|20|shiji@forstarfoods.com|DailyCatchEntry_New.php
22 Dec 2020 10:43:03|20|shiji@forstarfoods.com|DailyCatchEntry_New.php
22 Dec 2020 10:43:06|20|shiji@forstarfoods.com|DailyCatchEntry_New.php
22 Dec 2020 10:43:07|20|shiji@forstarfoods.com|CatchEntryDeclaredItem.php
22 Dec 2020 10:43:08|20|shiji@forstarfoods.com|DailyCatchEntry_New.php
22 Dec 2020 10:43:09|20|shiji@forstarfoods.com|DailyCatchEntry_New.php
22 Dec 2020 10:43:11|20|shiji@forstarfoods.com|DailyCatchEntry_New.php
22 Dec 2020 10:43:18|20|shiji@forstarfoods.com|DailyCatchEntry_New.php
22 Dec 2020 10:43:19|20|shiji@forstarfoods.com|DailyCatchEntry_New.php
22 Dec 2020 10:43:23|20|shiji@forstarfoods.com|DailyCatchEntry_New.php
22 Dec 2020 10:43:25|20|shiji@forstarfoods.com|CatchEntryDeclaredItem.php
22 Dec 2020 10:43:45|20|shiji@forstarfoods.com|DailyCatchEntry_New.php
22 Dec 2020 10:43:50|20|shiji@forstarfoods.com|DailyCatchEntry_New.php
22 Dec 2020 10:43:53|20|shiji@forstarfoods.com|DailyCatchEntry_New.php
22 Dec 2020 10:43:55|20|shiji@forstarfoods.com|DailyCatchEntry_New.php
22 Dec 2020 10:43:56|20|shiji@forstarfoods.com|DailyCatchEntry_New.php
22 Dec 2020 10:43:57|20|shiji@forstarfoods.com|DailyCatchEntry_New.php
22 Dec 2020 10:43:59|20|shiji@forstarfoods.com|DailyCatchEntry_New.php
22 Dec 2020 10:44:00|20|shiji@forstarfoods.com|DailyCatchEntry_New.php
22 Dec 2020 10:44:01|20|shiji@forstarfoods.com|DailyCatchEntry_New.php
22 Dec 2020 10:44:02|20|shiji@forstarfoods.com|DailyCatchEntry_New.php
22 Dec 2020 10:44:03|20|shiji@forstarfoods.com|DailyCatchEntry_New.php
22 Dec 2020 10:44:05|20|shiji@forstarfoods.com|DailyCatchEntry_New.php
22 Dec 2020 10:44:06|20|shiji@forstarfoods.com|DailyCatchEntry_New.php
22 Dec 2020 10:44:07|20|shiji@forstarfoods.com|DailyCatchEntry_New.php
22 Dec 2020 10:44:08|20|shiji@forstarfoods.com|DailyCatchEntry_New.php
22 Dec 2020 10:44:10|20|shiji@forstarfoods.com|DailyCatchEntry_New.php
22 Dec 2020 10:44:11|20|shiji@forstarfoods.com|DailyCatchEntry_New.php
22 Dec 2020 10:44:12|20|shiji@forstarfoods.com|DailyCatchEntry_New.php
22 Dec 2020 10:44:13|20|shiji@forstarfoods.com|DailyCatchEntry_New.php
22 Dec 2020 10:44:15|20|shiji@forstarfoods.com|DailyCatchEntry_New.php
22 Dec 2020 10:44:17|20|shiji@forstarfoods.com|DailyCatchEntry_New.php
22 Dec 2020 10:44:19|20|shiji@forstarfoods.com|CatchEntryDeclaredItem.php
22 Dec 2020 10:44:26|24|shashikala@forstarfoods.com|DailyPreProcess.php
22 Dec 2020 10:44:30|20|shiji@forstarfoods.com|DailyCatchEntry_New.php
22 Dec 2020 10:44:32|20|shiji@forstarfoods.com|DailyCatchEntry_New.php
22 Dec 2020 10:44:35|20|shiji@forstarfoods.com|DailyCatchEntry_New.php
22 Dec 2020 10:44:36|24|shashikala@forstarfoods.com|DailyRMCB.php
22 Dec 2020 10:44:36|20|shiji@forstarfoods.com|DailyCatchEntry_New.php
22 Dec 2020 10:44:38|20|shiji@forstarfoods.com|DailyCatchEntry_New.php
22 Dec 2020 10:44:39|20|shiji@forstarfoods.com|DailyCatchEntry_New.php
22 Dec 2020 10:44:40|20|shiji@forstarfoods.com|DailyCatchEntry_New.php
22 Dec 2020 10:44:41|20|shiji@forstarfoods.com|DailyCatchEntry_New.php
22 Dec 2020 10:44:42|24|shashikala@forstarfoods.com|DailyRMCB.php
22 Dec 2020 10:44:43|20|shiji@forstarfoods.com|DailyCatchEntry_New.php
22 Dec 2020 10:44:44|20|shiji@forstarfoods.com|DailyCatchEntry_New.php
22 Dec 2020 10:44:45|24|shashikala@forstarfoods.com|DailyRMCB.php
22 Dec 2020 10:44:45|20|shiji@forstarfoods.com|DailyCatchEntry_New.php
22 Dec 2020 10:44:46|20|shiji@forstarfoods.com|DailyCatchEntry_New.php
22 Dec 2020 10:44:47|20|shiji@forstarfoods.com|DailyCatchEntry_New.php
22 Dec 2020 10:44:49|20|shiji@forstarfoods.com|DailyCatchEntry_New.php
22 Dec 2020 10:44:50|20|shiji@forstarfoods.com|DailyCatchEntry_New.php
22 Dec 2020 10:44:50|24|shashikala@forstarfoods.com|DailyRMCB.php