
1 Jul 2020 10:53:43|20|shiji@forstarfoods.com|DailyCatchEntry_New.php
1 Jul 2020 10:53:44|20|shiji@forstarfoods.com|DailyCatchEntry_New.php
1 Jul 2020 10:53:56|20|shiji@forstarfoods.com|DailyCatchEntry_New.php
1 Jul 2020 10:53:57|20|shiji@forstarfoods.com|CatchEntryDeclaredItem.php
1 Jul 2020 10:53:59|20|shiji@forstarfoods.com|DailyCatchEntry_New.php
1 Jul 2020 10:54:00|20|shiji@forstarfoods.com|DailyCatchEntry_New.php
1 Jul 2020 10:54:01|20|shiji@forstarfoods.com|DailyCatchEntry_New.php
1 Jul 2020 10:54:04|20|shiji@forstarfoods.com|DailyCatchEntry_New.php
1 Jul 2020 10:54:08|20|shiji@forstarfoods.com|DailyCatchEntry_New.php
1 Jul 2020 10:54:17|20|shiji@forstarfoods.com|DailyCatchEntry_New.php
1 Jul 2020 10:54:19|20|shiji@forstarfoods.com|CatchEntryDeclaredItem.php
1 Jul 2020 10:54:46|20|shiji@forstarfoods.com|DailyCatchEntry_New.php
1 Jul 2020 10:54:47|20|shiji@forstarfoods.com|DailyCatchEntry_New.php
1 Jul 2020 10:54:48|20|shiji@forstarfoods.com|DailyCatchEntry_New.php
1 Jul 2020 10:54:49|20|shiji@forstarfoods.com|DailyCatchEntry_New.php
1 Jul 2020 10:54:51|20|shiji@forstarfoods.com|DailyCatchEntry_New.php
1 Jul 2020 10:54:52|20|shiji@forstarfoods.com|DailyCatchEntry_New.php
1 Jul 2020 10:54:58|20|shiji@forstarfoods.com|DailyCatchEntry_New.php
1 Jul 2020 10:55:01|20|shiji@forstarfoods.com|DailyCatchEntry_New.php
1 Jul 2020 10:55:03|20|shiji@forstarfoods.com|DailyCatchEntry_New.php
1 Jul 2020 10:55:05|20|shiji@forstarfoods.com|DailyCatchEntry_New.php
1 Jul 2020 10:55:06|20|shiji@forstarfoods.com|DailyCatchEntry_New.php
1 Jul 2020 10:55:07|20|shiji@forstarfoods.com|DailyCatchEntry_New.php
1 Jul 2020 10:55:09|20|shiji@forstarfoods.com|DailyCatchEntry_New.php
1 Jul 2020 10:55:10|20|shiji@forstarfoods.com|DailyCatchEntry_New.php
1 Jul 2020 10:55:11|20|shiji@forstarfoods.com|DailyCatchEntry_New.php
1 Jul 2020 10:55:12|20|shiji@forstarfoods.com|DailyCatchEntry_New.php
1 Jul 2020 10:55:15|20|shiji@forstarfoods.com|DailyCatchEntry_New.php
1 Jul 2020 10:55:17|20|shiji@forstarfoods.com|CatchEntryDeclaredItem.php
1 Jul 2020 10:57:50|20|shiji@forstarfoods.com|DailyCatchEntry_New.php
1 Jul 2020 11:02:52|20|shiji@forstarfoods.com|DailyCatchEntry_New.php
1 Jul 2020 11:06:01|20|shiji@forstarfoods.com|DailyCatchEntry_New.php
1 Jul 2020 11:06:03|20|shiji@forstarfoods.com|DailyCatchEntry_New.php
1 Jul 2020 11:06:04|20|shiji@forstarfoods.com|DailyCatchEntry_New.php
1 Jul 2020 11:06:41|20|shiji@forstarfoods.com|DailyCatchEntry_New.php
1 Jul 2020 11:06:49|20|shiji@forstarfoods.com|DailyCatchEntry_New.php
1 Jul 2020 11:06:51|20|shiji@forstarfoods.com|CatchEntryDeclaredItem.php
1 Jul 2020 11:07:02|20|shiji@forstarfoods.com|DailyCatchEntry_New.php
1 Jul 2020 11:07:03|20|shiji@forstarfoods.com|DailyCatchEntry_New.php
1 Jul 2020 11:07:04|20|shiji@forstarfoods.com|DailyCatchEntry_New.php
1 Jul 2020 11:07:05|20|shiji@forstarfoods.com|DailyCatchEntry_New.php
1 Jul 2020 11:07:07|20|shiji@forstarfoods.com|DailyCatchEntry_New.php
1 Jul 2020 11:07:08|20|shiji@forstarfoods.com|DailyCatchEntry_New.php
1 Jul 2020 11:07:14|20|shiji@forstarfoods.com|DailyCatchEntry_New.php
1 Jul 2020 11:07:17|20|shiji@forstarfoods.com|DailyCatchEntry_New.php
1 Jul 2020 11:07:18|20|shiji@forstarfoods.com|DailyCatchEntry_New.php
1 Jul 2020 11:07:21|20|shiji@forstarfoods.com|DailyCatchEntry_New.php
1 Jul 2020 11:07:23|20|shiji@forstarfoods.com|DailyCatchEntry_New.php
1 Jul 2020 11:07:25|20|shiji@forstarfoods.com|DailyCatchEntry_New.php
1 Jul 2020 11:07:26|20|shiji@forstarfoods.com|DailyCatchEntry_New.php
1 Jul 2020 11:07:28|20|shiji@forstarfoods.com|DailyCatchEntry_New.php
1 Jul 2020 11:07:29|20|shiji@forstarfoods.com|DailyCatchEntry_New.php
1 Jul 2020 11:07:30|20|shiji@forstarfoods.com|DailyCatchEntry_New.php
1 Jul 2020 11:07:31|20|shiji@forstarfoods.com|DailyCatchEntry_New.php
1 Jul 2020 11:07:41|20|shiji@forstarfoods.com|DailyCatchEntry_New.php
1 Jul 2020 11:07:43|20|shiji@forstarfoods.com|DailyCatchEntry_New.php
1 Jul 2020 11:07:45|20|shiji@forstarfoods.com|CatchEntryDeclaredItem.php
1 Jul 2020 11:07:53|20|shiji@forstarfoods.com|DailyCatchEntry_New.php
1 Jul 2020 11:07:58|20|shiji@forstarfoods.com|DailyCatchEntry_New.php
1 Jul 2020 11:07:59|20|shiji@forstarfoods.com|DailyCatchEntry_New.php
1 Jul 2020 11:08:00|20|shiji@forstarfoods.com|DailyCatchEntry_New.php
1 Jul 2020 11:08:07|20|shiji@forstarfoods.com|DailyCatchEntry_New.php
1 Jul 2020 11:08:14|20|shiji@forstarfoods.com|DailyCatchEntry_New.php
1 Jul 2020 11:08:15|20|shiji@forstarfoods.com|CatchEntryDeclaredItem.php
1 Jul 2020 11:08:26|20|shiji@forstarfoods.com|DailyCatchEntry_New.php
1 Jul 2020 11:08:27|20|shiji@forstarfoods.com|DailyCatchEntry_New.php
1 Jul 2020 11:08:29|20|shiji@forstarfoods.com|DailyCatchEntry_New.php
1 Jul 2020 11:08:30|20|shiji@forstarfoods.com|DailyCatchEntry_New.php
1 Jul 2020 11:08:31|20|shiji@forstarfoods.com|DailyCatchEntry_New.php
1 Jul 2020 11:08:32|20|shiji@forstarfoods.com|DailyCatchEntry_New.php
1 Jul 2020 11:08:40|20|shiji@forstarfoods.com|DailyCatchEntry_New.php
1 Jul 2020 11:08:41|20|shiji@forstarfoods.com|DailyCatchEntry_New.php
1 Jul 2020 11:08:45|20|shiji@forstarfoods.com|DailyCatchEntry_New.php
1 Jul 2020 11:08:47|20|shiji@forstarfoods.com|DailyCatchEntry_New.php
1 Jul 2020 11:08:48|20|shiji@forstarfoods.com|DailyCatchEntry_New.php
1 Jul 2020 11:08:50|20|shiji@forstarfoods.com|DailyCatchEntry_New.php
1 Jul 2020 11:08:51|20|shiji@forstarfoods.com|DailyCatchEntry_New.php
1 Jul 2020 11:08:52|20|shiji@forstarfoods.com|DailyCatchEntry_New.php
1 Jul 2020 11:08:53|20|shiji@forstarfoods.com|DailyCatchEntry_New.php
1 Jul 2020 11:12:54|20|shiji@forstarfoods.com|DailyCatchEntry_New.php
1 Jul 2020 11:13:55|20|shiji@forstarfoods.com|DailyCatchEntry_New.php
1 Jul 2020 11:13:57|20|shiji@forstarfoods.com|DailyCatchEntry_New.php
1 Jul 2020 11:13:58|20|shiji@forstarfoods.com|CatchEntryDeclaredItem.php
1 Jul 2020 11:14:05|20|shiji@forstarfoods.com|DailyCatchEntry_New.php
1 Jul 2020 11:14:08|20|shiji@forstarfoods.com|DailyCatchEntry_New.php
1 Jul 2020 11:14:11|20|shiji@forstarfoods.com|DailyCatchEntry_New.php
1 Jul 2020 11:14:12|20|shiji@forstarfoods.com|DailyCatchEntry_New.php
1 Jul 2020 11:14:13|20|shiji@forstarfoods.com|DailyCatchEntry_New.php
1 Jul 2020 11:14:15|20|shiji@forstarfoods.com|DailyCatchEntry_New.php
1 Jul 2020 11:14:16|20|shiji@forstarfoods.com|DailyCatchEntry_New.php
1 Jul 2020 11:14:17|20|shiji@forstarfoods.com|DailyCatchEntry_New.php
1 Jul 2020 11:14:21|20|shiji@forstarfoods.com|DailyCatchEntry_New.php
1 Jul 2020 11:14:24|20|shiji@forstarfoods.com|DailyCatchEntry_New.php
1 Jul 2020 11:14:25|20|shiji@forstarfoods.com|CatchEntryDeclaredItem.php
1 Jul 2020 11:14:36|20|shiji@forstarfoods.com|DailyCatchEntry_New.php
1 Jul 2020 11:14:38|20|shiji@forstarfoods.com|DailyCatchEntry_New.php
1 Jul 2020 11:14:40|20|shiji@forstarfoods.com|DailyCatchEntry_New.php
1 Jul 2020 11:14:41|20|shiji@forstarfoods.com|DailyCatchEntry_New.php
1 Jul 2020 11:14:43|20|shiji@forstarfoods.com|DailyCatchEntry_New.php
1 Jul 2020 11:14:44|20|shiji@forstarfoods.com|DailyCatchEntry_New.php
1 Jul 2020 11:14:45|20|shiji@forstarfoods.com|DailyCatchEntry_New.php
1 Jul 2020 11:14:46|20|shiji@forstarfoods.com|DailyCatchEntry_New.php
1 Jul 2020 11:14:49|30|pritirm@forstarfoods.com|DailyCatchEntry_New.php
1 Jul 2020 11:14:57|30|pritirm@forstarfoods.com|DailyCatchEntry_New.php
1 Jul 2020 11:14:59|30|pritirm@forstarfoods.com|DailyCatchEntry_New.php
1 Jul 2020 11:15:00|20|shiji@forstarfoods.com|DailyCatchEntry_New.php
1 Jul 2020 11:15:00|30|pritirm@forstarfoods.com|DailyCatchEntry_New.php
1 Jul 2020 11:15:01|30|pritirm@forstarfoods.com|DailyCatchEntry_New.php
1 Jul 2020 11:15:03|30|pritirm@forstarfoods.com|CatchEntryDeclaredItem.php
1 Jul 2020 11:15:04|30|pritirm@forstarfoods.com|DailyCatchEntry_New.php
1 Jul 2020 11:15:04|20|shiji@forstarfoods.com|DailyCatchEntry_New.php
1 Jul 2020 11:15:05|30|pritirm@forstarfoods.com|DailyCatchEntry_New.php
1 Jul 2020 11:15:05|20|shiji@forstarfoods.com|CatchEntryDeclaredItem.php
1 Jul 2020 11:15:07|30|pritirm@forstarfoods.com|DailyCatchEntry_New.php
1 Jul 2020 11:15:08|30|pritirm@forstarfoods.com|DailyCatchEntry_New.php
1 Jul 2020 11:15:09|30|pritirm@forstarfoods.com|DailyCatchEntry_New.php
1 Jul 2020 11:15:10|20|shiji@forstarfoods.com|DailyCatchEntry_New.php
1 Jul 2020 11:15:10|30|pritirm@forstarfoods.com|DailyCatchEntry_New.php
1 Jul 2020 11:15:11|20|shiji@forstarfoods.com|DailyCatchEntry_New.php
1 Jul 2020 11:15:13|20|shiji@forstarfoods.com|DailyCatchEntry_New.php
1 Jul 2020 11:15:16|30|pritirm@forstarfoods.com|DailyCatchEntry_New.php
1 Jul 2020 11:15:17|30|pritirm@forstarfoods.com|DailyCatchEntry_New.php
1 Jul 2020 11:15:18|30|pritirm@forstarfoods.com|DailyCatchEntry_New.php
1 Jul 2020 11:15:31|20|shiji@forstarfoods.com|DailyCatchEntry_New.php
1 Jul 2020 11:15:39|20|shiji@forstarfoods.com|DailyCatchEntry_New.php
1 Jul 2020 11:15:40|20|shiji@forstarfoods.com|CatchEntryDeclaredItem.php
1 Jul 2020 11:15:41|30|pritirm@forstarfoods.com|DailyCatchEntry_New.php
1 Jul 2020 11:15:49|30|pritirm@forstarfoods.com|DailyCatchEntry_New.php
1 Jul 2020 11:15:50|20|shiji@forstarfoods.com|DailyCatchEntry_New.php
1 Jul 2020 11:15:50|30|pritirm@forstarfoods.com|CatchEntryDeclaredItem.php
1 Jul 2020 11:15:52|20|shiji@forstarfoods.com|DailyCatchEntry_New.php
1 Jul 2020 11:15:53|20|shiji@forstarfoods.com|DailyCatchEntry_New.php
1 Jul 2020 11:15:54|20|shiji@forstarfoods.com|DailyCatchEntry_New.php
1 Jul 2020 11:15:55|20|shiji@forstarfoods.com|DailyCatchEntry_New.php
1 Jul 2020 11:15:57|20|shiji@forstarfoods.com|DailyCatchEntry_New.php
1 Jul 2020 11:15:58|20|shiji@forstarfoods.com|DailyCatchEntry_New.php
1 Jul 2020 11:15:59|20|shiji@forstarfoods.com|DailyCatchEntry_New.php
1 Jul 2020 11:16:00|20|shiji@forstarfoods.com|DailyCatchEntry_New.php
1 Jul 2020 11:16:02|20|shiji@forstarfoods.com|DailyCatchEntry_New.php
1 Jul 2020 11:16:03|20|shiji@forstarfoods.com|DailyCatchEntry_New.php
1 Jul 2020 11:16:04|20|shiji@forstarfoods.com|DailyCatchEntry_New.php
1 Jul 2020 11:16:05|20|shiji@forstarfoods.com|DailyCatchEntry_New.php
1 Jul 2020 11:16:07|20|shiji@forstarfoods.com|DailyCatchEntry_New.php
1 Jul 2020 11:16:08|20|shiji@forstarfoods.com|DailyCatchEntry_New.php
1 Jul 2020 11:16:09|20|shiji@forstarfoods.com|DailyCatchEntry_New.php
1 Jul 2020 11:16:13|20|shiji@forstarfoods.com|DailyCatchEntry_New.php
1 Jul 2020 11:16:15|20|shiji@forstarfoods.com|DailyCatchEntry_New.php
1 Jul 2020 11:16:17|20|shiji@forstarfoods.com|DailyCatchEntry_New.php
1 Jul 2020 11:16:19|20|shiji@forstarfoods.com|DailyCatchEntry_New.php
1 Jul 2020 11:16:20|20|shiji@forstarfoods.com|DailyCatchEntry_New.php
1 Jul 2020 11:16:21|20|shiji@forstarfoods.com|DailyCatchEntry_New.php
1 Jul 2020 11:16:22|20|shiji@forstarfoods.com|DailyCatchEntry_New.php
1 Jul 2020 11:16:24|20|shiji@forstarfoods.com|DailyCatchEntry_New.php
1 Jul 2020 11:16:25|20|shiji@forstarfoods.com|DailyCatchEntry_New.php
1 Jul 2020 11:16:28|30|pritirm@forstarfoods.com|DailyCatchEntry_New.php
1 Jul 2020 11:16:31|30|pritirm@forstarfoods.com|DailyCatchEntry_New.php
1 Jul 2020 11:16:32|30|pritirm@forstarfoods.com|DailyCatchEntry_New.php
1 Jul 2020 11:16:36|30|pritirm@forstarfoods.com|DailyCatchEntry_New.php
1 Jul 2020 11:16:39|30|pritirm@forstarfoods.com|DailyCatchEntry_New.php
1 Jul 2020 11:16:50|30|pritirm@forstarfoods.com|DailyCatchEntry_New.php
1 Jul 2020 11:16:52|30|pritirm@forstarfoods.com|DailyCatchEntry_New.php
1 Jul 2020 11:16:53|30|pritirm@forstarfoods.com|DailyCatchEntry_New.php
1 Jul 2020 11:16:54|30|pritirm@forstarfoods.com|DailyCatchEntry_New.php
1 Jul 2020 11:16:55|30|pritirm@forstarfoods.com|DailyCatchEntry_New.php
1 Jul 2020 11:16:56|30|pritirm@forstarfoods.com|DailyCatchEntry_New.php
1 Jul 2020 11:17:01|30|pritirm@forstarfoods.com|DailyCatchEntry_New.php
1 Jul 2020 11:17:03|30|pritirm@forstarfoods.com|DailyCatchEntry_New.php
1 Jul 2020 11:17:04|30|pritirm@forstarfoods.com|CatchEntryDeclaredItem.php
1 Jul 2020 11:17:06|30|pritirm@forstarfoods.com|DailyCatchEntry_New.php
1 Jul 2020 11:17:07|30|pritirm@forstarfoods.com|DailyCatchEntry_New.php
1 Jul 2020 11:17:09|30|pritirm@forstarfoods.com|DailyCatchEntry_New.php
1 Jul 2020 11:17:10|30|pritirm@forstarfoods.com|DailyCatchEntry_New.php
1 Jul 2020 11:17:12|30|pritirm@forstarfoods.com|DailyCatchEntry_New.php
1 Jul 2020 11:17:13|30|pritirm@forstarfoods.com|DailyCatchEntry_New.php
1 Jul 2020 11:17:14|30|pritirm@forstarfoods.com|DailyCatchEntry_New.php
1 Jul 2020 11:17:15|30|pritirm@forstarfoods.com|DailyCatchEntry_New.php
1 Jul 2020 11:17:17|30|pritirm@forstarfoods.com|DailyCatchEntry_New.php
1 Jul 2020 11:17:19|30|pritirm@forstarfoods.com|DailyCatchEntry_New.php
1 Jul 2020 11:17:20|30|pritirm@forstarfoods.com|CatchEntryDeclaredItem.php
1 Jul 2020 11:17:24|30|pritirm@forstarfoods.com|DailyCatchEntry_New.php
1 Jul 2020 11:17:26|30|pritirm@forstarfoods.com|DailyCatchEntry_New.php
1 Jul 2020 11:17:28|30|pritirm@forstarfoods.com|DailyCatchEntry_New.php
1 Jul 2020 11:17:30|30|pritirm@forstarfoods.com|DailyCatchEntry_New.php
1 Jul 2020 11:17:31|30|pritirm@forstarfoods.com|DailyCatchEntry_New.php
1 Jul 2020 11:17:32|30|pritirm@forstarfoods.com|DailyCatchEntry_New.php
1 Jul 2020 11:17:33|30|pritirm@forstarfoods.com|DailyCatchEntry_New.php
1 Jul 2020 11:17:34|20|shiji@forstarfoods.com|DailyCatchEntry_New.php
1 Jul 2020 11:17:35|30|pritirm@forstarfoods.com|DailyCatchEntry_New.php
1 Jul 2020 11:17:36|20|shiji@forstarfoods.com|DailyCatchEntry_New.php
1 Jul 2020 11:17:38|20|shiji@forstarfoods.com|CatchEntryDeclaredItem.php
1 Jul 2020 11:17:42|30|pritirm@forstarfoods.com|DailyCatchEntry_New.php
1 Jul 2020 11:17:45|30|pritirm@forstarfoods.com|DailyCatchEntry_New.php
1 Jul 2020 11:17:46|30|pritirm@forstarfoods.com|CatchEntryDeclaredItem.php
1 Jul 2020 11:17:48|20|shiji@forstarfoods.com|DailyCatchEntry_New.php
1 Jul 2020 11:17:49|30|pritirm@forstarfoods.com|DailyCatchEntry_New.php
1 Jul 2020 11:17:50|30|pritirm@forstarfoods.com|DailyCatchEntry_New.php
1 Jul 2020 11:17:51|20|shiji@forstarfoods.com|DailyCatchEntry_New.php
1 Jul 2020 11:17:53|20|shiji@forstarfoods.com|DailyCatchEntry_New.php
1 Jul 2020 11:17:55|20|shiji@forstarfoods.com|DailyCatchEntry_New.php
1 Jul 2020 11:17:56|30|pritirm@forstarfoods.com|DailyCatchEntry_New.php
1 Jul 2020 11:17:56|20|shiji@forstarfoods.com|DailyCatchEntry_New.php
1 Jul 2020 11:17:57|30|pritirm@forstarfoods.com|DailyCatchEntry_New.php
1 Jul 2020 11:17:57|20|shiji@forstarfoods.com|DailyCatchEntry_New.php
1 Jul 2020 11:17:58|30|pritirm@forstarfoods.com|DailyCatchEntry_New.php
1 Jul 2020 11:17:58|20|shiji@forstarfoods.com|DailyCatchEntry_New.php
1 Jul 2020 11:17:59|30|pritirm@forstarfoods.com|DailyCatchEntry_New.php
1 Jul 2020 11:18:00|20|shiji@forstarfoods.com|DailyCatchEntry_New.php
1 Jul 2020 11:18:01|30|pritirm@forstarfoods.com|DailyCatchEntry_New.php
1 Jul 2020 11:18:01|20|shiji@forstarfoods.com|DailyCatchEntry_New.php
1 Jul 2020 11:18:02|30|pritirm@forstarfoods.com|DailyCatchEntry_New.php
1 Jul 2020 11:18:06|30|pritirm@forstarfoods.com|DailyCatchEntry_New.php
1 Jul 2020 11:18:09|30|pritirm@forstarfoods.com|DailyCatchEntry_New.php
1 Jul 2020 11:18:10|30|pritirm@forstarfoods.com|CatchEntryDeclaredItem.php
1 Jul 2020 11:18:12|30|pritirm@forstarfoods.com|DailyCatchEntry_New.php
1 Jul 2020 11:18:13|30|pritirm@forstarfoods.com|DailyCatchEntry_New.php
1 Jul 2020 11:18:16|30|pritirm@forstarfoods.com|DailyCatchEntry_New.php
1 Jul 2020 11:18:17|30|pritirm@forstarfoods.com|DailyCatchEntry_New.php
1 Jul 2020 11:18:18|30|pritirm@forstarfoods.com|DailyCatchEntry_New.php
1 Jul 2020 11:18:19|20|shiji@forstarfoods.com|DailyCatchEntry_New.php
1 Jul 2020 11:18:20|30|pritirm@forstarfoods.com|DailyCatchEntry_New.php
1 Jul 2020 11:18:21|30|pritirm@forstarfoods.com|DailyCatchEntry_New.php
1 Jul 2020 11:18:22|20|shiji@forstarfoods.com|DailyCatchEntry_New.php
1 Jul 2020 11:18:22|30|pritirm@forstarfoods.com|DailyCatchEntry_New.php
1 Jul 2020 11:18:23|20|shiji@forstarfoods.com|CatchEntryDeclaredItem.php
1 Jul 2020 11:18:29|30|pritirm@forstarfoods.com|DailyCatchEntry_New.php
1 Jul 2020 11:18:32|20|shiji@forstarfoods.com|DailyCatchEntry_New.php
1 Jul 2020 11:18:34|20|shiji@forstarfoods.com|DailyCatchEntry_New.php
1 Jul 2020 11:18:34|30|pritirm@forstarfoods.com|DailyCatchEntry_New.php
1 Jul 2020 11:18:35|20|shiji@forstarfoods.com|DailyCatchEntry_New.php
1 Jul 2020 11:18:35|30|pritirm@forstarfoods.com|CatchEntryDeclaredItem.php
1 Jul 2020 11:18:37|30|pritirm@forstarfoods.com|DailyCatchEntry_New.php
1 Jul 2020 11:18:39|30|pritirm@forstarfoods.com|DailyCatchEntry_New.php
1 Jul 2020 11:18:42|30|pritirm@forstarfoods.com|DailyCatchEntry_New.php
1 Jul 2020 11:18:43|30|pritirm@forstarfoods.com|DailyCatchEntry_New.php
1 Jul 2020 11:18:44|30|pritirm@forstarfoods.com|DailyCatchEntry_New.php
1 Jul 2020 11:18:45|20|shiji@forstarfoods.com|DailyCatchEntry_New.php
1 Jul 2020 11:18:46|30|pritirm@forstarfoods.com|DailyCatchEntry_New.php
1 Jul 2020 11:18:47|30|pritirm@forstarfoods.com|DailyCatchEntry_New.php
1 Jul 2020 11:18:48|30|pritirm@forstarfoods.com|DailyCatchEntry_New.php
1 Jul 2020 11:18:49|30|pritirm@forstarfoods.com|DailyCatchEntry_New.php
1 Jul 2020 11:18:52|30|pritirm@forstarfoods.com|DailyCatchEntry_New.php
1 Jul 2020 11:18:53|30|pritirm@forstarfoods.com|CatchEntryDeclaredItem.php
1 Jul 2020 11:18:53|20|shiji@forstarfoods.com|DailyCatchEntry_New.php
1 Jul 2020 11:18:55|20|shiji@forstarfoods.com|CatchEntryDeclaredItem.php
1 Jul 2020 11:18:57|30|pritirm@forstarfoods.com|DailyCatchEntry_New.php
1 Jul 2020 11:18:58|30|pritirm@forstarfoods.com|DailyCatchEntry_New.php
1 Jul 2020 11:19:01|30|pritirm@forstarfoods.com|DailyCatchEntry_New.php
1 Jul 2020 11:19:02|30|pritirm@forstarfoods.com|DailyCatchEntry_New.php
1 Jul 2020 11:19:03|30|pritirm@forstarfoods.com|DailyCatchEntry_New.php
1 Jul 2020 11:19:04|30|pritirm@forstarfoods.com|DailyCatchEntry_New.php
1 Jul 2020 11:19:06|30|pritirm@forstarfoods.com|DailyCatchEntry_New.php
1 Jul 2020 11:19:07|30|pritirm@forstarfoods.com|DailyCatchEntry_New.php
1 Jul 2020 11:19:10|30|pritirm@forstarfoods.com|DailyCatchEntry_New.php
1 Jul 2020 11:19:12|30|pritirm@forstarfoods.com|DailyCatchEntry_New.php
1 Jul 2020 11:19:13|20|shiji@forstarfoods.com|DailyCatchEntry_New.php
1 Jul 2020 11:19:13|30|pritirm@forstarfoods.com|CatchEntryDeclaredItem.php
1 Jul 2020 11:19:14|20|shiji@forstarfoods.com|DailyCatchEntry_New.php
1 Jul 2020 11:19:16|20|shiji@forstarfoods.com|DailyCatchEntry_New.php
1 Jul 2020 11:19:17|20|shiji@forstarfoods.com|DailyCatchEntry_New.php
1 Jul 2020 11:19:18|20|shiji@forstarfoods.com|DailyCatchEntry_New.php
1 Jul 2020 11:19:18|30|pritirm@forstarfoods.com|DailyCatchReport.php
1 Jul 2020 11:19:19|20|shiji@forstarfoods.com|DailyCatchEntry_New.php
1 Jul 2020 11:19:29|20|shiji@forstarfoods.com|DailyCatchEntry_New.php
1 Jul 2020 11:19:32|20|shiji@forstarfoods.com|DailyCatchEntry_New.php
1 Jul 2020 11:19:32|30|pritirm@forstarfoods.com|DailyCatchReport.php
1 Jul 2020 11:19:34|20|shiji@forstarfoods.com|DailyCatchEntry_New.php
1 Jul 2020 11:19:35|30|pritirm@forstarfoods.com|DailyCatchReport.php
1 Jul 2020 11:19:36|20|shiji@forstarfoods.com|DailyCatchEntry_New.php
1 Jul 2020 11:19:36|30|pritirm@forstarfoods.com|DailyCatchReport.php
1 Jul 2020 11:19:37|20|shiji@forstarfoods.com|DailyCatchEntry_New.php
1 Jul 2020 11:19:38|30|pritirm@forstarfoods.com|DailyCatchReport.php
1 Jul 2020 11:19:38|20|shiji@forstarfoods.com|DailyCatchEntry_New.php
1 Jul 2020 11:19:40|20|shiji@forstarfoods.com|DailyCatchEntry_New.php
1 Jul 2020 11:19:40|30|pritirm@forstarfoods.com|DailyCatchReport.php
1 Jul 2020 11:19:41|20|shiji@forstarfoods.com|DailyCatchEntry_New.php
1 Jul 2020 11:19:42|30|pritirm@forstarfoods.com|DailyCatchReport.php
1 Jul 2020 11:19:42|20|shiji@forstarfoods.com|DailyCatchEntry_New.php
1 Jul 2020 11:19:43|30|pritirm@forstarfoods.com|DailyCatchReport.php
1 Jul 2020 11:19:46|20|shiji@forstarfoods.com|DailyCatchEntry_New.php
1 Jul 2020 11:19:52|30|pritirm@forstarfoods.com|PrintDailyCatchReportMemo.php
1 Jul 2020 11:20:01|20|shiji@forstarfoods.com|DailyCatchEntry_New.php
1 Jul 2020 11:20:03|20|shiji@forstarfoods.com|CatchEntryDeclaredItem.php
1 Jul 2020 11:20:08|20|shiji@forstarfoods.com|DailyCatchReport.php
1 Jul 2020 11:20:13|20|shiji@forstarfoods.com|DailyCatchEntry_New.php
1 Jul 2020 11:20:16|30|pritirm@forstarfoods.com|DailyCatchReport.php
1 Jul 2020 11:20:17|30|pritirm@forstarfoods.com|DailyCatchReport.php
1 Jul 2020 11:20:18|30|pritirm@forstarfoods.com|DailyCatchReport.php
1 Jul 2020 11:20:19|20|shiji@forstarfoods.com|DailyCatchEntry_New.php
1 Jul 2020 11:20:21|20|shiji@forstarfoods.com|DailyCatchEntry_New.php
1 Jul 2020 11:20:22|20|shiji@forstarfoods.com|DailyCatchEntry_New.php
1 Jul 2020 11:20:24|20|shiji@forstarfoods.com|DailyCatchEntry_New.php
1 Jul 2020 11:20:25|20|shiji@forstarfoods.com|CatchEntryDeclaredItem.php
1 Jul 2020 11:20:26|20|shiji@forstarfoods.com|DailyCatchEntry_New.php
1 Jul 2020 11:21:20|20|shiji@forstarfoods.com|DailyCatchEntry_New.php
1 Jul 2020 11:21:22|20|shiji@forstarfoods.com|DailyCatchEntry_New.php
1 Jul 2020 11:21:23|20|shiji@forstarfoods.com|DailyCatchEntry_New.php
1 Jul 2020 11:21:24|20|shiji@forstarfoods.com|DailyCatchEntry_New.php
1 Jul 2020 11:21:25|20|shiji@forstarfoods.com|DailyCatchEntry_New.php
1 Jul 2020 11:21:26|20|shiji@forstarfoods.com|DailyCatchEntry_New.php
1 Jul 2020 11:21:28|20|shiji@forstarfoods.com|DailyCatchEntry_New.php
1 Jul 2020 11:21:29|20|shiji@forstarfoods.com|DailyCatchEntry_New.php
1 Jul 2020 11:21:34|20|shiji@forstarfoods.com|DailyCatchEntry_New.php
1 Jul 2020 11:21:41|20|shiji@forstarfoods.com|DailyCatchEntry_New.php
1 Jul 2020 11:21:46|20|shiji@forstarfoods.com|DailyCatchEntry_New.php
1 Jul 2020 11:21:48|20|shiji@forstarfoods.com|CatchEntryDeclaredItem.php
1 Jul 2020 11:22:00|20|shiji@forstarfoods.com|DailyCatchEntry_New.php
1 Jul 2020 11:22:01|20|shiji@forstarfoods.com|DailyCatchEntry_New.php
1 Jul 2020 11:22:03|20|shiji@forstarfoods.com|DailyCatchEntry_New.php
1 Jul 2020 11:22:04|20|shiji@forstarfoods.com|DailyCatchEntry_New.php
1 Jul 2020 11:22:05|20|shiji@forstarfoods.com|DailyCatchEntry_New.php
1 Jul 2020 11:22:06|20|shiji@forstarfoods.com|DailyCatchEntry_New.php
1 Jul 2020 11:22:22|20|shiji@forstarfoods.com|DailyCatchEntry_New.php
1 Jul 2020 11:22:26|20|shiji@forstarfoods.com|DailyCatchEntry_New.php
1 Jul 2020 11:22:27|20|shiji@forstarfoods.com|DailyCatchEntry_New.php
1 Jul 2020 11:22:30|20|shiji@forstarfoods.com|DailyCatchEntry_New.php
1 Jul 2020 11:22:33|20|shiji@forstarfoods.com|DailyCatchEntry_New.php
1 Jul 2020 11:22:37|20|shiji@forstarfoods.com|DailyCatchEntry_New.php
1 Jul 2020 11:22:39|20|shiji@forstarfoods.com|DailyCatchEntry_New.php
1 Jul 2020 11:22:40|20|shiji@forstarfoods.com|DailyCatchEntry_New.php
1 Jul 2020 11:22:41|20|shiji@forstarfoods.com|DailyCatchEntry_New.php
1 Jul 2020 11:22:42|20|shiji@forstarfoods.com|DailyCatchEntry_New.php
1 Jul 2020 11:22:44|20|shiji@forstarfoods.com|DailyCatchEntry_New.php
1 Jul 2020 11:23:44|20|shiji@forstarfoods.com|DailyCatchEntry_New.php
1 Jul 2020 11:23:47|20|shiji@forstarfoods.com|DailyCatchEntry_New.php
1 Jul 2020 11:23:48|20|shiji@forstarfoods.com|CatchEntryDeclaredItem.php
1 Jul 2020 11:23:58|20|shiji@forstarfoods.com|DailyCatchEntry_New.php
1 Jul 2020 11:24:00|20|shiji@forstarfoods.com|DailyCatchEntry_New.php
1 Jul 2020 11:24:02|20|shiji@forstarfoods.com|DailyCatchEntry_New.php
1 Jul 2020 11:24:03|20|shiji@forstarfoods.com|DailyCatchEntry_New.php
1 Jul 2020 11:24:04|20|shiji@forstarfoods.com|DailyCatchEntry_New.php
1 Jul 2020 11:24:05|20|shiji@forstarfoods.com|DailyCatchEntry_New.php
1 Jul 2020 11:24:06|20|shiji@forstarfoods.com|DailyCatchEntry_New.php
1 Jul 2020 11:24:08|20|shiji@forstarfoods.com|DailyCatchEntry_New.php
1 Jul 2020 11:24:09|20|shiji@forstarfoods.com|DailyCatchEntry_New.php
1 Jul 2020 11:24:12|20|shiji@forstarfoods.com|DailyCatchEntry_New.php
1 Jul 2020 11:24:13|20|shiji@forstarfoods.com|CatchEntryDeclaredItem.php
1 Jul 2020 11:24:15|20|shiji@forstarfoods.com|DailyCatchEntry_New.php
1 Jul 2020 11:24:16|20|shiji@forstarfoods.com|DailyCatchEntry_New.php
1 Jul 2020 11:24:18|20|shiji@forstarfoods.com|DailyCatchEntry_New.php
1 Jul 2020 11:24:23|20|shiji@forstarfoods.com|DailyCatchEntry_New.php
1 Jul 2020 11:24:29|20|shiji@forstarfoods.com|DailyCatchEntry_New.php
1 Jul 2020 11:24:31|20|shiji@forstarfoods.com|CatchEntryDeclaredItem.php
1 Jul 2020 11:24:38|20|shiji@forstarfoods.com|DailyCatchEntry_New.php
1 Jul 2020 11:24:39|20|shiji@forstarfoods.com|DailyCatchEntry_New.php
1 Jul 2020 11:24:41|20|shiji@forstarfoods.com|DailyCatchEntry_New.php
1 Jul 2020 11:24:42|20|shiji@forstarfoods.com|DailyCatchEntry_New.php
1 Jul 2020 11:24:43|20|shiji@forstarfoods.com|DailyCatchEntry_New.php
1 Jul 2020 11:24:44|20|shiji@forstarfoods.com|DailyCatchEntry_New.php
1 Jul 2020 11:24:46|20|shiji@forstarfoods.com|DailyCatchEntry_New.php
1 Jul 2020 11:24:49|20|shiji@forstarfoods.com|DailyCatchEntry_New.php
1 Jul 2020 11:24:51|20|shiji@forstarfoods.com|DailyCatchEntry_New.php
1 Jul 2020 11:24:53|20|shiji@forstarfoods.com|DailyCatchEntry_New.php
1 Jul 2020 11:24:54|20|shiji@forstarfoods.com|DailyCatchEntry_New.php
1 Jul 2020 11:24:56|20|shiji@forstarfoods.com|DailyCatchEntry_New.php
1 Jul 2020 11:24:57|20|shiji@forstarfoods.com|DailyCatchEntry_New.php
1 Jul 2020 11:24:58|20|shiji@forstarfoods.com|DailyCatchEntry_New.php
1 Jul 2020 11:24:59|20|shiji@forstarfoods.com|DailyCatchEntry_New.php
1 Jul 2020 11:25:01|20|shiji@forstarfoods.com|DailyCatchEntry_New.php
1 Jul 2020 11:25:02|20|shiji@forstarfoods.com|DailyCatchEntry_New.php
1 Jul 2020 11:25:03|20|shiji@forstarfoods.com|DailyCatchEntry_New.php
1 Jul 2020 11:25:04|20|shiji@forstarfoods.com|DailyCatchEntry_New.php
1 Jul 2020 11:25:09|20|shiji@forstarfoods.com|DailyCatchEntry_New.php
1 Jul 2020 11:25:11|20|shiji@forstarfoods.com|DailyCatchEntry_New.php
1 Jul 2020 11:25:13|20|shiji@forstarfoods.com|CatchEntryDeclaredItem.php
1 Jul 2020 11:25:21|20|shiji@forstarfoods.com|DailyCatchEntry_New.php
1 Jul 2020 11:25:25|20|shiji@forstarfoods.com|DailyCatchEntry_New.php
1 Jul 2020 11:25:27|20|shiji@forstarfoods.com|DailyCatchEntry_New.php
1 Jul 2020 11:25:29|20|shiji@forstarfoods.com|DailyCatchEntry_New.php
1 Jul 2020 11:25:31|20|shiji@forstarfoods.com|DailyCatchEntry_New.php
1 Jul 2020 11:25:32|20|shiji@forstarfoods.com|DailyCatchEntry_New.php
1 Jul 2020 11:25:33|20|shiji@forstarfoods.com|DailyCatchEntry_New.php
1 Jul 2020 11:25:34|20|shiji@forstarfoods.com|DailyCatchEntry_New.php
1 Jul 2020 11:25:36|20|shiji@forstarfoods.com|DailyCatchEntry_New.php
1 Jul 2020 11:25:37|20|shiji@forstarfoods.com|DailyCatchEntry_New.php
1 Jul 2020 11:25:38|20|shiji@forstarfoods.com|DailyCatchEntry_New.php
1 Jul 2020 11:25:39|20|shiji@forstarfoods.com|DailyCatchEntry_New.php
1 Jul 2020 11:25:41|20|shiji@forstarfoods.com|DailyCatchEntry_New.php
1 Jul 2020 11:25:42|20|shiji@forstarfoods.com|DailyCatchEntry_New.php
1 Jul 2020 11:25:46|20|shiji@forstarfoods.com|DailyCatchEntry_New.php
1 Jul 2020 11:25:47|20|shiji@forstarfoods.com|CatchEntryDeclaredItem.php
1 Jul 2020 11:30:22|20|shiji@forstarfoods.com|DailyCatchEntry_New.php
1 Jul 2020 11:35:24|20|shiji@forstarfoods.com|DailyCatchEntry_New.php
1 Jul 2020 11:37:39|20|shiji@forstarfoods.com|DailyCatchReport.php
1 Jul 2020 11:37:48|20|shiji@forstarfoods.com|DailyCatchReport.php
1 Jul 2020 11:37:52|20|shiji@forstarfoods.com|DailyCatchReport.php
1 Jul 2020 11:37:54|20|shiji@forstarfoods.com|DailyCatchReport.php
1 Jul 2020 11:37:55|20|shiji@forstarfoods.com|DailyCatchReport.php
1 Jul 2020 11:37:56|20|shiji@forstarfoods.com|PrintDailyCatchReportMemo.php
1 Jul 2020 11:39:23|20|shiji@forstarfoods.com|DailyCatchEntry_New.php
1 Jul 2020 11:39:31|20|shiji@forstarfoods.com|DailyCatchEntry_New.php
1 Jul 2020 11:39:32|20|shiji@forstarfoods.com|DailyCatchEntry_New.php
1 Jul 2020 11:39:33|20|shiji@forstarfoods.com|DailyCatchEntry_New.php
1 Jul 2020 11:39:36|20|shiji@forstarfoods.com|DailyCatchEntry_New.php
1 Jul 2020 11:39:37|20|shiji@forstarfoods.com|DailyCatchEntry_New.php
1 Jul 2020 11:39:38|20|shiji@forstarfoods.com|DailyCatchEntry_New.php
1 Jul 2020 11:39:43|20|shiji@forstarfoods.com|DailyCatchEntry_New.php
1 Jul 2020 11:39:47|20|shiji@forstarfoods.com|DailyCatchEntry_New.php
1 Jul 2020 11:39:50|20|shiji@forstarfoods.com|DailyCatchEntry_New.php
1 Jul 2020 11:39:51|20|shiji@forstarfoods.com|DailyCatchEntry_New.php
1 Jul 2020 11:39:52|20|shiji@forstarfoods.com|CatchEntryDeclaredItem.php
1 Jul 2020 11:39:54|20|shiji@forstarfoods.com|DailyCatchEntry_New.php
1 Jul 2020 11:39:55|20|shiji@forstarfoods.com|CatchEntryDeclaredItem.php
1 Jul 2020 11:40:06|20|shiji@forstarfoods.com|DailyCatchEntry_New.php
1 Jul 2020 11:40:08|20|shiji@forstarfoods.com|DailyCatchEntry_New.php
1 Jul 2020 11:40:11|20|shiji@forstarfoods.com|DailyCatchEntry_New.php
1 Jul 2020 11:40:40|20|shiji@forstarfoods.com|DailyCatchReport.php
1 Jul 2020 11:40:47|20|shiji@forstarfoods.com|DailyCatchReport.php
1 Jul 2020 11:40:49|20|shiji@forstarfoods.com|DailyCatchReport.php
1 Jul 2020 11:40:51|20|shiji@forstarfoods.com|DailyCatchReport.php
1 Jul 2020 11:40:52|20|shiji@forstarfoods.com|DailyCatchReport.php
1 Jul 2020 11:40:54|20|shiji@forstarfoods.com|PrintDailyCatchReportMemo.php
1 Jul 2020 11:41:22|20|shiji@forstarfoods.com|PrintDailyCatchReportMemo.php
1 Jul 2020 11:42:36|30|pritirm@forstarfoods.com|SupplierAccount.php
1 Jul 2020 11:42:45|20|shiji@forstarfoods.com|DailyCatchReport.php
1 Jul 2020 11:42:47|20|shiji@forstarfoods.com|DailyCatchReport.php
1 Jul 2020 11:42:48|20|shiji@forstarfoods.com|DailyCatchReport.php
1 Jul 2020 11:42:51|30|pritirm@forstarfoods.com|SupplierAccount.php
1 Jul 2020 11:42:57|30|pritirm@forstarfoods.com|SupplierAccount.php
1 Jul 2020 11:43:01|30|pritirm@forstarfoods.com|SupplierAccount.php
1 Jul 2020 11:43:07|30|pritirm@forstarfoods.com|SupplierAccount.php
1 Jul 2020 11:43:12|20|shiji@forstarfoods.com|DailyCatchReport.php
1 Jul 2020 11:43:13|20|shiji@forstarfoods.com|DailyCatchReport.php
1 Jul 2020 11:43:15|20|shiji@forstarfoods.com|DailyCatchReport.php
1 Jul 2020 11:43:16|20|shiji@forstarfoods.com|DailyCatchReport.php
1 Jul 2020 11:43:23|20|shiji@forstarfoods.com|DailyCatchReport.php
1 Jul 2020 11:43:25|20|shiji@forstarfoods.com|DailyCatchReport.php
1 Jul 2020 11:43:26|20|shiji@forstarfoods.com|DailyCatchReport.php
1 Jul 2020 11:43:28|20|shiji@forstarfoods.com|PrintDailyCatchReportMemo.php
1 Jul 2020 11:44:10|20|shiji@forstarfoods.com|PrintDailyCatchReportMemo.php
1 Jul 2020 11:44:34|30|pritirm@forstarfoods.com|SupplierAccount.php
1 Jul 2020 11:44:39|20|shiji@forstarfoods.com|DailyCatchReport.php
1 Jul 2020 11:44:40|30|pritirm@forstarfoods.com|PurchaseReport.php
1 Jul 2020 11:44:41|20|shiji@forstarfoods.com|DailyCatchReport.php
1 Jul 2020 11:44:42|20|shiji@forstarfoods.com|DailyCatchReport.php
1 Jul 2020 11:44:48|20|shiji@forstarfoods.com|DailyCatchReport.php
1 Jul 2020 11:44:49|30|pritirm@forstarfoods.com|PurchaseReport.php
1 Jul 2020 11:44:50|20|shiji@forstarfoods.com|DailyCatchReport.php
1 Jul 2020 11:44:52|20|shiji@forstarfoods.com|DailyCatchReport.php
1 Jul 2020 11:44:53|20|shiji@forstarfoods.com|DailyCatchReport.php
1 Jul 2020 11:44:53|30|pritirm@forstarfoods.com|PrintPurchaseSettlementMemo.php
1 Jul 2020 11:44:56|20|shiji@forstarfoods.com|PrintDailyCatchReportMemo.php
1 Jul 2020 11:46:09|20|shiji@forstarfoods.com|PrintDailyCatchReportMemo.php
1 Jul 2020 11:46:57|20|shiji@forstarfoods.com|DailyCatchReport.php
1 Jul 2020 11:46:59|20|shiji@forstarfoods.com|DailyCatchReport.php
1 Jul 2020 11:47:01|20|shiji@forstarfoods.com|DailyCatchReport.php
1 Jul 2020 11:47:02|20|shiji@forstarfoods.com|DailyCatchReport.php
1 Jul 2020 11:47:03|20|shiji@forstarfoods.com|PrintDailyCatchReportMemo.php
1 Jul 2020 11:47:32|20|shiji@forstarfoods.com|PrintDailyCatchReportMemo.php
1 Jul 2020 11:48:26|20|shiji@forstarfoods.com|DailyCatchReport.php
1 Jul 2020 11:48:27|20|shiji@forstarfoods.com|DailyCatchReport.php
1 Jul 2020 11:48:29|20|shiji@forstarfoods.com|DailyCatchReport.php
1 Jul 2020 11:48:34|20|shiji@forstarfoods.com|DailyCatchReport.php
1 Jul 2020 11:48:35|20|shiji@forstarfoods.com|DailyCatchReport.php
1 Jul 2020 11:48:37|20|shiji@forstarfoods.com|DailyCatchReport.php
1 Jul 2020 11:48:38|20|shiji@forstarfoods.com|DailyCatchReport.php
1 Jul 2020 11:48:40|20|shiji@forstarfoods.com|PrintDailyCatchReportMemo.php
1 Jul 2020 11:48:56|20|shiji@forstarfoods.com|PrintDailyCatchReportMemo.php
1 Jul 2020 11:49:25|20|shiji@forstarfoods.com|DailyCatchReport.php
1 Jul 2020 11:49:27|20|shiji@forstarfoods.com|DailyCatchReport.php
1 Jul 2020 11:49:28|20|shiji@forstarfoods.com|DailyCatchReport.php
1 Jul 2020 11:49:36|20|shiji@forstarfoods.com|DailyCatchReport.php
1 Jul 2020 11:49:38|20|shiji@forstarfoods.com|DailyCatchReport.php
1 Jul 2020 11:49:39|20|shiji@forstarfoods.com|DailyCatchReport.php
1 Jul 2020 11:49:41|20|shiji@forstarfoods.com|DailyCatchReport.php
1 Jul 2020 11:49:43|20|shiji@forstarfoods.com|DailyCatchReport.php
1 Jul 2020 11:49:45|20|shiji@forstarfoods.com|DailyCatchReport.php
1 Jul 2020 11:49:46|20|shiji@forstarfoods.com|DailyCatchReport.php
1 Jul 2020 11:49:49|20|shiji@forstarfoods.com|DailyCatchReport.php
1 Jul 2020 11:49:51|20|shiji@forstarfoods.com|DailyCatchReport.php
1 Jul 2020 11:49:53|20|shiji@forstarfoods.com|DailyCatchReport.php
1 Jul 2020 11:49:54|20|shiji@forstarfoods.com|DailyCatchReport.php
1 Jul 2020 11:49:55|20|shiji@forstarfoods.com|PrintDailyCatchReportMemo.php
1 Jul 2020 11:50:18|20|shiji@forstarfoods.com|PrintDailyCatchReportMemo.php
1 Jul 2020 11:50:51|20|shiji@forstarfoods.com|DailyCatchReport.php
1 Jul 2020 11:50:52|20|shiji@forstarfoods.com|DailyCatchReport.php
1 Jul 2020 11:50:54|20|shiji@forstarfoods.com|DailyCatchReport.php
1 Jul 2020 11:51:06|20|shiji@forstarfoods.com|DailyCatchReport.php
1 Jul 2020 11:51:07|20|shiji@forstarfoods.com|DailyCatchReport.php
1 Jul 2020 11:51:09|20|shiji@forstarfoods.com|DailyCatchReport.php
1 Jul 2020 11:51:10|20|shiji@forstarfoods.com|DailyCatchReport.php
1 Jul 2020 11:51:13|20|shiji@forstarfoods.com|DailyCatchReport.php
1 Jul 2020 11:51:15|20|shiji@forstarfoods.com|DailyCatchReport.php
1 Jul 2020 11:51:16|20|shiji@forstarfoods.com|DailyCatchReport.php
1 Jul 2020 11:51:18|20|shiji@forstarfoods.com|PrintDailyCatchReportMemo.php
1 Jul 2020 11:51:29|20|shiji@forstarfoods.com|DailyCatchEntry_New.php
1 Jul 2020 11:51:40|20|shiji@forstarfoods.com|DailyCatchEntry_New.php
1 Jul 2020 11:51:41|20|shiji@forstarfoods.com|DailyCatchEntry_New.php
1 Jul 2020 11:51:42|20|shiji@forstarfoods.com|DailyCatchEntry_New.php
1 Jul 2020 11:51:44|20|shiji@forstarfoods.com|DailyCatchEntry_New.php
1 Jul 2020 11:51:45|20|shiji@forstarfoods.com|DailyCatchEntry_New.php
1 Jul 2020 11:51:46|20|shiji@forstarfoods.com|DailyCatchEntry_New.php
1 Jul 2020 11:51:55|20|shiji@forstarfoods.com|DailyCatchEntry_New.php
1 Jul 2020 11:51:58|20|shiji@forstarfoods.com|DailyCatchEntry_New.php
1 Jul 2020 11:51:59|20|shiji@forstarfoods.com|DailyCatchEntry_New.php
1 Jul 2020 11:52:01|20|shiji@forstarfoods.com|CatchEntryDeclaredItem.php
1 Jul 2020 11:52:02|20|shiji@forstarfoods.com|DailyCatchEntry_New.php
1 Jul 2020 11:52:03|20|shiji@forstarfoods.com|CatchEntryDeclaredItem.php
1 Jul 2020 11:52:06|20|shiji@forstarfoods.com|DailyCatchEntry_New.php
1 Jul 2020 11:52:09|20|shiji@forstarfoods.com|DailyCatchEntry_New.php
1 Jul 2020 11:52:12|20|shiji@forstarfoods.com|DailyCatchEntry_New.php
1 Jul 2020 11:52:22|20|shiji@forstarfoods.com|DailyCatchReport.php
1 Jul 2020 11:52:42|20|shiji@forstarfoods.com|DailyCatchReport.php
1 Jul 2020 11:52:51|20|shiji@forstarfoods.com|DailyCatchReport.php
1 Jul 2020 11:52:53|20|shiji@forstarfoods.com|DailyCatchReport.php
1 Jul 2020 11:52:55|20|shiji@forstarfoods.com|DailyCatchReport.php
1 Jul 2020 11:52:56|20|shiji@forstarfoods.com|DailyCatchReport.php
1 Jul 2020 11:52:58|20|shiji@forstarfoods.com|PrintDailyCatchReportMemo.php
1 Jul 2020 11:53:19|20|shiji@forstarfoods.com|PrintDailyCatchReportMemo.php
1 Jul 2020 11:54:59|20|shiji@forstarfoods.com|DailyCatchReport.php
1 Jul 2020 11:55:01|20|shiji@forstarfoods.com|DailyCatchReport.php
1 Jul 2020 11:55:02|20|shiji@forstarfoods.com|DailyCatchReport.php
1 Jul 2020 11:59:41|30|pritirm@forstarfoods.com|DailyCatchSummary.php
1 Jul 2020 11:59:45|30|pritirm@forstarfoods.com|DailyCatchSummary.php
1 Jul 2020 11:59:51|30|pritirm@forstarfoods.com|DailyCatchSummary.php
1 Jul 2020 11:59:56|30|pritirm@forstarfoods.com|DailyCatchSummary.php
1 Jul 2020 11:59:59|30|pritirm@forstarfoods.com|DailyCatchSummary.php
1 Jul 2020 12:00:09|30|pritirm@forstarfoods.com|DailyCatchSummary.php
1 Jul 2020 12:35:52|20|shiji@forstarfoods.com|SupplierAccount.php
1 Jul 2020 12:50:56|20|shiji@forstarfoods.com|SupplierAccount.php
1 Jul 2020 12:51:00|20|shiji@forstarfoods.com|SupplierAccount.php
1 Jul 2020 12:51:14|20|shiji@forstarfoods.com|SupplierAccount.php
1 Jul 2020 12:51:18|20|shiji@forstarfoods.com|SupplierAccount.php
1 Jul 2020 12:51:23|20|shiji@forstarfoods.com|SupplierAccount.php
1 Jul 2020 12:51:52|20|shiji@forstarfoods.com|SupplierAccount.php
1 Jul 2020 12:52:02|20|shiji@forstarfoods.com|SupplierAccount.php
1 Jul 2020 12:52:05|20|shiji@forstarfoods.com|SupplierAccount.php
1 Jul 2020 12:52:22|20|shiji@forstarfoods.com|SupplierAccount.php
1 Jul 2020 12:52:27|20|shiji@forstarfoods.com|SupplierAccount.php
1 Jul 2020 12:53:01|20|shiji@forstarfoods.com|SupplierAccount.php
1 Jul 2020 12:53:41|20|shiji@forstarfoods.com|SupplierAccount.php
1 Jul 2020 12:53:45|20|shiji@forstarfoods.com|SupplierAccount.php
1 Jul 2020 12:53:48|20|shiji@forstarfoods.com|SupplierAccount.php
1 Jul 2020 12:54:45|20|shiji@forstarfoods.com|SupplierAccount.php
1 Jul 2020 12:54:58|20|shiji@forstarfoods.com|SupplierAccount.php
1 Jul 2020 12:55:07|20|shiji@forstarfoods.com|SupplierAccount.php
1 Jul 2020 12:56:18|20|shiji@forstarfoods.com|SupplierAccount.php
1 Jul 2020 12:56:33|20|shiji@forstarfoods.com|SupplierAccount.php
1 Jul 2020 12:57:13|20|shiji@forstarfoods.com|DailyCatchReport.php
1 Jul 2020 12:57:23|20|shiji@forstarfoods.com|DailyCatchReport.php
1 Jul 2020 12:57:26|20|shiji@forstarfoods.com|DailyCatchReport.php
1 Jul 2020 12:57:28|20|shiji@forstarfoods.com|DailyCatchReport.php
1 Jul 2020 12:57:29|20|shiji@forstarfoods.com|DailyCatchReport.php
1 Jul 2020 12:57:32|20|shiji@forstarfoods.com|PrintDailyCatchReportMemo.php
1 Jul 2020 12:57:47|20|shiji@forstarfoods.com|DailyCatchReport.php
1 Jul 2020 12:57:49|20|shiji@forstarfoods.com|DailyCatchReport.php
1 Jul 2020 12:57:50|20|shiji@forstarfoods.com|DailyCatchReport.php
1 Jul 2020 12:57:52|20|shiji@forstarfoods.com|DailyCatchReport.php
1 Jul 2020 12:57:58|20|shiji@forstarfoods.com|DailyCatchReport.php
1 Jul 2020 12:58:00|20|shiji@forstarfoods.com|DailyCatchReport.php
1 Jul 2020 12:58:01|20|shiji@forstarfoods.com|DailyCatchReport.php
1 Jul 2020 12:58:04|20|shiji@forstarfoods.com|SupplierAccount.php
1 Jul 2020 12:58:16|20|shiji@forstarfoods.com|SupplierAccount.php
1 Jul 2020 12:58:20|20|shiji@forstarfoods.com|SupplierAccount.php
1 Jul 2020 12:58:23|20|shiji@forstarfoods.com|SupplierAccount.php
1 Jul 2020 12:58:27|20|shiji@forstarfoods.com|SupplierAccount.php
1 Jul 2020 12:58:52|20|shiji@forstarfoods.com|SupplierAccount.php
1 Jul 2020 12:58:57|20|shiji@forstarfoods.com|SupplierAccount.php
1 Jul 2020 12:59:00|20|shiji@forstarfoods.com|SupplierAccount.php
1 Jul 2020 12:59:25|20|shiji@forstarfoods.com|SupplierAccount.php
1 Jul 2020 14:22:54|20|shiji@forstarfoods.com|DailyCatchReport.php
1 Jul 2020 14:23:06|20|shiji@forstarfoods.com|DailyCatchReport.php
1 Jul 2020 14:23:11|20|shiji@forstarfoods.com|DailyCatchReport.php
1 Jul 2020 14:23:13|20|shiji@forstarfoods.com|DailyCatchReport.php
1 Jul 2020 14:23:14|20|shiji@forstarfoods.com|DailyCatchReport.php
1 Jul 2020 14:23:16|20|shiji@forstarfoods.com|DailyCatchReport.php
1 Jul 2020 14:23:17|20|shiji@forstarfoods.com|PrintDailyCatchReportMemo.php
1 Jul 2020 14:23:53|20|shiji@forstarfoods.com|PrintDailyCatchReportMemo.php
1 Jul 2020 14:25:32|20|shiji@forstarfoods.com|DailyCatchReport.php
1 Jul 2020 14:25:34|20|shiji@forstarfoods.com|DailyCatchReport.php
1 Jul 2020 14:25:35|20|shiji@forstarfoods.com|DailyCatchReport.php
1 Jul 2020 14:25:41|20|shiji@forstarfoods.com|DailyCatchReport.php
1 Jul 2020 14:25:43|20|shiji@forstarfoods.com|DailyCatchReport.php
1 Jul 2020 14:25:44|20|shiji@forstarfoods.com|DailyCatchReport.php
1 Jul 2020 14:25:46|20|shiji@forstarfoods.com|DailyCatchReport.php
1 Jul 2020 14:25:48|20|shiji@forstarfoods.com|DailyCatchReport.php
1 Jul 2020 14:25:50|20|shiji@forstarfoods.com|DailyCatchReport.php
1 Jul 2020 14:25:51|20|shiji@forstarfoods.com|DailyCatchReport.php
1 Jul 2020 14:25:54|20|shiji@forstarfoods.com|DailyCatchReport.php
1 Jul 2020 14:25:56|20|shiji@forstarfoods.com|DailyCatchReport.php
1 Jul 2020 14:25:57|20|shiji@forstarfoods.com|DailyCatchReport.php
1 Jul 2020 14:25:59|20|shiji@forstarfoods.com|PrintDailyCatchReportMemo.php
1 Jul 2020 14:28:20|20|shiji@forstarfoods.com|PrintDailyCatchReportMemo.php
1 Jul 2020 14:28:50|20|shiji@forstarfoods.com|DailyCatchReport.php
1 Jul 2020 14:28:52|20|shiji@forstarfoods.com|DailyCatchReport.php
1 Jul 2020 14:28:53|20|shiji@forstarfoods.com|DailyCatchReport.php
1 Jul 2020 14:28:57|20|shiji@forstarfoods.com|DailyCatchReport.php
1 Jul 2020 14:28:58|20|shiji@forstarfoods.com|DailyCatchReport.php
1 Jul 2020 14:29:00|20|shiji@forstarfoods.com|DailyCatchReport.php
1 Jul 2020 14:29:01|20|shiji@forstarfoods.com|DailyCatchReport.php
1 Jul 2020 14:29:03|20|shiji@forstarfoods.com|DailyCatchReport.php
1 Jul 2020 14:29:05|20|shiji@forstarfoods.com|DailyCatchReport.php
1 Jul 2020 14:29:06|20|shiji@forstarfoods.com|DailyCatchReport.php
1 Jul 2020 14:29:08|20|shiji@forstarfoods.com|PrintDailyCatchReportMemo.php
1 Jul 2020 14:30:08|20|shiji@forstarfoods.com|PrintDailyCatchReportMemo.php
1 Jul 2020 14:30:41|20|shiji@forstarfoods.com|DailyCatchReport.php
1 Jul 2020 14:30:43|20|shiji@forstarfoods.com|DailyCatchReport.php
1 Jul 2020 14:30:44|20|shiji@forstarfoods.com|DailyCatchReport.php
1 Jul 2020 14:30:50|20|shiji@forstarfoods.com|DailyCatchReport.php
1 Jul 2020 14:30:51|20|shiji@forstarfoods.com|DailyCatchReport.php
1 Jul 2020 14:30:53|20|shiji@forstarfoods.com|DailyCatchReport.php
1 Jul 2020 14:30:55|20|shiji@forstarfoods.com|DailyCatchReport.php
1 Jul 2020 14:30:56|20|shiji@forstarfoods.com|DailyCatchReport.php
1 Jul 2020 14:30:59|20|shiji@forstarfoods.com|PrintDailyCatchReportMemo.php
1 Jul 2020 14:32:19|20|shiji@forstarfoods.com|PrintDailyCatchReportMemo.php
1 Jul 2020 14:32:53|20|shiji@forstarfoods.com|DailyCatchReport.php
1 Jul 2020 14:32:54|20|shiji@forstarfoods.com|DailyCatchReport.php
1 Jul 2020 14:32:55|20|shiji@forstarfoods.com|DailyCatchReport.php
1 Jul 2020 14:32:59|20|shiji@forstarfoods.com|DailyCatchReport.php
1 Jul 2020 14:33:00|20|shiji@forstarfoods.com|DailyCatchReport.php
1 Jul 2020 14:33:02|20|shiji@forstarfoods.com|DailyCatchReport.php
1 Jul 2020 14:33:03|20|shiji@forstarfoods.com|DailyCatchReport.php
1 Jul 2020 14:33:05|20|shiji@forstarfoods.com|DailyCatchReport.php
1 Jul 2020 14:33:07|20|shiji@forstarfoods.com|DailyCatchReport.php
1 Jul 2020 14:33:08|20|shiji@forstarfoods.com|DailyCatchReport.php
1 Jul 2020 14:33:10|20|shiji@forstarfoods.com|PrintDailyCatchReportMemo.php
1 Jul 2020 14:33:19|20|shiji@forstarfoods.com|PrintDailyCatchReportMemo.php
1 Jul 2020 14:33:51|20|shiji@forstarfoods.com|DailyCatchReport.php
1 Jul 2020 14:33:53|20|shiji@forstarfoods.com|DailyCatchReport.php
1 Jul 2020 14:33:54|20|shiji@forstarfoods.com|DailyCatchReport.php
1 Jul 2020 14:33:59|20|shiji@forstarfoods.com|DailyCatchReport.php
1 Jul 2020 14:34:00|20|shiji@forstarfoods.com|DailyCatchReport.php
1 Jul 2020 14:34:02|20|shiji@forstarfoods.com|DailyCatchReport.php
1 Jul 2020 14:34:03|20|shiji@forstarfoods.com|DailyCatchReport.php
1 Jul 2020 14:34:06|20|shiji@forstarfoods.com|PrintDailyCatchReportMemo.php
1 Jul 2020 14:38:59|20|shiji@forstarfoods.com|PrintDailyCatchReportMemo.php
1 Jul 2020 14:53:42|30|pritirm@forstarfoods.com|DailyCatchSummary.php
1 Jul 2020 14:53:51|30|pritirm@forstarfoods.com|DailyCatchSummary.php
1 Jul 2020 14:54:02|30|pritirm@forstarfoods.com|DailyCatchSummary.php
1 Jul 2020 14:54:12|30|pritirm@forstarfoods.com|DailyCatchSummary.php
1 Jul 2020 14:54:22|20|shiji@forstarfoods.com|DailyCatchReport.php
1 Jul 2020 14:54:23|20|shiji@forstarfoods.com|DailyCatchReport.php
1 Jul 2020 14:54:25|20|shiji@forstarfoods.com|DailyCatchReport.php
1 Jul 2020 14:54:26|30|pritirm@forstarfoods.com|DailyCatchSummary.php
1 Jul 2020 14:54:28|20|shiji@forstarfoods.com|ProcessorsAccounts.php
1 Jul 2020 14:54:28|30|pritirm@forstarfoods.com|DailyCatchSummary.php
1 Jul 2020 14:54:37|20|shiji@forstarfoods.com|ProcessorsAccounts.php
1 Jul 2020 14:54:44|20|shiji@forstarfoods.com|ProcessorsAccounts.php
1 Jul 2020 14:54:52|20|shiji@forstarfoods.com|ProcessorsAccounts.php
1 Jul 2020 14:55:29|20|shiji@forstarfoods.com|ProcessorsAccounts.php
1 Jul 2020 14:55:39|20|shiji@forstarfoods.com|ProcessorsAccounts.php
1 Jul 2020 14:55:47|20|shiji@forstarfoods.com|ProcessorsAccounts.php
1 Jul 2020 14:55:59|20|shiji@forstarfoods.com|ProcessorsAccounts.php
1 Jul 2020 14:57:47|30|pritirm@forstarfoods.com|SupplierAccount.php
1 Jul 2020 14:58:01|30|pritirm@forstarfoods.com|SupplierAccount.php
1 Jul 2020 14:58:04|30|pritirm@forstarfoods.com|SupplierAccount.php
1 Jul 2020 14:58:09|30|pritirm@forstarfoods.com|SupplierAccount.php
1 Jul 2020 14:58:13|30|pritirm@forstarfoods.com|SupplierAccount.php
1 Jul 2020 14:58:19|30|pritirm@forstarfoods.com|SettlementSummary.php
1 Jul 2020 14:58:26|30|pritirm@forstarfoods.com|SettlementSummary.php
1 Jul 2020 14:58:29|30|pritirm@forstarfoods.com|SupplierPayments.php
1 Jul 2020 14:58:30|30|pritirm@forstarfoods.com|SupplierPayments.php
1 Jul 2020 14:58:32|30|pritirm@forstarfoods.com|SupplierPayments.php
1 Jul 2020 14:58:36|30|pritirm@forstarfoods.com|PurchaseStatement.php
1 Jul 2020 14:58:46|30|pritirm@forstarfoods.com|PurchaseStatement.php
1 Jul 2020 14:58:49|30|pritirm@forstarfoods.com|PurchaseStatement.php
1 Jul 2020 14:58:53|30|pritirm@forstarfoods.com|PrintPurchaseStatement.php
1 Jul 2020 14:59:56|30|pritirm@forstarfoods.com|DailyCatchSummary.php
1 Jul 2020 14:59:59|30|pritirm@forstarfoods.com|DailyCatchSummary.php
1 Jul 2020 15:00:06|30|pritirm@forstarfoods.com|DailyCatchSummary.php
1 Jul 2020 15:00:10|30|pritirm@forstarfoods.com|DailyCatchSummary.php
1 Jul 2020 15:00:14|30|pritirm@forstarfoods.com|DailyCatchSummary.php
1 Jul 2020 15:00:21|30|pritirm@forstarfoods.com|DailyCatchSummary.php
1 Jul 2020 15:00:32|30|pritirm@forstarfoods.com|DailyCatchSummary.php
1 Jul 2020 15:00:35|30|pritirm@forstarfoods.com|DailyCatchSummary.php
1 Jul 2020 15:03:55|20|shiji@forstarfoods.com|SupplierAccount.php
1 Jul 2020 15:04:27|20|shiji@forstarfoods.com|SupplierAccount.php
1 Jul 2020 15:04:31|20|shiji@forstarfoods.com|SupplierAccount.php
1 Jul 2020 15:04:36|20|shiji@forstarfoods.com|SupplierAccount.php
1 Jul 2020 15:04:49|20|shiji@forstarfoods.com|SupplierAccount.php
1 Jul 2020 15:04:53|20|shiji@forstarfoods.com|SupplierAccount.php
1 Jul 2020 15:05:38|20|shiji@forstarfoods.com|SupplierAccount.php
1 Jul 2020 15:05:45|20|shiji@forstarfoods.com|SupplierAccount.php
1 Jul 2020 15:06:02|20|shiji@forstarfoods.com|SupplierAccount.php
1 Jul 2020 15:06:10|20|shiji@forstarfoods.com|SupplierAccount.php
1 Jul 2020 15:06:56|20|shiji@forstarfoods.com|SupplierAccount.php
1 Jul 2020 15:07:03|20|shiji@forstarfoods.com|SupplierAccount.php
1 Jul 2020 15:07:06|20|shiji@forstarfoods.com|SupplierAccount.php
1 Jul 2020 15:07:31|20|shiji@forstarfoods.com|SupplierAccount.php
1 Jul 2020 15:07:42|20|shiji@forstarfoods.com|SupplierAccount.php
1 Jul 2020 15:07:46|20|shiji@forstarfoods.com|SupplierAccount.php
1 Jul 2020 15:08:02|20|shiji@forstarfoods.com|SupplierAccount.php
1 Jul 2020 15:08:09|20|shiji@forstarfoods.com|SupplierAccount.php
1 Jul 2020 15:08:29|20|shiji@forstarfoods.com|SupplierAccount.php
1 Jul 2020 17:07:42|20|shiji@forstarfoods.com|Home.php
1 Jul 2020 17:08:37|20|shiji@forstarfoods.com|DailyCatchEntry_New.php
1 Jul 2020 17:08:41|20|shiji@forstarfoods.com|DailyCatchEntry_New.php
1 Jul 2020 17:08:42|20|shiji@forstarfoods.com|DailyCatchEntry_New.php
1 Jul 2020 17:08:44|20|shiji@forstarfoods.com|DailyCatchEntry_New.php
1 Jul 2020 17:08:45|20|shiji@forstarfoods.com|DailyCatchEntry_New.php
1 Jul 2020 17:08:46|20|shiji@forstarfoods.com|CatchEntryDeclaredItem.php
1 Jul 2020 17:08:47|20|shiji@forstarfoods.com|DailyCatchEntry_New.php
1 Jul 2020 17:08:54|20|shiji@forstarfoods.com|DailyCatchEntry_New.php
1 Jul 2020 17:08:55|20|shiji@forstarfoods.com|DailyCatchEntry_New.php
1 Jul 2020 17:08:56|20|shiji@forstarfoods.com|DailyCatchEntry_New.php
1 Jul 2020 17:09:13|20|shiji@forstarfoods.com|DailyCatchEntry_New.php
1 Jul 2020 17:09:19|20|shiji@forstarfoods.com|DailyCatchEntry_New.php
1 Jul 2020 17:09:21|20|shiji@forstarfoods.com|CatchEntryDeclaredItem.php
1 Jul 2020 17:09:31|20|shiji@forstarfoods.com|DailyCatchEntry_New.php
1 Jul 2020 17:09:33|20|shiji@forstarfoods.com|DailyCatchEntry_New.php
1 Jul 2020 17:09:34|20|shiji@forstarfoods.com|DailyCatchEntry_New.php
1 Jul 2020 17:09:35|20|shiji@forstarfoods.com|DailyCatchEntry_New.php
1 Jul 2020 17:09:36|20|shiji@forstarfoods.com|DailyCatchEntry_New.php
1 Jul 2020 17:09:38|20|shiji@forstarfoods.com|DailyCatchEntry_New.php
1 Jul 2020 17:11:03|20|shiji@forstarfoods.com|DailyCatchEntry_New.php
1 Jul 2020 17:11:06|20|shiji@forstarfoods.com|DailyCatchEntry_New.php
1 Jul 2020 17:11:08|20|shiji@forstarfoods.com|DailyCatchEntry_New.php
1 Jul 2020 17:11:13|20|shiji@forstarfoods.com|DailyCatchEntry_New.php
1 Jul 2020 17:11:14|20|shiji@forstarfoods.com|DailyCatchEntry_New.php
1 Jul 2020 17:11:15|20|shiji@forstarfoods.com|DailyCatchEntry_New.php
1 Jul 2020 17:11:16|20|shiji@forstarfoods.com|DailyCatchEntry_New.php
1 Jul 2020 17:11:18|20|shiji@forstarfoods.com|DailyCatchEntry_New.php
1 Jul 2020 17:11:19|20|shiji@forstarfoods.com|DailyCatchEntry_New.php
1 Jul 2020 17:11:23|20|shiji@forstarfoods.com|DailyCatchEntry_New.php
1 Jul 2020 17:11:29|20|shiji@forstarfoods.com|DailyCatchEntry_New.php
1 Jul 2020 17:11:36|20|shiji@forstarfoods.com|CatchEntryDeclaredItem.php
1 Jul 2020 17:11:39|20|shiji@forstarfoods.com|DailyCatchEntry_New.php
1 Jul 2020 17:11:41|20|shiji@forstarfoods.com|DailyCatchEntry_New.php
1 Jul 2020 17:11:42|20|shiji@forstarfoods.com|DailyCatchEntry_New.php
1 Jul 2020 17:11:56|20|shiji@forstarfoods.com|DailyCatchEntry_New.php
1 Jul 2020 17:12:01|20|shiji@forstarfoods.com|DailyCatchEntry_New.php
1 Jul 2020 17:12:02|20|shiji@forstarfoods.com|CatchEntryDeclaredItem.php
1 Jul 2020 17:12:11|20|shiji@forstarfoods.com|DailyCatchEntry_New.php
1 Jul 2020 17:12:13|20|shiji@forstarfoods.com|DailyCatchEntry_New.php
1 Jul 2020 17:12:14|20|shiji@forstarfoods.com|DailyCatchEntry_New.php
1 Jul 2020 17:12:15|20|shiji@forstarfoods.com|DailyCatchEntry_New.php
1 Jul 2020 17:12:16|20|shiji@forstarfoods.com|DailyCatchEntry_New.php
1 Jul 2020 17:12:17|20|shiji@forstarfoods.com|DailyCatchEntry_New.php
1 Jul 2020 17:12:22|20|shiji@forstarfoods.com|DailyCatchEntry_New.php
1 Jul 2020 17:12:28|20|shiji@forstarfoods.com|DailyCatchEntry_New.php
1 Jul 2020 17:12:31|20|shiji@forstarfoods.com|DailyCatchEntry_New.php
1 Jul 2020 17:12:34|20|shiji@forstarfoods.com|DailyCatchEntry_New.php
1 Jul 2020 17:12:36|20|shiji@forstarfoods.com|DailyCatchEntry_New.php
1 Jul 2020 17:12:37|20|shiji@forstarfoods.com|DailyCatchEntry_New.php
1 Jul 2020 17:12:38|20|shiji@forstarfoods.com|DailyCatchEntry_New.php