
15 Dec 2020 11:20:08|20|shiji@forstarfoods.com|DailyCatchEntry_New.php
15 Dec 2020 11:20:09|20|shiji@forstarfoods.com|DailyCatchEntry_New.php
15 Dec 2020 11:20:10|20|shiji@forstarfoods.com|DailyCatchEntry_New.php
15 Dec 2020 11:20:11|20|shiji@forstarfoods.com|DailyCatchEntry_New.php
15 Dec 2020 11:20:31|20|shiji@forstarfoods.com|DailyCatchEntry_New.php
15 Dec 2020 11:20:33|20|shiji@forstarfoods.com|CatchEntryDeclaredItem.php
15 Dec 2020 11:20:41|20|shiji@forstarfoods.com|DailyCatchEntry_New.php
15 Dec 2020 11:20:43|20|shiji@forstarfoods.com|DailyCatchEntry_New.php
15 Dec 2020 11:20:45|20|shiji@forstarfoods.com|DailyCatchEntry_New.php
15 Dec 2020 11:20:47|20|shiji@forstarfoods.com|DailyCatchEntry_New.php
15 Dec 2020 11:20:48|20|shiji@forstarfoods.com|DailyCatchEntry_New.php
15 Dec 2020 11:20:49|20|shiji@forstarfoods.com|DailyCatchEntry_New.php
15 Dec 2020 11:20:50|20|shiji@forstarfoods.com|DailyCatchEntry_New.php
15 Dec 2020 11:20:51|20|shiji@forstarfoods.com|DailyCatchEntry_New.php
15 Dec 2020 11:20:53|20|shiji@forstarfoods.com|DailyCatchEntry_New.php
15 Dec 2020 11:20:54|20|shiji@forstarfoods.com|DailyCatchEntry_New.php
15 Dec 2020 11:20:55|20|shiji@forstarfoods.com|DailyCatchEntry_New.php
15 Dec 2020 11:20:56|20|shiji@forstarfoods.com|DailyCatchEntry_New.php
15 Dec 2020 11:20:58|20|shiji@forstarfoods.com|DailyCatchEntry_New.php
15 Dec 2020 11:20:59|20|shiji@forstarfoods.com|DailyCatchEntry_New.php
15 Dec 2020 11:21:00|20|shiji@forstarfoods.com|DailyCatchEntry_New.php
15 Dec 2020 11:21:01|20|shiji@forstarfoods.com|DailyCatchEntry_New.php
15 Dec 2020 11:21:03|20|shiji@forstarfoods.com|DailyCatchEntry_New.php
15 Dec 2020 11:21:04|20|shiji@forstarfoods.com|DailyCatchEntry_New.php
15 Dec 2020 11:21:05|20|shiji@forstarfoods.com|DailyCatchEntry_New.php
15 Dec 2020 11:21:08|20|shiji@forstarfoods.com|DailyCatchEntry_New.php
15 Dec 2020 11:21:09|20|shiji@forstarfoods.com|CatchEntryDeclaredItem.php
15 Dec 2020 11:21:17|20|shiji@forstarfoods.com|DailyCatchEntry_New.php
15 Dec 2020 11:21:19|20|shiji@forstarfoods.com|DailyCatchEntry_New.php
15 Dec 2020 11:21:22|20|shiji@forstarfoods.com|DailyCatchEntry_New.php
15 Dec 2020 11:21:23|20|shiji@forstarfoods.com|DailyCatchEntry_New.php
15 Dec 2020 11:21:24|20|shiji@forstarfoods.com|DailyCatchEntry_New.php
15 Dec 2020 11:21:26|20|shiji@forstarfoods.com|DailyCatchEntry_New.php
15 Dec 2020 11:21:27|20|shiji@forstarfoods.com|DailyCatchEntry_New.php
15 Dec 2020 11:21:28|20|shiji@forstarfoods.com|DailyCatchEntry_New.php
15 Dec 2020 11:21:29|20|shiji@forstarfoods.com|DailyCatchEntry_New.php
15 Dec 2020 11:21:30|20|shiji@forstarfoods.com|DailyCatchEntry_New.php
15 Dec 2020 11:21:32|20|shiji@forstarfoods.com|DailyCatchEntry_New.php
15 Dec 2020 11:21:33|20|shiji@forstarfoods.com|DailyCatchEntry_New.php
15 Dec 2020 11:21:34|20|shiji@forstarfoods.com|DailyCatchEntry_New.php
15 Dec 2020 11:21:35|20|shiji@forstarfoods.com|DailyCatchEntry_New.php
15 Dec 2020 11:21:37|20|shiji@forstarfoods.com|DailyCatchEntry_New.php
15 Dec 2020 11:21:38|20|shiji@forstarfoods.com|DailyCatchEntry_New.php
15 Dec 2020 11:21:39|20|shiji@forstarfoods.com|DailyCatchEntry_New.php
15 Dec 2020 11:21:40|20|shiji@forstarfoods.com|DailyCatchEntry_New.php
15 Dec 2020 11:21:42|20|shiji@forstarfoods.com|DailyCatchEntry_New.php
15 Dec 2020 11:21:47|20|shiji@forstarfoods.com|DailyCatchEntry_New.php
15 Dec 2020 11:21:48|20|shiji@forstarfoods.com|DailyCatchEntry_New.php
15 Dec 2020 11:21:49|20|shiji@forstarfoods.com|CatchEntryDeclaredItem.php
15 Dec 2020 11:22:01|20|shiji@forstarfoods.com|DailyCatchEntry_New.php
15 Dec 2020 11:22:08|20|shiji@forstarfoods.com|DailyCatchEntry_New.php
15 Dec 2020 11:22:12|20|shiji@forstarfoods.com|DailyCatchEntry_New.php
15 Dec 2020 11:22:13|20|shiji@forstarfoods.com|DailyCatchEntry_New.php
15 Dec 2020 11:22:14|20|shiji@forstarfoods.com|DailyCatchEntry_New.php
15 Dec 2020 11:22:16|20|shiji@forstarfoods.com|DailyCatchEntry_New.php
15 Dec 2020 11:22:17|20|shiji@forstarfoods.com|DailyCatchEntry_New.php
15 Dec 2020 11:22:18|20|shiji@forstarfoods.com|DailyCatchEntry_New.php
15 Dec 2020 11:22:19|20|shiji@forstarfoods.com|DailyCatchEntry_New.php
15 Dec 2020 11:22:21|20|shiji@forstarfoods.com|DailyCatchEntry_New.php
15 Dec 2020 11:22:22|20|shiji@forstarfoods.com|DailyCatchEntry_New.php
15 Dec 2020 11:22:23|20|shiji@forstarfoods.com|DailyCatchEntry_New.php
15 Dec 2020 11:22:24|20|shiji@forstarfoods.com|DailyCatchEntry_New.php
15 Dec 2020 11:22:26|20|shiji@forstarfoods.com|DailyCatchEntry_New.php
15 Dec 2020 11:22:27|20|shiji@forstarfoods.com|DailyCatchEntry_New.php
15 Dec 2020 11:22:28|20|shiji@forstarfoods.com|DailyCatchEntry_New.php
15 Dec 2020 11:22:29|20|shiji@forstarfoods.com|DailyCatchEntry_New.php
15 Dec 2020 11:22:30|20|shiji@forstarfoods.com|DailyCatchEntry_New.php
15 Dec 2020 11:22:32|20|shiji@forstarfoods.com|DailyCatchEntry_New.php
15 Dec 2020 11:22:36|20|shiji@forstarfoods.com|DailyCatchEntry_New.php
15 Dec 2020 11:22:37|20|shiji@forstarfoods.com|CatchEntryDeclaredItem.php
15 Dec 2020 11:22:46|20|shiji@forstarfoods.com|DailyCatchEntry_New.php
15 Dec 2020 11:22:48|20|shiji@forstarfoods.com|DailyCatchEntry_New.php
15 Dec 2020 11:22:52|20|shiji@forstarfoods.com|DailyCatchEntry_New.php
15 Dec 2020 11:22:53|20|shiji@forstarfoods.com|DailyCatchEntry_New.php
15 Dec 2020 11:22:54|20|shiji@forstarfoods.com|DailyCatchEntry_New.php
15 Dec 2020 11:22:55|20|shiji@forstarfoods.com|DailyCatchEntry_New.php
15 Dec 2020 11:22:57|20|shiji@forstarfoods.com|DailyCatchEntry_New.php
15 Dec 2020 11:22:58|20|shiji@forstarfoods.com|DailyCatchEntry_New.php
15 Dec 2020 11:22:59|20|shiji@forstarfoods.com|DailyCatchEntry_New.php
15 Dec 2020 11:23:00|20|shiji@forstarfoods.com|DailyCatchEntry_New.php
15 Dec 2020 11:23:02|20|shiji@forstarfoods.com|DailyCatchEntry_New.php
15 Dec 2020 11:23:03|20|shiji@forstarfoods.com|DailyCatchEntry_New.php
15 Dec 2020 11:23:04|20|shiji@forstarfoods.com|DailyCatchEntry_New.php
15 Dec 2020 11:23:05|20|shiji@forstarfoods.com|DailyCatchEntry_New.php
15 Dec 2020 11:23:07|20|shiji@forstarfoods.com|DailyCatchEntry_New.php
15 Dec 2020 11:23:08|20|shiji@forstarfoods.com|DailyCatchEntry_New.php
15 Dec 2020 11:23:09|20|shiji@forstarfoods.com|DailyCatchEntry_New.php
15 Dec 2020 11:23:10|20|shiji@forstarfoods.com|DailyCatchEntry_New.php
15 Dec 2020 11:23:12|20|shiji@forstarfoods.com|DailyCatchEntry_New.php
15 Dec 2020 11:23:18|20|shiji@forstarfoods.com|DailyCatchEntry_New.php
15 Dec 2020 11:23:19|20|shiji@forstarfoods.com|CatchEntryDeclaredItem.php
15 Dec 2020 11:23:21|20|shiji@forstarfoods.com|DailyCatchEntry_New.php
15 Dec 2020 11:23:22|20|shiji@forstarfoods.com|DailyCatchEntry_New.php
15 Dec 2020 11:23:23|20|shiji@forstarfoods.com|DailyCatchEntry_New.php
15 Dec 2020 11:23:27|20|shiji@forstarfoods.com|DailyCatchEntry_New.php
15 Dec 2020 11:23:32|20|shiji@forstarfoods.com|DailyCatchEntry_New.php
15 Dec 2020 11:23:38|20|shiji@forstarfoods.com|DailyCatchEntry_New.php
15 Dec 2020 11:23:40|20|shiji@forstarfoods.com|CatchEntryDeclaredItem.php
15 Dec 2020 11:23:49|20|shiji@forstarfoods.com|DailyCatchEntry_New.php
15 Dec 2020 11:23:51|20|shiji@forstarfoods.com|DailyCatchEntry_New.php
15 Dec 2020 11:23:52|20|shiji@forstarfoods.com|DailyCatchEntry_New.php
15 Dec 2020 11:24:01|20|shiji@forstarfoods.com|DailyCatchEntry_New.php
15 Dec 2020 11:24:04|20|shiji@forstarfoods.com|DailyCatchEntry_New.php
15 Dec 2020 11:24:06|20|shiji@forstarfoods.com|DailyCatchEntry_New.php
15 Dec 2020 11:24:07|20|shiji@forstarfoods.com|DailyCatchEntry_New.php
15 Dec 2020 11:24:08|20|shiji@forstarfoods.com|DailyCatchEntry_New.php
15 Dec 2020 11:24:10|20|shiji@forstarfoods.com|DailyCatchEntry_New.php
15 Dec 2020 11:24:11|20|shiji@forstarfoods.com|DailyCatchEntry_New.php
15 Dec 2020 11:24:12|20|shiji@forstarfoods.com|DailyCatchEntry_New.php
15 Dec 2020 11:24:13|20|shiji@forstarfoods.com|DailyCatchEntry_New.php
15 Dec 2020 11:24:15|20|shiji@forstarfoods.com|DailyCatchEntry_New.php
15 Dec 2020 11:24:16|20|shiji@forstarfoods.com|DailyCatchEntry_New.php
15 Dec 2020 11:24:17|20|shiji@forstarfoods.com|DailyCatchEntry_New.php
15 Dec 2020 11:24:18|20|shiji@forstarfoods.com|DailyCatchEntry_New.php
15 Dec 2020 11:24:20|20|shiji@forstarfoods.com|DailyCatchEntry_New.php
15 Dec 2020 11:24:21|20|shiji@forstarfoods.com|DailyCatchEntry_New.php
15 Dec 2020 11:24:22|20|shiji@forstarfoods.com|DailyCatchEntry_New.php
15 Dec 2020 11:24:23|20|shiji@forstarfoods.com|DailyCatchEntry_New.php
15 Dec 2020 11:24:24|20|shiji@forstarfoods.com|DailyCatchEntry_New.php
15 Dec 2020 11:24:26|20|shiji@forstarfoods.com|DailyCatchEntry_New.php
15 Dec 2020 11:24:28|20|shiji@forstarfoods.com|DailyCatchEntry_New.php
15 Dec 2020 11:24:30|20|shiji@forstarfoods.com|CatchEntryDeclaredItem.php
15 Dec 2020 11:24:38|20|shiji@forstarfoods.com|DailyCatchEntry_New.php
15 Dec 2020 11:24:41|20|shiji@forstarfoods.com|DailyCatchEntry_New.php
15 Dec 2020 11:24:43|20|shiji@forstarfoods.com|DailyCatchEntry_New.php
15 Dec 2020 11:24:45|20|shiji@forstarfoods.com|DailyCatchEntry_New.php
15 Dec 2020 11:24:46|20|shiji@forstarfoods.com|DailyCatchEntry_New.php
15 Dec 2020 11:24:47|20|shiji@forstarfoods.com|DailyCatchEntry_New.php
15 Dec 2020 11:24:48|20|shiji@forstarfoods.com|DailyCatchEntry_New.php
15 Dec 2020 11:24:50|20|shiji@forstarfoods.com|DailyCatchEntry_New.php
15 Dec 2020 11:24:51|20|shiji@forstarfoods.com|DailyCatchEntry_New.php
15 Dec 2020 11:24:52|20|shiji@forstarfoods.com|DailyCatchEntry_New.php
15 Dec 2020 11:24:53|20|shiji@forstarfoods.com|DailyCatchEntry_New.php
15 Dec 2020 11:24:54|20|shiji@forstarfoods.com|DailyCatchEntry_New.php
15 Dec 2020 11:24:56|20|shiji@forstarfoods.com|DailyCatchEntry_New.php
15 Dec 2020 11:24:57|20|shiji@forstarfoods.com|DailyCatchEntry_New.php
15 Dec 2020 11:24:58|20|shiji@forstarfoods.com|DailyCatchEntry_New.php
15 Dec 2020 11:24:59|20|shiji@forstarfoods.com|DailyCatchEntry_New.php
15 Dec 2020 11:25:01|20|shiji@forstarfoods.com|DailyCatchEntry_New.php
15 Dec 2020 11:25:02|20|shiji@forstarfoods.com|DailyCatchEntry_New.php
15 Dec 2020 11:25:03|20|shiji@forstarfoods.com|DailyCatchEntry_New.php
15 Dec 2020 11:25:11|20|shiji@forstarfoods.com|DailyCatchEntry_New.php
15 Dec 2020 11:25:12|20|shiji@forstarfoods.com|CatchEntryDeclaredItem.php
15 Dec 2020 11:25:24|20|shiji@forstarfoods.com|DailyCatchEntry_New.php
15 Dec 2020 11:25:29|20|shiji@forstarfoods.com|DailyCatchEntry_New.php
15 Dec 2020 11:25:37|20|shiji@forstarfoods.com|DailyCatchEntry_New.php
15 Dec 2020 11:25:38|20|shiji@forstarfoods.com|DailyCatchEntry_New.php
15 Dec 2020 11:25:40|20|shiji@forstarfoods.com|DailyCatchEntry_New.php
15 Dec 2020 11:25:41|20|shiji@forstarfoods.com|DailyCatchEntry_New.php
15 Dec 2020 11:25:42|20|shiji@forstarfoods.com|DailyCatchEntry_New.php
15 Dec 2020 11:25:43|20|shiji@forstarfoods.com|DailyCatchEntry_New.php
15 Dec 2020 11:25:45|20|shiji@forstarfoods.com|DailyCatchEntry_New.php
15 Dec 2020 11:25:46|20|shiji@forstarfoods.com|DailyCatchEntry_New.php
15 Dec 2020 11:25:47|20|shiji@forstarfoods.com|DailyCatchEntry_New.php
15 Dec 2020 11:25:48|20|shiji@forstarfoods.com|DailyCatchEntry_New.php
15 Dec 2020 11:25:49|20|shiji@forstarfoods.com|DailyCatchEntry_New.php
15 Dec 2020 11:25:51|20|shiji@forstarfoods.com|DailyCatchEntry_New.php
15 Dec 2020 11:25:52|20|shiji@forstarfoods.com|DailyCatchEntry_New.php
15 Dec 2020 11:25:53|20|shiji@forstarfoods.com|DailyCatchEntry_New.php
15 Dec 2020 11:25:54|20|shiji@forstarfoods.com|DailyCatchEntry_New.php
15 Dec 2020 11:25:56|20|shiji@forstarfoods.com|DailyCatchEntry_New.php
15 Dec 2020 11:25:57|20|shiji@forstarfoods.com|DailyCatchEntry_New.php
15 Dec 2020 11:26:15|20|shiji@forstarfoods.com|DailyCatchEntry_New.php
15 Dec 2020 11:26:16|20|shiji@forstarfoods.com|CatchEntryDeclaredItem.php
15 Dec 2020 11:26:27|20|shiji@forstarfoods.com|DailyCatchEntry_New.php
15 Dec 2020 11:26:35|20|shiji@forstarfoods.com|DailyCatchEntry_New.php
15 Dec 2020 11:26:39|20|shiji@forstarfoods.com|DailyCatchEntry_New.php
15 Dec 2020 11:26:40|20|shiji@forstarfoods.com|DailyCatchEntry_New.php
15 Dec 2020 11:26:41|20|shiji@forstarfoods.com|DailyCatchEntry_New.php
15 Dec 2020 11:26:42|20|shiji@forstarfoods.com|DailyCatchEntry_New.php
15 Dec 2020 11:26:49|20|shiji@forstarfoods.com|DailyCatchEntry_New.php
15 Dec 2020 11:26:50|20|shiji@forstarfoods.com|DailyCatchEntry_New.php
15 Dec 2020 11:27:04|20|shiji@forstarfoods.com|DailyCatchEntry_New.php
15 Dec 2020 11:27:05|20|shiji@forstarfoods.com|DailyCatchEntry_New.php
15 Dec 2020 11:27:06|20|shiji@forstarfoods.com|DailyCatchEntry_New.php
15 Dec 2020 11:27:09|20|shiji@forstarfoods.com|DailyCatchEntry_New.php
15 Dec 2020 11:27:10|20|shiji@forstarfoods.com|DailyCatchEntry_New.php
15 Dec 2020 11:27:12|20|shiji@forstarfoods.com|DailyCatchEntry_New.php
15 Dec 2020 11:27:25|20|shiji@forstarfoods.com|DailyCatchEntry_New.php
15 Dec 2020 11:27:35|20|shiji@forstarfoods.com|DailyCatchEntry_New.php
15 Dec 2020 11:27:36|20|shiji@forstarfoods.com|DailyCatchEntry_New.php
15 Dec 2020 11:27:38|20|shiji@forstarfoods.com|DailyCatchEntry_New.php
15 Dec 2020 11:27:39|20|shiji@forstarfoods.com|DailyCatchEntry_New.php
15 Dec 2020 11:27:42|20|shiji@forstarfoods.com|DailyCatchEntry_New.php
15 Dec 2020 11:27:44|20|shiji@forstarfoods.com|DailyCatchEntry_New.php
15 Dec 2020 11:27:45|20|shiji@forstarfoods.com|CatchEntryDeclaredItem.php
15 Dec 2020 11:27:58|20|shiji@forstarfoods.com|DailyCatchEntry_New.php
15 Dec 2020 11:28:11|20|shiji@forstarfoods.com|DailyCatchEntry_New.php
15 Dec 2020 11:28:14|20|shiji@forstarfoods.com|DailyCatchEntry_New.php
15 Dec 2020 11:28:16|20|shiji@forstarfoods.com|DailyCatchEntry_New.php
15 Dec 2020 11:28:17|20|shiji@forstarfoods.com|DailyCatchEntry_New.php
15 Dec 2020 11:28:18|20|shiji@forstarfoods.com|DailyCatchEntry_New.php
15 Dec 2020 11:28:26|20|shiji@forstarfoods.com|DailyCatchEntry_New.php
15 Dec 2020 11:28:27|20|shiji@forstarfoods.com|DailyCatchEntry_New.php
15 Dec 2020 11:28:38|20|shiji@forstarfoods.com|DailyCatchEntry_New.php
15 Dec 2020 11:28:40|20|shiji@forstarfoods.com|DailyCatchEntry_New.php
15 Dec 2020 11:28:43|20|shiji@forstarfoods.com|DailyCatchEntry_New.php
15 Dec 2020 11:28:46|20|shiji@forstarfoods.com|DailyCatchEntry_New.php
15 Dec 2020 11:28:47|20|shiji@forstarfoods.com|DailyCatchEntry_New.php
15 Dec 2020 11:28:49|20|shiji@forstarfoods.com|DailyCatchEntry_New.php
15 Dec 2020 11:28:56|20|shiji@forstarfoods.com|DailyCatchEntry_New.php
15 Dec 2020 11:28:58|20|shiji@forstarfoods.com|DailyCatchEntry_New.php
15 Dec 2020 11:28:59|20|shiji@forstarfoods.com|DailyCatchEntry_New.php
15 Dec 2020 11:29:00|20|shiji@forstarfoods.com|DailyCatchEntry_New.php
15 Dec 2020 11:29:01|20|shiji@forstarfoods.com|DailyCatchEntry_New.php
15 Dec 2020 14:02:30|20|shiji@forstarfoods.com|DailyCatchEntry_New.php
15 Dec 2020 14:02:31|20|shiji@forstarfoods.com|DailyCatchEntry_New.php
15 Dec 2020 14:02:33|20|shiji@forstarfoods.com|CatchEntryDeclaredItem.php
15 Dec 2020 14:02:34|20|shiji@forstarfoods.com|DailyCatchReport.php
15 Dec 2020 14:02:54|20|shiji@forstarfoods.com|DailyCatchReport.php
15 Dec 2020 14:03:30|20|shiji@forstarfoods.com|DailyCatchReport.php
15 Dec 2020 14:03:33|20|shiji@forstarfoods.com|DailyCatchReport.php
15 Dec 2020 14:03:34|20|shiji@forstarfoods.com|DailyCatchReport.php
15 Dec 2020 14:03:36|20|shiji@forstarfoods.com|DailyCatchReport.php
15 Dec 2020 14:03:37|20|shiji@forstarfoods.com|PrintDailyCatchReportMemo.php
15 Dec 2020 14:04:23|20|shiji@forstarfoods.com|DailyCatchReport.php
15 Dec 2020 14:04:25|20|shiji@forstarfoods.com|DailyCatchReport.php
15 Dec 2020 14:04:26|20|shiji@forstarfoods.com|DailyCatchReport.php
15 Dec 2020 14:04:36|20|shiji@forstarfoods.com|DailyCatchReport.php
15 Dec 2020 14:04:38|20|shiji@forstarfoods.com|DailyCatchReport.php
15 Dec 2020 14:04:39|20|shiji@forstarfoods.com|DailyCatchReport.php
15 Dec 2020 14:04:40|20|shiji@forstarfoods.com|DailyCatchReport.php
15 Dec 2020 14:04:43|20|shiji@forstarfoods.com|DailyCatchReport.php
15 Dec 2020 14:04:44|20|shiji@forstarfoods.com|DailyCatchReport.php
15 Dec 2020 14:04:45|20|shiji@forstarfoods.com|DailyCatchReport.php
15 Dec 2020 14:05:04|20|shiji@forstarfoods.com|PrintDailyCatchReportMemo.php
15 Dec 2020 14:05:33|20|shiji@forstarfoods.com|DailyCatchReport.php
15 Dec 2020 14:05:35|20|shiji@forstarfoods.com|DailyCatchReport.php
15 Dec 2020 14:05:36|20|shiji@forstarfoods.com|DailyCatchReport.php
15 Dec 2020 14:05:42|20|shiji@forstarfoods.com|DailyCatchReport.php
15 Dec 2020 14:05:43|20|shiji@forstarfoods.com|DailyCatchReport.php
15 Dec 2020 14:05:45|20|shiji@forstarfoods.com|DailyCatchReport.php
15 Dec 2020 14:05:46|20|shiji@forstarfoods.com|DailyCatchReport.php
15 Dec 2020 14:05:55|20|shiji@forstarfoods.com|DailyCatchReport.php
15 Dec 2020 14:05:57|20|shiji@forstarfoods.com|DailyCatchReport.php
15 Dec 2020 14:05:58|20|shiji@forstarfoods.com|DailyCatchReport.php
15 Dec 2020 14:06:00|20|shiji@forstarfoods.com|PrintDailyCatchReportMemo.php
15 Dec 2020 14:06:37|20|shiji@forstarfoods.com|DailyCatchReport.php
15 Dec 2020 14:06:38|20|shiji@forstarfoods.com|DailyCatchReport.php
15 Dec 2020 14:06:40|20|shiji@forstarfoods.com|DailyCatchReport.php
15 Dec 2020 14:06:45|20|shiji@forstarfoods.com|DailyCatchReport.php
15 Dec 2020 14:06:46|20|shiji@forstarfoods.com|DailyCatchReport.php
15 Dec 2020 14:06:48|20|shiji@forstarfoods.com|DailyCatchReport.php
15 Dec 2020 14:06:49|20|shiji@forstarfoods.com|DailyCatchReport.php
15 Dec 2020 14:06:51|20|shiji@forstarfoods.com|DailyCatchReport.php
15 Dec 2020 14:06:53|20|shiji@forstarfoods.com|DailyCatchReport.php
15 Dec 2020 14:06:54|20|shiji@forstarfoods.com|DailyCatchReport.php
15 Dec 2020 14:06:56|20|shiji@forstarfoods.com|PrintDailyCatchReportMemo.php
15 Dec 2020 14:07:26|20|shiji@forstarfoods.com|DailyCatchReport.php
15 Dec 2020 14:07:28|20|shiji@forstarfoods.com|DailyCatchReport.php
15 Dec 2020 14:07:29|20|shiji@forstarfoods.com|DailyCatchReport.php
15 Dec 2020 14:07:37|20|shiji@forstarfoods.com|DailyCatchReport.php
15 Dec 2020 14:07:39|20|shiji@forstarfoods.com|DailyCatchReport.php
15 Dec 2020 14:07:40|20|shiji@forstarfoods.com|DailyCatchReport.php
15 Dec 2020 14:07:41|20|shiji@forstarfoods.com|DailyCatchReport.php
15 Dec 2020 14:07:43|20|shiji@forstarfoods.com|DailyCatchReport.php
15 Dec 2020 14:07:45|20|shiji@forstarfoods.com|DailyCatchReport.php
15 Dec 2020 14:07:46|20|shiji@forstarfoods.com|DailyCatchReport.php
15 Dec 2020 14:07:48|20|shiji@forstarfoods.com|PrintDailyCatchReportMemo.php
15 Dec 2020 14:08:06|20|shiji@forstarfoods.com|DailyCatchReport.php
15 Dec 2020 14:08:07|20|shiji@forstarfoods.com|DailyCatchReport.php
15 Dec 2020 14:08:09|20|shiji@forstarfoods.com|DailyCatchReport.php
15 Dec 2020 14:08:15|20|shiji@forstarfoods.com|DailyCatchReport.php
15 Dec 2020 14:08:17|20|shiji@forstarfoods.com|DailyCatchReport.php
15 Dec 2020 14:08:18|20|shiji@forstarfoods.com|DailyCatchReport.php
15 Dec 2020 14:08:20|20|shiji@forstarfoods.com|DailyCatchReport.php
15 Dec 2020 14:08:29|20|shiji@forstarfoods.com|DailyCatchReport.php
15 Dec 2020 14:08:31|20|shiji@forstarfoods.com|DailyCatchReport.php
15 Dec 2020 14:08:32|20|shiji@forstarfoods.com|DailyCatchReport.php
15 Dec 2020 14:08:33|20|shiji@forstarfoods.com|PrintDailyCatchReportMemo.php
15 Dec 2020 14:09:06|20|shiji@forstarfoods.com|DailyCatchReport.php
15 Dec 2020 14:09:08|20|shiji@forstarfoods.com|DailyCatchReport.php
15 Dec 2020 14:09:09|20|shiji@forstarfoods.com|DailyCatchReport.php
15 Dec 2020 14:09:15|20|shiji@forstarfoods.com|DailyCatchReport.php
15 Dec 2020 14:09:18|20|shiji@forstarfoods.com|DailyCatchReport.php
15 Dec 2020 14:09:20|20|shiji@forstarfoods.com|DailyCatchReport.php
15 Dec 2020 14:09:21|20|shiji@forstarfoods.com|DailyCatchReport.php
15 Dec 2020 14:09:42|20|shiji@forstarfoods.com|DailyCatchReport.php
15 Dec 2020 14:09:43|20|shiji@forstarfoods.com|DailyCatchReport.php
15 Dec 2020 14:09:45|20|shiji@forstarfoods.com|DailyCatchReport.php
15 Dec 2020 14:09:46|20|shiji@forstarfoods.com|DailyCatchReport.php
15 Dec 2020 14:09:48|20|shiji@forstarfoods.com|DailyCatchReport.php
15 Dec 2020 14:09:50|20|shiji@forstarfoods.com|DailyCatchReport.php
15 Dec 2020 14:09:51|20|shiji@forstarfoods.com|DailyCatchReport.php
15 Dec 2020 14:09:57|20|shiji@forstarfoods.com|DailyCatchReport.php
15 Dec 2020 14:09:59|20|shiji@forstarfoods.com|DailyCatchReport.php
15 Dec 2020 14:10:01|20|shiji@forstarfoods.com|DailyCatchReport.php
15 Dec 2020 14:10:02|20|shiji@forstarfoods.com|DailyCatchReport.php
15 Dec 2020 14:10:04|20|shiji@forstarfoods.com|PrintDailyCatchReportMemo.php
15 Dec 2020 14:10:52|20|shiji@forstarfoods.com|DailyCatchEntry_New.php
15 Dec 2020 14:10:56|20|shiji@forstarfoods.com|DailyCatchEntry_New.php
15 Dec 2020 14:10:57|20|shiji@forstarfoods.com|DailyCatchEntry_New.php
15 Dec 2020 14:10:58|20|shiji@forstarfoods.com|DailyCatchEntry_New.php
15 Dec 2020 14:11:00|20|shiji@forstarfoods.com|DailyCatchEntry_New.php
15 Dec 2020 14:11:01|20|shiji@forstarfoods.com|DailyCatchEntry_New.php
15 Dec 2020 14:11:02|20|shiji@forstarfoods.com|DailyCatchEntry_New.php
15 Dec 2020 14:11:04|20|shiji@forstarfoods.com|DailyCatchEntry_New.php
15 Dec 2020 14:11:05|20|shiji@forstarfoods.com|DailyCatchEntry_New.php
15 Dec 2020 14:11:07|20|shiji@forstarfoods.com|DailyCatchEntry_New.php
15 Dec 2020 14:11:19|20|shiji@forstarfoods.com|DailyCatchEntry_New.php
15 Dec 2020 14:11:22|20|shiji@forstarfoods.com|DailyCatchEntry_New.php
15 Dec 2020 14:11:23|20|shiji@forstarfoods.com|DailyCatchEntry_New.php
15 Dec 2020 14:11:25|20|shiji@forstarfoods.com|CatchEntryDeclaredItem.php
15 Dec 2020 14:11:26|20|shiji@forstarfoods.com|DailyCatchEntry_New.php
15 Dec 2020 14:11:27|20|shiji@forstarfoods.com|CatchEntryDeclaredItem.php
15 Dec 2020 14:11:29|20|shiji@forstarfoods.com|DailyCatchEntry_New.php
15 Dec 2020 14:11:31|20|shiji@forstarfoods.com|DailyCatchEntry_New.php
15 Dec 2020 14:11:32|20|shiji@forstarfoods.com|CatchEntryDeclaredItem.php
15 Dec 2020 14:11:39|20|shiji@forstarfoods.com|DailyCatchEntry_New.php
15 Dec 2020 14:11:41|20|shiji@forstarfoods.com|DailyCatchEntry_New.php
15 Dec 2020 14:11:47|20|shiji@forstarfoods.com|DailyCatchEntry_New.php
15 Dec 2020 14:11:49|20|shiji@forstarfoods.com|DailyCatchEntry_New.php
15 Dec 2020 14:11:59|20|shiji@forstarfoods.com|DailyCatchEntry_New.php
15 Dec 2020 14:16:54|20|shiji@forstarfoods.com|SupplierAccount.php
15 Dec 2020 14:17:02|20|shiji@forstarfoods.com|SupplierAccount.php
15 Dec 2020 14:17:06|20|shiji@forstarfoods.com|SupplierAccount.php
15 Dec 2020 14:17:10|20|shiji@forstarfoods.com|SupplierAccount.php
15 Dec 2020 14:17:14|20|shiji@forstarfoods.com|SupplierAccount.php
15 Dec 2020 14:17:57|20|shiji@forstarfoods.com|SupplierAccount.php
15 Dec 2020 14:18:05|20|shiji@forstarfoods.com|SupplierAccount.php
15 Dec 2020 14:18:45|20|shiji@forstarfoods.com|SupplierAccount.php
15 Dec 2020 14:18:57|20|shiji@forstarfoods.com|SupplierAccount.php
15 Dec 2020 14:19:02|20|shiji@forstarfoods.com|SupplierAccount.php
15 Dec 2020 14:21:00|20|shiji@forstarfoods.com|SupplierAccount.php
15 Dec 2020 14:21:08|20|shiji@forstarfoods.com|SupplierAccount.php
15 Dec 2020 14:22:07|20|shiji@forstarfoods.com|SupplierAccount.php
15 Dec 2020 14:22:13|20|shiji@forstarfoods.com|SupplierAccount.php
15 Dec 2020 14:23:09|20|shiji@forstarfoods.com|SupplierAccount.php
15 Dec 2020 14:23:31|20|shiji@forstarfoods.com|SupplierAccount.php
15 Dec 2020 14:23:34|20|shiji@forstarfoods.com|SupplierAccount.php
15 Dec 2020 14:23:59|20|shiji@forstarfoods.com|SupplierAccount.php
15 Dec 2020 14:24:07|20|shiji@forstarfoods.com|DailyCatchReport.php
15 Dec 2020 14:24:13|20|shiji@forstarfoods.com|DailyCatchReport.php
15 Dec 2020 14:24:19|20|shiji@forstarfoods.com|DailyCatchReport.php
15 Dec 2020 14:24:21|20|shiji@forstarfoods.com|DailyCatchReport.php
15 Dec 2020 14:24:22|20|shiji@forstarfoods.com|DailyCatchReport.php
15 Dec 2020 14:24:23|20|shiji@forstarfoods.com|DailyCatchReport.php
15 Dec 2020 14:24:26|20|shiji@forstarfoods.com|PrintDailyCatchReportMemo.php
15 Dec 2020 14:25:18|20|shiji@forstarfoods.com|DailyCatchReport.php
15 Dec 2020 14:25:20|20|shiji@forstarfoods.com|DailyCatchReport.php
15 Dec 2020 14:25:21|20|shiji@forstarfoods.com|DailyCatchReport.php
15 Dec 2020 14:25:24|20|shiji@forstarfoods.com|SupplierAccount.php
15 Dec 2020 14:25:36|20|shiji@forstarfoods.com|SupplierAccount.php
15 Dec 2020 14:25:38|20|shiji@forstarfoods.com|SupplierAccount.php
15 Dec 2020 14:25:41|20|shiji@forstarfoods.com|SupplierAccount.php
15 Dec 2020 14:25:45|20|shiji@forstarfoods.com|SupplierAccount.php
15 Dec 2020 14:26:34|20|shiji@forstarfoods.com|SupplierAccount.php
15 Dec 2020 14:26:47|20|shiji@forstarfoods.com|SettlementSummary.php
15 Dec 2020 14:26:53|20|shiji@forstarfoods.com|SettlementSummary.php
15 Dec 2020 14:27:01|20|shiji@forstarfoods.com|SettlementSummary.php
15 Dec 2020 14:27:03|20|shiji@forstarfoods.com|SupplierPayments.php
15 Dec 2020 14:27:05|20|shiji@forstarfoods.com|SupplierPayments.php
15 Dec 2020 14:27:06|20|shiji@forstarfoods.com|SupplierPayments.php
15 Dec 2020 14:30:10|20|shiji@forstarfoods.com|PurchaseReport.php
15 Dec 2020 14:31:40|20|shiji@forstarfoods.com|PurchaseReport.php
15 Dec 2020 14:31:45|20|shiji@forstarfoods.com|PrintPurchaseSettlementMemo.php
15 Dec 2020 14:35:05|20|shiji@forstarfoods.com|PurchaseReport.php
15 Dec 2020 14:35:10|20|shiji@forstarfoods.com|PrintPurchaseSettlementMemo.php
15 Dec 2020 14:37:01|20|shiji@forstarfoods.com|PurchaseReport.php
15 Dec 2020 14:37:05|20|shiji@forstarfoods.com|PrintPurchaseSettlementMemo.php
15 Dec 2020 14:37:20|20|shiji@forstarfoods.com|PurchaseReport.php
15 Dec 2020 14:37:26|20|shiji@forstarfoods.com|PrintPurchaseSettlementMemo.php
15 Dec 2020 14:37:43|20|shiji@forstarfoods.com|PurchaseReport.php
15 Dec 2020 14:37:49|20|shiji@forstarfoods.com|PrintPurchaseSettlementMemo.php
15 Dec 2020 14:38:06|20|shiji@forstarfoods.com|PurchaseReport.php
15 Dec 2020 14:38:11|20|shiji@forstarfoods.com|PrintPurchaseSettlementMemo.php
15 Dec 2020 14:38:30|20|shiji@forstarfoods.com|PurchaseReport.php
15 Dec 2020 14:38:35|20|shiji@forstarfoods.com|PrintPurchaseSettlementMemo.php
16 Dec 2020 09:55:18|20|shiji@forstarfoods.com|Home.php
16 Dec 2020 10:09:57|20|shiji@forstarfoods.com|Home.php
16 Dec 2020 10:10:10|20|shiji@forstarfoods.com|Home.php
16 Dec 2020 10:10:17|20|shiji@forstarfoods.com|Home.php
16 Dec 2020 10:10:26|20|shiji@forstarfoods.com|ProcessorsAccounts.php
16 Dec 2020 10:17:55|20|shiji@forstarfoods.com|PreProcessingReport.php
16 Dec 2020 10:18:42|20|shiji@forstarfoods.com|PreProcessingReport.php
16 Dec 2020 10:18:52|20|shiji@forstarfoods.com|PreProcessingReport.php
16 Dec 2020 10:19:28|20|shiji@forstarfoods.com|PreProcessingReport.php
16 Dec 2020 10:19:35|20|shiji@forstarfoods.com|PreProcessingReport.php
16 Dec 2020 10:19:38|20|shiji@forstarfoods.com|PreProcessingReport.php
16 Dec 2020 10:19:47|20|shiji@forstarfoods.com|PrintPreProcessingReport.php
16 Dec 2020 10:21:02|20|shiji@forstarfoods.com|PreProcessingReport.php
16 Dec 2020 10:21:54|20|shiji@forstarfoods.com|PrintPreProcessingReport.php
16 Dec 2020 10:23:22|20|shiji@forstarfoods.com|PreProcessingReport.php
16 Dec 2020 10:23:57|20|shiji@forstarfoods.com|PrintPreProcessingReport.php
16 Dec 2020 10:42:15|20|shiji@forstarfoods.com|ProcessorsAccounts.php
16 Dec 2020 10:42:38|20|shiji@forstarfoods.com|ProcessorsAccounts.php
16 Dec 2020 10:42:45|20|shiji@forstarfoods.com|ProcessorsAccounts.php
16 Dec 2020 10:42:53|20|shiji@forstarfoods.com|ProcessorsAccounts.php
16 Dec 2020 10:44:00|20|shiji@forstarfoods.com|ProcessorsAccounts.php
16 Dec 2020 10:46:22|20|shiji@forstarfoods.com|ProcessorsAccounts.php
16 Dec 2020 10:50:44|20|shiji@forstarfoods.com|ProcessorsAccounts.php
16 Dec 2020 10:53:15|20|shiji@forstarfoods.com|ProcessorsAccounts.php
16 Dec 2020 10:53:18|20|shiji@forstarfoods.com|ProcessorsAccounts.php
16 Dec 2020 10:56:14|20|shiji@forstarfoods.com|ProcessorsAccounts.php
16 Dec 2020 10:56:17|20|shiji@forstarfoods.com|ProcessorsAccounts.php
16 Dec 2020 10:56:28|20|shiji@forstarfoods.com|ProcessorsAccounts.php
16 Dec 2020 10:56:31|20|shiji@forstarfoods.com|ProcessorsAccounts.php
16 Dec 2020 10:56:36|20|shiji@forstarfoods.com|ProcessorsAccounts.php
16 Dec 2020 10:57:44|20|shiji@forstarfoods.com|ProcessorsAccounts.php
16 Dec 2020 10:57:47|20|shiji@forstarfoods.com|ProcessorsAccounts.php
16 Dec 2020 10:57:54|20|shiji@forstarfoods.com|ProcessorsAccounts.php
16 Dec 2020 10:59:00|20|shiji@forstarfoods.com|ProcessorsAccounts.php
16 Dec 2020 10:59:04|20|shiji@forstarfoods.com|ProcessorsAccounts.php
16 Dec 2020 10:59:09|20|shiji@forstarfoods.com|ProcessorsAccounts.php
16 Dec 2020 11:03:12|20|shiji@forstarfoods.com|ProcessorsAccounts.php
16 Dec 2020 11:03:16|20|shiji@forstarfoods.com|ProcessorsAccounts.php
16 Dec 2020 11:03:20|20|shiji@forstarfoods.com|ProcessorsAccounts.php
16 Dec 2020 11:08:28|20|shiji@forstarfoods.com|ProcessorsAccounts.php
16 Dec 2020 11:08:32|20|shiji@forstarfoods.com|ProcessorsAccounts.php
16 Dec 2020 11:08:36|20|shiji@forstarfoods.com|ProcessorsAccounts.php
16 Dec 2020 11:10:40|20|shiji@forstarfoods.com|ProcessorsAccounts.php
16 Dec 2020 11:10:44|20|shiji@forstarfoods.com|ProcessorsAccounts.php
16 Dec 2020 11:10:49|20|shiji@forstarfoods.com|ProcessorsAccounts.php
16 Dec 2020 11:13:26|20|shiji@forstarfoods.com|ProcessorsAccounts.php
16 Dec 2020 11:13:30|20|shiji@forstarfoods.com|ProcessorsAccounts.php
16 Dec 2020 11:13:37|20|shiji@forstarfoods.com|ProcessorsAccounts.php
16 Dec 2020 11:15:05|20|shiji@forstarfoods.com|ProcessorsAccounts.php
16 Dec 2020 11:15:08|20|shiji@forstarfoods.com|ProcessorsAccounts.php
16 Dec 2020 11:15:13|20|shiji@forstarfoods.com|ProcessorsAccounts.php
16 Dec 2020 11:19:44|20|shiji@forstarfoods.com|ProcessorsAccounts.php
16 Dec 2020 11:19:50|20|shiji@forstarfoods.com|ProcessorsAccounts.php
16 Dec 2020 11:19:57|20|shiji@forstarfoods.com|ProcessorsAccounts.php
16 Dec 2020 11:34:09|20|shiji@forstarfoods.com|ProcessorsAccounts.php
16 Dec 2020 11:34:12|20|shiji@forstarfoods.com|ProcessorsAccounts.php
16 Dec 2020 11:34:18|20|shiji@forstarfoods.com|ProcessorsAccounts.php
16 Dec 2020 11:35:41|20|shiji@forstarfoods.com|ProcessorsAccounts.php
16 Dec 2020 11:35:45|20|shiji@forstarfoods.com|ProcessorsAccounts.php
16 Dec 2020 11:35:49|20|shiji@forstarfoods.com|ProcessorsAccounts.php
16 Dec 2020 11:37:22|20|shiji@forstarfoods.com|ProcessorsAccounts.php
16 Dec 2020 11:37:26|20|shiji@forstarfoods.com|ProcessorsAccounts.php
16 Dec 2020 11:37:31|20|shiji@forstarfoods.com|ProcessorsAccounts.php
16 Dec 2020 11:38:55|20|shiji@forstarfoods.com|ProcessorsAccounts.php
16 Dec 2020 11:52:16|24|shashikala@forstarfoods.com|Home.php
16 Dec 2020 11:52:22|24|shashikala@forstarfoods.com|DailyPreProcess.php
16 Dec 2020 11:52:36|24|shashikala@forstarfoods.com|DailyPreProcess.php
16 Dec 2020 12:01:03|24|shashikala@forstarfoods.com|DailyPreProcess.php
16 Dec 2020 12:01:10|24|shashikala@forstarfoods.com|DailyPreProcess.php
16 Dec 2020 12:04:03|24|shashikala@forstarfoods.com|DailyPreProcess.php
16 Dec 2020 12:04:10|24|shashikala@forstarfoods.com|DailyPreProcess.php
16 Dec 2020 12:05:49|20|shiji@forstarfoods.com|ProcessorsAccounts.php
16 Dec 2020 12:05:55|20|shiji@forstarfoods.com|ProcessorsAccounts.php
16 Dec 2020 12:06:00|20|shiji@forstarfoods.com|ProcessorsAccounts.php
16 Dec 2020 12:06:08|20|shiji@forstarfoods.com|ProcessorsAccounts.php
16 Dec 2020 12:06:11|20|shiji@forstarfoods.com|ProcessorsAccounts.php
16 Dec 2020 12:51:10|20|shiji@forstarfoods.com|ProcessorsAccounts.php
16 Dec 2020 12:51:14|20|shiji@forstarfoods.com|ProcessorsAccounts.php
16 Dec 2020 12:51:19|20|shiji@forstarfoods.com|ProcessorsAccounts.php
16 Dec 2020 14:11:16|20|shiji@forstarfoods.com|Home.php
16 Dec 2020 14:11:27|20|shiji@forstarfoods.com|DailyCatchEntry_New.php
16 Dec 2020 14:11:47|20|shiji@forstarfoods.com|DailyCatchEntry_New.php
16 Dec 2020 14:11:48|20|shiji@forstarfoods.com|DailyCatchEntry_New.php
16 Dec 2020 14:11:49|20|shiji@forstarfoods.com|DailyCatchEntry_New.php
16 Dec 2020 14:11:50|20|shiji@forstarfoods.com|DailyCatchEntry_New.php
16 Dec 2020 14:11:52|20|shiji@forstarfoods.com|DailyCatchEntry_New.php
16 Dec 2020 14:11:53|20|shiji@forstarfoods.com|DailyCatchEntry_New.php
16 Dec 2020 14:11:58|20|shiji@forstarfoods.com|DailyCatchEntry_New.php
16 Dec 2020 14:12:01|20|shiji@forstarfoods.com|DailyCatchEntry_New.php
16 Dec 2020 14:12:02|20|shiji@forstarfoods.com|DailyCatchEntry_New.php
16 Dec 2020 14:12:03|20|shiji@forstarfoods.com|CatchEntryDeclaredItem.php
16 Dec 2020 14:12:04|20|shiji@forstarfoods.com|DailyCatchEntry_New.php
16 Dec 2020 14:12:06|20|shiji@forstarfoods.com|CatchEntryDeclaredItem.php
16 Dec 2020 14:12:27|20|shiji@forstarfoods.com|DailyCatchEntry_New.php
16 Dec 2020 14:12:31|20|shiji@forstarfoods.com|DailyCatchEntry_New.php
16 Dec 2020 14:12:33|20|shiji@forstarfoods.com|DailyCatchEntry_New.php
16 Dec 2020 14:12:36|20|shiji@forstarfoods.com|DailyCatchEntry_New.php
16 Dec 2020 14:12:39|20|shiji@forstarfoods.com|DailyCatchEntry_New.php
16 Dec 2020 14:12:40|20|shiji@forstarfoods.com|DailyCatchEntry_New.php
16 Dec 2020 14:12:41|20|shiji@forstarfoods.com|CatchEntryDeclaredItem.php
16 Dec 2020 14:12:43|20|shiji@forstarfoods.com|DailyCatchEntry_New.php
16 Dec 2020 14:12:44|20|shiji@forstarfoods.com|CatchEntryDeclaredItem.php
16 Dec 2020 14:12:57|20|shiji@forstarfoods.com|DailyCatchEntry_New.php
16 Dec 2020 14:12:59|20|shiji@forstarfoods.com|DailyCatchEntry_New.php
16 Dec 2020 14:13:02|20|shiji@forstarfoods.com|DailyCatchEntry_New.php
16 Dec 2020 14:13:09|20|shiji@forstarfoods.com|DailyCatchSummary.php
16 Dec 2020 14:13:12|20|shiji@forstarfoods.com|DailyCatchSummary.php
16 Dec 2020 14:13:15|20|shiji@forstarfoods.com|DailyCatchReport.php
16 Dec 2020 14:13:25|20|shiji@forstarfoods.com|DailyCatchReport.php
16 Dec 2020 14:13:31|20|shiji@forstarfoods.com|DailyCatchReport.php
16 Dec 2020 14:13:32|20|shiji@forstarfoods.com|DailyCatchReport.php
16 Dec 2020 14:13:34|20|shiji@forstarfoods.com|DailyCatchReport.php
16 Dec 2020 14:13:36|20|shiji@forstarfoods.com|DailyCatchReport.php
16 Dec 2020 14:13:38|20|shiji@forstarfoods.com|DailyCatchReport.php
16 Dec 2020 14:13:39|20|shiji@forstarfoods.com|DailyCatchReport.php
16 Dec 2020 14:13:40|20|shiji@forstarfoods.com|PrintDailyCatchReportMemo.php
16 Dec 2020 14:13:58|20|shiji@forstarfoods.com|PrintDailyCatchReportMemo.php
16 Dec 2020 14:17:05|20|shiji@forstarfoods.com|DailyCatchReport.php
16 Dec 2020 14:17:07|20|shiji@forstarfoods.com|DailyCatchReport.php
16 Dec 2020 14:17:08|20|shiji@forstarfoods.com|DailyCatchReport.php
16 Dec 2020 14:17:09|20|shiji@forstarfoods.com|SupplierAccount.php
16 Dec 2020 14:17:17|20|shiji@forstarfoods.com|SupplierAccount.php
16 Dec 2020 14:17:21|20|shiji@forstarfoods.com|SupplierAccount.php
16 Dec 2020 14:17:25|20|shiji@forstarfoods.com|SupplierAccount.php
16 Dec 2020 14:17:31|20|shiji@forstarfoods.com|SupplierAccount.php
16 Dec 2020 14:17:53|20|shiji@forstarfoods.com|SupplierAccount.php
16 Dec 2020 14:17:57|20|shiji@forstarfoods.com|SettlementSummary.php
16 Dec 2020 14:18:04|20|shiji@forstarfoods.com|SettlementSummary.php
16 Dec 2020 14:18:06|20|shiji@forstarfoods.com|SupplierPayments.php
16 Dec 2020 14:18:08|20|shiji@forstarfoods.com|SupplierPayments.php
16 Dec 2020 14:18:09|20|shiji@forstarfoods.com|SupplierPayments.php
16 Dec 2020 14:18:10|20|shiji@forstarfoods.com|DailyCatchSummary.php
16 Dec 2020 14:18:14|20|shiji@forstarfoods.com|DailyCatchSummary.php
16 Dec 2020 14:18:22|20|shiji@forstarfoods.com|DailyCatchSummary.php
16 Dec 2020 14:18:25|20|shiji@forstarfoods.com|DailyCatchSummary.php
16 Dec 2020 14:18:42|20|shiji@forstarfoods.com|DailyCatchSummary.php
16 Dec 2020 14:18:51|20|shiji@forstarfoods.com|DailyCatchSummary.php
16 Dec 2020 14:18:55|20|shiji@forstarfoods.com|DailyCatchSummary.php
16 Dec 2020 14:19:01|20|shiji@forstarfoods.com|PrintDailyCatchSummary.php
16 Dec 2020 14:19:13|20|shiji@forstarfoods.com|DailyCatchSummary.php
16 Dec 2020 14:19:41|20|shiji@forstarfoods.com|DailyCatchSummary.php
16 Dec 2020 14:19:52|20|shiji@forstarfoods.com|DailyCatchSummary.php
16 Dec 2020 14:19:54|20|shiji@forstarfoods.com|DailyCatchSummary.php
16 Dec 2020 14:19:58|20|shiji@forstarfoods.com|PrintDailyCatchSummary.php
16 Dec 2020 14:21:24|20|shiji@forstarfoods.com|DailyCatchSummary.php
16 Dec 2020 14:21:26|20|shiji@forstarfoods.com|DailyCatchSummary.php
16 Dec 2020 14:21:36|20|shiji@forstarfoods.com|DailyCatchSummary.php
16 Dec 2020 14:21:59|20|shiji@forstarfoods.com|DailyCatchSummary.php
16 Dec 2020 14:22:02|20|shiji@forstarfoods.com|DailyCatchSummary.php
16 Dec 2020 14:22:11|20|shiji@forstarfoods.com|DailyCatchSummary.php
16 Dec 2020 14:22:18|20|shiji@forstarfoods.com|DailyCatchSummary.php
16 Dec 2020 14:22:20|20|shiji@forstarfoods.com|DailyCatchSummary.php
16 Dec 2020 14:23:07|20|shiji@forstarfoods.com|DailyCatchSummary.php
16 Dec 2020 14:23:11|20|shiji@forstarfoods.com|DailyCatchSummary.php
16 Dec 2020 14:23:55|20|shiji@forstarfoods.com|DailyCatchSummary.php
16 Dec 2020 14:23:57|20|shiji@forstarfoods.com|DailyCatchSummary.php
16 Dec 2020 14:24:18|20|shiji@forstarfoods.com|DailyCatchSummary.php
16 Dec 2020 14:24:23|20|shiji@forstarfoods.com|DailyCatchSummary.php
16 Dec 2020 14:24:25|20|shiji@forstarfoods.com|DailyCatchSummary.php
16 Dec 2020 14:34:58|20|shiji@forstarfoods.com|DailyCatchSummary.php
16 Dec 2020 14:35:11|20|shiji@forstarfoods.com|DailyCatchReport.php
16 Dec 2020 14:35:17|20|shiji@forstarfoods.com|DailyCatchReport.php
16 Dec 2020 14:35:23|20|shiji@forstarfoods.com|DailyCatchEntry_New.php
16 Dec 2020 14:35:26|20|shiji@forstarfoods.com|DailyCatchEntry_New.php
16 Dec 2020 14:35:27|20|shiji@forstarfoods.com|DailyCatchEntry_New.php
16 Dec 2020 14:35:29|20|shiji@forstarfoods.com|DailyCatchEntry_New.php
16 Dec 2020 14:35:30|20|shiji@forstarfoods.com|DailyCatchEntry_New.php
16 Dec 2020 14:35:31|20|shiji@forstarfoods.com|CatchEntryDeclaredItem.php
16 Dec 2020 14:35:32|20|shiji@forstarfoods.com|DailyCatchEntry_New.php
16 Dec 2020 14:35:34|20|shiji@forstarfoods.com|DailyCatchEntry_New.php
16 Dec 2020 14:35:35|20|shiji@forstarfoods.com|DailyCatchEntry_New.php
16 Dec 2020 14:35:37|20|shiji@forstarfoods.com|DailyCatchEntry_New.php
16 Dec 2020 14:35:38|20|shiji@forstarfoods.com|DailyCatchEntry_New.php
16 Dec 2020 14:35:39|20|shiji@forstarfoods.com|DailyCatchEntry_New.php
16 Dec 2020 14:35:41|20|shiji@forstarfoods.com|DailyCatchEntry_New.php
16 Dec 2020 14:35:42|20|shiji@forstarfoods.com|DailyCatchEntry_New.php
16 Dec 2020 14:35:43|20|shiji@forstarfoods.com|DailyCatchEntry_New.php
16 Dec 2020 14:35:52|20|shiji@forstarfoods.com|DailyCatchEntry_New.php
16 Dec 2020 14:35:57|20|shiji@forstarfoods.com|DailyCatchEntry_New.php
16 Dec 2020 14:35:58|20|shiji@forstarfoods.com|CatchEntryDeclaredItem.php
16 Dec 2020 14:36:34|20|shiji@forstarfoods.com|DailyCatchEntry_New.php
16 Dec 2020 14:36:35|20|shiji@forstarfoods.com|DailyCatchEntry_New.php
16 Dec 2020 14:36:37|20|shiji@forstarfoods.com|DailyCatchEntry_New.php
16 Dec 2020 14:36:40|20|shiji@forstarfoods.com|DailyCatchEntry_New.php
16 Dec 2020 14:36:43|20|shiji@forstarfoods.com|DailyCatchEntry_New.php
16 Dec 2020 14:36:58|20|shiji@forstarfoods.com|DailyCatchEntry_New.php
16 Dec 2020 14:36:59|20|shiji@forstarfoods.com|DailyCatchEntry_New.php
16 Dec 2020 14:37:00|20|shiji@forstarfoods.com|DailyCatchEntry_New.php
16 Dec 2020 14:37:01|20|shiji@forstarfoods.com|DailyCatchEntry_New.php
16 Dec 2020 14:37:03|20|shiji@forstarfoods.com|DailyCatchEntry_New.php
16 Dec 2020 14:37:04|20|shiji@forstarfoods.com|DailyCatchEntry_New.php
16 Dec 2020 14:37:05|20|shiji@forstarfoods.com|DailyCatchEntry_New.php
16 Dec 2020 14:37:06|20|shiji@forstarfoods.com|DailyCatchEntry_New.php
16 Dec 2020 14:37:19|20|shiji@forstarfoods.com|DailyCatchEntry_New.php
16 Dec 2020 14:37:21|20|shiji@forstarfoods.com|DailyCatchEntry_New.php
16 Dec 2020 14:37:22|20|shiji@forstarfoods.com|CatchEntryDeclaredItem.php
16 Dec 2020 14:37:32|20|shiji@forstarfoods.com|DailyCatchEntry_New.php
16 Dec 2020 14:37:35|20|shiji@forstarfoods.com|DailyCatchEntry_New.php
16 Dec 2020 14:37:37|20|shiji@forstarfoods.com|DailyCatchEntry_New.php
16 Dec 2020 14:37:38|20|shiji@forstarfoods.com|DailyCatchEntry_New.php
16 Dec 2020 14:37:40|20|shiji@forstarfoods.com|DailyCatchEntry_New.php
16 Dec 2020 14:37:41|20|shiji@forstarfoods.com|DailyCatchEntry_New.php
16 Dec 2020 14:37:44|20|shiji@forstarfoods.com|DailyCatchEntry_New.php
16 Dec 2020 14:37:45|20|shiji@forstarfoods.com|DailyCatchEntry_New.php
16 Dec 2020 14:37:46|20|shiji@forstarfoods.com|DailyCatchEntry_New.php
16 Dec 2020 14:37:49|20|shiji@forstarfoods.com|DailyCatchEntry_New.php
16 Dec 2020 14:37:50|20|shiji@forstarfoods.com|CatchEntryDeclaredItem.php
16 Dec 2020 14:38:06|20|shiji@forstarfoods.com|DailyCatchEntry_New.php
16 Dec 2020 14:38:09|20|shiji@forstarfoods.com|DailyCatchEntry_New.php
16 Dec 2020 14:38:12|20|shiji@forstarfoods.com|DailyCatchEntry_New.php
16 Dec 2020 14:38:13|20|shiji@forstarfoods.com|DailyCatchEntry_New.php
16 Dec 2020 14:38:14|20|shiji@forstarfoods.com|DailyCatchEntry_New.php
16 Dec 2020 14:38:15|20|shiji@forstarfoods.com|DailyCatchEntry_New.php
16 Dec 2020 14:38:41|20|shiji@forstarfoods.com|DailyCatchEntry_New.php
16 Dec 2020 14:38:42|20|shiji@forstarfoods.com|DailyCatchEntry_New.php
16 Dec 2020 14:38:43|20|shiji@forstarfoods.com|DailyCatchEntry_New.php
16 Dec 2020 14:38:47|20|shiji@forstarfoods.com|DailyCatchEntry_New.php
16 Dec 2020 14:38:48|20|shiji@forstarfoods.com|CatchEntryDeclaredItem.php
16 Dec 2020 14:39:05|20|shiji@forstarfoods.com|DailyCatchEntry_New.php
16 Dec 2020 14:39:07|20|shiji@forstarfoods.com|DailyCatchEntry_New.php
16 Dec 2020 14:39:10|20|shiji@forstarfoods.com|DailyCatchEntry_New.php
16 Dec 2020 14:39:11|20|shiji@forstarfoods.com|DailyCatchEntry_New.php
16 Dec 2020 14:39:12|20|shiji@forstarfoods.com|DailyCatchEntry_New.php
16 Dec 2020 14:39:13|20|shiji@forstarfoods.com|DailyCatchEntry_New.php
16 Dec 2020 14:39:15|20|shiji@forstarfoods.com|DailyCatchEntry_New.php
16 Dec 2020 14:39:17|20|shiji@forstarfoods.com|DailyCatchEntry_New.php
16 Dec 2020 14:39:18|20|shiji@forstarfoods.com|DailyCatchEntry_New.php
16 Dec 2020 14:39:20|20|shiji@forstarfoods.com|DailyCatchEntry_New.php
16 Dec 2020 14:39:22|20|shiji@forstarfoods.com|CatchEntryDeclaredItem.php
16 Dec 2020 14:39:55|20|shiji@forstarfoods.com|DailyCatchEntry_New.php
16 Dec 2020 14:39:58|20|shiji@forstarfoods.com|DailyCatchEntry_New.php
16 Dec 2020 14:40:27|20|shiji@forstarfoods.com|DailyCatchEntry_New.php
16 Dec 2020 14:45:10|20|shiji@forstarfoods.com|DailyCatchEntry_New.php
16 Dec 2020 14:45:11|20|shiji@forstarfoods.com|DailyCatchEntry_New.php
16 Dec 2020 14:45:13|20|shiji@forstarfoods.com|DailyCatchEntry_New.php
16 Dec 2020 14:45:14|20|shiji@forstarfoods.com|DailyCatchEntry_New.php
16 Dec 2020 14:45:15|20|shiji@forstarfoods.com|DailyCatchEntry_New.php
16 Dec 2020 14:45:16|20|shiji@forstarfoods.com|DailyCatchEntry_New.php
16 Dec 2020 14:45:19|20|shiji@forstarfoods.com|DailyCatchEntry_New.php
16 Dec 2020 14:45:20|20|shiji@forstarfoods.com|DailyCatchEntry_New.php
16 Dec 2020 14:45:21|20|shiji@forstarfoods.com|DailyCatchEntry_New.php
16 Dec 2020 14:45:24|20|shiji@forstarfoods.com|DailyCatchEntry_New.php
16 Dec 2020 14:45:25|20|shiji@forstarfoods.com|CatchEntryDeclaredItem.php
16 Dec 2020 14:45:29|20|shiji@forstarfoods.com|DailyCatchEntry_New.php
16 Dec 2020 14:45:37|20|shiji@forstarfoods.com|DailyCatchEntry_New.php
16 Dec 2020 14:45:39|20|shiji@forstarfoods.com|DailyCatchEntry_New.php
16 Dec 2020 14:45:42|20|shiji@forstarfoods.com|DailyCatchEntry_New.php
16 Dec 2020 14:45:43|20|shiji@forstarfoods.com|DailyCatchEntry_New.php
16 Dec 2020 14:45:44|20|shiji@forstarfoods.com|DailyCatchEntry_New.php
16 Dec 2020 14:45:45|20|shiji@forstarfoods.com|DailyCatchEntry_New.php
16 Dec 2020 14:45:46|20|shiji@forstarfoods.com|DailyCatchEntry_New.php
16 Dec 2020 14:45:48|20|shiji@forstarfoods.com|DailyCatchEntry_New.php
16 Dec 2020 14:45:49|20|shiji@forstarfoods.com|DailyCatchEntry_New.php
16 Dec 2020 14:45:50|20|shiji@forstarfoods.com|DailyCatchEntry_New.php
16 Dec 2020 14:45:51|20|shiji@forstarfoods.com|DailyCatchEntry_New.php
16 Dec 2020 14:45:54|20|shiji@forstarfoods.com|DailyCatchEntry_New.php
16 Dec 2020 14:45:55|20|shiji@forstarfoods.com|CatchEntryDeclaredItem.php
16 Dec 2020 14:46:03|20|shiji@forstarfoods.com|DailyCatchEntry_New.php
16 Dec 2020 14:46:06|20|shiji@forstarfoods.com|DailyCatchEntry_New.php
16 Dec 2020 14:46:08|20|shiji@forstarfoods.com|DailyCatchEntry_New.php
16 Dec 2020 14:46:11|20|shiji@forstarfoods.com|DailyCatchEntry_New.php
16 Dec 2020 14:46:12|20|shiji@forstarfoods.com|DailyCatchEntry_New.php
16 Dec 2020 14:46:14|20|shiji@forstarfoods.com|DailyCatchEntry_New.php
16 Dec 2020 14:46:15|20|shiji@forstarfoods.com|DailyCatchEntry_New.php
16 Dec 2020 14:46:16|20|shiji@forstarfoods.com|DailyCatchEntry_New.php
16 Dec 2020 14:46:17|20|shiji@forstarfoods.com|DailyCatchEntry_New.php
16 Dec 2020 14:46:19|20|shiji@forstarfoods.com|DailyCatchEntry_New.php
16 Dec 2020 14:46:21|20|shiji@forstarfoods.com|DailyCatchEntry_New.php
16 Dec 2020 14:46:22|20|shiji@forstarfoods.com|CatchEntryDeclaredItem.php
16 Dec 2020 14:46:56|20|shiji@forstarfoods.com|DailyCatchReport.php
16 Dec 2020 14:47:04|20|shiji@forstarfoods.com|DailyCatchReport.php
16 Dec 2020 14:47:07|20|shiji@forstarfoods.com|DailyCatchReport.php
16 Dec 2020 14:47:09|20|shiji@forstarfoods.com|DailyCatchReport.php
16 Dec 2020 14:47:10|20|shiji@forstarfoods.com|DailyCatchReport.php
16 Dec 2020 14:47:13|20|shiji@forstarfoods.com|PrintDailyCatchReportMemo.php
16 Dec 2020 14:48:06|20|shiji@forstarfoods.com|PrintDailyCatchReportMemo.php
16 Dec 2020 14:49:12|20|shiji@forstarfoods.com|DailyCatchReport.php
16 Dec 2020 14:49:14|20|shiji@forstarfoods.com|DailyCatchReport.php
16 Dec 2020 14:49:15|20|shiji@forstarfoods.com|DailyCatchReport.php
16 Dec 2020 14:58:54|20|shiji@forstarfoods.com|SupplierAccount.php
16 Dec 2020 14:59:14|20|shiji@forstarfoods.com|ProcessorsAccounts.php
16 Dec 2020 14:59:20|20|shiji@forstarfoods.com|ProcessorsAccounts.php
16 Dec 2020 14:59:24|20|shiji@forstarfoods.com|ProcessorsAccounts.php
16 Dec 2020 14:59:27|20|shiji@forstarfoods.com|ProcessorsAccounts.php
16 Dec 2020 14:59:38|20|shiji@forstarfoods.com|ProcessorsAccounts.php
16 Dec 2020 14:59:44|20|shiji@forstarfoods.com|ProcessorsAccounts.php
16 Dec 2020 14:59:50|20|shiji@forstarfoods.com|ProcessorsAccounts.php
16 Dec 2020 15:01:32|20|shiji@forstarfoods.com|SupplierAccount.php
16 Dec 2020 15:01:40|20|shiji@forstarfoods.com|SupplierAccount.php
16 Dec 2020 15:01:43|20|shiji@forstarfoods.com|SupplierAccount.php
16 Dec 2020 15:01:46|20|shiji@forstarfoods.com|SupplierAccount.php
16 Dec 2020 15:01:50|20|shiji@forstarfoods.com|SupplierAccount.php
16 Dec 2020 15:02:42|20|shiji@forstarfoods.com|SupplierAccount.php
16 Dec 2020 15:35:50|20|shiji@forstarfoods.com|SettlementSummary.php
16 Dec 2020 15:36:23|20|shiji@forstarfoods.com|SettlementSummary.php
16 Dec 2020 15:36:25|20|shiji@forstarfoods.com|SupplierPayments.php
16 Dec 2020 15:36:27|20|shiji@forstarfoods.com|SupplierPayments.php
16 Dec 2020 15:36:28|20|shiji@forstarfoods.com|SupplierPayments.php
16 Dec 2020 15:37:24|20|shiji@forstarfoods.com|SupplierAccount.php
16 Dec 2020 15:37:37|20|shiji@forstarfoods.com|ProcessorsAccounts.php
16 Dec 2020 15:37:45|20|shiji@forstarfoods.com|ProcessorsAccounts.php
16 Dec 2020 15:37:51|20|shiji@forstarfoods.com|ProcessorsAccounts.php
16 Dec 2020 15:37:58|20|shiji@forstarfoods.com|ProcessorsAccounts.php
16 Dec 2020 15:38:33|20|shiji@forstarfoods.com|ProcessorsAccounts.php
16 Dec 2020 15:40:28|20|shiji@forstarfoods.com|ProcessorsAccounts.php
16 Dec 2020 15:40:31|20|shiji@forstarfoods.com|ProcessorsAccounts.php
16 Dec 2020 15:40:40|20|shiji@forstarfoods.com|ProcessorsAccounts.php
16 Dec 2020 15:40:57|20|shiji@forstarfoods.com|ProcessorsAccounts.php
16 Dec 2020 15:41:03|20|shiji@forstarfoods.com|ProcessorsAccounts.php
16 Dec 2020 15:41:08|20|shiji@forstarfoods.com|ProcessorsAccounts.php
16 Dec 2020 15:42:37|20|shiji@forstarfoods.com|ProcessorsAccounts.php
16 Dec 2020 15:42:41|20|shiji@forstarfoods.com|ProcessorsAccounts.php
16 Dec 2020 15:42:48|20|shiji@forstarfoods.com|ProcessorsAccounts.php
16 Dec 2020 15:45:18|20|shiji@forstarfoods.com|ProcessorsAccounts.php
16 Dec 2020 15:45:21|20|shiji@forstarfoods.com|ProcessorsAccounts.php
16 Dec 2020 15:45:29|20|shiji@forstarfoods.com|ProcessorsAccounts.php
16 Dec 2020 15:46:40|20|shiji@forstarfoods.com|ProcessorsAccounts.php
16 Dec 2020 15:46:43|20|shiji@forstarfoods.com|ProcessorsAccounts.php
16 Dec 2020 15:46:49|20|shiji@forstarfoods.com|ProcessorsAccounts.php
16 Dec 2020 15:47:37|20|shiji@forstarfoods.com|ProcessorsAccounts.php
16 Dec 2020 15:47:41|20|shiji@forstarfoods.com|ProcessorsAccounts.php
16 Dec 2020 15:47:51|20|shiji@forstarfoods.com|ProcessorsAccounts.php
16 Dec 2020 15:48:35|20|shiji@forstarfoods.com|ProcessorsAccounts.php
16 Dec 2020 15:48:38|20|shiji@forstarfoods.com|ProcessorsAccounts.php
16 Dec 2020 15:48:44|20|shiji@forstarfoods.com|ProcessorsAccounts.php
16 Dec 2020 15:51:31|20|shiji@forstarfoods.com|ProcessorsAccounts.php
16 Dec 2020 15:51:35|20|shiji@forstarfoods.com|ProcessorsAccounts.php
16 Dec 2020 15:51:42|20|shiji@forstarfoods.com|ProcessorsAccounts.php
16 Dec 2020 15:52:28|20|shiji@forstarfoods.com|ProcessorsAccounts.php
16 Dec 2020 15:52:32|20|shiji@forstarfoods.com|ProcessorsAccounts.php
16 Dec 2020 15:52:41|20|shiji@forstarfoods.com|ProcessorsAccounts.php
16 Dec 2020 15:54:29|20|shiji@forstarfoods.com|ProcessorsAccounts.php
16 Dec 2020 15:54:33|20|shiji@forstarfoods.com|ProcessorsAccounts.php
16 Dec 2020 15:54:38|20|shiji@forstarfoods.com|ProcessorsAccounts.php
16 Dec 2020 15:55:50|20|shiji@forstarfoods.com|ProcessorsAccounts.php
16 Dec 2020 15:55:53|20|shiji@forstarfoods.com|ProcessorsAccounts.php
16 Dec 2020 15:55:58|20|shiji@forstarfoods.com|ProcessorsAccounts.php
16 Dec 2020 15:56:48|20|shiji@forstarfoods.com|ProcessorsAccounts.php
16 Dec 2020 15:56:52|20|shiji@forstarfoods.com|ProcessorsAccounts.php
16 Dec 2020 15:56:59|20|shiji@forstarfoods.com|ProcessorsAccounts.php
16 Dec 2020 15:57:45|20|shiji@forstarfoods.com|ProcessorsAccounts.php
16 Dec 2020 15:57:49|20|shiji@forstarfoods.com|ProcessorsAccounts.php
16 Dec 2020 15:57:56|20|shiji@forstarfoods.com|ProcessorsAccounts.php
16 Dec 2020 16:01:21|20|shiji@forstarfoods.com|ProcessorsAccounts.php
16 Dec 2020 16:01:24|20|shiji@forstarfoods.com|ProcessorsAccounts.php
16 Dec 2020 16:01:31|20|shiji@forstarfoods.com|ProcessorsAccounts.php
16 Dec 2020 16:08:19|20|shiji@forstarfoods.com|ProcessorsAccounts.php
16 Dec 2020 16:08:27|20|shiji@forstarfoods.com|ProcessorsAccounts.php
16 Dec 2020 16:08:35|20|shiji@forstarfoods.com|ProcessorsAccounts.php
16 Dec 2020 16:09:06|20|shiji@forstarfoods.com|ProcessorsAccounts.php
16 Dec 2020 16:09:11|20|shiji@forstarfoods.com|ProcessorsAccounts.php
16 Dec 2020 16:09:17|20|shiji@forstarfoods.com|ProcessorsAccounts.php
16 Dec 2020 16:09:51|20|shiji@forstarfoods.com|ProcessorsAccounts.php
16 Dec 2020 16:09:56|20|shiji@forstarfoods.com|ProcessorsAccounts.php
16 Dec 2020 16:10:03|20|shiji@forstarfoods.com|ProcessorsAccounts.php
16 Dec 2020 16:11:51|20|shiji@forstarfoods.com|DailyCatchEntry_New.php
16 Dec 2020 16:12:11|20|shiji@forstarfoods.com|DailyCatchEntry_New.php
16 Dec 2020 16:12:12|20|shiji@forstarfoods.com|DailyCatchEntry_New.php
16 Dec 2020 16:12:14|20|shiji@forstarfoods.com|DailyCatchEntry_New.php
16 Dec 2020 16:12:15|20|shiji@forstarfoods.com|DailyCatchEntry_New.php
16 Dec 2020 16:12:16|20|shiji@forstarfoods.com|CatchEntryDeclaredItem.php
16 Dec 2020 16:12:17|20|shiji@forstarfoods.com|DailyCatchEntry_New.php