
6 Jan 2020 10:43:41|20|shiji@forstarfoods.com|DailyCatchEntry_New.php
6 Jan 2020 10:43:42|20|shiji@forstarfoods.com|DailyCatchEntry_New.php
6 Jan 2020 10:43:43|20|shiji@forstarfoods.com|DailyCatchEntry_New.php
6 Jan 2020 10:43:45|20|shiji@forstarfoods.com|DailyCatchEntry_New.php
6 Jan 2020 10:43:46|20|shiji@forstarfoods.com|DailyCatchEntry_New.php
6 Jan 2020 10:43:47|20|shiji@forstarfoods.com|DailyCatchEntry_New.php
6 Jan 2020 10:43:48|20|shiji@forstarfoods.com|DailyCatchEntry_New.php
6 Jan 2020 10:43:50|20|shiji@forstarfoods.com|DailyCatchEntry_New.php
6 Jan 2020 10:43:51|20|shiji@forstarfoods.com|DailyCatchEntry_New.php
6 Jan 2020 10:43:52|20|shiji@forstarfoods.com|DailyCatchEntry_New.php
6 Jan 2020 10:43:53|20|shiji@forstarfoods.com|DailyCatchEntry_New.php
6 Jan 2020 10:43:55|20|shiji@forstarfoods.com|DailyCatchEntry_New.php
6 Jan 2020 10:43:56|20|shiji@forstarfoods.com|DailyCatchEntry_New.php
6 Jan 2020 10:43:57|20|shiji@forstarfoods.com|DailyCatchEntry_New.php
6 Jan 2020 10:44:08|28|pratiksha@forstarfoods.com|ManageGatePass.php
6 Jan 2020 10:44:33|20|shiji@forstarfoods.com|DailyCatchEntry_New.php
6 Jan 2020 10:44:41|20|shiji@forstarfoods.com|DailyCatchEntry_New.php
6 Jan 2020 10:44:45|20|shiji@forstarfoods.com|CatchEntryDeclaredItem.php
6 Jan 2020 10:45:07|20|shiji@forstarfoods.com|DailyCatchEntry_New.php
6 Jan 2020 10:45:09|20|shiji@forstarfoods.com|DailyCatchEntry_New.php
6 Jan 2020 10:45:10|28|pratiksha@forstarfoods.com|ManageGatePass.php
6 Jan 2020 10:45:14|20|shiji@forstarfoods.com|DailyCatchEntry_New.php
6 Jan 2020 10:45:16|20|shiji@forstarfoods.com|DailyCatchEntry_New.php
6 Jan 2020 10:45:17|20|shiji@forstarfoods.com|DailyCatchEntry_New.php
6 Jan 2020 10:45:18|20|shiji@forstarfoods.com|DailyCatchEntry_New.php
6 Jan 2020 10:45:19|20|shiji@forstarfoods.com|DailyCatchEntry_New.php
6 Jan 2020 10:45:21|20|shiji@forstarfoods.com|DailyCatchEntry_New.php
6 Jan 2020 10:45:22|20|shiji@forstarfoods.com|DailyCatchEntry_New.php
6 Jan 2020 10:45:23|20|shiji@forstarfoods.com|DailyCatchEntry_New.php
6 Jan 2020 10:45:24|20|shiji@forstarfoods.com|DailyCatchEntry_New.php
6 Jan 2020 10:45:26|20|shiji@forstarfoods.com|DailyCatchEntry_New.php
6 Jan 2020 10:45:27|20|shiji@forstarfoods.com|DailyCatchEntry_New.php
6 Jan 2020 10:45:28|20|shiji@forstarfoods.com|DailyCatchEntry_New.php
6 Jan 2020 10:45:29|20|shiji@forstarfoods.com|DailyCatchEntry_New.php
6 Jan 2020 10:45:31|20|shiji@forstarfoods.com|DailyCatchEntry_New.php
6 Jan 2020 10:45:38|20|shiji@forstarfoods.com|DailyCatchEntry_New.php
6 Jan 2020 10:45:52|20|shiji@forstarfoods.com|DailyCatchEntry_New.php
6 Jan 2020 10:45:55|20|shiji@forstarfoods.com|DailyCatchEntry_New.php
6 Jan 2020 10:46:12|28|pratiksha@forstarfoods.com|ManageGatePass.php
6 Jan 2020 10:46:14|20|shiji@forstarfoods.com|CatchEntryDeclaredItem.php
6 Jan 2020 10:46:18|20|shiji@forstarfoods.com|DailyCatchEntry_New.php
6 Jan 2020 10:46:20|20|shiji@forstarfoods.com|DailyCatchEntry_New.php
6 Jan 2020 10:46:21|20|shiji@forstarfoods.com|DailyCatchEntry_New.php
6 Jan 2020 10:46:48|20|shiji@forstarfoods.com|DailyCatchEntry_New.php
6 Jan 2020 10:47:16|28|pratiksha@forstarfoods.com|ManageGatePass.php
6 Jan 2020 10:47:18|20|shiji@forstarfoods.com|DailyCatchEntry_New.php
6 Jan 2020 10:47:19|20|shiji@forstarfoods.com|CatchEntryDeclaredItem.php
6 Jan 2020 10:47:45|20|shiji@forstarfoods.com|DailyCatchEntry_New.php
6 Jan 2020 10:48:17|28|pratiksha@forstarfoods.com|ManageGatePass.php
6 Jan 2020 10:48:21|20|shiji@forstarfoods.com|DailyCatchEntry_New.php
6 Jan 2020 10:48:45|20|shiji@forstarfoods.com|DailyCatchEntry_New.php
6 Jan 2020 10:48:46|20|shiji@forstarfoods.com|CatchEntryDeclaredItem.php
6 Jan 2020 10:49:13|20|shiji@forstarfoods.com|DailyCatchEntry_New.php
6 Jan 2020 10:49:15|20|shiji@forstarfoods.com|DailyCatchEntry_New.php
6 Jan 2020 10:49:16|20|shiji@forstarfoods.com|DailyCatchEntry_New.php
6 Jan 2020 10:49:20|28|pratiksha@forstarfoods.com|ManageGatePass.php
6 Jan 2020 10:49:21|20|shiji@forstarfoods.com|DailyCatchEntry_New.php
6 Jan 2020 10:49:24|20|shiji@forstarfoods.com|DailyCatchEntry_New.php
6 Jan 2020 10:49:26|20|shiji@forstarfoods.com|DailyCatchEntry_New.php
6 Jan 2020 10:49:27|20|shiji@forstarfoods.com|DailyCatchEntry_New.php
6 Jan 2020 10:49:29|20|shiji@forstarfoods.com|DailyCatchEntry_New.php
6 Jan 2020 10:49:30|20|shiji@forstarfoods.com|DailyCatchEntry_New.php
6 Jan 2020 10:49:31|20|shiji@forstarfoods.com|DailyCatchEntry_New.php
6 Jan 2020 10:49:32|20|shiji@forstarfoods.com|DailyCatchEntry_New.php
6 Jan 2020 10:49:34|20|shiji@forstarfoods.com|DailyCatchEntry_New.php
6 Jan 2020 10:49:35|20|shiji@forstarfoods.com|DailyCatchEntry_New.php
6 Jan 2020 10:49:36|20|shiji@forstarfoods.com|DailyCatchEntry_New.php
6 Jan 2020 10:49:37|20|shiji@forstarfoods.com|DailyCatchEntry_New.php
6 Jan 2020 10:49:39|20|shiji@forstarfoods.com|DailyCatchEntry_New.php
6 Jan 2020 10:49:40|20|shiji@forstarfoods.com|DailyCatchEntry_New.php
6 Jan 2020 10:49:41|20|shiji@forstarfoods.com|DailyCatchEntry_New.php
6 Jan 2020 10:49:42|20|shiji@forstarfoods.com|DailyCatchEntry_New.php
6 Jan 2020 10:49:44|20|shiji@forstarfoods.com|DailyCatchEntry_New.php
6 Jan 2020 10:49:45|20|shiji@forstarfoods.com|DailyCatchEntry_New.php
6 Jan 2020 10:49:52|20|shiji@forstarfoods.com|DailyCatchEntry_New.php
6 Jan 2020 10:49:57|20|shiji@forstarfoods.com|DailyCatchEntry_New.php
6 Jan 2020 10:49:59|20|shiji@forstarfoods.com|CatchEntryDeclaredItem.php
6 Jan 2020 10:50:03|20|shiji@forstarfoods.com|DailyCatchEntry_New.php
6 Jan 2020 10:50:04|20|shiji@forstarfoods.com|DailyCatchEntry_New.php
6 Jan 2020 10:50:06|20|shiji@forstarfoods.com|DailyCatchEntry_New.php
6 Jan 2020 10:50:21|20|shiji@forstarfoods.com|DailyCatchEntry_New.php
6 Jan 2020 10:50:22|28|pratiksha@forstarfoods.com|ManageGatePass.php
6 Jan 2020 10:50:26|20|shiji@forstarfoods.com|DailyCatchEntry_New.php
6 Jan 2020 10:50:27|20|shiji@forstarfoods.com|CatchEntryDeclaredItem.php
6 Jan 2020 10:50:44|20|shiji@forstarfoods.com|DailyCatchEntry_New.php
6 Jan 2020 10:50:47|20|shiji@forstarfoods.com|DailyCatchEntry_New.php
6 Jan 2020 10:50:50|20|shiji@forstarfoods.com|DailyCatchEntry_New.php
6 Jan 2020 10:50:52|20|shiji@forstarfoods.com|DailyCatchEntry_New.php
6 Jan 2020 10:50:53|20|shiji@forstarfoods.com|DailyCatchEntry_New.php
6 Jan 2020 10:50:54|20|shiji@forstarfoods.com|DailyCatchEntry_New.php
6 Jan 2020 10:50:56|20|shiji@forstarfoods.com|DailyCatchEntry_New.php
6 Jan 2020 10:50:57|20|shiji@forstarfoods.com|DailyCatchEntry_New.php
6 Jan 2020 10:50:58|20|shiji@forstarfoods.com|DailyCatchEntry_New.php
6 Jan 2020 10:50:59|20|shiji@forstarfoods.com|DailyCatchEntry_New.php
6 Jan 2020 10:51:01|20|shiji@forstarfoods.com|DailyCatchEntry_New.php
6 Jan 2020 10:51:02|20|shiji@forstarfoods.com|DailyCatchEntry_New.php
6 Jan 2020 10:51:03|20|shiji@forstarfoods.com|DailyCatchEntry_New.php
6 Jan 2020 10:51:04|20|shiji@forstarfoods.com|DailyCatchEntry_New.php
6 Jan 2020 10:51:06|20|shiji@forstarfoods.com|DailyCatchEntry_New.php
6 Jan 2020 10:51:07|20|shiji@forstarfoods.com|DailyCatchEntry_New.php
6 Jan 2020 10:51:08|20|shiji@forstarfoods.com|DailyCatchEntry_New.php
6 Jan 2020 10:51:09|20|shiji@forstarfoods.com|DailyCatchEntry_New.php
6 Jan 2020 10:51:10|20|shiji@forstarfoods.com|DailyCatchEntry_New.php
6 Jan 2020 10:51:12|20|shiji@forstarfoods.com|DailyCatchEntry_New.php
6 Jan 2020 10:51:13|20|shiji@forstarfoods.com|DailyCatchEntry_New.php
6 Jan 2020 10:51:14|20|shiji@forstarfoods.com|DailyCatchEntry_New.php
6 Jan 2020 10:51:18|20|shiji@forstarfoods.com|DailyCatchEntry_New.php
6 Jan 2020 10:51:19|20|shiji@forstarfoods.com|CatchEntryDeclaredItem.php
6 Jan 2020 10:51:24|28|pratiksha@forstarfoods.com|ManageGatePass.php
6 Jan 2020 10:51:25|20|shiji@forstarfoods.com|DailyCatchEntry_New.php
6 Jan 2020 10:51:27|20|shiji@forstarfoods.com|DailyCatchEntry_New.php
6 Jan 2020 10:51:29|20|shiji@forstarfoods.com|DailyCatchEntry_New.php
6 Jan 2020 10:51:30|20|shiji@forstarfoods.com|DailyCatchEntry_New.php
6 Jan 2020 10:51:31|20|shiji@forstarfoods.com|DailyCatchEntry_New.php
6 Jan 2020 10:51:33|20|shiji@forstarfoods.com|DailyCatchEntry_New.php
6 Jan 2020 10:51:34|20|shiji@forstarfoods.com|DailyCatchEntry_New.php
6 Jan 2020 10:51:35|20|shiji@forstarfoods.com|DailyCatchEntry_New.php
6 Jan 2020 10:51:36|20|shiji@forstarfoods.com|DailyCatchEntry_New.php
6 Jan 2020 10:51:38|20|shiji@forstarfoods.com|DailyCatchEntry_New.php
6 Jan 2020 10:51:39|20|shiji@forstarfoods.com|DailyCatchEntry_New.php
6 Jan 2020 10:51:40|20|shiji@forstarfoods.com|DailyCatchEntry_New.php
6 Jan 2020 10:51:41|20|shiji@forstarfoods.com|DailyCatchEntry_New.php
6 Jan 2020 10:51:43|20|shiji@forstarfoods.com|DailyCatchEntry_New.php
6 Jan 2020 10:51:44|20|shiji@forstarfoods.com|DailyCatchEntry_New.php
6 Jan 2020 10:51:45|20|shiji@forstarfoods.com|DailyCatchEntry_New.php
6 Jan 2020 10:51:46|20|shiji@forstarfoods.com|DailyCatchEntry_New.php
6 Jan 2020 10:51:48|20|shiji@forstarfoods.com|DailyCatchEntry_New.php
6 Jan 2020 10:51:49|20|shiji@forstarfoods.com|DailyCatchEntry_New.php
6 Jan 2020 10:51:50|20|shiji@forstarfoods.com|DailyCatchEntry_New.php
6 Jan 2020 10:51:51|20|shiji@forstarfoods.com|DailyCatchEntry_New.php
6 Jan 2020 10:51:53|20|shiji@forstarfoods.com|DailyCatchEntry_New.php
6 Jan 2020 10:51:54|20|shiji@forstarfoods.com|DailyCatchEntry_New.php
6 Jan 2020 10:51:55|20|shiji@forstarfoods.com|DailyCatchEntry_New.php
6 Jan 2020 10:51:56|20|shiji@forstarfoods.com|DailyCatchEntry_New.php
6 Jan 2020 10:51:58|20|shiji@forstarfoods.com|DailyCatchEntry_New.php
6 Jan 2020 10:51:59|20|shiji@forstarfoods.com|DailyCatchEntry_New.php
6 Jan 2020 10:52:03|20|shiji@forstarfoods.com|DailyCatchEntry_New.php
6 Jan 2020 10:52:04|20|shiji@forstarfoods.com|CatchEntryDeclaredItem.php
6 Jan 2020 10:52:11|20|shiji@forstarfoods.com|DailyCatchEntry_New.php
6 Jan 2020 10:52:14|20|shiji@forstarfoods.com|DailyCatchEntry_New.php
6 Jan 2020 10:52:17|20|shiji@forstarfoods.com|DailyCatchEntry_New.php
6 Jan 2020 10:52:18|20|shiji@forstarfoods.com|DailyCatchEntry_New.php
6 Jan 2020 10:52:19|20|shiji@forstarfoods.com|DailyCatchEntry_New.php
6 Jan 2020 10:52:20|20|shiji@forstarfoods.com|DailyCatchEntry_New.php
6 Jan 2020 10:52:21|20|shiji@forstarfoods.com|DailyCatchEntry_New.php
6 Jan 2020 10:52:23|20|shiji@forstarfoods.com|DailyCatchEntry_New.php
6 Jan 2020 10:52:24|20|shiji@forstarfoods.com|DailyCatchEntry_New.php
6 Jan 2020 10:52:25|20|shiji@forstarfoods.com|DailyCatchEntry_New.php
6 Jan 2020 10:52:25|28|pratiksha@forstarfoods.com|ManageGatePass.php
6 Jan 2020 10:52:26|20|shiji@forstarfoods.com|DailyCatchEntry_New.php
6 Jan 2020 10:52:28|20|shiji@forstarfoods.com|DailyCatchEntry_New.php
6 Jan 2020 10:52:29|20|shiji@forstarfoods.com|DailyCatchEntry_New.php
6 Jan 2020 10:52:30|20|shiji@forstarfoods.com|DailyCatchEntry_New.php
6 Jan 2020 10:52:31|20|shiji@forstarfoods.com|DailyCatchEntry_New.php
6 Jan 2020 10:52:33|20|shiji@forstarfoods.com|DailyCatchEntry_New.php
6 Jan 2020 10:52:34|20|shiji@forstarfoods.com|DailyCatchEntry_New.php
6 Jan 2020 10:52:35|20|shiji@forstarfoods.com|DailyCatchEntry_New.php
6 Jan 2020 10:52:46|20|shiji@forstarfoods.com|DailyCatchEntry_New.php
6 Jan 2020 10:52:57|20|shiji@forstarfoods.com|DailyCatchEntry_New.php
6 Jan 2020 10:53:01|20|shiji@forstarfoods.com|DailyCatchEntry_New.php
6 Jan 2020 10:53:03|20|shiji@forstarfoods.com|CatchEntryDeclaredItem.php
6 Jan 2020 10:53:27|28|pratiksha@forstarfoods.com|ManageGatePass.php
6 Jan 2020 10:54:29|28|pratiksha@forstarfoods.com|ManageGatePass.php
6 Jan 2020 10:55:32|28|pratiksha@forstarfoods.com|ManageGatePass.php
6 Jan 2020 10:56:34|28|pratiksha@forstarfoods.com|ManageGatePass.php
6 Jan 2020 10:57:36|28|pratiksha@forstarfoods.com|ManageGatePass.php
6 Jan 2020 10:57:47|20|shiji@forstarfoods.com|DailyCatchEntry_New.php
6 Jan 2020 10:58:39|28|pratiksha@forstarfoods.com|ManageGatePass.php
6 Jan 2020 10:59:42|28|pratiksha@forstarfoods.com|ManageGatePass.php
6 Jan 2020 11:00:30|20|shiji@forstarfoods.com|DailyCatchSummary.php
6 Jan 2020 11:00:33|20|shiji@forstarfoods.com|DailyCatchSummary.php
6 Jan 2020 11:00:42|20|shiji@forstarfoods.com|DailyCatchSummary.php
6 Jan 2020 11:00:44|28|pratiksha@forstarfoods.com|ManageGatePass.php
6 Jan 2020 11:00:44|20|shiji@forstarfoods.com|DailyCatchSummary.php
6 Jan 2020 11:00:51|20|shiji@forstarfoods.com|DailyCatchSummary.php
6 Jan 2020 11:00:58|20|shiji@forstarfoods.com|DailyCatchSummary.php
6 Jan 2020 11:01:26|20|shiji@forstarfoods.com|DailyCatchSummary.php
6 Jan 2020 11:01:29|20|shiji@forstarfoods.com|DailyCatchSummary.php
6 Jan 2020 11:01:45|28|pratiksha@forstarfoods.com|ManageGatePass.php
6 Jan 2020 11:02:47|28|pratiksha@forstarfoods.com|ManageGatePass.php
6 Jan 2020 11:03:49|28|pratiksha@forstarfoods.com|ManageGatePass.php
6 Jan 2020 11:04:51|28|pratiksha@forstarfoods.com|ManageGatePass.php
6 Jan 2020 11:05:29|20|shiji@forstarfoods.com|DailyCatchSummary.php
6 Jan 2020 11:05:31|20|shiji@forstarfoods.com|DailyCatchSummary.php
6 Jan 2020 11:05:40|20|shiji@forstarfoods.com|DailyCatchSummary.php
6 Jan 2020 11:05:52|28|pratiksha@forstarfoods.com|ManageGatePass.php
6 Jan 2020 11:06:54|28|pratiksha@forstarfoods.com|ManageGatePass.php
6 Jan 2020 11:07:56|28|pratiksha@forstarfoods.com|ManageGatePass.php
6 Jan 2020 11:08:58|28|pratiksha@forstarfoods.com|ManageGatePass.php
6 Jan 2020 11:09:59|28|pratiksha@forstarfoods.com|ManageGatePass.php
6 Jan 2020 11:11:01|28|pratiksha@forstarfoods.com|ManageGatePass.php
6 Jan 2020 11:12:04|28|pratiksha@forstarfoods.com|ManageGatePass.php
6 Jan 2020 11:13:07|28|pratiksha@forstarfoods.com|ManageGatePass.php
6 Jan 2020 11:14:09|28|pratiksha@forstarfoods.com|ManageGatePass.php
6 Jan 2020 11:15:10|28|pratiksha@forstarfoods.com|ManageGatePass.php
6 Jan 2020 11:16:12|28|pratiksha@forstarfoods.com|ManageGatePass.php
6 Jan 2020 11:17:14|28|pratiksha@forstarfoods.com|ManageGatePass.php
6 Jan 2020 11:18:17|28|pratiksha@forstarfoods.com|ManageGatePass.php
6 Jan 2020 11:19:20|28|pratiksha@forstarfoods.com|ManageGatePass.php
6 Jan 2020 11:20:22|28|pratiksha@forstarfoods.com|ManageGatePass.php
6 Jan 2020 11:21:24|28|pratiksha@forstarfoods.com|ManageGatePass.php
6 Jan 2020 11:22:27|28|pratiksha@forstarfoods.com|ManageGatePass.php
6 Jan 2020 11:23:28|28|pratiksha@forstarfoods.com|ManageGatePass.php
6 Jan 2020 11:24:31|28|pratiksha@forstarfoods.com|ManageGatePass.php
6 Jan 2020 11:25:00|20|shiji@forstarfoods.com|DailyCatchSummary.php
6 Jan 2020 11:25:03|20|shiji@forstarfoods.com|DailyCatchSummary.php
6 Jan 2020 11:25:07|20|shiji@forstarfoods.com|DailyCatchSummary.php
6 Jan 2020 11:25:33|28|pratiksha@forstarfoods.com|ManageGatePass.php
6 Jan 2020 11:26:35|28|pratiksha@forstarfoods.com|ManageGatePass.php
6 Jan 2020 11:27:37|28|pratiksha@forstarfoods.com|ManageGatePass.php
6 Jan 2020 11:28:39|28|pratiksha@forstarfoods.com|ManageGatePass.php
6 Jan 2020 11:29:41|28|pratiksha@forstarfoods.com|ManageGatePass.php
6 Jan 2020 11:30:43|28|pratiksha@forstarfoods.com|ManageGatePass.php
6 Jan 2020 11:31:46|28|pratiksha@forstarfoods.com|ManageGatePass.php
6 Jan 2020 11:32:48|28|pratiksha@forstarfoods.com|ManageGatePass.php
6 Jan 2020 11:33:50|28|pratiksha@forstarfoods.com|ManageGatePass.php
6 Jan 2020 11:34:53|28|pratiksha@forstarfoods.com|ManageGatePass.php
6 Jan 2020 11:35:57|28|pratiksha@forstarfoods.com|ManageGatePass.php
6 Jan 2020 11:37:00|28|pratiksha@forstarfoods.com|ManageGatePass.php
6 Jan 2020 11:38:01|28|pratiksha@forstarfoods.com|ManageGatePass.php
6 Jan 2020 11:39:03|28|pratiksha@forstarfoods.com|ManageGatePass.php
6 Jan 2020 11:40:05|28|pratiksha@forstarfoods.com|ManageGatePass.php
6 Jan 2020 11:41:07|28|pratiksha@forstarfoods.com|ManageGatePass.php
6 Jan 2020 11:42:08|28|pratiksha@forstarfoods.com|ManageGatePass.php
6 Jan 2020 11:43:11|28|pratiksha@forstarfoods.com|ManageGatePass.php
6 Jan 2020 11:44:14|28|pratiksha@forstarfoods.com|ManageGatePass.php
6 Jan 2020 11:45:16|28|pratiksha@forstarfoods.com|ManageGatePass.php
6 Jan 2020 11:46:17|28|pratiksha@forstarfoods.com|ManageGatePass.php
6 Jan 2020 11:47:19|28|pratiksha@forstarfoods.com|ManageGatePass.php
6 Jan 2020 11:48:22|28|pratiksha@forstarfoods.com|ManageGatePass.php
6 Jan 2020 11:49:26|28|pratiksha@forstarfoods.com|ManageGatePass.php
6 Jan 2020 11:50:29|28|pratiksha@forstarfoods.com|ManageGatePass.php
6 Jan 2020 11:51:33|28|pratiksha@forstarfoods.com|ManageGatePass.php
6 Jan 2020 11:52:38|28|pratiksha@forstarfoods.com|ManageGatePass.php
6 Jan 2020 11:53:39|28|pratiksha@forstarfoods.com|ManageGatePass.php
6 Jan 2020 11:54:41|28|pratiksha@forstarfoods.com|ManageGatePass.php
6 Jan 2020 11:55:43|28|pratiksha@forstarfoods.com|ManageGatePass.php
6 Jan 2020 11:56:46|28|pratiksha@forstarfoods.com|ManageGatePass.php
6 Jan 2020 11:57:50|28|pratiksha@forstarfoods.com|ManageGatePass.php
6 Jan 2020 11:58:53|28|pratiksha@forstarfoods.com|ManageGatePass.php
6 Jan 2020 11:59:55|28|pratiksha@forstarfoods.com|ManageGatePass.php
6 Jan 2020 12:00:58|28|pratiksha@forstarfoods.com|ManageGatePass.php
6 Jan 2020 12:01:59|28|pratiksha@forstarfoods.com|ManageGatePass.php
6 Jan 2020 12:03:01|28|pratiksha@forstarfoods.com|ManageGatePass.php
6 Jan 2020 12:04:03|28|pratiksha@forstarfoods.com|ManageGatePass.php
6 Jan 2020 12:04:04|20|shiji@forstarfoods.com|DailyCatchReport.php
6 Jan 2020 12:04:11|20|shiji@forstarfoods.com|DailyCatchReport.php
6 Jan 2020 12:04:14|20|shiji@forstarfoods.com|DailyCatchReport.php
6 Jan 2020 12:04:16|20|shiji@forstarfoods.com|DailyCatchReport.php
6 Jan 2020 12:04:17|20|shiji@forstarfoods.com|DailyCatchReport.php
6 Jan 2020 12:04:19|20|shiji@forstarfoods.com|DailyCatchReport.php
6 Jan 2020 12:04:28|20|shiji@forstarfoods.com|PrintDailyCatchReportMemo.php
6 Jan 2020 12:04:41|20|shiji@forstarfoods.com|DailyCatchReport.php
6 Jan 2020 12:04:42|20|shiji@forstarfoods.com|DailyCatchReport.php
6 Jan 2020 12:04:44|20|shiji@forstarfoods.com|DailyCatchReport.php
6 Jan 2020 12:04:54|20|shiji@forstarfoods.com|DailyCatchReport.php
6 Jan 2020 12:04:56|20|shiji@forstarfoods.com|DailyCatchReport.php
6 Jan 2020 12:04:57|20|shiji@forstarfoods.com|DailyCatchReport.php
6 Jan 2020 12:04:58|20|shiji@forstarfoods.com|DailyCatchReport.php
6 Jan 2020 12:05:00|20|shiji@forstarfoods.com|DailyCatchReport.php
6 Jan 2020 12:05:02|20|shiji@forstarfoods.com|DailyCatchReport.php
6 Jan 2020 12:05:03|20|shiji@forstarfoods.com|DailyCatchReport.php
6 Jan 2020 12:05:05|20|shiji@forstarfoods.com|PrintDailyCatchReportMemo.php
6 Jan 2020 12:05:05|28|pratiksha@forstarfoods.com|ManageGatePass.php
6 Jan 2020 12:05:20|20|shiji@forstarfoods.com|DailyCatchReport.php
6 Jan 2020 12:05:22|20|shiji@forstarfoods.com|DailyCatchReport.php
6 Jan 2020 12:05:23|20|shiji@forstarfoods.com|DailyCatchReport.php
6 Jan 2020 12:05:33|20|shiji@forstarfoods.com|DailyCatchReport.php
6 Jan 2020 12:05:35|20|shiji@forstarfoods.com|DailyCatchReport.php
6 Jan 2020 12:05:36|20|shiji@forstarfoods.com|DailyCatchReport.php
6 Jan 2020 12:05:40|20|shiji@forstarfoods.com|DailyCatchReport.php
6 Jan 2020 12:05:42|20|shiji@forstarfoods.com|DailyCatchReport.php
6 Jan 2020 12:05:43|20|shiji@forstarfoods.com|DailyCatchReport.php
6 Jan 2020 12:05:52|20|shiji@forstarfoods.com|DailyCatchReport.php
6 Jan 2020 12:05:54|20|shiji@forstarfoods.com|DailyCatchReport.php
6 Jan 2020 12:05:56|20|shiji@forstarfoods.com|DailyCatchReport.php
6 Jan 2020 12:05:58|20|shiji@forstarfoods.com|DailyCatchReport.php
6 Jan 2020 12:05:59|20|shiji@forstarfoods.com|DailyCatchReport.php
6 Jan 2020 12:06:06|20|shiji@forstarfoods.com|PrintDailyCatchReportMemo.php
6 Jan 2020 12:06:09|28|pratiksha@forstarfoods.com|ManageGatePass.php
6 Jan 2020 12:06:52|20|shiji@forstarfoods.com|DailyCatchEntry_New.php
6 Jan 2020 12:06:58|20|shiji@forstarfoods.com|DailyCatchEntry_New.php
6 Jan 2020 12:06:59|20|shiji@forstarfoods.com|DailyCatchEntry_New.php
6 Jan 2020 12:07:01|20|shiji@forstarfoods.com|DailyCatchEntry_New.php
6 Jan 2020 12:07:02|20|shiji@forstarfoods.com|DailyCatchEntry_New.php
6 Jan 2020 12:07:03|20|shiji@forstarfoods.com|DailyCatchEntry_New.php
6 Jan 2020 12:07:04|20|shiji@forstarfoods.com|DailyCatchEntry_New.php
6 Jan 2020 12:07:08|20|shiji@forstarfoods.com|DailyCatchEntry_New.php
6 Jan 2020 12:07:11|20|shiji@forstarfoods.com|DailyCatchEntry_New.php
6 Jan 2020 12:07:11|28|pratiksha@forstarfoods.com|ManageGatePass.php
6 Jan 2020 12:07:12|20|shiji@forstarfoods.com|DailyCatchEntry_New.php
6 Jan 2020 12:07:13|20|shiji@forstarfoods.com|CatchEntryDeclaredItem.php
6 Jan 2020 12:07:15|20|shiji@forstarfoods.com|DailyCatchEntry_New.php
6 Jan 2020 12:07:16|20|shiji@forstarfoods.com|CatchEntryDeclaredItem.php
6 Jan 2020 12:07:30|20|shiji@forstarfoods.com|DailyCatchEntry_New.php
6 Jan 2020 12:07:33|20|shiji@forstarfoods.com|DailyCatchEntry_New.php
6 Jan 2020 12:07:35|20|shiji@forstarfoods.com|DailyCatchEntry_New.php
6 Jan 2020 12:07:41|20|shiji@forstarfoods.com|DailyCatchReport.php
6 Jan 2020 12:07:50|20|shiji@forstarfoods.com|DailyCatchReport.php
6 Jan 2020 12:07:53|20|shiji@forstarfoods.com|DailyCatchReport.php
6 Jan 2020 12:07:54|20|shiji@forstarfoods.com|DailyCatchReport.php
6 Jan 2020 12:07:56|20|shiji@forstarfoods.com|DailyCatchReport.php
6 Jan 2020 12:07:58|20|shiji@forstarfoods.com|PrintDailyCatchReportMemo.php
6 Jan 2020 12:08:14|28|pratiksha@forstarfoods.com|ManageGatePass.php
6 Jan 2020 12:08:21|20|shiji@forstarfoods.com|DailyCatchReport.php
6 Jan 2020 12:08:23|20|shiji@forstarfoods.com|DailyCatchReport.php
6 Jan 2020 12:08:24|20|shiji@forstarfoods.com|DailyCatchReport.php
6 Jan 2020 12:08:34|20|shiji@forstarfoods.com|DailyCatchReport.php
6 Jan 2020 12:08:35|20|shiji@forstarfoods.com|DailyCatchReport.php
6 Jan 2020 12:08:37|20|shiji@forstarfoods.com|DailyCatchReport.php
6 Jan 2020 12:08:38|20|shiji@forstarfoods.com|DailyCatchReport.php
6 Jan 2020 12:08:40|20|shiji@forstarfoods.com|PrintDailyCatchReportMemo.php
6 Jan 2020 12:09:17|28|pratiksha@forstarfoods.com|ManageGatePass.php
6 Jan 2020 12:09:37|20|shiji@forstarfoods.com|DailyCatchReport.php
6 Jan 2020 12:09:39|20|shiji@forstarfoods.com|DailyCatchReport.php
6 Jan 2020 12:09:40|20|shiji@forstarfoods.com|DailyCatchReport.php
6 Jan 2020 12:09:44|20|shiji@forstarfoods.com|PurchaseStatement.php
6 Jan 2020 12:09:48|20|shiji@forstarfoods.com|SupplierAccount.php
6 Jan 2020 12:10:20|28|pratiksha@forstarfoods.com|ManageGatePass.php
6 Jan 2020 12:11:24|28|pratiksha@forstarfoods.com|ManageGatePass.php
6 Jan 2020 12:12:28|28|pratiksha@forstarfoods.com|ManageGatePass.php
6 Jan 2020 12:13:17|20|shiji@forstarfoods.com|SupplierAccount.php
6 Jan 2020 12:13:20|20|shiji@forstarfoods.com|SupplierAccount.php
6 Jan 2020 12:13:30|28|pratiksha@forstarfoods.com|ManageGatePass.php
6 Jan 2020 12:13:45|20|shiji@forstarfoods.com|SupplierAccount.php
6 Jan 2020 12:13:51|20|shiji@forstarfoods.com|SupplierAccount.php
6 Jan 2020 12:14:33|28|pratiksha@forstarfoods.com|ManageGatePass.php
6 Jan 2020 12:15:09|20|shiji@forstarfoods.com|DailyCatchReport.php
6 Jan 2020 12:15:17|20|shiji@forstarfoods.com|DailyCatchReport.php
6 Jan 2020 12:15:20|20|shiji@forstarfoods.com|DailyCatchReport.php
6 Jan 2020 12:15:22|20|shiji@forstarfoods.com|DailyCatchReport.php
6 Jan 2020 12:15:23|20|shiji@forstarfoods.com|DailyCatchReport.php
6 Jan 2020 12:15:25|20|shiji@forstarfoods.com|PrintDailyCatchReportMemo.php
6 Jan 2020 12:15:35|28|pratiksha@forstarfoods.com|ManageGatePass.php
6 Jan 2020 12:16:00|20|shiji@forstarfoods.com|SupplierAccount.php
6 Jan 2020 12:16:07|20|shiji@forstarfoods.com|SupplierAccount.php
6 Jan 2020 12:16:10|20|shiji@forstarfoods.com|SupplierAccount.php
6 Jan 2020 12:16:14|20|shiji@forstarfoods.com|SupplierAccount.php
6 Jan 2020 12:16:33|20|shiji@forstarfoods.com|SupplierAccount.php
6 Jan 2020 12:16:36|28|pratiksha@forstarfoods.com|ManageGatePass.php
6 Jan 2020 12:16:39|20|shiji@forstarfoods.com|SupplierAccount.php
6 Jan 2020 12:16:57|20|shiji@forstarfoods.com|SupplierAccount.php
6 Jan 2020 12:17:05|20|shiji@forstarfoods.com|SupplierAccount.php
6 Jan 2020 12:17:38|28|pratiksha@forstarfoods.com|ManageGatePass.php
6 Jan 2020 12:18:39|28|pratiksha@forstarfoods.com|ManageGatePass.php
6 Jan 2020 12:19:34|20|shiji@forstarfoods.com|SupplierAccount.php
6 Jan 2020 12:19:41|28|pratiksha@forstarfoods.com|ManageGatePass.php
6 Jan 2020 12:19:42|20|shiji@forstarfoods.com|SupplierAccount.php
6 Jan 2020 12:20:42|20|shiji@forstarfoods.com|SupplierAccount.php
6 Jan 2020 12:20:44|28|pratiksha@forstarfoods.com|ManageGatePass.php
6 Jan 2020 12:20:48|20|shiji@forstarfoods.com|SupplierAccount.php
6 Jan 2020 12:21:27|20|shiji@forstarfoods.com|SupplierAccount.php
6 Jan 2020 12:21:37|20|shiji@forstarfoods.com|SupplierAccount.php
6 Jan 2020 12:21:43|20|shiji@forstarfoods.com|SupplierAccount.php
6 Jan 2020 12:21:47|28|pratiksha@forstarfoods.com|ManageGatePass.php
6 Jan 2020 12:22:01|20|shiji@forstarfoods.com|DailyCatchReport.php
6 Jan 2020 12:22:12|20|shiji@forstarfoods.com|DailyCatchReport.php
6 Jan 2020 12:22:15|20|shiji@forstarfoods.com|DailyCatchReport.php
6 Jan 2020 12:22:17|20|shiji@forstarfoods.com|DailyCatchReport.php
6 Jan 2020 12:22:18|20|shiji@forstarfoods.com|DailyCatchReport.php
6 Jan 2020 12:22:20|20|shiji@forstarfoods.com|PrintDailyCatchReportMemo.php
6 Jan 2020 12:22:31|20|shiji@forstarfoods.com|DailyCatchReport.php
6 Jan 2020 12:22:33|20|shiji@forstarfoods.com|DailyCatchReport.php
6 Jan 2020 12:22:34|20|shiji@forstarfoods.com|DailyCatchReport.php
6 Jan 2020 12:22:36|20|shiji@forstarfoods.com|SupplierAccount.php
6 Jan 2020 12:22:47|20|shiji@forstarfoods.com|SupplierAccount.php
6 Jan 2020 12:22:49|28|pratiksha@forstarfoods.com|ManageGatePass.php
6 Jan 2020 12:22:51|20|shiji@forstarfoods.com|SupplierAccount.php
6 Jan 2020 12:22:57|20|shiji@forstarfoods.com|SupplierAccount.php
6 Jan 2020 12:23:00|20|shiji@forstarfoods.com|SupplierAccount.php
6 Jan 2020 12:23:14|20|shiji@forstarfoods.com|SupplierAccount.php
6 Jan 2020 12:23:51|28|pratiksha@forstarfoods.com|ManageGatePass.php
6 Jan 2020 12:24:19|20|shiji@forstarfoods.com|PurchaseReport.php
6 Jan 2020 12:24:30|20|shiji@forstarfoods.com|PurchaseReport.php
6 Jan 2020 12:24:38|20|shiji@forstarfoods.com|PrintPurchaseSettlementMemo.php
6 Jan 2020 12:24:52|28|pratiksha@forstarfoods.com|ManageGatePass.php
6 Jan 2020 12:25:29|20|shiji@forstarfoods.com|PurchaseReport.php
6 Jan 2020 12:25:37|20|shiji@forstarfoods.com|PrintPurchaseSettlementMemo.php
6 Jan 2020 12:25:57|28|pratiksha@forstarfoods.com|ManageGatePass.php
6 Jan 2020 12:26:22|20|shiji@forstarfoods.com|PurchaseReport.php
6 Jan 2020 12:26:29|20|shiji@forstarfoods.com|PrintPurchaseSettlementMemo.php
6 Jan 2020 12:27:01|28|pratiksha@forstarfoods.com|ManageGatePass.php
6 Jan 2020 12:28:06|28|pratiksha@forstarfoods.com|ManageGatePass.php
6 Jan 2020 12:28:18|20|shiji@forstarfoods.com|PurchaseReport.php
6 Jan 2020 12:28:30|20|shiji@forstarfoods.com|PurchaseReport.php
6 Jan 2020 12:28:37|20|shiji@forstarfoods.com|PrintPurchaseSettlementMemo.php
6 Jan 2020 12:29:07|28|pratiksha@forstarfoods.com|ManageGatePass.php
6 Jan 2020 12:29:24|20|shiji@forstarfoods.com|PurchaseReport.php
6 Jan 2020 12:29:30|20|shiji@forstarfoods.com|PrintPurchaseSettlementMemo.php
6 Jan 2020 12:30:09|28|pratiksha@forstarfoods.com|ManageGatePass.php
6 Jan 2020 12:31:13|28|pratiksha@forstarfoods.com|ManageGatePass.php
6 Jan 2020 12:32:15|28|pratiksha@forstarfoods.com|ManageGatePass.php
6 Jan 2020 12:33:16|28|pratiksha@forstarfoods.com|ManageGatePass.php
6 Jan 2020 12:34:19|28|pratiksha@forstarfoods.com|ManageGatePass.php
6 Jan 2020 12:35:22|28|pratiksha@forstarfoods.com|ManageGatePass.php
6 Jan 2020 12:36:24|28|pratiksha@forstarfoods.com|ManageGatePass.php
6 Jan 2020 12:36:47|20|shiji@forstarfoods.com|ProcessorsAccounts.php
6 Jan 2020 12:36:55|20|shiji@forstarfoods.com|ProcessorsAccounts.php
6 Jan 2020 12:37:00|20|shiji@forstarfoods.com|ProcessorsAccounts.php
6 Jan 2020 12:37:12|20|shiji@forstarfoods.com|ProcessorsAccounts.php
6 Jan 2020 12:37:27|28|pratiksha@forstarfoods.com|ManageGatePass.php
6 Jan 2020 12:38:30|28|pratiksha@forstarfoods.com|ManageGatePass.php
6 Jan 2020 12:39:14|20|shiji@forstarfoods.com|ProcessorsAccounts.php
6 Jan 2020 12:39:32|28|pratiksha@forstarfoods.com|ManageGatePass.php
6 Jan 2020 12:40:34|28|pratiksha@forstarfoods.com|ManageGatePass.php
6 Jan 2020 12:41:37|28|pratiksha@forstarfoods.com|ManageGatePass.php
6 Jan 2020 12:42:40|28|pratiksha@forstarfoods.com|ManageGatePass.php
6 Jan 2020 12:42:54|20|shiji@forstarfoods.com|ProcessorsAccounts.php
6 Jan 2020 12:43:41|28|pratiksha@forstarfoods.com|ManageGatePass.php
6 Jan 2020 12:43:53|20|shiji@forstarfoods.com|ProcessorsAccounts.php
6 Jan 2020 12:44:43|28|pratiksha@forstarfoods.com|ManageGatePass.php
6 Jan 2020 12:45:45|28|pratiksha@forstarfoods.com|ManageGatePass.php
6 Jan 2020 12:46:48|28|pratiksha@forstarfoods.com|ManageGatePass.php
6 Jan 2020 12:47:49|28|pratiksha@forstarfoods.com|ManageGatePass.php
6 Jan 2020 12:48:51|28|pratiksha@forstarfoods.com|ManageGatePass.php
6 Jan 2020 12:49:55|28|pratiksha@forstarfoods.com|ManageGatePass.php
6 Jan 2020 12:50:57|28|pratiksha@forstarfoods.com|ManageGatePass.php
6 Jan 2020 12:51:59|28|pratiksha@forstarfoods.com|ManageGatePass.php
6 Jan 2020 12:53:01|28|pratiksha@forstarfoods.com|ManageGatePass.php
6 Jan 2020 12:54:03|28|pratiksha@forstarfoods.com|ManageGatePass.php
6 Jan 2020 12:55:06|28|pratiksha@forstarfoods.com|ManageGatePass.php
6 Jan 2020 12:56:08|28|pratiksha@forstarfoods.com|ManageGatePass.php
6 Jan 2020 12:57:11|28|pratiksha@forstarfoods.com|ManageGatePass.php
6 Jan 2020 12:58:16|28|pratiksha@forstarfoods.com|ManageGatePass.php
6 Jan 2020 12:59:21|28|pratiksha@forstarfoods.com|ManageGatePass.php
6 Jan 2020 13:00:25|28|pratiksha@forstarfoods.com|ManageGatePass.php
6 Jan 2020 13:01:26|28|pratiksha@forstarfoods.com|ManageGatePass.php
6 Jan 2020 13:02:29|28|pratiksha@forstarfoods.com|ManageGatePass.php
6 Jan 2020 13:03:32|28|pratiksha@forstarfoods.com|ManageGatePass.php
6 Jan 2020 13:04:34|28|pratiksha@forstarfoods.com|ManageGatePass.php
6 Jan 2020 13:05:37|28|pratiksha@forstarfoods.com|ManageGatePass.php
6 Jan 2020 13:06:39|28|pratiksha@forstarfoods.com|ManageGatePass.php
6 Jan 2020 13:07:41|28|pratiksha@forstarfoods.com|ManageGatePass.php
6 Jan 2020 13:08:44|28|pratiksha@forstarfoods.com|ManageGatePass.php
6 Jan 2020 13:09:46|28|pratiksha@forstarfoods.com|ManageGatePass.php
6 Jan 2020 13:10:48|28|pratiksha@forstarfoods.com|ManageGatePass.php
6 Jan 2020 13:11:50|28|pratiksha@forstarfoods.com|ManageGatePass.php
6 Jan 2020 13:12:53|28|pratiksha@forstarfoods.com|ManageGatePass.php
6 Jan 2020 13:13:54|28|pratiksha@forstarfoods.com|ManageGatePass.php
6 Jan 2020 13:14:56|28|pratiksha@forstarfoods.com|ManageGatePass.php
6 Jan 2020 13:15:48|20|shiji@forstarfoods.com|ProcessorsAccounts.php
6 Jan 2020 13:15:52|20|shiji@forstarfoods.com|ProcessorsAccounts.php
6 Jan 2020 13:15:58|28|pratiksha@forstarfoods.com|ManageGatePass.php
6 Jan 2020 13:16:34|20|shiji@forstarfoods.com|ProcessorsAccounts.php
6 Jan 2020 13:16:44|20|shiji@forstarfoods.com|ProcessorsAccounts.php
6 Jan 2020 13:17:00|28|pratiksha@forstarfoods.com|ManageGatePass.php
6 Jan 2020 13:18:03|28|pratiksha@forstarfoods.com|ManageGatePass.php
6 Jan 2020 13:18:07|20|shiji@forstarfoods.com|ProcessorsAccounts.php
6 Jan 2020 13:18:41|20|shiji@forstarfoods.com|ProcessorsAccounts.php
6 Jan 2020 13:19:03|20|shiji@forstarfoods.com|ProcessorsAccounts.php
6 Jan 2020 13:19:06|28|pratiksha@forstarfoods.com|ManageGatePass.php
6 Jan 2020 13:20:09|28|pratiksha@forstarfoods.com|ManageGatePass.php
6 Jan 2020 13:21:11|28|pratiksha@forstarfoods.com|ManageGatePass.php
6 Jan 2020 13:22:13|28|pratiksha@forstarfoods.com|ManageGatePass.php
6 Jan 2020 13:22:33|20|shiji@forstarfoods.com|ProcessorsAccounts.php
6 Jan 2020 13:23:15|28|pratiksha@forstarfoods.com|ManageGatePass.php
6 Jan 2020 13:24:18|28|pratiksha@forstarfoods.com|ManageGatePass.php
6 Jan 2020 13:25:21|28|pratiksha@forstarfoods.com|ManageGatePass.php
6 Jan 2020 13:25:57|20|shiji@forstarfoods.com|ProcessorsAccounts.php
6 Jan 2020 13:26:22|28|pratiksha@forstarfoods.com|ManageGatePass.php
6 Jan 2020 13:27:24|28|pratiksha@forstarfoods.com|ManageGatePass.php
6 Jan 2020 13:28:26|28|pratiksha@forstarfoods.com|ManageGatePass.php
6 Jan 2020 13:29:29|28|pratiksha@forstarfoods.com|ManageGatePass.php
6 Jan 2020 13:30:34|28|pratiksha@forstarfoods.com|ManageGatePass.php
6 Jan 2020 13:31:38|28|pratiksha@forstarfoods.com|ManageGatePass.php
6 Jan 2020 13:32:40|28|pratiksha@forstarfoods.com|ManageGatePass.php
6 Jan 2020 13:33:46|28|pratiksha@forstarfoods.com|ManageGatePass.php
6 Jan 2020 13:34:50|28|pratiksha@forstarfoods.com|ManageGatePass.php
6 Jan 2020 13:35:52|28|pratiksha@forstarfoods.com|ManageGatePass.php
6 Jan 2020 13:36:54|28|pratiksha@forstarfoods.com|ManageGatePass.php
6 Jan 2020 13:37:59|28|pratiksha@forstarfoods.com|ManageGatePass.php
6 Jan 2020 13:39:01|28|pratiksha@forstarfoods.com|ManageGatePass.php
6 Jan 2020 13:40:03|28|pratiksha@forstarfoods.com|ManageGatePass.php
6 Jan 2020 13:41:05|28|pratiksha@forstarfoods.com|ManageGatePass.php
6 Jan 2020 13:42:07|28|pratiksha@forstarfoods.com|ManageGatePass.php
6 Jan 2020 13:43:09|28|pratiksha@forstarfoods.com|ManageGatePass.php
6 Jan 2020 13:44:11|28|pratiksha@forstarfoods.com|ManageGatePass.php
6 Jan 2020 13:45:12|28|pratiksha@forstarfoods.com|ManageGatePass.php
6 Jan 2020 13:46:15|28|pratiksha@forstarfoods.com|ManageGatePass.php
6 Jan 2020 13:47:17|28|pratiksha@forstarfoods.com|ManageGatePass.php
6 Jan 2020 13:48:20|28|pratiksha@forstarfoods.com|ManageGatePass.php
6 Jan 2020 13:49:24|28|pratiksha@forstarfoods.com|ManageGatePass.php
6 Jan 2020 13:50:25|28|pratiksha@forstarfoods.com|ManageGatePass.php
6 Jan 2020 13:51:28|28|pratiksha@forstarfoods.com|ManageGatePass.php
6 Jan 2020 13:52:30|28|pratiksha@forstarfoods.com|ManageGatePass.php
6 Jan 2020 13:53:33|28|pratiksha@forstarfoods.com|ManageGatePass.php
6 Jan 2020 13:54:34|28|pratiksha@forstarfoods.com|ManageGatePass.php
6 Jan 2020 13:55:36|28|pratiksha@forstarfoods.com|ManageGatePass.php
6 Jan 2020 13:56:38|28|pratiksha@forstarfoods.com|ManageGatePass.php
6 Jan 2020 13:57:40|28|pratiksha@forstarfoods.com|ManageGatePass.php
6 Jan 2020 13:58:42|28|pratiksha@forstarfoods.com|ManageGatePass.php
6 Jan 2020 13:59:43|28|pratiksha@forstarfoods.com|ManageGatePass.php
6 Jan 2020 14:00:46|28|pratiksha@forstarfoods.com|ManageGatePass.php
6 Jan 2020 14:01:51|28|pratiksha@forstarfoods.com|ManageGatePass.php
6 Jan 2020 14:02:57|28|pratiksha@forstarfoods.com|ManageGatePass.php
6 Jan 2020 14:04:00|28|pratiksha@forstarfoods.com|ManageGatePass.php
6 Jan 2020 14:05:08|28|pratiksha@forstarfoods.com|ManageGatePass.php
6 Jan 2020 14:06:12|28|pratiksha@forstarfoods.com|ManageGatePass.php
6 Jan 2020 14:07:13|28|pratiksha@forstarfoods.com|ManageGatePass.php
6 Jan 2020 14:08:15|28|pratiksha@forstarfoods.com|ManageGatePass.php
6 Jan 2020 14:09:19|28|pratiksha@forstarfoods.com|ManageGatePass.php
6 Jan 2020 14:10:27|28|pratiksha@forstarfoods.com|ManageGatePass.php
6 Jan 2020 14:11:31|28|pratiksha@forstarfoods.com|ManageGatePass.php
6 Jan 2020 14:12:33|28|pratiksha@forstarfoods.com|ManageGatePass.php
6 Jan 2020 14:13:35|28|pratiksha@forstarfoods.com|ManageGatePass.php
6 Jan 2020 14:14:37|28|pratiksha@forstarfoods.com|ManageGatePass.php
6 Jan 2020 14:15:38|28|pratiksha@forstarfoods.com|ManageGatePass.php
6 Jan 2020 14:16:40|28|pratiksha@forstarfoods.com|ManageGatePass.php
6 Jan 2020 14:17:42|28|pratiksha@forstarfoods.com|ManageGatePass.php
6 Jan 2020 14:18:44|28|pratiksha@forstarfoods.com|ManageGatePass.php
6 Jan 2020 14:19:45|28|pratiksha@forstarfoods.com|ManageGatePass.php
6 Jan 2020 14:20:48|28|pratiksha@forstarfoods.com|ManageGatePass.php
6 Jan 2020 14:21:50|28|pratiksha@forstarfoods.com|ManageGatePass.php
6 Jan 2020 14:22:11|30|pritirm@forstarfoods.com|DailyCatchSummary.php
6 Jan 2020 14:22:16|30|pritirm@forstarfoods.com|DailyCatchSummary.php
6 Jan 2020 14:22:27|30|pritirm@forstarfoods.com|DailyCatchSummary.php
6 Jan 2020 14:22:31|30|pritirm@forstarfoods.com|DailyCatchSummary.php
6 Jan 2020 14:22:37|30|pritirm@forstarfoods.com|DailyCatchSummary.php
6 Jan 2020 14:22:40|30|pritirm@forstarfoods.com|DailyCatchSummary.php
6 Jan 2020 14:22:46|30|pritirm@forstarfoods.com|DailyCatchSummary.php
6 Jan 2020 14:22:52|28|pratiksha@forstarfoods.com|ManageGatePass.php
6 Jan 2020 14:23:24|30|pritirm@forstarfoods.com|DailyCatchSummary.php
6 Jan 2020 14:23:53|28|pratiksha@forstarfoods.com|ManageGatePass.php
6 Jan 2020 14:24:55|28|pratiksha@forstarfoods.com|ManageGatePass.php
6 Jan 2020 14:25:59|28|pratiksha@forstarfoods.com|ManageGatePass.php
6 Jan 2020 14:27:01|28|pratiksha@forstarfoods.com|ManageGatePass.php
6 Jan 2020 14:28:04|28|pratiksha@forstarfoods.com|ManageGatePass.php
6 Jan 2020 14:29:06|28|pratiksha@forstarfoods.com|ManageGatePass.php
6 Jan 2020 14:30:07|28|pratiksha@forstarfoods.com|ManageGatePass.php
6 Jan 2020 14:31:08|28|pratiksha@forstarfoods.com|ManageGatePass.php
6 Jan 2020 14:32:09|28|pratiksha@forstarfoods.com|ManageGatePass.php
6 Jan 2020 14:33:11|28|pratiksha@forstarfoods.com|ManageGatePass.php
6 Jan 2020 14:34:14|28|pratiksha@forstarfoods.com|ManageGatePass.php
6 Jan 2020 14:35:17|28|pratiksha@forstarfoods.com|ManageGatePass.php
6 Jan 2020 14:36:21|28|pratiksha@forstarfoods.com|ManageGatePass.php
6 Jan 2020 14:37:24|28|pratiksha@forstarfoods.com|ManageGatePass.php
6 Jan 2020 14:38:26|28|pratiksha@forstarfoods.com|ManageGatePass.php
6 Jan 2020 14:39:28|28|pratiksha@forstarfoods.com|ManageGatePass.php
6 Jan 2020 14:40:30|28|pratiksha@forstarfoods.com|ManageGatePass.php
6 Jan 2020 14:40:58|30|pritirm@forstarfoods.com|DailyCatchSummary.php
6 Jan 2020 14:41:02|30|pritirm@forstarfoods.com|DailyCatchSummary.php
6 Jan 2020 14:41:32|28|pratiksha@forstarfoods.com|ManageGatePass.php
6 Jan 2020 14:42:34|28|pratiksha@forstarfoods.com|ManageGatePass.php
6 Jan 2020 14:43:37|28|pratiksha@forstarfoods.com|ManageGatePass.php
6 Jan 2020 14:44:39|28|pratiksha@forstarfoods.com|ManageGatePass.php
6 Jan 2020 14:45:42|28|pratiksha@forstarfoods.com|ManageGatePass.php
6 Jan 2020 14:46:44|28|pratiksha@forstarfoods.com|ManageGatePass.php
6 Jan 2020 14:47:46|28|pratiksha@forstarfoods.com|ManageGatePass.php
6 Jan 2020 14:48:20|28|pratiksha@forstarfoods.com|ManageGatePass.php
6 Jan 2020 14:48:31|28|pratiksha@forstarfoods.com|ManageGatePass.php
6 Jan 2020 14:48:35|28|pratiksha@forstarfoods.com|ManageGatePass.php
6 Jan 2020 14:49:12|28|pratiksha@forstarfoods.com|ManageGatePass.php
6 Jan 2020 14:49:15|28|pratiksha@forstarfoods.com|ManageGatePass.php
6 Jan 2020 14:49:19|28|pratiksha@forstarfoods.com|ManageGatePass.php
6 Jan 2020 14:49:23|28|pratiksha@forstarfoods.com|ManageGatePass.php
6 Jan 2020 14:49:35|28|pratiksha@forstarfoods.com|ManageGatePass.php
6 Jan 2020 14:49:45|28|pratiksha@forstarfoods.com|PrintGatePass.php
6 Jan 2020 14:50:37|28|pratiksha@forstarfoods.com|ManageGatePass.php
6 Jan 2020 14:51:39|28|pratiksha@forstarfoods.com|ManageGatePass.php
6 Jan 2020 14:52:40|28|pratiksha@forstarfoods.com|ManageGatePass.php
6 Jan 2020 14:53:41|28|pratiksha@forstarfoods.com|ManageGatePass.php
6 Jan 2020 14:54:43|28|pratiksha@forstarfoods.com|ManageGatePass.php
6 Jan 2020 14:55:44|28|pratiksha@forstarfoods.com|ManageGatePass.php
6 Jan 2020 14:56:46|28|pratiksha@forstarfoods.com|ManageGatePass.php
6 Jan 2020 14:57:47|28|pratiksha@forstarfoods.com|ManageGatePass.php
6 Jan 2020 14:58:48|28|pratiksha@forstarfoods.com|ManageGatePass.php
6 Jan 2020 14:59:50|28|pratiksha@forstarfoods.com|ManageGatePass.php
6 Jan 2020 15:00:51|28|pratiksha@forstarfoods.com|ManageGatePass.php
6 Jan 2020 15:00:56|30|pritirm@forstarfoods.com|DailyCatchSummary.php
6 Jan 2020 15:00:59|30|pritirm@forstarfoods.com|DailyCatchSummary.php
6 Jan 2020 15:01:52|28|pratiksha@forstarfoods.com|ManageGatePass.php
6 Jan 2020 15:01:56|30|pritirm@forstarfoods.com|DailyCatchSummary.php
6 Jan 2020 15:02:00|30|pritirm@forstarfoods.com|DailyCatchSummary.php
6 Jan 2020 15:02:54|28|pratiksha@forstarfoods.com|ManageGatePass.php
6 Jan 2020 15:03:55|28|pratiksha@forstarfoods.com|ManageGatePass.php
6 Jan 2020 15:04:56|28|pratiksha@forstarfoods.com|ManageGatePass.php
6 Jan 2020 15:05:58|28|pratiksha@forstarfoods.com|ManageGatePass.php
6 Jan 2020 15:06:59|28|pratiksha@forstarfoods.com|ManageGatePass.php
6 Jan 2020 15:08:00|28|pratiksha@forstarfoods.com|ManageGatePass.php
6 Jan 2020 15:09:02|28|pratiksha@forstarfoods.com|ManageGatePass.php
6 Jan 2020 15:10:03|28|pratiksha@forstarfoods.com|ManageGatePass.php
6 Jan 2020 15:11:05|28|pratiksha@forstarfoods.com|ManageGatePass.php
6 Jan 2020 15:12:06|28|pratiksha@forstarfoods.com|ManageGatePass.php
6 Jan 2020 15:13:07|28|pratiksha@forstarfoods.com|ManageGatePass.php
6 Jan 2020 15:14:09|28|pratiksha@forstarfoods.com|ManageGatePass.php
6 Jan 2020 15:15:10|28|pratiksha@forstarfoods.com|ManageGatePass.php
6 Jan 2020 15:16:11|28|pratiksha@forstarfoods.com|ManageGatePass.php
6 Jan 2020 15:17:13|28|pratiksha@forstarfoods.com|ManageGatePass.php
6 Jan 2020 15:18:14|28|pratiksha@forstarfoods.com|ManageGatePass.php
6 Jan 2020 15:19:16|28|pratiksha@forstarfoods.com|ManageGatePass.php
6 Jan 2020 15:20:17|28|pratiksha@forstarfoods.com|ManageGatePass.php
6 Jan 2020 15:21:18|28|pratiksha@forstarfoods.com|ManageGatePass.php
6 Jan 2020 15:22:20|28|pratiksha@forstarfoods.com|ManageGatePass.php
6 Jan 2020 15:23:21|28|pratiksha@forstarfoods.com|ManageGatePass.php
6 Jan 2020 15:24:22|28|pratiksha@forstarfoods.com|ManageGatePass.php
6 Jan 2020 15:25:24|28|pratiksha@forstarfoods.com|ManageGatePass.php
6 Jan 2020 15:26:25|28|pratiksha@forstarfoods.com|ManageGatePass.php
6 Jan 2020 15:27:27|28|pratiksha@forstarfoods.com|ManageGatePass.php
6 Jan 2020 15:28:28|28|pratiksha@forstarfoods.com|ManageGatePass.php
6 Jan 2020 15:29:29|28|pratiksha@forstarfoods.com|ManageGatePass.php
6 Jan 2020 15:30:31|28|pratiksha@forstarfoods.com|ManageGatePass.php
6 Jan 2020 15:31:32|28|pratiksha@forstarfoods.com|ManageGatePass.php
6 Jan 2020 15:32:34|28|pratiksha@forstarfoods.com|ManageGatePass.php
6 Jan 2020 15:33:35|28|pratiksha@forstarfoods.com|ManageGatePass.php
6 Jan 2020 15:34:36|28|pratiksha@forstarfoods.com|ManageGatePass.php
6 Jan 2020 15:35:38|28|pratiksha@forstarfoods.com|ManageGatePass.php
6 Jan 2020 15:36:39|28|pratiksha@forstarfoods.com|ManageGatePass.php
6 Jan 2020 15:37:40|28|pratiksha@forstarfoods.com|ManageGatePass.php
6 Jan 2020 15:38:42|28|pratiksha@forstarfoods.com|ManageGatePass.php
6 Jan 2020 15:39:44|28|pratiksha@forstarfoods.com|ManageGatePass.php
6 Jan 2020 15:40:48|28|pratiksha@forstarfoods.com|ManageGatePass.php
6 Jan 2020 15:41:49|28|pratiksha@forstarfoods.com|ManageGatePass.php
6 Jan 2020 15:42:51|28|pratiksha@forstarfoods.com|ManageGatePass.php
6 Jan 2020 15:43:53|28|pratiksha@forstarfoods.com|ManageGatePass.php
6 Jan 2020 15:44:56|28|pratiksha@forstarfoods.com|ManageGatePass.php
6 Jan 2020 15:45:58|28|pratiksha@forstarfoods.com|ManageGatePass.php
6 Jan 2020 15:46:59|28|pratiksha@forstarfoods.com|ManageGatePass.php
6 Jan 2020 15:48:01|28|pratiksha@forstarfoods.com|ManageGatePass.php
6 Jan 2020 15:49:03|28|pratiksha@forstarfoods.com|ManageGatePass.php
6 Jan 2020 15:50:06|28|pratiksha@forstarfoods.com|ManageGatePass.php
6 Jan 2020 15:51:08|28|pratiksha@forstarfoods.com|ManageGatePass.php
6 Jan 2020 15:52:10|28|pratiksha@forstarfoods.com|ManageGatePass.php
6 Jan 2020 15:53:12|28|pratiksha@forstarfoods.com|ManageGatePass.php
6 Jan 2020 15:54:14|28|pratiksha@forstarfoods.com|ManageGatePass.php
6 Jan 2020 15:55:15|28|pratiksha@forstarfoods.com|ManageGatePass.php
6 Jan 2020 15:56:17|28|pratiksha@forstarfoods.com|ManageGatePass.php
6 Jan 2020 15:57:19|28|pratiksha@forstarfoods.com|ManageGatePass.php
6 Jan 2020 15:58:22|28|pratiksha@forstarfoods.com|ManageGatePass.php
6 Jan 2020 15:59:24|28|pratiksha@forstarfoods.com|ManageGatePass.php
6 Jan 2020 16:00:26|28|pratiksha@forstarfoods.com|ManageGatePass.php
6 Jan 2020 16:01:28|28|pratiksha@forstarfoods.com|ManageGatePass.php
6 Jan 2020 16:02:30|28|pratiksha@forstarfoods.com|ManageGatePass.php
6 Jan 2020 16:03:31|28|pratiksha@forstarfoods.com|ManageGatePass.php
6 Jan 2020 16:04:33|28|pratiksha@forstarfoods.com|ManageGatePass.php
6 Jan 2020 16:05:36|28|pratiksha@forstarfoods.com|ManageGatePass.php
6 Jan 2020 16:06:39|28|pratiksha@forstarfoods.com|ManageGatePass.php
6 Jan 2020 16:07:41|28|pratiksha@forstarfoods.com|ManageGatePass.php
6 Jan 2020 16:08:43|28|pratiksha@forstarfoods.com|ManageGatePass.php
6 Jan 2020 16:09:45|28|pratiksha@forstarfoods.com|ManageGatePass.php
6 Jan 2020 16:10:47|28|pratiksha@forstarfoods.com|ManageGatePass.php
6 Jan 2020 16:11:49|28|pratiksha@forstarfoods.com|ManageGatePass.php
6 Jan 2020 16:12:50|28|pratiksha@forstarfoods.com|ManageGatePass.php
6 Jan 2020 16:13:54|28|pratiksha@forstarfoods.com|ManageGatePass.php
6 Jan 2020 16:14:56|28|pratiksha@forstarfoods.com|ManageGatePass.php
6 Jan 2020 16:15:58|28|pratiksha@forstarfoods.com|ManageGatePass.php
6 Jan 2020 16:17:00|28|pratiksha@forstarfoods.com|ManageGatePass.php
6 Jan 2020 16:18:01|28|pratiksha@forstarfoods.com|ManageGatePass.php
6 Jan 2020 16:19:03|28|pratiksha@forstarfoods.com|ManageGatePass.php
6 Jan 2020 16:20:06|28|pratiksha@forstarfoods.com|ManageGatePass.php
6 Jan 2020 16:21:09|28|pratiksha@forstarfoods.com|ManageGatePass.php
6 Jan 2020 16:22:10|28|pratiksha@forstarfoods.com|ManageGatePass.php
6 Jan 2020 16:23:12|28|pratiksha@forstarfoods.com|ManageGatePass.php
6 Jan 2020 16:24:14|28|pratiksha@forstarfoods.com|ManageGatePass.php
6 Jan 2020 16:25:16|28|pratiksha@forstarfoods.com|ManageGatePass.php
6 Jan 2020 16:26:18|28|pratiksha@forstarfoods.com|ManageGatePass.php
6 Jan 2020 16:27:20|28|pratiksha@forstarfoods.com|ManageGatePass.php
6 Jan 2020 16:28:23|28|pratiksha@forstarfoods.com|ManageGatePass.php
6 Jan 2020 16:29:25|28|pratiksha@forstarfoods.com|ManageGatePass.php
6 Jan 2020 16:30:11|20|shiji@forstarfoods.com|ProcessorsAccounts.php
6 Jan 2020 16:30:19|20|shiji@forstarfoods.com|ProcessorsAccounts.php
6 Jan 2020 16:30:27|28|pratiksha@forstarfoods.com|ManageGatePass.php
6 Jan 2020 16:30:34|20|shiji@forstarfoods.com|ProcessorsAccounts.php
6 Jan 2020 16:30:40|20|shiji@forstarfoods.com|DailyCatchSummary.php
6 Jan 2020 16:30:46|20|shiji@forstarfoods.com|DailyCatchSummary.php
6 Jan 2020 16:31:00|20|shiji@forstarfoods.com|DailyCatchSummary.php
6 Jan 2020 16:31:04|20|shiji@forstarfoods.com|DailyCatchSummary.php
6 Jan 2020 16:31:09|20|shiji@forstarfoods.com|DailyCatchSummary.php
6 Jan 2020 16:31:21|20|shiji@forstarfoods.com|DailyCatchSummary.php
6 Jan 2020 16:31:27|20|shiji@forstarfoods.com|DailyCatchSummary.php
6 Jan 2020 16:31:29|28|pratiksha@forstarfoods.com|ManageGatePass.php
6 Jan 2020 16:31:53|20|shiji@forstarfoods.com|DailyCatchSummary.php
6 Jan 2020 16:31:58|20|shiji@forstarfoods.com|DailyCatchSummary.php
6 Jan 2020 16:32:03|20|shiji@forstarfoods.com|DailyCatchSummary.php
6 Jan 2020 16:32:08|20|shiji@forstarfoods.com|DailyCatchSummary.php
6 Jan 2020 16:32:13|20|shiji@forstarfoods.com|DailyCatchSummary.php
6 Jan 2020 16:32:31|28|pratiksha@forstarfoods.com|ManageGatePass.php
6 Jan 2020 16:33:33|28|pratiksha@forstarfoods.com|ManageGatePass.php
6 Jan 2020 16:34:36|28|pratiksha@forstarfoods.com|ManageGatePass.php
6 Jan 2020 16:35:38|28|pratiksha@forstarfoods.com|ManageGatePass.php
6 Jan 2020 16:36:39|28|pratiksha@forstarfoods.com|ManageGatePass.php
6 Jan 2020 16:37:41|28|pratiksha@forstarfoods.com|ManageGatePass.php
6 Jan 2020 16:38:23|20|shiji@forstarfoods.com|DailyCatchSummary.php
6 Jan 2020 16:38:43|28|pratiksha@forstarfoods.com|ManageGatePass.php
6 Jan 2020 16:39:11|20|shiji@forstarfoods.com|DailyCatchSummary.php
6 Jan 2020 16:39:14|20|shiji@forstarfoods.com|DailyCatchSummary.php
6 Jan 2020 16:39:18|20|shiji@forstarfoods.com|DailyCatchSummary.php
6 Jan 2020 16:39:25|20|shiji@forstarfoods.com|DailyCatchSummary.php
6 Jan 2020 16:39:30|20|shiji@forstarfoods.com|DailyCatchSummary.php
6 Jan 2020 16:39:40|20|shiji@forstarfoods.com|DailyCatchSummary.php
6 Jan 2020 16:39:44|20|shiji@forstarfoods.com|DailyCatchSummary.php
6 Jan 2020 16:39:45|28|pratiksha@forstarfoods.com|ManageGatePass.php
6 Jan 2020 16:40:06|20|shiji@forstarfoods.com|DailyCatchSummary.php
6 Jan 2020 16:40:46|28|pratiksha@forstarfoods.com|ManageGatePass.php
6 Jan 2020 16:41:00|20|shiji@forstarfoods.com|DailyCatchSummary.php
6 Jan 2020 16:41:08|20|shiji@forstarfoods.com|DailyCatchSummary.php
6 Jan 2020 16:41:13|20|shiji@forstarfoods.com|DailyCatchSummary.php
6 Jan 2020 16:41:17|20|shiji@forstarfoods.com|DailyCatchSummary.php
6 Jan 2020 16:41:21|20|shiji@forstarfoods.com|DailyCatchSummary.php
6 Jan 2020 16:41:39|20|shiji@forstarfoods.com|DailyCatchSummary.php
6 Jan 2020 16:41:48|28|pratiksha@forstarfoods.com|ManageGatePass.php
6 Jan 2020 16:41:55|20|shiji@forstarfoods.com|DailyCatchSummary.php
6 Jan 2020 16:41:58|20|shiji@forstarfoods.com|DailyCatchSummary.php
6 Jan 2020 16:42:19|20|shiji@forstarfoods.com|DailyCatchSummary.php
6 Jan 2020 16:42:23|20|shiji@forstarfoods.com|DailyCatchSummary.php
6 Jan 2020 16:42:48|20|shiji@forstarfoods.com|DailyCatchSummary.php
6 Jan 2020 16:42:51|28|pratiksha@forstarfoods.com|ManageGatePass.php
6 Jan 2020 16:43:00|20|shiji@forstarfoods.com|DailyCatchSummary.php
6 Jan 2020 16:43:34|20|shiji@forstarfoods.com|DailyCatchSummary.php
6 Jan 2020 16:43:40|20|shiji@forstarfoods.com|DailyCatchSummary.php
6 Jan 2020 16:43:42|20|shiji@forstarfoods.com|DailyCatchSummary.php
6 Jan 2020 16:43:54|28|pratiksha@forstarfoods.com|ManageGatePass.php
6 Jan 2020 16:44:04|20|shiji@forstarfoods.com|DailyCatchSummary.php
6 Jan 2020 16:44:07|20|shiji@forstarfoods.com|DailyCatchSummary.php
6 Jan 2020 16:44:50|28|pratiksha@forstarfoods.com|ManageGatePass.php
6 Jan 2020 16:44:51|20|shiji@forstarfoods.com|DailyCatchSummary.php
6 Jan 2020 16:44:55|28|pratiksha@forstarfoods.com|ManageGatePass.php
6 Jan 2020 16:44:58|28|pratiksha@forstarfoods.com|ManageGatePass.php
6 Jan 2020 16:46:08|28|pratiksha@forstarfoods.com|ManageGatePass.php
6 Jan 2020 16:46:10|28|pratiksha@forstarfoods.com|ManageGatePass.php
6 Jan 2020 16:46:13|28|pratiksha@forstarfoods.com|ManageGatePass.php
6 Jan 2020 16:46:18|28|pratiksha@forstarfoods.com|ManageGatePass.php
6 Jan 2020 16:46:25|28|pratiksha@forstarfoods.com|ManageGatePass.php
6 Jan 2020 16:46:28|28|pratiksha@forstarfoods.com|PrintGatePass.php
6 Jan 2020 16:47:26|28|pratiksha@forstarfoods.com|ManageGatePass.php
6 Jan 2020 16:48:27|28|pratiksha@forstarfoods.com|ManageGatePass.php
6 Jan 2020 16:49:30|28|pratiksha@forstarfoods.com|ManageGatePass.php
6 Jan 2020 16:50:22|20|shiji@forstarfoods.com|DailyCatchSummary.php
6 Jan 2020 16:50:24|20|shiji@forstarfoods.com|DailyCatchSummary.php
6 Jan 2020 16:50:32|28|pratiksha@forstarfoods.com|ManageGatePass.php
6 Jan 2020 16:50:42|20|shiji@forstarfoods.com|DailyCatchSummary.php
6 Jan 2020 16:50:45|20|shiji@forstarfoods.com|DailyCatchSummary.php
6 Jan 2020 16:51:35|28|pratiksha@forstarfoods.com|ManageGatePass.php
6 Jan 2020 16:52:38|28|pratiksha@forstarfoods.com|ManageGatePass.php
6 Jan 2020 16:53:08|20|shiji@forstarfoods.com|DailyCatchSummary.php
6 Jan 2020 16:53:11|20|shiji@forstarfoods.com|DailyCatchSummary.php
6 Jan 2020 16:53:40|28|pratiksha@forstarfoods.com|ManageGatePass.php
6 Jan 2020 16:54:42|28|pratiksha@forstarfoods.com|ManageGatePass.php
6 Jan 2020 16:55:43|28|pratiksha@forstarfoods.com|ManageGatePass.php
6 Jan 2020 16:56:45|28|pratiksha@forstarfoods.com|ManageGatePass.php
6 Jan 2020 16:57:47|28|pratiksha@forstarfoods.com|ManageGatePass.php
6 Jan 2020 16:58:49|28|pratiksha@forstarfoods.com|ManageGatePass.php
6 Jan 2020 16:59:52|28|pratiksha@forstarfoods.com|ManageGatePass.php