
22 Nov 2021 16:14:43|20|shiji@forstarfoods.com|DailyCatchReport.php
22 Nov 2021 16:15:32|20|shiji@forstarfoods.com|DailyCatchReport.php
22 Nov 2021 16:15:32|20|shiji@forstarfoods.com|DailyCatchReport.php
22 Nov 2021 16:15:33|20|shiji@forstarfoods.com|DailyCatchReport.php
22 Nov 2021 16:15:34|20|shiji@forstarfoods.com|DailyCatchReport.php
22 Nov 2021 16:15:37|20|shiji@forstarfoods.com|DailyCatchReport.php
22 Nov 2021 16:15:38|20|shiji@forstarfoods.com|DailyCatchReport.php
22 Nov 2021 16:15:38|20|shiji@forstarfoods.com|DailyCatchReport.php
22 Nov 2021 16:15:40|20|shiji@forstarfoods.com|PrintDailyCatchReportMemo.php
22 Nov 2021 16:15:55|20|shiji@forstarfoods.com|PrintDailyCatchReportMemo.php
22 Nov 2021 16:16:23|20|shiji@forstarfoods.com|DailyCatchReport.php
22 Nov 2021 16:16:24|20|shiji@forstarfoods.com|DailyCatchReport.php
22 Nov 2021 16:16:25|20|shiji@forstarfoods.com|DailyCatchReport.php
22 Nov 2021 16:16:30|20|shiji@forstarfoods.com|DailyCatchReport.php
22 Nov 2021 16:16:31|20|shiji@forstarfoods.com|DailyCatchReport.php
22 Nov 2021 16:16:32|20|shiji@forstarfoods.com|DailyCatchReport.php
22 Nov 2021 16:16:32|20|shiji@forstarfoods.com|DailyCatchReport.php
22 Nov 2021 16:16:34|20|shiji@forstarfoods.com|DailyCatchReport.php
22 Nov 2021 16:16:35|20|shiji@forstarfoods.com|DailyCatchReport.php
22 Nov 2021 16:16:35|20|shiji@forstarfoods.com|DailyCatchReport.php
22 Nov 2021 16:16:37|20|shiji@forstarfoods.com|PrintDailyCatchReportMemo.php
22 Nov 2021 16:17:13|20|shiji@forstarfoods.com|PrintDailyCatchReportMemo.php
22 Nov 2021 16:17:44|20|shiji@forstarfoods.com|DailyCatchReport.php
22 Nov 2021 16:17:45|20|shiji@forstarfoods.com|DailyCatchReport.php
22 Nov 2021 16:17:46|20|shiji@forstarfoods.com|DailyCatchReport.php
22 Nov 2021 16:18:17|20|shiji@forstarfoods.com|DailyCatchReport.php
22 Nov 2021 16:18:18|20|shiji@forstarfoods.com|DailyCatchReport.php
22 Nov 2021 16:18:23|20|shiji@forstarfoods.com|DailyCatchReport.php
22 Nov 2021 16:18:25|20|shiji@forstarfoods.com|DailyCatchReport.php
22 Nov 2021 16:18:25|20|shiji@forstarfoods.com|DailyCatchReport.php
22 Nov 2021 16:18:27|20|shiji@forstarfoods.com|PrintDailyCatchReportMemo.php
22 Nov 2021 16:18:52|20|shiji@forstarfoods.com|PrintDailyCatchReportMemo.php
22 Nov 2021 16:20:06|20|shiji@forstarfoods.com|DailyCatchReport.php
22 Nov 2021 16:20:07|20|shiji@forstarfoods.com|DailyCatchReport.php
22 Nov 2021 16:20:07|20|shiji@forstarfoods.com|DailyCatchReport.php
22 Nov 2021 16:20:18|20|shiji@forstarfoods.com|DailyCatchReport.php
22 Nov 2021 16:20:19|20|shiji@forstarfoods.com|DailyCatchReport.php
22 Nov 2021 16:20:20|20|shiji@forstarfoods.com|DailyCatchReport.php
22 Nov 2021 16:20:20|20|shiji@forstarfoods.com|DailyCatchReport.php
22 Nov 2021 16:20:22|20|shiji@forstarfoods.com|DailyCatchReport.php
22 Nov 2021 16:20:23|20|shiji@forstarfoods.com|DailyCatchReport.php
22 Nov 2021 16:20:24|20|shiji@forstarfoods.com|DailyCatchReport.php
22 Nov 2021 16:20:27|20|shiji@forstarfoods.com|PrintDailyCatchReportMemo.php
22 Nov 2021 16:21:48|20|shiji@forstarfoods.com|PrintDailyCatchReportMemo.php
22 Nov 2021 16:22:18|20|shiji@forstarfoods.com|DailyCatchReport.php
22 Nov 2021 16:22:20|20|shiji@forstarfoods.com|DailyCatchReport.php
22 Nov 2021 16:22:20|20|shiji@forstarfoods.com|DailyCatchReport.php
22 Nov 2021 16:23:28|20|shiji@forstarfoods.com|DailyCatchReport.php
22 Nov 2021 16:23:29|20|shiji@forstarfoods.com|DailyCatchReport.php
22 Nov 2021 16:23:30|20|shiji@forstarfoods.com|DailyCatchReport.php
22 Nov 2021 16:23:31|20|shiji@forstarfoods.com|DailyCatchReport.php
22 Nov 2021 16:23:33|20|shiji@forstarfoods.com|DailyCatchReport.php
22 Nov 2021 16:23:35|20|shiji@forstarfoods.com|DailyCatchReport.php
22 Nov 2021 16:23:35|20|shiji@forstarfoods.com|DailyCatchReport.php
22 Nov 2021 16:23:47|20|shiji@forstarfoods.com|PrintDailyCatchReportMemo.php
22 Nov 2021 16:24:19|20|shiji@forstarfoods.com|DailyCatchEntry_New.php
22 Nov 2021 16:24:23|20|shiji@forstarfoods.com|DailyCatchEntry_New.php
22 Nov 2021 16:24:23|20|shiji@forstarfoods.com|DailyCatchEntry_New.php
22 Nov 2021 16:24:23|20|shiji@forstarfoods.com|DailyCatchEntry_New.php
22 Nov 2021 16:24:25|20|shiji@forstarfoods.com|DailyCatchEntry_New.php
22 Nov 2021 16:24:26|20|shiji@forstarfoods.com|DailyCatchEntry_New.php
22 Nov 2021 16:24:26|20|shiji@forstarfoods.com|DailyCatchEntry_New.php
22 Nov 2021 16:24:35|20|shiji@forstarfoods.com|DailyCatchEntry_New.php
22 Nov 2021 16:24:38|20|shiji@forstarfoods.com|DailyCatchEntry_New.php
22 Nov 2021 16:24:39|20|shiji@forstarfoods.com|DailyCatchEntry_New.php
22 Nov 2021 16:24:39|20|shiji@forstarfoods.com|CatchEntryDeclaredItem.php
22 Nov 2021 16:24:39|20|shiji@forstarfoods.com|DailyCatchEntry_New.php
22 Nov 2021 16:24:40|20|shiji@forstarfoods.com|CatchEntryDeclaredItem.php
22 Nov 2021 16:25:34|20|shiji@forstarfoods.com|DailyCatchEntry_New.php
22 Nov 2021 16:25:36|20|shiji@forstarfoods.com|DailyCatchEntry_New.php
22 Nov 2021 16:25:37|20|shiji@forstarfoods.com|CatchEntryDeclaredItem.php
22 Nov 2021 16:26:57|20|shiji@forstarfoods.com|DailyCatchEntry_New.php
22 Nov 2021 16:26:59|20|shiji@forstarfoods.com|DailyCatchEntry_New.php
22 Nov 2021 16:27:08|20|shiji@forstarfoods.com|DailyCatchEntry_New.php
22 Nov 2021 16:27:10|20|shiji@forstarfoods.com|DailyCatchEntry_New.php
22 Nov 2021 16:27:11|20|shiji@forstarfoods.com|DailyCatchEntry_New.php
22 Nov 2021 16:27:52|20|shiji@forstarfoods.com|DailyCatchEntry_New.php
22 Nov 2021 16:27:56|20|shiji@forstarfoods.com|DailyCatchEntry_New.php
22 Nov 2021 16:27:56|20|shiji@forstarfoods.com|DailyCatchEntry_New.php
22 Nov 2021 16:27:57|20|shiji@forstarfoods.com|CatchEntryDeclaredItem.php
22 Nov 2021 16:27:57|20|shiji@forstarfoods.com|DailyCatchEntry_New.php
22 Nov 2021 16:27:58|20|shiji@forstarfoods.com|CatchEntryDeclaredItem.php
22 Nov 2021 16:28:28|20|shiji@forstarfoods.com|DailyCatchEntry_New.php
22 Nov 2021 16:28:31|20|shiji@forstarfoods.com|DailyCatchEntry_New.php
22 Nov 2021 16:28:32|20|shiji@forstarfoods.com|CatchEntryDeclaredItem.php
22 Nov 2021 16:28:45|20|shiji@forstarfoods.com|DailyCatchEntry_New.php
22 Nov 2021 16:28:49|20|shiji@forstarfoods.com|DailyCatchEntry_New.php
22 Nov 2021 16:29:07|20|shiji@forstarfoods.com|DailyCatchEntry_New.php
22 Nov 2021 16:29:09|20|shiji@forstarfoods.com|DailyCatchEntry_New.php
22 Nov 2021 16:29:10|20|shiji@forstarfoods.com|CatchEntryDeclaredItem.php
22 Nov 2021 16:29:19|20|shiji@forstarfoods.com|DailyCatchEntry_New.php
22 Nov 2021 16:29:20|20|shiji@forstarfoods.com|DailyCatchEntry_New.php
22 Nov 2021 16:29:27|20|shiji@forstarfoods.com|DailyCatchEntry_New.php
22 Nov 2021 16:29:29|20|shiji@forstarfoods.com|DailyCatchEntry_New.php
22 Nov 2021 16:29:30|20|shiji@forstarfoods.com|DailyCatchEntry_New.php
22 Nov 2021 16:32:24|20|shiji@forstarfoods.com|DailyCatchEntry_New.php
22 Nov 2021 16:32:28|20|shiji@forstarfoods.com|DailyCatchEntry_New.php
22 Nov 2021 16:32:28|20|shiji@forstarfoods.com|DailyCatchEntry_New.php
22 Nov 2021 16:32:28|20|shiji@forstarfoods.com|CatchEntryDeclaredItem.php
22 Nov 2021 16:32:29|20|shiji@forstarfoods.com|CatchEntryDeclaredItem.php
22 Nov 2021 16:32:29|20|shiji@forstarfoods.com|DailyCatchEntry_New.php
22 Nov 2021 16:32:31|20|shiji@forstarfoods.com|DailyCatchEntry_New.php
22 Nov 2021 16:32:33|20|shiji@forstarfoods.com|DailyCatchEntry_New.php
22 Nov 2021 16:32:36|20|shiji@forstarfoods.com|DailyCatchEntry_New.php
22 Nov 2021 16:32:43|20|shiji@forstarfoods.com|DailyCatchEntry_New.php
22 Nov 2021 16:32:45|20|shiji@forstarfoods.com|DailyCatchEntry_New.php
22 Nov 2021 16:37:41|20|shiji@forstarfoods.com|DailyCatchEntry_New.php
22 Nov 2021 16:37:42|20|shiji@forstarfoods.com|DailyCatchEntry_New.php
22 Nov 2021 16:37:42|20|shiji@forstarfoods.com|DailyCatchEntry_New.php
22 Nov 2021 16:37:45|20|shiji@forstarfoods.com|DailyCatchEntry_New.php
22 Nov 2021 16:37:49|20|shiji@forstarfoods.com|DailyCatchEntry_New.php
22 Nov 2021 16:37:49|20|shiji@forstarfoods.com|DailyCatchEntry_New.php
22 Nov 2021 16:37:50|20|shiji@forstarfoods.com|CatchEntryDeclaredItem.php
22 Nov 2021 16:37:50|20|shiji@forstarfoods.com|DailyCatchEntry_New.php
22 Nov 2021 16:37:50|20|shiji@forstarfoods.com|CatchEntryDeclaredItem.php
22 Nov 2021 16:38:09|20|shiji@forstarfoods.com|DailyCatchEntry_New.php
22 Nov 2021 16:38:11|20|shiji@forstarfoods.com|DailyCatchEntry_New.php
22 Nov 2021 16:38:12|20|shiji@forstarfoods.com|CatchEntryDeclaredItem.php
22 Nov 2021 16:38:26|20|shiji@forstarfoods.com|DailyCatchEntry_New.php
22 Nov 2021 16:38:28|20|shiji@forstarfoods.com|DailyCatchEntry_New.php
22 Nov 2021 16:38:40|20|shiji@forstarfoods.com|DailyCatchEntry_New.php
22 Nov 2021 16:38:41|20|shiji@forstarfoods.com|DailyCatchEntry_New.php
22 Nov 2021 16:38:43|20|shiji@forstarfoods.com|DailyCatchEntry_New.php
22 Nov 2021 16:43:45|20|shiji@forstarfoods.com|DailyCatchReport.php
22 Nov 2021 16:43:54|20|shiji@forstarfoods.com|DailyCatchReport.php
22 Nov 2021 16:43:57|20|shiji@forstarfoods.com|DailyCatchReport.php
22 Nov 2021 16:43:58|20|shiji@forstarfoods.com|DailyCatchReport.php
22 Nov 2021 16:43:58|20|shiji@forstarfoods.com|DailyCatchReport.php
22 Nov 2021 16:44:01|20|shiji@forstarfoods.com|PrintDailyCatchReportMemo.php
22 Nov 2021 16:44:48|20|shiji@forstarfoods.com|PrintDailyCatchReportMemo.php
22 Nov 2021 16:46:48|20|shiji@forstarfoods.com|PrintDailyCatchReportMemo.php
22 Nov 2021 16:48:45|20|shiji@forstarfoods.com|DailyCatchReport.php
22 Nov 2021 16:48:46|20|shiji@forstarfoods.com|DailyCatchReport.php
22 Nov 2021 16:48:46|20|shiji@forstarfoods.com|DailyCatchReport.php
22 Nov 2021 16:48:52|20|shiji@forstarfoods.com|DailyCatchReport.php
22 Nov 2021 16:48:53|20|shiji@forstarfoods.com|DailyCatchReport.php
22 Nov 2021 16:48:54|20|shiji@forstarfoods.com|DailyCatchReport.php
22 Nov 2021 16:48:55|20|shiji@forstarfoods.com|DailyCatchReport.php
22 Nov 2021 16:49:03|20|shiji@forstarfoods.com|PrintDailyCatchReportMemo.php
22 Nov 2021 17:01:23|20|shiji@forstarfoods.com|DailyCatchReport.php
22 Nov 2021 17:01:24|20|shiji@forstarfoods.com|DailyCatchReport.php
22 Nov 2021 17:01:26|20|shiji@forstarfoods.com|DailyCatchReport.php
22 Nov 2021 17:01:26|20|shiji@forstarfoods.com|DailyCatchReport.php
22 Nov 2021 17:01:29|20|shiji@forstarfoods.com|DailyCatchReport.php
22 Nov 2021 17:01:31|20|shiji@forstarfoods.com|DailyCatchReport.php
22 Nov 2021 17:01:31|20|shiji@forstarfoods.com|DailyCatchReport.php
22 Nov 2021 17:01:33|20|shiji@forstarfoods.com|PrintDailyCatchReportMemo.php
22 Nov 2021 17:02:33|20|shiji@forstarfoods.com|DailyCatchEntry_New.php
22 Nov 2021 17:02:36|20|shiji@forstarfoods.com|DailyCatchEntry_New.php
22 Nov 2021 17:02:36|20|shiji@forstarfoods.com|DailyCatchEntry_New.php
22 Nov 2021 17:02:36|20|shiji@forstarfoods.com|DailyCatchEntry_New.php
22 Nov 2021 17:02:40|20|shiji@forstarfoods.com|DailyCatchEntry_New.php
22 Nov 2021 17:02:40|20|shiji@forstarfoods.com|DailyCatchEntry_New.php
22 Nov 2021 17:02:41|20|shiji@forstarfoods.com|DailyCatchEntry_New.php
22 Nov 2021 17:02:56|20|shiji@forstarfoods.com|DailyCatchEntry_New.php
22 Nov 2021 17:03:08|20|shiji@forstarfoods.com|DailyCatchEntry_New.php
22 Nov 2021 17:03:11|20|shiji@forstarfoods.com|DailyCatchEntry_New.php
22 Nov 2021 17:03:12|20|shiji@forstarfoods.com|DailyCatchEntry_New.php
22 Nov 2021 17:03:12|20|shiji@forstarfoods.com|CatchEntryDeclaredItem.php
22 Nov 2021 17:03:12|20|shiji@forstarfoods.com|DailyCatchEntry_New.php
22 Nov 2021 17:03:13|20|shiji@forstarfoods.com|CatchEntryDeclaredItem.php
22 Nov 2021 17:08:11|20|shiji@forstarfoods.com|DailyCatchEntry_New.php
22 Nov 2021 17:10:36|20|shiji@forstarfoods.com|DailyCatchEntry_New.php
22 Nov 2021 17:10:37|20|shiji@forstarfoods.com|DailyCatchEntry_New.php
22 Nov 2021 17:10:39|20|shiji@forstarfoods.com|DailyCatchEntry_New.php
22 Nov 2021 17:10:47|20|shiji@forstarfoods.com|DailyCatchReport.php
22 Nov 2021 17:10:54|20|shiji@forstarfoods.com|DailyCatchReport.php
22 Nov 2021 17:10:57|20|shiji@forstarfoods.com|DailyCatchReport.php
22 Nov 2021 17:10:58|20|shiji@forstarfoods.com|DailyCatchReport.php
22 Nov 2021 17:10:59|20|shiji@forstarfoods.com|DailyCatchReport.php
22 Nov 2021 17:10:59|20|shiji@forstarfoods.com|DailyCatchReport.php
22 Nov 2021 17:11:04|20|shiji@forstarfoods.com|DailyCatchReport.php
22 Nov 2021 17:11:08|20|shiji@forstarfoods.com|DailyCatchReport.php
22 Nov 2021 17:11:09|20|shiji@forstarfoods.com|DailyCatchReport.php
22 Nov 2021 17:11:10|20|shiji@forstarfoods.com|DailyCatchReport.php
22 Nov 2021 17:11:11|20|shiji@forstarfoods.com|DailyCatchReport.php
22 Nov 2021 17:13:54|20|shiji@forstarfoods.com|PrintDailyCatchReportMemo.php
22 Nov 2021 17:14:10|20|shiji@forstarfoods.com|DailyCatchReport.php
22 Nov 2021 17:14:11|20|shiji@forstarfoods.com|DailyCatchReport.php
22 Nov 2021 17:18:11|20|shiji@forstarfoods.com|DailyCatchReport.php
22 Nov 2021 17:18:12|20|shiji@forstarfoods.com|DailyCatchReport.php
22 Nov 2021 17:18:12|20|shiji@forstarfoods.com|DailyCatchReport.php
22 Nov 2021 17:18:15|20|shiji@forstarfoods.com|PrintDailyCatchReportMemo.php
22 Nov 2021 17:19:08|20|shiji@forstarfoods.com|PrintDailyCatchReportMemo.php
22 Nov 2021 17:20:08|20|shiji@forstarfoods.com|DailyCatchReport.php
22 Nov 2021 17:20:09|20|shiji@forstarfoods.com|DailyCatchReport.php
22 Nov 2021 17:20:10|20|shiji@forstarfoods.com|DailyCatchReport.php
22 Nov 2021 17:20:17|20|shiji@forstarfoods.com|DailyCatchReport.php
22 Nov 2021 17:20:18|20|shiji@forstarfoods.com|DailyCatchReport.php
22 Nov 2021 17:20:19|20|shiji@forstarfoods.com|DailyCatchReport.php
22 Nov 2021 17:20:19|20|shiji@forstarfoods.com|DailyCatchReport.php
22 Nov 2021 17:20:23|20|shiji@forstarfoods.com|PrintDailyCatchReportMemo.php
22 Nov 2021 17:20:40|20|shiji@forstarfoods.com|PrintDailyCatchReportMemo.php
22 Nov 2021 17:21:08|20|shiji@forstarfoods.com|DailyCatchReport.php
22 Nov 2021 17:21:10|20|shiji@forstarfoods.com|DailyCatchReport.php
22 Nov 2021 17:21:10|20|shiji@forstarfoods.com|DailyCatchReport.php
22 Nov 2021 17:21:16|20|shiji@forstarfoods.com|DailyCatchReport.php
22 Nov 2021 17:21:17|20|shiji@forstarfoods.com|DailyCatchReport.php
22 Nov 2021 17:21:19|20|shiji@forstarfoods.com|DailyCatchReport.php
22 Nov 2021 17:21:19|20|shiji@forstarfoods.com|DailyCatchReport.php
22 Nov 2021 17:21:23|20|shiji@forstarfoods.com|PrintDailyCatchReportMemo.php
22 Nov 2021 17:21:40|20|shiji@forstarfoods.com|PrintDailyCatchReportMemo.php
22 Nov 2021 17:22:12|20|shiji@forstarfoods.com|DailyCatchReport.php
22 Nov 2021 17:22:14|20|shiji@forstarfoods.com|DailyCatchReport.php
22 Nov 2021 17:22:14|20|shiji@forstarfoods.com|DailyCatchReport.php
22 Nov 2021 17:22:30|20|shiji@forstarfoods.com|DailyCatchReport.php
22 Nov 2021 17:22:31|20|shiji@forstarfoods.com|DailyCatchReport.php
22 Nov 2021 17:22:33|20|shiji@forstarfoods.com|DailyCatchReport.php
22 Nov 2021 17:22:33|20|shiji@forstarfoods.com|DailyCatchReport.php
22 Nov 2021 17:22:35|20|shiji@forstarfoods.com|PrintDailyCatchReportMemo.php
22 Nov 2021 17:22:46|20|shiji@forstarfoods.com|DailyCatchEntry_New.php
22 Nov 2021 17:22:51|20|shiji@forstarfoods.com|DailyCatchEntry_New.php
22 Nov 2021 17:22:51|20|shiji@forstarfoods.com|DailyCatchEntry_New.php
22 Nov 2021 17:22:51|20|shiji@forstarfoods.com|DailyCatchEntry_New.php
22 Nov 2021 17:22:53|20|shiji@forstarfoods.com|DailyCatchEntry_New.php
22 Nov 2021 17:22:54|20|shiji@forstarfoods.com|DailyCatchEntry_New.php
22 Nov 2021 17:22:54|20|shiji@forstarfoods.com|DailyCatchEntry_New.php
22 Nov 2021 17:22:57|20|shiji@forstarfoods.com|DailyCatchEntry_New.php
22 Nov 2021 17:23:01|20|shiji@forstarfoods.com|DailyCatchEntry_New.php
22 Nov 2021 17:23:01|20|shiji@forstarfoods.com|DailyCatchEntry_New.php
22 Nov 2021 17:23:01|20|shiji@forstarfoods.com|CatchEntryDeclaredItem.php
22 Nov 2021 17:23:02|20|shiji@forstarfoods.com|DailyCatchEntry_New.php
22 Nov 2021 17:23:02|20|shiji@forstarfoods.com|CatchEntryDeclaredItem.php
22 Nov 2021 17:23:04|20|shiji@forstarfoods.com|DailyCatchEntry_New.php
22 Nov 2021 17:23:05|20|shiji@forstarfoods.com|DailyCatchEntry_New.php
22 Nov 2021 17:23:07|20|shiji@forstarfoods.com|DailyCatchEntry_New.php
22 Nov 2021 17:23:09|20|shiji@forstarfoods.com|DailyCatchEntry_New.php
22 Nov 2021 17:23:10|20|shiji@forstarfoods.com|DailyCatchEntry_New.php
22 Nov 2021 17:23:13|20|shiji@forstarfoods.com|DailyCatchReport.php
22 Nov 2021 17:23:20|20|shiji@forstarfoods.com|DailyCatchReport.php
22 Nov 2021 17:23:23|20|shiji@forstarfoods.com|DailyCatchReport.php
22 Nov 2021 17:23:24|20|shiji@forstarfoods.com|DailyCatchReport.php
22 Nov 2021 17:23:24|20|shiji@forstarfoods.com|DailyCatchReport.php
22 Nov 2021 17:23:26|20|shiji@forstarfoods.com|PrintDailyCatchReportMemo.php
22 Nov 2021 17:24:08|20|shiji@forstarfoods.com|DailyCatchEntry_New.php
22 Nov 2021 17:24:13|20|shiji@forstarfoods.com|DailyCatchEntry_New.php
22 Nov 2021 17:24:13|20|shiji@forstarfoods.com|DailyCatchEntry_New.php
22 Nov 2021 17:24:14|20|shiji@forstarfoods.com|DailyCatchEntry_New.php
22 Nov 2021 17:24:15|20|shiji@forstarfoods.com|DailyCatchEntry_New.php
22 Nov 2021 17:24:16|20|shiji@forstarfoods.com|DailyCatchEntry_New.php
22 Nov 2021 17:24:16|20|shiji@forstarfoods.com|DailyCatchEntry_New.php
22 Nov 2021 17:24:19|20|shiji@forstarfoods.com|DailyCatchEntry_New.php
22 Nov 2021 17:24:23|20|shiji@forstarfoods.com|DailyCatchEntry_New.php
22 Nov 2021 17:24:23|20|shiji@forstarfoods.com|DailyCatchEntry_New.php
22 Nov 2021 17:24:23|20|shiji@forstarfoods.com|CatchEntryDeclaredItem.php
22 Nov 2021 17:24:24|20|shiji@forstarfoods.com|DailyCatchEntry_New.php
22 Nov 2021 17:24:24|20|shiji@forstarfoods.com|CatchEntryDeclaredItem.php
22 Nov 2021 17:24:27|20|shiji@forstarfoods.com|DailyCatchEntry_New.php
22 Nov 2021 17:24:29|20|shiji@forstarfoods.com|DailyCatchEntry_New.php
22 Nov 2021 17:24:32|20|shiji@forstarfoods.com|DailyCatchEntry_New.php
22 Nov 2021 17:24:34|20|shiji@forstarfoods.com|DailyCatchEntry_New.php
22 Nov 2021 17:24:36|20|shiji@forstarfoods.com|DailyCatchEntry_New.php
22 Nov 2021 17:24:39|20|shiji@forstarfoods.com|DailyCatchReport.php
22 Nov 2021 17:24:50|20|shiji@forstarfoods.com|DailyCatchReport.php
22 Nov 2021 17:24:53|20|shiji@forstarfoods.com|DailyCatchReport.php
22 Nov 2021 17:24:54|20|shiji@forstarfoods.com|DailyCatchReport.php
22 Nov 2021 17:24:55|20|shiji@forstarfoods.com|DailyCatchReport.php
22 Nov 2021 17:24:56|20|shiji@forstarfoods.com|PrintDailyCatchReportMemo.php
22 Nov 2021 17:25:06|20|shiji@forstarfoods.com|PrintDailyCatchReportMemo.php
22 Nov 2021 17:25:35|20|shiji@forstarfoods.com|DailyCatchReport.php
22 Nov 2021 17:25:37|20|shiji@forstarfoods.com|DailyCatchReport.php
22 Nov 2021 17:25:37|20|shiji@forstarfoods.com|DailyCatchReport.php
22 Nov 2021 17:25:46|20|shiji@forstarfoods.com|DailyCatchReport.php
22 Nov 2021 17:25:47|20|shiji@forstarfoods.com|DailyCatchReport.php
22 Nov 2021 17:25:48|20|shiji@forstarfoods.com|DailyCatchReport.php
22 Nov 2021 17:25:49|20|shiji@forstarfoods.com|DailyCatchReport.php
22 Nov 2021 17:25:50|20|shiji@forstarfoods.com|PrintDailyCatchReportMemo.php
22 Nov 2021 17:26:02|20|shiji@forstarfoods.com|PrintDailyCatchReportMemo.php
22 Nov 2021 17:26:28|20|shiji@forstarfoods.com|DailyCatchReport.php
22 Nov 2021 17:26:29|20|shiji@forstarfoods.com|DailyCatchReport.php
22 Nov 2021 17:26:29|20|shiji@forstarfoods.com|DailyCatchReport.php
22 Nov 2021 17:26:41|20|shiji@forstarfoods.com|DailyCatchReport.php
22 Nov 2021 17:26:42|20|shiji@forstarfoods.com|DailyCatchReport.php
22 Nov 2021 17:26:43|20|shiji@forstarfoods.com|DailyCatchReport.php
22 Nov 2021 17:26:44|20|shiji@forstarfoods.com|DailyCatchReport.php
22 Nov 2021 17:26:46|20|shiji@forstarfoods.com|PrintDailyCatchReportMemo.php
22 Nov 2021 17:26:59|20|shiji@forstarfoods.com|PrintDailyCatchReportMemo.php
22 Nov 2021 17:30:44|20|shiji@forstarfoods.com|DailyCatchReport.php
22 Nov 2021 17:30:45|20|shiji@forstarfoods.com|DailyCatchReport.php
22 Nov 2021 17:30:45|20|shiji@forstarfoods.com|DailyCatchReport.php
22 Nov 2021 17:30:56|20|shiji@forstarfoods.com|DailyCatchReport.php
22 Nov 2021 17:30:57|20|shiji@forstarfoods.com|DailyCatchReport.php
22 Nov 2021 17:30:58|20|shiji@forstarfoods.com|DailyCatchReport.php
22 Nov 2021 17:30:59|20|shiji@forstarfoods.com|DailyCatchReport.php
22 Nov 2021 17:31:00|20|shiji@forstarfoods.com|PrintDailyCatchReportMemo.php
22 Nov 2021 17:31:39|20|shiji@forstarfoods.com|PrintDailyCatchReportMemo.php
22 Nov 2021 17:32:16|20|shiji@forstarfoods.com|DailyCatchReport.php
22 Nov 2021 17:32:18|20|shiji@forstarfoods.com|DailyCatchReport.php
22 Nov 2021 17:32:18|20|shiji@forstarfoods.com|DailyCatchReport.php
22 Nov 2021 17:32:25|20|shiji@forstarfoods.com|DailyCatchReport.php
22 Nov 2021 17:32:26|20|shiji@forstarfoods.com|DailyCatchReport.php
22 Nov 2021 17:32:27|20|shiji@forstarfoods.com|DailyCatchReport.php
22 Nov 2021 17:32:28|20|shiji@forstarfoods.com|DailyCatchReport.php
22 Nov 2021 17:32:29|20|shiji@forstarfoods.com|PrintDailyCatchReportMemo.php
22 Nov 2021 17:32:43|20|shiji@forstarfoods.com|PrintDailyCatchReportMemo.php
22 Nov 2021 17:33:14|20|shiji@forstarfoods.com|DailyCatchReport.php
22 Nov 2021 17:33:15|20|shiji@forstarfoods.com|DailyCatchReport.php
22 Nov 2021 17:33:16|20|shiji@forstarfoods.com|DailyCatchReport.php
22 Nov 2021 17:33:29|20|shiji@forstarfoods.com|DailyCatchReport.php
22 Nov 2021 17:33:30|20|shiji@forstarfoods.com|DailyCatchReport.php
22 Nov 2021 17:33:31|20|shiji@forstarfoods.com|DailyCatchReport.php
22 Nov 2021 17:33:31|20|shiji@forstarfoods.com|DailyCatchReport.php
22 Nov 2021 17:33:35|20|shiji@forstarfoods.com|PrintDailyCatchReportMemo.php
22 Nov 2021 17:35:00|20|shiji@forstarfoods.com|PrintDailyCatchReportMemo.php
22 Nov 2021 17:35:29|20|shiji@forstarfoods.com|DailyCatchReport.php
22 Nov 2021 17:35:30|20|shiji@forstarfoods.com|DailyCatchReport.php
22 Nov 2021 17:35:31|20|shiji@forstarfoods.com|DailyCatchReport.php
22 Nov 2021 17:35:39|20|shiji@forstarfoods.com|DailyCatchReport.php
22 Nov 2021 17:35:40|20|shiji@forstarfoods.com|DailyCatchReport.php
22 Nov 2021 17:35:41|20|shiji@forstarfoods.com|DailyCatchReport.php
22 Nov 2021 17:35:41|20|shiji@forstarfoods.com|DailyCatchReport.php
22 Nov 2021 17:35:44|20|shiji@forstarfoods.com|PrintDailyCatchReportMemo.php
22 Nov 2021 17:36:15|20|shiji@forstarfoods.com|PrintDailyCatchReportMemo.php
22 Nov 2021 17:36:38|20|shiji@forstarfoods.com|DailyCatchReport.php
22 Nov 2021 17:36:39|20|shiji@forstarfoods.com|DailyCatchReport.php
22 Nov 2021 17:36:40|20|shiji@forstarfoods.com|DailyCatchReport.php
22 Nov 2021 17:36:48|20|shiji@forstarfoods.com|DailyCatchReport.php
22 Nov 2021 17:36:49|20|shiji@forstarfoods.com|DailyCatchReport.php
22 Nov 2021 17:36:51|20|shiji@forstarfoods.com|DailyCatchReport.php
22 Nov 2021 17:36:51|20|shiji@forstarfoods.com|DailyCatchReport.php
22 Nov 2021 17:36:55|20|shiji@forstarfoods.com|PrintDailyCatchReportMemo.php
22 Nov 2021 17:37:27|20|shiji@forstarfoods.com|PrintDailyCatchReportMemo.php
22 Nov 2021 17:37:51|20|shiji@forstarfoods.com|DailyCatchReport.php
22 Nov 2021 17:37:53|20|shiji@forstarfoods.com|DailyCatchReport.php
22 Nov 2021 17:37:53|20|shiji@forstarfoods.com|DailyCatchReport.php
22 Nov 2021 17:37:59|20|shiji@forstarfoods.com|DailyCatchReport.php
22 Nov 2021 17:38:00|20|shiji@forstarfoods.com|DailyCatchReport.php
22 Nov 2021 17:38:01|20|shiji@forstarfoods.com|DailyCatchReport.php
22 Nov 2021 17:38:01|20|shiji@forstarfoods.com|DailyCatchReport.php
22 Nov 2021 17:38:04|20|shiji@forstarfoods.com|PrintDailyCatchReportMemo.php
22 Nov 2021 17:38:14|20|shiji@forstarfoods.com|PrintDailyCatchReportMemo.php
22 Nov 2021 17:40:27|24|shashikala@forstarfoods.com|Home.php
22 Nov 2021 17:42:29|20|shiji@forstarfoods.com|DailyCatchReport.php
22 Nov 2021 17:42:30|20|shiji@forstarfoods.com|DailyCatchReport.php
22 Nov 2021 17:42:30|20|shiji@forstarfoods.com|DailyCatchReport.php
23 Nov 2021 10:25:58|20|shiji@forstarfoods.com|Home.php
23 Nov 2021 10:26:21|20|shiji@forstarfoods.com|DailyCatchEntry_New.php
23 Nov 2021 10:26:23|20|shiji@forstarfoods.com|DailyCatchEntry_New.php
23 Nov 2021 10:26:24|20|shiji@forstarfoods.com|DailyCatchEntry_New.php
23 Nov 2021 10:26:25|20|shiji@forstarfoods.com|DailyCatchEntry_New.php
23 Nov 2021 10:26:25|20|shiji@forstarfoods.com|DailyCatchEntry_New.php
23 Nov 2021 10:26:25|20|shiji@forstarfoods.com|CatchEntryDeclaredItem.php
23 Nov 2021 10:26:25|20|shiji@forstarfoods.com|DailyCatchEntry_New.php
23 Nov 2021 10:26:27|20|shiji@forstarfoods.com|DailyCatchEntry_New.php
23 Nov 2021 10:26:27|20|shiji@forstarfoods.com|DailyCatchEntry_New.php
23 Nov 2021 10:26:28|20|shiji@forstarfoods.com|DailyCatchEntry_New.php
23 Nov 2021 10:26:28|20|shiji@forstarfoods.com|DailyCatchEntry_New.php
23 Nov 2021 10:26:28|20|shiji@forstarfoods.com|DailyCatchEntry_New.php
23 Nov 2021 10:26:30|20|shiji@forstarfoods.com|DailyCatchEntry_New.php
23 Nov 2021 10:26:30|20|shiji@forstarfoods.com|DailyCatchEntry_New.php
23 Nov 2021 10:26:31|20|shiji@forstarfoods.com|DailyCatchEntry_New.php
23 Nov 2021 10:26:33|20|shiji@forstarfoods.com|DailyCatchEntry_New.php
23 Nov 2021 10:26:36|20|shiji@forstarfoods.com|DailyCatchEntry_New.php
23 Nov 2021 10:26:36|20|shiji@forstarfoods.com|CatchEntryDeclaredItem.php
23 Nov 2021 10:26:51|20|shiji@forstarfoods.com|DailyCatchEntry_New.php
23 Nov 2021 10:26:59|20|shiji@forstarfoods.com|DailyCatchEntry_New.php
23 Nov 2021 10:27:00|20|shiji@forstarfoods.com|DailyCatchEntry_New.php
23 Nov 2021 10:27:01|20|shiji@forstarfoods.com|DailyCatchEntry_New.php
23 Nov 2021 10:27:06|20|shiji@forstarfoods.com|DailyCatchEntry_New.php
23 Nov 2021 10:27:07|20|shiji@forstarfoods.com|DailyCatchEntry_New.php
23 Nov 2021 10:27:13|20|shiji@forstarfoods.com|DailyCatchEntry_New.php
23 Nov 2021 10:27:14|20|shiji@forstarfoods.com|DailyCatchEntry_New.php
23 Nov 2021 10:27:14|20|shiji@forstarfoods.com|DailyCatchEntry_New.php
23 Nov 2021 10:27:15|20|shiji@forstarfoods.com|DailyCatchEntry_New.php
23 Nov 2021 10:27:16|20|shiji@forstarfoods.com|DailyCatchEntry_New.php
23 Nov 2021 10:27:16|20|shiji@forstarfoods.com|DailyCatchEntry_New.php
23 Nov 2021 10:27:17|20|shiji@forstarfoods.com|DailyCatchEntry_New.php
23 Nov 2021 10:27:17|20|shiji@forstarfoods.com|DailyCatchEntry_New.php
23 Nov 2021 10:27:28|20|shiji@forstarfoods.com|DailyCatchEntry_New.php
23 Nov 2021 10:27:28|20|shiji@forstarfoods.com|DailyCatchEntry_New.php
23 Nov 2021 10:27:28|20|shiji@forstarfoods.com|DailyCatchEntry_New.php
23 Nov 2021 10:27:29|20|shiji@forstarfoods.com|DailyCatchEntry_New.php
23 Nov 2021 10:27:29|20|shiji@forstarfoods.com|DailyCatchEntry_New.php
23 Nov 2021 10:27:29|20|shiji@forstarfoods.com|DailyCatchEntry_New.php
23 Nov 2021 10:27:30|20|shiji@forstarfoods.com|DailyCatchEntry_New.php
23 Nov 2021 10:27:30|20|shiji@forstarfoods.com|DailyCatchEntry_New.php
23 Nov 2021 10:27:30|20|shiji@forstarfoods.com|DailyCatchEntry_New.php
23 Nov 2021 10:27:30|20|shiji@forstarfoods.com|DailyCatchEntry_New.php
23 Nov 2021 10:27:37|20|shiji@forstarfoods.com|DailyCatchEntry_New.php
23 Nov 2021 10:27:37|20|shiji@forstarfoods.com|DailyCatchEntry_New.php
23 Nov 2021 10:27:41|20|shiji@forstarfoods.com|DailyCatchEntry_New.php
23 Nov 2021 10:27:43|20|shiji@forstarfoods.com|DailyCatchEntry_New.php
23 Nov 2021 10:27:44|20|shiji@forstarfoods.com|CatchEntryDeclaredItem.php
23 Nov 2021 10:27:50|20|shiji@forstarfoods.com|DailyCatchEntry_New.php
23 Nov 2021 10:27:51|20|shiji@forstarfoods.com|DailyCatchEntry_New.php
23 Nov 2021 10:27:53|20|shiji@forstarfoods.com|DailyCatchEntry_New.php
23 Nov 2021 10:27:54|20|shiji@forstarfoods.com|DailyCatchEntry_New.php
23 Nov 2021 10:27:54|20|shiji@forstarfoods.com|DailyCatchEntry_New.php
23 Nov 2021 10:27:54|20|shiji@forstarfoods.com|DailyCatchEntry_New.php
23 Nov 2021 10:27:55|20|shiji@forstarfoods.com|DailyCatchEntry_New.php
23 Nov 2021 10:27:55|20|shiji@forstarfoods.com|DailyCatchEntry_New.php
23 Nov 2021 10:27:55|20|shiji@forstarfoods.com|DailyCatchEntry_New.php
23 Nov 2021 10:27:55|20|shiji@forstarfoods.com|DailyCatchEntry_New.php
23 Nov 2021 10:27:56|20|shiji@forstarfoods.com|DailyCatchEntry_New.php
23 Nov 2021 10:27:56|20|shiji@forstarfoods.com|DailyCatchEntry_New.php
23 Nov 2021 10:27:56|20|shiji@forstarfoods.com|DailyCatchEntry_New.php
23 Nov 2021 10:27:57|20|shiji@forstarfoods.com|DailyCatchEntry_New.php
23 Nov 2021 10:27:57|20|shiji@forstarfoods.com|DailyCatchEntry_New.php
23 Nov 2021 10:27:58|20|shiji@forstarfoods.com|DailyCatchEntry_New.php
23 Nov 2021 10:28:10|20|shiji@forstarfoods.com|DailyCatchEntry_New.php
23 Nov 2021 10:28:12|20|shiji@forstarfoods.com|DailyCatchEntry_New.php
23 Nov 2021 10:28:13|20|shiji@forstarfoods.com|CatchEntryDeclaredItem.php
23 Nov 2021 10:28:17|20|shiji@forstarfoods.com|DailyCatchEntry_New.php
23 Nov 2021 10:28:18|20|shiji@forstarfoods.com|DailyCatchEntry_New.php
23 Nov 2021 10:28:20|20|shiji@forstarfoods.com|DailyCatchEntry_New.php
23 Nov 2021 10:28:20|20|shiji@forstarfoods.com|DailyCatchEntry_New.php
23 Nov 2021 10:28:20|20|shiji@forstarfoods.com|DailyCatchEntry_New.php
23 Nov 2021 10:28:21|20|shiji@forstarfoods.com|DailyCatchEntry_New.php
23 Nov 2021 10:28:21|20|shiji@forstarfoods.com|DailyCatchEntry_New.php
23 Nov 2021 10:28:21|20|shiji@forstarfoods.com|DailyCatchEntry_New.php
23 Nov 2021 10:28:21|20|shiji@forstarfoods.com|DailyCatchEntry_New.php
23 Nov 2021 10:28:22|20|shiji@forstarfoods.com|DailyCatchEntry_New.php
23 Nov 2021 10:28:22|20|shiji@forstarfoods.com|DailyCatchEntry_New.php
23 Nov 2021 10:28:22|20|shiji@forstarfoods.com|DailyCatchEntry_New.php
23 Nov 2021 10:28:23|20|shiji@forstarfoods.com|DailyCatchEntry_New.php
23 Nov 2021 10:28:23|20|shiji@forstarfoods.com|DailyCatchEntry_New.php
23 Nov 2021 10:28:23|20|shiji@forstarfoods.com|DailyCatchEntry_New.php
23 Nov 2021 10:28:23|20|shiji@forstarfoods.com|DailyCatchEntry_New.php
23 Nov 2021 10:28:24|20|shiji@forstarfoods.com|DailyCatchEntry_New.php
23 Nov 2021 10:28:25|20|shiji@forstarfoods.com|DailyCatchEntry_New.php
23 Nov 2021 10:31:24|20|shiji@forstarfoods.com|DailyCatchEntry_New.php
23 Nov 2021 10:35:41|20|shiji@forstarfoods.com|DailyCatchEntry_New.php
23 Nov 2021 10:35:43|20|shiji@forstarfoods.com|DailyCatchEntry_New.php
23 Nov 2021 10:35:44|20|shiji@forstarfoods.com|CatchEntryDeclaredItem.php
23 Nov 2021 10:35:47|20|shiji@forstarfoods.com|DailyCatchEntry_New.php
23 Nov 2021 10:35:48|20|shiji@forstarfoods.com|DailyCatchEntry_New.php
23 Nov 2021 10:36:25|20|shiji@forstarfoods.com|DailyCatchEntry_New.php
23 Nov 2021 10:38:24|20|shiji@forstarfoods.com|DailyCatchEntry_New.php
23 Nov 2021 10:38:24|20|shiji@forstarfoods.com|DailyCatchEntry_New.php
23 Nov 2021 10:38:25|20|shiji@forstarfoods.com|DailyCatchEntry_New.php
23 Nov 2021 10:38:25|20|shiji@forstarfoods.com|DailyCatchEntry_New.php
23 Nov 2021 10:38:26|20|shiji@forstarfoods.com|DailyCatchEntry_New.php
23 Nov 2021 10:38:26|20|shiji@forstarfoods.com|DailyCatchEntry_New.php
23 Nov 2021 10:38:26|20|shiji@forstarfoods.com|DailyCatchEntry_New.php
23 Nov 2021 10:38:26|20|shiji@forstarfoods.com|DailyCatchEntry_New.php
23 Nov 2021 10:38:27|20|shiji@forstarfoods.com|DailyCatchEntry_New.php
23 Nov 2021 10:38:27|20|shiji@forstarfoods.com|DailyCatchEntry_New.php
23 Nov 2021 10:38:27|20|shiji@forstarfoods.com|DailyCatchEntry_New.php
23 Nov 2021 10:38:28|20|shiji@forstarfoods.com|DailyCatchEntry_New.php
23 Nov 2021 10:38:50|20|shiji@forstarfoods.com|DailyCatchEntry_New.php
23 Nov 2021 10:38:51|20|shiji@forstarfoods.com|DailyCatchEntry_New.php
23 Nov 2021 10:39:02|20|shiji@forstarfoods.com|DailyCatchEntry_New.php
23 Nov 2021 10:39:03|20|shiji@forstarfoods.com|DailyCatchEntry_New.php
23 Nov 2021 10:39:04|20|shiji@forstarfoods.com|CatchEntryDeclaredItem.php
23 Nov 2021 10:39:07|20|shiji@forstarfoods.com|DailyCatchEntry_New.php
23 Nov 2021 10:39:09|20|shiji@forstarfoods.com|DailyCatchEntry_New.php
23 Nov 2021 10:39:11|20|shiji@forstarfoods.com|DailyCatchEntry_New.php
23 Nov 2021 10:39:11|20|shiji@forstarfoods.com|DailyCatchEntry_New.php
23 Nov 2021 10:39:11|20|shiji@forstarfoods.com|DailyCatchEntry_New.php
23 Nov 2021 10:39:12|20|shiji@forstarfoods.com|DailyCatchEntry_New.php
23 Nov 2021 10:39:12|20|shiji@forstarfoods.com|DailyCatchEntry_New.php
23 Nov 2021 10:39:12|20|shiji@forstarfoods.com|DailyCatchEntry_New.php
23 Nov 2021 10:39:13|20|shiji@forstarfoods.com|DailyCatchEntry_New.php
23 Nov 2021 10:39:13|20|shiji@forstarfoods.com|DailyCatchEntry_New.php
23 Nov 2021 10:39:14|20|shiji@forstarfoods.com|DailyCatchEntry_New.php
23 Nov 2021 10:39:14|20|shiji@forstarfoods.com|DailyCatchEntry_New.php
23 Nov 2021 10:39:16|20|shiji@forstarfoods.com|DailyCatchEntry_New.php
23 Nov 2021 10:39:17|20|shiji@forstarfoods.com|DailyCatchEntry_New.php
23 Nov 2021 10:39:25|20|shiji@forstarfoods.com|DailyCatchEntry_New.php
23 Nov 2021 10:39:27|20|shiji@forstarfoods.com|DailyCatchEntry_New.php
23 Nov 2021 10:39:28|20|shiji@forstarfoods.com|CatchEntryDeclaredItem.php
23 Nov 2021 10:39:33|20|shiji@forstarfoods.com|DailyCatchEntry_New.php
23 Nov 2021 10:39:34|20|shiji@forstarfoods.com|DailyCatchEntry_New.php
23 Nov 2021 10:39:38|20|shiji@forstarfoods.com|DailyCatchEntry_New.php
23 Nov 2021 10:39:38|20|shiji@forstarfoods.com|DailyCatchEntry_New.php
23 Nov 2021 10:39:38|20|shiji@forstarfoods.com|DailyCatchEntry_New.php
23 Nov 2021 10:39:39|20|shiji@forstarfoods.com|DailyCatchEntry_New.php
23 Nov 2021 10:39:39|20|shiji@forstarfoods.com|DailyCatchEntry_New.php
23 Nov 2021 10:39:39|20|shiji@forstarfoods.com|DailyCatchEntry_New.php
23 Nov 2021 10:39:40|20|shiji@forstarfoods.com|DailyCatchEntry_New.php
23 Nov 2021 10:39:40|20|shiji@forstarfoods.com|DailyCatchEntry_New.php
23 Nov 2021 10:39:40|20|shiji@forstarfoods.com|DailyCatchEntry_New.php
23 Nov 2021 10:39:40|20|shiji@forstarfoods.com|DailyCatchEntry_New.php
23 Nov 2021 10:39:41|20|shiji@forstarfoods.com|DailyCatchEntry_New.php
23 Nov 2021 10:39:41|20|shiji@forstarfoods.com|DailyCatchEntry_New.php
23 Nov 2021 10:39:41|20|shiji@forstarfoods.com|DailyCatchEntry_New.php
23 Nov 2021 10:39:42|20|shiji@forstarfoods.com|DailyCatchEntry_New.php
23 Nov 2021 10:39:42|20|shiji@forstarfoods.com|DailyCatchEntry_New.php
23 Nov 2021 10:39:42|20|shiji@forstarfoods.com|DailyCatchEntry_New.php
23 Nov 2021 10:40:06|20|shiji@forstarfoods.com|DailyCatchEntry_New.php
23 Nov 2021 10:40:07|20|shiji@forstarfoods.com|DailyCatchEntry_New.php
23 Nov 2021 10:40:09|20|shiji@forstarfoods.com|CatchEntryDeclaredItem.php
23 Nov 2021 10:41:25|20|shiji@forstarfoods.com|DailyCatchEntry_New.php
23 Nov 2021 10:43:34|20|shiji@forstarfoods.com|DailyCatchEntry_New.php
23 Nov 2021 10:43:37|20|shiji@forstarfoods.com|DailyCatchEntry_New.php
23 Nov 2021 10:43:37|20|shiji@forstarfoods.com|DailyCatchEntry_New.php
23 Nov 2021 10:43:38|20|shiji@forstarfoods.com|DailyCatchEntry_New.php
23 Nov 2021 10:43:40|20|shiji@forstarfoods.com|DailyCatchEntry_New.php
23 Nov 2021 10:43:40|20|shiji@forstarfoods.com|DailyCatchEntry_New.php
23 Nov 2021 10:43:42|20|shiji@forstarfoods.com|DailyCatchEntry_New.php
23 Nov 2021 10:43:44|20|shiji@forstarfoods.com|DailyCatchEntry_New.php
23 Nov 2021 10:43:47|20|shiji@forstarfoods.com|DailyCatchEntry_New.php
23 Nov 2021 10:43:48|20|shiji@forstarfoods.com|DailyCatchEntry_New.php
23 Nov 2021 10:43:48|20|shiji@forstarfoods.com|CatchEntryDeclaredItem.php
23 Nov 2021 10:43:48|20|shiji@forstarfoods.com|CatchEntryDeclaredItem.php
23 Nov 2021 10:43:49|20|shiji@forstarfoods.com|DailyCatchEntry_New.php
23 Nov 2021 10:43:54|20|shiji@forstarfoods.com|DailyCatchEntry_New.php
23 Nov 2021 10:43:55|20|shiji@forstarfoods.com|DailyCatchEntry_New.php
23 Nov 2021 10:43:55|20|shiji@forstarfoods.com|DailyCatchEntry_New.php
23 Nov 2021 10:43:55|20|shiji@forstarfoods.com|DailyCatchEntry_New.php
23 Nov 2021 10:43:55|20|shiji@forstarfoods.com|DailyCatchEntry_New.php
23 Nov 2021 10:43:57|20|shiji@forstarfoods.com|DailyCatchEntry_New.php
23 Nov 2021 10:43:57|20|shiji@forstarfoods.com|DailyCatchEntry_New.php
23 Nov 2021 10:43:58|20|shiji@forstarfoods.com|DailyCatchEntry_New.php
23 Nov 2021 10:44:06|20|shiji@forstarfoods.com|DailyCatchEntry_New.php
23 Nov 2021 10:44:10|20|shiji@forstarfoods.com|DailyCatchEntry_New.php
23 Nov 2021 10:44:11|20|shiji@forstarfoods.com|CatchEntryDeclaredItem.php
23 Nov 2021 10:44:21|20|shiji@forstarfoods.com|DailyCatchEntry_New.php
23 Nov 2021 10:44:21|20|shiji@forstarfoods.com|DailyCatchEntry_New.php
23 Nov 2021 10:44:21|20|shiji@forstarfoods.com|DailyCatchEntry_New.php
23 Nov 2021 10:44:23|20|shiji@forstarfoods.com|DailyCatchEntry_New.php
23 Nov 2021 10:44:24|20|shiji@forstarfoods.com|DailyCatchEntry_New.php
23 Nov 2021 10:44:24|20|shiji@forstarfoods.com|DailyCatchEntry_New.php
23 Nov 2021 10:44:24|20|shiji@forstarfoods.com|DailyCatchEntry_New.php
23 Nov 2021 10:44:24|20|shiji@forstarfoods.com|DailyCatchEntry_New.php
23 Nov 2021 10:44:36|20|shiji@forstarfoods.com|DailyCatchEntry_New.php
23 Nov 2021 10:44:36|20|shiji@forstarfoods.com|DailyCatchEntry_New.php
23 Nov 2021 10:44:37|20|shiji@forstarfoods.com|DailyCatchEntry_New.php
23 Nov 2021 10:44:37|20|shiji@forstarfoods.com|DailyCatchEntry_New.php
23 Nov 2021 10:44:37|20|shiji@forstarfoods.com|DailyCatchEntry_New.php
23 Nov 2021 10:44:38|20|shiji@forstarfoods.com|DailyCatchEntry_New.php
23 Nov 2021 10:44:38|20|shiji@forstarfoods.com|DailyCatchEntry_New.php
23 Nov 2021 10:44:52|20|shiji@forstarfoods.com|DailyCatchEntry_New.php
23 Nov 2021 10:44:54|20|shiji@forstarfoods.com|DailyCatchEntry_New.php
23 Nov 2021 10:44:54|20|shiji@forstarfoods.com|DailyCatchEntry_New.php
23 Nov 2021 10:45:40|20|shiji@forstarfoods.com|DailyCatchEntry_New.php
23 Nov 2021 10:45:41|20|shiji@forstarfoods.com|DailyCatchEntry_New.php
23 Nov 2021 10:45:42|20|shiji@forstarfoods.com|CatchEntryDeclaredItem.php
23 Nov 2021 10:45:49|20|shiji@forstarfoods.com|DailyCatchEntry_New.php
23 Nov 2021 10:45:51|20|shiji@forstarfoods.com|DailyCatchEntry_New.php
23 Nov 2021 10:46:10|20|shiji@forstarfoods.com|DailyCatchEntry_New.php
23 Nov 2021 10:46:11|20|shiji@forstarfoods.com|DailyCatchEntry_New.php
23 Nov 2021 10:46:12|20|shiji@forstarfoods.com|CatchEntryDeclaredItem.php
23 Nov 2021 10:46:20|20|shiji@forstarfoods.com|DailyCatchEntry_New.php
23 Nov 2021 10:46:22|20|shiji@forstarfoods.com|DailyCatchEntry_New.php
23 Nov 2021 10:46:30|20|shiji@forstarfoods.com|DailyCatchEntry_New.php
23 Nov 2021 10:46:31|20|shiji@forstarfoods.com|DailyCatchEntry_New.php
23 Nov 2021 10:46:32|20|shiji@forstarfoods.com|CatchEntryDeclaredItem.php
23 Nov 2021 10:46:48|20|shiji@forstarfoods.com|DailyCatchEntry_New.php
23 Nov 2021 10:46:50|20|shiji@forstarfoods.com|DailyCatchEntry_New.php
23 Nov 2021 10:46:55|20|shiji@forstarfoods.com|DailyCatchEntry_New.php
23 Nov 2021 10:46:56|20|shiji@forstarfoods.com|DailyCatchEntry_New.php
23 Nov 2021 10:46:58|20|shiji@forstarfoods.com|DailyCatchEntry_New.php
23 Nov 2021 10:47:06|20|shiji@forstarfoods.com|DailyCatchEntry_New.php
23 Nov 2021 10:47:07|20|shiji@forstarfoods.com|DailyCatchEntry_New.php
23 Nov 2021 10:47:07|20|shiji@forstarfoods.com|DailyCatchEntry_New.php
23 Nov 2021 10:47:08|20|shiji@forstarfoods.com|CatchEntryDeclaredItem.php
23 Nov 2021 10:47:08|20|shiji@forstarfoods.com|DailyCatchEntry_New.php
23 Nov 2021 10:47:08|20|shiji@forstarfoods.com|DailyCatchEntry_New.php
23 Nov 2021 10:47:10|20|shiji@forstarfoods.com|DailyCatchEntry_New.php
23 Nov 2021 10:47:10|20|shiji@forstarfoods.com|DailyCatchEntry_New.php
23 Nov 2021 10:47:10|20|shiji@forstarfoods.com|DailyCatchEntry_New.php
23 Nov 2021 10:47:11|20|shiji@forstarfoods.com|DailyCatchEntry_New.php
23 Nov 2021 10:47:11|20|shiji@forstarfoods.com|DailyCatchEntry_New.php
23 Nov 2021 10:47:13|20|shiji@forstarfoods.com|DailyCatchEntry_New.php
23 Nov 2021 10:47:13|20|shiji@forstarfoods.com|DailyCatchEntry_New.php
23 Nov 2021 10:47:14|20|shiji@forstarfoods.com|DailyCatchEntry_New.php
23 Nov 2021 10:47:16|20|shiji@forstarfoods.com|DailyCatchEntry_New.php
23 Nov 2021 10:47:19|20|shiji@forstarfoods.com|DailyCatchEntry_New.php
23 Nov 2021 10:47:20|20|shiji@forstarfoods.com|CatchEntryDeclaredItem.php
23 Nov 2021 10:47:36|20|shiji@forstarfoods.com|DailyCatchEntry_New.php
23 Nov 2021 10:47:37|20|shiji@forstarfoods.com|DailyCatchEntry_New.php
23 Nov 2021 10:47:38|20|shiji@forstarfoods.com|DailyCatchEntry_New.php
23 Nov 2021 10:47:42|20|shiji@forstarfoods.com|DailyCatchEntry_New.php
23 Nov 2021 10:47:44|20|shiji@forstarfoods.com|DailyCatchEntry_New.php
23 Nov 2021 10:47:47|20|shiji@forstarfoods.com|DailyCatchEntry_New.php
23 Nov 2021 10:47:47|20|shiji@forstarfoods.com|DailyCatchEntry_New.php
23 Nov 2021 10:47:47|20|shiji@forstarfoods.com|DailyCatchEntry_New.php
23 Nov 2021 10:47:48|20|shiji@forstarfoods.com|DailyCatchEntry_New.php
23 Nov 2021 10:47:48|20|shiji@forstarfoods.com|DailyCatchEntry_New.php
23 Nov 2021 10:47:48|20|shiji@forstarfoods.com|DailyCatchEntry_New.php
23 Nov 2021 10:47:48|20|shiji@forstarfoods.com|DailyCatchEntry_New.php
23 Nov 2021 10:47:49|20|shiji@forstarfoods.com|DailyCatchEntry_New.php
23 Nov 2021 10:47:49|20|shiji@forstarfoods.com|DailyCatchEntry_New.php
23 Nov 2021 10:47:49|20|shiji@forstarfoods.com|DailyCatchEntry_New.php
23 Nov 2021 10:47:50|20|shiji@forstarfoods.com|DailyCatchEntry_New.php
23 Nov 2021 10:47:51|20|shiji@forstarfoods.com|DailyCatchEntry_New.php
23 Nov 2021 10:48:12|20|shiji@forstarfoods.com|DailyCatchEntry_New.php
23 Nov 2021 10:48:14|20|shiji@forstarfoods.com|DailyCatchEntry_New.php
23 Nov 2021 10:48:16|20|shiji@forstarfoods.com|CatchEntryDeclaredItem.php
23 Nov 2021 10:48:32|20|shiji@forstarfoods.com|DailyCatchEntry_New.php
23 Nov 2021 10:48:33|20|shiji@forstarfoods.com|DailyCatchEntry_New.php
23 Nov 2021 10:48:35|20|shiji@forstarfoods.com|DailyCatchEntry_New.php
23 Nov 2021 10:48:35|20|shiji@forstarfoods.com|DailyCatchEntry_New.php
23 Nov 2021 10:48:36|20|shiji@forstarfoods.com|DailyCatchEntry_New.php
23 Nov 2021 10:48:36|20|shiji@forstarfoods.com|DailyCatchEntry_New.php
23 Nov 2021 10:48:36|20|shiji@forstarfoods.com|DailyCatchEntry_New.php
23 Nov 2021 10:48:37|20|shiji@forstarfoods.com|DailyCatchEntry_New.php
23 Nov 2021 10:48:37|20|shiji@forstarfoods.com|DailyCatchEntry_New.php
23 Nov 2021 10:48:37|20|shiji@forstarfoods.com|DailyCatchEntry_New.php
23 Nov 2021 10:48:37|20|shiji@forstarfoods.com|DailyCatchEntry_New.php
23 Nov 2021 10:48:38|20|shiji@forstarfoods.com|DailyCatchEntry_New.php
23 Nov 2021 10:48:38|20|shiji@forstarfoods.com|DailyCatchEntry_New.php
23 Nov 2021 10:48:38|20|shiji@forstarfoods.com|DailyCatchEntry_New.php
23 Nov 2021 10:48:39|20|shiji@forstarfoods.com|DailyCatchEntry_New.php
23 Nov 2021 10:48:40|20|shiji@forstarfoods.com|DailyCatchEntry_New.php
23 Nov 2021 10:48:51|20|shiji@forstarfoods.com|DailyCatchEntry_New.php
23 Nov 2021 10:48:53|20|shiji@forstarfoods.com|DailyCatchEntry_New.php
23 Nov 2021 10:48:54|20|shiji@forstarfoods.com|CatchEntryDeclaredItem.php
23 Nov 2021 10:49:13|20|shiji@forstarfoods.com|DailyCatchEntry_New.php
23 Nov 2021 10:49:14|20|shiji@forstarfoods.com|DailyCatchEntry_New.php
23 Nov 2021 10:49:17|20|shiji@forstarfoods.com|DailyCatchEntry_New.php
23 Nov 2021 10:49:19|20|shiji@forstarfoods.com|DailyCatchEntry_New.php
23 Nov 2021 10:49:21|20|shiji@forstarfoods.com|DailyCatchEntry_New.php
23 Nov 2021 10:49:21|20|shiji@forstarfoods.com|DailyCatchEntry_New.php
23 Nov 2021 10:49:21|20|shiji@forstarfoods.com|DailyCatchEntry_New.php
23 Nov 2021 10:49:22|20|shiji@forstarfoods.com|DailyCatchEntry_New.php
23 Nov 2021 10:49:22|20|shiji@forstarfoods.com|DailyCatchEntry_New.php
23 Nov 2021 10:49:22|20|shiji@forstarfoods.com|DailyCatchEntry_New.php
23 Nov 2021 10:49:23|20|shiji@forstarfoods.com|DailyCatchEntry_New.php
23 Nov 2021 10:49:23|20|shiji@forstarfoods.com|DailyCatchEntry_New.php
23 Nov 2021 10:49:23|20|shiji@forstarfoods.com|DailyCatchEntry_New.php
23 Nov 2021 10:49:24|20|shiji@forstarfoods.com|DailyCatchEntry_New.php
23 Nov 2021 10:49:24|20|shiji@forstarfoods.com|DailyCatchEntry_New.php
23 Nov 2021 10:49:24|20|shiji@forstarfoods.com|DailyCatchEntry_New.php
23 Nov 2021 10:49:24|20|shiji@forstarfoods.com|DailyCatchEntry_New.php
23 Nov 2021 10:49:25|20|shiji@forstarfoods.com|DailyCatchEntry_New.php
23 Nov 2021 10:49:26|20|shiji@forstarfoods.com|DailyCatchEntry_New.php
23 Nov 2021 10:49:26|20|shiji@forstarfoods.com|DailyCatchEntry_New.php
23 Nov 2021 10:49:36|20|shiji@forstarfoods.com|DailyCatchEntry_New.php
23 Nov 2021 10:49:38|20|shiji@forstarfoods.com|DailyCatchEntry_New.php
23 Nov 2021 10:49:39|20|shiji@forstarfoods.com|CatchEntryDeclaredItem.php
23 Nov 2021 10:49:41|20|shiji@forstarfoods.com|DailyCatchEntry_New.php
23 Nov 2021 10:49:43|20|shiji@forstarfoods.com|DailyCatchEntry_New.php
23 Nov 2021 10:49:46|20|shiji@forstarfoods.com|DailyCatchEntry_New.php
23 Nov 2021 10:49:46|20|shiji@forstarfoods.com|DailyCatchEntry_New.php
23 Nov 2021 10:49:46|20|shiji@forstarfoods.com|DailyCatchEntry_New.php
23 Nov 2021 10:49:47|20|shiji@forstarfoods.com|DailyCatchEntry_New.php
23 Nov 2021 10:49:47|20|shiji@forstarfoods.com|DailyCatchEntry_New.php
23 Nov 2021 10:49:47|20|shiji@forstarfoods.com|DailyCatchEntry_New.php
23 Nov 2021 10:49:48|20|shiji@forstarfoods.com|DailyCatchEntry_New.php
23 Nov 2021 10:49:48|20|shiji@forstarfoods.com|DailyCatchEntry_New.php
23 Nov 2021 10:49:48|20|shiji@forstarfoods.com|DailyCatchEntry_New.php
23 Nov 2021 10:49:48|20|shiji@forstarfoods.com|DailyCatchEntry_New.php
23 Nov 2021 10:49:49|20|shiji@forstarfoods.com|DailyCatchEntry_New.php
23 Nov 2021 10:49:49|20|shiji@forstarfoods.com|DailyCatchEntry_New.php
23 Nov 2021 10:49:49|20|shiji@forstarfoods.com|DailyCatchEntry_New.php
23 Nov 2021 10:49:50|20|shiji@forstarfoods.com|DailyCatchEntry_New.php
23 Nov 2021 10:49:50|20|shiji@forstarfoods.com|DailyCatchEntry_New.php
23 Nov 2021 10:49:50|20|shiji@forstarfoods.com|DailyCatchEntry_New.php
23 Nov 2021 10:49:59|20|shiji@forstarfoods.com|DailyCatchEntry_New.php
23 Nov 2021 10:50:00|20|shiji@forstarfoods.com|DailyCatchEntry_New.php
23 Nov 2021 10:50:01|20|shiji@forstarfoods.com|CatchEntryDeclaredItem.php
23 Nov 2021 10:50:04|20|shiji@forstarfoods.com|DailyCatchEntry_New.php
23 Nov 2021 10:50:06|20|shiji@forstarfoods.com|DailyCatchEntry_New.php
23 Nov 2021 10:50:55|20|shiji@forstarfoods.com|DailyCatchEntry_New.php
23 Nov 2021 10:50:55|20|shiji@forstarfoods.com|DailyCatchEntry_New.php
23 Nov 2021 10:50:56|20|shiji@forstarfoods.com|DailyCatchEntry_New.php
23 Nov 2021 10:50:56|20|shiji@forstarfoods.com|DailyCatchEntry_New.php
23 Nov 2021 10:50:56|20|shiji@forstarfoods.com|DailyCatchEntry_New.php
23 Nov 2021 10:50:57|20|shiji@forstarfoods.com|DailyCatchEntry_New.php
23 Nov 2021 10:50:57|20|shiji@forstarfoods.com|DailyCatchEntry_New.php
23 Nov 2021 10:50:57|20|shiji@forstarfoods.com|DailyCatchEntry_New.php
23 Nov 2021 10:50:57|20|shiji@forstarfoods.com|DailyCatchEntry_New.php
23 Nov 2021 10:50:58|20|shiji@forstarfoods.com|DailyCatchEntry_New.php
23 Nov 2021 10:51:01|20|shiji@forstarfoods.com|DailyCatchEntry_New.php
23 Nov 2021 10:51:01|20|shiji@forstarfoods.com|DailyCatchEntry_New.php
23 Nov 2021 10:51:18|20|shiji@forstarfoods.com|DailyCatchEntry_New.php
23 Nov 2021 10:51:19|20|shiji@forstarfoods.com|DailyCatchEntry_New.php
23 Nov 2021 10:51:20|20|shiji@forstarfoods.com|CatchEntryDeclaredItem.php
23 Nov 2021 10:51:23|20|shiji@forstarfoods.com|DailyCatchEntry_New.php
23 Nov 2021 10:51:24|20|shiji@forstarfoods.com|DailyCatchEntry_New.php
23 Nov 2021 10:51:27|20|shiji@forstarfoods.com|DailyCatchEntry_New.php
23 Nov 2021 10:51:27|20|shiji@forstarfoods.com|DailyCatchEntry_New.php
23 Nov 2021 10:51:27|20|shiji@forstarfoods.com|DailyCatchEntry_New.php
23 Nov 2021 10:51:27|20|shiji@forstarfoods.com|DailyCatchEntry_New.php
23 Nov 2021 10:51:28|20|shiji@forstarfoods.com|DailyCatchEntry_New.php
23 Nov 2021 10:51:28|20|shiji@forstarfoods.com|DailyCatchEntry_New.php
23 Nov 2021 10:51:28|20|shiji@forstarfoods.com|DailyCatchEntry_New.php
23 Nov 2021 10:51:29|20|shiji@forstarfoods.com|DailyCatchEntry_New.php
23 Nov 2021 10:51:29|20|shiji@forstarfoods.com|DailyCatchEntry_New.php
23 Nov 2021 10:51:29|20|shiji@forstarfoods.com|DailyCatchEntry_New.php
23 Nov 2021 10:51:29|20|shiji@forstarfoods.com|DailyCatchEntry_New.php
23 Nov 2021 10:51:30|20|shiji@forstarfoods.com|DailyCatchEntry_New.php
23 Nov 2021 10:51:30|20|shiji@forstarfoods.com|DailyCatchEntry_New.php
23 Nov 2021 10:51:30|20|shiji@forstarfoods.com|DailyCatchEntry_New.php
23 Nov 2021 10:51:31|20|shiji@forstarfoods.com|DailyCatchEntry_New.php
23 Nov 2021 10:51:31|20|shiji@forstarfoods.com|DailyCatchEntry_New.php
23 Nov 2021 10:51:44|20|shiji@forstarfoods.com|DailyCatchEntry_New.php
23 Nov 2021 10:51:45|20|shiji@forstarfoods.com|DailyCatchEntry_New.php
23 Nov 2021 10:51:46|20|shiji@forstarfoods.com|CatchEntryDeclaredItem.php
23 Nov 2021 10:52:07|20|shiji@forstarfoods.com|DailyCatchEntry_New.php
23 Nov 2021 10:55:35|20|shiji@forstarfoods.com|DailyCatchEntry_New.php
23 Nov 2021 10:55:35|20|shiji@forstarfoods.com|DailyCatchEntry_New.php
23 Nov 2021 10:55:35|20|shiji@forstarfoods.com|DailyCatchEntry_New.php
23 Nov 2021 10:56:38|20|shiji@forstarfoods.com|DailyCatchEntry_New.php
23 Nov 2021 10:56:43|20|shiji@forstarfoods.com|DailyCatchEntry_New.php
23 Nov 2021 10:56:47|20|shiji@forstarfoods.com|DailyCatchEntry_New.php
23 Nov 2021 10:56:48|20|shiji@forstarfoods.com|CatchEntryDeclaredItem.php
23 Nov 2021 10:56:50|20|shiji@forstarfoods.com|DailyCatchEntry_New.php
23 Nov 2021 10:56:53|20|shiji@forstarfoods.com|DailyCatchEntry_New.php
23 Nov 2021 10:56:54|20|shiji@forstarfoods.com|CatchEntryDeclaredItem.php
23 Nov 2021 10:57:07|20|shiji@forstarfoods.com|DailyCatchEntry_New.php
23 Nov 2021 10:59:50|20|shiji@forstarfoods.com|DailyCatchEntry_New.php
23 Nov 2021 11:01:26|20|shiji@forstarfoods.com|DailyCatchEntry_New.php
23 Nov 2021 11:01:33|20|shiji@forstarfoods.com|DailyCatchEntry_New.php
23 Nov 2021 11:01:54|20|shiji@forstarfoods.com|DailyCatchEntry_New.php
23 Nov 2021 11:01:54|20|shiji@forstarfoods.com|DailyCatchEntry_New.php
23 Nov 2021 11:01:54|20|shiji@forstarfoods.com|DailyCatchEntry_New.php
23 Nov 2021 11:01:54|20|shiji@forstarfoods.com|DailyCatchEntry_New.php
23 Nov 2021 11:01:55|20|shiji@forstarfoods.com|DailyCatchEntry_New.php
23 Nov 2021 11:01:55|20|shiji@forstarfoods.com|DailyCatchEntry_New.php
23 Nov 2021 11:01:55|20|shiji@forstarfoods.com|DailyCatchEntry_New.php
23 Nov 2021 11:01:56|20|shiji@forstarfoods.com|DailyCatchEntry_New.php
23 Nov 2021 11:01:56|20|shiji@forstarfoods.com|DailyCatchEntry_New.php
23 Nov 2021 11:01:56|20|shiji@forstarfoods.com|DailyCatchEntry_New.php
23 Nov 2021 11:01:57|20|shiji@forstarfoods.com|DailyCatchEntry_New.php
23 Nov 2021 11:01:57|20|shiji@forstarfoods.com|DailyCatchEntry_New.php
23 Nov 2021 11:01:58|20|shiji@forstarfoods.com|DailyCatchEntry_New.php
23 Nov 2021 11:01:58|20|shiji@forstarfoods.com|DailyCatchEntry_New.php
23 Nov 2021 11:02:05|20|shiji@forstarfoods.com|DailyCatchEntry_New.php
23 Nov 2021 11:02:07|20|shiji@forstarfoods.com|DailyCatchEntry_New.php
23 Nov 2021 11:02:08|20|shiji@forstarfoods.com|CatchEntryDeclaredItem.php
23 Nov 2021 11:02:08|20|shiji@forstarfoods.com|DailyCatchEntry_New.php
23 Nov 2021 11:02:33|20|shiji@forstarfoods.com|DailyCatchEntry_New.php
23 Nov 2021 11:02:35|20|shiji@forstarfoods.com|DailyCatchEntry_New.php
23 Nov 2021 11:02:37|20|shiji@forstarfoods.com|DailyCatchEntry_New.php
23 Nov 2021 11:02:37|20|shiji@forstarfoods.com|DailyCatchEntry_New.php
23 Nov 2021 11:02:38|20|shiji@forstarfoods.com|DailyCatchEntry_New.php
23 Nov 2021 11:02:38|20|shiji@forstarfoods.com|DailyCatchEntry_New.php
23 Nov 2021 11:02:38|20|shiji@forstarfoods.com|DailyCatchEntry_New.php
23 Nov 2021 11:02:38|20|shiji@forstarfoods.com|DailyCatchEntry_New.php
23 Nov 2021 11:02:39|20|shiji@forstarfoods.com|DailyCatchEntry_New.php
23 Nov 2021 11:02:39|20|shiji@forstarfoods.com|DailyCatchEntry_New.php