
6 Sep 2021 16:13:18|29|kavitha@forstarfoods.com|DailyCatchEntry_New.php
6 Sep 2021 16:13:19|29|kavitha@forstarfoods.com|DailyCatchEntry_New.php
6 Sep 2021 16:13:20|29|kavitha@forstarfoods.com|CatchEntryDeclaredItem.php
6 Sep 2021 16:14:15|20|shiji@forstarfoods.com|DailyCatchReport.php
6 Sep 2021 16:14:16|29|kavitha@forstarfoods.com|DailyCatchReport.php
6 Sep 2021 16:14:22|20|shiji@forstarfoods.com|DailyCatchEntry_New.php
6 Sep 2021 16:14:23|29|kavitha@forstarfoods.com|DailyCatchReport.php
6 Sep 2021 16:14:25|29|kavitha@forstarfoods.com|DailyCatchReport.php
6 Sep 2021 16:14:30|29|kavitha@forstarfoods.com|DailyCatchReport.php
6 Sep 2021 16:14:31|29|kavitha@forstarfoods.com|DailyCatchReport.php
6 Sep 2021 16:14:31|29|kavitha@forstarfoods.com|DailyCatchReport.php
6 Sep 2021 16:14:33|20|shiji@forstarfoods.com|DailyCatchEntry_New.php
6 Sep 2021 16:14:34|20|shiji@forstarfoods.com|DailyCatchEntry_New.php
6 Sep 2021 16:14:34|20|shiji@forstarfoods.com|DailyCatchEntry_New.php
6 Sep 2021 16:14:34|20|shiji@forstarfoods.com|DailyCatchEntry_New.php
6 Sep 2021 16:14:35|20|shiji@forstarfoods.com|CatchEntryDeclaredItem.php
6 Sep 2021 16:14:35|20|shiji@forstarfoods.com|DailyCatchEntry_New.php
6 Sep 2021 16:14:37|20|shiji@forstarfoods.com|DailyCatchEntry_New.php
6 Sep 2021 16:14:37|20|shiji@forstarfoods.com|DailyCatchEntry_New.php
6 Sep 2021 16:14:37|20|shiji@forstarfoods.com|DailyCatchEntry_New.php
6 Sep 2021 16:14:38|20|shiji@forstarfoods.com|DailyCatchEntry_New.php
6 Sep 2021 16:14:38|20|shiji@forstarfoods.com|DailyCatchEntry_New.php
6 Sep 2021 16:14:39|20|shiji@forstarfoods.com|DailyCatchEntry_New.php
6 Sep 2021 16:14:39|20|shiji@forstarfoods.com|DailyCatchEntry_New.php
6 Sep 2021 16:14:40|20|shiji@forstarfoods.com|DailyCatchEntry_New.php
6 Sep 2021 16:14:46|29|kavitha@forstarfoods.com|DailyCatchReport.php
6 Sep 2021 16:14:46|20|shiji@forstarfoods.com|DailyCatchEntry_New.php
6 Sep 2021 16:14:47|29|kavitha@forstarfoods.com|DailyCatchReport.php
6 Sep 2021 16:14:47|29|kavitha@forstarfoods.com|DailyCatchReport.php
6 Sep 2021 16:14:52|20|shiji@forstarfoods.com|DailyCatchEntry_New.php
6 Sep 2021 16:14:52|20|shiji@forstarfoods.com|CatchEntryDeclaredItem.php
6 Sep 2021 16:14:57|29|kavitha@forstarfoods.com|DailyCatchReport.php
6 Sep 2021 16:14:58|29|kavitha@forstarfoods.com|DailyCatchReport.php
6 Sep 2021 16:14:59|29|kavitha@forstarfoods.com|DailyCatchReport.php
6 Sep 2021 16:14:59|29|kavitha@forstarfoods.com|DailyCatchReport.php
6 Sep 2021 16:15:01|29|kavitha@forstarfoods.com|DailyCatchReport.php
6 Sep 2021 16:15:02|29|kavitha@forstarfoods.com|DailyCatchReport.php
6 Sep 2021 16:15:02|20|shiji@forstarfoods.com|DailyCatchEntry_New.php
6 Sep 2021 16:15:02|29|kavitha@forstarfoods.com|DailyCatchReport.php
6 Sep 2021 16:15:03|20|shiji@forstarfoods.com|DailyCatchEntry_New.php
6 Sep 2021 16:15:03|20|shiji@forstarfoods.com|DailyCatchEntry_New.php
6 Sep 2021 16:15:03|20|shiji@forstarfoods.com|DailyCatchEntry_New.php
6 Sep 2021 16:15:04|20|shiji@forstarfoods.com|DailyCatchEntry_New.php
6 Sep 2021 16:15:04|20|shiji@forstarfoods.com|DailyCatchEntry_New.php
6 Sep 2021 16:15:12|29|kavitha@forstarfoods.com|DailyCatchReport.php
6 Sep 2021 16:15:13|29|kavitha@forstarfoods.com|DailyCatchReport.php
6 Sep 2021 16:15:14|29|kavitha@forstarfoods.com|DailyCatchReport.php
6 Sep 2021 16:15:16|20|shiji@forstarfoods.com|DailyCatchEntry_New.php
6 Sep 2021 16:15:19|20|shiji@forstarfoods.com|DailyCatchEntry_New.php
6 Sep 2021 16:15:19|20|shiji@forstarfoods.com|DailyCatchEntry_New.php
6 Sep 2021 16:15:23|20|shiji@forstarfoods.com|DailyCatchEntry_New.php
6 Sep 2021 16:15:25|20|shiji@forstarfoods.com|DailyCatchEntry_New.php
6 Sep 2021 16:15:29|20|shiji@forstarfoods.com|DailyCatchEntry_New.php
6 Sep 2021 16:15:29|20|shiji@forstarfoods.com|DailyCatchEntry_New.php
6 Sep 2021 16:15:30|20|shiji@forstarfoods.com|DailyCatchEntry_New.php
6 Sep 2021 16:15:30|20|shiji@forstarfoods.com|DailyCatchEntry_New.php
6 Sep 2021 16:15:31|20|shiji@forstarfoods.com|DailyCatchEntry_New.php
6 Sep 2021 16:15:31|20|shiji@forstarfoods.com|DailyCatchEntry_New.php
6 Sep 2021 16:15:34|29|kavitha@forstarfoods.com|SupplierAccount.php
6 Sep 2021 16:15:38|20|shiji@forstarfoods.com|DailyCatchEntry_New.php
6 Sep 2021 16:15:40|20|shiji@forstarfoods.com|DailyCatchEntry_New.php
6 Sep 2021 16:15:41|20|shiji@forstarfoods.com|CatchEntryDeclaredItem.php
6 Sep 2021 16:15:52|20|shiji@forstarfoods.com|DailyCatchEntry_New.php
6 Sep 2021 16:15:54|20|shiji@forstarfoods.com|DailyCatchEntry_New.php
6 Sep 2021 16:15:56|20|shiji@forstarfoods.com|DailyCatchEntry_New.php
6 Sep 2021 16:15:57|20|shiji@forstarfoods.com|DailyCatchEntry_New.php
6 Sep 2021 16:15:57|20|shiji@forstarfoods.com|DailyCatchEntry_New.php
6 Sep 2021 16:15:57|20|shiji@forstarfoods.com|DailyCatchEntry_New.php
6 Sep 2021 16:16:05|20|shiji@forstarfoods.com|DailyCatchEntry_New.php
6 Sep 2021 16:16:05|20|shiji@forstarfoods.com|DailyCatchEntry_New.php
6 Sep 2021 16:16:05|20|shiji@forstarfoods.com|DailyCatchEntry_New.php
6 Sep 2021 16:16:07|20|shiji@forstarfoods.com|DailyCatchEntry_New.php
6 Sep 2021 16:16:08|20|shiji@forstarfoods.com|CatchEntryDeclaredItem.php
6 Sep 2021 16:16:15|20|shiji@forstarfoods.com|DailyCatchEntry_New.php
6 Sep 2021 16:16:17|20|shiji@forstarfoods.com|DailyCatchEntry_New.php
6 Sep 2021 16:16:18|20|shiji@forstarfoods.com|DailyCatchEntry_New.php
6 Sep 2021 16:16:19|20|shiji@forstarfoods.com|DailyCatchEntry_New.php
6 Sep 2021 16:16:19|20|shiji@forstarfoods.com|DailyCatchEntry_New.php
6 Sep 2021 16:16:19|20|shiji@forstarfoods.com|DailyCatchEntry_New.php
6 Sep 2021 16:16:23|20|shiji@forstarfoods.com|DailyCatchEntry_New.php
6 Sep 2021 16:16:23|20|shiji@forstarfoods.com|DailyCatchEntry_New.php
6 Sep 2021 16:16:24|20|shiji@forstarfoods.com|DailyCatchEntry_New.php
6 Sep 2021 16:16:25|20|shiji@forstarfoods.com|DailyCatchEntry_New.php
6 Sep 2021 16:16:26|20|shiji@forstarfoods.com|CatchEntryDeclaredItem.php
6 Sep 2021 16:16:35|20|shiji@forstarfoods.com|DailyCatchEntry_New.php
6 Sep 2021 16:16:37|20|shiji@forstarfoods.com|DailyCatchEntry_New.php
6 Sep 2021 16:16:44|20|shiji@forstarfoods.com|DailyCatchEntry_New.php
6 Sep 2021 16:16:44|20|shiji@forstarfoods.com|DailyCatchEntry_New.php
6 Sep 2021 16:16:45|20|shiji@forstarfoods.com|DailyCatchEntry_New.php
6 Sep 2021 16:16:45|20|shiji@forstarfoods.com|DailyCatchEntry_New.php
6 Sep 2021 16:16:50|20|shiji@forstarfoods.com|DailyCatchEntry_New.php
6 Sep 2021 16:16:51|20|shiji@forstarfoods.com|DailyCatchEntry_New.php
6 Sep 2021 16:16:54|20|shiji@forstarfoods.com|DailyCatchEntry_New.php
6 Sep 2021 16:16:55|20|shiji@forstarfoods.com|DailyCatchEntry_New.php
6 Sep 2021 16:16:56|20|shiji@forstarfoods.com|CatchEntryDeclaredItem.php
6 Sep 2021 16:16:58|20|shiji@forstarfoods.com|DailyCatchEntry_New.php
6 Sep 2021 16:16:58|20|shiji@forstarfoods.com|DailyCatchEntry_New.php
6 Sep 2021 16:16:59|20|shiji@forstarfoods.com|DailyCatchEntry_New.php
6 Sep 2021 16:17:07|20|shiji@forstarfoods.com|DailyCatchEntry_New.php
6 Sep 2021 16:17:11|20|shiji@forstarfoods.com|DailyCatchEntry_New.php
6 Sep 2021 16:17:11|20|shiji@forstarfoods.com|CatchEntryDeclaredItem.php
6 Sep 2021 16:17:20|20|shiji@forstarfoods.com|DailyCatchEntry_New.php
6 Sep 2021 16:17:20|20|shiji@forstarfoods.com|DailyCatchEntry_New.php
6 Sep 2021 16:17:21|20|shiji@forstarfoods.com|DailyCatchEntry_New.php
6 Sep 2021 16:17:21|20|shiji@forstarfoods.com|DailyCatchEntry_New.php
6 Sep 2021 16:17:21|20|shiji@forstarfoods.com|DailyCatchEntry_New.php
6 Sep 2021 16:17:21|20|shiji@forstarfoods.com|DailyCatchEntry_New.php
6 Sep 2021 16:17:32|20|shiji@forstarfoods.com|DailyCatchEntry_New.php
6 Sep 2021 16:17:33|20|shiji@forstarfoods.com|DailyCatchEntry_New.php
6 Sep 2021 16:17:35|20|shiji@forstarfoods.com|DailyCatchEntry_New.php
6 Sep 2021 16:17:37|20|shiji@forstarfoods.com|DailyCatchEntry_New.php
6 Sep 2021 16:17:37|20|shiji@forstarfoods.com|DailyCatchEntry_New.php
6 Sep 2021 16:17:38|20|shiji@forstarfoods.com|DailyCatchEntry_New.php
6 Sep 2021 16:17:38|20|shiji@forstarfoods.com|DailyCatchEntry_New.php
6 Sep 2021 16:17:39|20|shiji@forstarfoods.com|DailyCatchEntry_New.php
6 Sep 2021 16:17:40|20|shiji@forstarfoods.com|DailyCatchEntry_New.php
6 Sep 2021 16:17:47|20|shiji@forstarfoods.com|DailyCatchEntry_New.php
6 Sep 2021 16:17:48|20|shiji@forstarfoods.com|DailyCatchEntry_New.php
6 Sep 2021 16:17:49|20|shiji@forstarfoods.com|CatchEntryDeclaredItem.php
6 Sep 2021 16:17:55|20|shiji@forstarfoods.com|DailyCatchEntry_New.php
6 Sep 2021 16:17:56|20|shiji@forstarfoods.com|DailyCatchEntry_New.php
6 Sep 2021 16:17:58|20|shiji@forstarfoods.com|DailyCatchEntry_New.php
6 Sep 2021 16:17:59|20|shiji@forstarfoods.com|DailyCatchEntry_New.php
6 Sep 2021 16:17:59|20|shiji@forstarfoods.com|DailyCatchEntry_New.php
6 Sep 2021 16:17:59|20|shiji@forstarfoods.com|DailyCatchEntry_New.php
6 Sep 2021 16:18:00|20|shiji@forstarfoods.com|DailyCatchEntry_New.php
6 Sep 2021 16:18:00|20|shiji@forstarfoods.com|DailyCatchEntry_New.php
6 Sep 2021 16:18:01|20|shiji@forstarfoods.com|DailyCatchEntry_New.php
6 Sep 2021 16:18:02|20|shiji@forstarfoods.com|DailyCatchEntry_New.php
6 Sep 2021 16:18:03|20|shiji@forstarfoods.com|CatchEntryDeclaredItem.php
6 Sep 2021 16:18:10|20|shiji@forstarfoods.com|DailyCatchEntry_New.php
6 Sep 2021 16:18:11|20|shiji@forstarfoods.com|DailyCatchEntry_New.php
6 Sep 2021 16:18:13|20|shiji@forstarfoods.com|DailyCatchEntry_New.php
6 Sep 2021 16:18:14|20|shiji@forstarfoods.com|DailyCatchEntry_New.php
6 Sep 2021 16:18:14|20|shiji@forstarfoods.com|DailyCatchEntry_New.php
6 Sep 2021 16:18:14|20|shiji@forstarfoods.com|DailyCatchEntry_New.php
6 Sep 2021 16:18:18|20|shiji@forstarfoods.com|DailyCatchEntry_New.php
6 Sep 2021 16:18:18|20|shiji@forstarfoods.com|DailyCatchEntry_New.php
6 Sep 2021 16:18:21|20|shiji@forstarfoods.com|DailyCatchEntry_New.php
6 Sep 2021 16:18:22|20|shiji@forstarfoods.com|DailyCatchEntry_New.php
6 Sep 2021 16:18:23|20|shiji@forstarfoods.com|CatchEntryDeclaredItem.php
6 Sep 2021 16:18:30|20|shiji@forstarfoods.com|DailyCatchEntry_New.php
6 Sep 2021 16:18:32|20|shiji@forstarfoods.com|DailyCatchEntry_New.php
6 Sep 2021 16:18:33|20|shiji@forstarfoods.com|DailyCatchEntry_New.php
6 Sep 2021 16:18:34|20|shiji@forstarfoods.com|DailyCatchEntry_New.php
6 Sep 2021 16:18:34|20|shiji@forstarfoods.com|DailyCatchEntry_New.php
6 Sep 2021 16:18:34|20|shiji@forstarfoods.com|DailyCatchEntry_New.php
6 Sep 2021 16:18:35|20|shiji@forstarfoods.com|DailyCatchEntry_New.php
6 Sep 2021 16:18:36|20|shiji@forstarfoods.com|DailyCatchEntry_New.php
6 Sep 2021 16:18:38|20|shiji@forstarfoods.com|DailyCatchEntry_New.php
6 Sep 2021 16:18:39|20|shiji@forstarfoods.com|DailyCatchEntry_New.php
6 Sep 2021 16:18:44|20|shiji@forstarfoods.com|CatchEntryDeclaredItem.php
6 Sep 2021 16:18:46|20|shiji@forstarfoods.com|DailyCatchEntry_New.php
6 Sep 2021 16:18:46|20|shiji@forstarfoods.com|DailyCatchEntry_New.php
6 Sep 2021 16:18:47|20|shiji@forstarfoods.com|DailyCatchEntry_New.php
6 Sep 2021 16:18:51|20|shiji@forstarfoods.com|DailyCatchEntry_New.php
6 Sep 2021 16:18:54|20|shiji@forstarfoods.com|DailyCatchEntry_New.php
6 Sep 2021 16:18:55|20|shiji@forstarfoods.com|CatchEntryDeclaredItem.php
6 Sep 2021 16:19:07|20|shiji@forstarfoods.com|DailyCatchEntry_New.php
6 Sep 2021 16:19:07|20|shiji@forstarfoods.com|DailyCatchEntry_New.php
6 Sep 2021 16:19:07|20|shiji@forstarfoods.com|DailyCatchEntry_New.php
6 Sep 2021 16:19:08|20|shiji@forstarfoods.com|DailyCatchEntry_New.php
6 Sep 2021 16:19:08|20|shiji@forstarfoods.com|DailyCatchEntry_New.php
6 Sep 2021 16:19:08|20|shiji@forstarfoods.com|DailyCatchEntry_New.php
6 Sep 2021 16:19:26|20|shiji@forstarfoods.com|DailyCatchEntry_New.php
6 Sep 2021 16:19:28|20|shiji@forstarfoods.com|DailyCatchEntry_New.php
6 Sep 2021 16:19:29|20|shiji@forstarfoods.com|DailyCatchEntry_New.php
6 Sep 2021 16:19:31|20|shiji@forstarfoods.com|DailyCatchEntry_New.php
6 Sep 2021 16:19:31|20|shiji@forstarfoods.com|DailyCatchEntry_New.php
6 Sep 2021 16:19:32|20|shiji@forstarfoods.com|DailyCatchEntry_New.php
6 Sep 2021 16:19:32|20|shiji@forstarfoods.com|DailyCatchEntry_New.php
6 Sep 2021 16:19:32|20|shiji@forstarfoods.com|DailyCatchEntry_New.php
6 Sep 2021 16:19:33|20|shiji@forstarfoods.com|DailyCatchEntry_New.php
6 Sep 2021 16:19:34|20|shiji@forstarfoods.com|DailyCatchEntry_New.php
6 Sep 2021 16:19:43|20|shiji@forstarfoods.com|DailyCatchEntry_New.php
6 Sep 2021 16:19:44|20|shiji@forstarfoods.com|DailyCatchEntry_New.php
6 Sep 2021 16:19:45|20|shiji@forstarfoods.com|CatchEntryDeclaredItem.php
6 Sep 2021 16:19:52|20|shiji@forstarfoods.com|DailyCatchEntry_New.php
6 Sep 2021 16:19:54|20|shiji@forstarfoods.com|DailyCatchEntry_New.php
6 Sep 2021 16:19:55|20|shiji@forstarfoods.com|DailyCatchEntry_New.php
6 Sep 2021 16:19:55|20|shiji@forstarfoods.com|DailyCatchEntry_New.php
6 Sep 2021 16:19:56|20|shiji@forstarfoods.com|DailyCatchEntry_New.php
6 Sep 2021 16:19:56|20|shiji@forstarfoods.com|DailyCatchEntry_New.php
6 Sep 2021 16:20:00|20|shiji@forstarfoods.com|DailyCatchEntry_New.php
6 Sep 2021 16:20:01|20|shiji@forstarfoods.com|DailyCatchEntry_New.php
6 Sep 2021 16:20:01|20|shiji@forstarfoods.com|DailyCatchEntry_New.php
6 Sep 2021 16:20:03|20|shiji@forstarfoods.com|DailyCatchEntry_New.php
6 Sep 2021 16:20:04|20|shiji@forstarfoods.com|CatchEntryDeclaredItem.php
6 Sep 2021 16:20:10|20|shiji@forstarfoods.com|DailyCatchEntry_New.php
6 Sep 2021 16:20:12|20|shiji@forstarfoods.com|DailyCatchEntry_New.php
6 Sep 2021 16:20:14|20|shiji@forstarfoods.com|DailyCatchEntry_New.php
6 Sep 2021 16:20:14|20|shiji@forstarfoods.com|DailyCatchEntry_New.php
6 Sep 2021 16:20:15|20|shiji@forstarfoods.com|DailyCatchEntry_New.php
6 Sep 2021 16:20:15|20|shiji@forstarfoods.com|DailyCatchEntry_New.php
6 Sep 2021 16:20:18|20|shiji@forstarfoods.com|DailyCatchEntry_New.php
6 Sep 2021 16:20:18|20|shiji@forstarfoods.com|DailyCatchEntry_New.php
6 Sep 2021 16:20:19|20|shiji@forstarfoods.com|DailyCatchEntry_New.php
6 Sep 2021 16:20:20|20|shiji@forstarfoods.com|DailyCatchEntry_New.php
6 Sep 2021 16:20:22|20|shiji@forstarfoods.com|CatchEntryDeclaredItem.php
6 Sep 2021 16:20:30|20|shiji@forstarfoods.com|DailyCatchEntry_New.php
6 Sep 2021 16:20:31|20|shiji@forstarfoods.com|DailyCatchEntry_New.php
6 Sep 2021 16:20:34|20|shiji@forstarfoods.com|DailyCatchEntry_New.php
6 Sep 2021 16:20:34|20|shiji@forstarfoods.com|DailyCatchEntry_New.php
6 Sep 2021 16:20:35|20|shiji@forstarfoods.com|DailyCatchEntry_New.php
6 Sep 2021 16:20:35|20|shiji@forstarfoods.com|DailyCatchEntry_New.php
6 Sep 2021 16:20:36|20|shiji@forstarfoods.com|DailyCatchEntry_New.php
6 Sep 2021 16:20:36|20|shiji@forstarfoods.com|DailyCatchEntry_New.php
6 Sep 2021 16:20:37|20|shiji@forstarfoods.com|DailyCatchEntry_New.php
6 Sep 2021 16:20:40|20|shiji@forstarfoods.com|DailyCatchEntry_New.php
6 Sep 2021 16:20:41|20|shiji@forstarfoods.com|CatchEntryDeclaredItem.php
6 Sep 2021 16:20:43|20|shiji@forstarfoods.com|DailyCatchEntry_New.php
6 Sep 2021 16:20:43|20|shiji@forstarfoods.com|DailyCatchEntry_New.php
6 Sep 2021 16:20:43|20|shiji@forstarfoods.com|DailyCatchEntry_New.php
6 Sep 2021 16:20:49|20|shiji@forstarfoods.com|DailyCatchEntry_New.php
6 Sep 2021 16:20:53|20|shiji@forstarfoods.com|DailyCatchEntry_New.php
6 Sep 2021 16:20:54|20|shiji@forstarfoods.com|CatchEntryDeclaredItem.php
6 Sep 2021 16:21:02|20|shiji@forstarfoods.com|DailyCatchEntry_New.php
6 Sep 2021 16:21:02|20|shiji@forstarfoods.com|DailyCatchEntry_New.php
6 Sep 2021 16:21:03|20|shiji@forstarfoods.com|DailyCatchEntry_New.php
6 Sep 2021 16:21:03|20|shiji@forstarfoods.com|DailyCatchEntry_New.php
6 Sep 2021 16:21:03|20|shiji@forstarfoods.com|DailyCatchEntry_New.php
6 Sep 2021 16:21:03|20|shiji@forstarfoods.com|DailyCatchEntry_New.php
6 Sep 2021 16:21:14|20|shiji@forstarfoods.com|DailyCatchEntry_New.php
6 Sep 2021 16:21:14|29|kavitha@forstarfoods.com|SupplierAccount.php
6 Sep 2021 16:21:16|20|shiji@forstarfoods.com|DailyCatchEntry_New.php
6 Sep 2021 16:21:16|20|shiji@forstarfoods.com|DailyCatchEntry_New.php
6 Sep 2021 16:21:19|20|shiji@forstarfoods.com|DailyCatchEntry_New.php
6 Sep 2021 16:21:20|20|shiji@forstarfoods.com|DailyCatchEntry_New.php
6 Sep 2021 16:21:20|29|kavitha@forstarfoods.com|SupplierAccount.php
6 Sep 2021 16:21:22|20|shiji@forstarfoods.com|DailyCatchEntry_New.php
6 Sep 2021 16:21:22|20|shiji@forstarfoods.com|DailyCatchEntry_New.php
6 Sep 2021 16:21:23|20|shiji@forstarfoods.com|DailyCatchEntry_New.php
6 Sep 2021 16:21:23|20|shiji@forstarfoods.com|DailyCatchEntry_New.php
6 Sep 2021 16:21:23|20|shiji@forstarfoods.com|DailyCatchEntry_New.php
6 Sep 2021 16:21:23|20|shiji@forstarfoods.com|DailyCatchEntry_New.php
6 Sep 2021 16:21:24|20|shiji@forstarfoods.com|DailyCatchEntry_New.php
6 Sep 2021 16:21:24|20|shiji@forstarfoods.com|DailyCatchEntry_New.php
6 Sep 2021 16:21:24|29|kavitha@forstarfoods.com|SupplierAccount.php
6 Sep 2021 16:21:24|20|shiji@forstarfoods.com|DailyCatchEntry_New.php
6 Sep 2021 16:21:25|20|shiji@forstarfoods.com|DailyCatchEntry_New.php
6 Sep 2021 16:21:27|29|kavitha@forstarfoods.com|SupplierAccount.php
6 Sep 2021 16:21:31|29|kavitha@forstarfoods.com|SupplierAccount.php
6 Sep 2021 16:21:39|20|shiji@forstarfoods.com|DailyCatchEntry_New.php
6 Sep 2021 16:21:40|20|shiji@forstarfoods.com|DailyCatchEntry_New.php
6 Sep 2021 16:21:41|20|shiji@forstarfoods.com|CatchEntryDeclaredItem.php
6 Sep 2021 16:21:43|20|shiji@forstarfoods.com|DailyCatchEntry_New.php
6 Sep 2021 16:21:44|20|shiji@forstarfoods.com|DailyCatchEntry_New.php
6 Sep 2021 16:21:44|20|shiji@forstarfoods.com|DailyCatchEntry_New.php
6 Sep 2021 16:21:48|20|shiji@forstarfoods.com|DailyCatchEntry_New.php
6 Sep 2021 16:21:51|20|shiji@forstarfoods.com|DailyCatchEntry_New.php
6 Sep 2021 16:21:51|20|shiji@forstarfoods.com|CatchEntryDeclaredItem.php
6 Sep 2021 16:22:00|20|shiji@forstarfoods.com|DailyCatchEntry_New.php
6 Sep 2021 16:22:00|20|shiji@forstarfoods.com|DailyCatchEntry_New.php
6 Sep 2021 16:22:01|20|shiji@forstarfoods.com|DailyCatchEntry_New.php
6 Sep 2021 16:22:01|20|shiji@forstarfoods.com|DailyCatchEntry_New.php
6 Sep 2021 16:22:01|20|shiji@forstarfoods.com|DailyCatchEntry_New.php
6 Sep 2021 16:22:01|20|shiji@forstarfoods.com|DailyCatchEntry_New.php
6 Sep 2021 16:22:08|20|shiji@forstarfoods.com|DailyCatchEntry_New.php
6 Sep 2021 16:22:09|20|shiji@forstarfoods.com|DailyCatchEntry_New.php
6 Sep 2021 16:22:11|20|shiji@forstarfoods.com|DailyCatchEntry_New.php
6 Sep 2021 16:22:12|20|shiji@forstarfoods.com|DailyCatchEntry_New.php
6 Sep 2021 16:22:13|20|shiji@forstarfoods.com|DailyCatchEntry_New.php
6 Sep 2021 16:22:13|20|shiji@forstarfoods.com|DailyCatchEntry_New.php
6 Sep 2021 16:22:13|20|shiji@forstarfoods.com|DailyCatchEntry_New.php
6 Sep 2021 16:22:14|20|shiji@forstarfoods.com|DailyCatchEntry_New.php
6 Sep 2021 16:22:14|20|shiji@forstarfoods.com|DailyCatchEntry_New.php
6 Sep 2021 16:22:14|20|shiji@forstarfoods.com|DailyCatchEntry_New.php
6 Sep 2021 16:22:14|20|shiji@forstarfoods.com|DailyCatchEntry_New.php
6 Sep 2021 16:22:15|20|shiji@forstarfoods.com|DailyCatchEntry_New.php
6 Sep 2021 16:22:15|20|shiji@forstarfoods.com|DailyCatchEntry_New.php
6 Sep 2021 16:22:20|20|shiji@forstarfoods.com|DailyCatchEntry_New.php
6 Sep 2021 16:22:25|20|shiji@forstarfoods.com|DailyCatchEntry_New.php
6 Sep 2021 16:22:27|20|shiji@forstarfoods.com|CatchEntryDeclaredItem.php
6 Sep 2021 16:22:29|20|shiji@forstarfoods.com|DailyCatchEntry_New.php
6 Sep 2021 16:22:29|20|shiji@forstarfoods.com|DailyCatchEntry_New.php
6 Sep 2021 16:22:29|20|shiji@forstarfoods.com|DailyCatchEntry_New.php
6 Sep 2021 16:22:33|29|kavitha@forstarfoods.com|SupplierAccount.php
6 Sep 2021 16:22:34|20|shiji@forstarfoods.com|DailyCatchEntry_New.php
6 Sep 2021 16:22:38|20|shiji@forstarfoods.com|DailyCatchEntry_New.php
6 Sep 2021 16:22:38|20|shiji@forstarfoods.com|CatchEntryDeclaredItem.php
6 Sep 2021 16:22:38|29|kavitha@forstarfoods.com|SupplierAccount.php
6 Sep 2021 16:22:41|29|kavitha@forstarfoods.com|SupplierAccount.php
6 Sep 2021 16:22:53|20|shiji@forstarfoods.com|DailyCatchEntry_New.php
6 Sep 2021 16:22:53|20|shiji@forstarfoods.com|DailyCatchEntry_New.php
6 Sep 2021 16:22:53|20|shiji@forstarfoods.com|DailyCatchEntry_New.php
6 Sep 2021 16:22:53|20|shiji@forstarfoods.com|DailyCatchEntry_New.php
6 Sep 2021 16:22:54|20|shiji@forstarfoods.com|DailyCatchEntry_New.php
6 Sep 2021 16:22:54|20|shiji@forstarfoods.com|DailyCatchEntry_New.php
6 Sep 2021 16:23:01|20|shiji@forstarfoods.com|DailyCatchEntry_New.php
6 Sep 2021 16:23:01|20|shiji@forstarfoods.com|DailyCatchEntry_New.php
6 Sep 2021 16:23:03|20|shiji@forstarfoods.com|DailyCatchEntry_New.php
6 Sep 2021 16:23:05|20|shiji@forstarfoods.com|DailyCatchEntry_New.php
6 Sep 2021 16:23:05|20|shiji@forstarfoods.com|DailyCatchEntry_New.php
6 Sep 2021 16:23:05|20|shiji@forstarfoods.com|DailyCatchEntry_New.php
6 Sep 2021 16:23:06|20|shiji@forstarfoods.com|DailyCatchEntry_New.php
6 Sep 2021 16:23:06|20|shiji@forstarfoods.com|DailyCatchEntry_New.php
6 Sep 2021 16:23:07|20|shiji@forstarfoods.com|DailyCatchEntry_New.php
6 Sep 2021 16:23:13|20|shiji@forstarfoods.com|DailyCatchEntry_New.php
6 Sep 2021 16:23:14|20|shiji@forstarfoods.com|DailyCatchEntry_New.php
6 Sep 2021 16:23:15|20|shiji@forstarfoods.com|CatchEntryDeclaredItem.php
6 Sep 2021 16:23:22|20|shiji@forstarfoods.com|DailyCatchEntry_New.php
6 Sep 2021 16:23:24|20|shiji@forstarfoods.com|DailyCatchEntry_New.php
6 Sep 2021 16:23:25|20|shiji@forstarfoods.com|DailyCatchEntry_New.php
6 Sep 2021 16:23:26|20|shiji@forstarfoods.com|DailyCatchEntry_New.php
6 Sep 2021 16:23:26|20|shiji@forstarfoods.com|DailyCatchEntry_New.php
6 Sep 2021 16:23:26|20|shiji@forstarfoods.com|DailyCatchEntry_New.php
6 Sep 2021 16:23:27|20|shiji@forstarfoods.com|DailyCatchEntry_New.php
6 Sep 2021 16:23:27|20|shiji@forstarfoods.com|DailyCatchEntry_New.php
6 Sep 2021 16:23:28|20|shiji@forstarfoods.com|DailyCatchEntry_New.php
6 Sep 2021 16:23:29|20|shiji@forstarfoods.com|DailyCatchEntry_New.php
6 Sep 2021 16:24:06|20|shiji@forstarfoods.com|CatchEntryDeclaredItem.php
6 Sep 2021 16:24:34|20|shiji@forstarfoods.com|DailyCatchEntry_New.php
6 Sep 2021 16:27:13|29|kavitha@forstarfoods.com|SupplierAccount.php
6 Sep 2021 16:27:53|29|kavitha@forstarfoods.com|SupplierAccount.php
6 Sep 2021 16:27:58|29|kavitha@forstarfoods.com|SupplierAccount.php
6 Sep 2021 16:28:00|29|kavitha@forstarfoods.com|SupplierAccount.php
6 Sep 2021 16:28:03|29|kavitha@forstarfoods.com|SupplierAccount.php
6 Sep 2021 16:28:44|29|kavitha@forstarfoods.com|SupplierAccount.php
6 Sep 2021 16:28:54|29|kavitha@forstarfoods.com|SupplierAccount.php
6 Sep 2021 16:29:35|20|shiji@forstarfoods.com|DailyCatchEntry_New.php
6 Sep 2021 16:34:35|20|shiji@forstarfoods.com|DailyCatchEntry_New.php
6 Sep 2021 16:39:58|20|shiji@forstarfoods.com|DailyCatchEntry_New.php
6 Sep 2021 16:44:59|20|shiji@forstarfoods.com|DailyCatchEntry_New.php
6 Sep 2021 16:50:00|20|shiji@forstarfoods.com|DailyCatchEntry_New.php
6 Sep 2021 16:55:01|20|shiji@forstarfoods.com|DailyCatchEntry_New.php
6 Sep 2021 17:00:01|20|shiji@forstarfoods.com|DailyCatchEntry_New.php
6 Sep 2021 17:05:01|20|shiji@forstarfoods.com|DailyCatchEntry_New.php
6 Sep 2021 17:10:02|20|shiji@forstarfoods.com|DailyCatchEntry_New.php
6 Sep 2021 17:15:02|20|shiji@forstarfoods.com|DailyCatchEntry_New.php
6 Sep 2021 17:20:03|20|shiji@forstarfoods.com|DailyCatchEntry_New.php
6 Sep 2021 17:25:03|20|shiji@forstarfoods.com|DailyCatchEntry_New.php
6 Sep 2021 17:30:03|20|shiji@forstarfoods.com|DailyCatchEntry_New.php
6 Sep 2021 17:35:04|20|shiji@forstarfoods.com|DailyCatchEntry_New.php
6 Sep 2021 17:40:05|20|shiji@forstarfoods.com|DailyCatchEntry_New.php
7 Sep 2021 10:14:58|20|shiji@forstarfoods.com|Home.php
7 Sep 2021 10:15:10|20|shiji@forstarfoods.com|SupplierAccount.php
7 Sep 2021 10:15:27|20|shiji@forstarfoods.com|SupplierAccount.php
7 Sep 2021 10:16:29|20|shiji@forstarfoods.com|SupplierAccount.php
7 Sep 2021 10:17:08|20|shiji@forstarfoods.com|SupplierAccount.php
7 Sep 2021 10:17:11|20|shiji@forstarfoods.com|SupplierAccount.php
7 Sep 2021 10:17:29|20|shiji@forstarfoods.com|SupplierAccount.php
7 Sep 2021 10:17:36|20|shiji@forstarfoods.com|SupplierAccount.php
7 Sep 2021 10:18:00|20|shiji@forstarfoods.com|SupplierAccount.php
7 Sep 2021 10:18:03|20|shiji@forstarfoods.com|SupplierAccount.php
7 Sep 2021 10:18:27|20|shiji@forstarfoods.com|SupplierAccount.php
7 Sep 2021 10:18:30|20|shiji@forstarfoods.com|SupplierAccount.php
7 Sep 2021 10:19:19|20|shiji@forstarfoods.com|SupplierAccount.php
7 Sep 2021 10:19:23|20|shiji@forstarfoods.com|SupplierAccount.php
7 Sep 2021 10:20:02|20|shiji@forstarfoods.com|SupplierAccount.php
7 Sep 2021 10:20:13|20|shiji@forstarfoods.com|SettlementSummary.php
7 Sep 2021 10:20:46|20|shiji@forstarfoods.com|SettlementSummary.php
7 Sep 2021 10:20:49|20|shiji@forstarfoods.com|SupplierPayments.php
7 Sep 2021 10:20:50|20|shiji@forstarfoods.com|SupplierPayments.php
7 Sep 2021 10:20:50|20|shiji@forstarfoods.com|SupplierPayments.php
7 Sep 2021 10:21:08|20|shiji@forstarfoods.com|SupplierAccount.php
7 Sep 2021 10:21:19|20|shiji@forstarfoods.com|SupplierAccount.php
7 Sep 2021 10:21:22|20|shiji@forstarfoods.com|SupplierAccount.php
7 Sep 2021 10:21:45|20|shiji@forstarfoods.com|SupplierAccount.php
7 Sep 2021 10:21:48|20|shiji@forstarfoods.com|SupplierAccount.php
7 Sep 2021 10:22:05|20|shiji@forstarfoods.com|SupplierAccount.php
7 Sep 2021 10:22:08|20|shiji@forstarfoods.com|SupplierAccount.php
7 Sep 2021 10:22:34|20|shiji@forstarfoods.com|SupplierAccount.php
7 Sep 2021 10:22:37|20|shiji@forstarfoods.com|SupplierAccount.php
7 Sep 2021 10:23:03|20|shiji@forstarfoods.com|SupplierAccount.php
7 Sep 2021 10:23:36|20|shiji@forstarfoods.com|DailyCatchReport.php
7 Sep 2021 10:23:52|20|shiji@forstarfoods.com|DailyCatchReport.php
7 Sep 2021 10:23:55|20|shiji@forstarfoods.com|DailyCatchReport.php
7 Sep 2021 10:23:57|20|shiji@forstarfoods.com|DailyCatchReport.php
7 Sep 2021 10:23:58|20|shiji@forstarfoods.com|DailyCatchReport.php
7 Sep 2021 10:23:58|20|shiji@forstarfoods.com|DailyCatchReport.php
7 Sep 2021 10:24:02|20|shiji@forstarfoods.com|PrintDailyCatchReportMemo.php
7 Sep 2021 10:24:13|20|shiji@forstarfoods.com|DailyCatchReport.php
7 Sep 2021 10:24:14|20|shiji@forstarfoods.com|DailyCatchReport.php
7 Sep 2021 10:24:14|20|shiji@forstarfoods.com|DailyCatchReport.php
7 Sep 2021 10:24:16|20|shiji@forstarfoods.com|SupplierAccount.php
7 Sep 2021 10:24:20|20|shiji@forstarfoods.com|SupplierAccount.php
7 Sep 2021 10:24:23|20|shiji@forstarfoods.com|SupplierAccount.php
7 Sep 2021 10:24:25|20|shiji@forstarfoods.com|SupplierAccount.php
7 Sep 2021 10:24:29|20|shiji@forstarfoods.com|SupplierAccount.php
7 Sep 2021 10:25:02|20|shiji@forstarfoods.com|SupplierAccount.php
7 Sep 2021 10:49:16|20|shiji@forstarfoods.com|SupplierAccount.php
7 Sep 2021 10:49:29|20|shiji@forstarfoods.com|SupplierAccount.php
7 Sep 2021 10:49:57|20|shiji@forstarfoods.com|SupplierAccount.php
7 Sep 2021 10:50:01|20|shiji@forstarfoods.com|DailyCatchReport.php
7 Sep 2021 10:50:05|20|shiji@forstarfoods.com|DailyCatchSummary.php
7 Sep 2021 10:50:07|20|shiji@forstarfoods.com|DailyCatchSummary.php
7 Sep 2021 10:50:12|20|shiji@forstarfoods.com|DailyCatchSummary.php
7 Sep 2021 10:50:13|20|shiji@forstarfoods.com|DailyCatchSummary.php
7 Sep 2021 10:50:22|20|shiji@forstarfoods.com|DailyCatchSummary.php
7 Sep 2021 10:50:27|20|shiji@forstarfoods.com|DailyCatchSummary.php
7 Sep 2021 10:55:32|29|kavitha@forstarfoods.com|Home.php
7 Sep 2021 10:55:38|29|kavitha@forstarfoods.com|DailyCatchSummary.php
7 Sep 2021 10:55:41|29|kavitha@forstarfoods.com|DailyCatchSummary.php
7 Sep 2021 10:55:56|29|kavitha@forstarfoods.com|DailyCatchSummary.php
7 Sep 2021 10:58:28|20|shiji@forstarfoods.com|DailyCatchEntry_New.php
7 Sep 2021 10:58:29|20|shiji@forstarfoods.com|DailyCatchEntry_New.php
7 Sep 2021 10:58:30|20|shiji@forstarfoods.com|DailyCatchEntry_New.php
7 Sep 2021 10:58:31|20|shiji@forstarfoods.com|DailyCatchEntry_New.php
7 Sep 2021 10:58:31|20|shiji@forstarfoods.com|DailyCatchEntry_New.php
7 Sep 2021 10:58:31|20|shiji@forstarfoods.com|CatchEntryDeclaredItem.php
7 Sep 2021 10:58:32|20|shiji@forstarfoods.com|DailyCatchEntry_New.php
7 Sep 2021 10:58:34|20|shiji@forstarfoods.com|DailyCatchEntry_New.php
7 Sep 2021 10:58:35|20|shiji@forstarfoods.com|DailyCatchEntry_New.php
7 Sep 2021 10:58:35|20|shiji@forstarfoods.com|DailyCatchEntry_New.php
7 Sep 2021 10:58:35|20|shiji@forstarfoods.com|DailyCatchEntry_New.php
7 Sep 2021 10:58:35|20|shiji@forstarfoods.com|DailyCatchEntry_New.php
7 Sep 2021 10:58:37|20|shiji@forstarfoods.com|DailyCatchEntry_New.php
7 Sep 2021 10:58:37|20|shiji@forstarfoods.com|DailyCatchEntry_New.php
7 Sep 2021 10:58:37|20|shiji@forstarfoods.com|DailyCatchEntry_New.php
7 Sep 2021 10:58:42|20|shiji@forstarfoods.com|DailyCatchEntry_New.php
7 Sep 2021 10:58:46|20|shiji@forstarfoods.com|DailyCatchEntry_New.php
7 Sep 2021 10:58:46|20|shiji@forstarfoods.com|CatchEntryDeclaredItem.php
7 Sep 2021 10:58:56|20|shiji@forstarfoods.com|DailyCatchEntry_New.php
7 Sep 2021 10:59:02|20|shiji@forstarfoods.com|DailyCatchEntry_New.php
7 Sep 2021 10:59:03|20|shiji@forstarfoods.com|CatchEntryDeclaredItem.php
7 Sep 2021 10:59:28|20|shiji@forstarfoods.com|DailyCatchEntry_New.php
7 Sep 2021 10:59:30|20|shiji@forstarfoods.com|DailyCatchEntry_New.php
7 Sep 2021 10:59:31|20|shiji@forstarfoods.com|DailyCatchEntry_New.php
7 Sep 2021 10:59:48|20|shiji@forstarfoods.com|DailyCatchSummary.php
7 Sep 2021 10:59:50|20|shiji@forstarfoods.com|DailyCatchReport.php
7 Sep 2021 11:00:00|20|shiji@forstarfoods.com|DailyCatchReport.php
7 Sep 2021 11:00:03|20|shiji@forstarfoods.com|DailyCatchReport.php
7 Sep 2021 11:00:04|20|shiji@forstarfoods.com|DailyCatchReport.php
7 Sep 2021 11:00:05|20|shiji@forstarfoods.com|DailyCatchReport.php
7 Sep 2021 11:00:05|20|shiji@forstarfoods.com|DailyCatchReport.php
7 Sep 2021 11:00:07|20|shiji@forstarfoods.com|PrintDailyCatchReportMemo.php
7 Sep 2021 11:00:20|20|shiji@forstarfoods.com|DailyCatchReport.php
7 Sep 2021 11:00:21|20|shiji@forstarfoods.com|DailyCatchReport.php
7 Sep 2021 11:00:21|20|shiji@forstarfoods.com|DailyCatchReport.php
7 Sep 2021 11:00:27|20|shiji@forstarfoods.com|DailyCatchReport.php
7 Sep 2021 11:00:28|20|shiji@forstarfoods.com|DailyCatchReport.php
7 Sep 2021 11:00:29|20|shiji@forstarfoods.com|DailyCatchReport.php
7 Sep 2021 11:00:29|20|shiji@forstarfoods.com|DailyCatchReport.php
7 Sep 2021 11:00:30|20|shiji@forstarfoods.com|DailyCatchReport.php
7 Sep 2021 11:00:31|20|shiji@forstarfoods.com|DailyCatchReport.php
7 Sep 2021 11:00:32|20|shiji@forstarfoods.com|DailyCatchReport.php
7 Sep 2021 11:00:34|20|shiji@forstarfoods.com|PrintDailyCatchReportMemo.php
7 Sep 2021 11:01:05|20|shiji@forstarfoods.com|DailyCatchReport.php
7 Sep 2021 11:01:06|20|shiji@forstarfoods.com|DailyCatchReport.php
7 Sep 2021 11:01:07|20|shiji@forstarfoods.com|DailyCatchReport.php
7 Sep 2021 11:01:14|20|shiji@forstarfoods.com|DailyCatchReport.php
7 Sep 2021 11:01:15|20|shiji@forstarfoods.com|DailyCatchReport.php
7 Sep 2021 11:01:16|20|shiji@forstarfoods.com|DailyCatchReport.php
7 Sep 2021 11:01:16|20|shiji@forstarfoods.com|DailyCatchReport.php
7 Sep 2021 11:01:17|20|shiji@forstarfoods.com|DailyCatchReport.php
7 Sep 2021 11:01:18|20|shiji@forstarfoods.com|DailyCatchReport.php
7 Sep 2021 11:01:19|20|shiji@forstarfoods.com|DailyCatchReport.php
7 Sep 2021 11:01:21|20|shiji@forstarfoods.com|PrintDailyCatchReportMemo.php
7 Sep 2021 11:01:36|20|shiji@forstarfoods.com|DailyCatchReport.php
7 Sep 2021 11:01:37|20|shiji@forstarfoods.com|DailyCatchReport.php
7 Sep 2021 11:01:37|20|shiji@forstarfoods.com|DailyCatchReport.php
7 Sep 2021 11:01:53|20|shiji@forstarfoods.com|DailyCatchReport.php
7 Sep 2021 11:01:54|20|shiji@forstarfoods.com|DailyCatchReport.php
7 Sep 2021 11:01:55|20|shiji@forstarfoods.com|DailyCatchReport.php
7 Sep 2021 11:01:55|20|shiji@forstarfoods.com|DailyCatchReport.php
7 Sep 2021 11:01:57|20|shiji@forstarfoods.com|DailyCatchReport.php
7 Sep 2021 11:01:58|20|shiji@forstarfoods.com|DailyCatchReport.php
7 Sep 2021 11:01:58|20|shiji@forstarfoods.com|DailyCatchReport.php
7 Sep 2021 11:02:00|20|shiji@forstarfoods.com|PrintDailyCatchReportMemo.php
7 Sep 2021 11:02:21|20|shiji@forstarfoods.com|DailyCatchReport.php
7 Sep 2021 11:02:22|20|shiji@forstarfoods.com|DailyCatchReport.php
7 Sep 2021 11:02:22|20|shiji@forstarfoods.com|DailyCatchReport.php
7 Sep 2021 11:02:29|20|shiji@forstarfoods.com|DailyCatchReport.php
7 Sep 2021 11:02:29|20|shiji@forstarfoods.com|DailyCatchReport.php
7 Sep 2021 11:02:30|20|shiji@forstarfoods.com|DailyCatchReport.php
7 Sep 2021 11:02:31|20|shiji@forstarfoods.com|DailyCatchReport.php
7 Sep 2021 11:02:32|20|shiji@forstarfoods.com|DailyCatchReport.php
7 Sep 2021 11:02:33|20|shiji@forstarfoods.com|DailyCatchReport.php
7 Sep 2021 11:02:34|20|shiji@forstarfoods.com|DailyCatchReport.php
7 Sep 2021 11:02:36|20|shiji@forstarfoods.com|PrintDailyCatchReportMemo.php
7 Sep 2021 11:04:49|20|shiji@forstarfoods.com|DailyCatchReport.php
7 Sep 2021 11:04:50|20|shiji@forstarfoods.com|DailyCatchReport.php
7 Sep 2021 11:04:50|20|shiji@forstarfoods.com|DailyCatchReport.php
7 Sep 2021 11:05:00|20|shiji@forstarfoods.com|DailyCatchReport.php
7 Sep 2021 11:05:01|20|shiji@forstarfoods.com|DailyCatchReport.php
7 Sep 2021 11:05:02|20|shiji@forstarfoods.com|DailyCatchReport.php
7 Sep 2021 11:05:03|20|shiji@forstarfoods.com|DailyCatchReport.php
7 Sep 2021 11:05:05|20|shiji@forstarfoods.com|DailyCatchReport.php
7 Sep 2021 11:05:06|20|shiji@forstarfoods.com|DailyCatchReport.php
7 Sep 2021 11:05:06|20|shiji@forstarfoods.com|DailyCatchReport.php
7 Sep 2021 11:05:08|20|shiji@forstarfoods.com|PrintDailyCatchReportMemo.php
7 Sep 2021 11:06:27|20|shiji@forstarfoods.com|DailyCatchReport.php
7 Sep 2021 11:06:28|20|shiji@forstarfoods.com|DailyCatchReport.php
7 Sep 2021 11:06:28|20|shiji@forstarfoods.com|DailyCatchReport.php
7 Sep 2021 11:06:35|20|shiji@forstarfoods.com|DailyCatchReport.php
7 Sep 2021 11:06:36|20|shiji@forstarfoods.com|DailyCatchReport.php
7 Sep 2021 11:06:37|20|shiji@forstarfoods.com|DailyCatchReport.php
7 Sep 2021 11:06:37|20|shiji@forstarfoods.com|DailyCatchReport.php
7 Sep 2021 11:06:55|20|shiji@forstarfoods.com|DailyCatchReport.php
7 Sep 2021 11:06:58|20|shiji@forstarfoods.com|DailyCatchReport.php
7 Sep 2021 11:06:59|20|shiji@forstarfoods.com|DailyCatchReport.php
7 Sep 2021 11:06:59|20|shiji@forstarfoods.com|DailyCatchReport.php
7 Sep 2021 11:07:01|20|shiji@forstarfoods.com|DailyCatchReport.php
7 Sep 2021 11:07:02|20|shiji@forstarfoods.com|DailyCatchReport.php
7 Sep 2021 11:07:02|20|shiji@forstarfoods.com|DailyCatchReport.php
7 Sep 2021 11:07:04|20|shiji@forstarfoods.com|DailyCatchReport.php
7 Sep 2021 11:07:05|20|shiji@forstarfoods.com|DailyCatchReport.php
7 Sep 2021 11:07:05|20|shiji@forstarfoods.com|DailyCatchReport.php
7 Sep 2021 11:07:16|20|shiji@forstarfoods.com|DailyCatchReport.php
7 Sep 2021 11:07:17|20|shiji@forstarfoods.com|DailyCatchReport.php
7 Sep 2021 11:07:18|20|shiji@forstarfoods.com|DailyCatchReport.php
7 Sep 2021 11:07:19|20|shiji@forstarfoods.com|DailyCatchReport.php
7 Sep 2021 11:07:20|20|shiji@forstarfoods.com|DailyCatchReport.php
7 Sep 2021 11:07:21|20|shiji@forstarfoods.com|DailyCatchReport.php
7 Sep 2021 11:07:22|20|shiji@forstarfoods.com|DailyCatchReport.php
7 Sep 2021 11:09:17|20|shiji@forstarfoods.com|DailyCatchReport.php
7 Sep 2021 11:09:18|20|shiji@forstarfoods.com|DailyCatchReport.php
7 Sep 2021 11:09:19|20|shiji@forstarfoods.com|DailyCatchReport.php
7 Sep 2021 11:09:26|20|shiji@forstarfoods.com|DailyCatchReport.php
7 Sep 2021 11:09:27|20|shiji@forstarfoods.com|DailyCatchReport.php
7 Sep 2021 11:09:29|20|shiji@forstarfoods.com|DailyCatchReport.php
7 Sep 2021 11:09:29|20|shiji@forstarfoods.com|DailyCatchReport.php
7 Sep 2021 11:09:32|20|shiji@forstarfoods.com|PrintDailyCatchReportMemo.php
7 Sep 2021 11:10:30|20|shiji@forstarfoods.com|DailyCatchReport.php
7 Sep 2021 11:10:31|20|shiji@forstarfoods.com|DailyCatchReport.php
7 Sep 2021 11:10:31|20|shiji@forstarfoods.com|DailyCatchReport.php
7 Sep 2021 11:10:37|20|shiji@forstarfoods.com|DailyCatchReport.php
7 Sep 2021 11:10:38|20|shiji@forstarfoods.com|DailyCatchReport.php
7 Sep 2021 11:10:39|20|shiji@forstarfoods.com|DailyCatchReport.php
7 Sep 2021 11:10:39|20|shiji@forstarfoods.com|DailyCatchReport.php
7 Sep 2021 11:10:41|20|shiji@forstarfoods.com|DailyCatchReport.php
7 Sep 2021 11:10:42|20|shiji@forstarfoods.com|DailyCatchReport.php
7 Sep 2021 11:10:43|20|shiji@forstarfoods.com|DailyCatchReport.php
7 Sep 2021 11:10:46|20|shiji@forstarfoods.com|PrintDailyCatchReportMemo.php
7 Sep 2021 11:11:03|20|shiji@forstarfoods.com|DailyCatchReport.php
7 Sep 2021 11:11:05|20|shiji@forstarfoods.com|DailyCatchReport.php
7 Sep 2021 11:11:05|20|shiji@forstarfoods.com|DailyCatchReport.php
7 Sep 2021 11:11:12|20|shiji@forstarfoods.com|DailyCatchReport.php
7 Sep 2021 11:11:13|20|shiji@forstarfoods.com|DailyCatchReport.php
7 Sep 2021 11:11:14|20|shiji@forstarfoods.com|DailyCatchReport.php
7 Sep 2021 11:11:15|20|shiji@forstarfoods.com|DailyCatchReport.php
7 Sep 2021 11:11:18|20|shiji@forstarfoods.com|DailyCatchReport.php
7 Sep 2021 11:11:19|20|shiji@forstarfoods.com|DailyCatchReport.php
7 Sep 2021 11:11:20|20|shiji@forstarfoods.com|DailyCatchReport.php
7 Sep 2021 11:11:29|20|shiji@forstarfoods.com|PrintDailyCatchReportMemo.php
7 Sep 2021 11:12:27|20|shiji@forstarfoods.com|DailyCatchEntry_New.php
7 Sep 2021 11:12:30|20|shiji@forstarfoods.com|DailyCatchEntry_New.php
7 Sep 2021 11:12:30|20|shiji@forstarfoods.com|DailyCatchEntry_New.php
7 Sep 2021 11:12:30|20|shiji@forstarfoods.com|DailyCatchEntry_New.php
7 Sep 2021 11:12:35|20|shiji@forstarfoods.com|DailyCatchEntry_New.php
7 Sep 2021 11:12:49|20|shiji@forstarfoods.com|DailyCatchReport.php
7 Sep 2021 11:12:52|20|shiji@forstarfoods.com|DailyCatchEntry_New.php
7 Sep 2021 11:12:55|20|shiji@forstarfoods.com|DailyCatchEntry_New.php
7 Sep 2021 11:12:56|20|shiji@forstarfoods.com|DailyCatchEntry_New.php
7 Sep 2021 11:12:56|20|shiji@forstarfoods.com|DailyCatchEntry_New.php
7 Sep 2021 11:12:59|20|shiji@forstarfoods.com|DailyCatchEntry_New.php
7 Sep 2021 11:12:59|20|shiji@forstarfoods.com|DailyCatchEntry_New.php
7 Sep 2021 11:12:59|20|shiji@forstarfoods.com|DailyCatchEntry_New.php
7 Sep 2021 11:13:03|20|shiji@forstarfoods.com|DailyCatchEntry_New.php
7 Sep 2021 11:13:04|20|shiji@forstarfoods.com|DailyCatchEntry_New.php
7 Sep 2021 11:13:05|20|shiji@forstarfoods.com|DailyCatchEntry_New.php
7 Sep 2021 11:13:06|20|shiji@forstarfoods.com|DailyCatchEntry_New.php
7 Sep 2021 11:13:08|20|shiji@forstarfoods.com|DailyCatchEntry_New.php
7 Sep 2021 11:13:12|20|shiji@forstarfoods.com|DailyCatchEntry_New.php
7 Sep 2021 11:13:12|20|shiji@forstarfoods.com|DailyCatchEntry_New.php
7 Sep 2021 11:13:12|20|shiji@forstarfoods.com|CatchEntryDeclaredItem.php
7 Sep 2021 11:13:12|20|shiji@forstarfoods.com|DailyCatchEntry_New.php
7 Sep 2021 11:13:13|20|shiji@forstarfoods.com|CatchEntryDeclaredItem.php
7 Sep 2021 11:13:17|20|shiji@forstarfoods.com|DailyCatchEntry_New.php
7 Sep 2021 11:13:21|20|shiji@forstarfoods.com|DailyCatchEntry_New.php
7 Sep 2021 11:13:23|20|shiji@forstarfoods.com|DailyCatchEntry_New.php
7 Sep 2021 11:13:25|20|shiji@forstarfoods.com|DailyCatchEntry_New.php
7 Sep 2021 11:13:29|20|shiji@forstarfoods.com|DailyCatchReport.php
7 Sep 2021 11:13:38|20|shiji@forstarfoods.com|DailyCatchReport.php
7 Sep 2021 11:13:40|20|shiji@forstarfoods.com|DailyCatchReport.php
7 Sep 2021 11:13:41|20|shiji@forstarfoods.com|DailyCatchReport.php
7 Sep 2021 11:13:41|20|shiji@forstarfoods.com|DailyCatchReport.php
7 Sep 2021 11:13:47|20|shiji@forstarfoods.com|DailyCatchReport.php
7 Sep 2021 11:13:48|20|shiji@forstarfoods.com|DailyCatchReport.php
7 Sep 2021 11:13:49|20|shiji@forstarfoods.com|DailyCatchReport.php
7 Sep 2021 11:13:52|20|shiji@forstarfoods.com|PrintDailyCatchReportMemo.php
7 Sep 2021 11:14:41|20|shiji@forstarfoods.com|DailyCatchEntry_New.php
7 Sep 2021 11:17:09|29|kavitha@forstarfoods.com|DailyCatchSummary.php
7 Sep 2021 11:17:12|29|kavitha@forstarfoods.com|DailyCatchSummary.php
7 Sep 2021 11:17:32|29|kavitha@forstarfoods.com|DailyCatchSummary.php
7 Sep 2021 11:19:19|20|shiji@forstarfoods.com|DailyCatchEntry_New.php
7 Sep 2021 11:19:19|20|shiji@forstarfoods.com|DailyCatchEntry_New.php
7 Sep 2021 11:19:19|20|shiji@forstarfoods.com|DailyCatchEntry_New.php
7 Sep 2021 11:19:23|20|shiji@forstarfoods.com|DailyCatchEntry_New.php
7 Sep 2021 11:19:23|20|shiji@forstarfoods.com|DailyCatchEntry_New.php
7 Sep 2021 11:19:24|20|shiji@forstarfoods.com|DailyCatchEntry_New.php
7 Sep 2021 11:19:33|20|shiji@forstarfoods.com|DailyCatchEntry_New.php
7 Sep 2021 11:19:37|20|shiji@forstarfoods.com|DailyCatchEntry_New.php
7 Sep 2021 11:19:37|20|shiji@forstarfoods.com|DailyCatchEntry_New.php
7 Sep 2021 11:19:37|20|shiji@forstarfoods.com|CatchEntryDeclaredItem.php
7 Sep 2021 11:19:37|20|shiji@forstarfoods.com|DailyCatchEntry_New.php
7 Sep 2021 11:19:38|20|shiji@forstarfoods.com|CatchEntryDeclaredItem.php
7 Sep 2021 11:19:57|20|shiji@forstarfoods.com|DailyCatchEntry_New.php
7 Sep 2021 11:20:26|20|shiji@forstarfoods.com|DailyCatchEntry_New.php
7 Sep 2021 11:20:28|20|shiji@forstarfoods.com|DailyCatchEntry_New.php
7 Sep 2021 11:20:31|20|shiji@forstarfoods.com|DailyCatchEntry_New.php
7 Sep 2021 11:20:34|20|shiji@forstarfoods.com|DailyCatchReport.php
7 Sep 2021 11:20:39|20|shiji@forstarfoods.com|DailyCatchReport.php
7 Sep 2021 11:20:43|20|shiji@forstarfoods.com|DailyCatchReport.php
7 Sep 2021 11:20:44|20|shiji@forstarfoods.com|DailyCatchReport.php
7 Sep 2021 11:20:44|20|shiji@forstarfoods.com|DailyCatchReport.php
7 Sep 2021 11:20:46|20|shiji@forstarfoods.com|PrintDailyCatchReportMemo.php
7 Sep 2021 11:21:13|20|shiji@forstarfoods.com|DailyCatchReport.php
7 Sep 2021 11:21:14|20|shiji@forstarfoods.com|DailyCatchReport.php
7 Sep 2021 11:21:14|20|shiji@forstarfoods.com|DailyCatchReport.php
7 Sep 2021 11:21:23|20|shiji@forstarfoods.com|DailyCatchReport.php
7 Sep 2021 11:21:24|20|shiji@forstarfoods.com|DailyCatchReport.php
7 Sep 2021 11:21:25|20|shiji@forstarfoods.com|DailyCatchReport.php
7 Sep 2021 11:21:25|20|shiji@forstarfoods.com|DailyCatchReport.php
7 Sep 2021 11:21:27|20|shiji@forstarfoods.com|PrintDailyCatchReportMemo.php
7 Sep 2021 11:21:37|20|shiji@forstarfoods.com|DailyCatchReport.php
7 Sep 2021 11:21:38|20|shiji@forstarfoods.com|DailyCatchReport.php
7 Sep 2021 11:21:38|20|shiji@forstarfoods.com|DailyCatchReport.php
7 Sep 2021 11:21:53|20|shiji@forstarfoods.com|DailyCatchReport.php
7 Sep 2021 11:21:54|20|shiji@forstarfoods.com|DailyCatchReport.php
7 Sep 2021 11:21:55|20|shiji@forstarfoods.com|DailyCatchReport.php
7 Sep 2021 11:21:55|20|shiji@forstarfoods.com|DailyCatchReport.php
7 Sep 2021 11:21:58|20|shiji@forstarfoods.com|PrintDailyCatchReportMemo.php
7 Sep 2021 11:22:10|20|shiji@forstarfoods.com|DailyCatchReport.php
7 Sep 2021 11:22:11|20|shiji@forstarfoods.com|DailyCatchReport.php
7 Sep 2021 11:22:11|20|shiji@forstarfoods.com|DailyCatchReport.php
7 Sep 2021 11:22:18|20|shiji@forstarfoods.com|DailyCatchReport.php
7 Sep 2021 11:22:19|20|shiji@forstarfoods.com|DailyCatchReport.php
7 Sep 2021 11:22:20|20|shiji@forstarfoods.com|DailyCatchReport.php
7 Sep 2021 11:22:21|20|shiji@forstarfoods.com|DailyCatchReport.php
7 Sep 2021 11:22:23|20|shiji@forstarfoods.com|PrintDailyCatchReportMemo.php
7 Sep 2021 11:23:24|20|shiji@forstarfoods.com|DailyCatchReport.php
7 Sep 2021 11:23:26|20|shiji@forstarfoods.com|DailyCatchReport.php
7 Sep 2021 11:23:26|20|shiji@forstarfoods.com|DailyCatchReport.php
7 Sep 2021 11:23:32|20|shiji@forstarfoods.com|DailyCatchReport.php
7 Sep 2021 11:23:33|20|shiji@forstarfoods.com|DailyCatchReport.php
7 Sep 2021 11:23:34|20|shiji@forstarfoods.com|DailyCatchReport.php
7 Sep 2021 11:23:34|20|shiji@forstarfoods.com|DailyCatchReport.php
7 Sep 2021 11:23:37|20|shiji@forstarfoods.com|PrintDailyCatchReportMemo.php
7 Sep 2021 11:24:57|20|shiji@forstarfoods.com|DailyCatchReport.php
7 Sep 2021 11:24:58|20|shiji@forstarfoods.com|DailyCatchReport.php
7 Sep 2021 11:24:59|20|shiji@forstarfoods.com|DailyCatchReport.php
7 Sep 2021 11:25:08|20|shiji@forstarfoods.com|DailyCatchReport.php
7 Sep 2021 11:25:09|20|shiji@forstarfoods.com|DailyCatchReport.php
7 Sep 2021 11:25:10|20|shiji@forstarfoods.com|DailyCatchReport.php
7 Sep 2021 11:25:10|20|shiji@forstarfoods.com|DailyCatchReport.php
7 Sep 2021 11:25:12|20|shiji@forstarfoods.com|DailyCatchReport.php
7 Sep 2021 11:25:13|20|shiji@forstarfoods.com|DailyCatchReport.php
7 Sep 2021 11:25:14|20|shiji@forstarfoods.com|DailyCatchReport.php
7 Sep 2021 11:25:16|20|shiji@forstarfoods.com|PrintDailyCatchReportMemo.php
7 Sep 2021 11:25:47|20|shiji@forstarfoods.com|DailyCatchReport.php
7 Sep 2021 11:25:48|20|shiji@forstarfoods.com|DailyCatchReport.php
7 Sep 2021 11:25:48|20|shiji@forstarfoods.com|DailyCatchReport.php
7 Sep 2021 11:25:54|20|shiji@forstarfoods.com|DailyCatchReport.php
7 Sep 2021 11:25:55|20|shiji@forstarfoods.com|DailyCatchReport.php
7 Sep 2021 11:25:57|20|shiji@forstarfoods.com|DailyCatchReport.php
7 Sep 2021 11:25:57|20|shiji@forstarfoods.com|DailyCatchReport.php
7 Sep 2021 11:26:00|20|shiji@forstarfoods.com|PrintDailyCatchReportMemo.php
7 Sep 2021 11:26:51|20|shiji@forstarfoods.com|DailyCatchReport.php
7 Sep 2021 11:26:53|20|shiji@forstarfoods.com|DailyCatchReport.php
7 Sep 2021 11:26:53|20|shiji@forstarfoods.com|DailyCatchReport.php
7 Sep 2021 11:26:59|20|shiji@forstarfoods.com|DailyCatchReport.php
7 Sep 2021 11:27:00|20|shiji@forstarfoods.com|DailyCatchReport.php
7 Sep 2021 11:27:02|20|shiji@forstarfoods.com|DailyCatchReport.php
7 Sep 2021 11:27:02|20|shiji@forstarfoods.com|DailyCatchReport.php
7 Sep 2021 11:27:05|20|shiji@forstarfoods.com|PrintDailyCatchReportMemo.php
7 Sep 2021 11:28:48|20|shiji@forstarfoods.com|DailyCatchReport.php
7 Sep 2021 11:28:50|20|shiji@forstarfoods.com|DailyCatchReport.php
7 Sep 2021 11:28:50|20|shiji@forstarfoods.com|DailyCatchReport.php
7 Sep 2021 11:29:04|20|shiji@forstarfoods.com|DailyCatchReport.php
7 Sep 2021 11:29:06|20|shiji@forstarfoods.com|DailyCatchReport.php
7 Sep 2021 11:29:07|20|shiji@forstarfoods.com|DailyCatchReport.php
7 Sep 2021 11:29:08|20|shiji@forstarfoods.com|DailyCatchReport.php
7 Sep 2021 11:29:08|20|shiji@forstarfoods.com|DailyCatchReport.php
7 Sep 2021 11:29:11|20|shiji@forstarfoods.com|PrintDailyCatchReportMemo.php
7 Sep 2021 11:29:45|20|shiji@forstarfoods.com|DailyCatchReport.php
7 Sep 2021 11:29:46|20|shiji@forstarfoods.com|DailyCatchReport.php
7 Sep 2021 11:29:46|20|shiji@forstarfoods.com|DailyCatchReport.php
7 Sep 2021 11:29:54|20|shiji@forstarfoods.com|DailyCatchReport.php
7 Sep 2021 11:29:55|20|shiji@forstarfoods.com|DailyCatchReport.php
7 Sep 2021 11:29:56|20|shiji@forstarfoods.com|DailyCatchReport.php
7 Sep 2021 11:29:57|20|shiji@forstarfoods.com|DailyCatchReport.php
7 Sep 2021 11:29:59|20|shiji@forstarfoods.com|PrintDailyCatchReportMemo.php
7 Sep 2021 11:30:07|20|shiji@forstarfoods.com|DailyCatchReport.php
7 Sep 2021 11:30:08|20|shiji@forstarfoods.com|DailyCatchReport.php
7 Sep 2021 11:30:09|20|shiji@forstarfoods.com|DailyCatchReport.php
7 Sep 2021 11:30:11|20|shiji@forstarfoods.com|PrintDailyCatchReportMemo.php
7 Sep 2021 11:30:33|20|shiji@forstarfoods.com|DailyCatchReport.php
7 Sep 2021 11:30:34|20|shiji@forstarfoods.com|DailyCatchReport.php
7 Sep 2021 11:30:34|20|shiji@forstarfoods.com|DailyCatchReport.php
7 Sep 2021 11:30:39|20|shiji@forstarfoods.com|DailyCatchReport.php
7 Sep 2021 11:30:40|20|shiji@forstarfoods.com|DailyCatchReport.php
7 Sep 2021 11:30:41|20|shiji@forstarfoods.com|DailyCatchReport.php
7 Sep 2021 11:30:41|20|shiji@forstarfoods.com|DailyCatchReport.php
7 Sep 2021 11:30:42|20|shiji@forstarfoods.com|DailyCatchReport.php
7 Sep 2021 11:30:43|20|shiji@forstarfoods.com|DailyCatchReport.php
7 Sep 2021 11:30:44|20|shiji@forstarfoods.com|DailyCatchReport.php
7 Sep 2021 11:30:46|20|shiji@forstarfoods.com|PrintDailyCatchReportMemo.php
7 Sep 2021 11:31:10|20|shiji@forstarfoods.com|DailyCatchReport.php
7 Sep 2021 11:31:11|20|shiji@forstarfoods.com|DailyCatchReport.php
7 Sep 2021 11:31:11|20|shiji@forstarfoods.com|DailyCatchReport.php
7 Sep 2021 11:31:17|20|shiji@forstarfoods.com|DailyCatchReport.php
7 Sep 2021 11:31:18|20|shiji@forstarfoods.com|DailyCatchReport.php
7 Sep 2021 11:31:19|20|shiji@forstarfoods.com|DailyCatchReport.php
7 Sep 2021 11:31:19|20|shiji@forstarfoods.com|DailyCatchReport.php
7 Sep 2021 11:31:25|20|shiji@forstarfoods.com|DailyCatchReport.php
7 Sep 2021 11:31:26|20|shiji@forstarfoods.com|DailyCatchReport.php
7 Sep 2021 11:31:26|20|shiji@forstarfoods.com|DailyCatchReport.php
7 Sep 2021 11:31:28|20|shiji@forstarfoods.com|PrintDailyCatchReportMemo.php
7 Sep 2021 11:31:59|20|shiji@forstarfoods.com|DailyCatchReport.php
7 Sep 2021 11:32:00|20|shiji@forstarfoods.com|DailyCatchReport.php
7 Sep 2021 11:32:01|20|shiji@forstarfoods.com|DailyCatchReport.php
7 Sep 2021 11:34:33|20|shiji@forstarfoods.com|SupplierMaster.php
7 Sep 2021 11:34:43|20|shiji@forstarfoods.com|SupplierMaster.php
7 Sep 2021 11:34:47|20|shiji@forstarfoods.com|SupplierMaster.php
7 Sep 2021 11:34:55|20|shiji@forstarfoods.com|SupplierMaster.php
7 Sep 2021 11:35:37|20|shiji@forstarfoods.com|SupplierMaster.php
7 Sep 2021 11:36:31|20|shiji@forstarfoods.com|SupplierMaster.php
7 Sep 2021 11:36:35|20|shiji@forstarfoods.com|SupplierMaster.php
7 Sep 2021 11:36:38|20|shiji@forstarfoods.com|SupplierMaster.php
7 Sep 2021 11:36:42|20|shiji@forstarfoods.com|SupplierMaster.php
7 Sep 2021 11:36:46|20|shiji@forstarfoods.com|DailyCatchEntry_New.php
7 Sep 2021 11:36:48|20|shiji@forstarfoods.com|DailyCatchEntry_New.php
7 Sep 2021 11:36:49|20|shiji@forstarfoods.com|DailyCatchEntry_New.php
7 Sep 2021 11:36:49|20|shiji@forstarfoods.com|DailyCatchEntry_New.php
7 Sep 2021 11:36:49|20|shiji@forstarfoods.com|DailyCatchEntry_New.php
7 Sep 2021 11:36:50|20|shiji@forstarfoods.com|CatchEntryDeclaredItem.php
7 Sep 2021 11:36:50|20|shiji@forstarfoods.com|DailyCatchEntry_New.php
7 Sep 2021 11:37:33|20|shiji@forstarfoods.com|DailyCatchEntry_New.php
7 Sep 2021 11:37:33|20|shiji@forstarfoods.com|DailyCatchEntry_New.php
7 Sep 2021 11:37:34|20|shiji@forstarfoods.com|DailyCatchEntry_New.php
7 Sep 2021 11:37:37|20|shiji@forstarfoods.com|DailyCatchEntry_New.php
7 Sep 2021 11:37:41|20|shiji@forstarfoods.com|DailyCatchEntry_New.php
7 Sep 2021 11:37:42|20|shiji@forstarfoods.com|CatchEntryDeclaredItem.php
7 Sep 2021 11:37:54|20|shiji@forstarfoods.com|DailyCatchEntry_New.php
7 Sep 2021 11:37:56|20|shiji@forstarfoods.com|DailyCatchEntry_New.php
7 Sep 2021 11:37:56|20|shiji@forstarfoods.com|DailyCatchEntry_New.php
7 Sep 2021 11:37:59|20|shiji@forstarfoods.com|DailyCatchEntry_New.php
7 Sep 2021 11:38:00|20|shiji@forstarfoods.com|DailyCatchEntry_New.php
7 Sep 2021 11:38:04|20|shiji@forstarfoods.com|DailyCatchEntry_New.php
7 Sep 2021 11:38:04|20|shiji@forstarfoods.com|DailyCatchEntry_New.php
7 Sep 2021 11:38:04|20|shiji@forstarfoods.com|DailyCatchEntry_New.php
7 Sep 2021 11:38:04|20|shiji@forstarfoods.com|DailyCatchEntry_New.php
7 Sep 2021 11:38:05|20|shiji@forstarfoods.com|DailyCatchEntry_New.php
7 Sep 2021 11:38:05|20|shiji@forstarfoods.com|DailyCatchEntry_New.php
7 Sep 2021 11:38:05|20|shiji@forstarfoods.com|DailyCatchEntry_New.php
7 Sep 2021 11:38:06|20|shiji@forstarfoods.com|DailyCatchEntry_New.php
7 Sep 2021 11:38:06|20|shiji@forstarfoods.com|DailyCatchEntry_New.php
7 Sep 2021 11:38:06|20|shiji@forstarfoods.com|DailyCatchEntry_New.php
7 Sep 2021 11:38:07|20|shiji@forstarfoods.com|DailyCatchEntry_New.php
7 Sep 2021 11:38:07|20|shiji@forstarfoods.com|DailyCatchEntry_New.php
7 Sep 2021 11:38:07|20|shiji@forstarfoods.com|DailyCatchEntry_New.php