
9 Jan 2021 17:11:22|20|shiji@forstarfoods.com|PurchaseReport.php
9 Jan 2021 17:11:27|20|shiji@forstarfoods.com|PrintPurchaseSettlementMemo.php
9 Jan 2021 17:12:01|20|shiji@forstarfoods.com|PurchaseReport.php
9 Jan 2021 17:12:06|20|shiji@forstarfoods.com|PrintPurchaseSettlementMemo.php
9 Jan 2021 17:22:14|20|shiji@forstarfoods.com|PrintPurchaseSettlementMemo.php
9 Jan 2021 17:22:32|20|shiji@forstarfoods.com|PurchaseReport.php
9 Jan 2021 17:22:37|20|shiji@forstarfoods.com|PrintPurchaseSettlementMemo.php
9 Jan 2021 17:23:24|20|shiji@forstarfoods.com|PurchaseReport.php
9 Jan 2021 17:23:27|20|shiji@forstarfoods.com|PrintPurchaseSettlementMemo.php
9 Jan 2021 17:30:16|20|shiji@forstarfoods.com|ProcessorsAccounts.php
9 Jan 2021 17:30:42|20|shiji@forstarfoods.com|ProcessorsAccounts.php
9 Jan 2021 17:31:33|20|shiji@forstarfoods.com|ProcessorsAccounts.php
9 Jan 2021 17:31:42|20|shiji@forstarfoods.com|ProcessorsAccounts.php
11 Jan 2021 09:49:26|20|shiji@forstarfoods.com|Home.php
11 Jan 2021 09:54:24|20|shiji@forstarfoods.com|DailyCatchEntry_New.php
11 Jan 2021 09:54:27|20|shiji@forstarfoods.com|DailyCatchEntry_New.php
11 Jan 2021 09:54:28|20|shiji@forstarfoods.com|DailyCatchEntry_New.php
11 Jan 2021 09:54:30|20|shiji@forstarfoods.com|DailyCatchEntry_New.php
11 Jan 2021 09:54:31|20|shiji@forstarfoods.com|DailyCatchEntry_New.php
11 Jan 2021 09:54:32|20|shiji@forstarfoods.com|CatchEntryDeclaredItem.php
11 Jan 2021 09:54:33|20|shiji@forstarfoods.com|DailyCatchEntry_New.php
11 Jan 2021 09:54:36|20|shiji@forstarfoods.com|DailyCatchEntry_New.php
11 Jan 2021 09:54:38|20|shiji@forstarfoods.com|DailyCatchEntry_New.php
11 Jan 2021 09:54:39|20|shiji@forstarfoods.com|DailyCatchEntry_New.php
11 Jan 2021 09:54:40|20|shiji@forstarfoods.com|DailyCatchEntry_New.php
11 Jan 2021 09:54:41|20|shiji@forstarfoods.com|DailyCatchEntry_New.php
11 Jan 2021 09:54:46|20|shiji@forstarfoods.com|DailyCatchEntry_New.php
11 Jan 2021 09:54:47|20|shiji@forstarfoods.com|DailyCatchEntry_New.php
11 Jan 2021 09:54:49|20|shiji@forstarfoods.com|DailyCatchEntry_New.php
11 Jan 2021 09:54:52|20|shiji@forstarfoods.com|DailyCatchEntry_New.php
11 Jan 2021 09:54:59|20|shiji@forstarfoods.com|DailyCatchEntry_New.php
11 Jan 2021 09:55:01|20|shiji@forstarfoods.com|CatchEntryDeclaredItem.php
11 Jan 2021 09:55:24|20|shiji@forstarfoods.com|DailyCatchEntry_New.php
11 Jan 2021 09:55:27|20|shiji@forstarfoods.com|DailyCatchEntry_New.php
11 Jan 2021 09:55:28|20|shiji@forstarfoods.com|DailyCatchEntry_New.php
11 Jan 2021 09:55:32|20|shiji@forstarfoods.com|DailyCatchEntry_New.php
11 Jan 2021 09:55:34|20|shiji@forstarfoods.com|DailyCatchEntry_New.php
11 Jan 2021 09:55:56|20|shiji@forstarfoods.com|DailyCatchEntry_New.php
11 Jan 2021 09:55:57|20|shiji@forstarfoods.com|DailyCatchEntry_New.php
11 Jan 2021 09:55:58|20|shiji@forstarfoods.com|DailyCatchEntry_New.php
11 Jan 2021 09:55:59|20|shiji@forstarfoods.com|DailyCatchEntry_New.php
11 Jan 2021 09:56:01|20|shiji@forstarfoods.com|DailyCatchEntry_New.php
11 Jan 2021 09:56:02|20|shiji@forstarfoods.com|DailyCatchEntry_New.php
11 Jan 2021 09:56:03|20|shiji@forstarfoods.com|DailyCatchEntry_New.php
11 Jan 2021 09:56:04|20|shiji@forstarfoods.com|DailyCatchEntry_New.php
11 Jan 2021 09:56:06|20|shiji@forstarfoods.com|DailyCatchEntry_New.php
11 Jan 2021 09:56:07|20|shiji@forstarfoods.com|DailyCatchEntry_New.php
11 Jan 2021 09:56:11|20|shiji@forstarfoods.com|DailyCatchEntry_New.php
11 Jan 2021 09:56:15|20|shiji@forstarfoods.com|DailyCatchEntry_New.php
11 Jan 2021 09:56:16|20|shiji@forstarfoods.com|CatchEntryDeclaredItem.php
11 Jan 2021 09:56:27|20|shiji@forstarfoods.com|DailyCatchEntry_New.php
11 Jan 2021 09:56:30|20|shiji@forstarfoods.com|DailyCatchEntry_New.php
11 Jan 2021 09:56:33|20|shiji@forstarfoods.com|DailyCatchEntry_New.php
11 Jan 2021 09:56:34|20|shiji@forstarfoods.com|DailyCatchEntry_New.php
11 Jan 2021 09:56:35|20|shiji@forstarfoods.com|DailyCatchEntry_New.php
11 Jan 2021 09:56:37|20|shiji@forstarfoods.com|DailyCatchEntry_New.php
11 Jan 2021 09:56:38|20|shiji@forstarfoods.com|DailyCatchEntry_New.php
11 Jan 2021 09:56:39|20|shiji@forstarfoods.com|DailyCatchEntry_New.php
11 Jan 2021 09:56:40|20|shiji@forstarfoods.com|DailyCatchEntry_New.php
11 Jan 2021 09:56:42|20|shiji@forstarfoods.com|DailyCatchEntry_New.php
11 Jan 2021 09:56:43|20|shiji@forstarfoods.com|DailyCatchEntry_New.php
11 Jan 2021 09:56:46|20|shiji@forstarfoods.com|DailyCatchEntry_New.php
11 Jan 2021 09:56:47|20|shiji@forstarfoods.com|CatchEntryDeclaredItem.php
11 Jan 2021 09:56:56|20|shiji@forstarfoods.com|DailyCatchEntry_New.php
11 Jan 2021 09:56:59|20|shiji@forstarfoods.com|DailyCatchEntry_New.php
11 Jan 2021 09:57:01|20|shiji@forstarfoods.com|DailyCatchEntry_New.php
11 Jan 2021 09:57:02|20|shiji@forstarfoods.com|DailyCatchEntry_New.php
11 Jan 2021 09:57:03|20|shiji@forstarfoods.com|DailyCatchEntry_New.php
11 Jan 2021 09:57:04|20|shiji@forstarfoods.com|DailyCatchEntry_New.php
11 Jan 2021 09:57:06|20|shiji@forstarfoods.com|DailyCatchEntry_New.php
11 Jan 2021 09:57:07|20|shiji@forstarfoods.com|DailyCatchEntry_New.php
11 Jan 2021 09:57:08|20|shiji@forstarfoods.com|DailyCatchEntry_New.php
11 Jan 2021 09:57:11|20|shiji@forstarfoods.com|DailyCatchEntry_New.php
11 Jan 2021 09:57:12|20|shiji@forstarfoods.com|CatchEntryDeclaredItem.php
11 Jan 2021 09:57:20|20|shiji@forstarfoods.com|DailyCatchEntry_New.php
11 Jan 2021 09:57:23|20|shiji@forstarfoods.com|DailyCatchEntry_New.php
11 Jan 2021 09:57:26|20|shiji@forstarfoods.com|DailyCatchEntry_New.php
11 Jan 2021 09:57:27|20|shiji@forstarfoods.com|DailyCatchEntry_New.php
11 Jan 2021 09:57:28|20|shiji@forstarfoods.com|DailyCatchEntry_New.php
11 Jan 2021 09:57:30|20|shiji@forstarfoods.com|DailyCatchEntry_New.php
11 Jan 2021 09:57:31|20|shiji@forstarfoods.com|DailyCatchEntry_New.php
11 Jan 2021 09:57:32|20|shiji@forstarfoods.com|DailyCatchEntry_New.php
11 Jan 2021 09:57:33|20|shiji@forstarfoods.com|DailyCatchEntry_New.php
11 Jan 2021 09:57:42|20|shiji@forstarfoods.com|DailyCatchEntry_New.php
11 Jan 2021 09:57:43|20|shiji@forstarfoods.com|CatchEntryDeclaredItem.php
11 Jan 2021 09:57:53|20|shiji@forstarfoods.com|DailyCatchReport.php
11 Jan 2021 09:57:56|20|shiji@forstarfoods.com|DailyCatchEntry_New.php
11 Jan 2021 09:57:59|20|shiji@forstarfoods.com|DailyCatchEntry_New.php
11 Jan 2021 09:58:01|20|shiji@forstarfoods.com|DailyCatchEntry_New.php
11 Jan 2021 09:58:02|20|shiji@forstarfoods.com|DailyCatchEntry_New.php
11 Jan 2021 09:58:03|20|shiji@forstarfoods.com|DailyCatchEntry_New.php
11 Jan 2021 09:58:05|20|shiji@forstarfoods.com|CatchEntryDeclaredItem.php
11 Jan 2021 09:58:06|20|shiji@forstarfoods.com|DailyCatchEntry_New.php
11 Jan 2021 09:58:07|20|shiji@forstarfoods.com|DailyCatchEntry_New.php
11 Jan 2021 09:58:08|20|shiji@forstarfoods.com|DailyCatchEntry_New.php
11 Jan 2021 09:58:09|20|shiji@forstarfoods.com|DailyCatchEntry_New.php
11 Jan 2021 09:58:11|20|shiji@forstarfoods.com|DailyCatchEntry_New.php
11 Jan 2021 09:58:14|20|shiji@forstarfoods.com|DailyCatchEntry_New.php
11 Jan 2021 09:58:15|20|shiji@forstarfoods.com|CatchEntryDeclaredItem.php
11 Jan 2021 09:58:33|20|shiji@forstarfoods.com|DailyCatchEntry_New.php
11 Jan 2021 09:58:41|20|shiji@forstarfoods.com|DailyCatchEntry_New.php
11 Jan 2021 09:58:43|20|shiji@forstarfoods.com|DailyCatchEntry_New.php
11 Jan 2021 09:58:44|20|shiji@forstarfoods.com|DailyCatchEntry_New.php
11 Jan 2021 09:58:48|20|shiji@forstarfoods.com|DailyCatchEntry_New.php
11 Jan 2021 09:58:53|20|shiji@forstarfoods.com|DailyCatchEntry_New.php
11 Jan 2021 09:58:59|20|shiji@forstarfoods.com|DailyCatchEntry_New.php
11 Jan 2021 09:59:00|20|shiji@forstarfoods.com|DailyCatchEntry_New.php
11 Jan 2021 09:59:01|20|shiji@forstarfoods.com|DailyCatchEntry_New.php
11 Jan 2021 09:59:03|20|shiji@forstarfoods.com|DailyCatchEntry_New.php
11 Jan 2021 09:59:04|20|shiji@forstarfoods.com|DailyCatchEntry_New.php
11 Jan 2021 09:59:05|20|shiji@forstarfoods.com|DailyCatchEntry_New.php
11 Jan 2021 09:59:06|20|shiji@forstarfoods.com|DailyCatchEntry_New.php
11 Jan 2021 09:59:08|20|shiji@forstarfoods.com|DailyCatchEntry_New.php
11 Jan 2021 09:59:09|20|shiji@forstarfoods.com|DailyCatchEntry_New.php
11 Jan 2021 09:59:10|20|shiji@forstarfoods.com|DailyCatchEntry_New.php
11 Jan 2021 09:59:22|20|shiji@forstarfoods.com|DailyCatchEntry_New.php
11 Jan 2021 09:59:52|20|shiji@forstarfoods.com|DailyCatchEntry_New.php
11 Jan 2021 09:59:54|20|shiji@forstarfoods.com|DailyCatchEntry_New.php
11 Jan 2021 09:59:56|20|shiji@forstarfoods.com|CatchEntryDeclaredItem.php
11 Jan 2021 10:03:01|20|shiji@forstarfoods.com|DailyCatchEntry_New.php
11 Jan 2021 10:08:03|20|shiji@forstarfoods.com|DailyCatchEntry_New.php
11 Jan 2021 10:13:04|20|shiji@forstarfoods.com|DailyCatchEntry_New.php
11 Jan 2021 10:18:05|20|shiji@forstarfoods.com|DailyCatchEntry_New.php
11 Jan 2021 10:23:07|20|shiji@forstarfoods.com|DailyCatchEntry_New.php
11 Jan 2021 10:25:02|29|kavitha@forstarfoods.com|Home.php
11 Jan 2021 10:25:08|29|kavitha@forstarfoods.com|DailyCatchEntry_New.php
11 Jan 2021 10:25:12|29|kavitha@forstarfoods.com|DailyCatchEntry_New.php
11 Jan 2021 10:25:13|29|kavitha@forstarfoods.com|DailyCatchEntry_New.php
11 Jan 2021 10:25:15|29|kavitha@forstarfoods.com|DailyCatchEntry_New.php
11 Jan 2021 10:25:16|29|kavitha@forstarfoods.com|DailyCatchEntry_New.php
11 Jan 2021 10:25:17|29|kavitha@forstarfoods.com|CatchEntryDeclaredItem.php
11 Jan 2021 10:25:18|29|kavitha@forstarfoods.com|DailyCatchEntry_New.php
11 Jan 2021 10:25:21|29|kavitha@forstarfoods.com|DailyCatchEntry_New.php
11 Jan 2021 10:25:47|29|kavitha@forstarfoods.com|DailyCatchEntry_New.php
11 Jan 2021 10:25:49|29|kavitha@forstarfoods.com|DailyCatchEntry_New.php
11 Jan 2021 10:25:50|29|kavitha@forstarfoods.com|DailyCatchEntry_New.php
11 Jan 2021 10:25:52|29|kavitha@forstarfoods.com|DailyCatchEntry_New.php
11 Jan 2021 10:25:53|29|kavitha@forstarfoods.com|CatchEntryDeclaredItem.php
11 Jan 2021 10:25:54|29|kavitha@forstarfoods.com|DailyCatchEntry_New.php
11 Jan 2021 10:27:45|29|kavitha@forstarfoods.com|Home.php
11 Jan 2021 10:27:55|29|kavitha@forstarfoods.com|DailyCatchEntry_New.php
11 Jan 2021 10:27:59|29|kavitha@forstarfoods.com|DailyCatchEntry_New.php
11 Jan 2021 10:28:01|29|kavitha@forstarfoods.com|DailyCatchEntry_New.php
11 Jan 2021 10:28:02|29|kavitha@forstarfoods.com|DailyCatchEntry_New.php
11 Jan 2021 10:28:03|29|kavitha@forstarfoods.com|DailyCatchEntry_New.php
11 Jan 2021 10:28:04|29|kavitha@forstarfoods.com|CatchEntryDeclaredItem.php
11 Jan 2021 10:28:06|29|kavitha@forstarfoods.com|DailyCatchEntry_New.php
11 Jan 2021 10:28:08|20|shiji@forstarfoods.com|DailyCatchEntry_New.php
11 Jan 2021 10:29:41|29|kavitha@forstarfoods.com|Home.php
11 Jan 2021 10:29:50|29|kavitha@forstarfoods.com|DailyCatchEntry_New.php
11 Jan 2021 10:29:54|29|kavitha@forstarfoods.com|DailyCatchEntry_New.php
11 Jan 2021 10:29:56|29|kavitha@forstarfoods.com|DailyCatchEntry_New.php
11 Jan 2021 10:29:57|29|kavitha@forstarfoods.com|DailyCatchEntry_New.php
11 Jan 2021 10:29:58|29|kavitha@forstarfoods.com|DailyCatchEntry_New.php
11 Jan 2021 10:29:59|29|kavitha@forstarfoods.com|CatchEntryDeclaredItem.php
11 Jan 2021 10:30:00|29|kavitha@forstarfoods.com|DailyCatchEntry_New.php
11 Jan 2021 10:30:36|29|kavitha@forstarfoods.com|Home.php
11 Jan 2021 10:31:35|29|kavitha@forstarfoods.com|Home.php
11 Jan 2021 10:33:10|20|shiji@forstarfoods.com|DailyCatchEntry_New.php
11 Jan 2021 10:33:25|29|kavitha@forstarfoods.com|Home.php
11 Jan 2021 10:35:18|29|kavitha@forstarfoods.com|Home.php
11 Jan 2021 10:37:18|29|kavitha@forstarfoods.com|Home.php
11 Jan 2021 10:37:24|29|kavitha@forstarfoods.com|DailyCatchEntry_New.php
11 Jan 2021 10:37:27|29|kavitha@forstarfoods.com|DailyCatchEntry_New.php
11 Jan 2021 10:37:28|29|kavitha@forstarfoods.com|DailyCatchEntry_New.php
11 Jan 2021 10:37:30|29|kavitha@forstarfoods.com|DailyCatchEntry_New.php
11 Jan 2021 10:37:31|29|kavitha@forstarfoods.com|DailyCatchEntry_New.php
11 Jan 2021 10:37:32|29|kavitha@forstarfoods.com|CatchEntryDeclaredItem.php
11 Jan 2021 10:37:33|29|kavitha@forstarfoods.com|DailyCatchEntry_New.php
11 Jan 2021 10:38:11|20|shiji@forstarfoods.com|DailyCatchEntry_New.php
11 Jan 2021 10:38:31|29|kavitha@forstarfoods.com|DailyCatchSummary.php
11 Jan 2021 10:38:35|29|kavitha@forstarfoods.com|DailyCatchSummary.php
11 Jan 2021 10:38:54|20|shiji@forstarfoods.com|Home.php
11 Jan 2021 10:38:56|29|kavitha@forstarfoods.com|DailyCatchSummary.php
11 Jan 2021 10:39:06|29|kavitha@forstarfoods.com|DailyCatchSummary.php
11 Jan 2021 10:39:08|20|shiji@forstarfoods.com|ProcessorsAccounts.php
11 Jan 2021 10:39:10|29|kavitha@forstarfoods.com|DailyCatchSummary.php
11 Jan 2021 10:39:14|29|kavitha@forstarfoods.com|DailyCatchSummary.php
11 Jan 2021 10:39:30|29|kavitha@forstarfoods.com|DailyCatchSummary.php
11 Jan 2021 10:39:43|29|kavitha@forstarfoods.com|DailyCatchSummary.php
11 Jan 2021 10:39:48|20|shiji@forstarfoods.com|ProcessorsAccounts.php
11 Jan 2021 10:39:51|29|kavitha@forstarfoods.com|DailyCatchSummary.php
11 Jan 2021 10:39:54|20|shiji@forstarfoods.com|ProcessorsAccounts.php
11 Jan 2021 10:40:02|29|kavitha@forstarfoods.com|DailyCatchSummary.php
11 Jan 2021 10:40:16|20|shiji@forstarfoods.com|ProcessorsAccounts.php
11 Jan 2021 10:40:21|29|kavitha@forstarfoods.com|DailyCatchSummary.php
11 Jan 2021 10:40:25|20|shiji@forstarfoods.com|ProcessorsAccounts.php
11 Jan 2021 10:40:41|29|kavitha@forstarfoods.com|DailyCatchSummary.php
11 Jan 2021 10:43:12|20|shiji@forstarfoods.com|DailyCatchEntry_New.php
11 Jan 2021 10:43:14|20|shiji@forstarfoods.com|ProcessorsAccounts.php
11 Jan 2021 10:43:18|20|shiji@forstarfoods.com|ProcessorsAccounts.php
11 Jan 2021 10:43:24|20|shiji@forstarfoods.com|ProcessorsAccounts.php
11 Jan 2021 10:43:29|20|shiji@forstarfoods.com|ProcessorsAccounts.php
11 Jan 2021 10:47:24|20|shiji@forstarfoods.com|ProcessorsAccounts.php
11 Jan 2021 10:48:14|20|shiji@forstarfoods.com|DailyCatchEntry_New.php
11 Jan 2021 10:53:15|20|shiji@forstarfoods.com|DailyCatchEntry_New.php
11 Jan 2021 10:58:17|20|shiji@forstarfoods.com|DailyCatchEntry_New.php
11 Jan 2021 11:03:18|20|shiji@forstarfoods.com|DailyCatchEntry_New.php
11 Jan 2021 11:08:20|20|shiji@forstarfoods.com|DailyCatchEntry_New.php
11 Jan 2021 11:13:21|20|shiji@forstarfoods.com|DailyCatchEntry_New.php
11 Jan 2021 11:18:23|20|shiji@forstarfoods.com|DailyCatchEntry_New.php
11 Jan 2021 11:22:02|20|shiji@forstarfoods.com|ProcessorsAccounts.php
11 Jan 2021 11:22:23|20|shiji@forstarfoods.com|ProcessorsAccounts.php
11 Jan 2021 11:22:27|20|shiji@forstarfoods.com|ProcessorsAccounts.php
11 Jan 2021 11:22:30|20|shiji@forstarfoods.com|ProcessorsAccounts.php
11 Jan 2021 11:23:24|20|shiji@forstarfoods.com|DailyCatchEntry_New.php
11 Jan 2021 11:28:25|20|shiji@forstarfoods.com|DailyCatchEntry_New.php
11 Jan 2021 11:33:27|20|shiji@forstarfoods.com|DailyCatchEntry_New.php
11 Jan 2021 11:37:25|24|shashikala@forstarfoods.com|Home.php
11 Jan 2021 11:37:41|24|shashikala@forstarfoods.com|DailyPreProcess.php
11 Jan 2021 11:38:28|20|shiji@forstarfoods.com|DailyCatchEntry_New.php
11 Jan 2021 11:38:38|24|shashikala@forstarfoods.com|DailyPreProcess.php
11 Jan 2021 11:42:02|24|shashikala@forstarfoods.com|DailyPreProcess.php
11 Jan 2021 11:42:36|24|shashikala@forstarfoods.com|DailyPreProcess.php
11 Jan 2021 11:42:40|24|shashikala@forstarfoods.com|DailyPreProcess.php
11 Jan 2021 11:43:05|20|shiji@forstarfoods.com|Home.php
11 Jan 2021 11:43:30|20|shiji@forstarfoods.com|DailyCatchEntry_New.php
11 Jan 2021 11:45:00|20|shiji@forstarfoods.com|ProcessorsAccounts.php
11 Jan 2021 11:45:12|20|shiji@forstarfoods.com|ProcessorsAccounts.php
11 Jan 2021 11:45:19|20|shiji@forstarfoods.com|ProcessorsAccounts.php
11 Jan 2021 11:45:29|20|shiji@forstarfoods.com|ProcessorsAccounts.php
11 Jan 2021 11:45:56|20|shiji@forstarfoods.com|ProcessorsAccounts.php
11 Jan 2021 11:45:59|20|shiji@forstarfoods.com|ProcessorsAccounts.php
11 Jan 2021 11:46:03|20|shiji@forstarfoods.com|ProcessorsAccounts.php
11 Jan 2021 11:46:28|20|shiji@forstarfoods.com|ProcessorsAccounts.php
11 Jan 2021 11:46:36|20|shiji@forstarfoods.com|ProcessorsAccounts.php
11 Jan 2021 11:46:40|20|shiji@forstarfoods.com|ProcessorsAccounts.php
11 Jan 2021 11:46:44|20|shiji@forstarfoods.com|ProcessorsAccounts.php
11 Jan 2021 11:47:18|20|shiji@forstarfoods.com|ProcessorsAccounts.php
11 Jan 2021 11:47:24|20|shiji@forstarfoods.com|ProcessorsAccounts.php
11 Jan 2021 11:48:31|20|shiji@forstarfoods.com|DailyCatchEntry_New.php
11 Jan 2021 11:51:53|20|shiji@forstarfoods.com|ProcessorsAccounts.php
11 Jan 2021 11:52:02|20|shiji@forstarfoods.com|ProcessorsAccounts.php
11 Jan 2021 11:53:33|20|shiji@forstarfoods.com|DailyCatchEntry_New.php
11 Jan 2021 11:54:53|20|shiji@forstarfoods.com|ProcessorsAccounts.php
11 Jan 2021 11:57:17|20|shiji@forstarfoods.com|ProcessorsAccounts.php
11 Jan 2021 11:57:20|20|shiji@forstarfoods.com|ProcessorsAccounts.php
11 Jan 2021 11:57:51|20|shiji@forstarfoods.com|ProcessorsAccounts.php
11 Jan 2021 11:57:55|20|shiji@forstarfoods.com|ProcessorsAccounts.php
11 Jan 2021 11:58:07|20|shiji@forstarfoods.com|ProcessorsAccounts.php
11 Jan 2021 11:58:34|20|shiji@forstarfoods.com|DailyCatchEntry_New.php
11 Jan 2021 11:59:27|20|shiji@forstarfoods.com|ProcessorsAccounts.php
11 Jan 2021 12:00:01|20|shiji@forstarfoods.com|ProcessorsAccounts.php
11 Jan 2021 12:00:06|20|shiji@forstarfoods.com|ProcessorsAccounts.php
11 Jan 2021 12:00:13|20|shiji@forstarfoods.com|ProcessorsAccounts.php
11 Jan 2021 12:00:53|20|shiji@forstarfoods.com|ProcessorsAccounts.php
11 Jan 2021 12:03:36|20|shiji@forstarfoods.com|DailyCatchEntry_New.php
11 Jan 2021 12:04:36|20|shiji@forstarfoods.com|ProcessorsAccounts.php
11 Jan 2021 12:05:42|20|shiji@forstarfoods.com|ProcessorsAccounts.php
11 Jan 2021 12:08:37|20|shiji@forstarfoods.com|DailyCatchEntry_New.php
11 Jan 2021 12:13:38|20|shiji@forstarfoods.com|DailyCatchEntry_New.php
11 Jan 2021 12:18:40|20|shiji@forstarfoods.com|DailyCatchEntry_New.php
11 Jan 2021 12:23:41|20|shiji@forstarfoods.com|DailyCatchEntry_New.php
11 Jan 2021 12:26:46|20|shiji@forstarfoods.com|ProcessorsAccounts.php
11 Jan 2021 12:26:49|20|shiji@forstarfoods.com|ProcessorsAccounts.php
11 Jan 2021 12:26:55|20|shiji@forstarfoods.com|ProcessorsAccounts.php
11 Jan 2021 12:27:15|20|shiji@forstarfoods.com|ProcessorsAccounts.php
11 Jan 2021 12:27:19|20|shiji@forstarfoods.com|ProcessorsAccounts.php
11 Jan 2021 12:27:25|20|shiji@forstarfoods.com|ProcessorsAccounts.php
11 Jan 2021 12:28:32|20|shiji@forstarfoods.com|ProcessorsAccounts.php
11 Jan 2021 12:28:36|20|shiji@forstarfoods.com|ProcessorsAccounts.php
11 Jan 2021 12:28:41|20|shiji@forstarfoods.com|ProcessorsAccounts.php
11 Jan 2021 12:28:43|20|shiji@forstarfoods.com|DailyCatchEntry_New.php
11 Jan 2021 12:29:07|20|shiji@forstarfoods.com|ProcessorsAccounts.php
11 Jan 2021 12:29:11|20|shiji@forstarfoods.com|ProcessorsAccounts.php
11 Jan 2021 12:29:18|20|shiji@forstarfoods.com|ProcessorsAccounts.php
11 Jan 2021 12:29:37|20|shiji@forstarfoods.com|ProcessorsAccounts.php
11 Jan 2021 12:29:44|20|shiji@forstarfoods.com|ProcessorsAccounts.php
11 Jan 2021 12:30:13|20|shiji@forstarfoods.com|ProcessorsAccounts.php
11 Jan 2021 12:30:16|20|shiji@forstarfoods.com|ProcessorsAccounts.php
11 Jan 2021 12:30:22|20|shiji@forstarfoods.com|ProcessorsAccounts.php
11 Jan 2021 12:30:35|20|shiji@forstarfoods.com|ProcessorsAccounts.php
11 Jan 2021 12:30:38|20|shiji@forstarfoods.com|ProcessorsAccounts.php
11 Jan 2021 12:30:52|20|shiji@forstarfoods.com|ProcessorsAccounts.php
11 Jan 2021 12:31:51|20|shiji@forstarfoods.com|ProcessorsAccounts.php
11 Jan 2021 12:33:44|20|shiji@forstarfoods.com|DailyCatchEntry_New.php
11 Jan 2021 12:35:25|20|shiji@forstarfoods.com|ProcessorsAccounts.php
11 Jan 2021 12:35:28|20|shiji@forstarfoods.com|ProcessorsAccounts.php
11 Jan 2021 12:35:43|20|shiji@forstarfoods.com|ProcessorsAccounts.php
11 Jan 2021 12:37:04|20|shiji@forstarfoods.com|ProcessorsAccounts.php
11 Jan 2021 12:37:28|20|shiji@forstarfoods.com|ProcessorsAccounts.php
11 Jan 2021 12:38:20|20|shiji@forstarfoods.com|ProcessorsAccounts.php
11 Jan 2021 12:38:24|20|shiji@forstarfoods.com|ProcessorsAccounts.php
11 Jan 2021 12:38:28|20|shiji@forstarfoods.com|ProcessorsAccounts.php
11 Jan 2021 12:38:46|20|shiji@forstarfoods.com|DailyCatchEntry_New.php
11 Jan 2021 12:39:38|20|shiji@forstarfoods.com|ProcessorsAccounts.php
11 Jan 2021 12:42:13|20|shiji@forstarfoods.com|ProcessorsAccounts.php
11 Jan 2021 12:42:24|20|shiji@forstarfoods.com|ProcessorsAccounts.php
11 Jan 2021 12:42:32|20|shiji@forstarfoods.com|ProcessorsAccounts.php
11 Jan 2021 12:42:37|20|shiji@forstarfoods.com|ProcessorsAccounts.php
11 Jan 2021 12:42:47|20|shiji@forstarfoods.com|ProcessorsAccounts.php
11 Jan 2021 12:42:53|20|shiji@forstarfoods.com|ProcessorsAccounts.php
11 Jan 2021 12:42:58|20|shiji@forstarfoods.com|ProcessorsAccounts.php
11 Jan 2021 12:43:09|20|shiji@forstarfoods.com|ProcessorsAccounts.php
11 Jan 2021 12:43:47|20|shiji@forstarfoods.com|DailyCatchEntry_New.php
11 Jan 2021 12:44:26|20|shiji@forstarfoods.com|ProcessorsAccounts.php
11 Jan 2021 12:44:30|20|shiji@forstarfoods.com|ProcessorsAccounts.php
11 Jan 2021 12:44:36|20|shiji@forstarfoods.com|ProcessorsAccounts.php
11 Jan 2021 12:44:47|20|shiji@forstarfoods.com|ProcessorsAccounts.php
11 Jan 2021 12:44:49|20|shiji@forstarfoods.com|ProcessorsAccounts.php
11 Jan 2021 12:44:59|20|shiji@forstarfoods.com|ProcessorsAccounts.php
11 Jan 2021 12:45:04|20|shiji@forstarfoods.com|ProcessorsAccounts.php
11 Jan 2021 12:45:08|20|shiji@forstarfoods.com|ProcessorsAccounts.php
11 Jan 2021 12:45:12|20|shiji@forstarfoods.com|ProcessorsAccounts.php
11 Jan 2021 12:45:22|20|shiji@forstarfoods.com|ProcessorsAccounts.php
11 Jan 2021 12:45:27|20|shiji@forstarfoods.com|ProcessorsAccounts.php
11 Jan 2021 12:45:31|20|shiji@forstarfoods.com|ProcessorsAccounts.php
11 Jan 2021 12:45:34|20|shiji@forstarfoods.com|ProcessorsAccounts.php
11 Jan 2021 12:48:48|20|shiji@forstarfoods.com|DailyCatchEntry_New.php
11 Jan 2021 12:53:50|20|shiji@forstarfoods.com|DailyCatchEntry_New.php
11 Jan 2021 12:58:51|20|shiji@forstarfoods.com|DailyCatchEntry_New.php
11 Jan 2021 12:59:47|20|shiji@forstarfoods.com|PreProcessingReport.php
11 Jan 2021 13:00:05|20|shiji@forstarfoods.com|PreProcessingReport.php
11 Jan 2021 13:00:20|20|shiji@forstarfoods.com|PreProcessingReport.php
11 Jan 2021 13:01:29|20|shiji@forstarfoods.com|PrintPreProcessingReport.php
11 Jan 2021 13:02:03|20|shiji@forstarfoods.com|PreProcessingReport.php
11 Jan 2021 13:02:09|20|shiji@forstarfoods.com|PreProcessingReport.php
11 Jan 2021 13:02:26|20|shiji@forstarfoods.com|PreProcessingReport.php
11 Jan 2021 13:02:42|20|shiji@forstarfoods.com|PrintPreProcessingReport.php
11 Jan 2021 13:03:01|20|shiji@forstarfoods.com|PreProcessingReport.php
11 Jan 2021 13:03:05|20|shiji@forstarfoods.com|PreProcessingReport.php
11 Jan 2021 13:03:15|20|shiji@forstarfoods.com|PrintPreProcessingReport.php
11 Jan 2021 13:08:10|20|shiji@forstarfoods.com|DailyCatchSummary.php
11 Jan 2021 13:08:13|20|shiji@forstarfoods.com|DailyCatchSummary.php
11 Jan 2021 13:08:24|20|shiji@forstarfoods.com|DailyCatchSummary.php
11 Jan 2021 13:08:27|20|shiji@forstarfoods.com|DailyCatchSummary.php
11 Jan 2021 13:08:31|20|shiji@forstarfoods.com|DailyCatchSummary.php
11 Jan 2021 13:08:36|20|shiji@forstarfoods.com|DailyCatchSummary.php
11 Jan 2021 13:08:46|20|shiji@forstarfoods.com|DailyCatchSummary.php
11 Jan 2021 13:08:56|20|shiji@forstarfoods.com|DailyCatchSummary.php
11 Jan 2021 13:09:04|20|shiji@forstarfoods.com|DailyCatchSummary.php
11 Jan 2021 13:09:09|20|shiji@forstarfoods.com|PrintDailyCatchSummary.php
11 Jan 2021 16:11:39|20|shiji@forstarfoods.com|DailyCatchEntry_New.php
11 Jan 2021 16:29:51|20|shiji@forstarfoods.com|DailyCatchReport.php
11 Jan 2021 16:30:00|20|shiji@forstarfoods.com|DailyCatchReport.php
11 Jan 2021 16:30:03|20|shiji@forstarfoods.com|DailyCatchReport.php
11 Jan 2021 16:30:06|20|shiji@forstarfoods.com|DailyCatchReport.php
11 Jan 2021 16:30:08|20|shiji@forstarfoods.com|DailyCatchReport.php
11 Jan 2021 16:30:09|20|shiji@forstarfoods.com|DailyCatchReport.php
11 Jan 2021 16:30:11|20|shiji@forstarfoods.com|PrintDailyCatchReportMemo.php
11 Jan 2021 16:32:36|20|shiji@forstarfoods.com|DailyCatchReport.php
11 Jan 2021 16:32:38|20|shiji@forstarfoods.com|DailyCatchReport.php
11 Jan 2021 16:32:39|20|shiji@forstarfoods.com|DailyCatchReport.php
11 Jan 2021 16:32:40|20|shiji@forstarfoods.com|SupplierAccount.php
11 Jan 2021 16:32:49|20|shiji@forstarfoods.com|SupplierAccount.php
11 Jan 2021 16:42:57|20|shiji@forstarfoods.com|DailyCatchReport.php
11 Jan 2021 16:43:05|20|shiji@forstarfoods.com|DailyCatchReport.php
11 Jan 2021 16:43:08|20|shiji@forstarfoods.com|DailyCatchReport.php
11 Jan 2021 16:43:10|20|shiji@forstarfoods.com|DailyCatchReport.php
11 Jan 2021 16:43:11|20|shiji@forstarfoods.com|DailyCatchReport.php
11 Jan 2021 16:43:13|20|shiji@forstarfoods.com|DailyCatchReport.php
11 Jan 2021 16:43:14|20|shiji@forstarfoods.com|PrintDailyCatchReportMemo.php
11 Jan 2021 16:43:21|20|shiji@forstarfoods.com|SupplierAccount.php
11 Jan 2021 16:43:27|20|shiji@forstarfoods.com|SupplierAccount.php
11 Jan 2021 16:43:31|20|shiji@forstarfoods.com|SupplierAccount.php
11 Jan 2021 16:44:27|20|shiji@forstarfoods.com|SupplierAccount.php
11 Jan 2021 16:46:32|20|shiji@forstarfoods.com|Home.php
11 Jan 2021 16:46:44|20|shiji@forstarfoods.com|PurchaseReport.php
11 Jan 2021 16:46:53|20|shiji@forstarfoods.com|PurchaseReport.php
11 Jan 2021 16:47:04|20|shiji@forstarfoods.com|SupplierAccount.php
11 Jan 2021 16:47:13|20|shiji@forstarfoods.com|SupplierAccount.php
11 Jan 2021 16:47:17|20|shiji@forstarfoods.com|SupplierAccount.php
11 Jan 2021 16:47:22|20|shiji@forstarfoods.com|SupplierAccount.php
11 Jan 2021 16:47:26|20|shiji@forstarfoods.com|SupplierAccount.php
11 Jan 2021 16:48:00|20|shiji@forstarfoods.com|Home.php
11 Jan 2021 16:48:05|20|shiji@forstarfoods.com|DailyCatchSummary.php
11 Jan 2021 16:48:12|20|shiji@forstarfoods.com|DailyCatchReport.php
11 Jan 2021 16:48:17|20|shiji@forstarfoods.com|SupplierAccount.php
11 Jan 2021 16:48:28|20|shiji@forstarfoods.com|SupplierAccount.php
11 Jan 2021 16:48:33|20|shiji@forstarfoods.com|SupplierAccount.php
11 Jan 2021 16:48:36|20|shiji@forstarfoods.com|SupplierAccount.php
11 Jan 2021 16:48:40|20|shiji@forstarfoods.com|SupplierAccount.php
11 Jan 2021 16:49:07|20|shiji@forstarfoods.com|SupplierAccount.php
11 Jan 2021 16:49:14|20|shiji@forstarfoods.com|PurchaseReport.php
11 Jan 2021 16:49:25|20|shiji@forstarfoods.com|PurchaseReport.php
11 Jan 2021 16:49:29|20|shiji@forstarfoods.com|PrintPurchaseSettlementMemo.php
11 Jan 2021 16:55:34|20|shiji@forstarfoods.com|DailyCatchEntry_New.php
11 Jan 2021 16:55:42|20|shiji@forstarfoods.com|DailyCatchEntry_New.php
11 Jan 2021 16:55:43|20|shiji@forstarfoods.com|DailyCatchEntry_New.php
11 Jan 2021 16:55:44|20|shiji@forstarfoods.com|DailyCatchEntry_New.php
11 Jan 2021 16:55:45|20|shiji@forstarfoods.com|DailyCatchEntry_New.php
11 Jan 2021 16:55:46|20|shiji@forstarfoods.com|DailyCatchEntry_New.php
11 Jan 2021 16:55:48|20|shiji@forstarfoods.com|DailyCatchEntry_New.php
11 Jan 2021 16:56:29|20|shiji@forstarfoods.com|DailyCatchEntry_New.php
11 Jan 2021 16:56:32|20|shiji@forstarfoods.com|DailyCatchEntry_New.php
11 Jan 2021 16:56:33|20|shiji@forstarfoods.com|DailyCatchEntry_New.php
11 Jan 2021 16:56:34|20|shiji@forstarfoods.com|CatchEntryDeclaredItem.php
11 Jan 2021 16:56:35|20|shiji@forstarfoods.com|DailyCatchEntry_New.php
11 Jan 2021 16:56:36|20|shiji@forstarfoods.com|CatchEntryDeclaredItem.php
12 Jan 2021 09:51:37|20|shiji@forstarfoods.com|Home.php
12 Jan 2021 09:52:18|20|shiji@forstarfoods.com|PurchaseStatement.php
12 Jan 2021 09:52:47|20|shiji@forstarfoods.com|PurchaseStatement.php
12 Jan 2021 09:52:51|20|shiji@forstarfoods.com|PurchaseStatement.php
12 Jan 2021 09:52:54|20|shiji@forstarfoods.com|PurchaseStatement.php
12 Jan 2021 09:52:57|20|shiji@forstarfoods.com|PrintPurchaseStatement.php
12 Jan 2021 09:53:21|20|shiji@forstarfoods.com|PurchaseStatement.php
12 Jan 2021 09:53:26|20|shiji@forstarfoods.com|PurchaseStatement.php
12 Jan 2021 09:53:30|20|shiji@forstarfoods.com|PurchaseStatement.php
12 Jan 2021 09:53:34|20|shiji@forstarfoods.com|PurchaseStatement.php
12 Jan 2021 09:53:36|20|shiji@forstarfoods.com|PrintPurchaseStatement.php
12 Jan 2021 11:33:36|20|shiji@forstarfoods.com|DailyCatchSummary.php
12 Jan 2021 11:33:47|20|shiji@forstarfoods.com|DailyCatchSummary.php
12 Jan 2021 11:34:48|20|shiji@forstarfoods.com|DailyCatchSummary.php
12 Jan 2021 11:34:52|20|shiji@forstarfoods.com|DailyCatchSummary.php
12 Jan 2021 11:35:05|20|shiji@forstarfoods.com|DailyCatchSummary.php
12 Jan 2021 11:35:10|20|shiji@forstarfoods.com|DailyCatchSummary.php
12 Jan 2021 11:35:13|20|shiji@forstarfoods.com|DailyCatchSummary.php
12 Jan 2021 11:35:18|20|shiji@forstarfoods.com|DailyCatchSummary.php
12 Jan 2021 12:45:16|20|shiji@forstarfoods.com|DailyCatchSummary.php
12 Jan 2021 12:45:25|20|shiji@forstarfoods.com|DailyCatchSummary.php
12 Jan 2021 12:45:31|20|shiji@forstarfoods.com|DailyCatchSummary.php
12 Jan 2021 12:45:37|20|shiji@forstarfoods.com|DailyCatchSummary.php
12 Jan 2021 12:45:39|20|shiji@forstarfoods.com|DailyCatchSummary.php
12 Jan 2021 12:45:55|20|shiji@forstarfoods.com|DailyCatchSummary.php
12 Jan 2021 12:45:59|20|shiji@forstarfoods.com|DailyCatchSummary.php
12 Jan 2021 12:46:20|20|shiji@forstarfoods.com|DailyCatchSummary.php
12 Jan 2021 12:46:24|20|shiji@forstarfoods.com|DailyCatchSummary.php
12 Jan 2021 12:46:28|20|shiji@forstarfoods.com|DailyCatchSummary.php
12 Jan 2021 12:46:30|20|shiji@forstarfoods.com|DailyCatchSummary.php
12 Jan 2021 12:46:42|20|shiji@forstarfoods.com|DailyCatchSummary.php
12 Jan 2021 12:46:45|20|shiji@forstarfoods.com|DailyCatchSummary.php
12 Jan 2021 12:46:49|20|shiji@forstarfoods.com|DailyCatchSummary.php
12 Jan 2021 12:46:51|20|shiji@forstarfoods.com|DailyCatchSummary.php
12 Jan 2021 12:47:01|20|shiji@forstarfoods.com|DailyCatchSummary.php
12 Jan 2021 12:47:04|20|shiji@forstarfoods.com|DailyCatchSummary.php
12 Jan 2021 12:47:08|20|shiji@forstarfoods.com|DailyCatchSummary.php
12 Jan 2021 12:47:10|20|shiji@forstarfoods.com|DailyCatchSummary.php
12 Jan 2021 12:50:02|20|shiji@forstarfoods.com|DailyCatchSummary.php
12 Jan 2021 12:50:05|20|shiji@forstarfoods.com|DailyCatchSummary.php
12 Jan 2021 12:50:09|20|shiji@forstarfoods.com|DailyCatchSummary.php
12 Jan 2021 12:50:11|20|shiji@forstarfoods.com|DailyCatchSummary.php
12 Jan 2021 12:52:51|20|shiji@forstarfoods.com|DailyCatchSummary.php
12 Jan 2021 12:53:19|20|shiji@forstarfoods.com|DailyCatchSummary.php
12 Jan 2021 12:53:23|20|shiji@forstarfoods.com|DailyCatchSummary.php
12 Jan 2021 12:53:27|20|shiji@forstarfoods.com|DailyCatchSummary.php
12 Jan 2021 12:53:29|20|shiji@forstarfoods.com|DailyCatchSummary.php
12 Jan 2021 13:02:23|20|shiji@forstarfoods.com|DailyCatchSummary.php
12 Jan 2021 13:02:27|20|shiji@forstarfoods.com|DailyCatchSummary.php
12 Jan 2021 13:02:31|20|shiji@forstarfoods.com|DailyCatchSummary.php
12 Jan 2021 13:02:33|20|shiji@forstarfoods.com|DailyCatchSummary.php
12 Jan 2021 13:02:43|20|shiji@forstarfoods.com|DailyCatchSummary.php
12 Jan 2021 13:02:46|20|shiji@forstarfoods.com|DailyCatchSummary.php
12 Jan 2021 13:03:34|20|shiji@forstarfoods.com|DailyCatchSummary.php
12 Jan 2021 13:03:38|20|shiji@forstarfoods.com|DailyCatchSummary.php
12 Jan 2021 13:03:41|20|shiji@forstarfoods.com|DailyCatchSummary.php
12 Jan 2021 13:03:52|20|shiji@forstarfoods.com|DailyCatchSummary.php
12 Jan 2021 13:03:56|20|shiji@forstarfoods.com|DailyCatchSummary.php
12 Jan 2021 13:03:59|20|shiji@forstarfoods.com|DailyCatchSummary.php
12 Jan 2021 13:04:01|20|shiji@forstarfoods.com|DailyCatchSummary.php
12 Jan 2021 13:04:09|20|shiji@forstarfoods.com|DailyCatchSummary.php
12 Jan 2021 13:04:13|20|shiji@forstarfoods.com|DailyCatchSummary.php
12 Jan 2021 13:04:19|20|shiji@forstarfoods.com|DailyCatchSummary.php
12 Jan 2021 13:04:21|20|shiji@forstarfoods.com|DailyCatchSummary.php
12 Jan 2021 13:04:36|20|shiji@forstarfoods.com|DailyCatchSummary.php
12 Jan 2021 13:04:40|20|shiji@forstarfoods.com|DailyCatchSummary.php
12 Jan 2021 13:04:44|20|shiji@forstarfoods.com|DailyCatchSummary.php
12 Jan 2021 13:04:46|20|shiji@forstarfoods.com|DailyCatchSummary.php
12 Jan 2021 13:04:53|20|shiji@forstarfoods.com|DailyCatchSummary.php
12 Jan 2021 13:04:57|20|shiji@forstarfoods.com|DailyCatchSummary.php
12 Jan 2021 13:05:00|20|shiji@forstarfoods.com|DailyCatchSummary.php
12 Jan 2021 13:05:07|20|shiji@forstarfoods.com|DailyCatchSummary.php
12 Jan 2021 13:05:10|20|shiji@forstarfoods.com|DailyCatchSummary.php
12 Jan 2021 13:05:20|20|shiji@forstarfoods.com|DailyCatchSummary.php
12 Jan 2021 13:05:23|20|shiji@forstarfoods.com|DailyCatchSummary.php
12 Jan 2021 13:05:27|20|shiji@forstarfoods.com|DailyCatchSummary.php
12 Jan 2021 13:05:30|20|shiji@forstarfoods.com|DailyCatchSummary.php
12 Jan 2021 13:07:25|20|shiji@forstarfoods.com|DailyCatchSummary.php
12 Jan 2021 13:07:30|20|shiji@forstarfoods.com|DailyCatchSummary.php
12 Jan 2021 13:07:34|20|shiji@forstarfoods.com|DailyCatchSummary.php
12 Jan 2021 13:07:37|20|shiji@forstarfoods.com|DailyCatchSummary.php
12 Jan 2021 13:13:41|20|shiji@forstarfoods.com|DailyCatchSummary.php
12 Jan 2021 13:13:45|20|shiji@forstarfoods.com|DailyCatchSummary.php
12 Jan 2021 13:13:50|20|shiji@forstarfoods.com|DailyCatchSummary.php
12 Jan 2021 13:13:52|20|shiji@forstarfoods.com|DailyCatchSummary.php
12 Jan 2021 13:16:34|20|shiji@forstarfoods.com|DailyCatchSummary.php
12 Jan 2021 13:16:37|20|shiji@forstarfoods.com|DailyCatchSummary.php
12 Jan 2021 13:16:41|20|shiji@forstarfoods.com|DailyCatchSummary.php
12 Jan 2021 13:16:43|20|shiji@forstarfoods.com|DailyCatchSummary.php
12 Jan 2021 13:19:10|20|shiji@forstarfoods.com|DailyCatchSummary.php
12 Jan 2021 13:19:14|20|shiji@forstarfoods.com|DailyCatchSummary.php
12 Jan 2021 13:19:17|20|shiji@forstarfoods.com|DailyCatchSummary.php
12 Jan 2021 13:19:19|20|shiji@forstarfoods.com|DailyCatchSummary.php
12 Jan 2021 13:23:11|20|shiji@forstarfoods.com|DailyCatchSummary.php
12 Jan 2021 13:23:15|20|shiji@forstarfoods.com|DailyCatchSummary.php
12 Jan 2021 13:23:19|20|shiji@forstarfoods.com|DailyCatchSummary.php
12 Jan 2021 13:23:23|20|shiji@forstarfoods.com|DailyCatchSummary.php
12 Jan 2021 13:23:31|20|shiji@forstarfoods.com|DailyCatchSummary.php
12 Jan 2021 13:23:34|20|shiji@forstarfoods.com|DailyCatchSummary.php
12 Jan 2021 13:23:36|20|shiji@forstarfoods.com|DailyCatchSummary.php
12 Jan 2021 13:23:44|20|shiji@forstarfoods.com|DailyCatchSummary.php
12 Jan 2021 13:23:46|20|shiji@forstarfoods.com|DailyCatchSummary.php
12 Jan 2021 13:27:58|20|shiji@forstarfoods.com|DailyCatchSummary.php
12 Jan 2021 13:28:02|20|shiji@forstarfoods.com|DailyCatchSummary.php
12 Jan 2021 13:28:06|20|shiji@forstarfoods.com|DailyCatchSummary.php
12 Jan 2021 13:28:08|20|shiji@forstarfoods.com|DailyCatchSummary.php
12 Jan 2021 13:30:15|20|shiji@forstarfoods.com|DailyCatchSummary.php
12 Jan 2021 13:30:19|20|shiji@forstarfoods.com|DailyCatchSummary.php
12 Jan 2021 13:30:22|20|shiji@forstarfoods.com|DailyCatchSummary.php
12 Jan 2021 13:30:24|20|shiji@forstarfoods.com|DailyCatchSummary.php
12 Jan 2021 13:52:41|20|shiji@forstarfoods.com|DailyCatchSummary.php
12 Jan 2021 13:52:44|20|shiji@forstarfoods.com|DailyCatchSummary.php
12 Jan 2021 13:52:50|20|shiji@forstarfoods.com|DailyCatchSummary.php
12 Jan 2021 13:52:52|20|shiji@forstarfoods.com|DailyCatchSummary.php
12 Jan 2021 13:55:26|20|shiji@forstarfoods.com|DailyCatchSummary.php
12 Jan 2021 13:55:29|20|shiji@forstarfoods.com|DailyCatchSummary.php
12 Jan 2021 13:55:33|20|shiji@forstarfoods.com|DailyCatchSummary.php
12 Jan 2021 13:55:36|20|shiji@forstarfoods.com|DailyCatchSummary.php
12 Jan 2021 13:55:48|20|shiji@forstarfoods.com|DailyCatchSummary.php
12 Jan 2021 13:55:51|20|shiji@forstarfoods.com|DailyCatchSummary.php
12 Jan 2021 13:55:56|20|shiji@forstarfoods.com|DailyCatchSummary.php
12 Jan 2021 13:55:58|20|shiji@forstarfoods.com|DailyCatchSummary.php
12 Jan 2021 13:56:12|20|shiji@forstarfoods.com|DailyCatchSummary.php
12 Jan 2021 14:01:22|20|shiji@forstarfoods.com|DailyCatchSummary.php
12 Jan 2021 14:01:25|20|shiji@forstarfoods.com|DailyCatchSummary.php
12 Jan 2021 14:01:29|20|shiji@forstarfoods.com|DailyCatchSummary.php
12 Jan 2021 14:01:31|20|shiji@forstarfoods.com|DailyCatchSummary.php
12 Jan 2021 14:06:27|20|shiji@forstarfoods.com|DailyCatchSummary.php
12 Jan 2021 14:06:31|20|shiji@forstarfoods.com|DailyCatchSummary.php
12 Jan 2021 14:06:37|20|shiji@forstarfoods.com|DailyCatchSummary.php
12 Jan 2021 14:06:39|20|shiji@forstarfoods.com|DailyCatchSummary.php
12 Jan 2021 14:11:35|20|shiji@forstarfoods.com|DailyCatchSummary.php
12 Jan 2021 14:11:38|20|shiji@forstarfoods.com|DailyCatchSummary.php
12 Jan 2021 14:11:42|20|shiji@forstarfoods.com|DailyCatchSummary.php
12 Jan 2021 14:12:36|20|shiji@forstarfoods.com|DailyCatchSummary.php
12 Jan 2021 14:12:52|20|shiji@forstarfoods.com|DailyCatchSummary.php
12 Jan 2021 14:12:55|20|shiji@forstarfoods.com|DailyCatchSummary.php
12 Jan 2021 14:12:59|20|shiji@forstarfoods.com|DailyCatchSummary.php
12 Jan 2021 14:13:01|20|shiji@forstarfoods.com|DailyCatchSummary.php
12 Jan 2021 14:14:07|20|shiji@forstarfoods.com|DailyCatchSummary.php
12 Jan 2021 14:14:09|20|shiji@forstarfoods.com|DailyCatchSummary.php
12 Jan 2021 14:33:33|20|shiji@forstarfoods.com|DailyCatchSummary.php
12 Jan 2021 14:49:01|20|shiji@forstarfoods.com|DailyCatchSummary.php
12 Jan 2021 14:49:05|20|shiji@forstarfoods.com|DailyCatchSummary.php
12 Jan 2021 14:49:08|20|shiji@forstarfoods.com|DailyCatchSummary.php
12 Jan 2021 16:39:29|20|shiji@forstarfoods.com|DailyCatchSummary.php
12 Jan 2021 16:39:33|20|shiji@forstarfoods.com|DailyCatchSummary.php
12 Jan 2021 16:39:37|20|shiji@forstarfoods.com|DailyCatchSummary.php
12 Jan 2021 16:39:46|20|shiji@forstarfoods.com|DailyCatchSummary.php
12 Jan 2021 16:43:45|20|shiji@forstarfoods.com|DailyCatchSummary.php
12 Jan 2021 16:43:48|20|shiji@forstarfoods.com|DailyCatchSummary.php
12 Jan 2021 16:51:12|20|shiji@forstarfoods.com|DailyCatchSummary.php
12 Jan 2021 16:51:18|20|shiji@forstarfoods.com|DailyCatchSummary.php
12 Jan 2021 16:51:22|20|shiji@forstarfoods.com|DailyCatchSummary.php
12 Jan 2021 16:53:26|20|shiji@forstarfoods.com|DailyCatchSummary.php
12 Jan 2021 16:53:30|20|shiji@forstarfoods.com|DailyCatchSummary.php
12 Jan 2021 16:53:33|20|shiji@forstarfoods.com|DailyCatchSummary.php
12 Jan 2021 17:02:47|20|shiji@forstarfoods.com|DailyCatchSummary.php
12 Jan 2021 17:02:51|20|shiji@forstarfoods.com|DailyCatchSummary.php
12 Jan 2021 17:02:52|20|shiji@forstarfoods.com|DailyCatchSummary.php
12 Jan 2021 17:04:22|20|shiji@forstarfoods.com|DailyCatchSummary.php
12 Jan 2021 17:04:28|20|shiji@forstarfoods.com|DailyCatchSummary.php
12 Jan 2021 17:04:34|20|shiji@forstarfoods.com|DailyCatchSummary.php
12 Jan 2021 17:04:36|20|shiji@forstarfoods.com|DailyCatchSummary.php
12 Jan 2021 17:11:29|20|shiji@forstarfoods.com|DailyCatchSummary.php
12 Jan 2021 17:11:36|20|shiji@forstarfoods.com|DailyCatchSummary.php
13 Jan 2021 11:18:26|20|shiji@forstarfoods.com|Home.php
13 Jan 2021 11:18:38|20|shiji@forstarfoods.com|DailyCatchEntry_New.php
13 Jan 2021 11:18:43|20|shiji@forstarfoods.com|DailyCatchEntry_New.php
13 Jan 2021 11:18:44|20|shiji@forstarfoods.com|DailyCatchEntry_New.php
13 Jan 2021 11:18:46|20|shiji@forstarfoods.com|DailyCatchEntry_New.php
13 Jan 2021 11:18:47|20|shiji@forstarfoods.com|DailyCatchEntry_New.php
13 Jan 2021 11:18:48|20|shiji@forstarfoods.com|CatchEntryDeclaredItem.php
13 Jan 2021 11:18:49|20|shiji@forstarfoods.com|DailyCatchEntry_New.php
13 Jan 2021 11:18:53|20|shiji@forstarfoods.com|DailyCatchEntry_New.php
13 Jan 2021 11:18:54|20|shiji@forstarfoods.com|DailyCatchEntry_New.php
13 Jan 2021 11:18:55|20|shiji@forstarfoods.com|DailyCatchEntry_New.php
13 Jan 2021 11:18:57|20|shiji@forstarfoods.com|DailyCatchEntry_New.php
13 Jan 2021 11:18:58|20|shiji@forstarfoods.com|DailyCatchEntry_New.php
13 Jan 2021 11:19:00|20|shiji@forstarfoods.com|DailyCatchEntry_New.php
13 Jan 2021 11:19:02|20|shiji@forstarfoods.com|DailyCatchEntry_New.php
13 Jan 2021 11:19:03|20|shiji@forstarfoods.com|DailyCatchEntry_New.php
13 Jan 2021 11:19:06|20|shiji@forstarfoods.com|DailyCatchEntry_New.php
13 Jan 2021 11:19:12|20|shiji@forstarfoods.com|DailyCatchEntry_New.php
13 Jan 2021 11:19:14|20|shiji@forstarfoods.com|CatchEntryDeclaredItem.php
13 Jan 2021 11:19:23|20|shiji@forstarfoods.com|DailyCatchEntry_New.php
13 Jan 2021 11:20:04|20|shiji@forstarfoods.com|DailyCatchEntry_New.php
13 Jan 2021 11:20:06|20|shiji@forstarfoods.com|DailyCatchEntry_New.php
13 Jan 2021 11:20:07|20|shiji@forstarfoods.com|DailyCatchEntry_New.php
13 Jan 2021 11:20:14|20|shiji@forstarfoods.com|DailyCatchEntry_New.php
13 Jan 2021 11:20:17|20|shiji@forstarfoods.com|DailyCatchEntry_New.php
13 Jan 2021 11:20:24|20|shiji@forstarfoods.com|DailyCatchEntry_New.php
13 Jan 2021 11:20:25|20|shiji@forstarfoods.com|DailyCatchEntry_New.php
13 Jan 2021 11:20:27|20|shiji@forstarfoods.com|DailyCatchEntry_New.php
13 Jan 2021 11:20:28|20|shiji@forstarfoods.com|DailyCatchEntry_New.php
13 Jan 2021 11:20:29|20|shiji@forstarfoods.com|DailyCatchEntry_New.php
13 Jan 2021 11:20:30|20|shiji@forstarfoods.com|DailyCatchEntry_New.php
13 Jan 2021 11:20:31|20|shiji@forstarfoods.com|DailyCatchEntry_New.php
13 Jan 2021 11:20:33|20|shiji@forstarfoods.com|DailyCatchEntry_New.php
13 Jan 2021 11:20:34|20|shiji@forstarfoods.com|DailyCatchEntry_New.php
13 Jan 2021 11:20:35|20|shiji@forstarfoods.com|DailyCatchEntry_New.php
13 Jan 2021 11:21:48|20|shiji@forstarfoods.com|DailyCatchEntry_New.php
13 Jan 2021 11:22:53|20|shiji@forstarfoods.com|DailyCatchEntry_New.php
13 Jan 2021 11:22:55|20|shiji@forstarfoods.com|DailyCatchEntry_New.php
13 Jan 2021 11:22:57|20|shiji@forstarfoods.com|CatchEntryDeclaredItem.php
13 Jan 2021 11:23:12|20|shiji@forstarfoods.com|DailyCatchReport.php
13 Jan 2021 11:23:16|20|shiji@forstarfoods.com|DailyCatchEntry_New.php
13 Jan 2021 11:23:19|20|shiji@forstarfoods.com|DailyCatchEntry_New.php
13 Jan 2021 11:23:21|20|shiji@forstarfoods.com|DailyCatchEntry_New.php
13 Jan 2021 11:23:22|20|shiji@forstarfoods.com|DailyCatchEntry_New.php
13 Jan 2021 11:23:23|20|shiji@forstarfoods.com|DailyCatchEntry_New.php
13 Jan 2021 11:23:24|20|shiji@forstarfoods.com|CatchEntryDeclaredItem.php
13 Jan 2021 11:23:26|20|shiji@forstarfoods.com|DailyCatchEntry_New.php
13 Jan 2021 11:23:27|20|shiji@forstarfoods.com|DailyCatchEntry_New.php
13 Jan 2021 11:23:29|20|shiji@forstarfoods.com|DailyCatchEntry_New.php
13 Jan 2021 11:23:30|20|shiji@forstarfoods.com|DailyCatchEntry_New.php
13 Jan 2021 11:23:33|20|shiji@forstarfoods.com|DailyCatchEntry_New.php
13 Jan 2021 11:23:37|20|shiji@forstarfoods.com|DailyCatchEntry_New.php
13 Jan 2021 11:23:38|20|shiji@forstarfoods.com|CatchEntryDeclaredItem.php
13 Jan 2021 11:24:00|20|shiji@forstarfoods.com|DailyCatchEntry_New.php
13 Jan 2021 11:24:03|20|shiji@forstarfoods.com|DailyCatchEntry_New.php
13 Jan 2021 11:24:04|20|shiji@forstarfoods.com|DailyCatchEntry_New.php
13 Jan 2021 11:24:10|20|shiji@forstarfoods.com|DailyCatchEntry_New.php
13 Jan 2021 11:24:14|20|shiji@forstarfoods.com|DailyCatchEntry_New.php
13 Jan 2021 11:24:20|20|shiji@forstarfoods.com|DailyCatchEntry_New.php
13 Jan 2021 11:24:21|20|shiji@forstarfoods.com|DailyCatchEntry_New.php
13 Jan 2021 11:24:22|20|shiji@forstarfoods.com|DailyCatchEntry_New.php
13 Jan 2021 11:24:24|20|shiji@forstarfoods.com|DailyCatchEntry_New.php
13 Jan 2021 11:24:25|20|shiji@forstarfoods.com|DailyCatchEntry_New.php
13 Jan 2021 11:24:26|20|shiji@forstarfoods.com|DailyCatchEntry_New.php
13 Jan 2021 11:24:27|20|shiji@forstarfoods.com|DailyCatchEntry_New.php
13 Jan 2021 11:24:29|20|shiji@forstarfoods.com|DailyCatchEntry_New.php
13 Jan 2021 11:24:30|20|shiji@forstarfoods.com|DailyCatchEntry_New.php
13 Jan 2021 11:24:31|20|shiji@forstarfoods.com|DailyCatchEntry_New.php
13 Jan 2021 11:24:51|20|shiji@forstarfoods.com|DailyCatchEntry_New.php
13 Jan 2021 11:25:06|20|shiji@forstarfoods.com|DailyCatchEntry_New.php
13 Jan 2021 11:25:11|20|shiji@forstarfoods.com|DailyCatchEntry_New.php
13 Jan 2021 11:25:13|20|shiji@forstarfoods.com|CatchEntryDeclaredItem.php
13 Jan 2021 11:25:17|20|shiji@forstarfoods.com|DailyCatchEntry_New.php
13 Jan 2021 11:25:19|20|shiji@forstarfoods.com|DailyCatchEntry_New.php
13 Jan 2021 11:25:20|20|shiji@forstarfoods.com|DailyCatchEntry_New.php
13 Jan 2021 11:25:22|20|shiji@forstarfoods.com|DailyCatchEntry_New.php
13 Jan 2021 11:28:21|20|shiji@forstarfoods.com|DailyCatchEntry_New.php
13 Jan 2021 11:33:22|20|shiji@forstarfoods.com|DailyCatchEntry_New.php
13 Jan 2021 11:38:24|20|shiji@forstarfoods.com|DailyCatchEntry_New.php
13 Jan 2021 11:43:25|20|shiji@forstarfoods.com|DailyCatchEntry_New.php
13 Jan 2021 11:44:42|20|shiji@forstarfoods.com|DailyCatchEntry_New.php
13 Jan 2021 11:44:43|20|shiji@forstarfoods.com|CatchEntryDeclaredItem.php
13 Jan 2021 11:45:24|20|shiji@forstarfoods.com|DailyCatchEntry_New.php
13 Jan 2021 11:45:27|20|shiji@forstarfoods.com|DailyCatchEntry_New.php
13 Jan 2021 11:45:30|20|shiji@forstarfoods.com|DailyCatchEntry_New.php
13 Jan 2021 11:45:36|20|shiji@forstarfoods.com|DailyCatchEntry_New.php
13 Jan 2021 11:45:38|20|shiji@forstarfoods.com|DailyCatchEntry_New.php
13 Jan 2021 11:45:39|20|shiji@forstarfoods.com|DailyCatchEntry_New.php
13 Jan 2021 11:45:40|20|shiji@forstarfoods.com|DailyCatchEntry_New.php
13 Jan 2021 11:45:41|20|shiji@forstarfoods.com|DailyCatchEntry_New.php
13 Jan 2021 11:45:43|20|shiji@forstarfoods.com|DailyCatchEntry_New.php
13 Jan 2021 11:45:44|20|shiji@forstarfoods.com|DailyCatchEntry_New.php
13 Jan 2021 11:45:45|20|shiji@forstarfoods.com|DailyCatchEntry_New.php
13 Jan 2021 11:45:46|20|shiji@forstarfoods.com|DailyCatchEntry_New.php
13 Jan 2021 11:45:48|20|shiji@forstarfoods.com|DailyCatchEntry_New.php
13 Jan 2021 11:48:26|20|shiji@forstarfoods.com|DailyCatchEntry_New.php
13 Jan 2021 11:49:26|20|shiji@forstarfoods.com|DailyCatchEntry_New.php
13 Jan 2021 11:53:00|20|shiji@forstarfoods.com|DailyCatchEntry_New.php
13 Jan 2021 11:53:03|20|shiji@forstarfoods.com|DailyCatchEntry_New.php
13 Jan 2021 11:53:05|20|shiji@forstarfoods.com|CatchEntryDeclaredItem.php
13 Jan 2021 11:53:28|20|shiji@forstarfoods.com|DailyCatchEntry_New.php
13 Jan 2021 12:23:01|20|shiji@forstarfoods.com|Home.php
13 Jan 2021 12:23:15|20|shiji@forstarfoods.com|DailyCatchEntry_New.php
13 Jan 2021 12:23:18|20|shiji@forstarfoods.com|DailyCatchEntry_New.php
13 Jan 2021 12:23:19|20|shiji@forstarfoods.com|DailyCatchEntry_New.php
13 Jan 2021 12:23:21|20|shiji@forstarfoods.com|DailyCatchEntry_New.php
13 Jan 2021 12:23:22|20|shiji@forstarfoods.com|DailyCatchEntry_New.php
13 Jan 2021 12:23:23|20|shiji@forstarfoods.com|CatchEntryDeclaredItem.php
13 Jan 2021 12:23:24|20|shiji@forstarfoods.com|DailyCatchEntry_New.php
13 Jan 2021 12:23:26|20|shiji@forstarfoods.com|DailyCatchEntry_New.php
13 Jan 2021 12:23:27|20|shiji@forstarfoods.com|DailyCatchEntry_New.php
13 Jan 2021 12:23:28|20|shiji@forstarfoods.com|DailyCatchEntry_New.php
13 Jan 2021 12:23:36|20|shiji@forstarfoods.com|DailyCatchEntry_New.php
13 Jan 2021 12:23:46|20|shiji@forstarfoods.com|DailyCatchEntry_New.php
13 Jan 2021 12:23:47|20|shiji@forstarfoods.com|CatchEntryDeclaredItem.php
13 Jan 2021 12:24:11|20|shiji@forstarfoods.com|DailyCatchEntry_New.php
13 Jan 2021 12:24:13|20|shiji@forstarfoods.com|DailyCatchEntry_New.php
13 Jan 2021 12:24:14|20|shiji@forstarfoods.com|DailyCatchEntry_New.php
13 Jan 2021 12:24:21|20|shiji@forstarfoods.com|DailyCatchEntry_New.php
13 Jan 2021 12:24:24|20|shiji@forstarfoods.com|DailyCatchEntry_New.php
13 Jan 2021 12:24:30|20|shiji@forstarfoods.com|DailyCatchEntry_New.php
13 Jan 2021 12:24:31|20|shiji@forstarfoods.com|DailyCatchEntry_New.php
13 Jan 2021 12:24:33|20|shiji@forstarfoods.com|DailyCatchEntry_New.php
13 Jan 2021 12:24:34|20|shiji@forstarfoods.com|DailyCatchEntry_New.php
13 Jan 2021 12:24:35|20|shiji@forstarfoods.com|DailyCatchEntry_New.php
13 Jan 2021 12:24:36|20|shiji@forstarfoods.com|DailyCatchEntry_New.php
13 Jan 2021 12:26:50|20|shiji@forstarfoods.com|DailyCatchEntry_New.php
13 Jan 2021 12:26:52|20|shiji@forstarfoods.com|DailyCatchEntry_New.php
13 Jan 2021 12:26:54|20|shiji@forstarfoods.com|CatchEntryDeclaredItem.php
13 Jan 2021 12:27:47|20|shiji@forstarfoods.com|DailyCatchReport.php
13 Jan 2021 12:27:57|20|shiji@forstarfoods.com|DailyCatchReport.php
13 Jan 2021 12:28:04|20|shiji@forstarfoods.com|DailyCatchReport.php
13 Jan 2021 12:28:06|20|shiji@forstarfoods.com|DailyCatchReport.php
13 Jan 2021 12:28:08|20|shiji@forstarfoods.com|DailyCatchReport.php
13 Jan 2021 12:28:14|20|shiji@forstarfoods.com|PrintDailyCatchReportMemo.php
13 Jan 2021 12:31:02|20|shiji@forstarfoods.com|DailyCatchReport.php
13 Jan 2021 12:31:04|20|shiji@forstarfoods.com|DailyCatchReport.php
13 Jan 2021 12:31:06|20|shiji@forstarfoods.com|DailyCatchReport.php
13 Jan 2021 12:31:07|20|shiji@forstarfoods.com|DailyCatchReport.php
13 Jan 2021 12:31:10|20|shiji@forstarfoods.com|DailyCatchReport.php
13 Jan 2021 12:31:12|20|shiji@forstarfoods.com|DailyCatchReport.php
13 Jan 2021 12:31:13|20|shiji@forstarfoods.com|DailyCatchReport.php
13 Jan 2021 12:31:15|20|shiji@forstarfoods.com|PrintDailyCatchReportMemo.php
13 Jan 2021 12:32:25|20|shiji@forstarfoods.com|DailyCatchReport.php
13 Jan 2021 12:32:26|20|shiji@forstarfoods.com|DailyCatchReport.php
13 Jan 2021 12:32:28|20|shiji@forstarfoods.com|DailyCatchReport.php
13 Jan 2021 12:32:42|20|shiji@forstarfoods.com|DailyCatchReport.php
13 Jan 2021 12:32:46|20|shiji@forstarfoods.com|DailyCatchReport.php
13 Jan 2021 12:32:48|20|shiji@forstarfoods.com|DailyCatchReport.php
13 Jan 2021 12:32:50|20|shiji@forstarfoods.com|DailyCatchReport.php
13 Jan 2021 12:32:51|20|shiji@forstarfoods.com|DailyCatchReport.php
13 Jan 2021 12:32:53|20|shiji@forstarfoods.com|PrintDailyCatchReportMemo.php
13 Jan 2021 12:35:10|20|shiji@forstarfoods.com|DailyCatchReport.php
13 Jan 2021 12:35:12|20|shiji@forstarfoods.com|DailyCatchReport.php
13 Jan 2021 12:35:13|20|shiji@forstarfoods.com|DailyCatchReport.php
13 Jan 2021 12:35:36|20|shiji@forstarfoods.com|DailyCatchReport.php
13 Jan 2021 12:35:37|20|shiji@forstarfoods.com|DailyCatchReport.php
13 Jan 2021 12:35:39|20|shiji@forstarfoods.com|DailyCatchReport.php
13 Jan 2021 12:35:40|20|shiji@forstarfoods.com|DailyCatchReport.php
13 Jan 2021 12:35:48|20|shiji@forstarfoods.com|DailyCatchReport.php
13 Jan 2021 12:35:50|20|shiji@forstarfoods.com|DailyCatchReport.php
13 Jan 2021 12:35:51|20|shiji@forstarfoods.com|DailyCatchReport.php
13 Jan 2021 12:36:00|20|shiji@forstarfoods.com|DailyCatchEntry_New.php
13 Jan 2021 12:36:02|20|shiji@forstarfoods.com|DailyCatchEntry_New.php
13 Jan 2021 12:36:04|20|shiji@forstarfoods.com|DailyCatchEntry_New.php
13 Jan 2021 12:36:06|20|shiji@forstarfoods.com|DailyCatchEntry_New.php
13 Jan 2021 12:36:07|20|shiji@forstarfoods.com|DailyCatchEntry_New.php
13 Jan 2021 12:36:08|20|shiji@forstarfoods.com|CatchEntryDeclaredItem.php
13 Jan 2021 12:36:09|20|shiji@forstarfoods.com|DailyCatchEntry_New.php
13 Jan 2021 12:36:11|20|shiji@forstarfoods.com|DailyCatchEntry_New.php
13 Jan 2021 12:36:12|20|shiji@forstarfoods.com|DailyCatchEntry_New.php
13 Jan 2021 12:36:13|20|shiji@forstarfoods.com|DailyCatchEntry_New.php
13 Jan 2021 12:36:17|20|shiji@forstarfoods.com|DailyCatchEntry_New.php
13 Jan 2021 12:36:27|20|shiji@forstarfoods.com|DailyCatchEntry_New.php
13 Jan 2021 12:36:29|20|shiji@forstarfoods.com|CatchEntryDeclaredItem.php
13 Jan 2021 12:36:57|20|shiji@forstarfoods.com|DailyCatchEntry_New.php