
26 Oct 2021 11:24:22|20|shiji@forstarfoods.com|DailyCatchEntry_New.php
26 Oct 2021 11:24:23|20|shiji@forstarfoods.com|DailyCatchEntry_New.php
26 Oct 2021 11:24:23|20|shiji@forstarfoods.com|DailyCatchEntry_New.php
26 Oct 2021 11:24:23|20|shiji@forstarfoods.com|DailyCatchEntry_New.php
26 Oct 2021 11:24:24|20|shiji@forstarfoods.com|DailyCatchEntry_New.php
26 Oct 2021 11:24:24|20|shiji@forstarfoods.com|DailyCatchEntry_New.php
26 Oct 2021 11:24:25|20|shiji@forstarfoods.com|DailyCatchEntry_New.php
26 Oct 2021 11:24:25|20|shiji@forstarfoods.com|DailyCatchEntry_New.php
26 Oct 2021 11:24:37|20|shiji@forstarfoods.com|DailyCatchEntry_New.php
26 Oct 2021 11:24:39|20|shiji@forstarfoods.com|DailyCatchEntry_New.php
26 Oct 2021 11:24:41|20|shiji@forstarfoods.com|CatchEntryDeclaredItem.php
26 Oct 2021 11:24:46|20|shiji@forstarfoods.com|DailyCatchEntry_New.php
26 Oct 2021 11:24:48|20|shiji@forstarfoods.com|DailyCatchEntry_New.php
26 Oct 2021 11:24:50|20|shiji@forstarfoods.com|DailyCatchEntry_New.php
26 Oct 2021 11:24:50|20|shiji@forstarfoods.com|DailyCatchEntry_New.php
26 Oct 2021 11:24:50|20|shiji@forstarfoods.com|DailyCatchEntry_New.php
26 Oct 2021 11:24:51|20|shiji@forstarfoods.com|DailyCatchEntry_New.php
26 Oct 2021 11:24:51|20|shiji@forstarfoods.com|DailyCatchEntry_New.php
26 Oct 2021 11:24:51|20|shiji@forstarfoods.com|DailyCatchEntry_New.php
26 Oct 2021 11:24:51|20|shiji@forstarfoods.com|DailyCatchEntry_New.php
26 Oct 2021 11:24:52|20|shiji@forstarfoods.com|DailyCatchEntry_New.php
26 Oct 2021 11:24:52|20|shiji@forstarfoods.com|DailyCatchEntry_New.php
26 Oct 2021 11:24:52|20|shiji@forstarfoods.com|DailyCatchEntry_New.php
26 Oct 2021 11:24:53|20|shiji@forstarfoods.com|DailyCatchEntry_New.php
26 Oct 2021 11:24:53|20|shiji@forstarfoods.com|DailyCatchEntry_New.php
26 Oct 2021 11:24:54|20|shiji@forstarfoods.com|DailyCatchEntry_New.php
26 Oct 2021 11:24:54|20|shiji@forstarfoods.com|DailyCatchEntry_New.php
26 Oct 2021 11:25:28|24|shashikala@forstarfoods.com|DailyRMCB.php
26 Oct 2021 11:25:40|24|shashikala@forstarfoods.com|DailyRMCB.php
26 Oct 2021 11:25:43|24|shashikala@forstarfoods.com|DailyRMCB.php
26 Oct 2021 11:25:48|24|shashikala@forstarfoods.com|DailyRMCB.php
26 Oct 2021 11:25:52|24|shashikala@forstarfoods.com|DailyRMCB.php
26 Oct 2021 11:26:25|20|shiji@forstarfoods.com|DailyCatchEntry_New.php
26 Oct 2021 11:26:26|20|shiji@forstarfoods.com|DailyCatchEntry_New.php
26 Oct 2021 11:26:27|20|shiji@forstarfoods.com|CatchEntryDeclaredItem.php
26 Oct 2021 11:26:31|20|shiji@forstarfoods.com|DailyCatchEntry_New.php
26 Oct 2021 11:26:33|20|shiji@forstarfoods.com|DailyCatchEntry_New.php
26 Oct 2021 11:26:35|20|shiji@forstarfoods.com|DailyCatchEntry_New.php
26 Oct 2021 11:26:35|20|shiji@forstarfoods.com|DailyCatchEntry_New.php
26 Oct 2021 11:26:36|20|shiji@forstarfoods.com|DailyCatchEntry_New.php
26 Oct 2021 11:26:36|20|shiji@forstarfoods.com|DailyCatchEntry_New.php
26 Oct 2021 11:26:36|20|shiji@forstarfoods.com|DailyCatchEntry_New.php
26 Oct 2021 11:26:36|20|shiji@forstarfoods.com|DailyCatchEntry_New.php
26 Oct 2021 11:26:37|20|shiji@forstarfoods.com|DailyCatchEntry_New.php
26 Oct 2021 11:26:37|20|shiji@forstarfoods.com|DailyCatchEntry_New.php
26 Oct 2021 11:26:37|20|shiji@forstarfoods.com|DailyCatchEntry_New.php
26 Oct 2021 11:26:38|20|shiji@forstarfoods.com|DailyCatchEntry_New.php
26 Oct 2021 11:26:38|20|shiji@forstarfoods.com|DailyCatchEntry_New.php
26 Oct 2021 11:26:38|20|shiji@forstarfoods.com|DailyCatchEntry_New.php
26 Oct 2021 11:26:40|20|shiji@forstarfoods.com|DailyCatchEntry_New.php
26 Oct 2021 11:26:41|20|shiji@forstarfoods.com|DailyCatchEntry_New.php
26 Oct 2021 11:26:43|24|shashikala@forstarfoods.com|DailyRMCB.php
26 Oct 2021 11:26:47|24|shashikala@forstarfoods.com|DailyRMCB.php
26 Oct 2021 11:27:23|24|shashikala@forstarfoods.com|DailyRMCB.php
26 Oct 2021 11:27:33|20|shiji@forstarfoods.com|DailyCatchEntry_New.php
26 Oct 2021 11:27:33|20|shiji@forstarfoods.com|DailyCatchEntry_New.php
26 Oct 2021 11:27:42|24|shashikala@forstarfoods.com|DailyRMCB.php
26 Oct 2021 11:28:26|20|shiji@forstarfoods.com|DailyCatchEntry_New.php
26 Oct 2021 11:28:28|20|shiji@forstarfoods.com|DailyCatchEntry_New.php
26 Oct 2021 11:28:29|20|shiji@forstarfoods.com|CatchEntryDeclaredItem.php
26 Oct 2021 11:28:35|20|shiji@forstarfoods.com|DailyCatchEntry_New.php
26 Oct 2021 11:28:36|20|shiji@forstarfoods.com|DailyCatchEntry_New.php
26 Oct 2021 11:28:38|20|shiji@forstarfoods.com|DailyCatchEntry_New.php
26 Oct 2021 11:28:41|20|shiji@forstarfoods.com|DailyCatchEntry_New.php
26 Oct 2021 11:28:41|20|shiji@forstarfoods.com|DailyCatchEntry_New.php
26 Oct 2021 11:28:42|20|shiji@forstarfoods.com|DailyCatchEntry_New.php
26 Oct 2021 11:28:42|20|shiji@forstarfoods.com|DailyCatchEntry_New.php
26 Oct 2021 11:28:42|20|shiji@forstarfoods.com|DailyCatchEntry_New.php
26 Oct 2021 11:28:43|20|shiji@forstarfoods.com|DailyCatchEntry_New.php
26 Oct 2021 11:28:43|20|shiji@forstarfoods.com|DailyCatchEntry_New.php
26 Oct 2021 11:28:43|20|shiji@forstarfoods.com|DailyCatchEntry_New.php
26 Oct 2021 11:28:44|20|shiji@forstarfoods.com|DailyCatchEntry_New.php
26 Oct 2021 11:28:45|20|shiji@forstarfoods.com|DailyCatchEntry_New.php
26 Oct 2021 11:28:45|20|shiji@forstarfoods.com|DailyCatchEntry_New.php
26 Oct 2021 11:28:45|20|shiji@forstarfoods.com|DailyCatchEntry_New.php
26 Oct 2021 11:28:46|20|shiji@forstarfoods.com|DailyCatchEntry_New.php
26 Oct 2021 11:28:46|20|shiji@forstarfoods.com|DailyCatchEntry_New.php
26 Oct 2021 11:28:51|24|shashikala@forstarfoods.com|DailyRMCB.php
26 Oct 2021 11:28:55|20|shiji@forstarfoods.com|DailyCatchEntry_New.php
26 Oct 2021 11:28:55|24|shashikala@forstarfoods.com|DailyRMCB.php
26 Oct 2021 11:28:55|20|shiji@forstarfoods.com|DailyCatchEntry_New.php
26 Oct 2021 11:29:00|24|shashikala@forstarfoods.com|Home.php
26 Oct 2021 11:29:02|24|shashikala@forstarfoods.com|Home.php
26 Oct 2021 11:29:06|20|shiji@forstarfoods.com|DailyCatchEntry_New.php
26 Oct 2021 11:29:08|20|shiji@forstarfoods.com|DailyCatchEntry_New.php
26 Oct 2021 11:29:08|24|shashikala@forstarfoods.com|DailyPreProcess.php
26 Oct 2021 11:29:09|20|shiji@forstarfoods.com|CatchEntryDeclaredItem.php
26 Oct 2021 11:29:12|20|shiji@forstarfoods.com|DailyCatchEntry_New.php
26 Oct 2021 11:29:15|24|shashikala@forstarfoods.com|DailyPreProcess.php
26 Oct 2021 11:29:15|20|shiji@forstarfoods.com|DailyCatchEntry_New.php
26 Oct 2021 11:29:17|20|shiji@forstarfoods.com|DailyCatchEntry_New.php
26 Oct 2021 11:29:19|20|shiji@forstarfoods.com|DailyCatchEntry_New.php
26 Oct 2021 11:29:19|20|shiji@forstarfoods.com|DailyCatchEntry_New.php
26 Oct 2021 11:29:20|20|shiji@forstarfoods.com|DailyCatchEntry_New.php
26 Oct 2021 11:29:20|20|shiji@forstarfoods.com|DailyCatchEntry_New.php
26 Oct 2021 11:29:20|20|shiji@forstarfoods.com|DailyCatchEntry_New.php
26 Oct 2021 11:29:20|20|shiji@forstarfoods.com|DailyCatchEntry_New.php
26 Oct 2021 11:29:21|20|shiji@forstarfoods.com|DailyCatchEntry_New.php
26 Oct 2021 11:29:21|20|shiji@forstarfoods.com|DailyCatchEntry_New.php
26 Oct 2021 11:29:21|20|shiji@forstarfoods.com|DailyCatchEntry_New.php
26 Oct 2021 11:29:22|20|shiji@forstarfoods.com|DailyCatchEntry_New.php
26 Oct 2021 11:29:24|20|shiji@forstarfoods.com|DailyCatchEntry_New.php
26 Oct 2021 11:29:24|20|shiji@forstarfoods.com|DailyCatchEntry_New.php
26 Oct 2021 11:29:30|24|shashikala@forstarfoods.com|DailyPreProcess.php
26 Oct 2021 11:29:35|24|shashikala@forstarfoods.com|DailyPreProcess.php
26 Oct 2021 11:29:36|24|shashikala@forstarfoods.com|DailyPreProcess.php
26 Oct 2021 11:29:42|20|shiji@forstarfoods.com|DailyCatchEntry_New.php
26 Oct 2021 11:29:43|20|shiji@forstarfoods.com|DailyCatchEntry_New.php
26 Oct 2021 11:29:46|20|shiji@forstarfoods.com|CatchEntryDeclaredItem.php
26 Oct 2021 11:29:51|20|shiji@forstarfoods.com|DailyCatchEntry_New.php
26 Oct 2021 11:29:52|20|shiji@forstarfoods.com|DailyCatchEntry_New.php
26 Oct 2021 11:29:56|20|shiji@forstarfoods.com|DailyCatchEntry_New.php
26 Oct 2021 11:29:57|20|shiji@forstarfoods.com|DailyCatchEntry_New.php
26 Oct 2021 11:29:57|20|shiji@forstarfoods.com|DailyCatchEntry_New.php
26 Oct 2021 11:29:57|20|shiji@forstarfoods.com|DailyCatchEntry_New.php
26 Oct 2021 11:29:58|20|shiji@forstarfoods.com|DailyCatchEntry_New.php
26 Oct 2021 11:29:58|20|shiji@forstarfoods.com|DailyCatchEntry_New.php
26 Oct 2021 11:30:05|20|shiji@forstarfoods.com|DailyCatchEntry_New.php
26 Oct 2021 11:30:06|20|shiji@forstarfoods.com|DailyCatchEntry_New.php
26 Oct 2021 11:30:17|20|shiji@forstarfoods.com|DailyCatchEntry_New.php
26 Oct 2021 11:30:18|20|shiji@forstarfoods.com|DailyCatchEntry_New.php
26 Oct 2021 11:30:19|20|shiji@forstarfoods.com|CatchEntryDeclaredItem.php
26 Oct 2021 11:31:03|20|shiji@forstarfoods.com|DailyCatchEntry_New.php
26 Oct 2021 11:31:03|20|shiji@forstarfoods.com|DailyCatchEntry_New.php
26 Oct 2021 11:31:04|20|shiji@forstarfoods.com|DailyCatchEntry_New.php
26 Oct 2021 11:31:08|20|shiji@forstarfoods.com|DailyCatchEntry_New.php
26 Oct 2021 11:31:13|20|shiji@forstarfoods.com|DailyCatchEntry_New.php
26 Oct 2021 11:31:13|20|shiji@forstarfoods.com|CatchEntryDeclaredItem.php
26 Oct 2021 11:31:30|20|shiji@forstarfoods.com|DailyCatchEntry_New.php
26 Oct 2021 11:31:32|20|shiji@forstarfoods.com|DailyCatchEntry_New.php
26 Oct 2021 11:31:33|20|shiji@forstarfoods.com|DailyCatchEntry_New.php
26 Oct 2021 11:31:35|20|shiji@forstarfoods.com|DailyCatchEntry_New.php
26 Oct 2021 11:31:36|20|shiji@forstarfoods.com|DailyCatchEntry_New.php
26 Oct 2021 11:31:36|20|shiji@forstarfoods.com|DailyCatchEntry_New.php
26 Oct 2021 11:31:36|20|shiji@forstarfoods.com|DailyCatchEntry_New.php
26 Oct 2021 11:31:37|20|shiji@forstarfoods.com|DailyCatchEntry_New.php
26 Oct 2021 11:31:37|20|shiji@forstarfoods.com|DailyCatchEntry_New.php
26 Oct 2021 11:31:37|20|shiji@forstarfoods.com|DailyCatchEntry_New.php
26 Oct 2021 11:31:38|20|shiji@forstarfoods.com|DailyCatchEntry_New.php
26 Oct 2021 11:31:38|20|shiji@forstarfoods.com|DailyCatchEntry_New.php
26 Oct 2021 11:31:38|20|shiji@forstarfoods.com|DailyCatchEntry_New.php
26 Oct 2021 11:31:38|20|shiji@forstarfoods.com|DailyCatchEntry_New.php
26 Oct 2021 11:31:39|20|shiji@forstarfoods.com|DailyCatchEntry_New.php
26 Oct 2021 11:31:39|20|shiji@forstarfoods.com|DailyCatchEntry_New.php
26 Oct 2021 11:31:39|20|shiji@forstarfoods.com|DailyCatchEntry_New.php
26 Oct 2021 11:32:10|20|shiji@forstarfoods.com|DailyCatchEntry_New.php
26 Oct 2021 11:32:12|20|shiji@forstarfoods.com|DailyCatchEntry_New.php
26 Oct 2021 11:32:16|20|shiji@forstarfoods.com|CatchEntryDeclaredItem.php
26 Oct 2021 11:32:33|20|shiji@forstarfoods.com|DailyCatchEntry_New.php
26 Oct 2021 11:32:34|20|shiji@forstarfoods.com|DailyCatchEntry_New.php
26 Oct 2021 11:32:37|20|shiji@forstarfoods.com|DailyCatchEntry_New.php
26 Oct 2021 11:32:37|20|shiji@forstarfoods.com|DailyCatchEntry_New.php
26 Oct 2021 11:32:37|20|shiji@forstarfoods.com|DailyCatchEntry_New.php
26 Oct 2021 11:32:37|20|shiji@forstarfoods.com|DailyCatchEntry_New.php
26 Oct 2021 11:32:38|20|shiji@forstarfoods.com|DailyCatchEntry_New.php
26 Oct 2021 11:32:38|20|shiji@forstarfoods.com|DailyCatchEntry_New.php
26 Oct 2021 11:32:38|20|shiji@forstarfoods.com|DailyCatchEntry_New.php
26 Oct 2021 11:32:39|20|shiji@forstarfoods.com|DailyCatchEntry_New.php
26 Oct 2021 11:32:39|20|shiji@forstarfoods.com|DailyCatchEntry_New.php
26 Oct 2021 11:32:39|20|shiji@forstarfoods.com|DailyCatchEntry_New.php
26 Oct 2021 11:32:39|20|shiji@forstarfoods.com|DailyCatchEntry_New.php
26 Oct 2021 11:32:40|20|shiji@forstarfoods.com|DailyCatchEntry_New.php
26 Oct 2021 11:32:40|20|shiji@forstarfoods.com|DailyCatchEntry_New.php
26 Oct 2021 11:32:40|20|shiji@forstarfoods.com|DailyCatchEntry_New.php
26 Oct 2021 11:32:41|20|shiji@forstarfoods.com|DailyCatchEntry_New.php
26 Oct 2021 11:32:41|20|shiji@forstarfoods.com|DailyCatchEntry_New.php
26 Oct 2021 11:32:43|20|shiji@forstarfoods.com|DailyCatchEntry_New.php
26 Oct 2021 11:32:44|20|shiji@forstarfoods.com|DailyCatchEntry_New.php
26 Oct 2021 11:33:35|20|shiji@forstarfoods.com|DailyCatchEntry_New.php
26 Oct 2021 11:34:16|20|shiji@forstarfoods.com|DailyCatchEntry_New.php
26 Oct 2021 11:34:17|20|shiji@forstarfoods.com|DailyCatchEntry_New.php
26 Oct 2021 11:34:18|20|shiji@forstarfoods.com|CatchEntryDeclaredItem.php
26 Oct 2021 11:34:31|20|shiji@forstarfoods.com|DailyCatchEntry_New.php
26 Oct 2021 11:34:31|20|shiji@forstarfoods.com|DailyCatchEntry_New.php
26 Oct 2021 11:34:31|20|shiji@forstarfoods.com|DailyCatchEntry_New.php
26 Oct 2021 11:34:35|20|shiji@forstarfoods.com|DailyCatchEntry_New.php
26 Oct 2021 11:34:46|20|shiji@forstarfoods.com|DailyCatchEntry_New.php
26 Oct 2021 11:34:46|20|shiji@forstarfoods.com|CatchEntryDeclaredItem.php
26 Oct 2021 11:34:51|20|shiji@forstarfoods.com|DailyCatchEntry_New.php
26 Oct 2021 11:34:55|20|shiji@forstarfoods.com|DailyCatchEntry_New.php
26 Oct 2021 11:34:55|20|shiji@forstarfoods.com|CatchEntryDeclaredItem.php
26 Oct 2021 11:35:06|20|shiji@forstarfoods.com|DailyCatchEntry_New.php
26 Oct 2021 11:35:14|20|shiji@forstarfoods.com|DailyCatchEntry_New.php
26 Oct 2021 11:35:18|20|shiji@forstarfoods.com|DailyCatchEntry_New.php
26 Oct 2021 11:35:20|20|shiji@forstarfoods.com|DailyCatchEntry_New.php
26 Oct 2021 11:35:22|20|shiji@forstarfoods.com|DailyCatchEntry_New.php
26 Oct 2021 11:35:23|20|shiji@forstarfoods.com|DailyCatchEntry_New.php
26 Oct 2021 11:35:23|20|shiji@forstarfoods.com|DailyCatchEntry_New.php
26 Oct 2021 11:35:23|20|shiji@forstarfoods.com|DailyCatchEntry_New.php
26 Oct 2021 11:35:24|20|shiji@forstarfoods.com|DailyCatchEntry_New.php
26 Oct 2021 11:35:24|20|shiji@forstarfoods.com|DailyCatchEntry_New.php
26 Oct 2021 11:35:24|20|shiji@forstarfoods.com|DailyCatchEntry_New.php
26 Oct 2021 11:35:24|20|shiji@forstarfoods.com|DailyCatchEntry_New.php
26 Oct 2021 11:35:25|20|shiji@forstarfoods.com|DailyCatchEntry_New.php
26 Oct 2021 11:35:25|20|shiji@forstarfoods.com|DailyCatchEntry_New.php
26 Oct 2021 11:35:25|20|shiji@forstarfoods.com|DailyCatchEntry_New.php
26 Oct 2021 11:35:26|20|shiji@forstarfoods.com|DailyCatchEntry_New.php
26 Oct 2021 11:35:26|20|shiji@forstarfoods.com|DailyCatchEntry_New.php
26 Oct 2021 11:35:26|20|shiji@forstarfoods.com|DailyCatchEntry_New.php
26 Oct 2021 11:35:26|20|shiji@forstarfoods.com|DailyCatchEntry_New.php
26 Oct 2021 11:35:27|20|shiji@forstarfoods.com|DailyCatchEntry_New.php
26 Oct 2021 11:35:27|20|shiji@forstarfoods.com|DailyCatchEntry_New.php
26 Oct 2021 11:35:27|20|shiji@forstarfoods.com|DailyCatchEntry_New.php
26 Oct 2021 11:35:28|20|shiji@forstarfoods.com|DailyCatchEntry_New.php
26 Oct 2021 11:35:28|20|shiji@forstarfoods.com|DailyCatchEntry_New.php
26 Oct 2021 11:35:28|20|shiji@forstarfoods.com|DailyCatchEntry_New.php
26 Oct 2021 11:35:29|20|shiji@forstarfoods.com|DailyCatchEntry_New.php
26 Oct 2021 11:35:29|20|shiji@forstarfoods.com|DailyCatchEntry_New.php
26 Oct 2021 11:35:29|20|shiji@forstarfoods.com|DailyCatchEntry_New.php
26 Oct 2021 11:35:29|20|shiji@forstarfoods.com|DailyCatchEntry_New.php
26 Oct 2021 11:35:30|20|shiji@forstarfoods.com|DailyCatchEntry_New.php
26 Oct 2021 11:35:30|20|shiji@forstarfoods.com|DailyCatchEntry_New.php
26 Oct 2021 11:35:31|20|shiji@forstarfoods.com|DailyCatchEntry_New.php
26 Oct 2021 11:35:57|20|shiji@forstarfoods.com|DailyCatchEntry_New.php
26 Oct 2021 11:35:57|20|shiji@forstarfoods.com|DailyCatchEntry_New.php
26 Oct 2021 11:35:58|20|shiji@forstarfoods.com|DailyCatchEntry_New.php
26 Oct 2021 11:35:58|20|shiji@forstarfoods.com|DailyCatchEntry_New.php
26 Oct 2021 11:35:58|20|shiji@forstarfoods.com|DailyCatchEntry_New.php
26 Oct 2021 11:35:58|20|shiji@forstarfoods.com|DailyCatchEntry_New.php
26 Oct 2021 11:35:59|20|shiji@forstarfoods.com|DailyCatchEntry_New.php
26 Oct 2021 11:35:59|20|shiji@forstarfoods.com|DailyCatchEntry_New.php
26 Oct 2021 11:35:59|20|shiji@forstarfoods.com|DailyCatchEntry_New.php
26 Oct 2021 11:36:00|20|shiji@forstarfoods.com|DailyCatchEntry_New.php
26 Oct 2021 11:36:00|20|shiji@forstarfoods.com|DailyCatchEntry_New.php
26 Oct 2021 11:36:00|20|shiji@forstarfoods.com|DailyCatchEntry_New.php
26 Oct 2021 11:36:00|20|shiji@forstarfoods.com|DailyCatchEntry_New.php
26 Oct 2021 11:36:01|20|shiji@forstarfoods.com|DailyCatchEntry_New.php
26 Oct 2021 11:36:01|20|shiji@forstarfoods.com|DailyCatchEntry_New.php
26 Oct 2021 11:36:01|20|shiji@forstarfoods.com|DailyCatchEntry_New.php
26 Oct 2021 11:36:02|20|shiji@forstarfoods.com|DailyCatchEntry_New.php
26 Oct 2021 11:36:02|20|shiji@forstarfoods.com|DailyCatchEntry_New.php
26 Oct 2021 11:36:02|20|shiji@forstarfoods.com|DailyCatchEntry_New.php
26 Oct 2021 11:36:03|20|shiji@forstarfoods.com|DailyCatchEntry_New.php
26 Oct 2021 11:36:03|20|shiji@forstarfoods.com|DailyCatchEntry_New.php
26 Oct 2021 11:36:03|20|shiji@forstarfoods.com|DailyCatchEntry_New.php
26 Oct 2021 11:36:03|20|shiji@forstarfoods.com|DailyCatchEntry_New.php
26 Oct 2021 11:36:04|20|shiji@forstarfoods.com|DailyCatchEntry_New.php
26 Oct 2021 11:36:04|20|shiji@forstarfoods.com|DailyCatchEntry_New.php
26 Oct 2021 11:36:04|20|shiji@forstarfoods.com|DailyCatchEntry_New.php
26 Oct 2021 11:36:05|20|shiji@forstarfoods.com|DailyCatchEntry_New.php
26 Oct 2021 11:36:05|20|shiji@forstarfoods.com|DailyCatchEntry_New.php
26 Oct 2021 11:36:05|20|shiji@forstarfoods.com|DailyCatchEntry_New.php
26 Oct 2021 11:36:05|20|shiji@forstarfoods.com|DailyCatchEntry_New.php
26 Oct 2021 11:36:06|20|shiji@forstarfoods.com|DailyCatchEntry_New.php
26 Oct 2021 11:36:06|20|shiji@forstarfoods.com|DailyCatchEntry_New.php
26 Oct 2021 11:36:06|20|shiji@forstarfoods.com|DailyCatchEntry_New.php
26 Oct 2021 11:36:07|20|shiji@forstarfoods.com|DailyCatchEntry_New.php
26 Oct 2021 11:36:07|20|shiji@forstarfoods.com|DailyCatchEntry_New.php
26 Oct 2021 11:36:07|20|shiji@forstarfoods.com|DailyCatchEntry_New.php
26 Oct 2021 11:36:07|20|shiji@forstarfoods.com|DailyCatchEntry_New.php
26 Oct 2021 11:36:08|20|shiji@forstarfoods.com|DailyCatchEntry_New.php
26 Oct 2021 11:36:08|20|shiji@forstarfoods.com|DailyCatchEntry_New.php
26 Oct 2021 11:36:08|20|shiji@forstarfoods.com|DailyCatchEntry_New.php
26 Oct 2021 11:36:09|20|shiji@forstarfoods.com|DailyCatchEntry_New.php
26 Oct 2021 11:36:09|20|shiji@forstarfoods.com|DailyCatchEntry_New.php
26 Oct 2021 11:36:09|20|shiji@forstarfoods.com|DailyCatchEntry_New.php
26 Oct 2021 11:36:10|20|shiji@forstarfoods.com|DailyCatchEntry_New.php
26 Oct 2021 11:36:10|20|shiji@forstarfoods.com|DailyCatchEntry_New.php
26 Oct 2021 11:36:10|20|shiji@forstarfoods.com|DailyCatchEntry_New.php
26 Oct 2021 11:36:11|20|shiji@forstarfoods.com|DailyCatchEntry_New.php
26 Oct 2021 11:36:13|20|shiji@forstarfoods.com|DailyCatchEntry_New.php
26 Oct 2021 11:36:15|20|shiji@forstarfoods.com|CatchEntryDeclaredItem.php
26 Oct 2021 11:36:18|20|shiji@forstarfoods.com|DailyCatchEntry_New.php
26 Oct 2021 11:36:20|20|shiji@forstarfoods.com|DailyCatchEntry_New.php
26 Oct 2021 11:36:22|20|shiji@forstarfoods.com|DailyCatchEntry_New.php
26 Oct 2021 11:36:22|20|shiji@forstarfoods.com|DailyCatchEntry_New.php
26 Oct 2021 11:36:23|20|shiji@forstarfoods.com|DailyCatchEntry_New.php
26 Oct 2021 11:36:23|20|shiji@forstarfoods.com|DailyCatchEntry_New.php
26 Oct 2021 11:36:23|20|shiji@forstarfoods.com|DailyCatchEntry_New.php
26 Oct 2021 11:36:24|20|shiji@forstarfoods.com|DailyCatchEntry_New.php
26 Oct 2021 11:36:24|20|shiji@forstarfoods.com|DailyCatchEntry_New.php
26 Oct 2021 11:36:24|20|shiji@forstarfoods.com|DailyCatchEntry_New.php
26 Oct 2021 11:36:24|20|shiji@forstarfoods.com|DailyCatchEntry_New.php
26 Oct 2021 11:36:25|20|shiji@forstarfoods.com|DailyCatchEntry_New.php
26 Oct 2021 11:36:25|20|shiji@forstarfoods.com|DailyCatchEntry_New.php
26 Oct 2021 11:36:25|20|shiji@forstarfoods.com|DailyCatchEntry_New.php
26 Oct 2021 11:36:26|20|shiji@forstarfoods.com|DailyCatchEntry_New.php
26 Oct 2021 11:36:26|20|shiji@forstarfoods.com|DailyCatchEntry_New.php
26 Oct 2021 11:36:26|20|shiji@forstarfoods.com|DailyCatchEntry_New.php
26 Oct 2021 11:36:27|20|shiji@forstarfoods.com|DailyCatchEntry_New.php
26 Oct 2021 11:36:50|20|shiji@forstarfoods.com|DailyCatchEntry_New.php
26 Oct 2021 11:36:51|20|shiji@forstarfoods.com|DailyCatchEntry_New.php
26 Oct 2021 11:36:52|20|shiji@forstarfoods.com|CatchEntryDeclaredItem.php
26 Oct 2021 11:37:10|20|shiji@forstarfoods.com|DailyCatchEntry_New.php
26 Oct 2021 11:37:12|20|shiji@forstarfoods.com|DailyCatchEntry_New.php
26 Oct 2021 11:37:14|20|shiji@forstarfoods.com|DailyCatchEntry_New.php
26 Oct 2021 11:37:14|20|shiji@forstarfoods.com|DailyCatchEntry_New.php
26 Oct 2021 11:37:16|20|shiji@forstarfoods.com|DailyCatchEntry_New.php
26 Oct 2021 11:37:16|20|shiji@forstarfoods.com|DailyCatchEntry_New.php
26 Oct 2021 11:37:16|20|shiji@forstarfoods.com|DailyCatchEntry_New.php
26 Oct 2021 11:37:17|20|shiji@forstarfoods.com|DailyCatchEntry_New.php
26 Oct 2021 11:37:17|20|shiji@forstarfoods.com|DailyCatchEntry_New.php
26 Oct 2021 11:37:17|20|shiji@forstarfoods.com|DailyCatchEntry_New.php
26 Oct 2021 11:37:17|20|shiji@forstarfoods.com|DailyCatchEntry_New.php
26 Oct 2021 11:37:18|20|shiji@forstarfoods.com|DailyCatchEntry_New.php
26 Oct 2021 11:37:18|20|shiji@forstarfoods.com|DailyCatchEntry_New.php
26 Oct 2021 11:37:19|20|shiji@forstarfoods.com|DailyCatchEntry_New.php
26 Oct 2021 11:37:19|20|shiji@forstarfoods.com|DailyCatchEntry_New.php
26 Oct 2021 11:37:19|20|shiji@forstarfoods.com|DailyCatchEntry_New.php
26 Oct 2021 11:37:19|20|shiji@forstarfoods.com|DailyCatchEntry_New.php
26 Oct 2021 11:37:20|20|shiji@forstarfoods.com|DailyCatchEntry_New.php
26 Oct 2021 11:37:20|20|shiji@forstarfoods.com|DailyCatchEntry_New.php
26 Oct 2021 11:37:20|20|shiji@forstarfoods.com|DailyCatchEntry_New.php
26 Oct 2021 11:37:22|20|shiji@forstarfoods.com|DailyCatchEntry_New.php
26 Oct 2021 11:37:23|20|shiji@forstarfoods.com|DailyCatchEntry_New.php
26 Oct 2021 11:37:54|20|shiji@forstarfoods.com|DailyCatchEntry_New.php
26 Oct 2021 11:37:55|20|shiji@forstarfoods.com|DailyCatchEntry_New.php
26 Oct 2021 11:37:56|20|shiji@forstarfoods.com|CatchEntryDeclaredItem.php
26 Oct 2021 11:37:59|20|shiji@forstarfoods.com|DailyCatchEntry_New.php
26 Oct 2021 11:38:00|20|shiji@forstarfoods.com|DailyCatchEntry_New.php
26 Oct 2021 11:38:02|20|shiji@forstarfoods.com|DailyCatchEntry_New.php
26 Oct 2021 11:38:02|20|shiji@forstarfoods.com|DailyCatchEntry_New.php
26 Oct 2021 11:38:03|20|shiji@forstarfoods.com|DailyCatchEntry_New.php
26 Oct 2021 11:38:03|20|shiji@forstarfoods.com|DailyCatchEntry_New.php
26 Oct 2021 11:38:04|20|shiji@forstarfoods.com|DailyCatchEntry_New.php
26 Oct 2021 11:38:04|20|shiji@forstarfoods.com|DailyCatchEntry_New.php
26 Oct 2021 11:38:05|20|shiji@forstarfoods.com|DailyCatchEntry_New.php
26 Oct 2021 11:38:05|20|shiji@forstarfoods.com|DailyCatchEntry_New.php
26 Oct 2021 11:38:05|20|shiji@forstarfoods.com|DailyCatchEntry_New.php
26 Oct 2021 11:38:05|20|shiji@forstarfoods.com|DailyCatchEntry_New.php
26 Oct 2021 11:38:06|20|shiji@forstarfoods.com|DailyCatchEntry_New.php
26 Oct 2021 11:38:06|20|shiji@forstarfoods.com|DailyCatchEntry_New.php
26 Oct 2021 11:38:07|20|shiji@forstarfoods.com|DailyCatchEntry_New.php
26 Oct 2021 11:38:07|20|shiji@forstarfoods.com|DailyCatchEntry_New.php
26 Oct 2021 11:38:20|20|shiji@forstarfoods.com|DailyCatchEntry_New.php
26 Oct 2021 11:38:22|20|shiji@forstarfoods.com|DailyCatchEntry_New.php
26 Oct 2021 11:38:23|20|shiji@forstarfoods.com|CatchEntryDeclaredItem.php
26 Oct 2021 11:38:28|20|shiji@forstarfoods.com|DailyCatchEntry_New.php
26 Oct 2021 11:38:28|20|shiji@forstarfoods.com|DailyCatchEntry_New.php
26 Oct 2021 11:38:29|20|shiji@forstarfoods.com|DailyCatchEntry_New.php
26 Oct 2021 11:38:35|20|shiji@forstarfoods.com|DailyCatchEntry_New.php
26 Oct 2021 11:38:36|20|shiji@forstarfoods.com|DailyCatchEntry_New.php
26 Oct 2021 11:38:40|20|shiji@forstarfoods.com|DailyCatchEntry_New.php
26 Oct 2021 11:38:41|20|shiji@forstarfoods.com|CatchEntryDeclaredItem.php
26 Oct 2021 11:39:09|20|shiji@forstarfoods.com|DailyCatchEntry_New.php
26 Oct 2021 11:39:11|20|shiji@forstarfoods.com|DailyCatchEntry_New.php
26 Oct 2021 11:39:12|20|shiji@forstarfoods.com|DailyCatchEntry_New.php
26 Oct 2021 11:39:14|20|shiji@forstarfoods.com|DailyCatchEntry_New.php
26 Oct 2021 11:39:14|20|shiji@forstarfoods.com|DailyCatchEntry_New.php
26 Oct 2021 11:39:15|20|shiji@forstarfoods.com|DailyCatchEntry_New.php
26 Oct 2021 11:39:15|20|shiji@forstarfoods.com|DailyCatchEntry_New.php
26 Oct 2021 11:39:15|20|shiji@forstarfoods.com|DailyCatchEntry_New.php
26 Oct 2021 11:39:15|20|shiji@forstarfoods.com|DailyCatchEntry_New.php
26 Oct 2021 11:39:16|20|shiji@forstarfoods.com|DailyCatchEntry_New.php
26 Oct 2021 11:39:16|20|shiji@forstarfoods.com|DailyCatchEntry_New.php
26 Oct 2021 11:39:17|20|shiji@forstarfoods.com|DailyCatchEntry_New.php
26 Oct 2021 11:39:18|20|shiji@forstarfoods.com|DailyCatchEntry_New.php
26 Oct 2021 11:39:19|20|shiji@forstarfoods.com|DailyCatchEntry_New.php
26 Oct 2021 11:39:19|20|shiji@forstarfoods.com|DailyCatchEntry_New.php
26 Oct 2021 11:39:52|20|shiji@forstarfoods.com|DailyCatchEntry_New.php
26 Oct 2021 11:39:53|20|shiji@forstarfoods.com|DailyCatchEntry_New.php
26 Oct 2021 11:39:54|20|shiji@forstarfoods.com|CatchEntryDeclaredItem.php
26 Oct 2021 11:39:58|20|shiji@forstarfoods.com|DailyCatchEntry_New.php
26 Oct 2021 11:39:59|20|shiji@forstarfoods.com|DailyCatchEntry_New.php
26 Oct 2021 11:40:01|20|shiji@forstarfoods.com|DailyCatchEntry_New.php
26 Oct 2021 11:40:01|20|shiji@forstarfoods.com|DailyCatchEntry_New.php
26 Oct 2021 11:40:01|20|shiji@forstarfoods.com|DailyCatchEntry_New.php
26 Oct 2021 11:40:02|20|shiji@forstarfoods.com|DailyCatchEntry_New.php
26 Oct 2021 11:40:02|20|shiji@forstarfoods.com|DailyCatchEntry_New.php
26 Oct 2021 11:40:02|20|shiji@forstarfoods.com|DailyCatchEntry_New.php
26 Oct 2021 11:40:02|20|shiji@forstarfoods.com|DailyCatchEntry_New.php
26 Oct 2021 11:40:03|20|shiji@forstarfoods.com|DailyCatchEntry_New.php
26 Oct 2021 11:40:03|20|shiji@forstarfoods.com|DailyCatchEntry_New.php
26 Oct 2021 11:40:03|20|shiji@forstarfoods.com|DailyCatchEntry_New.php
26 Oct 2021 11:40:04|20|shiji@forstarfoods.com|DailyCatchEntry_New.php
26 Oct 2021 11:40:04|20|shiji@forstarfoods.com|DailyCatchEntry_New.php
26 Oct 2021 11:40:04|20|shiji@forstarfoods.com|DailyCatchEntry_New.php
26 Oct 2021 11:40:05|20|shiji@forstarfoods.com|DailyCatchEntry_New.php
26 Oct 2021 11:40:06|20|shiji@forstarfoods.com|DailyCatchEntry_New.php
26 Oct 2021 11:40:06|20|shiji@forstarfoods.com|DailyCatchEntry_New.php
26 Oct 2021 11:40:13|24|shashikala@forstarfoods.com|DailyPreProcess.php
26 Oct 2021 11:40:18|20|shiji@forstarfoods.com|DailyCatchEntry_New.php
26 Oct 2021 11:40:19|20|shiji@forstarfoods.com|DailyCatchEntry_New.php
26 Oct 2021 11:40:20|20|shiji@forstarfoods.com|CatchEntryDeclaredItem.php
26 Oct 2021 11:40:21|24|shashikala@forstarfoods.com|DailyPreProcess.php
26 Oct 2021 11:40:25|24|shashikala@forstarfoods.com|DailyPreProcess.php
26 Oct 2021 11:40:25|20|shiji@forstarfoods.com|DailyCatchEntry_New.php
26 Oct 2021 11:40:25|24|shashikala@forstarfoods.com|DailyPreProcess.php
26 Oct 2021 11:40:26|20|shiji@forstarfoods.com|DailyCatchEntry_New.php
26 Oct 2021 11:40:28|20|shiji@forstarfoods.com|DailyCatchEntry_New.php
26 Oct 2021 11:40:28|20|shiji@forstarfoods.com|DailyCatchEntry_New.php
26 Oct 2021 11:40:28|20|shiji@forstarfoods.com|DailyCatchEntry_New.php
26 Oct 2021 11:40:29|20|shiji@forstarfoods.com|DailyCatchEntry_New.php
26 Oct 2021 11:40:29|20|shiji@forstarfoods.com|DailyCatchEntry_New.php
26 Oct 2021 11:40:29|20|shiji@forstarfoods.com|DailyCatchEntry_New.php
26 Oct 2021 11:40:30|20|shiji@forstarfoods.com|DailyCatchEntry_New.php
26 Oct 2021 11:40:30|20|shiji@forstarfoods.com|DailyCatchEntry_New.php
26 Oct 2021 11:40:30|20|shiji@forstarfoods.com|DailyCatchEntry_New.php
26 Oct 2021 11:40:30|20|shiji@forstarfoods.com|DailyCatchEntry_New.php
26 Oct 2021 11:40:31|20|shiji@forstarfoods.com|DailyCatchEntry_New.php
26 Oct 2021 11:40:31|20|shiji@forstarfoods.com|DailyCatchEntry_New.php
26 Oct 2021 11:40:31|20|shiji@forstarfoods.com|DailyCatchEntry_New.php
26 Oct 2021 11:40:32|20|shiji@forstarfoods.com|DailyCatchEntry_New.php
26 Oct 2021 11:40:32|20|shiji@forstarfoods.com|DailyCatchEntry_New.php
26 Oct 2021 11:40:32|20|shiji@forstarfoods.com|DailyCatchEntry_New.php
26 Oct 2021 11:40:54|20|shiji@forstarfoods.com|DailyCatchEntry_New.php
26 Oct 2021 11:40:56|20|shiji@forstarfoods.com|DailyCatchEntry_New.php
26 Oct 2021 11:40:57|20|shiji@forstarfoods.com|CatchEntryDeclaredItem.php
26 Oct 2021 11:40:59|20|shiji@forstarfoods.com|DailyCatchEntry_New.php
26 Oct 2021 11:41:01|20|shiji@forstarfoods.com|DailyCatchEntry_New.php
26 Oct 2021 11:41:03|20|shiji@forstarfoods.com|DailyCatchEntry_New.php
26 Oct 2021 11:41:03|20|shiji@forstarfoods.com|DailyCatchEntry_New.php
26 Oct 2021 11:41:03|20|shiji@forstarfoods.com|DailyCatchEntry_New.php
26 Oct 2021 11:41:04|20|shiji@forstarfoods.com|DailyCatchEntry_New.php
26 Oct 2021 11:41:04|20|shiji@forstarfoods.com|DailyCatchEntry_New.php
26 Oct 2021 11:41:04|20|shiji@forstarfoods.com|DailyCatchEntry_New.php
26 Oct 2021 11:41:05|20|shiji@forstarfoods.com|DailyCatchEntry_New.php
26 Oct 2021 11:41:05|20|shiji@forstarfoods.com|DailyCatchEntry_New.php
26 Oct 2021 11:41:05|20|shiji@forstarfoods.com|DailyCatchEntry_New.php
26 Oct 2021 11:41:06|20|shiji@forstarfoods.com|DailyCatchEntry_New.php
26 Oct 2021 11:41:06|20|shiji@forstarfoods.com|DailyCatchEntry_New.php
26 Oct 2021 11:41:06|20|shiji@forstarfoods.com|DailyCatchEntry_New.php
26 Oct 2021 11:41:07|20|shiji@forstarfoods.com|DailyCatchEntry_New.php
26 Oct 2021 11:41:07|20|shiji@forstarfoods.com|DailyCatchEntry_New.php
26 Oct 2021 11:41:15|20|shiji@forstarfoods.com|DailyCatchEntry_New.php
26 Oct 2021 11:41:16|20|shiji@forstarfoods.com|DailyCatchEntry_New.php
26 Oct 2021 11:41:17|20|shiji@forstarfoods.com|CatchEntryDeclaredItem.php
26 Oct 2021 11:41:21|20|shiji@forstarfoods.com|DailyCatchEntry_New.php
26 Oct 2021 11:41:22|20|shiji@forstarfoods.com|DailyCatchEntry_New.php
26 Oct 2021 11:41:23|20|shiji@forstarfoods.com|DailyCatchEntry_New.php
26 Oct 2021 11:41:24|20|shiji@forstarfoods.com|DailyCatchEntry_New.php
26 Oct 2021 11:41:24|20|shiji@forstarfoods.com|DailyCatchEntry_New.php
26 Oct 2021 11:41:24|20|shiji@forstarfoods.com|DailyCatchEntry_New.php
26 Oct 2021 11:41:25|20|shiji@forstarfoods.com|DailyCatchEntry_New.php
26 Oct 2021 11:41:25|20|shiji@forstarfoods.com|DailyCatchEntry_New.php
26 Oct 2021 11:41:25|20|shiji@forstarfoods.com|DailyCatchEntry_New.php
26 Oct 2021 11:41:25|20|shiji@forstarfoods.com|DailyCatchEntry_New.php
26 Oct 2021 11:41:26|20|shiji@forstarfoods.com|DailyCatchEntry_New.php
26 Oct 2021 11:41:26|20|shiji@forstarfoods.com|DailyCatchEntry_New.php
26 Oct 2021 11:41:27|20|shiji@forstarfoods.com|DailyCatchEntry_New.php
26 Oct 2021 11:41:28|20|shiji@forstarfoods.com|DailyCatchEntry_New.php
26 Oct 2021 11:41:37|20|shiji@forstarfoods.com|DailyCatchEntry_New.php
26 Oct 2021 11:41:38|20|shiji@forstarfoods.com|DailyCatchEntry_New.php
26 Oct 2021 11:41:39|20|shiji@forstarfoods.com|CatchEntryDeclaredItem.php
26 Oct 2021 11:41:42|20|shiji@forstarfoods.com|DailyCatchEntry_New.php
26 Oct 2021 11:41:42|20|shiji@forstarfoods.com|DailyCatchEntry_New.php
26 Oct 2021 11:41:42|20|shiji@forstarfoods.com|DailyCatchEntry_New.php
26 Oct 2021 11:41:45|20|shiji@forstarfoods.com|DailyCatchEntry_New.php
26 Oct 2021 11:41:47|20|shiji@forstarfoods.com|DailyCatchEntry_New.php
26 Oct 2021 11:41:48|20|shiji@forstarfoods.com|CatchEntryDeclaredItem.php
26 Oct 2021 11:41:59|20|shiji@forstarfoods.com|DailyCatchEntry_New.php
26 Oct 2021 11:42:02|20|shiji@forstarfoods.com|DailyCatchEntry_New.php
26 Oct 2021 11:42:04|20|shiji@forstarfoods.com|DailyCatchEntry_New.php
26 Oct 2021 11:42:06|20|shiji@forstarfoods.com|DailyCatchEntry_New.php
26 Oct 2021 11:42:06|20|shiji@forstarfoods.com|DailyCatchEntry_New.php
26 Oct 2021 11:42:06|20|shiji@forstarfoods.com|DailyCatchEntry_New.php
26 Oct 2021 11:42:07|20|shiji@forstarfoods.com|DailyCatchEntry_New.php
26 Oct 2021 11:42:07|20|shiji@forstarfoods.com|DailyCatchEntry_New.php
26 Oct 2021 11:42:07|20|shiji@forstarfoods.com|DailyCatchEntry_New.php
26 Oct 2021 11:42:08|20|shiji@forstarfoods.com|DailyCatchEntry_New.php
26 Oct 2021 11:42:08|20|shiji@forstarfoods.com|DailyCatchEntry_New.php
26 Oct 2021 11:42:08|20|shiji@forstarfoods.com|DailyCatchEntry_New.php
26 Oct 2021 11:42:09|20|shiji@forstarfoods.com|DailyCatchEntry_New.php
26 Oct 2021 11:42:10|20|shiji@forstarfoods.com|DailyCatchEntry_New.php
26 Oct 2021 11:42:10|20|shiji@forstarfoods.com|DailyCatchEntry_New.php
26 Oct 2021 11:42:18|20|shiji@forstarfoods.com|DailyCatchEntry_New.php
26 Oct 2021 11:42:19|20|shiji@forstarfoods.com|DailyCatchEntry_New.php
26 Oct 2021 11:42:20|20|shiji@forstarfoods.com|CatchEntryDeclaredItem.php
26 Oct 2021 11:42:23|20|shiji@forstarfoods.com|DailyCatchEntry_New.php
26 Oct 2021 11:42:24|20|shiji@forstarfoods.com|DailyCatchEntry_New.php
26 Oct 2021 11:42:26|20|shiji@forstarfoods.com|DailyCatchEntry_New.php
26 Oct 2021 11:42:27|20|shiji@forstarfoods.com|DailyCatchEntry_New.php
26 Oct 2021 11:42:27|20|shiji@forstarfoods.com|DailyCatchEntry_New.php
26 Oct 2021 11:42:27|20|shiji@forstarfoods.com|DailyCatchEntry_New.php
26 Oct 2021 11:42:27|20|shiji@forstarfoods.com|DailyCatchEntry_New.php
26 Oct 2021 11:42:28|20|shiji@forstarfoods.com|DailyCatchEntry_New.php
26 Oct 2021 11:42:28|20|shiji@forstarfoods.com|DailyCatchEntry_New.php
26 Oct 2021 11:42:28|20|shiji@forstarfoods.com|DailyCatchEntry_New.php
26 Oct 2021 11:42:29|20|shiji@forstarfoods.com|DailyCatchEntry_New.php
26 Oct 2021 11:42:29|20|shiji@forstarfoods.com|DailyCatchEntry_New.php
26 Oct 2021 11:42:29|20|shiji@forstarfoods.com|DailyCatchEntry_New.php
26 Oct 2021 11:42:30|20|shiji@forstarfoods.com|DailyCatchEntry_New.php
26 Oct 2021 11:42:30|20|shiji@forstarfoods.com|DailyCatchEntry_New.php
26 Oct 2021 11:42:31|20|shiji@forstarfoods.com|DailyCatchEntry_New.php
26 Oct 2021 11:42:47|20|shiji@forstarfoods.com|DailyCatchEntry_New.php
26 Oct 2021 11:42:48|20|shiji@forstarfoods.com|DailyCatchEntry_New.php
26 Oct 2021 11:42:49|20|shiji@forstarfoods.com|CatchEntryDeclaredItem.php
26 Oct 2021 11:42:52|20|shiji@forstarfoods.com|DailyCatchEntry_New.php
26 Oct 2021 11:42:53|20|shiji@forstarfoods.com|DailyCatchEntry_New.php
26 Oct 2021 11:42:55|20|shiji@forstarfoods.com|DailyCatchEntry_New.php
26 Oct 2021 11:42:56|20|shiji@forstarfoods.com|DailyCatchEntry_New.php
26 Oct 2021 11:42:56|20|shiji@forstarfoods.com|DailyCatchEntry_New.php
26 Oct 2021 11:42:56|20|shiji@forstarfoods.com|DailyCatchEntry_New.php
26 Oct 2021 11:42:56|20|shiji@forstarfoods.com|DailyCatchEntry_New.php
26 Oct 2021 11:42:57|20|shiji@forstarfoods.com|DailyCatchEntry_New.php
26 Oct 2021 11:42:57|20|shiji@forstarfoods.com|DailyCatchEntry_New.php
26 Oct 2021 11:42:57|20|shiji@forstarfoods.com|DailyCatchEntry_New.php
26 Oct 2021 11:42:58|20|shiji@forstarfoods.com|DailyCatchEntry_New.php
26 Oct 2021 11:42:58|20|shiji@forstarfoods.com|DailyCatchEntry_New.php
26 Oct 2021 11:42:58|20|shiji@forstarfoods.com|DailyCatchEntry_New.php
26 Oct 2021 11:42:58|20|shiji@forstarfoods.com|DailyCatchEntry_New.php
26 Oct 2021 11:42:59|20|shiji@forstarfoods.com|DailyCatchEntry_New.php
26 Oct 2021 11:42:59|20|shiji@forstarfoods.com|DailyCatchEntry_New.php
26 Oct 2021 11:42:59|20|shiji@forstarfoods.com|DailyCatchEntry_New.php
26 Oct 2021 11:43:00|20|shiji@forstarfoods.com|DailyCatchEntry_New.php
26 Oct 2021 11:43:07|20|shiji@forstarfoods.com|DailyCatchEntry_New.php
26 Oct 2021 11:43:08|20|shiji@forstarfoods.com|DailyCatchEntry_New.php
26 Oct 2021 11:43:09|20|shiji@forstarfoods.com|CatchEntryDeclaredItem.php
26 Oct 2021 11:43:12|20|shiji@forstarfoods.com|DailyCatchEntry_New.php
26 Oct 2021 11:43:13|20|shiji@forstarfoods.com|DailyCatchEntry_New.php
26 Oct 2021 11:43:15|20|shiji@forstarfoods.com|DailyCatchEntry_New.php
26 Oct 2021 11:43:15|20|shiji@forstarfoods.com|DailyCatchEntry_New.php
26 Oct 2021 11:43:16|20|shiji@forstarfoods.com|DailyCatchEntry_New.php
26 Oct 2021 11:43:16|20|shiji@forstarfoods.com|DailyCatchEntry_New.php
26 Oct 2021 11:43:16|20|shiji@forstarfoods.com|DailyCatchEntry_New.php
26 Oct 2021 11:43:17|20|shiji@forstarfoods.com|DailyCatchEntry_New.php
26 Oct 2021 11:43:17|20|shiji@forstarfoods.com|DailyCatchEntry_New.php
26 Oct 2021 11:43:17|20|shiji@forstarfoods.com|DailyCatchEntry_New.php
26 Oct 2021 11:43:18|20|shiji@forstarfoods.com|DailyCatchEntry_New.php
26 Oct 2021 11:43:18|20|shiji@forstarfoods.com|DailyCatchEntry_New.php
26 Oct 2021 11:43:18|20|shiji@forstarfoods.com|DailyCatchEntry_New.php
26 Oct 2021 11:43:18|20|shiji@forstarfoods.com|DailyCatchEntry_New.php
26 Oct 2021 11:43:19|20|shiji@forstarfoods.com|DailyCatchEntry_New.php
26 Oct 2021 11:43:19|20|shiji@forstarfoods.com|DailyCatchEntry_New.php
26 Oct 2021 11:43:19|20|shiji@forstarfoods.com|DailyCatchEntry_New.php
26 Oct 2021 11:43:20|20|shiji@forstarfoods.com|DailyCatchEntry_New.php
26 Oct 2021 11:43:28|20|shiji@forstarfoods.com|DailyCatchEntry_New.php
26 Oct 2021 11:43:29|20|shiji@forstarfoods.com|DailyCatchEntry_New.php
26 Oct 2021 11:43:30|20|shiji@forstarfoods.com|CatchEntryDeclaredItem.php
26 Oct 2021 11:43:33|20|shiji@forstarfoods.com|DailyCatchEntry_New.php
26 Oct 2021 11:43:34|20|shiji@forstarfoods.com|DailyCatchEntry_New.php
26 Oct 2021 11:43:36|20|shiji@forstarfoods.com|DailyCatchEntry_New.php
26 Oct 2021 11:43:36|20|shiji@forstarfoods.com|DailyCatchEntry_New.php
26 Oct 2021 11:43:41|20|shiji@forstarfoods.com|DailyCatchEntry_New.php
26 Oct 2021 11:43:41|20|shiji@forstarfoods.com|DailyCatchEntry_New.php
26 Oct 2021 11:43:42|20|shiji@forstarfoods.com|DailyCatchEntry_New.php
26 Oct 2021 11:43:42|20|shiji@forstarfoods.com|DailyCatchEntry_New.php
26 Oct 2021 11:43:42|20|shiji@forstarfoods.com|DailyCatchEntry_New.php
26 Oct 2021 11:43:43|20|shiji@forstarfoods.com|DailyCatchEntry_New.php
26 Oct 2021 11:43:43|20|shiji@forstarfoods.com|DailyCatchEntry_New.php
26 Oct 2021 11:43:43|20|shiji@forstarfoods.com|DailyCatchEntry_New.php
26 Oct 2021 11:43:43|20|shiji@forstarfoods.com|DailyCatchEntry_New.php
26 Oct 2021 11:43:44|20|shiji@forstarfoods.com|DailyCatchEntry_New.php
26 Oct 2021 11:43:46|20|shiji@forstarfoods.com|DailyCatchEntry_New.php
26 Oct 2021 11:43:47|20|shiji@forstarfoods.com|DailyCatchEntry_New.php
26 Oct 2021 11:43:59|20|shiji@forstarfoods.com|DailyCatchEntry_New.php
26 Oct 2021 11:44:01|20|shiji@forstarfoods.com|DailyCatchEntry_New.php
26 Oct 2021 11:44:02|20|shiji@forstarfoods.com|CatchEntryDeclaredItem.php
26 Oct 2021 11:44:07|20|shiji@forstarfoods.com|DailyCatchEntry_New.php
26 Oct 2021 11:44:09|20|shiji@forstarfoods.com|DailyCatchEntry_New.php
26 Oct 2021 11:44:13|20|shiji@forstarfoods.com|DailyCatchEntry_New.php
26 Oct 2021 11:44:13|20|shiji@forstarfoods.com|DailyCatchEntry_New.php
26 Oct 2021 11:44:13|20|shiji@forstarfoods.com|DailyCatchEntry_New.php
26 Oct 2021 11:44:13|20|shiji@forstarfoods.com|DailyCatchEntry_New.php
26 Oct 2021 11:44:14|20|shiji@forstarfoods.com|DailyCatchEntry_New.php
26 Oct 2021 11:44:14|20|shiji@forstarfoods.com|DailyCatchEntry_New.php
26 Oct 2021 11:44:15|20|shiji@forstarfoods.com|DailyCatchEntry_New.php
26 Oct 2021 11:44:15|20|shiji@forstarfoods.com|DailyCatchEntry_New.php
26 Oct 2021 11:44:18|24|shashikala@forstarfoods.com|DailyPreProcess.php
26 Oct 2021 11:44:23|24|shashikala@forstarfoods.com|DailyPreProcess.php
26 Oct 2021 11:44:25|24|shashikala@forstarfoods.com|DailyPreProcess.php
26 Oct 2021 11:44:26|20|shiji@forstarfoods.com|DailyCatchEntry_New.php
26 Oct 2021 11:44:49|24|shashikala@forstarfoods.com|DailyPreProcess.php
26 Oct 2021 11:44:50|24|shashikala@forstarfoods.com|DailyPreProcess.php
26 Oct 2021 11:45:04|20|shiji@forstarfoods.com|DailyCatchEntry_New.php
26 Oct 2021 11:45:07|20|shiji@forstarfoods.com|DailyCatchEntry_New.php
26 Oct 2021 11:45:08|20|shiji@forstarfoods.com|CatchEntryDeclaredItem.php
26 Oct 2021 11:45:11|20|shiji@forstarfoods.com|DailyCatchEntry_New.php
26 Oct 2021 11:45:11|20|shiji@forstarfoods.com|DailyCatchEntry_New.php
26 Oct 2021 11:45:12|20|shiji@forstarfoods.com|DailyCatchEntry_New.php
26 Oct 2021 11:45:14|20|shiji@forstarfoods.com|DailyCatchEntry_New.php
26 Oct 2021 11:45:18|20|shiji@forstarfoods.com|DailyCatchEntry_New.php
26 Oct 2021 11:45:19|20|shiji@forstarfoods.com|CatchEntryDeclaredItem.php
26 Oct 2021 11:45:33|20|shiji@forstarfoods.com|DailyCatchEntry_New.php
26 Oct 2021 11:45:36|20|shiji@forstarfoods.com|DailyCatchEntry_New.php
26 Oct 2021 11:45:37|20|shiji@forstarfoods.com|DailyCatchEntry_New.php
26 Oct 2021 11:45:40|20|shiji@forstarfoods.com|DailyCatchEntry_New.php
26 Oct 2021 11:45:40|20|shiji@forstarfoods.com|DailyCatchEntry_New.php
26 Oct 2021 11:45:40|20|shiji@forstarfoods.com|DailyCatchEntry_New.php
26 Oct 2021 11:45:41|20|shiji@forstarfoods.com|DailyCatchEntry_New.php
26 Oct 2021 11:45:41|20|shiji@forstarfoods.com|DailyCatchEntry_New.php
26 Oct 2021 11:45:41|20|shiji@forstarfoods.com|DailyCatchEntry_New.php
26 Oct 2021 11:45:42|20|shiji@forstarfoods.com|DailyCatchEntry_New.php
26 Oct 2021 11:45:42|20|shiji@forstarfoods.com|DailyCatchEntry_New.php
26 Oct 2021 11:45:42|20|shiji@forstarfoods.com|DailyCatchEntry_New.php
26 Oct 2021 11:45:42|20|shiji@forstarfoods.com|DailyCatchEntry_New.php
26 Oct 2021 11:45:43|20|shiji@forstarfoods.com|DailyCatchEntry_New.php
26 Oct 2021 11:45:43|20|shiji@forstarfoods.com|DailyCatchEntry_New.php
26 Oct 2021 11:45:52|20|shiji@forstarfoods.com|DailyCatchEntry_New.php
26 Oct 2021 11:45:53|20|shiji@forstarfoods.com|DailyCatchEntry_New.php
26 Oct 2021 11:45:54|20|shiji@forstarfoods.com|CatchEntryDeclaredItem.php
26 Oct 2021 11:45:57|20|shiji@forstarfoods.com|DailyCatchEntry_New.php
26 Oct 2021 11:45:58|20|shiji@forstarfoods.com|DailyCatchEntry_New.php
26 Oct 2021 11:46:00|20|shiji@forstarfoods.com|DailyCatchEntry_New.php
26 Oct 2021 11:46:00|20|shiji@forstarfoods.com|DailyCatchEntry_New.php
26 Oct 2021 11:46:01|20|shiji@forstarfoods.com|DailyCatchEntry_New.php
26 Oct 2021 11:46:01|20|shiji@forstarfoods.com|DailyCatchEntry_New.php
26 Oct 2021 11:46:01|20|shiji@forstarfoods.com|DailyCatchEntry_New.php
26 Oct 2021 11:46:02|20|shiji@forstarfoods.com|DailyCatchEntry_New.php
26 Oct 2021 11:46:02|20|shiji@forstarfoods.com|DailyCatchEntry_New.php
26 Oct 2021 11:46:02|20|shiji@forstarfoods.com|DailyCatchEntry_New.php
26 Oct 2021 11:46:02|20|shiji@forstarfoods.com|DailyCatchEntry_New.php
26 Oct 2021 11:46:03|20|shiji@forstarfoods.com|DailyCatchEntry_New.php
26 Oct 2021 11:46:03|20|shiji@forstarfoods.com|DailyCatchEntry_New.php
26 Oct 2021 11:46:03|20|shiji@forstarfoods.com|DailyCatchEntry_New.php
26 Oct 2021 11:46:04|20|shiji@forstarfoods.com|DailyCatchEntry_New.php
26 Oct 2021 11:46:05|20|shiji@forstarfoods.com|DailyCatchEntry_New.php
26 Oct 2021 11:46:15|20|shiji@forstarfoods.com|DailyCatchEntry_New.php
26 Oct 2021 11:46:17|20|shiji@forstarfoods.com|DailyCatchEntry_New.php
26 Oct 2021 11:46:18|20|shiji@forstarfoods.com|CatchEntryDeclaredItem.php
26 Oct 2021 11:46:20|20|shiji@forstarfoods.com|DailyCatchEntry_New.php
26 Oct 2021 11:46:22|20|shiji@forstarfoods.com|DailyCatchEntry_New.php
26 Oct 2021 11:46:23|20|shiji@forstarfoods.com|DailyCatchEntry_New.php
26 Oct 2021 11:46:23|20|shiji@forstarfoods.com|DailyCatchEntry_New.php
26 Oct 2021 11:46:24|20|shiji@forstarfoods.com|DailyCatchEntry_New.php
26 Oct 2021 11:46:24|20|shiji@forstarfoods.com|DailyCatchEntry_New.php
26 Oct 2021 11:46:24|20|shiji@forstarfoods.com|DailyCatchEntry_New.php
26 Oct 2021 11:46:25|20|shiji@forstarfoods.com|DailyCatchEntry_New.php
26 Oct 2021 11:46:25|20|shiji@forstarfoods.com|DailyCatchEntry_New.php
26 Oct 2021 11:46:25|20|shiji@forstarfoods.com|DailyCatchEntry_New.php
26 Oct 2021 11:46:25|20|shiji@forstarfoods.com|DailyCatchEntry_New.php
26 Oct 2021 11:46:26|20|shiji@forstarfoods.com|DailyCatchEntry_New.php
26 Oct 2021 11:46:26|20|shiji@forstarfoods.com|DailyCatchEntry_New.php
26 Oct 2021 11:46:26|20|shiji@forstarfoods.com|DailyCatchEntry_New.php
26 Oct 2021 11:46:27|20|shiji@forstarfoods.com|DailyCatchEntry_New.php
26 Oct 2021 11:46:27|20|shiji@forstarfoods.com|DailyCatchEntry_New.php
26 Oct 2021 11:46:27|20|shiji@forstarfoods.com|DailyCatchEntry_New.php
26 Oct 2021 11:46:27|20|shiji@forstarfoods.com|DailyCatchEntry_New.php
26 Oct 2021 11:46:36|20|shiji@forstarfoods.com|DailyCatchEntry_New.php
26 Oct 2021 11:46:37|20|shiji@forstarfoods.com|DailyCatchEntry_New.php
26 Oct 2021 11:46:38|20|shiji@forstarfoods.com|CatchEntryDeclaredItem.php
26 Oct 2021 11:46:57|20|shiji@forstarfoods.com|DailyCatchEntry_New.php
26 Oct 2021 11:46:59|20|shiji@forstarfoods.com|DailyCatchEntry_New.php
26 Oct 2021 11:47:01|20|shiji@forstarfoods.com|DailyCatchEntry_New.php
26 Oct 2021 11:47:02|20|shiji@forstarfoods.com|DailyCatchEntry_New.php
26 Oct 2021 11:47:02|20|shiji@forstarfoods.com|DailyCatchEntry_New.php
26 Oct 2021 11:47:02|20|shiji@forstarfoods.com|DailyCatchEntry_New.php
26 Oct 2021 11:47:03|20|shiji@forstarfoods.com|DailyCatchEntry_New.php
26 Oct 2021 11:47:03|20|shiji@forstarfoods.com|DailyCatchEntry_New.php
26 Oct 2021 11:47:03|20|shiji@forstarfoods.com|DailyCatchEntry_New.php
26 Oct 2021 11:47:03|20|shiji@forstarfoods.com|DailyCatchEntry_New.php
26 Oct 2021 11:47:04|20|shiji@forstarfoods.com|DailyCatchEntry_New.php
26 Oct 2021 11:47:04|20|shiji@forstarfoods.com|DailyCatchEntry_New.php
26 Oct 2021 11:47:04|20|shiji@forstarfoods.com|DailyCatchEntry_New.php
26 Oct 2021 11:47:05|20|shiji@forstarfoods.com|DailyCatchEntry_New.php
26 Oct 2021 11:47:05|20|shiji@forstarfoods.com|DailyCatchEntry_New.php
26 Oct 2021 11:47:05|20|shiji@forstarfoods.com|DailyCatchEntry_New.php
26 Oct 2021 11:47:06|20|shiji@forstarfoods.com|DailyCatchEntry_New.php
26 Oct 2021 11:47:06|20|shiji@forstarfoods.com|DailyCatchEntry_New.php
26 Oct 2021 11:47:18|20|shiji@forstarfoods.com|DailyCatchEntry_New.php
26 Oct 2021 11:47:19|20|shiji@forstarfoods.com|DailyCatchEntry_New.php
26 Oct 2021 11:47:20|20|shiji@forstarfoods.com|CatchEntryDeclaredItem.php
26 Oct 2021 11:47:23|20|shiji@forstarfoods.com|DailyCatchEntry_New.php
26 Oct 2021 11:47:25|20|shiji@forstarfoods.com|DailyCatchEntry_New.php
26 Oct 2021 11:47:26|20|shiji@forstarfoods.com|DailyCatchEntry_New.php
26 Oct 2021 11:47:26|20|shiji@forstarfoods.com|DailyCatchEntry_New.php
26 Oct 2021 11:47:27|20|shiji@forstarfoods.com|DailyCatchEntry_New.php
26 Oct 2021 11:47:27|20|shiji@forstarfoods.com|DailyCatchEntry_New.php
26 Oct 2021 11:47:27|20|shiji@forstarfoods.com|DailyCatchEntry_New.php
26 Oct 2021 11:47:28|20|shiji@forstarfoods.com|DailyCatchEntry_New.php
26 Oct 2021 11:47:28|20|shiji@forstarfoods.com|DailyCatchEntry_New.php
26 Oct 2021 11:47:28|20|shiji@forstarfoods.com|DailyCatchEntry_New.php
26 Oct 2021 11:47:29|20|shiji@forstarfoods.com|DailyCatchEntry_New.php
26 Oct 2021 11:47:29|20|shiji@forstarfoods.com|DailyCatchEntry_New.php
26 Oct 2021 11:47:29|20|shiji@forstarfoods.com|DailyCatchEntry_New.php
26 Oct 2021 11:47:30|20|shiji@forstarfoods.com|DailyCatchEntry_New.php
26 Oct 2021 11:47:53|20|shiji@forstarfoods.com|DailyCatchEntry_New.php
26 Oct 2021 11:47:55|20|shiji@forstarfoods.com|DailyCatchEntry_New.php
26 Oct 2021 11:47:56|20|shiji@forstarfoods.com|CatchEntryDeclaredItem.php
26 Oct 2021 11:48:31|20|shiji@forstarfoods.com|DailyCatchEntry_New.php
26 Oct 2021 11:48:31|20|shiji@forstarfoods.com|DailyCatchEntry_New.php
26 Oct 2021 11:48:32|20|shiji@forstarfoods.com|DailyCatchEntry_New.php
26 Oct 2021 11:48:37|20|shiji@forstarfoods.com|DailyCatchEntry_New.php
26 Oct 2021 11:49:29|20|shiji@forstarfoods.com|DailyCatchEntry_New.php
26 Oct 2021 11:49:33|20|shiji@forstarfoods.com|DailyCatchEntry_New.php
26 Oct 2021 11:49:33|20|shiji@forstarfoods.com|CatchEntryDeclaredItem.php
26 Oct 2021 11:49:53|20|shiji@forstarfoods.com|DailyCatchEntry_New.php
26 Oct 2021 11:49:54|20|shiji@forstarfoods.com|DailyCatchEntry_New.php
26 Oct 2021 11:49:55|20|shiji@forstarfoods.com|DailyCatchEntry_New.php
26 Oct 2021 11:49:58|20|shiji@forstarfoods.com|DailyCatchEntry_New.php
26 Oct 2021 11:49:59|20|shiji@forstarfoods.com|DailyCatchEntry_New.php
26 Oct 2021 11:50:01|20|shiji@forstarfoods.com|DailyCatchEntry_New.php
26 Oct 2021 11:50:01|20|shiji@forstarfoods.com|DailyCatchEntry_New.php
26 Oct 2021 11:50:02|20|shiji@forstarfoods.com|DailyCatchEntry_New.php
26 Oct 2021 11:50:02|20|shiji@forstarfoods.com|DailyCatchEntry_New.php
26 Oct 2021 11:50:03|20|shiji@forstarfoods.com|DailyCatchEntry_New.php
26 Oct 2021 11:50:03|20|shiji@forstarfoods.com|DailyCatchEntry_New.php
26 Oct 2021 11:50:22|20|shiji@forstarfoods.com|DailyCatchEntry_New.php
26 Oct 2021 11:50:23|20|shiji@forstarfoods.com|DailyCatchEntry_New.php
26 Oct 2021 11:50:24|20|shiji@forstarfoods.com|CatchEntryDeclaredItem.php
26 Oct 2021 11:50:32|20|shiji@forstarfoods.com|DailyCatchEntry_New.php
26 Oct 2021 11:50:33|20|shiji@forstarfoods.com|DailyCatchEntry_New.php
26 Oct 2021 11:50:35|20|shiji@forstarfoods.com|DailyCatchEntry_New.php
26 Oct 2021 11:50:35|20|shiji@forstarfoods.com|DailyCatchEntry_New.php
26 Oct 2021 11:50:36|20|shiji@forstarfoods.com|DailyCatchEntry_New.php
26 Oct 2021 11:50:36|20|shiji@forstarfoods.com|DailyCatchEntry_New.php
26 Oct 2021 11:50:37|20|shiji@forstarfoods.com|DailyCatchEntry_New.php
26 Oct 2021 11:50:37|20|shiji@forstarfoods.com|DailyCatchEntry_New.php
26 Oct 2021 11:50:38|20|shiji@forstarfoods.com|DailyCatchEntry_New.php
26 Oct 2021 11:50:40|20|shiji@forstarfoods.com|DailyCatchEntry_New.php
26 Oct 2021 11:50:41|20|shiji@forstarfoods.com|CatchEntryDeclaredItem.php
26 Oct 2021 11:50:55|20|shiji@forstarfoods.com|DailyCatchEntry_New.php
26 Oct 2021 11:50:56|20|shiji@forstarfoods.com|DailyCatchEntry_New.php
26 Oct 2021 11:50:56|20|shiji@forstarfoods.com|DailyCatchEntry_New.php
26 Oct 2021 11:50:57|20|shiji@forstarfoods.com|DailyCatchEntry_New.php
26 Oct 2021 11:51:00|20|shiji@forstarfoods.com|DailyCatchEntry_New.php
26 Oct 2021 11:51:00|20|shiji@forstarfoods.com|CatchEntryDeclaredItem.php
26 Oct 2021 11:51:13|20|shiji@forstarfoods.com|DailyCatchEntry_New.php
26 Oct 2021 11:51:13|20|shiji@forstarfoods.com|DailyCatchEntry_New.php
26 Oct 2021 11:51:13|20|shiji@forstarfoods.com|DailyCatchEntry_New.php
26 Oct 2021 11:51:14|20|shiji@forstarfoods.com|DailyCatchEntry_New.php
26 Oct 2021 11:51:14|20|shiji@forstarfoods.com|DailyCatchEntry_New.php
26 Oct 2021 11:51:14|20|shiji@forstarfoods.com|DailyCatchEntry_New.php
26 Oct 2021 11:51:29|20|shiji@forstarfoods.com|DailyCatchEntry_New.php
26 Oct 2021 11:51:32|20|shiji@forstarfoods.com|DailyCatchEntry_New.php
26 Oct 2021 11:51:34|20|shiji@forstarfoods.com|DailyCatchEntry_New.php
26 Oct 2021 11:51:37|20|shiji@forstarfoods.com|DailyCatchEntry_New.php
26 Oct 2021 11:51:37|20|shiji@forstarfoods.com|DailyCatchEntry_New.php
26 Oct 2021 11:51:38|20|shiji@forstarfoods.com|DailyCatchEntry_New.php
26 Oct 2021 11:51:38|20|shiji@forstarfoods.com|DailyCatchEntry_New.php
26 Oct 2021 11:51:40|20|shiji@forstarfoods.com|DailyCatchEntry_New.php
26 Oct 2021 11:51:40|20|shiji@forstarfoods.com|DailyCatchEntry_New.php
26 Oct 2021 11:51:49|20|shiji@forstarfoods.com|DailyCatchEntry_New.php
26 Oct 2021 11:51:51|20|shiji@forstarfoods.com|DailyCatchEntry_New.php
26 Oct 2021 11:51:52|20|shiji@forstarfoods.com|CatchEntryDeclaredItem.php
26 Oct 2021 11:52:30|20|shiji@forstarfoods.com|DailyCatchEntry_New.php
26 Oct 2021 11:52:31|20|shiji@forstarfoods.com|DailyCatchEntry_New.php
26 Oct 2021 11:52:31|20|shiji@forstarfoods.com|DailyCatchEntry_New.php
26 Oct 2021 11:52:35|20|shiji@forstarfoods.com|DailyCatchEntry_New.php
26 Oct 2021 11:52:41|20|shiji@forstarfoods.com|DailyCatchEntry_New.php
26 Oct 2021 11:52:41|20|shiji@forstarfoods.com|CatchEntryDeclaredItem.php