
26 Oct 2021 11:52:46|20|shiji@forstarfoods.com|DailyCatchEntry_New.php
26 Oct 2021 11:52:54|20|shiji@forstarfoods.com|DailyCatchEntry_New.php
26 Oct 2021 11:53:00|20|shiji@forstarfoods.com|DailyCatchEntry_New.php
26 Oct 2021 11:53:00|20|shiji@forstarfoods.com|CatchEntryDeclaredItem.php
26 Oct 2021 11:53:08|20|shiji@forstarfoods.com|DailyCatchEntry_New.php
26 Oct 2021 11:53:11|20|shiji@forstarfoods.com|DailyCatchEntry_New.php
26 Oct 2021 11:53:12|20|shiji@forstarfoods.com|DailyCatchEntry_New.php
26 Oct 2021 11:53:12|20|shiji@forstarfoods.com|DailyCatchEntry_New.php
26 Oct 2021 11:53:12|20|shiji@forstarfoods.com|DailyCatchEntry_New.php
26 Oct 2021 11:53:13|20|shiji@forstarfoods.com|DailyCatchEntry_New.php
26 Oct 2021 11:53:13|20|shiji@forstarfoods.com|DailyCatchEntry_New.php
26 Oct 2021 11:53:26|20|shiji@forstarfoods.com|DailyCatchEntry_New.php
26 Oct 2021 11:53:26|20|shiji@forstarfoods.com|DailyCatchEntry_New.php
26 Oct 2021 11:53:31|20|shiji@forstarfoods.com|DailyCatchEntry_New.php
26 Oct 2021 11:53:33|20|shiji@forstarfoods.com|DailyCatchEntry_New.php
26 Oct 2021 11:53:35|20|shiji@forstarfoods.com|DailyCatchEntry_New.php
26 Oct 2021 11:53:35|20|shiji@forstarfoods.com|DailyCatchEntry_New.php
26 Oct 2021 11:53:35|20|shiji@forstarfoods.com|DailyCatchEntry_New.php
26 Oct 2021 11:53:36|20|shiji@forstarfoods.com|DailyCatchEntry_New.php
26 Oct 2021 11:53:37|20|shiji@forstarfoods.com|DailyCatchEntry_New.php
26 Oct 2021 11:53:38|20|shiji@forstarfoods.com|DailyCatchEntry_New.php
26 Oct 2021 11:53:38|20|shiji@forstarfoods.com|DailyCatchEntry_New.php
26 Oct 2021 11:53:38|20|shiji@forstarfoods.com|DailyCatchEntry_New.php
26 Oct 2021 11:53:39|20|shiji@forstarfoods.com|DailyCatchEntry_New.php
26 Oct 2021 11:53:39|20|shiji@forstarfoods.com|DailyCatchEntry_New.php
26 Oct 2021 11:53:39|20|shiji@forstarfoods.com|DailyCatchEntry_New.php
26 Oct 2021 11:53:39|20|shiji@forstarfoods.com|DailyCatchEntry_New.php
26 Oct 2021 11:53:40|20|shiji@forstarfoods.com|DailyCatchEntry_New.php
26 Oct 2021 11:53:40|20|shiji@forstarfoods.com|DailyCatchEntry_New.php
26 Oct 2021 11:53:40|20|shiji@forstarfoods.com|DailyCatchEntry_New.php
26 Oct 2021 11:53:41|20|shiji@forstarfoods.com|DailyCatchEntry_New.php
26 Oct 2021 11:53:41|20|shiji@forstarfoods.com|DailyCatchEntry_New.php
26 Oct 2021 11:53:41|20|shiji@forstarfoods.com|DailyCatchEntry_New.php
26 Oct 2021 11:53:41|20|shiji@forstarfoods.com|DailyCatchEntry_New.php
26 Oct 2021 11:53:42|20|shiji@forstarfoods.com|DailyCatchEntry_New.php
26 Oct 2021 11:53:42|20|shiji@forstarfoods.com|DailyCatchEntry_New.php
26 Oct 2021 11:53:42|20|shiji@forstarfoods.com|DailyCatchEntry_New.php
26 Oct 2021 11:53:43|20|shiji@forstarfoods.com|DailyCatchEntry_New.php
26 Oct 2021 11:53:43|20|shiji@forstarfoods.com|DailyCatchEntry_New.php
26 Oct 2021 11:53:43|20|shiji@forstarfoods.com|DailyCatchEntry_New.php
26 Oct 2021 11:54:03|20|shiji@forstarfoods.com|DailyCatchEntry_New.php
26 Oct 2021 11:54:08|20|shiji@forstarfoods.com|DailyCatchEntry_New.php
26 Oct 2021 11:54:09|20|shiji@forstarfoods.com|DailyCatchEntry_New.php
26 Oct 2021 11:54:10|20|shiji@forstarfoods.com|CatchEntryDeclaredItem.php
26 Oct 2021 11:54:14|20|shiji@forstarfoods.com|DailyCatchEntry_New.php
26 Oct 2021 11:54:16|20|shiji@forstarfoods.com|DailyCatchEntry_New.php
26 Oct 2021 11:54:18|20|shiji@forstarfoods.com|DailyCatchEntry_New.php
26 Oct 2021 11:54:19|20|shiji@forstarfoods.com|DailyCatchEntry_New.php
26 Oct 2021 11:54:20|20|shiji@forstarfoods.com|DailyCatchEntry_New.php
26 Oct 2021 11:54:20|20|shiji@forstarfoods.com|DailyCatchEntry_New.php
26 Oct 2021 11:54:22|20|shiji@forstarfoods.com|DailyCatchEntry_New.php
26 Oct 2021 11:54:22|20|shiji@forstarfoods.com|DailyCatchEntry_New.php
26 Oct 2021 11:54:34|24|shashikala@forstarfoods.com|DailyPreProcess.php
26 Oct 2021 11:54:35|20|shiji@forstarfoods.com|DailyCatchEntry_New.php
26 Oct 2021 11:54:37|20|shiji@forstarfoods.com|DailyCatchEntry_New.php
26 Oct 2021 11:54:38|20|shiji@forstarfoods.com|CatchEntryDeclaredItem.php
26 Oct 2021 11:54:41|24|shashikala@forstarfoods.com|DailyPreProcess.php
26 Oct 2021 11:54:43|24|shashikala@forstarfoods.com|DailyPreProcess.php
26 Oct 2021 11:55:32|20|shiji@forstarfoods.com|DailyCatchEntry_New.php
26 Oct 2021 11:55:35|20|shiji@forstarfoods.com|DailyCatchEntry_New.php
26 Oct 2021 11:55:35|20|shiji@forstarfoods.com|DailyCatchEntry_New.php
26 Oct 2021 11:55:36|20|shiji@forstarfoods.com|DailyCatchEntry_New.php
26 Oct 2021 11:55:41|20|shiji@forstarfoods.com|DailyCatchEntry_New.php
26 Oct 2021 11:55:42|20|shiji@forstarfoods.com|DailyCatchEntry_New.php
26 Oct 2021 11:55:43|20|shiji@forstarfoods.com|DailyCatchEntry_New.php
26 Oct 2021 11:55:48|20|shiji@forstarfoods.com|DailyCatchEntry_New.php
26 Oct 2021 11:55:52|20|shiji@forstarfoods.com|DailyCatchEntry_New.php
26 Oct 2021 11:55:52|20|shiji@forstarfoods.com|DailyCatchEntry_New.php
26 Oct 2021 11:55:52|20|shiji@forstarfoods.com|CatchEntryDeclaredItem.php
26 Oct 2021 11:55:53|20|shiji@forstarfoods.com|DailyCatchEntry_New.php
26 Oct 2021 11:55:53|20|shiji@forstarfoods.com|CatchEntryDeclaredItem.php
26 Oct 2021 11:55:56|24|shashikala@forstarfoods.com|DailyPreProcess.php
26 Oct 2021 11:55:56|20|shiji@forstarfoods.com|DailyCatchEntry_New.php
26 Oct 2021 11:55:57|24|shashikala@forstarfoods.com|DailyPreProcess.php
26 Oct 2021 11:55:57|20|shiji@forstarfoods.com|DailyCatchEntry_New.php
26 Oct 2021 11:55:57|20|shiji@forstarfoods.com|DailyCatchEntry_New.php
26 Oct 2021 11:55:57|20|shiji@forstarfoods.com|DailyCatchEntry_New.php
26 Oct 2021 11:55:58|20|shiji@forstarfoods.com|DailyCatchEntry_New.php
26 Oct 2021 11:56:00|20|shiji@forstarfoods.com|DailyCatchEntry_New.php
26 Oct 2021 11:56:00|20|shiji@forstarfoods.com|DailyCatchEntry_New.php
26 Oct 2021 11:56:01|20|shiji@forstarfoods.com|DailyCatchEntry_New.php
26 Oct 2021 11:56:01|20|shiji@forstarfoods.com|DailyCatchEntry_New.php
26 Oct 2021 11:56:01|20|shiji@forstarfoods.com|DailyCatchEntry_New.php
26 Oct 2021 11:56:04|20|shiji@forstarfoods.com|DailyCatchEntry_New.php
26 Oct 2021 11:56:04|20|shiji@forstarfoods.com|DailyCatchEntry_New.php
26 Oct 2021 11:56:05|20|shiji@forstarfoods.com|DailyCatchEntry_New.php
26 Oct 2021 11:56:08|20|shiji@forstarfoods.com|DailyCatchEntry_New.php
26 Oct 2021 11:56:10|20|shiji@forstarfoods.com|DailyCatchEntry_New.php
26 Oct 2021 11:56:12|20|shiji@forstarfoods.com|DailyCatchEntry_New.php
26 Oct 2021 11:56:21|20|shiji@forstarfoods.com|DailyCatchEntry_New.php
26 Oct 2021 11:56:23|20|shiji@forstarfoods.com|DailyCatchEntry_New.php
26 Oct 2021 11:56:23|20|shiji@forstarfoods.com|DailyCatchEntry_New.php
26 Oct 2021 11:56:23|20|shiji@forstarfoods.com|DailyCatchEntry_New.php
26 Oct 2021 11:56:23|20|shiji@forstarfoods.com|CatchEntryDeclaredItem.php
26 Oct 2021 11:56:24|20|shiji@forstarfoods.com|DailyCatchEntry_New.php
26 Oct 2021 11:56:27|20|shiji@forstarfoods.com|DailyCatchEntry_New.php
26 Oct 2021 11:56:28|20|shiji@forstarfoods.com|DailyCatchEntry_New.php
26 Oct 2021 11:56:28|20|shiji@forstarfoods.com|DailyCatchEntry_New.php
26 Oct 2021 11:56:28|20|shiji@forstarfoods.com|DailyCatchEntry_New.php
26 Oct 2021 11:56:29|20|shiji@forstarfoods.com|DailyCatchEntry_New.php
26 Oct 2021 11:56:29|20|shiji@forstarfoods.com|DailyCatchEntry_New.php
26 Oct 2021 11:56:30|20|shiji@forstarfoods.com|DailyCatchEntry_New.php
26 Oct 2021 11:56:30|20|shiji@forstarfoods.com|DailyCatchEntry_New.php
26 Oct 2021 11:56:32|20|shiji@forstarfoods.com|DailyCatchEntry_New.php
26 Oct 2021 11:56:35|20|shiji@forstarfoods.com|DailyCatchEntry_New.php
26 Oct 2021 11:56:36|20|shiji@forstarfoods.com|CatchEntryDeclaredItem.php
26 Oct 2021 11:56:42|20|shiji@forstarfoods.com|DailyCatchEntry_New.php
26 Oct 2021 11:56:44|20|shiji@forstarfoods.com|DailyCatchEntry_New.php
26 Oct 2021 11:56:44|20|shiji@forstarfoods.com|DailyCatchEntry_New.php
26 Oct 2021 11:56:45|20|shiji@forstarfoods.com|DailyCatchEntry_New.php
26 Oct 2021 11:56:45|20|shiji@forstarfoods.com|DailyCatchEntry_New.php
26 Oct 2021 11:56:45|20|shiji@forstarfoods.com|DailyCatchEntry_New.php
26 Oct 2021 11:56:46|20|shiji@forstarfoods.com|DailyCatchEntry_New.php
26 Oct 2021 11:56:53|20|shiji@forstarfoods.com|DailyCatchEntry_New.php
26 Oct 2021 11:56:54|20|shiji@forstarfoods.com|DailyCatchEntry_New.php
26 Oct 2021 11:56:55|20|shiji@forstarfoods.com|DailyCatchEntry_New.php
26 Oct 2021 11:56:59|20|shiji@forstarfoods.com|DailyCatchEntry_New.php
26 Oct 2021 11:57:00|20|shiji@forstarfoods.com|DailyCatchEntry_New.php
26 Oct 2021 11:57:04|20|shiji@forstarfoods.com|DailyCatchEntry_New.php
26 Oct 2021 11:57:04|20|shiji@forstarfoods.com|DailyCatchEntry_New.php
26 Oct 2021 11:57:05|20|shiji@forstarfoods.com|DailyCatchEntry_New.php
26 Oct 2021 11:57:05|20|shiji@forstarfoods.com|DailyCatchEntry_New.php
26 Oct 2021 11:57:06|20|shiji@forstarfoods.com|DailyCatchEntry_New.php
26 Oct 2021 11:57:06|20|shiji@forstarfoods.com|DailyCatchEntry_New.php
26 Oct 2021 11:57:12|20|shiji@forstarfoods.com|DailyCatchEntry_New.php
26 Oct 2021 11:57:14|20|shiji@forstarfoods.com|DailyCatchEntry_New.php
26 Oct 2021 11:57:15|20|shiji@forstarfoods.com|CatchEntryDeclaredItem.php
26 Oct 2021 11:57:16|24|shashikala@forstarfoods.com|DailyPreProcess.php
26 Oct 2021 11:57:23|20|shiji@forstarfoods.com|DailyCatchEntry_New.php
26 Oct 2021 11:57:25|20|shiji@forstarfoods.com|DailyCatchEntry_New.php
26 Oct 2021 11:57:32|20|shiji@forstarfoods.com|DailyCatchEntry_New.php
26 Oct 2021 11:57:33|20|shiji@forstarfoods.com|DailyCatchEntry_New.php
26 Oct 2021 11:57:33|20|shiji@forstarfoods.com|DailyCatchEntry_New.php
26 Oct 2021 11:57:33|20|shiji@forstarfoods.com|DailyCatchEntry_New.php
26 Oct 2021 11:57:33|20|shiji@forstarfoods.com|DailyCatchEntry_New.php
26 Oct 2021 11:57:34|20|shiji@forstarfoods.com|DailyCatchEntry_New.php
26 Oct 2021 11:57:34|20|shiji@forstarfoods.com|DailyCatchEntry_New.php
26 Oct 2021 11:57:34|20|shiji@forstarfoods.com|DailyCatchEntry_New.php
26 Oct 2021 11:57:34|24|shashikala@forstarfoods.com|DailyRMCB.php
26 Oct 2021 11:57:43|20|shiji@forstarfoods.com|DailyCatchEntry_New.php
26 Oct 2021 11:57:43|20|shiji@forstarfoods.com|DailyCatchEntry_New.php
26 Oct 2021 11:57:43|24|shashikala@forstarfoods.com|DailyRMCB.php
26 Oct 2021 11:57:43|20|shiji@forstarfoods.com|DailyCatchEntry_New.php
26 Oct 2021 11:57:44|20|shiji@forstarfoods.com|DailyCatchEntry_New.php
26 Oct 2021 11:57:46|20|shiji@forstarfoods.com|DailyCatchEntry_New.php
26 Oct 2021 11:57:46|20|shiji@forstarfoods.com|DailyCatchEntry_New.php
26 Oct 2021 11:57:46|20|shiji@forstarfoods.com|DailyCatchEntry_New.php
26 Oct 2021 11:57:49|24|shashikala@forstarfoods.com|DailyRMCB.php
26 Oct 2021 11:57:49|20|shiji@forstarfoods.com|DailyCatchEntry_New.php
26 Oct 2021 11:57:51|20|shiji@forstarfoods.com|CatchEntryDeclaredItem.php
26 Oct 2021 11:57:55|24|shashikala@forstarfoods.com|DailyRMCB.php
26 Oct 2021 11:57:59|24|shashikala@forstarfoods.com|DailyRMCB.php
26 Oct 2021 11:58:34|24|shashikala@forstarfoods.com|DailyRMCB.php
26 Oct 2021 11:58:48|24|shashikala@forstarfoods.com|DailyRMCB.php
26 Oct 2021 11:58:54|24|shashikala@forstarfoods.com|DailyRMCB.php
26 Oct 2021 11:59:05|20|shiji@forstarfoods.com|DailyCatchSummary.php
26 Oct 2021 11:59:08|20|shiji@forstarfoods.com|DailyCatchSummary.php
26 Oct 2021 11:59:17|24|shashikala@forstarfoods.com|DailyRMCB.php
26 Oct 2021 11:59:17|20|shiji@forstarfoods.com|DailyCatchSummary.php
26 Oct 2021 11:59:18|20|shiji@forstarfoods.com|DailyCatchSummary.php
26 Oct 2021 11:59:23|20|shiji@forstarfoods.com|DailyCatchSummary.php
26 Oct 2021 12:00:00|24|shashikala@forstarfoods.com|DailyRMCB.php
26 Oct 2021 12:00:04|24|shashikala@forstarfoods.com|DailyRMCB.php
26 Oct 2021 12:00:08|24|shashikala@forstarfoods.com|Home.php
26 Oct 2021 12:00:11|24|shashikala@forstarfoods.com|Home.php
26 Oct 2021 12:00:17|24|shashikala@forstarfoods.com|DailyPreProcess.php
26 Oct 2021 12:00:23|24|shashikala@forstarfoods.com|DailyPreProcess.php
26 Oct 2021 12:00:46|24|shashikala@forstarfoods.com|DailyPreProcess.php
26 Oct 2021 12:00:49|24|shashikala@forstarfoods.com|DailyPreProcess.php
26 Oct 2021 12:00:50|24|shashikala@forstarfoods.com|DailyPreProcess.php
26 Oct 2021 12:06:29|24|shashikala@forstarfoods.com|DailyPreProcess.php
26 Oct 2021 12:06:35|24|shashikala@forstarfoods.com|DailyPreProcess.php
26 Oct 2021 12:06:38|24|shashikala@forstarfoods.com|DailyPreProcess.php
26 Oct 2021 12:06:39|24|shashikala@forstarfoods.com|DailyPreProcess.php
26 Oct 2021 12:12:02|24|shashikala@forstarfoods.com|DailyPreProcess.php
26 Oct 2021 12:12:41|24|shashikala@forstarfoods.com|DailyPreProcess.php
26 Oct 2021 12:12:44|24|shashikala@forstarfoods.com|DailyPreProcess.php
26 Oct 2021 12:12:45|20|shiji@forstarfoods.com|ProcessorsAccounts.php
26 Oct 2021 12:12:46|24|shashikala@forstarfoods.com|DailyPreProcess.php
26 Oct 2021 12:12:47|24|shashikala@forstarfoods.com|DailyPreProcess.php
26 Oct 2021 12:12:48|20|shiji@forstarfoods.com|ProcessorsAccounts.php
26 Oct 2021 12:12:50|20|shiji@forstarfoods.com|ProcessorsAccounts.php
26 Oct 2021 12:12:54|20|shiji@forstarfoods.com|ProcessorsAccounts.php
26 Oct 2021 12:12:59|20|shiji@forstarfoods.com|ProcessorsAccounts.php
26 Oct 2021 12:13:24|24|shashikala@forstarfoods.com|DailyPreProcess.php
26 Oct 2021 12:13:29|24|shashikala@forstarfoods.com|DailyPreProcess.php
26 Oct 2021 12:13:31|24|shashikala@forstarfoods.com|DailyPreProcess.php
26 Oct 2021 12:13:34|20|shiji@forstarfoods.com|ProcessorsAccounts.php
26 Oct 2021 12:13:36|24|shashikala@forstarfoods.com|DailyPreProcess.php
26 Oct 2021 12:13:36|20|shiji@forstarfoods.com|ProcessorsAccounts.php
26 Oct 2021 12:13:37|24|shashikala@forstarfoods.com|DailyPreProcess.php
26 Oct 2021 12:13:42|20|shiji@forstarfoods.com|ProcessorsAccounts.php
26 Oct 2021 12:14:23|20|shiji@forstarfoods.com|ProcessorsAccounts.php
26 Oct 2021 12:14:25|20|shiji@forstarfoods.com|ProcessorsAccounts.php
26 Oct 2021 12:14:28|20|shiji@forstarfoods.com|ProcessorsAccounts.php
26 Oct 2021 12:15:16|20|shiji@forstarfoods.com|ProcessorsAccounts.php
26 Oct 2021 12:15:19|20|shiji@forstarfoods.com|ProcessorsAccounts.php
26 Oct 2021 12:15:23|20|shiji@forstarfoods.com|ProcessorsAccounts.php
26 Oct 2021 12:15:44|20|shiji@forstarfoods.com|ProcessorsAccounts.php
26 Oct 2021 12:15:47|20|shiji@forstarfoods.com|ProcessorsAccounts.php
26 Oct 2021 12:15:48|24|shashikala@forstarfoods.com|DailyPreProcess.php
26 Oct 2021 12:15:51|20|shiji@forstarfoods.com|ProcessorsAccounts.php
26 Oct 2021 12:16:23|20|shiji@forstarfoods.com|ProcessorsAccounts.php
26 Oct 2021 12:16:25|20|shiji@forstarfoods.com|ProcessorsAccounts.php
26 Oct 2021 12:16:29|20|shiji@forstarfoods.com|ProcessorsAccounts.php
26 Oct 2021 12:17:37|20|shiji@forstarfoods.com|ProcessorsAccounts.php
26 Oct 2021 12:17:40|20|shiji@forstarfoods.com|ProcessorsAccounts.php
26 Oct 2021 12:17:43|20|shiji@forstarfoods.com|ProcessorsAccounts.php
26 Oct 2021 12:18:59|20|shiji@forstarfoods.com|ProcessorsAccounts.php
26 Oct 2021 12:19:01|20|shiji@forstarfoods.com|ProcessorsAccounts.php
26 Oct 2021 12:19:07|20|shiji@forstarfoods.com|ProcessorsAccounts.php
26 Oct 2021 12:19:25|20|shiji@forstarfoods.com|ProcessorsAccounts.php
26 Oct 2021 12:19:29|20|shiji@forstarfoods.com|ProcessorsAccounts.php
26 Oct 2021 12:19:32|20|shiji@forstarfoods.com|ProcessorsAccounts.php
26 Oct 2021 12:20:28|20|shiji@forstarfoods.com|ProcessorsAccounts.php
26 Oct 2021 12:20:30|20|shiji@forstarfoods.com|ProcessorsAccounts.php
26 Oct 2021 12:20:34|20|shiji@forstarfoods.com|ProcessorsAccounts.php
26 Oct 2021 12:21:21|20|shiji@forstarfoods.com|ProcessorsAccounts.php
26 Oct 2021 12:21:24|20|shiji@forstarfoods.com|ProcessorsAccounts.php
26 Oct 2021 12:21:29|20|shiji@forstarfoods.com|ProcessorsAccounts.php
26 Oct 2021 12:22:03|24|shashikala@forstarfoods.com|DailyRMCB.php
26 Oct 2021 12:22:11|24|shashikala@forstarfoods.com|DailyRMCB.php
26 Oct 2021 12:22:16|24|shashikala@forstarfoods.com|DailyRMCB.php
26 Oct 2021 12:22:22|24|shashikala@forstarfoods.com|DailyRMCB.php
26 Oct 2021 12:22:26|24|shashikala@forstarfoods.com|DailyRMCB.php
26 Oct 2021 12:23:16|24|shashikala@forstarfoods.com|DailyRMCB.php
26 Oct 2021 12:23:20|24|shashikala@forstarfoods.com|DailyRMCB.php
26 Oct 2021 12:23:23|24|shashikala@forstarfoods.com|DailyRMCB.php
26 Oct 2021 12:23:30|24|shashikala@forstarfoods.com|DailyRMCB.php
26 Oct 2021 12:23:31|20|shiji@forstarfoods.com|ProcessorsAccounts.php
26 Oct 2021 12:23:33|20|shiji@forstarfoods.com|ProcessorsAccounts.php
26 Oct 2021 12:23:40|20|shiji@forstarfoods.com|ProcessorsAccounts.php
26 Oct 2021 12:24:47|24|shashikala@forstarfoods.com|DailyRMCB.php
26 Oct 2021 12:24:52|24|shashikala@forstarfoods.com|DailyRMCB.php
26 Oct 2021 12:24:59|24|shashikala@forstarfoods.com|Home.php
26 Oct 2021 12:25:02|24|shashikala@forstarfoods.com|Home.php
26 Oct 2021 12:25:10|24|shashikala@forstarfoods.com|DailyPreProcess.php
26 Oct 2021 12:25:12|20|shiji@forstarfoods.com|ProcessorsAccounts.php
26 Oct 2021 12:25:14|20|shiji@forstarfoods.com|ProcessorsAccounts.php
26 Oct 2021 12:25:18|20|shiji@forstarfoods.com|ProcessorsAccounts.php
26 Oct 2021 12:27:27|20|shiji@forstarfoods.com|DailyCatchReport.php
26 Oct 2021 12:27:34|20|shiji@forstarfoods.com|DailyCatchReport.php
26 Oct 2021 12:27:38|20|shiji@forstarfoods.com|DailyCatchReport.php
26 Oct 2021 12:27:39|20|shiji@forstarfoods.com|DailyCatchReport.php
26 Oct 2021 12:27:40|20|shiji@forstarfoods.com|DailyCatchReport.php
26 Oct 2021 12:27:40|20|shiji@forstarfoods.com|DailyCatchReport.php
26 Oct 2021 12:27:52|20|shiji@forstarfoods.com|PrintDailyCatchReportMemo.php
26 Oct 2021 12:28:35|20|shiji@forstarfoods.com|PrintDailyCatchReportMemo.php
26 Oct 2021 12:29:19|20|shiji@forstarfoods.com|DailyCatchReport.php
26 Oct 2021 12:29:20|20|shiji@forstarfoods.com|DailyCatchReport.php
26 Oct 2021 12:29:21|20|shiji@forstarfoods.com|DailyCatchReport.php
26 Oct 2021 12:30:07|20|shiji@forstarfoods.com|DailyCatchReport.php
26 Oct 2021 12:30:07|20|shiji@forstarfoods.com|DailyCatchReport.php
26 Oct 2021 12:30:08|20|shiji@forstarfoods.com|DailyCatchReport.php
26 Oct 2021 12:30:09|20|shiji@forstarfoods.com|DailyCatchReport.php
26 Oct 2021 12:30:10|20|shiji@forstarfoods.com|DailyCatchReport.php
26 Oct 2021 12:30:11|20|shiji@forstarfoods.com|DailyCatchReport.php
26 Oct 2021 12:30:11|20|shiji@forstarfoods.com|DailyCatchReport.php
26 Oct 2021 12:30:13|20|shiji@forstarfoods.com|PrintDailyCatchReportMemo.php
26 Oct 2021 12:30:42|20|shiji@forstarfoods.com|DailyCatchReport.php
26 Oct 2021 12:30:43|20|shiji@forstarfoods.com|DailyCatchReport.php
26 Oct 2021 12:30:43|20|shiji@forstarfoods.com|DailyCatchReport.php
26 Oct 2021 12:30:52|20|shiji@forstarfoods.com|DailyCatchReport.php
26 Oct 2021 12:30:53|20|shiji@forstarfoods.com|DailyCatchReport.php
26 Oct 2021 12:30:54|20|shiji@forstarfoods.com|DailyCatchReport.php
26 Oct 2021 12:30:54|20|shiji@forstarfoods.com|DailyCatchReport.php
26 Oct 2021 12:30:56|20|shiji@forstarfoods.com|DailyCatchReport.php
26 Oct 2021 12:30:57|20|shiji@forstarfoods.com|DailyCatchReport.php
26 Oct 2021 12:30:57|20|shiji@forstarfoods.com|DailyCatchReport.php
26 Oct 2021 12:30:59|20|shiji@forstarfoods.com|PrintDailyCatchReportMemo.php
26 Oct 2021 12:31:12|20|shiji@forstarfoods.com|DailyCatchReport.php
26 Oct 2021 12:31:13|20|shiji@forstarfoods.com|DailyCatchReport.php
26 Oct 2021 12:31:13|20|shiji@forstarfoods.com|DailyCatchReport.php
26 Oct 2021 12:31:15|24|shashikala@forstarfoods.com|DailyPreProcess.php
26 Oct 2021 12:31:20|20|shiji@forstarfoods.com|DailyCatchReport.php
26 Oct 2021 12:31:20|20|shiji@forstarfoods.com|DailyCatchReport.php
26 Oct 2021 12:31:21|20|shiji@forstarfoods.com|DailyCatchReport.php
26 Oct 2021 12:31:22|20|shiji@forstarfoods.com|DailyCatchReport.php
26 Oct 2021 12:31:23|20|shiji@forstarfoods.com|DailyCatchReport.php
26 Oct 2021 12:31:24|20|shiji@forstarfoods.com|DailyCatchReport.php
26 Oct 2021 12:31:24|20|shiji@forstarfoods.com|DailyCatchReport.php
26 Oct 2021 12:31:26|20|shiji@forstarfoods.com|PrintDailyCatchReportMemo.php
26 Oct 2021 12:31:29|24|shashikala@forstarfoods.com|DailyPreProcess.php
26 Oct 2021 12:31:33|24|shashikala@forstarfoods.com|DailyPreProcess.php
26 Oct 2021 12:31:34|24|shashikala@forstarfoods.com|DailyPreProcess.php
26 Oct 2021 12:31:38|20|shiji@forstarfoods.com|DailyCatchReport.php
26 Oct 2021 12:31:39|20|shiji@forstarfoods.com|DailyCatchReport.php
26 Oct 2021 12:31:39|20|shiji@forstarfoods.com|DailyCatchReport.php
26 Oct 2021 12:31:46|20|shiji@forstarfoods.com|DailyCatchReport.php
26 Oct 2021 12:31:51|20|shiji@forstarfoods.com|DailyCatchReport.php
26 Oct 2021 12:31:52|20|shiji@forstarfoods.com|DailyCatchReport.php
26 Oct 2021 12:31:53|20|shiji@forstarfoods.com|DailyCatchReport.php
26 Oct 2021 12:31:53|20|shiji@forstarfoods.com|DailyCatchReport.php
26 Oct 2021 12:31:59|20|shiji@forstarfoods.com|DailyCatchReport.php
26 Oct 2021 12:32:01|20|shiji@forstarfoods.com|DailyCatchReport.php
26 Oct 2021 12:32:01|20|shiji@forstarfoods.com|DailyCatchReport.php
26 Oct 2021 12:32:03|20|shiji@forstarfoods.com|PrintDailyCatchReportMemo.php
26 Oct 2021 12:32:23|20|shiji@forstarfoods.com|DailyCatchReport.php
26 Oct 2021 12:32:24|20|shiji@forstarfoods.com|DailyCatchReport.php
26 Oct 2021 12:32:25|20|shiji@forstarfoods.com|DailyCatchReport.php
26 Oct 2021 12:32:34|20|shiji@forstarfoods.com|DailyCatchReport.php
26 Oct 2021 12:32:36|20|shiji@forstarfoods.com|DailyCatchReport.php
26 Oct 2021 12:32:51|20|shiji@forstarfoods.com|DailyCatchReport.php
26 Oct 2021 12:32:52|20|shiji@forstarfoods.com|DailyCatchReport.php
26 Oct 2021 12:32:52|20|shiji@forstarfoods.com|DailyCatchReport.php
26 Oct 2021 12:32:54|20|shiji@forstarfoods.com|PrintDailyCatchReportMemo.php
26 Oct 2021 12:33:25|20|shiji@forstarfoods.com|DailyCatchReport.php
26 Oct 2021 12:33:26|20|shiji@forstarfoods.com|DailyCatchReport.php
26 Oct 2021 12:33:26|20|shiji@forstarfoods.com|DailyCatchReport.php
26 Oct 2021 12:33:37|20|shiji@forstarfoods.com|DailyCatchReport.php
26 Oct 2021 12:33:38|20|shiji@forstarfoods.com|DailyCatchReport.php
26 Oct 2021 12:33:39|20|shiji@forstarfoods.com|DailyCatchReport.php
26 Oct 2021 12:33:40|20|shiji@forstarfoods.com|DailyCatchReport.php
26 Oct 2021 12:33:40|20|shiji@forstarfoods.com|DailyCatchReport.php
26 Oct 2021 12:33:43|20|shiji@forstarfoods.com|PrintDailyCatchReportMemo.php
26 Oct 2021 12:34:05|20|shiji@forstarfoods.com|DailyCatchReport.php
26 Oct 2021 12:34:07|20|shiji@forstarfoods.com|DailyCatchReport.php
26 Oct 2021 12:34:07|20|shiji@forstarfoods.com|DailyCatchReport.php
26 Oct 2021 12:34:14|20|shiji@forstarfoods.com|DailyCatchReport.php
26 Oct 2021 12:34:15|20|shiji@forstarfoods.com|DailyCatchReport.php
26 Oct 2021 12:34:17|20|shiji@forstarfoods.com|DailyCatchReport.php
26 Oct 2021 12:34:17|20|shiji@forstarfoods.com|DailyCatchReport.php
26 Oct 2021 12:34:20|20|shiji@forstarfoods.com|PrintDailyCatchReportMemo.php
26 Oct 2021 12:35:07|20|shiji@forstarfoods.com|DailyCatchReport.php
26 Oct 2021 12:35:08|20|shiji@forstarfoods.com|DailyCatchReport.php
26 Oct 2021 12:35:08|20|shiji@forstarfoods.com|DailyCatchReport.php
26 Oct 2021 12:35:45|20|shiji@forstarfoods.com|DailyCatchReport.php
26 Oct 2021 12:35:46|20|shiji@forstarfoods.com|DailyCatchReport.php
26 Oct 2021 12:35:47|20|shiji@forstarfoods.com|DailyCatchReport.php
26 Oct 2021 12:35:47|20|shiji@forstarfoods.com|DailyCatchReport.php
26 Oct 2021 12:35:53|20|shiji@forstarfoods.com|PrintDailyCatchReportMemo.php
26 Oct 2021 12:36:31|20|shiji@forstarfoods.com|DailyCatchReport.php
26 Oct 2021 12:36:32|20|shiji@forstarfoods.com|DailyCatchReport.php
26 Oct 2021 12:36:32|20|shiji@forstarfoods.com|DailyCatchReport.php
26 Oct 2021 12:36:42|20|shiji@forstarfoods.com|DailyCatchReport.php
26 Oct 2021 12:36:43|20|shiji@forstarfoods.com|DailyCatchReport.php
26 Oct 2021 12:36:44|20|shiji@forstarfoods.com|DailyCatchReport.php
26 Oct 2021 12:36:44|20|shiji@forstarfoods.com|DailyCatchReport.php
26 Oct 2021 12:36:47|20|shiji@forstarfoods.com|PrintDailyCatchReportMemo.php
26 Oct 2021 12:37:18|20|shiji@forstarfoods.com|DailyCatchReport.php
26 Oct 2021 12:37:19|20|shiji@forstarfoods.com|DailyCatchReport.php
26 Oct 2021 12:37:19|20|shiji@forstarfoods.com|DailyCatchReport.php
26 Oct 2021 12:37:26|20|shiji@forstarfoods.com|DailyCatchReport.php
26 Oct 2021 12:37:27|20|shiji@forstarfoods.com|DailyCatchReport.php
26 Oct 2021 12:37:28|20|shiji@forstarfoods.com|DailyCatchReport.php
26 Oct 2021 12:37:28|20|shiji@forstarfoods.com|DailyCatchReport.php
26 Oct 2021 12:37:31|20|shiji@forstarfoods.com|PrintDailyCatchReportMemo.php
26 Oct 2021 12:38:49|20|shiji@forstarfoods.com|DailyCatchReport.php
26 Oct 2021 12:38:51|20|shiji@forstarfoods.com|DailyCatchReport.php
26 Oct 2021 12:38:51|20|shiji@forstarfoods.com|DailyCatchReport.php
26 Oct 2021 12:46:13|20|shiji@forstarfoods.com|SupplierAccount.php
26 Oct 2021 12:46:37|24|shashikala@forstarfoods.com|DailyPreProcess.php
26 Oct 2021 12:46:42|24|shashikala@forstarfoods.com|DailyPreProcess.php
26 Oct 2021 12:46:44|24|shashikala@forstarfoods.com|DailyPreProcess.php
26 Oct 2021 12:47:00|20|shiji@forstarfoods.com|SupplierAccount.php
26 Oct 2021 12:47:05|20|shiji@forstarfoods.com|SupplierAccount.php
26 Oct 2021 12:47:07|20|shiji@forstarfoods.com|SupplierAccount.php
26 Oct 2021 12:47:07|24|shashikala@forstarfoods.com|DailyPreProcess.php
26 Oct 2021 12:47:08|24|shashikala@forstarfoods.com|DailyPreProcess.php
26 Oct 2021 12:47:11|20|shiji@forstarfoods.com|SupplierAccount.php
26 Oct 2021 12:49:24|20|shiji@forstarfoods.com|SupplierAccount.php
26 Oct 2021 12:49:57|20|shiji@forstarfoods.com|SupplierAccount.php
26 Oct 2021 12:49:59|20|shiji@forstarfoods.com|SupplierAccount.php
26 Oct 2021 12:51:04|24|shashikala@forstarfoods.com|DailyPreProcess.php
26 Oct 2021 12:51:05|20|shiji@forstarfoods.com|SupplierAccount.php
26 Oct 2021 12:51:10|24|shashikala@forstarfoods.com|DailyPreProcess.php
26 Oct 2021 12:51:14|20|shiji@forstarfoods.com|SupplierAccount.php
26 Oct 2021 12:51:16|24|shashikala@forstarfoods.com|DailyPreProcess.php
26 Oct 2021 12:51:18|20|shiji@forstarfoods.com|SupplierAccount.php
26 Oct 2021 12:51:26|24|shashikala@forstarfoods.com|DailyPreProcess.php
26 Oct 2021 12:51:27|24|shashikala@forstarfoods.com|DailyPreProcess.php
26 Oct 2021 12:52:41|20|shiji@forstarfoods.com|SupplierAccount.php
26 Oct 2021 12:52:46|20|shiji@forstarfoods.com|SupplierAccount.php
26 Oct 2021 12:52:49|20|shiji@forstarfoods.com|SupplierAccount.php
26 Oct 2021 12:54:20|20|shiji@forstarfoods.com|SupplierAccount.php
26 Oct 2021 12:54:42|20|shiji@forstarfoods.com|SupplierAccount.php
26 Oct 2021 12:54:44|20|shiji@forstarfoods.com|SupplierAccount.php
26 Oct 2021 12:56:24|24|shashikala@forstarfoods.com|DailyPreProcess.php
26 Oct 2021 12:56:58|24|shashikala@forstarfoods.com|DailyRMCB.php
26 Oct 2021 12:57:04|24|shashikala@forstarfoods.com|DailyRMCB.php
26 Oct 2021 12:57:07|24|shashikala@forstarfoods.com|DailyRMCB.php
26 Oct 2021 12:57:17|24|shashikala@forstarfoods.com|DailyRMCB.php
26 Oct 2021 12:57:57|24|shashikala@forstarfoods.com|DailyRMCB.php
26 Oct 2021 12:59:09|20|shiji@forstarfoods.com|SupplierAccount.php
26 Oct 2021 12:59:21|20|shiji@forstarfoods.com|SupplierAccount.php
26 Oct 2021 12:59:25|20|shiji@forstarfoods.com|SupplierAccount.php
26 Oct 2021 12:59:28|20|shiji@forstarfoods.com|SupplierAccount.php
26 Oct 2021 12:59:43|20|shiji@forstarfoods.com|SupplierAccount.php
26 Oct 2021 12:59:50|24|shashikala@forstarfoods.com|DailyRMCB.php
26 Oct 2021 12:59:52|20|shiji@forstarfoods.com|SupplierAccount.php
26 Oct 2021 12:59:53|24|shashikala@forstarfoods.com|DailyRMCB.php
26 Oct 2021 12:59:56|20|shiji@forstarfoods.com|SupplierAccount.php
26 Oct 2021 12:59:57|24|shashikala@forstarfoods.com|DailyRMCB.php
26 Oct 2021 13:00:11|24|shashikala@forstarfoods.com|DailyRMCB.php
26 Oct 2021 13:00:16|20|shiji@forstarfoods.com|SupplierAccount.php
26 Oct 2021 13:00:26|20|shiji@forstarfoods.com|SupplierAccount.php
26 Oct 2021 13:00:29|20|shiji@forstarfoods.com|SupplierAccount.php
26 Oct 2021 13:00:52|20|shiji@forstarfoods.com|SupplierAccount.php
26 Oct 2021 13:00:56|20|shiji@forstarfoods.com|SupplierAccount.php
26 Oct 2021 13:00:59|20|shiji@forstarfoods.com|SupplierAccount.php
26 Oct 2021 13:01:01|24|shashikala@forstarfoods.com|DailyRMCB.php
26 Oct 2021 13:01:05|24|shashikala@forstarfoods.com|DailyRMCB.php
26 Oct 2021 13:01:09|24|shashikala@forstarfoods.com|Home.php
26 Oct 2021 13:01:12|24|shashikala@forstarfoods.com|Home.php
26 Oct 2021 13:01:18|24|shashikala@forstarfoods.com|Home.php
26 Oct 2021 13:01:20|20|shiji@forstarfoods.com|SupplierAccount.php
26 Oct 2021 13:01:24|20|shiji@forstarfoods.com|SupplierAccount.php
26 Oct 2021 13:01:26|20|shiji@forstarfoods.com|SupplierAccount.php
26 Oct 2021 13:01:27|24|shashikala@forstarfoods.com|DailyPreProcess.php
26 Oct 2021 13:01:32|24|shashikala@forstarfoods.com|DailyPreProcess.php
26 Oct 2021 13:01:37|20|shiji@forstarfoods.com|SupplierAccount.php
26 Oct 2021 13:01:49|20|shiji@forstarfoods.com|SupplierAccount.php
26 Oct 2021 13:02:08|20|shiji@forstarfoods.com|PurchaseReport.php
26 Oct 2021 13:03:43|20|shiji@forstarfoods.com|PurchaseReport.php
26 Oct 2021 13:03:48|20|shiji@forstarfoods.com|PrintPurchaseSettlementMemo.php
26 Oct 2021 13:03:55|20|shiji@forstarfoods.com|PrintPurchaseSettlementMemo.php
26 Oct 2021 13:04:38|20|shiji@forstarfoods.com|PurchaseReport.php
26 Oct 2021 13:04:41|20|shiji@forstarfoods.com|PrintPurchaseSettlementMemo.php
26 Oct 2021 13:04:47|20|shiji@forstarfoods.com|PrintPurchaseSettlementMemo.php
26 Oct 2021 13:05:16|20|shiji@forstarfoods.com|PurchaseReport.php
26 Oct 2021 13:05:19|20|shiji@forstarfoods.com|PrintPurchaseSettlementMemo.php
26 Oct 2021 13:05:28|20|shiji@forstarfoods.com|PrintPurchaseSettlementMemo.php
26 Oct 2021 13:05:53|24|shashikala@forstarfoods.com|DailyPreProcess.php
26 Oct 2021 13:06:00|20|shiji@forstarfoods.com|PurchaseReport.php
26 Oct 2021 13:06:04|24|shashikala@forstarfoods.com|DailyPreProcess.php
26 Oct 2021 13:06:04|20|shiji@forstarfoods.com|PrintPurchaseSettlementMemo.php
26 Oct 2021 13:06:05|24|shashikala@forstarfoods.com|DailyPreProcess.php
26 Oct 2021 13:06:15|20|shiji@forstarfoods.com|PrintPurchaseSettlementMemo.php
26 Oct 2021 13:06:56|20|shiji@forstarfoods.com|PurchaseReport.php
26 Oct 2021 13:07:01|20|shiji@forstarfoods.com|PrintPurchaseSettlementMemo.php
26 Oct 2021 13:07:13|20|shiji@forstarfoods.com|PrintPurchaseSettlementMemo.php
26 Oct 2021 13:07:29|20|shiji@forstarfoods.com|PurchaseReport.php
26 Oct 2021 13:07:43|20|shiji@forstarfoods.com|PrintPurchaseSettlementMemo.php
26 Oct 2021 13:07:48|20|shiji@forstarfoods.com|PrintPurchaseSettlementMemo.php
26 Oct 2021 13:07:57|20|shiji@forstarfoods.com|PurchaseReport.php
26 Oct 2021 13:08:04|24|shashikala@forstarfoods.com|DailyPreProcess.php
26 Oct 2021 13:08:10|24|shashikala@forstarfoods.com|DailyPreProcess.php
26 Oct 2021 13:08:12|24|shashikala@forstarfoods.com|DailyPreProcess.php
26 Oct 2021 13:08:12|20|shiji@forstarfoods.com|PrintPurchaseSettlementMemo.php
26 Oct 2021 13:08:14|24|shashikala@forstarfoods.com|DailyPreProcess.php
26 Oct 2021 13:08:18|24|shashikala@forstarfoods.com|DailyPreProcess.php
26 Oct 2021 13:08:19|24|shashikala@forstarfoods.com|DailyPreProcess.php
26 Oct 2021 13:08:34|20|shiji@forstarfoods.com|PrintPurchaseSettlementMemo.php
26 Oct 2021 13:09:06|20|shiji@forstarfoods.com|PurchaseReport.php
26 Oct 2021 13:09:08|24|shashikala@forstarfoods.com|DailyPreProcess.php
26 Oct 2021 13:09:10|20|shiji@forstarfoods.com|PrintPurchaseSettlementMemo.php
26 Oct 2021 13:09:15|24|shashikala@forstarfoods.com|DailyPreProcess.php
26 Oct 2021 13:09:17|20|shiji@forstarfoods.com|PrintPurchaseSettlementMemo.php
26 Oct 2021 13:09:18|24|shashikala@forstarfoods.com|DailyPreProcess.php
26 Oct 2021 13:09:19|24|shashikala@forstarfoods.com|DailyPreProcess.php
26 Oct 2021 13:09:48|20|shiji@forstarfoods.com|PurchaseReport.php
26 Oct 2021 13:09:53|20|shiji@forstarfoods.com|PrintPurchaseSettlementMemo.php
26 Oct 2021 13:10:05|20|shiji@forstarfoods.com|PrintPurchaseSettlementMemo.php
26 Oct 2021 13:11:10|20|shiji@forstarfoods.com|PurchaseReport.php
26 Oct 2021 13:11:13|20|shiji@forstarfoods.com|PrintPurchaseSettlementMemo.php
26 Oct 2021 13:11:25|20|shiji@forstarfoods.com|PrintPurchaseSettlementMemo.php
26 Oct 2021 13:11:29|20|shiji@forstarfoods.com|DailyCatchEntry_New.php
26 Oct 2021 13:11:30|20|shiji@forstarfoods.com|DailyCatchEntry_New.php
26 Oct 2021 13:11:32|20|shiji@forstarfoods.com|DailyCatchEntry_New.php
26 Oct 2021 13:11:32|20|shiji@forstarfoods.com|DailyCatchEntry_New.php
26 Oct 2021 13:11:32|20|shiji@forstarfoods.com|DailyCatchEntry_New.php
26 Oct 2021 13:11:32|20|shiji@forstarfoods.com|CatchEntryDeclaredItem.php
26 Oct 2021 13:11:33|20|shiji@forstarfoods.com|DailyCatchEntry_New.php
26 Oct 2021 13:15:57|24|shashikala@forstarfoods.com|DailyPreProcess.php
26 Oct 2021 13:16:02|24|shashikala@forstarfoods.com|DailyPreProcess.php
26 Oct 2021 13:16:07|24|shashikala@forstarfoods.com|DailyPreProcess.php
26 Oct 2021 13:16:29|24|shashikala@forstarfoods.com|DailyPreProcess.php
26 Oct 2021 13:16:30|24|shashikala@forstarfoods.com|DailyPreProcess.php
26 Oct 2021 13:16:32|20|shiji@forstarfoods.com|DailyCatchEntry_New.php
26 Oct 2021 13:19:40|10|moni@forstarfoods.com|Home.php
26 Oct 2021 13:19:48|10|moni@forstarfoods.com|ManageChallan.php
26 Oct 2021 13:19:51|10|moni@forstarfoods.com|ManageChallan.php
26 Oct 2021 13:19:55|10|moni@forstarfoods.com|ManageChallan.php
26 Oct 2021 13:20:00|10|moni@forstarfoods.com|ManageChallan.php
26 Oct 2021 13:20:03|10|moni@forstarfoods.com|ManageChallan.php
26 Oct 2021 13:20:24|24|shashikala@forstarfoods.com|DailyPreProcess.php
26 Oct 2021 13:20:35|24|shashikala@forstarfoods.com|DailyPreProcess.php
26 Oct 2021 13:20:37|24|shashikala@forstarfoods.com|DailyPreProcess.php
26 Oct 2021 13:20:40|24|shashikala@forstarfoods.com|DailyPreProcess.php
26 Oct 2021 13:20:41|24|shashikala@forstarfoods.com|DailyPreProcess.php
26 Oct 2021 13:21:18|10|moni@forstarfoods.com|ManageChallan.php
26 Oct 2021 13:21:21|10|moni@forstarfoods.com|ManageChallan.php
26 Oct 2021 13:21:22|24|shashikala@forstarfoods.com|DailyPreProcess.php
26 Oct 2021 13:21:26|10|moni@forstarfoods.com|DailyCatchEntry_New.php
26 Oct 2021 13:21:29|10|moni@forstarfoods.com|DailyCatchEntry_New.php
26 Oct 2021 13:21:30|24|shashikala@forstarfoods.com|Home.php
26 Oct 2021 13:21:30|10|moni@forstarfoods.com|DailyCatchEntry_New.php
26 Oct 2021 13:21:31|10|moni@forstarfoods.com|DailyCatchEntry_New.php
26 Oct 2021 13:21:31|10|moni@forstarfoods.com|DailyCatchEntry_New.php
26 Oct 2021 13:21:31|10|moni@forstarfoods.com|CatchEntryDeclaredItem.php
26 Oct 2021 13:21:32|10|moni@forstarfoods.com|DailyCatchEntry_New.php
26 Oct 2021 13:21:32|20|shiji@forstarfoods.com|DailyCatchEntry_New.php
26 Oct 2021 13:21:36|24|shashikala@forstarfoods.com|Home.php
26 Oct 2021 13:21:37|10|moni@forstarfoods.com|DailyCatchEntry_New.php
26 Oct 2021 13:21:37|10|moni@forstarfoods.com|DailyCatchEntry_New.php
26 Oct 2021 13:21:38|10|moni@forstarfoods.com|DailyCatchEntry_New.php
26 Oct 2021 13:21:38|10|moni@forstarfoods.com|DailyCatchEntry_New.php
26 Oct 2021 13:21:38|10|moni@forstarfoods.com|DailyCatchEntry_New.php
26 Oct 2021 13:21:41|10|moni@forstarfoods.com|DailyCatchEntry_New.php
26 Oct 2021 13:21:42|10|moni@forstarfoods.com|DailyCatchEntry_New.php
26 Oct 2021 13:21:42|10|moni@forstarfoods.com|DailyCatchEntry_New.php
26 Oct 2021 13:21:42|24|shashikala@forstarfoods.com|DailyRMCB.php
26 Oct 2021 13:21:45|10|moni@forstarfoods.com|DailyCatchEntry_New.php
26 Oct 2021 13:21:48|10|moni@forstarfoods.com|DailyCatchEntry_New.php
26 Oct 2021 13:21:49|10|moni@forstarfoods.com|CatchEntryDeclaredItem.php
26 Oct 2021 13:21:49|24|shashikala@forstarfoods.com|DailyRMCB.php
26 Oct 2021 13:21:52|24|shashikala@forstarfoods.com|DailyRMCB.php
26 Oct 2021 13:21:58|24|shashikala@forstarfoods.com|DailyRMCB.php
26 Oct 2021 13:22:02|24|shashikala@forstarfoods.com|DailyRMCB.php
26 Oct 2021 13:22:49|10|moni@forstarfoods.com|DailyCatchEntry_New.php
26 Oct 2021 13:22:50|10|moni@forstarfoods.com|DailyCatchEntry_New.php
26 Oct 2021 13:23:03|24|shashikala@forstarfoods.com|DailyRMCB.php
26 Oct 2021 13:23:07|24|shashikala@forstarfoods.com|DailyRMCB.php
26 Oct 2021 13:23:11|24|shashikala@forstarfoods.com|DailyRMCB.php
26 Oct 2021 13:23:53|10|moni@forstarfoods.com|PlantsandUnits.php
26 Oct 2021 13:24:03|10|moni@forstarfoods.com|PlantsandUnits.php
26 Oct 2021 13:24:06|10|moni@forstarfoods.com|PlantsandUnits.php
26 Oct 2021 13:24:15|20|shiji@forstarfoods.com|DailyCatchReport.php
26 Oct 2021 13:24:18|20|shiji@forstarfoods.com|DailyCatchEntry_New.php
26 Oct 2021 13:24:20|20|shiji@forstarfoods.com|DailyCatchEntry_New.php
26 Oct 2021 13:24:21|20|shiji@forstarfoods.com|DailyCatchEntry_New.php
26 Oct 2021 13:24:21|20|shiji@forstarfoods.com|DailyCatchEntry_New.php
26 Oct 2021 13:24:21|20|shiji@forstarfoods.com|DailyCatchEntry_New.php
26 Oct 2021 13:24:22|20|shiji@forstarfoods.com|CatchEntryDeclaredItem.php
26 Oct 2021 13:24:22|20|shiji@forstarfoods.com|DailyCatchEntry_New.php
26 Oct 2021 13:24:24|20|shiji@forstarfoods.com|DailyCatchEntry_New.php
26 Oct 2021 13:24:25|20|shiji@forstarfoods.com|DailyCatchEntry_New.php
26 Oct 2021 13:24:25|20|shiji@forstarfoods.com|DailyCatchEntry_New.php
26 Oct 2021 13:24:25|20|shiji@forstarfoods.com|DailyCatchEntry_New.php
26 Oct 2021 13:24:26|20|shiji@forstarfoods.com|DailyCatchEntry_New.php
26 Oct 2021 13:24:27|20|shiji@forstarfoods.com|DailyCatchEntry_New.php
26 Oct 2021 13:24:27|20|shiji@forstarfoods.com|DailyCatchEntry_New.php
26 Oct 2021 13:24:28|20|shiji@forstarfoods.com|DailyCatchEntry_New.php
26 Oct 2021 13:24:50|10|moni@forstarfoods.com|PlantsandUnits.php
26 Oct 2021 13:25:00|10|moni@forstarfoods.com|PlantsandUnits.php
26 Oct 2021 13:25:01|10|moni@forstarfoods.com|PlantsandUnits.php
26 Oct 2021 13:25:10|10|moni@forstarfoods.com|BillingCompanyMaster.php
26 Oct 2021 13:25:18|10|moni@forstarfoods.com|BillingCompanyMaster.php
26 Oct 2021 13:25:21|10|moni@forstarfoods.com|BillingCompanyMaster.php
26 Oct 2021 13:25:29|10|moni@forstarfoods.com|BillingCompanyMaster.php
26 Oct 2021 13:25:45|10|moni@forstarfoods.com|BillingCompanyMaster.php
26 Oct 2021 13:25:48|10|moni@forstarfoods.com|BillingCompanyMaster.php
26 Oct 2021 13:25:59|10|moni@forstarfoods.com|BillingCompanyMaster.php
26 Oct 2021 13:26:02|10|moni@forstarfoods.com|BillingCompanyMaster.php
26 Oct 2021 13:26:07|10|moni@forstarfoods.com|PlantsandUnits.php
26 Oct 2021 13:26:16|10|moni@forstarfoods.com|PlantsandUnits.php
26 Oct 2021 13:26:33|10|moni@forstarfoods.com|PlantsandUnits.php
26 Oct 2021 13:26:35|10|moni@forstarfoods.com|PlantsandUnits.php
26 Oct 2021 13:26:44|10|moni@forstarfoods.com|PlantsandUnits.php
26 Oct 2021 13:26:46|10|moni@forstarfoods.com|PlantsandUnits.php
26 Oct 2021 13:28:10|10|moni@forstarfoods.com|DailyCatchSummary.php
26 Oct 2021 13:28:13|10|moni@forstarfoods.com|DailyCatchSummary.php
26 Oct 2021 13:28:23|10|moni@forstarfoods.com|DailyCatchSummary.php
26 Oct 2021 13:29:09|10|moni@forstarfoods.com|DailyCatchSummary.php
26 Oct 2021 13:29:17|10|moni@forstarfoods.com|DailyCatchSummary.php
26 Oct 2021 13:29:21|20|shiji@forstarfoods.com|DailyCatchEntry_New.php
26 Oct 2021 13:29:22|10|moni@forstarfoods.com|DailyCatchSummary.php
26 Oct 2021 13:29:30|10|moni@forstarfoods.com|DailyCatchSummary.php
26 Oct 2021 13:30:34|10|moni@forstarfoods.com|ManageChallan.php
26 Oct 2021 13:30:38|24|shashikala@forstarfoods.com|DailyRMCB.php
26 Oct 2021 13:30:40|10|moni@forstarfoods.com|ManageChallan.php
26 Oct 2021 13:30:48|10|moni@forstarfoods.com|ManageChallan.php
26 Oct 2021 13:31:22|10|moni@forstarfoods.com|Home.php
26 Oct 2021 13:31:27|24|shashikala@forstarfoods.com|DailyRMCB.php
26 Oct 2021 13:31:31|24|shashikala@forstarfoods.com|DailyRMCB.php
26 Oct 2021 13:31:36|24|shashikala@forstarfoods.com|Home.php
26 Oct 2021 13:31:38|24|shashikala@forstarfoods.com|Home.php
26 Oct 2021 13:31:43|24|shashikala@forstarfoods.com|DailyPreProcess.php
26 Oct 2021 13:32:02|24|shashikala@forstarfoods.com|DailyPreProcess.php
26 Oct 2021 13:32:18|24|shashikala@forstarfoods.com|DailyPreProcess.php
26 Oct 2021 13:32:21|24|shashikala@forstarfoods.com|DailyPreProcess.php
26 Oct 2021 13:32:22|24|shashikala@forstarfoods.com|DailyPreProcess.php
26 Oct 2021 13:42:38|24|shashikala@forstarfoods.com|DailyPreProcess.php
26 Oct 2021 13:43:44|24|shashikala@forstarfoods.com|DailyPreProcess.php
26 Oct 2021 13:43:47|24|shashikala@forstarfoods.com|DailyPreProcess.php
26 Oct 2021 13:44:16|24|shashikala@forstarfoods.com|DailyPreProcess.php
26 Oct 2021 13:44:17|24|shashikala@forstarfoods.com|DailyPreProcess.php
26 Oct 2021 13:45:05|24|shashikala@forstarfoods.com|DailyPreProcess.php
26 Oct 2021 13:45:11|24|shashikala@forstarfoods.com|DailyPreProcess.php
26 Oct 2021 13:45:12|24|shashikala@forstarfoods.com|DailyPreProcess.php
26 Oct 2021 13:45:16|24|shashikala@forstarfoods.com|DailyPreProcess.php
26 Oct 2021 13:45:17|24|shashikala@forstarfoods.com|DailyPreProcess.php
26 Oct 2021 13:45:54|24|shashikala@forstarfoods.com|DailyPreProcess.php
26 Oct 2021 13:46:01|24|shashikala@forstarfoods.com|DailyPreProcess.php
26 Oct 2021 13:46:03|24|shashikala@forstarfoods.com|DailyPreProcess.php
26 Oct 2021 13:46:07|24|shashikala@forstarfoods.com|DailyPreProcess.php
26 Oct 2021 13:46:08|24|shashikala@forstarfoods.com|DailyPreProcess.php
26 Oct 2021 13:49:50|24|shashikala@forstarfoods.com|DailyPreProcess.php
26 Oct 2021 13:50:19|24|shashikala@forstarfoods.com|DailyRMCB.php
26 Oct 2021 13:50:25|24|shashikala@forstarfoods.com|DailyRMCB.php
26 Oct 2021 13:50:29|24|shashikala@forstarfoods.com|DailyRMCB.php
26 Oct 2021 13:50:37|24|shashikala@forstarfoods.com|DailyRMCB.php
26 Oct 2021 13:50:41|24|shashikala@forstarfoods.com|DailyRMCB.php
26 Oct 2021 13:51:42|24|shashikala@forstarfoods.com|DailyRMCB.php
26 Oct 2021 13:51:46|24|shashikala@forstarfoods.com|DailyRMCB.php
26 Oct 2021 13:51:50|24|shashikala@forstarfoods.com|DailyRMCB.php
26 Oct 2021 13:52:02|24|shashikala@forstarfoods.com|DailyRMCB.php
26 Oct 2021 13:52:50|24|shashikala@forstarfoods.com|DailyRMCB.php
26 Oct 2021 13:52:54|24|shashikala@forstarfoods.com|DailyRMCB.php
26 Oct 2021 13:52:59|24|shashikala@forstarfoods.com|Home.php
26 Oct 2021 13:53:02|24|shashikala@forstarfoods.com|Home.php
26 Oct 2021 13:53:07|24|shashikala@forstarfoods.com|Home.php
26 Oct 2021 13:53:14|24|shashikala@forstarfoods.com|DailyPreProcess.php
26 Oct 2021 13:57:34|24|shashikala@forstarfoods.com|DailyPreProcess.php
26 Oct 2021 13:57:39|24|shashikala@forstarfoods.com|DailyPreProcess.php
26 Oct 2021 13:57:42|24|shashikala@forstarfoods.com|DailyPreProcess.php
26 Oct 2021 13:57:43|24|shashikala@forstarfoods.com|DailyPreProcess.php
26 Oct 2021 13:59:54|20|shiji@forstarfoods.com|Home.php
26 Oct 2021 14:00:01|20|shiji@forstarfoods.com|DailyCatchEntry_New.php
26 Oct 2021 14:00:03|20|shiji@forstarfoods.com|DailyCatchEntry_New.php
26 Oct 2021 14:00:04|20|shiji@forstarfoods.com|DailyCatchEntry_New.php
26 Oct 2021 14:00:04|20|shiji@forstarfoods.com|DailyCatchEntry_New.php
26 Oct 2021 14:00:05|20|shiji@forstarfoods.com|DailyCatchEntry_New.php
26 Oct 2021 14:00:05|20|shiji@forstarfoods.com|CatchEntryDeclaredItem.php
26 Oct 2021 14:00:05|20|shiji@forstarfoods.com|DailyCatchEntry_New.php
26 Oct 2021 14:00:08|20|shiji@forstarfoods.com|DailyCatchEntry_New.php
26 Oct 2021 14:00:08|20|shiji@forstarfoods.com|DailyCatchEntry_New.php
26 Oct 2021 14:00:09|20|shiji@forstarfoods.com|DailyCatchEntry_New.php
26 Oct 2021 14:00:09|20|shiji@forstarfoods.com|DailyCatchEntry_New.php
26 Oct 2021 14:00:09|20|shiji@forstarfoods.com|DailyCatchEntry_New.php
26 Oct 2021 14:00:12|20|shiji@forstarfoods.com|DailyCatchEntry_New.php
26 Oct 2021 14:00:12|20|shiji@forstarfoods.com|DailyCatchEntry_New.php
26 Oct 2021 14:00:12|20|shiji@forstarfoods.com|DailyCatchEntry_New.php
26 Oct 2021 14:01:28|24|shashikala@forstarfoods.com|Home.php
26 Oct 2021 14:04:53|20|shiji@forstarfoods.com|DailyCatchEntry_New.php
26 Oct 2021 14:04:56|20|shiji@forstarfoods.com|DailyCatchEntry_New.php
26 Oct 2021 14:04:57|20|shiji@forstarfoods.com|CatchEntryDeclaredItem.php
26 Oct 2021 14:05:04|20|shiji@forstarfoods.com|DailyCatchEntry_New.php
26 Oct 2021 14:05:21|20|shiji@forstarfoods.com|DailyCatchEntry_New.php
26 Oct 2021 14:05:30|20|shiji@forstarfoods.com|DailyCatchEntry_New.php
26 Oct 2021 14:05:30|20|shiji@forstarfoods.com|DailyCatchEntry_New.php
26 Oct 2021 14:05:39|20|shiji@forstarfoods.com|DailyCatchEntry_New.php
26 Oct 2021 14:05:47|20|shiji@forstarfoods.com|DailyCatchEntry_New.php
26 Oct 2021 14:06:08|20|shiji@forstarfoods.com|DailyCatchEntry_New.php
26 Oct 2021 14:06:22|20|shiji@forstarfoods.com|DailyCatchEntry_New.php
26 Oct 2021 14:06:23|20|shiji@forstarfoods.com|DailyCatchEntry_New.php
26 Oct 2021 14:06:25|20|shiji@forstarfoods.com|CatchEntryDeclaredItem.php
26 Oct 2021 14:06:28|20|shiji@forstarfoods.com|DailyCatchReport.php
26 Oct 2021 14:06:34|20|shiji@forstarfoods.com|DailyCatchReport.php
26 Oct 2021 14:06:38|20|shiji@forstarfoods.com|DailyCatchReport.php
26 Oct 2021 14:06:39|20|shiji@forstarfoods.com|DailyCatchReport.php
26 Oct 2021 14:06:40|20|shiji@forstarfoods.com|DailyCatchReport.php
26 Oct 2021 14:06:41|20|shiji@forstarfoods.com|DailyCatchReport.php
26 Oct 2021 14:06:42|20|shiji@forstarfoods.com|PrintDailyCatchReportMemo.php
26 Oct 2021 14:07:49|10|moni@forstarfoods.com|Home.php
26 Oct 2021 14:08:08|10|moni@forstarfoods.com|ManageUsers.php
26 Oct 2021 14:08:18|10|moni@forstarfoods.com|ManageUsers.php
26 Oct 2021 14:08:37|10|moni@forstarfoods.com|ManageUsers.php
26 Oct 2021 14:08:37|10|moni@forstarfoods.com|ManageUsers.php
26 Oct 2021 14:08:42|10|moni@forstarfoods.com|ManageUsers.php
26 Oct 2021 14:08:48|10|moni@forstarfoods.com|ManageUsers.php
26 Oct 2021 14:08:54|10|moni@forstarfoods.com|ManageUsers.php
26 Oct 2021 14:08:57|10|moni@forstarfoods.com|ManageUsers.php
26 Oct 2021 14:09:12|10|moni@forstarfoods.com|ManageUsers.php
26 Oct 2021 14:09:24|10|moni@forstarfoods.com|ManageUsers.php
26 Oct 2021 14:09:28|20|shiji@forstarfoods.com|DailyCatchEntry_New.php
26 Oct 2021 14:09:33|20|shiji@forstarfoods.com|DailyCatchEntry_New.php
26 Oct 2021 14:09:33|20|shiji@forstarfoods.com|DailyCatchEntry_New.php
26 Oct 2021 14:09:33|20|shiji@forstarfoods.com|DailyCatchEntry_New.php
26 Oct 2021 14:09:34|10|moni@forstarfoods.com|ManageUsers.php
26 Oct 2021 14:09:40|20|shiji@forstarfoods.com|DailyCatchEntry_New.php
26 Oct 2021 14:09:41|20|shiji@forstarfoods.com|DailyCatchEntry_New.php
26 Oct 2021 14:09:41|20|shiji@forstarfoods.com|DailyCatchEntry_New.php
26 Oct 2021 14:09:45|20|shiji@forstarfoods.com|DailyCatchEntry_New.php
26 Oct 2021 14:09:49|20|shiji@forstarfoods.com|DailyCatchEntry_New.php
26 Oct 2021 14:09:49|20|shiji@forstarfoods.com|DailyCatchEntry_New.php
26 Oct 2021 14:09:50|20|shiji@forstarfoods.com|CatchEntryDeclaredItem.php
26 Oct 2021 14:09:50|20|shiji@forstarfoods.com|DailyCatchEntry_New.php
26 Oct 2021 14:09:50|20|shiji@forstarfoods.com|CatchEntryDeclaredItem.php
26 Oct 2021 14:09:54|20|shiji@forstarfoods.com|DailyCatchEntry_New.php
26 Oct 2021 14:09:54|20|shiji@forstarfoods.com|DailyCatchEntry_New.php
26 Oct 2021 14:09:55|20|shiji@forstarfoods.com|DailyCatchEntry_New.php
26 Oct 2021 14:09:55|20|shiji@forstarfoods.com|DailyCatchEntry_New.php
26 Oct 2021 14:09:55|20|shiji@forstarfoods.com|DailyCatchEntry_New.php
26 Oct 2021 14:09:59|20|shiji@forstarfoods.com|DailyCatchEntry_New.php
26 Oct 2021 14:09:59|20|shiji@forstarfoods.com|DailyCatchEntry_New.php
26 Oct 2021 14:10:00|20|shiji@forstarfoods.com|DailyCatchEntry_New.php
26 Oct 2021 14:10:49|20|shiji@forstarfoods.com|DailyCatchEntry_New.php
26 Oct 2021 14:10:51|20|shiji@forstarfoods.com|DailyCatchEntry_New.php
26 Oct 2021 14:10:54|20|shiji@forstarfoods.com|DailyCatchEntry_New.php
26 Oct 2021 14:11:04|20|shiji@forstarfoods.com|DailyCatchReport.php
26 Oct 2021 14:11:10|20|shiji@forstarfoods.com|DailyCatchReport.php
26 Oct 2021 14:11:15|20|shiji@forstarfoods.com|DailyCatchReport.php
26 Oct 2021 14:11:17|20|shiji@forstarfoods.com|DailyCatchReport.php
26 Oct 2021 14:11:18|20|shiji@forstarfoods.com|DailyCatchReport.php
26 Oct 2021 14:11:18|20|shiji@forstarfoods.com|DailyCatchReport.php
26 Oct 2021 14:11:20|20|shiji@forstarfoods.com|PrintDailyCatchReportMemo.php
26 Oct 2021 14:12:27|20|shiji@forstarfoods.com|DailyCatchEntry_New.php
26 Oct 2021 14:13:03|20|shiji@forstarfoods.com|DailyCatchEntry_New.php
26 Oct 2021 14:13:04|20|shiji@forstarfoods.com|DailyCatchEntry_New.php
26 Oct 2021 14:13:04|20|shiji@forstarfoods.com|DailyCatchEntry_New.php
26 Oct 2021 14:13:05|20|shiji@forstarfoods.com|CatchEntryDeclaredItem.php
26 Oct 2021 14:13:05|20|shiji@forstarfoods.com|DailyCatchEntry_New.php
26 Oct 2021 14:13:05|20|shiji@forstarfoods.com|DailyCatchEntry_New.php
26 Oct 2021 14:13:08|20|shiji@forstarfoods.com|DailyCatchEntry_New.php
26 Oct 2021 14:13:08|20|shiji@forstarfoods.com|DailyCatchEntry_New.php
26 Oct 2021 14:13:08|20|shiji@forstarfoods.com|DailyCatchEntry_New.php
26 Oct 2021 14:13:09|20|shiji@forstarfoods.com|DailyCatchEntry_New.php
26 Oct 2021 14:13:09|20|shiji@forstarfoods.com|DailyCatchEntry_New.php
26 Oct 2021 14:13:10|20|shiji@forstarfoods.com|DailyCatchEntry_New.php
26 Oct 2021 14:13:10|20|shiji@forstarfoods.com|DailyCatchEntry_New.php
26 Oct 2021 14:13:10|20|shiji@forstarfoods.com|DailyCatchEntry_New.php
26 Oct 2021 14:13:16|20|shiji@forstarfoods.com|DailyCatchEntry_New.php
26 Oct 2021 14:13:22|20|shiji@forstarfoods.com|DailyCatchEntry_New.php
26 Oct 2021 14:13:23|20|shiji@forstarfoods.com|CatchEntryDeclaredItem.php
26 Oct 2021 14:13:44|20|shiji@forstarfoods.com|DailyCatchEntry_New.php
26 Oct 2021 14:13:46|20|shiji@forstarfoods.com|DailyCatchEntry_New.php
26 Oct 2021 14:13:46|20|shiji@forstarfoods.com|DailyCatchEntry_New.php
26 Oct 2021 14:13:52|20|shiji@forstarfoods.com|DailyCatchEntry_New.php
26 Oct 2021 14:13:54|20|shiji@forstarfoods.com|DailyCatchEntry_New.php
26 Oct 2021 14:13:58|20|shiji@forstarfoods.com|DailyCatchEntry_New.php
26 Oct 2021 14:14:00|20|shiji@forstarfoods.com|DailyCatchEntry_New.php
26 Oct 2021 14:14:08|20|shiji@forstarfoods.com|DailyCatchEntry_New.php
26 Oct 2021 14:15:40|20|shiji@forstarfoods.com|DailyCatchEntry_New.php
26 Oct 2021 14:18:04|20|shiji@forstarfoods.com|DailyCatchEntry_New.php
26 Oct 2021 14:23:05|20|shiji@forstarfoods.com|DailyCatchEntry_New.php
26 Oct 2021 14:24:09|20|shiji@forstarfoods.com|DailyCatchEntry_New.php
26 Oct 2021 14:24:10|20|shiji@forstarfoods.com|DailyCatchEntry_New.php
26 Oct 2021 14:24:11|20|shiji@forstarfoods.com|CatchEntryDeclaredItem.php
26 Oct 2021 14:24:18|20|shiji@forstarfoods.com|DailyCatchEntry_New.php
26 Oct 2021 14:24:20|20|shiji@forstarfoods.com|DailyCatchEntry_New.php
26 Oct 2021 14:24:23|20|shiji@forstarfoods.com|DailyCatchEntry_New.php
26 Oct 2021 14:26:56|20|shiji@forstarfoods.com|DailyCatchEntry_New.php
26 Oct 2021 14:27:25|20|shiji@forstarfoods.com|DailyCatchEntry_New.php
26 Oct 2021 14:27:29|20|shiji@forstarfoods.com|DailyCatchEntry_New.php
26 Oct 2021 14:27:30|20|shiji@forstarfoods.com|CatchEntryDeclaredItem.php
26 Oct 2021 14:27:37|20|shiji@forstarfoods.com|DailyCatchEntry_New.php
26 Oct 2021 14:27:38|20|shiji@forstarfoods.com|DailyCatchEntry_New.php
26 Oct 2021 14:27:44|20|shiji@forstarfoods.com|DailyCatchEntry_New.php
26 Oct 2021 14:28:05|20|shiji@forstarfoods.com|DailyCatchEntry_New.php
26 Oct 2021 14:28:07|20|shiji@forstarfoods.com|DailyCatchEntry_New.php
26 Oct 2021 14:28:14|20|shiji@forstarfoods.com|DailyCatchEntry_New.php
26 Oct 2021 14:28:15|20|shiji@forstarfoods.com|DailyCatchEntry_New.php
26 Oct 2021 14:28:16|20|shiji@forstarfoods.com|CatchEntryDeclaredItem.php
26 Oct 2021 14:28:22|20|shiji@forstarfoods.com|DailyCatchEntry_New.php