
14 Oct 2021 15:10:50|29|kavitha@forstarfoods.com|DailyCatchEntry_New.php
14 Oct 2021 15:15:51|29|kavitha@forstarfoods.com|DailyCatchEntry_New.php
14 Oct 2021 15:20:52|29|kavitha@forstarfoods.com|DailyCatchEntry_New.php
14 Oct 2021 15:25:46|20|shiji@forstarfoods.com|SupplierAccount.php
14 Oct 2021 15:25:53|29|kavitha@forstarfoods.com|DailyCatchEntry_New.php
14 Oct 2021 15:26:41|20|shiji@forstarfoods.com|SupplierAccount.php
14 Oct 2021 15:26:44|20|shiji@forstarfoods.com|SupplierAccount.php
14 Oct 2021 15:26:47|20|shiji@forstarfoods.com|SupplierAccount.php
14 Oct 2021 15:26:49|20|shiji@forstarfoods.com|SupplierAccount.php
14 Oct 2021 15:27:12|20|shiji@forstarfoods.com|SupplierAccount.php
14 Oct 2021 15:27:28|20|shiji@forstarfoods.com|SupplierAccount.php
14 Oct 2021 15:27:31|20|shiji@forstarfoods.com|SupplierAccount.php
14 Oct 2021 15:27:52|20|shiji@forstarfoods.com|SupplierAccount.php
14 Oct 2021 15:27:55|20|shiji@forstarfoods.com|SupplierAccount.php
14 Oct 2021 15:29:02|20|shiji@forstarfoods.com|SupplierAccount.php
14 Oct 2021 15:29:09|20|shiji@forstarfoods.com|SupplierAccount.php
14 Oct 2021 15:29:20|20|shiji@forstarfoods.com|SupplierAccount.php
14 Oct 2021 15:29:37|20|shiji@forstarfoods.com|SupplierAccount.php
14 Oct 2021 15:29:41|20|shiji@forstarfoods.com|SupplierAccount.php
14 Oct 2021 15:29:52|20|shiji@forstarfoods.com|SupplierAccount.php
14 Oct 2021 15:29:56|20|shiji@forstarfoods.com|SupplierAccount.php
14 Oct 2021 15:30:28|20|shiji@forstarfoods.com|SupplierAccount.php
14 Oct 2021 15:30:35|20|shiji@forstarfoods.com|SupplierAccount.php
14 Oct 2021 15:30:38|20|shiji@forstarfoods.com|SupplierAccount.php
14 Oct 2021 15:30:54|29|kavitha@forstarfoods.com|DailyCatchEntry_New.php
14 Oct 2021 15:30:59|20|shiji@forstarfoods.com|SupplierAccount.php
14 Oct 2021 15:31:04|20|shiji@forstarfoods.com|SupplierAccount.php
14 Oct 2021 15:31:16|20|shiji@forstarfoods.com|SupplierAccount.php
14 Oct 2021 15:31:29|20|shiji@forstarfoods.com|SupplierAccount.php
14 Oct 2021 15:31:33|20|shiji@forstarfoods.com|SupplierAccount.php
14 Oct 2021 15:31:52|20|shiji@forstarfoods.com|SupplierAccount.php
14 Oct 2021 15:31:55|20|shiji@forstarfoods.com|SupplierAccount.php
14 Oct 2021 15:32:17|20|shiji@forstarfoods.com|SupplierAccount.php
14 Oct 2021 15:35:55|29|kavitha@forstarfoods.com|DailyCatchEntry_New.php
14 Oct 2021 15:40:56|29|kavitha@forstarfoods.com|DailyCatchEntry_New.php
14 Oct 2021 15:43:13|20|shiji@forstarfoods.com|SupplierAccount.php
14 Oct 2021 15:45:57|29|kavitha@forstarfoods.com|DailyCatchEntry_New.php
14 Oct 2021 15:47:37|20|shiji@forstarfoods.com|DailyCatchReport.php
14 Oct 2021 15:47:44|20|shiji@forstarfoods.com|DailyCatchReport.php
14 Oct 2021 15:47:47|20|shiji@forstarfoods.com|DailyCatchReport.php
14 Oct 2021 15:47:48|20|shiji@forstarfoods.com|DailyCatchReport.php
14 Oct 2021 15:47:49|20|shiji@forstarfoods.com|DailyCatchReport.php
14 Oct 2021 15:47:51|20|shiji@forstarfoods.com|DailyCatchReport.php
14 Oct 2021 15:47:52|20|shiji@forstarfoods.com|DailyCatchReport.php
14 Oct 2021 15:47:52|20|shiji@forstarfoods.com|DailyCatchReport.php
14 Oct 2021 15:47:54|20|shiji@forstarfoods.com|PrintDailyCatchReportMemo.php
14 Oct 2021 15:48:38|20|shiji@forstarfoods.com|PurchaseReport.php
14 Oct 2021 15:48:47|20|shiji@forstarfoods.com|PurchaseReport.php
14 Oct 2021 15:48:52|20|shiji@forstarfoods.com|PrintPurchaseSettlementMemo.php
14 Oct 2021 15:49:14|20|shiji@forstarfoods.com|PurchaseReport.php
14 Oct 2021 15:49:17|20|shiji@forstarfoods.com|PrintPurchaseSettlementMemo.php
14 Oct 2021 15:49:56|20|shiji@forstarfoods.com|PurchaseReport.php
14 Oct 2021 15:50:03|20|shiji@forstarfoods.com|PrintPurchaseSettlementMemo.php
14 Oct 2021 15:50:58|29|kavitha@forstarfoods.com|DailyCatchEntry_New.php
14 Oct 2021 15:55:59|29|kavitha@forstarfoods.com|DailyCatchEntry_New.php
14 Oct 2021 16:01:00|29|kavitha@forstarfoods.com|DailyCatchEntry_New.php
14 Oct 2021 16:06:01|29|kavitha@forstarfoods.com|DailyCatchEntry_New.php
14 Oct 2021 16:11:03|29|kavitha@forstarfoods.com|DailyCatchEntry_New.php
14 Oct 2021 16:16:04|29|kavitha@forstarfoods.com|DailyCatchEntry_New.php
14 Oct 2021 16:21:05|29|kavitha@forstarfoods.com|DailyCatchEntry_New.php
14 Oct 2021 16:26:06|29|kavitha@forstarfoods.com|DailyCatchEntry_New.php
14 Oct 2021 16:31:07|29|kavitha@forstarfoods.com|DailyCatchEntry_New.php
14 Oct 2021 16:33:39|20|shiji@forstarfoods.com|DailyCatchReport.php
14 Oct 2021 16:33:49|20|shiji@forstarfoods.com|DailyCatchReport.php
14 Oct 2021 16:33:52|20|shiji@forstarfoods.com|DailyCatchReport.php
14 Oct 2021 16:33:53|20|shiji@forstarfoods.com|DailyCatchReport.php
14 Oct 2021 16:33:53|20|shiji@forstarfoods.com|DailyCatchReport.php
14 Oct 2021 16:33:56|20|shiji@forstarfoods.com|PrintDailyCatchReportMemo.php
14 Oct 2021 16:34:20|20|shiji@forstarfoods.com|PrintDailyCatchReportMemo.php
14 Oct 2021 16:34:43|20|shiji@forstarfoods.com|DailyCatchReport.php
14 Oct 2021 16:34:44|20|shiji@forstarfoods.com|DailyCatchReport.php
14 Oct 2021 16:34:44|20|shiji@forstarfoods.com|DailyCatchReport.php
14 Oct 2021 16:34:49|20|shiji@forstarfoods.com|DailyCatchReport.php
14 Oct 2021 16:34:50|20|shiji@forstarfoods.com|DailyCatchReport.php
14 Oct 2021 16:34:51|20|shiji@forstarfoods.com|DailyCatchReport.php
14 Oct 2021 16:34:52|20|shiji@forstarfoods.com|DailyCatchReport.php
14 Oct 2021 16:34:55|20|shiji@forstarfoods.com|PrintDailyCatchReportMemo.php
14 Oct 2021 16:35:14|20|shiji@forstarfoods.com|PrintDailyCatchReportMemo.php
14 Oct 2021 16:35:56|20|shiji@forstarfoods.com|DailyCatchReport.php
14 Oct 2021 16:35:57|20|shiji@forstarfoods.com|DailyCatchReport.php
14 Oct 2021 16:35:58|20|shiji@forstarfoods.com|DailyCatchReport.php
14 Oct 2021 16:36:08|29|kavitha@forstarfoods.com|DailyCatchEntry_New.php
14 Oct 2021 16:36:14|20|shiji@forstarfoods.com|DailyCatchReport.php
14 Oct 2021 16:36:15|20|shiji@forstarfoods.com|DailyCatchReport.php
14 Oct 2021 16:36:16|20|shiji@forstarfoods.com|DailyCatchReport.php
14 Oct 2021 16:36:16|20|shiji@forstarfoods.com|DailyCatchReport.php
14 Oct 2021 16:36:18|20|shiji@forstarfoods.com|DailyCatchReport.php
14 Oct 2021 16:36:19|20|shiji@forstarfoods.com|DailyCatchReport.php
14 Oct 2021 16:36:19|20|shiji@forstarfoods.com|DailyCatchReport.php
14 Oct 2021 16:36:21|20|shiji@forstarfoods.com|PrintDailyCatchReportMemo.php
14 Oct 2021 16:36:37|20|shiji@forstarfoods.com|PrintDailyCatchReportMemo.php
14 Oct 2021 16:36:58|20|shiji@forstarfoods.com|DailyCatchReport.php
14 Oct 2021 16:37:00|20|shiji@forstarfoods.com|DailyCatchReport.php
14 Oct 2021 16:37:00|20|shiji@forstarfoods.com|DailyCatchReport.php
14 Oct 2021 16:37:03|20|shiji@forstarfoods.com|DailyCatchReport.php
14 Oct 2021 16:37:04|20|shiji@forstarfoods.com|DailyCatchReport.php
14 Oct 2021 16:37:05|20|shiji@forstarfoods.com|DailyCatchReport.php
14 Oct 2021 16:37:26|20|shiji@forstarfoods.com|DailyCatchReport.php
14 Oct 2021 16:37:29|20|shiji@forstarfoods.com|DailyCatchReport.php
14 Oct 2021 16:37:30|20|shiji@forstarfoods.com|DailyCatchReport.php
14 Oct 2021 16:37:30|20|shiji@forstarfoods.com|DailyCatchReport.php
14 Oct 2021 16:37:32|20|shiji@forstarfoods.com|PrintDailyCatchReportMemo.php
14 Oct 2021 16:37:45|20|shiji@forstarfoods.com|DailyCatchEntry_New.php
14 Oct 2021 16:37:48|20|shiji@forstarfoods.com|DailyCatchEntry_New.php
14 Oct 2021 16:37:48|20|shiji@forstarfoods.com|DailyCatchEntry_New.php
14 Oct 2021 16:37:48|20|shiji@forstarfoods.com|DailyCatchEntry_New.php
14 Oct 2021 16:37:50|20|shiji@forstarfoods.com|DailyCatchEntry_New.php
14 Oct 2021 16:37:50|20|shiji@forstarfoods.com|DailyCatchEntry_New.php
14 Oct 2021 16:37:51|20|shiji@forstarfoods.com|DailyCatchEntry_New.php
14 Oct 2021 16:37:58|20|shiji@forstarfoods.com|DailyCatchEntry_New.php
14 Oct 2021 16:38:01|20|shiji@forstarfoods.com|DailyCatchEntry_New.php
14 Oct 2021 16:38:01|20|shiji@forstarfoods.com|DailyCatchEntry_New.php
14 Oct 2021 16:38:02|20|shiji@forstarfoods.com|CatchEntryDeclaredItem.php
14 Oct 2021 16:38:02|20|shiji@forstarfoods.com|DailyCatchEntry_New.php
14 Oct 2021 16:38:03|20|shiji@forstarfoods.com|CatchEntryDeclaredItem.php
14 Oct 2021 16:38:41|20|shiji@forstarfoods.com|DailyCatchEntry_New.php
14 Oct 2021 16:38:43|20|shiji@forstarfoods.com|DailyCatchEntry_New.php
14 Oct 2021 16:38:44|20|shiji@forstarfoods.com|CatchEntryDeclaredItem.php
14 Oct 2021 16:38:54|20|shiji@forstarfoods.com|DailyCatchEntry_New.php
14 Oct 2021 16:38:55|20|shiji@forstarfoods.com|DailyCatchEntry_New.php
14 Oct 2021 16:39:06|20|shiji@forstarfoods.com|DailyCatchEntry_New.php
14 Oct 2021 16:39:09|20|shiji@forstarfoods.com|DailyCatchEntry_New.php
14 Oct 2021 16:39:10|20|shiji@forstarfoods.com|DailyCatchEntry_New.php
14 Oct 2021 16:39:21|20|shiji@forstarfoods.com|DailyCatchReport.php
14 Oct 2021 16:39:29|20|shiji@forstarfoods.com|DailyCatchReport.php
14 Oct 2021 16:39:31|20|shiji@forstarfoods.com|DailyCatchReport.php
14 Oct 2021 16:39:32|20|shiji@forstarfoods.com|DailyCatchReport.php
14 Oct 2021 16:39:32|20|shiji@forstarfoods.com|DailyCatchReport.php
14 Oct 2021 16:39:35|20|shiji@forstarfoods.com|PrintDailyCatchReportMemo.php
14 Oct 2021 16:39:54|20|shiji@forstarfoods.com|PrintDailyCatchReportMemo.php
14 Oct 2021 16:40:17|20|shiji@forstarfoods.com|DailyCatchReport.php
14 Oct 2021 16:40:18|20|shiji@forstarfoods.com|DailyCatchReport.php
14 Oct 2021 16:40:18|20|shiji@forstarfoods.com|DailyCatchReport.php
14 Oct 2021 16:40:22|20|shiji@forstarfoods.com|DailyCatchReport.php
14 Oct 2021 16:40:23|20|shiji@forstarfoods.com|DailyCatchReport.php
14 Oct 2021 16:40:24|20|shiji@forstarfoods.com|DailyCatchReport.php
14 Oct 2021 16:40:25|20|shiji@forstarfoods.com|DailyCatchReport.php
14 Oct 2021 16:40:26|20|shiji@forstarfoods.com|PrintDailyCatchReportMemo.php
14 Oct 2021 16:40:31|20|shiji@forstarfoods.com|PrintDailyCatchReportMemo.php
14 Oct 2021 16:40:52|20|shiji@forstarfoods.com|DailyCatchReport.php
14 Oct 2021 16:40:53|20|shiji@forstarfoods.com|DailyCatchReport.php
14 Oct 2021 16:40:54|20|shiji@forstarfoods.com|DailyCatchReport.php
14 Oct 2021 16:41:01|20|shiji@forstarfoods.com|DailyCatchReport.php
14 Oct 2021 16:41:02|20|shiji@forstarfoods.com|DailyCatchReport.php
14 Oct 2021 16:41:03|20|shiji@forstarfoods.com|DailyCatchReport.php
14 Oct 2021 16:41:03|20|shiji@forstarfoods.com|DailyCatchReport.php
14 Oct 2021 16:41:05|20|shiji@forstarfoods.com|PrintDailyCatchReportMemo.php
14 Oct 2021 16:41:09|29|kavitha@forstarfoods.com|DailyCatchEntry_New.php
14 Oct 2021 16:41:12|20|shiji@forstarfoods.com|PrintDailyCatchReportMemo.php
14 Oct 2021 16:41:32|20|shiji@forstarfoods.com|DailyCatchReport.php
14 Oct 2021 16:41:33|20|shiji@forstarfoods.com|DailyCatchReport.php
14 Oct 2021 16:41:33|20|shiji@forstarfoods.com|DailyCatchReport.php
14 Oct 2021 16:41:36|20|shiji@forstarfoods.com|DailyCatchReport.php
14 Oct 2021 16:41:37|20|shiji@forstarfoods.com|DailyCatchReport.php
14 Oct 2021 16:41:38|20|shiji@forstarfoods.com|DailyCatchReport.php
14 Oct 2021 16:41:38|20|shiji@forstarfoods.com|DailyCatchReport.php
14 Oct 2021 16:41:40|20|shiji@forstarfoods.com|PrintDailyCatchReportMemo.php
14 Oct 2021 16:41:46|20|shiji@forstarfoods.com|PrintDailyCatchReportMemo.php
14 Oct 2021 16:42:06|20|shiji@forstarfoods.com|DailyCatchReport.php
14 Oct 2021 16:42:07|20|shiji@forstarfoods.com|DailyCatchReport.php
14 Oct 2021 16:42:07|20|shiji@forstarfoods.com|DailyCatchReport.php
14 Oct 2021 16:42:12|20|shiji@forstarfoods.com|DailyCatchReport.php
14 Oct 2021 16:42:13|20|shiji@forstarfoods.com|DailyCatchReport.php
14 Oct 2021 16:42:14|20|shiji@forstarfoods.com|DailyCatchReport.php
14 Oct 2021 16:42:19|20|shiji@forstarfoods.com|DailyCatchEntry_New.php
14 Oct 2021 16:42:21|20|shiji@forstarfoods.com|DailyCatchEntry_New.php
14 Oct 2021 16:42:22|20|shiji@forstarfoods.com|DailyCatchEntry_New.php
14 Oct 2021 16:42:23|20|shiji@forstarfoods.com|DailyCatchEntry_New.php
14 Oct 2021 16:42:23|20|shiji@forstarfoods.com|DailyCatchEntry_New.php
14 Oct 2021 16:42:23|20|shiji@forstarfoods.com|CatchEntryDeclaredItem.php
14 Oct 2021 16:42:24|20|shiji@forstarfoods.com|DailyCatchEntry_New.php
14 Oct 2021 16:42:25|20|shiji@forstarfoods.com|DailyCatchEntry_New.php
14 Oct 2021 16:42:26|20|shiji@forstarfoods.com|DailyCatchEntry_New.php
14 Oct 2021 16:42:26|20|shiji@forstarfoods.com|DailyCatchEntry_New.php
14 Oct 2021 16:42:26|20|shiji@forstarfoods.com|DailyCatchEntry_New.php
14 Oct 2021 16:42:27|20|shiji@forstarfoods.com|DailyCatchEntry_New.php
14 Oct 2021 16:42:28|20|shiji@forstarfoods.com|DailyCatchEntry_New.php
14 Oct 2021 16:42:28|20|shiji@forstarfoods.com|DailyCatchEntry_New.php
14 Oct 2021 16:42:28|20|shiji@forstarfoods.com|DailyCatchEntry_New.php
14 Oct 2021 16:42:33|20|shiji@forstarfoods.com|DailyCatchEntry_New.php
14 Oct 2021 16:42:36|20|shiji@forstarfoods.com|DailyCatchEntry_New.php
14 Oct 2021 16:42:36|20|shiji@forstarfoods.com|CatchEntryDeclaredItem.php
14 Oct 2021 16:42:48|20|shiji@forstarfoods.com|DailyCatchEntry_New.php
14 Oct 2021 16:42:48|20|shiji@forstarfoods.com|DailyCatchEntry_New.php
14 Oct 2021 16:42:48|20|shiji@forstarfoods.com|DailyCatchEntry_New.php
14 Oct 2021 16:42:48|20|shiji@forstarfoods.com|DailyCatchEntry_New.php
14 Oct 2021 16:42:49|20|shiji@forstarfoods.com|DailyCatchEntry_New.php
14 Oct 2021 16:42:49|20|shiji@forstarfoods.com|DailyCatchEntry_New.php
14 Oct 2021 16:43:08|20|shiji@forstarfoods.com|DailyCatchEntry_New.php
14 Oct 2021 16:43:09|20|shiji@forstarfoods.com|DailyCatchEntry_New.php
14 Oct 2021 16:43:11|20|shiji@forstarfoods.com|DailyCatchEntry_New.php
14 Oct 2021 16:43:15|20|shiji@forstarfoods.com|DailyCatchEntry_New.php
14 Oct 2021 16:43:16|20|shiji@forstarfoods.com|DailyCatchEntry_New.php
14 Oct 2021 16:43:16|20|shiji@forstarfoods.com|DailyCatchEntry_New.php
14 Oct 2021 16:43:16|20|shiji@forstarfoods.com|DailyCatchEntry_New.php
14 Oct 2021 16:43:16|20|shiji@forstarfoods.com|DailyCatchEntry_New.php
14 Oct 2021 16:43:17|20|shiji@forstarfoods.com|DailyCatchEntry_New.php
14 Oct 2021 16:43:17|20|shiji@forstarfoods.com|DailyCatchEntry_New.php
14 Oct 2021 16:43:17|20|shiji@forstarfoods.com|DailyCatchEntry_New.php
14 Oct 2021 16:43:18|20|shiji@forstarfoods.com|DailyCatchEntry_New.php
14 Oct 2021 16:43:19|20|shiji@forstarfoods.com|DailyCatchEntry_New.php
14 Oct 2021 16:43:23|20|shiji@forstarfoods.com|DailyCatchEntry_New.php
14 Oct 2021 16:43:26|20|shiji@forstarfoods.com|DailyCatchEntry_New.php
14 Oct 2021 16:43:28|20|shiji@forstarfoods.com|CatchEntryDeclaredItem.php
14 Oct 2021 16:43:31|20|shiji@forstarfoods.com|DailyCatchReport.php
14 Oct 2021 16:43:36|20|shiji@forstarfoods.com|DailyCatchReport.php
14 Oct 2021 16:43:38|20|shiji@forstarfoods.com|DailyCatchReport.php
14 Oct 2021 16:43:39|20|shiji@forstarfoods.com|DailyCatchReport.php
14 Oct 2021 16:43:40|20|shiji@forstarfoods.com|DailyCatchReport.php
14 Oct 2021 16:43:41|20|shiji@forstarfoods.com|PrintDailyCatchReportMemo.php
14 Oct 2021 16:44:06|20|shiji@forstarfoods.com|PrintDailyCatchReportMemo.php
14 Oct 2021 16:44:37|20|shiji@forstarfoods.com|DailyCatchReport.php
14 Oct 2021 16:44:38|20|shiji@forstarfoods.com|DailyCatchReport.php
14 Oct 2021 16:44:38|20|shiji@forstarfoods.com|DailyCatchReport.php
14 Oct 2021 16:46:10|29|kavitha@forstarfoods.com|DailyCatchEntry_New.php
14 Oct 2021 16:51:11|29|kavitha@forstarfoods.com|DailyCatchEntry_New.php
14 Oct 2021 16:56:12|29|kavitha@forstarfoods.com|DailyCatchEntry_New.php
14 Oct 2021 16:58:47|20|shiji@forstarfoods.com|SupplierAccount.php
14 Oct 2021 16:59:17|20|shiji@forstarfoods.com|SupplierAccount.php
14 Oct 2021 16:59:24|20|shiji@forstarfoods.com|SupplierAccount.php
14 Oct 2021 16:59:27|20|shiji@forstarfoods.com|SupplierAccount.php
14 Oct 2021 16:59:30|20|shiji@forstarfoods.com|SupplierAccount.php
14 Oct 2021 16:59:55|20|shiji@forstarfoods.com|SupplierAccount.php
14 Oct 2021 16:59:59|20|shiji@forstarfoods.com|SupplierAccount.php
14 Oct 2021 17:00:32|20|shiji@forstarfoods.com|SupplierAccount.php
14 Oct 2021 17:00:35|20|shiji@forstarfoods.com|SupplierAccount.php
14 Oct 2021 17:00:48|20|shiji@forstarfoods.com|SupplierAccount.php
14 Oct 2021 17:00:51|20|shiji@forstarfoods.com|SupplierAccount.php
14 Oct 2021 17:01:14|29|kavitha@forstarfoods.com|DailyCatchEntry_New.php
14 Oct 2021 17:02:54|20|shiji@forstarfoods.com|SupplierAccount.php
14 Oct 2021 17:03:32|20|shiji@forstarfoods.com|SupplierAccount.php
14 Oct 2021 17:03:34|20|shiji@forstarfoods.com|SupplierAccount.php
14 Oct 2021 17:03:48|20|shiji@forstarfoods.com|SupplierAccount.php
14 Oct 2021 17:04:28|20|shiji@forstarfoods.com|SupplierAccount.php
14 Oct 2021 17:04:40|20|shiji@forstarfoods.com|SupplierAccount.php
14 Oct 2021 17:04:42|20|shiji@forstarfoods.com|SupplierAccount.php
14 Oct 2021 17:04:58|20|shiji@forstarfoods.com|SupplierAccount.php
14 Oct 2021 17:05:02|20|shiji@forstarfoods.com|SupplierAccount.php
14 Oct 2021 17:05:11|20|shiji@forstarfoods.com|SupplierAccount.php
14 Oct 2021 17:05:23|20|shiji@forstarfoods.com|SupplierAccount.php
14 Oct 2021 17:05:45|20|shiji@forstarfoods.com|DailyCatchSummary.php
14 Oct 2021 17:05:48|20|shiji@forstarfoods.com|DailyCatchSummary.php
14 Oct 2021 17:05:53|20|shiji@forstarfoods.com|DailyCatchSummary.php
14 Oct 2021 17:05:54|20|shiji@forstarfoods.com|DailyCatchSummary.php
14 Oct 2021 17:05:58|20|shiji@forstarfoods.com|DailyCatchSummary.php
14 Oct 2021 17:06:15|29|kavitha@forstarfoods.com|DailyCatchEntry_New.php
14 Oct 2021 17:11:16|29|kavitha@forstarfoods.com|DailyCatchEntry_New.php
14 Oct 2021 17:16:17|29|kavitha@forstarfoods.com|DailyCatchEntry_New.php
14 Oct 2021 17:21:18|29|kavitha@forstarfoods.com|DailyCatchEntry_New.php
14 Oct 2021 17:26:19|29|kavitha@forstarfoods.com|DailyCatchEntry_New.php
16 Oct 2021 10:10:03|20|shiji@forstarfoods.com|Home.php
16 Oct 2021 10:10:15|20|shiji@forstarfoods.com|DailyCatchSummary.php
16 Oct 2021 10:10:18|20|shiji@forstarfoods.com|DailyCatchSummary.php
16 Oct 2021 10:10:51|20|shiji@forstarfoods.com|DailyCatchSummary.php
16 Oct 2021 10:10:53|20|shiji@forstarfoods.com|DailyCatchSummary.php
16 Oct 2021 10:10:59|20|shiji@forstarfoods.com|DailyCatchSummary.php
16 Oct 2021 10:11:09|20|shiji@forstarfoods.com|DailyCatchSummary.php
16 Oct 2021 10:14:28|20|shiji@forstarfoods.com|DailyCatchSummary.php
16 Oct 2021 10:14:42|20|shiji@forstarfoods.com|DailyCatchSummary.php
16 Oct 2021 10:14:59|20|shiji@forstarfoods.com|DailyCatchSummary.php
16 Oct 2021 10:15:28|20|shiji@forstarfoods.com|DailyCatchSummary.php
16 Oct 2021 10:20:51|20|shiji@forstarfoods.com|Home.php
16 Oct 2021 10:21:10|20|shiji@forstarfoods.com|DailyCatchEntry_New.php
16 Oct 2021 10:21:12|20|shiji@forstarfoods.com|DailyCatchEntry_New.php
16 Oct 2021 10:21:13|20|shiji@forstarfoods.com|DailyCatchEntry_New.php
16 Oct 2021 10:21:13|20|shiji@forstarfoods.com|DailyCatchEntry_New.php
16 Oct 2021 10:21:14|20|shiji@forstarfoods.com|DailyCatchEntry_New.php
16 Oct 2021 10:21:14|20|shiji@forstarfoods.com|CatchEntryDeclaredItem.php
16 Oct 2021 10:21:14|20|shiji@forstarfoods.com|DailyCatchEntry_New.php
16 Oct 2021 10:21:24|20|shiji@forstarfoods.com|DailyCatchEntry_New.php
16 Oct 2021 10:21:24|20|shiji@forstarfoods.com|DailyCatchEntry_New.php
16 Oct 2021 10:21:24|20|shiji@forstarfoods.com|DailyCatchEntry_New.php
16 Oct 2021 10:21:31|20|shiji@forstarfoods.com|DailyCatchEntry_New.php
16 Oct 2021 10:21:37|20|shiji@forstarfoods.com|DailyCatchEntry_New.php
16 Oct 2021 10:21:37|20|shiji@forstarfoods.com|CatchEntryDeclaredItem.php
16 Oct 2021 10:22:03|20|shiji@forstarfoods.com|DailyCatchEntry_New.php
16 Oct 2021 10:22:04|20|shiji@forstarfoods.com|DailyCatchEntry_New.php
16 Oct 2021 10:22:05|20|shiji@forstarfoods.com|DailyCatchEntry_New.php
16 Oct 2021 10:22:07|20|shiji@forstarfoods.com|DailyCatchEntry_New.php
16 Oct 2021 10:22:09|20|shiji@forstarfoods.com|DailyCatchEntry_New.php
16 Oct 2021 10:22:12|20|shiji@forstarfoods.com|DailyCatchEntry_New.php
16 Oct 2021 10:22:13|20|shiji@forstarfoods.com|DailyCatchEntry_New.php
16 Oct 2021 10:22:13|20|shiji@forstarfoods.com|DailyCatchEntry_New.php
16 Oct 2021 10:22:13|20|shiji@forstarfoods.com|DailyCatchEntry_New.php
16 Oct 2021 10:22:13|20|shiji@forstarfoods.com|DailyCatchEntry_New.php
16 Oct 2021 10:22:14|20|shiji@forstarfoods.com|DailyCatchEntry_New.php
16 Oct 2021 10:22:14|20|shiji@forstarfoods.com|DailyCatchEntry_New.php
16 Oct 2021 10:22:14|20|shiji@forstarfoods.com|DailyCatchEntry_New.php
16 Oct 2021 10:22:15|20|shiji@forstarfoods.com|DailyCatchEntry_New.php
16 Oct 2021 10:22:15|20|shiji@forstarfoods.com|DailyCatchEntry_New.php
16 Oct 2021 10:24:14|20|shiji@forstarfoods.com|DailyCatchEntry_New.php
16 Oct 2021 10:24:17|20|shiji@forstarfoods.com|DailyCatchEntry_New.php
16 Oct 2021 10:24:18|20|shiji@forstarfoods.com|CatchEntryDeclaredItem.php
16 Oct 2021 10:24:25|20|shiji@forstarfoods.com|DailyCatchEntry_New.php
16 Oct 2021 10:24:25|20|shiji@forstarfoods.com|DailyCatchEntry_New.php
16 Oct 2021 10:24:26|20|shiji@forstarfoods.com|DailyCatchEntry_New.php
16 Oct 2021 10:24:30|20|shiji@forstarfoods.com|DailyCatchEntry_New.php
16 Oct 2021 10:24:31|20|shiji@forstarfoods.com|DailyCatchEntry_New.php
16 Oct 2021 10:24:34|20|shiji@forstarfoods.com|DailyCatchEntry_New.php
16 Oct 2021 10:24:35|20|shiji@forstarfoods.com|CatchEntryDeclaredItem.php
16 Oct 2021 10:24:49|20|shiji@forstarfoods.com|DailyCatchEntry_New.php
16 Oct 2021 10:24:50|20|shiji@forstarfoods.com|DailyCatchEntry_New.php
16 Oct 2021 10:24:51|20|shiji@forstarfoods.com|DailyCatchEntry_New.php
16 Oct 2021 10:24:53|20|shiji@forstarfoods.com|DailyCatchEntry_New.php
16 Oct 2021 10:24:54|20|shiji@forstarfoods.com|DailyCatchEntry_New.php
16 Oct 2021 10:24:56|20|shiji@forstarfoods.com|DailyCatchEntry_New.php
16 Oct 2021 10:24:56|20|shiji@forstarfoods.com|DailyCatchEntry_New.php
16 Oct 2021 10:24:56|20|shiji@forstarfoods.com|DailyCatchEntry_New.php
16 Oct 2021 10:24:57|20|shiji@forstarfoods.com|DailyCatchEntry_New.php
16 Oct 2021 10:24:58|20|shiji@forstarfoods.com|DailyCatchEntry_New.php
16 Oct 2021 10:24:58|20|shiji@forstarfoods.com|DailyCatchEntry_New.php
16 Oct 2021 10:25:40|20|shiji@forstarfoods.com|DailyCatchEntry_New.php
16 Oct 2021 10:25:42|20|shiji@forstarfoods.com|DailyCatchEntry_New.php
16 Oct 2021 10:25:44|20|shiji@forstarfoods.com|CatchEntryDeclaredItem.php
16 Oct 2021 10:25:52|20|shiji@forstarfoods.com|DailyCatchEntry_New.php
16 Oct 2021 10:25:52|20|shiji@forstarfoods.com|DailyCatchEntry_New.php
16 Oct 2021 10:25:53|20|shiji@forstarfoods.com|DailyCatchEntry_New.php
16 Oct 2021 10:25:57|20|shiji@forstarfoods.com|DailyCatchEntry_New.php
16 Oct 2021 10:26:01|20|shiji@forstarfoods.com|DailyCatchEntry_New.php
16 Oct 2021 10:26:02|20|shiji@forstarfoods.com|CatchEntryDeclaredItem.php
16 Oct 2021 10:26:11|20|shiji@forstarfoods.com|DailyCatchEntry_New.php
16 Oct 2021 10:26:11|20|shiji@forstarfoods.com|DailyCatchEntry_New.php
16 Oct 2021 10:26:12|20|shiji@forstarfoods.com|DailyCatchEntry_New.php
16 Oct 2021 10:26:12|20|shiji@forstarfoods.com|DailyCatchEntry_New.php
16 Oct 2021 10:26:12|20|shiji@forstarfoods.com|DailyCatchEntry_New.php
16 Oct 2021 10:26:12|20|shiji@forstarfoods.com|DailyCatchEntry_New.php
16 Oct 2021 10:26:13|20|shiji@forstarfoods.com|DailyCatchEntry_New.php
16 Oct 2021 10:26:19|20|shiji@forstarfoods.com|DailyCatchEntry_New.php
16 Oct 2021 10:26:20|20|shiji@forstarfoods.com|DailyCatchEntry_New.php
16 Oct 2021 10:26:21|20|shiji@forstarfoods.com|DailyCatchEntry_New.php
16 Oct 2021 10:26:23|20|shiji@forstarfoods.com|DailyCatchEntry_New.php
16 Oct 2021 10:26:24|20|shiji@forstarfoods.com|DailyCatchEntry_New.php
16 Oct 2021 10:26:26|20|shiji@forstarfoods.com|DailyCatchEntry_New.php
16 Oct 2021 10:26:26|20|shiji@forstarfoods.com|DailyCatchEntry_New.php
16 Oct 2021 10:26:26|20|shiji@forstarfoods.com|DailyCatchEntry_New.php
16 Oct 2021 10:26:27|20|shiji@forstarfoods.com|DailyCatchEntry_New.php
16 Oct 2021 10:26:28|20|shiji@forstarfoods.com|DailyCatchEntry_New.php
16 Oct 2021 10:26:29|20|shiji@forstarfoods.com|DailyCatchEntry_New.php
16 Oct 2021 10:27:35|20|shiji@forstarfoods.com|DailyCatchEntry_New.php
16 Oct 2021 10:27:36|20|shiji@forstarfoods.com|DailyCatchEntry_New.php
16 Oct 2021 10:27:37|20|shiji@forstarfoods.com|CatchEntryDeclaredItem.php
16 Oct 2021 10:28:03|20|shiji@forstarfoods.com|DailyCatchReport.php
16 Oct 2021 10:28:05|20|shiji@forstarfoods.com|DailyCatchEntry_New.php
16 Oct 2021 10:28:07|20|shiji@forstarfoods.com|DailyCatchEntry_New.php
16 Oct 2021 10:28:08|20|shiji@forstarfoods.com|DailyCatchEntry_New.php
16 Oct 2021 10:28:09|20|shiji@forstarfoods.com|DailyCatchEntry_New.php
16 Oct 2021 10:28:09|20|shiji@forstarfoods.com|DailyCatchEntry_New.php
16 Oct 2021 10:28:09|20|shiji@forstarfoods.com|CatchEntryDeclaredItem.php
16 Oct 2021 10:28:09|20|shiji@forstarfoods.com|DailyCatchEntry_New.php
16 Oct 2021 10:28:12|20|shiji@forstarfoods.com|DailyCatchEntry_New.php
16 Oct 2021 10:28:12|20|shiji@forstarfoods.com|DailyCatchEntry_New.php
16 Oct 2021 10:28:13|20|shiji@forstarfoods.com|DailyCatchEntry_New.php
16 Oct 2021 10:28:13|20|shiji@forstarfoods.com|DailyCatchEntry_New.php
16 Oct 2021 10:28:13|20|shiji@forstarfoods.com|DailyCatchEntry_New.php
16 Oct 2021 10:28:14|20|shiji@forstarfoods.com|DailyCatchEntry_New.php
16 Oct 2021 10:28:15|20|shiji@forstarfoods.com|DailyCatchEntry_New.php
16 Oct 2021 10:28:15|20|shiji@forstarfoods.com|DailyCatchEntry_New.php
16 Oct 2021 10:28:20|20|shiji@forstarfoods.com|DailyCatchEntry_New.php
16 Oct 2021 10:28:23|20|shiji@forstarfoods.com|DailyCatchEntry_New.php
16 Oct 2021 10:28:23|20|shiji@forstarfoods.com|CatchEntryDeclaredItem.php
16 Oct 2021 10:28:43|20|shiji@forstarfoods.com|DailyCatchEntry_New.php
16 Oct 2021 10:28:44|20|shiji@forstarfoods.com|DailyCatchEntry_New.php
16 Oct 2021 10:28:44|20|shiji@forstarfoods.com|DailyCatchEntry_New.php
16 Oct 2021 10:28:47|20|shiji@forstarfoods.com|DailyCatchEntry_New.php
16 Oct 2021 10:28:49|20|shiji@forstarfoods.com|DailyCatchEntry_New.php
16 Oct 2021 10:28:52|20|shiji@forstarfoods.com|DailyCatchEntry_New.php
16 Oct 2021 10:28:53|20|shiji@forstarfoods.com|DailyCatchEntry_New.php
16 Oct 2021 10:28:53|20|shiji@forstarfoods.com|DailyCatchEntry_New.php
16 Oct 2021 10:28:53|20|shiji@forstarfoods.com|DailyCatchEntry_New.php
16 Oct 2021 10:28:53|20|shiji@forstarfoods.com|DailyCatchEntry_New.php
16 Oct 2021 10:28:54|20|shiji@forstarfoods.com|DailyCatchEntry_New.php
16 Oct 2021 10:28:54|20|shiji@forstarfoods.com|DailyCatchEntry_New.php
16 Oct 2021 10:28:54|20|shiji@forstarfoods.com|DailyCatchEntry_New.php
16 Oct 2021 10:28:55|20|shiji@forstarfoods.com|DailyCatchEntry_New.php
16 Oct 2021 10:28:55|20|shiji@forstarfoods.com|DailyCatchEntry_New.php
16 Oct 2021 10:28:55|20|shiji@forstarfoods.com|DailyCatchEntry_New.php
16 Oct 2021 10:28:56|20|shiji@forstarfoods.com|DailyCatchEntry_New.php
16 Oct 2021 10:29:05|20|shiji@forstarfoods.com|DailyCatchEntry_New.php
16 Oct 2021 10:29:06|20|shiji@forstarfoods.com|DailyCatchEntry_New.php
16 Oct 2021 10:29:07|20|shiji@forstarfoods.com|CatchEntryDeclaredItem.php
16 Oct 2021 10:29:11|20|shiji@forstarfoods.com|DailyCatchEntry_New.php
16 Oct 2021 10:29:13|20|shiji@forstarfoods.com|DailyCatchEntry_New.php
16 Oct 2021 10:29:15|20|shiji@forstarfoods.com|DailyCatchEntry_New.php
16 Oct 2021 10:29:15|20|shiji@forstarfoods.com|DailyCatchEntry_New.php
16 Oct 2021 10:29:15|20|shiji@forstarfoods.com|DailyCatchEntry_New.php
16 Oct 2021 10:29:15|20|shiji@forstarfoods.com|DailyCatchEntry_New.php
16 Oct 2021 10:29:16|20|shiji@forstarfoods.com|DailyCatchEntry_New.php
16 Oct 2021 10:29:16|20|shiji@forstarfoods.com|DailyCatchEntry_New.php
16 Oct 2021 10:29:16|20|shiji@forstarfoods.com|DailyCatchEntry_New.php
16 Oct 2021 10:29:17|20|shiji@forstarfoods.com|DailyCatchEntry_New.php
16 Oct 2021 10:29:17|20|shiji@forstarfoods.com|DailyCatchEntry_New.php
16 Oct 2021 10:29:17|20|shiji@forstarfoods.com|DailyCatchEntry_New.php
16 Oct 2021 10:29:17|20|shiji@forstarfoods.com|DailyCatchEntry_New.php
16 Oct 2021 10:29:18|20|shiji@forstarfoods.com|DailyCatchEntry_New.php
16 Oct 2021 10:29:18|20|shiji@forstarfoods.com|DailyCatchEntry_New.php
16 Oct 2021 10:29:18|20|shiji@forstarfoods.com|DailyCatchEntry_New.php
16 Oct 2021 10:29:18|20|shiji@forstarfoods.com|DailyCatchEntry_New.php
16 Oct 2021 10:29:19|20|shiji@forstarfoods.com|DailyCatchEntry_New.php
16 Oct 2021 10:29:27|20|shiji@forstarfoods.com|DailyCatchEntry_New.php
16 Oct 2021 10:29:28|20|shiji@forstarfoods.com|DailyCatchEntry_New.php
16 Oct 2021 10:29:29|20|shiji@forstarfoods.com|CatchEntryDeclaredItem.php
16 Oct 2021 10:29:32|20|shiji@forstarfoods.com|DailyCatchEntry_New.php
16 Oct 2021 10:29:34|20|shiji@forstarfoods.com|DailyCatchEntry_New.php
16 Oct 2021 10:29:35|20|shiji@forstarfoods.com|DailyCatchEntry_New.php
16 Oct 2021 10:29:35|20|shiji@forstarfoods.com|DailyCatchEntry_New.php
16 Oct 2021 10:29:36|20|shiji@forstarfoods.com|DailyCatchEntry_New.php
16 Oct 2021 10:29:36|20|shiji@forstarfoods.com|DailyCatchEntry_New.php
16 Oct 2021 10:29:36|20|shiji@forstarfoods.com|DailyCatchEntry_New.php
16 Oct 2021 10:29:36|20|shiji@forstarfoods.com|DailyCatchEntry_New.php
16 Oct 2021 10:29:37|20|shiji@forstarfoods.com|DailyCatchEntry_New.php
16 Oct 2021 10:29:37|20|shiji@forstarfoods.com|DailyCatchEntry_New.php
16 Oct 2021 10:29:37|20|shiji@forstarfoods.com|DailyCatchEntry_New.php
16 Oct 2021 10:29:38|20|shiji@forstarfoods.com|DailyCatchEntry_New.php
16 Oct 2021 10:29:38|20|shiji@forstarfoods.com|DailyCatchEntry_New.php
16 Oct 2021 10:29:38|20|shiji@forstarfoods.com|DailyCatchEntry_New.php
16 Oct 2021 10:29:38|20|shiji@forstarfoods.com|DailyCatchEntry_New.php
16 Oct 2021 10:29:39|20|shiji@forstarfoods.com|DailyCatchEntry_New.php
16 Oct 2021 10:29:39|20|shiji@forstarfoods.com|DailyCatchEntry_New.php
16 Oct 2021 10:29:39|20|shiji@forstarfoods.com|DailyCatchEntry_New.php
16 Oct 2021 10:29:49|20|shiji@forstarfoods.com|DailyCatchEntry_New.php
16 Oct 2021 10:29:50|20|shiji@forstarfoods.com|DailyCatchEntry_New.php
16 Oct 2021 10:29:51|20|shiji@forstarfoods.com|CatchEntryDeclaredItem.php
16 Oct 2021 10:29:54|20|shiji@forstarfoods.com|DailyCatchEntry_New.php
16 Oct 2021 10:29:56|20|shiji@forstarfoods.com|DailyCatchEntry_New.php
16 Oct 2021 10:29:58|20|shiji@forstarfoods.com|DailyCatchEntry_New.php
16 Oct 2021 10:29:58|20|shiji@forstarfoods.com|DailyCatchEntry_New.php
16 Oct 2021 10:29:59|20|shiji@forstarfoods.com|DailyCatchEntry_New.php
16 Oct 2021 10:29:59|20|shiji@forstarfoods.com|DailyCatchEntry_New.php
16 Oct 2021 10:29:59|20|shiji@forstarfoods.com|DailyCatchEntry_New.php
16 Oct 2021 10:29:59|20|shiji@forstarfoods.com|DailyCatchEntry_New.php
16 Oct 2021 10:30:00|20|shiji@forstarfoods.com|DailyCatchEntry_New.php
16 Oct 2021 10:30:00|20|shiji@forstarfoods.com|DailyCatchEntry_New.php
16 Oct 2021 10:30:00|20|shiji@forstarfoods.com|DailyCatchEntry_New.php
16 Oct 2021 10:30:00|20|shiji@forstarfoods.com|DailyCatchEntry_New.php
16 Oct 2021 10:30:01|20|shiji@forstarfoods.com|DailyCatchEntry_New.php
16 Oct 2021 10:30:01|20|shiji@forstarfoods.com|DailyCatchEntry_New.php
16 Oct 2021 10:30:02|20|shiji@forstarfoods.com|DailyCatchEntry_New.php
16 Oct 2021 10:30:02|20|shiji@forstarfoods.com|DailyCatchEntry_New.php
16 Oct 2021 10:30:08|20|shiji@forstarfoods.com|DailyCatchEntry_New.php
16 Oct 2021 10:30:10|20|shiji@forstarfoods.com|DailyCatchEntry_New.php
16 Oct 2021 10:30:11|20|shiji@forstarfoods.com|CatchEntryDeclaredItem.php
16 Oct 2021 10:30:17|20|shiji@forstarfoods.com|DailyCatchEntry_New.php
16 Oct 2021 10:30:18|20|shiji@forstarfoods.com|DailyCatchEntry_New.php
16 Oct 2021 10:30:20|20|shiji@forstarfoods.com|DailyCatchEntry_New.php
16 Oct 2021 10:30:20|20|shiji@forstarfoods.com|DailyCatchEntry_New.php
16 Oct 2021 10:30:21|20|shiji@forstarfoods.com|DailyCatchEntry_New.php
16 Oct 2021 10:30:21|20|shiji@forstarfoods.com|DailyCatchEntry_New.php
16 Oct 2021 10:30:21|20|shiji@forstarfoods.com|DailyCatchEntry_New.php
16 Oct 2021 10:30:21|20|shiji@forstarfoods.com|DailyCatchEntry_New.php
16 Oct 2021 10:30:22|20|shiji@forstarfoods.com|DailyCatchEntry_New.php
16 Oct 2021 10:30:22|20|shiji@forstarfoods.com|DailyCatchEntry_New.php
16 Oct 2021 10:30:22|20|shiji@forstarfoods.com|DailyCatchEntry_New.php
16 Oct 2021 10:30:22|20|shiji@forstarfoods.com|DailyCatchEntry_New.php
16 Oct 2021 10:30:23|20|shiji@forstarfoods.com|DailyCatchEntry_New.php
16 Oct 2021 10:30:23|20|shiji@forstarfoods.com|DailyCatchEntry_New.php
16 Oct 2021 10:30:24|20|shiji@forstarfoods.com|DailyCatchEntry_New.php
16 Oct 2021 10:30:25|20|shiji@forstarfoods.com|DailyCatchEntry_New.php
16 Oct 2021 10:30:26|20|shiji@forstarfoods.com|CatchEntryDeclaredItem.php
16 Oct 2021 10:30:30|20|shiji@forstarfoods.com|DailyCatchEntry_New.php
16 Oct 2021 10:30:30|20|shiji@forstarfoods.com|DailyCatchEntry_New.php
16 Oct 2021 10:30:31|20|shiji@forstarfoods.com|DailyCatchEntry_New.php
16 Oct 2021 10:30:33|20|shiji@forstarfoods.com|DailyCatchEntry_New.php
16 Oct 2021 10:30:36|20|shiji@forstarfoods.com|DailyCatchEntry_New.php
16 Oct 2021 10:30:37|20|shiji@forstarfoods.com|CatchEntryDeclaredItem.php
16 Oct 2021 10:30:56|20|shiji@forstarfoods.com|DailyCatchEntry_New.php
16 Oct 2021 10:30:58|20|shiji@forstarfoods.com|DailyCatchEntry_New.php
16 Oct 2021 10:31:00|20|shiji@forstarfoods.com|DailyCatchEntry_New.php
16 Oct 2021 10:31:02|20|shiji@forstarfoods.com|DailyCatchEntry_New.php
16 Oct 2021 10:31:02|20|shiji@forstarfoods.com|DailyCatchEntry_New.php
16 Oct 2021 10:31:02|20|shiji@forstarfoods.com|DailyCatchEntry_New.php
16 Oct 2021 10:31:02|20|shiji@forstarfoods.com|DailyCatchEntry_New.php
16 Oct 2021 10:31:03|20|shiji@forstarfoods.com|DailyCatchEntry_New.php
16 Oct 2021 10:31:03|20|shiji@forstarfoods.com|DailyCatchEntry_New.php
16 Oct 2021 10:31:03|20|shiji@forstarfoods.com|DailyCatchEntry_New.php
16 Oct 2021 10:31:03|20|shiji@forstarfoods.com|DailyCatchEntry_New.php
16 Oct 2021 10:31:04|20|shiji@forstarfoods.com|DailyCatchEntry_New.php
16 Oct 2021 10:31:04|20|shiji@forstarfoods.com|DailyCatchEntry_New.php
16 Oct 2021 10:31:04|20|shiji@forstarfoods.com|DailyCatchEntry_New.php
16 Oct 2021 10:31:05|20|shiji@forstarfoods.com|DailyCatchEntry_New.php
16 Oct 2021 10:31:05|20|shiji@forstarfoods.com|DailyCatchEntry_New.php
16 Oct 2021 10:31:05|20|shiji@forstarfoods.com|DailyCatchEntry_New.php
16 Oct 2021 10:31:10|20|shiji@forstarfoods.com|DailyCatchEntry_New.php
16 Oct 2021 10:31:11|20|shiji@forstarfoods.com|DailyCatchEntry_New.php
16 Oct 2021 10:31:17|20|shiji@forstarfoods.com|DailyCatchEntry_New.php
16 Oct 2021 10:31:19|20|shiji@forstarfoods.com|DailyCatchEntry_New.php
16 Oct 2021 10:31:20|20|shiji@forstarfoods.com|CatchEntryDeclaredItem.php
16 Oct 2021 10:31:27|20|shiji@forstarfoods.com|DailyCatchEntry_New.php
16 Oct 2021 10:31:28|20|shiji@forstarfoods.com|DailyCatchEntry_New.php
16 Oct 2021 10:31:30|20|shiji@forstarfoods.com|DailyCatchEntry_New.php
16 Oct 2021 10:31:30|20|shiji@forstarfoods.com|DailyCatchEntry_New.php
16 Oct 2021 10:31:30|20|shiji@forstarfoods.com|DailyCatchEntry_New.php
16 Oct 2021 10:31:31|20|shiji@forstarfoods.com|DailyCatchEntry_New.php
16 Oct 2021 10:31:31|20|shiji@forstarfoods.com|DailyCatchEntry_New.php
16 Oct 2021 10:31:31|20|shiji@forstarfoods.com|DailyCatchEntry_New.php
16 Oct 2021 10:31:31|20|shiji@forstarfoods.com|DailyCatchEntry_New.php
16 Oct 2021 10:31:32|20|shiji@forstarfoods.com|DailyCatchEntry_New.php
16 Oct 2021 10:31:32|20|shiji@forstarfoods.com|DailyCatchEntry_New.php
16 Oct 2021 10:31:32|20|shiji@forstarfoods.com|DailyCatchEntry_New.php
16 Oct 2021 10:31:33|20|shiji@forstarfoods.com|DailyCatchEntry_New.php
16 Oct 2021 10:31:33|20|shiji@forstarfoods.com|DailyCatchEntry_New.php
16 Oct 2021 10:31:33|20|shiji@forstarfoods.com|DailyCatchEntry_New.php
16 Oct 2021 10:31:33|20|shiji@forstarfoods.com|DailyCatchEntry_New.php
16 Oct 2021 10:31:35|20|shiji@forstarfoods.com|DailyCatchEntry_New.php
16 Oct 2021 10:31:35|20|shiji@forstarfoods.com|DailyCatchEntry_New.php
16 Oct 2021 10:31:35|20|shiji@forstarfoods.com|DailyCatchEntry_New.php
16 Oct 2021 10:31:37|20|shiji@forstarfoods.com|DailyCatchEntry_New.php
16 Oct 2021 10:31:38|20|shiji@forstarfoods.com|CatchEntryDeclaredItem.php
16 Oct 2021 10:31:51|20|shiji@forstarfoods.com|DailyCatchEntry_New.php
16 Oct 2021 10:31:53|20|shiji@forstarfoods.com|DailyCatchEntry_New.php
16 Oct 2021 10:31:57|20|shiji@forstarfoods.com|DailyCatchEntry_New.php
16 Oct 2021 10:31:57|20|shiji@forstarfoods.com|DailyCatchEntry_New.php
16 Oct 2021 10:31:57|20|shiji@forstarfoods.com|DailyCatchEntry_New.php
16 Oct 2021 10:31:58|20|shiji@forstarfoods.com|DailyCatchEntry_New.php
16 Oct 2021 10:31:58|20|shiji@forstarfoods.com|DailyCatchEntry_New.php
16 Oct 2021 10:31:58|20|shiji@forstarfoods.com|DailyCatchEntry_New.php
16 Oct 2021 10:31:58|20|shiji@forstarfoods.com|DailyCatchEntry_New.php
16 Oct 2021 10:31:59|20|shiji@forstarfoods.com|DailyCatchEntry_New.php
16 Oct 2021 10:31:59|20|shiji@forstarfoods.com|DailyCatchEntry_New.php
16 Oct 2021 10:31:59|20|shiji@forstarfoods.com|DailyCatchEntry_New.php
16 Oct 2021 10:31:59|20|shiji@forstarfoods.com|DailyCatchEntry_New.php
16 Oct 2021 10:32:00|20|shiji@forstarfoods.com|DailyCatchEntry_New.php
16 Oct 2021 10:32:00|20|shiji@forstarfoods.com|DailyCatchEntry_New.php
16 Oct 2021 10:32:00|20|shiji@forstarfoods.com|DailyCatchEntry_New.php
16 Oct 2021 10:32:02|20|shiji@forstarfoods.com|DailyCatchEntry_New.php
16 Oct 2021 10:32:02|20|shiji@forstarfoods.com|DailyCatchEntry_New.php
16 Oct 2021 10:32:03|20|shiji@forstarfoods.com|DailyCatchEntry_New.php
16 Oct 2021 10:32:04|20|shiji@forstarfoods.com|DailyCatchEntry_New.php
16 Oct 2021 10:32:05|20|shiji@forstarfoods.com|CatchEntryDeclaredItem.php
16 Oct 2021 10:32:10|20|shiji@forstarfoods.com|DailyCatchEntry_New.php
16 Oct 2021 10:32:12|20|shiji@forstarfoods.com|DailyCatchEntry_New.php
16 Oct 2021 10:32:15|20|shiji@forstarfoods.com|DailyCatchEntry_New.php
16 Oct 2021 10:32:15|20|shiji@forstarfoods.com|DailyCatchEntry_New.php
16 Oct 2021 10:32:16|20|shiji@forstarfoods.com|DailyCatchEntry_New.php
16 Oct 2021 10:32:16|20|shiji@forstarfoods.com|DailyCatchEntry_New.php
16 Oct 2021 10:32:16|20|shiji@forstarfoods.com|DailyCatchEntry_New.php
16 Oct 2021 10:32:16|20|shiji@forstarfoods.com|DailyCatchEntry_New.php
16 Oct 2021 10:32:17|20|shiji@forstarfoods.com|DailyCatchEntry_New.php
16 Oct 2021 10:32:17|20|shiji@forstarfoods.com|DailyCatchEntry_New.php
16 Oct 2021 10:32:17|20|shiji@forstarfoods.com|DailyCatchEntry_New.php
16 Oct 2021 10:32:17|20|shiji@forstarfoods.com|DailyCatchEntry_New.php
16 Oct 2021 10:32:18|20|shiji@forstarfoods.com|DailyCatchEntry_New.php
16 Oct 2021 10:32:18|20|shiji@forstarfoods.com|DailyCatchEntry_New.php
16 Oct 2021 10:32:20|20|shiji@forstarfoods.com|DailyCatchEntry_New.php
16 Oct 2021 10:32:21|20|shiji@forstarfoods.com|DailyCatchEntry_New.php
16 Oct 2021 10:32:21|20|shiji@forstarfoods.com|DailyCatchEntry_New.php
16 Oct 2021 10:32:22|20|shiji@forstarfoods.com|DailyCatchEntry_New.php
16 Oct 2021 10:32:23|20|shiji@forstarfoods.com|CatchEntryDeclaredItem.php
16 Oct 2021 10:32:28|20|shiji@forstarfoods.com|DailyCatchEntry_New.php
16 Oct 2021 10:32:30|20|shiji@forstarfoods.com|DailyCatchEntry_New.php
16 Oct 2021 10:32:37|20|shiji@forstarfoods.com|DailyCatchEntry_New.php
16 Oct 2021 10:32:38|20|shiji@forstarfoods.com|DailyCatchEntry_New.php
16 Oct 2021 10:32:38|20|shiji@forstarfoods.com|DailyCatchEntry_New.php
16 Oct 2021 10:32:38|20|shiji@forstarfoods.com|DailyCatchEntry_New.php
16 Oct 2021 10:32:38|20|shiji@forstarfoods.com|DailyCatchEntry_New.php
16 Oct 2021 10:32:39|20|shiji@forstarfoods.com|DailyCatchEntry_New.php
16 Oct 2021 10:32:40|20|shiji@forstarfoods.com|DailyCatchEntry_New.php
16 Oct 2021 10:32:40|20|shiji@forstarfoods.com|DailyCatchEntry_New.php
16 Oct 2021 10:33:06|20|shiji@forstarfoods.com|DailyCatchEntry_New.php
16 Oct 2021 10:33:06|20|shiji@forstarfoods.com|DailyCatchEntry_New.php
16 Oct 2021 10:33:06|20|shiji@forstarfoods.com|DailyCatchEntry_New.php
16 Oct 2021 10:33:07|20|shiji@forstarfoods.com|DailyCatchEntry_New.php
16 Oct 2021 10:33:07|20|shiji@forstarfoods.com|DailyCatchEntry_New.php
16 Oct 2021 10:33:07|20|shiji@forstarfoods.com|DailyCatchEntry_New.php
16 Oct 2021 10:33:07|20|shiji@forstarfoods.com|DailyCatchEntry_New.php
16 Oct 2021 10:33:08|20|shiji@forstarfoods.com|DailyCatchEntry_New.php
16 Oct 2021 10:33:08|20|shiji@forstarfoods.com|DailyCatchEntry_New.php
16 Oct 2021 10:33:08|20|shiji@forstarfoods.com|DailyCatchEntry_New.php
16 Oct 2021 10:33:08|20|shiji@forstarfoods.com|DailyCatchEntry_New.php
16 Oct 2021 10:33:09|20|shiji@forstarfoods.com|DailyCatchEntry_New.php
16 Oct 2021 10:33:09|20|shiji@forstarfoods.com|DailyCatchEntry_New.php
16 Oct 2021 10:33:09|20|shiji@forstarfoods.com|DailyCatchEntry_New.php
16 Oct 2021 10:33:10|20|shiji@forstarfoods.com|DailyCatchEntry_New.php
16 Oct 2021 10:33:11|20|shiji@forstarfoods.com|DailyCatchEntry_New.php
16 Oct 2021 10:33:11|20|shiji@forstarfoods.com|DailyCatchEntry_New.php
16 Oct 2021 10:33:18|20|shiji@forstarfoods.com|DailyCatchEntry_New.php
16 Oct 2021 10:33:21|20|shiji@forstarfoods.com|DailyCatchEntry_New.php
16 Oct 2021 10:33:22|20|shiji@forstarfoods.com|CatchEntryDeclaredItem.php
16 Oct 2021 10:33:23|20|shiji@forstarfoods.com|DailyCatchEntry_New.php
16 Oct 2021 10:33:23|20|shiji@forstarfoods.com|DailyCatchEntry_New.php
16 Oct 2021 10:33:24|20|shiji@forstarfoods.com|DailyCatchEntry_New.php
16 Oct 2021 10:33:56|20|shiji@forstarfoods.com|DailyCatchEntry_New.php
16 Oct 2021 10:33:58|20|shiji@forstarfoods.com|DailyCatchEntry_New.php
16 Oct 2021 10:33:59|20|shiji@forstarfoods.com|CatchEntryDeclaredItem.php
16 Oct 2021 10:34:06|20|shiji@forstarfoods.com|DailyCatchEntry_New.php
16 Oct 2021 10:34:13|20|shiji@forstarfoods.com|DailyCatchEntry_New.php
16 Oct 2021 10:34:15|20|shiji@forstarfoods.com|DailyCatchEntry_New.php
16 Oct 2021 10:34:16|20|shiji@forstarfoods.com|DailyCatchEntry_New.php
16 Oct 2021 10:34:18|20|shiji@forstarfoods.com|DailyCatchEntry_New.php
16 Oct 2021 10:34:20|20|shiji@forstarfoods.com|DailyCatchEntry_New.php
16 Oct 2021 10:34:20|20|shiji@forstarfoods.com|DailyCatchEntry_New.php
16 Oct 2021 10:34:20|20|shiji@forstarfoods.com|DailyCatchEntry_New.php
16 Oct 2021 10:34:21|20|shiji@forstarfoods.com|DailyCatchEntry_New.php
16 Oct 2021 10:34:21|20|shiji@forstarfoods.com|DailyCatchEntry_New.php
16 Oct 2021 10:34:21|20|shiji@forstarfoods.com|DailyCatchEntry_New.php
16 Oct 2021 10:34:21|20|shiji@forstarfoods.com|DailyCatchEntry_New.php
16 Oct 2021 10:34:22|20|shiji@forstarfoods.com|DailyCatchEntry_New.php
16 Oct 2021 10:34:22|20|shiji@forstarfoods.com|DailyCatchEntry_New.php
16 Oct 2021 10:34:22|20|shiji@forstarfoods.com|DailyCatchEntry_New.php
16 Oct 2021 10:34:23|20|shiji@forstarfoods.com|DailyCatchEntry_New.php
16 Oct 2021 10:34:23|20|shiji@forstarfoods.com|DailyCatchEntry_New.php
16 Oct 2021 10:34:40|20|shiji@forstarfoods.com|DailyCatchEntry_New.php
16 Oct 2021 10:34:41|20|shiji@forstarfoods.com|DailyCatchEntry_New.php
16 Oct 2021 10:34:42|20|shiji@forstarfoods.com|CatchEntryDeclaredItem.php
16 Oct 2021 10:34:46|20|shiji@forstarfoods.com|DailyCatchEntry_New.php
16 Oct 2021 10:34:47|20|shiji@forstarfoods.com|DailyCatchEntry_New.php
16 Oct 2021 10:34:49|20|shiji@forstarfoods.com|DailyCatchEntry_New.php
16 Oct 2021 10:34:49|20|shiji@forstarfoods.com|DailyCatchEntry_New.php
16 Oct 2021 10:34:49|20|shiji@forstarfoods.com|DailyCatchEntry_New.php
16 Oct 2021 10:34:50|20|shiji@forstarfoods.com|DailyCatchEntry_New.php
16 Oct 2021 10:34:50|20|shiji@forstarfoods.com|DailyCatchEntry_New.php
16 Oct 2021 10:34:50|20|shiji@forstarfoods.com|DailyCatchEntry_New.php
16 Oct 2021 10:34:50|20|shiji@forstarfoods.com|DailyCatchEntry_New.php
16 Oct 2021 10:34:51|20|shiji@forstarfoods.com|DailyCatchEntry_New.php
16 Oct 2021 10:34:51|20|shiji@forstarfoods.com|DailyCatchEntry_New.php
16 Oct 2021 10:34:51|20|shiji@forstarfoods.com|DailyCatchEntry_New.php
16 Oct 2021 10:34:52|20|shiji@forstarfoods.com|DailyCatchEntry_New.php
16 Oct 2021 10:34:52|20|shiji@forstarfoods.com|DailyCatchEntry_New.php
16 Oct 2021 10:34:52|20|shiji@forstarfoods.com|DailyCatchEntry_New.php
16 Oct 2021 10:34:52|20|shiji@forstarfoods.com|DailyCatchEntry_New.php
16 Oct 2021 10:34:53|20|shiji@forstarfoods.com|DailyCatchEntry_New.php
16 Oct 2021 10:34:53|20|shiji@forstarfoods.com|DailyCatchEntry_New.php
16 Oct 2021 10:35:01|20|shiji@forstarfoods.com|DailyCatchEntry_New.php
16 Oct 2021 10:35:03|20|shiji@forstarfoods.com|DailyCatchEntry_New.php
16 Oct 2021 10:35:04|20|shiji@forstarfoods.com|CatchEntryDeclaredItem.php
16 Oct 2021 10:35:07|20|shiji@forstarfoods.com|DailyCatchEntry_New.php
16 Oct 2021 10:35:08|20|shiji@forstarfoods.com|DailyCatchEntry_New.php
16 Oct 2021 10:35:10|20|shiji@forstarfoods.com|DailyCatchEntry_New.php
16 Oct 2021 10:35:10|20|shiji@forstarfoods.com|DailyCatchEntry_New.php
16 Oct 2021 10:35:10|20|shiji@forstarfoods.com|DailyCatchEntry_New.php
16 Oct 2021 10:35:11|20|shiji@forstarfoods.com|DailyCatchEntry_New.php
16 Oct 2021 10:35:11|20|shiji@forstarfoods.com|DailyCatchEntry_New.php
16 Oct 2021 10:35:11|20|shiji@forstarfoods.com|DailyCatchEntry_New.php
16 Oct 2021 10:35:12|20|shiji@forstarfoods.com|DailyCatchEntry_New.php
16 Oct 2021 10:35:12|20|shiji@forstarfoods.com|DailyCatchEntry_New.php
16 Oct 2021 10:35:12|20|shiji@forstarfoods.com|DailyCatchEntry_New.php
16 Oct 2021 10:35:12|20|shiji@forstarfoods.com|DailyCatchEntry_New.php
16 Oct 2021 10:35:13|20|shiji@forstarfoods.com|DailyCatchEntry_New.php
16 Oct 2021 10:35:13|20|shiji@forstarfoods.com|DailyCatchEntry_New.php
16 Oct 2021 10:35:13|20|shiji@forstarfoods.com|DailyCatchEntry_New.php
16 Oct 2021 10:35:14|20|shiji@forstarfoods.com|DailyCatchEntry_New.php
16 Oct 2021 10:35:14|20|shiji@forstarfoods.com|DailyCatchEntry_New.php
16 Oct 2021 10:35:14|20|shiji@forstarfoods.com|DailyCatchEntry_New.php
16 Oct 2021 10:35:30|20|shiji@forstarfoods.com|DailyCatchEntry_New.php
16 Oct 2021 10:35:31|20|shiji@forstarfoods.com|DailyCatchEntry_New.php
16 Oct 2021 10:35:32|20|shiji@forstarfoods.com|CatchEntryDeclaredItem.php
16 Oct 2021 10:35:35|20|shiji@forstarfoods.com|DailyCatchEntry_New.php
16 Oct 2021 10:35:37|20|shiji@forstarfoods.com|DailyCatchEntry_New.php
16 Oct 2021 10:35:39|20|shiji@forstarfoods.com|DailyCatchEntry_New.php
16 Oct 2021 10:35:39|20|shiji@forstarfoods.com|DailyCatchEntry_New.php
16 Oct 2021 10:35:39|20|shiji@forstarfoods.com|DailyCatchEntry_New.php
16 Oct 2021 10:35:40|20|shiji@forstarfoods.com|DailyCatchEntry_New.php
16 Oct 2021 10:35:40|20|shiji@forstarfoods.com|DailyCatchEntry_New.php
16 Oct 2021 10:35:40|20|shiji@forstarfoods.com|DailyCatchEntry_New.php
16 Oct 2021 10:35:40|20|shiji@forstarfoods.com|DailyCatchEntry_New.php
16 Oct 2021 10:35:41|20|shiji@forstarfoods.com|DailyCatchEntry_New.php
16 Oct 2021 10:35:41|20|shiji@forstarfoods.com|DailyCatchEntry_New.php
16 Oct 2021 10:35:41|20|shiji@forstarfoods.com|DailyCatchEntry_New.php
16 Oct 2021 10:35:42|20|shiji@forstarfoods.com|DailyCatchEntry_New.php
16 Oct 2021 10:35:42|20|shiji@forstarfoods.com|DailyCatchEntry_New.php
16 Oct 2021 10:35:42|20|shiji@forstarfoods.com|DailyCatchEntry_New.php
16 Oct 2021 10:35:42|20|shiji@forstarfoods.com|DailyCatchEntry_New.php
16 Oct 2021 10:35:53|20|shiji@forstarfoods.com|DailyCatchEntry_New.php
16 Oct 2021 10:35:54|20|shiji@forstarfoods.com|DailyCatchEntry_New.php
16 Oct 2021 10:35:56|20|shiji@forstarfoods.com|CatchEntryDeclaredItem.php
16 Oct 2021 10:35:58|20|shiji@forstarfoods.com|DailyCatchEntry_New.php
16 Oct 2021 10:36:00|20|shiji@forstarfoods.com|DailyCatchEntry_New.php
16 Oct 2021 10:36:01|20|shiji@forstarfoods.com|DailyCatchEntry_New.php
16 Oct 2021 10:36:02|20|shiji@forstarfoods.com|DailyCatchEntry_New.php
16 Oct 2021 10:36:02|20|shiji@forstarfoods.com|DailyCatchEntry_New.php
16 Oct 2021 10:36:02|20|shiji@forstarfoods.com|DailyCatchEntry_New.php
16 Oct 2021 10:36:03|20|shiji@forstarfoods.com|DailyCatchEntry_New.php
16 Oct 2021 10:36:03|20|shiji@forstarfoods.com|DailyCatchEntry_New.php
16 Oct 2021 10:36:03|20|shiji@forstarfoods.com|DailyCatchEntry_New.php
16 Oct 2021 10:36:03|20|shiji@forstarfoods.com|DailyCatchEntry_New.php
16 Oct 2021 10:36:04|20|shiji@forstarfoods.com|DailyCatchEntry_New.php
16 Oct 2021 10:36:04|20|shiji@forstarfoods.com|DailyCatchEntry_New.php
16 Oct 2021 10:36:04|20|shiji@forstarfoods.com|DailyCatchEntry_New.php
16 Oct 2021 10:36:04|20|shiji@forstarfoods.com|DailyCatchEntry_New.php
16 Oct 2021 10:36:13|20|shiji@forstarfoods.com|DailyCatchEntry_New.php
16 Oct 2021 10:36:14|20|shiji@forstarfoods.com|DailyCatchEntry_New.php
16 Oct 2021 10:36:15|20|shiji@forstarfoods.com|CatchEntryDeclaredItem.php
16 Oct 2021 10:36:19|20|shiji@forstarfoods.com|DailyCatchEntry_New.php
16 Oct 2021 10:36:20|20|shiji@forstarfoods.com|DailyCatchEntry_New.php
16 Oct 2021 10:36:25|20|shiji@forstarfoods.com|DailyCatchEntry_New.php
16 Oct 2021 10:36:25|20|shiji@forstarfoods.com|DailyCatchEntry_New.php
16 Oct 2021 10:36:26|20|shiji@forstarfoods.com|DailyCatchEntry_New.php
16 Oct 2021 10:36:26|20|shiji@forstarfoods.com|DailyCatchEntry_New.php
16 Oct 2021 10:36:26|20|shiji@forstarfoods.com|DailyCatchEntry_New.php
16 Oct 2021 10:36:26|20|shiji@forstarfoods.com|DailyCatchEntry_New.php
16 Oct 2021 10:36:27|20|shiji@forstarfoods.com|DailyCatchEntry_New.php
16 Oct 2021 10:36:27|20|shiji@forstarfoods.com|DailyCatchEntry_New.php
16 Oct 2021 10:36:27|20|shiji@forstarfoods.com|DailyCatchEntry_New.php
16 Oct 2021 10:36:27|20|shiji@forstarfoods.com|DailyCatchEntry_New.php
16 Oct 2021 10:36:28|20|shiji@forstarfoods.com|DailyCatchEntry_New.php
16 Oct 2021 10:36:28|20|shiji@forstarfoods.com|DailyCatchEntry_New.php
16 Oct 2021 10:36:28|20|shiji@forstarfoods.com|DailyCatchEntry_New.php
16 Oct 2021 10:36:29|20|shiji@forstarfoods.com|DailyCatchEntry_New.php
16 Oct 2021 10:36:41|20|shiji@forstarfoods.com|DailyCatchEntry_New.php
16 Oct 2021 10:36:50|20|shiji@forstarfoods.com|DailyCatchEntry_New.php
16 Oct 2021 10:36:51|20|shiji@forstarfoods.com|DailyCatchEntry_New.php
16 Oct 2021 10:36:52|20|shiji@forstarfoods.com|CatchEntryDeclaredItem.php
16 Oct 2021 10:36:54|20|shiji@forstarfoods.com|DailyCatchEntry_New.php
16 Oct 2021 10:36:55|20|shiji@forstarfoods.com|DailyCatchEntry_New.php
16 Oct 2021 10:36:55|20|shiji@forstarfoods.com|DailyCatchEntry_New.php
16 Oct 2021 10:37:04|20|shiji@forstarfoods.com|DailyCatchEntry_New.php
16 Oct 2021 10:37:07|20|shiji@forstarfoods.com|DailyCatchEntry_New.php
16 Oct 2021 10:37:08|20|shiji@forstarfoods.com|CatchEntryDeclaredItem.php
16 Oct 2021 10:37:17|20|shiji@forstarfoods.com|DailyCatchEntry_New.php
16 Oct 2021 10:37:23|20|shiji@forstarfoods.com|DailyCatchEntry_New.php
16 Oct 2021 10:37:26|20|shiji@forstarfoods.com|DailyCatchEntry_New.php
16 Oct 2021 10:37:27|20|shiji@forstarfoods.com|DailyCatchEntry_New.php
16 Oct 2021 10:37:29|20|shiji@forstarfoods.com|DailyCatchEntry_New.php
16 Oct 2021 10:37:30|20|shiji@forstarfoods.com|DailyCatchEntry_New.php
16 Oct 2021 10:37:30|20|shiji@forstarfoods.com|DailyCatchEntry_New.php
16 Oct 2021 10:37:30|20|shiji@forstarfoods.com|DailyCatchEntry_New.php
16 Oct 2021 10:37:31|20|shiji@forstarfoods.com|DailyCatchEntry_New.php
16 Oct 2021 10:37:31|20|shiji@forstarfoods.com|DailyCatchEntry_New.php
16 Oct 2021 10:37:31|20|shiji@forstarfoods.com|DailyCatchEntry_New.php
16 Oct 2021 10:37:31|20|shiji@forstarfoods.com|DailyCatchEntry_New.php
16 Oct 2021 10:37:32|20|shiji@forstarfoods.com|DailyCatchEntry_New.php
16 Oct 2021 10:37:32|20|shiji@forstarfoods.com|DailyCatchEntry_New.php
16 Oct 2021 10:38:10|20|shiji@forstarfoods.com|DailyCatchEntry_New.php
16 Oct 2021 10:41:19|20|shiji@forstarfoods.com|DailyCatchEntry_New.php
16 Oct 2021 10:41:19|20|shiji@forstarfoods.com|DailyCatchEntry_New.php
16 Oct 2021 10:42:01|20|shiji@forstarfoods.com|DailyCatchEntry_New.php