
16 Aug 2021 12:46:09|20|shiji@forstarfoods.com|ProcessorsAccounts.php
16 Aug 2021 12:46:41|20|shiji@forstarfoods.com|ProcessorsAccounts.php
16 Aug 2021 12:46:43|20|shiji@forstarfoods.com|ProcessorsAccounts.php
16 Aug 2021 12:46:48|20|shiji@forstarfoods.com|ProcessorsAccounts.php
16 Aug 2021 12:47:22|20|shiji@forstarfoods.com|ProcessorsAccounts.php
16 Aug 2021 12:47:24|20|shiji@forstarfoods.com|ProcessorsAccounts.php
16 Aug 2021 12:47:28|24|shashikala@forstarfoods.com|DailyRMCB.php
16 Aug 2021 12:47:28|20|shiji@forstarfoods.com|ProcessorsAccounts.php
16 Aug 2021 12:47:32|24|shashikala@forstarfoods.com|DailyRMCB.php
16 Aug 2021 12:47:37|24|shashikala@forstarfoods.com|Home.php
16 Aug 2021 12:47:42|24|shashikala@forstarfoods.com|DailyPreProcess.php
16 Aug 2021 12:47:48|24|shashikala@forstarfoods.com|DailyPreProcess.php
16 Aug 2021 12:48:02|24|shashikala@forstarfoods.com|DailyPreProcess.php
16 Aug 2021 12:48:05|24|shashikala@forstarfoods.com|DailyPreProcess.php
16 Aug 2021 12:48:07|20|shiji@forstarfoods.com|ProcessorsAccounts.php
16 Aug 2021 12:48:10|24|shashikala@forstarfoods.com|DailyPreProcess.php
16 Aug 2021 12:48:10|20|shiji@forstarfoods.com|ProcessorsAccounts.php
16 Aug 2021 12:48:11|24|shashikala@forstarfoods.com|DailyPreProcess.php
16 Aug 2021 12:48:14|20|shiji@forstarfoods.com|ProcessorsAccounts.php
16 Aug 2021 12:48:33|20|shiji@forstarfoods.com|ProcessorsAccounts.php
16 Aug 2021 12:48:36|20|shiji@forstarfoods.com|ProcessorsAccounts.php
16 Aug 2021 12:48:39|20|shiji@forstarfoods.com|ProcessorsAccounts.php
16 Aug 2021 12:49:42|20|shiji@forstarfoods.com|ProcessorsAccounts.php
16 Aug 2021 12:49:44|20|shiji@forstarfoods.com|ProcessorsAccounts.php
16 Aug 2021 12:49:47|20|shiji@forstarfoods.com|ProcessorsAccounts.php
16 Aug 2021 12:50:00|20|shiji@forstarfoods.com|ProcessorsAccounts.php
16 Aug 2021 12:50:03|20|shiji@forstarfoods.com|ProcessorsAccounts.php
16 Aug 2021 12:50:06|20|shiji@forstarfoods.com|ProcessorsAccounts.php
16 Aug 2021 12:50:24|20|shiji@forstarfoods.com|ProcessorsAccounts.php
16 Aug 2021 12:50:32|20|shiji@forstarfoods.com|ProcessorsAccounts.php
16 Aug 2021 12:50:39|20|shiji@forstarfoods.com|ProcessorsAccounts.php
16 Aug 2021 12:51:12|20|shiji@forstarfoods.com|ProcessorsAccounts.php
16 Aug 2021 12:51:14|20|shiji@forstarfoods.com|ProcessorsAccounts.php
16 Aug 2021 12:51:17|20|shiji@forstarfoods.com|ProcessorsAccounts.php
16 Aug 2021 12:57:44|10|moni@forstarfoods.com|Home.php
16 Aug 2021 12:58:01|10|moni@forstarfoods.com|SupplierAccount.php
16 Aug 2021 12:58:05|10|moni@forstarfoods.com|SupplierAccount.php
16 Aug 2021 12:58:14|10|moni@forstarfoods.com|SupplierAccount.php
16 Aug 2021 12:58:19|10|moni@forstarfoods.com|SupplierAccount.php
16 Aug 2021 12:58:26|10|moni@forstarfoods.com|SupplierAccount.php
16 Aug 2021 12:58:30|10|moni@forstarfoods.com|SupplierAccount.php
16 Aug 2021 12:58:36|10|moni@forstarfoods.com|SupplierAccount.php
16 Aug 2021 12:58:39|10|moni@forstarfoods.com|SupplierAccount.php
16 Aug 2021 12:59:17|10|moni@forstarfoods.com|SupplierAccount.php
16 Aug 2021 13:00:03|10|moni@forstarfoods.com|DailyCatchEntry_New.php
16 Aug 2021 13:00:11|10|moni@forstarfoods.com|DailyCatchEntry_New.php
16 Aug 2021 13:00:11|10|moni@forstarfoods.com|DailyCatchEntry_New.php
16 Aug 2021 13:00:12|10|moni@forstarfoods.com|DailyCatchEntry_New.php
16 Aug 2021 13:00:13|10|moni@forstarfoods.com|DailyCatchEntry_New.php
16 Aug 2021 13:00:14|10|moni@forstarfoods.com|DailyCatchEntry_New.php
16 Aug 2021 13:00:14|10|moni@forstarfoods.com|DailyCatchEntry_New.php
16 Aug 2021 13:00:19|10|moni@forstarfoods.com|DailyCatchEntry_New.php
16 Aug 2021 13:00:20|10|moni@forstarfoods.com|DailyCatchEntry_New.php
16 Aug 2021 13:00:23|10|moni@forstarfoods.com|DailyCatchEntry_New.php
16 Aug 2021 13:00:49|10|moni@forstarfoods.com|DailyCatchEntry_New.php
16 Aug 2021 13:01:04|10|moni@forstarfoods.com|PurchaseReport.php
16 Aug 2021 13:01:16|10|moni@forstarfoods.com|PurchaseReport.php
16 Aug 2021 13:01:35|10|moni@forstarfoods.com|DailyCatchEntry_New.php
16 Aug 2021 13:01:41|10|moni@forstarfoods.com|DailyCatchEntry_New.php
16 Aug 2021 13:01:41|10|moni@forstarfoods.com|DailyCatchEntry_New.php
16 Aug 2021 13:01:41|10|moni@forstarfoods.com|DailyCatchEntry_New.php
16 Aug 2021 13:01:43|10|moni@forstarfoods.com|DailyCatchEntry_New.php
16 Aug 2021 13:01:44|10|moni@forstarfoods.com|DailyCatchEntry_New.php
16 Aug 2021 13:01:44|10|moni@forstarfoods.com|DailyCatchEntry_New.php
16 Aug 2021 13:01:47|10|moni@forstarfoods.com|DailyCatchEntry_New.php
16 Aug 2021 13:01:47|10|moni@forstarfoods.com|DailyCatchEntry_New.php
16 Aug 2021 13:01:47|10|moni@forstarfoods.com|DailyCatchEntry_New.php
16 Aug 2021 13:01:51|10|moni@forstarfoods.com|DailyCatchEntry_New.php
16 Aug 2021 13:01:52|10|moni@forstarfoods.com|DailyCatchEntry_New.php
16 Aug 2021 13:01:56|10|moni@forstarfoods.com|DailyCatchEntry_New.php
16 Aug 2021 13:01:56|10|moni@forstarfoods.com|DailyCatchEntry_New.php
16 Aug 2021 13:01:57|10|moni@forstarfoods.com|DailyCatchEntry_New.php
16 Aug 2021 13:02:04|10|moni@forstarfoods.com|DailyCatchEntry_New.php
16 Aug 2021 13:02:27|10|moni@forstarfoods.com|PurchaseReport.php
16 Aug 2021 13:02:44|10|moni@forstarfoods.com|DailyCatchEntry_New.php
16 Aug 2021 13:02:47|10|moni@forstarfoods.com|DailyCatchEntry_New.php
16 Aug 2021 13:02:50|10|moni@forstarfoods.com|DailyCatchEntry_New.php
16 Aug 2021 13:03:01|10|moni@forstarfoods.com|DailyCatchEntry_New.php
16 Aug 2021 13:03:02|10|moni@forstarfoods.com|DailyCatchEntry_New.php
16 Aug 2021 13:03:03|10|moni@forstarfoods.com|DailyCatchEntry_New.php
16 Aug 2021 13:03:21|10|moni@forstarfoods.com|DailyCatchEntry_New.php
16 Aug 2021 13:03:21|10|moni@forstarfoods.com|DailyCatchEntry_New.php
16 Aug 2021 13:03:23|10|moni@forstarfoods.com|DailyCatchEntry_New.php
16 Aug 2021 13:03:32|10|moni@forstarfoods.com|DailyCatchEntry_New.php
16 Aug 2021 13:04:34|10|moni@forstarfoods.com|PurchaseReport.php
16 Aug 2021 13:04:55|10|moni@forstarfoods.com|PurchaseReport.php
16 Aug 2021 13:05:03|10|moni@forstarfoods.com|DailyCatchEntry_New.php
16 Aug 2021 13:05:05|10|moni@forstarfoods.com|DailyCatchEntry_New.php
16 Aug 2021 13:05:18|10|moni@forstarfoods.com|DailyCatchEntry_New.php
16 Aug 2021 13:05:36|10|moni@forstarfoods.com|DailyCatchEntry_New.php
16 Aug 2021 13:05:49|10|moni@forstarfoods.com|DailyCatchEntry_New.php
16 Aug 2021 13:05:53|10|moni@forstarfoods.com|DailyCatchEntry_New.php
16 Aug 2021 13:05:54|10|moni@forstarfoods.com|DailyCatchEntry_New.php
16 Aug 2021 13:05:54|10|moni@forstarfoods.com|CatchEntryDeclaredItem.php
16 Aug 2021 13:05:54|10|moni@forstarfoods.com|DailyCatchEntry_New.php
16 Aug 2021 13:05:55|10|moni@forstarfoods.com|CatchEntryDeclaredItem.php
16 Aug 2021 13:06:11|10|moni@forstarfoods.com|DailyCatchEntry_New.php
16 Aug 2021 13:06:19|10|moni@forstarfoods.com|DailyCatchEntry_New.php
16 Aug 2021 13:06:19|10|moni@forstarfoods.com|DailyCatchEntry_New.php
16 Aug 2021 13:06:19|10|moni@forstarfoods.com|DailyCatchEntry_New.php
16 Aug 2021 13:06:20|10|moni@forstarfoods.com|DailyCatchEntry_New.php
16 Aug 2021 13:06:20|10|moni@forstarfoods.com|DailyCatchEntry_New.php
16 Aug 2021 13:06:23|10|moni@forstarfoods.com|DailyCatchEntry_New.php
16 Aug 2021 13:06:23|10|moni@forstarfoods.com|DailyCatchEntry_New.php
16 Aug 2021 13:06:23|10|moni@forstarfoods.com|DailyCatchEntry_New.php
16 Aug 2021 13:06:24|10|moni@forstarfoods.com|DailyCatchEntry_New.php
16 Aug 2021 13:06:24|10|moni@forstarfoods.com|DailyCatchEntry_New.php
16 Aug 2021 13:06:29|10|moni@forstarfoods.com|DailyCatchEntry_New.php
16 Aug 2021 13:06:29|10|moni@forstarfoods.com|DailyCatchEntry_New.php
16 Aug 2021 13:06:29|10|moni@forstarfoods.com|DailyCatchEntry_New.php
16 Aug 2021 13:06:37|10|moni@forstarfoods.com|DailyCatchEntry_New.php
16 Aug 2021 13:06:40|10|moni@forstarfoods.com|DailyCatchEntry_New.php
16 Aug 2021 13:06:43|10|moni@forstarfoods.com|DailyCatchEntry_New.php
16 Aug 2021 13:06:56|24|shashikala@forstarfoods.com|DailyPreProcess.php
16 Aug 2021 13:07:03|24|shashikala@forstarfoods.com|DailyPreProcess.php
16 Aug 2021 13:07:06|24|shashikala@forstarfoods.com|DailyPreProcess.php
16 Aug 2021 13:07:08|24|shashikala@forstarfoods.com|DailyPreProcess.php
16 Aug 2021 13:07:08|10|moni@forstarfoods.com|DailyCatchEntry_New.php
16 Aug 2021 13:07:09|24|shashikala@forstarfoods.com|DailyPreProcess.php
16 Aug 2021 13:08:52|20|shiji@forstarfoods.com|SupplierAccount.php
16 Aug 2021 13:08:58|20|shiji@forstarfoods.com|SupplierAccount.php
16 Aug 2021 13:09:03|20|shiji@forstarfoods.com|SupplierAccount.php
16 Aug 2021 13:09:17|20|shiji@forstarfoods.com|DailyCatchReport.php
16 Aug 2021 13:09:23|24|shashikala@forstarfoods.com|DailyPreProcess.php
16 Aug 2021 13:09:24|20|shiji@forstarfoods.com|DailyCatchReport.php
16 Aug 2021 13:09:26|20|shiji@forstarfoods.com|DailyCatchReport.php
16 Aug 2021 13:09:28|20|shiji@forstarfoods.com|DailyCatchReport.php
16 Aug 2021 13:09:29|20|shiji@forstarfoods.com|DailyCatchReport.php
16 Aug 2021 13:09:29|20|shiji@forstarfoods.com|DailyCatchReport.php
16 Aug 2021 13:09:32|24|shashikala@forstarfoods.com|DailyPreProcess.php
16 Aug 2021 13:09:34|24|shashikala@forstarfoods.com|DailyPreProcess.php
16 Aug 2021 13:09:57|24|shashikala@forstarfoods.com|DailyPreProcess.php
16 Aug 2021 13:09:58|24|shashikala@forstarfoods.com|DailyPreProcess.php
16 Aug 2021 13:10:40|24|shashikala@forstarfoods.com|DailyPreProcess.php
16 Aug 2021 13:10:47|24|shashikala@forstarfoods.com|DailyPreProcess.php
16 Aug 2021 13:11:07|24|shashikala@forstarfoods.com|DailyPreProcess.php
16 Aug 2021 13:11:09|24|shashikala@forstarfoods.com|DailyPreProcess.php
16 Aug 2021 13:11:42|20|shiji@forstarfoods.com|PrintDailyCatchReportMemo.php
16 Aug 2021 13:12:34|24|shashikala@forstarfoods.com|DailyPreProcess.php
16 Aug 2021 13:12:50|24|shashikala@forstarfoods.com|DailyPreProcess.php
16 Aug 2021 13:12:54|24|shashikala@forstarfoods.com|DailyPreProcess.php
16 Aug 2021 13:12:55|24|shashikala@forstarfoods.com|DailyPreProcess.php
16 Aug 2021 13:14:00|20|shiji@forstarfoods.com|DailyCatchReport.php
16 Aug 2021 13:14:01|20|shiji@forstarfoods.com|DailyCatchReport.php
16 Aug 2021 13:14:01|20|shiji@forstarfoods.com|DailyCatchReport.php
16 Aug 2021 13:14:06|20|shiji@forstarfoods.com|SupplierAccount.php
16 Aug 2021 13:14:13|20|shiji@forstarfoods.com|SupplierAccount.php
16 Aug 2021 13:14:15|20|shiji@forstarfoods.com|SupplierAccount.php
16 Aug 2021 13:14:17|20|shiji@forstarfoods.com|SupplierAccount.php
16 Aug 2021 13:14:20|20|shiji@forstarfoods.com|SupplierAccount.php
16 Aug 2021 13:14:56|20|shiji@forstarfoods.com|SupplierAccount.php
16 Aug 2021 13:14:59|20|shiji@forstarfoods.com|PurchaseReport.php
16 Aug 2021 13:15:08|20|shiji@forstarfoods.com|PurchaseReport.php
16 Aug 2021 13:15:12|20|shiji@forstarfoods.com|PrintPurchaseSettlementMemo.php
16 Aug 2021 13:15:26|20|shiji@forstarfoods.com|PrintPurchaseSettlementMemo.php
16 Aug 2021 13:16:07|20|shiji@forstarfoods.com|SupplierAccount.php
16 Aug 2021 13:16:12|20|shiji@forstarfoods.com|SupplierAccount.php
16 Aug 2021 13:16:15|20|shiji@forstarfoods.com|SupplierAccount.php
16 Aug 2021 13:16:17|20|shiji@forstarfoods.com|SupplierAccount.php
16 Aug 2021 13:16:20|20|shiji@forstarfoods.com|SupplierAccount.php
16 Aug 2021 13:17:07|20|shiji@forstarfoods.com|DailyCatchReport.php
16 Aug 2021 13:17:13|20|shiji@forstarfoods.com|DailyCatchReport.php
16 Aug 2021 13:17:15|20|shiji@forstarfoods.com|DailyCatchReport.php
16 Aug 2021 13:17:17|20|shiji@forstarfoods.com|DailyCatchReport.php
16 Aug 2021 13:17:17|20|shiji@forstarfoods.com|DailyCatchReport.php
16 Aug 2021 13:17:19|20|shiji@forstarfoods.com|PrintDailyCatchReportMemo.php
16 Aug 2021 13:20:11|24|shashikala@forstarfoods.com|DailyPreProcess.php
16 Aug 2021 14:18:11|20|shiji@forstarfoods.com|Home.php
16 Aug 2021 14:24:40|20|shiji@forstarfoods.com|SupplierAccount.php
16 Aug 2021 14:24:49|20|shiji@forstarfoods.com|SupplierAccount.php
16 Aug 2021 14:24:56|20|shiji@forstarfoods.com|SupplierAccount.php
16 Aug 2021 14:25:01|20|shiji@forstarfoods.com|SupplierAccount.php
16 Aug 2021 14:25:07|20|shiji@forstarfoods.com|SupplierAccount.php
16 Aug 2021 14:25:10|20|shiji@forstarfoods.com|SupplierAccount.php
16 Aug 2021 14:25:48|20|shiji@forstarfoods.com|DailyCatchSummary.php
16 Aug 2021 14:25:49|20|shiji@forstarfoods.com|DailyCatchSummary.php
16 Aug 2021 14:26:03|20|shiji@forstarfoods.com|DailyCatchSummary.php
16 Aug 2021 14:26:05|20|shiji@forstarfoods.com|DailyCatchSummary.php
16 Aug 2021 14:26:08|20|shiji@forstarfoods.com|DailyCatchSummary.php
16 Aug 2021 14:26:11|20|shiji@forstarfoods.com|DailyCatchSummary.php
16 Aug 2021 14:26:14|20|shiji@forstarfoods.com|DailyCatchSummary.php
16 Aug 2021 14:26:55|20|shiji@forstarfoods.com|SupplierAccount.php
16 Aug 2021 14:27:51|20|shiji@forstarfoods.com|SupplierAccount.php
16 Aug 2021 14:27:55|20|shiji@forstarfoods.com|SupplierAccount.php
16 Aug 2021 14:28:01|20|shiji@forstarfoods.com|SupplierAccount.php
16 Aug 2021 14:28:05|20|shiji@forstarfoods.com|SupplierAccount.php
16 Aug 2021 14:28:10|20|shiji@forstarfoods.com|SupplierAccount.php
16 Aug 2021 14:28:21|20|shiji@forstarfoods.com|SupplierAccount.php
16 Aug 2021 14:28:47|20|shiji@forstarfoods.com|SupplierAccount.php
16 Aug 2021 14:29:05|20|shiji@forstarfoods.com|SupplierAccount.php
16 Aug 2021 14:29:15|20|shiji@forstarfoods.com|SupplierAccount.php
16 Aug 2021 14:29:21|20|shiji@forstarfoods.com|SupplierAccount.php
16 Aug 2021 14:29:51|20|shiji@forstarfoods.com|SupplierAccount.php
16 Aug 2021 14:29:55|20|shiji@forstarfoods.com|SupplierAccount.php
16 Aug 2021 14:30:23|20|shiji@forstarfoods.com|SupplierAccount.php
16 Aug 2021 14:30:27|20|shiji@forstarfoods.com|SupplierAccount.php
16 Aug 2021 14:31:36|20|shiji@forstarfoods.com|SupplierAccount.php
16 Aug 2021 14:31:39|20|shiji@forstarfoods.com|SupplierAccount.php
16 Aug 2021 14:32:14|20|shiji@forstarfoods.com|SupplierAccount.php
16 Aug 2021 14:32:17|20|shiji@forstarfoods.com|SupplierAccount.php
16 Aug 2021 14:32:41|20|shiji@forstarfoods.com|SupplierAccount.php
16 Aug 2021 14:32:45|20|shiji@forstarfoods.com|SettlementSummary.php
16 Aug 2021 14:32:58|20|shiji@forstarfoods.com|SettlementSummary.php
16 Aug 2021 14:33:01|20|shiji@forstarfoods.com|SupplierPayments.php
16 Aug 2021 14:33:02|20|shiji@forstarfoods.com|SupplierPayments.php
16 Aug 2021 14:33:02|20|shiji@forstarfoods.com|SupplierPayments.php
16 Aug 2021 14:33:07|20|shiji@forstarfoods.com|SupplierAccount.php
16 Aug 2021 14:33:16|20|shiji@forstarfoods.com|SupplierAccount.php
16 Aug 2021 14:33:19|20|shiji@forstarfoods.com|SupplierAccount.php
16 Aug 2021 14:33:23|20|shiji@forstarfoods.com|SupplierAccount.php
16 Aug 2021 14:33:26|20|shiji@forstarfoods.com|SupplierAccount.php
16 Aug 2021 14:33:29|20|shiji@forstarfoods.com|SupplierAccount.php
16 Aug 2021 14:33:32|20|shiji@forstarfoods.com|SupplierAccount.php
16 Aug 2021 14:33:50|20|shiji@forstarfoods.com|SupplierAccount.php
16 Aug 2021 14:59:12|20|shiji@forstarfoods.com|DailyCatchEntry_New.php
16 Aug 2021 14:59:14|20|shiji@forstarfoods.com|DailyCatchEntry_New.php
16 Aug 2021 14:59:15|20|shiji@forstarfoods.com|DailyCatchEntry_New.php
16 Aug 2021 14:59:15|20|shiji@forstarfoods.com|DailyCatchEntry_New.php
16 Aug 2021 14:59:15|20|shiji@forstarfoods.com|DailyCatchEntry_New.php
16 Aug 2021 14:59:16|20|shiji@forstarfoods.com|CatchEntryDeclaredItem.php
16 Aug 2021 14:59:16|20|shiji@forstarfoods.com|DailyCatchEntry_New.php
16 Aug 2021 14:59:26|20|shiji@forstarfoods.com|DailyCatchEntry_New.php
16 Aug 2021 14:59:26|20|shiji@forstarfoods.com|DailyCatchEntry_New.php
16 Aug 2021 14:59:26|20|shiji@forstarfoods.com|DailyCatchEntry_New.php
16 Aug 2021 14:59:26|20|shiji@forstarfoods.com|DailyCatchEntry_New.php
16 Aug 2021 14:59:27|20|shiji@forstarfoods.com|DailyCatchEntry_New.php
16 Aug 2021 14:59:29|20|shiji@forstarfoods.com|DailyCatchEntry_New.php
16 Aug 2021 14:59:29|20|shiji@forstarfoods.com|DailyCatchEntry_New.php
16 Aug 2021 14:59:29|20|shiji@forstarfoods.com|DailyCatchEntry_New.php
16 Aug 2021 14:59:38|20|shiji@forstarfoods.com|DailyCatchEntry_New.php
16 Aug 2021 14:59:38|20|shiji@forstarfoods.com|DailyCatchEntry_New.php
16 Aug 2021 14:59:39|20|shiji@forstarfoods.com|DailyCatchEntry_New.php
16 Aug 2021 14:59:39|20|shiji@forstarfoods.com|DailyCatchEntry_New.php
16 Aug 2021 14:59:39|20|shiji@forstarfoods.com|DailyCatchEntry_New.php
16 Aug 2021 14:59:46|20|shiji@forstarfoods.com|DailyCatchEntry_New.php
16 Aug 2021 14:59:46|20|shiji@forstarfoods.com|DailyCatchEntry_New.php
16 Aug 2021 14:59:47|20|shiji@forstarfoods.com|DailyCatchEntry_New.php
16 Aug 2021 14:59:51|20|shiji@forstarfoods.com|DailyCatchEntry_New.php
16 Aug 2021 14:59:51|20|shiji@forstarfoods.com|DailyCatchEntry_New.php
16 Aug 2021 14:59:52|20|shiji@forstarfoods.com|DailyCatchEntry_New.php
16 Aug 2021 14:59:52|20|shiji@forstarfoods.com|DailyCatchEntry_New.php
16 Aug 2021 14:59:52|20|shiji@forstarfoods.com|DailyCatchEntry_New.php
16 Aug 2021 14:59:54|20|shiji@forstarfoods.com|DailyCatchEntry_New.php
16 Aug 2021 14:59:54|20|shiji@forstarfoods.com|DailyCatchEntry_New.php
16 Aug 2021 14:59:55|20|shiji@forstarfoods.com|DailyCatchEntry_New.php
16 Aug 2021 15:03:33|20|shiji@forstarfoods.com|DailyCatchSummary.php
16 Aug 2021 15:03:36|20|shiji@forstarfoods.com|DailyCatchSummary.php
16 Aug 2021 15:03:43|20|shiji@forstarfoods.com|DailyCatchSummary.php
16 Aug 2021 15:03:45|20|shiji@forstarfoods.com|DailyCatchSummary.php
16 Aug 2021 15:03:49|20|shiji@forstarfoods.com|DailyCatchSummary.php
16 Aug 2021 15:03:52|20|shiji@forstarfoods.com|DailyCatchSummary.php
16 Aug 2021 15:03:56|20|shiji@forstarfoods.com|DailyCatchSummary.php
16 Aug 2021 15:04:20|20|shiji@forstarfoods.com|DailyCatchSummary.php
16 Aug 2021 15:04:22|20|shiji@forstarfoods.com|DailyCatchSummary.php
16 Aug 2021 15:05:40|20|shiji@forstarfoods.com|DailyCatchSummary.php
16 Aug 2021 15:05:42|20|shiji@forstarfoods.com|DailyCatchSummary.php
16 Aug 2021 15:05:46|20|shiji@forstarfoods.com|DailyCatchSummary.php
16 Aug 2021 15:05:50|20|shiji@forstarfoods.com|DailyCatchSummary.php
16 Aug 2021 15:10:40|20|shiji@forstarfoods.com|DailyCatchEntry_New.php
16 Aug 2021 15:10:50|20|shiji@forstarfoods.com|DailyCatchEntry_New.php
16 Aug 2021 15:10:50|20|shiji@forstarfoods.com|DailyCatchEntry_New.php
16 Aug 2021 15:10:51|20|shiji@forstarfoods.com|DailyCatchEntry_New.php
16 Aug 2021 15:10:59|20|shiji@forstarfoods.com|DailyCatchEntry_New.php
16 Aug 2021 15:11:03|20|shiji@forstarfoods.com|DailyCatchEntry_New.php
16 Aug 2021 15:11:07|20|shiji@forstarfoods.com|DailyCatchEntry_New.php
16 Aug 2021 15:11:07|20|shiji@forstarfoods.com|DailyCatchEntry_New.php
16 Aug 2021 15:11:07|20|shiji@forstarfoods.com|CatchEntryDeclaredItem.php
16 Aug 2021 15:11:08|20|shiji@forstarfoods.com|DailyCatchEntry_New.php
16 Aug 2021 15:11:08|20|shiji@forstarfoods.com|CatchEntryDeclaredItem.php
16 Aug 2021 15:11:14|20|shiji@forstarfoods.com|DailyCatchEntry_New.php
16 Aug 2021 15:11:14|20|shiji@forstarfoods.com|DailyCatchEntry_New.php
16 Aug 2021 15:11:15|20|shiji@forstarfoods.com|DailyCatchEntry_New.php
16 Aug 2021 15:11:15|20|shiji@forstarfoods.com|DailyCatchEntry_New.php
16 Aug 2021 15:11:15|20|shiji@forstarfoods.com|DailyCatchEntry_New.php
16 Aug 2021 15:11:19|20|shiji@forstarfoods.com|DailyCatchEntry_New.php
16 Aug 2021 15:11:20|20|shiji@forstarfoods.com|DailyCatchEntry_New.php
16 Aug 2021 15:11:20|20|shiji@forstarfoods.com|DailyCatchEntry_New.php
16 Aug 2021 15:11:20|20|shiji@forstarfoods.com|DailyCatchEntry_New.php
16 Aug 2021 15:11:21|20|shiji@forstarfoods.com|DailyCatchEntry_New.php
16 Aug 2021 15:11:24|20|shiji@forstarfoods.com|DailyCatchEntry_New.php
16 Aug 2021 15:11:24|20|shiji@forstarfoods.com|DailyCatchEntry_New.php
16 Aug 2021 15:11:24|20|shiji@forstarfoods.com|DailyCatchEntry_New.php
16 Aug 2021 15:11:31|20|shiji@forstarfoods.com|DailyCatchEntry_New.php
16 Aug 2021 15:11:33|20|shiji@forstarfoods.com|DailyCatchEntry_New.php
16 Aug 2021 15:11:34|20|shiji@forstarfoods.com|DailyCatchEntry_New.php
16 Aug 2021 15:11:44|20|shiji@forstarfoods.com|DailyCatchEntry_New.php
16 Aug 2021 15:11:45|20|shiji@forstarfoods.com|DailyCatchEntry_New.php
16 Aug 2021 15:11:46|20|shiji@forstarfoods.com|DailyCatchEntry_New.php
16 Aug 2021 15:11:56|20|shiji@forstarfoods.com|DailyCatchEntry_New.php
16 Aug 2021 15:11:59|20|shiji@forstarfoods.com|DailyCatchEntry_New.php
16 Aug 2021 15:12:00|20|shiji@forstarfoods.com|CatchEntryDeclaredItem.php
16 Aug 2021 15:12:00|20|shiji@forstarfoods.com|DailyCatchEntry_New.php
16 Aug 2021 15:12:00|20|shiji@forstarfoods.com|CatchEntryDeclaredItem.php
16 Aug 2021 15:12:01|20|shiji@forstarfoods.com|DailyCatchEntry_New.php
16 Aug 2021 15:12:07|20|shiji@forstarfoods.com|DailyCatchEntry_New.php
16 Aug 2021 15:12:07|20|shiji@forstarfoods.com|DailyCatchEntry_New.php
16 Aug 2021 15:12:07|20|shiji@forstarfoods.com|DailyCatchEntry_New.php
16 Aug 2021 15:12:08|20|shiji@forstarfoods.com|DailyCatchEntry_New.php
16 Aug 2021 15:12:08|20|shiji@forstarfoods.com|DailyCatchEntry_New.php
16 Aug 2021 15:12:11|20|shiji@forstarfoods.com|DailyCatchEntry_New.php
16 Aug 2021 15:12:11|20|shiji@forstarfoods.com|DailyCatchEntry_New.php
16 Aug 2021 15:12:11|20|shiji@forstarfoods.com|DailyCatchEntry_New.php
16 Aug 2021 15:12:11|20|shiji@forstarfoods.com|DailyCatchEntry_New.php
16 Aug 2021 15:12:12|20|shiji@forstarfoods.com|DailyCatchEntry_New.php
16 Aug 2021 15:12:15|20|shiji@forstarfoods.com|DailyCatchEntry_New.php
16 Aug 2021 15:12:15|20|shiji@forstarfoods.com|DailyCatchEntry_New.php
16 Aug 2021 15:12:15|20|shiji@forstarfoods.com|DailyCatchEntry_New.php
16 Aug 2021 15:12:19|20|shiji@forstarfoods.com|DailyCatchEntry_New.php
16 Aug 2021 15:12:26|20|shiji@forstarfoods.com|DailyCatchEntry_New.php
16 Aug 2021 15:12:28|20|shiji@forstarfoods.com|DailyCatchEntry_New.php
16 Aug 2021 15:12:40|20|shiji@forstarfoods.com|DailyCatchEntry_New.php
16 Aug 2021 15:12:44|20|shiji@forstarfoods.com|DailyCatchEntry_New.php
16 Aug 2021 15:12:44|20|shiji@forstarfoods.com|DailyCatchEntry_New.php
16 Aug 2021 15:12:45|20|shiji@forstarfoods.com|CatchEntryDeclaredItem.php
16 Aug 2021 15:12:45|20|shiji@forstarfoods.com|DailyCatchEntry_New.php
16 Aug 2021 15:12:45|20|shiji@forstarfoods.com|CatchEntryDeclaredItem.php
16 Aug 2021 15:12:51|20|shiji@forstarfoods.com|DailyCatchEntry_New.php
16 Aug 2021 15:12:52|20|shiji@forstarfoods.com|DailyCatchEntry_New.php
16 Aug 2021 15:12:52|20|shiji@forstarfoods.com|DailyCatchEntry_New.php
16 Aug 2021 15:12:52|20|shiji@forstarfoods.com|DailyCatchEntry_New.php
16 Aug 2021 15:12:53|20|shiji@forstarfoods.com|DailyCatchEntry_New.php
16 Aug 2021 15:12:54|20|shiji@forstarfoods.com|DailyCatchEntry_New.php
16 Aug 2021 15:12:54|20|shiji@forstarfoods.com|DailyCatchEntry_New.php
16 Aug 2021 15:12:55|20|shiji@forstarfoods.com|DailyCatchEntry_New.php
16 Aug 2021 15:12:55|20|shiji@forstarfoods.com|DailyCatchEntry_New.php
16 Aug 2021 15:12:55|20|shiji@forstarfoods.com|DailyCatchEntry_New.php
16 Aug 2021 15:12:58|20|shiji@forstarfoods.com|DailyCatchEntry_New.php
16 Aug 2021 15:12:58|20|shiji@forstarfoods.com|DailyCatchEntry_New.php
16 Aug 2021 15:12:58|20|shiji@forstarfoods.com|DailyCatchEntry_New.php
16 Aug 2021 15:13:02|20|shiji@forstarfoods.com|DailyCatchEntry_New.php
16 Aug 2021 15:13:04|20|shiji@forstarfoods.com|DailyCatchEntry_New.php
16 Aug 2021 15:13:06|20|shiji@forstarfoods.com|DailyCatchEntry_New.php
16 Aug 2021 15:13:15|20|shiji@forstarfoods.com|DailyCatchEntry_New.php
16 Aug 2021 15:13:19|20|shiji@forstarfoods.com|DailyCatchEntry_New.php
16 Aug 2021 15:13:19|20|shiji@forstarfoods.com|DailyCatchEntry_New.php
16 Aug 2021 15:13:19|20|shiji@forstarfoods.com|CatchEntryDeclaredItem.php
16 Aug 2021 15:13:20|20|shiji@forstarfoods.com|DailyCatchEntry_New.php
16 Aug 2021 15:13:20|20|shiji@forstarfoods.com|CatchEntryDeclaredItem.php
16 Aug 2021 15:13:49|20|shiji@forstarfoods.com|DailyCatchEntry_New.php
16 Aug 2021 15:13:49|20|shiji@forstarfoods.com|DailyCatchEntry_New.php
16 Aug 2021 15:13:49|20|shiji@forstarfoods.com|DailyCatchEntry_New.php
16 Aug 2021 15:13:50|20|shiji@forstarfoods.com|DailyCatchEntry_New.php
16 Aug 2021 15:13:50|20|shiji@forstarfoods.com|DailyCatchEntry_New.php
16 Aug 2021 15:13:52|20|shiji@forstarfoods.com|DailyCatchEntry_New.php
16 Aug 2021 15:13:52|20|shiji@forstarfoods.com|DailyCatchEntry_New.php
16 Aug 2021 15:13:52|20|shiji@forstarfoods.com|DailyCatchEntry_New.php
16 Aug 2021 15:13:52|20|shiji@forstarfoods.com|DailyCatchEntry_New.php
16 Aug 2021 15:13:53|20|shiji@forstarfoods.com|DailyCatchEntry_New.php
16 Aug 2021 15:13:55|20|shiji@forstarfoods.com|DailyCatchEntry_New.php
16 Aug 2021 15:13:55|20|shiji@forstarfoods.com|DailyCatchEntry_New.php
16 Aug 2021 15:13:55|20|shiji@forstarfoods.com|DailyCatchEntry_New.php
16 Aug 2021 15:14:00|20|shiji@forstarfoods.com|DailyCatchEntry_New.php
16 Aug 2021 15:14:02|20|shiji@forstarfoods.com|DailyCatchEntry_New.php
16 Aug 2021 15:14:04|20|shiji@forstarfoods.com|DailyCatchEntry_New.php
16 Aug 2021 15:14:24|20|shiji@forstarfoods.com|DailyCatchEntry_New.php
16 Aug 2021 15:14:25|20|shiji@forstarfoods.com|DailyCatchEntry_New.php
16 Aug 2021 15:14:26|20|shiji@forstarfoods.com|DailyCatchEntry_New.php
16 Aug 2021 15:14:33|20|shiji@forstarfoods.com|DailyCatchEntry_New.php
16 Aug 2021 15:15:08|20|shiji@forstarfoods.com|DailyCatchSummary.php
16 Aug 2021 15:15:10|20|shiji@forstarfoods.com|DailyCatchSummary.php
16 Aug 2021 15:15:19|20|shiji@forstarfoods.com|DailyCatchSummary.php
16 Aug 2021 15:15:20|20|shiji@forstarfoods.com|DailyCatchSummary.php
16 Aug 2021 15:15:23|20|shiji@forstarfoods.com|DailyCatchSummary.php
16 Aug 2021 15:15:25|20|shiji@forstarfoods.com|DailyCatchSummary.php
16 Aug 2021 15:15:29|20|shiji@forstarfoods.com|DailyCatchSummary.php
16 Aug 2021 15:16:09|20|shiji@forstarfoods.com|DailyCatchReport.php
16 Aug 2021 15:16:56|20|shiji@forstarfoods.com|DailyCatchReport.php
16 Aug 2021 15:16:59|20|shiji@forstarfoods.com|DailyCatchReport.php
16 Aug 2021 15:17:00|20|shiji@forstarfoods.com|DailyCatchReport.php
16 Aug 2021 15:17:00|20|shiji@forstarfoods.com|DailyCatchReport.php
16 Aug 2021 15:17:05|20|shiji@forstarfoods.com|PrintDailyCatchReportMemo.php
16 Aug 2021 15:18:55|20|shiji@forstarfoods.com|PrintDailyCatchReportMemo.php
16 Aug 2021 15:19:13|20|shiji@forstarfoods.com|DailyCatchReport.php
16 Aug 2021 15:19:15|20|shiji@forstarfoods.com|DailyCatchReport.php
16 Aug 2021 15:19:15|20|shiji@forstarfoods.com|DailyCatchReport.php
16 Aug 2021 15:19:25|20|shiji@forstarfoods.com|DailyCatchReport.php
16 Aug 2021 15:19:26|20|shiji@forstarfoods.com|DailyCatchReport.php
16 Aug 2021 15:19:27|20|shiji@forstarfoods.com|DailyCatchReport.php
16 Aug 2021 15:19:27|20|shiji@forstarfoods.com|DailyCatchReport.php
16 Aug 2021 15:19:30|20|shiji@forstarfoods.com|DailyCatchReport.php
16 Aug 2021 15:19:32|20|shiji@forstarfoods.com|DailyCatchReport.php
16 Aug 2021 15:19:32|20|shiji@forstarfoods.com|DailyCatchReport.php
16 Aug 2021 15:19:35|20|shiji@forstarfoods.com|PrintDailyCatchReportMemo.php
16 Aug 2021 15:20:32|20|shiji@forstarfoods.com|DailyCatchReport.php
16 Aug 2021 15:20:33|20|shiji@forstarfoods.com|DailyCatchReport.php
16 Aug 2021 15:20:33|20|shiji@forstarfoods.com|DailyCatchReport.php
16 Aug 2021 15:20:47|20|shiji@forstarfoods.com|DailyCatchReport.php
16 Aug 2021 15:20:49|20|shiji@forstarfoods.com|DailyCatchReport.php
16 Aug 2021 15:20:50|20|shiji@forstarfoods.com|DailyCatchReport.php
16 Aug 2021 15:20:51|20|shiji@forstarfoods.com|DailyCatchReport.php
16 Aug 2021 15:20:51|20|shiji@forstarfoods.com|DailyCatchReport.php
16 Aug 2021 15:20:53|20|shiji@forstarfoods.com|PrintDailyCatchReportMemo.php
16 Aug 2021 15:21:21|20|shiji@forstarfoods.com|DailyCatchReport.php
16 Aug 2021 15:21:22|20|shiji@forstarfoods.com|DailyCatchReport.php
16 Aug 2021 15:21:22|20|shiji@forstarfoods.com|DailyCatchReport.php
16 Aug 2021 15:21:33|20|shiji@forstarfoods.com|DailyCatchReport.php
16 Aug 2021 15:21:34|20|shiji@forstarfoods.com|DailyCatchReport.php
16 Aug 2021 15:21:35|20|shiji@forstarfoods.com|DailyCatchReport.php
16 Aug 2021 15:21:35|20|shiji@forstarfoods.com|DailyCatchReport.php
16 Aug 2021 15:21:37|20|shiji@forstarfoods.com|DailyCatchReport.php
16 Aug 2021 15:21:38|20|shiji@forstarfoods.com|DailyCatchReport.php
16 Aug 2021 15:21:38|20|shiji@forstarfoods.com|DailyCatchReport.php
16 Aug 2021 15:21:42|20|shiji@forstarfoods.com|PrintDailyCatchReportMemo.php
16 Aug 2021 15:22:16|20|shiji@forstarfoods.com|DailyCatchReport.php
16 Aug 2021 15:22:17|20|shiji@forstarfoods.com|DailyCatchReport.php
16 Aug 2021 15:22:17|20|shiji@forstarfoods.com|DailyCatchReport.php
16 Aug 2021 15:22:26|20|shiji@forstarfoods.com|DailyCatchReport.php
16 Aug 2021 15:22:27|20|shiji@forstarfoods.com|DailyCatchReport.php
16 Aug 2021 15:22:28|20|shiji@forstarfoods.com|DailyCatchReport.php
16 Aug 2021 15:22:29|20|shiji@forstarfoods.com|DailyCatchReport.php
16 Aug 2021 15:22:31|20|shiji@forstarfoods.com|DailyCatchReport.php
16 Aug 2021 15:22:32|20|shiji@forstarfoods.com|DailyCatchReport.php
16 Aug 2021 15:22:32|20|shiji@forstarfoods.com|DailyCatchReport.php
16 Aug 2021 15:22:34|20|shiji@forstarfoods.com|PrintDailyCatchReportMemo.php
16 Aug 2021 15:23:18|20|shiji@forstarfoods.com|DailyCatchReport.php
16 Aug 2021 15:23:19|20|shiji@forstarfoods.com|DailyCatchReport.php
16 Aug 2021 15:23:19|20|shiji@forstarfoods.com|DailyCatchReport.php
16 Aug 2021 15:23:27|20|shiji@forstarfoods.com|DailyCatchReport.php
16 Aug 2021 15:23:28|20|shiji@forstarfoods.com|DailyCatchReport.php
16 Aug 2021 15:23:29|20|shiji@forstarfoods.com|DailyCatchReport.php
16 Aug 2021 15:23:29|20|shiji@forstarfoods.com|DailyCatchReport.php
16 Aug 2021 15:23:31|20|shiji@forstarfoods.com|DailyCatchReport.php
16 Aug 2021 15:23:32|20|shiji@forstarfoods.com|DailyCatchReport.php
16 Aug 2021 15:23:32|20|shiji@forstarfoods.com|DailyCatchReport.php
16 Aug 2021 15:23:35|20|shiji@forstarfoods.com|PrintDailyCatchReportMemo.php
16 Aug 2021 15:24:10|20|shiji@forstarfoods.com|DailyCatchReport.php
16 Aug 2021 15:24:11|20|shiji@forstarfoods.com|DailyCatchReport.php
16 Aug 2021 15:24:12|20|shiji@forstarfoods.com|DailyCatchReport.php
16 Aug 2021 15:24:20|20|shiji@forstarfoods.com|DailyCatchReport.php
16 Aug 2021 15:24:21|20|shiji@forstarfoods.com|DailyCatchReport.php
16 Aug 2021 15:24:22|20|shiji@forstarfoods.com|DailyCatchReport.php
16 Aug 2021 15:24:22|20|shiji@forstarfoods.com|DailyCatchReport.php
16 Aug 2021 15:24:25|20|shiji@forstarfoods.com|DailyCatchReport.php
16 Aug 2021 15:24:26|20|shiji@forstarfoods.com|DailyCatchReport.php
16 Aug 2021 15:24:26|20|shiji@forstarfoods.com|DailyCatchReport.php
16 Aug 2021 15:24:30|20|shiji@forstarfoods.com|PrintDailyCatchReportMemo.php
16 Aug 2021 15:24:51|20|shiji@forstarfoods.com|DailyCatchReport.php
16 Aug 2021 15:24:52|20|shiji@forstarfoods.com|DailyCatchReport.php
16 Aug 2021 15:24:52|20|shiji@forstarfoods.com|DailyCatchReport.php
16 Aug 2021 15:25:08|20|shiji@forstarfoods.com|SupplierMaster.php
16 Aug 2021 15:25:11|20|shiji@forstarfoods.com|SupplierMaster.php
16 Aug 2021 15:25:28|20|shiji@forstarfoods.com|SupplierMaster.php
16 Aug 2021 15:25:33|20|shiji@forstarfoods.com|SupplierMaster.php
16 Aug 2021 15:25:38|20|shiji@forstarfoods.com|SupplierMaster.php
16 Aug 2021 15:25:42|20|shiji@forstarfoods.com|SupplierMaster.php
16 Aug 2021 15:25:47|20|shiji@forstarfoods.com|SupplierMaster.php
16 Aug 2021 15:26:07|20|shiji@forstarfoods.com|SupplierMaster.php
16 Aug 2021 15:26:21|20|shiji@forstarfoods.com|SupplierMaster.php
16 Aug 2021 15:28:57|20|shiji@forstarfoods.com|SupplierMaster.php
16 Aug 2021 15:29:01|20|shiji@forstarfoods.com|SupplierMaster.php
16 Aug 2021 15:29:38|20|shiji@forstarfoods.com|SupplierMaster.php
16 Aug 2021 15:29:54|20|shiji@forstarfoods.com|SupplierMaster.php
16 Aug 2021 15:29:57|20|shiji@forstarfoods.com|SupplierMaster.php
16 Aug 2021 15:30:13|20|shiji@forstarfoods.com|DailyCatchEntry_New.php
16 Aug 2021 15:30:15|20|shiji@forstarfoods.com|DailyCatchEntry_New.php
16 Aug 2021 15:30:16|20|shiji@forstarfoods.com|DailyCatchEntry_New.php
16 Aug 2021 15:30:16|20|shiji@forstarfoods.com|DailyCatchEntry_New.php
16 Aug 2021 15:30:16|20|shiji@forstarfoods.com|DailyCatchEntry_New.php
16 Aug 2021 15:30:17|20|shiji@forstarfoods.com|CatchEntryDeclaredItem.php
16 Aug 2021 15:30:17|20|shiji@forstarfoods.com|DailyCatchEntry_New.php
16 Aug 2021 15:30:21|20|shiji@forstarfoods.com|DailyCatchEntry_New.php
16 Aug 2021 15:30:21|20|shiji@forstarfoods.com|DailyCatchEntry_New.php
16 Aug 2021 15:30:21|20|shiji@forstarfoods.com|DailyCatchEntry_New.php
16 Aug 2021 15:30:29|20|shiji@forstarfoods.com|DailyCatchEntry_New.php
16 Aug 2021 15:30:39|20|shiji@forstarfoods.com|DailyCatchEntry_New.php
16 Aug 2021 15:30:39|20|shiji@forstarfoods.com|CatchEntryDeclaredItem.php
16 Aug 2021 15:30:57|20|shiji@forstarfoods.com|DailyCatchEntry_New.php
16 Aug 2021 15:30:59|20|shiji@forstarfoods.com|DailyCatchEntry_New.php
16 Aug 2021 15:30:59|20|shiji@forstarfoods.com|DailyCatchEntry_New.php
16 Aug 2021 15:31:08|20|shiji@forstarfoods.com|DailyCatchEntry_New.php
16 Aug 2021 15:31:09|20|shiji@forstarfoods.com|DailyCatchEntry_New.php
16 Aug 2021 15:31:25|20|shiji@forstarfoods.com|DailyCatchEntry_New.php
16 Aug 2021 15:31:25|20|shiji@forstarfoods.com|DailyCatchEntry_New.php
16 Aug 2021 15:31:25|20|shiji@forstarfoods.com|DailyCatchEntry_New.php
16 Aug 2021 15:31:25|20|shiji@forstarfoods.com|DailyCatchEntry_New.php
16 Aug 2021 15:31:28|20|shiji@forstarfoods.com|DailyCatchEntry_New.php
16 Aug 2021 15:31:29|20|shiji@forstarfoods.com|DailyCatchEntry_New.php
16 Aug 2021 15:31:54|20|shiji@forstarfoods.com|DailyCatchEntry_New.php
16 Aug 2021 15:31:55|20|shiji@forstarfoods.com|DailyCatchEntry_New.php
16 Aug 2021 15:31:56|20|shiji@forstarfoods.com|CatchEntryDeclaredItem.php
16 Aug 2021 15:32:07|20|shiji@forstarfoods.com|DailyCatchEntry_New.php
16 Aug 2021 15:32:08|20|shiji@forstarfoods.com|DailyCatchEntry_New.php
16 Aug 2021 15:32:12|20|shiji@forstarfoods.com|DailyCatchEntry_New.php
16 Aug 2021 15:32:12|20|shiji@forstarfoods.com|DailyCatchEntry_New.php
16 Aug 2021 15:32:12|20|shiji@forstarfoods.com|DailyCatchEntry_New.php
16 Aug 2021 15:32:13|20|shiji@forstarfoods.com|DailyCatchEntry_New.php
16 Aug 2021 15:32:15|20|shiji@forstarfoods.com|DailyCatchEntry_New.php
16 Aug 2021 15:32:15|20|shiji@forstarfoods.com|DailyCatchEntry_New.php
16 Aug 2021 15:32:38|20|shiji@forstarfoods.com|DailyCatchEntry_New.php
16 Aug 2021 15:32:39|20|shiji@forstarfoods.com|DailyCatchEntry_New.php
16 Aug 2021 15:32:40|20|shiji@forstarfoods.com|CatchEntryDeclaredItem.php
16 Aug 2021 15:35:16|20|shiji@forstarfoods.com|DailyCatchEntry_New.php
16 Aug 2021 15:37:27|20|shiji@forstarfoods.com|DailyCatchReport.php
16 Aug 2021 15:37:36|20|shiji@forstarfoods.com|DailyCatchReport.php
16 Aug 2021 15:37:38|20|shiji@forstarfoods.com|DailyCatchReport.php
16 Aug 2021 15:37:40|20|shiji@forstarfoods.com|DailyCatchReport.php
16 Aug 2021 15:37:40|20|shiji@forstarfoods.com|DailyCatchReport.php
16 Aug 2021 15:37:55|20|shiji@forstarfoods.com|PrintDailyCatchReportMemo.php
16 Aug 2021 15:38:20|20|shiji@forstarfoods.com|PrintDailyCatchReportMemo.php
16 Aug 2021 15:39:00|20|shiji@forstarfoods.com|DailyCatchReport.php
16 Aug 2021 15:39:01|20|shiji@forstarfoods.com|DailyCatchReport.php
16 Aug 2021 15:39:02|20|shiji@forstarfoods.com|DailyCatchReport.php
16 Aug 2021 15:39:16|20|shiji@forstarfoods.com|DailyCatchReport.php
16 Aug 2021 15:39:17|20|shiji@forstarfoods.com|DailyCatchReport.php
16 Aug 2021 15:39:19|20|shiji@forstarfoods.com|DailyCatchReport.php
16 Aug 2021 15:39:19|20|shiji@forstarfoods.com|DailyCatchReport.php
16 Aug 2021 15:39:22|20|shiji@forstarfoods.com|PrintDailyCatchReportMemo.php
16 Aug 2021 15:39:44|20|shiji@forstarfoods.com|PrintDailyCatchReportMemo.php
16 Aug 2021 15:40:09|20|shiji@forstarfoods.com|DailyCatchReport.php
16 Aug 2021 15:40:11|20|shiji@forstarfoods.com|DailyCatchReport.php
16 Aug 2021 15:40:11|20|shiji@forstarfoods.com|DailyCatchReport.php
16 Aug 2021 15:40:18|20|shiji@forstarfoods.com|DailyCatchReport.php
16 Aug 2021 15:40:19|20|shiji@forstarfoods.com|DailyCatchReport.php
16 Aug 2021 15:40:20|20|shiji@forstarfoods.com|DailyCatchReport.php
16 Aug 2021 15:40:21|20|shiji@forstarfoods.com|DailyCatchReport.php
16 Aug 2021 15:40:28|20|shiji@forstarfoods.com|PrintDailyCatchReportMemo.php
16 Aug 2021 15:41:04|20|shiji@forstarfoods.com|PrintDailyCatchReportMemo.php
16 Aug 2021 15:41:55|20|shiji@forstarfoods.com|DailyCatchReport.php
16 Aug 2021 15:41:57|20|shiji@forstarfoods.com|DailyCatchReport.php
16 Aug 2021 15:41:57|20|shiji@forstarfoods.com|DailyCatchReport.php
16 Aug 2021 15:42:05|20|shiji@forstarfoods.com|DailyCatchReport.php
16 Aug 2021 15:42:06|20|shiji@forstarfoods.com|DailyCatchReport.php
16 Aug 2021 15:42:07|20|shiji@forstarfoods.com|DailyCatchReport.php
16 Aug 2021 15:42:07|20|shiji@forstarfoods.com|DailyCatchReport.php
16 Aug 2021 15:42:09|20|shiji@forstarfoods.com|PrintDailyCatchReportMemo.php
16 Aug 2021 15:42:30|20|shiji@forstarfoods.com|PrintDailyCatchReportMemo.php
16 Aug 2021 15:43:00|20|shiji@forstarfoods.com|DailyCatchReport.php
16 Aug 2021 15:43:01|20|shiji@forstarfoods.com|DailyCatchReport.php
16 Aug 2021 15:43:02|20|shiji@forstarfoods.com|DailyCatchReport.php
16 Aug 2021 15:43:07|20|shiji@forstarfoods.com|DailyCatchReport.php
16 Aug 2021 15:43:08|20|shiji@forstarfoods.com|DailyCatchReport.php
16 Aug 2021 15:43:09|20|shiji@forstarfoods.com|DailyCatchReport.php
16 Aug 2021 15:43:10|20|shiji@forstarfoods.com|DailyCatchReport.php
16 Aug 2021 15:43:12|20|shiji@forstarfoods.com|PrintDailyCatchReportMemo.php
16 Aug 2021 15:43:20|20|shiji@forstarfoods.com|PrintDailyCatchReportMemo.php
16 Aug 2021 15:44:19|20|shiji@forstarfoods.com|DailyCatchEntry_New.php
16 Aug 2021 15:44:24|20|shiji@forstarfoods.com|DailyCatchEntry_New.php
16 Aug 2021 15:44:24|20|shiji@forstarfoods.com|DailyCatchEntry_New.php
16 Aug 2021 15:44:25|20|shiji@forstarfoods.com|DailyCatchEntry_New.php
16 Aug 2021 16:08:32|20|shiji@forstarfoods.com|DailyCatchEntry_New.php
16 Aug 2021 16:08:32|20|shiji@forstarfoods.com|DailyCatchEntry_New.php
16 Aug 2021 16:08:32|20|shiji@forstarfoods.com|DailyCatchEntry_New.php
16 Aug 2021 16:08:33|20|shiji@forstarfoods.com|DailyCatchEntry_New.php
16 Aug 2021 16:08:46|20|shiji@forstarfoods.com|DailyCatchEntry_New.php
16 Aug 2021 16:08:56|20|shiji@forstarfoods.com|DailyCatchEntry_New.php
16 Aug 2021 16:08:56|20|shiji@forstarfoods.com|DailyCatchEntry_New.php
16 Aug 2021 16:08:57|20|shiji@forstarfoods.com|DailyCatchEntry_New.php
16 Aug 2021 16:09:49|20|shiji@forstarfoods.com|DailyCatchEntry_New.php
16 Aug 2021 16:09:49|20|shiji@forstarfoods.com|DailyCatchEntry_New.php
16 Aug 2021 16:09:51|20|shiji@forstarfoods.com|DailyCatchEntry_New.php
16 Aug 2021 16:09:57|20|shiji@forstarfoods.com|DailyCatchEntry_New.php
16 Aug 2021 16:10:00|20|shiji@forstarfoods.com|DailyCatchEntry_New.php
16 Aug 2021 16:10:01|20|shiji@forstarfoods.com|DailyCatchEntry_New.php
16 Aug 2021 16:10:01|20|shiji@forstarfoods.com|CatchEntryDeclaredItem.php
16 Aug 2021 16:10:01|20|shiji@forstarfoods.com|DailyCatchEntry_New.php
16 Aug 2021 16:10:02|20|shiji@forstarfoods.com|CatchEntryDeclaredItem.php
16 Aug 2021 16:10:31|20|shiji@forstarfoods.com|DailyCatchEntry_New.php
16 Aug 2021 16:10:32|20|shiji@forstarfoods.com|DailyCatchEntry_New.php
16 Aug 2021 16:10:33|20|shiji@forstarfoods.com|CatchEntryDeclaredItem.php
16 Aug 2021 16:10:44|20|shiji@forstarfoods.com|DailyCatchEntry_New.php
16 Aug 2021 16:10:45|20|shiji@forstarfoods.com|DailyCatchEntry_New.php
16 Aug 2021 16:11:02|20|shiji@forstarfoods.com|DailyCatchEntry_New.php
16 Aug 2021 16:11:03|20|shiji@forstarfoods.com|DailyCatchEntry_New.php
16 Aug 2021 16:11:05|20|shiji@forstarfoods.com|DailyCatchEntry_New.php
16 Aug 2021 16:11:24|20|shiji@forstarfoods.com|DailyCatchReport.php
16 Aug 2021 16:11:33|20|shiji@forstarfoods.com|DailyCatchReport.php
16 Aug 2021 16:11:35|20|shiji@forstarfoods.com|DailyCatchReport.php
16 Aug 2021 16:11:37|20|shiji@forstarfoods.com|DailyCatchReport.php
16 Aug 2021 16:11:37|20|shiji@forstarfoods.com|DailyCatchReport.php
16 Aug 2021 16:11:39|20|shiji@forstarfoods.com|PrintDailyCatchReportMemo.php
16 Aug 2021 16:11:45|20|shiji@forstarfoods.com|PrintDailyCatchReportMemo.php
16 Aug 2021 16:12:52|20|shiji@forstarfoods.com|DailyCatchReport.php
16 Aug 2021 16:12:53|20|shiji@forstarfoods.com|DailyCatchReport.php
16 Aug 2021 16:12:53|20|shiji@forstarfoods.com|DailyCatchReport.php
16 Aug 2021 16:13:18|20|shiji@forstarfoods.com|DailyCatchReport.php
16 Aug 2021 16:13:20|20|shiji@forstarfoods.com|DailyCatchReport.php
16 Aug 2021 16:13:27|20|shiji@forstarfoods.com|DailyCatchReport.php
16 Aug 2021 16:13:28|20|shiji@forstarfoods.com|DailyCatchReport.php
16 Aug 2021 16:13:29|20|shiji@forstarfoods.com|DailyCatchReport.php
16 Aug 2021 16:13:37|20|shiji@forstarfoods.com|DailyCatchEntry_New.php
16 Aug 2021 16:13:40|20|shiji@forstarfoods.com|DailyCatchEntry_New.php
16 Aug 2021 16:13:40|20|shiji@forstarfoods.com|DailyCatchEntry_New.php
16 Aug 2021 16:13:41|20|shiji@forstarfoods.com|DailyCatchEntry_New.php
16 Aug 2021 16:14:01|20|shiji@forstarfoods.com|DailyCatchEntry_New.php
16 Aug 2021 16:14:02|20|shiji@forstarfoods.com|DailyCatchEntry_New.php
16 Aug 2021 16:14:03|20|shiji@forstarfoods.com|DailyCatchEntry_New.php
16 Aug 2021 16:14:03|20|shiji@forstarfoods.com|DailyCatchEntry_New.php
16 Aug 2021 16:14:03|20|shiji@forstarfoods.com|CatchEntryDeclaredItem.php
16 Aug 2021 16:14:03|20|shiji@forstarfoods.com|DailyCatchEntry_New.php
16 Aug 2021 16:14:07|20|shiji@forstarfoods.com|DailyCatchReport.php
16 Aug 2021 16:14:13|20|shiji@forstarfoods.com|DailyCatchReport.php
16 Aug 2021 16:14:17|20|shiji@forstarfoods.com|DailyCatchReport.php
16 Aug 2021 16:14:19|20|shiji@forstarfoods.com|DailyCatchReport.php
16 Aug 2021 16:14:20|20|shiji@forstarfoods.com|DailyCatchReport.php
16 Aug 2021 16:14:21|20|shiji@forstarfoods.com|DailyCatchReport.php
16 Aug 2021 16:14:27|20|shiji@forstarfoods.com|DailyCatchEntry_New.php
16 Aug 2021 16:14:28|20|shiji@forstarfoods.com|DailyCatchEntry_New.php
16 Aug 2021 16:14:29|20|shiji@forstarfoods.com|DailyCatchEntry_New.php
16 Aug 2021 16:14:30|20|shiji@forstarfoods.com|DailyCatchEntry_New.php
16 Aug 2021 16:14:30|20|shiji@forstarfoods.com|CatchEntryDeclaredItem.php
16 Aug 2021 16:14:30|20|shiji@forstarfoods.com|DailyCatchEntry_New.php
16 Aug 2021 16:14:31|20|shiji@forstarfoods.com|DailyCatchEntry_New.php
16 Aug 2021 16:14:32|20|shiji@forstarfoods.com|DailyCatchEntry_New.php
16 Aug 2021 16:14:32|20|shiji@forstarfoods.com|DailyCatchEntry_New.php
16 Aug 2021 16:14:33|20|shiji@forstarfoods.com|DailyCatchEntry_New.php
16 Aug 2021 16:14:41|20|shiji@forstarfoods.com|DailyCatchEntry_New.php
16 Aug 2021 16:14:44|20|shiji@forstarfoods.com|DailyCatchEntry_New.php
16 Aug 2021 16:14:44|20|shiji@forstarfoods.com|CatchEntryDeclaredItem.php
16 Aug 2021 16:15:00|20|shiji@forstarfoods.com|DailyCatchEntry_New.php
16 Aug 2021 16:15:02|20|shiji@forstarfoods.com|DailyCatchEntry_New.php
16 Aug 2021 16:15:03|20|shiji@forstarfoods.com|DailyCatchEntry_New.php
16 Aug 2021 16:15:08|20|shiji@forstarfoods.com|DailyCatchEntry_New.php
16 Aug 2021 16:15:09|20|shiji@forstarfoods.com|DailyCatchEntry_New.php
16 Aug 2021 16:15:13|20|shiji@forstarfoods.com|DailyCatchEntry_New.php
16 Aug 2021 16:15:14|20|shiji@forstarfoods.com|DailyCatchEntry_New.php
16 Aug 2021 16:15:14|20|shiji@forstarfoods.com|DailyCatchEntry_New.php
16 Aug 2021 16:15:14|20|shiji@forstarfoods.com|DailyCatchEntry_New.php
16 Aug 2021 16:17:23|20|shiji@forstarfoods.com|DailyCatchEntry_New.php
16 Aug 2021 16:17:23|20|shiji@forstarfoods.com|DailyCatchEntry_New.php
16 Aug 2021 16:18:13|20|shiji@forstarfoods.com|DailyCatchEntry_New.php
16 Aug 2021 16:18:15|20|shiji@forstarfoods.com|DailyCatchEntry_New.php
16 Aug 2021 16:18:16|20|shiji@forstarfoods.com|CatchEntryDeclaredItem.php
16 Aug 2021 16:18:25|20|shiji@forstarfoods.com|DailyCatchEntry_New.php
16 Aug 2021 16:18:26|20|shiji@forstarfoods.com|DailyCatchEntry_New.php
16 Aug 2021 16:18:28|20|shiji@forstarfoods.com|DailyCatchEntry_New.php
16 Aug 2021 16:18:29|20|shiji@forstarfoods.com|DailyCatchEntry_New.php
16 Aug 2021 16:18:29|20|shiji@forstarfoods.com|DailyCatchEntry_New.php
16 Aug 2021 16:18:29|20|shiji@forstarfoods.com|DailyCatchEntry_New.php
16 Aug 2021 16:18:30|20|shiji@forstarfoods.com|DailyCatchEntry_New.php
16 Aug 2021 16:18:30|20|shiji@forstarfoods.com|DailyCatchEntry_New.php
16 Aug 2021 16:18:42|20|shiji@forstarfoods.com|DailyCatchEntry_New.php
16 Aug 2021 16:18:43|20|shiji@forstarfoods.com|DailyCatchEntry_New.php
16 Aug 2021 16:18:43|20|shiji@forstarfoods.com|DailyCatchEntry_New.php
16 Aug 2021 16:18:44|20|shiji@forstarfoods.com|DailyCatchEntry_New.php
16 Aug 2021 16:18:45|20|shiji@forstarfoods.com|CatchEntryDeclaredItem.php
16 Aug 2021 16:18:54|20|shiji@forstarfoods.com|DailyCatchEntry_New.php
16 Aug 2021 16:18:55|20|shiji@forstarfoods.com|DailyCatchEntry_New.php
16 Aug 2021 16:18:58|20|shiji@forstarfoods.com|DailyCatchEntry_New.php
16 Aug 2021 16:18:58|20|shiji@forstarfoods.com|DailyCatchEntry_New.php
16 Aug 2021 16:18:59|20|shiji@forstarfoods.com|DailyCatchEntry_New.php
16 Aug 2021 16:18:59|20|shiji@forstarfoods.com|DailyCatchEntry_New.php
16 Aug 2021 16:19:01|20|shiji@forstarfoods.com|DailyCatchEntry_New.php
16 Aug 2021 16:19:02|20|shiji@forstarfoods.com|DailyCatchEntry_New.php
16 Aug 2021 16:19:12|20|shiji@forstarfoods.com|DailyCatchEntry_New.php
16 Aug 2021 16:19:15|20|shiji@forstarfoods.com|DailyCatchEntry_New.php
16 Aug 2021 16:19:16|20|shiji@forstarfoods.com|CatchEntryDeclaredItem.php
16 Aug 2021 16:19:23|20|shiji@forstarfoods.com|DailyCatchEntry_New.php
16 Aug 2021 16:19:25|20|shiji@forstarfoods.com|DailyCatchEntry_New.php
16 Aug 2021 16:19:27|20|shiji@forstarfoods.com|DailyCatchEntry_New.php
16 Aug 2021 16:19:28|20|shiji@forstarfoods.com|DailyCatchEntry_New.php
16 Aug 2021 16:19:28|20|shiji@forstarfoods.com|DailyCatchEntry_New.php
16 Aug 2021 16:19:28|20|shiji@forstarfoods.com|DailyCatchEntry_New.php
16 Aug 2021 16:19:29|20|shiji@forstarfoods.com|DailyCatchEntry_New.php
16 Aug 2021 16:19:34|20|shiji@forstarfoods.com|DailyCatchEntry_New.php
16 Aug 2021 16:19:35|20|shiji@forstarfoods.com|DailyCatchEntry_New.php
16 Aug 2021 16:19:35|20|shiji@forstarfoods.com|DailyCatchEntry_New.php
16 Aug 2021 16:19:37|20|shiji@forstarfoods.com|DailyCatchEntry_New.php
16 Aug 2021 16:19:38|20|shiji@forstarfoods.com|CatchEntryDeclaredItem.php
16 Aug 2021 16:19:52|20|shiji@forstarfoods.com|DailyCatchEntry_New.php
16 Aug 2021 16:19:53|20|shiji@forstarfoods.com|DailyCatchEntry_New.php
16 Aug 2021 16:19:56|20|shiji@forstarfoods.com|DailyCatchEntry_New.php
16 Aug 2021 16:19:56|20|shiji@forstarfoods.com|DailyCatchEntry_New.php
16 Aug 2021 16:19:56|20|shiji@forstarfoods.com|DailyCatchEntry_New.php
16 Aug 2021 16:19:56|20|shiji@forstarfoods.com|DailyCatchEntry_New.php
16 Aug 2021 16:19:58|20|shiji@forstarfoods.com|DailyCatchEntry_New.php
16 Aug 2021 16:19:58|20|shiji@forstarfoods.com|DailyCatchEntry_New.php
16 Aug 2021 16:20:00|20|shiji@forstarfoods.com|DailyCatchEntry_New.php
16 Aug 2021 16:20:04|20|shiji@forstarfoods.com|DailyCatchEntry_New.php
16 Aug 2021 16:20:05|20|shiji@forstarfoods.com|CatchEntryDeclaredItem.php
16 Aug 2021 16:20:16|20|shiji@forstarfoods.com|DailyCatchReport.php
16 Aug 2021 16:20:22|20|shiji@forstarfoods.com|DailyCatchEntry_New.php
16 Aug 2021 16:20:26|20|shiji@forstarfoods.com|DailyCatchEntry_New.php
16 Aug 2021 16:20:27|20|shiji@forstarfoods.com|DailyCatchEntry_New.php
16 Aug 2021 16:20:27|20|shiji@forstarfoods.com|DailyCatchEntry_New.php
16 Aug 2021 16:20:32|20|shiji@forstarfoods.com|DailyCatchEntry_New.php
16 Aug 2021 16:20:32|20|shiji@forstarfoods.com|DailyCatchEntry_New.php
16 Aug 2021 16:20:33|20|shiji@forstarfoods.com|DailyCatchEntry_New.php
16 Aug 2021 16:20:45|20|shiji@forstarfoods.com|DailyCatchEntry_New.php
16 Aug 2021 16:20:48|20|shiji@forstarfoods.com|DailyCatchEntry_New.php
16 Aug 2021 16:20:49|20|shiji@forstarfoods.com|DailyCatchEntry_New.php
16 Aug 2021 16:20:49|20|shiji@forstarfoods.com|CatchEntryDeclaredItem.php
16 Aug 2021 16:20:49|20|shiji@forstarfoods.com|CatchEntryDeclaredItem.php
16 Aug 2021 16:20:49|20|shiji@forstarfoods.com|DailyCatchEntry_New.php
16 Aug 2021 16:21:01|20|shiji@forstarfoods.com|DailyCatchEntry_New.php
16 Aug 2021 16:21:02|20|shiji@forstarfoods.com|DailyCatchEntry_New.php
16 Aug 2021 16:21:03|20|shiji@forstarfoods.com|DailyCatchEntry_New.php
16 Aug 2021 16:21:06|20|shiji@forstarfoods.com|DailyCatchEntry_New.php
16 Aug 2021 16:21:10|20|shiji@forstarfoods.com|DailyCatchEntry_New.php
16 Aug 2021 16:21:10|20|shiji@forstarfoods.com|DailyCatchEntry_New.php
16 Aug 2021 16:21:11|20|shiji@forstarfoods.com|CatchEntryDeclaredItem.php
16 Aug 2021 16:21:11|20|shiji@forstarfoods.com|DailyCatchEntry_New.php
16 Aug 2021 16:21:11|20|shiji@forstarfoods.com|CatchEntryDeclaredItem.php
16 Aug 2021 16:21:19|20|shiji@forstarfoods.com|DailyCatchEntry_New.php
16 Aug 2021 16:21:22|20|shiji@forstarfoods.com|DailyCatchEntry_New.php
16 Aug 2021 16:21:24|20|shiji@forstarfoods.com|DailyCatchEntry_New.php
16 Aug 2021 16:21:28|20|shiji@forstarfoods.com|DailyCatchEntry_New.php
16 Aug 2021 16:21:32|20|shiji@forstarfoods.com|DailyCatchEntry_New.php
16 Aug 2021 16:21:32|20|shiji@forstarfoods.com|DailyCatchEntry_New.php
16 Aug 2021 16:21:32|20|shiji@forstarfoods.com|CatchEntryDeclaredItem.php
16 Aug 2021 16:21:32|20|shiji@forstarfoods.com|DailyCatchEntry_New.php
16 Aug 2021 16:21:33|20|shiji@forstarfoods.com|CatchEntryDeclaredItem.php
16 Aug 2021 16:21:43|20|shiji@forstarfoods.com|DailyCatchEntry_New.php
16 Aug 2021 16:21:45|20|shiji@forstarfoods.com|DailyCatchEntry_New.php
16 Aug 2021 16:21:47|20|shiji@forstarfoods.com|DailyCatchEntry_New.php
16 Aug 2021 16:21:51|20|shiji@forstarfoods.com|DailyCatchEntry_New.php
16 Aug 2021 16:21:54|20|shiji@forstarfoods.com|DailyCatchEntry_New.php
16 Aug 2021 16:21:54|20|shiji@forstarfoods.com|DailyCatchEntry_New.php
16 Aug 2021 16:21:55|20|shiji@forstarfoods.com|CatchEntryDeclaredItem.php
16 Aug 2021 16:21:55|20|shiji@forstarfoods.com|DailyCatchEntry_New.php
16 Aug 2021 16:21:55|20|shiji@forstarfoods.com|CatchEntryDeclaredItem.php
16 Aug 2021 16:22:04|20|shiji@forstarfoods.com|DailyCatchEntry_New.php
16 Aug 2021 16:22:06|20|shiji@forstarfoods.com|DailyCatchEntry_New.php
16 Aug 2021 16:22:07|20|shiji@forstarfoods.com|DailyCatchEntry_New.php
16 Aug 2021 16:44:28|20|shiji@forstarfoods.com|DailyCatchReport.php
16 Aug 2021 16:44:38|20|shiji@forstarfoods.com|DailyCatchReport.php
16 Aug 2021 16:44:42|20|shiji@forstarfoods.com|DailyCatchReport.php
16 Aug 2021 16:44:43|20|shiji@forstarfoods.com|DailyCatchReport.php
16 Aug 2021 16:44:44|20|shiji@forstarfoods.com|DailyCatchReport.php
16 Aug 2021 16:44:45|20|shiji@forstarfoods.com|DailyCatchReport.php
16 Aug 2021 16:44:49|20|shiji@forstarfoods.com|PrintDailyCatchReportMemo.php
16 Aug 2021 16:45:33|20|shiji@forstarfoods.com|PrintDailyCatchReportMemo.php
16 Aug 2021 16:46:27|20|shiji@forstarfoods.com|DailyCatchReport.php
16 Aug 2021 16:46:28|20|shiji@forstarfoods.com|DailyCatchReport.php
16 Aug 2021 16:46:29|20|shiji@forstarfoods.com|DailyCatchReport.php
16 Aug 2021 16:46:29|20|shiji@forstarfoods.com|DailyCatchReport.php
16 Aug 2021 16:46:31|20|shiji@forstarfoods.com|DailyCatchReport.php
16 Aug 2021 16:46:32|20|shiji@forstarfoods.com|DailyCatchReport.php
16 Aug 2021 16:46:33|20|shiji@forstarfoods.com|DailyCatchReport.php
16 Aug 2021 16:46:35|20|shiji@forstarfoods.com|PrintDailyCatchReportMemo.php
16 Aug 2021 16:47:12|20|shiji@forstarfoods.com|PrintDailyCatchReportMemo.php
16 Aug 2021 16:49:27|20|shiji@forstarfoods.com|DailyCatchReport.php