
27 Mar 2021 11:34:46|20|shiji@forstarfoods.com|DailyCatchEntry_New.php
27 Mar 2021 11:34:47|20|shiji@forstarfoods.com|DailyCatchEntry_New.php
27 Mar 2021 11:34:48|20|shiji@forstarfoods.com|DailyCatchEntry_New.php
27 Mar 2021 11:34:49|20|shiji@forstarfoods.com|DailyCatchEntry_New.php
27 Mar 2021 11:34:50|20|shiji@forstarfoods.com|DailyCatchEntry_New.php
27 Mar 2021 11:34:52|20|shiji@forstarfoods.com|DailyCatchEntry_New.php
27 Mar 2021 11:34:53|20|shiji@forstarfoods.com|DailyCatchEntry_New.php
27 Mar 2021 11:34:54|20|shiji@forstarfoods.com|DailyCatchEntry_New.php
27 Mar 2021 11:34:55|20|shiji@forstarfoods.com|DailyCatchEntry_New.php
27 Mar 2021 11:34:57|20|shiji@forstarfoods.com|DailyCatchEntry_New.php
27 Mar 2021 11:34:58|20|shiji@forstarfoods.com|DailyCatchEntry_New.php
27 Mar 2021 11:34:59|20|shiji@forstarfoods.com|DailyCatchEntry_New.php
27 Mar 2021 11:35:00|20|shiji@forstarfoods.com|DailyCatchEntry_New.php
27 Mar 2021 11:35:02|20|shiji@forstarfoods.com|DailyCatchEntry_New.php
27 Mar 2021 11:35:03|20|shiji@forstarfoods.com|DailyCatchEntry_New.php
27 Mar 2021 11:35:04|20|shiji@forstarfoods.com|DailyCatchEntry_New.php
27 Mar 2021 11:35:05|20|shiji@forstarfoods.com|DailyCatchEntry_New.php
27 Mar 2021 11:35:06|20|shiji@forstarfoods.com|DailyCatchEntry_New.php
27 Mar 2021 11:35:08|20|shiji@forstarfoods.com|DailyCatchEntry_New.php
27 Mar 2021 11:35:09|20|shiji@forstarfoods.com|DailyCatchEntry_New.php
27 Mar 2021 11:35:10|20|shiji@forstarfoods.com|DailyCatchEntry_New.php
27 Mar 2021 11:35:11|20|shiji@forstarfoods.com|DailyCatchEntry_New.php
27 Mar 2021 11:35:58|20|shiji@forstarfoods.com|DailyCatchEntry_New.php
27 Mar 2021 11:36:01|20|shiji@forstarfoods.com|DailyCatchEntry_New.php
27 Mar 2021 11:36:03|20|shiji@forstarfoods.com|CatchEntryDeclaredItem.php
27 Mar 2021 11:36:06|20|shiji@forstarfoods.com|DailyCatchEntry_New.php
27 Mar 2021 11:36:07|20|shiji@forstarfoods.com|DailyCatchEntry_New.php
27 Mar 2021 11:36:08|20|shiji@forstarfoods.com|DailyCatchEntry_New.php
27 Mar 2021 11:36:09|20|shiji@forstarfoods.com|DailyCatchEntry_New.php
27 Mar 2021 11:36:11|20|shiji@forstarfoods.com|DailyCatchEntry_New.php
27 Mar 2021 11:36:12|20|shiji@forstarfoods.com|DailyCatchEntry_New.php
27 Mar 2021 11:36:37|20|shiji@forstarfoods.com|DailyCatchEntry_New.php
27 Mar 2021 11:36:44|20|shiji@forstarfoods.com|DailyCatchEntry_New.php
27 Mar 2021 11:36:45|20|shiji@forstarfoods.com|CatchEntryDeclaredItem.php
27 Mar 2021 11:37:01|20|shiji@forstarfoods.com|DailyCatchEntry_New.php
27 Mar 2021 11:37:05|20|shiji@forstarfoods.com|DailyCatchEntry_New.php
27 Mar 2021 11:37:08|20|shiji@forstarfoods.com|DailyCatchEntry_New.php
27 Mar 2021 11:37:10|20|shiji@forstarfoods.com|DailyCatchEntry_New.php
27 Mar 2021 11:37:11|20|shiji@forstarfoods.com|DailyCatchEntry_New.php
27 Mar 2021 11:37:13|20|shiji@forstarfoods.com|DailyCatchEntry_New.php
27 Mar 2021 11:37:14|20|shiji@forstarfoods.com|DailyCatchEntry_New.php
27 Mar 2021 11:37:15|20|shiji@forstarfoods.com|DailyCatchEntry_New.php
27 Mar 2021 11:37:16|20|shiji@forstarfoods.com|DailyCatchEntry_New.php
27 Mar 2021 11:37:18|20|shiji@forstarfoods.com|DailyCatchEntry_New.php
27 Mar 2021 11:37:19|20|shiji@forstarfoods.com|DailyCatchEntry_New.php
27 Mar 2021 11:37:20|20|shiji@forstarfoods.com|DailyCatchEntry_New.php
27 Mar 2021 11:37:21|20|shiji@forstarfoods.com|DailyCatchEntry_New.php
27 Mar 2021 11:37:23|20|shiji@forstarfoods.com|DailyCatchEntry_New.php
27 Mar 2021 11:37:24|20|shiji@forstarfoods.com|DailyCatchEntry_New.php
27 Mar 2021 11:37:25|20|shiji@forstarfoods.com|DailyCatchEntry_New.php
27 Mar 2021 11:37:26|20|shiji@forstarfoods.com|DailyCatchEntry_New.php
27 Mar 2021 11:37:28|20|shiji@forstarfoods.com|DailyCatchEntry_New.php
27 Mar 2021 11:37:29|20|shiji@forstarfoods.com|DailyCatchEntry_New.php
27 Mar 2021 11:37:30|20|shiji@forstarfoods.com|DailyCatchEntry_New.php
27 Mar 2021 11:37:31|20|shiji@forstarfoods.com|DailyCatchEntry_New.php
27 Mar 2021 11:37:36|20|shiji@forstarfoods.com|DailyCatchEntry_New.php
27 Mar 2021 11:37:39|20|shiji@forstarfoods.com|DailyCatchEntry_New.php
27 Mar 2021 11:37:41|20|shiji@forstarfoods.com|CatchEntryDeclaredItem.php
27 Mar 2021 11:37:43|20|shiji@forstarfoods.com|DailyCatchEntry_New.php
27 Mar 2021 11:37:45|20|shiji@forstarfoods.com|DailyCatchEntry_New.php
27 Mar 2021 11:38:05|20|shiji@forstarfoods.com|DailyCatchEntry_New.php
27 Mar 2021 11:38:10|20|shiji@forstarfoods.com|DailyCatchEntry_New.php
27 Mar 2021 11:38:11|20|shiji@forstarfoods.com|DailyCatchEntry_New.php
27 Mar 2021 11:38:12|20|shiji@forstarfoods.com|DailyCatchEntry_New.php
27 Mar 2021 11:38:14|20|shiji@forstarfoods.com|DailyCatchEntry_New.php
27 Mar 2021 11:38:15|20|shiji@forstarfoods.com|DailyCatchEntry_New.php
27 Mar 2021 11:38:16|20|shiji@forstarfoods.com|DailyCatchEntry_New.php
27 Mar 2021 11:38:17|20|shiji@forstarfoods.com|DailyCatchEntry_New.php
27 Mar 2021 11:38:18|20|shiji@forstarfoods.com|DailyCatchEntry_New.php
27 Mar 2021 11:38:20|20|shiji@forstarfoods.com|DailyCatchEntry_New.php
27 Mar 2021 11:38:21|20|shiji@forstarfoods.com|DailyCatchEntry_New.php
27 Mar 2021 11:38:22|20|shiji@forstarfoods.com|DailyCatchEntry_New.php
27 Mar 2021 11:38:23|20|shiji@forstarfoods.com|DailyCatchEntry_New.php
27 Mar 2021 11:38:25|20|shiji@forstarfoods.com|DailyCatchEntry_New.php
27 Mar 2021 11:38:26|20|shiji@forstarfoods.com|DailyCatchEntry_New.php
27 Mar 2021 11:38:27|20|shiji@forstarfoods.com|DailyCatchEntry_New.php
27 Mar 2021 11:38:28|20|shiji@forstarfoods.com|DailyCatchEntry_New.php
27 Mar 2021 11:38:30|20|shiji@forstarfoods.com|DailyCatchEntry_New.php
27 Mar 2021 11:38:31|20|shiji@forstarfoods.com|DailyCatchEntry_New.php
27 Mar 2021 11:38:32|20|shiji@forstarfoods.com|DailyCatchEntry_New.php
27 Mar 2021 11:38:33|20|shiji@forstarfoods.com|DailyCatchEntry_New.php
27 Mar 2021 11:38:56|20|shiji@forstarfoods.com|DailyCatchEntry_New.php
27 Mar 2021 11:43:05|20|shiji@forstarfoods.com|DailyCatchEntry_New.php
27 Mar 2021 11:43:06|20|shiji@forstarfoods.com|DailyCatchEntry_New.php
27 Mar 2021 11:43:07|20|shiji@forstarfoods.com|CatchEntryDeclaredItem.php
27 Mar 2021 11:48:07|20|shiji@forstarfoods.com|DailyCatchEntry_New.php
27 Mar 2021 11:53:09|20|shiji@forstarfoods.com|DailyCatchEntry_New.php
27 Mar 2021 11:58:10|20|shiji@forstarfoods.com|DailyCatchEntry_New.php
27 Mar 2021 12:03:12|20|shiji@forstarfoods.com|DailyCatchEntry_New.php
27 Mar 2021 12:08:13|20|shiji@forstarfoods.com|DailyCatchEntry_New.php
27 Mar 2021 12:13:14|20|shiji@forstarfoods.com|DailyCatchEntry_New.php
27 Mar 2021 12:18:16|20|shiji@forstarfoods.com|DailyCatchEntry_New.php
27 Mar 2021 12:23:17|20|shiji@forstarfoods.com|DailyCatchEntry_New.php
27 Mar 2021 12:28:19|20|shiji@forstarfoods.com|DailyCatchEntry_New.php
27 Mar 2021 12:33:21|20|shiji@forstarfoods.com|DailyCatchEntry_New.php
27 Mar 2021 12:38:23|20|shiji@forstarfoods.com|DailyCatchEntry_New.php
27 Mar 2021 12:43:24|20|shiji@forstarfoods.com|DailyCatchEntry_New.php
27 Mar 2021 12:48:26|20|shiji@forstarfoods.com|DailyCatchEntry_New.php
27 Mar 2021 12:53:27|20|shiji@forstarfoods.com|DailyCatchEntry_New.php
27 Mar 2021 12:58:28|20|shiji@forstarfoods.com|DailyCatchEntry_New.php
27 Mar 2021 13:03:30|20|shiji@forstarfoods.com|DailyCatchEntry_New.php
27 Mar 2021 13:08:31|20|shiji@forstarfoods.com|DailyCatchEntry_New.php
27 Mar 2021 13:13:33|20|shiji@forstarfoods.com|DailyCatchEntry_New.php
27 Mar 2021 13:14:41|24|shashikala@forstarfoods.com|Home.php
27 Mar 2021 13:14:54|24|shashikala@forstarfoods.com|DailyPreProcess.php
27 Mar 2021 13:15:00|24|shashikala@forstarfoods.com|DailyPreProcess.php
27 Mar 2021 13:15:05|24|shashikala@forstarfoods.com|DailyPreProcess.php
27 Mar 2021 13:15:12|24|shashikala@forstarfoods.com|DailyPreProcess.php
27 Mar 2021 13:15:14|24|shashikala@forstarfoods.com|DailyPreProcess.php
27 Mar 2021 13:15:28|24|shashikala@forstarfoods.com|Home.php
27 Mar 2021 13:15:32|24|shashikala@forstarfoods.com|Home.php
27 Mar 2021 13:17:28|20|shiji@forstarfoods.com|DailyCatchReport.php
27 Mar 2021 13:17:34|20|shiji@forstarfoods.com|DailyCatchEntry_New.php
27 Mar 2021 13:17:39|20|shiji@forstarfoods.com|DailyCatchEntry_New.php
27 Mar 2021 13:17:40|20|shiji@forstarfoods.com|DailyCatchEntry_New.php
27 Mar 2021 13:17:41|20|shiji@forstarfoods.com|DailyCatchEntry_New.php
27 Mar 2021 13:17:43|20|shiji@forstarfoods.com|DailyCatchEntry_New.php
27 Mar 2021 13:17:44|20|shiji@forstarfoods.com|DailyCatchEntry_New.php
27 Mar 2021 13:17:45|20|shiji@forstarfoods.com|DailyCatchEntry_New.php
27 Mar 2021 13:17:46|20|shiji@forstarfoods.com|DailyCatchEntry_New.php
27 Mar 2021 13:17:48|20|shiji@forstarfoods.com|DailyCatchEntry_New.php
27 Mar 2021 13:17:49|20|shiji@forstarfoods.com|DailyCatchEntry_New.php
27 Mar 2021 13:18:14|20|shiji@forstarfoods.com|DailyCatchEntry_New.php
27 Mar 2021 13:18:15|24|shashikala@forstarfoods.com|DailyPreProcess.php
27 Mar 2021 13:18:17|20|shiji@forstarfoods.com|DailyCatchEntry_New.php
27 Mar 2021 13:18:18|20|shiji@forstarfoods.com|DailyCatchEntry_New.php
27 Mar 2021 13:18:20|20|shiji@forstarfoods.com|CatchEntryDeclaredItem.php
27 Mar 2021 13:18:21|20|shiji@forstarfoods.com|DailyCatchEntry_New.php
27 Mar 2021 13:18:22|20|shiji@forstarfoods.com|CatchEntryDeclaredItem.php
27 Mar 2021 13:18:59|20|shiji@forstarfoods.com|DailyCatchEntry_New.php
27 Mar 2021 13:19:01|20|shiji@forstarfoods.com|DailyCatchEntry_New.php
27 Mar 2021 13:19:03|20|shiji@forstarfoods.com|CatchEntryDeclaredItem.php
27 Mar 2021 13:19:18|20|shiji@forstarfoods.com|DailyCatchEntry_New.php
27 Mar 2021 13:19:20|20|shiji@forstarfoods.com|DailyCatchEntry_New.php
27 Mar 2021 13:19:34|20|shiji@forstarfoods.com|DailyCatchEntry_New.php
27 Mar 2021 13:19:36|20|shiji@forstarfoods.com|DailyCatchEntry_New.php
27 Mar 2021 13:19:39|20|shiji@forstarfoods.com|DailyCatchEntry_New.php
27 Mar 2021 13:19:59|20|shiji@forstarfoods.com|DailyCatchEntry_New.php
27 Mar 2021 13:20:00|20|shiji@forstarfoods.com|DailyCatchEntry_New.php
27 Mar 2021 13:20:01|20|shiji@forstarfoods.com|DailyCatchEntry_New.php
27 Mar 2021 13:20:08|20|shiji@forstarfoods.com|DailyCatchEntry_New.php
27 Mar 2021 13:20:11|20|shiji@forstarfoods.com|DailyCatchEntry_New.php
27 Mar 2021 13:20:12|20|shiji@forstarfoods.com|DailyCatchEntry_New.php
27 Mar 2021 13:20:13|20|shiji@forstarfoods.com|CatchEntryDeclaredItem.php
27 Mar 2021 13:20:14|20|shiji@forstarfoods.com|DailyCatchEntry_New.php
27 Mar 2021 13:20:16|20|shiji@forstarfoods.com|CatchEntryDeclaredItem.php
27 Mar 2021 13:21:15|24|shashikala@forstarfoods.com|DailyPreProcess.php
27 Mar 2021 13:21:22|20|shiji@forstarfoods.com|DailyCatchEntry_New.php
27 Mar 2021 13:21:24|20|shiji@forstarfoods.com|DailyCatchEntry_New.php
27 Mar 2021 13:21:25|20|shiji@forstarfoods.com|CatchEntryDeclaredItem.php
27 Mar 2021 13:21:42|20|shiji@forstarfoods.com|DailyCatchEntry_New.php
27 Mar 2021 13:21:45|20|shiji@forstarfoods.com|DailyCatchEntry_New.php
27 Mar 2021 13:21:53|20|shiji@forstarfoods.com|DailyCatchEntry_New.php
27 Mar 2021 13:21:57|20|shiji@forstarfoods.com|DailyCatchEntry_New.php
27 Mar 2021 13:21:58|20|shiji@forstarfoods.com|CatchEntryDeclaredItem.php
27 Mar 2021 13:22:13|20|shiji@forstarfoods.com|DailyCatchEntry_New.php
27 Mar 2021 13:22:19|20|shiji@forstarfoods.com|DailyCatchEntry_New.php
27 Mar 2021 13:23:38|20|shiji@forstarfoods.com|DailyCatchEntry_New.php
27 Mar 2021 13:23:42|20|shiji@forstarfoods.com|DailyCatchEntry_New.php
27 Mar 2021 13:23:44|20|shiji@forstarfoods.com|DailyCatchEntry_New.php
27 Mar 2021 13:24:14|20|shiji@forstarfoods.com|DailyCatchEntry_New.php
27 Mar 2021 13:24:15|20|shiji@forstarfoods.com|DailyCatchEntry_New.php
27 Mar 2021 13:24:16|20|shiji@forstarfoods.com|DailyCatchEntry_New.php
27 Mar 2021 13:24:19|24|shashikala@forstarfoods.com|DailyPreProcess.php
27 Mar 2021 13:24:25|24|shashikala@forstarfoods.com|DailyPreProcess.php
27 Mar 2021 13:24:28|24|shashikala@forstarfoods.com|DailyPreProcess.php
27 Mar 2021 13:24:32|20|shiji@forstarfoods.com|DailyCatchEntry_New.php
27 Mar 2021 13:24:34|20|shiji@forstarfoods.com|DailyCatchEntry_New.php
27 Mar 2021 13:24:35|20|shiji@forstarfoods.com|DailyCatchEntry_New.php
27 Mar 2021 13:24:35|24|shashikala@forstarfoods.com|DailyPreProcess.php
27 Mar 2021 13:24:37|24|shashikala@forstarfoods.com|DailyPreProcess.php
27 Mar 2021 13:25:12|20|shiji@forstarfoods.com|DailyCatchReport.php
27 Mar 2021 13:25:21|20|shiji@forstarfoods.com|DailyCatchReport.php
27 Mar 2021 13:25:25|20|shiji@forstarfoods.com|DailyCatchReport.php
27 Mar 2021 13:25:27|20|shiji@forstarfoods.com|DailyCatchReport.php
27 Mar 2021 13:25:28|20|shiji@forstarfoods.com|DailyCatchReport.php
27 Mar 2021 13:25:31|20|shiji@forstarfoods.com|PrintDailyCatchReportMemo.php
27 Mar 2021 13:26:27|20|shiji@forstarfoods.com|DailyCatchReport.php
27 Mar 2021 13:26:28|20|shiji@forstarfoods.com|DailyCatchReport.php
27 Mar 2021 13:26:30|20|shiji@forstarfoods.com|DailyCatchReport.php
27 Mar 2021 13:26:35|20|shiji@forstarfoods.com|DailyCatchReport.php
27 Mar 2021 13:26:37|20|shiji@forstarfoods.com|DailyCatchReport.php
27 Mar 2021 13:26:39|20|shiji@forstarfoods.com|DailyCatchReport.php
27 Mar 2021 13:26:40|20|shiji@forstarfoods.com|DailyCatchReport.php
27 Mar 2021 13:26:42|20|shiji@forstarfoods.com|PrintDailyCatchReportMemo.php
27 Mar 2021 13:27:09|24|shashikala@forstarfoods.com|DailyPreProcess.php
27 Mar 2021 13:27:11|20|shiji@forstarfoods.com|DailyCatchReport.php
27 Mar 2021 13:27:13|20|shiji@forstarfoods.com|DailyCatchReport.php
27 Mar 2021 13:27:14|20|shiji@forstarfoods.com|DailyCatchReport.php
27 Mar 2021 13:27:16|24|shashikala@forstarfoods.com|DailyPreProcess.php
27 Mar 2021 13:27:20|24|shashikala@forstarfoods.com|DailyPreProcess.php
27 Mar 2021 13:27:20|20|shiji@forstarfoods.com|DailyCatchReport.php
27 Mar 2021 13:27:22|20|shiji@forstarfoods.com|DailyCatchReport.php
27 Mar 2021 13:27:24|20|shiji@forstarfoods.com|DailyCatchReport.php
27 Mar 2021 13:27:25|20|shiji@forstarfoods.com|DailyCatchReport.php
27 Mar 2021 13:27:26|24|shashikala@forstarfoods.com|DailyPreProcess.php
27 Mar 2021 13:27:27|20|shiji@forstarfoods.com|PrintDailyCatchReportMemo.php
27 Mar 2021 13:27:32|24|shashikala@forstarfoods.com|DailyPreProcess.php
27 Mar 2021 13:27:35|24|shashikala@forstarfoods.com|DailyPreProcess.php
27 Mar 2021 13:27:40|24|shashikala@forstarfoods.com|DailyPreProcess.php
27 Mar 2021 13:27:44|20|shiji@forstarfoods.com|DailyCatchReport.php
27 Mar 2021 13:27:46|20|shiji@forstarfoods.com|DailyCatchReport.php
27 Mar 2021 13:27:47|20|shiji@forstarfoods.com|DailyCatchReport.php
27 Mar 2021 13:27:49|24|shashikala@forstarfoods.com|DailyPreProcess.php
27 Mar 2021 13:27:53|20|shiji@forstarfoods.com|DailyCatchReport.php
27 Mar 2021 13:27:56|20|shiji@forstarfoods.com|DailyCatchReport.php
27 Mar 2021 13:27:58|24|shashikala@forstarfoods.com|DailyPreProcess.php
27 Mar 2021 13:27:58|20|shiji@forstarfoods.com|DailyCatchReport.php
27 Mar 2021 13:28:00|20|shiji@forstarfoods.com|DailyCatchReport.php
27 Mar 2021 13:28:00|24|shashikala@forstarfoods.com|DailyPreProcess.php
27 Mar 2021 13:28:01|20|shiji@forstarfoods.com|DailyCatchReport.php
27 Mar 2021 13:28:02|20|shiji@forstarfoods.com|PrintDailyCatchReportMemo.php
27 Mar 2021 13:28:04|24|shashikala@forstarfoods.com|DailyPreProcess.php
27 Mar 2021 13:28:05|24|shashikala@forstarfoods.com|DailyPreProcess.php
27 Mar 2021 13:28:18|20|shiji@forstarfoods.com|DailyCatchReport.php
27 Mar 2021 13:28:19|20|shiji@forstarfoods.com|DailyCatchReport.php
27 Mar 2021 13:28:20|20|shiji@forstarfoods.com|DailyCatchReport.php
27 Mar 2021 13:33:40|24|shashikala@forstarfoods.com|DailyPreProcess.php
27 Mar 2021 13:33:47|24|shashikala@forstarfoods.com|DailyPreProcess.php
27 Mar 2021 13:33:50|24|shashikala@forstarfoods.com|DailyPreProcess.php
27 Mar 2021 13:33:55|24|shashikala@forstarfoods.com|DailyPreProcess.php
27 Mar 2021 13:33:57|24|shashikala@forstarfoods.com|DailyPreProcess.php
27 Mar 2021 13:34:36|24|shashikala@forstarfoods.com|DailyPreProcess.php
27 Mar 2021 13:34:44|24|shashikala@forstarfoods.com|DailyPreProcess.php
27 Mar 2021 13:34:47|24|shashikala@forstarfoods.com|DailyPreProcess.php
27 Mar 2021 13:34:54|24|shashikala@forstarfoods.com|DailyPreProcess.php
27 Mar 2021 13:34:56|24|shashikala@forstarfoods.com|DailyPreProcess.php
27 Mar 2021 13:35:38|20|shiji@forstarfoods.com|SupplierAccount.php
27 Mar 2021 13:35:44|20|shiji@forstarfoods.com|SupplierAccount.php
27 Mar 2021 13:35:47|20|shiji@forstarfoods.com|SupplierAccount.php
27 Mar 2021 13:35:48|24|shashikala@forstarfoods.com|DailyPreProcess.php
27 Mar 2021 13:35:50|20|shiji@forstarfoods.com|SupplierAccount.php
27 Mar 2021 13:35:55|20|shiji@forstarfoods.com|SupplierAccount.php
27 Mar 2021 13:36:25|20|shiji@forstarfoods.com|SupplierAccount.php
27 Mar 2021 13:36:52|20|shiji@forstarfoods.com|SupplierAccount.php
27 Mar 2021 13:36:59|20|shiji@forstarfoods.com|SupplierAccount.php
27 Mar 2021 13:37:02|20|shiji@forstarfoods.com|SupplierAccount.php
27 Mar 2021 13:37:32|20|shiji@forstarfoods.com|SupplierAccount.php
27 Mar 2021 13:37:40|20|shiji@forstarfoods.com|SupplierAccount.php
27 Mar 2021 13:37:42|20|shiji@forstarfoods.com|SupplierAccount.php
27 Mar 2021 13:38:49|20|shiji@forstarfoods.com|SupplierAccount.php
27 Mar 2021 13:38:52|20|shiji@forstarfoods.com|SupplierAccount.php
27 Mar 2021 13:38:55|20|shiji@forstarfoods.com|SupplierAccount.php
27 Mar 2021 13:40:12|20|shiji@forstarfoods.com|SupplierAccount.php
27 Mar 2021 13:40:19|20|shiji@forstarfoods.com|DailyCatchReport.php
27 Mar 2021 13:40:24|20|shiji@forstarfoods.com|PurchaseReport.php
27 Mar 2021 13:40:33|20|shiji@forstarfoods.com|PurchaseReport.php
27 Mar 2021 13:40:37|20|shiji@forstarfoods.com|PrintPurchaseSettlementMemo.php
27 Mar 2021 13:40:49|24|shashikala@forstarfoods.com|DailyPreProcess.php
27 Mar 2021 13:40:55|24|shashikala@forstarfoods.com|DailyPreProcess.php
27 Mar 2021 13:40:57|24|shashikala@forstarfoods.com|DailyPreProcess.php
27 Mar 2021 13:41:48|20|shiji@forstarfoods.com|PurchaseReport.php
27 Mar 2021 13:41:52|20|shiji@forstarfoods.com|PrintPurchaseSettlementMemo.php
27 Mar 2021 13:42:24|24|shashikala@forstarfoods.com|DailyPreProcess.php
27 Mar 2021 13:42:32|24|shashikala@forstarfoods.com|DailyRMCB.php
27 Mar 2021 13:42:36|20|shiji@forstarfoods.com|PurchaseReport.php
27 Mar 2021 13:42:39|20|shiji@forstarfoods.com|PrintPurchaseSettlementMemo.php
27 Mar 2021 13:43:35|20|shiji@forstarfoods.com|PurchaseReport.php
27 Mar 2021 13:43:41|20|shiji@forstarfoods.com|PrintPurchaseSettlementMemo.php
27 Mar 2021 14:32:46|20|shiji@forstarfoods.com|SettlementSummary.php
27 Mar 2021 14:32:55|20|shiji@forstarfoods.com|SettlementSummary.php
27 Mar 2021 14:33:01|20|shiji@forstarfoods.com|SettlementSummary.php
27 Mar 2021 14:33:06|20|shiji@forstarfoods.com|SettlementSummary.php
27 Mar 2021 14:33:45|20|shiji@forstarfoods.com|SettlementSummary.php
27 Mar 2021 14:33:47|20|shiji@forstarfoods.com|SupplierPayments.php
27 Mar 2021 14:33:49|20|shiji@forstarfoods.com|SupplierPayments.php
27 Mar 2021 14:33:50|20|shiji@forstarfoods.com|SupplierPayments.php
27 Mar 2021 14:33:51|20|shiji@forstarfoods.com|SettlementSummary.php
27 Mar 2021 14:33:58|20|shiji@forstarfoods.com|SettlementSummary.php
27 Mar 2021 14:34:02|20|shiji@forstarfoods.com|SettlementSummary.php
27 Mar 2021 14:34:12|20|shiji@forstarfoods.com|SettlementSummary.php
27 Mar 2021 14:34:18|20|shiji@forstarfoods.com|SettlementSummary.php
27 Mar 2021 14:34:24|20|shiji@forstarfoods.com|SettlementSummary.php
27 Mar 2021 14:34:27|20|shiji@forstarfoods.com|SupplierPayments.php
27 Mar 2021 14:34:28|20|shiji@forstarfoods.com|SupplierPayments.php
27 Mar 2021 14:34:30|20|shiji@forstarfoods.com|SupplierPayments.php
27 Mar 2021 14:34:31|20|shiji@forstarfoods.com|SettlementSummary.php
27 Mar 2021 14:34:42|20|shiji@forstarfoods.com|SettlementSummary.php
27 Mar 2021 14:34:47|20|shiji@forstarfoods.com|SettlementSummary.php
27 Mar 2021 14:34:53|20|shiji@forstarfoods.com|SettlementSummary.php
27 Mar 2021 14:34:56|20|shiji@forstarfoods.com|SupplierPayments.php
27 Mar 2021 14:34:57|20|shiji@forstarfoods.com|SupplierPayments.php
27 Mar 2021 14:34:58|20|shiji@forstarfoods.com|SupplierPayments.php
27 Mar 2021 14:35:01|20|shiji@forstarfoods.com|SettlementSummary.php
27 Mar 2021 14:35:10|20|shiji@forstarfoods.com|SettlementSummary.php
27 Mar 2021 14:35:15|20|shiji@forstarfoods.com|SettlementSummary.php
27 Mar 2021 14:35:23|20|shiji@forstarfoods.com|SettlementSummary.php
27 Mar 2021 14:35:29|20|shiji@forstarfoods.com|SettlementSummary.php
27 Mar 2021 14:35:35|20|shiji@forstarfoods.com|SettlementSummary.php
27 Mar 2021 14:35:37|20|shiji@forstarfoods.com|SupplierPayments.php
27 Mar 2021 14:35:39|20|shiji@forstarfoods.com|SupplierPayments.php
27 Mar 2021 14:35:40|20|shiji@forstarfoods.com|SupplierPayments.php
27 Mar 2021 14:35:42|20|shiji@forstarfoods.com|SettlementSummary.php
27 Mar 2021 14:35:48|20|shiji@forstarfoods.com|SettlementSummary.php
27 Mar 2021 14:35:54|20|shiji@forstarfoods.com|SettlementSummary.php
27 Mar 2021 14:36:00|20|shiji@forstarfoods.com|SettlementSummary.php
27 Mar 2021 14:36:06|20|shiji@forstarfoods.com|SettlementSummary.php
27 Mar 2021 14:36:12|20|shiji@forstarfoods.com|SettlementSummary.php
27 Mar 2021 14:36:15|20|shiji@forstarfoods.com|SupplierPayments.php
27 Mar 2021 14:36:16|20|shiji@forstarfoods.com|SupplierPayments.php
27 Mar 2021 14:36:18|20|shiji@forstarfoods.com|SupplierPayments.php
27 Mar 2021 14:36:19|20|shiji@forstarfoods.com|SettlementSummary.php
27 Mar 2021 14:36:26|20|shiji@forstarfoods.com|SettlementSummary.php
27 Mar 2021 14:36:32|20|shiji@forstarfoods.com|SettlementSummary.php
27 Mar 2021 14:36:40|20|shiji@forstarfoods.com|SettlementSummary.php
27 Mar 2021 14:36:42|20|shiji@forstarfoods.com|SupplierPayments.php
27 Mar 2021 14:36:44|20|shiji@forstarfoods.com|SupplierPayments.php
27 Mar 2021 14:36:45|20|shiji@forstarfoods.com|SupplierPayments.php
27 Mar 2021 14:36:46|20|shiji@forstarfoods.com|SettlementSummary.php
27 Mar 2021 14:36:53|20|shiji@forstarfoods.com|SettlementSummary.php
27 Mar 2021 14:36:58|20|shiji@forstarfoods.com|SettlementSummary.php
27 Mar 2021 14:37:05|20|shiji@forstarfoods.com|SettlementSummary.php
27 Mar 2021 14:37:08|20|shiji@forstarfoods.com|SupplierPayments.php
27 Mar 2021 14:37:09|20|shiji@forstarfoods.com|SupplierPayments.php
27 Mar 2021 14:37:11|20|shiji@forstarfoods.com|SupplierPayments.php
27 Mar 2021 14:37:12|20|shiji@forstarfoods.com|SettlementSummary.php
27 Mar 2021 14:37:20|20|shiji@forstarfoods.com|SettlementSummary.php
27 Mar 2021 14:37:25|20|shiji@forstarfoods.com|SettlementSummary.php
27 Mar 2021 14:37:32|20|shiji@forstarfoods.com|SettlementSummary.php
27 Mar 2021 14:37:34|20|shiji@forstarfoods.com|SupplierPayments.php
27 Mar 2021 14:37:36|20|shiji@forstarfoods.com|SupplierPayments.php
27 Mar 2021 14:37:37|20|shiji@forstarfoods.com|SupplierPayments.php
27 Mar 2021 14:37:38|20|shiji@forstarfoods.com|SettlementSummary.php
27 Mar 2021 14:37:46|20|shiji@forstarfoods.com|SettlementSummary.php
27 Mar 2021 14:37:52|20|shiji@forstarfoods.com|SettlementSummary.php
27 Mar 2021 14:37:58|20|shiji@forstarfoods.com|SettlementSummary.php
27 Mar 2021 14:38:03|20|shiji@forstarfoods.com|SettlementSummary.php
27 Mar 2021 14:38:10|20|shiji@forstarfoods.com|SettlementSummary.php
27 Mar 2021 15:07:17|20|shiji@forstarfoods.com|SettlementSummary.php
27 Mar 2021 15:08:02|20|shiji@forstarfoods.com|SettlementSummary.php
27 Mar 2021 15:08:32|20|shiji@forstarfoods.com|SettlementSummary.php
27 Mar 2021 15:08:50|20|shiji@forstarfoods.com|SettlementSummary.php
27 Mar 2021 15:09:19|20|shiji@forstarfoods.com|SettlementSummary.php
27 Mar 2021 15:09:40|20|shiji@forstarfoods.com|SettlementSummary.php
27 Mar 2021 15:10:05|20|shiji@forstarfoods.com|SettlementSummary.php
27 Mar 2021 15:10:23|20|shiji@forstarfoods.com|SettlementSummary.php
27 Mar 2021 15:10:41|20|shiji@forstarfoods.com|SettlementSummary.php
27 Mar 2021 15:11:06|20|shiji@forstarfoods.com|SettlementSummary.php
27 Mar 2021 15:11:21|20|shiji@forstarfoods.com|SettlementSummary.php
27 Mar 2021 15:13:18|20|shiji@forstarfoods.com|SettlementSummary.php
27 Mar 2021 15:13:24|20|shiji@forstarfoods.com|SettlementSummary.php
27 Mar 2021 15:13:41|20|shiji@forstarfoods.com|SettlementSummary.php
27 Mar 2021 15:26:45|20|shiji@forstarfoods.com|DailyCatchSummary.php
27 Mar 2021 15:26:47|20|shiji@forstarfoods.com|DailyCatchSummary.php
27 Mar 2021 15:26:54|20|shiji@forstarfoods.com|DailyCatchSummary.php
27 Mar 2021 15:26:56|20|shiji@forstarfoods.com|DailyCatchSummary.php
27 Mar 2021 15:27:08|20|shiji@forstarfoods.com|DailyCatchSummary.php
27 Mar 2021 15:30:22|20|shiji@forstarfoods.com|DailyCatchEntry_New.php
27 Mar 2021 15:30:25|20|shiji@forstarfoods.com|DailyCatchEntry_New.php
27 Mar 2021 15:30:26|20|shiji@forstarfoods.com|DailyCatchEntry_New.php
27 Mar 2021 15:30:28|20|shiji@forstarfoods.com|DailyCatchEntry_New.php
27 Mar 2021 15:30:29|20|shiji@forstarfoods.com|DailyCatchEntry_New.php
27 Mar 2021 15:30:30|20|shiji@forstarfoods.com|CatchEntryDeclaredItem.php
27 Mar 2021 15:30:31|20|shiji@forstarfoods.com|DailyCatchEntry_New.php
27 Mar 2021 15:30:35|20|shiji@forstarfoods.com|DailyCatchEntry_New.php
27 Mar 2021 15:30:37|20|shiji@forstarfoods.com|DailyCatchEntry_New.php
27 Mar 2021 15:30:38|20|shiji@forstarfoods.com|DailyCatchEntry_New.php
27 Mar 2021 15:30:55|20|shiji@forstarfoods.com|DailyCatchEntry_New.php
27 Mar 2021 15:30:59|20|shiji@forstarfoods.com|DailyCatchEntry_New.php
27 Mar 2021 15:31:01|20|shiji@forstarfoods.com|CatchEntryDeclaredItem.php
27 Mar 2021 15:31:24|20|shiji@forstarfoods.com|DailyCatchEntry_New.php
27 Mar 2021 15:31:28|20|shiji@forstarfoods.com|DailyCatchEntry_New.php
27 Mar 2021 15:31:31|20|shiji@forstarfoods.com|DailyCatchEntry_New.php
27 Mar 2021 15:31:36|20|shiji@forstarfoods.com|DailyCatchEntry_New.php
27 Mar 2021 15:31:38|20|shiji@forstarfoods.com|DailyCatchEntry_New.php
27 Mar 2021 15:31:39|20|shiji@forstarfoods.com|DailyCatchEntry_New.php
27 Mar 2021 15:31:40|20|shiji@forstarfoods.com|DailyCatchEntry_New.php
27 Mar 2021 15:31:41|20|shiji@forstarfoods.com|DailyCatchEntry_New.php
27 Mar 2021 15:31:43|20|shiji@forstarfoods.com|DailyCatchEntry_New.php
27 Mar 2021 15:31:50|20|shiji@forstarfoods.com|DailyCatchEntry_New.php
27 Mar 2021 15:31:53|20|shiji@forstarfoods.com|DailyCatchEntry_New.php
27 Mar 2021 15:31:54|20|shiji@forstarfoods.com|CatchEntryDeclaredItem.php
27 Mar 2021 15:32:03|20|shiji@forstarfoods.com|DailyCatchEntry_New.php
27 Mar 2021 15:32:05|20|shiji@forstarfoods.com|DailyCatchEntry_New.php
27 Mar 2021 15:32:07|20|shiji@forstarfoods.com|DailyCatchEntry_New.php
27 Mar 2021 15:32:08|20|shiji@forstarfoods.com|DailyCatchEntry_New.php
27 Mar 2021 15:32:09|20|shiji@forstarfoods.com|DailyCatchEntry_New.php
27 Mar 2021 15:32:11|20|shiji@forstarfoods.com|DailyCatchEntry_New.php
27 Mar 2021 15:32:12|20|shiji@forstarfoods.com|DailyCatchEntry_New.php
27 Mar 2021 15:32:13|20|shiji@forstarfoods.com|DailyCatchEntry_New.php
27 Mar 2021 15:32:14|20|shiji@forstarfoods.com|DailyCatchEntry_New.php
27 Mar 2021 15:32:16|20|shiji@forstarfoods.com|DailyCatchEntry_New.php
27 Mar 2021 15:32:17|20|shiji@forstarfoods.com|DailyCatchEntry_New.php
27 Mar 2021 15:32:18|20|shiji@forstarfoods.com|DailyCatchEntry_New.php
27 Mar 2021 15:32:19|20|shiji@forstarfoods.com|DailyCatchEntry_New.php
27 Mar 2021 15:32:20|20|shiji@forstarfoods.com|DailyCatchEntry_New.php
27 Mar 2021 15:32:22|20|shiji@forstarfoods.com|DailyCatchEntry_New.php
27 Mar 2021 15:34:54|20|shiji@forstarfoods.com|DailyCatchEntry_New.php
27 Mar 2021 15:34:55|20|shiji@forstarfoods.com|CatchEntryDeclaredItem.php
27 Mar 2021 15:35:26|20|shiji@forstarfoods.com|DailyCatchEntry_New.php
27 Mar 2021 15:40:28|20|shiji@forstarfoods.com|DailyCatchEntry_New.php
27 Mar 2021 15:45:29|20|shiji@forstarfoods.com|DailyCatchEntry_New.php
27 Mar 2021 15:49:19|20|shiji@forstarfoods.com|DailyCatchSummary.php
27 Mar 2021 15:49:25|20|shiji@forstarfoods.com|DailyCatchSummary.php
27 Mar 2021 15:49:44|20|shiji@forstarfoods.com|DailyCatchSummary.php
27 Mar 2021 15:49:48|20|shiji@forstarfoods.com|DailyCatchSummary.php
27 Mar 2021 15:49:52|20|shiji@forstarfoods.com|DailyCatchSummary.php
27 Mar 2021 15:50:09|20|shiji@forstarfoods.com|DailyCatchSummary.php
27 Mar 2021 15:50:15|20|shiji@forstarfoods.com|DailyCatchSummary.php
27 Mar 2021 15:50:20|20|shiji@forstarfoods.com|DailyCatchSummary.php
27 Mar 2021 15:51:06|20|shiji@forstarfoods.com|DailyCatchSummary.php
27 Mar 2021 15:51:08|20|shiji@forstarfoods.com|DailyCatchSummary.php
27 Mar 2021 15:51:56|20|shiji@forstarfoods.com|DailyCatchReport.php
27 Mar 2021 15:52:03|20|shiji@forstarfoods.com|DailyCatchReport.php
27 Mar 2021 15:52:10|20|shiji@forstarfoods.com|DailyCatchEntry_New.php
27 Mar 2021 15:52:13|20|shiji@forstarfoods.com|DailyCatchEntry_New.php
27 Mar 2021 15:52:15|20|shiji@forstarfoods.com|DailyCatchEntry_New.php
27 Mar 2021 15:52:16|20|shiji@forstarfoods.com|DailyCatchEntry_New.php
27 Mar 2021 15:52:17|20|shiji@forstarfoods.com|DailyCatchEntry_New.php
27 Mar 2021 15:52:19|20|shiji@forstarfoods.com|CatchEntryDeclaredItem.php
27 Mar 2021 15:52:20|20|shiji@forstarfoods.com|DailyCatchEntry_New.php
27 Mar 2021 15:52:21|20|shiji@forstarfoods.com|DailyCatchEntry_New.php
27 Mar 2021 15:52:23|20|shiji@forstarfoods.com|DailyCatchEntry_New.php
27 Mar 2021 15:52:24|20|shiji@forstarfoods.com|DailyCatchEntry_New.php
27 Mar 2021 15:52:32|20|shiji@forstarfoods.com|DailyCatchEntry_New.php
27 Mar 2021 15:52:38|20|shiji@forstarfoods.com|DailyCatchEntry_New.php
27 Mar 2021 15:52:40|20|shiji@forstarfoods.com|CatchEntryDeclaredItem.php
27 Mar 2021 15:52:57|20|shiji@forstarfoods.com|DailyCatchEntry_New.php
27 Mar 2021 15:53:00|20|shiji@forstarfoods.com|DailyCatchEntry_New.php
27 Mar 2021 15:53:02|20|shiji@forstarfoods.com|DailyCatchEntry_New.php
27 Mar 2021 15:53:07|20|shiji@forstarfoods.com|DailyCatchEntry_New.php
27 Mar 2021 15:53:11|20|shiji@forstarfoods.com|DailyCatchEntry_New.php
27 Mar 2021 15:53:17|20|shiji@forstarfoods.com|DailyCatchEntry_New.php
27 Mar 2021 15:53:18|20|shiji@forstarfoods.com|DailyCatchEntry_New.php
27 Mar 2021 15:53:19|20|shiji@forstarfoods.com|DailyCatchEntry_New.php
27 Mar 2021 15:53:21|20|shiji@forstarfoods.com|DailyCatchEntry_New.php
27 Mar 2021 15:53:22|20|shiji@forstarfoods.com|DailyCatchEntry_New.php
27 Mar 2021 15:53:23|20|shiji@forstarfoods.com|DailyCatchEntry_New.php
27 Mar 2021 15:53:38|20|shiji@forstarfoods.com|DailyCatchEntry_New.php
27 Mar 2021 15:53:41|20|shiji@forstarfoods.com|DailyCatchEntry_New.php
27 Mar 2021 15:53:42|20|shiji@forstarfoods.com|CatchEntryDeclaredItem.php
27 Mar 2021 15:53:51|20|shiji@forstarfoods.com|DailyCatchEntry_New.php
27 Mar 2021 15:53:54|20|shiji@forstarfoods.com|DailyCatchEntry_New.php
27 Mar 2021 15:53:56|20|shiji@forstarfoods.com|DailyCatchEntry_New.php
27 Mar 2021 15:53:57|20|shiji@forstarfoods.com|DailyCatchEntry_New.php
27 Mar 2021 15:53:58|20|shiji@forstarfoods.com|DailyCatchEntry_New.php
27 Mar 2021 15:54:00|20|shiji@forstarfoods.com|DailyCatchEntry_New.php
27 Mar 2021 15:54:03|20|shiji@forstarfoods.com|DailyCatchEntry_New.php
27 Mar 2021 15:54:04|20|shiji@forstarfoods.com|DailyCatchEntry_New.php
27 Mar 2021 15:54:05|20|shiji@forstarfoods.com|DailyCatchEntry_New.php
27 Mar 2021 15:54:08|20|shiji@forstarfoods.com|DailyCatchEntry_New.php
27 Mar 2021 15:54:09|20|shiji@forstarfoods.com|CatchEntryDeclaredItem.php
27 Mar 2021 15:57:15|20|shiji@forstarfoods.com|DailyCatchEntry_New.php
27 Mar 2021 16:02:16|20|shiji@forstarfoods.com|DailyCatchEntry_New.php
27 Mar 2021 16:07:18|20|shiji@forstarfoods.com|DailyCatchEntry_New.php
27 Mar 2021 16:12:19|20|shiji@forstarfoods.com|DailyCatchEntry_New.php
27 Mar 2021 16:17:20|20|shiji@forstarfoods.com|DailyCatchEntry_New.php
27 Mar 2021 16:22:22|20|shiji@forstarfoods.com|DailyCatchEntry_New.php
27 Mar 2021 16:27:23|20|shiji@forstarfoods.com|DailyCatchEntry_New.php
27 Mar 2021 16:32:24|20|shiji@forstarfoods.com|DailyCatchEntry_New.php
27 Mar 2021 16:37:25|20|shiji@forstarfoods.com|DailyCatchEntry_New.php
27 Mar 2021 16:42:27|20|shiji@forstarfoods.com|DailyCatchEntry_New.php
27 Mar 2021 16:47:28|20|shiji@forstarfoods.com|DailyCatchEntry_New.php
30 Mar 2021 11:08:21|20|shiji@forstarfoods.com|Home.php
30 Mar 2021 11:08:30|20|shiji@forstarfoods.com|Home.php
30 Mar 2021 11:08:35|20|shiji@forstarfoods.com|DailyCatchEntry_New.php
30 Mar 2021 11:08:38|20|shiji@forstarfoods.com|DailyCatchEntry_New.php
30 Mar 2021 11:08:41|20|shiji@forstarfoods.com|DailyCatchEntry_New.php
30 Mar 2021 11:08:42|20|shiji@forstarfoods.com|DailyCatchEntry_New.php
30 Mar 2021 11:08:44|20|shiji@forstarfoods.com|DailyCatchEntry_New.php
30 Mar 2021 11:08:45|20|shiji@forstarfoods.com|CatchEntryDeclaredItem.php
30 Mar 2021 11:08:46|20|shiji@forstarfoods.com|DailyCatchEntry_New.php
30 Mar 2021 11:08:53|20|shiji@forstarfoods.com|DailyCatchEntry_New.php
30 Mar 2021 11:08:54|20|shiji@forstarfoods.com|DailyCatchEntry_New.php
30 Mar 2021 11:08:55|20|shiji@forstarfoods.com|DailyCatchEntry_New.php
30 Mar 2021 11:08:59|20|shiji@forstarfoods.com|DailyCatchEntry_New.php
30 Mar 2021 11:09:04|20|shiji@forstarfoods.com|DailyCatchEntry_New.php
30 Mar 2021 11:09:05|20|shiji@forstarfoods.com|CatchEntryDeclaredItem.php
30 Mar 2021 11:09:19|20|shiji@forstarfoods.com|DailyCatchEntry_New.php
30 Mar 2021 11:09:22|20|shiji@forstarfoods.com|DailyCatchEntry_New.php
30 Mar 2021 11:09:23|20|shiji@forstarfoods.com|DailyCatchEntry_New.php
30 Mar 2021 11:09:29|20|shiji@forstarfoods.com|DailyCatchEntry_New.php
30 Mar 2021 11:09:31|20|shiji@forstarfoods.com|DailyCatchEntry_New.php
30 Mar 2021 11:09:36|20|shiji@forstarfoods.com|DailyCatchEntry_New.php
30 Mar 2021 11:09:37|20|shiji@forstarfoods.com|DailyCatchEntry_New.php
30 Mar 2021 11:09:39|20|shiji@forstarfoods.com|DailyCatchEntry_New.php
30 Mar 2021 11:09:40|20|shiji@forstarfoods.com|DailyCatchEntry_New.php
30 Mar 2021 11:09:41|20|shiji@forstarfoods.com|DailyCatchEntry_New.php
30 Mar 2021 11:09:42|20|shiji@forstarfoods.com|DailyCatchEntry_New.php
30 Mar 2021 11:09:45|20|shiji@forstarfoods.com|DailyCatchEntry_New.php
30 Mar 2021 11:09:48|20|shiji@forstarfoods.com|DailyCatchEntry_New.php
30 Mar 2021 11:09:53|20|shiji@forstarfoods.com|CatchEntryDeclaredItem.php
30 Mar 2021 11:10:04|20|shiji@forstarfoods.com|DailyCatchEntry_New.php
30 Mar 2021 11:10:05|20|shiji@forstarfoods.com|DailyCatchEntry_New.php
30 Mar 2021 11:10:06|20|shiji@forstarfoods.com|DailyCatchEntry_New.php
30 Mar 2021 11:10:07|20|shiji@forstarfoods.com|DailyCatchEntry_New.php
30 Mar 2021 11:10:18|20|shiji@forstarfoods.com|DailyCatchEntry_New.php
30 Mar 2021 11:10:19|20|shiji@forstarfoods.com|CatchEntryDeclaredItem.php
30 Mar 2021 11:10:34|20|shiji@forstarfoods.com|DailyCatchEntry_New.php
30 Mar 2021 11:10:39|20|shiji@forstarfoods.com|DailyCatchEntry_New.php
30 Mar 2021 11:10:40|20|shiji@forstarfoods.com|CatchEntryDeclaredItem.php
30 Mar 2021 11:10:54|20|shiji@forstarfoods.com|DailyCatchEntry_New.php
30 Mar 2021 11:10:55|20|shiji@forstarfoods.com|DailyCatchEntry_New.php
30 Mar 2021 11:10:58|20|shiji@forstarfoods.com|DailyCatchEntry_New.php
30 Mar 2021 11:10:59|20|shiji@forstarfoods.com|DailyCatchEntry_New.php
30 Mar 2021 11:11:01|20|shiji@forstarfoods.com|DailyCatchEntry_New.php
30 Mar 2021 11:11:02|20|shiji@forstarfoods.com|DailyCatchEntry_New.php
30 Mar 2021 11:11:03|20|shiji@forstarfoods.com|DailyCatchEntry_New.php
30 Mar 2021 11:11:04|20|shiji@forstarfoods.com|DailyCatchEntry_New.php
30 Mar 2021 11:11:06|20|shiji@forstarfoods.com|DailyCatchEntry_New.php
30 Mar 2021 11:11:24|20|shiji@forstarfoods.com|DailyCatchEntry_New.php
30 Mar 2021 11:11:27|20|shiji@forstarfoods.com|DailyCatchEntry_New.php
30 Mar 2021 11:11:29|20|shiji@forstarfoods.com|CatchEntryDeclaredItem.php
30 Mar 2021 11:11:32|20|shiji@forstarfoods.com|DailyCatchEntry_New.php
30 Mar 2021 11:11:33|20|shiji@forstarfoods.com|DailyCatchEntry_New.php
30 Mar 2021 11:11:34|20|shiji@forstarfoods.com|DailyCatchEntry_New.php
30 Mar 2021 11:11:36|20|shiji@forstarfoods.com|DailyCatchEntry_New.php
30 Mar 2021 11:11:41|20|shiji@forstarfoods.com|DailyCatchEntry_New.php
30 Mar 2021 11:11:42|20|shiji@forstarfoods.com|CatchEntryDeclaredItem.php
30 Mar 2021 11:12:00|20|shiji@forstarfoods.com|DailyCatchEntry_New.php
30 Mar 2021 11:12:03|20|shiji@forstarfoods.com|DailyCatchEntry_New.php
30 Mar 2021 11:12:05|20|shiji@forstarfoods.com|DailyCatchEntry_New.php
30 Mar 2021 11:12:07|20|shiji@forstarfoods.com|DailyCatchEntry_New.php
30 Mar 2021 11:12:09|20|shiji@forstarfoods.com|DailyCatchEntry_New.php
30 Mar 2021 11:12:10|20|shiji@forstarfoods.com|DailyCatchEntry_New.php
30 Mar 2021 11:12:11|20|shiji@forstarfoods.com|DailyCatchEntry_New.php
30 Mar 2021 11:12:13|20|shiji@forstarfoods.com|DailyCatchEntry_New.php
30 Mar 2021 11:12:14|20|shiji@forstarfoods.com|DailyCatchEntry_New.php
30 Mar 2021 11:12:15|20|shiji@forstarfoods.com|DailyCatchEntry_New.php
30 Mar 2021 11:12:16|20|shiji@forstarfoods.com|DailyCatchEntry_New.php
30 Mar 2021 11:12:17|20|shiji@forstarfoods.com|DailyCatchEntry_New.php
30 Mar 2021 11:12:19|20|shiji@forstarfoods.com|DailyCatchEntry_New.php
30 Mar 2021 11:12:20|20|shiji@forstarfoods.com|DailyCatchEntry_New.php
30 Mar 2021 11:12:21|20|shiji@forstarfoods.com|DailyCatchEntry_New.php
30 Mar 2021 11:12:37|20|shiji@forstarfoods.com|DailyCatchEntry_New.php
30 Mar 2021 11:12:43|20|shiji@forstarfoods.com|DailyCatchEntry_New.php
30 Mar 2021 11:12:45|20|shiji@forstarfoods.com|CatchEntryDeclaredItem.php
30 Mar 2021 11:12:57|20|shiji@forstarfoods.com|DailyCatchEntry_New.php
30 Mar 2021 11:12:58|20|shiji@forstarfoods.com|DailyCatchEntry_New.php
30 Mar 2021 11:12:59|20|shiji@forstarfoods.com|DailyCatchReport.php
30 Mar 2021 11:13:03|20|shiji@forstarfoods.com|DailyCatchEntry_New.php
30 Mar 2021 11:13:06|20|shiji@forstarfoods.com|DailyCatchEntry_New.php
30 Mar 2021 11:13:08|20|shiji@forstarfoods.com|DailyCatchEntry_New.php
30 Mar 2021 11:13:09|20|shiji@forstarfoods.com|DailyCatchEntry_New.php
30 Mar 2021 11:13:10|20|shiji@forstarfoods.com|DailyCatchEntry_New.php
30 Mar 2021 11:13:11|20|shiji@forstarfoods.com|CatchEntryDeclaredItem.php
30 Mar 2021 11:13:12|20|shiji@forstarfoods.com|DailyCatchEntry_New.php
30 Mar 2021 11:13:14|20|shiji@forstarfoods.com|DailyCatchEntry_New.php
30 Mar 2021 11:13:16|20|shiji@forstarfoods.com|DailyCatchEntry_New.php
30 Mar 2021 11:13:17|20|shiji@forstarfoods.com|DailyCatchEntry_New.php
30 Mar 2021 11:13:18|20|shiji@forstarfoods.com|DailyCatchEntry_New.php
30 Mar 2021 11:13:19|20|shiji@forstarfoods.com|DailyCatchEntry_New.php
30 Mar 2021 11:13:29|20|shiji@forstarfoods.com|DailyCatchEntry_New.php
30 Mar 2021 11:13:31|20|shiji@forstarfoods.com|DailyCatchEntry_New.php
30 Mar 2021 11:13:32|20|shiji@forstarfoods.com|DailyCatchEntry_New.php
30 Mar 2021 11:13:33|20|shiji@forstarfoods.com|DailyCatchEntry_New.php
30 Mar 2021 11:13:44|20|shiji@forstarfoods.com|DailyCatchEntry_New.php
30 Mar 2021 11:13:45|20|shiji@forstarfoods.com|CatchEntryDeclaredItem.php
30 Mar 2021 11:13:49|20|shiji@forstarfoods.com|DailyCatchEntry_New.php
30 Mar 2021 11:13:55|20|shiji@forstarfoods.com|DailyCatchEntry_New.php
30 Mar 2021 11:13:56|20|shiji@forstarfoods.com|CatchEntryDeclaredItem.php
30 Mar 2021 11:14:22|20|shiji@forstarfoods.com|DailyCatchEntry_New.php
30 Mar 2021 11:14:24|20|shiji@forstarfoods.com|DailyCatchEntry_New.php
30 Mar 2021 11:14:25|20|shiji@forstarfoods.com|DailyCatchEntry_New.php
30 Mar 2021 11:14:29|20|shiji@forstarfoods.com|DailyCatchEntry_New.php
30 Mar 2021 11:14:31|20|shiji@forstarfoods.com|DailyCatchEntry_New.php
30 Mar 2021 11:14:36|20|shiji@forstarfoods.com|DailyCatchEntry_New.php
30 Mar 2021 11:14:37|20|shiji@forstarfoods.com|DailyCatchEntry_New.php
30 Mar 2021 11:14:38|20|shiji@forstarfoods.com|DailyCatchEntry_New.php
30 Mar 2021 11:14:40|20|shiji@forstarfoods.com|DailyCatchEntry_New.php
30 Mar 2021 11:14:41|20|shiji@forstarfoods.com|DailyCatchEntry_New.php
30 Mar 2021 11:14:42|20|shiji@forstarfoods.com|DailyCatchEntry_New.php
30 Mar 2021 11:14:43|20|shiji@forstarfoods.com|DailyCatchEntry_New.php
30 Mar 2021 11:14:45|20|shiji@forstarfoods.com|DailyCatchEntry_New.php
30 Mar 2021 11:14:46|20|shiji@forstarfoods.com|DailyCatchEntry_New.php
30 Mar 2021 11:14:47|20|shiji@forstarfoods.com|DailyCatchEntry_New.php
30 Mar 2021 11:14:48|20|shiji@forstarfoods.com|DailyCatchEntry_New.php
30 Mar 2021 11:14:50|20|shiji@forstarfoods.com|DailyCatchEntry_New.php
30 Mar 2021 11:15:43|20|shiji@forstarfoods.com|DailyCatchEntry_New.php
30 Mar 2021 11:15:45|20|shiji@forstarfoods.com|DailyCatchEntry_New.php
30 Mar 2021 11:15:47|20|shiji@forstarfoods.com|CatchEntryDeclaredItem.php
30 Mar 2021 11:15:50|20|shiji@forstarfoods.com|DailyCatchEntry_New.php
30 Mar 2021 11:15:52|20|shiji@forstarfoods.com|DailyCatchEntry_New.php
30 Mar 2021 11:15:55|20|shiji@forstarfoods.com|DailyCatchEntry_New.php
30 Mar 2021 11:15:56|20|shiji@forstarfoods.com|DailyCatchEntry_New.php
30 Mar 2021 11:15:57|20|shiji@forstarfoods.com|DailyCatchEntry_New.php
30 Mar 2021 11:15:58|20|shiji@forstarfoods.com|DailyCatchEntry_New.php
30 Mar 2021 11:16:00|20|shiji@forstarfoods.com|DailyCatchEntry_New.php
30 Mar 2021 11:16:01|20|shiji@forstarfoods.com|DailyCatchEntry_New.php
30 Mar 2021 11:16:02|20|shiji@forstarfoods.com|DailyCatchEntry_New.php
30 Mar 2021 11:16:04|20|shiji@forstarfoods.com|DailyCatchEntry_New.php
30 Mar 2021 11:16:05|20|shiji@forstarfoods.com|DailyCatchEntry_New.php
30 Mar 2021 11:16:06|20|shiji@forstarfoods.com|DailyCatchEntry_New.php
30 Mar 2021 11:16:07|20|shiji@forstarfoods.com|DailyCatchEntry_New.php
30 Mar 2021 11:16:08|20|shiji@forstarfoods.com|DailyCatchEntry_New.php
30 Mar 2021 11:16:10|20|shiji@forstarfoods.com|DailyCatchEntry_New.php
30 Mar 2021 11:16:11|20|shiji@forstarfoods.com|DailyCatchEntry_New.php
30 Mar 2021 11:16:12|20|shiji@forstarfoods.com|DailyCatchEntry_New.php
30 Mar 2021 11:16:13|20|shiji@forstarfoods.com|DailyCatchEntry_New.php
30 Mar 2021 11:16:15|20|shiji@forstarfoods.com|DailyCatchEntry_New.php
30 Mar 2021 11:16:16|20|shiji@forstarfoods.com|DailyCatchEntry_New.php
30 Mar 2021 11:16:45|20|shiji@forstarfoods.com|DailyCatchEntry_New.php
30 Mar 2021 11:16:48|20|shiji@forstarfoods.com|DailyCatchEntry_New.php
30 Mar 2021 11:16:49|20|shiji@forstarfoods.com|CatchEntryDeclaredItem.php
30 Mar 2021 11:17:06|20|shiji@forstarfoods.com|DailyCatchEntry_New.php
30 Mar 2021 11:17:07|20|shiji@forstarfoods.com|DailyCatchEntry_New.php
30 Mar 2021 11:17:08|20|shiji@forstarfoods.com|DailyCatchEntry_New.php
30 Mar 2021 11:17:21|20|shiji@forstarfoods.com|DailyCatchEntry_New.php
30 Mar 2021 11:17:25|20|shiji@forstarfoods.com|DailyCatchEntry_New.php
30 Mar 2021 11:17:27|20|shiji@forstarfoods.com|CatchEntryDeclaredItem.php
30 Mar 2021 11:17:49|20|shiji@forstarfoods.com|DailyCatchEntry_New.php
30 Mar 2021 11:17:54|20|shiji@forstarfoods.com|DailyCatchEntry_New.php
30 Mar 2021 11:17:56|20|shiji@forstarfoods.com|DailyCatchEntry_New.php
30 Mar 2021 11:18:08|20|shiji@forstarfoods.com|DailyCatchEntry_New.php
30 Mar 2021 11:18:43|20|shiji@forstarfoods.com|DailyCatchEntry_New.php
30 Mar 2021 11:18:44|20|shiji@forstarfoods.com|DailyCatchEntry_New.php
30 Mar 2021 11:18:45|20|shiji@forstarfoods.com|DailyCatchEntry_New.php
30 Mar 2021 11:18:47|20|shiji@forstarfoods.com|DailyCatchEntry_New.php
30 Mar 2021 11:18:48|20|shiji@forstarfoods.com|DailyCatchEntry_New.php
30 Mar 2021 11:18:49|20|shiji@forstarfoods.com|DailyCatchEntry_New.php
30 Mar 2021 11:18:50|20|shiji@forstarfoods.com|DailyCatchEntry_New.php
30 Mar 2021 11:18:51|20|shiji@forstarfoods.com|DailyCatchEntry_New.php
30 Mar 2021 11:18:53|20|shiji@forstarfoods.com|DailyCatchEntry_New.php
30 Mar 2021 11:18:54|20|shiji@forstarfoods.com|DailyCatchEntry_New.php
30 Mar 2021 11:18:55|20|shiji@forstarfoods.com|DailyCatchEntry_New.php
30 Mar 2021 11:18:56|20|shiji@forstarfoods.com|DailyCatchEntry_New.php
30 Mar 2021 11:18:58|20|shiji@forstarfoods.com|DailyCatchEntry_New.php
30 Mar 2021 11:18:59|20|shiji@forstarfoods.com|DailyCatchEntry_New.php
30 Mar 2021 11:19:00|20|shiji@forstarfoods.com|DailyCatchEntry_New.php
30 Mar 2021 11:19:01|20|shiji@forstarfoods.com|DailyCatchEntry_New.php
30 Mar 2021 11:19:03|20|shiji@forstarfoods.com|DailyCatchEntry_New.php
30 Mar 2021 11:19:04|20|shiji@forstarfoods.com|DailyCatchEntry_New.php
30 Mar 2021 11:23:09|20|shiji@forstarfoods.com|DailyCatchEntry_New.php
30 Mar 2021 11:26:41|20|shiji@forstarfoods.com|DailyCatchEntry_New.php
30 Mar 2021 11:26:43|20|shiji@forstarfoods.com|DailyCatchEntry_New.php
30 Mar 2021 11:26:45|20|shiji@forstarfoods.com|CatchEntryDeclaredItem.php
30 Mar 2021 11:26:51|20|shiji@forstarfoods.com|DailyCatchEntry_New.php
30 Mar 2021 11:26:52|20|shiji@forstarfoods.com|DailyCatchEntry_New.php
30 Mar 2021 11:26:54|20|shiji@forstarfoods.com|DailyCatchEntry_New.php
30 Mar 2021 11:26:55|20|shiji@forstarfoods.com|DailyCatchEntry_New.php
30 Mar 2021 11:26:59|20|shiji@forstarfoods.com|DailyCatchEntry_New.php
30 Mar 2021 11:27:00|20|shiji@forstarfoods.com|CatchEntryDeclaredItem.php
30 Mar 2021 11:27:13|20|shiji@forstarfoods.com|DailyCatchEntry_New.php
30 Mar 2021 11:27:17|20|shiji@forstarfoods.com|DailyCatchEntry_New.php
30 Mar 2021 11:27:20|20|shiji@forstarfoods.com|DailyCatchEntry_New.php
30 Mar 2021 11:27:22|20|shiji@forstarfoods.com|DailyCatchEntry_New.php
30 Mar 2021 11:27:23|20|shiji@forstarfoods.com|DailyCatchEntry_New.php
30 Mar 2021 11:27:25|20|shiji@forstarfoods.com|DailyCatchEntry_New.php
30 Mar 2021 11:27:26|20|shiji@forstarfoods.com|DailyCatchEntry_New.php
30 Mar 2021 11:27:27|20|shiji@forstarfoods.com|DailyCatchEntry_New.php
30 Mar 2021 11:27:28|20|shiji@forstarfoods.com|DailyCatchEntry_New.php
30 Mar 2021 11:27:30|20|shiji@forstarfoods.com|DailyCatchEntry_New.php
30 Mar 2021 11:27:31|20|shiji@forstarfoods.com|DailyCatchEntry_New.php
30 Mar 2021 11:27:32|20|shiji@forstarfoods.com|DailyCatchEntry_New.php
30 Mar 2021 11:27:33|20|shiji@forstarfoods.com|DailyCatchEntry_New.php
30 Mar 2021 11:27:35|20|shiji@forstarfoods.com|DailyCatchEntry_New.php
30 Mar 2021 11:27:36|20|shiji@forstarfoods.com|DailyCatchEntry_New.php
30 Mar 2021 11:27:44|20|shiji@forstarfoods.com|DailyCatchEntry_New.php
30 Mar 2021 11:27:46|20|shiji@forstarfoods.com|DailyCatchEntry_New.php
30 Mar 2021 11:27:48|20|shiji@forstarfoods.com|CatchEntryDeclaredItem.php
30 Mar 2021 11:27:50|20|shiji@forstarfoods.com|DailyCatchEntry_New.php
30 Mar 2021 11:27:52|20|shiji@forstarfoods.com|DailyCatchEntry_New.php
30 Mar 2021 11:27:54|20|shiji@forstarfoods.com|DailyCatchEntry_New.php
30 Mar 2021 11:27:55|20|shiji@forstarfoods.com|DailyCatchEntry_New.php
30 Mar 2021 11:27:57|20|shiji@forstarfoods.com|DailyCatchEntry_New.php
30 Mar 2021 11:27:58|20|shiji@forstarfoods.com|DailyCatchEntry_New.php
30 Mar 2021 11:27:59|20|shiji@forstarfoods.com|DailyCatchEntry_New.php
30 Mar 2021 11:28:00|20|shiji@forstarfoods.com|DailyCatchEntry_New.php
30 Mar 2021 11:28:01|20|shiji@forstarfoods.com|DailyCatchEntry_New.php
30 Mar 2021 11:28:03|20|shiji@forstarfoods.com|DailyCatchEntry_New.php
30 Mar 2021 11:28:04|20|shiji@forstarfoods.com|DailyCatchEntry_New.php
30 Mar 2021 11:28:05|20|shiji@forstarfoods.com|DailyCatchEntry_New.php
30 Mar 2021 11:28:06|20|shiji@forstarfoods.com|DailyCatchEntry_New.php
30 Mar 2021 11:28:08|20|shiji@forstarfoods.com|DailyCatchEntry_New.php
30 Mar 2021 11:28:10|20|shiji@forstarfoods.com|DailyCatchEntry_New.php
30 Mar 2021 11:28:38|20|shiji@forstarfoods.com|DailyCatchEntry_New.php
30 Mar 2021 11:28:39|20|shiji@forstarfoods.com|DailyCatchEntry_New.php
30 Mar 2021 11:28:41|20|shiji@forstarfoods.com|CatchEntryDeclaredItem.php
30 Mar 2021 11:28:47|20|shiji@forstarfoods.com|DailyCatchEntry_New.php
30 Mar 2021 11:28:49|20|shiji@forstarfoods.com|DailyCatchEntry_New.php
30 Mar 2021 11:28:50|20|shiji@forstarfoods.com|DailyCatchEntry_New.php
30 Mar 2021 11:28:52|20|shiji@forstarfoods.com|DailyCatchEntry_New.php
30 Mar 2021 11:28:57|20|shiji@forstarfoods.com|DailyCatchEntry_New.php
30 Mar 2021 11:28:58|20|shiji@forstarfoods.com|CatchEntryDeclaredItem.php
30 Mar 2021 11:29:16|20|shiji@forstarfoods.com|DailyCatchEntry_New.php
30 Mar 2021 11:29:19|20|shiji@forstarfoods.com|DailyCatchEntry_New.php
30 Mar 2021 11:29:22|20|shiji@forstarfoods.com|DailyCatchEntry_New.php
30 Mar 2021 11:29:24|20|shiji@forstarfoods.com|DailyCatchEntry_New.php
30 Mar 2021 11:29:25|20|shiji@forstarfoods.com|DailyCatchEntry_New.php
30 Mar 2021 11:29:26|20|shiji@forstarfoods.com|DailyCatchEntry_New.php
30 Mar 2021 11:29:28|20|shiji@forstarfoods.com|DailyCatchEntry_New.php
30 Mar 2021 11:29:29|20|shiji@forstarfoods.com|DailyCatchEntry_New.php
30 Mar 2021 11:29:30|20|shiji@forstarfoods.com|DailyCatchEntry_New.php
30 Mar 2021 11:29:31|20|shiji@forstarfoods.com|DailyCatchEntry_New.php
30 Mar 2021 11:29:33|20|shiji@forstarfoods.com|DailyCatchEntry_New.php
30 Mar 2021 11:29:34|20|shiji@forstarfoods.com|DailyCatchEntry_New.php
30 Mar 2021 11:29:35|20|shiji@forstarfoods.com|DailyCatchEntry_New.php
30 Mar 2021 11:29:36|20|shiji@forstarfoods.com|DailyCatchEntry_New.php
30 Mar 2021 11:29:37|20|shiji@forstarfoods.com|DailyCatchEntry_New.php
30 Mar 2021 11:29:39|20|shiji@forstarfoods.com|DailyCatchEntry_New.php
30 Mar 2021 11:29:40|20|shiji@forstarfoods.com|DailyCatchEntry_New.php
30 Mar 2021 11:29:41|20|shiji@forstarfoods.com|DailyCatchEntry_New.php
30 Mar 2021 11:29:43|20|shiji@forstarfoods.com|DailyCatchEntry_New.php
30 Mar 2021 11:29:44|20|shiji@forstarfoods.com|DailyCatchEntry_New.php
30 Mar 2021 11:29:45|20|shiji@forstarfoods.com|DailyCatchEntry_New.php
30 Mar 2021 11:29:46|20|shiji@forstarfoods.com|DailyCatchEntry_New.php
30 Mar 2021 11:29:47|20|shiji@forstarfoods.com|DailyCatchEntry_New.php
30 Mar 2021 11:29:49|20|shiji@forstarfoods.com|DailyCatchEntry_New.php
30 Mar 2021 11:29:50|20|shiji@forstarfoods.com|DailyCatchEntry_New.php
30 Mar 2021 11:29:51|20|shiji@forstarfoods.com|DailyCatchEntry_New.php
30 Mar 2021 11:29:52|20|shiji@forstarfoods.com|DailyCatchEntry_New.php
30 Mar 2021 11:29:54|20|shiji@forstarfoods.com|DailyCatchEntry_New.php
30 Mar 2021 11:29:55|20|shiji@forstarfoods.com|DailyCatchEntry_New.php
30 Mar 2021 11:29:56|20|shiji@forstarfoods.com|DailyCatchEntry_New.php
30 Mar 2021 11:29:57|20|shiji@forstarfoods.com|DailyCatchEntry_New.php
30 Mar 2021 11:30:31|20|shiji@forstarfoods.com|DailyCatchEntry_New.php
30 Mar 2021 11:30:33|20|shiji@forstarfoods.com|DailyCatchEntry_New.php
30 Mar 2021 11:30:34|20|shiji@forstarfoods.com|CatchEntryDeclaredItem.php
30 Mar 2021 11:30:42|20|shiji@forstarfoods.com|DailyCatchEntry_New.php
30 Mar 2021 11:30:44|20|shiji@forstarfoods.com|DailyCatchEntry_New.php
30 Mar 2021 11:30:45|20|shiji@forstarfoods.com|DailyCatchEntry_New.php
30 Mar 2021 11:30:46|20|shiji@forstarfoods.com|DailyCatchEntry_New.php
30 Mar 2021 11:30:49|20|shiji@forstarfoods.com|DailyCatchEntry_New.php
30 Mar 2021 11:30:51|20|shiji@forstarfoods.com|CatchEntryDeclaredItem.php
30 Mar 2021 11:31:03|20|shiji@forstarfoods.com|DailyCatchEntry_New.php
30 Mar 2021 11:31:04|20|shiji@forstarfoods.com|DailyCatchEntry_New.php
30 Mar 2021 11:31:06|20|shiji@forstarfoods.com|DailyCatchEntry_New.php
30 Mar 2021 11:31:08|20|shiji@forstarfoods.com|DailyCatchEntry_New.php
30 Mar 2021 11:31:26|20|shiji@forstarfoods.com|DailyCatchEntry_New.php
30 Mar 2021 11:31:28|20|shiji@forstarfoods.com|DailyCatchEntry_New.php
30 Mar 2021 11:31:29|20|shiji@forstarfoods.com|DailyCatchEntry_New.php
30 Mar 2021 11:31:31|20|shiji@forstarfoods.com|DailyCatchEntry_New.php
30 Mar 2021 11:31:32|20|shiji@forstarfoods.com|DailyCatchEntry_New.php
30 Mar 2021 11:31:33|20|shiji@forstarfoods.com|DailyCatchEntry_New.php
30 Mar 2021 11:31:34|20|shiji@forstarfoods.com|DailyCatchEntry_New.php