
25 Jun 2021 14:44:08|20|shiji@forstarfoods.com|DailyCatchSummary.php
25 Jun 2021 14:44:13|20|shiji@forstarfoods.com|DailyCatchSummary.php
25 Jun 2021 14:44:18|20|shiji@forstarfoods.com|DailyCatchSummary.php
25 Jun 2021 14:45:32|20|shiji@forstarfoods.com|DailyCatchSummary.php
25 Jun 2021 14:45:33|20|shiji@forstarfoods.com|DailyCatchSummary.php
25 Jun 2021 14:45:36|20|shiji@forstarfoods.com|DailyCatchSummary.php
25 Jun 2021 14:51:49|20|shiji@forstarfoods.com|DailyCatchEntry_New.php
25 Jun 2021 14:52:10|20|shiji@forstarfoods.com|DailyCatchEntry_New.php
25 Jun 2021 14:52:10|20|shiji@forstarfoods.com|DailyCatchEntry_New.php
25 Jun 2021 14:52:11|20|shiji@forstarfoods.com|DailyCatchEntry_New.php
25 Jun 2021 14:52:16|20|shiji@forstarfoods.com|SupplierAccount.php
25 Jun 2021 14:52:23|20|shiji@forstarfoods.com|SupplierAccount.php
25 Jun 2021 14:52:26|20|shiji@forstarfoods.com|SupplierAccount.php
25 Jun 2021 14:52:30|20|shiji@forstarfoods.com|SupplierAccount.php
25 Jun 2021 14:52:37|20|shiji@forstarfoods.com|SupplierAccount.php
25 Jun 2021 14:54:32|20|shiji@forstarfoods.com|DailyCatchReport.php
25 Jun 2021 14:54:40|20|shiji@forstarfoods.com|DailyCatchReport.php
25 Jun 2021 14:54:42|20|shiji@forstarfoods.com|DailyCatchReport.php
25 Jun 2021 14:54:44|20|shiji@forstarfoods.com|DailyCatchReport.php
25 Jun 2021 14:54:44|20|shiji@forstarfoods.com|DailyCatchReport.php
25 Jun 2021 14:54:46|20|shiji@forstarfoods.com|PrintDailyCatchReportMemo.php
25 Jun 2021 14:55:25|20|shiji@forstarfoods.com|DailyCatchReport.php
25 Jun 2021 14:55:26|20|shiji@forstarfoods.com|DailyCatchReport.php
25 Jun 2021 14:55:28|20|shiji@forstarfoods.com|DailyCatchReport.php
25 Jun 2021 14:55:28|20|shiji@forstarfoods.com|DailyCatchReport.php
25 Jun 2021 14:55:31|20|shiji@forstarfoods.com|DailyCatchReport.php
25 Jun 2021 14:55:32|20|shiji@forstarfoods.com|DailyCatchReport.php
25 Jun 2021 14:55:32|20|shiji@forstarfoods.com|DailyCatchReport.php
25 Jun 2021 14:55:34|20|shiji@forstarfoods.com|PrintDailyCatchReportMemo.php
25 Jun 2021 14:56:06|20|shiji@forstarfoods.com|DailyCatchReport.php
25 Jun 2021 14:56:07|20|shiji@forstarfoods.com|DailyCatchReport.php
25 Jun 2021 14:56:08|20|shiji@forstarfoods.com|DailyCatchReport.php
25 Jun 2021 14:56:08|20|shiji@forstarfoods.com|DailyCatchReport.php
25 Jun 2021 14:56:11|20|shiji@forstarfoods.com|DailyCatchReport.php
25 Jun 2021 14:56:12|20|shiji@forstarfoods.com|DailyCatchReport.php
25 Jun 2021 14:56:13|20|shiji@forstarfoods.com|DailyCatchReport.php
25 Jun 2021 14:56:15|20|shiji@forstarfoods.com|PrintDailyCatchReportMemo.php
25 Jun 2021 14:56:39|20|shiji@forstarfoods.com|DailyCatchReport.php
25 Jun 2021 14:56:40|20|shiji@forstarfoods.com|DailyCatchReport.php
25 Jun 2021 14:56:41|20|shiji@forstarfoods.com|DailyCatchReport.php
25 Jun 2021 14:56:42|20|shiji@forstarfoods.com|DailyCatchReport.php
25 Jun 2021 14:56:44|20|shiji@forstarfoods.com|DailyCatchReport.php
25 Jun 2021 14:56:46|20|shiji@forstarfoods.com|DailyCatchReport.php
25 Jun 2021 14:56:47|20|shiji@forstarfoods.com|DailyCatchReport.php
25 Jun 2021 14:56:47|20|shiji@forstarfoods.com|DailyCatchReport.php
25 Jun 2021 14:56:52|20|shiji@forstarfoods.com|PrintDailyCatchReportMemo.php
25 Jun 2021 14:57:41|20|shiji@forstarfoods.com|DailyCatchReport.php
25 Jun 2021 14:57:42|20|shiji@forstarfoods.com|DailyCatchReport.php
25 Jun 2021 14:57:43|20|shiji@forstarfoods.com|DailyCatchReport.php
25 Jun 2021 14:57:44|20|shiji@forstarfoods.com|DailyCatchReport.php
25 Jun 2021 14:57:45|20|shiji@forstarfoods.com|DailyCatchReport.php
25 Jun 2021 14:57:46|20|shiji@forstarfoods.com|DailyCatchReport.php
25 Jun 2021 14:57:46|20|shiji@forstarfoods.com|DailyCatchReport.php
25 Jun 2021 14:57:49|20|shiji@forstarfoods.com|PrintDailyCatchReportMemo.php
25 Jun 2021 14:58:07|20|shiji@forstarfoods.com|DailyCatchReport.php
25 Jun 2021 14:58:08|20|shiji@forstarfoods.com|DailyCatchReport.php
25 Jun 2021 14:58:09|20|shiji@forstarfoods.com|DailyCatchReport.php
25 Jun 2021 14:58:09|20|shiji@forstarfoods.com|DailyCatchReport.php
25 Jun 2021 14:58:12|20|shiji@forstarfoods.com|DailyCatchReport.php
25 Jun 2021 14:58:13|20|shiji@forstarfoods.com|DailyCatchReport.php
25 Jun 2021 14:58:13|20|shiji@forstarfoods.com|DailyCatchReport.php
25 Jun 2021 14:58:18|20|shiji@forstarfoods.com|PrintDailyCatchReportMemo.php
25 Jun 2021 17:40:25|20|shiji@forstarfoods.com|Home.php
25 Jun 2021 17:40:32|20|shiji@forstarfoods.com|DailyCatchReport.php
25 Jun 2021 17:40:41|20|shiji@forstarfoods.com|DailyCatchReport.php
25 Jun 2021 17:41:02|20|shiji@forstarfoods.com|DailyCatchReport.php
25 Jun 2021 17:41:03|20|shiji@forstarfoods.com|DailyCatchReport.php
25 Jun 2021 17:41:04|20|shiji@forstarfoods.com|DailyCatchReport.php
25 Jun 2021 17:41:07|20|shiji@forstarfoods.com|PrintDailyCatchReportMemo.php
25 Jun 2021 17:41:16|20|shiji@forstarfoods.com|SupplierAccount.php
25 Jun 2021 17:41:23|20|shiji@forstarfoods.com|SupplierAccount.php
25 Jun 2021 17:41:27|20|shiji@forstarfoods.com|SupplierAccount.php
25 Jun 2021 17:41:30|20|shiji@forstarfoods.com|SupplierAccount.php
25 Jun 2021 17:41:33|20|shiji@forstarfoods.com|SupplierAccount.php
25 Jun 2021 17:42:11|20|shiji@forstarfoods.com|SupplierAccount.php
25 Jun 2021 17:42:16|20|shiji@forstarfoods.com|SupplierAccount.php
25 Jun 2021 17:42:19|20|shiji@forstarfoods.com|SupplierAccount.php
25 Jun 2021 17:42:23|20|shiji@forstarfoods.com|SupplierAccount.php
25 Jun 2021 17:42:40|20|shiji@forstarfoods.com|SupplierAccount.php
25 Jun 2021 17:42:45|20|shiji@forstarfoods.com|DailyCatchReport.php
25 Jun 2021 17:43:43|20|shiji@forstarfoods.com|DailyCatchReport.php
25 Jun 2021 17:43:45|20|shiji@forstarfoods.com|DailyCatchReport.php
25 Jun 2021 17:43:46|20|shiji@forstarfoods.com|DailyCatchReport.php
25 Jun 2021 17:43:47|20|shiji@forstarfoods.com|DailyCatchReport.php
25 Jun 2021 17:43:52|20|shiji@forstarfoods.com|DailyCatchReport.php
25 Jun 2021 17:43:53|20|shiji@forstarfoods.com|DailyCatchReport.php
25 Jun 2021 17:43:54|20|shiji@forstarfoods.com|DailyCatchReport.php
25 Jun 2021 17:43:56|20|shiji@forstarfoods.com|SupplierAccount.php
25 Jun 2021 17:44:02|20|shiji@forstarfoods.com|SupplierAccount.php
25 Jun 2021 17:44:05|20|shiji@forstarfoods.com|SupplierAccount.php
25 Jun 2021 17:44:08|20|shiji@forstarfoods.com|SupplierAccount.php
25 Jun 2021 17:44:11|20|shiji@forstarfoods.com|SupplierAccount.php
25 Jun 2021 17:45:14|20|shiji@forstarfoods.com|SupplierAccount.php
25 Jun 2021 17:46:18|20|shiji@forstarfoods.com|DailyCatchReport.php
25 Jun 2021 17:46:32|20|shiji@forstarfoods.com|DailyCatchReport.php
25 Jun 2021 17:46:35|20|shiji@forstarfoods.com|DailyCatchReport.php
25 Jun 2021 17:46:36|20|shiji@forstarfoods.com|DailyCatchReport.php
25 Jun 2021 17:46:36|20|shiji@forstarfoods.com|DailyCatchReport.php
25 Jun 2021 17:46:42|20|shiji@forstarfoods.com|DailyCatchReport.php
25 Jun 2021 17:46:43|20|shiji@forstarfoods.com|DailyCatchReport.php
25 Jun 2021 17:46:44|20|shiji@forstarfoods.com|DailyCatchReport.php
26 Jun 2021 11:25:35|20|shiji@forstarfoods.com|Home.php
26 Jun 2021 11:25:47|20|shiji@forstarfoods.com|DailyCatchSummary.php
26 Jun 2021 11:25:55|20|shiji@forstarfoods.com|DailyCatchSummary.php
26 Jun 2021 11:26:10|20|shiji@forstarfoods.com|DailyCatchSummary.php
26 Jun 2021 11:26:24|20|shiji@forstarfoods.com|DailyCatchSummary.php
26 Jun 2021 11:26:30|20|shiji@forstarfoods.com|DailyCatchSummary.php
26 Jun 2021 11:27:14|20|shiji@forstarfoods.com|DailyCatchSummary.php
26 Jun 2021 11:27:23|20|shiji@forstarfoods.com|DailyCatchSummary.php
26 Jun 2021 11:27:29|20|shiji@forstarfoods.com|DailyCatchSummary.php
26 Jun 2021 11:28:06|20|shiji@forstarfoods.com|PrintDailyCatchSummary.php
26 Jun 2021 11:28:26|20|shiji@forstarfoods.com|DailyCatchSummary.php
26 Jun 2021 11:28:29|20|shiji@forstarfoods.com|DailyCatchSummary.php
26 Jun 2021 11:28:42|20|shiji@forstarfoods.com|DailyCatchSummary.php
26 Jun 2021 11:28:46|20|shiji@forstarfoods.com|PrintDailyCatchSummary.php
26 Jun 2021 16:57:43|24|shashikala@forstarfoods.com|Home.php
26 Jun 2021 16:57:46|24|shashikala@forstarfoods.com|Home.php
26 Jun 2021 17:01:07|24|shashikala@forstarfoods.com|DailyPreProcess.php
26 Jun 2021 17:01:18|24|shashikala@forstarfoods.com|DailyPreProcess.php
26 Jun 2021 17:01:39|24|shashikala@forstarfoods.com|DailyPreProcess.php
26 Jun 2021 17:01:47|24|shashikala@forstarfoods.com|DailyPreProcess.php
26 Jun 2021 17:01:48|24|shashikala@forstarfoods.com|DailyPreProcess.php
26 Jun 2021 17:04:53|24|shashikala@forstarfoods.com|DailyPreProcess.php
26 Jun 2021 17:05:23|24|shashikala@forstarfoods.com|DailyPreProcess.php
26 Jun 2021 17:05:25|24|shashikala@forstarfoods.com|DailyPreProcess.php
26 Jun 2021 17:05:28|24|shashikala@forstarfoods.com|DailyPreProcess.php
26 Jun 2021 17:05:29|24|shashikala@forstarfoods.com|DailyPreProcess.php
26 Jun 2021 17:09:31|24|shashikala@forstarfoods.com|DailyPreProcess.php
26 Jun 2021 17:09:37|24|shashikala@forstarfoods.com|DailyRMCB.php
26 Jun 2021 17:09:47|24|shashikala@forstarfoods.com|DailyRMCB.php
26 Jun 2021 17:09:50|24|shashikala@forstarfoods.com|DailyRMCB.php
26 Jun 2021 17:09:55|24|shashikala@forstarfoods.com|DailyRMCB.php
26 Jun 2021 17:09:59|24|shashikala@forstarfoods.com|DailyRMCB.php
26 Jun 2021 17:12:00|24|shashikala@forstarfoods.com|DailyRMCB.php
26 Jun 2021 17:12:03|24|shashikala@forstarfoods.com|DailyRMCB.php
26 Jun 2021 17:12:08|24|shashikala@forstarfoods.com|DailyRMCB.php
26 Jun 2021 17:12:18|24|shashikala@forstarfoods.com|DailyRMCB.php
26 Jun 2021 17:12:52|24|shashikala@forstarfoods.com|DailyRMCB.php
26 Jun 2021 17:12:55|24|shashikala@forstarfoods.com|DailyRMCB.php
26 Jun 2021 17:13:00|24|shashikala@forstarfoods.com|Home.php
26 Jun 2021 17:20:18|24|shashikala@forstarfoods.com|Home.php
26 Jun 2021 17:20:21|24|shashikala@forstarfoods.com|DailyPreProcess.php
26 Jun 2021 17:20:28|24|shashikala@forstarfoods.com|DailyPreProcess.php
26 Jun 2021 17:21:05|24|shashikala@forstarfoods.com|DailyPreProcess.php
26 Jun 2021 17:21:16|24|shashikala@forstarfoods.com|DailyPreProcess.php
26 Jun 2021 17:21:17|24|shashikala@forstarfoods.com|DailyPreProcess.php
26 Jun 2021 17:25:10|24|shashikala@forstarfoods.com|DailyPreProcess.php
26 Jun 2021 17:25:35|24|shashikala@forstarfoods.com|DailyPreProcess.php
26 Jun 2021 17:25:37|24|shashikala@forstarfoods.com|DailyPreProcess.php
26 Jun 2021 17:25:41|24|shashikala@forstarfoods.com|DailyPreProcess.php
26 Jun 2021 17:25:42|24|shashikala@forstarfoods.com|DailyPreProcess.php
26 Jun 2021 17:28:05|24|shashikala@forstarfoods.com|DailyPreProcess.php
26 Jun 2021 17:28:12|24|shashikala@forstarfoods.com|DailyRMCB.php
26 Jun 2021 17:28:20|24|shashikala@forstarfoods.com|DailyRMCB.php
26 Jun 2021 17:28:23|24|shashikala@forstarfoods.com|DailyRMCB.php
26 Jun 2021 17:28:32|24|shashikala@forstarfoods.com|DailyRMCB.php
26 Jun 2021 17:28:36|24|shashikala@forstarfoods.com|DailyRMCB.php
26 Jun 2021 17:29:18|24|shashikala@forstarfoods.com|DailyRMCB.php
26 Jun 2021 17:29:21|24|shashikala@forstarfoods.com|DailyRMCB.php
26 Jun 2021 17:29:32|24|shashikala@forstarfoods.com|DailyRMCB.php
26 Jun 2021 17:29:37|24|shashikala@forstarfoods.com|DailyRMCB.php
26 Jun 2021 17:30:12|24|shashikala@forstarfoods.com|DailyRMCB.php
26 Jun 2021 17:30:16|24|shashikala@forstarfoods.com|DailyRMCB.php
26 Jun 2021 17:30:20|24|shashikala@forstarfoods.com|Home.php
26 Jun 2021 17:30:24|24|shashikala@forstarfoods.com|DailyPreProcess.php
26 Jun 2021 17:30:30|24|shashikala@forstarfoods.com|DailyPreProcess.php
26 Jun 2021 17:30:42|24|shashikala@forstarfoods.com|DailyPreProcess.php
26 Jun 2021 17:30:47|24|shashikala@forstarfoods.com|DailyPreProcess.php
26 Jun 2021 17:30:47|24|shashikala@forstarfoods.com|DailyPreProcess.php
26 Jun 2021 17:32:43|24|shashikala@forstarfoods.com|DailyPreProcess.php
26 Jun 2021 17:33:00|24|shashikala@forstarfoods.com|DailyPreProcess.php
26 Jun 2021 17:33:02|24|shashikala@forstarfoods.com|DailyPreProcess.php
26 Jun 2021 17:33:08|24|shashikala@forstarfoods.com|DailyPreProcess.php
26 Jun 2021 17:33:08|24|shashikala@forstarfoods.com|DailyPreProcess.php
26 Jun 2021 17:36:26|24|shashikala@forstarfoods.com|DailyPreProcess.php
26 Jun 2021 17:36:39|24|shashikala@forstarfoods.com|DailyRMCB.php
26 Jun 2021 17:37:03|24|shashikala@forstarfoods.com|DailyRMCB.php
26 Jun 2021 17:37:06|24|shashikala@forstarfoods.com|DailyRMCB.php
26 Jun 2021 17:37:13|24|shashikala@forstarfoods.com|DailyRMCB.php
26 Jun 2021 17:37:17|24|shashikala@forstarfoods.com|DailyRMCB.php
26 Jun 2021 17:37:56|24|shashikala@forstarfoods.com|DailyRMCB.php
26 Jun 2021 17:37:59|24|shashikala@forstarfoods.com|DailyRMCB.php
26 Jun 2021 17:38:28|24|shashikala@forstarfoods.com|DailyPreProcess.php
26 Jun 2021 17:38:37|24|shashikala@forstarfoods.com|DailyPreProcess.php
26 Jun 2021 17:39:12|24|shashikala@forstarfoods.com|DailyPreProcess.php
26 Jun 2021 17:43:16|24|shashikala@forstarfoods.com|DailyPreProcess.php
26 Jun 2021 17:46:48|24|shashikala@forstarfoods.com|DailyPreProcess.php
26 Jun 2021 17:47:06|24|shashikala@forstarfoods.com|DailyRMCB.php
28 Jun 2021 09:51:16|20|shiji@forstarfoods.com|Home.php
28 Jun 2021 09:51:26|20|shiji@forstarfoods.com|DailyCatchSummary.php
28 Jun 2021 09:51:30|20|shiji@forstarfoods.com|DailyCatchSummary.php
28 Jun 2021 09:51:35|20|shiji@forstarfoods.com|DailyCatchReport.php
28 Jun 2021 09:51:42|20|shiji@forstarfoods.com|DailyCatchReport.php
28 Jun 2021 09:53:25|20|shiji@forstarfoods.com|DailyCatchSummary.php
28 Jun 2021 09:53:27|20|shiji@forstarfoods.com|DailyCatchSummary.php
28 Jun 2021 09:53:39|20|shiji@forstarfoods.com|DailyCatchSummary.php
28 Jun 2021 09:53:41|20|shiji@forstarfoods.com|DailyCatchSummary.php
28 Jun 2021 09:53:47|20|shiji@forstarfoods.com|DailyCatchSummary.php
28 Jun 2021 09:53:53|20|shiji@forstarfoods.com|DailyCatchSummary.php
28 Jun 2021 09:53:58|20|shiji@forstarfoods.com|DailyCatchSummary.php
28 Jun 2021 09:54:19|20|shiji@forstarfoods.com|DailyCatchSummary.php
28 Jun 2021 09:54:20|20|shiji@forstarfoods.com|DailyCatchSummary.php
28 Jun 2021 09:54:52|20|shiji@forstarfoods.com|DailyCatchSummary.php
28 Jun 2021 09:54:54|20|shiji@forstarfoods.com|DailyCatchSummary.php
28 Jun 2021 09:54:55|20|shiji@forstarfoods.com|DailyCatchSummary.php
28 Jun 2021 09:55:27|20|shiji@forstarfoods.com|DailyCatchSummary.php
28 Jun 2021 09:55:31|20|shiji@forstarfoods.com|DailyCatchSummary.php
28 Jun 2021 09:55:32|20|shiji@forstarfoods.com|DailyCatchSummary.php
28 Jun 2021 09:55:55|20|shiji@forstarfoods.com|DailyCatchSummary.php
28 Jun 2021 09:55:57|20|shiji@forstarfoods.com|DailyCatchSummary.php
28 Jun 2021 10:03:57|20|shiji@forstarfoods.com|DailyCatchReport.php
28 Jun 2021 10:04:03|20|shiji@forstarfoods.com|DailyCatchReport.php
28 Jun 2021 10:04:05|20|shiji@forstarfoods.com|DailyCatchReport.php
28 Jun 2021 10:04:06|20|shiji@forstarfoods.com|DailyCatchReport.php
28 Jun 2021 10:04:07|20|shiji@forstarfoods.com|DailyCatchReport.php
28 Jun 2021 10:04:09|20|shiji@forstarfoods.com|PrintDailyCatchReportMemo.php
28 Jun 2021 10:06:12|20|shiji@forstarfoods.com|SupplierMaster.php
28 Jun 2021 10:06:16|20|shiji@forstarfoods.com|SupplierMaster.php
28 Jun 2021 10:06:20|20|shiji@forstarfoods.com|SupplierMaster.php
28 Jun 2021 10:06:24|20|shiji@forstarfoods.com|SupplierMaster.php
28 Jun 2021 10:06:37|20|shiji@forstarfoods.com|SupplierMaster.php
28 Jun 2021 10:06:40|20|shiji@forstarfoods.com|SupplierMaster.php
28 Jun 2021 10:06:48|20|shiji@forstarfoods.com|SupplierMaster.php
28 Jun 2021 10:06:57|20|shiji@forstarfoods.com|SupplierMaster.php
28 Jun 2021 10:08:05|20|shiji@forstarfoods.com|DailyCatchEntry_New.php
28 Jun 2021 10:08:06|20|shiji@forstarfoods.com|DailyCatchEntry_New.php
28 Jun 2021 10:08:07|20|shiji@forstarfoods.com|DailyCatchEntry_New.php
28 Jun 2021 10:08:08|20|shiji@forstarfoods.com|DailyCatchEntry_New.php
28 Jun 2021 10:08:08|20|shiji@forstarfoods.com|DailyCatchEntry_New.php
28 Jun 2021 10:08:08|20|shiji@forstarfoods.com|CatchEntryDeclaredItem.php
28 Jun 2021 10:08:09|20|shiji@forstarfoods.com|DailyCatchEntry_New.php
28 Jun 2021 10:08:11|20|shiji@forstarfoods.com|DailyCatchEntry_New.php
28 Jun 2021 10:08:11|20|shiji@forstarfoods.com|DailyCatchEntry_New.php
28 Jun 2021 10:08:11|20|shiji@forstarfoods.com|DailyCatchEntry_New.php
28 Jun 2021 10:08:12|20|shiji@forstarfoods.com|DailyCatchEntry_New.php
28 Jun 2021 10:08:12|20|shiji@forstarfoods.com|DailyCatchEntry_New.php
28 Jun 2021 10:08:13|20|shiji@forstarfoods.com|DailyCatchEntry_New.php
28 Jun 2021 10:08:13|20|shiji@forstarfoods.com|DailyCatchEntry_New.php
28 Jun 2021 10:08:14|20|shiji@forstarfoods.com|DailyCatchEntry_New.php
28 Jun 2021 10:08:25|20|shiji@forstarfoods.com|DailyCatchEntry_New.php
28 Jun 2021 10:08:39|20|shiji@forstarfoods.com|DailyCatchEntry_New.php
28 Jun 2021 10:08:39|20|shiji@forstarfoods.com|CatchEntryDeclaredItem.php
28 Jun 2021 10:08:46|20|shiji@forstarfoods.com|DailyCatchEntry_New.php
28 Jun 2021 10:08:50|20|shiji@forstarfoods.com|DailyCatchEntry_New.php
28 Jun 2021 10:08:50|20|shiji@forstarfoods.com|CatchEntryDeclaredItem.php
28 Jun 2021 10:09:09|20|shiji@forstarfoods.com|DailyCatchEntry_New.php
28 Jun 2021 10:09:09|20|shiji@forstarfoods.com|DailyCatchEntry_New.php
28 Jun 2021 10:09:09|20|shiji@forstarfoods.com|DailyCatchEntry_New.php
28 Jun 2021 10:09:09|20|shiji@forstarfoods.com|DailyCatchEntry_New.php
28 Jun 2021 10:09:10|20|shiji@forstarfoods.com|DailyCatchEntry_New.php
28 Jun 2021 10:09:13|20|shiji@forstarfoods.com|DailyCatchEntry_New.php
28 Jun 2021 10:09:13|20|shiji@forstarfoods.com|DailyCatchEntry_New.php
28 Jun 2021 10:09:13|20|shiji@forstarfoods.com|DailyCatchEntry_New.php
28 Jun 2021 10:09:13|20|shiji@forstarfoods.com|DailyCatchEntry_New.php
28 Jun 2021 10:09:14|20|shiji@forstarfoods.com|DailyCatchEntry_New.php
28 Jun 2021 10:09:17|20|shiji@forstarfoods.com|DailyCatchEntry_New.php
28 Jun 2021 10:09:17|20|shiji@forstarfoods.com|DailyCatchEntry_New.php
28 Jun 2021 10:09:17|20|shiji@forstarfoods.com|DailyCatchEntry_New.php
28 Jun 2021 10:09:33|20|shiji@forstarfoods.com|DailyCatchEntry_New.php
28 Jun 2021 10:09:35|20|shiji@forstarfoods.com|DailyCatchEntry_New.php
28 Jun 2021 10:09:36|20|shiji@forstarfoods.com|DailyCatchEntry_New.php
28 Jun 2021 10:09:40|20|shiji@forstarfoods.com|DailyCatchEntry_New.php
28 Jun 2021 10:09:41|20|shiji@forstarfoods.com|DailyCatchEntry_New.php
28 Jun 2021 10:09:46|20|shiji@forstarfoods.com|DailyCatchEntry_New.php
28 Jun 2021 10:09:46|20|shiji@forstarfoods.com|DailyCatchEntry_New.php
28 Jun 2021 10:09:46|20|shiji@forstarfoods.com|DailyCatchEntry_New.php
28 Jun 2021 10:09:46|20|shiji@forstarfoods.com|DailyCatchEntry_New.php
28 Jun 2021 10:09:49|20|shiji@forstarfoods.com|DailyCatchEntry_New.php
28 Jun 2021 10:09:49|20|shiji@forstarfoods.com|DailyCatchEntry_New.php
28 Jun 2021 10:10:30|20|shiji@forstarfoods.com|DailyCatchEntry_New.php
28 Jun 2021 10:10:31|20|shiji@forstarfoods.com|DailyCatchEntry_New.php
28 Jun 2021 10:10:32|20|shiji@forstarfoods.com|CatchEntryDeclaredItem.php
28 Jun 2021 10:10:42|20|shiji@forstarfoods.com|DailyCatchEntry_New.php
28 Jun 2021 10:10:44|20|shiji@forstarfoods.com|DailyCatchEntry_New.php
28 Jun 2021 10:10:50|20|shiji@forstarfoods.com|DailyCatchEntry_New.php
28 Jun 2021 10:10:50|20|shiji@forstarfoods.com|DailyCatchEntry_New.php
28 Jun 2021 10:10:51|20|shiji@forstarfoods.com|DailyCatchEntry_New.php
28 Jun 2021 10:10:51|20|shiji@forstarfoods.com|DailyCatchEntry_New.php
28 Jun 2021 10:11:01|20|shiji@forstarfoods.com|DailyCatchEntry_New.php
28 Jun 2021 10:11:01|20|shiji@forstarfoods.com|DailyCatchEntry_New.php
28 Jun 2021 10:11:01|20|shiji@forstarfoods.com|DailyCatchEntry_New.php
28 Jun 2021 10:11:03|20|shiji@forstarfoods.com|DailyCatchEntry_New.php
28 Jun 2021 10:11:04|20|shiji@forstarfoods.com|CatchEntryDeclaredItem.php
28 Jun 2021 10:11:12|20|shiji@forstarfoods.com|DailyCatchEntry_New.php
28 Jun 2021 10:11:14|20|shiji@forstarfoods.com|DailyCatchEntry_New.php
28 Jun 2021 10:11:16|20|shiji@forstarfoods.com|DailyCatchEntry_New.php
28 Jun 2021 10:11:16|20|shiji@forstarfoods.com|DailyCatchEntry_New.php
28 Jun 2021 10:11:17|20|shiji@forstarfoods.com|DailyCatchEntry_New.php
28 Jun 2021 10:11:17|20|shiji@forstarfoods.com|DailyCatchEntry_New.php
28 Jun 2021 10:11:21|20|shiji@forstarfoods.com|DailyCatchEntry_New.php
28 Jun 2021 10:11:22|20|shiji@forstarfoods.com|DailyCatchEntry_New.php
28 Jun 2021 10:11:22|20|shiji@forstarfoods.com|DailyCatchEntry_New.php
28 Jun 2021 10:11:24|20|shiji@forstarfoods.com|DailyCatchEntry_New.php
28 Jun 2021 10:11:25|20|shiji@forstarfoods.com|CatchEntryDeclaredItem.php
28 Jun 2021 10:11:33|20|shiji@forstarfoods.com|DailyCatchEntry_New.php
28 Jun 2021 10:11:35|20|shiji@forstarfoods.com|DailyCatchEntry_New.php
28 Jun 2021 10:11:39|20|shiji@forstarfoods.com|DailyCatchEntry_New.php
28 Jun 2021 10:11:39|20|shiji@forstarfoods.com|DailyCatchEntry_New.php
28 Jun 2021 10:11:39|20|shiji@forstarfoods.com|DailyCatchEntry_New.php
28 Jun 2021 10:11:40|20|shiji@forstarfoods.com|DailyCatchEntry_New.php
28 Jun 2021 10:11:41|20|shiji@forstarfoods.com|DailyCatchEntry_New.php
28 Jun 2021 10:11:41|20|shiji@forstarfoods.com|DailyCatchEntry_New.php
28 Jun 2021 10:11:41|20|shiji@forstarfoods.com|DailyCatchEntry_New.php
28 Jun 2021 10:11:43|20|shiji@forstarfoods.com|DailyCatchEntry_New.php
28 Jun 2021 10:11:44|20|shiji@forstarfoods.com|CatchEntryDeclaredItem.php
28 Jun 2021 10:11:55|20|shiji@forstarfoods.com|DailyCatchEntry_New.php
28 Jun 2021 10:11:55|20|shiji@forstarfoods.com|DailyCatchEntry_New.php
28 Jun 2021 10:11:55|20|shiji@forstarfoods.com|DailyCatchEntry_New.php
28 Jun 2021 10:12:05|20|shiji@forstarfoods.com|DailyCatchEntry_New.php
28 Jun 2021 10:12:09|20|shiji@forstarfoods.com|DailyCatchEntry_New.php
28 Jun 2021 10:12:10|20|shiji@forstarfoods.com|CatchEntryDeclaredItem.php
28 Jun 2021 10:12:25|20|shiji@forstarfoods.com|DailyCatchEntry_New.php
28 Jun 2021 10:12:26|20|shiji@forstarfoods.com|DailyCatchEntry_New.php
28 Jun 2021 10:12:28|20|shiji@forstarfoods.com|DailyCatchEntry_New.php
28 Jun 2021 10:12:31|20|shiji@forstarfoods.com|DailyCatchEntry_New.php
28 Jun 2021 10:12:31|20|shiji@forstarfoods.com|DailyCatchEntry_New.php
28 Jun 2021 10:12:32|20|shiji@forstarfoods.com|DailyCatchEntry_New.php
28 Jun 2021 10:12:32|20|shiji@forstarfoods.com|DailyCatchEntry_New.php
28 Jun 2021 10:12:34|20|shiji@forstarfoods.com|DailyCatchEntry_New.php
28 Jun 2021 10:12:34|20|shiji@forstarfoods.com|DailyCatchEntry_New.php
28 Jun 2021 10:12:40|20|shiji@forstarfoods.com|DailyCatchEntry_New.php
28 Jun 2021 10:12:41|20|shiji@forstarfoods.com|DailyCatchEntry_New.php
28 Jun 2021 10:12:42|20|shiji@forstarfoods.com|CatchEntryDeclaredItem.php
28 Jun 2021 10:13:08|20|shiji@forstarfoods.com|DailyCatchEntry_New.php
28 Jun 2021 10:13:12|20|shiji@forstarfoods.com|DailyCatchEntry_New.php
28 Jun 2021 10:13:13|20|shiji@forstarfoods.com|DailyCatchEntry_New.php
28 Jun 2021 10:13:16|20|shiji@forstarfoods.com|DailyCatchEntry_New.php
28 Jun 2021 10:13:16|20|shiji@forstarfoods.com|DailyCatchEntry_New.php
28 Jun 2021 10:13:17|20|shiji@forstarfoods.com|DailyCatchEntry_New.php
28 Jun 2021 10:13:17|20|shiji@forstarfoods.com|DailyCatchEntry_New.php
28 Jun 2021 10:13:23|20|shiji@forstarfoods.com|DailyCatchEntry_New.php
28 Jun 2021 10:13:23|20|shiji@forstarfoods.com|DailyCatchEntry_New.php
28 Jun 2021 10:13:24|20|shiji@forstarfoods.com|DailyCatchEntry_New.php
28 Jun 2021 10:13:26|20|shiji@forstarfoods.com|DailyCatchEntry_New.php
28 Jun 2021 10:13:27|20|shiji@forstarfoods.com|CatchEntryDeclaredItem.php
28 Jun 2021 10:13:34|20|shiji@forstarfoods.com|DailyCatchEntry_New.php
28 Jun 2021 10:13:36|20|shiji@forstarfoods.com|DailyCatchEntry_New.php
28 Jun 2021 10:13:38|20|shiji@forstarfoods.com|DailyCatchEntry_New.php
28 Jun 2021 10:13:38|20|shiji@forstarfoods.com|DailyCatchEntry_New.php
28 Jun 2021 10:13:38|20|shiji@forstarfoods.com|DailyCatchEntry_New.php
28 Jun 2021 10:13:39|20|shiji@forstarfoods.com|DailyCatchEntry_New.php
28 Jun 2021 10:13:46|20|shiji@forstarfoods.com|DailyCatchEntry_New.php
28 Jun 2021 10:13:46|20|shiji@forstarfoods.com|DailyCatchEntry_New.php
28 Jun 2021 10:13:46|20|shiji@forstarfoods.com|DailyCatchEntry_New.php
28 Jun 2021 10:13:47|20|shiji@forstarfoods.com|DailyCatchEntry_New.php
28 Jun 2021 10:13:49|20|shiji@forstarfoods.com|DailyCatchEntry_New.php
28 Jun 2021 10:13:49|20|shiji@forstarfoods.com|DailyCatchEntry_New.php
28 Jun 2021 10:13:49|20|shiji@forstarfoods.com|DailyCatchEntry_New.php
28 Jun 2021 10:13:49|20|shiji@forstarfoods.com|DailyCatchEntry_New.php
28 Jun 2021 10:13:50|20|shiji@forstarfoods.com|DailyCatchEntry_New.php
28 Jun 2021 10:13:50|20|shiji@forstarfoods.com|DailyCatchEntry_New.php
28 Jun 2021 10:13:54|20|shiji@forstarfoods.com|DailyCatchEntry_New.php
28 Jun 2021 10:13:54|20|shiji@forstarfoods.com|DailyCatchEntry_New.php
28 Jun 2021 10:13:54|20|shiji@forstarfoods.com|DailyCatchEntry_New.php
28 Jun 2021 10:13:54|20|shiji@forstarfoods.com|DailyCatchEntry_New.php
28 Jun 2021 10:13:58|20|shiji@forstarfoods.com|DailyCatchEntry_New.php
28 Jun 2021 10:13:58|20|shiji@forstarfoods.com|DailyCatchEntry_New.php
28 Jun 2021 10:13:59|20|shiji@forstarfoods.com|DailyCatchEntry_New.php
28 Jun 2021 10:14:01|20|shiji@forstarfoods.com|DailyCatchEntry_New.php
28 Jun 2021 10:14:02|20|shiji@forstarfoods.com|CatchEntryDeclaredItem.php
28 Jun 2021 10:14:05|20|shiji@forstarfoods.com|DailyCatchEntry_New.php
28 Jun 2021 10:14:10|20|shiji@forstarfoods.com|DailyCatchEntry_New.php
28 Jun 2021 10:14:10|20|shiji@forstarfoods.com|DailyCatchEntry_New.php
28 Jun 2021 10:14:11|20|shiji@forstarfoods.com|DailyCatchEntry_New.php
28 Jun 2021 10:14:12|20|shiji@forstarfoods.com|DailyCatchEntry_New.php
28 Jun 2021 10:14:13|20|shiji@forstarfoods.com|DailyCatchEntry_New.php
28 Jun 2021 10:14:14|20|shiji@forstarfoods.com|DailyCatchEntry_New.php
28 Jun 2021 10:14:23|20|shiji@forstarfoods.com|DailyCatchEntry_New.php
28 Jun 2021 10:14:27|20|shiji@forstarfoods.com|DailyCatchEntry_New.php
28 Jun 2021 10:14:27|20|shiji@forstarfoods.com|DailyCatchEntry_New.php
28 Jun 2021 10:14:27|20|shiji@forstarfoods.com|CatchEntryDeclaredItem.php
28 Jun 2021 10:14:28|20|shiji@forstarfoods.com|DailyCatchEntry_New.php
28 Jun 2021 10:14:28|20|shiji@forstarfoods.com|CatchEntryDeclaredItem.php
28 Jun 2021 10:14:29|20|shiji@forstarfoods.com|DailyCatchEntry_New.php
28 Jun 2021 10:14:31|20|shiji@forstarfoods.com|DailyCatchEntry_New.php
28 Jun 2021 10:14:32|20|shiji@forstarfoods.com|CatchEntryDeclaredItem.php
28 Jun 2021 10:14:40|20|shiji@forstarfoods.com|DailyCatchEntry_New.php
28 Jun 2021 10:14:41|20|shiji@forstarfoods.com|DailyCatchEntry_New.php
28 Jun 2021 10:14:49|20|shiji@forstarfoods.com|DailyCatchEntry_New.php
28 Jun 2021 10:14:51|20|shiji@forstarfoods.com|DailyCatchEntry_New.php
28 Jun 2021 10:14:54|20|shiji@forstarfoods.com|DailyCatchEntry_New.php
28 Jun 2021 10:20:53|20|shiji@forstarfoods.com|DailyCatchEntry_New.php
28 Jun 2021 10:20:54|20|shiji@forstarfoods.com|DailyCatchEntry_New.php
28 Jun 2021 10:20:54|20|shiji@forstarfoods.com|DailyCatchEntry_New.php
28 Jun 2021 10:20:55|20|shiji@forstarfoods.com|DailyCatchEntry_New.php
28 Jun 2021 10:20:55|20|shiji@forstarfoods.com|CatchEntryDeclaredItem.php
28 Jun 2021 10:20:55|20|shiji@forstarfoods.com|DailyCatchEntry_New.php
28 Jun 2021 10:20:57|20|shiji@forstarfoods.com|DailyCatchEntry_New.php
28 Jun 2021 10:20:58|20|shiji@forstarfoods.com|DailyCatchEntry_New.php
28 Jun 2021 10:20:58|20|shiji@forstarfoods.com|DailyCatchEntry_New.php
28 Jun 2021 10:20:58|20|shiji@forstarfoods.com|DailyCatchEntry_New.php
28 Jun 2021 10:20:58|20|shiji@forstarfoods.com|DailyCatchEntry_New.php
28 Jun 2021 10:21:00|20|shiji@forstarfoods.com|DailyCatchEntry_New.php
28 Jun 2021 10:21:00|20|shiji@forstarfoods.com|DailyCatchEntry_New.php
28 Jun 2021 10:21:00|20|shiji@forstarfoods.com|DailyCatchEntry_New.php
28 Jun 2021 10:21:38|20|shiji@forstarfoods.com|DailyCatchEntry_New.php
28 Jun 2021 10:21:43|20|shiji@forstarfoods.com|DailyCatchEntry_New.php
28 Jun 2021 10:21:43|20|shiji@forstarfoods.com|CatchEntryDeclaredItem.php
28 Jun 2021 10:21:58|20|shiji@forstarfoods.com|DailyCatchEntry_New.php
28 Jun 2021 10:21:58|20|shiji@forstarfoods.com|DailyCatchEntry_New.php
28 Jun 2021 10:21:58|20|shiji@forstarfoods.com|DailyCatchEntry_New.php
28 Jun 2021 10:21:59|20|shiji@forstarfoods.com|DailyCatchEntry_New.php
28 Jun 2021 10:21:59|20|shiji@forstarfoods.com|DailyCatchEntry_New.php
28 Jun 2021 10:21:59|20|shiji@forstarfoods.com|DailyCatchEntry_New.php
28 Jun 2021 10:23:11|20|shiji@forstarfoods.com|DailyCatchEntry_New.php
28 Jun 2021 10:23:13|20|shiji@forstarfoods.com|DailyCatchEntry_New.php
28 Jun 2021 10:23:13|20|shiji@forstarfoods.com|DailyCatchEntry_New.php
28 Jun 2021 10:23:16|20|shiji@forstarfoods.com|DailyCatchEntry_New.php
28 Jun 2021 10:23:17|20|shiji@forstarfoods.com|DailyCatchEntry_New.php
28 Jun 2021 10:23:21|20|shiji@forstarfoods.com|DailyCatchEntry_New.php
28 Jun 2021 10:23:21|20|shiji@forstarfoods.com|DailyCatchEntry_New.php
28 Jun 2021 10:23:21|20|shiji@forstarfoods.com|DailyCatchEntry_New.php
28 Jun 2021 10:23:22|20|shiji@forstarfoods.com|DailyCatchEntry_New.php
28 Jun 2021 10:23:25|20|shiji@forstarfoods.com|DailyCatchEntry_New.php
28 Jun 2021 10:23:25|20|shiji@forstarfoods.com|DailyCatchEntry_New.php
28 Jun 2021 10:23:34|20|shiji@forstarfoods.com|DailyCatchEntry_New.php
28 Jun 2021 10:23:36|20|shiji@forstarfoods.com|DailyCatchEntry_New.php
28 Jun 2021 10:23:37|20|shiji@forstarfoods.com|CatchEntryDeclaredItem.php
28 Jun 2021 10:23:45|20|shiji@forstarfoods.com|DailyCatchEntry_New.php
28 Jun 2021 10:23:46|20|shiji@forstarfoods.com|DailyCatchEntry_New.php
28 Jun 2021 10:23:49|20|shiji@forstarfoods.com|DailyCatchEntry_New.php
28 Jun 2021 10:23:49|20|shiji@forstarfoods.com|DailyCatchEntry_New.php
28 Jun 2021 10:23:50|20|shiji@forstarfoods.com|DailyCatchEntry_New.php
28 Jun 2021 10:23:50|20|shiji@forstarfoods.com|DailyCatchEntry_New.php
28 Jun 2021 10:23:54|20|shiji@forstarfoods.com|DailyCatchEntry_New.php
28 Jun 2021 10:23:54|20|shiji@forstarfoods.com|DailyCatchEntry_New.php
28 Jun 2021 10:23:54|20|shiji@forstarfoods.com|DailyCatchEntry_New.php
28 Jun 2021 10:23:56|20|shiji@forstarfoods.com|DailyCatchEntry_New.php
28 Jun 2021 10:23:57|20|shiji@forstarfoods.com|CatchEntryDeclaredItem.php
28 Jun 2021 10:24:05|20|shiji@forstarfoods.com|DailyCatchEntry_New.php
28 Jun 2021 10:24:06|20|shiji@forstarfoods.com|DailyCatchEntry_New.php
28 Jun 2021 10:24:08|20|shiji@forstarfoods.com|DailyCatchEntry_New.php
28 Jun 2021 10:24:09|20|shiji@forstarfoods.com|DailyCatchEntry_New.php
28 Jun 2021 10:24:09|20|shiji@forstarfoods.com|DailyCatchEntry_New.php
28 Jun 2021 10:24:09|20|shiji@forstarfoods.com|DailyCatchEntry_New.php
28 Jun 2021 10:24:13|20|shiji@forstarfoods.com|DailyCatchEntry_New.php
28 Jun 2021 10:24:13|20|shiji@forstarfoods.com|DailyCatchEntry_New.php
28 Jun 2021 10:24:14|20|shiji@forstarfoods.com|DailyCatchEntry_New.php
28 Jun 2021 10:24:15|20|shiji@forstarfoods.com|DailyCatchEntry_New.php
28 Jun 2021 10:24:16|20|shiji@forstarfoods.com|CatchEntryDeclaredItem.php
28 Jun 2021 10:24:28|20|shiji@forstarfoods.com|DailyCatchEntry_New.php
28 Jun 2021 10:24:29|20|shiji@forstarfoods.com|DailyCatchEntry_New.php
28 Jun 2021 10:24:32|20|shiji@forstarfoods.com|DailyCatchEntry_New.php
28 Jun 2021 10:24:32|20|shiji@forstarfoods.com|DailyCatchEntry_New.php
28 Jun 2021 10:24:32|20|shiji@forstarfoods.com|DailyCatchEntry_New.php
28 Jun 2021 10:24:32|20|shiji@forstarfoods.com|DailyCatchEntry_New.php
28 Jun 2021 10:24:35|20|shiji@forstarfoods.com|DailyCatchEntry_New.php
28 Jun 2021 10:24:36|20|shiji@forstarfoods.com|DailyCatchEntry_New.php
28 Jun 2021 10:24:40|20|shiji@forstarfoods.com|DailyCatchEntry_New.php
28 Jun 2021 10:24:41|20|shiji@forstarfoods.com|DailyCatchEntry_New.php
28 Jun 2021 10:24:42|20|shiji@forstarfoods.com|CatchEntryDeclaredItem.php
28 Jun 2021 10:24:50|20|shiji@forstarfoods.com|DailyCatchEntry_New.php
28 Jun 2021 10:24:51|20|shiji@forstarfoods.com|DailyCatchEntry_New.php
28 Jun 2021 10:24:54|20|shiji@forstarfoods.com|DailyCatchEntry_New.php
28 Jun 2021 10:24:54|20|shiji@forstarfoods.com|DailyCatchEntry_New.php
28 Jun 2021 10:24:54|20|shiji@forstarfoods.com|DailyCatchEntry_New.php
28 Jun 2021 10:24:55|20|shiji@forstarfoods.com|DailyCatchEntry_New.php
28 Jun 2021 10:24:58|20|shiji@forstarfoods.com|DailyCatchEntry_New.php
28 Jun 2021 10:24:58|20|shiji@forstarfoods.com|DailyCatchEntry_New.php
28 Jun 2021 10:24:59|20|shiji@forstarfoods.com|DailyCatchEntry_New.php
28 Jun 2021 10:25:03|20|shiji@forstarfoods.com|DailyCatchEntry_New.php
28 Jun 2021 10:25:04|20|shiji@forstarfoods.com|CatchEntryDeclaredItem.php
28 Jun 2021 10:25:54|20|shiji@forstarfoods.com|DailyCatchEntry_New.php
28 Jun 2021 10:25:58|20|shiji@forstarfoods.com|DailyCatchEntry_New.php
28 Jun 2021 10:25:58|20|shiji@forstarfoods.com|DailyCatchEntry_New.php
28 Jun 2021 10:25:58|20|shiji@forstarfoods.com|DailyCatchEntry_New.php
28 Jun 2021 10:26:04|20|shiji@forstarfoods.com|DailyCatchEntry_New.php
28 Jun 2021 10:26:11|20|shiji@forstarfoods.com|DailyCatchEntry_New.php
28 Jun 2021 10:26:11|20|shiji@forstarfoods.com|CatchEntryDeclaredItem.php
28 Jun 2021 10:26:19|20|shiji@forstarfoods.com|DailyCatchEntry_New.php
28 Jun 2021 10:26:21|20|shiji@forstarfoods.com|DailyCatchEntry_New.php
28 Jun 2021 10:26:21|20|shiji@forstarfoods.com|DailyCatchEntry_New.php
28 Jun 2021 10:26:22|20|shiji@forstarfoods.com|DailyCatchEntry_New.php
28 Jun 2021 10:26:22|20|shiji@forstarfoods.com|DailyCatchEntry_New.php
28 Jun 2021 10:26:22|20|shiji@forstarfoods.com|DailyCatchEntry_New.php
28 Jun 2021 10:26:23|20|shiji@forstarfoods.com|DailyCatchEntry_New.php
28 Jun 2021 10:26:34|20|shiji@forstarfoods.com|DailyCatchEntry_New.php
28 Jun 2021 10:26:35|20|shiji@forstarfoods.com|DailyCatchEntry_New.php
28 Jun 2021 10:26:36|20|shiji@forstarfoods.com|DailyCatchEntry_New.php
28 Jun 2021 10:26:39|20|shiji@forstarfoods.com|DailyCatchEntry_New.php
28 Jun 2021 10:26:39|20|shiji@forstarfoods.com|DailyCatchEntry_New.php
28 Jun 2021 10:26:39|20|shiji@forstarfoods.com|DailyCatchEntry_New.php
28 Jun 2021 10:26:40|20|shiji@forstarfoods.com|DailyCatchEntry_New.php
28 Jun 2021 10:26:41|20|shiji@forstarfoods.com|DailyCatchEntry_New.php
28 Jun 2021 10:26:41|20|shiji@forstarfoods.com|DailyCatchEntry_New.php
28 Jun 2021 10:26:50|20|shiji@forstarfoods.com|DailyCatchEntry_New.php
28 Jun 2021 10:26:52|20|shiji@forstarfoods.com|DailyCatchEntry_New.php
28 Jun 2021 10:26:53|20|shiji@forstarfoods.com|CatchEntryDeclaredItem.php
28 Jun 2021 10:27:05|20|shiji@forstarfoods.com|DailyCatchEntry_New.php
28 Jun 2021 10:27:07|20|shiji@forstarfoods.com|DailyCatchEntry_New.php
28 Jun 2021 10:27:11|20|shiji@forstarfoods.com|DailyCatchEntry_New.php
28 Jun 2021 10:27:12|20|shiji@forstarfoods.com|DailyCatchEntry_New.php
28 Jun 2021 10:27:12|20|shiji@forstarfoods.com|DailyCatchEntry_New.php
28 Jun 2021 10:27:13|20|shiji@forstarfoods.com|DailyCatchEntry_New.php
28 Jun 2021 10:27:19|20|shiji@forstarfoods.com|DailyCatchEntry_New.php
28 Jun 2021 10:27:19|20|shiji@forstarfoods.com|DailyCatchEntry_New.php
28 Jun 2021 10:27:20|20|shiji@forstarfoods.com|DailyCatchEntry_New.php
28 Jun 2021 10:27:21|20|shiji@forstarfoods.com|DailyCatchEntry_New.php
28 Jun 2021 10:27:26|20|shiji@forstarfoods.com|CatchEntryDeclaredItem.php
28 Jun 2021 10:27:37|20|shiji@forstarfoods.com|DailyCatchEntry_New.php
28 Jun 2021 10:27:40|20|shiji@forstarfoods.com|DailyCatchEntry_New.php
28 Jun 2021 10:27:41|20|shiji@forstarfoods.com|DailyCatchEntry_New.php
28 Jun 2021 10:27:43|20|shiji@forstarfoods.com|DailyCatchEntry_New.php
28 Jun 2021 10:27:43|20|shiji@forstarfoods.com|DailyCatchEntry_New.php
28 Jun 2021 10:27:44|20|shiji@forstarfoods.com|DailyCatchEntry_New.php
28 Jun 2021 10:27:44|20|shiji@forstarfoods.com|DailyCatchEntry_New.php
28 Jun 2021 10:27:48|20|shiji@forstarfoods.com|DailyCatchEntry_New.php
28 Jun 2021 10:27:48|20|shiji@forstarfoods.com|DailyCatchEntry_New.php
28 Jun 2021 10:27:49|20|shiji@forstarfoods.com|DailyCatchEntry_New.php
28 Jun 2021 10:27:50|20|shiji@forstarfoods.com|DailyCatchEntry_New.php
28 Jun 2021 10:27:51|20|shiji@forstarfoods.com|CatchEntryDeclaredItem.php
28 Jun 2021 10:28:02|20|shiji@forstarfoods.com|DailyCatchEntry_New.php
28 Jun 2021 10:28:03|20|shiji@forstarfoods.com|DailyCatchEntry_New.php
28 Jun 2021 10:28:05|20|shiji@forstarfoods.com|DailyCatchEntry_New.php
28 Jun 2021 10:28:06|20|shiji@forstarfoods.com|DailyCatchEntry_New.php
28 Jun 2021 10:28:06|20|shiji@forstarfoods.com|DailyCatchEntry_New.php
28 Jun 2021 10:28:06|20|shiji@forstarfoods.com|DailyCatchEntry_New.php
28 Jun 2021 10:28:07|20|shiji@forstarfoods.com|DailyCatchEntry_New.php
28 Jun 2021 10:28:08|20|shiji@forstarfoods.com|DailyCatchEntry_New.php
28 Jun 2021 10:28:09|20|shiji@forstarfoods.com|DailyCatchEntry_New.php
28 Jun 2021 10:28:10|20|shiji@forstarfoods.com|DailyCatchEntry_New.php
28 Jun 2021 10:28:17|20|shiji@forstarfoods.com|CatchEntryDeclaredItem.php
28 Jun 2021 10:30:54|20|shiji@forstarfoods.com|DailyCatchEntry_New.php
28 Jun 2021 10:35:55|20|shiji@forstarfoods.com|DailyCatchEntry_New.php
28 Jun 2021 10:38:41|20|shiji@forstarfoods.com|DailyCatchReport.php
28 Jun 2021 10:38:50|20|shiji@forstarfoods.com|DailyCatchReport.php
28 Jun 2021 10:45:36|20|shiji@forstarfoods.com|SupplierAccount.php
28 Jun 2021 10:45:51|20|shiji@forstarfoods.com|SupplierAccount.php
28 Jun 2021 10:45:56|20|shiji@forstarfoods.com|SupplierAccount.php
28 Jun 2021 10:45:58|20|shiji@forstarfoods.com|SupplierAccount.php
28 Jun 2021 10:46:01|20|shiji@forstarfoods.com|SupplierAccount.php
28 Jun 2021 10:46:34|20|shiji@forstarfoods.com|SupplierAccount.php
28 Jun 2021 10:46:38|20|shiji@forstarfoods.com|SupplierAccount.php
28 Jun 2021 10:47:01|20|shiji@forstarfoods.com|DailyCatchReport.php
28 Jun 2021 10:47:04|20|shiji@forstarfoods.com|SupplierAccount.php
28 Jun 2021 10:47:09|20|shiji@forstarfoods.com|SupplierAccount.php
28 Jun 2021 10:47:12|20|shiji@forstarfoods.com|SupplierAccount.php
28 Jun 2021 10:47:14|20|shiji@forstarfoods.com|SupplierAccount.php
28 Jun 2021 10:47:18|20|shiji@forstarfoods.com|SupplierAccount.php
28 Jun 2021 10:47:38|20|shiji@forstarfoods.com|SupplierAccount.php
28 Jun 2021 10:48:28|20|shiji@forstarfoods.com|SupplierAccount.php
28 Jun 2021 10:48:36|20|shiji@forstarfoods.com|SupplierAccount.php
28 Jun 2021 10:48:45|20|shiji@forstarfoods.com|SupplierAccount.php
28 Jun 2021 10:48:53|20|shiji@forstarfoods.com|SupplierAccount.php
28 Jun 2021 10:51:22|20|shiji@forstarfoods.com|SupplierAccount.php
28 Jun 2021 10:51:32|20|shiji@forstarfoods.com|PurchaseStatement.php
28 Jun 2021 10:51:35|20|shiji@forstarfoods.com|DailyCatchSummary.php
28 Jun 2021 10:51:36|20|shiji@forstarfoods.com|DailyCatchSummary.php
28 Jun 2021 10:51:50|20|shiji@forstarfoods.com|DailyCatchSummary.php
28 Jun 2021 10:51:51|20|shiji@forstarfoods.com|DailyCatchSummary.php
28 Jun 2021 10:51:58|20|shiji@forstarfoods.com|DailyCatchSummary.php
28 Jun 2021 10:52:47|29|kavitha@forstarfoods.com|Home.php
28 Jun 2021 10:52:53|29|kavitha@forstarfoods.com|DailyCatchEntry_New.php
28 Jun 2021 10:52:58|29|kavitha@forstarfoods.com|DailyCatchEntry_New.php
28 Jun 2021 10:52:59|29|kavitha@forstarfoods.com|DailyCatchEntry_New.php
28 Jun 2021 10:52:59|29|kavitha@forstarfoods.com|DailyCatchEntry_New.php
28 Jun 2021 10:53:00|29|kavitha@forstarfoods.com|DailyCatchEntry_New.php
28 Jun 2021 10:53:00|29|kavitha@forstarfoods.com|CatchEntryDeclaredItem.php
28 Jun 2021 10:53:00|29|kavitha@forstarfoods.com|DailyCatchEntry_New.php
28 Jun 2021 10:53:07|29|kavitha@forstarfoods.com|DailyCatchEntry_New.php
28 Jun 2021 10:53:07|29|kavitha@forstarfoods.com|DailyCatchEntry_New.php
28 Jun 2021 10:53:07|29|kavitha@forstarfoods.com|DailyCatchEntry_New.php
28 Jun 2021 10:53:07|29|kavitha@forstarfoods.com|DailyCatchEntry_New.php
28 Jun 2021 10:53:08|29|kavitha@forstarfoods.com|DailyCatchEntry_New.php
28 Jun 2021 10:53:10|29|kavitha@forstarfoods.com|DailyCatchEntry_New.php
28 Jun 2021 10:53:10|29|kavitha@forstarfoods.com|DailyCatchEntry_New.php
28 Jun 2021 10:53:10|29|kavitha@forstarfoods.com|DailyCatchEntry_New.php
28 Jun 2021 10:53:16|29|kavitha@forstarfoods.com|DailyCatchEntry_New.php
28 Jun 2021 10:53:22|29|kavitha@forstarfoods.com|DailyCatchEntry_New.php
28 Jun 2021 10:53:22|29|kavitha@forstarfoods.com|CatchEntryDeclaredItem.php
28 Jun 2021 10:53:32|20|shiji@forstarfoods.com|DailyCatchReport.php
28 Jun 2021 10:53:33|29|kavitha@forstarfoods.com|DailyCatchEntry_New.php
28 Jun 2021 10:53:36|29|kavitha@forstarfoods.com|DailyCatchEntry_New.php
28 Jun 2021 10:53:36|29|kavitha@forstarfoods.com|DailyCatchEntry_New.php
28 Jun 2021 10:53:40|29|kavitha@forstarfoods.com|DailyCatchEntry_New.php
28 Jun 2021 10:53:43|29|kavitha@forstarfoods.com|DailyCatchEntry_New.php
28 Jun 2021 10:53:44|20|shiji@forstarfoods.com|DailyCatchReport.php
28 Jun 2021 10:53:46|20|shiji@forstarfoods.com|DailyCatchReport.php
28 Jun 2021 10:53:47|20|shiji@forstarfoods.com|DailyCatchReport.php
28 Jun 2021 10:53:48|20|shiji@forstarfoods.com|DailyCatchReport.php
28 Jun 2021 10:53:53|20|shiji@forstarfoods.com|PrintDailyCatchReportMemo.php
28 Jun 2021 10:54:14|29|kavitha@forstarfoods.com|DailyCatchEntry_New.php
28 Jun 2021 10:54:15|29|kavitha@forstarfoods.com|DailyCatchEntry_New.php
28 Jun 2021 10:54:15|29|kavitha@forstarfoods.com|DailyCatchEntry_New.php
28 Jun 2021 10:54:15|29|kavitha@forstarfoods.com|DailyCatchEntry_New.php
28 Jun 2021 10:54:16|29|kavitha@forstarfoods.com|DailyCatchEntry_New.php
28 Jun 2021 10:54:16|29|kavitha@forstarfoods.com|DailyCatchEntry_New.php
28 Jun 2021 10:54:18|29|kavitha@forstarfoods.com|DailyCatchEntry_New.php
28 Jun 2021 10:54:18|29|kavitha@forstarfoods.com|DailyCatchEntry_New.php
28 Jun 2021 10:54:27|29|kavitha@forstarfoods.com|DailyCatchEntry_New.php
28 Jun 2021 10:54:29|29|kavitha@forstarfoods.com|DailyCatchEntry_New.php
28 Jun 2021 10:54:30|29|kavitha@forstarfoods.com|CatchEntryDeclaredItem.php
28 Jun 2021 10:54:34|29|kavitha@forstarfoods.com|DailyCatchEntry_New.php
28 Jun 2021 10:54:37|29|kavitha@forstarfoods.com|DailyCatchEntry_New.php
28 Jun 2021 10:54:39|29|kavitha@forstarfoods.com|DailyCatchEntry_New.php
28 Jun 2021 10:54:39|29|kavitha@forstarfoods.com|DailyCatchEntry_New.php
28 Jun 2021 10:54:39|29|kavitha@forstarfoods.com|DailyCatchEntry_New.php
28 Jun 2021 10:54:40|29|kavitha@forstarfoods.com|DailyCatchEntry_New.php
28 Jun 2021 10:54:40|29|kavitha@forstarfoods.com|DailyCatchEntry_New.php
28 Jun 2021 10:54:41|29|kavitha@forstarfoods.com|DailyCatchEntry_New.php
28 Jun 2021 10:54:59|29|kavitha@forstarfoods.com|DailyCatchEntry_New.php
28 Jun 2021 10:55:00|29|kavitha@forstarfoods.com|DailyCatchEntry_New.php
28 Jun 2021 10:55:02|29|kavitha@forstarfoods.com|CatchEntryDeclaredItem.php
28 Jun 2021 10:55:05|29|kavitha@forstarfoods.com|DailyCatchEntry_New.php
28 Jun 2021 10:55:08|29|kavitha@forstarfoods.com|DailyCatchEntry_New.php
28 Jun 2021 10:55:10|29|kavitha@forstarfoods.com|DailyCatchEntry_New.php
28 Jun 2021 10:55:10|29|kavitha@forstarfoods.com|DailyCatchEntry_New.php
28 Jun 2021 10:55:10|29|kavitha@forstarfoods.com|DailyCatchEntry_New.php
28 Jun 2021 10:55:11|29|kavitha@forstarfoods.com|DailyCatchEntry_New.php
28 Jun 2021 10:55:13|29|kavitha@forstarfoods.com|DailyCatchEntry_New.php
28 Jun 2021 10:55:13|29|kavitha@forstarfoods.com|DailyCatchEntry_New.php
28 Jun 2021 10:55:20|29|kavitha@forstarfoods.com|DailyCatchEntry_New.php
28 Jun 2021 10:55:22|29|kavitha@forstarfoods.com|DailyCatchEntry_New.php
28 Jun 2021 10:55:23|29|kavitha@forstarfoods.com|CatchEntryDeclaredItem.php
28 Jun 2021 10:55:27|29|kavitha@forstarfoods.com|DailyCatchEntry_New.php
28 Jun 2021 10:55:30|29|kavitha@forstarfoods.com|DailyCatchEntry_New.php
28 Jun 2021 10:55:32|29|kavitha@forstarfoods.com|DailyCatchEntry_New.php
28 Jun 2021 10:55:32|29|kavitha@forstarfoods.com|DailyCatchEntry_New.php
28 Jun 2021 10:55:32|29|kavitha@forstarfoods.com|DailyCatchEntry_New.php
28 Jun 2021 10:55:33|29|kavitha@forstarfoods.com|DailyCatchEntry_New.php
28 Jun 2021 10:55:33|29|kavitha@forstarfoods.com|DailyCatchEntry_New.php
28 Jun 2021 10:55:34|29|kavitha@forstarfoods.com|DailyCatchEntry_New.php
28 Jun 2021 10:55:41|29|kavitha@forstarfoods.com|DailyCatchEntry_New.php
28 Jun 2021 10:55:43|29|kavitha@forstarfoods.com|DailyCatchEntry_New.php
28 Jun 2021 10:55:44|29|kavitha@forstarfoods.com|CatchEntryDeclaredItem.php
28 Jun 2021 10:55:53|29|kavitha@forstarfoods.com|DailyCatchEntry_New.php
28 Jun 2021 10:55:55|29|kavitha@forstarfoods.com|DailyCatchEntry_New.php
28 Jun 2021 10:55:56|29|kavitha@forstarfoods.com|DailyCatchEntry_New.php
28 Jun 2021 10:55:57|29|kavitha@forstarfoods.com|DailyCatchEntry_New.php
28 Jun 2021 10:55:57|29|kavitha@forstarfoods.com|DailyCatchEntry_New.php
28 Jun 2021 10:55:57|29|kavitha@forstarfoods.com|DailyCatchEntry_New.php
28 Jun 2021 10:55:58|29|kavitha@forstarfoods.com|DailyCatchEntry_New.php
28 Jun 2021 10:55:58|29|kavitha@forstarfoods.com|DailyCatchEntry_New.php
28 Jun 2021 10:56:12|29|kavitha@forstarfoods.com|DailyCatchEntry_New.php
28 Jun 2021 10:56:13|29|kavitha@forstarfoods.com|DailyCatchEntry_New.php
28 Jun 2021 10:56:14|29|kavitha@forstarfoods.com|CatchEntryDeclaredItem.php
28 Jun 2021 10:57:59|29|kavitha@forstarfoods.com|DailyCatchEntry_New.php
28 Jun 2021 10:58:10|20|shiji@forstarfoods.com|PrintDailyCatchReportMemo.php
28 Jun 2021 10:58:41|20|shiji@forstarfoods.com|DailyCatchReport.php
28 Jun 2021 10:58:42|20|shiji@forstarfoods.com|DailyCatchReport.php
28 Jun 2021 10:58:42|20|shiji@forstarfoods.com|DailyCatchReport.php
28 Jun 2021 10:58:52|20|shiji@forstarfoods.com|DailyCatchReport.php
28 Jun 2021 10:58:53|20|shiji@forstarfoods.com|DailyCatchReport.php
28 Jun 2021 10:58:54|20|shiji@forstarfoods.com|DailyCatchReport.php
28 Jun 2021 10:58:54|20|shiji@forstarfoods.com|DailyCatchReport.php
28 Jun 2021 10:58:59|20|shiji@forstarfoods.com|PrintDailyCatchReportMemo.php
28 Jun 2021 11:00:55|20|shiji@forstarfoods.com|PrintDailyCatchReportMemo.php
28 Jun 2021 11:01:19|20|shiji@forstarfoods.com|PrintDailyCatchReportMemo.php
28 Jun 2021 11:02:59|29|kavitha@forstarfoods.com|DailyCatchEntry_New.php
28 Jun 2021 11:05:54|20|shiji@forstarfoods.com|PrintDailyCatchReportMemo.php
28 Jun 2021 11:08:00|29|kavitha@forstarfoods.com|DailyCatchEntry_New.php
28 Jun 2021 11:13:00|29|kavitha@forstarfoods.com|DailyCatchEntry_New.php
28 Jun 2021 11:16:17|24|shashikala@forstarfoods.com|Home.php
28 Jun 2021 11:16:20|24|shashikala@forstarfoods.com|Home.php
28 Jun 2021 11:16:26|24|shashikala@forstarfoods.com|DailyPreProcess.php
28 Jun 2021 11:18:00|29|kavitha@forstarfoods.com|DailyCatchEntry_New.php
28 Jun 2021 11:18:59|24|shashikala@forstarfoods.com|DailyPreProcess.php
28 Jun 2021 11:20:12|24|shashikala@forstarfoods.com|DailyPreProcess.php
28 Jun 2021 11:20:14|24|shashikala@forstarfoods.com|DailyPreProcess.php
28 Jun 2021 11:20:38|24|shashikala@forstarfoods.com|Home.php
28 Jun 2021 11:20:41|24|shashikala@forstarfoods.com|Home.php
28 Jun 2021 11:23:01|29|kavitha@forstarfoods.com|DailyCatchEntry_New.php
28 Jun 2021 11:28:01|29|kavitha@forstarfoods.com|DailyCatchEntry_New.php
28 Jun 2021 11:30:03|20|shiji@forstarfoods.com|PrintDailyCatchReportMemo.php
28 Jun 2021 11:33:01|29|kavitha@forstarfoods.com|DailyCatchEntry_New.php
28 Jun 2021 11:38:02|29|kavitha@forstarfoods.com|DailyCatchEntry_New.php
28 Jun 2021 11:43:02|29|kavitha@forstarfoods.com|DailyCatchEntry_New.php
28 Jun 2021 11:48:03|29|kavitha@forstarfoods.com|DailyCatchEntry_New.php
28 Jun 2021 11:48:37|20|shiji@forstarfoods.com|PrintDailyCatchReportMemo.php
28 Jun 2021 11:50:05|20|shiji@forstarfoods.com|PrintDailyCatchReportMemo.php
28 Jun 2021 11:53:03|29|kavitha@forstarfoods.com|DailyCatchEntry_New.php
28 Jun 2021 11:56:39|20|shiji@forstarfoods.com|PrintDailyCatchReportMemo.php
28 Jun 2021 11:58:03|29|kavitha@forstarfoods.com|DailyCatchEntry_New.php
28 Jun 2021 12:03:04|29|kavitha@forstarfoods.com|DailyCatchEntry_New.php
28 Jun 2021 12:08:04|29|kavitha@forstarfoods.com|DailyCatchEntry_New.php
28 Jun 2021 12:13:04|29|kavitha@forstarfoods.com|DailyCatchEntry_New.php
28 Jun 2021 12:18:05|29|kavitha@forstarfoods.com|DailyCatchEntry_New.php
28 Jun 2021 12:23:05|29|kavitha@forstarfoods.com|DailyCatchEntry_New.php
28 Jun 2021 12:28:05|29|kavitha@forstarfoods.com|DailyCatchEntry_New.php
28 Jun 2021 12:33:06|29|kavitha@forstarfoods.com|DailyCatchEntry_New.php
28 Jun 2021 12:38:06|29|kavitha@forstarfoods.com|DailyCatchEntry_New.php
28 Jun 2021 12:40:36|20|shiji@forstarfoods.com|Home.php
28 Jun 2021 12:40:44|20|shiji@forstarfoods.com|SupplierAccount.php
28 Jun 2021 12:40:51|20|shiji@forstarfoods.com|DailyCatchReport.php
28 Jun 2021 12:40:57|20|shiji@forstarfoods.com|DailyCatchReport.php
28 Jun 2021 12:41:00|20|shiji@forstarfoods.com|DailyCatchReport.php
28 Jun 2021 12:41:01|20|shiji@forstarfoods.com|DailyCatchReport.php
28 Jun 2021 12:41:01|20|shiji@forstarfoods.com|DailyCatchReport.php
28 Jun 2021 12:41:06|20|shiji@forstarfoods.com|DailyCatchReport.php
28 Jun 2021 12:41:07|20|shiji@forstarfoods.com|DailyCatchReport.php
28 Jun 2021 12:41:07|20|shiji@forstarfoods.com|DailyCatchReport.php
28 Jun 2021 12:41:16|20|shiji@forstarfoods.com|SupplierAccount.php
28 Jun 2021 12:41:22|20|shiji@forstarfoods.com|SupplierAccount.php
28 Jun 2021 12:41:25|20|shiji@forstarfoods.com|SupplierAccount.php
28 Jun 2021 12:41:30|20|shiji@forstarfoods.com|SupplierAccount.php
28 Jun 2021 12:41:34|20|shiji@forstarfoods.com|SupplierAccount.php
28 Jun 2021 12:42:41|20|shiji@forstarfoods.com|SupplierAccount.php
28 Jun 2021 12:42:45|20|shiji@forstarfoods.com|SupplierAccount.php
28 Jun 2021 12:43:06|29|kavitha@forstarfoods.com|DailyCatchEntry_New.php
28 Jun 2021 12:43:24|20|shiji@forstarfoods.com|SupplierAccount.php
28 Jun 2021 12:45:31|20|shiji@forstarfoods.com|DailyCatchEntry_New.php
28 Jun 2021 12:45:34|20|shiji@forstarfoods.com|DailyCatchEntry_New.php
28 Jun 2021 12:45:35|20|shiji@forstarfoods.com|DailyCatchEntry_New.php
28 Jun 2021 12:45:35|20|shiji@forstarfoods.com|DailyCatchEntry_New.php
28 Jun 2021 12:45:35|20|shiji@forstarfoods.com|DailyCatchEntry_New.php
28 Jun 2021 12:45:35|20|shiji@forstarfoods.com|CatchEntryDeclaredItem.php
28 Jun 2021 12:45:36|20|shiji@forstarfoods.com|DailyCatchEntry_New.php
28 Jun 2021 12:45:38|20|shiji@forstarfoods.com|DailyCatchEntry_New.php
28 Jun 2021 12:45:38|20|shiji@forstarfoods.com|DailyCatchEntry_New.php
28 Jun 2021 12:45:38|20|shiji@forstarfoods.com|DailyCatchEntry_New.php
28 Jun 2021 12:45:43|20|shiji@forstarfoods.com|DailyCatchEntry_New.php
28 Jun 2021 12:45:46|20|shiji@forstarfoods.com|DailyCatchEntry_New.php
28 Jun 2021 12:45:46|20|shiji@forstarfoods.com|CatchEntryDeclaredItem.php
28 Jun 2021 12:48:07|29|kavitha@forstarfoods.com|DailyCatchEntry_New.php
28 Jun 2021 12:49:25|20|shiji@forstarfoods.com|DailyCatchEntry_New.php
28 Jun 2021 12:49:32|20|shiji@forstarfoods.com|DailyCatchEntry_New.php
28 Jun 2021 12:49:34|20|shiji@forstarfoods.com|DailyCatchEntry_New.php
28 Jun 2021 12:49:34|20|shiji@forstarfoods.com|DailyCatchEntry_New.php
28 Jun 2021 12:49:38|20|shiji@forstarfoods.com|DailyCatchEntry_New.php
28 Jun 2021 12:49:39|20|shiji@forstarfoods.com|DailyCatchEntry_New.php
28 Jun 2021 12:49:43|20|shiji@forstarfoods.com|DailyCatchEntry_New.php
28 Jun 2021 12:49:44|20|shiji@forstarfoods.com|DailyCatchEntry_New.php
28 Jun 2021 12:49:44|20|shiji@forstarfoods.com|DailyCatchEntry_New.php
28 Jun 2021 12:49:44|20|shiji@forstarfoods.com|DailyCatchEntry_New.php
28 Jun 2021 12:49:46|20|shiji@forstarfoods.com|DailyCatchEntry_New.php
28 Jun 2021 12:49:46|20|shiji@forstarfoods.com|DailyCatchEntry_New.php
28 Jun 2021 12:49:52|20|shiji@forstarfoods.com|DailyCatchEntry_New.php
28 Jun 2021 12:50:00|20|shiji@forstarfoods.com|DailyCatchEntry_New.php