
25 Nov 2021 12:02:33|20|shiji@forstarfoods.com|DailyCatchEntry_New.php
25 Nov 2021 12:02:33|20|shiji@forstarfoods.com|DailyCatchEntry_New.php
25 Nov 2021 12:02:34|20|shiji@forstarfoods.com|DailyCatchEntry_New.php
25 Nov 2021 12:02:34|20|shiji@forstarfoods.com|DailyCatchEntry_New.php
25 Nov 2021 12:02:40|20|shiji@forstarfoods.com|DailyCatchEntry_New.php
25 Nov 2021 12:02:41|20|shiji@forstarfoods.com|DailyCatchEntry_New.php
25 Nov 2021 12:02:42|20|shiji@forstarfoods.com|CatchEntryDeclaredItem.php
25 Nov 2021 12:02:45|20|shiji@forstarfoods.com|DailyCatchEntry_New.php
25 Nov 2021 12:02:46|20|shiji@forstarfoods.com|DailyCatchEntry_New.php
25 Nov 2021 12:02:48|20|shiji@forstarfoods.com|DailyCatchEntry_New.php
25 Nov 2021 12:02:48|20|shiji@forstarfoods.com|DailyCatchEntry_New.php
25 Nov 2021 12:02:49|20|shiji@forstarfoods.com|DailyCatchEntry_New.php
25 Nov 2021 12:02:49|20|shiji@forstarfoods.com|DailyCatchEntry_New.php
25 Nov 2021 12:02:49|20|shiji@forstarfoods.com|DailyCatchEntry_New.php
25 Nov 2021 12:02:49|20|shiji@forstarfoods.com|DailyCatchEntry_New.php
25 Nov 2021 12:02:50|20|shiji@forstarfoods.com|DailyCatchEntry_New.php
25 Nov 2021 12:02:50|20|shiji@forstarfoods.com|DailyCatchEntry_New.php
25 Nov 2021 12:02:50|20|shiji@forstarfoods.com|DailyCatchEntry_New.php
25 Nov 2021 12:02:51|20|shiji@forstarfoods.com|DailyCatchEntry_New.php
25 Nov 2021 12:02:51|20|shiji@forstarfoods.com|DailyCatchEntry_New.php
25 Nov 2021 12:02:51|20|shiji@forstarfoods.com|DailyCatchEntry_New.php
25 Nov 2021 12:02:51|20|shiji@forstarfoods.com|DailyCatchEntry_New.php
25 Nov 2021 12:02:52|20|shiji@forstarfoods.com|DailyCatchEntry_New.php
25 Nov 2021 12:02:53|20|shiji@forstarfoods.com|DailyCatchEntry_New.php
25 Nov 2021 12:02:53|20|shiji@forstarfoods.com|DailyCatchEntry_New.php
25 Nov 2021 12:03:04|20|shiji@forstarfoods.com|DailyCatchEntry_New.php
25 Nov 2021 12:03:06|20|shiji@forstarfoods.com|DailyCatchEntry_New.php
25 Nov 2021 12:03:07|20|shiji@forstarfoods.com|CatchEntryDeclaredItem.php
25 Nov 2021 12:03:10|20|shiji@forstarfoods.com|DailyCatchEntry_New.php
25 Nov 2021 12:03:13|20|shiji@forstarfoods.com|DailyCatchEntry_New.php
25 Nov 2021 12:03:15|20|shiji@forstarfoods.com|DailyCatchEntry_New.php
25 Nov 2021 12:03:15|20|shiji@forstarfoods.com|DailyCatchEntry_New.php
25 Nov 2021 12:03:15|20|shiji@forstarfoods.com|DailyCatchEntry_New.php
25 Nov 2021 12:03:16|20|shiji@forstarfoods.com|DailyCatchEntry_New.php
25 Nov 2021 12:03:16|20|shiji@forstarfoods.com|DailyCatchEntry_New.php
25 Nov 2021 12:03:16|20|shiji@forstarfoods.com|DailyCatchEntry_New.php
25 Nov 2021 12:03:16|20|shiji@forstarfoods.com|DailyCatchEntry_New.php
25 Nov 2021 12:03:17|20|shiji@forstarfoods.com|DailyCatchEntry_New.php
25 Nov 2021 12:03:17|20|shiji@forstarfoods.com|DailyCatchEntry_New.php
25 Nov 2021 12:03:17|20|shiji@forstarfoods.com|DailyCatchEntry_New.php
25 Nov 2021 12:03:18|20|shiji@forstarfoods.com|DailyCatchEntry_New.php
25 Nov 2021 12:03:18|20|shiji@forstarfoods.com|DailyCatchEntry_New.php
25 Nov 2021 12:03:35|20|shiji@forstarfoods.com|DailyCatchEntry_New.php
25 Nov 2021 12:03:36|20|shiji@forstarfoods.com|DailyCatchEntry_New.php
25 Nov 2021 12:03:37|20|shiji@forstarfoods.com|CatchEntryDeclaredItem.php
25 Nov 2021 12:03:39|20|shiji@forstarfoods.com|DailyCatchEntry_New.php
25 Nov 2021 12:03:39|20|shiji@forstarfoods.com|DailyCatchEntry_New.php
25 Nov 2021 12:03:39|20|shiji@forstarfoods.com|DailyCatchEntry_New.php
25 Nov 2021 12:03:40|20|shiji@forstarfoods.com|DailyCatchEntry_New.php
25 Nov 2021 12:03:41|20|shiji@forstarfoods.com|DailyCatchEntry_New.php
25 Nov 2021 12:03:47|20|shiji@forstarfoods.com|DailyCatchEntry_New.php
25 Nov 2021 12:03:47|20|shiji@forstarfoods.com|CatchEntryDeclaredItem.php
25 Nov 2021 12:03:52|20|shiji@forstarfoods.com|DailyCatchEntry_New.php
25 Nov 2021 12:03:57|20|shiji@forstarfoods.com|DailyCatchEntry_New.php
25 Nov 2021 12:03:57|20|shiji@forstarfoods.com|CatchEntryDeclaredItem.php
25 Nov 2021 12:04:12|20|shiji@forstarfoods.com|DailyCatchEntry_New.php
25 Nov 2021 12:04:13|24|shashikala@forstarfoods.com|DailyRMCB.php
25 Nov 2021 12:04:14|20|shiji@forstarfoods.com|DailyCatchEntry_New.php
25 Nov 2021 12:04:16|20|shiji@forstarfoods.com|DailyCatchEntry_New.php
25 Nov 2021 12:04:18|20|shiji@forstarfoods.com|DailyCatchEntry_New.php
25 Nov 2021 12:04:18|20|shiji@forstarfoods.com|DailyCatchEntry_New.php
25 Nov 2021 12:04:18|24|shashikala@forstarfoods.com|DailyRMCB.php
25 Nov 2021 12:04:18|20|shiji@forstarfoods.com|DailyCatchEntry_New.php
25 Nov 2021 12:04:19|20|shiji@forstarfoods.com|DailyCatchEntry_New.php
25 Nov 2021 12:04:19|20|shiji@forstarfoods.com|DailyCatchEntry_New.php
25 Nov 2021 12:04:19|20|shiji@forstarfoods.com|DailyCatchEntry_New.php
25 Nov 2021 12:04:20|20|shiji@forstarfoods.com|DailyCatchEntry_New.php
25 Nov 2021 12:04:20|20|shiji@forstarfoods.com|DailyCatchEntry_New.php
25 Nov 2021 12:04:20|20|shiji@forstarfoods.com|DailyCatchEntry_New.php
25 Nov 2021 12:04:20|20|shiji@forstarfoods.com|DailyCatchEntry_New.php
25 Nov 2021 12:04:21|20|shiji@forstarfoods.com|DailyCatchEntry_New.php
25 Nov 2021 12:04:21|20|shiji@forstarfoods.com|DailyCatchEntry_New.php
25 Nov 2021 12:04:24|24|shashikala@forstarfoods.com|DailyRMCB.php
25 Nov 2021 12:04:29|24|shashikala@forstarfoods.com|DailyRMCB.php
25 Nov 2021 12:04:48|20|shiji@forstarfoods.com|DailyCatchEntry_New.php
25 Nov 2021 12:04:50|20|shiji@forstarfoods.com|DailyCatchEntry_New.php
25 Nov 2021 12:04:51|20|shiji@forstarfoods.com|CatchEntryDeclaredItem.php
25 Nov 2021 12:04:54|20|shiji@forstarfoods.com|DailyCatchEntry_New.php
25 Nov 2021 12:04:55|20|shiji@forstarfoods.com|DailyCatchEntry_New.php
25 Nov 2021 12:04:57|20|shiji@forstarfoods.com|DailyCatchEntry_New.php
25 Nov 2021 12:04:57|20|shiji@forstarfoods.com|DailyCatchEntry_New.php
25 Nov 2021 12:04:58|20|shiji@forstarfoods.com|DailyCatchEntry_New.php
25 Nov 2021 12:04:58|20|shiji@forstarfoods.com|DailyCatchEntry_New.php
25 Nov 2021 12:04:58|20|shiji@forstarfoods.com|DailyCatchEntry_New.php
25 Nov 2021 12:04:58|20|shiji@forstarfoods.com|DailyCatchEntry_New.php
25 Nov 2021 12:04:59|20|shiji@forstarfoods.com|DailyCatchEntry_New.php
25 Nov 2021 12:04:59|20|shiji@forstarfoods.com|DailyCatchEntry_New.php
25 Nov 2021 12:04:59|20|shiji@forstarfoods.com|DailyCatchEntry_New.php
25 Nov 2021 12:05:00|20|shiji@forstarfoods.com|DailyCatchEntry_New.php
25 Nov 2021 12:05:00|20|shiji@forstarfoods.com|DailyCatchEntry_New.php
25 Nov 2021 12:05:00|20|shiji@forstarfoods.com|DailyCatchEntry_New.php
25 Nov 2021 12:05:00|20|shiji@forstarfoods.com|DailyCatchEntry_New.php
25 Nov 2021 12:05:01|20|shiji@forstarfoods.com|DailyCatchEntry_New.php
25 Nov 2021 12:05:01|20|shiji@forstarfoods.com|DailyCatchEntry_New.php
25 Nov 2021 12:05:01|20|shiji@forstarfoods.com|DailyCatchEntry_New.php
25 Nov 2021 12:05:08|20|shiji@forstarfoods.com|DailyCatchEntry_New.php
25 Nov 2021 12:05:09|20|shiji@forstarfoods.com|DailyCatchEntry_New.php
25 Nov 2021 12:05:10|20|shiji@forstarfoods.com|CatchEntryDeclaredItem.php
25 Nov 2021 12:05:14|20|shiji@forstarfoods.com|DailyCatchEntry_New.php
25 Nov 2021 12:05:15|20|shiji@forstarfoods.com|DailyCatchEntry_New.php
25 Nov 2021 12:05:17|20|shiji@forstarfoods.com|DailyCatchEntry_New.php
25 Nov 2021 12:05:17|20|shiji@forstarfoods.com|DailyCatchEntry_New.php
25 Nov 2021 12:05:17|20|shiji@forstarfoods.com|DailyCatchEntry_New.php
25 Nov 2021 12:05:17|20|shiji@forstarfoods.com|DailyCatchEntry_New.php
25 Nov 2021 12:05:18|20|shiji@forstarfoods.com|DailyCatchEntry_New.php
25 Nov 2021 12:05:18|20|shiji@forstarfoods.com|DailyCatchEntry_New.php
25 Nov 2021 12:05:18|20|shiji@forstarfoods.com|DailyCatchEntry_New.php
25 Nov 2021 12:05:19|20|shiji@forstarfoods.com|DailyCatchEntry_New.php
25 Nov 2021 12:05:19|20|shiji@forstarfoods.com|DailyCatchEntry_New.php
25 Nov 2021 12:05:19|20|shiji@forstarfoods.com|DailyCatchEntry_New.php
25 Nov 2021 12:05:19|20|shiji@forstarfoods.com|DailyCatchEntry_New.php
25 Nov 2021 12:05:20|20|shiji@forstarfoods.com|DailyCatchEntry_New.php
25 Nov 2021 12:05:20|20|shiji@forstarfoods.com|DailyCatchEntry_New.php
25 Nov 2021 12:05:20|20|shiji@forstarfoods.com|DailyCatchEntry_New.php
25 Nov 2021 12:05:21|20|shiji@forstarfoods.com|DailyCatchEntry_New.php
25 Nov 2021 12:05:21|20|shiji@forstarfoods.com|DailyCatchEntry_New.php
25 Nov 2021 12:05:28|20|shiji@forstarfoods.com|DailyCatchEntry_New.php
25 Nov 2021 12:05:29|20|shiji@forstarfoods.com|DailyCatchEntry_New.php
25 Nov 2021 12:05:30|20|shiji@forstarfoods.com|CatchEntryDeclaredItem.php
25 Nov 2021 12:05:33|20|shiji@forstarfoods.com|DailyCatchEntry_New.php
25 Nov 2021 12:05:36|20|shiji@forstarfoods.com|DailyCatchEntry_New.php
25 Nov 2021 12:05:37|20|shiji@forstarfoods.com|DailyCatchEntry_New.php
25 Nov 2021 12:05:38|20|shiji@forstarfoods.com|DailyCatchEntry_New.php
25 Nov 2021 12:05:38|20|shiji@forstarfoods.com|DailyCatchEntry_New.php
25 Nov 2021 12:05:38|20|shiji@forstarfoods.com|DailyCatchEntry_New.php
25 Nov 2021 12:05:39|20|shiji@forstarfoods.com|DailyCatchEntry_New.php
25 Nov 2021 12:05:39|20|shiji@forstarfoods.com|DailyCatchEntry_New.php
25 Nov 2021 12:05:39|20|shiji@forstarfoods.com|DailyCatchEntry_New.php
25 Nov 2021 12:05:39|20|shiji@forstarfoods.com|DailyCatchEntry_New.php
25 Nov 2021 12:05:40|20|shiji@forstarfoods.com|DailyCatchEntry_New.php
25 Nov 2021 12:05:40|20|shiji@forstarfoods.com|DailyCatchEntry_New.php
25 Nov 2021 12:05:40|20|shiji@forstarfoods.com|DailyCatchEntry_New.php
25 Nov 2021 12:05:41|20|shiji@forstarfoods.com|DailyCatchEntry_New.php
25 Nov 2021 12:05:41|20|shiji@forstarfoods.com|DailyCatchEntry_New.php
25 Nov 2021 12:05:41|20|shiji@forstarfoods.com|DailyCatchEntry_New.php
25 Nov 2021 12:05:47|20|shiji@forstarfoods.com|DailyCatchEntry_New.php
25 Nov 2021 12:05:49|20|shiji@forstarfoods.com|DailyCatchEntry_New.php
25 Nov 2021 12:05:50|20|shiji@forstarfoods.com|CatchEntryDeclaredItem.php
25 Nov 2021 12:05:52|20|shiji@forstarfoods.com|DailyCatchEntry_New.php
25 Nov 2021 12:05:54|20|shiji@forstarfoods.com|DailyCatchEntry_New.php
25 Nov 2021 12:05:55|20|shiji@forstarfoods.com|DailyCatchEntry_New.php
25 Nov 2021 12:05:56|20|shiji@forstarfoods.com|DailyCatchEntry_New.php
25 Nov 2021 12:05:56|20|shiji@forstarfoods.com|DailyCatchEntry_New.php
25 Nov 2021 12:05:56|20|shiji@forstarfoods.com|DailyCatchEntry_New.php
25 Nov 2021 12:05:56|20|shiji@forstarfoods.com|DailyCatchEntry_New.php
25 Nov 2021 12:05:56|24|shashikala@forstarfoods.com|DailyRMCB.php
25 Nov 2021 12:05:57|20|shiji@forstarfoods.com|DailyCatchEntry_New.php
25 Nov 2021 12:05:57|20|shiji@forstarfoods.com|DailyCatchEntry_New.php
25 Nov 2021 12:05:57|20|shiji@forstarfoods.com|DailyCatchEntry_New.php
25 Nov 2021 12:05:58|20|shiji@forstarfoods.com|DailyCatchEntry_New.php
25 Nov 2021 12:05:58|20|shiji@forstarfoods.com|DailyCatchEntry_New.php
25 Nov 2021 12:06:00|20|shiji@forstarfoods.com|DailyCatchEntry_New.php
25 Nov 2021 12:06:00|20|shiji@forstarfoods.com|DailyCatchEntry_New.php
25 Nov 2021 12:06:01|24|shashikala@forstarfoods.com|DailyRMCB.php
25 Nov 2021 12:06:05|24|shashikala@forstarfoods.com|Home.php
25 Nov 2021 12:06:07|20|shiji@forstarfoods.com|DailyCatchEntry_New.php
25 Nov 2021 12:06:08|20|shiji@forstarfoods.com|DailyCatchEntry_New.php
25 Nov 2021 12:06:09|24|shashikala@forstarfoods.com|Home.php
25 Nov 2021 12:06:09|20|shiji@forstarfoods.com|CatchEntryDeclaredItem.php
25 Nov 2021 12:06:14|20|shiji@forstarfoods.com|DailyCatchEntry_New.php
25 Nov 2021 12:06:14|20|shiji@forstarfoods.com|DailyCatchEntry_New.php
25 Nov 2021 12:06:15|20|shiji@forstarfoods.com|DailyCatchEntry_New.php
25 Nov 2021 12:06:16|20|shiji@forstarfoods.com|DailyCatchEntry_New.php
25 Nov 2021 12:06:18|24|shashikala@forstarfoods.com|DailyPreProcess.php
25 Nov 2021 12:06:19|20|shiji@forstarfoods.com|DailyCatchEntry_New.php
25 Nov 2021 12:06:20|20|shiji@forstarfoods.com|CatchEntryDeclaredItem.php
25 Nov 2021 12:06:23|24|shashikala@forstarfoods.com|DailyPreProcess.php
25 Nov 2021 12:06:39|24|shashikala@forstarfoods.com|DailyPreProcess.php
25 Nov 2021 12:06:46|20|shiji@forstarfoods.com|DailyCatchEntry_New.php
25 Nov 2021 12:06:46|24|shashikala@forstarfoods.com|DailyPreProcess.php
25 Nov 2021 12:06:47|24|shashikala@forstarfoods.com|DailyPreProcess.php
25 Nov 2021 12:06:48|20|shiji@forstarfoods.com|DailyCatchEntry_New.php
25 Nov 2021 12:06:49|20|shiji@forstarfoods.com|DailyCatchEntry_New.php
25 Nov 2021 12:06:52|20|shiji@forstarfoods.com|DailyCatchEntry_New.php
25 Nov 2021 12:06:53|20|shiji@forstarfoods.com|DailyCatchEntry_New.php
25 Nov 2021 12:06:53|20|shiji@forstarfoods.com|DailyCatchEntry_New.php
25 Nov 2021 12:06:53|20|shiji@forstarfoods.com|DailyCatchEntry_New.php
25 Nov 2021 12:06:54|20|shiji@forstarfoods.com|DailyCatchEntry_New.php
25 Nov 2021 12:06:54|20|shiji@forstarfoods.com|DailyCatchEntry_New.php
25 Nov 2021 12:06:54|20|shiji@forstarfoods.com|DailyCatchEntry_New.php
25 Nov 2021 12:06:54|20|shiji@forstarfoods.com|DailyCatchEntry_New.php
25 Nov 2021 12:06:55|20|shiji@forstarfoods.com|DailyCatchEntry_New.php
25 Nov 2021 12:06:55|20|shiji@forstarfoods.com|DailyCatchEntry_New.php
25 Nov 2021 12:06:55|20|shiji@forstarfoods.com|DailyCatchEntry_New.php
25 Nov 2021 12:06:56|20|shiji@forstarfoods.com|DailyCatchEntry_New.php
25 Nov 2021 12:07:11|20|shiji@forstarfoods.com|DailyCatchEntry_New.php
25 Nov 2021 12:07:12|20|shiji@forstarfoods.com|DailyCatchEntry_New.php
25 Nov 2021 12:07:13|20|shiji@forstarfoods.com|CatchEntryDeclaredItem.php
25 Nov 2021 12:07:50|24|shashikala@forstarfoods.com|DailyPreProcess.php
25 Nov 2021 12:07:57|24|shashikala@forstarfoods.com|DailyPreProcess.php
25 Nov 2021 12:08:03|24|shashikala@forstarfoods.com|DailyPreProcess.php
25 Nov 2021 12:08:03|24|shashikala@forstarfoods.com|DailyPreProcess.php
25 Nov 2021 12:08:40|20|shiji@forstarfoods.com|DailyCatchEntry_New.php
25 Nov 2021 12:10:13|24|shashikala@forstarfoods.com|DailyPreProcess.php
25 Nov 2021 12:10:46|20|shiji@forstarfoods.com|DailyCatchEntry_New.php
25 Nov 2021 12:10:47|24|shashikala@forstarfoods.com|DailyRMCB.php
25 Nov 2021 12:10:49|20|shiji@forstarfoods.com|DailyCatchEntry_New.php
25 Nov 2021 12:10:51|20|shiji@forstarfoods.com|DailyCatchEntry_New.php
25 Nov 2021 12:10:52|20|shiji@forstarfoods.com|DailyCatchEntry_New.php
25 Nov 2021 12:10:52|20|shiji@forstarfoods.com|DailyCatchEntry_New.php
25 Nov 2021 12:10:52|20|shiji@forstarfoods.com|DailyCatchEntry_New.php
25 Nov 2021 12:10:53|20|shiji@forstarfoods.com|DailyCatchEntry_New.php
25 Nov 2021 12:10:53|20|shiji@forstarfoods.com|DailyCatchEntry_New.php
25 Nov 2021 12:10:53|20|shiji@forstarfoods.com|DailyCatchEntry_New.php
25 Nov 2021 12:10:53|20|shiji@forstarfoods.com|DailyCatchEntry_New.php
25 Nov 2021 12:10:54|20|shiji@forstarfoods.com|DailyCatchEntry_New.php
25 Nov 2021 12:10:54|20|shiji@forstarfoods.com|DailyCatchEntry_New.php
25 Nov 2021 12:10:54|20|shiji@forstarfoods.com|DailyCatchEntry_New.php
25 Nov 2021 12:10:55|20|shiji@forstarfoods.com|DailyCatchEntry_New.php
25 Nov 2021 12:10:55|20|shiji@forstarfoods.com|DailyCatchEntry_New.php
25 Nov 2021 12:10:55|20|shiji@forstarfoods.com|DailyCatchEntry_New.php
25 Nov 2021 12:10:56|20|shiji@forstarfoods.com|DailyCatchEntry_New.php
25 Nov 2021 12:10:56|20|shiji@forstarfoods.com|DailyCatchEntry_New.php
25 Nov 2021 12:11:37|24|shashikala@forstarfoods.com|DailyRMCB.php
25 Nov 2021 12:11:41|24|shashikala@forstarfoods.com|DailyRMCB.php
25 Nov 2021 12:12:15|24|shashikala@forstarfoods.com|DailyRMCB.php
25 Nov 2021 12:12:19|24|shashikala@forstarfoods.com|DailyRMCB.php
25 Nov 2021 12:13:17|24|shashikala@forstarfoods.com|DailyRMCB.php
25 Nov 2021 12:13:21|24|shashikala@forstarfoods.com|DailyRMCB.php
25 Nov 2021 12:13:25|24|shashikala@forstarfoods.com|DailyRMCB.php
25 Nov 2021 12:13:40|20|shiji@forstarfoods.com|DailyCatchEntry_New.php
25 Nov 2021 12:13:44|24|shashikala@forstarfoods.com|DailyRMCB.php
25 Nov 2021 12:14:40|24|shashikala@forstarfoods.com|DailyRMCB.php
25 Nov 2021 12:14:45|24|shashikala@forstarfoods.com|DailyRMCB.php
25 Nov 2021 12:14:49|24|shashikala@forstarfoods.com|Home.php
25 Nov 2021 12:14:52|24|shashikala@forstarfoods.com|Home.php
25 Nov 2021 12:14:56|20|shiji@forstarfoods.com|DailyCatchEntry_New.php
25 Nov 2021 12:14:57|20|shiji@forstarfoods.com|DailyCatchEntry_New.php
25 Nov 2021 12:14:58|24|shashikala@forstarfoods.com|DailyPreProcess.php
25 Nov 2021 12:14:58|20|shiji@forstarfoods.com|CatchEntryDeclaredItem.php
25 Nov 2021 12:15:02|20|shiji@forstarfoods.com|DailyCatchEntry_New.php
25 Nov 2021 12:15:03|20|shiji@forstarfoods.com|DailyCatchEntry_New.php
25 Nov 2021 12:15:05|20|shiji@forstarfoods.com|DailyCatchEntry_New.php
25 Nov 2021 12:15:05|20|shiji@forstarfoods.com|DailyCatchEntry_New.php
25 Nov 2021 12:15:05|20|shiji@forstarfoods.com|DailyCatchEntry_New.php
25 Nov 2021 12:15:06|20|shiji@forstarfoods.com|DailyCatchEntry_New.php
25 Nov 2021 12:15:06|20|shiji@forstarfoods.com|DailyCatchEntry_New.php
25 Nov 2021 12:15:06|20|shiji@forstarfoods.com|DailyCatchEntry_New.php
25 Nov 2021 12:15:06|20|shiji@forstarfoods.com|DailyCatchEntry_New.php
25 Nov 2021 12:15:07|20|shiji@forstarfoods.com|DailyCatchEntry_New.php
25 Nov 2021 12:15:07|20|shiji@forstarfoods.com|DailyCatchEntry_New.php
25 Nov 2021 12:15:07|20|shiji@forstarfoods.com|DailyCatchEntry_New.php
25 Nov 2021 12:15:08|20|shiji@forstarfoods.com|DailyCatchEntry_New.php
25 Nov 2021 12:15:08|20|shiji@forstarfoods.com|DailyCatchEntry_New.php
25 Nov 2021 12:15:08|20|shiji@forstarfoods.com|DailyCatchEntry_New.php
25 Nov 2021 12:15:08|20|shiji@forstarfoods.com|DailyCatchEntry_New.php
25 Nov 2021 12:15:09|20|shiji@forstarfoods.com|DailyCatchEntry_New.php
25 Nov 2021 12:15:09|20|shiji@forstarfoods.com|DailyCatchEntry_New.php
25 Nov 2021 12:15:18|24|shashikala@forstarfoods.com|DailyPreProcess.php
25 Nov 2021 12:15:21|24|shashikala@forstarfoods.com|DailyPreProcess.php
25 Nov 2021 12:15:26|24|shashikala@forstarfoods.com|DailyPreProcess.php
25 Nov 2021 12:15:26|20|shiji@forstarfoods.com|DailyCatchEntry_New.php
25 Nov 2021 12:15:27|24|shashikala@forstarfoods.com|DailyPreProcess.php
25 Nov 2021 12:15:40|20|shiji@forstarfoods.com|DailyCatchEntry_New.php
25 Nov 2021 12:15:41|20|shiji@forstarfoods.com|CatchEntryDeclaredItem.php
25 Nov 2021 12:15:44|20|shiji@forstarfoods.com|DailyCatchEntry_New.php
25 Nov 2021 12:15:47|20|shiji@forstarfoods.com|DailyCatchEntry_New.php
25 Nov 2021 12:15:50|20|shiji@forstarfoods.com|DailyCatchEntry_New.php
25 Nov 2021 12:15:51|20|shiji@forstarfoods.com|DailyCatchEntry_New.php
25 Nov 2021 12:15:51|20|shiji@forstarfoods.com|DailyCatchEntry_New.php
25 Nov 2021 12:15:51|20|shiji@forstarfoods.com|DailyCatchEntry_New.php
25 Nov 2021 12:15:52|20|shiji@forstarfoods.com|DailyCatchEntry_New.php
25 Nov 2021 12:15:52|20|shiji@forstarfoods.com|DailyCatchEntry_New.php
25 Nov 2021 12:15:52|20|shiji@forstarfoods.com|DailyCatchEntry_New.php
25 Nov 2021 12:15:52|20|shiji@forstarfoods.com|DailyCatchEntry_New.php
25 Nov 2021 12:15:53|20|shiji@forstarfoods.com|DailyCatchEntry_New.php
25 Nov 2021 12:15:53|20|shiji@forstarfoods.com|DailyCatchEntry_New.php
25 Nov 2021 12:15:53|20|shiji@forstarfoods.com|DailyCatchEntry_New.php
25 Nov 2021 12:15:54|20|shiji@forstarfoods.com|DailyCatchEntry_New.php
25 Nov 2021 12:15:56|20|shiji@forstarfoods.com|DailyCatchEntry_New.php
25 Nov 2021 12:15:56|20|shiji@forstarfoods.com|DailyCatchEntry_New.php
25 Nov 2021 12:16:19|24|shashikala@forstarfoods.com|DailyPreProcess.php
25 Nov 2021 12:16:29|20|shiji@forstarfoods.com|DailyCatchEntry_New.php
25 Nov 2021 12:16:30|20|shiji@forstarfoods.com|DailyCatchEntry_New.php
25 Nov 2021 12:16:31|20|shiji@forstarfoods.com|CatchEntryDeclaredItem.php
25 Nov 2021 12:16:35|20|shiji@forstarfoods.com|DailyCatchEntry_New.php
25 Nov 2021 12:16:37|20|shiji@forstarfoods.com|DailyCatchEntry_New.php
25 Nov 2021 12:16:39|24|shashikala@forstarfoods.com|DailyPreProcess.php
25 Nov 2021 12:16:39|20|shiji@forstarfoods.com|DailyCatchEntry_New.php
25 Nov 2021 12:16:39|20|shiji@forstarfoods.com|DailyCatchEntry_New.php
25 Nov 2021 12:16:40|20|shiji@forstarfoods.com|DailyCatchEntry_New.php
25 Nov 2021 12:16:40|20|shiji@forstarfoods.com|DailyCatchEntry_New.php
25 Nov 2021 12:16:40|20|shiji@forstarfoods.com|DailyCatchEntry_New.php
25 Nov 2021 12:16:41|20|shiji@forstarfoods.com|DailyCatchEntry_New.php
25 Nov 2021 12:16:41|20|shiji@forstarfoods.com|DailyCatchEntry_New.php
25 Nov 2021 12:16:41|20|shiji@forstarfoods.com|DailyCatchEntry_New.php
25 Nov 2021 12:16:41|24|shashikala@forstarfoods.com|DailyPreProcess.php
25 Nov 2021 12:16:41|20|shiji@forstarfoods.com|DailyCatchEntry_New.php
25 Nov 2021 12:16:42|20|shiji@forstarfoods.com|DailyCatchEntry_New.php
25 Nov 2021 12:16:43|20|shiji@forstarfoods.com|DailyCatchEntry_New.php
25 Nov 2021 12:16:44|20|shiji@forstarfoods.com|DailyCatchEntry_New.php
25 Nov 2021 12:16:51|20|shiji@forstarfoods.com|DailyCatchEntry_New.php
25 Nov 2021 12:16:55|20|shiji@forstarfoods.com|DailyCatchEntry_New.php
25 Nov 2021 12:16:56|20|shiji@forstarfoods.com|CatchEntryDeclaredItem.php
25 Nov 2021 12:17:00|20|shiji@forstarfoods.com|DailyCatchEntry_New.php
25 Nov 2021 12:17:02|20|shiji@forstarfoods.com|DailyCatchEntry_New.php
25 Nov 2021 12:17:04|20|shiji@forstarfoods.com|DailyCatchEntry_New.php
25 Nov 2021 12:17:04|20|shiji@forstarfoods.com|DailyCatchEntry_New.php
25 Nov 2021 12:17:05|20|shiji@forstarfoods.com|DailyCatchEntry_New.php
25 Nov 2021 12:17:05|20|shiji@forstarfoods.com|DailyCatchEntry_New.php
25 Nov 2021 12:17:05|20|shiji@forstarfoods.com|DailyCatchEntry_New.php
25 Nov 2021 12:17:06|20|shiji@forstarfoods.com|DailyCatchEntry_New.php
25 Nov 2021 12:17:06|20|shiji@forstarfoods.com|DailyCatchEntry_New.php
25 Nov 2021 12:17:07|20|shiji@forstarfoods.com|DailyCatchEntry_New.php
25 Nov 2021 12:17:07|20|shiji@forstarfoods.com|DailyCatchEntry_New.php
25 Nov 2021 12:17:07|20|shiji@forstarfoods.com|DailyCatchEntry_New.php
25 Nov 2021 12:17:08|20|shiji@forstarfoods.com|DailyCatchEntry_New.php
25 Nov 2021 12:17:08|20|shiji@forstarfoods.com|DailyCatchEntry_New.php
25 Nov 2021 12:17:08|20|shiji@forstarfoods.com|DailyCatchEntry_New.php
25 Nov 2021 12:17:08|24|shashikala@forstarfoods.com|DailyPreProcess.php
25 Nov 2021 12:17:08|20|shiji@forstarfoods.com|DailyCatchEntry_New.php
25 Nov 2021 12:17:09|20|shiji@forstarfoods.com|DailyCatchEntry_New.php
25 Nov 2021 12:17:09|24|shashikala@forstarfoods.com|DailyPreProcess.php
25 Nov 2021 12:17:09|20|shiji@forstarfoods.com|DailyCatchEntry_New.php
25 Nov 2021 12:17:09|20|shiji@forstarfoods.com|DailyCatchEntry_New.php
25 Nov 2021 12:17:10|20|shiji@forstarfoods.com|DailyCatchEntry_New.php
25 Nov 2021 12:17:12|20|shiji@forstarfoods.com|DailyCatchEntry_New.php
25 Nov 2021 12:17:12|20|shiji@forstarfoods.com|DailyCatchEntry_New.php
25 Nov 2021 12:17:31|20|shiji@forstarfoods.com|DailyCatchEntry_New.php
25 Nov 2021 12:17:33|20|shiji@forstarfoods.com|DailyCatchEntry_New.php
25 Nov 2021 12:17:35|20|shiji@forstarfoods.com|CatchEntryDeclaredItem.php
25 Nov 2021 12:17:40|20|shiji@forstarfoods.com|DailyCatchReport.php
25 Nov 2021 12:17:49|20|shiji@forstarfoods.com|DailyCatchReport.php
25 Nov 2021 12:17:51|20|shiji@forstarfoods.com|DailyCatchReport.php
25 Nov 2021 12:17:52|20|shiji@forstarfoods.com|DailyCatchReport.php
25 Nov 2021 12:17:53|20|shiji@forstarfoods.com|DailyCatchReport.php
25 Nov 2021 12:17:56|20|shiji@forstarfoods.com|PrintDailyCatchReportMemo.php
25 Nov 2021 12:18:12|20|shiji@forstarfoods.com|DailyCatchEntry_New.php
25 Nov 2021 12:18:23|20|shiji@forstarfoods.com|DailyCatchEntry_New.php
25 Nov 2021 12:18:24|20|shiji@forstarfoods.com|DailyCatchEntry_New.php
25 Nov 2021 12:18:24|20|shiji@forstarfoods.com|DailyCatchEntry_New.php
25 Nov 2021 12:18:25|20|shiji@forstarfoods.com|CatchEntryDeclaredItem.php
25 Nov 2021 12:18:25|20|shiji@forstarfoods.com|DailyCatchEntry_New.php
25 Nov 2021 12:18:25|20|shiji@forstarfoods.com|DailyCatchEntry_New.php
25 Nov 2021 12:18:31|20|shiji@forstarfoods.com|DailyCatchEntry_New.php
25 Nov 2021 12:18:31|20|shiji@forstarfoods.com|DailyCatchEntry_New.php
25 Nov 2021 12:18:31|20|shiji@forstarfoods.com|DailyCatchEntry_New.php
25 Nov 2021 12:18:32|20|shiji@forstarfoods.com|DailyCatchEntry_New.php
25 Nov 2021 12:18:32|20|shiji@forstarfoods.com|DailyCatchEntry_New.php
25 Nov 2021 12:18:33|20|shiji@forstarfoods.com|DailyCatchEntry_New.php
25 Nov 2021 12:18:33|20|shiji@forstarfoods.com|DailyCatchEntry_New.php
25 Nov 2021 12:18:33|20|shiji@forstarfoods.com|DailyCatchEntry_New.php
25 Nov 2021 12:18:34|24|shashikala@forstarfoods.com|DailyPreProcess.php
25 Nov 2021 12:18:35|20|shiji@forstarfoods.com|DailyCatchEntry_New.php
25 Nov 2021 12:18:38|20|shiji@forstarfoods.com|DailyCatchEntry_New.php
25 Nov 2021 12:18:38|20|shiji@forstarfoods.com|CatchEntryDeclaredItem.php
25 Nov 2021 12:18:42|24|shashikala@forstarfoods.com|DailyRMCB.php
25 Nov 2021 12:18:48|24|shashikala@forstarfoods.com|DailyRMCB.php
25 Nov 2021 12:18:51|24|shashikala@forstarfoods.com|DailyRMCB.php
25 Nov 2021 12:18:55|20|shiji@forstarfoods.com|DailyCatchEntry_New.php
25 Nov 2021 12:18:57|20|shiji@forstarfoods.com|DailyCatchEntry_New.php
25 Nov 2021 12:18:57|20|shiji@forstarfoods.com|DailyCatchEntry_New.php
25 Nov 2021 12:19:00|20|shiji@forstarfoods.com|DailyCatchEntry_New.php
25 Nov 2021 12:19:01|24|shashikala@forstarfoods.com|DailyRMCB.php
25 Nov 2021 12:19:02|20|shiji@forstarfoods.com|DailyCatchEntry_New.php
25 Nov 2021 12:19:06|24|shashikala@forstarfoods.com|DailyRMCB.php
25 Nov 2021 12:19:08|20|shiji@forstarfoods.com|DailyCatchEntry_New.php
25 Nov 2021 12:19:08|20|shiji@forstarfoods.com|DailyCatchEntry_New.php
25 Nov 2021 12:19:08|20|shiji@forstarfoods.com|DailyCatchEntry_New.php
25 Nov 2021 12:19:09|20|shiji@forstarfoods.com|DailyCatchEntry_New.php
25 Nov 2021 12:19:09|20|shiji@forstarfoods.com|DailyCatchEntry_New.php
25 Nov 2021 12:19:09|20|shiji@forstarfoods.com|DailyCatchEntry_New.php
25 Nov 2021 12:19:09|20|shiji@forstarfoods.com|DailyCatchEntry_New.php
25 Nov 2021 12:19:10|20|shiji@forstarfoods.com|DailyCatchEntry_New.php
25 Nov 2021 12:19:10|20|shiji@forstarfoods.com|DailyCatchEntry_New.php
25 Nov 2021 12:19:10|20|shiji@forstarfoods.com|DailyCatchEntry_New.php
25 Nov 2021 12:19:11|20|shiji@forstarfoods.com|DailyCatchEntry_New.php
25 Nov 2021 12:19:11|20|shiji@forstarfoods.com|DailyCatchEntry_New.php
25 Nov 2021 12:19:20|20|shiji@forstarfoods.com|DailyCatchEntry_New.php
25 Nov 2021 12:19:22|20|shiji@forstarfoods.com|DailyCatchEntry_New.php
25 Nov 2021 12:19:23|20|shiji@forstarfoods.com|CatchEntryDeclaredItem.php
25 Nov 2021 12:19:31|20|shiji@forstarfoods.com|DailyCatchEntry_New.php
25 Nov 2021 12:19:33|20|shiji@forstarfoods.com|DailyCatchEntry_New.php
25 Nov 2021 12:19:34|20|shiji@forstarfoods.com|DailyCatchEntry_New.php
25 Nov 2021 12:19:35|20|shiji@forstarfoods.com|DailyCatchEntry_New.php
25 Nov 2021 12:19:35|20|shiji@forstarfoods.com|DailyCatchEntry_New.php
25 Nov 2021 12:19:35|20|shiji@forstarfoods.com|DailyCatchEntry_New.php
25 Nov 2021 12:19:35|20|shiji@forstarfoods.com|DailyCatchEntry_New.php
25 Nov 2021 12:19:36|20|shiji@forstarfoods.com|DailyCatchEntry_New.php
25 Nov 2021 12:19:36|20|shiji@forstarfoods.com|DailyCatchEntry_New.php
25 Nov 2021 12:19:36|20|shiji@forstarfoods.com|DailyCatchEntry_New.php
25 Nov 2021 12:19:37|20|shiji@forstarfoods.com|DailyCatchEntry_New.php
25 Nov 2021 12:19:37|20|shiji@forstarfoods.com|DailyCatchEntry_New.php
25 Nov 2021 12:19:37|20|shiji@forstarfoods.com|DailyCatchEntry_New.php
25 Nov 2021 12:19:37|20|shiji@forstarfoods.com|DailyCatchEntry_New.php
25 Nov 2021 12:19:38|20|shiji@forstarfoods.com|DailyCatchEntry_New.php
25 Nov 2021 12:19:38|20|shiji@forstarfoods.com|DailyCatchEntry_New.php
25 Nov 2021 12:19:38|20|shiji@forstarfoods.com|DailyCatchEntry_New.php
25 Nov 2021 12:19:39|20|shiji@forstarfoods.com|DailyCatchEntry_New.php
25 Nov 2021 12:19:50|20|shiji@forstarfoods.com|DailyCatchEntry_New.php
25 Nov 2021 12:19:51|20|shiji@forstarfoods.com|DailyCatchEntry_New.php
25 Nov 2021 12:19:52|20|shiji@forstarfoods.com|CatchEntryDeclaredItem.php
25 Nov 2021 12:19:55|20|shiji@forstarfoods.com|DailyCatchEntry_New.php
25 Nov 2021 12:20:05|24|shashikala@forstarfoods.com|DailyRMCB.php
25 Nov 2021 12:20:05|20|shiji@forstarfoods.com|DailyCatchEntry_New.php
25 Nov 2021 12:20:07|20|shiji@forstarfoods.com|DailyCatchEntry_New.php
25 Nov 2021 12:20:08|20|shiji@forstarfoods.com|DailyCatchEntry_New.php
25 Nov 2021 12:20:08|20|shiji@forstarfoods.com|DailyCatchEntry_New.php
25 Nov 2021 12:20:08|20|shiji@forstarfoods.com|DailyCatchEntry_New.php
25 Nov 2021 12:20:08|20|shiji@forstarfoods.com|DailyCatchEntry_New.php
25 Nov 2021 12:20:09|20|shiji@forstarfoods.com|DailyCatchEntry_New.php
25 Nov 2021 12:20:09|24|shashikala@forstarfoods.com|DailyRMCB.php
25 Nov 2021 12:20:09|20|shiji@forstarfoods.com|DailyCatchEntry_New.php
25 Nov 2021 12:20:09|20|shiji@forstarfoods.com|DailyCatchEntry_New.php
25 Nov 2021 12:20:10|20|shiji@forstarfoods.com|DailyCatchEntry_New.php
25 Nov 2021 12:20:10|20|shiji@forstarfoods.com|DailyCatchEntry_New.php
25 Nov 2021 12:20:10|20|shiji@forstarfoods.com|DailyCatchEntry_New.php
25 Nov 2021 12:20:10|20|shiji@forstarfoods.com|DailyCatchEntry_New.php
25 Nov 2021 12:20:11|20|shiji@forstarfoods.com|DailyCatchEntry_New.php
25 Nov 2021 12:20:11|20|shiji@forstarfoods.com|DailyCatchEntry_New.php
25 Nov 2021 12:20:11|20|shiji@forstarfoods.com|DailyCatchEntry_New.php
25 Nov 2021 12:20:12|20|shiji@forstarfoods.com|DailyCatchEntry_New.php
25 Nov 2021 12:20:19|20|shiji@forstarfoods.com|DailyCatchEntry_New.php
25 Nov 2021 12:20:20|20|shiji@forstarfoods.com|DailyCatchEntry_New.php
25 Nov 2021 12:20:21|20|shiji@forstarfoods.com|CatchEntryDeclaredItem.php
25 Nov 2021 12:20:24|20|shiji@forstarfoods.com|DailyCatchEntry_New.php
25 Nov 2021 12:20:25|20|shiji@forstarfoods.com|DailyCatchEntry_New.php
25 Nov 2021 12:20:27|20|shiji@forstarfoods.com|DailyCatchEntry_New.php
25 Nov 2021 12:20:27|20|shiji@forstarfoods.com|DailyCatchEntry_New.php
25 Nov 2021 12:20:27|20|shiji@forstarfoods.com|DailyCatchEntry_New.php
25 Nov 2021 12:20:28|20|shiji@forstarfoods.com|DailyCatchEntry_New.php
25 Nov 2021 12:20:28|20|shiji@forstarfoods.com|DailyCatchEntry_New.php
25 Nov 2021 12:20:28|20|shiji@forstarfoods.com|DailyCatchEntry_New.php
25 Nov 2021 12:20:29|20|shiji@forstarfoods.com|DailyCatchEntry_New.php
25 Nov 2021 12:20:29|20|shiji@forstarfoods.com|DailyCatchEntry_New.php
25 Nov 2021 12:20:29|20|shiji@forstarfoods.com|DailyCatchEntry_New.php
25 Nov 2021 12:20:30|20|shiji@forstarfoods.com|DailyCatchEntry_New.php
25 Nov 2021 12:20:30|20|shiji@forstarfoods.com|DailyCatchEntry_New.php
25 Nov 2021 12:20:30|20|shiji@forstarfoods.com|DailyCatchEntry_New.php
25 Nov 2021 12:20:31|20|shiji@forstarfoods.com|DailyCatchEntry_New.php
25 Nov 2021 12:20:31|20|shiji@forstarfoods.com|DailyCatchEntry_New.php
25 Nov 2021 12:20:34|24|shashikala@forstarfoods.com|DailyRMCB.php
25 Nov 2021 12:20:38|20|shiji@forstarfoods.com|DailyCatchEntry_New.php
25 Nov 2021 12:20:39|24|shashikala@forstarfoods.com|DailyRMCB.php
25 Nov 2021 12:20:41|20|shiji@forstarfoods.com|DailyCatchEntry_New.php
25 Nov 2021 12:20:42|20|shiji@forstarfoods.com|CatchEntryDeclaredItem.php
25 Nov 2021 12:20:45|20|shiji@forstarfoods.com|DailyCatchEntry_New.php
25 Nov 2021 12:20:46|20|shiji@forstarfoods.com|DailyCatchEntry_New.php
25 Nov 2021 12:21:11|24|shashikala@forstarfoods.com|DailyRMCB.php
25 Nov 2021 12:21:15|24|shashikala@forstarfoods.com|DailyRMCB.php
25 Nov 2021 12:21:20|24|shashikala@forstarfoods.com|Home.php
25 Nov 2021 12:21:23|24|shashikala@forstarfoods.com|Home.php
25 Nov 2021 12:21:27|24|shashikala@forstarfoods.com|DailyPreProcess.php
25 Nov 2021 12:22:01|24|shashikala@forstarfoods.com|DailyPreProcess.php
25 Nov 2021 12:22:05|24|shashikala@forstarfoods.com|DailyPreProcess.php
25 Nov 2021 12:22:07|20|shiji@forstarfoods.com|DailyCatchEntry_New.php
25 Nov 2021 12:22:07|20|shiji@forstarfoods.com|DailyCatchEntry_New.php
25 Nov 2021 12:22:07|20|shiji@forstarfoods.com|DailyCatchEntry_New.php
25 Nov 2021 12:22:08|20|shiji@forstarfoods.com|DailyCatchEntry_New.php
25 Nov 2021 12:22:08|20|shiji@forstarfoods.com|DailyCatchEntry_New.php
25 Nov 2021 12:22:08|20|shiji@forstarfoods.com|DailyCatchEntry_New.php
25 Nov 2021 12:22:09|20|shiji@forstarfoods.com|DailyCatchEntry_New.php
25 Nov 2021 12:22:09|20|shiji@forstarfoods.com|DailyCatchEntry_New.php
25 Nov 2021 12:22:09|20|shiji@forstarfoods.com|DailyCatchEntry_New.php
25 Nov 2021 12:22:09|20|shiji@forstarfoods.com|DailyCatchEntry_New.php
25 Nov 2021 12:22:11|20|shiji@forstarfoods.com|DailyCatchEntry_New.php
25 Nov 2021 12:22:11|24|shashikala@forstarfoods.com|DailyPreProcess.php
25 Nov 2021 12:22:11|20|shiji@forstarfoods.com|DailyCatchEntry_New.php
25 Nov 2021 12:22:12|24|shashikala@forstarfoods.com|DailyPreProcess.php
25 Nov 2021 12:22:20|20|shiji@forstarfoods.com|DailyCatchEntry_New.php
25 Nov 2021 12:22:21|20|shiji@forstarfoods.com|DailyCatchEntry_New.php
25 Nov 2021 12:22:22|20|shiji@forstarfoods.com|CatchEntryDeclaredItem.php
25 Nov 2021 12:22:40|20|shiji@forstarfoods.com|DailyCatchEntry_New.php
25 Nov 2021 12:22:40|20|shiji@forstarfoods.com|DailyCatchEntry_New.php
25 Nov 2021 12:22:41|20|shiji@forstarfoods.com|DailyCatchEntry_New.php
25 Nov 2021 12:22:48|20|shiji@forstarfoods.com|DailyCatchEntry_New.php
25 Nov 2021 12:22:51|20|shiji@forstarfoods.com|DailyCatchEntry_New.php
25 Nov 2021 12:22:51|20|shiji@forstarfoods.com|CatchEntryDeclaredItem.php
25 Nov 2021 12:22:59|20|shiji@forstarfoods.com|DailyCatchEntry_New.php
25 Nov 2021 12:23:03|20|shiji@forstarfoods.com|DailyCatchEntry_New.php
25 Nov 2021 12:23:03|20|shiji@forstarfoods.com|DailyCatchEntry_New.php
25 Nov 2021 12:23:03|20|shiji@forstarfoods.com|DailyCatchEntry_New.php
25 Nov 2021 12:23:04|20|shiji@forstarfoods.com|DailyCatchEntry_New.php
25 Nov 2021 12:23:04|20|shiji@forstarfoods.com|DailyCatchEntry_New.php
25 Nov 2021 12:23:04|20|shiji@forstarfoods.com|DailyCatchEntry_New.php
25 Nov 2021 12:23:20|20|shiji@forstarfoods.com|DailyCatchEntry_New.php
25 Nov 2021 12:23:22|20|shiji@forstarfoods.com|DailyCatchEntry_New.php
25 Nov 2021 12:23:23|20|shiji@forstarfoods.com|DailyCatchEntry_New.php
25 Nov 2021 12:23:24|20|shiji@forstarfoods.com|DailyCatchEntry_New.php
25 Nov 2021 12:23:25|20|shiji@forstarfoods.com|DailyCatchEntry_New.php
25 Nov 2021 12:23:26|20|shiji@forstarfoods.com|DailyCatchEntry_New.php
25 Nov 2021 12:23:29|20|shiji@forstarfoods.com|DailyCatchEntry_New.php
25 Nov 2021 12:23:29|20|shiji@forstarfoods.com|DailyCatchEntry_New.php
25 Nov 2021 12:23:40|20|shiji@forstarfoods.com|DailyCatchEntry_New.php
25 Nov 2021 12:23:41|20|shiji@forstarfoods.com|DailyCatchEntry_New.php
25 Nov 2021 12:23:41|20|shiji@forstarfoods.com|DailyCatchEntry_New.php
25 Nov 2021 12:23:41|20|shiji@forstarfoods.com|DailyCatchEntry_New.php
25 Nov 2021 12:23:42|20|shiji@forstarfoods.com|DailyCatchEntry_New.php
25 Nov 2021 12:23:42|20|shiji@forstarfoods.com|DailyCatchEntry_New.php
25 Nov 2021 12:23:49|24|shashikala@forstarfoods.com|DailyPreProcess.php
25 Nov 2021 12:23:57|24|shashikala@forstarfoods.com|DailyPreProcess.php
25 Nov 2021 12:24:01|24|shashikala@forstarfoods.com|DailyPreProcess.php
25 Nov 2021 12:24:02|24|shashikala@forstarfoods.com|DailyPreProcess.php
25 Nov 2021 12:24:54|24|shashikala@forstarfoods.com|DailyPreProcess.php
25 Nov 2021 12:25:04|24|shashikala@forstarfoods.com|DailyPreProcess.php
25 Nov 2021 12:25:07|24|shashikala@forstarfoods.com|DailyPreProcess.php
25 Nov 2021 12:25:15|20|shiji@forstarfoods.com|DailyCatchEntry_New.php
25 Nov 2021 12:25:16|20|shiji@forstarfoods.com|DailyCatchEntry_New.php
25 Nov 2021 12:25:24|20|shiji@forstarfoods.com|DailyCatchEntry_New.php
25 Nov 2021 12:25:25|20|shiji@forstarfoods.com|DailyCatchEntry_New.php
25 Nov 2021 12:25:26|20|shiji@forstarfoods.com|CatchEntryDeclaredItem.php
25 Nov 2021 12:25:41|20|shiji@forstarfoods.com|DailyCatchEntry_New.php
25 Nov 2021 12:25:43|20|shiji@forstarfoods.com|DailyCatchEntry_New.php
25 Nov 2021 12:25:45|20|shiji@forstarfoods.com|DailyCatchEntry_New.php
25 Nov 2021 12:25:46|20|shiji@forstarfoods.com|DailyCatchEntry_New.php
25 Nov 2021 12:25:46|20|shiji@forstarfoods.com|DailyCatchEntry_New.php
25 Nov 2021 12:25:46|20|shiji@forstarfoods.com|DailyCatchEntry_New.php
25 Nov 2021 12:25:46|20|shiji@forstarfoods.com|DailyCatchEntry_New.php
25 Nov 2021 12:25:47|20|shiji@forstarfoods.com|DailyCatchEntry_New.php
25 Nov 2021 12:25:50|20|shiji@forstarfoods.com|DailyCatchEntry_New.php
25 Nov 2021 12:25:50|20|shiji@forstarfoods.com|DailyCatchEntry_New.php
25 Nov 2021 12:25:50|20|shiji@forstarfoods.com|DailyCatchEntry_New.php
25 Nov 2021 12:25:52|20|shiji@forstarfoods.com|DailyCatchEntry_New.php
25 Nov 2021 12:25:53|20|shiji@forstarfoods.com|CatchEntryDeclaredItem.php
25 Nov 2021 12:25:59|24|shashikala@forstarfoods.com|DailyPreProcess.php
25 Nov 2021 12:25:59|24|shashikala@forstarfoods.com|DailyPreProcess.php
25 Nov 2021 12:26:00|20|shiji@forstarfoods.com|DailyCatchEntry_New.php
25 Nov 2021 12:26:02|20|shiji@forstarfoods.com|DailyCatchEntry_New.php
25 Nov 2021 12:26:04|20|shiji@forstarfoods.com|DailyCatchEntry_New.php
25 Nov 2021 12:26:04|20|shiji@forstarfoods.com|DailyCatchEntry_New.php
25 Nov 2021 12:26:04|20|shiji@forstarfoods.com|DailyCatchEntry_New.php
25 Nov 2021 12:26:04|20|shiji@forstarfoods.com|DailyCatchEntry_New.php
25 Nov 2021 12:26:07|20|shiji@forstarfoods.com|DailyCatchEntry_New.php
25 Nov 2021 12:26:07|20|shiji@forstarfoods.com|DailyCatchEntry_New.php
25 Nov 2021 12:26:08|20|shiji@forstarfoods.com|DailyCatchEntry_New.php
25 Nov 2021 12:26:09|20|shiji@forstarfoods.com|DailyCatchEntry_New.php
25 Nov 2021 12:26:10|20|shiji@forstarfoods.com|CatchEntryDeclaredItem.php
25 Nov 2021 12:26:22|20|shiji@forstarfoods.com|DailyCatchEntry_New.php
25 Nov 2021 12:26:23|20|shiji@forstarfoods.com|DailyCatchEntry_New.php
25 Nov 2021 12:26:25|20|shiji@forstarfoods.com|DailyCatchEntry_New.php
25 Nov 2021 12:26:26|20|shiji@forstarfoods.com|DailyCatchEntry_New.php
25 Nov 2021 12:26:26|20|shiji@forstarfoods.com|DailyCatchEntry_New.php
25 Nov 2021 12:26:26|20|shiji@forstarfoods.com|DailyCatchEntry_New.php
25 Nov 2021 12:26:27|20|shiji@forstarfoods.com|DailyCatchEntry_New.php
25 Nov 2021 12:26:27|20|shiji@forstarfoods.com|DailyCatchEntry_New.php
25 Nov 2021 12:26:28|20|shiji@forstarfoods.com|DailyCatchEntry_New.php
25 Nov 2021 12:26:29|20|shiji@forstarfoods.com|DailyCatchEntry_New.php
25 Nov 2021 12:26:30|20|shiji@forstarfoods.com|CatchEntryDeclaredItem.php
25 Nov 2021 12:26:40|20|shiji@forstarfoods.com|DailyCatchEntry_New.php
25 Nov 2021 12:26:41|20|shiji@forstarfoods.com|DailyCatchEntry_New.php
25 Nov 2021 12:26:41|20|shiji@forstarfoods.com|DailyCatchEntry_New.php
25 Nov 2021 12:26:46|20|shiji@forstarfoods.com|DailyCatchEntry_New.php
25 Nov 2021 12:26:49|20|shiji@forstarfoods.com|DailyCatchEntry_New.php
25 Nov 2021 12:26:50|20|shiji@forstarfoods.com|CatchEntryDeclaredItem.php
25 Nov 2021 12:27:03|20|shiji@forstarfoods.com|DailyCatchEntry_New.php
25 Nov 2021 12:27:04|20|shiji@forstarfoods.com|DailyCatchEntry_New.php
25 Nov 2021 12:27:04|20|shiji@forstarfoods.com|DailyCatchEntry_New.php
25 Nov 2021 12:27:04|20|shiji@forstarfoods.com|DailyCatchEntry_New.php
25 Nov 2021 12:27:04|20|shiji@forstarfoods.com|DailyCatchEntry_New.php
25 Nov 2021 12:27:05|20|shiji@forstarfoods.com|DailyCatchEntry_New.php
25 Nov 2021 12:27:08|20|shiji@forstarfoods.com|DailyCatchEntry_New.php
25 Nov 2021 12:27:08|20|shiji@forstarfoods.com|DailyCatchEntry_New.php
25 Nov 2021 12:27:08|20|shiji@forstarfoods.com|DailyCatchEntry_New.php
25 Nov 2021 12:27:09|20|shiji@forstarfoods.com|DailyCatchEntry_New.php
25 Nov 2021 12:27:10|20|shiji@forstarfoods.com|DailyCatchEntry_New.php
25 Nov 2021 12:27:10|20|shiji@forstarfoods.com|DailyCatchEntry_New.php
25 Nov 2021 12:27:17|20|shiji@forstarfoods.com|DailyCatchEntry_New.php
25 Nov 2021 12:27:18|20|shiji@forstarfoods.com|DailyCatchEntry_New.php
25 Nov 2021 12:27:20|20|shiji@forstarfoods.com|DailyCatchEntry_New.php
25 Nov 2021 12:27:22|20|shiji@forstarfoods.com|DailyCatchEntry_New.php
25 Nov 2021 12:27:22|20|shiji@forstarfoods.com|DailyCatchEntry_New.php
25 Nov 2021 12:27:22|20|shiji@forstarfoods.com|DailyCatchEntry_New.php
25 Nov 2021 12:27:22|20|shiji@forstarfoods.com|DailyCatchEntry_New.php
25 Nov 2021 12:27:23|20|shiji@forstarfoods.com|DailyCatchEntry_New.php
25 Nov 2021 12:27:23|20|shiji@forstarfoods.com|DailyCatchEntry_New.php
25 Nov 2021 12:27:31|20|shiji@forstarfoods.com|DailyCatchEntry_New.php
25 Nov 2021 12:27:32|20|shiji@forstarfoods.com|DailyCatchEntry_New.php
25 Nov 2021 12:27:33|20|shiji@forstarfoods.com|CatchEntryDeclaredItem.php
25 Nov 2021 12:27:41|20|shiji@forstarfoods.com|DailyCatchEntry_New.php
25 Nov 2021 12:27:43|20|shiji@forstarfoods.com|DailyCatchEntry_New.php
25 Nov 2021 12:27:45|20|shiji@forstarfoods.com|DailyCatchEntry_New.php
25 Nov 2021 12:27:45|20|shiji@forstarfoods.com|DailyCatchEntry_New.php
25 Nov 2021 12:27:45|20|shiji@forstarfoods.com|DailyCatchEntry_New.php
25 Nov 2021 12:27:46|20|shiji@forstarfoods.com|DailyCatchEntry_New.php
25 Nov 2021 12:27:49|20|shiji@forstarfoods.com|DailyCatchEntry_New.php
25 Nov 2021 12:27:49|20|shiji@forstarfoods.com|DailyCatchEntry_New.php
25 Nov 2021 12:27:49|20|shiji@forstarfoods.com|DailyCatchEntry_New.php
25 Nov 2021 12:27:51|20|shiji@forstarfoods.com|DailyCatchEntry_New.php
25 Nov 2021 12:27:52|20|shiji@forstarfoods.com|CatchEntryDeclaredItem.php
25 Nov 2021 12:27:59|20|shiji@forstarfoods.com|DailyCatchEntry_New.php
25 Nov 2021 12:28:01|20|shiji@forstarfoods.com|DailyCatchEntry_New.php
25 Nov 2021 12:28:03|20|shiji@forstarfoods.com|DailyCatchEntry_New.php
25 Nov 2021 12:28:03|20|shiji@forstarfoods.com|DailyCatchEntry_New.php
25 Nov 2021 12:28:03|20|shiji@forstarfoods.com|DailyCatchEntry_New.php
25 Nov 2021 12:28:04|20|shiji@forstarfoods.com|DailyCatchEntry_New.php
25 Nov 2021 12:28:04|20|shiji@forstarfoods.com|DailyCatchEntry_New.php
25 Nov 2021 12:28:05|20|shiji@forstarfoods.com|DailyCatchEntry_New.php
25 Nov 2021 12:28:05|20|shiji@forstarfoods.com|DailyCatchEntry_New.php
25 Nov 2021 12:28:06|20|shiji@forstarfoods.com|DailyCatchEntry_New.php
25 Nov 2021 12:28:07|20|shiji@forstarfoods.com|CatchEntryDeclaredItem.php
25 Nov 2021 12:28:18|20|shiji@forstarfoods.com|DailyCatchEntry_New.php
25 Nov 2021 12:28:19|20|shiji@forstarfoods.com|DailyCatchEntry_New.php
25 Nov 2021 12:28:21|20|shiji@forstarfoods.com|DailyCatchEntry_New.php
25 Nov 2021 12:28:22|20|shiji@forstarfoods.com|DailyCatchEntry_New.php
25 Nov 2021 12:28:22|20|shiji@forstarfoods.com|DailyCatchEntry_New.php
25 Nov 2021 12:28:22|20|shiji@forstarfoods.com|DailyCatchEntry_New.php
25 Nov 2021 12:28:22|20|shiji@forstarfoods.com|DailyCatchEntry_New.php
25 Nov 2021 12:28:23|20|shiji@forstarfoods.com|DailyCatchEntry_New.php
25 Nov 2021 12:28:24|20|shiji@forstarfoods.com|DailyCatchEntry_New.php
25 Nov 2021 12:28:26|20|shiji@forstarfoods.com|DailyCatchEntry_New.php
25 Nov 2021 12:28:26|20|shiji@forstarfoods.com|DailyCatchEntry_New.php
25 Nov 2021 12:28:26|20|shiji@forstarfoods.com|DailyCatchEntry_New.php
25 Nov 2021 12:28:28|20|shiji@forstarfoods.com|DailyCatchEntry_New.php
25 Nov 2021 12:28:29|20|shiji@forstarfoods.com|CatchEntryDeclaredItem.php
25 Nov 2021 12:28:37|20|shiji@forstarfoods.com|DailyCatchEntry_New.php
25 Nov 2021 12:28:38|20|shiji@forstarfoods.com|DailyCatchEntry_New.php
25 Nov 2021 12:28:40|20|shiji@forstarfoods.com|DailyCatchEntry_New.php
25 Nov 2021 12:28:40|20|shiji@forstarfoods.com|DailyCatchEntry_New.php
25 Nov 2021 12:28:40|20|shiji@forstarfoods.com|DailyCatchEntry_New.php
25 Nov 2021 12:28:41|20|shiji@forstarfoods.com|DailyCatchEntry_New.php
25 Nov 2021 12:28:42|20|shiji@forstarfoods.com|DailyCatchEntry_New.php
25 Nov 2021 12:28:42|20|shiji@forstarfoods.com|DailyCatchEntry_New.php
25 Nov 2021 12:28:43|20|shiji@forstarfoods.com|DailyCatchEntry_New.php
25 Nov 2021 12:28:45|20|shiji@forstarfoods.com|DailyCatchEntry_New.php
25 Nov 2021 12:28:46|20|shiji@forstarfoods.com|CatchEntryDeclaredItem.php
25 Nov 2021 12:28:54|20|shiji@forstarfoods.com|DailyCatchEntry_New.php
25 Nov 2021 12:28:55|20|shiji@forstarfoods.com|DailyCatchEntry_New.php
25 Nov 2021 12:28:59|20|shiji@forstarfoods.com|DailyCatchEntry_New.php
25 Nov 2021 12:28:59|20|shiji@forstarfoods.com|DailyCatchEntry_New.php
25 Nov 2021 12:28:59|20|shiji@forstarfoods.com|DailyCatchEntry_New.php
25 Nov 2021 12:29:00|20|shiji@forstarfoods.com|DailyCatchEntry_New.php
25 Nov 2021 12:29:02|20|shiji@forstarfoods.com|DailyCatchEntry_New.php
25 Nov 2021 12:29:02|20|shiji@forstarfoods.com|DailyCatchEntry_New.php
25 Nov 2021 12:29:02|20|shiji@forstarfoods.com|DailyCatchEntry_New.php
25 Nov 2021 12:29:04|20|shiji@forstarfoods.com|DailyCatchEntry_New.php
25 Nov 2021 12:29:05|20|shiji@forstarfoods.com|CatchEntryDeclaredItem.php
25 Nov 2021 12:29:12|20|shiji@forstarfoods.com|DailyCatchEntry_New.php
25 Nov 2021 12:29:12|20|shiji@forstarfoods.com|DailyCatchEntry_New.php
25 Nov 2021 12:29:12|20|shiji@forstarfoods.com|DailyCatchEntry_New.php
25 Nov 2021 12:29:18|20|shiji@forstarfoods.com|DailyCatchEntry_New.php
25 Nov 2021 12:29:21|20|shiji@forstarfoods.com|DailyCatchEntry_New.php
25 Nov 2021 12:29:21|20|shiji@forstarfoods.com|CatchEntryDeclaredItem.php
25 Nov 2021 12:29:33|20|shiji@forstarfoods.com|DailyCatchEntry_New.php
25 Nov 2021 12:29:33|20|shiji@forstarfoods.com|DailyCatchEntry_New.php
25 Nov 2021 12:29:33|20|shiji@forstarfoods.com|DailyCatchEntry_New.php
25 Nov 2021 12:29:34|20|shiji@forstarfoods.com|DailyCatchEntry_New.php
25 Nov 2021 12:29:34|20|shiji@forstarfoods.com|DailyCatchEntry_New.php
25 Nov 2021 12:29:37|20|shiji@forstarfoods.com|DailyCatchEntry_New.php
25 Nov 2021 12:29:46|20|shiji@forstarfoods.com|DailyCatchEntry_New.php
25 Nov 2021 12:29:50|20|shiji@forstarfoods.com|DailyCatchEntry_New.php
25 Nov 2021 12:29:52|20|shiji@forstarfoods.com|DailyCatchEntry_New.php
25 Nov 2021 12:29:53|20|shiji@forstarfoods.com|DailyCatchEntry_New.php
25 Nov 2021 12:29:54|20|shiji@forstarfoods.com|DailyCatchEntry_New.php
25 Nov 2021 12:29:54|20|shiji@forstarfoods.com|DailyCatchEntry_New.php
25 Nov 2021 12:29:54|20|shiji@forstarfoods.com|DailyCatchEntry_New.php
25 Nov 2021 12:29:55|20|shiji@forstarfoods.com|DailyCatchEntry_New.php
25 Nov 2021 12:29:56|20|shiji@forstarfoods.com|DailyCatchEntry_New.php
25 Nov 2021 12:30:02|20|shiji@forstarfoods.com|DailyCatchEntry_New.php
25 Nov 2021 12:30:04|20|shiji@forstarfoods.com|DailyCatchEntry_New.php
25 Nov 2021 12:30:05|20|shiji@forstarfoods.com|CatchEntryDeclaredItem.php
25 Nov 2021 12:30:11|20|shiji@forstarfoods.com|DailyCatchEntry_New.php
25 Nov 2021 12:30:13|20|shiji@forstarfoods.com|DailyCatchEntry_New.php
25 Nov 2021 12:30:15|20|shiji@forstarfoods.com|DailyCatchEntry_New.php
25 Nov 2021 12:30:15|20|shiji@forstarfoods.com|DailyCatchEntry_New.php
25 Nov 2021 12:30:16|20|shiji@forstarfoods.com|DailyCatchEntry_New.php
25 Nov 2021 12:30:16|20|shiji@forstarfoods.com|DailyCatchEntry_New.php
25 Nov 2021 12:30:18|20|shiji@forstarfoods.com|DailyCatchEntry_New.php
25 Nov 2021 12:30:18|20|shiji@forstarfoods.com|DailyCatchEntry_New.php
25 Nov 2021 12:30:18|20|shiji@forstarfoods.com|DailyCatchEntry_New.php
25 Nov 2021 12:30:20|20|shiji@forstarfoods.com|DailyCatchEntry_New.php
25 Nov 2021 12:30:21|20|shiji@forstarfoods.com|CatchEntryDeclaredItem.php
25 Nov 2021 12:30:26|20|shiji@forstarfoods.com|Home.php
25 Nov 2021 12:30:32|20|shiji@forstarfoods.com|DailyCatchEntry_New.php
25 Nov 2021 12:30:38|20|shiji@forstarfoods.com|DailyCatchEntry_New.php
25 Nov 2021 12:30:39|20|shiji@forstarfoods.com|DailyCatchEntry_New.php
25 Nov 2021 12:30:39|20|shiji@forstarfoods.com|DailyCatchEntry_New.php
25 Nov 2021 12:30:43|20|shiji@forstarfoods.com|DailyCatchEntry_New.php
25 Nov 2021 12:31:01|20|shiji@forstarfoods.com|DailyCatchEntry_New.php
25 Nov 2021 12:31:13|20|shiji@forstarfoods.com|DailyCatchEntry_New.php
25 Nov 2021 12:33:44|24|shashikala@forstarfoods.com|DailyPreProcess.php
25 Nov 2021 12:33:52|24|shashikala@forstarfoods.com|DailyPreProcess.php
25 Nov 2021 12:33:55|24|shashikala@forstarfoods.com|DailyPreProcess.php
25 Nov 2021 12:34:05|24|shashikala@forstarfoods.com|DailyPreProcess.php
25 Nov 2021 12:34:05|24|shashikala@forstarfoods.com|DailyPreProcess.php
25 Nov 2021 12:35:48|24|shashikala@forstarfoods.com|DailyPreProcess.php
25 Nov 2021 12:36:03|24|shashikala@forstarfoods.com|DailyRMCB.php
25 Nov 2021 12:36:13|24|shashikala@forstarfoods.com|DailyRMCB.php
25 Nov 2021 12:36:16|24|shashikala@forstarfoods.com|DailyRMCB.php
25 Nov 2021 12:36:21|24|shashikala@forstarfoods.com|DailyRMCB.php
25 Nov 2021 12:36:25|24|shashikala@forstarfoods.com|DailyRMCB.php
25 Nov 2021 12:37:09|24|shashikala@forstarfoods.com|DailyRMCB.php
25 Nov 2021 12:37:13|24|shashikala@forstarfoods.com|DailyRMCB.php
25 Nov 2021 12:37:17|24|shashikala@forstarfoods.com|DailyRMCB.php
25 Nov 2021 12:37:33|24|shashikala@forstarfoods.com|DailyRMCB.php
25 Nov 2021 12:38:13|24|shashikala@forstarfoods.com|DailyRMCB.php
25 Nov 2021 12:38:18|24|shashikala@forstarfoods.com|DailyRMCB.php
25 Nov 2021 12:38:22|24|shashikala@forstarfoods.com|Home.php
25 Nov 2021 12:38:25|24|shashikala@forstarfoods.com|Home.php
25 Nov 2021 12:38:30|24|shashikala@forstarfoods.com|DailyPreProcess.php
25 Nov 2021 12:38:36|24|shashikala@forstarfoods.com|DailyPreProcess.php
25 Nov 2021 12:41:06|20|shiji@forstarfoods.com|Home.php
25 Nov 2021 12:41:20|20|shiji@forstarfoods.com|ProcessorsAccounts.php
25 Nov 2021 12:41:24|20|shiji@forstarfoods.com|ProcessorsAccounts.php
25 Nov 2021 12:41:27|20|shiji@forstarfoods.com|ProcessorsAccounts.php
25 Nov 2021 12:41:32|20|shiji@forstarfoods.com|ProcessorsAccounts.php
25 Nov 2021 12:41:47|20|shiji@forstarfoods.com|ProcessorsAccounts.php
25 Nov 2021 12:41:54|20|shiji@forstarfoods.com|ProcessorsAccounts.php
25 Nov 2021 12:42:04|20|shiji@forstarfoods.com|ProcessorsAccounts.php
25 Nov 2021 12:43:07|20|shiji@forstarfoods.com|ProcessorsAccounts.php
25 Nov 2021 12:43:10|20|shiji@forstarfoods.com|ProcessorsAccounts.php
25 Nov 2021 12:43:18|20|shiji@forstarfoods.com|ProcessorsAccounts.php
25 Nov 2021 12:43:20|20|shiji@forstarfoods.com|ProcessorsAccounts.php
25 Nov 2021 12:43:24|20|shiji@forstarfoods.com|ProcessorsAccounts.php
25 Nov 2021 12:47:41|20|shiji@forstarfoods.com|ProcessorsAccounts.php
25 Nov 2021 12:47:44|20|shiji@forstarfoods.com|ProcessorsAccounts.php
25 Nov 2021 12:47:47|20|shiji@forstarfoods.com|ProcessorsAccounts.php
25 Nov 2021 12:48:46|20|shiji@forstarfoods.com|ProcessorsAccounts.php
25 Nov 2021 12:48:49|20|shiji@forstarfoods.com|ProcessorsAccounts.php
25 Nov 2021 12:48:51|20|shiji@forstarfoods.com|ProcessorsAccounts.php
25 Nov 2021 12:49:06|20|shiji@forstarfoods.com|ProcessorsAccounts.php
25 Nov 2021 12:49:08|20|shiji@forstarfoods.com|ProcessorsAccounts.php
25 Nov 2021 12:49:12|20|shiji@forstarfoods.com|ProcessorsAccounts.php
25 Nov 2021 12:49:22|20|shiji@forstarfoods.com|ProcessorsAccounts.php
25 Nov 2021 12:49:24|20|shiji@forstarfoods.com|ProcessorsAccounts.php
25 Nov 2021 12:49:29|20|shiji@forstarfoods.com|ProcessorsAccounts.php
25 Nov 2021 12:49:37|20|shiji@forstarfoods.com|ProcessorsAccounts.php
25 Nov 2021 12:49:41|20|shiji@forstarfoods.com|ProcessorsAccounts.php
25 Nov 2021 12:49:46|20|shiji@forstarfoods.com|ProcessorsAccounts.php
25 Nov 2021 12:49:48|20|shiji@forstarfoods.com|ProcessorsAccounts.php
25 Nov 2021 12:49:50|20|shiji@forstarfoods.com|ProcessorsAccounts.php
25 Nov 2021 12:49:56|20|shiji@forstarfoods.com|ProcessorsAccounts.php
25 Nov 2021 12:49:58|20|shiji@forstarfoods.com|ProcessorsAccounts.php
25 Nov 2021 12:50:01|20|shiji@forstarfoods.com|ProcessorsAccounts.php
25 Nov 2021 12:50:48|20|shiji@forstarfoods.com|ProcessorsAccounts.php