
16 Jun 2021 11:56:39|20|shiji@forstarfoods.com|DailyCatchEntry_New.php
16 Jun 2021 11:56:39|20|shiji@forstarfoods.com|DailyCatchEntry_New.php
16 Jun 2021 11:56:40|20|shiji@forstarfoods.com|DailyCatchEntry_New.php
16 Jun 2021 11:56:42|20|shiji@forstarfoods.com|DailyCatchEntry_New.php
16 Jun 2021 11:56:43|20|shiji@forstarfoods.com|DailyCatchEntry_New.php
16 Jun 2021 11:56:43|20|shiji@forstarfoods.com|DailyCatchEntry_New.php
16 Jun 2021 11:56:44|20|shiji@forstarfoods.com|DailyCatchEntry_New.php
16 Jun 2021 11:56:45|20|shiji@forstarfoods.com|CatchEntryDeclaredItem.php
16 Jun 2021 11:56:56|20|shiji@forstarfoods.com|DailyCatchEntry_New.php
16 Jun 2021 11:56:57|20|shiji@forstarfoods.com|DailyCatchEntry_New.php
16 Jun 2021 11:57:02|20|shiji@forstarfoods.com|DailyCatchEntry_New.php
16 Jun 2021 11:57:02|20|shiji@forstarfoods.com|DailyCatchEntry_New.php
16 Jun 2021 11:57:03|20|shiji@forstarfoods.com|DailyCatchEntry_New.php
16 Jun 2021 11:57:03|20|shiji@forstarfoods.com|DailyCatchEntry_New.php
16 Jun 2021 11:57:07|20|shiji@forstarfoods.com|DailyCatchEntry_New.php
16 Jun 2021 11:57:07|20|shiji@forstarfoods.com|DailyCatchEntry_New.php
16 Jun 2021 11:57:09|20|shiji@forstarfoods.com|DailyCatchEntry_New.php
16 Jun 2021 11:57:10|20|shiji@forstarfoods.com|DailyCatchEntry_New.php
16 Jun 2021 11:57:11|20|shiji@forstarfoods.com|CatchEntryDeclaredItem.php
16 Jun 2021 11:57:54|20|shiji@forstarfoods.com|DailyCatchEntry_New.php
16 Jun 2021 12:02:54|20|shiji@forstarfoods.com|DailyCatchEntry_New.php
16 Jun 2021 12:04:01|20|shiji@forstarfoods.com|DailyCatchReport.php
16 Jun 2021 12:04:08|20|shiji@forstarfoods.com|DailyCatchReport.php
16 Jun 2021 12:04:12|20|shiji@forstarfoods.com|DailyCatchReport.php
16 Jun 2021 12:04:13|20|shiji@forstarfoods.com|DailyCatchReport.php
16 Jun 2021 12:04:14|20|shiji@forstarfoods.com|DailyCatchReport.php
16 Jun 2021 12:04:37|20|shiji@forstarfoods.com|DailyCatchEntry_New.php
16 Jun 2021 12:04:38|20|shiji@forstarfoods.com|DailyCatchEntry_New.php
16 Jun 2021 12:04:40|20|shiji@forstarfoods.com|DailyCatchEntry_New.php
16 Jun 2021 12:04:40|20|shiji@forstarfoods.com|DailyCatchEntry_New.php
16 Jun 2021 12:04:40|20|shiji@forstarfoods.com|CatchEntryDeclaredItem.php
16 Jun 2021 12:04:40|20|shiji@forstarfoods.com|DailyCatchEntry_New.php
16 Jun 2021 12:04:41|20|shiji@forstarfoods.com|DailyCatchEntry_New.php
16 Jun 2021 12:05:22|20|shiji@forstarfoods.com|DailyCatchEntry_New.php
16 Jun 2021 12:05:22|20|shiji@forstarfoods.com|DailyCatchEntry_New.php
16 Jun 2021 12:05:22|20|shiji@forstarfoods.com|DailyCatchEntry_New.php
16 Jun 2021 12:06:07|20|shiji@forstarfoods.com|DailyCatchEntry_New.php
16 Jun 2021 12:06:20|20|shiji@forstarfoods.com|DailyCatchEntry_New.php
16 Jun 2021 12:06:21|20|shiji@forstarfoods.com|CatchEntryDeclaredItem.php
16 Jun 2021 12:06:28|20|shiji@forstarfoods.com|DailyCatchEntry_New.php
16 Jun 2021 12:06:36|20|shiji@forstarfoods.com|DailyCatchEntry_New.php
16 Jun 2021 12:06:36|20|shiji@forstarfoods.com|CatchEntryDeclaredItem.php
16 Jun 2021 12:06:50|20|shiji@forstarfoods.com|DailyCatchEntry_New.php
16 Jun 2021 12:06:51|20|shiji@forstarfoods.com|DailyCatchEntry_New.php
16 Jun 2021 12:06:51|20|shiji@forstarfoods.com|DailyCatchEntry_New.php
16 Jun 2021 12:06:51|20|shiji@forstarfoods.com|DailyCatchEntry_New.php
16 Jun 2021 12:06:52|20|shiji@forstarfoods.com|DailyCatchEntry_New.php
16 Jun 2021 12:07:05|20|shiji@forstarfoods.com|DailyCatchEntry_New.php
16 Jun 2021 12:07:06|20|shiji@forstarfoods.com|DailyCatchEntry_New.php
16 Jun 2021 12:07:17|20|shiji@forstarfoods.com|DailyCatchEntry_New.php
16 Jun 2021 12:07:20|20|shiji@forstarfoods.com|DailyCatchEntry_New.php
16 Jun 2021 12:07:22|20|shiji@forstarfoods.com|DailyCatchEntry_New.php
16 Jun 2021 12:07:26|20|shiji@forstarfoods.com|DailyCatchEntry_New.php
16 Jun 2021 12:07:26|20|shiji@forstarfoods.com|DailyCatchEntry_New.php
16 Jun 2021 12:07:27|20|shiji@forstarfoods.com|DailyCatchEntry_New.php
16 Jun 2021 12:07:27|20|shiji@forstarfoods.com|DailyCatchEntry_New.php
16 Jun 2021 12:07:30|20|shiji@forstarfoods.com|DailyCatchEntry_New.php
16 Jun 2021 12:07:30|20|shiji@forstarfoods.com|DailyCatchEntry_New.php
16 Jun 2021 12:07:58|20|shiji@forstarfoods.com|DailyCatchEntry_New.php
16 Jun 2021 12:07:59|20|shiji@forstarfoods.com|DailyCatchEntry_New.php
16 Jun 2021 12:08:00|20|shiji@forstarfoods.com|CatchEntryDeclaredItem.php
16 Jun 2021 12:08:09|20|shiji@forstarfoods.com|DailyCatchEntry_New.php
16 Jun 2021 12:08:10|20|shiji@forstarfoods.com|DailyCatchEntry_New.php
16 Jun 2021 12:08:13|20|shiji@forstarfoods.com|DailyCatchEntry_New.php
16 Jun 2021 12:08:13|20|shiji@forstarfoods.com|DailyCatchEntry_New.php
16 Jun 2021 12:08:13|20|shiji@forstarfoods.com|DailyCatchEntry_New.php
16 Jun 2021 12:08:14|20|shiji@forstarfoods.com|DailyCatchEntry_New.php
16 Jun 2021 12:08:18|20|shiji@forstarfoods.com|DailyCatchEntry_New.php
16 Jun 2021 12:08:18|20|shiji@forstarfoods.com|DailyCatchEntry_New.php
16 Jun 2021 12:08:19|20|shiji@forstarfoods.com|DailyCatchEntry_New.php
16 Jun 2021 12:08:20|20|shiji@forstarfoods.com|DailyCatchEntry_New.php
16 Jun 2021 12:08:21|20|shiji@forstarfoods.com|CatchEntryDeclaredItem.php
16 Jun 2021 12:08:30|20|shiji@forstarfoods.com|DailyCatchEntry_New.php
16 Jun 2021 12:08:31|20|shiji@forstarfoods.com|DailyCatchEntry_New.php
16 Jun 2021 12:08:34|20|shiji@forstarfoods.com|DailyCatchEntry_New.php
16 Jun 2021 12:08:34|20|shiji@forstarfoods.com|DailyCatchEntry_New.php
16 Jun 2021 12:08:34|20|shiji@forstarfoods.com|DailyCatchEntry_New.php
16 Jun 2021 12:08:35|20|shiji@forstarfoods.com|DailyCatchEntry_New.php
16 Jun 2021 12:08:36|20|shiji@forstarfoods.com|DailyCatchEntry_New.php
16 Jun 2021 12:08:36|20|shiji@forstarfoods.com|DailyCatchEntry_New.php
16 Jun 2021 12:08:37|20|shiji@forstarfoods.com|DailyCatchEntry_New.php
16 Jun 2021 12:08:38|20|shiji@forstarfoods.com|DailyCatchEntry_New.php
16 Jun 2021 12:08:39|20|shiji@forstarfoods.com|CatchEntryDeclaredItem.php
16 Jun 2021 12:08:50|20|shiji@forstarfoods.com|DailyCatchEntry_New.php
16 Jun 2021 12:08:52|20|shiji@forstarfoods.com|DailyCatchEntry_New.php
16 Jun 2021 12:08:54|20|shiji@forstarfoods.com|DailyCatchEntry_New.php
16 Jun 2021 12:08:55|20|shiji@forstarfoods.com|DailyCatchEntry_New.php
16 Jun 2021 12:08:55|20|shiji@forstarfoods.com|DailyCatchEntry_New.php
16 Jun 2021 12:08:55|20|shiji@forstarfoods.com|DailyCatchEntry_New.php
16 Jun 2021 12:08:56|20|shiji@forstarfoods.com|DailyCatchEntry_New.php
16 Jun 2021 12:08:56|20|shiji@forstarfoods.com|DailyCatchEntry_New.php
16 Jun 2021 12:08:56|20|shiji@forstarfoods.com|DailyCatchEntry_New.php
16 Jun 2021 12:08:56|20|shiji@forstarfoods.com|DailyCatchEntry_New.php
16 Jun 2021 12:08:57|20|shiji@forstarfoods.com|DailyCatchEntry_New.php
16 Jun 2021 12:08:58|20|shiji@forstarfoods.com|DailyCatchEntry_New.php
16 Jun 2021 12:08:58|20|shiji@forstarfoods.com|DailyCatchEntry_New.php
16 Jun 2021 12:08:59|20|shiji@forstarfoods.com|DailyCatchEntry_New.php
16 Jun 2021 12:09:00|20|shiji@forstarfoods.com|CatchEntryDeclaredItem.php
16 Jun 2021 12:09:11|20|shiji@forstarfoods.com|DailyCatchEntry_New.php
16 Jun 2021 12:09:12|20|shiji@forstarfoods.com|DailyCatchEntry_New.php
16 Jun 2021 12:09:16|20|shiji@forstarfoods.com|DailyCatchEntry_New.php
16 Jun 2021 12:09:16|20|shiji@forstarfoods.com|DailyCatchEntry_New.php
16 Jun 2021 12:09:16|20|shiji@forstarfoods.com|DailyCatchEntry_New.php
16 Jun 2021 12:09:16|20|shiji@forstarfoods.com|DailyCatchEntry_New.php
16 Jun 2021 12:09:18|20|shiji@forstarfoods.com|DailyCatchEntry_New.php
16 Jun 2021 12:09:18|20|shiji@forstarfoods.com|DailyCatchEntry_New.php
16 Jun 2021 12:09:18|20|shiji@forstarfoods.com|DailyCatchEntry_New.php
16 Jun 2021 12:09:20|20|shiji@forstarfoods.com|DailyCatchEntry_New.php
16 Jun 2021 12:09:21|20|shiji@forstarfoods.com|CatchEntryDeclaredItem.php
16 Jun 2021 12:09:35|20|shiji@forstarfoods.com|DailyCatchEntry_New.php
16 Jun 2021 12:09:37|20|shiji@forstarfoods.com|DailyCatchEntry_New.php
16 Jun 2021 12:09:40|20|shiji@forstarfoods.com|DailyCatchEntry_New.php
16 Jun 2021 12:09:40|20|shiji@forstarfoods.com|DailyCatchEntry_New.php
16 Jun 2021 12:09:40|20|shiji@forstarfoods.com|DailyCatchEntry_New.php
16 Jun 2021 12:09:42|20|shiji@forstarfoods.com|DailyCatchEntry_New.php
16 Jun 2021 12:09:42|20|shiji@forstarfoods.com|DailyCatchEntry_New.php
16 Jun 2021 12:09:45|20|shiji@forstarfoods.com|DailyCatchEntry_New.php
16 Jun 2021 12:09:46|20|shiji@forstarfoods.com|DailyCatchEntry_New.php
16 Jun 2021 12:09:46|20|shiji@forstarfoods.com|DailyCatchEntry_New.php
16 Jun 2021 12:09:47|20|shiji@forstarfoods.com|DailyCatchEntry_New.php
16 Jun 2021 12:09:49|20|shiji@forstarfoods.com|CatchEntryDeclaredItem.php
16 Jun 2021 12:09:59|20|shiji@forstarfoods.com|DailyCatchEntry_New.php
16 Jun 2021 12:10:01|20|shiji@forstarfoods.com|DailyCatchEntry_New.php
16 Jun 2021 12:10:04|20|shiji@forstarfoods.com|DailyCatchEntry_New.php
16 Jun 2021 12:10:04|20|shiji@forstarfoods.com|DailyCatchEntry_New.php
16 Jun 2021 12:10:04|20|shiji@forstarfoods.com|DailyCatchEntry_New.php
16 Jun 2021 12:10:05|20|shiji@forstarfoods.com|DailyCatchEntry_New.php
16 Jun 2021 12:10:07|20|shiji@forstarfoods.com|DailyCatchEntry_New.php
16 Jun 2021 12:10:07|20|shiji@forstarfoods.com|DailyCatchEntry_New.php
16 Jun 2021 12:10:10|20|shiji@forstarfoods.com|DailyCatchEntry_New.php
16 Jun 2021 12:10:11|20|shiji@forstarfoods.com|DailyCatchEntry_New.php
16 Jun 2021 12:10:12|20|shiji@forstarfoods.com|CatchEntryDeclaredItem.php
16 Jun 2021 12:10:15|20|shiji@forstarfoods.com|DailyCatchSummary.php
16 Jun 2021 12:10:17|20|shiji@forstarfoods.com|DailyCatchSummary.php
16 Jun 2021 12:10:23|20|shiji@forstarfoods.com|DailyCatchSummary.php
16 Jun 2021 12:10:25|20|shiji@forstarfoods.com|DailyCatchSummary.php
16 Jun 2021 12:10:30|20|shiji@forstarfoods.com|DailyCatchSummary.php
16 Jun 2021 12:10:33|20|shiji@forstarfoods.com|DailyCatchSummary.php
16 Jun 2021 12:11:00|20|shiji@forstarfoods.com|DailyCatchEntry_New.php
16 Jun 2021 12:11:03|20|shiji@forstarfoods.com|DailyCatchEntry_New.php
16 Jun 2021 12:11:04|20|shiji@forstarfoods.com|DailyCatchEntry_New.php
16 Jun 2021 12:11:04|20|shiji@forstarfoods.com|DailyCatchEntry_New.php
16 Jun 2021 12:11:04|20|shiji@forstarfoods.com|DailyCatchEntry_New.php
16 Jun 2021 12:11:05|20|shiji@forstarfoods.com|CatchEntryDeclaredItem.php
16 Jun 2021 12:11:05|20|shiji@forstarfoods.com|DailyCatchEntry_New.php
16 Jun 2021 12:11:11|20|shiji@forstarfoods.com|DailyCatchEntry_New.php
16 Jun 2021 12:11:11|20|shiji@forstarfoods.com|DailyCatchEntry_New.php
16 Jun 2021 12:11:11|20|shiji@forstarfoods.com|DailyCatchEntry_New.php
16 Jun 2021 12:11:12|20|shiji@forstarfoods.com|DailyCatchEntry_New.php
16 Jun 2021 12:11:12|20|shiji@forstarfoods.com|DailyCatchEntry_New.php
16 Jun 2021 12:11:14|20|shiji@forstarfoods.com|DailyCatchEntry_New.php
16 Jun 2021 12:11:14|20|shiji@forstarfoods.com|DailyCatchEntry_New.php
16 Jun 2021 12:11:14|20|shiji@forstarfoods.com|DailyCatchEntry_New.php
16 Jun 2021 12:11:30|20|shiji@forstarfoods.com|DailyCatchEntry_New.php
16 Jun 2021 12:11:36|20|shiji@forstarfoods.com|DailyCatchEntry_New.php
16 Jun 2021 12:11:36|20|shiji@forstarfoods.com|CatchEntryDeclaredItem.php
16 Jun 2021 12:12:03|20|shiji@forstarfoods.com|DailyCatchEntry_New.php
16 Jun 2021 12:12:03|20|shiji@forstarfoods.com|DailyCatchEntry_New.php
16 Jun 2021 12:12:04|20|shiji@forstarfoods.com|DailyCatchEntry_New.php
16 Jun 2021 12:12:04|20|shiji@forstarfoods.com|DailyCatchEntry_New.php
16 Jun 2021 12:12:04|20|shiji@forstarfoods.com|DailyCatchEntry_New.php
16 Jun 2021 12:12:04|20|shiji@forstarfoods.com|DailyCatchEntry_New.php
16 Jun 2021 12:12:14|20|shiji@forstarfoods.com|DailyCatchEntry_New.php
16 Jun 2021 12:12:15|20|shiji@forstarfoods.com|DailyCatchEntry_New.php
16 Jun 2021 12:12:15|20|shiji@forstarfoods.com|DailyCatchEntry_New.php
16 Jun 2021 12:12:15|20|shiji@forstarfoods.com|DailyCatchEntry_New.php
16 Jun 2021 12:12:16|20|shiji@forstarfoods.com|DailyCatchEntry_New.php
16 Jun 2021 12:12:16|20|shiji@forstarfoods.com|DailyCatchEntry_New.php
16 Jun 2021 12:12:19|20|shiji@forstarfoods.com|DailyCatchEntry_New.php
16 Jun 2021 12:12:20|20|shiji@forstarfoods.com|DailyCatchEntry_New.php
16 Jun 2021 12:12:21|20|shiji@forstarfoods.com|DailyCatchEntry_New.php
16 Jun 2021 12:12:21|20|shiji@forstarfoods.com|DailyCatchEntry_New.php
16 Jun 2021 12:12:21|20|shiji@forstarfoods.com|DailyCatchEntry_New.php
16 Jun 2021 12:12:22|20|shiji@forstarfoods.com|DailyCatchEntry_New.php
16 Jun 2021 12:12:35|20|shiji@forstarfoods.com|DailyCatchEntry_New.php
16 Jun 2021 12:12:40|20|shiji@forstarfoods.com|DailyCatchEntry_New.php
16 Jun 2021 12:12:42|20|shiji@forstarfoods.com|DailyCatchEntry_New.php
16 Jun 2021 12:12:47|20|shiji@forstarfoods.com|DailyCatchEntry_New.php
16 Jun 2021 12:12:47|20|shiji@forstarfoods.com|DailyCatchEntry_New.php
16 Jun 2021 12:12:47|20|shiji@forstarfoods.com|DailyCatchEntry_New.php
16 Jun 2021 12:12:48|20|shiji@forstarfoods.com|DailyCatchEntry_New.php
16 Jun 2021 12:12:49|20|shiji@forstarfoods.com|DailyCatchEntry_New.php
16 Jun 2021 12:12:49|20|shiji@forstarfoods.com|DailyCatchEntry_New.php
16 Jun 2021 12:13:00|20|shiji@forstarfoods.com|DailyCatchEntry_New.php
16 Jun 2021 12:13:01|20|shiji@forstarfoods.com|DailyCatchEntry_New.php
16 Jun 2021 12:13:02|20|shiji@forstarfoods.com|CatchEntryDeclaredItem.php
16 Jun 2021 12:13:13|20|shiji@forstarfoods.com|DailyCatchEntry_New.php
16 Jun 2021 12:13:16|20|shiji@forstarfoods.com|DailyCatchEntry_New.php
16 Jun 2021 12:13:18|20|shiji@forstarfoods.com|DailyCatchEntry_New.php
16 Jun 2021 12:13:19|20|shiji@forstarfoods.com|DailyCatchEntry_New.php
16 Jun 2021 12:13:19|20|shiji@forstarfoods.com|DailyCatchEntry_New.php
16 Jun 2021 12:13:19|20|shiji@forstarfoods.com|DailyCatchEntry_New.php
16 Jun 2021 12:13:53|20|shiji@forstarfoods.com|DailyCatchEntry_New.php
16 Jun 2021 12:13:53|20|shiji@forstarfoods.com|DailyCatchEntry_New.php
16 Jun 2021 12:13:53|20|shiji@forstarfoods.com|DailyCatchEntry_New.php
16 Jun 2021 12:13:54|20|shiji@forstarfoods.com|DailyCatchEntry_New.php
16 Jun 2021 12:13:56|20|shiji@forstarfoods.com|DailyCatchEntry_New.php
16 Jun 2021 12:13:56|20|shiji@forstarfoods.com|DailyCatchEntry_New.php
16 Jun 2021 12:14:27|20|shiji@forstarfoods.com|DailyCatchEntry_New.php
16 Jun 2021 12:14:29|20|shiji@forstarfoods.com|DailyCatchEntry_New.php
16 Jun 2021 12:14:29|20|shiji@forstarfoods.com|DailyCatchEntry_New.php
16 Jun 2021 12:14:39|20|shiji@forstarfoods.com|DailyCatchEntry_New.php
16 Jun 2021 12:14:39|20|shiji@forstarfoods.com|DailyCatchEntry_New.php
16 Jun 2021 12:14:40|20|shiji@forstarfoods.com|DailyCatchEntry_New.php
16 Jun 2021 12:15:02|20|shiji@forstarfoods.com|DailyCatchEntry_New.php
16 Jun 2021 12:15:06|20|shiji@forstarfoods.com|DailyCatchEntry_New.php
16 Jun 2021 12:15:06|20|shiji@forstarfoods.com|DailyCatchEntry_New.php
16 Jun 2021 12:15:06|20|shiji@forstarfoods.com|CatchEntryDeclaredItem.php
16 Jun 2021 12:15:07|20|shiji@forstarfoods.com|DailyCatchEntry_New.php
16 Jun 2021 12:15:07|20|shiji@forstarfoods.com|CatchEntryDeclaredItem.php
16 Jun 2021 12:15:29|20|shiji@forstarfoods.com|DailyCatchEntry_New.php
16 Jun 2021 12:15:30|20|shiji@forstarfoods.com|DailyCatchEntry_New.php
16 Jun 2021 12:15:31|20|shiji@forstarfoods.com|CatchEntryDeclaredItem.php
16 Jun 2021 12:15:46|20|shiji@forstarfoods.com|DailyCatchEntry_New.php
16 Jun 2021 12:15:48|20|shiji@forstarfoods.com|DailyCatchEntry_New.php
16 Jun 2021 12:16:00|20|shiji@forstarfoods.com|DailyCatchEntry_New.php
16 Jun 2021 12:16:02|20|shiji@forstarfoods.com|DailyCatchEntry_New.php
16 Jun 2021 12:16:03|20|shiji@forstarfoods.com|CatchEntryDeclaredItem.php
16 Jun 2021 12:16:12|20|shiji@forstarfoods.com|DailyCatchEntry_New.php
16 Jun 2021 12:16:14|20|shiji@forstarfoods.com|DailyCatchEntry_New.php
16 Jun 2021 12:16:36|20|shiji@forstarfoods.com|DailyCatchEntry_New.php
16 Jun 2021 12:16:37|20|shiji@forstarfoods.com|DailyCatchEntry_New.php
16 Jun 2021 12:16:38|20|shiji@forstarfoods.com|CatchEntryDeclaredItem.php
16 Jun 2021 12:16:48|20|shiji@forstarfoods.com|DailyCatchEntry_New.php
16 Jun 2021 12:16:49|20|shiji@forstarfoods.com|DailyCatchEntry_New.php
16 Jun 2021 12:16:56|20|shiji@forstarfoods.com|DailyCatchEntry_New.php
16 Jun 2021 12:17:01|20|shiji@forstarfoods.com|DailyCatchEntry_New.php
16 Jun 2021 12:17:08|20|shiji@forstarfoods.com|DailyCatchEntry_New.php
16 Jun 2021 12:18:30|20|shiji@forstarfoods.com|DailyCatchEntry_New.php
16 Jun 2021 12:18:31|20|shiji@forstarfoods.com|DailyCatchEntry_New.php
16 Jun 2021 12:18:31|20|shiji@forstarfoods.com|DailyCatchEntry_New.php
16 Jun 2021 12:18:32|20|shiji@forstarfoods.com|DailyCatchEntry_New.php
16 Jun 2021 12:18:32|20|shiji@forstarfoods.com|CatchEntryDeclaredItem.php
16 Jun 2021 12:18:32|20|shiji@forstarfoods.com|DailyCatchEntry_New.php
16 Jun 2021 12:18:34|20|shiji@forstarfoods.com|DailyCatchEntry_New.php
16 Jun 2021 12:18:35|20|shiji@forstarfoods.com|DailyCatchEntry_New.php
16 Jun 2021 12:18:35|20|shiji@forstarfoods.com|DailyCatchEntry_New.php
16 Jun 2021 12:18:35|20|shiji@forstarfoods.com|DailyCatchEntry_New.php
16 Jun 2021 12:18:36|20|shiji@forstarfoods.com|DailyCatchEntry_New.php
16 Jun 2021 12:18:37|20|shiji@forstarfoods.com|DailyCatchEntry_New.php
16 Jun 2021 12:18:37|20|shiji@forstarfoods.com|DailyCatchEntry_New.php
16 Jun 2021 12:18:37|20|shiji@forstarfoods.com|DailyCatchEntry_New.php
16 Jun 2021 12:18:45|20|shiji@forstarfoods.com|DailyCatchEntry_New.php
16 Jun 2021 12:18:49|20|shiji@forstarfoods.com|DailyCatchEntry_New.php
16 Jun 2021 12:18:50|20|shiji@forstarfoods.com|CatchEntryDeclaredItem.php
16 Jun 2021 12:19:14|20|shiji@forstarfoods.com|DailyCatchEntry_New.php
16 Jun 2021 12:19:15|20|shiji@forstarfoods.com|DailyCatchEntry_New.php
16 Jun 2021 12:19:15|20|shiji@forstarfoods.com|DailyCatchEntry_New.php
16 Jun 2021 12:19:15|20|shiji@forstarfoods.com|DailyCatchEntry_New.php
16 Jun 2021 12:19:16|20|shiji@forstarfoods.com|DailyCatchEntry_New.php
16 Jun 2021 12:19:21|20|shiji@forstarfoods.com|DailyCatchEntry_New.php
16 Jun 2021 12:19:21|20|shiji@forstarfoods.com|DailyCatchEntry_New.php
16 Jun 2021 12:19:21|20|shiji@forstarfoods.com|DailyCatchEntry_New.php
16 Jun 2021 12:19:22|20|shiji@forstarfoods.com|DailyCatchEntry_New.php
16 Jun 2021 12:19:22|20|shiji@forstarfoods.com|DailyCatchEntry_New.php
16 Jun 2021 12:19:22|20|shiji@forstarfoods.com|DailyCatchEntry_New.php
16 Jun 2021 12:19:36|20|shiji@forstarfoods.com|DailyCatchEntry_New.php
16 Jun 2021 12:19:39|20|shiji@forstarfoods.com|DailyCatchEntry_New.php
16 Jun 2021 12:19:41|20|shiji@forstarfoods.com|DailyCatchEntry_New.php
16 Jun 2021 12:20:32|20|shiji@forstarfoods.com|DailyCatchEntry_New.php
16 Jun 2021 12:20:32|20|shiji@forstarfoods.com|DailyCatchEntry_New.php
16 Jun 2021 12:20:33|20|shiji@forstarfoods.com|DailyCatchEntry_New.php
16 Jun 2021 12:20:33|20|shiji@forstarfoods.com|DailyCatchEntry_New.php
16 Jun 2021 12:20:34|20|shiji@forstarfoods.com|DailyCatchEntry_New.php
16 Jun 2021 12:20:35|20|shiji@forstarfoods.com|DailyCatchEntry_New.php
16 Jun 2021 12:20:43|20|shiji@forstarfoods.com|DailyCatchEntry_New.php
16 Jun 2021 12:20:45|20|shiji@forstarfoods.com|DailyCatchEntry_New.php
16 Jun 2021 12:20:46|20|shiji@forstarfoods.com|CatchEntryDeclaredItem.php
16 Jun 2021 12:20:54|20|shiji@forstarfoods.com|DailyCatchEntry_New.php
16 Jun 2021 12:20:56|20|shiji@forstarfoods.com|DailyCatchEntry_New.php
16 Jun 2021 12:20:58|20|shiji@forstarfoods.com|DailyCatchEntry_New.php
16 Jun 2021 12:20:58|20|shiji@forstarfoods.com|DailyCatchEntry_New.php
16 Jun 2021 12:20:59|20|shiji@forstarfoods.com|DailyCatchEntry_New.php
16 Jun 2021 12:20:59|20|shiji@forstarfoods.com|DailyCatchEntry_New.php
16 Jun 2021 12:21:03|20|shiji@forstarfoods.com|DailyCatchEntry_New.php
16 Jun 2021 12:21:03|20|shiji@forstarfoods.com|DailyCatchEntry_New.php
16 Jun 2021 12:21:03|20|shiji@forstarfoods.com|DailyCatchEntry_New.php
16 Jun 2021 12:21:05|20|shiji@forstarfoods.com|DailyCatchEntry_New.php
16 Jun 2021 12:21:06|20|shiji@forstarfoods.com|CatchEntryDeclaredItem.php
16 Jun 2021 12:21:16|20|shiji@forstarfoods.com|DailyCatchEntry_New.php
16 Jun 2021 12:21:18|20|shiji@forstarfoods.com|DailyCatchEntry_New.php
16 Jun 2021 12:21:24|20|shiji@forstarfoods.com|DailyCatchEntry_New.php
16 Jun 2021 12:21:24|20|shiji@forstarfoods.com|DailyCatchEntry_New.php
16 Jun 2021 12:21:24|20|shiji@forstarfoods.com|DailyCatchEntry_New.php
16 Jun 2021 12:21:25|20|shiji@forstarfoods.com|DailyCatchEntry_New.php
16 Jun 2021 12:21:27|20|shiji@forstarfoods.com|DailyCatchEntry_New.php
16 Jun 2021 12:21:27|20|shiji@forstarfoods.com|DailyCatchEntry_New.php
16 Jun 2021 12:21:28|20|shiji@forstarfoods.com|DailyCatchEntry_New.php
16 Jun 2021 12:21:29|20|shiji@forstarfoods.com|DailyCatchEntry_New.php
16 Jun 2021 12:21:30|20|shiji@forstarfoods.com|CatchEntryDeclaredItem.php
16 Jun 2021 12:21:45|20|shiji@forstarfoods.com|DailyCatchEntry_New.php
16 Jun 2021 12:21:46|20|shiji@forstarfoods.com|DailyCatchEntry_New.php
16 Jun 2021 12:21:49|20|shiji@forstarfoods.com|DailyCatchEntry_New.php
16 Jun 2021 12:21:49|20|shiji@forstarfoods.com|DailyCatchEntry_New.php
16 Jun 2021 12:21:49|20|shiji@forstarfoods.com|DailyCatchEntry_New.php
16 Jun 2021 12:21:50|20|shiji@forstarfoods.com|DailyCatchEntry_New.php
16 Jun 2021 12:21:55|20|shiji@forstarfoods.com|DailyCatchEntry_New.php
16 Jun 2021 12:21:55|20|shiji@forstarfoods.com|DailyCatchEntry_New.php
16 Jun 2021 12:21:56|20|shiji@forstarfoods.com|DailyCatchEntry_New.php
16 Jun 2021 12:21:57|20|shiji@forstarfoods.com|DailyCatchEntry_New.php
16 Jun 2021 12:21:58|20|shiji@forstarfoods.com|CatchEntryDeclaredItem.php
16 Jun 2021 12:22:06|20|shiji@forstarfoods.com|DailyCatchEntry_New.php
16 Jun 2021 12:22:07|20|shiji@forstarfoods.com|DailyCatchEntry_New.php
16 Jun 2021 12:22:16|20|shiji@forstarfoods.com|DailyCatchEntry_New.php
16 Jun 2021 12:22:16|20|shiji@forstarfoods.com|DailyCatchEntry_New.php
16 Jun 2021 12:22:16|20|shiji@forstarfoods.com|DailyCatchEntry_New.php
16 Jun 2021 12:22:17|20|shiji@forstarfoods.com|DailyCatchEntry_New.php
16 Jun 2021 12:22:18|20|shiji@forstarfoods.com|DailyCatchEntry_New.php
16 Jun 2021 12:22:18|20|shiji@forstarfoods.com|DailyCatchEntry_New.php
16 Jun 2021 12:22:18|20|shiji@forstarfoods.com|DailyCatchEntry_New.php
16 Jun 2021 12:22:20|20|shiji@forstarfoods.com|DailyCatchEntry_New.php
16 Jun 2021 12:22:21|20|shiji@forstarfoods.com|CatchEntryDeclaredItem.php
16 Jun 2021 12:23:29|29|kavitha@forstarfoods.com|Home.php
16 Jun 2021 12:23:31|20|shiji@forstarfoods.com|DailyCatchEntry_New.php
16 Jun 2021 12:23:36|29|kavitha@forstarfoods.com|DailyCatchReport.php
16 Jun 2021 12:23:52|29|kavitha@forstarfoods.com|DailyCatchReport.php
16 Jun 2021 12:23:55|29|kavitha@forstarfoods.com|DailyCatchReport.php
16 Jun 2021 12:23:59|29|kavitha@forstarfoods.com|DailyCatchReport.php
16 Jun 2021 12:24:00|29|kavitha@forstarfoods.com|DailyCatchReport.php
16 Jun 2021 12:24:00|29|kavitha@forstarfoods.com|DailyCatchReport.php
16 Jun 2021 12:24:29|29|kavitha@forstarfoods.com|PurchaseReport.php
16 Jun 2021 12:24:38|29|kavitha@forstarfoods.com|PurchaseReport.php
16 Jun 2021 12:24:49|29|kavitha@forstarfoods.com|PrintPurchaseSettlementMemo.php
16 Jun 2021 12:24:59|29|kavitha@forstarfoods.com|PrintPurchaseSettlementMemo.php
16 Jun 2021 12:25:17|29|kavitha@forstarfoods.com|PurchaseReport.php
16 Jun 2021 12:25:26|29|kavitha@forstarfoods.com|PrintPurchaseSettlementMemo.php
16 Jun 2021 12:25:31|29|kavitha@forstarfoods.com|PrintPurchaseSettlementMemo.php
16 Jun 2021 12:25:51|29|kavitha@forstarfoods.com|PurchaseReport.php
16 Jun 2021 12:26:02|29|kavitha@forstarfoods.com|PrintPurchaseSettlementMemo.php
16 Jun 2021 12:26:07|29|kavitha@forstarfoods.com|PrintPurchaseSettlementMemo.php
16 Jun 2021 12:26:20|29|kavitha@forstarfoods.com|PurchaseReport.php
16 Jun 2021 12:26:33|29|kavitha@forstarfoods.com|PrintPurchaseSettlementMemo.php
16 Jun 2021 12:26:39|29|kavitha@forstarfoods.com|PrintPurchaseSettlementMemo.php
16 Jun 2021 12:28:31|20|shiji@forstarfoods.com|DailyCatchEntry_New.php
16 Jun 2021 12:33:32|20|shiji@forstarfoods.com|DailyCatchEntry_New.php
16 Jun 2021 12:38:32|20|shiji@forstarfoods.com|DailyCatchEntry_New.php
16 Jun 2021 12:43:20|20|shiji@forstarfoods.com|DailyCatchEntry_New.php
16 Jun 2021 12:43:23|20|shiji@forstarfoods.com|DailyCatchReport.php
16 Jun 2021 12:43:31|20|shiji@forstarfoods.com|DailyCatchReport.php
16 Jun 2021 12:43:34|20|shiji@forstarfoods.com|DailyCatchReport.php
16 Jun 2021 12:43:35|20|shiji@forstarfoods.com|DailyCatchReport.php
16 Jun 2021 12:43:35|20|shiji@forstarfoods.com|DailyCatchReport.php
16 Jun 2021 12:43:38|20|shiji@forstarfoods.com|PrintDailyCatchReportMemo.php
16 Jun 2021 12:46:59|20|shiji@forstarfoods.com|PrintDailyCatchReportMemo.php
16 Jun 2021 12:54:48|20|shiji@forstarfoods.com|PrintDailyCatchReportMemo.php
16 Jun 2021 14:28:23|20|shiji@forstarfoods.com|Home.php
16 Jun 2021 14:28:34|20|shiji@forstarfoods.com|DailyCatchReport.php
16 Jun 2021 14:28:41|20|shiji@forstarfoods.com|DailyCatchSummary.php
16 Jun 2021 14:28:42|20|shiji@forstarfoods.com|DailyCatchSummary.php
16 Jun 2021 14:28:47|20|shiji@forstarfoods.com|DailyCatchSummary.php
16 Jun 2021 14:28:49|20|shiji@forstarfoods.com|DailyCatchSummary.php
16 Jun 2021 14:28:54|20|shiji@forstarfoods.com|DailyCatchSummary.php
16 Jun 2021 14:28:59|20|shiji@forstarfoods.com|DailyCatchSummary.php
16 Jun 2021 14:30:49|20|shiji@forstarfoods.com|DailyCatchReport.php
16 Jun 2021 14:31:01|20|shiji@forstarfoods.com|DailyCatchReport.php
16 Jun 2021 14:31:07|20|shiji@forstarfoods.com|DailyCatchReport.php
16 Jun 2021 14:31:08|20|shiji@forstarfoods.com|DailyCatchReport.php
16 Jun 2021 14:31:09|20|shiji@forstarfoods.com|DailyCatchReport.php
16 Jun 2021 14:31:09|20|shiji@forstarfoods.com|DailyCatchReport.php
16 Jun 2021 14:31:14|20|shiji@forstarfoods.com|PrintDailyCatchReportMemo.php
16 Jun 2021 15:45:57|20|shiji@forstarfoods.com|DailyCatchReport.php
16 Jun 2021 15:45:57|20|shiji@forstarfoods.com|DailyCatchReport.php
16 Jun 2021 15:45:58|20|shiji@forstarfoods.com|DailyCatchReport.php
16 Jun 2021 15:45:59|20|shiji@forstarfoods.com|DailyCatchReport.php
16 Jun 2021 15:46:00|20|shiji@forstarfoods.com|DailyCatchReport.php
16 Jun 2021 15:46:01|20|shiji@forstarfoods.com|DailyCatchReport.php
16 Jun 2021 15:46:02|20|shiji@forstarfoods.com|DailyCatchReport.php
16 Jun 2021 15:46:04|20|shiji@forstarfoods.com|PrintDailyCatchReportMemo.php
16 Jun 2021 15:50:13|20|shiji@forstarfoods.com|DailyCatchEntry_New.php
16 Jun 2021 15:50:17|20|shiji@forstarfoods.com|DailyCatchEntry_New.php
16 Jun 2021 15:50:17|20|shiji@forstarfoods.com|DailyCatchEntry_New.php
16 Jun 2021 15:50:17|20|shiji@forstarfoods.com|DailyCatchEntry_New.php
16 Jun 2021 15:50:18|20|shiji@forstarfoods.com|DailyCatchEntry_New.php
16 Jun 2021 15:50:19|20|shiji@forstarfoods.com|DailyCatchEntry_New.php
16 Jun 2021 15:50:19|20|shiji@forstarfoods.com|DailyCatchEntry_New.php
16 Jun 2021 15:50:22|20|shiji@forstarfoods.com|DailyCatchEntry_New.php
16 Jun 2021 15:50:22|20|shiji@forstarfoods.com|DailyCatchEntry_New.php
16 Jun 2021 15:50:23|20|shiji@forstarfoods.com|DailyCatchEntry_New.php
16 Jun 2021 15:50:26|20|shiji@forstarfoods.com|DailyCatchEntry_New.php
16 Jun 2021 15:50:29|20|shiji@forstarfoods.com|DailyCatchEntry_New.php
16 Jun 2021 15:50:29|20|shiji@forstarfoods.com|DailyCatchEntry_New.php
16 Jun 2021 15:50:30|20|shiji@forstarfoods.com|CatchEntryDeclaredItem.php
16 Jun 2021 15:50:30|20|shiji@forstarfoods.com|DailyCatchEntry_New.php
16 Jun 2021 15:50:30|20|shiji@forstarfoods.com|CatchEntryDeclaredItem.php
16 Jun 2021 15:50:54|20|shiji@forstarfoods.com|DailyCatchEntry_New.php
16 Jun 2021 15:50:56|20|shiji@forstarfoods.com|DailyCatchEntry_New.php
16 Jun 2021 15:50:57|20|shiji@forstarfoods.com|CatchEntryDeclaredItem.php
16 Jun 2021 15:51:09|20|shiji@forstarfoods.com|DailyCatchEntry_New.php
16 Jun 2021 15:51:10|20|shiji@forstarfoods.com|DailyCatchEntry_New.php
16 Jun 2021 15:51:19|20|shiji@forstarfoods.com|DailyCatchEntry_New.php
16 Jun 2021 15:51:21|20|shiji@forstarfoods.com|DailyCatchEntry_New.php
16 Jun 2021 15:51:22|20|shiji@forstarfoods.com|CatchEntryDeclaredItem.php
16 Jun 2021 15:51:33|20|shiji@forstarfoods.com|DailyCatchEntry_New.php
16 Jun 2021 15:51:34|20|shiji@forstarfoods.com|DailyCatchEntry_New.php
16 Jun 2021 15:51:50|20|shiji@forstarfoods.com|DailyCatchEntry_New.php
16 Jun 2021 15:51:51|20|shiji@forstarfoods.com|DailyCatchEntry_New.php
16 Jun 2021 15:51:53|20|shiji@forstarfoods.com|DailyCatchEntry_New.php
16 Jun 2021 15:52:12|20|shiji@forstarfoods.com|DailyCatchReport.php
16 Jun 2021 15:52:21|20|shiji@forstarfoods.com|DailyCatchReport.php
16 Jun 2021 15:52:24|20|shiji@forstarfoods.com|DailyCatchReport.php
16 Jun 2021 15:52:25|20|shiji@forstarfoods.com|DailyCatchReport.php
16 Jun 2021 15:52:26|20|shiji@forstarfoods.com|DailyCatchReport.php
16 Jun 2021 15:52:28|20|shiji@forstarfoods.com|DailyCatchReport.php
16 Jun 2021 15:52:29|20|shiji@forstarfoods.com|DailyCatchReport.php
16 Jun 2021 15:52:29|20|shiji@forstarfoods.com|DailyCatchReport.php
16 Jun 2021 15:52:32|20|shiji@forstarfoods.com|PrintDailyCatchReportMemo.php
16 Jun 2021 15:52:58|20|shiji@forstarfoods.com|PrintDailyCatchReportMemo.php
16 Jun 2021 15:53:26|20|shiji@forstarfoods.com|DailyCatchReport.php
16 Jun 2021 15:53:27|20|shiji@forstarfoods.com|DailyCatchReport.php
16 Jun 2021 15:53:27|20|shiji@forstarfoods.com|DailyCatchReport.php
16 Jun 2021 15:53:44|20|shiji@forstarfoods.com|DailyCatchReport.php
16 Jun 2021 15:53:45|20|shiji@forstarfoods.com|DailyCatchReport.php
16 Jun 2021 15:53:46|20|shiji@forstarfoods.com|DailyCatchReport.php
16 Jun 2021 15:53:48|20|shiji@forstarfoods.com|DailyCatchReport.php
16 Jun 2021 15:53:48|20|shiji@forstarfoods.com|DailyCatchReport.php
16 Jun 2021 15:53:50|20|shiji@forstarfoods.com|PrintDailyCatchReportMemo.php
16 Jun 2021 15:57:43|20|shiji@forstarfoods.com|PrintDailyCatchReportMemo.php
16 Jun 2021 16:10:25|20|shiji@forstarfoods.com|DailyCatchReport.php
16 Jun 2021 16:10:26|20|shiji@forstarfoods.com|DailyCatchReport.php
16 Jun 2021 16:10:27|20|shiji@forstarfoods.com|DailyCatchReport.php
16 Jun 2021 16:10:30|20|shiji@forstarfoods.com|SupplierAccount.php
16 Jun 2021 16:10:59|20|shiji@forstarfoods.com|SupplierAccount.php
16 Jun 2021 16:11:03|20|shiji@forstarfoods.com|SupplierAccount.php
16 Jun 2021 16:11:20|20|shiji@forstarfoods.com|SupplierAccount.php
16 Jun 2021 16:11:25|20|shiji@forstarfoods.com|SupplierAccount.php
16 Jun 2021 16:14:20|20|shiji@forstarfoods.com|SupplierAccount.php
16 Jun 2021 16:14:24|20|shiji@forstarfoods.com|SupplierAccount.php
16 Jun 2021 16:14:27|20|shiji@forstarfoods.com|SupplierAccount.php
16 Jun 2021 16:14:51|20|shiji@forstarfoods.com|SupplierAccount.php
16 Jun 2021 16:16:51|20|shiji@forstarfoods.com|DailyCatchReport.php
16 Jun 2021 16:18:38|20|shiji@forstarfoods.com|SupplierAccount.php
16 Jun 2021 16:18:47|20|shiji@forstarfoods.com|SupplierAccount.php
16 Jun 2021 16:18:50|20|shiji@forstarfoods.com|SupplierAccount.php
16 Jun 2021 16:18:53|20|shiji@forstarfoods.com|SupplierAccount.php
16 Jun 2021 16:19:05|20|shiji@forstarfoods.com|SupplierAccount.php
16 Jun 2021 16:19:07|20|shiji@forstarfoods.com|SupplierAccount.php
16 Jun 2021 16:19:39|20|shiji@forstarfoods.com|SupplierAccount.php
16 Jun 2021 16:30:40|20|shiji@forstarfoods.com|DailyCatchEntry_New.php
16 Jun 2021 16:30:42|20|shiji@forstarfoods.com|DailyCatchEntry_New.php
16 Jun 2021 16:30:43|20|shiji@forstarfoods.com|DailyCatchEntry_New.php
16 Jun 2021 16:30:43|20|shiji@forstarfoods.com|DailyCatchEntry_New.php
16 Jun 2021 16:30:44|20|shiji@forstarfoods.com|DailyCatchEntry_New.php
16 Jun 2021 16:30:44|20|shiji@forstarfoods.com|CatchEntryDeclaredItem.php
16 Jun 2021 16:30:44|20|shiji@forstarfoods.com|DailyCatchEntry_New.php
16 Jun 2021 16:31:34|20|shiji@forstarfoods.com|DailyCatchEntry_New.php
16 Jun 2021 16:31:35|20|shiji@forstarfoods.com|DailyCatchEntry_New.php
16 Jun 2021 16:31:35|20|shiji@forstarfoods.com|DailyCatchEntry_New.php
16 Jun 2021 16:31:35|20|shiji@forstarfoods.com|DailyCatchEntry_New.php
16 Jun 2021 16:31:36|20|shiji@forstarfoods.com|DailyCatchEntry_New.php
16 Jun 2021 16:31:41|20|shiji@forstarfoods.com|DailyCatchEntry_New.php
16 Jun 2021 16:31:42|20|shiji@forstarfoods.com|DailyCatchEntry_New.php
16 Jun 2021 16:31:42|20|shiji@forstarfoods.com|DailyCatchEntry_New.php
16 Jun 2021 16:32:01|20|shiji@forstarfoods.com|DailyCatchEntry_New.php
16 Jun 2021 16:32:05|20|shiji@forstarfoods.com|DailyCatchEntry_New.php
16 Jun 2021 16:32:05|20|shiji@forstarfoods.com|CatchEntryDeclaredItem.php
16 Jun 2021 16:32:40|20|shiji@forstarfoods.com|DailyCatchEntry_New.php
16 Jun 2021 16:32:44|20|shiji@forstarfoods.com|DailyCatchEntry_New.php
16 Jun 2021 16:32:45|20|shiji@forstarfoods.com|DailyCatchEntry_New.php
16 Jun 2021 16:32:55|20|shiji@forstarfoods.com|DailyCatchEntry_New.php
16 Jun 2021 16:32:55|20|shiji@forstarfoods.com|DailyCatchEntry_New.php
16 Jun 2021 16:32:55|20|shiji@forstarfoods.com|DailyCatchEntry_New.php
16 Jun 2021 16:32:56|20|shiji@forstarfoods.com|DailyCatchEntry_New.php
16 Jun 2021 16:32:57|20|shiji@forstarfoods.com|DailyCatchEntry_New.php
16 Jun 2021 16:32:57|20|shiji@forstarfoods.com|DailyCatchEntry_New.php
16 Jun 2021 16:35:26|20|shiji@forstarfoods.com|DailyCatchEntry_New.php
16 Jun 2021 16:35:27|20|shiji@forstarfoods.com|DailyCatchEntry_New.php
16 Jun 2021 16:35:28|20|shiji@forstarfoods.com|CatchEntryDeclaredItem.php
16 Jun 2021 16:35:39|20|shiji@forstarfoods.com|DailyCatchEntry_New.php
16 Jun 2021 16:35:40|20|shiji@forstarfoods.com|DailyCatchEntry_New.php
16 Jun 2021 16:35:43|20|shiji@forstarfoods.com|DailyCatchEntry_New.php
16 Jun 2021 16:35:43|20|shiji@forstarfoods.com|DailyCatchEntry_New.php
16 Jun 2021 16:35:43|20|shiji@forstarfoods.com|DailyCatchEntry_New.php
16 Jun 2021 16:35:44|20|shiji@forstarfoods.com|DailyCatchEntry_New.php
16 Jun 2021 16:35:44|20|shiji@forstarfoods.com|DailyCatchEntry_New.php
16 Jun 2021 16:35:47|20|shiji@forstarfoods.com|DailyCatchEntry_New.php
16 Jun 2021 16:35:48|20|shiji@forstarfoods.com|DailyCatchEntry_New.php
16 Jun 2021 16:35:51|20|shiji@forstarfoods.com|DailyCatchEntry_New.php
16 Jun 2021 16:35:51|20|shiji@forstarfoods.com|DailyCatchEntry_New.php
16 Jun 2021 16:35:52|20|shiji@forstarfoods.com|DailyCatchEntry_New.php
16 Jun 2021 16:35:53|20|shiji@forstarfoods.com|DailyCatchEntry_New.php
16 Jun 2021 16:35:54|20|shiji@forstarfoods.com|CatchEntryDeclaredItem.php
16 Jun 2021 16:36:01|20|shiji@forstarfoods.com|DailyCatchEntry_New.php
16 Jun 2021 16:36:02|20|shiji@forstarfoods.com|DailyCatchEntry_New.php
16 Jun 2021 16:36:02|20|shiji@forstarfoods.com|DailyCatchEntry_New.php
16 Jun 2021 16:37:27|20|shiji@forstarfoods.com|DailyCatchEntry_New.php
16 Jun 2021 16:37:31|20|shiji@forstarfoods.com|DailyCatchEntry_New.php
16 Jun 2021 16:37:31|20|shiji@forstarfoods.com|CatchEntryDeclaredItem.php
16 Jun 2021 16:38:01|20|shiji@forstarfoods.com|DailyCatchEntry_New.php
16 Jun 2021 16:38:03|20|shiji@forstarfoods.com|DailyCatchEntry_New.php
16 Jun 2021 16:38:04|20|shiji@forstarfoods.com|DailyCatchEntry_New.php
16 Jun 2021 16:38:07|20|shiji@forstarfoods.com|DailyCatchEntry_New.php
16 Jun 2021 16:38:07|20|shiji@forstarfoods.com|DailyCatchEntry_New.php
16 Jun 2021 16:38:07|20|shiji@forstarfoods.com|DailyCatchEntry_New.php
16 Jun 2021 16:38:08|20|shiji@forstarfoods.com|DailyCatchEntry_New.php
16 Jun 2021 16:38:09|20|shiji@forstarfoods.com|DailyCatchEntry_New.php
16 Jun 2021 16:38:09|20|shiji@forstarfoods.com|DailyCatchEntry_New.php
16 Jun 2021 16:38:20|20|shiji@forstarfoods.com|DailyCatchEntry_New.php
16 Jun 2021 16:38:21|20|shiji@forstarfoods.com|DailyCatchEntry_New.php
16 Jun 2021 16:38:22|20|shiji@forstarfoods.com|CatchEntryDeclaredItem.php
16 Jun 2021 16:38:32|20|shiji@forstarfoods.com|DailyCatchEntry_New.php
16 Jun 2021 16:38:32|20|shiji@forstarfoods.com|DailyCatchEntry_New.php
16 Jun 2021 16:38:32|20|shiji@forstarfoods.com|DailyCatchEntry_New.php
16 Jun 2021 16:38:42|20|shiji@forstarfoods.com|DailyCatchEntry_New.php
16 Jun 2021 16:38:46|20|shiji@forstarfoods.com|DailyCatchEntry_New.php
16 Jun 2021 16:38:47|20|shiji@forstarfoods.com|CatchEntryDeclaredItem.php
16 Jun 2021 16:39:03|20|shiji@forstarfoods.com|DailyCatchEntry_New.php
16 Jun 2021 16:39:05|20|shiji@forstarfoods.com|DailyCatchEntry_New.php
16 Jun 2021 16:39:07|20|shiji@forstarfoods.com|DailyCatchEntry_New.php
16 Jun 2021 16:40:44|20|shiji@forstarfoods.com|DailyCatchEntry_New.php
16 Jun 2021 16:40:57|20|shiji@forstarfoods.com|DailyCatchEntry_New.php
16 Jun 2021 16:40:57|20|shiji@forstarfoods.com|DailyCatchEntry_New.php
16 Jun 2021 16:40:57|20|shiji@forstarfoods.com|DailyCatchEntry_New.php
16 Jun 2021 16:40:58|20|shiji@forstarfoods.com|DailyCatchEntry_New.php
16 Jun 2021 16:40:59|20|shiji@forstarfoods.com|DailyCatchEntry_New.php
16 Jun 2021 16:40:59|20|shiji@forstarfoods.com|DailyCatchEntry_New.php
16 Jun 2021 16:42:11|20|shiji@forstarfoods.com|DailyCatchEntry_New.php
16 Jun 2021 16:42:12|20|shiji@forstarfoods.com|DailyCatchEntry_New.php
16 Jun 2021 16:42:13|20|shiji@forstarfoods.com|CatchEntryDeclaredItem.php
16 Jun 2021 16:42:28|20|shiji@forstarfoods.com|DailyCatchEntry_New.php
16 Jun 2021 16:42:30|20|shiji@forstarfoods.com|DailyCatchEntry_New.php
16 Jun 2021 16:42:33|20|shiji@forstarfoods.com|DailyCatchEntry_New.php
16 Jun 2021 16:42:34|20|shiji@forstarfoods.com|DailyCatchEntry_New.php
16 Jun 2021 16:42:34|20|shiji@forstarfoods.com|DailyCatchEntry_New.php
16 Jun 2021 16:42:34|20|shiji@forstarfoods.com|DailyCatchEntry_New.php
16 Jun 2021 16:42:35|20|shiji@forstarfoods.com|DailyCatchEntry_New.php
16 Jun 2021 16:42:36|20|shiji@forstarfoods.com|DailyCatchEntry_New.php
16 Jun 2021 16:42:45|20|shiji@forstarfoods.com|DailyCatchEntry_New.php
16 Jun 2021 16:42:47|20|shiji@forstarfoods.com|DailyCatchEntry_New.php
16 Jun 2021 16:42:48|20|shiji@forstarfoods.com|CatchEntryDeclaredItem.php
16 Jun 2021 16:43:00|20|shiji@forstarfoods.com|DailyCatchEntry_New.php
16 Jun 2021 16:43:02|20|shiji@forstarfoods.com|DailyCatchEntry_New.php
16 Jun 2021 16:43:04|20|shiji@forstarfoods.com|DailyCatchEntry_New.php
16 Jun 2021 16:43:05|20|shiji@forstarfoods.com|DailyCatchEntry_New.php
16 Jun 2021 16:43:05|20|shiji@forstarfoods.com|DailyCatchEntry_New.php
16 Jun 2021 16:43:05|20|shiji@forstarfoods.com|DailyCatchEntry_New.php
16 Jun 2021 16:43:07|20|shiji@forstarfoods.com|DailyCatchEntry_New.php
16 Jun 2021 16:43:07|20|shiji@forstarfoods.com|DailyCatchEntry_New.php
16 Jun 2021 16:43:08|20|shiji@forstarfoods.com|DailyCatchEntry_New.php
16 Jun 2021 16:43:09|20|shiji@forstarfoods.com|DailyCatchEntry_New.php
16 Jun 2021 16:43:10|20|shiji@forstarfoods.com|CatchEntryDeclaredItem.php
16 Jun 2021 16:43:25|20|shiji@forstarfoods.com|DailyCatchEntry_New.php
16 Jun 2021 16:43:27|20|shiji@forstarfoods.com|DailyCatchEntry_New.php
16 Jun 2021 16:43:29|20|shiji@forstarfoods.com|DailyCatchEntry_New.php
16 Jun 2021 16:43:29|20|shiji@forstarfoods.com|DailyCatchEntry_New.php
16 Jun 2021 16:43:29|20|shiji@forstarfoods.com|DailyCatchEntry_New.php
16 Jun 2021 16:43:30|20|shiji@forstarfoods.com|DailyCatchEntry_New.php
16 Jun 2021 16:43:33|20|shiji@forstarfoods.com|DailyCatchEntry_New.php
16 Jun 2021 16:43:34|20|shiji@forstarfoods.com|DailyCatchEntry_New.php
16 Jun 2021 16:43:34|20|shiji@forstarfoods.com|DailyCatchEntry_New.php
16 Jun 2021 16:43:35|20|shiji@forstarfoods.com|DailyCatchEntry_New.php
16 Jun 2021 16:43:36|20|shiji@forstarfoods.com|CatchEntryDeclaredItem.php
16 Jun 2021 16:43:46|20|shiji@forstarfoods.com|DailyCatchEntry_New.php
16 Jun 2021 16:43:47|20|shiji@forstarfoods.com|DailyCatchEntry_New.php
16 Jun 2021 16:43:49|20|shiji@forstarfoods.com|DailyCatchEntry_New.php
16 Jun 2021 16:43:49|20|shiji@forstarfoods.com|DailyCatchEntry_New.php
16 Jun 2021 16:43:49|20|shiji@forstarfoods.com|DailyCatchEntry_New.php
16 Jun 2021 16:43:50|20|shiji@forstarfoods.com|DailyCatchEntry_New.php
16 Jun 2021 16:43:51|20|shiji@forstarfoods.com|DailyCatchEntry_New.php
16 Jun 2021 16:43:51|20|shiji@forstarfoods.com|DailyCatchEntry_New.php
16 Jun 2021 16:43:52|20|shiji@forstarfoods.com|DailyCatchEntry_New.php
16 Jun 2021 16:43:53|20|shiji@forstarfoods.com|DailyCatchEntry_New.php
16 Jun 2021 16:43:54|20|shiji@forstarfoods.com|CatchEntryDeclaredItem.php
16 Jun 2021 16:45:45|20|shiji@forstarfoods.com|DailyCatchEntry_New.php
16 Jun 2021 16:50:45|20|shiji@forstarfoods.com|DailyCatchEntry_New.php
16 Jun 2021 16:55:46|20|shiji@forstarfoods.com|DailyCatchEntry_New.php
16 Jun 2021 16:59:04|20|shiji@forstarfoods.com|DailyCatchReport.php
16 Jun 2021 16:59:11|20|shiji@forstarfoods.com|DailyCatchReport.php
16 Jun 2021 16:59:20|20|shiji@forstarfoods.com|DailyCatchReport.php
16 Jun 2021 16:59:22|20|shiji@forstarfoods.com|DailyCatchReport.php
16 Jun 2021 16:59:23|20|shiji@forstarfoods.com|DailyCatchReport.php
16 Jun 2021 16:59:23|20|shiji@forstarfoods.com|DailyCatchReport.php
16 Jun 2021 16:59:28|20|shiji@forstarfoods.com|PrintDailyCatchReportMemo.php
16 Jun 2021 16:59:52|20|shiji@forstarfoods.com|DailyCatchReport.php
16 Jun 2021 16:59:53|20|shiji@forstarfoods.com|DailyCatchReport.php
16 Jun 2021 16:59:53|20|shiji@forstarfoods.com|DailyCatchReport.php
16 Jun 2021 16:59:55|20|shiji@forstarfoods.com|SupplierAccount.php
16 Jun 2021 17:00:00|20|shiji@forstarfoods.com|SupplierAccount.php
16 Jun 2021 17:00:03|20|shiji@forstarfoods.com|SupplierAccount.php
16 Jun 2021 17:00:05|20|shiji@forstarfoods.com|SupplierAccount.php
16 Jun 2021 17:00:08|20|shiji@forstarfoods.com|SupplierAccount.php
16 Jun 2021 17:02:16|20|shiji@forstarfoods.com|SupplierAccount.php
16 Jun 2021 17:03:49|20|shiji@forstarfoods.com|SupplierAccount.php
16 Jun 2021 17:03:56|20|shiji@forstarfoods.com|DailyCatchReport.php
16 Jun 2021 17:30:15|20|shiji@forstarfoods.com|DailyCatchEntry_New.php
16 Jun 2021 17:30:24|20|shiji@forstarfoods.com|DailyCatchEntry_New.php
16 Jun 2021 17:30:24|20|shiji@forstarfoods.com|DailyCatchEntry_New.php
16 Jun 2021 17:30:24|20|shiji@forstarfoods.com|DailyCatchEntry_New.php
16 Jun 2021 17:30:27|20|shiji@forstarfoods.com|DailyCatchEntry_New.php
16 Jun 2021 17:30:27|20|shiji@forstarfoods.com|DailyCatchEntry_New.php
16 Jun 2021 17:30:28|20|shiji@forstarfoods.com|DailyCatchEntry_New.php
16 Jun 2021 17:31:29|20|shiji@forstarfoods.com|DailyCatchEntry_New.php
16 Jun 2021 17:31:33|20|shiji@forstarfoods.com|DailyCatchEntry_New.php
16 Jun 2021 17:31:33|20|shiji@forstarfoods.com|DailyCatchEntry_New.php
16 Jun 2021 17:31:33|20|shiji@forstarfoods.com|CatchEntryDeclaredItem.php
16 Jun 2021 17:31:34|20|shiji@forstarfoods.com|CatchEntryDeclaredItem.php
16 Jun 2021 17:31:34|20|shiji@forstarfoods.com|DailyCatchEntry_New.php
16 Jun 2021 17:31:38|20|shiji@forstarfoods.com|DailyCatchEntry_New.php
16 Jun 2021 17:31:39|20|shiji@forstarfoods.com|DailyCatchEntry_New.php
16 Jun 2021 17:31:41|20|shiji@forstarfoods.com|DailyCatchEntry_New.php
16 Jun 2021 17:31:57|20|shiji@forstarfoods.com|DailyCatchEntry_New.php
16 Jun 2021 17:31:57|20|shiji@forstarfoods.com|DailyCatchEntry_New.php
16 Jun 2021 17:32:01|20|shiji@forstarfoods.com|DailyCatchEntry_New.php
16 Jun 2021 17:32:21|20|shiji@forstarfoods.com|DailyCatchEntry_New.php
16 Jun 2021 17:32:21|20|shiji@forstarfoods.com|DailyCatchEntry_New.php
16 Jun 2021 17:32:22|20|shiji@forstarfoods.com|DailyCatchEntry_New.php
17 Jun 2021 10:44:24|20|shiji@forstarfoods.com|Home.php
17 Jun 2021 10:44:31|20|shiji@forstarfoods.com|DailyCatchEntry_New.php
17 Jun 2021 10:44:33|20|shiji@forstarfoods.com|DailyCatchEntry_New.php
17 Jun 2021 10:44:34|20|shiji@forstarfoods.com|DailyCatchEntry_New.php
17 Jun 2021 10:44:35|20|shiji@forstarfoods.com|DailyCatchEntry_New.php
17 Jun 2021 10:44:35|20|shiji@forstarfoods.com|DailyCatchEntry_New.php
17 Jun 2021 10:44:35|20|shiji@forstarfoods.com|CatchEntryDeclaredItem.php
17 Jun 2021 10:44:36|20|shiji@forstarfoods.com|DailyCatchEntry_New.php
17 Jun 2021 10:45:18|20|shiji@forstarfoods.com|DailyCatchEntry_New.php
17 Jun 2021 10:45:19|20|shiji@forstarfoods.com|DailyCatchEntry_New.php
17 Jun 2021 10:45:19|20|shiji@forstarfoods.com|DailyCatchEntry_New.php
17 Jun 2021 10:45:19|20|shiji@forstarfoods.com|DailyCatchEntry_New.php
17 Jun 2021 10:45:20|20|shiji@forstarfoods.com|DailyCatchEntry_New.php
17 Jun 2021 10:45:26|20|shiji@forstarfoods.com|DailyCatchEntry_New.php
17 Jun 2021 10:45:26|20|shiji@forstarfoods.com|DailyCatchEntry_New.php
17 Jun 2021 10:45:26|20|shiji@forstarfoods.com|DailyCatchEntry_New.php
17 Jun 2021 10:45:32|20|shiji@forstarfoods.com|DailyCatchEntry_New.php
17 Jun 2021 10:45:38|20|shiji@forstarfoods.com|DailyCatchEntry_New.php
17 Jun 2021 10:45:43|20|shiji@forstarfoods.com|DailyCatchEntry_New.php
17 Jun 2021 10:45:43|20|shiji@forstarfoods.com|CatchEntryDeclaredItem.php
17 Jun 2021 10:46:09|20|shiji@forstarfoods.com|DailyCatchEntry_New.php
17 Jun 2021 10:46:17|20|shiji@forstarfoods.com|DailyCatchEntry_New.php
17 Jun 2021 10:46:19|20|shiji@forstarfoods.com|DailyCatchEntry_New.php
17 Jun 2021 10:46:23|20|shiji@forstarfoods.com|DailyCatchEntry_New.php
17 Jun 2021 10:46:24|20|shiji@forstarfoods.com|DailyCatchEntry_New.php
17 Jun 2021 10:46:24|20|shiji@forstarfoods.com|DailyCatchEntry_New.php
17 Jun 2021 10:46:24|20|shiji@forstarfoods.com|DailyCatchEntry_New.php
17 Jun 2021 10:46:31|20|shiji@forstarfoods.com|DailyCatchEntry_New.php
17 Jun 2021 10:46:31|20|shiji@forstarfoods.com|DailyCatchEntry_New.php
17 Jun 2021 10:46:31|20|shiji@forstarfoods.com|DailyCatchEntry_New.php
17 Jun 2021 10:46:32|20|shiji@forstarfoods.com|DailyCatchEntry_New.php
17 Jun 2021 10:46:32|20|shiji@forstarfoods.com|DailyCatchEntry_New.php
17 Jun 2021 10:46:33|20|shiji@forstarfoods.com|DailyCatchEntry_New.php
17 Jun 2021 10:46:46|20|shiji@forstarfoods.com|DailyCatchEntry_New.php
17 Jun 2021 10:46:47|20|shiji@forstarfoods.com|DailyCatchEntry_New.php
17 Jun 2021 10:46:49|20|shiji@forstarfoods.com|CatchEntryDeclaredItem.php
17 Jun 2021 10:49:34|20|shiji@forstarfoods.com|DailyCatchEntry_New.php
17 Jun 2021 10:54:35|20|shiji@forstarfoods.com|DailyCatchEntry_New.php
17 Jun 2021 10:59:35|20|shiji@forstarfoods.com|DailyCatchEntry_New.php
17 Jun 2021 11:04:35|20|shiji@forstarfoods.com|DailyCatchEntry_New.php
17 Jun 2021 11:09:36|20|shiji@forstarfoods.com|DailyCatchEntry_New.php
17 Jun 2021 11:14:36|20|shiji@forstarfoods.com|DailyCatchEntry_New.php
17 Jun 2021 11:18:41|20|shiji@forstarfoods.com|DailyCatchEntry_New.php
17 Jun 2021 11:18:43|20|shiji@forstarfoods.com|DailyCatchEntry_New.php
17 Jun 2021 11:18:44|20|shiji@forstarfoods.com|DailyCatchEntry_New.php
17 Jun 2021 11:18:44|20|shiji@forstarfoods.com|DailyCatchEntry_New.php
17 Jun 2021 11:18:44|20|shiji@forstarfoods.com|DailyCatchEntry_New.php
17 Jun 2021 11:18:45|20|shiji@forstarfoods.com|CatchEntryDeclaredItem.php
17 Jun 2021 11:18:45|20|shiji@forstarfoods.com|DailyCatchEntry_New.php
17 Jun 2021 11:22:25|20|shiji@forstarfoods.com|DailyCatchEntry_New.php
17 Jun 2021 11:22:25|20|shiji@forstarfoods.com|DailyCatchEntry_New.php
17 Jun 2021 11:22:25|20|shiji@forstarfoods.com|DailyCatchEntry_New.php
17 Jun 2021 11:22:26|20|shiji@forstarfoods.com|DailyCatchEntry_New.php
17 Jun 2021 11:22:26|20|shiji@forstarfoods.com|DailyCatchEntry_New.php
17 Jun 2021 11:22:28|20|shiji@forstarfoods.com|DailyCatchEntry_New.php
17 Jun 2021 11:22:28|20|shiji@forstarfoods.com|DailyCatchEntry_New.php
17 Jun 2021 11:22:28|20|shiji@forstarfoods.com|DailyCatchEntry_New.php
17 Jun 2021 11:22:49|20|shiji@forstarfoods.com|DailyCatchEntry_New.php
17 Jun 2021 11:22:57|20|shiji@forstarfoods.com|DailyCatchEntry_New.php
17 Jun 2021 11:22:57|20|shiji@forstarfoods.com|CatchEntryDeclaredItem.php
17 Jun 2021 11:23:12|20|shiji@forstarfoods.com|DailyCatchEntry_New.php
17 Jun 2021 11:23:14|20|shiji@forstarfoods.com|DailyCatchEntry_New.php
17 Jun 2021 11:23:14|20|shiji@forstarfoods.com|DailyCatchEntry_New.php
17 Jun 2021 11:23:18|20|shiji@forstarfoods.com|DailyCatchEntry_New.php
17 Jun 2021 11:23:19|20|shiji@forstarfoods.com|DailyCatchEntry_New.php
17 Jun 2021 11:23:28|20|shiji@forstarfoods.com|DailyCatchEntry_New.php
17 Jun 2021 11:23:28|20|shiji@forstarfoods.com|DailyCatchEntry_New.php
17 Jun 2021 11:23:28|20|shiji@forstarfoods.com|DailyCatchEntry_New.php
17 Jun 2021 11:23:29|20|shiji@forstarfoods.com|DailyCatchEntry_New.php
17 Jun 2021 11:23:30|20|shiji@forstarfoods.com|DailyCatchEntry_New.php
17 Jun 2021 11:23:30|20|shiji@forstarfoods.com|DailyCatchEntry_New.php
17 Jun 2021 11:23:44|20|shiji@forstarfoods.com|DailyCatchEntry_New.php
17 Jun 2021 11:24:30|20|shiji@forstarfoods.com|DailyCatchEntry_New.php
17 Jun 2021 11:24:33|20|shiji@forstarfoods.com|DailyCatchEntry_New.php
17 Jun 2021 11:24:34|20|shiji@forstarfoods.com|CatchEntryDeclaredItem.php
17 Jun 2021 11:24:44|20|shiji@forstarfoods.com|DailyCatchEntry_New.php
17 Jun 2021 11:24:46|20|shiji@forstarfoods.com|DailyCatchEntry_New.php
17 Jun 2021 11:24:48|20|shiji@forstarfoods.com|DailyCatchEntry_New.php
17 Jun 2021 11:24:49|20|shiji@forstarfoods.com|DailyCatchEntry_New.php
17 Jun 2021 11:24:49|20|shiji@forstarfoods.com|DailyCatchEntry_New.php
17 Jun 2021 11:24:49|20|shiji@forstarfoods.com|DailyCatchEntry_New.php
17 Jun 2021 11:24:53|20|shiji@forstarfoods.com|DailyCatchEntry_New.php
17 Jun 2021 11:24:53|20|shiji@forstarfoods.com|DailyCatchEntry_New.php
17 Jun 2021 11:24:54|20|shiji@forstarfoods.com|DailyCatchEntry_New.php
17 Jun 2021 11:24:55|20|shiji@forstarfoods.com|DailyCatchEntry_New.php
17 Jun 2021 11:24:56|20|shiji@forstarfoods.com|CatchEntryDeclaredItem.php
17 Jun 2021 11:25:05|20|shiji@forstarfoods.com|DailyCatchEntry_New.php
17 Jun 2021 11:25:06|20|shiji@forstarfoods.com|DailyCatchEntry_New.php
17 Jun 2021 11:25:08|20|shiji@forstarfoods.com|DailyCatchEntry_New.php
17 Jun 2021 11:25:09|20|shiji@forstarfoods.com|DailyCatchEntry_New.php
17 Jun 2021 11:25:09|20|shiji@forstarfoods.com|DailyCatchEntry_New.php
17 Jun 2021 11:25:09|20|shiji@forstarfoods.com|DailyCatchEntry_New.php
17 Jun 2021 11:25:37|20|shiji@forstarfoods.com|DailyCatchEntry_New.php
17 Jun 2021 11:25:38|20|shiji@forstarfoods.com|DailyCatchEntry_New.php
17 Jun 2021 11:25:38|20|shiji@forstarfoods.com|DailyCatchEntry_New.php
17 Jun 2021 11:25:39|20|shiji@forstarfoods.com|DailyCatchEntry_New.php
17 Jun 2021 11:25:40|20|shiji@forstarfoods.com|CatchEntryDeclaredItem.php
17 Jun 2021 11:25:52|20|shiji@forstarfoods.com|DailyCatchEntry_New.php
17 Jun 2021 11:25:54|20|shiji@forstarfoods.com|DailyCatchEntry_New.php
17 Jun 2021 11:25:56|20|shiji@forstarfoods.com|DailyCatchEntry_New.php
17 Jun 2021 11:25:57|20|shiji@forstarfoods.com|DailyCatchEntry_New.php
17 Jun 2021 11:25:57|20|shiji@forstarfoods.com|DailyCatchEntry_New.php
17 Jun 2021 11:25:57|20|shiji@forstarfoods.com|DailyCatchEntry_New.php
17 Jun 2021 11:25:58|20|shiji@forstarfoods.com|DailyCatchEntry_New.php
17 Jun 2021 11:25:58|20|shiji@forstarfoods.com|DailyCatchEntry_New.php
17 Jun 2021 11:25:59|20|shiji@forstarfoods.com|DailyCatchEntry_New.php
17 Jun 2021 11:25:59|20|shiji@forstarfoods.com|DailyCatchEntry_New.php
17 Jun 2021 11:26:00|20|shiji@forstarfoods.com|DailyCatchEntry_New.php
17 Jun 2021 11:26:01|20|shiji@forstarfoods.com|DailyCatchEntry_New.php
17 Jun 2021 11:26:02|20|shiji@forstarfoods.com|CatchEntryDeclaredItem.php
17 Jun 2021 11:28:44|20|shiji@forstarfoods.com|DailyCatchEntry_New.php
17 Jun 2021 11:30:43|20|shiji@forstarfoods.com|DailyCatchReport.php
17 Jun 2021 11:30:49|20|shiji@forstarfoods.com|DailyCatchReport.php
17 Jun 2021 11:30:52|20|shiji@forstarfoods.com|DailyCatchReport.php
17 Jun 2021 11:30:53|20|shiji@forstarfoods.com|DailyCatchReport.php
17 Jun 2021 11:30:54|20|shiji@forstarfoods.com|DailyCatchReport.php
17 Jun 2021 11:30:55|20|shiji@forstarfoods.com|DailyCatchReport.php