
31 Mar 2021 17:47:38|20|shiji@forstarfoods.com|SupplierAccount.php
31 Mar 2021 17:47:42|20|shiji@forstarfoods.com|SupplierAccount.php
31 Mar 2021 17:49:53|20|shiji@forstarfoods.com|SupplierAccount.php
1 Apr 2021 10:55:32|20|shiji@forstarfoods.com|Home.php
1 Apr 2021 10:56:57|20|shiji@forstarfoods.com|DailyCatchEntry_New.php
1 Apr 2021 10:57:01|20|shiji@forstarfoods.com|DailyCatchEntry_New.php
1 Apr 2021 10:57:03|20|shiji@forstarfoods.com|DailyCatchEntry_New.php
1 Apr 2021 10:57:04|20|shiji@forstarfoods.com|DailyCatchEntry_New.php
1 Apr 2021 10:57:05|20|shiji@forstarfoods.com|DailyCatchEntry_New.php
1 Apr 2021 10:57:06|20|shiji@forstarfoods.com|CatchEntryDeclaredItem.php
1 Apr 2021 10:57:08|20|shiji@forstarfoods.com|DailyCatchEntry_New.php
1 Apr 2021 10:57:11|20|shiji@forstarfoods.com|DailyCatchEntry_New.php
1 Apr 2021 10:57:12|20|shiji@forstarfoods.com|DailyCatchEntry_New.php
1 Apr 2021 10:57:14|20|shiji@forstarfoods.com|DailyCatchEntry_New.php
1 Apr 2021 10:57:15|20|shiji@forstarfoods.com|DailyCatchEntry_New.php
1 Apr 2021 10:57:23|20|shiji@forstarfoods.com|DailyCatchEntry_New.php
1 Apr 2021 10:57:24|20|shiji@forstarfoods.com|CatchEntryDeclaredItem.php
1 Apr 2021 10:57:30|20|shiji@forstarfoods.com|DailyCatchEntry_New.php
1 Apr 2021 10:57:36|20|shiji@forstarfoods.com|DailyCatchEntry_New.php
1 Apr 2021 10:57:37|20|shiji@forstarfoods.com|CatchEntryDeclaredItem.php
1 Apr 2021 10:57:43|20|shiji@forstarfoods.com|DailyCatchEntry_New.php
1 Apr 2021 10:57:44|20|shiji@forstarfoods.com|DailyCatchEntry_New.php
1 Apr 2021 10:58:04|20|shiji@forstarfoods.com|DailyCatchEntry_New.php
1 Apr 2021 10:58:08|20|shiji@forstarfoods.com|DailyCatchEntry_New.php
1 Apr 2021 10:58:09|20|shiji@forstarfoods.com|DailyCatchEntry_New.php
1 Apr 2021 10:58:18|20|shiji@forstarfoods.com|DailyCatchEntry_New.php
1 Apr 2021 10:58:23|20|shiji@forstarfoods.com|DailyCatchEntry_New.php
1 Apr 2021 10:58:27|20|shiji@forstarfoods.com|DailyCatchEntry_New.php
1 Apr 2021 10:58:29|20|shiji@forstarfoods.com|DailyCatchEntry_New.php
1 Apr 2021 10:58:30|20|shiji@forstarfoods.com|DailyCatchEntry_New.php
1 Apr 2021 10:58:31|20|shiji@forstarfoods.com|DailyCatchEntry_New.php
1 Apr 2021 10:58:32|20|shiji@forstarfoods.com|DailyCatchEntry_New.php
1 Apr 2021 10:58:34|20|shiji@forstarfoods.com|DailyCatchEntry_New.php
1 Apr 2021 10:58:35|20|shiji@forstarfoods.com|DailyCatchEntry_New.php
1 Apr 2021 10:58:36|20|shiji@forstarfoods.com|DailyCatchEntry_New.php
1 Apr 2021 10:58:37|20|shiji@forstarfoods.com|DailyCatchEntry_New.php
1 Apr 2021 10:58:38|20|shiji@forstarfoods.com|DailyCatchEntry_New.php
1 Apr 2021 10:58:40|20|shiji@forstarfoods.com|DailyCatchEntry_New.php
1 Apr 2021 10:58:41|20|shiji@forstarfoods.com|DailyCatchEntry_New.php
1 Apr 2021 10:58:53|20|shiji@forstarfoods.com|DailyCatchEntry_New.php
1 Apr 2021 10:58:55|20|shiji@forstarfoods.com|DailyCatchEntry_New.php
1 Apr 2021 10:58:57|20|shiji@forstarfoods.com|CatchEntryDeclaredItem.php
1 Apr 2021 10:58:59|20|shiji@forstarfoods.com|DailyCatchEntry_New.php
1 Apr 2021 10:59:00|20|shiji@forstarfoods.com|DailyCatchEntry_New.php
1 Apr 2021 10:59:01|20|shiji@forstarfoods.com|DailyCatchEntry_New.php
1 Apr 2021 10:59:06|20|shiji@forstarfoods.com|DailyCatchEntry_New.php
1 Apr 2021 10:59:10|20|shiji@forstarfoods.com|DailyCatchEntry_New.php
1 Apr 2021 10:59:11|20|shiji@forstarfoods.com|CatchEntryDeclaredItem.php
1 Apr 2021 10:59:26|20|shiji@forstarfoods.com|DailyCatchEntry_New.php
1 Apr 2021 10:59:30|20|shiji@forstarfoods.com|DailyCatchEntry_New.php
1 Apr 2021 10:59:32|20|shiji@forstarfoods.com|DailyCatchEntry_New.php
1 Apr 2021 10:59:34|20|shiji@forstarfoods.com|DailyCatchEntry_New.php
1 Apr 2021 10:59:36|20|shiji@forstarfoods.com|DailyCatchEntry_New.php
1 Apr 2021 10:59:37|20|shiji@forstarfoods.com|DailyCatchEntry_New.php
1 Apr 2021 10:59:38|20|shiji@forstarfoods.com|DailyCatchEntry_New.php
1 Apr 2021 10:59:39|20|shiji@forstarfoods.com|DailyCatchEntry_New.php
1 Apr 2021 10:59:41|20|shiji@forstarfoods.com|DailyCatchEntry_New.php
1 Apr 2021 10:59:42|20|shiji@forstarfoods.com|DailyCatchEntry_New.php
1 Apr 2021 10:59:43|20|shiji@forstarfoods.com|DailyCatchEntry_New.php
1 Apr 2021 10:59:44|20|shiji@forstarfoods.com|DailyCatchEntry_New.php
1 Apr 2021 10:59:45|20|shiji@forstarfoods.com|DailyCatchEntry_New.php
1 Apr 2021 10:59:47|20|shiji@forstarfoods.com|DailyCatchEntry_New.php
1 Apr 2021 10:59:48|20|shiji@forstarfoods.com|DailyCatchEntry_New.php
1 Apr 2021 10:59:49|20|shiji@forstarfoods.com|DailyCatchEntry_New.php
1 Apr 2021 10:59:50|20|shiji@forstarfoods.com|DailyCatchEntry_New.php
1 Apr 2021 10:59:52|20|shiji@forstarfoods.com|DailyCatchEntry_New.php
1 Apr 2021 10:59:53|20|shiji@forstarfoods.com|DailyCatchEntry_New.php
1 Apr 2021 10:59:54|20|shiji@forstarfoods.com|DailyCatchEntry_New.php
1 Apr 2021 10:59:55|20|shiji@forstarfoods.com|DailyCatchEntry_New.php
1 Apr 2021 11:00:16|20|shiji@forstarfoods.com|DailyCatchEntry_New.php
1 Apr 2021 11:00:21|20|shiji@forstarfoods.com|DailyCatchEntry_New.php
1 Apr 2021 11:00:23|20|shiji@forstarfoods.com|CatchEntryDeclaredItem.php
1 Apr 2021 11:00:28|20|shiji@forstarfoods.com|DailyCatchEntry_New.php
1 Apr 2021 11:00:31|20|shiji@forstarfoods.com|DailyCatchEntry_New.php
1 Apr 2021 11:00:33|20|shiji@forstarfoods.com|DailyCatchEntry_New.php
1 Apr 2021 11:00:34|20|shiji@forstarfoods.com|DailyCatchEntry_New.php
1 Apr 2021 11:00:35|20|shiji@forstarfoods.com|DailyCatchEntry_New.php
1 Apr 2021 11:00:36|20|shiji@forstarfoods.com|CatchEntryDeclaredItem.php
1 Apr 2021 11:00:37|20|shiji@forstarfoods.com|DailyCatchEntry_New.php
1 Apr 2021 11:00:47|20|shiji@forstarfoods.com|DailyCatchEntry_New.php
1 Apr 2021 11:00:48|20|shiji@forstarfoods.com|DailyCatchEntry_New.php
1 Apr 2021 11:00:49|20|shiji@forstarfoods.com|DailyCatchEntry_New.php
1 Apr 2021 11:00:52|20|shiji@forstarfoods.com|DailyCatchEntry_New.php
1 Apr 2021 11:00:56|20|shiji@forstarfoods.com|DailyCatchEntry_New.php
1 Apr 2021 11:00:57|20|shiji@forstarfoods.com|CatchEntryDeclaredItem.php
1 Apr 2021 11:01:10|20|shiji@forstarfoods.com|DailyCatchEntry_New.php
1 Apr 2021 11:01:14|20|shiji@forstarfoods.com|DailyCatchEntry_New.php
1 Apr 2021 11:01:15|20|shiji@forstarfoods.com|DailyCatchEntry_New.php
1 Apr 2021 11:01:21|20|shiji@forstarfoods.com|DailyCatchEntry_New.php
1 Apr 2021 11:01:23|20|shiji@forstarfoods.com|DailyCatchEntry_New.php
1 Apr 2021 11:01:27|20|shiji@forstarfoods.com|DailyCatchEntry_New.php
1 Apr 2021 11:01:28|20|shiji@forstarfoods.com|DailyCatchEntry_New.php
1 Apr 2021 11:01:29|20|shiji@forstarfoods.com|DailyCatchEntry_New.php
1 Apr 2021 11:01:31|20|shiji@forstarfoods.com|DailyCatchEntry_New.php
1 Apr 2021 11:01:32|20|shiji@forstarfoods.com|DailyCatchEntry_New.php
1 Apr 2021 11:01:33|20|shiji@forstarfoods.com|DailyCatchEntry_New.php
1 Apr 2021 11:01:34|20|shiji@forstarfoods.com|DailyCatchEntry_New.php
1 Apr 2021 11:01:36|20|shiji@forstarfoods.com|DailyCatchEntry_New.php
1 Apr 2021 11:01:37|20|shiji@forstarfoods.com|DailyCatchEntry_New.php
1 Apr 2021 11:01:38|20|shiji@forstarfoods.com|DailyCatchEntry_New.php
1 Apr 2021 11:01:39|20|shiji@forstarfoods.com|DailyCatchEntry_New.php
1 Apr 2021 11:01:41|20|shiji@forstarfoods.com|DailyCatchEntry_New.php
1 Apr 2021 11:01:48|20|shiji@forstarfoods.com|DailyCatchEntry_New.php
1 Apr 2021 11:01:51|20|shiji@forstarfoods.com|DailyCatchEntry_New.php
1 Apr 2021 11:01:52|20|shiji@forstarfoods.com|CatchEntryDeclaredItem.php
1 Apr 2021 11:02:02|20|shiji@forstarfoods.com|DailyCatchReport.php
1 Apr 2021 11:02:17|20|shiji@forstarfoods.com|DailyCatchEntry_New.php
1 Apr 2021 11:02:25|20|shiji@forstarfoods.com|DailyCatchEntry_New.php
1 Apr 2021 11:02:26|20|shiji@forstarfoods.com|DailyCatchEntry_New.php
1 Apr 2021 11:02:27|20|shiji@forstarfoods.com|DailyCatchEntry_New.php
1 Apr 2021 11:02:29|20|shiji@forstarfoods.com|DailyCatchEntry_New.php
1 Apr 2021 11:02:31|20|shiji@forstarfoods.com|DailyCatchEntry_New.php
1 Apr 2021 11:02:32|20|shiji@forstarfoods.com|DailyCatchEntry_New.php
1 Apr 2021 11:02:37|20|shiji@forstarfoods.com|DailyCatchEntry_New.php
1 Apr 2021 11:02:40|20|shiji@forstarfoods.com|DailyCatchEntry_New.php
1 Apr 2021 11:02:41|20|shiji@forstarfoods.com|DailyCatchEntry_New.php
1 Apr 2021 11:02:42|20|shiji@forstarfoods.com|CatchEntryDeclaredItem.php
1 Apr 2021 11:02:43|20|shiji@forstarfoods.com|DailyCatchEntry_New.php
1 Apr 2021 11:02:45|20|shiji@forstarfoods.com|CatchEntryDeclaredItem.php
1 Apr 2021 11:02:46|20|shiji@forstarfoods.com|DailyCatchEntry_New.php
1 Apr 2021 11:02:47|20|shiji@forstarfoods.com|DailyCatchEntry_New.php
1 Apr 2021 11:02:48|20|shiji@forstarfoods.com|DailyCatchEntry_New.php
1 Apr 2021 11:02:50|20|shiji@forstarfoods.com|DailyCatchEntry_New.php
1 Apr 2021 11:02:51|20|shiji@forstarfoods.com|DailyCatchEntry_New.php
1 Apr 2021 11:02:53|20|shiji@forstarfoods.com|DailyCatchEntry_New.php
1 Apr 2021 11:02:54|20|shiji@forstarfoods.com|DailyCatchEntry_New.php
1 Apr 2021 11:02:55|20|shiji@forstarfoods.com|DailyCatchEntry_New.php
1 Apr 2021 11:03:02|20|shiji@forstarfoods.com|DailyCatchEntry_New.php
1 Apr 2021 11:03:05|20|shiji@forstarfoods.com|DailyCatchEntry_New.php
1 Apr 2021 11:03:08|20|shiji@forstarfoods.com|DailyCatchEntry_New.php
1 Apr 2021 11:03:11|20|shiji@forstarfoods.com|DailyCatchEntry_New.php
1 Apr 2021 11:03:13|20|shiji@forstarfoods.com|DailyCatchEntry_New.php
1 Apr 2021 11:03:15|20|shiji@forstarfoods.com|DailyCatchEntry_New.php
1 Apr 2021 11:03:16|20|shiji@forstarfoods.com|DailyCatchEntry_New.php
1 Apr 2021 11:03:17|20|shiji@forstarfoods.com|CatchEntryDeclaredItem.php
1 Apr 2021 11:03:18|20|shiji@forstarfoods.com|DailyCatchEntry_New.php
1 Apr 2021 11:03:20|20|shiji@forstarfoods.com|DailyCatchEntry_New.php
1 Apr 2021 11:03:21|20|shiji@forstarfoods.com|DailyCatchEntry_New.php
1 Apr 2021 11:03:23|20|shiji@forstarfoods.com|DailyCatchEntry_New.php
1 Apr 2021 11:03:24|20|shiji@forstarfoods.com|DailyCatchEntry_New.php
1 Apr 2021 11:03:25|20|shiji@forstarfoods.com|DailyCatchEntry_New.php
1 Apr 2021 11:03:27|20|shiji@forstarfoods.com|DailyCatchEntry_New.php
1 Apr 2021 11:03:28|20|shiji@forstarfoods.com|DailyCatchEntry_New.php
1 Apr 2021 11:03:29|20|shiji@forstarfoods.com|DailyCatchEntry_New.php
1 Apr 2021 11:03:31|20|shiji@forstarfoods.com|DailyCatchEntry_New.php
1 Apr 2021 11:03:32|20|shiji@forstarfoods.com|DailyCatchEntry_New.php
1 Apr 2021 11:03:33|20|shiji@forstarfoods.com|DailyCatchEntry_New.php
1 Apr 2021 11:03:34|20|shiji@forstarfoods.com|DailyCatchEntry_New.php
1 Apr 2021 11:03:36|20|shiji@forstarfoods.com|DailyCatchEntry_New.php
1 Apr 2021 11:03:42|20|shiji@forstarfoods.com|DailyCatchEntry_New.php
1 Apr 2021 11:03:49|20|shiji@forstarfoods.com|DailyCatchEntry_New.php
1 Apr 2021 11:03:50|20|shiji@forstarfoods.com|CatchEntryDeclaredItem.php
1 Apr 2021 11:04:02|20|shiji@forstarfoods.com|DailyCatchEntry_New.php
1 Apr 2021 11:04:05|20|shiji@forstarfoods.com|DailyCatchEntry_New.php
1 Apr 2021 11:04:06|20|shiji@forstarfoods.com|DailyCatchEntry_New.php
1 Apr 2021 11:04:11|20|shiji@forstarfoods.com|DailyCatchEntry_New.php
1 Apr 2021 11:04:14|20|shiji@forstarfoods.com|DailyCatchEntry_New.php
1 Apr 2021 11:04:22|20|shiji@forstarfoods.com|DailyCatchEntry_New.php
1 Apr 2021 11:04:23|20|shiji@forstarfoods.com|DailyCatchEntry_New.php
1 Apr 2021 11:04:25|20|shiji@forstarfoods.com|DailyCatchEntry_New.php
1 Apr 2021 11:04:26|20|shiji@forstarfoods.com|DailyCatchEntry_New.php
1 Apr 2021 11:04:27|20|shiji@forstarfoods.com|DailyCatchEntry_New.php
1 Apr 2021 11:04:28|20|shiji@forstarfoods.com|DailyCatchEntry_New.php
1 Apr 2021 11:04:30|20|shiji@forstarfoods.com|DailyCatchEntry_New.php
1 Apr 2021 11:04:31|20|shiji@forstarfoods.com|DailyCatchEntry_New.php
1 Apr 2021 11:04:32|20|shiji@forstarfoods.com|DailyCatchEntry_New.php
1 Apr 2021 11:04:33|20|shiji@forstarfoods.com|DailyCatchEntry_New.php
1 Apr 2021 11:04:34|20|shiji@forstarfoods.com|DailyCatchEntry_New.php
1 Apr 2021 11:04:36|20|shiji@forstarfoods.com|DailyCatchEntry_New.php
1 Apr 2021 11:04:54|20|shiji@forstarfoods.com|DailyCatchEntry_New.php
1 Apr 2021 11:04:57|20|shiji@forstarfoods.com|DailyCatchEntry_New.php
1 Apr 2021 11:04:58|20|shiji@forstarfoods.com|CatchEntryDeclaredItem.php
1 Apr 2021 11:05:01|20|shiji@forstarfoods.com|DailyCatchEntry_New.php
1 Apr 2021 11:05:02|20|shiji@forstarfoods.com|DailyCatchEntry_New.php
1 Apr 2021 11:05:04|20|shiji@forstarfoods.com|DailyCatchEntry_New.php
1 Apr 2021 11:05:08|20|shiji@forstarfoods.com|DailyCatchEntry_New.php
1 Apr 2021 11:05:13|20|shiji@forstarfoods.com|DailyCatchEntry_New.php
1 Apr 2021 11:05:14|20|shiji@forstarfoods.com|CatchEntryDeclaredItem.php
1 Apr 2021 11:05:29|20|shiji@forstarfoods.com|DailyCatchEntry_New.php
1 Apr 2021 11:05:32|20|shiji@forstarfoods.com|DailyCatchEntry_New.php
1 Apr 2021 11:05:35|20|shiji@forstarfoods.com|DailyCatchEntry_New.php
1 Apr 2021 11:05:37|20|shiji@forstarfoods.com|DailyCatchEntry_New.php
1 Apr 2021 11:05:38|20|shiji@forstarfoods.com|DailyCatchEntry_New.php
1 Apr 2021 11:05:39|20|shiji@forstarfoods.com|DailyCatchEntry_New.php
1 Apr 2021 11:05:40|20|shiji@forstarfoods.com|DailyCatchEntry_New.php
1 Apr 2021 11:05:42|20|shiji@forstarfoods.com|DailyCatchEntry_New.php
1 Apr 2021 11:05:43|20|shiji@forstarfoods.com|DailyCatchEntry_New.php
1 Apr 2021 11:05:44|20|shiji@forstarfoods.com|DailyCatchEntry_New.php
1 Apr 2021 11:05:45|20|shiji@forstarfoods.com|DailyCatchEntry_New.php
1 Apr 2021 11:05:47|20|shiji@forstarfoods.com|DailyCatchEntry_New.php
1 Apr 2021 11:05:48|20|shiji@forstarfoods.com|DailyCatchEntry_New.php
1 Apr 2021 11:05:49|20|shiji@forstarfoods.com|DailyCatchEntry_New.php
1 Apr 2021 11:05:50|20|shiji@forstarfoods.com|DailyCatchEntry_New.php
1 Apr 2021 11:05:51|20|shiji@forstarfoods.com|DailyCatchEntry_New.php
1 Apr 2021 11:05:53|20|shiji@forstarfoods.com|DailyCatchEntry_New.php
1 Apr 2021 11:06:00|20|shiji@forstarfoods.com|DailyCatchEntry_New.php
1 Apr 2021 11:06:03|20|shiji@forstarfoods.com|DailyCatchEntry_New.php
1 Apr 2021 11:06:04|20|shiji@forstarfoods.com|CatchEntryDeclaredItem.php
1 Apr 2021 11:06:08|20|shiji@forstarfoods.com|DailyCatchEntry_New.php
1 Apr 2021 11:06:11|20|shiji@forstarfoods.com|DailyCatchEntry_New.php
1 Apr 2021 11:06:16|20|shiji@forstarfoods.com|DailyCatchEntry_New.php
1 Apr 2021 11:06:17|20|shiji@forstarfoods.com|DailyCatchEntry_New.php
1 Apr 2021 11:06:18|20|shiji@forstarfoods.com|DailyCatchEntry_New.php
1 Apr 2021 11:06:19|20|shiji@forstarfoods.com|DailyCatchEntry_New.php
1 Apr 2021 11:06:21|20|shiji@forstarfoods.com|DailyCatchEntry_New.php
1 Apr 2021 11:06:22|20|shiji@forstarfoods.com|DailyCatchEntry_New.php
1 Apr 2021 11:06:23|20|shiji@forstarfoods.com|DailyCatchEntry_New.php
1 Apr 2021 11:06:24|20|shiji@forstarfoods.com|DailyCatchEntry_New.php
1 Apr 2021 11:06:26|20|shiji@forstarfoods.com|DailyCatchEntry_New.php
1 Apr 2021 11:06:27|20|shiji@forstarfoods.com|DailyCatchEntry_New.php
1 Apr 2021 11:06:28|20|shiji@forstarfoods.com|DailyCatchEntry_New.php
1 Apr 2021 11:06:29|20|shiji@forstarfoods.com|DailyCatchEntry_New.php
1 Apr 2021 11:07:05|20|shiji@forstarfoods.com|DailyCatchEntry_New.php
1 Apr 2021 11:07:08|20|shiji@forstarfoods.com|DailyCatchEntry_New.php
1 Apr 2021 11:07:09|20|shiji@forstarfoods.com|CatchEntryDeclaredItem.php
1 Apr 2021 11:07:22|20|shiji@forstarfoods.com|DailyCatchEntry_New.php
1 Apr 2021 11:07:24|20|shiji@forstarfoods.com|DailyCatchEntry_New.php
1 Apr 2021 11:07:26|20|shiji@forstarfoods.com|DailyCatchEntry_New.php
1 Apr 2021 11:07:28|20|shiji@forstarfoods.com|DailyCatchEntry_New.php
1 Apr 2021 11:07:29|20|shiji@forstarfoods.com|DailyCatchEntry_New.php
1 Apr 2021 11:07:30|20|shiji@forstarfoods.com|DailyCatchEntry_New.php
1 Apr 2021 11:07:31|20|shiji@forstarfoods.com|DailyCatchEntry_New.php
1 Apr 2021 11:07:33|20|shiji@forstarfoods.com|DailyCatchEntry_New.php
1 Apr 2021 11:07:34|20|shiji@forstarfoods.com|DailyCatchEntry_New.php
1 Apr 2021 11:08:07|20|shiji@forstarfoods.com|DailyCatchEntry_New.php
1 Apr 2021 11:08:08|20|shiji@forstarfoods.com|CatchEntryDeclaredItem.php
1 Apr 2021 11:08:13|20|shiji@forstarfoods.com|DailyCatchEntry_New.php
1 Apr 2021 11:13:15|20|shiji@forstarfoods.com|DailyCatchEntry_New.php
1 Apr 2021 11:18:16|20|shiji@forstarfoods.com|DailyCatchEntry_New.php
1 Apr 2021 11:23:17|20|shiji@forstarfoods.com|DailyCatchEntry_New.php
1 Apr 2021 11:28:19|20|shiji@forstarfoods.com|DailyCatchEntry_New.php
1 Apr 2021 11:31:48|20|shiji@forstarfoods.com|DailyCatchSummary.php
1 Apr 2021 11:31:52|20|shiji@forstarfoods.com|DailyCatchSummary.php
1 Apr 2021 11:32:02|20|shiji@forstarfoods.com|DailyCatchSummary.php
1 Apr 2021 11:32:05|20|shiji@forstarfoods.com|DailyCatchSummary.php
1 Apr 2021 11:32:12|20|shiji@forstarfoods.com|DailyCatchSummary.php
1 Apr 2021 11:32:16|20|shiji@forstarfoods.com|DailyCatchSummary.php
1 Apr 2021 11:41:41|20|shiji@forstarfoods.com|DailyCatchSummary.php
1 Apr 2021 11:41:45|20|shiji@forstarfoods.com|DailyCatchSummary.php
1 Apr 2021 11:41:53|20|shiji@forstarfoods.com|DailyCatchSummary.php
1 Apr 2021 11:42:16|20|shiji@forstarfoods.com|DailyCatchSummary.php
1 Apr 2021 11:42:22|20|shiji@forstarfoods.com|DailyCatchSummary.php
1 Apr 2021 11:42:24|20|shiji@forstarfoods.com|DailyCatchSummary.php
1 Apr 2021 11:45:14|20|shiji@forstarfoods.com|SettlementSummary.php
1 Apr 2021 11:45:23|20|shiji@forstarfoods.com|SettlementSummary.php
1 Apr 2021 11:45:28|20|shiji@forstarfoods.com|SettlementSummary.php
1 Apr 2021 11:45:36|20|shiji@forstarfoods.com|SettlementSummary.php
1 Apr 2021 11:45:39|20|shiji@forstarfoods.com|SupplierPayments.php
1 Apr 2021 11:45:40|20|shiji@forstarfoods.com|SupplierPayments.php
1 Apr 2021 11:45:41|20|shiji@forstarfoods.com|SupplierPayments.php
1 Apr 2021 11:45:53|20|shiji@forstarfoods.com|SettlementSummary.php
1 Apr 2021 11:46:02|20|shiji@forstarfoods.com|SettlementSummary.php
1 Apr 2021 11:46:07|20|shiji@forstarfoods.com|SettlementSummary.php
1 Apr 2021 11:46:41|20|shiji@forstarfoods.com|SettlementSummary.php
1 Apr 2021 11:46:49|20|shiji@forstarfoods.com|SettlementSummary.php
1 Apr 2021 11:46:51|20|shiji@forstarfoods.com|SupplierPayments.php
1 Apr 2021 11:46:53|20|shiji@forstarfoods.com|SupplierPayments.php
1 Apr 2021 11:46:54|20|shiji@forstarfoods.com|SupplierPayments.php
1 Apr 2021 11:46:57|20|shiji@forstarfoods.com|SettlementSummary.php
1 Apr 2021 11:47:05|20|shiji@forstarfoods.com|SettlementSummary.php
1 Apr 2021 11:47:10|20|shiji@forstarfoods.com|SettlementSummary.php
1 Apr 2021 11:47:33|20|shiji@forstarfoods.com|SettlementSummary.php
1 Apr 2021 11:47:41|20|shiji@forstarfoods.com|SettlementSummary.php
1 Apr 2021 11:47:43|20|shiji@forstarfoods.com|SupplierPayments.php
1 Apr 2021 11:47:45|20|shiji@forstarfoods.com|SupplierPayments.php
1 Apr 2021 11:47:46|20|shiji@forstarfoods.com|SupplierPayments.php
1 Apr 2021 11:47:48|20|shiji@forstarfoods.com|SettlementSummary.php
1 Apr 2021 11:47:56|20|shiji@forstarfoods.com|SettlementSummary.php
1 Apr 2021 11:48:09|20|shiji@forstarfoods.com|SettlementSummary.php
1 Apr 2021 11:49:21|20|shiji@forstarfoods.com|SettlementSummary.php
1 Apr 2021 11:49:23|20|shiji@forstarfoods.com|SupplierPayments.php
1 Apr 2021 11:49:25|20|shiji@forstarfoods.com|SupplierPayments.php
1 Apr 2021 11:49:26|20|shiji@forstarfoods.com|SupplierPayments.php
1 Apr 2021 11:49:28|20|shiji@forstarfoods.com|SettlementSummary.php
1 Apr 2021 11:49:41|20|shiji@forstarfoods.com|SettlementSummary.php
1 Apr 2021 11:49:51|20|shiji@forstarfoods.com|SettlementSummary.php
1 Apr 2021 11:49:57|20|shiji@forstarfoods.com|SettlementSummary.php
1 Apr 2021 11:50:04|20|shiji@forstarfoods.com|SettlementSummary.php
1 Apr 2021 11:50:06|20|shiji@forstarfoods.com|SupplierPayments.php
1 Apr 2021 11:50:08|20|shiji@forstarfoods.com|SupplierPayments.php
1 Apr 2021 11:50:09|20|shiji@forstarfoods.com|SupplierPayments.php
1 Apr 2021 11:50:10|20|shiji@forstarfoods.com|SettlementSummary.php
1 Apr 2021 11:50:18|20|shiji@forstarfoods.com|SettlementSummary.php
1 Apr 2021 11:50:23|20|shiji@forstarfoods.com|SettlementSummary.php
1 Apr 2021 11:51:01|20|shiji@forstarfoods.com|SettlementSummary.php
1 Apr 2021 11:51:04|20|shiji@forstarfoods.com|SupplierPayments.php
1 Apr 2021 11:51:05|20|shiji@forstarfoods.com|SupplierPayments.php
1 Apr 2021 11:51:06|20|shiji@forstarfoods.com|SupplierPayments.php
1 Apr 2021 11:51:08|20|shiji@forstarfoods.com|SettlementSummary.php
1 Apr 2021 11:51:16|20|shiji@forstarfoods.com|SettlementSummary.php
1 Apr 2021 11:51:24|20|shiji@forstarfoods.com|SettlementSummary.php
1 Apr 2021 11:51:51|20|shiji@forstarfoods.com|SettlementSummary.php
1 Apr 2021 11:51:54|20|shiji@forstarfoods.com|SupplierPayments.php
1 Apr 2021 11:51:55|20|shiji@forstarfoods.com|SupplierPayments.php
1 Apr 2021 11:51:57|20|shiji@forstarfoods.com|SupplierPayments.php
1 Apr 2021 11:51:58|20|shiji@forstarfoods.com|SupplierAccount.php
1 Apr 2021 11:52:06|20|shiji@forstarfoods.com|SupplierAccount.php
1 Apr 2021 11:52:13|20|shiji@forstarfoods.com|SupplierAccount.php
1 Apr 2021 11:52:25|20|shiji@forstarfoods.com|SupplierAccount.php
1 Apr 2021 11:52:34|20|shiji@forstarfoods.com|SettlementSummary.php
1 Apr 2021 11:53:03|20|shiji@forstarfoods.com|SettlementSummary.php
1 Apr 2021 11:53:50|20|shiji@forstarfoods.com|SettlementSummary.php
1 Apr 2021 11:54:16|20|shiji@forstarfoods.com|SettlementSummary.php
1 Apr 2021 11:55:17|20|shiji@forstarfoods.com|SettlementSummary.php
1 Apr 2021 11:55:20|20|shiji@forstarfoods.com|SupplierPayments.php
1 Apr 2021 11:55:21|20|shiji@forstarfoods.com|SupplierPayments.php
1 Apr 2021 11:55:23|20|shiji@forstarfoods.com|SupplierPayments.php
1 Apr 2021 12:01:03|20|shiji@forstarfoods.com|PurchaseStatement.php
1 Apr 2021 12:01:16|20|shiji@forstarfoods.com|PurchaseStatement.php
1 Apr 2021 12:01:21|20|shiji@forstarfoods.com|PurchaseStatement.php
1 Apr 2021 12:01:25|20|shiji@forstarfoods.com|PurchaseStatement.php
1 Apr 2021 12:01:27|20|shiji@forstarfoods.com|PrintPurchaseStatement.php
1 Apr 2021 12:02:30|24|shashikala@forstarfoods.com|Home.php
1 Apr 2021 12:02:34|24|shashikala@forstarfoods.com|Home.php
1 Apr 2021 12:05:29|20|shiji@forstarfoods.com|PurchaseStatement.php
1 Apr 2021 12:05:32|20|shiji@forstarfoods.com|PurchaseStatement.php
1 Apr 2021 12:05:36|20|shiji@forstarfoods.com|PurchaseStatement.php
1 Apr 2021 12:05:45|20|shiji@forstarfoods.com|PrintPurchaseStatement.php
1 Apr 2021 12:07:16|20|shiji@forstarfoods.com|PurchaseStatement.php
1 Apr 2021 12:07:19|20|shiji@forstarfoods.com|PurchaseStatement.php
1 Apr 2021 12:07:22|20|shiji@forstarfoods.com|PurchaseStatement.php
1 Apr 2021 12:07:26|20|shiji@forstarfoods.com|PrintPurchaseStatement.php
1 Apr 2021 12:08:59|20|shiji@forstarfoods.com|PurchaseStatement.php
1 Apr 2021 12:09:02|20|shiji@forstarfoods.com|PurchaseStatement.php
1 Apr 2021 12:09:05|20|shiji@forstarfoods.com|PurchaseStatement.php
1 Apr 2021 12:09:07|20|shiji@forstarfoods.com|PrintPurchaseStatement.php
1 Apr 2021 12:11:37|20|shiji@forstarfoods.com|PurchaseStatement.php
1 Apr 2021 12:11:40|20|shiji@forstarfoods.com|PrintPurchaseStatement.php
1 Apr 2021 12:14:47|20|shiji@forstarfoods.com|PurchaseStatement.php
1 Apr 2021 12:14:50|20|shiji@forstarfoods.com|PurchaseStatement.php
1 Apr 2021 12:14:53|20|shiji@forstarfoods.com|PurchaseStatement.php
1 Apr 2021 12:14:56|20|shiji@forstarfoods.com|PrintPurchaseStatement.php
1 Apr 2021 12:26:36|20|shiji@forstarfoods.com|PurchaseStatement.php
1 Apr 2021 12:38:09|20|shiji@forstarfoods.com|DailyCatchSummary.php
1 Apr 2021 12:38:13|20|shiji@forstarfoods.com|DailyCatchSummary.php
1 Apr 2021 12:38:43|20|shiji@forstarfoods.com|DailyCatchSummary.php
1 Apr 2021 12:38:46|20|shiji@forstarfoods.com|DailyCatchSummary.php
1 Apr 2021 12:38:54|20|shiji@forstarfoods.com|DailyCatchSummary.php
1 Apr 2021 12:39:00|20|shiji@forstarfoods.com|DailyCatchSummary.php
1 Apr 2021 12:41:21|20|shiji@forstarfoods.com|DailyCatchEntry_New.php
1 Apr 2021 12:41:24|20|shiji@forstarfoods.com|DailyCatchEntry_New.php
1 Apr 2021 12:41:25|20|shiji@forstarfoods.com|DailyCatchEntry_New.php
1 Apr 2021 12:41:27|20|shiji@forstarfoods.com|DailyCatchEntry_New.php
1 Apr 2021 12:41:28|20|shiji@forstarfoods.com|DailyCatchEntry_New.php
1 Apr 2021 12:41:29|20|shiji@forstarfoods.com|CatchEntryDeclaredItem.php
1 Apr 2021 12:41:30|20|shiji@forstarfoods.com|DailyCatchEntry_New.php
1 Apr 2021 12:41:33|20|shiji@forstarfoods.com|DailyCatchEntry_New.php
1 Apr 2021 12:41:34|20|shiji@forstarfoods.com|DailyCatchEntry_New.php
1 Apr 2021 12:41:36|20|shiji@forstarfoods.com|DailyCatchEntry_New.php
1 Apr 2021 12:41:37|20|shiji@forstarfoods.com|DailyCatchEntry_New.php
1 Apr 2021 12:41:38|20|shiji@forstarfoods.com|DailyCatchEntry_New.php
1 Apr 2021 12:42:22|20|shiji@forstarfoods.com|DailyCatchEntry_New.php
1 Apr 2021 12:42:23|20|shiji@forstarfoods.com|DailyCatchEntry_New.php
1 Apr 2021 12:42:24|20|shiji@forstarfoods.com|DailyCatchEntry_New.php
1 Apr 2021 12:46:25|20|shiji@forstarfoods.com|DailyCatchEntry_New.php
1 Apr 2021 12:50:39|20|shiji@forstarfoods.com|DailyCatchEntry_New.php
1 Apr 2021 12:50:47|20|shiji@forstarfoods.com|DailyCatchEntry_New.php
1 Apr 2021 12:50:49|20|shiji@forstarfoods.com|DailyCatchEntry_New.php
1 Apr 2021 12:51:27|20|shiji@forstarfoods.com|DailyCatchEntry_New.php
1 Apr 2021 12:56:28|20|shiji@forstarfoods.com|DailyCatchEntry_New.php
1 Apr 2021 12:57:56|20|shiji@forstarfoods.com|SupplierMaster.php
1 Apr 2021 13:01:43|20|shiji@forstarfoods.com|SupplierMaster.php
1 Apr 2021 13:01:48|20|shiji@forstarfoods.com|SupplierMaster.php
1 Apr 2021 13:01:53|20|shiji@forstarfoods.com|SupplierMaster.php
1 Apr 2021 13:03:05|20|shiji@forstarfoods.com|PurchaseStatement.php
1 Apr 2021 13:03:16|20|shiji@forstarfoods.com|PurchaseStatement.php
1 Apr 2021 13:03:19|20|shiji@forstarfoods.com|PurchaseStatement.php
1 Apr 2021 13:03:23|20|shiji@forstarfoods.com|PurchaseStatement.php
1 Apr 2021 13:03:25|20|shiji@forstarfoods.com|PrintPurchaseStatement.php
1 Apr 2021 13:07:20|20|shiji@forstarfoods.com|PurchaseStatement.php
1 Apr 2021 13:07:24|20|shiji@forstarfoods.com|PrintPurchaseStatement.php
1 Apr 2021 13:08:47|24|shashikala@forstarfoods.com|DailyRMCB.php
1 Apr 2021 13:08:56|24|shashikala@forstarfoods.com|DailyRMCB.php
1 Apr 2021 13:08:59|24|shashikala@forstarfoods.com|DailyRMCB.php
1 Apr 2021 13:09:38|20|shiji@forstarfoods.com|DailyCatchEntry_New.php
1 Apr 2021 13:09:41|20|shiji@forstarfoods.com|DailyCatchEntry_New.php
1 Apr 2021 13:09:43|20|shiji@forstarfoods.com|DailyCatchEntry_New.php
1 Apr 2021 13:09:44|20|shiji@forstarfoods.com|DailyCatchEntry_New.php
1 Apr 2021 13:09:45|20|shiji@forstarfoods.com|DailyCatchEntry_New.php
1 Apr 2021 13:09:46|20|shiji@forstarfoods.com|CatchEntryDeclaredItem.php
1 Apr 2021 13:09:48|20|shiji@forstarfoods.com|DailyCatchEntry_New.php
1 Apr 2021 13:09:50|20|shiji@forstarfoods.com|DailyCatchEntry_New.php
1 Apr 2021 13:09:51|20|shiji@forstarfoods.com|DailyCatchEntry_New.php
1 Apr 2021 13:09:52|20|shiji@forstarfoods.com|DailyCatchEntry_New.php
1 Apr 2021 13:09:54|20|shiji@forstarfoods.com|DailyCatchEntry_New.php
1 Apr 2021 13:09:55|20|shiji@forstarfoods.com|DailyCatchEntry_New.php
1 Apr 2021 13:10:09|20|shiji@forstarfoods.com|DailyCatchEntry_New.php
1 Apr 2021 13:10:10|20|shiji@forstarfoods.com|DailyCatchEntry_New.php
1 Apr 2021 13:10:11|20|shiji@forstarfoods.com|DailyCatchEntry_New.php
1 Apr 2021 13:10:18|24|shashikala@forstarfoods.com|DailyRMCB.php
1 Apr 2021 13:10:33|20|shiji@forstarfoods.com|DailyCatchEntry_New.php
1 Apr 2021 13:10:37|20|shiji@forstarfoods.com|DailyCatchEntry_New.php
1 Apr 2021 13:10:38|20|shiji@forstarfoods.com|CatchEntryDeclaredItem.php
1 Apr 2021 13:14:43|20|shiji@forstarfoods.com|DailyCatchEntry_New.php
1 Apr 2021 13:16:24|24|shashikala@forstarfoods.com|DailyRMCB.php
1 Apr 2021 13:19:44|20|shiji@forstarfoods.com|DailyCatchEntry_New.php
1 Apr 2021 13:20:38|24|shashikala@forstarfoods.com|DailyRMCB.php
1 Apr 2021 13:20:42|24|shashikala@forstarfoods.com|DailyRMCB.php
1 Apr 2021 13:20:47|24|shashikala@forstarfoods.com|DailyRMCB.php
1 Apr 2021 13:20:51|24|shashikala@forstarfoods.com|DailyRMCB.php
1 Apr 2021 13:23:55|20|shiji@forstarfoods.com|DailyCatchEntry_New.php
1 Apr 2021 13:24:01|20|shiji@forstarfoods.com|DailyCatchEntry_New.php
1 Apr 2021 13:24:02|20|shiji@forstarfoods.com|DailyCatchEntry_New.php
1 Apr 2021 13:24:38|24|shashikala@forstarfoods.com|Home.php
1 Apr 2021 13:24:38|20|shiji@forstarfoods.com|DailyCatchEntry_New.php
1 Apr 2021 13:24:43|20|shiji@forstarfoods.com|DailyCatchEntry_New.php
1 Apr 2021 13:24:45|24|shashikala@forstarfoods.com|DailyRMCB.php
1 Apr 2021 13:24:45|20|shiji@forstarfoods.com|DailyCatchEntry_New.php
1 Apr 2021 13:24:47|20|shiji@forstarfoods.com|DailyCatchEntry_New.php
1 Apr 2021 13:25:06|20|shiji@forstarfoods.com|DailyCatchEntry_New.php
1 Apr 2021 13:25:08|24|shashikala@forstarfoods.com|DailyRMCB.php
1 Apr 2021 13:25:24|24|shashikala@forstarfoods.com|DailyRMCB.php
1 Apr 2021 13:25:31|24|shashikala@forstarfoods.com|DailyRMCB.php
1 Apr 2021 13:25:35|20|shiji@forstarfoods.com|DailyCatchEntry_New.php
1 Apr 2021 13:25:38|20|shiji@forstarfoods.com|DailyCatchEntry_New.php
1 Apr 2021 13:25:39|20|shiji@forstarfoods.com|CatchEntryDeclaredItem.php
1 Apr 2021 13:25:46|24|shashikala@forstarfoods.com|DailyRMCB.php
1 Apr 2021 13:26:39|20|shiji@forstarfoods.com|DailyCatchReport.php
1 Apr 2021 13:26:47|20|shiji@forstarfoods.com|DailyCatchReport.php
1 Apr 2021 13:27:10|20|shiji@forstarfoods.com|DailyCatchEntry_New.php
1 Apr 2021 13:27:18|20|shiji@forstarfoods.com|DailyCatchEntry_New.php
1 Apr 2021 13:27:19|20|shiji@forstarfoods.com|DailyCatchEntry_New.php
1 Apr 2021 13:27:21|20|shiji@forstarfoods.com|DailyCatchEntry_New.php
1 Apr 2021 13:27:28|20|shiji@forstarfoods.com|DailyCatchReport.php
1 Apr 2021 13:27:39|20|shiji@forstarfoods.com|DailyCatchReport.php
1 Apr 2021 13:29:11|24|shashikala@forstarfoods.com|DailyRMCB.php
1 Apr 2021 13:29:14|24|shashikala@forstarfoods.com|DailyRMCB.php
1 Apr 2021 13:29:28|24|shashikala@forstarfoods.com|DailyRMCB.php
1 Apr 2021 13:29:33|24|shashikala@forstarfoods.com|DailyRMCB.php
1 Apr 2021 13:29:49|24|shashikala@forstarfoods.com|DailyRMCB.php
1 Apr 2021 13:29:56|24|shashikala@forstarfoods.com|DailyRMCB.php
1 Apr 2021 13:30:10|24|shashikala@forstarfoods.com|DailyRMCB.php
1 Apr 2021 13:30:15|24|shashikala@forstarfoods.com|DailyRMCB.php
1 Apr 2021 13:30:23|24|shashikala@forstarfoods.com|DailyRMCB.php
1 Apr 2021 13:30:46|24|shashikala@forstarfoods.com|DailyRMCB.php
1 Apr 2021 13:30:49|24|shashikala@forstarfoods.com|DailyRMCB.php
1 Apr 2021 13:30:58|24|shashikala@forstarfoods.com|DailyRMCB.php
1 Apr 2021 13:31:03|24|shashikala@forstarfoods.com|DailyRMCB.php
1 Apr 2021 13:31:06|24|shashikala@forstarfoods.com|DailyRMCB.php
1 Apr 2021 13:32:41|24|shashikala@forstarfoods.com|DailyRMCB.php
1 Apr 2021 13:32:44|24|shashikala@forstarfoods.com|DailyRMCB.php
1 Apr 2021 13:32:49|24|shashikala@forstarfoods.com|Home.php
1 Apr 2021 13:32:52|24|shashikala@forstarfoods.com|Home.php
1 Apr 2021 13:33:11|24|shashikala@forstarfoods.com|DailyPreProcess.php
1 Apr 2021 13:33:22|24|shashikala@forstarfoods.com|DailyPreProcess.php
1 Apr 2021 13:33:38|24|shashikala@forstarfoods.com|DailyPreProcess.php
1 Apr 2021 13:33:41|24|shashikala@forstarfoods.com|DailyPreProcess.php
1 Apr 2021 13:36:53|24|shashikala@forstarfoods.com|Home.php
1 Apr 2021 13:41:06|20|shiji@forstarfoods.com|DailyCatchEntry_New.php
1 Apr 2021 13:41:09|20|shiji@forstarfoods.com|DailyCatchEntry_New.php
1 Apr 2021 13:41:10|20|shiji@forstarfoods.com|DailyCatchEntry_New.php
1 Apr 2021 13:41:12|20|shiji@forstarfoods.com|DailyCatchEntry_New.php
1 Apr 2021 13:41:13|20|shiji@forstarfoods.com|DailyCatchEntry_New.php
1 Apr 2021 13:41:14|20|shiji@forstarfoods.com|CatchEntryDeclaredItem.php
1 Apr 2021 13:41:15|20|shiji@forstarfoods.com|DailyCatchEntry_New.php
1 Apr 2021 13:41:17|20|shiji@forstarfoods.com|DailyCatchEntry_New.php
1 Apr 2021 13:41:19|20|shiji@forstarfoods.com|DailyCatchEntry_New.php
1 Apr 2021 13:41:20|20|shiji@forstarfoods.com|DailyCatchEntry_New.php
1 Apr 2021 13:41:21|20|shiji@forstarfoods.com|DailyCatchEntry_New.php
1 Apr 2021 13:41:22|20|shiji@forstarfoods.com|DailyCatchEntry_New.php
1 Apr 2021 13:41:24|20|shiji@forstarfoods.com|DailyCatchEntry_New.php
1 Apr 2021 13:41:25|20|shiji@forstarfoods.com|DailyCatchEntry_New.php
1 Apr 2021 13:41:26|20|shiji@forstarfoods.com|DailyCatchEntry_New.php
1 Apr 2021 13:41:35|20|shiji@forstarfoods.com|DailyCatchEntry_New.php
1 Apr 2021 13:41:41|20|shiji@forstarfoods.com|DailyCatchEntry_New.php
1 Apr 2021 13:41:42|20|shiji@forstarfoods.com|CatchEntryDeclaredItem.php
1 Apr 2021 13:42:02|20|shiji@forstarfoods.com|DailyCatchEntry_New.php
1 Apr 2021 13:42:11|20|shiji@forstarfoods.com|DailyCatchEntry_New.php
1 Apr 2021 13:42:12|20|shiji@forstarfoods.com|DailyCatchEntry_New.php
1 Apr 2021 13:42:17|20|shiji@forstarfoods.com|DailyCatchEntry_New.php
1 Apr 2021 13:42:20|20|shiji@forstarfoods.com|DailyCatchEntry_New.php
1 Apr 2021 13:42:25|20|shiji@forstarfoods.com|DailyCatchEntry_New.php
1 Apr 2021 13:42:34|20|shiji@forstarfoods.com|DailyCatchEntry_New.php
1 Apr 2021 13:42:39|20|shiji@forstarfoods.com|DailyCatchEntry_New.php
1 Apr 2021 13:42:41|20|shiji@forstarfoods.com|CatchEntryDeclaredItem.php
1 Apr 2021 13:42:45|20|shiji@forstarfoods.com|DailyCatchReport.php
1 Apr 2021 13:42:54|20|shiji@forstarfoods.com|DailyCatchReport.php
1 Apr 2021 13:42:59|20|shiji@forstarfoods.com|DailyCatchReport.php
1 Apr 2021 13:43:01|20|shiji@forstarfoods.com|DailyCatchReport.php
1 Apr 2021 13:43:03|20|shiji@forstarfoods.com|DailyCatchReport.php
1 Apr 2021 13:43:04|20|shiji@forstarfoods.com|DailyCatchReport.php
1 Apr 2021 13:43:06|20|shiji@forstarfoods.com|PrintDailyCatchReportMemo.php
1 Apr 2021 13:43:36|20|shiji@forstarfoods.com|DailyCatchSummary.php
1 Apr 2021 13:43:39|20|shiji@forstarfoods.com|DailyCatchSummary.php
1 Apr 2021 13:43:50|20|shiji@forstarfoods.com|DailyCatchSummary.php
1 Apr 2021 13:43:52|20|shiji@forstarfoods.com|DailyCatchSummary.php
1 Apr 2021 13:43:56|20|shiji@forstarfoods.com|DailyCatchSummary.php
1 Apr 2021 13:44:00|20|shiji@forstarfoods.com|DailyCatchSummary.php
1 Apr 2021 13:44:42|20|shiji@forstarfoods.com|DailyCatchEntry_New.php
1 Apr 2021 13:44:51|20|shiji@forstarfoods.com|DailyCatchReport.php
1 Apr 2021 13:45:00|20|shiji@forstarfoods.com|DailyCatchReport.php
1 Apr 2021 13:45:04|20|shiji@forstarfoods.com|DailyCatchReport.php
1 Apr 2021 13:45:06|20|shiji@forstarfoods.com|DailyCatchReport.php
1 Apr 2021 13:45:08|20|shiji@forstarfoods.com|DailyCatchReport.php
1 Apr 2021 13:45:09|20|shiji@forstarfoods.com|DailyCatchReport.php
1 Apr 2021 13:45:10|20|shiji@forstarfoods.com|PrintDailyCatchReportMemo.php
1 Apr 2021 13:46:00|20|shiji@forstarfoods.com|DailyCatchReport.php
1 Apr 2021 13:46:02|20|shiji@forstarfoods.com|DailyCatchReport.php
1 Apr 2021 13:46:03|20|shiji@forstarfoods.com|DailyCatchReport.php
1 Apr 2021 13:46:05|20|shiji@forstarfoods.com|SupplierAccount.php
1 Apr 2021 13:46:14|20|shiji@forstarfoods.com|SupplierAccount.php
1 Apr 2021 13:46:17|20|shiji@forstarfoods.com|SupplierAccount.php
1 Apr 2021 13:46:21|20|shiji@forstarfoods.com|SupplierAccount.php
1 Apr 2021 13:46:25|20|shiji@forstarfoods.com|SupplierAccount.php
1 Apr 2021 13:47:27|20|shiji@forstarfoods.com|SupplierAccount.php
1 Apr 2021 13:48:05|20|shiji@forstarfoods.com|SettlementSummary.php
1 Apr 2021 13:48:11|20|shiji@forstarfoods.com|SettlementSummary.php
1 Apr 2021 13:48:13|20|shiji@forstarfoods.com|SupplierPayments.php
1 Apr 2021 13:48:15|20|shiji@forstarfoods.com|SupplierPayments.php
1 Apr 2021 13:48:16|20|shiji@forstarfoods.com|SupplierPayments.php
1 Apr 2021 13:58:29|20|shiji@forstarfoods.com|PurchaseReport.php
1 Apr 2021 13:58:49|20|shiji@forstarfoods.com|PurchaseReport.php
1 Apr 2021 13:58:53|20|shiji@forstarfoods.com|PrintPurchaseSettlementMemo.php
1 Apr 2021 15:36:42|20|shiji@forstarfoods.com|DailyCatchSummary.php
1 Apr 2021 15:36:45|20|shiji@forstarfoods.com|DailyCatchSummary.php
1 Apr 2021 15:37:04|20|shiji@forstarfoods.com|DailyCatchSummary.php
1 Apr 2021 15:37:08|20|shiji@forstarfoods.com|DailyCatchSummary.php
1 Apr 2021 15:37:21|20|shiji@forstarfoods.com|DailyCatchSummary.php
1 Apr 2021 15:37:43|20|shiji@forstarfoods.com|DailyCatchSummary.php
1 Apr 2021 15:37:47|20|shiji@forstarfoods.com|DailyCatchSummary.php
1 Apr 2021 15:38:25|20|shiji@forstarfoods.com|DailyCatchReport.php
1 Apr 2021 15:38:35|20|shiji@forstarfoods.com|DailyCatchReport.php
1 Apr 2021 15:38:38|20|shiji@forstarfoods.com|DailyCatchReport.php
1 Apr 2021 15:38:40|20|shiji@forstarfoods.com|DailyCatchReport.php
1 Apr 2021 15:38:41|20|shiji@forstarfoods.com|DailyCatchReport.php
1 Apr 2021 15:38:47|20|shiji@forstarfoods.com|PrintDailyCatchReportMemo.php
1 Apr 2021 15:39:02|20|shiji@forstarfoods.com|SupplierAccount.php
1 Apr 2021 15:39:16|20|shiji@forstarfoods.com|SupplierAccount.php
1 Apr 2021 15:39:19|20|shiji@forstarfoods.com|SupplierAccount.php
1 Apr 2021 15:39:22|20|shiji@forstarfoods.com|SupplierAccount.php
1 Apr 2021 15:39:27|20|shiji@forstarfoods.com|SupplierAccount.php
1 Apr 2021 15:41:48|20|shiji@forstarfoods.com|SupplierAccount.php
1 Apr 2021 15:42:05|20|shiji@forstarfoods.com|SupplierAccount.php
1 Apr 2021 15:43:13|20|shiji@forstarfoods.com|SettlementSummary.php
1 Apr 2021 15:46:52|20|shiji@forstarfoods.com|DailyCatchEntry_New.php
1 Apr 2021 15:46:58|20|shiji@forstarfoods.com|DailyCatchEntry_New.php
1 Apr 2021 15:46:59|20|shiji@forstarfoods.com|DailyCatchEntry_New.php
1 Apr 2021 15:47:00|20|shiji@forstarfoods.com|DailyCatchEntry_New.php
1 Apr 2021 15:47:04|20|shiji@forstarfoods.com|DailyCatchEntry_New.php
1 Apr 2021 15:47:06|20|shiji@forstarfoods.com|DailyCatchEntry_New.php
1 Apr 2021 15:47:07|20|shiji@forstarfoods.com|DailyCatchEntry_New.php
1 Apr 2021 15:47:25|20|shiji@forstarfoods.com|DailyCatchEntry_New.php
1 Apr 2021 15:47:26|20|shiji@forstarfoods.com|DailyCatchEntry_New.php
1 Apr 2021 15:47:27|20|shiji@forstarfoods.com|DailyCatchEntry_New.php
1 Apr 2021 15:47:33|20|shiji@forstarfoods.com|DailyCatchEntry_New.php
1 Apr 2021 15:47:35|20|shiji@forstarfoods.com|DailyCatchEntry_New.php
1 Apr 2021 15:47:37|20|shiji@forstarfoods.com|DailyCatchEntry_New.php
1 Apr 2021 15:47:38|20|shiji@forstarfoods.com|CatchEntryDeclaredItem.php
1 Apr 2021 15:47:39|20|shiji@forstarfoods.com|DailyCatchEntry_New.php
1 Apr 2021 15:47:40|20|shiji@forstarfoods.com|CatchEntryDeclaredItem.php
1 Apr 2021 15:47:42|20|shiji@forstarfoods.com|DailyCatchEntry_New.php
1 Apr 2021 15:47:44|20|shiji@forstarfoods.com|DailyCatchEntry_New.php
1 Apr 2021 15:47:46|20|shiji@forstarfoods.com|CatchEntryDeclaredItem.php
1 Apr 2021 15:47:53|20|shiji@forstarfoods.com|DailyCatchEntry_New.php
1 Apr 2021 15:47:55|20|shiji@forstarfoods.com|DailyCatchEntry_New.php
1 Apr 2021 15:48:08|20|shiji@forstarfoods.com|DailyCatchEntry_New.php
1 Apr 2021 15:48:12|20|shiji@forstarfoods.com|DailyCatchEntry_New.php
1 Apr 2021 15:48:14|20|shiji@forstarfoods.com|DailyCatchEntry_New.php
1 Apr 2021 15:48:23|20|shiji@forstarfoods.com|DailyCatchReport.php
1 Apr 2021 15:48:31|20|shiji@forstarfoods.com|DailyCatchReport.php
1 Apr 2021 15:48:33|20|shiji@forstarfoods.com|DailyCatchReport.php
1 Apr 2021 15:48:35|20|shiji@forstarfoods.com|DailyCatchReport.php
1 Apr 2021 15:48:36|20|shiji@forstarfoods.com|DailyCatchReport.php
1 Apr 2021 15:48:39|20|shiji@forstarfoods.com|PrintDailyCatchReportMemo.php
1 Apr 2021 15:48:50|20|shiji@forstarfoods.com|DailyCatchReport.php
1 Apr 2021 15:48:52|20|shiji@forstarfoods.com|DailyCatchReport.php
1 Apr 2021 15:48:53|20|shiji@forstarfoods.com|DailyCatchReport.php
1 Apr 2021 15:48:58|20|shiji@forstarfoods.com|DailyCatchReport.php
1 Apr 2021 15:48:59|20|shiji@forstarfoods.com|DailyCatchReport.php
1 Apr 2021 15:49:01|20|shiji@forstarfoods.com|DailyCatchReport.php
1 Apr 2021 15:49:03|20|shiji@forstarfoods.com|DailyCatchReport.php
1 Apr 2021 15:49:04|20|shiji@forstarfoods.com|PrintDailyCatchReportMemo.php
1 Apr 2021 15:49:30|20|shiji@forstarfoods.com|DailyCatchReport.php
1 Apr 2021 15:49:32|20|shiji@forstarfoods.com|DailyCatchReport.php
1 Apr 2021 15:49:33|20|shiji@forstarfoods.com|DailyCatchReport.php
1 Apr 2021 15:49:37|20|shiji@forstarfoods.com|DailyCatchReport.php
1 Apr 2021 15:49:39|20|shiji@forstarfoods.com|DailyCatchReport.php
1 Apr 2021 15:49:41|20|shiji@forstarfoods.com|DailyCatchReport.php
1 Apr 2021 15:49:42|20|shiji@forstarfoods.com|DailyCatchReport.php
1 Apr 2021 15:49:44|20|shiji@forstarfoods.com|PrintDailyCatchReportMemo.php
1 Apr 2021 15:50:07|20|shiji@forstarfoods.com|DailyCatchReport.php
1 Apr 2021 15:50:09|20|shiji@forstarfoods.com|DailyCatchReport.php
1 Apr 2021 15:50:10|20|shiji@forstarfoods.com|DailyCatchReport.php
1 Apr 2021 15:50:16|20|shiji@forstarfoods.com|DailyCatchReport.php
1 Apr 2021 15:50:19|20|shiji@forstarfoods.com|DailyCatchReport.php
1 Apr 2021 15:50:20|20|shiji@forstarfoods.com|DailyCatchReport.php
1 Apr 2021 15:50:22|20|shiji@forstarfoods.com|DailyCatchReport.php
1 Apr 2021 15:50:23|20|shiji@forstarfoods.com|DailyCatchReport.php
1 Apr 2021 15:50:25|20|shiji@forstarfoods.com|PrintDailyCatchReportMemo.php
1 Apr 2021 15:50:43|20|shiji@forstarfoods.com|DailyCatchReport.php
1 Apr 2021 15:50:44|20|shiji@forstarfoods.com|DailyCatchReport.php
1 Apr 2021 15:50:45|20|shiji@forstarfoods.com|DailyCatchReport.php
1 Apr 2021 15:50:54|20|shiji@forstarfoods.com|DailyCatchReport.php
1 Apr 2021 15:50:56|20|shiji@forstarfoods.com|DailyCatchReport.php
1 Apr 2021 15:50:57|20|shiji@forstarfoods.com|DailyCatchReport.php
1 Apr 2021 15:50:59|20|shiji@forstarfoods.com|DailyCatchReport.php
1 Apr 2021 15:51:01|20|shiji@forstarfoods.com|DailyCatchReport.php
1 Apr 2021 15:51:03|20|shiji@forstarfoods.com|DailyCatchReport.php
1 Apr 2021 15:51:04|20|shiji@forstarfoods.com|DailyCatchReport.php
1 Apr 2021 15:51:05|20|shiji@forstarfoods.com|PrintDailyCatchReportMemo.php
1 Apr 2021 15:51:51|20|shiji@forstarfoods.com|DailyCatchReport.php
1 Apr 2021 15:51:52|20|shiji@forstarfoods.com|DailyCatchReport.php
1 Apr 2021 15:51:54|20|shiji@forstarfoods.com|DailyCatchReport.php
1 Apr 2021 15:52:13|20|shiji@forstarfoods.com|SupplierAccount.php
1 Apr 2021 15:52:22|20|shiji@forstarfoods.com|SupplierAccount.php
1 Apr 2021 15:52:25|20|shiji@forstarfoods.com|SupplierAccount.php
1 Apr 2021 15:52:27|20|shiji@forstarfoods.com|SupplierAccount.php
1 Apr 2021 15:52:33|20|shiji@forstarfoods.com|SupplierAccount.php
1 Apr 2021 15:52:48|20|shiji@forstarfoods.com|SupplierAccount.php
1 Apr 2021 15:52:52|20|shiji@forstarfoods.com|SupplierAccount.php
1 Apr 2021 15:52:54|20|shiji@forstarfoods.com|SupplierAccount.php
1 Apr 2021 15:53:08|20|shiji@forstarfoods.com|SupplierAccount.php
1 Apr 2021 15:53:23|20|shiji@forstarfoods.com|SupplierAccount.php
1 Apr 2021 15:53:26|20|shiji@forstarfoods.com|SupplierAccount.php
1 Apr 2021 15:54:23|20|shiji@forstarfoods.com|SupplierAccount.php
1 Apr 2021 15:54:28|20|shiji@forstarfoods.com|SupplierAccount.php
1 Apr 2021 15:54:32|20|shiji@forstarfoods.com|SupplierAccount.php
1 Apr 2021 15:55:12|20|shiji@forstarfoods.com|SupplierAccount.php
1 Apr 2021 15:55:17|20|shiji@forstarfoods.com|SupplierAccount.php
1 Apr 2021 15:55:19|20|shiji@forstarfoods.com|SupplierAccount.php
1 Apr 2021 15:55:37|20|shiji@forstarfoods.com|SupplierAccount.php
1 Apr 2021 15:55:48|20|shiji@forstarfoods.com|SettlementSummary.php
1 Apr 2021 15:55:54|20|shiji@forstarfoods.com|SettlementSummary.php
1 Apr 2021 15:55:57|20|shiji@forstarfoods.com|SupplierPayments.php
1 Apr 2021 15:55:58|20|shiji@forstarfoods.com|SupplierPayments.php
1 Apr 2021 15:55:59|20|shiji@forstarfoods.com|SupplierPayments.php
1 Apr 2021 15:56:01|20|shiji@forstarfoods.com|SettlementSummary.php
1 Apr 2021 15:56:13|20|shiji@forstarfoods.com|SettlementSummary.php
1 Apr 2021 15:56:22|20|shiji@forstarfoods.com|SettlementSummary.php
1 Apr 2021 15:56:42|20|shiji@forstarfoods.com|SettlementSummary.php
1 Apr 2021 15:56:44|20|shiji@forstarfoods.com|SupplierPayments.php
1 Apr 2021 15:56:46|20|shiji@forstarfoods.com|SupplierPayments.php
1 Apr 2021 15:56:47|20|shiji@forstarfoods.com|SupplierPayments.php
1 Apr 2021 15:56:48|20|shiji@forstarfoods.com|SettlementSummary.php
1 Apr 2021 15:56:56|20|shiji@forstarfoods.com|SettlementSummary.php
1 Apr 2021 15:57:01|20|shiji@forstarfoods.com|SettlementSummary.php
1 Apr 2021 15:57:08|20|shiji@forstarfoods.com|SettlementSummary.php
1 Apr 2021 15:57:10|20|shiji@forstarfoods.com|SupplierPayments.php
1 Apr 2021 15:57:12|20|shiji@forstarfoods.com|SupplierPayments.php
1 Apr 2021 15:57:13|20|shiji@forstarfoods.com|SupplierPayments.php
1 Apr 2021 15:57:14|20|shiji@forstarfoods.com|SettlementSummary.php
1 Apr 2021 15:57:21|20|shiji@forstarfoods.com|SettlementSummary.php
1 Apr 2021 15:57:25|20|shiji@forstarfoods.com|SettlementSummary.php
1 Apr 2021 15:57:31|20|shiji@forstarfoods.com|SettlementSummary.php
1 Apr 2021 15:57:33|20|shiji@forstarfoods.com|SupplierPayments.php
1 Apr 2021 15:57:35|20|shiji@forstarfoods.com|SupplierPayments.php
1 Apr 2021 15:57:36|20|shiji@forstarfoods.com|SupplierPayments.php
1 Apr 2021 15:57:38|20|shiji@forstarfoods.com|SettlementSummary.php
1 Apr 2021 15:57:49|20|shiji@forstarfoods.com|SettlementSummary.php
1 Apr 2021 15:57:54|20|shiji@forstarfoods.com|SettlementSummary.php
1 Apr 2021 15:58:01|20|shiji@forstarfoods.com|SettlementSummary.php
1 Apr 2021 15:58:03|20|shiji@forstarfoods.com|SupplierPayments.php
1 Apr 2021 15:58:05|20|shiji@forstarfoods.com|SupplierPayments.php
1 Apr 2021 15:58:06|20|shiji@forstarfoods.com|SupplierPayments.php
1 Apr 2021 15:58:14|20|shiji@forstarfoods.com|PurchaseReport.php
1 Apr 2021 15:58:23|20|shiji@forstarfoods.com|PurchaseReport.php
1 Apr 2021 15:58:27|20|shiji@forstarfoods.com|PrintPurchaseSettlementMemo.php
1 Apr 2021 15:59:06|20|shiji@forstarfoods.com|PurchaseReport.php
1 Apr 2021 15:59:09|20|shiji@forstarfoods.com|PrintPurchaseSettlementMemo.php
1 Apr 2021 15:59:52|20|shiji@forstarfoods.com|PurchaseReport.php
1 Apr 2021 15:59:56|20|shiji@forstarfoods.com|PrintPurchaseSettlementMemo.php
1 Apr 2021 16:00:45|20|shiji@forstarfoods.com|PurchaseReport.php
1 Apr 2021 16:00:53|20|shiji@forstarfoods.com|PurchaseReport.php
1 Apr 2021 16:00:57|20|shiji@forstarfoods.com|PrintPurchaseSettlementMemo.php
1 Apr 2021 16:01:35|20|shiji@forstarfoods.com|PurchaseReport.php
1 Apr 2021 16:01:38|20|shiji@forstarfoods.com|PrintPurchaseSettlementMemo.php
1 Apr 2021 16:17:33|10|moni@forstarfoods.com|Home.php
1 Apr 2021 16:17:43|10|moni@forstarfoods.com|CompanyDetails.php
1 Apr 2021 16:17:51|10|moni@forstarfoods.com|BillingCompanyMaster.php
1 Apr 2021 16:18:24|10|moni@forstarfoods.com|BillingCompanyMaster.php
1 Apr 2021 16:18:31|10|moni@forstarfoods.com|BillingCompanyMaster.php
1 Apr 2021 16:18:48|10|moni@forstarfoods.com|BillingCompanyMaster.php
1 Apr 2021 16:19:05|10|moni@forstarfoods.com|BillingCompanyMaster.php
1 Apr 2021 16:19:10|10|moni@forstarfoods.com|BillingCompanyMaster.php
1 Apr 2021 16:19:27|10|moni@forstarfoods.com|BillingCompanyMaster.php
1 Apr 2021 16:19:33|10|moni@forstarfoods.com|BillingCompanyMaster.php
1 Apr 2021 16:19:54|10|moni@forstarfoods.com|BillingCompanyMaster.php
1 Apr 2021 16:19:58|10|moni@forstarfoods.com|BillingCompanyMaster.php
1 Apr 2021 16:20:05|10|moni@forstarfoods.com|BillingCompanyMaster.php
1 Apr 2021 16:20:31|10|moni@forstarfoods.com|BillingCompanyMaster.php
1 Apr 2021 16:20:34|10|moni@forstarfoods.com|BillingCompanyMaster.php
1 Apr 2021 16:20:41|10|moni@forstarfoods.com|BillingCompanyMaster.php
1 Apr 2021 16:20:44|10|moni@forstarfoods.com|BillingCompanyMaster.php
1 Apr 2021 16:20:49|10|moni@forstarfoods.com|ManageUsers.php
1 Apr 2021 16:21:00|10|moni@forstarfoods.com|ManageUsers.php
1 Apr 2021 16:21:18|10|moni@forstarfoods.com|ManageUsers.php
1 Apr 2021 16:21:19|10|moni@forstarfoods.com|ManageUsers.php
1 Apr 2021 16:21:34|10|moni@forstarfoods.com|ManageUsers.php
1 Apr 2021 16:21:53|10|moni@forstarfoods.com|ManageUsers.php
1 Apr 2021 16:21:54|10|moni@forstarfoods.com|ManageUsers.php
1 Apr 2021 16:21:58|10|moni@forstarfoods.com|ManageUsers.php
1 Apr 2021 16:22:20|10|moni@forstarfoods.com|ManageUsers.php
1 Apr 2021 16:22:31|10|moni@forstarfoods.com|ManageUsers.php
1 Apr 2021 16:23:29|20|shiji@forstarfoods.com|DailyCatchEntry_New.php
1 Apr 2021 16:23:44|20|shiji@forstarfoods.com|DailyCatchEntry_New.php
1 Apr 2021 16:23:45|20|shiji@forstarfoods.com|DailyCatchEntry_New.php
1 Apr 2021 16:23:46|20|shiji@forstarfoods.com|DailyCatchEntry_New.php
1 Apr 2021 16:23:48|20|shiji@forstarfoods.com|DailyCatchEntry_New.php
1 Apr 2021 16:23:50|20|shiji@forstarfoods.com|DailyCatchEntry_New.php
1 Apr 2021 16:23:51|20|shiji@forstarfoods.com|DailyCatchEntry_New.php
1 Apr 2021 16:23:52|20|shiji@forstarfoods.com|DailyCatchEntry_New.php
1 Apr 2021 16:23:53|20|shiji@forstarfoods.com|DailyCatchEntry_New.php
1 Apr 2021 16:23:55|20|shiji@forstarfoods.com|DailyCatchEntry_New.php
1 Apr 2021 16:24:17|20|shiji@forstarfoods.com|DailyCatchEntry_New.php
1 Apr 2021 16:24:19|20|shiji@forstarfoods.com|DailyCatchEntry_New.php
1 Apr 2021 16:24:20|20|shiji@forstarfoods.com|DailyCatchEntry_New.php
1 Apr 2021 16:24:21|20|shiji@forstarfoods.com|DailyCatchEntry_New.php
1 Apr 2021 16:24:22|20|shiji@forstarfoods.com|CatchEntryDeclaredItem.php
1 Apr 2021 16:24:24|20|shiji@forstarfoods.com|DailyCatchEntry_New.php
1 Apr 2021 16:24:59|20|shiji@forstarfoods.com|DailyCatchEntry_New.php
1 Apr 2021 16:25:00|10|moni@forstarfoods.com|Home.php
1 Apr 2021 16:25:05|20|shiji@forstarfoods.com|DailyCatchEntry_New.php
1 Apr 2021 16:25:06|20|shiji@forstarfoods.com|DailyCatchEntry_New.php
1 Apr 2021 16:25:07|20|shiji@forstarfoods.com|DailyCatchEntry_New.php
1 Apr 2021 16:25:08|20|shiji@forstarfoods.com|DailyCatchEntry_New.php
1 Apr 2021 16:25:09|10|moni@forstarfoods.com|PurchaseReport.php
1 Apr 2021 16:25:09|20|shiji@forstarfoods.com|DailyCatchEntry_New.php
1 Apr 2021 16:25:11|20|shiji@forstarfoods.com|DailyCatchEntry_New.php
1 Apr 2021 16:25:12|20|shiji@forstarfoods.com|DailyCatchEntry_New.php
1 Apr 2021 16:25:13|20|shiji@forstarfoods.com|DailyCatchEntry_New.php
1 Apr 2021 16:25:14|20|shiji@forstarfoods.com|DailyCatchEntry_New.php
1 Apr 2021 16:25:23|20|shiji@forstarfoods.com|DailyCatchEntry_New.php
1 Apr 2021 16:25:24|20|shiji@forstarfoods.com|DailyCatchEntry_New.php
1 Apr 2021 16:25:26|10|moni@forstarfoods.com|PurchaseReport.php
1 Apr 2021 16:25:28|20|shiji@forstarfoods.com|DailyCatchEntry_New.php
1 Apr 2021 16:25:29|20|shiji@forstarfoods.com|DailyCatchEntry_New.php
1 Apr 2021 16:25:30|20|shiji@forstarfoods.com|DailyCatchEntry_New.php
1 Apr 2021 16:25:33|20|shiji@forstarfoods.com|DailyCatchEntry_New.php
1 Apr 2021 16:25:34|20|shiji@forstarfoods.com|DailyCatchEntry_New.php
1 Apr 2021 16:25:35|20|shiji@forstarfoods.com|DailyCatchEntry_New.php
1 Apr 2021 16:25:38|10|moni@forstarfoods.com|PurchaseReport.php
1 Apr 2021 16:25:41|20|shiji@forstarfoods.com|DailyCatchEntry_New.php
1 Apr 2021 16:25:42|20|shiji@forstarfoods.com|DailyCatchEntry_New.php
1 Apr 2021 16:25:43|20|shiji@forstarfoods.com|DailyCatchEntry_New.php
1 Apr 2021 16:25:46|20|shiji@forstarfoods.com|DailyCatchEntry_New.php
1 Apr 2021 16:25:49|20|shiji@forstarfoods.com|DailyCatchEntry_New.php
1 Apr 2021 16:25:50|20|shiji@forstarfoods.com|DailyCatchEntry_New.php
1 Apr 2021 16:25:52|20|shiji@forstarfoods.com|CatchEntryDeclaredItem.php
1 Apr 2021 16:25:53|20|shiji@forstarfoods.com|DailyCatchEntry_New.php
1 Apr 2021 16:25:54|20|shiji@forstarfoods.com|CatchEntryDeclaredItem.php
1 Apr 2021 16:25:54|10|moni@forstarfoods.com|Home.php
1 Apr 2021 16:26:01|20|shiji@forstarfoods.com|DailyCatchEntry_New.php
1 Apr 2021 16:26:02|20|shiji@forstarfoods.com|DailyCatchEntry_New.php
1 Apr 2021 16:26:03|20|shiji@forstarfoods.com|DailyCatchEntry_New.php
1 Apr 2021 16:26:04|20|shiji@forstarfoods.com|DailyCatchEntry_New.php