
21 Jan 2022 11:45:12|20|shiji@forstarfoods.com|DailyCatchEntry_New.php
21 Jan 2022 11:45:12|20|shiji@forstarfoods.com|DailyCatchEntry_New.php
21 Jan 2022 11:45:12|20|shiji@forstarfoods.com|DailyCatchEntry_New.php
21 Jan 2022 11:45:13|20|shiji@forstarfoods.com|DailyCatchEntry_New.php
21 Jan 2022 11:45:13|20|shiji@forstarfoods.com|DailyCatchEntry_New.php
21 Jan 2022 11:45:13|20|shiji@forstarfoods.com|DailyCatchEntry_New.php
21 Jan 2022 11:45:14|20|shiji@forstarfoods.com|DailyCatchEntry_New.php
21 Jan 2022 11:45:17|20|shiji@forstarfoods.com|DailyCatchEntry_New.php
21 Jan 2022 11:45:17|20|shiji@forstarfoods.com|DailyCatchEntry_New.php
21 Jan 2022 11:45:27|20|shiji@forstarfoods.com|DailyCatchEntry_New.php
21 Jan 2022 11:45:28|20|shiji@forstarfoods.com|DailyCatchEntry_New.php
21 Jan 2022 11:45:30|20|shiji@forstarfoods.com|CatchEntryDeclaredItem.php
21 Jan 2022 11:45:37|20|shiji@forstarfoods.com|DailyCatchEntry_New.php
21 Jan 2022 11:45:39|20|shiji@forstarfoods.com|DailyCatchEntry_New.php
21 Jan 2022 11:45:40|20|shiji@forstarfoods.com|DailyCatchEntry_New.php
21 Jan 2022 11:45:41|20|shiji@forstarfoods.com|DailyCatchEntry_New.php
21 Jan 2022 11:45:41|20|shiji@forstarfoods.com|DailyCatchEntry_New.php
21 Jan 2022 11:45:41|20|shiji@forstarfoods.com|DailyCatchEntry_New.php
21 Jan 2022 11:45:42|20|shiji@forstarfoods.com|DailyCatchEntry_New.php
21 Jan 2022 11:45:42|20|shiji@forstarfoods.com|DailyCatchEntry_New.php
21 Jan 2022 11:45:42|20|shiji@forstarfoods.com|DailyCatchEntry_New.php
21 Jan 2022 11:45:42|20|shiji@forstarfoods.com|DailyCatchEntry_New.php
21 Jan 2022 11:45:43|20|shiji@forstarfoods.com|DailyCatchEntry_New.php
21 Jan 2022 11:45:44|20|shiji@forstarfoods.com|DailyCatchEntry_New.php
21 Jan 2022 11:45:44|20|shiji@forstarfoods.com|DailyCatchEntry_New.php
21 Jan 2022 11:45:44|20|shiji@forstarfoods.com|DailyCatchEntry_New.php
21 Jan 2022 11:45:45|20|shiji@forstarfoods.com|DailyCatchEntry_New.php
21 Jan 2022 11:45:45|20|shiji@forstarfoods.com|DailyCatchEntry_New.php
21 Jan 2022 11:45:45|20|shiji@forstarfoods.com|DailyCatchEntry_New.php
21 Jan 2022 11:45:46|20|shiji@forstarfoods.com|DailyCatchEntry_New.php
21 Jan 2022 11:45:46|20|shiji@forstarfoods.com|DailyCatchEntry_New.php
21 Jan 2022 11:45:46|20|shiji@forstarfoods.com|DailyCatchEntry_New.php
21 Jan 2022 11:45:46|20|shiji@forstarfoods.com|DailyCatchEntry_New.php
21 Jan 2022 11:45:47|20|shiji@forstarfoods.com|DailyCatchEntry_New.php
21 Jan 2022 11:45:47|20|shiji@forstarfoods.com|DailyCatchEntry_New.php
21 Jan 2022 11:45:47|20|shiji@forstarfoods.com|DailyCatchEntry_New.php
21 Jan 2022 11:45:49|20|shiji@forstarfoods.com|DailyCatchEntry_New.php
21 Jan 2022 11:45:49|20|shiji@forstarfoods.com|DailyCatchEntry_New.php
21 Jan 2022 11:45:57|20|shiji@forstarfoods.com|DailyCatchEntry_New.php
21 Jan 2022 11:45:58|20|shiji@forstarfoods.com|DailyCatchEntry_New.php
21 Jan 2022 11:45:59|20|shiji@forstarfoods.com|CatchEntryDeclaredItem.php
21 Jan 2022 11:46:04|20|shiji@forstarfoods.com|DailyCatchEntry_New.php
21 Jan 2022 11:46:05|20|shiji@forstarfoods.com|DailyCatchEntry_New.php
21 Jan 2022 11:46:07|20|shiji@forstarfoods.com|DailyCatchEntry_New.php
21 Jan 2022 11:46:07|20|shiji@forstarfoods.com|DailyCatchEntry_New.php
21 Jan 2022 11:46:08|20|shiji@forstarfoods.com|DailyCatchEntry_New.php
21 Jan 2022 11:46:08|20|shiji@forstarfoods.com|DailyCatchEntry_New.php
21 Jan 2022 11:46:08|20|shiji@forstarfoods.com|DailyCatchEntry_New.php
21 Jan 2022 11:46:08|20|shiji@forstarfoods.com|DailyCatchEntry_New.php
21 Jan 2022 11:46:09|20|shiji@forstarfoods.com|DailyCatchEntry_New.php
21 Jan 2022 11:46:09|20|shiji@forstarfoods.com|DailyCatchEntry_New.php
21 Jan 2022 11:46:09|20|shiji@forstarfoods.com|DailyCatchEntry_New.php
21 Jan 2022 11:46:10|20|shiji@forstarfoods.com|DailyCatchEntry_New.php
21 Jan 2022 11:46:10|20|shiji@forstarfoods.com|DailyCatchEntry_New.php
21 Jan 2022 11:46:10|20|shiji@forstarfoods.com|DailyCatchEntry_New.php
21 Jan 2022 11:46:10|20|shiji@forstarfoods.com|DailyCatchEntry_New.php
21 Jan 2022 11:46:11|20|shiji@forstarfoods.com|DailyCatchEntry_New.php
21 Jan 2022 11:46:11|20|shiji@forstarfoods.com|DailyCatchEntry_New.php
21 Jan 2022 11:46:11|20|shiji@forstarfoods.com|DailyCatchEntry_New.php
21 Jan 2022 11:46:23|20|shiji@forstarfoods.com|DailyCatchEntry_New.php
21 Jan 2022 11:46:24|20|shiji@forstarfoods.com|DailyCatchEntry_New.php
21 Jan 2022 11:46:25|20|shiji@forstarfoods.com|CatchEntryDeclaredItem.php
21 Jan 2022 11:46:30|20|shiji@forstarfoods.com|DailyCatchEntry_New.php
21 Jan 2022 11:46:33|20|shiji@forstarfoods.com|DailyCatchEntry_New.php
21 Jan 2022 11:46:35|20|shiji@forstarfoods.com|DailyCatchEntry_New.php
21 Jan 2022 11:46:36|20|shiji@forstarfoods.com|DailyCatchEntry_New.php
21 Jan 2022 11:46:37|20|shiji@forstarfoods.com|DailyCatchEntry_New.php
21 Jan 2022 11:46:37|20|shiji@forstarfoods.com|DailyCatchEntry_New.php
21 Jan 2022 11:46:37|20|shiji@forstarfoods.com|DailyCatchEntry_New.php
21 Jan 2022 11:46:38|20|shiji@forstarfoods.com|DailyCatchEntry_New.php
21 Jan 2022 11:46:38|20|shiji@forstarfoods.com|DailyCatchEntry_New.php
21 Jan 2022 11:46:38|20|shiji@forstarfoods.com|DailyCatchEntry_New.php
21 Jan 2022 11:46:39|20|shiji@forstarfoods.com|DailyCatchEntry_New.php
21 Jan 2022 11:46:39|20|shiji@forstarfoods.com|DailyCatchEntry_New.php
21 Jan 2022 11:46:39|20|shiji@forstarfoods.com|DailyCatchEntry_New.php
21 Jan 2022 11:46:39|20|shiji@forstarfoods.com|DailyCatchEntry_New.php
21 Jan 2022 11:46:40|20|shiji@forstarfoods.com|DailyCatchEntry_New.php
21 Jan 2022 11:46:41|20|shiji@forstarfoods.com|DailyCatchEntry_New.php
21 Jan 2022 11:46:42|20|shiji@forstarfoods.com|DailyCatchEntry_New.php
21 Jan 2022 11:48:59|20|shiji@forstarfoods.com|CatchEntryDeclaredItem.php
21 Jan 2022 11:49:48|20|shiji@forstarfoods.com|DailyCatchEntry_New.php
21 Jan 2022 11:54:49|20|shiji@forstarfoods.com|DailyCatchEntry_New.php
21 Jan 2022 11:59:49|20|shiji@forstarfoods.com|DailyCatchEntry_New.php
21 Jan 2022 12:04:49|20|shiji@forstarfoods.com|DailyCatchEntry_New.php
21 Jan 2022 12:08:55|20|shiji@forstarfoods.com|DailyCatchSummary.php
21 Jan 2022 12:08:57|20|shiji@forstarfoods.com|DailyCatchSummary.php
21 Jan 2022 12:09:01|20|shiji@forstarfoods.com|DailyCatchSummary.php
21 Jan 2022 12:09:03|20|shiji@forstarfoods.com|DailyCatchSummary.php
21 Jan 2022 12:09:05|20|shiji@forstarfoods.com|DailyCatchSummary.php
21 Jan 2022 12:09:09|20|shiji@forstarfoods.com|DailyCatchSummary.php
21 Jan 2022 12:12:14|20|shiji@forstarfoods.com|DailyCatchSummary.php
21 Jan 2022 12:12:18|20|shiji@forstarfoods.com|DailyCatchSummary.php
21 Jan 2022 12:12:25|20|shiji@forstarfoods.com|DailyCatchSummary.php
21 Jan 2022 12:12:33|20|shiji@forstarfoods.com|DailyCatchSummary.php
21 Jan 2022 12:12:36|20|shiji@forstarfoods.com|DailyCatchSummary.php
21 Jan 2022 12:12:55|20|shiji@forstarfoods.com|DailyCatchSummary.php
21 Jan 2022 12:12:57|20|shiji@forstarfoods.com|DailyCatchSummary.php
21 Jan 2022 12:13:04|20|shiji@forstarfoods.com|DailyCatchSummary.php
21 Jan 2022 12:13:06|20|shiji@forstarfoods.com|DailyCatchSummary.php
21 Jan 2022 12:13:11|20|shiji@forstarfoods.com|DailyCatchSummary.php
21 Jan 2022 12:13:13|20|shiji@forstarfoods.com|DailyCatchSummary.php
21 Jan 2022 12:14:05|20|shiji@forstarfoods.com|DailyCatchSummary.php
21 Jan 2022 12:14:07|20|shiji@forstarfoods.com|DailyCatchSummary.php
21 Jan 2022 12:20:56|20|shiji@forstarfoods.com|DailyCatchSummary.php
21 Jan 2022 12:20:59|20|shiji@forstarfoods.com|DailyCatchSummary.php
21 Jan 2022 12:21:02|20|shiji@forstarfoods.com|DailyCatchSummary.php
21 Jan 2022 12:21:03|20|shiji@forstarfoods.com|DailyCatchSummary.php
21 Jan 2022 12:24:58|20|shiji@forstarfoods.com|SettlementSummary.php
21 Jan 2022 12:25:05|20|shiji@forstarfoods.com|SettlementSummary.php
21 Jan 2022 12:25:13|20|shiji@forstarfoods.com|SettlementSummary.php
21 Jan 2022 12:25:24|20|shiji@forstarfoods.com|SettlementSummary.php
21 Jan 2022 12:25:27|20|shiji@forstarfoods.com|SupplierPayments.php
21 Jan 2022 12:25:28|20|shiji@forstarfoods.com|SupplierPayments.php
21 Jan 2022 12:25:28|20|shiji@forstarfoods.com|SupplierPayments.php
21 Jan 2022 12:26:06|20|shiji@forstarfoods.com|SettlementSummary.php
21 Jan 2022 12:26:27|20|shiji@forstarfoods.com|SettlementSummary.php
21 Jan 2022 12:26:34|20|shiji@forstarfoods.com|SettlementSummary.php
21 Jan 2022 12:33:18|20|shiji@forstarfoods.com|SettlementSummary.php
21 Jan 2022 12:33:22|20|shiji@forstarfoods.com|SupplierPayments.php
21 Jan 2022 12:33:22|20|shiji@forstarfoods.com|SupplierPayments.php
21 Jan 2022 12:33:22|20|shiji@forstarfoods.com|SupplierPayments.php
21 Jan 2022 12:33:29|20|shiji@forstarfoods.com|SettlementSummary.php
21 Jan 2022 12:33:34|20|shiji@forstarfoods.com|SettlementSummary.php
21 Jan 2022 12:33:42|20|shiji@forstarfoods.com|SettlementSummary.php
21 Jan 2022 12:33:49|20|shiji@forstarfoods.com|SettlementSummary.php
21 Jan 2022 12:33:53|20|shiji@forstarfoods.com|SupplierPayments.php
21 Jan 2022 12:33:53|20|shiji@forstarfoods.com|SupplierPayments.php
21 Jan 2022 12:33:53|20|shiji@forstarfoods.com|SupplierPayments.php
21 Jan 2022 12:33:58|20|shiji@forstarfoods.com|DailyCatchSummary.php
21 Jan 2022 12:34:00|20|shiji@forstarfoods.com|DailyCatchSummary.php
21 Jan 2022 12:34:10|20|shiji@forstarfoods.com|DailyCatchSummary.php
21 Jan 2022 12:34:12|20|shiji@forstarfoods.com|DailyCatchSummary.php
21 Jan 2022 12:34:15|20|shiji@forstarfoods.com|DailyCatchSummary.php
21 Jan 2022 12:34:19|20|shiji@forstarfoods.com|DailyCatchSummary.php
21 Jan 2022 12:35:14|20|shiji@forstarfoods.com|DailyCatchSummary.php
21 Jan 2022 12:35:16|20|shiji@forstarfoods.com|DailyCatchSummary.php
21 Jan 2022 12:37:32|20|shiji@forstarfoods.com|DailyCatchSummary.php
21 Jan 2022 12:39:53|20|shiji@forstarfoods.com|SettlementSummary.php
21 Jan 2022 12:39:58|20|shiji@forstarfoods.com|SettlementSummary.php
21 Jan 2022 12:40:03|20|shiji@forstarfoods.com|SettlementSummary.php
21 Jan 2022 12:40:50|20|shiji@forstarfoods.com|SettlementSummary.php
21 Jan 2022 12:40:53|20|shiji@forstarfoods.com|SupplierPayments.php
21 Jan 2022 12:40:54|20|shiji@forstarfoods.com|SupplierPayments.php
21 Jan 2022 12:40:54|20|shiji@forstarfoods.com|SupplierPayments.php
21 Jan 2022 12:41:09|20|shiji@forstarfoods.com|SettlementSummary.php
21 Jan 2022 12:41:19|20|shiji@forstarfoods.com|SettlementSummary.php
21 Jan 2022 12:41:28|20|shiji@forstarfoods.com|SettlementSummary.php
21 Jan 2022 12:41:53|20|shiji@forstarfoods.com|DailyCatchSummary.php
21 Jan 2022 12:41:55|20|shiji@forstarfoods.com|DailyCatchSummary.php
21 Jan 2022 12:42:03|20|shiji@forstarfoods.com|DailyCatchSummary.php
21 Jan 2022 12:42:04|20|shiji@forstarfoods.com|DailyCatchSummary.php
21 Jan 2022 12:42:09|20|shiji@forstarfoods.com|DailyCatchSummary.php
21 Jan 2022 12:42:13|20|shiji@forstarfoods.com|DailyCatchSummary.php
21 Jan 2022 12:42:49|20|shiji@forstarfoods.com|SettlementSummary.php
21 Jan 2022 12:42:53|20|shiji@forstarfoods.com|SettlementSummary.php
21 Jan 2022 12:43:00|20|shiji@forstarfoods.com|SettlementSummary.php
21 Jan 2022 12:43:08|20|shiji@forstarfoods.com|SettlementSummary.php
21 Jan 2022 12:43:11|20|shiji@forstarfoods.com|SupplierPayments.php
21 Jan 2022 12:43:12|20|shiji@forstarfoods.com|SupplierPayments.php
21 Jan 2022 12:43:12|20|shiji@forstarfoods.com|SupplierPayments.php
21 Jan 2022 12:43:14|20|shiji@forstarfoods.com|SettlementSummary.php
21 Jan 2022 12:43:24|20|shiji@forstarfoods.com|DailyCatchSummary.php
21 Jan 2022 12:43:27|20|shiji@forstarfoods.com|DailyCatchSummary.php
21 Jan 2022 12:43:43|20|shiji@forstarfoods.com|DailyCatchSummary.php
21 Jan 2022 12:44:14|20|shiji@forstarfoods.com|DailyCatchSummary.php
21 Jan 2022 12:44:18|20|shiji@forstarfoods.com|DailyCatchSummary.php
21 Jan 2022 12:44:21|20|shiji@forstarfoods.com|DailyCatchSummary.php
21 Jan 2022 12:49:49|20|shiji@forstarfoods.com|SettlementSummary.php
21 Jan 2022 12:49:53|20|shiji@forstarfoods.com|SettlementSummary.php
21 Jan 2022 12:50:01|20|shiji@forstarfoods.com|SettlementSummary.php
21 Jan 2022 12:50:39|20|shiji@forstarfoods.com|SettlementSummary.php
21 Jan 2022 12:50:42|20|shiji@forstarfoods.com|SupplierPayments.php
21 Jan 2022 12:50:43|20|shiji@forstarfoods.com|SupplierPayments.php
21 Jan 2022 12:50:43|20|shiji@forstarfoods.com|SupplierPayments.php
21 Jan 2022 12:50:48|20|shiji@forstarfoods.com|DailyCatchSummary.php
21 Jan 2022 12:50:50|20|shiji@forstarfoods.com|DailyCatchSummary.php
21 Jan 2022 12:50:55|20|shiji@forstarfoods.com|DailyCatchSummary.php
21 Jan 2022 12:50:57|20|shiji@forstarfoods.com|DailyCatchSummary.php
21 Jan 2022 12:51:00|20|shiji@forstarfoods.com|DailyCatchSummary.php
21 Jan 2022 12:51:03|20|shiji@forstarfoods.com|DailyCatchSummary.php
21 Jan 2022 12:51:25|20|shiji@forstarfoods.com|DailyCatchSummary.php
21 Jan 2022 12:51:27|20|shiji@forstarfoods.com|DailyCatchSummary.php
21 Jan 2022 12:52:04|20|shiji@forstarfoods.com|SettlementSummary.php
21 Jan 2022 12:52:10|20|shiji@forstarfoods.com|SettlementSummary.php
21 Jan 2022 12:52:15|20|shiji@forstarfoods.com|SettlementSummary.php
21 Jan 2022 12:52:33|20|shiji@forstarfoods.com|SettlementSummary.php
21 Jan 2022 12:52:36|20|shiji@forstarfoods.com|SupplierPayments.php
21 Jan 2022 12:52:36|20|shiji@forstarfoods.com|SupplierPayments.php
21 Jan 2022 12:52:37|20|shiji@forstarfoods.com|SupplierPayments.php
21 Jan 2022 12:52:45|20|shiji@forstarfoods.com|SettlementSummary.php
21 Jan 2022 12:52:50|20|shiji@forstarfoods.com|DailyCatchSummary.php
21 Jan 2022 12:52:55|20|shiji@forstarfoods.com|DailyCatchSummary.php
21 Jan 2022 12:53:00|20|shiji@forstarfoods.com|DailyCatchSummary.php
21 Jan 2022 12:53:02|20|shiji@forstarfoods.com|DailyCatchSummary.php
21 Jan 2022 12:53:05|20|shiji@forstarfoods.com|DailyCatchSummary.php
21 Jan 2022 12:53:09|20|shiji@forstarfoods.com|DailyCatchSummary.php
21 Jan 2022 12:54:25|20|shiji@forstarfoods.com|SupplierMaster.php
21 Jan 2022 12:54:30|20|shiji@forstarfoods.com|SupplierMaster.php
21 Jan 2022 12:54:34|20|shiji@forstarfoods.com|SupplierMaster.php
21 Jan 2022 12:54:43|20|shiji@forstarfoods.com|SupplierMaster.php
21 Jan 2022 12:54:47|20|shiji@forstarfoods.com|SupplierMaster.php
21 Jan 2022 12:54:50|20|shiji@forstarfoods.com|SupplierMaster.php
21 Jan 2022 12:56:56|20|shiji@forstarfoods.com|SettlementSummary.php
21 Jan 2022 12:57:07|20|shiji@forstarfoods.com|SettlementSummary.php
21 Jan 2022 12:57:13|20|shiji@forstarfoods.com|SettlementSummary.php
21 Jan 2022 12:58:04|20|shiji@forstarfoods.com|SettlementSummary.php
21 Jan 2022 12:58:07|20|shiji@forstarfoods.com|SupplierPayments.php
21 Jan 2022 12:58:08|20|shiji@forstarfoods.com|SupplierPayments.php
21 Jan 2022 12:58:08|20|shiji@forstarfoods.com|SupplierPayments.php
21 Jan 2022 12:58:22|20|shiji@forstarfoods.com|SettlementSummary.php
21 Jan 2022 12:58:25|20|shiji@forstarfoods.com|DailyCatchSummary.php
21 Jan 2022 12:58:27|20|shiji@forstarfoods.com|DailyCatchSummary.php
21 Jan 2022 12:58:32|20|shiji@forstarfoods.com|DailyCatchSummary.php
21 Jan 2022 12:58:35|20|shiji@forstarfoods.com|DailyCatchSummary.php
21 Jan 2022 12:58:44|20|shiji@forstarfoods.com|DailyCatchSummary.php
21 Jan 2022 12:58:48|20|shiji@forstarfoods.com|DailyCatchSummary.php
21 Jan 2022 13:04:28|20|shiji@forstarfoods.com|SettlementSummary.php
21 Jan 2022 13:04:34|20|shiji@forstarfoods.com|SettlementSummary.php
21 Jan 2022 13:04:41|20|shiji@forstarfoods.com|SettlementSummary.php
21 Jan 2022 13:05:23|20|shiji@forstarfoods.com|SettlementSummary.php
21 Jan 2022 13:05:27|20|shiji@forstarfoods.com|SupplierPayments.php
21 Jan 2022 13:05:27|20|shiji@forstarfoods.com|SupplierPayments.php
21 Jan 2022 13:05:27|20|shiji@forstarfoods.com|SupplierPayments.php
21 Jan 2022 13:07:14|20|shiji@forstarfoods.com|SupplierMaster.php
21 Jan 2022 13:07:27|20|shiji@forstarfoods.com|SupplierMaster.php
21 Jan 2022 13:07:32|20|shiji@forstarfoods.com|SupplierMaster.php
21 Jan 2022 13:07:35|20|shiji@forstarfoods.com|SupplierMaster.php
21 Jan 2022 13:08:09|20|shiji@forstarfoods.com|SupplierMaster.php
21 Jan 2022 13:08:13|20|shiji@forstarfoods.com|SupplierMaster.php
21 Jan 2022 13:08:18|20|shiji@forstarfoods.com|SupplierMaster.php
21 Jan 2022 13:08:21|20|shiji@forstarfoods.com|SupplierMaster.php
21 Jan 2022 13:09:00|20|shiji@forstarfoods.com|SettlementSummary.php
21 Jan 2022 13:09:06|20|shiji@forstarfoods.com|SettlementSummary.php
21 Jan 2022 13:09:19|20|shiji@forstarfoods.com|SettlementSummary.php
21 Jan 2022 13:09:33|20|shiji@forstarfoods.com|SettlementSummary.php
21 Jan 2022 13:09:45|20|shiji@forstarfoods.com|SettlementSummary.php
21 Jan 2022 13:09:50|20|shiji@forstarfoods.com|DailyCatchSummary.php
21 Jan 2022 13:09:52|20|shiji@forstarfoods.com|DailyCatchSummary.php
21 Jan 2022 13:09:56|20|shiji@forstarfoods.com|DailyCatchSummary.php
21 Jan 2022 13:09:58|20|shiji@forstarfoods.com|DailyCatchSummary.php
21 Jan 2022 13:10:01|20|shiji@forstarfoods.com|DailyCatchSummary.php
21 Jan 2022 13:10:05|20|shiji@forstarfoods.com|DailyCatchSummary.php
21 Jan 2022 13:10:29|20|shiji@forstarfoods.com|SettlementSummary.php
21 Jan 2022 13:10:33|20|shiji@forstarfoods.com|SettlementSummary.php
21 Jan 2022 13:10:38|20|shiji@forstarfoods.com|SettlementSummary.php
21 Jan 2022 13:11:09|20|shiji@forstarfoods.com|SettlementSummary.php
21 Jan 2022 13:11:12|20|shiji@forstarfoods.com|SupplierPayments.php
21 Jan 2022 13:11:13|20|shiji@forstarfoods.com|SupplierPayments.php
21 Jan 2022 13:11:13|20|shiji@forstarfoods.com|SupplierPayments.php
21 Jan 2022 13:11:16|20|shiji@forstarfoods.com|DailyCatchSummary.php
21 Jan 2022 13:11:18|20|shiji@forstarfoods.com|DailyCatchSummary.php
21 Jan 2022 13:11:24|20|shiji@forstarfoods.com|DailyCatchSummary.php
21 Jan 2022 13:11:26|20|shiji@forstarfoods.com|DailyCatchSummary.php
21 Jan 2022 13:11:29|20|shiji@forstarfoods.com|DailyCatchSummary.php
21 Jan 2022 13:11:32|20|shiji@forstarfoods.com|DailyCatchSummary.php
21 Jan 2022 13:12:14|20|shiji@forstarfoods.com|SettlementSummary.php
21 Jan 2022 13:12:19|20|shiji@forstarfoods.com|SettlementSummary.php
21 Jan 2022 13:12:28|20|shiji@forstarfoods.com|SettlementSummary.php
21 Jan 2022 13:13:09|20|shiji@forstarfoods.com|SettlementSummary.php
21 Jan 2022 13:13:12|20|shiji@forstarfoods.com|SupplierPayments.php
21 Jan 2022 13:13:13|20|shiji@forstarfoods.com|SupplierPayments.php
21 Jan 2022 13:13:13|20|shiji@forstarfoods.com|SupplierPayments.php
21 Jan 2022 13:14:29|20|shiji@forstarfoods.com|SettlementSummary.php
21 Jan 2022 13:14:35|20|shiji@forstarfoods.com|SettlementSummary.php
21 Jan 2022 13:15:02|20|shiji@forstarfoods.com|SettlementSummary.php
21 Jan 2022 13:15:28|20|shiji@forstarfoods.com|SettlementSummary.php
21 Jan 2022 13:15:31|20|shiji@forstarfoods.com|SupplierPayments.php
21 Jan 2022 13:15:32|20|shiji@forstarfoods.com|SupplierPayments.php
21 Jan 2022 13:15:32|20|shiji@forstarfoods.com|SupplierPayments.php
21 Jan 2022 13:15:38|20|shiji@forstarfoods.com|SettlementSummary.php
21 Jan 2022 13:15:43|20|shiji@forstarfoods.com|SettlementSummary.php
21 Jan 2022 13:15:51|20|shiji@forstarfoods.com|SettlementSummary.php
21 Jan 2022 13:16:14|20|shiji@forstarfoods.com|SettlementSummary.php
21 Jan 2022 13:16:17|20|shiji@forstarfoods.com|SupplierPayments.php
21 Jan 2022 13:16:18|20|shiji@forstarfoods.com|SupplierPayments.php
21 Jan 2022 13:16:18|20|shiji@forstarfoods.com|SupplierPayments.php
21 Jan 2022 13:16:21|20|shiji@forstarfoods.com|SettlementSummary.php
21 Jan 2022 13:16:26|20|shiji@forstarfoods.com|SettlementSummary.php
21 Jan 2022 13:16:31|20|shiji@forstarfoods.com|SettlementSummary.php
21 Jan 2022 13:16:47|20|shiji@forstarfoods.com|SettlementSummary.php
21 Jan 2022 13:16:50|20|shiji@forstarfoods.com|SupplierPayments.php
21 Jan 2022 13:16:50|20|shiji@forstarfoods.com|SupplierPayments.php
21 Jan 2022 13:16:51|20|shiji@forstarfoods.com|SupplierPayments.php
21 Jan 2022 13:16:53|20|shiji@forstarfoods.com|SettlementSummary.php
21 Jan 2022 13:17:04|20|shiji@forstarfoods.com|SettlementSummary.php
21 Jan 2022 13:17:12|20|shiji@forstarfoods.com|SettlementSummary.php
21 Jan 2022 13:17:17|20|shiji@forstarfoods.com|SettlementSummary.php
21 Jan 2022 13:17:34|20|shiji@forstarfoods.com|SettlementSummary.php
21 Jan 2022 13:17:37|20|shiji@forstarfoods.com|SupplierPayments.php
21 Jan 2022 13:17:38|20|shiji@forstarfoods.com|SupplierPayments.php
21 Jan 2022 13:17:38|20|shiji@forstarfoods.com|SupplierPayments.php
21 Jan 2022 13:17:40|20|shiji@forstarfoods.com|SettlementSummary.php
21 Jan 2022 13:17:44|20|shiji@forstarfoods.com|SettlementSummary.php
21 Jan 2022 13:17:50|20|shiji@forstarfoods.com|SettlementSummary.php
21 Jan 2022 13:17:58|20|shiji@forstarfoods.com|SettlementSummary.php
21 Jan 2022 13:18:01|20|shiji@forstarfoods.com|SupplierPayments.php
21 Jan 2022 13:18:02|20|shiji@forstarfoods.com|SupplierPayments.php
21 Jan 2022 13:18:02|20|shiji@forstarfoods.com|SupplierPayments.php
21 Jan 2022 13:18:04|20|shiji@forstarfoods.com|SettlementSummary.php
21 Jan 2022 13:18:09|20|shiji@forstarfoods.com|SettlementSummary.php
21 Jan 2022 13:18:14|20|shiji@forstarfoods.com|SettlementSummary.php
21 Jan 2022 13:18:30|20|shiji@forstarfoods.com|SettlementSummary.php
21 Jan 2022 13:18:34|20|shiji@forstarfoods.com|SupplierPayments.php
21 Jan 2022 13:18:34|20|shiji@forstarfoods.com|SupplierPayments.php
21 Jan 2022 13:18:35|20|shiji@forstarfoods.com|SupplierPayments.php
21 Jan 2022 13:18:39|20|shiji@forstarfoods.com|SettlementSummary.php
21 Jan 2022 13:18:43|20|shiji@forstarfoods.com|SettlementSummary.php
21 Jan 2022 13:18:49|20|shiji@forstarfoods.com|SettlementSummary.php
21 Jan 2022 13:19:01|20|shiji@forstarfoods.com|SettlementSummary.php
21 Jan 2022 13:19:04|20|shiji@forstarfoods.com|SupplierPayments.php
21 Jan 2022 13:19:05|20|shiji@forstarfoods.com|SupplierPayments.php
21 Jan 2022 13:19:05|20|shiji@forstarfoods.com|SupplierPayments.php
21 Jan 2022 13:19:08|20|shiji@forstarfoods.com|SettlementSummary.php
21 Jan 2022 13:19:13|20|shiji@forstarfoods.com|SettlementSummary.php
21 Jan 2022 13:19:18|20|shiji@forstarfoods.com|SettlementSummary.php
21 Jan 2022 13:19:29|20|shiji@forstarfoods.com|SettlementSummary.php
21 Jan 2022 13:19:32|20|shiji@forstarfoods.com|SupplierPayments.php
21 Jan 2022 13:19:33|20|shiji@forstarfoods.com|SupplierPayments.php
21 Jan 2022 13:19:33|20|shiji@forstarfoods.com|SupplierPayments.php
21 Jan 2022 13:19:47|20|shiji@forstarfoods.com|PurchaseStatement.php
21 Jan 2022 13:19:53|20|shiji@forstarfoods.com|PurchaseStatement.php
21 Jan 2022 13:19:56|20|shiji@forstarfoods.com|PurchaseStatement.php
21 Jan 2022 13:19:58|20|shiji@forstarfoods.com|PurchaseStatement.php
21 Jan 2022 13:20:00|20|shiji@forstarfoods.com|PrintPurchaseStatement.php
21 Jan 2022 13:22:30|20|shiji@forstarfoods.com|PrintPurchaseStatement.php
21 Jan 2022 13:56:36|20|shiji@forstarfoods.com|PurchaseStatement.php
21 Jan 2022 13:56:38|20|shiji@forstarfoods.com|PrintPurchaseStatement.php
21 Jan 2022 13:57:48|20|shiji@forstarfoods.com|PrintPurchaseStatement.php
21 Jan 2022 14:00:37|20|shiji@forstarfoods.com|PurchaseStatement.php
21 Jan 2022 14:00:40|20|shiji@forstarfoods.com|PurchaseStatement.php
21 Jan 2022 14:00:42|20|shiji@forstarfoods.com|PurchaseStatement.php
21 Jan 2022 14:00:43|20|shiji@forstarfoods.com|PrintPurchaseStatement.php
21 Jan 2022 14:04:17|20|shiji@forstarfoods.com|PrintPurchaseStatement.php
21 Jan 2022 14:06:35|20|shiji@forstarfoods.com|PurchaseStatement.php
21 Jan 2022 14:06:37|20|shiji@forstarfoods.com|PrintPurchaseStatement.php
21 Jan 2022 14:07:52|20|shiji@forstarfoods.com|PrintPurchaseStatement.php
21 Jan 2022 14:09:39|20|shiji@forstarfoods.com|PurchaseStatement.php
21 Jan 2022 14:09:42|20|shiji@forstarfoods.com|PurchaseStatement.php
21 Jan 2022 14:09:44|20|shiji@forstarfoods.com|PurchaseStatement.php
21 Jan 2022 14:09:45|20|shiji@forstarfoods.com|PrintPurchaseStatement.php
21 Jan 2022 14:11:17|20|shiji@forstarfoods.com|PrintPurchaseStatement.php
21 Jan 2022 14:12:02|20|shiji@forstarfoods.com|PurchaseStatement.php
21 Jan 2022 14:12:06|20|shiji@forstarfoods.com|PrintPurchaseStatement.php
21 Jan 2022 14:13:54|20|shiji@forstarfoods.com|PrintPurchaseStatement.php
21 Jan 2022 14:15:31|20|shiji@forstarfoods.com|PurchaseStatement.php
21 Jan 2022 14:15:33|20|shiji@forstarfoods.com|PurchaseStatement.php
21 Jan 2022 14:15:49|20|shiji@forstarfoods.com|PurchaseStatement.php
21 Jan 2022 14:15:52|20|shiji@forstarfoods.com|PrintPurchaseStatement.php
21 Jan 2022 14:16:43|20|shiji@forstarfoods.com|PrintPurchaseStatement.php
21 Jan 2022 14:53:17|20|shiji@forstarfoods.com|PurchaseStatement.php
22 Jan 2022 10:48:32|20|shiji@forstarfoods.com|Home.php
22 Jan 2022 10:48:42|20|shiji@forstarfoods.com|DailyCatchEntry_New.php
22 Jan 2022 10:48:46|20|shiji@forstarfoods.com|DailyCatchEntry_New.php
22 Jan 2022 10:48:47|20|shiji@forstarfoods.com|DailyCatchEntry_New.php
22 Jan 2022 10:48:47|20|shiji@forstarfoods.com|DailyCatchEntry_New.php
22 Jan 2022 10:48:48|20|shiji@forstarfoods.com|DailyCatchEntry_New.php
22 Jan 2022 10:48:48|20|shiji@forstarfoods.com|CatchEntryDeclaredItem.php
22 Jan 2022 10:48:48|20|shiji@forstarfoods.com|DailyCatchEntry_New.php
22 Jan 2022 10:48:50|20|shiji@forstarfoods.com|DailyCatchEntry_New.php
22 Jan 2022 10:48:50|20|shiji@forstarfoods.com|DailyCatchEntry_New.php
22 Jan 2022 10:48:51|20|shiji@forstarfoods.com|DailyCatchEntry_New.php
22 Jan 2022 10:48:51|20|shiji@forstarfoods.com|DailyCatchEntry_New.php
22 Jan 2022 10:48:51|20|shiji@forstarfoods.com|DailyCatchEntry_New.php
22 Jan 2022 10:48:53|20|shiji@forstarfoods.com|DailyCatchEntry_New.php
22 Jan 2022 10:48:53|20|shiji@forstarfoods.com|DailyCatchEntry_New.php
22 Jan 2022 10:48:53|20|shiji@forstarfoods.com|DailyCatchEntry_New.php
22 Jan 2022 10:49:04|20|shiji@forstarfoods.com|DailyCatchEntry_New.php
22 Jan 2022 10:49:09|20|shiji@forstarfoods.com|DailyCatchEntry_New.php
22 Jan 2022 10:49:10|20|shiji@forstarfoods.com|CatchEntryDeclaredItem.php
22 Jan 2022 10:49:57|20|shiji@forstarfoods.com|DailyCatchEntry_New.php
22 Jan 2022 10:49:59|20|shiji@forstarfoods.com|DailyCatchEntry_New.php
22 Jan 2022 10:49:59|20|shiji@forstarfoods.com|DailyCatchEntry_New.php
22 Jan 2022 10:50:02|20|shiji@forstarfoods.com|DailyCatchEntry_New.php
22 Jan 2022 10:50:02|20|shiji@forstarfoods.com|DailyCatchEntry_New.php
22 Jan 2022 10:50:05|20|shiji@forstarfoods.com|DailyCatchEntry_New.php
22 Jan 2022 10:50:06|20|shiji@forstarfoods.com|DailyCatchEntry_New.php
22 Jan 2022 10:50:08|20|shiji@forstarfoods.com|DailyCatchEntry_New.php
22 Jan 2022 10:50:09|20|shiji@forstarfoods.com|DailyCatchEntry_New.php
22 Jan 2022 10:50:09|20|shiji@forstarfoods.com|DailyCatchEntry_New.php
22 Jan 2022 10:50:09|20|shiji@forstarfoods.com|DailyCatchEntry_New.php
22 Jan 2022 10:50:10|20|shiji@forstarfoods.com|DailyCatchEntry_New.php
22 Jan 2022 10:50:10|20|shiji@forstarfoods.com|DailyCatchEntry_New.php
22 Jan 2022 10:50:10|20|shiji@forstarfoods.com|DailyCatchEntry_New.php
22 Jan 2022 10:50:10|20|shiji@forstarfoods.com|DailyCatchEntry_New.php
22 Jan 2022 10:50:11|20|shiji@forstarfoods.com|DailyCatchEntry_New.php
22 Jan 2022 10:50:11|20|shiji@forstarfoods.com|DailyCatchEntry_New.php
22 Jan 2022 10:50:11|20|shiji@forstarfoods.com|DailyCatchEntry_New.php
22 Jan 2022 10:50:12|20|shiji@forstarfoods.com|DailyCatchEntry_New.php
22 Jan 2022 10:50:12|20|shiji@forstarfoods.com|DailyCatchEntry_New.php
22 Jan 2022 10:50:12|20|shiji@forstarfoods.com|DailyCatchEntry_New.php
22 Jan 2022 10:50:12|20|shiji@forstarfoods.com|DailyCatchEntry_New.php
22 Jan 2022 10:50:13|20|shiji@forstarfoods.com|DailyCatchEntry_New.php
22 Jan 2022 10:50:13|20|shiji@forstarfoods.com|DailyCatchEntry_New.php
22 Jan 2022 10:50:13|20|shiji@forstarfoods.com|DailyCatchEntry_New.php
22 Jan 2022 10:50:14|20|shiji@forstarfoods.com|DailyCatchEntry_New.php
22 Jan 2022 10:50:14|20|shiji@forstarfoods.com|DailyCatchEntry_New.php
22 Jan 2022 10:50:14|20|shiji@forstarfoods.com|DailyCatchEntry_New.php
22 Jan 2022 10:50:14|20|shiji@forstarfoods.com|DailyCatchEntry_New.php
22 Jan 2022 10:50:15|20|shiji@forstarfoods.com|DailyCatchEntry_New.php
22 Jan 2022 10:50:15|20|shiji@forstarfoods.com|DailyCatchEntry_New.php
22 Jan 2022 10:50:15|20|shiji@forstarfoods.com|DailyCatchEntry_New.php
22 Jan 2022 10:50:16|20|shiji@forstarfoods.com|DailyCatchEntry_New.php
22 Jan 2022 10:50:16|20|shiji@forstarfoods.com|DailyCatchEntry_New.php
22 Jan 2022 10:50:16|20|shiji@forstarfoods.com|DailyCatchEntry_New.php
22 Jan 2022 10:50:17|20|shiji@forstarfoods.com|DailyCatchEntry_New.php
22 Jan 2022 10:50:17|20|shiji@forstarfoods.com|DailyCatchEntry_New.php
22 Jan 2022 10:50:17|20|shiji@forstarfoods.com|DailyCatchEntry_New.php
22 Jan 2022 10:50:17|20|shiji@forstarfoods.com|DailyCatchEntry_New.php
22 Jan 2022 10:53:47|20|shiji@forstarfoods.com|DailyCatchEntry_New.php
22 Jan 2022 10:54:43|20|shiji@forstarfoods.com|DailyCatchEntry_New.php
22 Jan 2022 10:54:45|20|shiji@forstarfoods.com|DailyCatchEntry_New.php
22 Jan 2022 10:54:46|20|shiji@forstarfoods.com|CatchEntryDeclaredItem.php
22 Jan 2022 10:54:59|20|shiji@forstarfoods.com|DailyCatchEntry_New.php
22 Jan 2022 10:55:00|20|shiji@forstarfoods.com|DailyCatchEntry_New.php
22 Jan 2022 10:55:05|20|shiji@forstarfoods.com|DailyCatchEntry_New.php
22 Jan 2022 10:55:05|20|shiji@forstarfoods.com|DailyCatchEntry_New.php
22 Jan 2022 10:55:06|20|shiji@forstarfoods.com|DailyCatchEntry_New.php
22 Jan 2022 10:55:06|20|shiji@forstarfoods.com|DailyCatchEntry_New.php
22 Jan 2022 10:55:06|20|shiji@forstarfoods.com|DailyCatchEntry_New.php
22 Jan 2022 10:55:07|20|shiji@forstarfoods.com|DailyCatchEntry_New.php
22 Jan 2022 10:55:07|20|shiji@forstarfoods.com|DailyCatchEntry_New.php
22 Jan 2022 10:55:08|20|shiji@forstarfoods.com|DailyCatchEntry_New.php
22 Jan 2022 10:55:24|20|shiji@forstarfoods.com|DailyCatchEntry_New.php
22 Jan 2022 10:55:27|20|shiji@forstarfoods.com|DailyCatchEntry_New.php
22 Jan 2022 10:55:28|20|shiji@forstarfoods.com|CatchEntryDeclaredItem.php
22 Jan 2022 10:55:41|20|shiji@forstarfoods.com|DailyCatchEntry_New.php
22 Jan 2022 10:55:42|20|shiji@forstarfoods.com|DailyCatchEntry_New.php
22 Jan 2022 10:55:44|20|shiji@forstarfoods.com|DailyCatchEntry_New.php
22 Jan 2022 10:55:44|20|shiji@forstarfoods.com|DailyCatchEntry_New.php
22 Jan 2022 10:55:45|20|shiji@forstarfoods.com|DailyCatchEntry_New.php
22 Jan 2022 10:55:45|20|shiji@forstarfoods.com|DailyCatchEntry_New.php
22 Jan 2022 10:55:45|20|shiji@forstarfoods.com|DailyCatchEntry_New.php
22 Jan 2022 10:55:46|20|shiji@forstarfoods.com|DailyCatchEntry_New.php
22 Jan 2022 10:55:47|20|shiji@forstarfoods.com|DailyCatchEntry_New.php
22 Jan 2022 10:55:47|20|shiji@forstarfoods.com|DailyCatchEntry_New.php
22 Jan 2022 10:55:53|20|shiji@forstarfoods.com|DailyCatchEntry_New.php
22 Jan 2022 10:55:54|20|shiji@forstarfoods.com|DailyCatchEntry_New.php
22 Jan 2022 10:55:56|20|shiji@forstarfoods.com|CatchEntryDeclaredItem.php
22 Jan 2022 10:56:03|20|shiji@forstarfoods.com|DailyCatchEntry_New.php
22 Jan 2022 10:56:03|20|shiji@forstarfoods.com|DailyCatchEntry_New.php
22 Jan 2022 10:56:03|20|shiji@forstarfoods.com|DailyCatchEntry_New.php
22 Jan 2022 10:57:15|20|shiji@forstarfoods.com|DailyCatchEntry_New.php
22 Jan 2022 10:57:29|20|shiji@forstarfoods.com|DailyCatchEntry_New.php
22 Jan 2022 10:57:29|20|shiji@forstarfoods.com|CatchEntryDeclaredItem.php
22 Jan 2022 10:58:05|20|shiji@forstarfoods.com|DailyCatchEntry_New.php
22 Jan 2022 10:58:48|20|shiji@forstarfoods.com|DailyCatchEntry_New.php
22 Jan 2022 10:59:58|20|shiji@forstarfoods.com|DailyCatchEntry_New.php
22 Jan 2022 11:00:00|20|shiji@forstarfoods.com|DailyCatchEntry_New.php
22 Jan 2022 11:00:04|20|shiji@forstarfoods.com|DailyCatchEntry_New.php
22 Jan 2022 11:00:05|20|shiji@forstarfoods.com|DailyCatchEntry_New.php
22 Jan 2022 11:00:05|20|shiji@forstarfoods.com|DailyCatchEntry_New.php
22 Jan 2022 11:00:05|20|shiji@forstarfoods.com|DailyCatchEntry_New.php
22 Jan 2022 11:00:05|20|shiji@forstarfoods.com|DailyCatchEntry_New.php
22 Jan 2022 11:00:06|20|shiji@forstarfoods.com|DailyCatchEntry_New.php
22 Jan 2022 11:00:06|20|shiji@forstarfoods.com|DailyCatchEntry_New.php
22 Jan 2022 11:00:07|20|shiji@forstarfoods.com|DailyCatchEntry_New.php
22 Jan 2022 11:00:07|20|shiji@forstarfoods.com|DailyCatchEntry_New.php
22 Jan 2022 11:00:07|20|shiji@forstarfoods.com|DailyCatchEntry_New.php
22 Jan 2022 11:00:08|20|shiji@forstarfoods.com|DailyCatchEntry_New.php
22 Jan 2022 11:00:08|20|shiji@forstarfoods.com|DailyCatchEntry_New.php
22 Jan 2022 11:00:08|20|shiji@forstarfoods.com|DailyCatchEntry_New.php
22 Jan 2022 11:00:09|20|shiji@forstarfoods.com|DailyCatchEntry_New.php
22 Jan 2022 11:00:09|20|shiji@forstarfoods.com|DailyCatchEntry_New.php
22 Jan 2022 11:00:09|20|shiji@forstarfoods.com|DailyCatchEntry_New.php
22 Jan 2022 11:00:09|20|shiji@forstarfoods.com|DailyCatchEntry_New.php
22 Jan 2022 11:00:10|20|shiji@forstarfoods.com|DailyCatchEntry_New.php
22 Jan 2022 11:00:10|20|shiji@forstarfoods.com|DailyCatchEntry_New.php
22 Jan 2022 11:00:10|20|shiji@forstarfoods.com|DailyCatchEntry_New.php
22 Jan 2022 11:00:11|20|shiji@forstarfoods.com|DailyCatchEntry_New.php
22 Jan 2022 11:00:11|20|shiji@forstarfoods.com|DailyCatchEntry_New.php
22 Jan 2022 11:00:12|20|shiji@forstarfoods.com|DailyCatchEntry_New.php
22 Jan 2022 11:00:12|20|shiji@forstarfoods.com|DailyCatchEntry_New.php
22 Jan 2022 11:03:48|20|shiji@forstarfoods.com|DailyCatchEntry_New.php
22 Jan 2022 11:08:21|20|shiji@forstarfoods.com|DailyCatchEntry_New.php
22 Jan 2022 11:08:23|20|shiji@forstarfoods.com|DailyCatchEntry_New.php
22 Jan 2022 11:08:24|20|shiji@forstarfoods.com|CatchEntryDeclaredItem.php
22 Jan 2022 11:08:27|20|shiji@forstarfoods.com|DailyCatchEntry_New.php
22 Jan 2022 11:08:30|20|shiji@forstarfoods.com|DailyCatchEntry_New.php
22 Jan 2022 11:08:45|20|shiji@forstarfoods.com|DailyCatchEntry_New.php
22 Jan 2022 11:08:45|20|shiji@forstarfoods.com|DailyCatchEntry_New.php
22 Jan 2022 11:08:46|20|shiji@forstarfoods.com|DailyCatchEntry_New.php
22 Jan 2022 11:08:46|20|shiji@forstarfoods.com|DailyCatchEntry_New.php
22 Jan 2022 11:08:46|20|shiji@forstarfoods.com|DailyCatchEntry_New.php
22 Jan 2022 11:08:46|20|shiji@forstarfoods.com|DailyCatchEntry_New.php
22 Jan 2022 11:08:47|20|shiji@forstarfoods.com|DailyCatchEntry_New.php
22 Jan 2022 11:08:48|20|shiji@forstarfoods.com|DailyCatchEntry_New.php
22 Jan 2022 11:08:48|20|shiji@forstarfoods.com|DailyCatchEntry_New.php
22 Jan 2022 11:08:56|20|shiji@forstarfoods.com|DailyCatchEntry_New.php
22 Jan 2022 11:08:59|20|shiji@forstarfoods.com|DailyCatchEntry_New.php
22 Jan 2022 11:09:00|20|shiji@forstarfoods.com|CatchEntryDeclaredItem.php
22 Jan 2022 11:09:04|20|shiji@forstarfoods.com|DailyCatchEntry_New.php
22 Jan 2022 11:09:05|20|shiji@forstarfoods.com|DailyCatchEntry_New.php
22 Jan 2022 11:09:11|20|shiji@forstarfoods.com|DailyCatchEntry_New.php
22 Jan 2022 11:09:11|20|shiji@forstarfoods.com|DailyCatchEntry_New.php
22 Jan 2022 11:09:11|20|shiji@forstarfoods.com|DailyCatchEntry_New.php
22 Jan 2022 11:09:12|20|shiji@forstarfoods.com|DailyCatchEntry_New.php
22 Jan 2022 11:09:12|20|shiji@forstarfoods.com|DailyCatchEntry_New.php
22 Jan 2022 11:09:12|20|shiji@forstarfoods.com|DailyCatchEntry_New.php
22 Jan 2022 11:09:12|20|shiji@forstarfoods.com|DailyCatchEntry_New.php
22 Jan 2022 11:09:13|20|shiji@forstarfoods.com|DailyCatchEntry_New.php
22 Jan 2022 11:09:13|20|shiji@forstarfoods.com|DailyCatchEntry_New.php
22 Jan 2022 11:09:13|20|shiji@forstarfoods.com|DailyCatchEntry_New.php
22 Jan 2022 11:09:14|20|shiji@forstarfoods.com|DailyCatchEntry_New.php
22 Jan 2022 11:09:14|20|shiji@forstarfoods.com|DailyCatchEntry_New.php
22 Jan 2022 11:09:14|20|shiji@forstarfoods.com|DailyCatchEntry_New.php
22 Jan 2022 11:09:15|20|shiji@forstarfoods.com|DailyCatchEntry_New.php
22 Jan 2022 11:09:15|20|shiji@forstarfoods.com|DailyCatchEntry_New.php
22 Jan 2022 11:09:15|20|shiji@forstarfoods.com|DailyCatchEntry_New.php
22 Jan 2022 11:09:16|20|shiji@forstarfoods.com|DailyCatchEntry_New.php
22 Jan 2022 11:09:16|20|shiji@forstarfoods.com|DailyCatchEntry_New.php
22 Jan 2022 11:09:18|20|shiji@forstarfoods.com|DailyCatchEntry_New.php
22 Jan 2022 11:09:18|20|shiji@forstarfoods.com|DailyCatchEntry_New.php
22 Jan 2022 11:09:18|20|shiji@forstarfoods.com|DailyCatchEntry_New.php
22 Jan 2022 11:09:19|20|shiji@forstarfoods.com|DailyCatchEntry_New.php
22 Jan 2022 11:09:19|20|shiji@forstarfoods.com|DailyCatchEntry_New.php
22 Jan 2022 11:09:19|20|shiji@forstarfoods.com|DailyCatchEntry_New.php
22 Jan 2022 11:09:19|20|shiji@forstarfoods.com|DailyCatchEntry_New.php
22 Jan 2022 11:09:20|20|shiji@forstarfoods.com|DailyCatchEntry_New.php
22 Jan 2022 11:09:22|20|shiji@forstarfoods.com|DailyCatchEntry_New.php
22 Jan 2022 11:09:22|20|shiji@forstarfoods.com|DailyCatchEntry_New.php
22 Jan 2022 11:09:44|20|shiji@forstarfoods.com|DailyCatchEntry_New.php
22 Jan 2022 11:09:45|20|shiji@forstarfoods.com|DailyCatchEntry_New.php
22 Jan 2022 11:09:46|20|shiji@forstarfoods.com|CatchEntryDeclaredItem.php
22 Jan 2022 11:09:50|20|shiji@forstarfoods.com|DailyCatchEntry_New.php
22 Jan 2022 11:09:52|20|shiji@forstarfoods.com|DailyCatchEntry_New.php
22 Jan 2022 11:09:54|20|shiji@forstarfoods.com|DailyCatchEntry_New.php
22 Jan 2022 11:09:54|20|shiji@forstarfoods.com|DailyCatchEntry_New.php
22 Jan 2022 11:09:54|20|shiji@forstarfoods.com|DailyCatchEntry_New.php
22 Jan 2022 11:09:55|20|shiji@forstarfoods.com|DailyCatchEntry_New.php
22 Jan 2022 11:09:55|20|shiji@forstarfoods.com|DailyCatchEntry_New.php
22 Jan 2022 11:09:55|20|shiji@forstarfoods.com|DailyCatchEntry_New.php
22 Jan 2022 11:09:56|20|shiji@forstarfoods.com|DailyCatchEntry_New.php
22 Jan 2022 11:09:56|20|shiji@forstarfoods.com|DailyCatchEntry_New.php
22 Jan 2022 11:09:56|20|shiji@forstarfoods.com|DailyCatchEntry_New.php
22 Jan 2022 11:09:56|20|shiji@forstarfoods.com|DailyCatchEntry_New.php
22 Jan 2022 11:09:57|20|shiji@forstarfoods.com|DailyCatchEntry_New.php
22 Jan 2022 11:09:57|20|shiji@forstarfoods.com|DailyCatchEntry_New.php
22 Jan 2022 11:09:57|20|shiji@forstarfoods.com|DailyCatchEntry_New.php
22 Jan 2022 11:09:58|20|shiji@forstarfoods.com|DailyCatchEntry_New.php
22 Jan 2022 11:09:58|20|shiji@forstarfoods.com|DailyCatchEntry_New.php
22 Jan 2022 11:09:58|20|shiji@forstarfoods.com|DailyCatchEntry_New.php
22 Jan 2022 11:10:45|20|shiji@forstarfoods.com|DailyCatchEntry_New.php
22 Jan 2022 11:10:55|20|shiji@forstarfoods.com|DailyCatchEntry_New.php
22 Jan 2022 11:10:56|20|shiji@forstarfoods.com|DailyCatchEntry_New.php
22 Jan 2022 11:10:57|20|shiji@forstarfoods.com|CatchEntryDeclaredItem.php
22 Jan 2022 11:11:00|20|shiji@forstarfoods.com|DailyCatchEntry_New.php
22 Jan 2022 11:11:01|20|shiji@forstarfoods.com|DailyCatchEntry_New.php
22 Jan 2022 11:11:06|20|shiji@forstarfoods.com|DailyCatchEntry_New.php
22 Jan 2022 11:11:06|20|shiji@forstarfoods.com|DailyCatchEntry_New.php
22 Jan 2022 11:11:06|20|shiji@forstarfoods.com|DailyCatchEntry_New.php
22 Jan 2022 11:11:07|20|shiji@forstarfoods.com|DailyCatchEntry_New.php
22 Jan 2022 11:11:07|20|shiji@forstarfoods.com|DailyCatchEntry_New.php
22 Jan 2022 11:11:07|20|shiji@forstarfoods.com|DailyCatchEntry_New.php
22 Jan 2022 11:11:07|20|shiji@forstarfoods.com|DailyCatchEntry_New.php
22 Jan 2022 11:11:08|20|shiji@forstarfoods.com|DailyCatchEntry_New.php
22 Jan 2022 11:11:24|20|shiji@forstarfoods.com|DailyCatchEntry_New.php
22 Jan 2022 11:11:25|20|shiji@forstarfoods.com|DailyCatchEntry_New.php
22 Jan 2022 11:11:26|20|shiji@forstarfoods.com|CatchEntryDeclaredItem.php
22 Jan 2022 11:11:31|20|shiji@forstarfoods.com|DailyCatchSummary.php
22 Jan 2022 11:11:42|20|shiji@forstarfoods.com|DailyCatchSummary.php
22 Jan 2022 11:11:47|20|shiji@forstarfoods.com|DailyCatchSummary.php
22 Jan 2022 11:11:48|20|shiji@forstarfoods.com|DailyCatchSummary.php
22 Jan 2022 11:11:54|20|shiji@forstarfoods.com|DailyCatchSummary.php
22 Jan 2022 11:12:02|20|shiji@forstarfoods.com|DailyCatchSummary.php
22 Jan 2022 11:12:09|20|shiji@forstarfoods.com|DailyCatchSummary.php
22 Jan 2022 11:12:30|20|shiji@forstarfoods.com|DailyCatchSummary.php
22 Jan 2022 11:12:42|20|shiji@forstarfoods.com|PrintDailyCatchSummary.php
22 Jan 2022 11:14:14|20|shiji@forstarfoods.com|DailyCatchSummary.php
22 Jan 2022 11:14:50|20|shiji@forstarfoods.com|DailyCatchReport.php
22 Jan 2022 11:14:53|20|shiji@forstarfoods.com|DailyCatchSummary.php
22 Jan 2022 11:14:55|20|shiji@forstarfoods.com|DailyCatchSummary.php
22 Jan 2022 11:15:01|20|shiji@forstarfoods.com|DailyCatchSummary.php
22 Jan 2022 11:15:02|20|shiji@forstarfoods.com|DailyCatchSummary.php
22 Jan 2022 11:15:05|20|shiji@forstarfoods.com|DailyCatchSummary.php
22 Jan 2022 11:15:12|20|shiji@forstarfoods.com|DailyCatchSummary.php
22 Jan 2022 11:21:18|20|shiji@forstarfoods.com|Home.php
22 Jan 2022 11:21:34|20|shiji@forstarfoods.com|DailyCatchSummary.php
22 Jan 2022 11:21:36|20|shiji@forstarfoods.com|DailyCatchSummary.php
22 Jan 2022 11:21:44|20|shiji@forstarfoods.com|DailyCatchSummary.php
22 Jan 2022 11:21:46|20|shiji@forstarfoods.com|DailyCatchSummary.php
22 Jan 2022 11:21:54|20|shiji@forstarfoods.com|DailyCatchSummary.php
22 Jan 2022 11:21:56|20|shiji@forstarfoods.com|DailyCatchSummary.php
22 Jan 2022 11:22:02|20|shiji@forstarfoods.com|DailyCatchSummary.php
22 Jan 2022 11:23:41|20|shiji@forstarfoods.com|DailyCatchSummary.php
22 Jan 2022 11:26:02|20|shiji@forstarfoods.com|DailyCatchSummary.php
22 Jan 2022 11:26:05|20|shiji@forstarfoods.com|DailyCatchSummary.php
22 Jan 2022 11:26:11|20|shiji@forstarfoods.com|DailyCatchSummary.php
22 Jan 2022 11:26:14|20|shiji@forstarfoods.com|DailyCatchSummary.php
22 Jan 2022 11:26:21|20|shiji@forstarfoods.com|DailyCatchSummary.php
22 Jan 2022 11:26:36|20|shiji@forstarfoods.com|DailyCatchSummary.php
22 Jan 2022 11:26:44|20|shiji@forstarfoods.com|PrintDailyCatchSummary.php
22 Jan 2022 11:28:07|20|shiji@forstarfoods.com|PrintDailyCatchSummary.php
22 Jan 2022 11:51:20|20|shiji@forstarfoods.com|DailyCatchEntry_New.php
22 Jan 2022 11:51:22|20|shiji@forstarfoods.com|DailyCatchEntry_New.php
22 Jan 2022 11:51:23|20|shiji@forstarfoods.com|DailyCatchEntry_New.php
22 Jan 2022 11:51:23|20|shiji@forstarfoods.com|DailyCatchEntry_New.php
22 Jan 2022 11:51:24|20|shiji@forstarfoods.com|DailyCatchEntry_New.php
22 Jan 2022 11:51:24|20|shiji@forstarfoods.com|CatchEntryDeclaredItem.php
22 Jan 2022 11:51:24|20|shiji@forstarfoods.com|DailyCatchEntry_New.php
22 Jan 2022 11:51:27|20|shiji@forstarfoods.com|DailyCatchEntry_New.php
22 Jan 2022 11:51:27|20|shiji@forstarfoods.com|DailyCatchEntry_New.php
22 Jan 2022 11:51:27|20|shiji@forstarfoods.com|DailyCatchEntry_New.php
22 Jan 2022 11:51:28|20|shiji@forstarfoods.com|DailyCatchEntry_New.php
22 Jan 2022 11:51:28|20|shiji@forstarfoods.com|DailyCatchEntry_New.php
22 Jan 2022 11:51:30|20|shiji@forstarfoods.com|DailyCatchEntry_New.php
22 Jan 2022 11:51:30|20|shiji@forstarfoods.com|DailyCatchEntry_New.php
22 Jan 2022 11:51:31|20|shiji@forstarfoods.com|DailyCatchEntry_New.php
22 Jan 2022 11:51:35|20|shiji@forstarfoods.com|DailyCatchEntry_New.php
22 Jan 2022 11:51:43|20|shiji@forstarfoods.com|DailyCatchEntry_New.php
22 Jan 2022 11:51:46|20|shiji@forstarfoods.com|DailyCatchEntry_New.php
22 Jan 2022 11:51:46|20|shiji@forstarfoods.com|CatchEntryDeclaredItem.php
22 Jan 2022 11:52:14|20|shiji@forstarfoods.com|DailyCatchEntry_New.php
22 Jan 2022 11:52:15|20|shiji@forstarfoods.com|DailyCatchEntry_New.php
22 Jan 2022 11:52:15|20|shiji@forstarfoods.com|DailyCatchEntry_New.php
22 Jan 2022 11:52:18|20|shiji@forstarfoods.com|DailyCatchEntry_New.php
22 Jan 2022 11:52:20|20|shiji@forstarfoods.com|DailyCatchEntry_New.php
22 Jan 2022 11:52:22|20|shiji@forstarfoods.com|DailyCatchEntry_New.php
22 Jan 2022 11:52:23|20|shiji@forstarfoods.com|DailyCatchEntry_New.php
22 Jan 2022 11:52:23|20|shiji@forstarfoods.com|DailyCatchEntry_New.php
22 Jan 2022 11:52:23|20|shiji@forstarfoods.com|DailyCatchEntry_New.php
22 Jan 2022 11:52:24|20|shiji@forstarfoods.com|DailyCatchEntry_New.php
22 Jan 2022 11:52:24|20|shiji@forstarfoods.com|DailyCatchEntry_New.php
22 Jan 2022 11:52:24|20|shiji@forstarfoods.com|DailyCatchEntry_New.php
22 Jan 2022 11:52:24|20|shiji@forstarfoods.com|DailyCatchEntry_New.php
22 Jan 2022 11:52:25|20|shiji@forstarfoods.com|DailyCatchEntry_New.php
22 Jan 2022 11:52:25|20|shiji@forstarfoods.com|DailyCatchEntry_New.php
22 Jan 2022 11:52:27|20|shiji@forstarfoods.com|DailyCatchEntry_New.php
22 Jan 2022 11:52:27|20|shiji@forstarfoods.com|DailyCatchEntry_New.php
22 Jan 2022 11:52:37|20|shiji@forstarfoods.com|DailyCatchEntry_New.php
22 Jan 2022 11:52:39|20|shiji@forstarfoods.com|DailyCatchEntry_New.php
22 Jan 2022 11:52:40|20|shiji@forstarfoods.com|CatchEntryDeclaredItem.php
22 Jan 2022 11:52:46|20|shiji@forstarfoods.com|DailyCatchEntry_New.php
22 Jan 2022 11:52:50|20|shiji@forstarfoods.com|DailyCatchEntry_New.php
22 Jan 2022 11:52:51|20|shiji@forstarfoods.com|DailyCatchEntry_New.php
22 Jan 2022 11:52:53|20|shiji@forstarfoods.com|DailyCatchEntry_New.php
22 Jan 2022 11:52:53|20|shiji@forstarfoods.com|DailyCatchEntry_New.php
22 Jan 2022 11:52:54|20|shiji@forstarfoods.com|DailyCatchEntry_New.php
22 Jan 2022 11:52:54|20|shiji@forstarfoods.com|DailyCatchEntry_New.php
22 Jan 2022 11:52:54|20|shiji@forstarfoods.com|DailyCatchEntry_New.php
22 Jan 2022 11:52:55|20|shiji@forstarfoods.com|DailyCatchEntry_New.php
22 Jan 2022 11:52:55|20|shiji@forstarfoods.com|DailyCatchEntry_New.php
22 Jan 2022 11:52:55|20|shiji@forstarfoods.com|DailyCatchEntry_New.php
22 Jan 2022 11:52:55|20|shiji@forstarfoods.com|DailyCatchEntry_New.php
22 Jan 2022 11:52:56|20|shiji@forstarfoods.com|DailyCatchEntry_New.php
22 Jan 2022 11:52:56|20|shiji@forstarfoods.com|DailyCatchEntry_New.php
22 Jan 2022 11:52:56|20|shiji@forstarfoods.com|DailyCatchEntry_New.php
22 Jan 2022 11:52:57|20|shiji@forstarfoods.com|DailyCatchEntry_New.php
22 Jan 2022 11:52:57|20|shiji@forstarfoods.com|DailyCatchEntry_New.php
22 Jan 2022 11:52:58|20|shiji@forstarfoods.com|DailyCatchEntry_New.php
22 Jan 2022 11:52:58|20|shiji@forstarfoods.com|DailyCatchEntry_New.php
22 Jan 2022 11:53:06|20|shiji@forstarfoods.com|DailyCatchEntry_New.php
22 Jan 2022 11:53:08|20|shiji@forstarfoods.com|DailyCatchEntry_New.php
22 Jan 2022 11:53:09|20|shiji@forstarfoods.com|CatchEntryDeclaredItem.php
22 Jan 2022 11:53:13|20|shiji@forstarfoods.com|DailyCatchEntry_New.php
22 Jan 2022 11:53:14|20|shiji@forstarfoods.com|DailyCatchEntry_New.php
22 Jan 2022 11:53:16|20|shiji@forstarfoods.com|DailyCatchEntry_New.php
22 Jan 2022 11:53:17|20|shiji@forstarfoods.com|DailyCatchEntry_New.php
22 Jan 2022 11:53:17|20|shiji@forstarfoods.com|DailyCatchEntry_New.php
22 Jan 2022 11:53:17|20|shiji@forstarfoods.com|DailyCatchEntry_New.php
22 Jan 2022 11:53:17|20|shiji@forstarfoods.com|DailyCatchEntry_New.php
22 Jan 2022 11:53:18|20|shiji@forstarfoods.com|DailyCatchEntry_New.php
22 Jan 2022 11:53:18|20|shiji@forstarfoods.com|DailyCatchEntry_New.php
22 Jan 2022 11:53:18|20|shiji@forstarfoods.com|DailyCatchEntry_New.php
22 Jan 2022 11:53:19|20|shiji@forstarfoods.com|DailyCatchEntry_New.php
22 Jan 2022 11:53:19|20|shiji@forstarfoods.com|DailyCatchEntry_New.php
22 Jan 2022 11:53:19|20|shiji@forstarfoods.com|DailyCatchEntry_New.php
22 Jan 2022 11:53:19|20|shiji@forstarfoods.com|DailyCatchEntry_New.php
22 Jan 2022 11:53:20|20|shiji@forstarfoods.com|DailyCatchEntry_New.php
22 Jan 2022 11:53:20|20|shiji@forstarfoods.com|DailyCatchEntry_New.php
22 Jan 2022 11:53:20|20|shiji@forstarfoods.com|DailyCatchEntry_New.php
22 Jan 2022 11:53:21|20|shiji@forstarfoods.com|DailyCatchEntry_New.php
22 Jan 2022 11:53:35|20|shiji@forstarfoods.com|DailyCatchEntry_New.php
22 Jan 2022 11:53:36|20|shiji@forstarfoods.com|DailyCatchEntry_New.php
22 Jan 2022 11:53:37|20|shiji@forstarfoods.com|CatchEntryDeclaredItem.php
22 Jan 2022 11:53:40|20|shiji@forstarfoods.com|DailyCatchEntry_New.php
22 Jan 2022 11:53:43|20|shiji@forstarfoods.com|DailyCatchEntry_New.php
22 Jan 2022 11:53:45|20|shiji@forstarfoods.com|DailyCatchEntry_New.php
22 Jan 2022 11:53:46|20|shiji@forstarfoods.com|DailyCatchEntry_New.php
22 Jan 2022 11:53:47|20|shiji@forstarfoods.com|DailyCatchEntry_New.php
22 Jan 2022 11:53:47|20|shiji@forstarfoods.com|DailyCatchEntry_New.php
22 Jan 2022 11:53:47|20|shiji@forstarfoods.com|DailyCatchEntry_New.php
22 Jan 2022 11:53:48|20|shiji@forstarfoods.com|DailyCatchEntry_New.php
22 Jan 2022 11:53:48|20|shiji@forstarfoods.com|DailyCatchEntry_New.php
22 Jan 2022 11:53:48|20|shiji@forstarfoods.com|DailyCatchEntry_New.php
22 Jan 2022 11:53:48|20|shiji@forstarfoods.com|DailyCatchEntry_New.php
22 Jan 2022 11:53:49|20|shiji@forstarfoods.com|DailyCatchEntry_New.php
22 Jan 2022 11:53:49|20|shiji@forstarfoods.com|DailyCatchEntry_New.php
22 Jan 2022 11:53:49|20|shiji@forstarfoods.com|DailyCatchEntry_New.php
22 Jan 2022 11:53:50|20|shiji@forstarfoods.com|DailyCatchEntry_New.php
22 Jan 2022 11:53:51|20|shiji@forstarfoods.com|DailyCatchEntry_New.php
22 Jan 2022 11:53:51|20|shiji@forstarfoods.com|DailyCatchEntry_New.php
22 Jan 2022 11:53:57|20|shiji@forstarfoods.com|DailyCatchEntry_New.php
22 Jan 2022 11:53:59|20|shiji@forstarfoods.com|DailyCatchEntry_New.php
22 Jan 2022 11:54:00|20|shiji@forstarfoods.com|CatchEntryDeclaredItem.php
22 Jan 2022 11:54:03|20|shiji@forstarfoods.com|DailyCatchEntry_New.php
22 Jan 2022 11:54:05|20|shiji@forstarfoods.com|DailyCatchEntry_New.php
22 Jan 2022 11:54:07|20|shiji@forstarfoods.com|DailyCatchEntry_New.php
22 Jan 2022 11:54:07|20|shiji@forstarfoods.com|DailyCatchEntry_New.php
22 Jan 2022 11:54:07|20|shiji@forstarfoods.com|DailyCatchEntry_New.php
22 Jan 2022 11:54:08|20|shiji@forstarfoods.com|DailyCatchEntry_New.php
22 Jan 2022 11:54:08|20|shiji@forstarfoods.com|DailyCatchEntry_New.php
22 Jan 2022 11:54:08|20|shiji@forstarfoods.com|DailyCatchEntry_New.php
22 Jan 2022 11:54:09|20|shiji@forstarfoods.com|DailyCatchEntry_New.php
22 Jan 2022 11:54:09|20|shiji@forstarfoods.com|DailyCatchEntry_New.php
22 Jan 2022 11:54:09|20|shiji@forstarfoods.com|DailyCatchEntry_New.php
22 Jan 2022 11:54:09|20|shiji@forstarfoods.com|DailyCatchEntry_New.php
22 Jan 2022 11:54:10|20|shiji@forstarfoods.com|DailyCatchEntry_New.php
22 Jan 2022 11:54:10|20|shiji@forstarfoods.com|DailyCatchEntry_New.php
22 Jan 2022 11:54:11|20|shiji@forstarfoods.com|DailyCatchEntry_New.php
22 Jan 2022 11:54:11|20|shiji@forstarfoods.com|DailyCatchEntry_New.php
22 Jan 2022 11:54:18|20|shiji@forstarfoods.com|DailyCatchEntry_New.php
22 Jan 2022 11:54:24|20|shiji@forstarfoods.com|DailyCatchEntry_New.php
22 Jan 2022 11:54:26|20|shiji@forstarfoods.com|DailyCatchEntry_New.php
22 Jan 2022 11:54:28|20|shiji@forstarfoods.com|CatchEntryDeclaredItem.php
22 Jan 2022 11:54:50|20|shiji@forstarfoods.com|DailyCatchEntry_New.php
22 Jan 2022 11:54:51|20|shiji@forstarfoods.com|DailyCatchEntry_New.php
22 Jan 2022 11:54:51|20|shiji@forstarfoods.com|DailyCatchEntry_New.php
22 Jan 2022 11:54:55|20|shiji@forstarfoods.com|DailyCatchEntry_New.php
22 Jan 2022 11:55:09|20|shiji@forstarfoods.com|DailyCatchEntry_New.php
22 Jan 2022 11:55:14|20|shiji@forstarfoods.com|DailyCatchEntry_New.php
22 Jan 2022 11:55:15|20|shiji@forstarfoods.com|CatchEntryDeclaredItem.php
22 Jan 2022 11:55:32|20|shiji@forstarfoods.com|DailyCatchEntry_New.php
22 Jan 2022 11:55:39|20|shiji@forstarfoods.com|DailyCatchEntry_New.php
22 Jan 2022 11:55:39|20|shiji@forstarfoods.com|DailyCatchEntry_New.php
22 Jan 2022 11:55:39|20|shiji@forstarfoods.com|DailyCatchEntry_New.php
22 Jan 2022 11:55:41|20|shiji@forstarfoods.com|DailyCatchEntry_New.php
22 Jan 2022 11:55:42|20|shiji@forstarfoods.com|DailyCatchEntry_New.php
22 Jan 2022 11:55:42|20|shiji@forstarfoods.com|DailyCatchEntry_New.php
22 Jan 2022 11:55:51|20|shiji@forstarfoods.com|DailyCatchEntry_New.php
22 Jan 2022 11:55:53|20|shiji@forstarfoods.com|DailyCatchEntry_New.php