
23 Mar 2022 11:51:41|20|shiji@forstarfoods.com|DailyCatchEntry_New.php
23 Mar 2022 11:51:42|20|shiji@forstarfoods.com|DailyCatchEntry_New.php
23 Mar 2022 11:51:56|20|shiji@forstarfoods.com|DailyCatchEntry_New.php
23 Mar 2022 11:51:56|20|shiji@forstarfoods.com|DailyCatchEntry_New.php
23 Mar 2022 11:51:56|20|shiji@forstarfoods.com|DailyCatchEntry_New.php
23 Mar 2022 11:52:00|20|shiji@forstarfoods.com|DailyCatchEntry_New.php
23 Mar 2022 11:52:01|20|shiji@forstarfoods.com|CatchEntryDeclaredItem.php
23 Mar 2022 11:52:05|20|shiji@forstarfoods.com|DailyCatchEntry_New.php
23 Mar 2022 11:52:07|20|shiji@forstarfoods.com|DailyCatchEntry_New.php
23 Mar 2022 11:52:11|20|shiji@forstarfoods.com|DailyCatchEntry_New.php
23 Mar 2022 11:52:11|20|shiji@forstarfoods.com|DailyCatchEntry_New.php
23 Mar 2022 11:52:12|20|shiji@forstarfoods.com|DailyCatchEntry_New.php
23 Mar 2022 11:52:12|20|shiji@forstarfoods.com|DailyCatchEntry_New.php
23 Mar 2022 11:52:12|20|shiji@forstarfoods.com|DailyCatchEntry_New.php
23 Mar 2022 11:52:13|20|shiji@forstarfoods.com|DailyCatchEntry_New.php
23 Mar 2022 11:52:13|20|shiji@forstarfoods.com|DailyCatchEntry_New.php
23 Mar 2022 11:52:13|20|shiji@forstarfoods.com|DailyCatchEntry_New.php
23 Mar 2022 11:52:14|20|shiji@forstarfoods.com|DailyCatchEntry_New.php
23 Mar 2022 11:52:14|20|shiji@forstarfoods.com|DailyCatchEntry_New.php
23 Mar 2022 11:52:14|20|shiji@forstarfoods.com|DailyCatchEntry_New.php
23 Mar 2022 11:52:14|20|shiji@forstarfoods.com|DailyCatchEntry_New.php
23 Mar 2022 11:52:15|20|shiji@forstarfoods.com|DailyCatchEntry_New.php
23 Mar 2022 11:52:15|20|shiji@forstarfoods.com|DailyCatchEntry_New.php
23 Mar 2022 11:52:15|20|shiji@forstarfoods.com|DailyCatchEntry_New.php
23 Mar 2022 11:52:16|20|shiji@forstarfoods.com|DailyCatchEntry_New.php
23 Mar 2022 11:52:16|20|shiji@forstarfoods.com|DailyCatchEntry_New.php
23 Mar 2022 11:52:16|20|shiji@forstarfoods.com|DailyCatchEntry_New.php
23 Mar 2022 11:52:16|20|shiji@forstarfoods.com|DailyCatchEntry_New.php
23 Mar 2022 11:52:17|20|shiji@forstarfoods.com|DailyCatchEntry_New.php
23 Mar 2022 11:52:17|20|shiji@forstarfoods.com|DailyCatchEntry_New.php
23 Mar 2022 11:52:17|20|shiji@forstarfoods.com|DailyCatchEntry_New.php
23 Mar 2022 11:52:21|20|shiji@forstarfoods.com|DailyCatchEntry_New.php
23 Mar 2022 11:52:22|20|shiji@forstarfoods.com|DailyCatchEntry_New.php
23 Mar 2022 11:52:22|20|shiji@forstarfoods.com|DailyCatchEntry_New.php
23 Mar 2022 11:52:22|20|shiji@forstarfoods.com|DailyCatchEntry_New.php
23 Mar 2022 11:52:22|20|shiji@forstarfoods.com|DailyCatchEntry_New.php
23 Mar 2022 11:52:23|20|shiji@forstarfoods.com|DailyCatchEntry_New.php
23 Mar 2022 11:52:23|20|shiji@forstarfoods.com|DailyCatchEntry_New.php
23 Mar 2022 11:52:23|20|shiji@forstarfoods.com|DailyCatchEntry_New.php
23 Mar 2022 11:52:25|20|shiji@forstarfoods.com|DailyCatchEntry_New.php
23 Mar 2022 11:52:25|20|shiji@forstarfoods.com|DailyCatchEntry_New.php
23 Mar 2022 11:53:00|20|shiji@forstarfoods.com|DailyCatchEntry_New.php
23 Mar 2022 11:55:26|20|shiji@forstarfoods.com|DailyCatchEntry_New.php
23 Mar 2022 11:55:27|20|shiji@forstarfoods.com|DailyCatchEntry_New.php
23 Mar 2022 11:55:28|20|shiji@forstarfoods.com|CatchEntryDeclaredItem.php
23 Mar 2022 11:55:47|20|shiji@forstarfoods.com|DailyCatchEntry_New.php
23 Mar 2022 11:55:48|20|shiji@forstarfoods.com|DailyCatchEntry_New.php
23 Mar 2022 11:55:50|20|shiji@forstarfoods.com|DailyCatchEntry_New.php
23 Mar 2022 11:55:50|20|shiji@forstarfoods.com|DailyCatchEntry_New.php
23 Mar 2022 11:55:51|20|shiji@forstarfoods.com|DailyCatchEntry_New.php
23 Mar 2022 11:55:51|20|shiji@forstarfoods.com|DailyCatchEntry_New.php
23 Mar 2022 11:55:51|20|shiji@forstarfoods.com|DailyCatchEntry_New.php
23 Mar 2022 11:55:52|20|shiji@forstarfoods.com|DailyCatchEntry_New.php
23 Mar 2022 11:56:03|20|shiji@forstarfoods.com|DailyCatchEntry_New.php
23 Mar 2022 11:56:04|20|shiji@forstarfoods.com|DailyCatchEntry_New.php
23 Mar 2022 11:56:04|20|shiji@forstarfoods.com|DailyCatchEntry_New.php
23 Mar 2022 11:56:05|20|shiji@forstarfoods.com|DailyCatchEntry_New.php
23 Mar 2022 11:56:06|20|shiji@forstarfoods.com|CatchEntryDeclaredItem.php
23 Mar 2022 11:56:08|20|shiji@forstarfoods.com|DailyCatchEntry_New.php
23 Mar 2022 11:56:11|20|shiji@forstarfoods.com|DailyCatchEntry_New.php
23 Mar 2022 11:56:15|20|shiji@forstarfoods.com|DailyCatchEntry_New.php
23 Mar 2022 11:56:15|20|shiji@forstarfoods.com|DailyCatchEntry_New.php
23 Mar 2022 11:56:15|20|shiji@forstarfoods.com|DailyCatchEntry_New.php
23 Mar 2022 11:56:16|20|shiji@forstarfoods.com|DailyCatchEntry_New.php
23 Mar 2022 11:56:16|20|shiji@forstarfoods.com|DailyCatchEntry_New.php
23 Mar 2022 11:56:16|20|shiji@forstarfoods.com|DailyCatchEntry_New.php
23 Mar 2022 11:56:17|20|shiji@forstarfoods.com|DailyCatchEntry_New.php
23 Mar 2022 11:56:18|20|shiji@forstarfoods.com|DailyCatchEntry_New.php
23 Mar 2022 11:56:26|20|shiji@forstarfoods.com|DailyCatchEntry_New.php
23 Mar 2022 11:56:32|20|shiji@forstarfoods.com|DailyCatchEntry_New.php
23 Mar 2022 11:56:34|20|shiji@forstarfoods.com|CatchEntryDeclaredItem.php
23 Mar 2022 11:58:01|20|shiji@forstarfoods.com|DailyCatchEntry_New.php
23 Mar 2022 12:00:12|20|shiji@forstarfoods.com|ProcessorsAccounts.php
23 Mar 2022 12:01:43|20|shiji@forstarfoods.com|ProcessorsAccounts.php
23 Mar 2022 12:01:46|20|shiji@forstarfoods.com|ProcessorsAccounts.php
23 Mar 2022 12:01:50|20|shiji@forstarfoods.com|ProcessorsAccounts.php
23 Mar 2022 12:05:57|20|shiji@forstarfoods.com|ProcessorsAccounts.php
23 Mar 2022 12:06:08|20|shiji@forstarfoods.com|ProcessorsAccounts.php
23 Mar 2022 12:06:51|20|shiji@forstarfoods.com|ProcessorsAccounts.php
23 Mar 2022 12:08:08|20|shiji@forstarfoods.com|ProcessorsAccounts.php
23 Mar 2022 12:08:18|20|shiji@forstarfoods.com|ProcessorsAccounts.php
23 Mar 2022 12:09:36|20|shiji@forstarfoods.com|ProcessorsAccounts.php
23 Mar 2022 12:09:39|20|shiji@forstarfoods.com|ProcessorsAccounts.php
23 Mar 2022 12:10:05|20|shiji@forstarfoods.com|ProcessorsAccounts.php
23 Mar 2022 12:10:08|20|shiji@forstarfoods.com|ProcessorsAccounts.php
23 Mar 2022 12:10:29|20|shiji@forstarfoods.com|ProcessorsAccounts.php
23 Mar 2022 12:10:38|20|shiji@forstarfoods.com|ProcessorsAccounts.php
23 Mar 2022 12:11:23|20|shiji@forstarfoods.com|ProcessorsAccounts.php
23 Mar 2022 12:11:40|20|shiji@forstarfoods.com|ProcessorsAccounts.php
23 Mar 2022 12:11:42|20|shiji@forstarfoods.com|ProcessorsAccounts.php
23 Mar 2022 12:11:45|20|shiji@forstarfoods.com|ProcessorsAccounts.php
23 Mar 2022 12:12:10|20|shiji@forstarfoods.com|ProcessorsAccounts.php
23 Mar 2022 12:12:12|20|shiji@forstarfoods.com|ProcessorsAccounts.php
23 Mar 2022 12:12:15|20|shiji@forstarfoods.com|ProcessorsAccounts.php
23 Mar 2022 12:12:53|20|shiji@forstarfoods.com|ProcessorsAccounts.php
23 Mar 2022 12:12:56|20|shiji@forstarfoods.com|ProcessorsAccounts.php
23 Mar 2022 12:12:59|20|shiji@forstarfoods.com|ProcessorsAccounts.php
23 Mar 2022 12:13:33|20|shiji@forstarfoods.com|ProcessorsAccounts.php
23 Mar 2022 12:13:36|20|shiji@forstarfoods.com|ProcessorsAccounts.php
23 Mar 2022 12:13:40|20|shiji@forstarfoods.com|ProcessorsAccounts.php
23 Mar 2022 12:15:55|20|shiji@forstarfoods.com|ProcessorsAccounts.php
23 Mar 2022 12:15:59|20|shiji@forstarfoods.com|ProcessorsAccounts.php
23 Mar 2022 12:16:24|20|shiji@forstarfoods.com|ProcessorsAccounts.php
23 Mar 2022 12:16:27|20|shiji@forstarfoods.com|ProcessorsAccounts.php
23 Mar 2022 12:16:52|20|shiji@forstarfoods.com|ProcessorsAccounts.php
23 Mar 2022 12:16:57|20|shiji@forstarfoods.com|ProcessorsAccounts.php
23 Mar 2022 12:17:18|20|shiji@forstarfoods.com|ProcessorsAccounts.php
23 Mar 2022 12:17:20|20|shiji@forstarfoods.com|ProcessorsAccounts.php
23 Mar 2022 12:17:27|20|shiji@forstarfoods.com|ProcessorsAccounts.php
23 Mar 2022 12:17:31|20|shiji@forstarfoods.com|ProcessorsAccounts.php
23 Mar 2022 12:18:45|20|shiji@forstarfoods.com|ProcessorsAccounts.php
23 Mar 2022 12:18:47|20|shiji@forstarfoods.com|ProcessorsAccounts.php
23 Mar 2022 12:19:02|20|shiji@forstarfoods.com|ProcessorsAccounts.php
23 Mar 2022 12:19:09|20|shiji@forstarfoods.com|ProcessorsAccounts.php
23 Mar 2022 12:19:11|20|shiji@forstarfoods.com|ProcessorsAccounts.php
23 Mar 2022 12:19:13|20|shiji@forstarfoods.com|ProcessorsAccounts.php
23 Mar 2022 12:19:42|20|shiji@forstarfoods.com|ProcessorsAccounts.php
23 Mar 2022 12:19:56|20|shiji@forstarfoods.com|ProcessorsAccounts.php
23 Mar 2022 12:19:58|20|shiji@forstarfoods.com|ProcessorsAccounts.php
23 Mar 2022 12:20:02|20|shiji@forstarfoods.com|ProcessorsAccounts.php
23 Mar 2022 12:20:41|20|shiji@forstarfoods.com|ProcessorsAccounts.php
23 Mar 2022 12:20:44|20|shiji@forstarfoods.com|ProcessorsAccounts.php
23 Mar 2022 12:20:48|20|shiji@forstarfoods.com|ProcessorsAccounts.php
23 Mar 2022 12:21:10|20|shiji@forstarfoods.com|ProcessorsAccounts.php
23 Mar 2022 12:21:16|20|shiji@forstarfoods.com|ProcessorsAccounts.php
23 Mar 2022 12:21:38|20|shiji@forstarfoods.com|ProcessorsAccounts.php
23 Mar 2022 12:21:41|20|shiji@forstarfoods.com|ProcessorsAccounts.php
23 Mar 2022 12:22:02|20|shiji@forstarfoods.com|ProcessorsAccounts.php
23 Mar 2022 12:22:05|20|shiji@forstarfoods.com|ProcessorsAccounts.php
23 Mar 2022 12:22:28|20|shiji@forstarfoods.com|ProcessorsAccounts.php
23 Mar 2022 12:22:31|20|shiji@forstarfoods.com|ProcessorsAccounts.php
23 Mar 2022 12:22:41|20|shiji@forstarfoods.com|ProcessorsAccounts.php
23 Mar 2022 12:24:45|20|shiji@forstarfoods.com|ProcessorsAccounts.php
23 Mar 2022 12:24:47|20|shiji@forstarfoods.com|ProcessorsAccounts.php
23 Mar 2022 12:25:03|20|shiji@forstarfoods.com|ProcessorsAccounts.php
23 Mar 2022 12:25:05|20|shiji@forstarfoods.com|ProcessorsAccounts.php
23 Mar 2022 12:25:08|20|shiji@forstarfoods.com|ProcessorsAccounts.php
23 Mar 2022 12:25:31|20|shiji@forstarfoods.com|ProcessorsAccounts.php
23 Mar 2022 12:25:34|20|shiji@forstarfoods.com|ProcessorsAccounts.php
23 Mar 2022 12:25:56|20|shiji@forstarfoods.com|ProcessorsAccounts.php
23 Mar 2022 12:25:59|20|shiji@forstarfoods.com|ProcessorsAccounts.php
23 Mar 2022 12:26:03|20|shiji@forstarfoods.com|ProcessorsAccounts.php
23 Mar 2022 12:26:30|20|shiji@forstarfoods.com|ProcessorsAccounts.php
23 Mar 2022 12:26:45|20|shiji@forstarfoods.com|ProcessorsAccounts.php
23 Mar 2022 12:26:48|20|shiji@forstarfoods.com|ProcessorsAccounts.php
23 Mar 2022 12:26:51|20|shiji@forstarfoods.com|ProcessorsAccounts.php
23 Mar 2022 12:29:34|20|shiji@forstarfoods.com|ProcessorsAccounts.php
23 Mar 2022 12:29:37|20|shiji@forstarfoods.com|ProcessorsAccounts.php
23 Mar 2022 12:29:38|20|shiji@forstarfoods.com|ProcessorsAccounts.php
23 Mar 2022 12:30:00|20|shiji@forstarfoods.com|ProcessorsAccounts.php
23 Mar 2022 12:30:03|20|shiji@forstarfoods.com|ProcessorsAccounts.php
23 Mar 2022 12:30:06|20|shiji@forstarfoods.com|ProcessorsAccounts.php
23 Mar 2022 12:30:19|20|shiji@forstarfoods.com|ProcessorsAccounts.php
23 Mar 2022 12:30:21|20|shiji@forstarfoods.com|ProcessorsAccounts.php
23 Mar 2022 12:33:04|20|shiji@forstarfoods.com|ProcessorsAccounts.php
23 Mar 2022 12:33:38|20|shiji@forstarfoods.com|ProcessorsAccounts.php
23 Mar 2022 12:33:42|20|shiji@forstarfoods.com|ProcessorsAccounts.php
23 Mar 2022 12:33:50|20|shiji@forstarfoods.com|ProcessorsAccounts.php
23 Mar 2022 12:34:01|20|shiji@forstarfoods.com|ProcessorsAccounts.php
23 Mar 2022 12:34:04|20|shiji@forstarfoods.com|ProcessorsAccounts.php
23 Mar 2022 12:34:08|20|shiji@forstarfoods.com|ProcessorsAccounts.php
23 Mar 2022 12:34:18|20|shiji@forstarfoods.com|ProcessorsAccounts.php
23 Mar 2022 12:34:21|20|shiji@forstarfoods.com|ProcessorsAccounts.php
23 Mar 2022 12:34:25|20|shiji@forstarfoods.com|ProcessorsAccounts.php
23 Mar 2022 12:34:37|20|shiji@forstarfoods.com|ProcessorsAccounts.php
23 Mar 2022 12:34:39|20|shiji@forstarfoods.com|ProcessorsAccounts.php
23 Mar 2022 12:35:13|20|shiji@forstarfoods.com|ProcessorsAccounts.php
23 Mar 2022 12:35:15|20|shiji@forstarfoods.com|ProcessorsAccounts.php
23 Mar 2022 12:38:22|20|shiji@forstarfoods.com|ProcessorsAccounts.php
23 Mar 2022 12:38:25|20|shiji@forstarfoods.com|ProcessorsAccounts.php
23 Mar 2022 12:38:29|20|shiji@forstarfoods.com|ProcessorsAccounts.php
23 Mar 2022 12:38:43|20|shiji@forstarfoods.com|ProcessorsAccounts.php
23 Mar 2022 12:38:46|20|shiji@forstarfoods.com|ProcessorsAccounts.php
23 Mar 2022 12:38:49|20|shiji@forstarfoods.com|ProcessorsAccounts.php
23 Mar 2022 12:39:19|20|shiji@forstarfoods.com|ProcessorsAccounts.php
23 Mar 2022 12:39:21|20|shiji@forstarfoods.com|ProcessorsAccounts.php
23 Mar 2022 12:39:28|20|shiji@forstarfoods.com|ProcessorsAccounts.php
23 Mar 2022 12:39:45|20|shiji@forstarfoods.com|ProcessorsAccounts.php
23 Mar 2022 12:39:47|20|shiji@forstarfoods.com|ProcessorsAccounts.php
23 Mar 2022 12:39:51|20|shiji@forstarfoods.com|ProcessorsAccounts.php
23 Mar 2022 12:40:16|20|shiji@forstarfoods.com|ProcessorsAccounts.php
23 Mar 2022 12:40:19|20|shiji@forstarfoods.com|ProcessorsAccounts.php
23 Mar 2022 12:40:23|20|shiji@forstarfoods.com|ProcessorsAccounts.php
23 Mar 2022 12:40:38|20|shiji@forstarfoods.com|ProcessorsAccounts.php
23 Mar 2022 12:40:41|20|shiji@forstarfoods.com|ProcessorsAccounts.php
23 Mar 2022 12:40:44|20|shiji@forstarfoods.com|ProcessorsAccounts.php
23 Mar 2022 12:41:06|20|shiji@forstarfoods.com|ProcessorsAccounts.php
23 Mar 2022 12:41:08|20|shiji@forstarfoods.com|ProcessorsAccounts.php
23 Mar 2022 12:41:11|20|shiji@forstarfoods.com|ProcessorsAccounts.php
23 Mar 2022 12:41:47|20|shiji@forstarfoods.com|ProcessorsAccounts.php
23 Mar 2022 12:41:50|20|shiji@forstarfoods.com|ProcessorsAccounts.php
23 Mar 2022 12:41:54|20|shiji@forstarfoods.com|ProcessorsAccounts.php
23 Mar 2022 12:42:06|20|shiji@forstarfoods.com|ProcessorsAccounts.php
23 Mar 2022 12:42:08|20|shiji@forstarfoods.com|ProcessorsAccounts.php
23 Mar 2022 12:42:12|20|shiji@forstarfoods.com|ProcessorsAccounts.php
23 Mar 2022 12:42:37|20|shiji@forstarfoods.com|ProcessorsAccounts.php
23 Mar 2022 12:42:39|20|shiji@forstarfoods.com|ProcessorsAccounts.php
23 Mar 2022 12:42:43|20|shiji@forstarfoods.com|ProcessorsAccounts.php
23 Mar 2022 12:43:03|20|shiji@forstarfoods.com|ProcessorsAccounts.php
23 Mar 2022 12:43:05|20|shiji@forstarfoods.com|ProcessorsAccounts.php
23 Mar 2022 12:43:11|20|shiji@forstarfoods.com|ProcessorsAccounts.php
23 Mar 2022 12:49:00|20|shiji@forstarfoods.com|ProcessorsAccounts.php
23 Mar 2022 12:49:30|20|shiji@forstarfoods.com|ProcessorsAccounts.php
23 Mar 2022 12:49:34|20|shiji@forstarfoods.com|ProcessorsAccounts.php
23 Mar 2022 12:49:57|20|shiji@forstarfoods.com|ProcessorsAccounts.php
23 Mar 2022 12:49:59|20|shiji@forstarfoods.com|ProcessorsAccounts.php
23 Mar 2022 12:50:13|20|shiji@forstarfoods.com|ProcessorsAccounts.php
23 Mar 2022 12:57:44|20|shiji@forstarfoods.com|PreProcessingReport.php
23 Mar 2022 12:57:49|20|shiji@forstarfoods.com|PreProcessingReport.php
23 Mar 2022 12:57:55|20|shiji@forstarfoods.com|PreProcessingReport.php
23 Mar 2022 12:58:32|20|shiji@forstarfoods.com|PrintPreProcessingReport.php
23 Mar 2022 13:00:20|20|shiji@forstarfoods.com|PreProcessingReport.php
23 Mar 2022 13:00:22|20|shiji@forstarfoods.com|PreProcessingReport.php
23 Mar 2022 13:00:38|20|shiji@forstarfoods.com|PrintPreProcessingReport.php
23 Mar 2022 13:01:34|20|shiji@forstarfoods.com|PreProcessingReport.php
23 Mar 2022 13:01:37|20|shiji@forstarfoods.com|PreProcessingReport.php
23 Mar 2022 13:01:45|20|shiji@forstarfoods.com|PrintPreProcessingReport.php
23 Mar 2022 13:03:00|20|shiji@forstarfoods.com|PreProcessingReport.php
23 Mar 2022 13:03:03|20|shiji@forstarfoods.com|PreProcessingReport.php
23 Mar 2022 13:03:11|20|shiji@forstarfoods.com|PrintPreProcessingReport.php
23 Mar 2022 13:54:25|20|shiji@forstarfoods.com|DailyCatchReport.php
23 Mar 2022 13:54:33|20|shiji@forstarfoods.com|DailyCatchReport.php
23 Mar 2022 13:54:35|20|shiji@forstarfoods.com|DailyCatchReport.php
23 Mar 2022 13:54:37|20|shiji@forstarfoods.com|DailyCatchReport.php
23 Mar 2022 13:54:37|20|shiji@forstarfoods.com|DailyCatchReport.php
23 Mar 2022 13:54:40|20|shiji@forstarfoods.com|PrintDailyCatchReportMemo.php
23 Mar 2022 13:55:39|20|shiji@forstarfoods.com|DailyCatchEntry_New.php
23 Mar 2022 13:55:42|20|shiji@forstarfoods.com|DailyCatchEntry_New.php
23 Mar 2022 13:55:43|20|shiji@forstarfoods.com|DailyCatchEntry_New.php
23 Mar 2022 13:55:43|20|shiji@forstarfoods.com|DailyCatchEntry_New.php
23 Mar 2022 13:55:45|20|shiji@forstarfoods.com|DailyCatchEntry_New.php
23 Mar 2022 13:55:45|20|shiji@forstarfoods.com|DailyCatchEntry_New.php
23 Mar 2022 13:55:46|20|shiji@forstarfoods.com|DailyCatchEntry_New.php
23 Mar 2022 13:55:57|20|shiji@forstarfoods.com|DailyCatchEntry_New.php
23 Mar 2022 13:56:01|20|shiji@forstarfoods.com|DailyCatchEntry_New.php
23 Mar 2022 13:56:01|20|shiji@forstarfoods.com|DailyCatchEntry_New.php
23 Mar 2022 13:56:01|20|shiji@forstarfoods.com|CatchEntryDeclaredItem.php
23 Mar 2022 13:56:02|20|shiji@forstarfoods.com|DailyCatchEntry_New.php
23 Mar 2022 13:56:02|20|shiji@forstarfoods.com|CatchEntryDeclaredItem.php
23 Mar 2022 13:56:04|20|shiji@forstarfoods.com|DailyCatchEntry_New.php
23 Mar 2022 13:56:06|20|shiji@forstarfoods.com|DailyCatchEntry_New.php
23 Mar 2022 13:56:07|20|shiji@forstarfoods.com|CatchEntryDeclaredItem.php
23 Mar 2022 13:56:09|20|shiji@forstarfoods.com|DailyCatchEntry_New.php
23 Mar 2022 13:56:11|20|shiji@forstarfoods.com|DailyCatchEntry_New.php
23 Mar 2022 13:56:21|20|shiji@forstarfoods.com|DailyCatchEntry_New.php
23 Mar 2022 13:56:23|20|shiji@forstarfoods.com|DailyCatchEntry_New.php
23 Mar 2022 13:56:24|20|shiji@forstarfoods.com|DailyCatchEntry_New.php
23 Mar 2022 13:56:43|20|shiji@forstarfoods.com|DailyCatchEntry_New.php
23 Mar 2022 13:56:43|20|shiji@forstarfoods.com|DailyCatchEntry_New.php
23 Mar 2022 13:56:44|20|shiji@forstarfoods.com|DailyCatchEntry_New.php
23 Mar 2022 13:57:21|20|shiji@forstarfoods.com|DailyCatchEntry_New.php
23 Mar 2022 13:57:22|20|shiji@forstarfoods.com|DailyCatchEntry_New.php
23 Mar 2022 13:57:22|20|shiji@forstarfoods.com|DailyCatchEntry_New.php
23 Mar 2022 13:58:03|20|shiji@forstarfoods.com|DailyCatchEntry_New.php
23 Mar 2022 13:58:03|20|shiji@forstarfoods.com|DailyCatchEntry_New.php
23 Mar 2022 13:58:04|20|shiji@forstarfoods.com|DailyCatchEntry_New.php
23 Mar 2022 13:58:07|20|shiji@forstarfoods.com|DailyCatchEntry_New.php
23 Mar 2022 14:00:26|20|shiji@forstarfoods.com|DailyCatchEntry_New.php
23 Mar 2022 14:00:30|20|shiji@forstarfoods.com|DailyCatchEntry_New.php
23 Mar 2022 14:00:30|20|shiji@forstarfoods.com|DailyCatchEntry_New.php
23 Mar 2022 14:00:31|20|shiji@forstarfoods.com|CatchEntryDeclaredItem.php
23 Mar 2022 14:00:31|20|shiji@forstarfoods.com|DailyCatchEntry_New.php
23 Mar 2022 14:00:31|20|shiji@forstarfoods.com|CatchEntryDeclaredItem.php
23 Mar 2022 14:01:03|20|shiji@forstarfoods.com|DailyCatchEntry_New.php
23 Mar 2022 14:01:04|20|shiji@forstarfoods.com|DailyCatchEntry_New.php
23 Mar 2022 14:01:06|20|shiji@forstarfoods.com|DailyCatchEntry_New.php
23 Mar 2022 14:01:09|20|shiji@forstarfoods.com|DailyCatchReport.php
23 Mar 2022 14:01:15|20|shiji@forstarfoods.com|DailyCatchReport.php
23 Mar 2022 14:01:18|20|shiji@forstarfoods.com|DailyCatchReport.php
23 Mar 2022 14:01:19|20|shiji@forstarfoods.com|DailyCatchReport.php
23 Mar 2022 14:01:20|20|shiji@forstarfoods.com|DailyCatchReport.php
23 Mar 2022 14:01:21|20|shiji@forstarfoods.com|DailyCatchReport.php
23 Mar 2022 14:01:28|20|shiji@forstarfoods.com|PrintDailyCatchReportMemo.php
23 Mar 2022 14:03:15|20|shiji@forstarfoods.com|DailyCatchReport.php
23 Mar 2022 14:03:16|20|shiji@forstarfoods.com|DailyCatchReport.php
23 Mar 2022 14:03:17|20|shiji@forstarfoods.com|DailyCatchReport.php
23 Mar 2022 14:03:29|20|shiji@forstarfoods.com|DailyCatchReport.php
23 Mar 2022 14:03:30|20|shiji@forstarfoods.com|DailyCatchReport.php
23 Mar 2022 14:03:38|20|shiji@forstarfoods.com|DailyCatchReport.php
23 Mar 2022 14:03:39|20|shiji@forstarfoods.com|DailyCatchReport.php
23 Mar 2022 14:03:39|20|shiji@forstarfoods.com|DailyCatchReport.php
23 Mar 2022 14:03:42|20|shiji@forstarfoods.com|PrintDailyCatchReportMemo.php
23 Mar 2022 14:05:03|20|shiji@forstarfoods.com|DailyCatchReport.php
23 Mar 2022 14:05:04|20|shiji@forstarfoods.com|DailyCatchReport.php
23 Mar 2022 14:05:04|20|shiji@forstarfoods.com|DailyCatchReport.php
23 Mar 2022 14:05:08|20|shiji@forstarfoods.com|SupplierAccount.php
23 Mar 2022 14:05:13|20|shiji@forstarfoods.com|SupplierAccount.php
23 Mar 2022 14:05:16|20|shiji@forstarfoods.com|SupplierAccount.php
23 Mar 2022 14:07:30|20|shiji@forstarfoods.com|SupplierAccount.php
23 Mar 2022 14:07:33|20|shiji@forstarfoods.com|SupplierAccount.php
23 Mar 2022 14:08:15|20|shiji@forstarfoods.com|SupplierAccount.php
23 Mar 2022 14:08:21|20|shiji@forstarfoods.com|SupplierAccount.php
23 Mar 2022 14:08:22|20|shiji@forstarfoods.com|SupplierAccount.php
23 Mar 2022 14:10:23|20|shiji@forstarfoods.com|SupplierAccount.php
23 Mar 2022 14:10:53|20|shiji@forstarfoods.com|DailyCatchReport.php
23 Mar 2022 14:10:59|20|shiji@forstarfoods.com|DailyCatchReport.php
23 Mar 2022 14:11:02|20|shiji@forstarfoods.com|DailyCatchReport.php
23 Mar 2022 14:11:03|20|shiji@forstarfoods.com|DailyCatchReport.php
23 Mar 2022 14:11:04|20|shiji@forstarfoods.com|DailyCatchReport.php
23 Mar 2022 14:11:05|20|shiji@forstarfoods.com|DailyCatchReport.php
23 Mar 2022 14:11:08|20|shiji@forstarfoods.com|PrintDailyCatchReportMemo.php
23 Mar 2022 14:14:02|20|shiji@forstarfoods.com|DailyCatchReport.php
23 Mar 2022 14:14:03|20|shiji@forstarfoods.com|DailyCatchReport.php
23 Mar 2022 14:14:04|20|shiji@forstarfoods.com|DailyCatchReport.php
23 Mar 2022 14:14:07|20|shiji@forstarfoods.com|DailyCatchReport.php
23 Mar 2022 14:14:08|20|shiji@forstarfoods.com|DailyCatchReport.php
23 Mar 2022 14:14:09|20|shiji@forstarfoods.com|DailyCatchReport.php
23 Mar 2022 14:14:10|20|shiji@forstarfoods.com|DailyCatchReport.php
23 Mar 2022 14:14:11|20|shiji@forstarfoods.com|DailyCatchReport.php
23 Mar 2022 14:14:12|20|shiji@forstarfoods.com|DailyCatchReport.php
23 Mar 2022 14:14:12|20|shiji@forstarfoods.com|DailyCatchReport.php
23 Mar 2022 14:14:15|20|shiji@forstarfoods.com|PrintDailyCatchReportMemo.php
23 Mar 2022 14:14:59|20|shiji@forstarfoods.com|DailyCatchReport.php
23 Mar 2022 14:15:00|20|shiji@forstarfoods.com|DailyCatchReport.php
23 Mar 2022 14:15:01|20|shiji@forstarfoods.com|DailyCatchReport.php
23 Mar 2022 14:15:01|20|shiji@forstarfoods.com|DailyCatchReport.php
23 Mar 2022 14:15:02|20|shiji@forstarfoods.com|DailyCatchReport.php
23 Mar 2022 14:15:03|20|shiji@forstarfoods.com|DailyCatchReport.php
23 Mar 2022 14:15:04|20|shiji@forstarfoods.com|DailyCatchReport.php
23 Mar 2022 14:15:06|20|shiji@forstarfoods.com|PrintDailyCatchReportMemo.php
23 Mar 2022 14:15:23|20|shiji@forstarfoods.com|DailyCatchReport.php
23 Mar 2022 14:15:24|20|shiji@forstarfoods.com|DailyCatchReport.php
23 Mar 2022 14:15:25|20|shiji@forstarfoods.com|DailyCatchReport.php
23 Mar 2022 14:15:31|20|shiji@forstarfoods.com|DailyCatchEntry_New.php
23 Mar 2022 14:15:36|20|shiji@forstarfoods.com|DailyCatchEntry_New.php
23 Mar 2022 14:15:37|20|shiji@forstarfoods.com|DailyCatchEntry_New.php
23 Mar 2022 14:15:37|20|shiji@forstarfoods.com|DailyCatchEntry_New.php
23 Mar 2022 14:15:39|20|shiji@forstarfoods.com|DailyCatchEntry_New.php
23 Mar 2022 14:15:40|20|shiji@forstarfoods.com|DailyCatchEntry_New.php
23 Mar 2022 14:15:40|20|shiji@forstarfoods.com|DailyCatchEntry_New.php
23 Mar 2022 14:15:50|20|shiji@forstarfoods.com|DailyCatchEntry_New.php
23 Mar 2022 14:15:54|20|shiji@forstarfoods.com|DailyCatchEntry_New.php
23 Mar 2022 14:15:54|20|shiji@forstarfoods.com|DailyCatchEntry_New.php
23 Mar 2022 14:15:54|20|shiji@forstarfoods.com|CatchEntryDeclaredItem.php
23 Mar 2022 14:15:55|20|shiji@forstarfoods.com|CatchEntryDeclaredItem.php
23 Mar 2022 14:15:55|20|shiji@forstarfoods.com|DailyCatchEntry_New.php
23 Mar 2022 14:15:59|20|shiji@forstarfoods.com|DailyCatchEntry_New.php
23 Mar 2022 14:16:01|20|shiji@forstarfoods.com|DailyCatchEntry_New.php
23 Mar 2022 14:16:02|20|shiji@forstarfoods.com|DailyCatchEntry_New.php
23 Mar 2022 14:16:05|20|shiji@forstarfoods.com|DailyCatchEntry_New.php
23 Mar 2022 14:16:09|20|shiji@forstarfoods.com|DailyCatchEntry_New.php
23 Mar 2022 14:16:09|20|shiji@forstarfoods.com|DailyCatchEntry_New.php
23 Mar 2022 14:16:09|20|shiji@forstarfoods.com|CatchEntryDeclaredItem.php
23 Mar 2022 14:16:10|20|shiji@forstarfoods.com|DailyCatchEntry_New.php
23 Mar 2022 14:16:10|20|shiji@forstarfoods.com|CatchEntryDeclaredItem.php
23 Mar 2022 14:16:15|20|shiji@forstarfoods.com|DailyCatchEntry_New.php
23 Mar 2022 14:16:17|20|shiji@forstarfoods.com|DailyCatchEntry_New.php
23 Mar 2022 14:16:19|20|shiji@forstarfoods.com|DailyCatchEntry_New.php
23 Mar 2022 14:16:22|20|shiji@forstarfoods.com|DailyCatchReport.php
23 Mar 2022 14:16:28|20|shiji@forstarfoods.com|DailyCatchReport.php
23 Mar 2022 14:16:30|20|shiji@forstarfoods.com|DailyCatchReport.php
23 Mar 2022 14:16:31|20|shiji@forstarfoods.com|DailyCatchReport.php
23 Mar 2022 14:16:32|20|shiji@forstarfoods.com|DailyCatchReport.php
23 Mar 2022 14:16:32|20|shiji@forstarfoods.com|DailyCatchReport.php
23 Mar 2022 14:16:34|20|shiji@forstarfoods.com|DailyCatchReport.php
23 Mar 2022 14:16:35|20|shiji@forstarfoods.com|DailyCatchReport.php
23 Mar 2022 14:16:35|20|shiji@forstarfoods.com|DailyCatchReport.php
23 Mar 2022 14:16:38|20|shiji@forstarfoods.com|PrintDailyCatchReportMemo.php
23 Mar 2022 14:17:25|20|shiji@forstarfoods.com|DailyCatchReport.php
23 Mar 2022 14:17:27|20|shiji@forstarfoods.com|DailyCatchReport.php
23 Mar 2022 14:17:27|20|shiji@forstarfoods.com|DailyCatchReport.php
23 Mar 2022 14:19:02|20|shiji@forstarfoods.com|DailyCatchReport.php
23 Mar 2022 14:19:03|20|shiji@forstarfoods.com|DailyCatchReport.php
23 Mar 2022 14:19:03|20|shiji@forstarfoods.com|DailyCatchReport.php
23 Mar 2022 14:19:08|20|shiji@forstarfoods.com|PurchaseReport.php
23 Mar 2022 14:19:19|20|shiji@forstarfoods.com|PurchaseReport.php
23 Mar 2022 14:19:23|20|shiji@forstarfoods.com|PrintPurchaseSettlementMemo.php
23 Mar 2022 14:21:38|20|shiji@forstarfoods.com|PrintPurchaseSettlementMemo.php
23 Mar 2022 14:22:25|20|shiji@forstarfoods.com|PurchaseReport.php
23 Mar 2022 14:22:41|20|shiji@forstarfoods.com|PurchaseReport.php
23 Mar 2022 14:22:50|20|shiji@forstarfoods.com|PurchaseReport.php
23 Mar 2022 14:22:53|20|shiji@forstarfoods.com|PrintPurchaseSettlementMemo.php
23 Mar 2022 14:23:08|20|shiji@forstarfoods.com|PrintPurchaseSettlementMemo.php
23 Mar 2022 14:23:43|20|shiji@forstarfoods.com|PurchaseReport.php
23 Mar 2022 14:23:52|20|shiji@forstarfoods.com|PurchaseReport.php
23 Mar 2022 14:23:57|20|shiji@forstarfoods.com|SupplierAccount.php
23 Mar 2022 14:24:03|20|shiji@forstarfoods.com|SupplierAccount.php
23 Mar 2022 14:24:06|20|shiji@forstarfoods.com|SupplierAccount.php
23 Mar 2022 14:24:08|20|shiji@forstarfoods.com|SupplierAccount.php
23 Mar 2022 14:24:11|20|shiji@forstarfoods.com|SupplierAccount.php
23 Mar 2022 14:26:42|20|shiji@forstarfoods.com|SupplierAccount.php
23 Mar 2022 14:27:40|20|shiji@forstarfoods.com|SupplierAccount.php
23 Mar 2022 14:27:48|20|shiji@forstarfoods.com|SupplierAccount.php
23 Mar 2022 14:27:51|20|shiji@forstarfoods.com|SupplierAccount.php
23 Mar 2022 14:28:43|20|shiji@forstarfoods.com|SupplierAccount.php
23 Mar 2022 14:28:55|20|shiji@forstarfoods.com|SupplierAccount.php
23 Mar 2022 14:28:57|20|shiji@forstarfoods.com|SupplierAccount.php
23 Mar 2022 14:29:07|20|shiji@forstarfoods.com|SupplierAccount.php
23 Mar 2022 14:29:15|20|shiji@forstarfoods.com|SupplierAccount.php
23 Mar 2022 14:29:17|20|shiji@forstarfoods.com|SupplierAccount.php
23 Mar 2022 14:29:26|20|shiji@forstarfoods.com|SupplierAccount.php
23 Mar 2022 14:29:28|20|shiji@forstarfoods.com|SupplierAccount.php
23 Mar 2022 14:29:35|20|shiji@forstarfoods.com|PurchaseReport.php
23 Mar 2022 14:29:43|20|shiji@forstarfoods.com|PurchaseReport.php
23 Mar 2022 14:29:46|20|shiji@forstarfoods.com|PrintPurchaseSettlementMemo.php
23 Mar 2022 14:29:55|20|shiji@forstarfoods.com|PrintPurchaseSettlementMemo.php
23 Mar 2022 14:30:26|20|shiji@forstarfoods.com|PurchaseReport.php
23 Mar 2022 14:30:30|20|shiji@forstarfoods.com|PrintPurchaseSettlementMemo.php
23 Mar 2022 14:30:41|20|shiji@forstarfoods.com|PrintPurchaseSettlementMemo.php
23 Mar 2022 14:31:09|20|shiji@forstarfoods.com|PurchaseReport.php
23 Mar 2022 14:31:12|20|shiji@forstarfoods.com|PrintPurchaseSettlementMemo.php
23 Mar 2022 14:31:18|20|shiji@forstarfoods.com|PrintPurchaseSettlementMemo.php
23 Mar 2022 15:50:06|24|shashikala@forstarfoods.com|Home.php
23 Mar 2022 17:08:36|20|shiji@forstarfoods.com|DailyCatchSummary.php
23 Mar 2022 17:08:38|20|shiji@forstarfoods.com|DailyCatchSummary.php
23 Mar 2022 17:08:43|20|shiji@forstarfoods.com|DailyCatchSummary.php
23 Mar 2022 17:08:45|20|shiji@forstarfoods.com|DailyCatchSummary.php
23 Mar 2022 17:08:51|20|shiji@forstarfoods.com|DailyCatchSummary.php
23 Mar 2022 17:09:11|20|shiji@forstarfoods.com|DailyCatchSummary.php
24 Mar 2022 12:09:14|24|shashikala@forstarfoods.com|Home.php
24 Mar 2022 12:12:14|24|shashikala@forstarfoods.com|Home.php
24 Mar 2022 12:12:21|24|shashikala@forstarfoods.com|Home.php
24 Mar 2022 12:16:40|24|shashikala@forstarfoods.com|DailyRMCB.php
24 Mar 2022 12:17:36|24|shashikala@forstarfoods.com|DailyRMCB.php
24 Mar 2022 12:17:41|24|shashikala@forstarfoods.com|DailyRMCB.php
24 Mar 2022 12:18:02|24|shashikala@forstarfoods.com|DailyRMCB.php
24 Mar 2022 12:18:06|24|shashikala@forstarfoods.com|DailyRMCB.php
24 Mar 2022 12:20:17|24|shashikala@forstarfoods.com|DailyRMCB.php
24 Mar 2022 12:20:29|24|shashikala@forstarfoods.com|DailyRMCB.php
24 Mar 2022 12:24:28|24|shashikala@forstarfoods.com|DailyRMCB.php
24 Mar 2022 12:24:34|24|shashikala@forstarfoods.com|DailyRMCB.php
24 Mar 2022 12:25:19|24|shashikala@forstarfoods.com|DailyRMCB.php
24 Mar 2022 12:25:22|24|shashikala@forstarfoods.com|DailyRMCB.php
24 Mar 2022 12:25:28|24|shashikala@forstarfoods.com|Home.php
24 Mar 2022 12:26:00|24|shashikala@forstarfoods.com|DailyPreProcess.php
24 Mar 2022 12:26:38|24|shashikala@forstarfoods.com|DailyPreProcess.php
24 Mar 2022 12:26:43|24|shashikala@forstarfoods.com|DailyPreProcess.php
24 Mar 2022 12:26:46|24|shashikala@forstarfoods.com|DailyPreProcess.php
24 Mar 2022 12:26:53|24|shashikala@forstarfoods.com|DailyPreProcess.php
24 Mar 2022 12:26:55|24|shashikala@forstarfoods.com|DailyPreProcess.php
24 Mar 2022 12:27:58|24|shashikala@forstarfoods.com|DailyPreProcess.php
24 Mar 2022 12:28:36|24|shashikala@forstarfoods.com|DailyRMCB.php
24 Mar 2022 12:28:43|24|shashikala@forstarfoods.com|DailyRMCB.php
24 Mar 2022 12:28:50|24|shashikala@forstarfoods.com|DailyRMCB.php
24 Mar 2022 12:29:05|24|shashikala@forstarfoods.com|DailyRMCB.php
24 Mar 2022 12:30:39|24|shashikala@forstarfoods.com|DailyRMCB.php
24 Mar 2022 12:30:43|24|shashikala@forstarfoods.com|DailyRMCB.php
24 Mar 2022 12:53:56|24|shashikala@forstarfoods.com|DailyRMCB.php
24 Mar 2022 12:54:04|24|shashikala@forstarfoods.com|DailyRMCB.php
24 Mar 2022 12:54:08|24|shashikala@forstarfoods.com|DailyRMCB.php
24 Mar 2022 12:55:53|24|shashikala@forstarfoods.com|DailyRMCB.php
24 Mar 2022 12:55:57|24|shashikala@forstarfoods.com|DailyRMCB.php
24 Mar 2022 12:56:06|24|shashikala@forstarfoods.com|Home.php
25 Mar 2022 10:51:50|20|shiji@forstarfoods.com|Home.php
25 Mar 2022 10:52:26|20|shiji@forstarfoods.com|DailyCatchEntry_New.php
25 Mar 2022 10:52:33|20|shiji@forstarfoods.com|DailyCatchEntry_New.php
25 Mar 2022 10:52:35|20|shiji@forstarfoods.com|DailyCatchEntry_New.php
25 Mar 2022 10:52:35|20|shiji@forstarfoods.com|DailyCatchEntry_New.php
25 Mar 2022 10:52:35|20|shiji@forstarfoods.com|DailyCatchEntry_New.php
25 Mar 2022 10:52:35|20|shiji@forstarfoods.com|CatchEntryDeclaredItem.php
25 Mar 2022 10:52:36|20|shiji@forstarfoods.com|DailyCatchEntry_New.php
25 Mar 2022 10:52:39|20|shiji@forstarfoods.com|DailyCatchEntry_New.php
25 Mar 2022 10:52:39|20|shiji@forstarfoods.com|DailyCatchEntry_New.php
25 Mar 2022 10:52:39|20|shiji@forstarfoods.com|DailyCatchEntry_New.php
25 Mar 2022 10:52:40|20|shiji@forstarfoods.com|DailyCatchEntry_New.php
25 Mar 2022 10:52:40|20|shiji@forstarfoods.com|DailyCatchEntry_New.php
25 Mar 2022 10:52:53|20|shiji@forstarfoods.com|DailyCatchEntry_New.php
25 Mar 2022 10:52:53|20|shiji@forstarfoods.com|DailyCatchEntry_New.php
25 Mar 2022 10:52:54|20|shiji@forstarfoods.com|DailyCatchEntry_New.php
25 Mar 2022 10:53:16|20|shiji@forstarfoods.com|DailyCatchEntry_New.php
25 Mar 2022 10:53:22|20|shiji@forstarfoods.com|DailyCatchEntry_New.php
25 Mar 2022 10:53:22|20|shiji@forstarfoods.com|CatchEntryDeclaredItem.php
25 Mar 2022 10:54:22|20|shiji@forstarfoods.com|DailyCatchEntry_New.php
25 Mar 2022 10:54:25|20|shiji@forstarfoods.com|DailyCatchEntry_New.php
25 Mar 2022 10:54:30|20|shiji@forstarfoods.com|DailyCatchEntry_New.php
25 Mar 2022 10:54:31|20|shiji@forstarfoods.com|DailyCatchEntry_New.php
25 Mar 2022 10:55:27|20|shiji@forstarfoods.com|DailyCatchEntry_New.php
25 Mar 2022 10:55:28|20|shiji@forstarfoods.com|DailyCatchEntry_New.php
25 Mar 2022 10:56:01|20|shiji@forstarfoods.com|DailyCatchEntry_New.php
25 Mar 2022 10:56:01|20|shiji@forstarfoods.com|DailyCatchEntry_New.php
25 Mar 2022 10:56:02|20|shiji@forstarfoods.com|DailyCatchEntry_New.php
25 Mar 2022 10:56:02|20|shiji@forstarfoods.com|DailyCatchEntry_New.php
25 Mar 2022 10:56:02|20|shiji@forstarfoods.com|DailyCatchEntry_New.php
25 Mar 2022 10:56:03|20|shiji@forstarfoods.com|DailyCatchEntry_New.php
25 Mar 2022 10:56:03|20|shiji@forstarfoods.com|DailyCatchEntry_New.php
25 Mar 2022 10:56:03|20|shiji@forstarfoods.com|DailyCatchEntry_New.php
25 Mar 2022 10:56:03|20|shiji@forstarfoods.com|DailyCatchEntry_New.php
25 Mar 2022 10:56:04|20|shiji@forstarfoods.com|DailyCatchEntry_New.php
25 Mar 2022 10:56:05|20|shiji@forstarfoods.com|DailyCatchEntry_New.php
25 Mar 2022 10:56:05|20|shiji@forstarfoods.com|DailyCatchEntry_New.php
25 Mar 2022 10:56:50|20|shiji@forstarfoods.com|DailyCatchEntry_New.php
25 Mar 2022 10:56:51|20|shiji@forstarfoods.com|DailyCatchEntry_New.php
25 Mar 2022 10:56:52|20|shiji@forstarfoods.com|CatchEntryDeclaredItem.php
25 Mar 2022 10:56:57|20|shiji@forstarfoods.com|DailyCatchEntry_New.php
25 Mar 2022 10:56:58|20|shiji@forstarfoods.com|DailyCatchEntry_New.php
25 Mar 2022 10:57:00|20|shiji@forstarfoods.com|DailyCatchEntry_New.php
25 Mar 2022 10:57:01|20|shiji@forstarfoods.com|DailyCatchEntry_New.php
25 Mar 2022 10:57:01|20|shiji@forstarfoods.com|DailyCatchEntry_New.php
25 Mar 2022 10:57:01|20|shiji@forstarfoods.com|DailyCatchEntry_New.php
25 Mar 2022 10:57:02|20|shiji@forstarfoods.com|DailyCatchEntry_New.php
25 Mar 2022 10:57:02|20|shiji@forstarfoods.com|DailyCatchEntry_New.php
25 Mar 2022 10:57:02|20|shiji@forstarfoods.com|DailyCatchEntry_New.php
25 Mar 2022 10:57:02|20|shiji@forstarfoods.com|DailyCatchEntry_New.php
25 Mar 2022 10:57:03|20|shiji@forstarfoods.com|DailyCatchEntry_New.php
25 Mar 2022 10:57:03|20|shiji@forstarfoods.com|DailyCatchEntry_New.php
25 Mar 2022 10:57:03|20|shiji@forstarfoods.com|DailyCatchEntry_New.php
25 Mar 2022 10:57:04|20|shiji@forstarfoods.com|DailyCatchEntry_New.php
25 Mar 2022 10:57:04|20|shiji@forstarfoods.com|DailyCatchEntry_New.php
25 Mar 2022 10:57:04|20|shiji@forstarfoods.com|DailyCatchEntry_New.php
25 Mar 2022 10:57:04|20|shiji@forstarfoods.com|DailyCatchEntry_New.php
25 Mar 2022 10:57:05|20|shiji@forstarfoods.com|DailyCatchEntry_New.php
25 Mar 2022 10:57:05|20|shiji@forstarfoods.com|DailyCatchEntry_New.php
25 Mar 2022 10:57:05|20|shiji@forstarfoods.com|DailyCatchEntry_New.php
25 Mar 2022 10:57:06|20|shiji@forstarfoods.com|DailyCatchEntry_New.php
25 Mar 2022 10:57:06|20|shiji@forstarfoods.com|DailyCatchEntry_New.php
25 Mar 2022 10:57:06|20|shiji@forstarfoods.com|DailyCatchEntry_New.php
25 Mar 2022 10:57:07|20|shiji@forstarfoods.com|DailyCatchEntry_New.php
25 Mar 2022 10:57:33|20|shiji@forstarfoods.com|DailyCatchEntry_New.php
25 Mar 2022 10:57:36|20|shiji@forstarfoods.com|DailyCatchEntry_New.php
25 Mar 2022 10:57:37|20|shiji@forstarfoods.com|DailyCatchEntry_New.php
25 Mar 2022 10:57:37|20|shiji@forstarfoods.com|CatchEntryDeclaredItem.php
25 Mar 2022 10:57:39|20|shiji@forstarfoods.com|DailyCatchEntry_New.php
25 Mar 2022 10:57:40|20|shiji@forstarfoods.com|DailyCatchEntry_New.php
25 Mar 2022 10:57:43|20|shiji@forstarfoods.com|DailyCatchEntry_New.php
25 Mar 2022 10:57:43|20|shiji@forstarfoods.com|DailyCatchEntry_New.php
25 Mar 2022 10:57:43|20|shiji@forstarfoods.com|DailyCatchEntry_New.php
25 Mar 2022 10:57:43|20|shiji@forstarfoods.com|DailyCatchEntry_New.php
25 Mar 2022 10:57:44|20|shiji@forstarfoods.com|DailyCatchEntry_New.php
25 Mar 2022 10:57:44|20|shiji@forstarfoods.com|DailyCatchEntry_New.php
25 Mar 2022 10:57:44|20|shiji@forstarfoods.com|DailyCatchEntry_New.php
25 Mar 2022 10:57:45|20|shiji@forstarfoods.com|DailyCatchEntry_New.php
25 Mar 2022 10:57:45|20|shiji@forstarfoods.com|DailyCatchEntry_New.php
25 Mar 2022 10:57:45|20|shiji@forstarfoods.com|DailyCatchEntry_New.php
25 Mar 2022 10:57:45|20|shiji@forstarfoods.com|DailyCatchEntry_New.php
25 Mar 2022 10:57:46|20|shiji@forstarfoods.com|DailyCatchEntry_New.php
25 Mar 2022 10:57:46|20|shiji@forstarfoods.com|DailyCatchEntry_New.php
25 Mar 2022 10:57:46|20|shiji@forstarfoods.com|DailyCatchEntry_New.php
25 Mar 2022 10:57:47|20|shiji@forstarfoods.com|DailyCatchEntry_New.php
25 Mar 2022 10:57:47|20|shiji@forstarfoods.com|DailyCatchEntry_New.php
25 Mar 2022 10:57:47|20|shiji@forstarfoods.com|DailyCatchEntry_New.php
25 Mar 2022 10:57:48|20|shiji@forstarfoods.com|DailyCatchEntry_New.php
25 Mar 2022 10:57:48|20|shiji@forstarfoods.com|DailyCatchEntry_New.php
25 Mar 2022 10:57:48|20|shiji@forstarfoods.com|DailyCatchEntry_New.php
25 Mar 2022 10:57:48|20|shiji@forstarfoods.com|DailyCatchEntry_New.php
25 Mar 2022 10:57:49|20|shiji@forstarfoods.com|DailyCatchEntry_New.php
25 Mar 2022 10:57:49|20|shiji@forstarfoods.com|DailyCatchEntry_New.php
25 Mar 2022 10:57:49|20|shiji@forstarfoods.com|DailyCatchEntry_New.php
25 Mar 2022 10:58:07|20|shiji@forstarfoods.com|DailyCatchEntry_New.php
25 Mar 2022 10:58:09|20|shiji@forstarfoods.com|DailyCatchEntry_New.php
25 Mar 2022 10:58:10|20|shiji@forstarfoods.com|CatchEntryDeclaredItem.php
25 Mar 2022 10:58:12|20|shiji@forstarfoods.com|DailyCatchEntry_New.php
25 Mar 2022 10:58:14|20|shiji@forstarfoods.com|DailyCatchEntry_New.php
25 Mar 2022 10:58:16|20|shiji@forstarfoods.com|DailyCatchEntry_New.php
25 Mar 2022 10:58:16|20|shiji@forstarfoods.com|DailyCatchEntry_New.php
25 Mar 2022 10:58:16|20|shiji@forstarfoods.com|DailyCatchEntry_New.php
25 Mar 2022 10:58:16|20|shiji@forstarfoods.com|DailyCatchEntry_New.php
25 Mar 2022 10:58:17|20|shiji@forstarfoods.com|DailyCatchEntry_New.php
25 Mar 2022 10:58:17|20|shiji@forstarfoods.com|DailyCatchEntry_New.php
25 Mar 2022 10:58:18|20|shiji@forstarfoods.com|DailyCatchEntry_New.php
25 Mar 2022 10:58:18|20|shiji@forstarfoods.com|DailyCatchEntry_New.php
25 Mar 2022 10:58:31|20|shiji@forstarfoods.com|DailyCatchEntry_New.php
25 Mar 2022 10:58:33|20|shiji@forstarfoods.com|DailyCatchEntry_New.php
25 Mar 2022 10:58:34|20|shiji@forstarfoods.com|CatchEntryDeclaredItem.php
25 Mar 2022 10:58:43|20|shiji@forstarfoods.com|DailyCatchEntry_New.php
25 Mar 2022 10:58:45|20|shiji@forstarfoods.com|DailyCatchEntry_New.php
25 Mar 2022 10:58:48|20|shiji@forstarfoods.com|DailyCatchEntry_New.php
25 Mar 2022 10:58:48|20|shiji@forstarfoods.com|DailyCatchEntry_New.php
25 Mar 2022 10:58:48|20|shiji@forstarfoods.com|DailyCatchEntry_New.php
25 Mar 2022 10:58:49|20|shiji@forstarfoods.com|DailyCatchEntry_New.php
25 Mar 2022 10:58:49|20|shiji@forstarfoods.com|DailyCatchEntry_New.php
25 Mar 2022 10:58:49|20|shiji@forstarfoods.com|DailyCatchEntry_New.php
25 Mar 2022 10:58:50|20|shiji@forstarfoods.com|DailyCatchEntry_New.php
25 Mar 2022 10:58:50|20|shiji@forstarfoods.com|DailyCatchEntry_New.php
25 Mar 2022 10:58:50|20|shiji@forstarfoods.com|DailyCatchEntry_New.php
25 Mar 2022 10:58:51|20|shiji@forstarfoods.com|DailyCatchEntry_New.php
25 Mar 2022 10:58:51|20|shiji@forstarfoods.com|DailyCatchEntry_New.php
25 Mar 2022 10:58:51|20|shiji@forstarfoods.com|DailyCatchEntry_New.php
25 Mar 2022 10:59:02|20|shiji@forstarfoods.com|DailyCatchEntry_New.php
25 Mar 2022 10:59:03|20|shiji@forstarfoods.com|DailyCatchEntry_New.php
25 Mar 2022 10:59:04|20|shiji@forstarfoods.com|CatchEntryDeclaredItem.php
25 Mar 2022 10:59:17|20|shiji@forstarfoods.com|DailyCatchEntry_New.php
25 Mar 2022 10:59:18|20|shiji@forstarfoods.com|DailyCatchEntry_New.php
25 Mar 2022 10:59:22|20|shiji@forstarfoods.com|DailyCatchEntry_New.php
25 Mar 2022 10:59:22|20|shiji@forstarfoods.com|DailyCatchEntry_New.php
25 Mar 2022 10:59:22|20|shiji@forstarfoods.com|DailyCatchEntry_New.php
25 Mar 2022 10:59:23|20|shiji@forstarfoods.com|DailyCatchEntry_New.php
25 Mar 2022 10:59:23|20|shiji@forstarfoods.com|DailyCatchEntry_New.php
25 Mar 2022 10:59:23|20|shiji@forstarfoods.com|DailyCatchEntry_New.php
25 Mar 2022 10:59:24|20|shiji@forstarfoods.com|DailyCatchEntry_New.php
25 Mar 2022 10:59:24|20|shiji@forstarfoods.com|DailyCatchEntry_New.php
25 Mar 2022 10:59:24|20|shiji@forstarfoods.com|DailyCatchEntry_New.php
25 Mar 2022 10:59:25|20|shiji@forstarfoods.com|DailyCatchEntry_New.php
25 Mar 2022 10:59:25|20|shiji@forstarfoods.com|DailyCatchEntry_New.php
25 Mar 2022 10:59:25|20|shiji@forstarfoods.com|DailyCatchEntry_New.php
25 Mar 2022 10:59:25|20|shiji@forstarfoods.com|DailyCatchEntry_New.php
25 Mar 2022 10:59:26|20|shiji@forstarfoods.com|DailyCatchEntry_New.php
25 Mar 2022 10:59:33|20|shiji@forstarfoods.com|DailyCatchEntry_New.php
25 Mar 2022 10:59:33|20|shiji@forstarfoods.com|DailyCatchEntry_New.php
25 Mar 2022 10:59:33|20|shiji@forstarfoods.com|DailyCatchEntry_New.php
25 Mar 2022 10:59:35|20|shiji@forstarfoods.com|DailyCatchEntry_New.php
25 Mar 2022 10:59:36|20|shiji@forstarfoods.com|CatchEntryDeclaredItem.php
25 Mar 2022 10:59:44|20|shiji@forstarfoods.com|DailyCatchEntry_New.php
25 Mar 2022 10:59:46|20|shiji@forstarfoods.com|DailyCatchEntry_New.php
25 Mar 2022 10:59:48|20|shiji@forstarfoods.com|DailyCatchEntry_New.php
25 Mar 2022 10:59:48|20|shiji@forstarfoods.com|DailyCatchEntry_New.php
25 Mar 2022 10:59:49|20|shiji@forstarfoods.com|DailyCatchEntry_New.php
25 Mar 2022 10:59:49|20|shiji@forstarfoods.com|DailyCatchEntry_New.php
25 Mar 2022 10:59:49|20|shiji@forstarfoods.com|DailyCatchEntry_New.php
25 Mar 2022 10:59:50|20|shiji@forstarfoods.com|DailyCatchEntry_New.php
25 Mar 2022 10:59:50|20|shiji@forstarfoods.com|DailyCatchEntry_New.php
25 Mar 2022 10:59:50|20|shiji@forstarfoods.com|DailyCatchEntry_New.php
25 Mar 2022 10:59:50|20|shiji@forstarfoods.com|DailyCatchEntry_New.php
25 Mar 2022 10:59:51|20|shiji@forstarfoods.com|DailyCatchEntry_New.php
25 Mar 2022 10:59:51|20|shiji@forstarfoods.com|DailyCatchEntry_New.php
25 Mar 2022 10:59:51|20|shiji@forstarfoods.com|DailyCatchEntry_New.php
25 Mar 2022 10:59:52|20|shiji@forstarfoods.com|DailyCatchEntry_New.php
25 Mar 2022 10:59:52|20|shiji@forstarfoods.com|DailyCatchEntry_New.php
25 Mar 2022 10:59:53|20|shiji@forstarfoods.com|DailyCatchEntry_New.php
25 Mar 2022 10:59:53|20|shiji@forstarfoods.com|DailyCatchEntry_New.php
25 Mar 2022 10:59:53|20|shiji@forstarfoods.com|DailyCatchEntry_New.php
25 Mar 2022 10:59:55|20|shiji@forstarfoods.com|DailyCatchEntry_New.php
25 Mar 2022 10:59:56|20|shiji@forstarfoods.com|CatchEntryDeclaredItem.php
25 Mar 2022 11:00:04|20|shiji@forstarfoods.com|DailyCatchEntry_New.php
25 Mar 2022 11:00:04|20|shiji@forstarfoods.com|DailyCatchEntry_New.php
25 Mar 2022 11:00:04|20|shiji@forstarfoods.com|DailyCatchEntry_New.php
25 Mar 2022 11:00:14|20|shiji@forstarfoods.com|DailyCatchEntry_New.php
25 Mar 2022 11:00:17|20|shiji@forstarfoods.com|DailyCatchEntry_New.php
25 Mar 2022 11:00:18|20|shiji@forstarfoods.com|CatchEntryDeclaredItem.php
25 Mar 2022 11:00:27|20|shiji@forstarfoods.com|DailyCatchEntry_New.php
25 Mar 2022 11:00:37|20|shiji@forstarfoods.com|DailyCatchEntry_New.php
25 Mar 2022 11:00:40|20|shiji@forstarfoods.com|DailyCatchEntry_New.php
25 Mar 2022 11:00:41|20|shiji@forstarfoods.com|DailyCatchEntry_New.php
25 Mar 2022 11:00:45|20|shiji@forstarfoods.com|DailyCatchEntry_New.php
25 Mar 2022 11:00:45|20|shiji@forstarfoods.com|DailyCatchEntry_New.php
25 Mar 2022 11:00:46|20|shiji@forstarfoods.com|DailyCatchEntry_New.php
25 Mar 2022 11:00:46|20|shiji@forstarfoods.com|DailyCatchEntry_New.php
25 Mar 2022 11:00:46|20|shiji@forstarfoods.com|DailyCatchEntry_New.php
25 Mar 2022 11:00:46|20|shiji@forstarfoods.com|DailyCatchEntry_New.php
25 Mar 2022 11:00:47|20|shiji@forstarfoods.com|DailyCatchEntry_New.php
25 Mar 2022 11:00:47|20|shiji@forstarfoods.com|DailyCatchEntry_New.php
25 Mar 2022 11:00:47|20|shiji@forstarfoods.com|DailyCatchEntry_New.php
25 Mar 2022 11:00:48|20|shiji@forstarfoods.com|DailyCatchEntry_New.php
25 Mar 2022 11:00:48|20|shiji@forstarfoods.com|DailyCatchEntry_New.php
25 Mar 2022 11:00:48|20|shiji@forstarfoods.com|DailyCatchEntry_New.php
25 Mar 2022 11:01:18|20|shiji@forstarfoods.com|DailyCatchEntry_New.php
25 Mar 2022 11:01:20|20|shiji@forstarfoods.com|DailyCatchEntry_New.php
25 Mar 2022 11:01:21|20|shiji@forstarfoods.com|CatchEntryDeclaredItem.php
25 Mar 2022 11:01:23|20|shiji@forstarfoods.com|DailyCatchEntry_New.php
25 Mar 2022 11:01:24|20|shiji@forstarfoods.com|DailyCatchEntry_New.php
25 Mar 2022 11:01:26|20|shiji@forstarfoods.com|DailyCatchEntry_New.php
25 Mar 2022 11:01:26|20|shiji@forstarfoods.com|DailyCatchEntry_New.php
25 Mar 2022 11:01:27|20|shiji@forstarfoods.com|DailyCatchEntry_New.php
25 Mar 2022 11:01:27|20|shiji@forstarfoods.com|DailyCatchEntry_New.php
25 Mar 2022 11:01:27|20|shiji@forstarfoods.com|DailyCatchEntry_New.php
25 Mar 2022 11:01:27|20|shiji@forstarfoods.com|DailyCatchEntry_New.php
25 Mar 2022 11:01:28|20|shiji@forstarfoods.com|DailyCatchEntry_New.php
25 Mar 2022 11:01:28|20|shiji@forstarfoods.com|DailyCatchEntry_New.php
25 Mar 2022 11:01:28|20|shiji@forstarfoods.com|DailyCatchEntry_New.php
25 Mar 2022 11:01:29|20|shiji@forstarfoods.com|DailyCatchEntry_New.php
25 Mar 2022 11:01:29|20|shiji@forstarfoods.com|DailyCatchEntry_New.php
25 Mar 2022 11:01:29|20|shiji@forstarfoods.com|DailyCatchEntry_New.php
25 Mar 2022 11:01:29|20|shiji@forstarfoods.com|DailyCatchEntry_New.php
25 Mar 2022 11:01:30|20|shiji@forstarfoods.com|DailyCatchEntry_New.php
25 Mar 2022 11:01:30|20|shiji@forstarfoods.com|DailyCatchEntry_New.php
25 Mar 2022 11:01:30|20|shiji@forstarfoods.com|DailyCatchEntry_New.php
25 Mar 2022 11:01:31|20|shiji@forstarfoods.com|DailyCatchEntry_New.php
25 Mar 2022 11:01:31|20|shiji@forstarfoods.com|DailyCatchEntry_New.php
25 Mar 2022 11:01:31|20|shiji@forstarfoods.com|DailyCatchEntry_New.php
25 Mar 2022 11:01:32|20|shiji@forstarfoods.com|DailyCatchEntry_New.php
25 Mar 2022 11:01:32|20|shiji@forstarfoods.com|DailyCatchEntry_New.php
25 Mar 2022 11:01:32|20|shiji@forstarfoods.com|DailyCatchEntry_New.php
25 Mar 2022 11:01:32|20|shiji@forstarfoods.com|DailyCatchEntry_New.php
25 Mar 2022 11:01:33|20|shiji@forstarfoods.com|DailyCatchEntry_New.php
25 Mar 2022 11:02:37|20|shiji@forstarfoods.com|DailyCatchEntry_New.php
25 Mar 2022 11:03:23|20|shiji@forstarfoods.com|DailyCatchEntry_New.php
25 Mar 2022 11:03:24|20|shiji@forstarfoods.com|DailyCatchEntry_New.php
25 Mar 2022 11:03:25|20|shiji@forstarfoods.com|CatchEntryDeclaredItem.php
25 Mar 2022 11:03:28|20|shiji@forstarfoods.com|DailyCatchEntry_New.php
25 Mar 2022 11:03:29|20|shiji@forstarfoods.com|DailyCatchEntry_New.php
25 Mar 2022 11:03:31|20|shiji@forstarfoods.com|DailyCatchEntry_New.php
25 Mar 2022 11:03:31|20|shiji@forstarfoods.com|DailyCatchEntry_New.php
25 Mar 2022 11:03:32|20|shiji@forstarfoods.com|DailyCatchEntry_New.php
25 Mar 2022 11:03:32|20|shiji@forstarfoods.com|DailyCatchEntry_New.php
25 Mar 2022 11:03:32|20|shiji@forstarfoods.com|DailyCatchEntry_New.php
25 Mar 2022 11:03:32|20|shiji@forstarfoods.com|DailyCatchEntry_New.php
25 Mar 2022 11:03:33|20|shiji@forstarfoods.com|DailyCatchEntry_New.php
25 Mar 2022 11:03:33|20|shiji@forstarfoods.com|DailyCatchEntry_New.php
25 Mar 2022 11:03:41|20|shiji@forstarfoods.com|DailyCatchEntry_New.php
25 Mar 2022 11:03:43|20|shiji@forstarfoods.com|DailyCatchEntry_New.php
25 Mar 2022 11:09:24|20|shiji@forstarfoods.com|CatchEntryDeclaredItem.php
25 Mar 2022 11:09:24|20|shiji@forstarfoods.com|DailyCatchEntry_New.php
25 Mar 2022 11:09:29|20|shiji@forstarfoods.com|DailyCatchEntry_New.php
25 Mar 2022 11:09:30|20|shiji@forstarfoods.com|DailyCatchEntry_New.php
25 Mar 2022 11:09:30|20|shiji@forstarfoods.com|DailyCatchEntry_New.php
25 Mar 2022 11:09:38|20|shiji@forstarfoods.com|DailyCatchEntry_New.php
25 Mar 2022 11:09:43|20|shiji@forstarfoods.com|DailyCatchEntry_New.php
25 Mar 2022 11:09:43|20|shiji@forstarfoods.com|CatchEntryDeclaredItem.php
25 Mar 2022 11:09:43|20|shiji@forstarfoods.com|DailyCatchEntry_New.php
25 Mar 2022 11:09:44|20|shiji@forstarfoods.com|CatchEntryDeclaredItem.php
25 Mar 2022 11:10:42|20|shiji@forstarfoods.com|DailyCatchEntry_New.php
25 Mar 2022 11:10:46|20|shiji@forstarfoods.com|DailyCatchEntry_New.php
25 Mar 2022 11:10:47|20|shiji@forstarfoods.com|DailyCatchEntry_New.php
25 Mar 2022 11:10:51|20|shiji@forstarfoods.com|DailyCatchEntry_New.php
25 Mar 2022 11:10:51|20|shiji@forstarfoods.com|DailyCatchEntry_New.php
25 Mar 2022 11:10:55|20|shiji@forstarfoods.com|DailyCatchEntry_New.php
25 Mar 2022 11:10:56|20|shiji@forstarfoods.com|DailyCatchEntry_New.php
25 Mar 2022 11:11:17|20|shiji@forstarfoods.com|DailyCatchEntry_New.php
25 Mar 2022 11:11:18|20|shiji@forstarfoods.com|DailyCatchEntry_New.php
25 Mar 2022 11:11:18|20|shiji@forstarfoods.com|DailyCatchEntry_New.php
25 Mar 2022 11:11:18|20|shiji@forstarfoods.com|DailyCatchEntry_New.php
25 Mar 2022 11:11:19|20|shiji@forstarfoods.com|DailyCatchEntry_New.php
25 Mar 2022 11:11:19|20|shiji@forstarfoods.com|DailyCatchEntry_New.php
25 Mar 2022 11:11:19|20|shiji@forstarfoods.com|DailyCatchEntry_New.php
25 Mar 2022 11:11:20|20|shiji@forstarfoods.com|DailyCatchEntry_New.php
25 Mar 2022 11:11:20|20|shiji@forstarfoods.com|DailyCatchEntry_New.php
25 Mar 2022 11:11:20|20|shiji@forstarfoods.com|DailyCatchEntry_New.php
25 Mar 2022 11:11:20|20|shiji@forstarfoods.com|DailyCatchEntry_New.php
25 Mar 2022 11:11:21|20|shiji@forstarfoods.com|DailyCatchEntry_New.php
25 Mar 2022 11:11:21|20|shiji@forstarfoods.com|DailyCatchEntry_New.php
25 Mar 2022 11:11:21|20|shiji@forstarfoods.com|DailyCatchEntry_New.php
25 Mar 2022 11:11:50|20|shiji@forstarfoods.com|DailyCatchEntry_New.php
25 Mar 2022 11:11:51|20|shiji@forstarfoods.com|DailyCatchEntry_New.php
25 Mar 2022 11:11:52|20|shiji@forstarfoods.com|DailyCatchEntry_New.php
25 Mar 2022 11:11:52|20|shiji@forstarfoods.com|DailyCatchEntry_New.php
25 Mar 2022 11:11:52|20|shiji@forstarfoods.com|DailyCatchEntry_New.php
25 Mar 2022 11:11:53|20|shiji@forstarfoods.com|DailyCatchEntry_New.php
25 Mar 2022 11:11:53|20|shiji@forstarfoods.com|DailyCatchEntry_New.php
25 Mar 2022 11:11:53|20|shiji@forstarfoods.com|DailyCatchEntry_New.php
25 Mar 2022 11:11:54|20|shiji@forstarfoods.com|DailyCatchEntry_New.php
25 Mar 2022 11:11:54|20|shiji@forstarfoods.com|DailyCatchEntry_New.php
25 Mar 2022 11:11:54|20|shiji@forstarfoods.com|DailyCatchEntry_New.php
25 Mar 2022 11:11:54|20|shiji@forstarfoods.com|DailyCatchEntry_New.php
25 Mar 2022 11:11:55|20|shiji@forstarfoods.com|DailyCatchEntry_New.php
25 Mar 2022 11:11:55|20|shiji@forstarfoods.com|DailyCatchEntry_New.php
25 Mar 2022 11:11:55|20|shiji@forstarfoods.com|DailyCatchEntry_New.php
25 Mar 2022 11:11:56|20|shiji@forstarfoods.com|DailyCatchEntry_New.php
25 Mar 2022 11:11:56|20|shiji@forstarfoods.com|DailyCatchEntry_New.php
25 Mar 2022 11:11:56|20|shiji@forstarfoods.com|DailyCatchEntry_New.php