
6 Apr 2022 12:31:46|20|shiji@forstarfoods.com|DailyCatchEntry_New.php
6 Apr 2022 12:31:46|20|shiji@forstarfoods.com|DailyCatchEntry_New.php
6 Apr 2022 12:31:48|20|shiji@forstarfoods.com|DailyCatchEntry_New.php
6 Apr 2022 12:31:52|20|shiji@forstarfoods.com|DailyCatchEntry_New.php
6 Apr 2022 12:31:52|20|shiji@forstarfoods.com|CatchEntryDeclaredItem.php
6 Apr 2022 12:31:59|20|shiji@forstarfoods.com|DailyCatchEntry_New.php
6 Apr 2022 12:32:00|20|shiji@forstarfoods.com|DailyCatchEntry_New.php
6 Apr 2022 12:32:07|20|shiji@forstarfoods.com|DailyCatchEntry_New.php
6 Apr 2022 12:32:10|20|shiji@forstarfoods.com|DailyCatchEntry_New.php
6 Apr 2022 12:32:12|20|shiji@forstarfoods.com|DailyCatchEntry_New.php
6 Apr 2022 12:32:14|20|shiji@forstarfoods.com|DailyCatchEntry_New.php
6 Apr 2022 12:32:14|20|shiji@forstarfoods.com|DailyCatchEntry_New.php
6 Apr 2022 12:32:14|20|shiji@forstarfoods.com|DailyCatchEntry_New.php
6 Apr 2022 12:32:15|20|shiji@forstarfoods.com|DailyCatchEntry_New.php
6 Apr 2022 12:32:16|20|shiji@forstarfoods.com|DailyCatchEntry_New.php
6 Apr 2022 12:32:16|20|shiji@forstarfoods.com|DailyCatchEntry_New.php
6 Apr 2022 12:32:26|20|shiji@forstarfoods.com|DailyCatchEntry_New.php
6 Apr 2022 12:32:28|20|shiji@forstarfoods.com|DailyCatchEntry_New.php
6 Apr 2022 12:32:29|20|shiji@forstarfoods.com|CatchEntryDeclaredItem.php
6 Apr 2022 12:37:00|20|shiji@forstarfoods.com|DailyCatchEntry_New.php
6 Apr 2022 12:42:01|20|shiji@forstarfoods.com|DailyCatchEntry_New.php
6 Apr 2022 12:47:02|20|shiji@forstarfoods.com|DailyCatchEntry_New.php
6 Apr 2022 12:52:03|20|shiji@forstarfoods.com|DailyCatchEntry_New.php
6 Apr 2022 12:57:04|20|shiji@forstarfoods.com|DailyCatchEntry_New.php
6 Apr 2022 13:02:05|20|shiji@forstarfoods.com|DailyCatchEntry_New.php
6 Apr 2022 13:02:39|20|shiji@forstarfoods.com|ProcessorsAccounts.php
6 Apr 2022 13:02:45|20|shiji@forstarfoods.com|ProcessorsAccounts.php
6 Apr 2022 13:03:06|20|shiji@forstarfoods.com|DailyCatchSummary.php
6 Apr 2022 13:03:08|20|shiji@forstarfoods.com|DailyCatchSummary.php
6 Apr 2022 13:03:12|20|shiji@forstarfoods.com|DailyCatchSummary.php
6 Apr 2022 13:03:14|20|shiji@forstarfoods.com|DailyCatchSummary.php
6 Apr 2022 13:03:18|20|shiji@forstarfoods.com|DailyCatchSummary.php
6 Apr 2022 13:04:50|20|shiji@forstarfoods.com|SettlementSummary.php
6 Apr 2022 13:04:58|20|shiji@forstarfoods.com|SettlementSummary.php
6 Apr 2022 13:05:04|20|shiji@forstarfoods.com|SettlementSummary.php
6 Apr 2022 13:05:24|20|shiji@forstarfoods.com|SettlementSummary.php
6 Apr 2022 13:05:28|20|shiji@forstarfoods.com|SupplierPayments.php
6 Apr 2022 13:05:29|20|shiji@forstarfoods.com|SupplierPayments.php
6 Apr 2022 13:05:29|20|shiji@forstarfoods.com|SupplierPayments.php
6 Apr 2022 14:12:57|20|shiji@forstarfoods.com|DailyCatchReport.php
6 Apr 2022 14:13:54|20|shiji@forstarfoods.com|DailyCatchReport.php
6 Apr 2022 14:13:57|20|shiji@forstarfoods.com|DailyCatchReport.php
6 Apr 2022 14:13:58|20|shiji@forstarfoods.com|DailyCatchReport.php
6 Apr 2022 14:13:58|20|shiji@forstarfoods.com|DailyCatchReport.php
6 Apr 2022 14:14:02|20|shiji@forstarfoods.com|PrintDailyCatchReportMemo.php
6 Apr 2022 14:22:30|20|shiji@forstarfoods.com|DailyCatchReport.php
6 Apr 2022 14:22:32|20|shiji@forstarfoods.com|DailyCatchReport.php
6 Apr 2022 14:22:32|20|shiji@forstarfoods.com|DailyCatchReport.php
6 Apr 2022 14:23:05|20|shiji@forstarfoods.com|DailyCatchReport.php
6 Apr 2022 14:23:06|20|shiji@forstarfoods.com|DailyCatchReport.php
6 Apr 2022 14:23:08|20|shiji@forstarfoods.com|DailyCatchReport.php
6 Apr 2022 14:23:08|20|shiji@forstarfoods.com|DailyCatchReport.php
6 Apr 2022 14:23:09|20|shiji@forstarfoods.com|DailyCatchReport.php
6 Apr 2022 14:23:10|20|shiji@forstarfoods.com|DailyCatchReport.php
6 Apr 2022 14:23:11|20|shiji@forstarfoods.com|DailyCatchReport.php
6 Apr 2022 14:23:13|20|shiji@forstarfoods.com|PrintDailyCatchReportMemo.php
6 Apr 2022 14:23:41|20|shiji@forstarfoods.com|DailyCatchReport.php
6 Apr 2022 14:23:42|20|shiji@forstarfoods.com|DailyCatchReport.php
6 Apr 2022 14:23:42|20|shiji@forstarfoods.com|DailyCatchReport.php
6 Apr 2022 14:24:07|20|shiji@forstarfoods.com|DailyCatchReport.php
6 Apr 2022 14:24:08|20|shiji@forstarfoods.com|DailyCatchReport.php
6 Apr 2022 14:24:09|20|shiji@forstarfoods.com|DailyCatchReport.php
6 Apr 2022 14:24:09|20|shiji@forstarfoods.com|DailyCatchReport.php
6 Apr 2022 14:24:11|20|shiji@forstarfoods.com|PrintDailyCatchReportMemo.php
6 Apr 2022 14:24:29|20|shiji@forstarfoods.com|DailyCatchReport.php
6 Apr 2022 14:24:30|20|shiji@forstarfoods.com|DailyCatchReport.php
6 Apr 2022 14:24:30|20|shiji@forstarfoods.com|DailyCatchReport.php
6 Apr 2022 14:24:41|20|shiji@forstarfoods.com|DailyCatchReport.php
6 Apr 2022 14:24:42|20|shiji@forstarfoods.com|DailyCatchReport.php
6 Apr 2022 14:24:43|20|shiji@forstarfoods.com|DailyCatchReport.php
6 Apr 2022 14:24:43|20|shiji@forstarfoods.com|DailyCatchReport.php
6 Apr 2022 14:24:45|20|shiji@forstarfoods.com|DailyCatchReport.php
6 Apr 2022 14:24:47|20|shiji@forstarfoods.com|DailyCatchReport.php
6 Apr 2022 14:24:48|20|shiji@forstarfoods.com|DailyCatchReport.php
6 Apr 2022 14:24:49|20|shiji@forstarfoods.com|DailyCatchReport.php
6 Apr 2022 14:24:51|20|shiji@forstarfoods.com|PrintDailyCatchReportMemo.php
6 Apr 2022 14:25:39|20|shiji@forstarfoods.com|DailyCatchReport.php
6 Apr 2022 14:25:40|20|shiji@forstarfoods.com|DailyCatchReport.php
6 Apr 2022 14:25:40|20|shiji@forstarfoods.com|DailyCatchReport.php
6 Apr 2022 14:25:51|20|shiji@forstarfoods.com|DailyCatchReport.php
6 Apr 2022 14:25:52|20|shiji@forstarfoods.com|DailyCatchReport.php
6 Apr 2022 14:25:54|20|shiji@forstarfoods.com|DailyCatchReport.php
6 Apr 2022 14:25:54|20|shiji@forstarfoods.com|DailyCatchReport.php
6 Apr 2022 14:25:55|20|shiji@forstarfoods.com|DailyCatchReport.php
6 Apr 2022 14:25:56|20|shiji@forstarfoods.com|DailyCatchReport.php
6 Apr 2022 14:25:57|20|shiji@forstarfoods.com|DailyCatchReport.php
6 Apr 2022 14:25:59|20|shiji@forstarfoods.com|PrintDailyCatchReportMemo.php
6 Apr 2022 14:26:34|20|shiji@forstarfoods.com|DailyCatchReport.php
6 Apr 2022 14:26:35|20|shiji@forstarfoods.com|DailyCatchReport.php
6 Apr 2022 14:26:35|20|shiji@forstarfoods.com|DailyCatchReport.php
6 Apr 2022 14:27:40|20|shiji@forstarfoods.com|SupplierAccount.php
6 Apr 2022 14:29:23|20|shiji@forstarfoods.com|SupplierAccount.php
6 Apr 2022 14:29:26|20|shiji@forstarfoods.com|SupplierAccount.php
6 Apr 2022 14:29:30|20|shiji@forstarfoods.com|SupplierAccount.php
6 Apr 2022 14:29:34|20|shiji@forstarfoods.com|SupplierAccount.php
6 Apr 2022 14:31:44|20|shiji@forstarfoods.com|SupplierAccount.php
6 Apr 2022 14:32:02|20|shiji@forstarfoods.com|SupplierAccount.php
6 Apr 2022 14:32:06|20|shiji@forstarfoods.com|SupplierAccount.php
6 Apr 2022 14:32:09|20|shiji@forstarfoods.com|SupplierAccount.php
6 Apr 2022 14:33:15|20|shiji@forstarfoods.com|SupplierAccount.php
6 Apr 2022 14:33:21|20|shiji@forstarfoods.com|SupplierAccount.php
6 Apr 2022 14:33:23|20|shiji@forstarfoods.com|SupplierAccount.php
6 Apr 2022 14:33:32|20|shiji@forstarfoods.com|SupplierAccount.php
6 Apr 2022 14:33:38|20|shiji@forstarfoods.com|SupplierAccount.php
6 Apr 2022 14:33:42|20|shiji@forstarfoods.com|SupplierAccount.php
6 Apr 2022 14:35:14|20|shiji@forstarfoods.com|SupplierAccount.php
6 Apr 2022 14:35:22|20|shiji@forstarfoods.com|SupplierAccount.php
6 Apr 2022 14:35:48|20|shiji@forstarfoods.com|SupplierAccount.php
6 Apr 2022 14:36:16|20|shiji@forstarfoods.com|PurchaseReport.php
6 Apr 2022 14:36:30|20|shiji@forstarfoods.com|PurchaseReport.php
6 Apr 2022 14:36:34|20|shiji@forstarfoods.com|PrintPurchaseSettlementMemo.php
6 Apr 2022 14:36:39|20|shiji@forstarfoods.com|PrintPurchaseSettlementMemo.php
6 Apr 2022 14:36:48|20|shiji@forstarfoods.com|PurchaseReport.php
6 Apr 2022 14:37:12|20|shiji@forstarfoods.com|PurchaseReport.php
6 Apr 2022 14:37:15|20|shiji@forstarfoods.com|PrintPurchaseSettlementMemo.php
6 Apr 2022 14:37:23|20|shiji@forstarfoods.com|PrintPurchaseSettlementMemo.php
6 Apr 2022 14:38:05|20|shiji@forstarfoods.com|PurchaseReport.php
6 Apr 2022 14:38:08|20|shiji@forstarfoods.com|PrintPurchaseSettlementMemo.php
6 Apr 2022 14:38:16|20|shiji@forstarfoods.com|PrintPurchaseSettlementMemo.php
6 Apr 2022 14:38:27|20|shiji@forstarfoods.com|PurchaseReport.php
6 Apr 2022 14:38:31|20|shiji@forstarfoods.com|PurchaseReport.php
6 Apr 2022 14:38:34|20|shiji@forstarfoods.com|PrintPurchaseSettlementMemo.php
6 Apr 2022 14:39:07|20|shiji@forstarfoods.com|PrintPurchaseSettlementMemo.php
6 Apr 2022 14:40:34|29|kavitha@forstarfoods.com|Home.php
6 Apr 2022 14:41:10|29|kavitha@forstarfoods.com|DailyCatchReport.php
6 Apr 2022 14:41:19|29|kavitha@forstarfoods.com|DailyCatchReport.php
6 Apr 2022 14:41:29|29|kavitha@forstarfoods.com|DailyCatchReport.php
6 Apr 2022 14:41:38|29|kavitha@forstarfoods.com|DailyCatchReport.php
6 Apr 2022 14:41:42|29|kavitha@forstarfoods.com|DailyCatchReport.php
6 Apr 2022 14:41:47|20|shiji@forstarfoods.com|PurchaseReport.php
6 Apr 2022 14:41:47|29|kavitha@forstarfoods.com|DailyCatchReport.php
6 Apr 2022 14:41:48|29|kavitha@forstarfoods.com|DailyCatchReport.php
6 Apr 2022 14:41:48|29|kavitha@forstarfoods.com|DailyCatchReport.php
6 Apr 2022 14:41:50|20|shiji@forstarfoods.com|PrintPurchaseSettlementMemo.php
6 Apr 2022 14:42:05|20|shiji@forstarfoods.com|PrintPurchaseSettlementMemo.php
6 Apr 2022 14:42:22|29|kavitha@forstarfoods.com|DailyCatchReport.php
6 Apr 2022 14:42:23|29|kavitha@forstarfoods.com|DailyCatchReport.php
6 Apr 2022 14:42:24|29|kavitha@forstarfoods.com|DailyCatchReport.php
6 Apr 2022 14:42:36|29|kavitha@forstarfoods.com|SupplierAccount.php
6 Apr 2022 14:42:49|29|kavitha@forstarfoods.com|SupplierAccount.php
6 Apr 2022 14:42:54|29|kavitha@forstarfoods.com|SupplierAccount.php
6 Apr 2022 14:42:58|29|kavitha@forstarfoods.com|SupplierAccount.php
6 Apr 2022 14:43:03|29|kavitha@forstarfoods.com|SupplierAccount.php
6 Apr 2022 14:43:16|29|kavitha@forstarfoods.com|SupplierAccount.php
6 Apr 2022 14:43:53|29|kavitha@forstarfoods.com|SupplierAccount.php
6 Apr 2022 14:44:25|29|kavitha@forstarfoods.com|SupplierAccount.php
6 Apr 2022 14:44:46|29|kavitha@forstarfoods.com|PurchaseReport.php
6 Apr 2022 14:44:58|29|kavitha@forstarfoods.com|PurchaseReport.php
6 Apr 2022 14:45:05|29|kavitha@forstarfoods.com|PrintPurchaseSettlementMemo.php
6 Apr 2022 14:46:41|29|kavitha@forstarfoods.com|PrintPurchaseSettlementMemo.php
6 Apr 2022 14:51:28|29|kavitha@forstarfoods.com|DailyCatchReport.php
6 Apr 2022 14:51:37|29|kavitha@forstarfoods.com|DailyCatchReport.php
6 Apr 2022 14:51:39|29|kavitha@forstarfoods.com|DailyCatchReport.php
6 Apr 2022 14:51:43|29|kavitha@forstarfoods.com|DailyCatchReport.php
6 Apr 2022 14:51:44|29|kavitha@forstarfoods.com|DailyCatchReport.php
6 Apr 2022 14:51:44|29|kavitha@forstarfoods.com|DailyCatchReport.php
6 Apr 2022 14:52:01|29|kavitha@forstarfoods.com|SupplierMaster.php
6 Apr 2022 14:52:25|20|shiji@forstarfoods.com|SupplierMaster.php
6 Apr 2022 14:52:28|20|shiji@forstarfoods.com|SupplierMaster.php
6 Apr 2022 14:52:41|20|shiji@forstarfoods.com|SupplierMaster.php
6 Apr 2022 14:52:53|20|shiji@forstarfoods.com|SupplierMaster.php
6 Apr 2022 14:52:57|20|shiji@forstarfoods.com|SupplierMaster.php
6 Apr 2022 14:52:59|20|shiji@forstarfoods.com|SupplierMaster.php
6 Apr 2022 14:53:08|20|shiji@forstarfoods.com|SupplierMaster.php
6 Apr 2022 14:53:12|20|shiji@forstarfoods.com|SupplierMaster.php
6 Apr 2022 14:53:18|20|shiji@forstarfoods.com|SupplierMaster.php
6 Apr 2022 14:53:22|20|shiji@forstarfoods.com|SupplierMaster.php
6 Apr 2022 14:53:29|20|shiji@forstarfoods.com|SupplierMaster.php
6 Apr 2022 14:53:33|20|shiji@forstarfoods.com|SupplierMaster.php
6 Apr 2022 14:53:40|20|shiji@forstarfoods.com|SupplierMaster.php
6 Apr 2022 14:53:51|20|shiji@forstarfoods.com|SupplierMaster.php
6 Apr 2022 14:53:59|20|shiji@forstarfoods.com|SupplierMaster.php
6 Apr 2022 14:54:02|20|shiji@forstarfoods.com|SupplierMaster.php
6 Apr 2022 14:54:05|20|shiji@forstarfoods.com|SupplierMaster.php
6 Apr 2022 14:54:11|20|shiji@forstarfoods.com|SupplierMaster.php
6 Apr 2022 14:54:15|20|shiji@forstarfoods.com|SupplierMaster.php
6 Apr 2022 14:54:19|20|shiji@forstarfoods.com|SupplierMaster.php
6 Apr 2022 14:54:22|20|shiji@forstarfoods.com|SupplierMaster.php
6 Apr 2022 14:54:24|20|shiji@forstarfoods.com|SupplierMaster.php
6 Apr 2022 14:54:28|20|shiji@forstarfoods.com|SupplierMaster.php
6 Apr 2022 14:54:34|20|shiji@forstarfoods.com|SupplierMaster.php
6 Apr 2022 14:54:40|20|shiji@forstarfoods.com|SupplierMaster.php
6 Apr 2022 14:54:44|20|shiji@forstarfoods.com|SupplierMaster.php
6 Apr 2022 14:54:53|20|shiji@forstarfoods.com|SupplierMaster.php
6 Apr 2022 14:55:02|20|shiji@forstarfoods.com|SupplierMaster.php
6 Apr 2022 14:55:04|29|kavitha@forstarfoods.com|SupplierMaster.php
6 Apr 2022 14:55:05|20|shiji@forstarfoods.com|SupplierMaster.php
6 Apr 2022 14:55:08|20|shiji@forstarfoods.com|SupplierMaster.php
6 Apr 2022 14:55:16|20|shiji@forstarfoods.com|SupplierMaster.php
6 Apr 2022 14:55:19|20|shiji@forstarfoods.com|SupplierMaster.php
6 Apr 2022 14:55:23|20|shiji@forstarfoods.com|SupplierMaster.php
6 Apr 2022 14:55:27|20|shiji@forstarfoods.com|SupplierMaster.php
6 Apr 2022 14:55:58|29|kavitha@forstarfoods.com|SupplierMaster.php
6 Apr 2022 14:56:04|29|kavitha@forstarfoods.com|SupplierMaster.php
6 Apr 2022 14:59:14|29|kavitha@forstarfoods.com|SupplierMaster.php
6 Apr 2022 14:59:31|29|kavitha@forstarfoods.com|SupplierMaster.php
6 Apr 2022 15:00:29|29|kavitha@forstarfoods.com|SupplierMaster.php
6 Apr 2022 15:00:45|29|kavitha@forstarfoods.com|SupplierMaster.php
6 Apr 2022 15:00:49|29|kavitha@forstarfoods.com|SupplierMaster.php
6 Apr 2022 15:01:02|29|kavitha@forstarfoods.com|SupplierMaster.php
6 Apr 2022 15:01:23|29|kavitha@forstarfoods.com|SupplierMaster.php
6 Apr 2022 15:01:27|29|kavitha@forstarfoods.com|SupplierMaster.php
6 Apr 2022 15:01:33|29|kavitha@forstarfoods.com|SupplierMaster.php
6 Apr 2022 15:01:41|29|kavitha@forstarfoods.com|SupplierMaster.php
6 Apr 2022 15:01:43|29|kavitha@forstarfoods.com|SupplierMaster.php
6 Apr 2022 15:01:46|29|kavitha@forstarfoods.com|SupplierMaster.php
6 Apr 2022 15:02:06|29|kavitha@forstarfoods.com|PurchaseReport.php
6 Apr 2022 15:02:19|29|kavitha@forstarfoods.com|PurchaseReport.php
6 Apr 2022 15:02:29|29|kavitha@forstarfoods.com|PrintPurchaseSettlementMemo.php
6 Apr 2022 15:02:51|29|kavitha@forstarfoods.com|PrintPurchaseSettlementMemo.php
6 Apr 2022 15:04:15|29|kavitha@forstarfoods.com|PurchaseReport.php
6 Apr 2022 15:04:19|29|kavitha@forstarfoods.com|PurchaseReport.php
6 Apr 2022 15:04:44|29|kavitha@forstarfoods.com|PrintPurchaseSettlementMemo.php
6 Apr 2022 15:04:53|29|kavitha@forstarfoods.com|PrintPurchaseSettlementMemo.php
6 Apr 2022 15:05:04|29|kavitha@forstarfoods.com|PurchaseReport.php
6 Apr 2022 15:05:13|29|kavitha@forstarfoods.com|PrintPurchaseSettlementMemo.php
6 Apr 2022 15:05:19|29|kavitha@forstarfoods.com|PrintPurchaseSettlementMemo.php
6 Apr 2022 15:05:33|29|kavitha@forstarfoods.com|PurchaseReport.php
6 Apr 2022 15:05:40|29|kavitha@forstarfoods.com|PrintPurchaseSettlementMemo.php
6 Apr 2022 15:05:50|29|kavitha@forstarfoods.com|PrintPurchaseSettlementMemo.php
6 Apr 2022 15:37:18|29|kavitha@forstarfoods.com|SupplierMaster.php
6 Apr 2022 15:37:29|29|kavitha@forstarfoods.com|SupplierMaster.php
6 Apr 2022 15:37:34|29|kavitha@forstarfoods.com|SupplierMaster.php
6 Apr 2022 15:37:36|29|kavitha@forstarfoods.com|SupplierMaster.php
6 Apr 2022 15:37:39|29|kavitha@forstarfoods.com|SupplierMaster.php
6 Apr 2022 15:39:05|29|kavitha@forstarfoods.com|SupplierMaster.php
6 Apr 2022 15:39:08|29|kavitha@forstarfoods.com|SupplierMaster.php
6 Apr 2022 15:39:12|29|kavitha@forstarfoods.com|SupplierMaster.php
6 Apr 2022 15:39:14|29|kavitha@forstarfoods.com|SupplierMaster.php
6 Apr 2022 15:39:23|29|kavitha@forstarfoods.com|PurchaseReport.php
6 Apr 2022 15:39:37|29|kavitha@forstarfoods.com|PurchaseReport.php
6 Apr 2022 15:39:45|29|kavitha@forstarfoods.com|PrintPurchaseSettlementMemo.php
6 Apr 2022 16:01:05|20|shiji@forstarfoods.com|DailyCatchReport.php
6 Apr 2022 16:01:15|20|shiji@forstarfoods.com|DailyCatchReport.php
6 Apr 2022 16:01:19|20|shiji@forstarfoods.com|DailyCatchReport.php
6 Apr 2022 16:01:20|20|shiji@forstarfoods.com|DailyCatchReport.php
6 Apr 2022 16:01:21|20|shiji@forstarfoods.com|DailyCatchReport.php
6 Apr 2022 16:01:24|20|shiji@forstarfoods.com|PrintDailyCatchReportMemo.php
6 Apr 2022 16:02:07|20|shiji@forstarfoods.com|PrintDailyCatchReportMemo.php
6 Apr 2022 16:02:29|20|shiji@forstarfoods.com|DailyCatchReport.php
6 Apr 2022 16:02:30|20|shiji@forstarfoods.com|DailyCatchReport.php
6 Apr 2022 16:02:30|20|shiji@forstarfoods.com|DailyCatchReport.php
6 Apr 2022 16:02:32|20|shiji@forstarfoods.com|SupplierAccount.php
6 Apr 2022 16:02:38|20|shiji@forstarfoods.com|SupplierAccount.php
6 Apr 2022 16:02:41|20|shiji@forstarfoods.com|SupplierAccount.php
6 Apr 2022 16:02:44|20|shiji@forstarfoods.com|SupplierAccount.php
6 Apr 2022 16:02:47|20|shiji@forstarfoods.com|SupplierAccount.php
6 Apr 2022 16:04:26|20|shiji@forstarfoods.com|SupplierAccount.php
6 Apr 2022 16:04:40|20|shiji@forstarfoods.com|PurchaseReport.php
6 Apr 2022 16:04:52|20|shiji@forstarfoods.com|PurchaseReport.php
6 Apr 2022 16:04:56|20|shiji@forstarfoods.com|PrintPurchaseSettlementMemo.php
6 Apr 2022 16:05:09|20|shiji@forstarfoods.com|PrintPurchaseSettlementMemo.php
6 Apr 2022 16:36:32|20|shiji@forstarfoods.com|ProcessorsAccounts.php
6 Apr 2022 16:36:35|20|shiji@forstarfoods.com|ProcessorsAccounts.php
6 Apr 2022 16:37:07|20|shiji@forstarfoods.com|SupplierMaster.php
6 Apr 2022 16:38:00|20|shiji@forstarfoods.com|SupplierMaster.php
6 Apr 2022 16:38:04|20|shiji@forstarfoods.com|SupplierMaster.php
6 Apr 2022 16:38:09|20|shiji@forstarfoods.com|SupplierMaster.php
6 Apr 2022 16:38:17|20|shiji@forstarfoods.com|SupplierMaster.php
6 Apr 2022 16:38:23|20|shiji@forstarfoods.com|SupplierMaster.php
6 Apr 2022 16:38:30|20|shiji@forstarfoods.com|SupplierMaster.php
6 Apr 2022 16:38:40|20|shiji@forstarfoods.com|SupplierMaster.php
6 Apr 2022 16:38:47|20|shiji@forstarfoods.com|SupplierMaster.php
6 Apr 2022 16:38:51|20|shiji@forstarfoods.com|SupplierMaster.php
6 Apr 2022 16:38:54|20|shiji@forstarfoods.com|SupplierMaster.php
6 Apr 2022 16:40:07|20|shiji@forstarfoods.com|SupplierMaster.php
6 Apr 2022 16:47:39|20|shiji@forstarfoods.com|SupplierMaster.php
6 Apr 2022 17:04:49|20|shiji@forstarfoods.com|SupplierMaster.php
6 Apr 2022 17:08:10|20|shiji@forstarfoods.com|SupplierMaster.php
6 Apr 2022 17:08:32|20|shiji@forstarfoods.com|SupplierMaster.php
6 Apr 2022 17:08:35|20|shiji@forstarfoods.com|SupplierMaster.php
6 Apr 2022 17:08:38|20|shiji@forstarfoods.com|SupplierMaster.php
6 Apr 2022 17:09:10|20|shiji@forstarfoods.com|SupplierMaster.php
6 Apr 2022 17:14:53|20|shiji@forstarfoods.com|SupplierMaster.php
6 Apr 2022 17:14:56|20|shiji@forstarfoods.com|SupplierMaster.php
6 Apr 2022 17:15:00|20|shiji@forstarfoods.com|SupplierMaster.php
6 Apr 2022 17:15:07|20|shiji@forstarfoods.com|Home.php
7 Apr 2022 10:02:01|20|shiji@forstarfoods.com|Home.php
7 Apr 2022 10:03:34|20|shiji@forstarfoods.com|DailyCatchEntry_New.php
7 Apr 2022 10:37:46|20|shiji@forstarfoods.com|DailyCatchEntry_New.php
7 Apr 2022 10:37:47|20|shiji@forstarfoods.com|DailyCatchEntry_New.php
7 Apr 2022 10:37:48|20|shiji@forstarfoods.com|DailyCatchEntry_New.php
7 Apr 2022 10:37:48|20|shiji@forstarfoods.com|DailyCatchEntry_New.php
7 Apr 2022 10:37:48|20|shiji@forstarfoods.com|CatchEntryDeclaredItem.php
7 Apr 2022 10:37:48|20|shiji@forstarfoods.com|DailyCatchEntry_New.php
7 Apr 2022 10:41:48|20|shiji@forstarfoods.com|DailyCatchEntry_New.php
7 Apr 2022 10:41:48|20|shiji@forstarfoods.com|DailyCatchEntry_New.php
7 Apr 2022 10:41:48|20|shiji@forstarfoods.com|DailyCatchEntry_New.php
7 Apr 2022 10:41:49|20|shiji@forstarfoods.com|DailyCatchEntry_New.php
7 Apr 2022 10:41:49|20|shiji@forstarfoods.com|DailyCatchEntry_New.php
7 Apr 2022 10:41:51|20|shiji@forstarfoods.com|DailyCatchEntry_New.php
7 Apr 2022 10:41:51|20|shiji@forstarfoods.com|DailyCatchEntry_New.php
7 Apr 2022 10:41:51|20|shiji@forstarfoods.com|DailyCatchEntry_New.php
7 Apr 2022 10:42:39|20|shiji@forstarfoods.com|DailyCatchEntry_New.php
7 Apr 2022 10:42:44|20|shiji@forstarfoods.com|DailyCatchEntry_New.php
7 Apr 2022 10:42:44|20|shiji@forstarfoods.com|CatchEntryDeclaredItem.php
7 Apr 2022 10:42:47|20|shiji@forstarfoods.com|DailyCatchEntry_New.php
7 Apr 2022 10:43:52|20|shiji@forstarfoods.com|DailyCatchEntry_New.php
7 Apr 2022 10:43:55|20|shiji@forstarfoods.com|DailyCatchEntry_New.php
7 Apr 2022 10:43:55|20|shiji@forstarfoods.com|DailyCatchEntry_New.php
7 Apr 2022 10:44:02|20|shiji@forstarfoods.com|DailyCatchEntry_New.php
7 Apr 2022 10:44:04|20|shiji@forstarfoods.com|DailyCatchEntry_New.php
7 Apr 2022 10:44:14|20|shiji@forstarfoods.com|DailyCatchEntry_New.php
7 Apr 2022 10:44:14|20|shiji@forstarfoods.com|DailyCatchEntry_New.php
7 Apr 2022 10:44:14|20|shiji@forstarfoods.com|DailyCatchEntry_New.php
7 Apr 2022 10:44:14|20|shiji@forstarfoods.com|DailyCatchEntry_New.php
7 Apr 2022 10:44:15|20|shiji@forstarfoods.com|DailyCatchEntry_New.php
7 Apr 2022 10:44:15|20|shiji@forstarfoods.com|DailyCatchEntry_New.php
7 Apr 2022 10:44:19|20|shiji@forstarfoods.com|DailyCatchEntry_New.php
7 Apr 2022 10:44:20|20|shiji@forstarfoods.com|DailyCatchEntry_New.php
7 Apr 2022 10:44:33|20|shiji@forstarfoods.com|DailyCatchEntry_New.php
7 Apr 2022 10:44:34|20|shiji@forstarfoods.com|DailyCatchEntry_New.php
7 Apr 2022 10:44:35|20|shiji@forstarfoods.com|CatchEntryDeclaredItem.php
7 Apr 2022 10:47:48|20|shiji@forstarfoods.com|DailyCatchEntry_New.php
7 Apr 2022 10:52:48|20|shiji@forstarfoods.com|DailyCatchEntry_New.php
7 Apr 2022 10:57:49|20|shiji@forstarfoods.com|DailyCatchEntry_New.php
7 Apr 2022 11:02:50|20|shiji@forstarfoods.com|DailyCatchEntry_New.php
7 Apr 2022 11:06:34|20|shiji@forstarfoods.com|DailyCatchReport.php
7 Apr 2022 11:06:44|20|shiji@forstarfoods.com|DailyCatchReport.php
7 Apr 2022 11:11:51|20|shiji@forstarfoods.com|DailyCatchEntry_New.php
7 Apr 2022 11:11:55|20|shiji@forstarfoods.com|DailyCatchEntry_New.php
7 Apr 2022 11:11:56|20|shiji@forstarfoods.com|DailyCatchEntry_New.php
7 Apr 2022 11:11:56|20|shiji@forstarfoods.com|DailyCatchEntry_New.php
7 Apr 2022 11:11:57|20|shiji@forstarfoods.com|DailyCatchEntry_New.php
7 Apr 2022 11:11:57|20|shiji@forstarfoods.com|CatchEntryDeclaredItem.php
7 Apr 2022 11:11:57|20|shiji@forstarfoods.com|DailyCatchEntry_New.php
7 Apr 2022 11:12:11|20|shiji@forstarfoods.com|DailyCatchEntry_New.php
7 Apr 2022 11:12:11|20|shiji@forstarfoods.com|DailyCatchEntry_New.php
7 Apr 2022 11:12:11|20|shiji@forstarfoods.com|DailyCatchEntry_New.php
7 Apr 2022 11:12:26|20|shiji@forstarfoods.com|DailyCatchEntry_New.php
7 Apr 2022 11:12:34|20|shiji@forstarfoods.com|DailyCatchEntry_New.php
7 Apr 2022 11:12:35|20|shiji@forstarfoods.com|CatchEntryDeclaredItem.php
7 Apr 2022 11:12:44|20|shiji@forstarfoods.com|DailyCatchEntry_New.php
7 Apr 2022 11:12:52|20|shiji@forstarfoods.com|DailyCatchEntry_New.php
7 Apr 2022 11:12:53|20|shiji@forstarfoods.com|DailyCatchEntry_New.php
7 Apr 2022 11:12:54|20|shiji@forstarfoods.com|DailyCatchEntry_New.php
7 Apr 2022 11:12:57|20|shiji@forstarfoods.com|DailyCatchEntry_New.php
7 Apr 2022 11:12:58|20|shiji@forstarfoods.com|DailyCatchEntry_New.php
7 Apr 2022 11:13:01|20|shiji@forstarfoods.com|DailyCatchEntry_New.php
7 Apr 2022 11:13:01|20|shiji@forstarfoods.com|DailyCatchEntry_New.php
7 Apr 2022 11:13:02|20|shiji@forstarfoods.com|DailyCatchEntry_New.php
7 Apr 2022 11:13:02|20|shiji@forstarfoods.com|DailyCatchEntry_New.php
7 Apr 2022 11:13:02|20|shiji@forstarfoods.com|DailyCatchEntry_New.php
7 Apr 2022 11:13:03|20|shiji@forstarfoods.com|DailyCatchEntry_New.php
7 Apr 2022 11:13:03|20|shiji@forstarfoods.com|DailyCatchEntry_New.php
7 Apr 2022 11:13:03|20|shiji@forstarfoods.com|DailyCatchEntry_New.php
7 Apr 2022 11:13:04|20|shiji@forstarfoods.com|DailyCatchEntry_New.php
7 Apr 2022 11:13:04|20|shiji@forstarfoods.com|DailyCatchEntry_New.php
7 Apr 2022 11:13:04|20|shiji@forstarfoods.com|DailyCatchEntry_New.php
7 Apr 2022 11:13:04|20|shiji@forstarfoods.com|DailyCatchEntry_New.php
7 Apr 2022 11:13:05|20|shiji@forstarfoods.com|DailyCatchEntry_New.php
7 Apr 2022 11:13:05|20|shiji@forstarfoods.com|DailyCatchEntry_New.php
7 Apr 2022 11:13:07|20|shiji@forstarfoods.com|DailyCatchEntry_New.php
7 Apr 2022 11:13:07|20|shiji@forstarfoods.com|DailyCatchEntry_New.php
7 Apr 2022 11:14:02|20|shiji@forstarfoods.com|DailyCatchEntry_New.php
7 Apr 2022 11:14:04|20|shiji@forstarfoods.com|DailyCatchEntry_New.php
7 Apr 2022 11:14:05|20|shiji@forstarfoods.com|CatchEntryDeclaredItem.php
7 Apr 2022 11:14:08|20|shiji@forstarfoods.com|DailyCatchEntry_New.php
7 Apr 2022 11:14:09|20|shiji@forstarfoods.com|DailyCatchEntry_New.php
7 Apr 2022 11:14:12|20|shiji@forstarfoods.com|DailyCatchEntry_New.php
7 Apr 2022 11:14:12|20|shiji@forstarfoods.com|DailyCatchEntry_New.php
7 Apr 2022 11:14:12|20|shiji@forstarfoods.com|DailyCatchEntry_New.php
7 Apr 2022 11:14:13|20|shiji@forstarfoods.com|DailyCatchEntry_New.php
7 Apr 2022 11:14:13|20|shiji@forstarfoods.com|DailyCatchEntry_New.php
7 Apr 2022 11:14:13|20|shiji@forstarfoods.com|DailyCatchEntry_New.php
7 Apr 2022 11:14:13|20|shiji@forstarfoods.com|DailyCatchEntry_New.php
7 Apr 2022 11:14:14|20|shiji@forstarfoods.com|DailyCatchEntry_New.php
7 Apr 2022 11:14:14|20|shiji@forstarfoods.com|DailyCatchEntry_New.php
7 Apr 2022 11:14:14|20|shiji@forstarfoods.com|DailyCatchEntry_New.php
7 Apr 2022 11:14:15|20|shiji@forstarfoods.com|DailyCatchEntry_New.php
7 Apr 2022 11:14:15|20|shiji@forstarfoods.com|DailyCatchEntry_New.php
7 Apr 2022 11:14:15|20|shiji@forstarfoods.com|DailyCatchEntry_New.php
7 Apr 2022 11:14:16|20|shiji@forstarfoods.com|DailyCatchEntry_New.php
7 Apr 2022 11:14:16|20|shiji@forstarfoods.com|DailyCatchEntry_New.php
7 Apr 2022 11:14:16|20|shiji@forstarfoods.com|DailyCatchEntry_New.php
7 Apr 2022 11:16:56|20|shiji@forstarfoods.com|DailyCatchEntry_New.php
7 Apr 2022 11:17:30|20|shiji@forstarfoods.com|DailyCatchEntry_New.php
7 Apr 2022 11:17:31|20|shiji@forstarfoods.com|DailyCatchEntry_New.php
7 Apr 2022 11:17:41|20|shiji@forstarfoods.com|DailyCatchEntry_New.php
7 Apr 2022 11:17:42|20|shiji@forstarfoods.com|DailyCatchEntry_New.php
7 Apr 2022 11:17:43|20|shiji@forstarfoods.com|CatchEntryDeclaredItem.php
7 Apr 2022 11:17:47|20|shiji@forstarfoods.com|DailyCatchEntry_New.php
7 Apr 2022 11:17:49|20|shiji@forstarfoods.com|DailyCatchEntry_New.php
7 Apr 2022 11:17:52|20|shiji@forstarfoods.com|DailyCatchEntry_New.php
7 Apr 2022 11:17:52|20|shiji@forstarfoods.com|DailyCatchEntry_New.php
7 Apr 2022 11:17:52|20|shiji@forstarfoods.com|DailyCatchEntry_New.php
7 Apr 2022 11:17:53|20|shiji@forstarfoods.com|DailyCatchEntry_New.php
7 Apr 2022 11:17:53|20|shiji@forstarfoods.com|DailyCatchEntry_New.php
7 Apr 2022 11:17:53|20|shiji@forstarfoods.com|DailyCatchEntry_New.php
7 Apr 2022 11:17:53|20|shiji@forstarfoods.com|DailyCatchEntry_New.php
7 Apr 2022 11:17:54|20|shiji@forstarfoods.com|DailyCatchEntry_New.php
7 Apr 2022 11:17:54|20|shiji@forstarfoods.com|DailyCatchEntry_New.php
7 Apr 2022 11:17:54|20|shiji@forstarfoods.com|DailyCatchEntry_New.php
7 Apr 2022 11:17:55|20|shiji@forstarfoods.com|DailyCatchEntry_New.php
7 Apr 2022 11:17:55|20|shiji@forstarfoods.com|DailyCatchEntry_New.php
7 Apr 2022 11:17:55|20|shiji@forstarfoods.com|DailyCatchEntry_New.php
7 Apr 2022 11:17:55|20|shiji@forstarfoods.com|DailyCatchEntry_New.php
7 Apr 2022 11:18:03|20|shiji@forstarfoods.com|DailyCatchEntry_New.php
7 Apr 2022 11:18:03|20|shiji@forstarfoods.com|DailyCatchEntry_New.php
7 Apr 2022 11:18:04|20|shiji@forstarfoods.com|DailyCatchEntry_New.php
7 Apr 2022 11:18:04|20|shiji@forstarfoods.com|DailyCatchEntry_New.php
7 Apr 2022 11:18:04|20|shiji@forstarfoods.com|DailyCatchEntry_New.php
7 Apr 2022 11:18:05|20|shiji@forstarfoods.com|DailyCatchEntry_New.php
7 Apr 2022 11:18:05|20|shiji@forstarfoods.com|DailyCatchEntry_New.php
7 Apr 2022 11:18:05|20|shiji@forstarfoods.com|DailyCatchEntry_New.php
7 Apr 2022 11:18:06|20|shiji@forstarfoods.com|DailyCatchEntry_New.php
7 Apr 2022 11:18:06|20|shiji@forstarfoods.com|DailyCatchEntry_New.php
7 Apr 2022 11:18:56|20|shiji@forstarfoods.com|DailyCatchEntry_New.php
7 Apr 2022 11:19:55|20|shiji@forstarfoods.com|DailyCatchEntry_New.php
7 Apr 2022 11:19:56|20|shiji@forstarfoods.com|DailyCatchEntry_New.php
7 Apr 2022 11:19:57|20|shiji@forstarfoods.com|CatchEntryDeclaredItem.php
7 Apr 2022 11:20:00|20|shiji@forstarfoods.com|DailyCatchEntry_New.php
7 Apr 2022 11:20:00|20|shiji@forstarfoods.com|DailyCatchEntry_New.php
7 Apr 2022 11:20:01|20|shiji@forstarfoods.com|DailyCatchEntry_New.php
7 Apr 2022 11:20:04|20|shiji@forstarfoods.com|DailyCatchEntry_New.php
7 Apr 2022 11:20:07|20|shiji@forstarfoods.com|DailyCatchEntry_New.php
7 Apr 2022 11:20:07|20|shiji@forstarfoods.com|CatchEntryDeclaredItem.php
7 Apr 2022 11:20:18|20|shiji@forstarfoods.com|DailyCatchEntry_New.php
7 Apr 2022 11:20:28|20|shiji@forstarfoods.com|DailyCatchEntry_New.php
7 Apr 2022 11:20:35|20|shiji@forstarfoods.com|DailyCatchEntry_New.php
7 Apr 2022 11:20:36|20|shiji@forstarfoods.com|DailyCatchEntry_New.php
7 Apr 2022 11:20:40|20|shiji@forstarfoods.com|DailyCatchEntry_New.php
7 Apr 2022 11:20:40|20|shiji@forstarfoods.com|DailyCatchEntry_New.php
7 Apr 2022 11:20:40|20|shiji@forstarfoods.com|DailyCatchEntry_New.php
7 Apr 2022 11:20:41|20|shiji@forstarfoods.com|DailyCatchEntry_New.php
7 Apr 2022 11:20:41|20|shiji@forstarfoods.com|DailyCatchEntry_New.php
7 Apr 2022 11:20:41|20|shiji@forstarfoods.com|DailyCatchEntry_New.php
7 Apr 2022 11:20:42|20|shiji@forstarfoods.com|DailyCatchEntry_New.php
7 Apr 2022 11:20:42|20|shiji@forstarfoods.com|DailyCatchEntry_New.php
7 Apr 2022 11:20:42|20|shiji@forstarfoods.com|DailyCatchEntry_New.php
7 Apr 2022 11:20:42|20|shiji@forstarfoods.com|DailyCatchEntry_New.php
7 Apr 2022 11:20:44|20|shiji@forstarfoods.com|DailyCatchEntry_New.php
7 Apr 2022 11:20:45|20|shiji@forstarfoods.com|DailyCatchEntry_New.php
7 Apr 2022 11:20:45|20|shiji@forstarfoods.com|DailyCatchEntry_New.php
7 Apr 2022 11:20:45|20|shiji@forstarfoods.com|DailyCatchEntry_New.php
7 Apr 2022 11:20:45|20|shiji@forstarfoods.com|DailyCatchEntry_New.php
7 Apr 2022 11:20:46|20|shiji@forstarfoods.com|DailyCatchEntry_New.php
7 Apr 2022 11:20:46|20|shiji@forstarfoods.com|DailyCatchEntry_New.php
7 Apr 2022 11:20:46|20|shiji@forstarfoods.com|DailyCatchEntry_New.php
7 Apr 2022 11:20:47|20|shiji@forstarfoods.com|DailyCatchEntry_New.php
7 Apr 2022 11:20:47|20|shiji@forstarfoods.com|DailyCatchEntry_New.php
7 Apr 2022 11:20:47|20|shiji@forstarfoods.com|DailyCatchEntry_New.php
7 Apr 2022 11:20:48|20|shiji@forstarfoods.com|DailyCatchEntry_New.php
7 Apr 2022 11:20:48|20|shiji@forstarfoods.com|DailyCatchEntry_New.php
7 Apr 2022 11:20:48|20|shiji@forstarfoods.com|DailyCatchEntry_New.php
7 Apr 2022 11:20:50|20|shiji@forstarfoods.com|DailyCatchEntry_New.php
7 Apr 2022 11:20:50|20|shiji@forstarfoods.com|DailyCatchEntry_New.php
7 Apr 2022 11:21:56|20|shiji@forstarfoods.com|DailyCatchEntry_New.php
7 Apr 2022 11:23:49|20|shiji@forstarfoods.com|DailyCatchEntry_New.php
7 Apr 2022 11:23:51|20|shiji@forstarfoods.com|DailyCatchEntry_New.php
7 Apr 2022 11:23:52|20|shiji@forstarfoods.com|CatchEntryDeclaredItem.php
7 Apr 2022 11:24:17|20|shiji@forstarfoods.com|DailyCatchEntry_New.php
7 Apr 2022 11:24:20|20|shiji@forstarfoods.com|DailyCatchEntry_New.php
7 Apr 2022 11:24:26|20|shiji@forstarfoods.com|DailyCatchEntry_New.php
7 Apr 2022 11:24:26|20|shiji@forstarfoods.com|DailyCatchEntry_New.php
7 Apr 2022 11:24:26|20|shiji@forstarfoods.com|DailyCatchEntry_New.php
7 Apr 2022 11:24:27|20|shiji@forstarfoods.com|DailyCatchEntry_New.php
7 Apr 2022 11:24:27|20|shiji@forstarfoods.com|DailyCatchEntry_New.php
7 Apr 2022 11:24:27|20|shiji@forstarfoods.com|DailyCatchEntry_New.php
7 Apr 2022 11:24:28|20|shiji@forstarfoods.com|DailyCatchEntry_New.php
7 Apr 2022 11:24:29|20|shiji@forstarfoods.com|DailyCatchEntry_New.php
7 Apr 2022 11:24:36|20|shiji@forstarfoods.com|DailyCatchEntry_New.php
7 Apr 2022 11:24:38|20|shiji@forstarfoods.com|DailyCatchEntry_New.php
7 Apr 2022 11:24:39|20|shiji@forstarfoods.com|CatchEntryDeclaredItem.php
7 Apr 2022 11:24:55|20|shiji@forstarfoods.com|DailyCatchEntry_New.php
7 Apr 2022 11:24:56|20|shiji@forstarfoods.com|DailyCatchEntry_New.php
7 Apr 2022 11:24:58|20|shiji@forstarfoods.com|DailyCatchEntry_New.php
7 Apr 2022 11:24:58|20|shiji@forstarfoods.com|DailyCatchEntry_New.php
7 Apr 2022 11:24:59|20|shiji@forstarfoods.com|DailyCatchEntry_New.php
7 Apr 2022 11:24:59|20|shiji@forstarfoods.com|DailyCatchEntry_New.php
7 Apr 2022 11:24:59|20|shiji@forstarfoods.com|DailyCatchEntry_New.php
7 Apr 2022 11:25:00|20|shiji@forstarfoods.com|DailyCatchEntry_New.php
7 Apr 2022 11:25:00|20|shiji@forstarfoods.com|DailyCatchEntry_New.php
7 Apr 2022 11:25:00|20|shiji@forstarfoods.com|DailyCatchEntry_New.php
7 Apr 2022 11:25:00|20|shiji@forstarfoods.com|DailyCatchEntry_New.php
7 Apr 2022 11:25:01|20|shiji@forstarfoods.com|DailyCatchEntry_New.php
7 Apr 2022 11:25:05|20|shiji@forstarfoods.com|DailyCatchEntry_New.php
7 Apr 2022 11:25:05|20|shiji@forstarfoods.com|DailyCatchEntry_New.php
7 Apr 2022 11:25:05|20|shiji@forstarfoods.com|DailyCatchEntry_New.php
7 Apr 2022 11:25:08|20|shiji@forstarfoods.com|DailyCatchEntry_New.php
7 Apr 2022 11:25:09|20|shiji@forstarfoods.com|CatchEntryDeclaredItem.php
7 Apr 2022 11:25:15|20|shiji@forstarfoods.com|DailyCatchEntry_New.php
7 Apr 2022 11:25:16|20|shiji@forstarfoods.com|DailyCatchEntry_New.php
7 Apr 2022 11:25:20|20|shiji@forstarfoods.com|DailyCatchEntry_New.php
7 Apr 2022 11:25:21|20|shiji@forstarfoods.com|DailyCatchEntry_New.php
7 Apr 2022 11:25:21|20|shiji@forstarfoods.com|DailyCatchEntry_New.php
7 Apr 2022 11:25:21|20|shiji@forstarfoods.com|DailyCatchEntry_New.php
7 Apr 2022 11:25:22|20|shiji@forstarfoods.com|DailyCatchEntry_New.php
7 Apr 2022 11:25:22|20|shiji@forstarfoods.com|DailyCatchEntry_New.php
7 Apr 2022 11:25:22|20|shiji@forstarfoods.com|DailyCatchEntry_New.php
7 Apr 2022 11:25:22|20|shiji@forstarfoods.com|DailyCatchEntry_New.php
7 Apr 2022 11:25:23|20|shiji@forstarfoods.com|DailyCatchEntry_New.php
7 Apr 2022 11:25:23|20|shiji@forstarfoods.com|DailyCatchEntry_New.php
7 Apr 2022 11:25:24|20|shiji@forstarfoods.com|DailyCatchEntry_New.php
7 Apr 2022 11:25:24|20|shiji@forstarfoods.com|DailyCatchEntry_New.php
7 Apr 2022 11:25:24|20|shiji@forstarfoods.com|DailyCatchEntry_New.php
7 Apr 2022 11:25:25|20|shiji@forstarfoods.com|DailyCatchEntry_New.php
7 Apr 2022 11:25:25|20|shiji@forstarfoods.com|DailyCatchEntry_New.php
7 Apr 2022 11:25:25|20|shiji@forstarfoods.com|DailyCatchEntry_New.php
7 Apr 2022 11:25:27|20|shiji@forstarfoods.com|DailyCatchEntry_New.php
7 Apr 2022 11:25:27|20|shiji@forstarfoods.com|DailyCatchEntry_New.php
7 Apr 2022 11:26:57|20|shiji@forstarfoods.com|DailyCatchEntry_New.php
7 Apr 2022 11:28:02|20|shiji@forstarfoods.com|DailyCatchEntry_New.php
7 Apr 2022 11:28:04|20|shiji@forstarfoods.com|DailyCatchEntry_New.php
7 Apr 2022 11:28:05|20|shiji@forstarfoods.com|CatchEntryDeclaredItem.php
7 Apr 2022 11:28:07|20|shiji@forstarfoods.com|DailyCatchEntry_New.php
7 Apr 2022 11:28:09|20|shiji@forstarfoods.com|DailyCatchEntry_New.php
7 Apr 2022 11:28:10|20|shiji@forstarfoods.com|DailyCatchEntry_New.php
7 Apr 2022 11:28:11|20|shiji@forstarfoods.com|DailyCatchEntry_New.php
7 Apr 2022 11:28:11|20|shiji@forstarfoods.com|DailyCatchEntry_New.php
7 Apr 2022 11:28:11|20|shiji@forstarfoods.com|DailyCatchEntry_New.php
7 Apr 2022 11:28:12|20|shiji@forstarfoods.com|DailyCatchEntry_New.php
7 Apr 2022 11:28:12|20|shiji@forstarfoods.com|DailyCatchEntry_New.php
7 Apr 2022 11:28:12|20|shiji@forstarfoods.com|DailyCatchEntry_New.php
7 Apr 2022 11:28:13|20|shiji@forstarfoods.com|DailyCatchEntry_New.php
7 Apr 2022 11:28:13|20|shiji@forstarfoods.com|DailyCatchEntry_New.php
7 Apr 2022 11:28:13|20|shiji@forstarfoods.com|DailyCatchEntry_New.php
7 Apr 2022 11:28:13|20|shiji@forstarfoods.com|DailyCatchEntry_New.php
7 Apr 2022 11:28:14|20|shiji@forstarfoods.com|DailyCatchEntry_New.php
7 Apr 2022 11:28:14|20|shiji@forstarfoods.com|DailyCatchEntry_New.php
7 Apr 2022 11:28:14|20|shiji@forstarfoods.com|DailyCatchEntry_New.php
7 Apr 2022 11:28:15|20|shiji@forstarfoods.com|DailyCatchEntry_New.php
7 Apr 2022 11:28:15|20|shiji@forstarfoods.com|DailyCatchEntry_New.php
7 Apr 2022 11:28:15|20|shiji@forstarfoods.com|DailyCatchEntry_New.php
7 Apr 2022 11:28:16|20|shiji@forstarfoods.com|DailyCatchEntry_New.php
7 Apr 2022 11:28:16|20|shiji@forstarfoods.com|DailyCatchEntry_New.php
7 Apr 2022 11:28:16|20|shiji@forstarfoods.com|DailyCatchEntry_New.php
7 Apr 2022 11:28:16|20|shiji@forstarfoods.com|DailyCatchEntry_New.php
7 Apr 2022 11:28:17|20|shiji@forstarfoods.com|DailyCatchEntry_New.php
7 Apr 2022 11:28:18|20|shiji@forstarfoods.com|DailyCatchEntry_New.php
7 Apr 2022 11:28:18|20|shiji@forstarfoods.com|DailyCatchEntry_New.php
7 Apr 2022 11:28:18|20|shiji@forstarfoods.com|DailyCatchEntry_New.php
7 Apr 2022 11:28:19|20|shiji@forstarfoods.com|DailyCatchEntry_New.php
7 Apr 2022 11:28:19|20|shiji@forstarfoods.com|DailyCatchEntry_New.php
7 Apr 2022 11:28:19|20|shiji@forstarfoods.com|DailyCatchEntry_New.php
7 Apr 2022 11:28:20|20|shiji@forstarfoods.com|DailyCatchEntry_New.php
7 Apr 2022 11:28:20|20|shiji@forstarfoods.com|DailyCatchEntry_New.php
7 Apr 2022 11:28:20|20|shiji@forstarfoods.com|DailyCatchEntry_New.php
7 Apr 2022 11:28:21|20|shiji@forstarfoods.com|DailyCatchEntry_New.php
7 Apr 2022 11:28:21|20|shiji@forstarfoods.com|DailyCatchEntry_New.php
7 Apr 2022 11:28:21|20|shiji@forstarfoods.com|DailyCatchEntry_New.php
7 Apr 2022 11:28:21|20|shiji@forstarfoods.com|DailyCatchEntry_New.php
7 Apr 2022 11:28:22|20|shiji@forstarfoods.com|DailyCatchEntry_New.php
7 Apr 2022 11:28:22|20|shiji@forstarfoods.com|DailyCatchEntry_New.php
7 Apr 2022 11:28:22|20|shiji@forstarfoods.com|DailyCatchEntry_New.php
7 Apr 2022 11:28:23|20|shiji@forstarfoods.com|DailyCatchEntry_New.php
7 Apr 2022 11:28:23|20|shiji@forstarfoods.com|DailyCatchEntry_New.php
7 Apr 2022 11:28:23|20|shiji@forstarfoods.com|DailyCatchEntry_New.php
7 Apr 2022 11:28:23|20|shiji@forstarfoods.com|DailyCatchEntry_New.php
7 Apr 2022 11:28:24|20|shiji@forstarfoods.com|DailyCatchEntry_New.php
7 Apr 2022 11:28:24|20|shiji@forstarfoods.com|DailyCatchEntry_New.php
7 Apr 2022 11:28:24|20|shiji@forstarfoods.com|DailyCatchEntry_New.php
7 Apr 2022 11:28:25|20|shiji@forstarfoods.com|DailyCatchEntry_New.php
7 Apr 2022 11:28:25|20|shiji@forstarfoods.com|DailyCatchEntry_New.php
7 Apr 2022 11:28:25|20|shiji@forstarfoods.com|DailyCatchEntry_New.php
7 Apr 2022 11:28:26|20|shiji@forstarfoods.com|DailyCatchEntry_New.php
7 Apr 2022 11:28:26|20|shiji@forstarfoods.com|DailyCatchEntry_New.php
7 Apr 2022 11:28:26|20|shiji@forstarfoods.com|DailyCatchEntry_New.php
7 Apr 2022 11:28:26|20|shiji@forstarfoods.com|DailyCatchEntry_New.php
7 Apr 2022 11:31:57|20|shiji@forstarfoods.com|DailyCatchEntry_New.php
7 Apr 2022 11:34:52|20|shiji@forstarfoods.com|DailyCatchEntry_New.php
7 Apr 2022 11:34:53|20|shiji@forstarfoods.com|DailyCatchEntry_New.php
7 Apr 2022 11:34:54|20|shiji@forstarfoods.com|CatchEntryDeclaredItem.php
7 Apr 2022 11:34:57|20|shiji@forstarfoods.com|DailyCatchEntry_New.php
7 Apr 2022 11:34:58|20|shiji@forstarfoods.com|DailyCatchEntry_New.php
7 Apr 2022 11:35:11|20|shiji@forstarfoods.com|DailyCatchEntry_New.php
7 Apr 2022 11:35:11|20|shiji@forstarfoods.com|DailyCatchEntry_New.php
7 Apr 2022 11:35:12|20|shiji@forstarfoods.com|DailyCatchEntry_New.php
7 Apr 2022 11:35:12|20|shiji@forstarfoods.com|DailyCatchEntry_New.php
7 Apr 2022 11:35:12|20|shiji@forstarfoods.com|DailyCatchEntry_New.php
7 Apr 2022 11:35:13|20|shiji@forstarfoods.com|DailyCatchEntry_New.php
7 Apr 2022 11:35:13|20|shiji@forstarfoods.com|DailyCatchEntry_New.php
7 Apr 2022 11:35:13|20|shiji@forstarfoods.com|DailyCatchEntry_New.php
7 Apr 2022 11:35:33|20|shiji@forstarfoods.com|DailyCatchEntry_New.php
7 Apr 2022 11:35:34|20|shiji@forstarfoods.com|DailyCatchEntry_New.php
7 Apr 2022 11:35:35|20|shiji@forstarfoods.com|CatchEntryDeclaredItem.php
7 Apr 2022 11:35:47|20|shiji@forstarfoods.com|DailyCatchEntry_New.php
7 Apr 2022 11:35:49|20|shiji@forstarfoods.com|DailyCatchEntry_New.php
7 Apr 2022 11:35:51|20|shiji@forstarfoods.com|DailyCatchEntry_New.php
7 Apr 2022 11:35:51|20|shiji@forstarfoods.com|DailyCatchEntry_New.php
7 Apr 2022 11:35:51|20|shiji@forstarfoods.com|DailyCatchEntry_New.php
7 Apr 2022 11:35:51|20|shiji@forstarfoods.com|DailyCatchEntry_New.php
7 Apr 2022 11:35:52|20|shiji@forstarfoods.com|DailyCatchEntry_New.php
7 Apr 2022 11:35:52|20|shiji@forstarfoods.com|DailyCatchEntry_New.php
7 Apr 2022 11:35:53|20|shiji@forstarfoods.com|DailyCatchEntry_New.php
7 Apr 2022 11:35:53|20|shiji@forstarfoods.com|DailyCatchEntry_New.php
7 Apr 2022 11:35:53|20|shiji@forstarfoods.com|DailyCatchEntry_New.php
7 Apr 2022 11:35:55|20|shiji@forstarfoods.com|DailyCatchEntry_New.php
7 Apr 2022 11:35:56|20|shiji@forstarfoods.com|CatchEntryDeclaredItem.php
7 Apr 2022 11:36:58|20|shiji@forstarfoods.com|DailyCatchEntry_New.php
7 Apr 2022 11:37:07|20|shiji@forstarfoods.com|DailyCatchEntry_New.php
7 Apr 2022 11:37:07|20|shiji@forstarfoods.com|DailyCatchEntry_New.php
7 Apr 2022 11:37:08|20|shiji@forstarfoods.com|DailyCatchEntry_New.php
7 Apr 2022 11:37:17|20|shiji@forstarfoods.com|DailyCatchEntry_New.php
7 Apr 2022 11:37:17|20|shiji@forstarfoods.com|DailyCatchEntry_New.php
7 Apr 2022 11:37:19|20|shiji@forstarfoods.com|DailyCatchEntry_New.php
7 Apr 2022 11:37:20|20|shiji@forstarfoods.com|CatchEntryDeclaredItem.php
7 Apr 2022 11:37:47|20|shiji@forstarfoods.com|DailyCatchEntry_New.php
7 Apr 2022 11:37:51|20|shiji@forstarfoods.com|DailyCatchEntry_New.php
7 Apr 2022 11:37:53|20|shiji@forstarfoods.com|DailyCatchEntry_New.php
7 Apr 2022 11:37:54|20|shiji@forstarfoods.com|DailyCatchEntry_New.php
7 Apr 2022 11:38:00|20|shiji@forstarfoods.com|DailyCatchEntry_New.php
7 Apr 2022 11:38:00|20|shiji@forstarfoods.com|DailyCatchEntry_New.php
7 Apr 2022 11:38:00|20|shiji@forstarfoods.com|DailyCatchEntry_New.php
7 Apr 2022 11:38:01|20|shiji@forstarfoods.com|DailyCatchEntry_New.php
7 Apr 2022 11:38:01|20|shiji@forstarfoods.com|DailyCatchEntry_New.php
7 Apr 2022 11:38:01|20|shiji@forstarfoods.com|DailyCatchEntry_New.php
7 Apr 2022 11:38:02|20|shiji@forstarfoods.com|DailyCatchEntry_New.php
7 Apr 2022 11:38:02|20|shiji@forstarfoods.com|DailyCatchEntry_New.php
7 Apr 2022 11:38:02|20|shiji@forstarfoods.com|DailyCatchEntry_New.php
7 Apr 2022 11:38:03|20|shiji@forstarfoods.com|DailyCatchEntry_New.php
7 Apr 2022 11:38:03|20|shiji@forstarfoods.com|DailyCatchEntry_New.php
7 Apr 2022 11:38:03|20|shiji@forstarfoods.com|DailyCatchEntry_New.php
7 Apr 2022 11:40:05|20|shiji@forstarfoods.com|DailyCatchEntry_New.php
7 Apr 2022 11:40:06|20|shiji@forstarfoods.com|DailyCatchEntry_New.php
7 Apr 2022 11:40:07|20|shiji@forstarfoods.com|CatchEntryDeclaredItem.php
7 Apr 2022 11:40:12|20|shiji@forstarfoods.com|DailyCatchEntry_New.php
7 Apr 2022 11:40:13|20|shiji@forstarfoods.com|DailyCatchEntry_New.php
7 Apr 2022 11:40:15|20|shiji@forstarfoods.com|DailyCatchEntry_New.php
7 Apr 2022 11:40:15|20|shiji@forstarfoods.com|DailyCatchEntry_New.php
7 Apr 2022 11:40:16|20|shiji@forstarfoods.com|DailyCatchEntry_New.php
7 Apr 2022 11:40:16|20|shiji@forstarfoods.com|DailyCatchEntry_New.php
7 Apr 2022 11:40:16|20|shiji@forstarfoods.com|DailyCatchEntry_New.php
7 Apr 2022 11:40:16|20|shiji@forstarfoods.com|DailyCatchEntry_New.php
7 Apr 2022 11:40:17|20|shiji@forstarfoods.com|DailyCatchEntry_New.php
7 Apr 2022 11:40:17|20|shiji@forstarfoods.com|DailyCatchEntry_New.php
7 Apr 2022 11:40:17|20|shiji@forstarfoods.com|DailyCatchEntry_New.php
7 Apr 2022 11:40:18|20|shiji@forstarfoods.com|DailyCatchEntry_New.php
7 Apr 2022 11:40:18|20|shiji@forstarfoods.com|DailyCatchEntry_New.php
7 Apr 2022 11:40:18|20|shiji@forstarfoods.com|DailyCatchEntry_New.php
7 Apr 2022 11:40:35|20|shiji@forstarfoods.com|DailyCatchEntry_New.php
7 Apr 2022 11:40:37|20|shiji@forstarfoods.com|DailyCatchEntry_New.php
7 Apr 2022 11:40:38|20|shiji@forstarfoods.com|CatchEntryDeclaredItem.php
7 Apr 2022 11:40:40|20|shiji@forstarfoods.com|DailyCatchEntry_New.php
7 Apr 2022 11:40:42|20|shiji@forstarfoods.com|DailyCatchEntry_New.php
7 Apr 2022 11:40:44|20|shiji@forstarfoods.com|DailyCatchEntry_New.php
7 Apr 2022 11:40:44|20|shiji@forstarfoods.com|DailyCatchEntry_New.php
7 Apr 2022 11:40:44|20|shiji@forstarfoods.com|DailyCatchEntry_New.php
7 Apr 2022 11:40:45|20|shiji@forstarfoods.com|DailyCatchEntry_New.php
7 Apr 2022 11:40:45|20|shiji@forstarfoods.com|DailyCatchEntry_New.php
7 Apr 2022 11:40:45|20|shiji@forstarfoods.com|DailyCatchEntry_New.php
7 Apr 2022 11:40:46|20|shiji@forstarfoods.com|DailyCatchEntry_New.php
7 Apr 2022 11:40:46|20|shiji@forstarfoods.com|DailyCatchEntry_New.php
7 Apr 2022 11:40:46|20|shiji@forstarfoods.com|DailyCatchEntry_New.php
7 Apr 2022 11:40:46|20|shiji@forstarfoods.com|DailyCatchEntry_New.php
7 Apr 2022 11:40:47|20|shiji@forstarfoods.com|DailyCatchEntry_New.php
7 Apr 2022 11:40:47|20|shiji@forstarfoods.com|DailyCatchEntry_New.php
7 Apr 2022 11:41:14|20|shiji@forstarfoods.com|DailyCatchEntry_New.php
7 Apr 2022 11:41:16|20|shiji@forstarfoods.com|DailyCatchEntry_New.php
7 Apr 2022 11:41:17|20|shiji@forstarfoods.com|CatchEntryDeclaredItem.php
7 Apr 2022 11:41:19|20|shiji@forstarfoods.com|DailyCatchEntry_New.php
7 Apr 2022 11:41:20|20|shiji@forstarfoods.com|DailyCatchEntry_New.php
7 Apr 2022 11:41:22|20|shiji@forstarfoods.com|DailyCatchEntry_New.php
7 Apr 2022 11:41:22|20|shiji@forstarfoods.com|DailyCatchEntry_New.php
7 Apr 2022 11:41:22|20|shiji@forstarfoods.com|DailyCatchEntry_New.php
7 Apr 2022 11:41:22|20|shiji@forstarfoods.com|DailyCatchEntry_New.php
7 Apr 2022 11:41:23|20|shiji@forstarfoods.com|DailyCatchEntry_New.php
7 Apr 2022 11:41:23|20|shiji@forstarfoods.com|DailyCatchEntry_New.php
7 Apr 2022 11:41:23|20|shiji@forstarfoods.com|DailyCatchEntry_New.php
7 Apr 2022 11:41:24|20|shiji@forstarfoods.com|DailyCatchEntry_New.php
7 Apr 2022 11:41:24|20|shiji@forstarfoods.com|DailyCatchEntry_New.php
7 Apr 2022 11:41:24|20|shiji@forstarfoods.com|DailyCatchEntry_New.php
7 Apr 2022 11:41:25|20|shiji@forstarfoods.com|DailyCatchEntry_New.php
7 Apr 2022 11:41:25|20|shiji@forstarfoods.com|DailyCatchEntry_New.php
7 Apr 2022 11:41:25|20|shiji@forstarfoods.com|DailyCatchEntry_New.php
7 Apr 2022 11:41:25|20|shiji@forstarfoods.com|DailyCatchEntry_New.php
7 Apr 2022 11:41:26|20|shiji@forstarfoods.com|DailyCatchEntry_New.php
7 Apr 2022 11:41:26|20|shiji@forstarfoods.com|DailyCatchEntry_New.php
7 Apr 2022 11:41:51|20|shiji@forstarfoods.com|DailyCatchEntry_New.php
7 Apr 2022 11:41:52|20|shiji@forstarfoods.com|DailyCatchEntry_New.php
7 Apr 2022 11:41:53|20|shiji@forstarfoods.com|CatchEntryDeclaredItem.php
7 Apr 2022 11:41:58|20|shiji@forstarfoods.com|DailyCatchEntry_New.php
7 Apr 2022 11:41:58|20|shiji@forstarfoods.com|DailyCatchEntry_New.php
7 Apr 2022 11:42:00|20|shiji@forstarfoods.com|DailyCatchEntry_New.php
7 Apr 2022 11:42:02|20|shiji@forstarfoods.com|DailyCatchEntry_New.php
7 Apr 2022 11:42:03|20|shiji@forstarfoods.com|DailyCatchEntry_New.php
7 Apr 2022 11:42:03|20|shiji@forstarfoods.com|DailyCatchEntry_New.php
7 Apr 2022 11:42:03|20|shiji@forstarfoods.com|DailyCatchEntry_New.php
7 Apr 2022 11:42:03|20|shiji@forstarfoods.com|DailyCatchEntry_New.php
7 Apr 2022 11:42:04|20|shiji@forstarfoods.com|DailyCatchEntry_New.php
7 Apr 2022 11:42:04|20|shiji@forstarfoods.com|DailyCatchEntry_New.php
7 Apr 2022 11:42:04|20|shiji@forstarfoods.com|DailyCatchEntry_New.php
7 Apr 2022 11:42:05|20|shiji@forstarfoods.com|DailyCatchEntry_New.php
7 Apr 2022 11:42:05|20|shiji@forstarfoods.com|DailyCatchEntry_New.php
7 Apr 2022 11:42:05|20|shiji@forstarfoods.com|DailyCatchEntry_New.php
7 Apr 2022 11:42:05|20|shiji@forstarfoods.com|DailyCatchEntry_New.php
7 Apr 2022 11:42:06|20|shiji@forstarfoods.com|DailyCatchEntry_New.php
7 Apr 2022 11:42:06|20|shiji@forstarfoods.com|DailyCatchEntry_New.php
7 Apr 2022 11:42:08|20|shiji@forstarfoods.com|DailyCatchEntry_New.php
7 Apr 2022 11:42:09|20|shiji@forstarfoods.com|DailyCatchEntry_New.php
7 Apr 2022 11:43:17|20|shiji@forstarfoods.com|DailyCatchEntry_New.php
7 Apr 2022 11:43:22|20|shiji@forstarfoods.com|DailyCatchEntry_New.php
7 Apr 2022 11:43:47|20|shiji@forstarfoods.com|DailyCatchEntry_New.php
7 Apr 2022 11:43:49|20|shiji@forstarfoods.com|DailyCatchEntry_New.php
7 Apr 2022 11:43:50|20|shiji@forstarfoods.com|CatchEntryDeclaredItem.php
7 Apr 2022 11:43:57|20|shiji@forstarfoods.com|DailyCatchEntry_New.php
7 Apr 2022 11:43:58|20|shiji@forstarfoods.com|DailyCatchEntry_New.php
7 Apr 2022 11:43:58|20|shiji@forstarfoods.com|DailyCatchEntry_New.php
7 Apr 2022 11:44:38|20|shiji@forstarfoods.com|DailyCatchEntry_New.php
7 Apr 2022 11:44:40|20|shiji@forstarfoods.com|DailyCatchEntry_New.php
7 Apr 2022 11:44:40|20|shiji@forstarfoods.com|CatchEntryDeclaredItem.php
7 Apr 2022 11:44:53|20|shiji@forstarfoods.com|DailyCatchEntry_New.php
7 Apr 2022 11:44:55|20|shiji@forstarfoods.com|DailyCatchEntry_New.php
7 Apr 2022 11:44:56|20|shiji@forstarfoods.com|DailyCatchEntry_New.php
7 Apr 2022 11:44:58|20|shiji@forstarfoods.com|DailyCatchEntry_New.php
7 Apr 2022 11:44:59|20|shiji@forstarfoods.com|DailyCatchEntry_New.php
7 Apr 2022 11:44:59|20|shiji@forstarfoods.com|DailyCatchEntry_New.php
7 Apr 2022 11:44:59|20|shiji@forstarfoods.com|DailyCatchEntry_New.php
7 Apr 2022 11:45:00|20|shiji@forstarfoods.com|DailyCatchEntry_New.php
7 Apr 2022 11:45:00|20|shiji@forstarfoods.com|DailyCatchEntry_New.php
7 Apr 2022 11:45:00|20|shiji@forstarfoods.com|DailyCatchEntry_New.php
7 Apr 2022 11:45:01|20|shiji@forstarfoods.com|DailyCatchEntry_New.php
7 Apr 2022 11:45:01|20|shiji@forstarfoods.com|DailyCatchEntry_New.php
7 Apr 2022 11:45:01|20|shiji@forstarfoods.com|DailyCatchEntry_New.php
7 Apr 2022 11:45:01|20|shiji@forstarfoods.com|DailyCatchEntry_New.php
7 Apr 2022 11:45:02|20|shiji@forstarfoods.com|DailyCatchEntry_New.php
7 Apr 2022 11:45:02|20|shiji@forstarfoods.com|DailyCatchEntry_New.php
7 Apr 2022 11:45:02|20|shiji@forstarfoods.com|DailyCatchEntry_New.php
7 Apr 2022 11:45:03|20|shiji@forstarfoods.com|DailyCatchEntry_New.php
7 Apr 2022 11:45:03|20|shiji@forstarfoods.com|DailyCatchEntry_New.php
7 Apr 2022 11:45:04|20|shiji@forstarfoods.com|DailyCatchEntry_New.php
7 Apr 2022 11:45:04|20|shiji@forstarfoods.com|DailyCatchEntry_New.php
7 Apr 2022 11:45:39|20|shiji@forstarfoods.com|DailyCatchEntry_New.php
7 Apr 2022 11:45:40|20|shiji@forstarfoods.com|DailyCatchEntry_New.php
7 Apr 2022 11:45:41|20|shiji@forstarfoods.com|CatchEntryDeclaredItem.php
7 Apr 2022 11:45:43|20|shiji@forstarfoods.com|DailyCatchEntry_New.php
7 Apr 2022 11:45:45|20|shiji@forstarfoods.com|DailyCatchEntry_New.php
7 Apr 2022 11:45:47|20|shiji@forstarfoods.com|DailyCatchEntry_New.php
7 Apr 2022 11:45:47|20|shiji@forstarfoods.com|DailyCatchEntry_New.php
7 Apr 2022 11:45:48|20|shiji@forstarfoods.com|DailyCatchEntry_New.php
7 Apr 2022 11:45:48|20|shiji@forstarfoods.com|DailyCatchEntry_New.php
7 Apr 2022 11:45:48|20|shiji@forstarfoods.com|DailyCatchEntry_New.php
7 Apr 2022 11:45:49|20|shiji@forstarfoods.com|DailyCatchEntry_New.php
7 Apr 2022 11:45:49|20|shiji@forstarfoods.com|DailyCatchEntry_New.php
7 Apr 2022 11:45:49|20|shiji@forstarfoods.com|DailyCatchEntry_New.php
7 Apr 2022 11:45:49|20|shiji@forstarfoods.com|DailyCatchEntry_New.php
7 Apr 2022 11:45:50|20|shiji@forstarfoods.com|DailyCatchEntry_New.php
7 Apr 2022 11:45:50|20|shiji@forstarfoods.com|DailyCatchEntry_New.php
7 Apr 2022 11:45:50|20|shiji@forstarfoods.com|DailyCatchEntry_New.php