
16 Apr 2022 12:40:58|20|shiji@forstarfoods.com|DailyCatchEntry_New.php
16 Apr 2022 12:40:59|20|shiji@forstarfoods.com|DailyCatchEntry_New.php
16 Apr 2022 12:40:59|20|shiji@forstarfoods.com|DailyCatchEntry_New.php
16 Apr 2022 12:40:59|20|shiji@forstarfoods.com|DailyCatchEntry_New.php
16 Apr 2022 12:40:59|20|shiji@forstarfoods.com|DailyCatchEntry_New.php
16 Apr 2022 12:41:00|20|shiji@forstarfoods.com|DailyCatchEntry_New.php
16 Apr 2022 12:41:00|20|shiji@forstarfoods.com|DailyCatchEntry_New.php
16 Apr 2022 12:41:00|20|shiji@forstarfoods.com|DailyCatchEntry_New.php
16 Apr 2022 12:41:01|20|shiji@forstarfoods.com|DailyCatchEntry_New.php
16 Apr 2022 12:41:01|20|shiji@forstarfoods.com|DailyCatchEntry_New.php
16 Apr 2022 12:41:01|20|shiji@forstarfoods.com|DailyCatchEntry_New.php
16 Apr 2022 12:41:30|20|shiji@forstarfoods.com|DailyCatchEntry_New.php
16 Apr 2022 12:41:32|20|shiji@forstarfoods.com|DailyCatchEntry_New.php
16 Apr 2022 12:41:33|20|shiji@forstarfoods.com|CatchEntryDeclaredItem.php
16 Apr 2022 12:41:48|20|shiji@forstarfoods.com|DailyCatchEntry_New.php
16 Apr 2022 12:41:49|20|shiji@forstarfoods.com|DailyCatchEntry_New.php
16 Apr 2022 12:41:51|20|shiji@forstarfoods.com|DailyCatchEntry_New.php
16 Apr 2022 12:41:52|20|shiji@forstarfoods.com|DailyCatchEntry_New.php
16 Apr 2022 12:41:52|20|shiji@forstarfoods.com|DailyCatchEntry_New.php
16 Apr 2022 12:41:52|20|shiji@forstarfoods.com|DailyCatchEntry_New.php
16 Apr 2022 12:41:53|20|shiji@forstarfoods.com|DailyCatchEntry_New.php
16 Apr 2022 12:41:53|20|shiji@forstarfoods.com|DailyCatchEntry_New.php
16 Apr 2022 12:41:56|20|shiji@forstarfoods.com|DailyCatchEntry_New.php
16 Apr 2022 12:41:56|20|shiji@forstarfoods.com|DailyCatchEntry_New.php
16 Apr 2022 12:41:56|20|shiji@forstarfoods.com|DailyCatchEntry_New.php
16 Apr 2022 12:41:58|20|shiji@forstarfoods.com|DailyCatchEntry_New.php
16 Apr 2022 12:41:59|20|shiji@forstarfoods.com|CatchEntryDeclaredItem.php
16 Apr 2022 12:42:08|20|shiji@forstarfoods.com|DailyCatchEntry_New.php
16 Apr 2022 12:42:10|20|shiji@forstarfoods.com|DailyCatchEntry_New.php
16 Apr 2022 12:42:12|20|shiji@forstarfoods.com|DailyCatchEntry_New.php
16 Apr 2022 12:42:12|20|shiji@forstarfoods.com|DailyCatchEntry_New.php
16 Apr 2022 12:42:12|20|shiji@forstarfoods.com|DailyCatchEntry_New.php
16 Apr 2022 12:42:13|20|shiji@forstarfoods.com|DailyCatchEntry_New.php
16 Apr 2022 12:42:13|20|shiji@forstarfoods.com|DailyCatchEntry_New.php
16 Apr 2022 12:42:13|20|shiji@forstarfoods.com|DailyCatchEntry_New.php
16 Apr 2022 12:42:14|20|shiji@forstarfoods.com|DailyCatchEntry_New.php
16 Apr 2022 12:42:14|20|shiji@forstarfoods.com|DailyCatchEntry_New.php
16 Apr 2022 12:42:14|20|shiji@forstarfoods.com|DailyCatchEntry_New.php
16 Apr 2022 12:42:14|20|shiji@forstarfoods.com|DailyCatchEntry_New.php
16 Apr 2022 12:42:15|20|shiji@forstarfoods.com|DailyCatchEntry_New.php
16 Apr 2022 12:42:15|20|shiji@forstarfoods.com|DailyCatchEntry_New.php
16 Apr 2022 12:42:15|20|shiji@forstarfoods.com|DailyCatchEntry_New.php
16 Apr 2022 12:42:16|20|shiji@forstarfoods.com|DailyCatchEntry_New.php
16 Apr 2022 12:42:16|20|shiji@forstarfoods.com|DailyCatchEntry_New.php
16 Apr 2022 12:42:16|20|shiji@forstarfoods.com|DailyCatchEntry_New.php
16 Apr 2022 12:42:17|20|shiji@forstarfoods.com|DailyCatchEntry_New.php
16 Apr 2022 12:42:17|20|shiji@forstarfoods.com|DailyCatchEntry_New.php
16 Apr 2022 12:42:17|20|shiji@forstarfoods.com|DailyCatchEntry_New.php
16 Apr 2022 12:42:18|20|shiji@forstarfoods.com|DailyCatchEntry_New.php
16 Apr 2022 12:43:03|24|shashikala@forstarfoods.com|DailyRMCB.php
16 Apr 2022 12:43:07|24|shashikala@forstarfoods.com|DailyRMCB.php
16 Apr 2022 12:43:13|24|shashikala@forstarfoods.com|DailyRMCB.php
16 Apr 2022 12:43:35|24|shashikala@forstarfoods.com|DailyRMCB.php
16 Apr 2022 12:43:39|24|shashikala@forstarfoods.com|DailyRMCB.php
16 Apr 2022 12:44:02|20|shiji@forstarfoods.com|DailyCatchEntry_New.php
16 Apr 2022 12:44:04|20|shiji@forstarfoods.com|DailyCatchEntry_New.php
16 Apr 2022 12:44:05|20|shiji@forstarfoods.com|CatchEntryDeclaredItem.php
16 Apr 2022 12:44:20|20|shiji@forstarfoods.com|DailyCatchEntry_New.php
16 Apr 2022 12:44:21|20|shiji@forstarfoods.com|DailyCatchEntry_New.php
16 Apr 2022 12:44:23|20|shiji@forstarfoods.com|DailyCatchEntry_New.php
16 Apr 2022 12:44:23|20|shiji@forstarfoods.com|DailyCatchEntry_New.php
16 Apr 2022 12:44:24|20|shiji@forstarfoods.com|DailyCatchEntry_New.php
16 Apr 2022 12:44:24|20|shiji@forstarfoods.com|DailyCatchEntry_New.php
16 Apr 2022 12:44:24|20|shiji@forstarfoods.com|DailyCatchEntry_New.php
16 Apr 2022 12:44:25|20|shiji@forstarfoods.com|DailyCatchEntry_New.php
16 Apr 2022 12:44:29|20|shiji@forstarfoods.com|DailyCatchEntry_New.php
16 Apr 2022 12:44:29|20|shiji@forstarfoods.com|DailyCatchEntry_New.php
16 Apr 2022 12:44:30|20|shiji@forstarfoods.com|DailyCatchEntry_New.php
16 Apr 2022 12:44:31|20|shiji@forstarfoods.com|DailyCatchEntry_New.php
16 Apr 2022 12:44:32|20|shiji@forstarfoods.com|DailyCatchEntry_New.php
16 Apr 2022 12:44:32|20|shiji@forstarfoods.com|CatchEntryDeclaredItem.php
16 Apr 2022 12:44:47|20|shiji@forstarfoods.com|DailyCatchEntry_New.php
16 Apr 2022 12:44:48|20|shiji@forstarfoods.com|DailyCatchEntry_New.php
16 Apr 2022 12:44:53|20|shiji@forstarfoods.com|DailyCatchEntry_New.php
16 Apr 2022 12:44:53|20|shiji@forstarfoods.com|DailyCatchEntry_New.php
16 Apr 2022 12:44:53|20|shiji@forstarfoods.com|DailyCatchEntry_New.php
16 Apr 2022 12:44:53|20|shiji@forstarfoods.com|DailyCatchEntry_New.php
16 Apr 2022 12:44:54|20|shiji@forstarfoods.com|DailyCatchEntry_New.php
16 Apr 2022 12:44:54|20|shiji@forstarfoods.com|DailyCatchEntry_New.php
16 Apr 2022 12:44:59|20|shiji@forstarfoods.com|DailyCatchEntry_New.php
16 Apr 2022 12:44:59|20|shiji@forstarfoods.com|DailyCatchEntry_New.php
16 Apr 2022 12:44:59|20|shiji@forstarfoods.com|DailyCatchEntry_New.php
16 Apr 2022 12:45:01|20|shiji@forstarfoods.com|DailyCatchEntry_New.php
16 Apr 2022 12:45:02|20|shiji@forstarfoods.com|CatchEntryDeclaredItem.php
16 Apr 2022 12:45:07|20|shiji@forstarfoods.com|DailyCatchEntry_New.php
16 Apr 2022 12:45:08|20|shiji@forstarfoods.com|DailyCatchEntry_New.php
16 Apr 2022 12:45:13|20|shiji@forstarfoods.com|DailyCatchEntry_New.php
16 Apr 2022 12:45:13|20|shiji@forstarfoods.com|DailyCatchEntry_New.php
16 Apr 2022 12:45:13|20|shiji@forstarfoods.com|DailyCatchEntry_New.php
16 Apr 2022 12:45:14|20|shiji@forstarfoods.com|DailyCatchEntry_New.php
16 Apr 2022 12:45:14|20|shiji@forstarfoods.com|DailyCatchEntry_New.php
16 Apr 2022 12:45:14|20|shiji@forstarfoods.com|DailyCatchEntry_New.php
16 Apr 2022 12:45:14|20|shiji@forstarfoods.com|DailyCatchEntry_New.php
16 Apr 2022 12:45:15|20|shiji@forstarfoods.com|DailyCatchEntry_New.php
16 Apr 2022 12:45:15|20|shiji@forstarfoods.com|DailyCatchEntry_New.php
16 Apr 2022 12:45:15|20|shiji@forstarfoods.com|DailyCatchEntry_New.php
16 Apr 2022 12:45:16|20|shiji@forstarfoods.com|DailyCatchEntry_New.php
16 Apr 2022 12:45:16|20|shiji@forstarfoods.com|DailyCatchEntry_New.php
16 Apr 2022 12:45:16|20|shiji@forstarfoods.com|DailyCatchEntry_New.php
16 Apr 2022 12:45:16|20|shiji@forstarfoods.com|DailyCatchEntry_New.php
16 Apr 2022 12:45:17|20|shiji@forstarfoods.com|DailyCatchEntry_New.php
16 Apr 2022 12:45:17|20|shiji@forstarfoods.com|DailyCatchEntry_New.php
16 Apr 2022 12:45:18|20|shiji@forstarfoods.com|DailyCatchEntry_New.php
16 Apr 2022 12:45:19|20|shiji@forstarfoods.com|DailyCatchEntry_New.php
16 Apr 2022 12:45:46|20|shiji@forstarfoods.com|DailyCatchEntry_New.php
16 Apr 2022 12:45:47|20|shiji@forstarfoods.com|DailyCatchEntry_New.php
16 Apr 2022 12:45:48|20|shiji@forstarfoods.com|CatchEntryDeclaredItem.php
16 Apr 2022 12:45:50|20|shiji@forstarfoods.com|DailyCatchEntry_New.php
16 Apr 2022 12:45:51|20|shiji@forstarfoods.com|DailyCatchEntry_New.php
16 Apr 2022 12:45:54|20|shiji@forstarfoods.com|DailyCatchEntry_New.php
16 Apr 2022 12:45:54|20|shiji@forstarfoods.com|DailyCatchEntry_New.php
16 Apr 2022 12:45:54|20|shiji@forstarfoods.com|DailyCatchEntry_New.php
16 Apr 2022 12:45:54|20|shiji@forstarfoods.com|DailyCatchEntry_New.php
16 Apr 2022 12:45:55|20|shiji@forstarfoods.com|DailyCatchEntry_New.php
16 Apr 2022 12:45:55|20|shiji@forstarfoods.com|DailyCatchEntry_New.php
16 Apr 2022 12:45:55|20|shiji@forstarfoods.com|DailyCatchEntry_New.php
16 Apr 2022 12:45:56|20|shiji@forstarfoods.com|DailyCatchEntry_New.php
16 Apr 2022 12:45:56|20|shiji@forstarfoods.com|DailyCatchEntry_New.php
16 Apr 2022 12:45:56|20|shiji@forstarfoods.com|DailyCatchEntry_New.php
16 Apr 2022 12:45:56|20|shiji@forstarfoods.com|DailyCatchEntry_New.php
16 Apr 2022 12:45:57|20|shiji@forstarfoods.com|DailyCatchEntry_New.php
16 Apr 2022 12:46:32|20|shiji@forstarfoods.com|DailyCatchEntry_New.php
16 Apr 2022 12:46:34|20|shiji@forstarfoods.com|DailyCatchEntry_New.php
16 Apr 2022 12:46:35|20|shiji@forstarfoods.com|CatchEntryDeclaredItem.php
16 Apr 2022 12:47:34|24|shashikala@forstarfoods.com|DailyRMCB.php
16 Apr 2022 12:47:39|24|shashikala@forstarfoods.com|DailyRMCB.php
16 Apr 2022 12:47:45|24|shashikala@forstarfoods.com|Home.php
16 Apr 2022 12:47:51|24|shashikala@forstarfoods.com|DailyPreProcess.php
16 Apr 2022 12:48:06|24|shashikala@forstarfoods.com|DailyPreProcess.php
16 Apr 2022 12:48:21|24|shashikala@forstarfoods.com|DailyPreProcess.php
16 Apr 2022 12:48:23|24|shashikala@forstarfoods.com|DailyPreProcess.php
16 Apr 2022 12:48:28|24|shashikala@forstarfoods.com|DailyPreProcess.php
16 Apr 2022 12:48:29|24|shashikala@forstarfoods.com|DailyPreProcess.php
16 Apr 2022 12:49:32|20|shiji@forstarfoods.com|DailyCatchEntry_New.php
16 Apr 2022 12:51:42|24|shashikala@forstarfoods.com|DailyPreProcess.php
16 Apr 2022 12:51:55|24|shashikala@forstarfoods.com|DailyPreProcess.php
16 Apr 2022 12:51:57|24|shashikala@forstarfoods.com|DailyPreProcess.php
16 Apr 2022 12:52:04|24|shashikala@forstarfoods.com|DailyPreProcess.php
16 Apr 2022 12:52:04|24|shashikala@forstarfoods.com|DailyPreProcess.php
16 Apr 2022 12:54:32|20|shiji@forstarfoods.com|DailyCatchEntry_New.php
16 Apr 2022 12:57:09|24|shashikala@forstarfoods.com|DailyPreProcess.php
16 Apr 2022 12:57:19|24|shashikala@forstarfoods.com|DailyPreProcess.php
16 Apr 2022 12:57:21|24|shashikala@forstarfoods.com|DailyPreProcess.php
16 Apr 2022 12:57:26|24|shashikala@forstarfoods.com|DailyPreProcess.php
16 Apr 2022 12:57:27|24|shashikala@forstarfoods.com|DailyPreProcess.php
16 Apr 2022 12:58:53|24|shashikala@forstarfoods.com|DailyPreProcess.php
16 Apr 2022 12:58:58|24|shashikala@forstarfoods.com|DailyPreProcess.php
16 Apr 2022 12:59:25|24|shashikala@forstarfoods.com|DailyPreProcess.php
16 Apr 2022 12:59:25|24|shashikala@forstarfoods.com|DailyPreProcess.php
16 Apr 2022 12:59:33|20|shiji@forstarfoods.com|DailyCatchEntry_New.php
16 Apr 2022 12:59:43|20|shiji@forstarfoods.com|DailyCatchEntry_New.php
16 Apr 2022 12:59:44|20|shiji@forstarfoods.com|DailyCatchEntry_New.php
16 Apr 2022 12:59:44|20|shiji@forstarfoods.com|DailyCatchEntry_New.php
16 Apr 2022 12:59:47|20|shiji@forstarfoods.com|DailyCatchEntry_New.php
16 Apr 2022 12:59:48|20|shiji@forstarfoods.com|DailyCatchEntry_New.php
16 Apr 2022 12:59:49|20|shiji@forstarfoods.com|CatchEntryDeclaredItem.php
16 Apr 2022 12:59:56|20|shiji@forstarfoods.com|DailyCatchEntry_New.php
16 Apr 2022 13:00:01|20|shiji@forstarfoods.com|DailyCatchEntry_New.php
16 Apr 2022 13:00:06|20|shiji@forstarfoods.com|DailyCatchEntry_New.php
16 Apr 2022 13:00:06|20|shiji@forstarfoods.com|DailyCatchEntry_New.php
16 Apr 2022 13:00:10|20|shiji@forstarfoods.com|DailyCatchEntry_New.php
16 Apr 2022 13:00:11|20|shiji@forstarfoods.com|DailyCatchEntry_New.php
16 Apr 2022 13:00:12|20|shiji@forstarfoods.com|DailyCatchEntry_New.php
16 Apr 2022 13:00:20|20|shiji@forstarfoods.com|DailyCatchEntry_New.php
16 Apr 2022 13:00:20|20|shiji@forstarfoods.com|DailyCatchEntry_New.php
16 Apr 2022 13:00:20|20|shiji@forstarfoods.com|DailyCatchEntry_New.php
16 Apr 2022 13:00:21|20|shiji@forstarfoods.com|DailyCatchEntry_New.php
16 Apr 2022 13:00:21|20|shiji@forstarfoods.com|DailyCatchEntry_New.php
16 Apr 2022 13:00:21|20|shiji@forstarfoods.com|DailyCatchEntry_New.php
16 Apr 2022 13:00:22|20|shiji@forstarfoods.com|DailyCatchEntry_New.php
16 Apr 2022 13:00:22|20|shiji@forstarfoods.com|DailyCatchEntry_New.php
16 Apr 2022 13:00:22|20|shiji@forstarfoods.com|DailyCatchEntry_New.php
16 Apr 2022 13:00:23|20|shiji@forstarfoods.com|DailyCatchEntry_New.php
16 Apr 2022 13:00:23|20|shiji@forstarfoods.com|DailyCatchEntry_New.php
16 Apr 2022 13:00:23|20|shiji@forstarfoods.com|DailyCatchEntry_New.php
16 Apr 2022 13:01:11|20|shiji@forstarfoods.com|DailyCatchEntry_New.php
16 Apr 2022 13:01:13|20|shiji@forstarfoods.com|DailyCatchEntry_New.php
16 Apr 2022 13:01:14|20|shiji@forstarfoods.com|CatchEntryDeclaredItem.php
16 Apr 2022 13:01:18|20|shiji@forstarfoods.com|DailyCatchEntry_New.php
16 Apr 2022 13:01:19|20|shiji@forstarfoods.com|DailyCatchEntry_New.php
16 Apr 2022 13:01:22|20|shiji@forstarfoods.com|DailyCatchEntry_New.php
16 Apr 2022 13:01:22|20|shiji@forstarfoods.com|DailyCatchEntry_New.php
16 Apr 2022 13:01:22|20|shiji@forstarfoods.com|DailyCatchEntry_New.php
16 Apr 2022 13:01:22|20|shiji@forstarfoods.com|DailyCatchEntry_New.php
16 Apr 2022 13:01:23|20|shiji@forstarfoods.com|DailyCatchEntry_New.php
16 Apr 2022 13:01:23|20|shiji@forstarfoods.com|DailyCatchEntry_New.php
16 Apr 2022 13:01:23|20|shiji@forstarfoods.com|DailyCatchEntry_New.php
16 Apr 2022 13:01:24|20|shiji@forstarfoods.com|DailyCatchEntry_New.php
16 Apr 2022 13:01:24|20|shiji@forstarfoods.com|DailyCatchEntry_New.php
16 Apr 2022 13:01:24|20|shiji@forstarfoods.com|DailyCatchEntry_New.php
16 Apr 2022 13:01:24|20|shiji@forstarfoods.com|DailyCatchEntry_New.php
16 Apr 2022 13:01:25|20|shiji@forstarfoods.com|DailyCatchEntry_New.php
16 Apr 2022 13:01:25|20|shiji@forstarfoods.com|DailyCatchEntry_New.php
16 Apr 2022 13:01:25|20|shiji@forstarfoods.com|DailyCatchEntry_New.php
16 Apr 2022 13:01:26|20|shiji@forstarfoods.com|DailyCatchEntry_New.php
16 Apr 2022 13:01:26|20|shiji@forstarfoods.com|DailyCatchEntry_New.php
16 Apr 2022 13:02:08|20|shiji@forstarfoods.com|DailyCatchEntry_New.php
16 Apr 2022 13:02:10|20|shiji@forstarfoods.com|DailyCatchEntry_New.php
16 Apr 2022 13:02:11|20|shiji@forstarfoods.com|CatchEntryDeclaredItem.php
16 Apr 2022 13:02:31|20|shiji@forstarfoods.com|DailyCatchEntry_New.php
16 Apr 2022 13:02:32|20|shiji@forstarfoods.com|DailyCatchEntry_New.php
16 Apr 2022 13:04:33|20|shiji@forstarfoods.com|DailyCatchEntry_New.php
16 Apr 2022 13:04:36|20|shiji@forstarfoods.com|DailyCatchEntry_New.php
16 Apr 2022 13:04:37|20|shiji@forstarfoods.com|DailyCatchEntry_New.php
16 Apr 2022 13:04:37|20|shiji@forstarfoods.com|DailyCatchEntry_New.php
16 Apr 2022 13:04:37|20|shiji@forstarfoods.com|DailyCatchEntry_New.php
16 Apr 2022 13:04:38|20|shiji@forstarfoods.com|DailyCatchEntry_New.php
16 Apr 2022 13:04:38|20|shiji@forstarfoods.com|DailyCatchEntry_New.php
16 Apr 2022 13:04:38|20|shiji@forstarfoods.com|DailyCatchEntry_New.php
16 Apr 2022 13:04:39|20|shiji@forstarfoods.com|DailyCatchEntry_New.php
16 Apr 2022 13:04:39|20|shiji@forstarfoods.com|DailyCatchEntry_New.php
16 Apr 2022 13:04:39|20|shiji@forstarfoods.com|DailyCatchEntry_New.php
16 Apr 2022 13:04:41|20|shiji@forstarfoods.com|DailyCatchEntry_New.php
16 Apr 2022 13:04:42|20|shiji@forstarfoods.com|DailyCatchEntry_New.php
16 Apr 2022 13:04:42|20|shiji@forstarfoods.com|DailyCatchEntry_New.php
16 Apr 2022 13:04:42|20|shiji@forstarfoods.com|DailyCatchEntry_New.php
16 Apr 2022 13:04:43|20|shiji@forstarfoods.com|DailyCatchEntry_New.php
16 Apr 2022 13:04:43|20|shiji@forstarfoods.com|DailyCatchEntry_New.php
16 Apr 2022 13:04:46|20|shiji@forstarfoods.com|DailyCatchEntry_New.php
16 Apr 2022 13:04:47|20|shiji@forstarfoods.com|DailyCatchEntry_New.php
16 Apr 2022 13:06:25|20|shiji@forstarfoods.com|DailyCatchEntry_New.php
16 Apr 2022 13:06:27|20|shiji@forstarfoods.com|DailyCatchEntry_New.php
16 Apr 2022 13:06:28|20|shiji@forstarfoods.com|CatchEntryDeclaredItem.php
16 Apr 2022 13:06:30|20|shiji@forstarfoods.com|DailyCatchEntry_New.php
16 Apr 2022 13:06:31|20|shiji@forstarfoods.com|DailyCatchEntry_New.php
16 Apr 2022 13:06:33|20|shiji@forstarfoods.com|DailyCatchEntry_New.php
16 Apr 2022 13:06:34|20|shiji@forstarfoods.com|DailyCatchEntry_New.php
16 Apr 2022 13:06:34|20|shiji@forstarfoods.com|DailyCatchEntry_New.php
16 Apr 2022 13:06:34|20|shiji@forstarfoods.com|DailyCatchEntry_New.php
16 Apr 2022 13:06:35|20|shiji@forstarfoods.com|DailyCatchEntry_New.php
16 Apr 2022 13:06:35|20|shiji@forstarfoods.com|DailyCatchEntry_New.php
16 Apr 2022 13:06:35|20|shiji@forstarfoods.com|DailyCatchEntry_New.php
16 Apr 2022 13:06:35|20|shiji@forstarfoods.com|DailyCatchEntry_New.php
16 Apr 2022 13:06:36|20|shiji@forstarfoods.com|DailyCatchEntry_New.php
16 Apr 2022 13:06:36|20|shiji@forstarfoods.com|DailyCatchEntry_New.php
16 Apr 2022 13:06:36|20|shiji@forstarfoods.com|DailyCatchEntry_New.php
16 Apr 2022 13:06:37|20|shiji@forstarfoods.com|DailyCatchEntry_New.php
16 Apr 2022 13:06:37|20|shiji@forstarfoods.com|DailyCatchEntry_New.php
16 Apr 2022 13:06:37|20|shiji@forstarfoods.com|DailyCatchEntry_New.php
16 Apr 2022 13:06:38|20|shiji@forstarfoods.com|DailyCatchEntry_New.php
16 Apr 2022 13:06:38|20|shiji@forstarfoods.com|DailyCatchEntry_New.php
16 Apr 2022 13:07:13|24|shashikala@forstarfoods.com|DailyPreProcess.php
16 Apr 2022 13:07:18|20|shiji@forstarfoods.com|DailyCatchEntry_New.php
16 Apr 2022 13:07:22|20|shiji@forstarfoods.com|DailyCatchEntry_New.php
16 Apr 2022 13:07:23|20|shiji@forstarfoods.com|CatchEntryDeclaredItem.php
16 Apr 2022 13:08:15|20|shiji@forstarfoods.com|DailyCatchEntry_New.php
16 Apr 2022 13:08:15|20|shiji@forstarfoods.com|DailyCatchEntry_New.php
16 Apr 2022 13:08:15|20|shiji@forstarfoods.com|DailyCatchEntry_New.php
16 Apr 2022 13:08:38|20|shiji@forstarfoods.com|DailyCatchEntry_New.php
16 Apr 2022 13:08:42|20|shiji@forstarfoods.com|DailyCatchEntry_New.php
16 Apr 2022 13:08:43|20|shiji@forstarfoods.com|CatchEntryDeclaredItem.php
16 Apr 2022 13:08:59|20|shiji@forstarfoods.com|DailyCatchEntry_New.php
16 Apr 2022 13:09:03|20|shiji@forstarfoods.com|DailyCatchEntry_New.php
16 Apr 2022 13:09:05|20|shiji@forstarfoods.com|DailyCatchEntry_New.php
16 Apr 2022 13:09:07|20|shiji@forstarfoods.com|DailyCatchEntry_New.php
16 Apr 2022 13:09:08|20|shiji@forstarfoods.com|DailyCatchEntry_New.php
16 Apr 2022 13:09:08|20|shiji@forstarfoods.com|DailyCatchEntry_New.php
16 Apr 2022 13:09:08|20|shiji@forstarfoods.com|DailyCatchEntry_New.php
16 Apr 2022 13:09:09|20|shiji@forstarfoods.com|DailyCatchEntry_New.php
16 Apr 2022 13:09:09|20|shiji@forstarfoods.com|DailyCatchEntry_New.php
16 Apr 2022 13:09:09|20|shiji@forstarfoods.com|DailyCatchEntry_New.php
16 Apr 2022 13:09:09|20|shiji@forstarfoods.com|DailyCatchEntry_New.php
16 Apr 2022 13:09:10|20|shiji@forstarfoods.com|DailyCatchEntry_New.php
16 Apr 2022 13:09:10|20|shiji@forstarfoods.com|DailyCatchEntry_New.php
16 Apr 2022 13:09:10|20|shiji@forstarfoods.com|DailyCatchEntry_New.php
16 Apr 2022 13:09:11|20|shiji@forstarfoods.com|DailyCatchEntry_New.php
16 Apr 2022 13:09:11|20|shiji@forstarfoods.com|DailyCatchEntry_New.php
16 Apr 2022 13:09:11|20|shiji@forstarfoods.com|DailyCatchEntry_New.php
16 Apr 2022 13:09:12|20|shiji@forstarfoods.com|DailyCatchEntry_New.php
16 Apr 2022 13:09:12|20|shiji@forstarfoods.com|DailyCatchEntry_New.php
16 Apr 2022 13:09:12|20|shiji@forstarfoods.com|DailyCatchEntry_New.php
16 Apr 2022 13:09:12|20|shiji@forstarfoods.com|DailyCatchEntry_New.php
16 Apr 2022 13:09:13|20|shiji@forstarfoods.com|DailyCatchEntry_New.php
16 Apr 2022 13:09:13|20|shiji@forstarfoods.com|DailyCatchEntry_New.php
16 Apr 2022 13:09:16|20|shiji@forstarfoods.com|DailyCatchEntry_New.php
16 Apr 2022 13:09:16|20|shiji@forstarfoods.com|DailyCatchEntry_New.php
16 Apr 2022 13:09:33|20|shiji@forstarfoods.com|DailyCatchEntry_New.php
16 Apr 2022 13:09:46|20|shiji@forstarfoods.com|DailyCatchEntry_New.php
16 Apr 2022 13:09:48|20|shiji@forstarfoods.com|DailyCatchEntry_New.php
16 Apr 2022 13:09:49|20|shiji@forstarfoods.com|CatchEntryDeclaredItem.php
16 Apr 2022 13:09:55|20|shiji@forstarfoods.com|DailyCatchEntry_New.php
16 Apr 2022 13:09:56|20|shiji@forstarfoods.com|DailyCatchEntry_New.php
16 Apr 2022 13:09:58|20|shiji@forstarfoods.com|DailyCatchEntry_New.php
16 Apr 2022 13:09:58|20|shiji@forstarfoods.com|DailyCatchEntry_New.php
16 Apr 2022 13:09:58|20|shiji@forstarfoods.com|DailyCatchEntry_New.php
16 Apr 2022 13:09:59|20|shiji@forstarfoods.com|DailyCatchEntry_New.php
16 Apr 2022 13:09:59|20|shiji@forstarfoods.com|DailyCatchEntry_New.php
16 Apr 2022 13:09:59|20|shiji@forstarfoods.com|DailyCatchEntry_New.php
16 Apr 2022 13:10:00|20|shiji@forstarfoods.com|DailyCatchEntry_New.php
16 Apr 2022 13:10:00|20|shiji@forstarfoods.com|DailyCatchEntry_New.php
16 Apr 2022 13:10:00|20|shiji@forstarfoods.com|DailyCatchEntry_New.php
16 Apr 2022 13:10:01|20|shiji@forstarfoods.com|DailyCatchEntry_New.php
16 Apr 2022 13:10:01|20|shiji@forstarfoods.com|DailyCatchEntry_New.php
16 Apr 2022 13:10:01|20|shiji@forstarfoods.com|DailyCatchEntry_New.php
16 Apr 2022 13:10:01|20|shiji@forstarfoods.com|DailyCatchEntry_New.php
16 Apr 2022 13:10:02|20|shiji@forstarfoods.com|DailyCatchEntry_New.php
16 Apr 2022 13:10:30|20|shiji@forstarfoods.com|DailyCatchEntry_New.php
16 Apr 2022 13:10:31|20|shiji@forstarfoods.com|DailyCatchEntry_New.php
16 Apr 2022 13:10:32|20|shiji@forstarfoods.com|CatchEntryDeclaredItem.php
16 Apr 2022 13:10:35|20|shiji@forstarfoods.com|DailyCatchEntry_New.php
16 Apr 2022 13:10:36|20|shiji@forstarfoods.com|DailyCatchEntry_New.php
16 Apr 2022 13:10:39|20|shiji@forstarfoods.com|DailyCatchEntry_New.php
16 Apr 2022 13:10:39|20|shiji@forstarfoods.com|DailyCatchEntry_New.php
16 Apr 2022 13:10:39|20|shiji@forstarfoods.com|DailyCatchEntry_New.php
16 Apr 2022 13:10:39|20|shiji@forstarfoods.com|DailyCatchEntry_New.php
16 Apr 2022 13:10:40|20|shiji@forstarfoods.com|DailyCatchEntry_New.php
16 Apr 2022 13:10:40|20|shiji@forstarfoods.com|DailyCatchEntry_New.php
16 Apr 2022 13:10:40|20|shiji@forstarfoods.com|DailyCatchEntry_New.php
16 Apr 2022 13:10:41|20|shiji@forstarfoods.com|DailyCatchEntry_New.php
16 Apr 2022 13:10:41|20|shiji@forstarfoods.com|DailyCatchEntry_New.php
16 Apr 2022 13:10:41|20|shiji@forstarfoods.com|DailyCatchEntry_New.php
16 Apr 2022 13:10:42|20|shiji@forstarfoods.com|DailyCatchEntry_New.php
16 Apr 2022 13:10:42|20|shiji@forstarfoods.com|DailyCatchEntry_New.php
16 Apr 2022 13:10:42|20|shiji@forstarfoods.com|DailyCatchEntry_New.php
16 Apr 2022 13:10:42|20|shiji@forstarfoods.com|DailyCatchEntry_New.php
16 Apr 2022 13:10:45|20|shiji@forstarfoods.com|DailyCatchEntry_New.php
16 Apr 2022 13:10:45|20|shiji@forstarfoods.com|DailyCatchEntry_New.php
16 Apr 2022 13:11:21|20|shiji@forstarfoods.com|DailyCatchEntry_New.php
16 Apr 2022 13:11:22|20|shiji@forstarfoods.com|DailyCatchEntry_New.php
16 Apr 2022 13:11:23|20|shiji@forstarfoods.com|CatchEntryDeclaredItem.php
16 Apr 2022 13:12:03|20|shiji@forstarfoods.com|DailyCatchEntry_New.php
16 Apr 2022 13:12:05|20|shiji@forstarfoods.com|DailyCatchEntry_New.php
16 Apr 2022 13:12:07|20|shiji@forstarfoods.com|DailyCatchEntry_New.php
16 Apr 2022 13:12:07|20|shiji@forstarfoods.com|DailyCatchEntry_New.php
16 Apr 2022 13:12:08|20|shiji@forstarfoods.com|DailyCatchEntry_New.php
16 Apr 2022 13:12:08|20|shiji@forstarfoods.com|DailyCatchEntry_New.php
16 Apr 2022 13:12:08|20|shiji@forstarfoods.com|DailyCatchEntry_New.php
16 Apr 2022 13:12:09|20|shiji@forstarfoods.com|DailyCatchEntry_New.php
16 Apr 2022 13:12:09|20|shiji@forstarfoods.com|DailyCatchEntry_New.php
16 Apr 2022 13:12:09|20|shiji@forstarfoods.com|DailyCatchEntry_New.php
16 Apr 2022 13:12:09|20|shiji@forstarfoods.com|DailyCatchEntry_New.php
16 Apr 2022 13:12:10|20|shiji@forstarfoods.com|DailyCatchEntry_New.php
16 Apr 2022 13:12:10|20|shiji@forstarfoods.com|DailyCatchEntry_New.php
16 Apr 2022 13:12:10|20|shiji@forstarfoods.com|DailyCatchEntry_New.php
16 Apr 2022 13:12:11|20|shiji@forstarfoods.com|DailyCatchEntry_New.php
16 Apr 2022 13:12:11|20|shiji@forstarfoods.com|DailyCatchEntry_New.php
16 Apr 2022 13:12:11|20|shiji@forstarfoods.com|DailyCatchEntry_New.php
16 Apr 2022 13:12:12|20|shiji@forstarfoods.com|DailyCatchEntry_New.php
16 Apr 2022 13:12:12|20|shiji@forstarfoods.com|DailyCatchEntry_New.php
16 Apr 2022 13:12:12|20|shiji@forstarfoods.com|DailyCatchEntry_New.php
16 Apr 2022 13:12:12|20|shiji@forstarfoods.com|DailyCatchEntry_New.php
16 Apr 2022 13:12:13|20|shiji@forstarfoods.com|DailyCatchEntry_New.php
16 Apr 2022 13:12:13|20|shiji@forstarfoods.com|DailyCatchEntry_New.php
16 Apr 2022 13:12:13|20|shiji@forstarfoods.com|DailyCatchEntry_New.php
16 Apr 2022 13:12:14|20|shiji@forstarfoods.com|DailyCatchEntry_New.php
16 Apr 2022 13:12:14|20|shiji@forstarfoods.com|DailyCatchEntry_New.php
16 Apr 2022 13:14:34|20|shiji@forstarfoods.com|DailyCatchEntry_New.php
16 Apr 2022 13:15:37|20|shiji@forstarfoods.com|DailyCatchEntry_New.php
16 Apr 2022 13:15:38|20|shiji@forstarfoods.com|DailyCatchEntry_New.php
16 Apr 2022 13:15:39|20|shiji@forstarfoods.com|CatchEntryDeclaredItem.php
16 Apr 2022 13:15:53|20|shiji@forstarfoods.com|DailyCatchEntry_New.php
16 Apr 2022 13:15:55|20|shiji@forstarfoods.com|DailyCatchEntry_New.php
16 Apr 2022 13:15:57|20|shiji@forstarfoods.com|DailyCatchEntry_New.php
16 Apr 2022 13:15:57|20|shiji@forstarfoods.com|DailyCatchEntry_New.php
16 Apr 2022 13:15:57|20|shiji@forstarfoods.com|DailyCatchEntry_New.php
16 Apr 2022 13:15:57|20|shiji@forstarfoods.com|DailyCatchEntry_New.php
16 Apr 2022 13:15:58|20|shiji@forstarfoods.com|DailyCatchEntry_New.php
16 Apr 2022 13:15:58|20|shiji@forstarfoods.com|DailyCatchEntry_New.php
16 Apr 2022 13:16:02|20|shiji@forstarfoods.com|DailyCatchEntry_New.php
16 Apr 2022 13:16:03|20|shiji@forstarfoods.com|DailyCatchEntry_New.php
16 Apr 2022 13:16:04|20|shiji@forstarfoods.com|DailyCatchEntry_New.php
16 Apr 2022 13:16:05|20|shiji@forstarfoods.com|DailyCatchEntry_New.php
16 Apr 2022 13:16:06|20|shiji@forstarfoods.com|CatchEntryDeclaredItem.php
16 Apr 2022 13:16:12|20|shiji@forstarfoods.com|DailyCatchEntry_New.php
16 Apr 2022 13:16:12|20|shiji@forstarfoods.com|DailyCatchEntry_New.php
16 Apr 2022 13:16:13|20|shiji@forstarfoods.com|DailyCatchEntry_New.php
16 Apr 2022 13:17:58|20|shiji@forstarfoods.com|DailyCatchEntry_New.php
16 Apr 2022 13:18:02|20|shiji@forstarfoods.com|DailyCatchEntry_New.php
16 Apr 2022 13:18:02|20|shiji@forstarfoods.com|CatchEntryDeclaredItem.php
16 Apr 2022 13:18:10|20|shiji@forstarfoods.com|DailyCatchEntry_New.php
16 Apr 2022 13:18:23|20|shiji@forstarfoods.com|DailyCatchEntry_New.php
16 Apr 2022 13:18:25|20|shiji@forstarfoods.com|DailyCatchEntry_New.php
16 Apr 2022 13:18:27|20|shiji@forstarfoods.com|DailyCatchEntry_New.php
16 Apr 2022 13:19:15|24|shashikala@forstarfoods.com|DailyRMCB.php
16 Apr 2022 13:19:34|20|shiji@forstarfoods.com|DailyCatchEntry_New.php
16 Apr 2022 13:19:48|24|shashikala@forstarfoods.com|DailyRMCB.php
16 Apr 2022 13:19:55|24|shashikala@forstarfoods.com|DailyRMCB.php
16 Apr 2022 13:20:01|24|shashikala@forstarfoods.com|DailyRMCB.php
16 Apr 2022 13:20:55|24|shashikala@forstarfoods.com|DailyRMCB.php
16 Apr 2022 13:20:59|24|shashikala@forstarfoods.com|DailyRMCB.php
16 Apr 2022 13:21:03|24|shashikala@forstarfoods.com|DailyRMCB.php
16 Apr 2022 13:21:06|20|shiji@forstarfoods.com|DailyCatchEntry_New.php
16 Apr 2022 13:21:06|20|shiji@forstarfoods.com|DailyCatchEntry_New.php
16 Apr 2022 13:21:06|20|shiji@forstarfoods.com|DailyCatchEntry_New.php
16 Apr 2022 13:21:07|20|shiji@forstarfoods.com|DailyCatchEntry_New.php
16 Apr 2022 13:21:07|20|shiji@forstarfoods.com|DailyCatchEntry_New.php
16 Apr 2022 13:21:07|20|shiji@forstarfoods.com|DailyCatchEntry_New.php
16 Apr 2022 13:21:08|20|shiji@forstarfoods.com|DailyCatchEntry_New.php
16 Apr 2022 13:21:08|20|shiji@forstarfoods.com|DailyCatchEntry_New.php
16 Apr 2022 13:21:08|20|shiji@forstarfoods.com|DailyCatchEntry_New.php
16 Apr 2022 13:21:09|20|shiji@forstarfoods.com|DailyCatchEntry_New.php
16 Apr 2022 13:21:09|20|shiji@forstarfoods.com|DailyCatchEntry_New.php
16 Apr 2022 13:21:09|20|shiji@forstarfoods.com|DailyCatchEntry_New.php
16 Apr 2022 13:21:10|20|shiji@forstarfoods.com|DailyCatchEntry_New.php
16 Apr 2022 13:21:10|20|shiji@forstarfoods.com|DailyCatchEntry_New.php
16 Apr 2022 13:21:10|20|shiji@forstarfoods.com|DailyCatchEntry_New.php
16 Apr 2022 13:21:10|20|shiji@forstarfoods.com|DailyCatchEntry_New.php
16 Apr 2022 13:21:11|20|shiji@forstarfoods.com|DailyCatchEntry_New.php
16 Apr 2022 13:21:11|20|shiji@forstarfoods.com|DailyCatchEntry_New.php
16 Apr 2022 13:21:11|20|shiji@forstarfoods.com|DailyCatchEntry_New.php
16 Apr 2022 13:21:12|20|shiji@forstarfoods.com|DailyCatchEntry_New.php
16 Apr 2022 13:21:12|20|shiji@forstarfoods.com|DailyCatchEntry_New.php
16 Apr 2022 13:21:12|20|shiji@forstarfoods.com|DailyCatchEntry_New.php
16 Apr 2022 13:21:12|20|shiji@forstarfoods.com|DailyCatchEntry_New.php
16 Apr 2022 13:21:13|20|shiji@forstarfoods.com|DailyCatchEntry_New.php
16 Apr 2022 13:21:17|24|shashikala@forstarfoods.com|DailyRMCB.php
16 Apr 2022 13:21:20|24|shashikala@forstarfoods.com|DailyRMCB.php
16 Apr 2022 13:22:19|24|shashikala@forstarfoods.com|DailyRMCB.php
16 Apr 2022 13:22:23|24|shashikala@forstarfoods.com|DailyRMCB.php
16 Apr 2022 13:22:28|24|shashikala@forstarfoods.com|Home.php
16 Apr 2022 13:22:33|20|shiji@forstarfoods.com|DailyCatchEntry_New.php
16 Apr 2022 13:22:34|20|shiji@forstarfoods.com|DailyCatchEntry_New.php
16 Apr 2022 13:22:35|20|shiji@forstarfoods.com|CatchEntryDeclaredItem.php
16 Apr 2022 13:22:50|20|shiji@forstarfoods.com|DailyCatchEntry_New.php
16 Apr 2022 13:22:51|20|shiji@forstarfoods.com|DailyCatchEntry_New.php
16 Apr 2022 13:22:53|20|shiji@forstarfoods.com|DailyCatchEntry_New.php
16 Apr 2022 13:22:54|20|shiji@forstarfoods.com|DailyCatchEntry_New.php
16 Apr 2022 13:22:54|20|shiji@forstarfoods.com|DailyCatchEntry_New.php
16 Apr 2022 13:22:54|20|shiji@forstarfoods.com|DailyCatchEntry_New.php
16 Apr 2022 13:22:54|20|shiji@forstarfoods.com|DailyCatchEntry_New.php
16 Apr 2022 13:22:55|20|shiji@forstarfoods.com|DailyCatchEntry_New.php
16 Apr 2022 13:23:29|20|shiji@forstarfoods.com|DailyCatchEntry_New.php
16 Apr 2022 13:23:29|20|shiji@forstarfoods.com|DailyCatchEntry_New.php
16 Apr 2022 13:23:30|20|shiji@forstarfoods.com|DailyCatchEntry_New.php
16 Apr 2022 13:23:31|20|shiji@forstarfoods.com|DailyCatchEntry_New.php
16 Apr 2022 13:23:32|20|shiji@forstarfoods.com|CatchEntryDeclaredItem.php
16 Apr 2022 13:23:35|20|shiji@forstarfoods.com|DailyCatchEntry_New.php
16 Apr 2022 13:23:36|20|shiji@forstarfoods.com|DailyCatchEntry_New.php
16 Apr 2022 13:23:50|20|shiji@forstarfoods.com|DailyCatchEntry_New.php
16 Apr 2022 13:23:50|20|shiji@forstarfoods.com|DailyCatchEntry_New.php
16 Apr 2022 13:23:51|20|shiji@forstarfoods.com|DailyCatchEntry_New.php
16 Apr 2022 13:23:51|20|shiji@forstarfoods.com|DailyCatchEntry_New.php
16 Apr 2022 13:23:51|20|shiji@forstarfoods.com|DailyCatchEntry_New.php
16 Apr 2022 13:23:52|20|shiji@forstarfoods.com|DailyCatchEntry_New.php
16 Apr 2022 13:23:52|20|shiji@forstarfoods.com|DailyCatchEntry_New.php
16 Apr 2022 13:23:52|20|shiji@forstarfoods.com|DailyCatchEntry_New.php
16 Apr 2022 13:23:52|20|shiji@forstarfoods.com|DailyCatchEntry_New.php
16 Apr 2022 13:23:53|20|shiji@forstarfoods.com|DailyCatchEntry_New.php
16 Apr 2022 13:23:53|20|shiji@forstarfoods.com|DailyCatchEntry_New.php
16 Apr 2022 13:23:53|20|shiji@forstarfoods.com|DailyCatchEntry_New.php
16 Apr 2022 13:23:54|20|shiji@forstarfoods.com|DailyCatchEntry_New.php
16 Apr 2022 13:23:54|20|shiji@forstarfoods.com|DailyCatchEntry_New.php
16 Apr 2022 13:23:55|20|shiji@forstarfoods.com|DailyCatchEntry_New.php
16 Apr 2022 13:23:55|20|shiji@forstarfoods.com|DailyCatchEntry_New.php
16 Apr 2022 13:23:59|20|shiji@forstarfoods.com|DailyCatchEntry_New.php
16 Apr 2022 13:24:00|20|shiji@forstarfoods.com|DailyCatchEntry_New.php
16 Apr 2022 13:24:34|20|shiji@forstarfoods.com|DailyCatchEntry_New.php
16 Apr 2022 13:26:24|20|shiji@forstarfoods.com|DailyCatchEntry_New.php
16 Apr 2022 13:26:25|20|shiji@forstarfoods.com|DailyCatchEntry_New.php
16 Apr 2022 13:26:26|20|shiji@forstarfoods.com|CatchEntryDeclaredItem.php
16 Apr 2022 13:26:29|20|shiji@forstarfoods.com|DailyCatchEntry_New.php
16 Apr 2022 13:26:30|20|shiji@forstarfoods.com|DailyCatchEntry_New.php
16 Apr 2022 13:26:32|20|shiji@forstarfoods.com|DailyCatchEntry_New.php
16 Apr 2022 13:26:32|20|shiji@forstarfoods.com|DailyCatchEntry_New.php
16 Apr 2022 13:26:33|20|shiji@forstarfoods.com|DailyCatchEntry_New.php
16 Apr 2022 13:26:33|20|shiji@forstarfoods.com|DailyCatchEntry_New.php
16 Apr 2022 13:26:33|20|shiji@forstarfoods.com|DailyCatchEntry_New.php
16 Apr 2022 13:26:34|20|shiji@forstarfoods.com|DailyCatchEntry_New.php
16 Apr 2022 13:26:34|20|shiji@forstarfoods.com|DailyCatchEntry_New.php
16 Apr 2022 13:26:34|20|shiji@forstarfoods.com|DailyCatchEntry_New.php
16 Apr 2022 13:26:35|20|shiji@forstarfoods.com|DailyCatchEntry_New.php
16 Apr 2022 13:26:35|20|shiji@forstarfoods.com|DailyCatchEntry_New.php
16 Apr 2022 13:26:35|20|shiji@forstarfoods.com|DailyCatchEntry_New.php
16 Apr 2022 13:26:35|20|shiji@forstarfoods.com|DailyCatchEntry_New.php
16 Apr 2022 13:26:36|20|shiji@forstarfoods.com|DailyCatchEntry_New.php
16 Apr 2022 13:26:36|20|shiji@forstarfoods.com|DailyCatchEntry_New.php
16 Apr 2022 13:26:45|20|shiji@forstarfoods.com|DailyCatchEntry_New.php
16 Apr 2022 13:26:46|20|shiji@forstarfoods.com|DailyCatchEntry_New.php
16 Apr 2022 13:26:47|20|shiji@forstarfoods.com|CatchEntryDeclaredItem.php
16 Apr 2022 13:29:36|20|shiji@forstarfoods.com|DailyCatchEntry_New.php
16 Apr 2022 13:34:36|20|shiji@forstarfoods.com|DailyCatchEntry_New.php
16 Apr 2022 13:39:38|20|shiji@forstarfoods.com|DailyCatchEntry_New.php
16 Apr 2022 13:44:40|20|shiji@forstarfoods.com|DailyCatchEntry_New.php
16 Apr 2022 13:49:41|20|shiji@forstarfoods.com|DailyCatchEntry_New.php
16 Apr 2022 13:52:19|20|shiji@forstarfoods.com|DailyCatchEntry_New.php
16 Apr 2022 13:52:19|20|shiji@forstarfoods.com|DailyCatchEntry_New.php
16 Apr 2022 13:52:20|20|shiji@forstarfoods.com|DailyCatchEntry_New.php
16 Apr 2022 13:52:25|20|shiji@forstarfoods.com|DailyCatchEntry_New.php
16 Apr 2022 13:52:29|20|shiji@forstarfoods.com|DailyCatchEntry_New.php
16 Apr 2022 13:52:30|20|shiji@forstarfoods.com|CatchEntryDeclaredItem.php
16 Apr 2022 13:52:43|20|shiji@forstarfoods.com|DailyCatchEntry_New.php
16 Apr 2022 13:52:48|20|shiji@forstarfoods.com|DailyCatchEntry_New.php
16 Apr 2022 13:53:00|20|shiji@forstarfoods.com|DailyCatchEntry_New.php
16 Apr 2022 13:53:02|20|shiji@forstarfoods.com|DailyCatchEntry_New.php
16 Apr 2022 13:53:04|20|shiji@forstarfoods.com|DailyCatchEntry_New.php
16 Apr 2022 13:53:05|20|shiji@forstarfoods.com|DailyCatchEntry_New.php
16 Apr 2022 13:53:05|20|shiji@forstarfoods.com|DailyCatchEntry_New.php
16 Apr 2022 13:53:05|20|shiji@forstarfoods.com|DailyCatchEntry_New.php
16 Apr 2022 13:53:05|20|shiji@forstarfoods.com|DailyCatchEntry_New.php
16 Apr 2022 13:53:06|20|shiji@forstarfoods.com|DailyCatchEntry_New.php
16 Apr 2022 13:53:06|20|shiji@forstarfoods.com|DailyCatchEntry_New.php
16 Apr 2022 13:53:07|20|shiji@forstarfoods.com|DailyCatchEntry_New.php
16 Apr 2022 13:53:07|20|shiji@forstarfoods.com|DailyCatchEntry_New.php
16 Apr 2022 13:53:07|20|shiji@forstarfoods.com|DailyCatchEntry_New.php
16 Apr 2022 13:53:07|20|shiji@forstarfoods.com|DailyCatchEntry_New.php
16 Apr 2022 13:53:08|20|shiji@forstarfoods.com|DailyCatchEntry_New.php
16 Apr 2022 13:53:08|20|shiji@forstarfoods.com|DailyCatchEntry_New.php
16 Apr 2022 13:53:08|20|shiji@forstarfoods.com|DailyCatchEntry_New.php
16 Apr 2022 13:53:09|20|shiji@forstarfoods.com|DailyCatchEntry_New.php
16 Apr 2022 13:53:09|20|shiji@forstarfoods.com|DailyCatchEntry_New.php
16 Apr 2022 13:53:09|20|shiji@forstarfoods.com|DailyCatchEntry_New.php
16 Apr 2022 13:53:10|20|shiji@forstarfoods.com|DailyCatchEntry_New.php
16 Apr 2022 13:54:42|20|shiji@forstarfoods.com|DailyCatchEntry_New.php
16 Apr 2022 13:56:48|20|shiji@forstarfoods.com|DailyCatchEntry_New.php
16 Apr 2022 13:56:49|20|shiji@forstarfoods.com|DailyCatchEntry_New.php
16 Apr 2022 13:56:50|20|shiji@forstarfoods.com|CatchEntryDeclaredItem.php
16 Apr 2022 13:56:54|20|shiji@forstarfoods.com|DailyCatchEntry_New.php
16 Apr 2022 13:56:57|20|shiji@forstarfoods.com|DailyCatchEntry_New.php
16 Apr 2022 13:56:59|20|shiji@forstarfoods.com|DailyCatchEntry_New.php
16 Apr 2022 13:56:59|20|shiji@forstarfoods.com|DailyCatchEntry_New.php
16 Apr 2022 13:56:59|20|shiji@forstarfoods.com|DailyCatchEntry_New.php
16 Apr 2022 13:56:59|20|shiji@forstarfoods.com|DailyCatchEntry_New.php
16 Apr 2022 13:57:00|20|shiji@forstarfoods.com|DailyCatchEntry_New.php
16 Apr 2022 13:57:00|20|shiji@forstarfoods.com|DailyCatchEntry_New.php
16 Apr 2022 13:57:00|20|shiji@forstarfoods.com|DailyCatchEntry_New.php
16 Apr 2022 13:57:01|20|shiji@forstarfoods.com|DailyCatchEntry_New.php
16 Apr 2022 13:57:01|20|shiji@forstarfoods.com|DailyCatchEntry_New.php
16 Apr 2022 13:57:01|20|shiji@forstarfoods.com|DailyCatchEntry_New.php
16 Apr 2022 13:57:02|20|shiji@forstarfoods.com|DailyCatchEntry_New.php
16 Apr 2022 13:57:02|20|shiji@forstarfoods.com|DailyCatchEntry_New.php
16 Apr 2022 13:57:02|20|shiji@forstarfoods.com|DailyCatchEntry_New.php
16 Apr 2022 13:57:02|20|shiji@forstarfoods.com|DailyCatchEntry_New.php
16 Apr 2022 13:57:03|20|shiji@forstarfoods.com|DailyCatchEntry_New.php
16 Apr 2022 13:57:03|20|shiji@forstarfoods.com|DailyCatchEntry_New.php
16 Apr 2022 13:57:03|20|shiji@forstarfoods.com|DailyCatchEntry_New.php
16 Apr 2022 13:57:04|20|shiji@forstarfoods.com|DailyCatchEntry_New.php
16 Apr 2022 13:57:06|20|shiji@forstarfoods.com|DailyCatchEntry_New.php
16 Apr 2022 13:57:06|20|shiji@forstarfoods.com|DailyCatchEntry_New.php
16 Apr 2022 13:59:42|20|shiji@forstarfoods.com|DailyCatchEntry_New.php
16 Apr 2022 14:00:20|20|shiji@forstarfoods.com|DailyCatchEntry_New.php
16 Apr 2022 14:00:21|20|shiji@forstarfoods.com|DailyCatchEntry_New.php
16 Apr 2022 14:00:22|20|shiji@forstarfoods.com|CatchEntryDeclaredItem.php
16 Apr 2022 14:00:40|20|shiji@forstarfoods.com|DailyCatchEntry_New.php
16 Apr 2022 14:00:42|20|shiji@forstarfoods.com|DailyCatchEntry_New.php
16 Apr 2022 14:00:44|20|shiji@forstarfoods.com|DailyCatchEntry_New.php
16 Apr 2022 14:00:44|20|shiji@forstarfoods.com|DailyCatchEntry_New.php
16 Apr 2022 14:00:45|20|shiji@forstarfoods.com|DailyCatchEntry_New.php
16 Apr 2022 14:00:45|20|shiji@forstarfoods.com|DailyCatchEntry_New.php
16 Apr 2022 14:00:45|20|shiji@forstarfoods.com|DailyCatchEntry_New.php
16 Apr 2022 14:00:46|20|shiji@forstarfoods.com|DailyCatchEntry_New.php
16 Apr 2022 14:00:47|20|shiji@forstarfoods.com|DailyCatchEntry_New.php
16 Apr 2022 14:00:48|20|shiji@forstarfoods.com|DailyCatchEntry_New.php
16 Apr 2022 14:00:50|20|shiji@forstarfoods.com|DailyCatchEntry_New.php
16 Apr 2022 14:00:51|20|shiji@forstarfoods.com|DailyCatchEntry_New.php
16 Apr 2022 14:00:52|20|shiji@forstarfoods.com|CatchEntryDeclaredItem.php
16 Apr 2022 14:04:42|20|shiji@forstarfoods.com|DailyCatchEntry_New.php
16 Apr 2022 14:09:43|20|shiji@forstarfoods.com|DailyCatchEntry_New.php
16 Apr 2022 14:14:43|20|shiji@forstarfoods.com|DailyCatchEntry_New.php
16 Apr 2022 14:17:06|20|shiji@forstarfoods.com|DailyCatchEntry_New.php
16 Apr 2022 14:17:07|20|shiji@forstarfoods.com|DailyCatchEntry_New.php
16 Apr 2022 14:17:07|20|shiji@forstarfoods.com|DailyCatchEntry_New.php
16 Apr 2022 14:19:44|20|shiji@forstarfoods.com|DailyCatchEntry_New.php
16 Apr 2022 14:22:10|20|shiji@forstarfoods.com|DailyCatchEntry_New.php
16 Apr 2022 14:22:14|20|shiji@forstarfoods.com|DailyCatchEntry_New.php
16 Apr 2022 14:22:14|20|shiji@forstarfoods.com|CatchEntryDeclaredItem.php
16 Apr 2022 14:22:24|20|shiji@forstarfoods.com|DailyCatchEntry_New.php
16 Apr 2022 14:22:32|20|shiji@forstarfoods.com|DailyCatchEntry_New.php
16 Apr 2022 14:22:34|20|shiji@forstarfoods.com|DailyCatchEntry_New.php
16 Apr 2022 14:22:35|20|shiji@forstarfoods.com|DailyCatchEntry_New.php
16 Apr 2022 14:22:40|20|shiji@forstarfoods.com|DailyCatchEntry_New.php
16 Apr 2022 14:22:40|20|shiji@forstarfoods.com|DailyCatchEntry_New.php
16 Apr 2022 14:22:40|20|shiji@forstarfoods.com|DailyCatchEntry_New.php
16 Apr 2022 14:22:41|20|shiji@forstarfoods.com|DailyCatchEntry_New.php
16 Apr 2022 14:22:41|20|shiji@forstarfoods.com|DailyCatchEntry_New.php
16 Apr 2022 14:22:41|20|shiji@forstarfoods.com|DailyCatchEntry_New.php
16 Apr 2022 14:22:41|20|shiji@forstarfoods.com|DailyCatchEntry_New.php
16 Apr 2022 14:22:42|20|shiji@forstarfoods.com|DailyCatchEntry_New.php
16 Apr 2022 14:22:42|20|shiji@forstarfoods.com|DailyCatchEntry_New.php
16 Apr 2022 14:22:42|20|shiji@forstarfoods.com|DailyCatchEntry_New.php
16 Apr 2022 14:22:43|20|shiji@forstarfoods.com|DailyCatchEntry_New.php
16 Apr 2022 14:22:43|20|shiji@forstarfoods.com|DailyCatchEntry_New.php
16 Apr 2022 14:22:43|20|shiji@forstarfoods.com|DailyCatchEntry_New.php
16 Apr 2022 14:22:44|20|shiji@forstarfoods.com|DailyCatchEntry_New.php
16 Apr 2022 14:22:44|20|shiji@forstarfoods.com|DailyCatchEntry_New.php
16 Apr 2022 14:22:44|20|shiji@forstarfoods.com|DailyCatchEntry_New.php
16 Apr 2022 14:22:44|20|shiji@forstarfoods.com|DailyCatchEntry_New.php
16 Apr 2022 14:22:45|20|shiji@forstarfoods.com|DailyCatchEntry_New.php
16 Apr 2022 14:22:45|20|shiji@forstarfoods.com|DailyCatchEntry_New.php
16 Apr 2022 14:22:45|20|shiji@forstarfoods.com|DailyCatchEntry_New.php
16 Apr 2022 14:22:46|20|shiji@forstarfoods.com|DailyCatchEntry_New.php
16 Apr 2022 14:22:46|20|shiji@forstarfoods.com|DailyCatchEntry_New.php
16 Apr 2022 14:22:46|20|shiji@forstarfoods.com|DailyCatchEntry_New.php
16 Apr 2022 14:22:46|20|shiji@forstarfoods.com|DailyCatchEntry_New.php
16 Apr 2022 14:24:44|20|shiji@forstarfoods.com|DailyCatchEntry_New.php
16 Apr 2022 14:26:51|20|shiji@forstarfoods.com|DailyCatchEntry_New.php
16 Apr 2022 14:26:52|20|shiji@forstarfoods.com|DailyCatchEntry_New.php
16 Apr 2022 14:26:53|20|shiji@forstarfoods.com|CatchEntryDeclaredItem.php
16 Apr 2022 14:26:56|20|shiji@forstarfoods.com|DailyCatchEntry_New.php
16 Apr 2022 14:26:58|20|shiji@forstarfoods.com|DailyCatchEntry_New.php
16 Apr 2022 14:27:02|20|shiji@forstarfoods.com|DailyCatchEntry_New.php
16 Apr 2022 14:27:02|20|shiji@forstarfoods.com|DailyCatchEntry_New.php
16 Apr 2022 14:27:03|20|shiji@forstarfoods.com|DailyCatchEntry_New.php
16 Apr 2022 14:27:03|20|shiji@forstarfoods.com|DailyCatchEntry_New.php
16 Apr 2022 14:27:03|20|shiji@forstarfoods.com|DailyCatchEntry_New.php
16 Apr 2022 14:27:04|20|shiji@forstarfoods.com|DailyCatchEntry_New.php
16 Apr 2022 14:27:05|20|shiji@forstarfoods.com|DailyCatchEntry_New.php
16 Apr 2022 14:27:05|20|shiji@forstarfoods.com|DailyCatchEntry_New.php
16 Apr 2022 14:27:19|20|shiji@forstarfoods.com|DailyCatchEntry_New.php
16 Apr 2022 14:27:20|20|shiji@forstarfoods.com|DailyCatchEntry_New.php
16 Apr 2022 14:27:21|20|shiji@forstarfoods.com|CatchEntryDeclaredItem.php
16 Apr 2022 14:27:37|20|shiji@forstarfoods.com|DailyCatchEntry_New.php
16 Apr 2022 14:27:41|20|shiji@forstarfoods.com|DailyCatchEntry_New.php
16 Apr 2022 14:27:44|20|shiji@forstarfoods.com|DailyCatchEntry_New.php
16 Apr 2022 14:27:44|20|shiji@forstarfoods.com|DailyCatchEntry_New.php
16 Apr 2022 14:27:44|20|shiji@forstarfoods.com|DailyCatchEntry_New.php
16 Apr 2022 14:27:45|20|shiji@forstarfoods.com|DailyCatchEntry_New.php
16 Apr 2022 14:27:45|20|shiji@forstarfoods.com|DailyCatchEntry_New.php
16 Apr 2022 14:27:45|20|shiji@forstarfoods.com|DailyCatchEntry_New.php
16 Apr 2022 14:27:50|20|shiji@forstarfoods.com|DailyCatchEntry_New.php
16 Apr 2022 14:27:50|20|shiji@forstarfoods.com|DailyCatchEntry_New.php
16 Apr 2022 14:27:51|20|shiji@forstarfoods.com|DailyCatchEntry_New.php
16 Apr 2022 14:27:52|20|shiji@forstarfoods.com|DailyCatchEntry_New.php
16 Apr 2022 14:27:53|20|shiji@forstarfoods.com|CatchEntryDeclaredItem.php
16 Apr 2022 14:27:56|20|shiji@forstarfoods.com|DailyCatchEntry_New.php
16 Apr 2022 14:27:57|20|shiji@forstarfoods.com|DailyCatchEntry_New.php
16 Apr 2022 14:28:09|20|shiji@forstarfoods.com|DailyCatchEntry_New.php
16 Apr 2022 14:28:10|20|shiji@forstarfoods.com|DailyCatchEntry_New.php
16 Apr 2022 14:28:10|20|shiji@forstarfoods.com|DailyCatchEntry_New.php
16 Apr 2022 14:28:10|20|shiji@forstarfoods.com|DailyCatchEntry_New.php
16 Apr 2022 14:28:11|20|shiji@forstarfoods.com|DailyCatchEntry_New.php
16 Apr 2022 14:28:11|20|shiji@forstarfoods.com|DailyCatchEntry_New.php
16 Apr 2022 14:28:11|20|shiji@forstarfoods.com|DailyCatchEntry_New.php
16 Apr 2022 14:28:12|20|shiji@forstarfoods.com|DailyCatchEntry_New.php
16 Apr 2022 14:28:12|20|shiji@forstarfoods.com|DailyCatchEntry_New.php
16 Apr 2022 14:28:12|20|shiji@forstarfoods.com|DailyCatchEntry_New.php
16 Apr 2022 14:28:12|20|shiji@forstarfoods.com|DailyCatchEntry_New.php
16 Apr 2022 14:28:13|20|shiji@forstarfoods.com|DailyCatchEntry_New.php
16 Apr 2022 14:28:13|20|shiji@forstarfoods.com|DailyCatchEntry_New.php
16 Apr 2022 14:28:13|20|shiji@forstarfoods.com|DailyCatchEntry_New.php
16 Apr 2022 14:28:14|20|shiji@forstarfoods.com|DailyCatchEntry_New.php
16 Apr 2022 14:28:14|20|shiji@forstarfoods.com|DailyCatchEntry_New.php
16 Apr 2022 14:28:14|20|shiji@forstarfoods.com|DailyCatchEntry_New.php
16 Apr 2022 14:28:14|20|shiji@forstarfoods.com|DailyCatchEntry_New.php
16 Apr 2022 14:28:15|20|shiji@forstarfoods.com|DailyCatchEntry_New.php
16 Apr 2022 14:28:15|20|shiji@forstarfoods.com|DailyCatchEntry_New.php
16 Apr 2022 14:28:15|20|shiji@forstarfoods.com|DailyCatchEntry_New.php
16 Apr 2022 14:28:16|20|shiji@forstarfoods.com|DailyCatchEntry_New.php
16 Apr 2022 14:28:16|20|shiji@forstarfoods.com|DailyCatchEntry_New.php
16 Apr 2022 14:28:16|20|shiji@forstarfoods.com|DailyCatchEntry_New.php
16 Apr 2022 14:29:44|20|shiji@forstarfoods.com|DailyCatchEntry_New.php
16 Apr 2022 14:29:53|20|shiji@forstarfoods.com|DailyCatchEntry_New.php
16 Apr 2022 14:29:55|20|shiji@forstarfoods.com|DailyCatchEntry_New.php
16 Apr 2022 14:29:56|20|shiji@forstarfoods.com|CatchEntryDeclaredItem.php
16 Apr 2022 14:30:39|20|shiji@forstarfoods.com|DailyCatchEntry_New.php
16 Apr 2022 14:30:40|20|shiji@forstarfoods.com|DailyCatchEntry_New.php
16 Apr 2022 14:30:42|20|shiji@forstarfoods.com|DailyCatchEntry_New.php
16 Apr 2022 14:30:42|20|shiji@forstarfoods.com|DailyCatchEntry_New.php
16 Apr 2022 14:30:43|20|shiji@forstarfoods.com|DailyCatchEntry_New.php
16 Apr 2022 14:30:43|20|shiji@forstarfoods.com|DailyCatchEntry_New.php
16 Apr 2022 14:30:44|20|shiji@forstarfoods.com|DailyCatchEntry_New.php
16 Apr 2022 14:30:44|20|shiji@forstarfoods.com|DailyCatchEntry_New.php
16 Apr 2022 14:30:55|20|shiji@forstarfoods.com|DailyCatchEntry_New.php
16 Apr 2022 14:30:55|20|shiji@forstarfoods.com|DailyCatchEntry_New.php
16 Apr 2022 14:30:55|20|shiji@forstarfoods.com|DailyCatchEntry_New.php
16 Apr 2022 14:30:57|20|shiji@forstarfoods.com|DailyCatchEntry_New.php
16 Apr 2022 14:30:58|20|shiji@forstarfoods.com|CatchEntryDeclaredItem.php
16 Apr 2022 14:31:00|20|shiji@forstarfoods.com|DailyCatchEntry_New.php
16 Apr 2022 14:31:01|20|shiji@forstarfoods.com|DailyCatchEntry_New.php
16 Apr 2022 14:31:04|20|shiji@forstarfoods.com|DailyCatchEntry_New.php
16 Apr 2022 14:31:05|20|shiji@forstarfoods.com|DailyCatchEntry_New.php
16 Apr 2022 14:31:05|20|shiji@forstarfoods.com|DailyCatchEntry_New.php
16 Apr 2022 14:31:05|20|shiji@forstarfoods.com|DailyCatchEntry_New.php
16 Apr 2022 14:31:05|20|shiji@forstarfoods.com|DailyCatchEntry_New.php
16 Apr 2022 14:31:06|20|shiji@forstarfoods.com|DailyCatchEntry_New.php
16 Apr 2022 14:31:06|20|shiji@forstarfoods.com|DailyCatchEntry_New.php
16 Apr 2022 14:31:06|20|shiji@forstarfoods.com|DailyCatchEntry_New.php
16 Apr 2022 14:31:07|20|shiji@forstarfoods.com|DailyCatchEntry_New.php
16 Apr 2022 14:31:07|20|shiji@forstarfoods.com|DailyCatchEntry_New.php
16 Apr 2022 14:31:07|20|shiji@forstarfoods.com|DailyCatchEntry_New.php
16 Apr 2022 14:31:08|20|shiji@forstarfoods.com|DailyCatchEntry_New.php
16 Apr 2022 14:31:08|20|shiji@forstarfoods.com|DailyCatchEntry_New.php
16 Apr 2022 14:31:08|20|shiji@forstarfoods.com|DailyCatchEntry_New.php
16 Apr 2022 14:31:08|20|shiji@forstarfoods.com|DailyCatchEntry_New.php
16 Apr 2022 14:31:09|20|shiji@forstarfoods.com|DailyCatchEntry_New.php
16 Apr 2022 14:31:10|20|shiji@forstarfoods.com|DailyCatchEntry_New.php
16 Apr 2022 14:31:11|20|shiji@forstarfoods.com|DailyCatchEntry_New.php
16 Apr 2022 14:31:11|20|shiji@forstarfoods.com|DailyCatchEntry_New.php
16 Apr 2022 14:31:11|20|shiji@forstarfoods.com|DailyCatchEntry_New.php
16 Apr 2022 14:31:11|20|shiji@forstarfoods.com|DailyCatchEntry_New.php
16 Apr 2022 14:31:12|20|shiji@forstarfoods.com|DailyCatchEntry_New.php
16 Apr 2022 14:31:13|20|shiji@forstarfoods.com|DailyCatchEntry_New.php
16 Apr 2022 14:31:13|20|shiji@forstarfoods.com|DailyCatchEntry_New.php
16 Apr 2022 14:32:23|20|shiji@forstarfoods.com|DailyCatchEntry_New.php
16 Apr 2022 14:32:24|20|shiji@forstarfoods.com|DailyCatchEntry_New.php
16 Apr 2022 14:32:25|20|shiji@forstarfoods.com|CatchEntryDeclaredItem.php
16 Apr 2022 14:32:27|20|shiji@forstarfoods.com|DailyCatchEntry_New.php
16 Apr 2022 14:32:29|20|shiji@forstarfoods.com|DailyCatchEntry_New.php
16 Apr 2022 14:32:31|20|shiji@forstarfoods.com|DailyCatchEntry_New.php
16 Apr 2022 14:32:31|20|shiji@forstarfoods.com|DailyCatchEntry_New.php
16 Apr 2022 14:32:32|20|shiji@forstarfoods.com|DailyCatchEntry_New.php
16 Apr 2022 14:32:32|20|shiji@forstarfoods.com|DailyCatchEntry_New.php
16 Apr 2022 14:32:32|20|shiji@forstarfoods.com|DailyCatchEntry_New.php
16 Apr 2022 14:32:33|20|shiji@forstarfoods.com|DailyCatchEntry_New.php
16 Apr 2022 14:32:33|20|shiji@forstarfoods.com|DailyCatchEntry_New.php
16 Apr 2022 14:32:33|20|shiji@forstarfoods.com|DailyCatchEntry_New.php
16 Apr 2022 14:32:34|20|shiji@forstarfoods.com|DailyCatchEntry_New.php
16 Apr 2022 14:32:34|20|shiji@forstarfoods.com|DailyCatchEntry_New.php
16 Apr 2022 14:32:34|20|shiji@forstarfoods.com|DailyCatchEntry_New.php
16 Apr 2022 14:32:34|20|shiji@forstarfoods.com|DailyCatchEntry_New.php
16 Apr 2022 14:32:35|20|shiji@forstarfoods.com|DailyCatchEntry_New.php
16 Apr 2022 14:32:35|20|shiji@forstarfoods.com|DailyCatchEntry_New.php
16 Apr 2022 14:32:36|20|shiji@forstarfoods.com|DailyCatchEntry_New.php
16 Apr 2022 14:32:36|20|shiji@forstarfoods.com|DailyCatchEntry_New.php
16 Apr 2022 14:34:11|20|shiji@forstarfoods.com|DailyCatchEntry_New.php
16 Apr 2022 14:34:12|20|shiji@forstarfoods.com|DailyCatchEntry_New.php
16 Apr 2022 14:34:13|20|shiji@forstarfoods.com|CatchEntryDeclaredItem.php
16 Apr 2022 14:34:35|20|shiji@forstarfoods.com|DailyCatchEntry_New.php
16 Apr 2022 14:34:35|20|shiji@forstarfoods.com|DailyCatchEntry_New.php
16 Apr 2022 14:34:35|20|shiji@forstarfoods.com|DailyCatchEntry_New.php
16 Apr 2022 14:34:45|20|shiji@forstarfoods.com|DailyCatchEntry_New.php
16 Apr 2022 14:34:48|20|shiji@forstarfoods.com|DailyCatchEntry_New.php
16 Apr 2022 14:34:55|20|shiji@forstarfoods.com|DailyCatchEntry_New.php
16 Apr 2022 14:34:55|20|shiji@forstarfoods.com|CatchEntryDeclaredItem.php
16 Apr 2022 14:34:58|20|shiji@forstarfoods.com|DailyCatchEntry_New.php
16 Apr 2022 14:34:59|20|shiji@forstarfoods.com|CatchEntryDeclaredItem.php
16 Apr 2022 14:35:11|20|shiji@forstarfoods.com|DailyCatchEntry_New.php
16 Apr 2022 14:35:20|20|shiji@forstarfoods.com|DailyCatchEntry_New.php
16 Apr 2022 14:35:21|20|shiji@forstarfoods.com|DailyCatchEntry_New.php
16 Apr 2022 14:35:21|20|shiji@forstarfoods.com|DailyCatchEntry_New.php
16 Apr 2022 14:35:25|20|shiji@forstarfoods.com|DailyCatchEntry_New.php
16 Apr 2022 14:37:24|20|shiji@forstarfoods.com|DailyCatchEntry_New.php