
30 Jun 2022 15:51:18|1|admin@forstarfoods.com|ManageRMLOTID.php
30 Jun 2022 15:51:22|1|admin@forstarfoods.com|ManageRMLOTID.php
30 Jun 2022 15:53:44|1|admin@forstarfoods.com|DailyCatchReport.php
30 Jun 2022 15:53:45|1|admin@forstarfoods.com|DailyCatchReport.php
30 Jun 2022 15:53:46|1|admin@forstarfoods.com|DailyCatchReport.php
30 Jun 2022 15:55:09|1|admin@forstarfoods.com|RMProcurmentGatePass.php
30 Jun 2022 15:55:52|1|admin@forstarfoods.com|ManageRMLOTID.php
30 Jun 2022 15:57:00|1|admin@forstarfoods.com|ManageRMLOTID.php
30 Jun 2022 15:57:00|1|admin@forstarfoods.com|ManageRMLOTID.php
30 Jun 2022 15:58:17|1|admin@forstarfoods.com|ManageChallan.php
30 Jun 2022 15:58:32|1|admin@forstarfoods.com|ManageChallan.php
30 Jun 2022 16:00:58|1|admin@forstarfoods.com|ManageRMLOTID.php
30 Jun 2022 16:01:06|1|admin@forstarfoods.com|ManageRMLOTID.php
30 Jun 2022 16:01:06|1|admin@forstarfoods.com|ManageRMLOTID.php
30 Jun 2022 16:02:15|1|admin@forstarfoods.com|ManageRMLOTID.php
30 Jun 2022 16:02:18|1|admin@forstarfoods.com|ManageRMLOTID.php
30 Jun 2022 16:02:18|1|admin@forstarfoods.com|ManageRMLOTID.php
30 Jun 2022 16:02:29|1|admin@forstarfoods.com|ManageRMLOTID.php
30 Jun 2022 16:03:02|1|admin@forstarfoods.com|RMReceiptGatePass.php
30 Jun 2022 16:03:09|1|admin@forstarfoods.com|ManageRMLOTID.php
30 Jun 2022 16:03:19|1|admin@forstarfoods.com|ManageRMLOTID.php
30 Jun 2022 16:03:19|1|admin@forstarfoods.com|ManageRMLOTID.php
30 Jun 2022 16:03:23|1|admin@forstarfoods.com|RMReceiptGatePass.php
30 Jun 2022 16:03:35|1|admin@forstarfoods.com|RMReceiptGatePass.php
30 Jun 2022 16:03:50|1|admin@forstarfoods.com|RMReceiptGatePass.php
30 Jun 2022 16:03:52|1|admin@forstarfoods.com|RMReceiptGatePass.php
30 Jun 2022 16:03:57|1|admin@forstarfoods.com|ManageRMLOTID.php
30 Jun 2022 16:04:03|1|admin@forstarfoods.com|ManageRMLOTID.php
30 Jun 2022 16:04:03|1|admin@forstarfoods.com|ManageRMLOTID.php
30 Jun 2022 16:05:03|1|admin@forstarfoods.com|ManageRMLOTID.php
30 Jun 2022 16:05:10|1|admin@forstarfoods.com|ManageRMLOTID.php
30 Jun 2022 16:05:10|1|admin@forstarfoods.com|ManageRMLOTID.php
30 Jun 2022 16:05:51|1|admin@forstarfoods.com|ManageRMLOTID.php
30 Jun 2022 16:05:55|1|admin@forstarfoods.com|ManageRMLOTID.php
30 Jun 2022 16:05:55|1|admin@forstarfoods.com|ManageRMLOTID.php
30 Jun 2022 16:06:06|1|admin@forstarfoods.com|DailyRates.php
30 Jun 2022 16:06:09|1|admin@forstarfoods.com|DailyRates.php
30 Jun 2022 16:07:41|1|admin@forstarfoods.com|ManageRMLOTID.php
30 Jun 2022 16:07:44|1|admin@forstarfoods.com|ManageRMLOTID.php
30 Jun 2022 16:07:44|1|admin@forstarfoods.com|ManageRMLOTID.php
30 Jun 2022 16:08:02|1|admin@forstarfoods.com|ManageRMLOTID.php
30 Jun 2022 16:08:07|1|admin@forstarfoods.com|ManageRMLOTID.php
30 Jun 2022 16:08:07|1|admin@forstarfoods.com|ManageRMLOTID.php
30 Jun 2022 16:08:28|1|admin@forstarfoods.com|ManageRMLOTID.php
30 Jun 2022 16:08:32|1|admin@forstarfoods.com|ManageRMLOTID.php
30 Jun 2022 16:08:33|1|admin@forstarfoods.com|ManageRMLOTID.php
30 Jun 2022 16:08:56|1|admin@forstarfoods.com|ManageRMLOTID.php
30 Jun 2022 16:09:24|1|admin@forstarfoods.com|ManageRMLOTID.php
30 Jun 2022 16:14:03|1|admin@forstarfoods.com|ManageRMLOTID.php
30 Jun 2022 16:17:27|1|admin@forstarfoods.com|ManageRMLOTID.php
30 Jun 2022 16:22:15|1|admin@forstarfoods.com|ManageRMLOTID.php
30 Jun 2022 16:22:18|1|admin@forstarfoods.com|ManageRMLOTID.php
30 Jun 2022 16:22:18|1|admin@forstarfoods.com|ManageRMLOTID.php
30 Jun 2022 16:27:12|1|admin@forstarfoods.com|WeighmentDataSheet.php
30 Jun 2022 16:27:16|1|admin@forstarfoods.com|WeighmentDataSheet.php
30 Jun 2022 16:27:32|1|admin@forstarfoods.com|WeighmentDataSheet.php
30 Jun 2022 16:27:56|1|admin@forstarfoods.com|WeighmentDataSheet.php
30 Jun 2022 16:29:37|1|admin@forstarfoods.com|WeighmentDataSheet.php
30 Jun 2022 16:30:54|1|admin@forstarfoods.com|ManageRMLOTID.php
30 Jun 2022 16:30:56|1|admin@forstarfoods.com|ManageRMLOTID.php
30 Jun 2022 16:31:05|1|admin@forstarfoods.com|WeighmentDataSheet.php
30 Jun 2022 16:31:37|1|admin@forstarfoods.com|ManageRMLOTID.php
30 Jun 2022 16:31:49|1|admin@forstarfoods.com|ManageRMLOTID.php
30 Jun 2022 16:31:53|1|admin@forstarfoods.com|ManageRMLOTID.php
30 Jun 2022 16:32:05|1|admin@forstarfoods.com|RMProcurmentGatePass.php
30 Jun 2022 16:32:10|1|admin@forstarfoods.com|RMReceiptGatePass.php
30 Jun 2022 16:32:17|1|admin@forstarfoods.com|RMProcurmentGatePass.php
30 Jun 2022 16:32:24|1|admin@forstarfoods.com|ManageRMLOTID.php
30 Jun 2022 16:32:33|1|admin@forstarfoods.com|ManageRMLOTID.php
30 Jun 2022 16:33:51|1|admin@forstarfoods.com|ManageRMLOTID.php
30 Jun 2022 16:34:50|1|admin@forstarfoods.com|ManageRMLOTID.php
30 Jun 2022 16:36:48|1|admin@forstarfoods.com|RMReceiptGatePass.php
30 Jun 2022 16:36:55|1|admin@forstarfoods.com|RMReceiptGatePass.php
30 Jun 2022 16:37:10|1|admin@forstarfoods.com|RMReceiptGatePass.php
30 Jun 2022 16:37:13|1|admin@forstarfoods.com|RMReceiptGatePass.php
30 Jun 2022 16:37:16|1|admin@forstarfoods.com|RMReceiptGatePass.php
30 Jun 2022 16:38:01|1|admin@forstarfoods.com|RMReceiptGatePass.php
30 Jun 2022 16:38:17|1|admin@forstarfoods.com|RMReceiptGatePass.php
30 Jun 2022 16:38:19|1|admin@forstarfoods.com|RMReceiptGatePass.php
30 Jun 2022 16:38:25|1|admin@forstarfoods.com|ManageRMLOTID.php
30 Jun 2022 16:38:29|1|admin@forstarfoods.com|ManageRMLOTID.php
30 Jun 2022 16:38:30|1|admin@forstarfoods.com|ManageRMLOTID.php
30 Jun 2022 16:38:35|1|admin@forstarfoods.com|ManageRMLOTID.php
30 Jun 2022 16:38:37|1|admin@forstarfoods.com|ManageRMLOTID.php
30 Jun 2022 16:38:44|1|admin@forstarfoods.com|ManageRMLOTID.php
30 Jun 2022 16:39:01|1|admin@forstarfoods.com|RMReceiptGatePass.php
30 Jun 2022 16:39:17|1|admin@forstarfoods.com|RMProcurmentGatePass.php
30 Jun 2022 16:39:23|1|admin@forstarfoods.com|RMReceiptGatePass.php
30 Jun 2022 16:39:33|1|admin@forstarfoods.com|RMReceiptGatePass.php
30 Jun 2022 16:39:39|1|admin@forstarfoods.com|RMReceiptGatePass.php
30 Jun 2022 16:39:48|1|admin@forstarfoods.com|ManageRMLOTID.php
30 Jun 2022 16:48:17|1|admin@forstarfoods.com|WeighmentDataSheet.php
30 Jun 2022 16:48:26|1|admin@forstarfoods.com|WeighmentDataSheet.php
30 Jun 2022 16:48:59|1|admin@forstarfoods.com|WeighmentDataSheet.php
30 Jun 2022 16:49:34|1|admin@forstarfoods.com|ManageRMLOTID.php
30 Jun 2022 16:49:45|1|admin@forstarfoods.com|RMProcurmentGatePass.php
30 Jun 2022 16:49:50|1|admin@forstarfoods.com|RMReceiptGatePass.php
30 Jun 2022 16:50:07|1|admin@forstarfoods.com|RMReceiptGatePass.php
30 Jun 2022 16:50:12|1|admin@forstarfoods.com|RMReceiptGatePass.php
30 Jun 2022 16:50:13|1|admin@forstarfoods.com|RMReceiptGatePass.php
30 Jun 2022 16:50:13|1|admin@forstarfoods.com|RMReceiptGatePass.php
30 Jun 2022 16:50:14|1|admin@forstarfoods.com|RMReceiptGatePass.php
30 Jun 2022 16:50:14|1|admin@forstarfoods.com|RMReceiptGatePass.php
30 Jun 2022 16:52:38|1|admin@forstarfoods.com|RMReceiptGatePass.php
30 Jun 2022 16:52:53|1|admin@forstarfoods.com|RMReceiptGatePass.php
30 Jun 2022 16:52:56|1|admin@forstarfoods.com|RMReceiptGatePass.php
30 Jun 2022 16:53:06|1|admin@forstarfoods.com|ManageRMLOTID.php
30 Jun 2022 16:53:12|1|admin@forstarfoods.com|ManageRMLOTID.php
30 Jun 2022 16:53:12|1|admin@forstarfoods.com|ManageRMLOTID.php
30 Jun 2022 16:53:15|1|admin@forstarfoods.com|ManageRMLOTID.php
30 Jun 2022 16:53:17|1|admin@forstarfoods.com|ManageRMLOTID.php
30 Jun 2022 16:53:24|1|admin@forstarfoods.com|ManageRMLOTID.php
30 Jun 2022 16:53:28|1|admin@forstarfoods.com|ManageRMLOTID.php
30 Jun 2022 16:53:31|1|admin@forstarfoods.com|ManageRMLOTID.php
30 Jun 2022 16:53:42|1|admin@forstarfoods.com|WeighmentDataSheet.php
30 Jun 2022 16:54:15|1|admin@forstarfoods.com|ManageRMLOTID.php
30 Jun 2022 16:54:20|1|admin@forstarfoods.com|RMReceiptGatePass.php
30 Jun 2022 16:56:14|1|admin@forstarfoods.com|RMReceiptGatePass.php
30 Jun 2022 17:06:25|1|admin@forstarfoods.com|RMReceiptGatePass.php
30 Jun 2022 17:06:48|1|admin@forstarfoods.com|RMReceiptGatePass.php
30 Jun 2022 17:06:51|1|admin@forstarfoods.com|RMProcurmentGatePass.php
30 Jun 2022 17:06:54|1|admin@forstarfoods.com|RMReceiptGatePass.php
30 Jun 2022 17:06:58|1|admin@forstarfoods.com|ManageRMLOTID.php
30 Jun 2022 17:09:32|1|admin@forstarfoods.com|ManageRMLOTID.php
30 Jun 2022 17:09:42|1|admin@forstarfoods.com|RMProcurmentGatePass.php
30 Jun 2022 17:09:46|1|admin@forstarfoods.com|RMReceiptGatePass.php
30 Jun 2022 17:12:10|1|admin@forstarfoods.com|RMReceiptGatePass.php
30 Jun 2022 17:12:13|1|admin@forstarfoods.com|RMReceiptGatePass.php
30 Jun 2022 17:12:15|1|admin@forstarfoods.com|RMReceiptGatePass.php
30 Jun 2022 17:12:18|1|admin@forstarfoods.com|RMReceiptGatePass.php
30 Jun 2022 17:12:46|1|admin@forstarfoods.com|RMReceiptGatePass.php
30 Jun 2022 17:12:56|1|admin@forstarfoods.com|RMReceiptGatePass.php
30 Jun 2022 17:12:57|1|admin@forstarfoods.com|RMReceiptGatePass.php
30 Jun 2022 17:13:00|1|admin@forstarfoods.com|RMReceiptGatePass.php
30 Jun 2022 17:13:03|1|admin@forstarfoods.com|RMReceiptGatePass.php
30 Jun 2022 17:13:04|1|admin@forstarfoods.com|RMReceiptGatePass.php
30 Jun 2022 17:13:05|1|admin@forstarfoods.com|RMReceiptGatePass.php
30 Jun 2022 17:13:29|1|admin@forstarfoods.com|RMReceiptGatePass.php
30 Jun 2022 17:13:40|1|admin@forstarfoods.com|RMReceiptGatePass.php
30 Jun 2022 17:13:42|1|admin@forstarfoods.com|RMReceiptGatePass.php
30 Jun 2022 17:13:44|1|admin@forstarfoods.com|ManageRMLOTID.php
30 Jun 2022 17:13:55|1|admin@forstarfoods.com|ManageRMLOTID.php
30 Jun 2022 17:13:55|1|admin@forstarfoods.com|ManageRMLOTID.php
30 Jun 2022 17:14:01|1|admin@forstarfoods.com|ManageRMLOTID.php
30 Jun 2022 17:14:04|1|admin@forstarfoods.com|ManageRMLOTID.php
30 Jun 2022 17:14:37|1|admin@forstarfoods.com|ManageRMLOTID.php
30 Jun 2022 17:14:41|1|admin@forstarfoods.com|ManageRMLOTID.php
30 Jun 2022 17:14:45|1|admin@forstarfoods.com|ManageRMLOTID.php
30 Jun 2022 17:15:40|1|admin@forstarfoods.com|ManageRMLOTID.php
30 Jun 2022 17:15:42|1|admin@forstarfoods.com|ManageRMLOTID.php
30 Jun 2022 17:15:48|1|admin@forstarfoods.com|ManageRMLOTID.php
30 Jun 2022 17:15:49|1|admin@forstarfoods.com|ManageRMLOTID.php
30 Jun 2022 17:15:51|1|admin@forstarfoods.com|ManageRMLOTID.php
30 Jun 2022 17:16:26|1|admin@forstarfoods.com|ManageRMLOTID.php
30 Jun 2022 17:17:39|1|admin@forstarfoods.com|ManageRMLOTID.php
30 Jun 2022 17:19:13|1|admin@forstarfoods.com|ManageRMLOTID.php
30 Jun 2022 17:19:16|1|admin@forstarfoods.com|ManageRMLOTID.php
30 Jun 2022 17:19:45|1|admin@forstarfoods.com|ManageRMLOTID.php
30 Jun 2022 17:20:04|1|admin@forstarfoods.com|ManageRMLOTID.php
30 Jun 2022 17:20:41|1|admin@forstarfoods.com|ManageRMLOTID.php
30 Jun 2022 17:21:11|1|admin@forstarfoods.com|ManageRMLOTID.php
30 Jun 2022 17:21:24|1|admin@forstarfoods.com|ManageRMLOTID.php
30 Jun 2022 17:21:53|1|admin@forstarfoods.com|ManageRMLOTID.php
30 Jun 2022 17:22:10|1|admin@forstarfoods.com|ManageRMLOTID.php
30 Jun 2022 17:22:25|1|admin@forstarfoods.com|ManageRMLOTID.php
30 Jun 2022 17:23:04|1|admin@forstarfoods.com|ManageRMLOTID.php
30 Jun 2022 17:23:06|1|admin@forstarfoods.com|ManageRMLOTID.php
30 Jun 2022 17:23:12|1|admin@forstarfoods.com|ManageRMLOTID.php
30 Jun 2022 17:23:14|1|admin@forstarfoods.com|ManageRMLOTID.php
30 Jun 2022 17:23:30|1|admin@forstarfoods.com|ManageRMLOTID.php
30 Jun 2022 17:23:36|1|admin@forstarfoods.com|ManageRMLOTID.php
30 Jun 2022 17:23:40|1|admin@forstarfoods.com|ManageRMLOTID.php
30 Jun 2022 17:23:43|1|admin@forstarfoods.com|ManageRMLOTID.php
30 Jun 2022 17:23:48|1|admin@forstarfoods.com|WeighmentDataSheet.php
30 Jun 2022 17:23:51|1|admin@forstarfoods.com|WeighmentDataSheet.php
30 Jun 2022 17:23:51|1|admin@forstarfoods.com|WeighmentDataSheet.php
30 Jun 2022 17:25:24|1|admin@forstarfoods.com|WeighmentDataSheet.php
30 Jun 2022 17:25:52|1|admin@forstarfoods.com|WeighmentDataSheet.php
30 Jun 2022 17:30:25|1|admin@forstarfoods.com|WeighmentDataSheet.php
30 Jun 2022 17:30:55|1|admin@forstarfoods.com|WeighmentDataSheet.php
30 Jun 2022 17:30:55|1|admin@forstarfoods.com|WeighmentDataSheet.php
30 Jun 2022 17:31:24|1|admin@forstarfoods.com|WeighmentDataSheet.php
30 Jun 2022 17:31:31|1|admin@forstarfoods.com|WeighmentDataSheet.php
30 Jun 2022 17:31:31|1|admin@forstarfoods.com|WeighmentDataSheet.php
30 Jun 2022 17:32:06|1|admin@forstarfoods.com|WeighmentDataSheet.php
30 Jun 2022 17:32:27|1|admin@forstarfoods.com|WeighmentDataSheet.php
30 Jun 2022 17:34:52|1|admin@forstarfoods.com|WeighmentDataSheet.php
30 Jun 2022 17:35:14|1|admin@forstarfoods.com|WeighmentDataSheet.php
30 Jun 2022 17:35:14|1|admin@forstarfoods.com|WeighmentDataSheet.php
30 Jun 2022 17:35:33|1|admin@forstarfoods.com|WeighmentDataSheet.php
30 Jun 2022 17:35:34|1|admin@forstarfoods.com|WeighmentDataSheet.php
30 Jun 2022 17:36:12|1|admin@forstarfoods.com|WeighmentDataSheet.php
30 Jun 2022 17:36:29|1|admin@forstarfoods.com|WeighmentDataSheet.php
30 Jun 2022 17:36:31|1|admin@forstarfoods.com|WeighmentDataSheet.php
30 Jun 2022 17:36:35|1|admin@forstarfoods.com|WeighmentDataSheet.php
30 Jun 2022 17:36:36|1|admin@forstarfoods.com|WeighmentDataSheet.php
30 Jun 2022 17:36:54|1|admin@forstarfoods.com|RMProcurmentGatePass.php
30 Jun 2022 17:37:00|1|admin@forstarfoods.com|WeighmentDataSheet.php
30 Jun 2022 17:37:03|1|admin@forstarfoods.com|ViewWeighmentDataSheetDetails.php
30 Jun 2022 17:37:24|1|admin@forstarfoods.com|WeightmentAfterGrading.php
30 Jun 2022 17:37:26|1|admin@forstarfoods.com|WeightmentAfterGrading.php
30 Jun 2022 17:37:30|1|admin@forstarfoods.com|WeightmentAfterGrading.php
30 Jun 2022 17:37:43|1|admin@forstarfoods.com|WeightmentAfterGrading.php
30 Jun 2022 17:37:46|1|admin@forstarfoods.com|WeighmentDataSheet.php
1 Jul 2022 09:19:35|1|admin@forstarfoods.com|Home.php
1 Jul 2022 09:27:26|1|admin@forstarfoods.com|RMReceiptGatePass.php
1 Jul 2022 09:27:39|1|admin@forstarfoods.com|WeighmentDataSheet.php
1 Jul 2022 09:27:42|1|admin@forstarfoods.com|WeighmentDataSheet.php
1 Jul 2022 09:28:03|1|admin@forstarfoods.com|RMReceiptGatePass.php
1 Jul 2022 09:28:08|1|admin@forstarfoods.com|RMReceiptGatePass.php
1 Jul 2022 09:28:13|1|admin@forstarfoods.com|RMReceiptGatePass.php
1 Jul 2022 09:28:21|1|admin@forstarfoods.com|RMProcurmentGatePass.php
1 Jul 2022 09:28:25|1|admin@forstarfoods.com|RMProcurmentGatePass.php
1 Jul 2022 09:28:31|1|admin@forstarfoods.com|RMProcurmentGatePass.php
1 Jul 2022 09:28:41|1|admin@forstarfoods.com|WeighmentDataSheet.php
1 Jul 2022 09:28:44|1|admin@forstarfoods.com|ManageRMLOTID.php
1 Jul 2022 09:28:51|1|admin@forstarfoods.com|ManageRMLOTID.php
1 Jul 2022 09:29:00|1|admin@forstarfoods.com|ManageRMLOTID.php